2019/11/26 14:25:05.66 work_queue_worker[1] debug: /home/cctools_BRUNO_bin/bin/work_queue_worker version 8.0.0 DEVELOPMENT (released 2019-11-06 16:35:57 +0000)
2019/11/26 14:25:05.66 work_queue_worker[1] debug: Built by root@2546322b0463 on 2019-11-06 16:35:57 +0000
2019/11/26 14:25:05.66 work_queue_worker[1] debug: System: Linux 2546322b0463 5.0.0-32-generic #34~18.04.2-Ubuntu SMP Thu Oct 10 10:36:02 UTC 2019 x86_64 x86_64 x86_64 GNU/Linux
2019/11/26 14:25:05.66 work_queue_worker[1] debug: Configuration: --prefix /home/cctools_BRUNO_bin
2019/11/26 14:25:05.66 work_queue_worker[1] wq: WORK_QUEUE_SANDBOX set to /tmp/worker-0-1.
2019/11/26 14:25:05.66 work_queue_worker[1] debug: error reading disk usage on directory: ./cache.
2019/11/26 14:25:05.66 work_queue_worker[1] dns: looking up name master
2019/11/26 14:25:05.66 work_queue_worker[1] dns: master is 10.0.239.2
2019/11/26 14:25:05.66 work_queue_worker[1] tcp: connecting to 10.0.239.2 port 1026
2019/11/26 14:25:05.66 work_queue_worker[1] tcp: made connection to 10.0.239.2 port 1026
2019/11/26 14:25:05.66 work_queue_worker[1] wq: connected to master master:1026 via local address 10.0.239.17:57610
2019/11/26 14:25:05.66 work_queue_worker[1] wq: preparing workspace /tmp/worker-0-1
2019/11/26 14:25:05.66 work_queue_worker[1] dns: looking up name 6c87c5962ee2
2019/11/26 14:25:05.66 work_queue_worker[1] dns: 6c87c5962ee2 is 10.0.239.17
2019/11/26 14:25:05.66 work_queue_worker[1] dns: looking up addr 10.0.239.17
2019/11/26 14:25:05.66 work_queue_worker[1] dns: 10.0.239.17 is 6c87c5962ee2
2019/11/26 14:25:05.66 work_queue_worker[1] dns: finding my hostname: uname = 6c87c5962ee2, address = 10.0.239.17, hostname = 6c87c5962ee2
2019/11/26 14:25:05.66 work_queue_worker[1] wq: tx to master: workqueue 8 6c87c5962ee2 Linux x86_64 8.0.0
2019/11/26 14:25:05.66 work_queue_worker[1] wq: tx to master: info worker-id worker-35ec048c3a4bf1984abb59e333b8701d
2019/11/26 14:25:05.66 work_queue_worker[1] wq: tx to master: alive
2019/11/26 14:25:05.66 work_queue_worker[1] wq: Sending resource description to master:
2019/11/26 14:25:05.66 work_queue_worker[1] wq:  workers      0 inuse      1 total      1 smallest      1 largest
2019/11/26 14:25:05.66 work_queue_worker[1] wq:     disk      0 inuse   2319 total   2319 smallest   2319 largest
2019/11/26 14:25:05.66 work_queue_worker[1] wq:   memory      0 inuse  11908 total  11908 smallest  11908 largest
2019/11/26 14:25:05.66 work_queue_worker[1] wq:     gpus      0 inuse      0 total      0 smallest      0 largest
2019/11/26 14:25:05.66 work_queue_worker[1] wq:    cores      0 inuse      1 total      1 smallest      1 largest
2019/11/26 14:25:05.66 work_queue_worker[1] wq: tx to master: info end_of_resource_update 0
2019/11/26 14:25:05.66 work_queue_worker[1] wq: tx to master: info tasks_running 0
2019/11/26 14:25:05.66 work_queue_worker[1] wq: working for master at 10.0.239.2:1026.
2019/11/26 14:26:53.40 work_queue_worker[1] wq: Failed to read from master.
2019/11/26 14:26:53.40 work_queue_worker[1] wq: *********** BRUNO ******** NOT cleaning workspace /tmp/worker-0-1
2019/11/26 14:26:53.40 work_queue_worker[1] wq: disconnecting from master 10.0.239.2:1026
2019/11/26 14:26:53.40 work_queue_worker[1] tcp: disconnected from 10.0.239.2 port 1026
2019/11/26 14:26:53.40 work_queue_worker[1] wq: killing all outstanding tasks
2019/11/26 14:26:53.40 work_queue_worker[1] wq: all data structures are clean
2019/11/26 14:26:59.40 work_queue_worker[1] tcp: connecting to 10.0.239.2 port 1026
2019/11/26 14:26:59.40 work_queue_worker[1] tcp: made connection to 10.0.239.2 port 1026
2019/11/26 14:26:59.40 work_queue_worker[1] wq: connected to master master:1026 via local address 10.0.239.17:57648
2019/11/26 14:26:59.40 work_queue_worker[1] wq: preparing workspace /tmp/worker-0-1
2019/11/26 14:26:59.40 work_queue_worker[1] dns: finding my hostname: uname = 6c87c5962ee2, address = 10.0.239.17, hostname = 6c87c5962ee2
2019/11/26 14:26:59.40 work_queue_worker[1] wq: tx to master: workqueue 8 6c87c5962ee2 Linux x86_64 8.0.0
2019/11/26 14:26:59.40 work_queue_worker[1] wq: tx to master: info worker-id worker-35ec048c3a4bf1984abb59e333b8701d
2019/11/26 14:26:59.40 work_queue_worker[1] wq: tx to master: info cached_files file-0-f4e5d6ff9260756e956ec7c8817d32bf-query.fastq.8
2019/11/26 14:26:59.40 work_queue_worker[1] wq: tx to master: alive
2019/11/26 14:26:59.40 work_queue_worker[1] wq: Sending resource description to master:
2019/11/26 14:26:59.40 work_queue_worker[1] wq:  workers      0 inuse      1 total      1 smallest      1 largest
2019/11/26 14:26:59.40 work_queue_worker[1] wq:     disk      0 inuse   2157 total   2157 smallest   2157 largest
2019/11/26 14:26:59.40 work_queue_worker[1] wq:   memory      0 inuse  11908 total  11908 smallest  11908 largest
2019/11/26 14:26:59.40 work_queue_worker[1] wq:     gpus      0 inuse      0 total      0 smallest      0 largest
2019/11/26 14:26:59.40 work_queue_worker[1] wq:    cores      0 inuse      1 total      1 smallest      1 largest
2019/11/26 14:26:59.40 work_queue_worker[1] wq: tx to master: info end_of_resource_update 0
2019/11/26 14:26:59.40 work_queue_worker[1] wq: tx to master: info tasks_running 0
2019/11/26 14:26:59.40 work_queue_worker[1] wq: working for master at 10.0.239.2:1026.
2019/11/26 14:28:22.83 work_queue_worker[1] wq: rx from master: put file-0-6f85758c582abc1bb82cf0a8491389b5-query.fastq.0 2041788 0644 1
2019/11/26 14:28:22.83 work_queue_worker[1] wq: Putting file file-0-6f85758c582abc1bb82cf0a8491389b5-query.fastq.0 into workspace
2019/11/26 14:28:22.83 work_queue_worker[1] wq: Dir /cache already exists in cache
2019/11/26 14:28:22.84 work_queue_worker[1] wq: ****BRUNO***** cp BARRA: -> cp ./cache/file-0-6f85758c582abc1bb82cf0a8491389b5-query.fastq.0 /cache.
2019/11/26 14:28:22.84 work_queue_worker[1] wq: rx from master: put file-0-971da570f958f7598fb58342dc472274-ref.fasta.sa 50000056 0644 1
2019/11/26 14:28:22.84 work_queue_worker[1] wq: Putting file file-0-971da570f958f7598fb58342dc472274-ref.fasta.sa into workspace
2019/11/26 14:28:22.84 work_queue_worker[1] wq: Dir /cache already exists in cache
2019/11/26 14:28:22.91 work_queue_worker[1] wq: ****BRUNO***** cp BARRA: -> cp ./cache/file-0-971da570f958f7598fb58342dc472274-ref.fasta.sa /cache.
2019/11/26 14:28:22.97 work_queue_worker[1] wq: rx from master: put file-0-35f59a9883b4870b84f03717aff16002-ref.fasta.ann 5866697 0644 1
2019/11/26 14:28:22.97 work_queue_worker[1] wq: Putting file file-0-35f59a9883b4870b84f03717aff16002-ref.fasta.ann into workspace
2019/11/26 14:28:22.97 work_queue_worker[1] wq: Dir /cache already exists in cache
2019/11/26 14:28:22.99 work_queue_worker[1] wq: ****BRUNO***** cp BARRA: -> cp ./cache/file-0-35f59a9883b4870b84f03717aff16002-ref.fasta.ann /cache.
2019/11/26 14:28:23.00 work_queue_worker[1] wq: rx from master: put file-0-1aba5e7adecebe065db19a405fb8bdf0-ref.fasta.amb 19 0644 1
2019/11/26 14:28:23.00 work_queue_worker[1] wq: Putting file file-0-1aba5e7adecebe065db19a405fb8bdf0-ref.fasta.amb into workspace
2019/11/26 14:28:23.00 work_queue_worker[1] wq: Dir /cache already exists in cache
2019/11/26 14:28:23.00 work_queue_worker[1] wq: ****BRUNO***** cp BARRA: -> cp ./cache/file-0-1aba5e7adecebe065db19a405fb8bdf0-ref.fasta.amb /cache.
2019/11/26 14:28:23.00 work_queue_worker[1] wq: rx from master: put file-0-d4ff2b390cdd34b642d74a1cd1b59b97-ref.fasta.pac 25000002 0644 1
2019/11/26 14:28:23.00 work_queue_worker[1] wq: Putting file file-0-d4ff2b390cdd34b642d74a1cd1b59b97-ref.fasta.pac into workspace
2019/11/26 14:28:23.00 work_queue_worker[1] wq: Dir /cache already exists in cache
2019/11/26 14:28:23.04 work_queue_worker[1] wq: ****BRUNO***** cp BARRA: -> cp ./cache/file-0-d4ff2b390cdd34b642d74a1cd1b59b97-ref.fasta.pac /cache.
2019/11/26 14:28:23.07 work_queue_worker[1] wq: rx from master: put file-0-0cadea4f68da3f941c5b5f0c963a59f8-ref.fasta.bwt 100000072 0644 1
2019/11/26 14:28:23.07 work_queue_worker[1] wq: Putting file file-0-0cadea4f68da3f941c5b5f0c963a59f8-ref.fasta.bwt into workspace
2019/11/26 14:28:23.07 work_queue_worker[1] wq: Dir /cache already exists in cache
2019/11/26 14:28:23.20 work_queue_worker[1] wq: ****BRUNO***** cp BARRA: -> cp ./cache/file-0-0cadea4f68da3f941c5b5f0c963a59f8-ref.fasta.bwt /cache.
2019/11/26 14:28:25.85 work_queue_worker[1] wq: rx from master: put file-0-b08c3e9746692f64bcb9a448620c7967-ref.fasta 105477790 0644 1
2019/11/26 14:28:25.85 work_queue_worker[1] wq: Putting file file-0-b08c3e9746692f64bcb9a448620c7967-ref.fasta into workspace
2019/11/26 14:28:25.85 work_queue_worker[1] wq: Dir /cache already exists in cache
2019/11/26 14:28:26.02 work_queue_worker[1] wq: ****BRUNO***** cp BARRA: -> cp ./cache/file-0-b08c3e9746692f64bcb9a448620c7967-ref.fasta /cache.
2019/11/26 14:28:28.45 work_queue_worker[1] wq: rx from master: put file-0-a6be17d8a097bb9efd120be10bbc654c-bwa 1444312 0755 1
2019/11/26 14:28:28.45 work_queue_worker[1] wq: Putting file file-0-a6be17d8a097bb9efd120be10bbc654c-bwa into workspace
2019/11/26 14:28:28.45 work_queue_worker[1] wq: Dir /cache already exists in cache
2019/11/26 14:28:28.62 work_queue_worker[1] wq: ****BRUNO***** cp BARRA: -> cp ./cache/file-0-a6be17d8a097bb9efd120be10bbc654c-bwa /cache.
2019/11/26 14:28:28.62 work_queue_worker[1] wq: rx from master: task 10
2019/11/26 14:28:28.62 work_queue_worker[1] wq: rx from master: cmd 58
2019/11/26 14:28:28.62 work_queue_worker[1] wq: rx from master: ./bwa mem ref.fasta query.fastq.0 > Out.0.sam 2> mem.0.err
2019/11/26 14:28:28.62 work_queue_worker[1] wq: rx from master: category default
2019/11/26 14:28:28.62 work_queue_worker[1] wq: rx from master: cores 1
2019/11/26 14:28:28.62 work_queue_worker[1] wq: rx from master: memory 11908
2019/11/26 14:28:28.62 work_queue_worker[1] wq: rx from master: disk 2157
2019/11/26 14:28:28.62 work_queue_worker[1] wq: rx from master: gpus 0
2019/11/26 14:28:28.62 work_queue_worker[1] wq: rx from master: end_time 18446744073709551615
2019/11/26 14:28:28.62 work_queue_worker[1] wq: rx from master: wall_time 18446744073709551615
2019/11/26 14:28:28.62 work_queue_worker[1] wq: rx from master: env 7
2019/11/26 14:28:28.62 work_queue_worker[1] wq: rx from master: env 17
2019/11/26 14:28:28.62 work_queue_worker[1] wq: rx from master: infile file-0-6f85758c582abc1bb82cf0a8491389b5-query.fastq.0 query.fastq.0 1
2019/11/26 14:28:28.62 work_queue_worker[1] wq: rx from master: infile file-0-971da570f958f7598fb58342dc472274-ref.fasta.sa ref.fasta.sa 1
2019/11/26 14:28:28.62 work_queue_worker[1] wq: rx from master: infile file-0-35f59a9883b4870b84f03717aff16002-ref.fasta.ann ref.fasta.ann 1
2019/11/26 14:28:28.62 work_queue_worker[1] wq: rx from master: infile file-0-1aba5e7adecebe065db19a405fb8bdf0-ref.fasta.amb ref.fasta.amb 1
2019/11/26 14:28:28.62 work_queue_worker[1] wq: rx from master: infile file-0-d4ff2b390cdd34b642d74a1cd1b59b97-ref.fasta.pac ref.fasta.pac 1
2019/11/26 14:28:28.62 work_queue_worker[1] wq: rx from master: infile file-0-0cadea4f68da3f941c5b5f0c963a59f8-ref.fasta.bwt ref.fasta.bwt 1
2019/11/26 14:28:28.62 work_queue_worker[1] wq: rx from master: infile file-0-b08c3e9746692f64bcb9a448620c7967-ref.fasta ref.fasta 1
2019/11/26 14:28:28.62 work_queue_worker[1] wq: rx from master: infile file-0-a6be17d8a097bb9efd120be10bbc654c-bwa bwa 1
2019/11/26 14:28:28.62 work_queue_worker[1] wq: rx from master: outfile file-0-e70b7c73a73976ffd96725b717223e81-mem.0.err mem.0.err 1
2019/11/26 14:28:28.62 work_queue_worker[1] wq: rx from master: outfile file-0-3e303d5526f89f4d0f51f28749dced35-Out.0.sam Out.0.sam 1
2019/11/26 14:28:28.62 work_queue_worker[1] wq: rx from master: end
2019/11/26 14:28:28.62 work_queue_worker[1] wq: tx to master: info cached_files file-0-ec2b61782898a8d0b03d68fc63e81229-query.fastq.5
2019/11/26 14:28:28.62 work_queue_worker[1] wq: tx to master: info cached_files file-0-6a3566a41d4cc2c0ac4ec7bfaab41382-query.fastq.6
2019/11/26 14:28:28.62 work_queue_worker[1] wq: tx to master: info cached_files file-0-d4ff2b390cdd34b642d74a1cd1b59b97-ref.fasta.pac
2019/11/26 14:28:28.62 work_queue_worker[1] wq: tx to master: info cached_files file-0-1aba5e7adecebe065db19a405fb8bdf0-ref.fasta.amb
2019/11/26 14:28:28.62 work_queue_worker[1] wq: tx to master: info cached_files file-0-b08c3e9746692f64bcb9a448620c7967-ref.fasta
2019/11/26 14:28:28.62 work_queue_worker[1] wq: tx to master: info cached_files file-0-ca460a46b92c00497c427b9d5c9ec7aa-query.fastq.2
2019/11/26 14:28:28.62 work_queue_worker[1] wq: tx to master: info cached_files file-0-6fc1453ebcb4c31e04f426871fd36430-query.fastq.7
2019/11/26 14:28:28.62 work_queue_worker[1] wq: tx to master: info cached_files file-0-0cadea4f68da3f941c5b5f0c963a59f8-ref.fasta.bwt
2019/11/26 14:28:28.62 work_queue_worker[1] wq: tx to master: info cached_files file-0-a6be17d8a097bb9efd120be10bbc654c-bwa
2019/11/26 14:28:28.62 work_queue_worker[1] wq: tx to master: info cached_files file-0-971da570f958f7598fb58342dc472274-ref.fasta.sa
2019/11/26 14:28:28.62 work_queue_worker[1] wq: tx to master: info cached_files file-0-cdcb812e1d4b3d86022e7dd488b06452-query.fastq.3
2019/11/26 14:28:28.62 work_queue_worker[1] wq: tx to master: info cached_files file-0-6f85758c582abc1bb82cf0a8491389b5-query.fastq.0
2019/11/26 14:28:28.62 work_queue_worker[1] wq: tx to master: info cached_files file-0-36be22101ef1efa255f72734945e7792-query.fastq.1
2019/11/26 14:28:28.62 work_queue_worker[1] wq: tx to master: info cached_files file-0-35f59a9883b4870b84f03717aff16002-ref.fasta.ann
2019/11/26 14:28:28.68 work_queue_worker[1] wq: linking cache/file-0-6f85758c582abc1bb82cf0a8491389b5-query.fastq.0 to /tmp/worker-0-1/t.10/query.fastq.0
2019/11/26 14:28:28.68 work_queue_worker[1] wq: linking cache/file-0-971da570f958f7598fb58342dc472274-ref.fasta.sa to /tmp/worker-0-1/t.10/ref.fasta.sa
2019/11/26 14:28:28.68 work_queue_worker[1] wq: linking cache/file-0-35f59a9883b4870b84f03717aff16002-ref.fasta.ann to /tmp/worker-0-1/t.10/ref.fasta.ann
2019/11/26 14:28:28.68 work_queue_worker[1] wq: linking cache/file-0-1aba5e7adecebe065db19a405fb8bdf0-ref.fasta.amb to /tmp/worker-0-1/t.10/ref.fasta.amb
2019/11/26 14:28:28.68 work_queue_worker[1] wq: linking cache/file-0-d4ff2b390cdd34b642d74a1cd1b59b97-ref.fasta.pac to /tmp/worker-0-1/t.10/ref.fasta.pac
2019/11/26 14:28:28.68 work_queue_worker[1] wq: linking cache/file-0-0cadea4f68da3f941c5b5f0c963a59f8-ref.fasta.bwt to /tmp/worker-0-1/t.10/ref.fasta.bwt
2019/11/26 14:28:28.68 work_queue_worker[1] wq: linking cache/file-0-b08c3e9746692f64bcb9a448620c7967-ref.fasta to /tmp/worker-0-1/t.10/ref.fasta
2019/11/26 14:28:28.68 work_queue_worker[1] wq: linking cache/file-0-a6be17d8a097bb9efd120be10bbc654c-bwa to /tmp/worker-0-1/t.10/bwa
2019/11/26 14:28:28.68 work_queue_worker[1] wq: Waiting task 10 has been forsaken.
2019/11/26 14:28:28.68 work_queue_worker[1] wq: tx to master: alive
2019/11/26 14:28:28.68 work_queue_worker[1] wq: Sending resource description to master:
2019/11/26 14:28:28.68 work_queue_worker[1] wq:  workers      0 inuse      1 total      1 smallest      1 largest
2019/11/26 14:28:28.68 work_queue_worker[1] wq:     disk    175 inuse   1750 total   1750 smallest   1750 largest
2019/11/26 14:28:28.68 work_queue_worker[1] wq:   memory      0 inuse  11908 total  11908 smallest  11908 largest
2019/11/26 14:28:28.68 work_queue_worker[1] wq:     gpus      0 inuse      0 total      0 smallest      0 largest
2019/11/26 14:28:28.68 work_queue_worker[1] wq:    cores      0 inuse      1 total      1 smallest      1 largest
2019/11/26 14:28:28.68 work_queue_worker[1] wq: tx to master: info end_of_resource_update 0
2019/11/26 14:28:28.68 work_queue_worker[1] wq: tx to master: info tasks_running 0
2019/11/26 14:28:28.68 work_queue_worker[1] wq: tx to master: info tasks_running 0
2019/11/26 14:28:28.68 work_queue_worker[1] wq: tx to master: available_results
2019/11/26 14:28:29.71 work_queue_worker[1] wq: rx from master: send_results -1
2019/11/26 14:28:29.71 work_queue_worker[1] wq: tx to master: result 40 0 0 0 10
2019/11/26 14:28:29.71 work_queue_worker[1] wq: tx to master: info tasks_running 0
2019/11/26 14:28:29.71 work_queue_worker[1] wq: tx to master: end
2019/11/26 14:28:41.52 work_queue_worker[1] wq: rx from master: put file-0-048045060f61089a83cce204e6b8f151-corr.out 0 0644 1
2019/11/26 14:28:41.52 work_queue_worker[1] wq: Putting file file-0-048045060f61089a83cce204e6b8f151-corr.out into workspace
2019/11/26 14:28:41.52 work_queue_worker[1] wq: Dir /cache already exists in cache
2019/11/26 14:28:41.52 work_queue_worker[1] wq: ****BRUNO***** cp BARRA: -> cp ./cache/file-0-048045060f61089a83cce204e6b8f151-corr.out /cache.
2019/11/26 14:28:41.52 work_queue_worker[1] wq: rx from master: put file-0-7c5feeaf69ccc86ea59ef0ec05f2de87-ref.fasta.90 1055000 0644 1
2019/11/26 14:28:41.52 work_queue_worker[1] wq: Putting file file-0-7c5feeaf69ccc86ea59ef0ec05f2de87-ref.fasta.90 into workspace
2019/11/26 14:28:41.52 work_queue_worker[1] wq: Dir /cache already exists in cache
2019/11/26 14:28:41.52 work_queue_worker[1] wq: ****BRUNO***** cp BARRA: -> cp ./cache/file-0-7c5feeaf69ccc86ea59ef0ec05f2de87-ref.fasta.90 /cache.
2019/11/26 14:28:41.52 work_queue_worker[1] wq: rx from master: put file-0-ddd728dc31a49bcd4cacae5676b4e7f7-Create_Corrected_AllLRReads.py 1402 0755 1
2019/11/26 14:28:41.52 work_queue_worker[1] wq: Putting file file-0-ddd728dc31a49bcd4cacae5676b4e7f7-Create_Corrected_AllLRReads.py into workspace
2019/11/26 14:28:41.52 work_queue_worker[1] wq: Dir /cache already exists in cache
2019/11/26 14:28:41.52 work_queue_worker[1] wq: ****BRUNO***** cp BARRA: -> cp ./cache/file-0-ddd728dc31a49bcd4cacae5676b4e7f7-Create_Corrected_AllLRReads.py /cache.
2019/11/26 14:28:41.53 work_queue_worker[1] wq: rx from master: task 23
2019/11/26 14:28:41.53 work_queue_worker[1] wq: rx from master: cmd 76
2019/11/26 14:28:41.53 work_queue_worker[1] wq: rx from master: python Create_Corrected_AllLRReads.py ref.fasta.90 corr.out 2> create.err.90
2019/11/26 14:28:41.53 work_queue_worker[1] wq: rx from master: category default
2019/11/26 14:28:41.53 work_queue_worker[1] wq: rx from master: cores 1
2019/11/26 14:28:41.53 work_queue_worker[1] wq: rx from master: memory 11908
2019/11/26 14:28:41.53 work_queue_worker[1] wq: rx from master: disk 1750
2019/11/26 14:28:41.53 work_queue_worker[1] wq: rx from master: gpus 0
2019/11/26 14:28:41.53 work_queue_worker[1] wq: rx from master: end_time 18446744073709551615
2019/11/26 14:28:41.53 work_queue_worker[1] wq: rx from master: wall_time 18446744073709551615
2019/11/26 14:28:41.53 work_queue_worker[1] wq: rx from master: env 7
2019/11/26 14:28:41.53 work_queue_worker[1] wq: rx from master: env 17
2019/11/26 14:28:41.53 work_queue_worker[1] wq: rx from master: infile file-0-048045060f61089a83cce204e6b8f151-corr.out corr.out 1
2019/11/26 14:28:41.53 work_queue_worker[1] wq: rx from master: infile file-0-7c5feeaf69ccc86ea59ef0ec05f2de87-ref.fasta.90 ref.fasta.90 1
2019/11/26 14:28:41.53 work_queue_worker[1] wq: rx from master: infile file-0-ddd728dc31a49bcd4cacae5676b4e7f7-Create_Corrected_AllLRReads.py Create_Corrected_AllLRReads.py 1
2019/11/26 14:28:41.53 work_queue_worker[1] wq: rx from master: outfile file-0-6357d0a0111c6eb91c2d8019db3ab379-create.err.90 create.err.90 1
2019/11/26 14:28:41.53 work_queue_worker[1] wq: rx from master: outfile file-0-fdf05fd329a08e4189946dcd85f9bb63-Corrected_ref.fasta.90 Corrected_ref.fasta.90 1
2019/11/26 14:28:41.53 work_queue_worker[1] wq: rx from master: end
2019/11/26 14:28:41.53 work_queue_worker[1] wq: tx to master: info cached_files file-0-ec2a8ddc7358fb1db3022befed687cc2-samtools
2019/11/26 14:28:41.53 work_queue_worker[1] wq: tx to master: info cached_files file-0-e2087ea59ad023a9a6b94da242aa400a-ref.fasta.99
2019/11/26 14:28:41.53 work_queue_worker[1] wq: tx to master: info cached_files file-0-11ac100e7c885c7ba05e6e81cabe3d13-ref.fasta.98
2019/11/26 14:28:41.53 work_queue_worker[1] wq: tx to master: info cached_files file-0-2dd01aa1d6ecd63ec055ab381d19f030-ref.fasta.94
2019/11/26 14:28:41.53 work_queue_worker[1] wq: tx to master: info cached_files file-0-ddd728dc31a49bcd4cacae5676b4e7f7-Create_Corrected_AllLRReads.py
2019/11/26 14:28:41.53 work_queue_worker[1] wq: tx to master: info cached_files file-0-7e84d12fe76710de61a1e1012d161708-ref.fasta.95
2019/11/26 14:28:41.53 work_queue_worker[1] wq: tx to master: info cached_files file-0-048045060f61089a83cce204e6b8f151-corr.out
2019/11/26 14:28:41.53 work_queue_worker[1] wq: tx to master: info cached_files file-0-7c5feeaf69ccc86ea59ef0ec05f2de87-ref.fasta.90
2019/11/26 14:28:41.53 work_queue_worker[1] wq: tx to master: info cached_files file-0-0f24a7a06e09ee83d231974ea7e8cb42-Out.sam
2019/11/26 14:28:41.53 work_queue_worker[1] wq: tx to master: info cached_files file-0-6ff7f7e5220a8cc8bb8326b3ed99cd8d-ref.fasta.97
2019/11/26 14:28:41.53 work_queue_worker[1] wq: tx to master: info cached_files file-0-2a278d767b3c1eecdf4ecc1907d928f1-ref.fasta.96
2019/11/26 14:28:41.53 work_queue_worker[1] wq: linking cache/file-0-048045060f61089a83cce204e6b8f151-corr.out to /tmp/worker-0-1/t.23/corr.out
2019/11/26 14:28:41.53 work_queue_worker[1] wq: linking cache/file-0-7c5feeaf69ccc86ea59ef0ec05f2de87-ref.fasta.90 to /tmp/worker-0-1/t.23/ref.fasta.90
2019/11/26 14:28:41.53 work_queue_worker[1] wq: linking cache/file-0-ddd728dc31a49bcd4cacae5676b4e7f7-Create_Corrected_AllLRReads.py to /tmp/worker-0-1/t.23/Create_Corrected_AllLRReads.py
2019/11/26 14:28:41.53 work_queue_worker[1] wq: Waiting task 23 has been forsaken.
2019/11/26 14:28:41.53 work_queue_worker[1] wq: tx to master: alive
2019/11/26 14:28:41.53 work_queue_worker[1] wq: Sending resource description to master:
2019/11/26 14:28:41.53 work_queue_worker[1] wq:  workers      0 inuse      1 total      1 smallest      1 largest
2019/11/26 14:28:41.53 work_queue_worker[1] wq:     disk      0 inuse   1587 total   1587 smallest   1587 largest
2019/11/26 14:28:41.53 work_queue_worker[1] wq:   memory      0 inuse  11908 total  11908 smallest  11908 largest
2019/11/26 14:28:41.53 work_queue_worker[1] wq:     gpus      0 inuse      0 total      0 smallest      0 largest
2019/11/26 14:28:41.53 work_queue_worker[1] wq:    cores      0 inuse      1 total      1 smallest      1 largest
2019/11/26 14:28:41.53 work_queue_worker[1] wq: tx to master: info end_of_resource_update 0
2019/11/26 14:28:41.53 work_queue_worker[1] wq: tx to master: info tasks_running 0
2019/11/26 14:28:41.53 work_queue_worker[1] wq: tx to master: info tasks_running 0
2019/11/26 14:28:41.53 work_queue_worker[1] wq: tx to master: available_results
2019/11/26 14:28:41.60 work_queue_worker[1] wq: rx from master: send_results -1
2019/11/26 14:28:41.60 work_queue_worker[1] wq: tx to master: result 40 0 0 0 23
2019/11/26 14:28:41.60 work_queue_worker[1] wq: tx to master: info tasks_running 0
2019/11/26 14:28:41.60 work_queue_worker[1] wq: tx to master: end
2019/11/26 14:28:41.60 work_queue_worker[1] wq: rx from master: put file-0-d804d5ca9c60ae1de1c5a8ef6852f76c-ref.fasta.82 1055000 0644 1
2019/11/26 14:28:41.60 work_queue_worker[1] wq: Putting file file-0-d804d5ca9c60ae1de1c5a8ef6852f76c-ref.fasta.82 into workspace
2019/11/26 14:28:41.60 work_queue_worker[1] wq: Dir /cache already exists in cache
2019/11/26 14:28:41.60 work_queue_worker[1] wq: ****BRUNO***** cp BARRA: -> cp ./cache/file-0-d804d5ca9c60ae1de1c5a8ef6852f76c-ref.fasta.82 /cache.
2019/11/26 14:28:41.60 work_queue_worker[1] wq: rx from master: task 31
2019/11/26 14:28:41.60 work_queue_worker[1] wq: rx from master: cmd 76
2019/11/26 14:28:41.60 work_queue_worker[1] wq: rx from master: python Create_Corrected_AllLRReads.py ref.fasta.82 corr.out 2> create.err.82
2019/11/26 14:28:41.60 work_queue_worker[1] wq: rx from master: category default
2019/11/26 14:28:41.60 work_queue_worker[1] wq: rx from master: cores 1
2019/11/26 14:28:41.60 work_queue_worker[1] wq: rx from master: memory 11908
2019/11/26 14:28:41.60 work_queue_worker[1] wq: rx from master: disk 1587
2019/11/26 14:28:41.60 work_queue_worker[1] wq: rx from master: gpus 0
2019/11/26 14:28:41.60 work_queue_worker[1] wq: rx from master: end_time 18446744073709551615
2019/11/26 14:28:41.60 work_queue_worker[1] wq: rx from master: wall_time 18446744073709551615
2019/11/26 14:28:41.60 work_queue_worker[1] wq: rx from master: env 7
2019/11/26 14:28:41.60 work_queue_worker[1] wq: rx from master: env 17
2019/11/26 14:28:41.60 work_queue_worker[1] wq: rx from master: infile file-0-048045060f61089a83cce204e6b8f151-corr.out corr.out 1
2019/11/26 14:28:41.60 work_queue_worker[1] wq: rx from master: infile file-0-d804d5ca9c60ae1de1c5a8ef6852f76c-ref.fasta.82 ref.fasta.82 1
2019/11/26 14:28:41.60 work_queue_worker[1] wq: rx from master: infile file-0-ddd728dc31a49bcd4cacae5676b4e7f7-Create_Corrected_AllLRReads.py Create_Corrected_AllLRReads.py 1
2019/11/26 14:28:41.60 work_queue_worker[1] wq: rx from master: outfile file-0-0213dbcc605c692d9f07a80b88bb40ee-create.err.82 create.err.82 1
2019/11/26 14:28:41.60 work_queue_worker[1] wq: rx from master: outfile file-0-ac7ba46355aaa857adc3b27932bb6c74-Corrected_ref.fasta.82 Corrected_ref.fasta.82 1
2019/11/26 14:28:41.60 work_queue_worker[1] wq: rx from master: end
2019/11/26 14:28:41.61 work_queue_worker[1] wq: tx to master: info cached_files file-0-bf3115c82377a77ae1e2edeca44e5a86-ref.fasta.83
2019/11/26 14:28:41.61 work_queue_worker[1] wq: tx to master: info cached_files file-0-47088b0540b60ccb8751dc65660d6bab-ref.fasta.85
2019/11/26 14:28:41.61 work_queue_worker[1] wq: tx to master: info cached_files file-0-0200ff9e3f5dbb460563f55171b67d14-ref.fasta.87
2019/11/26 14:28:41.61 work_queue_worker[1] wq: tx to master: info cached_files file-0-d804d5ca9c60ae1de1c5a8ef6852f76c-ref.fasta.82
2019/11/26 14:28:41.61 work_queue_worker[1] wq: tx to master: info cached_files file-0-66a7c2298b067a1446520d30478331eb-ref.fasta.88
2019/11/26 14:28:41.61 work_queue_worker[1] wq: tx to master: info cached_files file-0-043cd4a4ebc802faba77138ff12bc49b-ref.fasta.86
2019/11/26 14:28:41.61 work_queue_worker[1] wq: tx to master: info cached_files file-0-9d36663bc9ba2664f9d818064c36dc63-ref.fasta.84
2019/11/26 14:28:41.61 work_queue_worker[1] wq: linking cache/file-0-048045060f61089a83cce204e6b8f151-corr.out to /tmp/worker-0-1/t.31/corr.out
2019/11/26 14:28:41.61 work_queue_worker[1] wq: linking cache/file-0-d804d5ca9c60ae1de1c5a8ef6852f76c-ref.fasta.82 to /tmp/worker-0-1/t.31/ref.fasta.82
2019/11/26 14:28:41.61 work_queue_worker[1] wq: linking cache/file-0-ddd728dc31a49bcd4cacae5676b4e7f7-Create_Corrected_AllLRReads.py to /tmp/worker-0-1/t.31/Create_Corrected_AllLRReads.py
2019/11/26 14:28:41.61 work_queue_worker[1] wq: started process 39: python Create_Corrected_AllLRReads.py ref.fasta.82 corr.out 2> create.err.82
2019/11/26 14:28:41.61 work_queue_worker[1] wq: tx to master: info tasks_running 1
2019/11/26 14:28:41.71 work_queue_worker[1] wq: task 31 (pid 39) exited normally with exit code 0
2019/11/26 14:28:41.71 work_queue_worker[1] wq: moving output file from /tmp/worker-0-1/t.31/create.err.82 to cache/file-0-0213dbcc605c692d9f07a80b88bb40ee-create.err.82
2019/11/26 14:28:41.71 work_queue_worker[1] wq: moving output file from /tmp/worker-0-1/t.31/Corrected_ref.fasta.82 to cache/file-0-ac7ba46355aaa857adc3b27932bb6c74-Corrected_ref.fasta.82
2019/11/26 14:28:41.71 work_queue_worker[1] wq: tx to master: available_results
2019/11/26 14:28:41.71 work_queue_worker[1] wq: rx from master: send_results -1
2019/11/26 14:28:41.71 work_queue_worker[1] wq: tx to master: result 0 0 0 91430 31
2019/11/26 14:28:41.71 work_queue_worker[1] wq: tx to master: info tasks_running 0
2019/11/26 14:28:41.71 work_queue_worker[1] wq: tx to master: end
2019/11/26 14:28:41.71 work_queue_worker[1] wq: rx from master: get file-0-0213dbcc605c692d9f07a80b88bb40ee-create.err.82 1
2019/11/26 14:28:41.71 work_queue_worker[1] wq: tx to master: file file-0-0213dbcc605c692d9f07a80b88bb40ee-create.err.82 0
2019/11/26 14:28:41.71 work_queue_worker[1] wq: tx to master: end
2019/11/26 14:28:41.71 work_queue_worker[1] wq: rx from master: get file-0-ac7ba46355aaa857adc3b27932bb6c74-Corrected_ref.fasta.82 1
2019/11/26 14:28:41.71 work_queue_worker[1] wq: tx to master: file file-0-ac7ba46355aaa857adc3b27932bb6c74-Corrected_ref.fasta.82 1055000
2019/11/26 14:28:41.71 work_queue_worker[1] wq: tx to master: end
2019/11/26 14:28:41.71 work_queue_worker[1] wq: rx from master: kill 31
2019/11/26 14:28:41.71 work_queue_worker[1] wq: ---- DELETING: /tmp/worker-0-1/t.31
2019/11/26 14:28:41.72 work_queue_worker[1] wq: rx from master: put file-0-a2792d718b5c0288a5eb7fae4c2221f6-ref.fasta.74 1055000 0644 1
2019/11/26 14:28:41.72 work_queue_worker[1] wq: Putting file file-0-a2792d718b5c0288a5eb7fae4c2221f6-ref.fasta.74 into workspace
2019/11/26 14:28:41.72 work_queue_worker[1] wq: Dir /cache already exists in cache
2019/11/26 14:28:41.73 work_queue_worker[1] wq: ****BRUNO***** cp BARRA: -> cp ./cache/file-0-a2792d718b5c0288a5eb7fae4c2221f6-ref.fasta.74 /cache.
2019/11/26 14:28:41.73 work_queue_worker[1] wq: rx from master: task 39
2019/11/26 14:28:41.73 work_queue_worker[1] wq: rx from master: cmd 76
2019/11/26 14:28:41.73 work_queue_worker[1] wq: rx from master: python Create_Corrected_AllLRReads.py ref.fasta.74 corr.out 2> create.err.74
2019/11/26 14:28:41.73 work_queue_worker[1] wq: rx from master: category default
2019/11/26 14:28:41.73 work_queue_worker[1] wq: rx from master: cores 1
2019/11/26 14:28:41.73 work_queue_worker[1] wq: rx from master: memory 11908
2019/11/26 14:28:41.73 work_queue_worker[1] wq: rx from master: disk 1587
2019/11/26 14:28:41.73 work_queue_worker[1] wq: rx from master: gpus 0
2019/11/26 14:28:41.73 work_queue_worker[1] wq: rx from master: end_time 18446744073709551615
2019/11/26 14:28:41.73 work_queue_worker[1] wq: rx from master: wall_time 18446744073709551615
2019/11/26 14:28:41.73 work_queue_worker[1] wq: rx from master: env 7
2019/11/26 14:28:41.73 work_queue_worker[1] wq: rx from master: env 17
2019/11/26 14:28:41.73 work_queue_worker[1] wq: rx from master: infile file-0-048045060f61089a83cce204e6b8f151-corr.out corr.out 1
2019/11/26 14:28:41.73 work_queue_worker[1] wq: rx from master: infile file-0-a2792d718b5c0288a5eb7fae4c2221f6-ref.fasta.74 ref.fasta.74 1
2019/11/26 14:28:41.73 work_queue_worker[1] wq: rx from master: infile file-0-ddd728dc31a49bcd4cacae5676b4e7f7-Create_Corrected_AllLRReads.py Create_Corrected_AllLRReads.py 1
2019/11/26 14:28:41.73 work_queue_worker[1] wq: rx from master: outfile file-0-7a8a7c9491d1c674d7b09c560d37a9ce-create.err.74 create.err.74 1
2019/11/26 14:28:41.73 work_queue_worker[1] wq: rx from master: outfile file-0-41ab91e0e1109e895533e76adbc6059e-Corrected_ref.fasta.74 Corrected_ref.fasta.74 1
2019/11/26 14:28:41.73 work_queue_worker[1] wq: rx from master: end
2019/11/26 14:28:41.73 work_queue_worker[1] wq: tx to master: info cached_files file-0-42b180f996a16a7c4f6c17fd385de074-ref.fasta.77
2019/11/26 14:28:41.73 work_queue_worker[1] wq: tx to master: info cached_files file-0-7ab30a43881e8e0cd0a3ea551fefd6f9-ref.fasta.78
2019/11/26 14:28:41.73 work_queue_worker[1] wq: tx to master: info cached_files file-0-1105f050d3b758ee27606aa952a93a39-ref.fasta.79
2019/11/26 14:28:41.73 work_queue_worker[1] wq: tx to master: info cached_files file-0-dc3757db948407bd7c6cc58ee6b04c2b-ref.fasta.75
2019/11/26 14:28:41.73 work_queue_worker[1] wq: tx to master: info cached_files file-0-a2792d718b5c0288a5eb7fae4c2221f6-ref.fasta.74
2019/11/26 14:28:41.73 work_queue_worker[1] wq: tx to master: info cached_files file-0-ef3a6351196ab7a7f4d4e6aae1e0dab6-ref.fasta.80
2019/11/26 14:28:41.73 work_queue_worker[1] wq: tx to master: info cached_files file-0-c542de4a90195893e9d865e54f0520dc-ref.fasta.81
2019/11/26 14:28:41.73 work_queue_worker[1] wq: tx to master: info cached_files file-0-ebb823aa7f8ca0bee255225c31ab00f1-ref.fasta.76
2019/11/26 14:28:41.74 work_queue_worker[1] wq: linking cache/file-0-048045060f61089a83cce204e6b8f151-corr.out to /tmp/worker-0-1/t.39/corr.out
2019/11/26 14:28:41.74 work_queue_worker[1] wq: linking cache/file-0-a2792d718b5c0288a5eb7fae4c2221f6-ref.fasta.74 to /tmp/worker-0-1/t.39/ref.fasta.74
2019/11/26 14:28:41.74 work_queue_worker[1] wq: linking cache/file-0-ddd728dc31a49bcd4cacae5676b4e7f7-Create_Corrected_AllLRReads.py to /tmp/worker-0-1/t.39/Create_Corrected_AllLRReads.py
2019/11/26 14:28:41.74 work_queue_worker[1] wq: started process 45: python Create_Corrected_AllLRReads.py ref.fasta.74 corr.out 2> create.err.74
2019/11/26 14:28:41.74 work_queue_worker[1] wq: tx to master: info tasks_running 1
2019/11/26 14:28:41.81 work_queue_worker[1] wq: task 39 (pid 45) exited normally with exit code 0
2019/11/26 14:28:41.81 work_queue_worker[1] wq: moving output file from /tmp/worker-0-1/t.39/create.err.74 to cache/file-0-7a8a7c9491d1c674d7b09c560d37a9ce-create.err.74
2019/11/26 14:28:41.81 work_queue_worker[1] wq: moving output file from /tmp/worker-0-1/t.39/Corrected_ref.fasta.74 to cache/file-0-41ab91e0e1109e895533e76adbc6059e-Corrected_ref.fasta.74
2019/11/26 14:28:41.81 work_queue_worker[1] wq: tx to master: available_results
2019/11/26 14:28:41.81 work_queue_worker[1] wq: rx from master: send_results -1
2019/11/26 14:28:41.81 work_queue_worker[1] wq: tx to master: result 0 0 0 72332 39
2019/11/26 14:28:41.81 work_queue_worker[1] wq: tx to master: info tasks_running 0
2019/11/26 14:28:41.81 work_queue_worker[1] wq: tx to master: end
2019/11/26 14:28:41.81 work_queue_worker[1] wq: rx from master: get file-0-7a8a7c9491d1c674d7b09c560d37a9ce-create.err.74 1
2019/11/26 14:28:41.81 work_queue_worker[1] wq: tx to master: file file-0-7a8a7c9491d1c674d7b09c560d37a9ce-create.err.74 0
2019/11/26 14:28:41.81 work_queue_worker[1] wq: tx to master: end
2019/11/26 14:28:41.81 work_queue_worker[1] wq: rx from master: get file-0-41ab91e0e1109e895533e76adbc6059e-Corrected_ref.fasta.74 1
2019/11/26 14:28:41.81 work_queue_worker[1] wq: tx to master: file file-0-41ab91e0e1109e895533e76adbc6059e-Corrected_ref.fasta.74 1055000
2019/11/26 14:28:41.81 work_queue_worker[1] wq: tx to master: end
2019/11/26 14:28:41.81 work_queue_worker[1] wq: rx from master: kill 39
2019/11/26 14:28:41.82 work_queue_worker[1] wq: ---- DELETING: /tmp/worker-0-1/t.39
2019/11/26 14:28:41.83 work_queue_worker[1] wq: rx from master: put file-0-79217875622aebfd0d7107090a612981-ref.fasta.66 1055000 0644 1
2019/11/26 14:28:41.83 work_queue_worker[1] wq: Putting file file-0-79217875622aebfd0d7107090a612981-ref.fasta.66 into workspace
2019/11/26 14:28:41.83 work_queue_worker[1] wq: Dir /cache already exists in cache
2019/11/26 14:28:41.84 work_queue_worker[1] wq: ****BRUNO***** cp BARRA: -> cp ./cache/file-0-79217875622aebfd0d7107090a612981-ref.fasta.66 /cache.
2019/11/26 14:28:41.84 work_queue_worker[1] wq: rx from master: task 47
2019/11/26 14:28:41.84 work_queue_worker[1] wq: rx from master: cmd 76
2019/11/26 14:28:41.84 work_queue_worker[1] wq: rx from master: python Create_Corrected_AllLRReads.py ref.fasta.66 corr.out 2> create.err.66
2019/11/26 14:28:41.84 work_queue_worker[1] wq: rx from master: category default
2019/11/26 14:28:41.84 work_queue_worker[1] wq: rx from master: cores 1
2019/11/26 14:28:41.84 work_queue_worker[1] wq: rx from master: memory 11908
2019/11/26 14:28:41.84 work_queue_worker[1] wq: rx from master: disk 1587
2019/11/26 14:28:41.84 work_queue_worker[1] wq: rx from master: gpus 0
2019/11/26 14:28:41.84 work_queue_worker[1] wq: rx from master: end_time 18446744073709551615
2019/11/26 14:28:41.84 work_queue_worker[1] wq: rx from master: wall_time 18446744073709551615
2019/11/26 14:28:41.84 work_queue_worker[1] wq: rx from master: env 7
2019/11/26 14:28:41.84 work_queue_worker[1] wq: rx from master: env 17
2019/11/26 14:28:41.84 work_queue_worker[1] wq: rx from master: infile file-0-048045060f61089a83cce204e6b8f151-corr.out corr.out 1
2019/11/26 14:28:41.84 work_queue_worker[1] wq: rx from master: infile file-0-79217875622aebfd0d7107090a612981-ref.fasta.66 ref.fasta.66 1
2019/11/26 14:28:41.84 work_queue_worker[1] wq: rx from master: infile file-0-ddd728dc31a49bcd4cacae5676b4e7f7-Create_Corrected_AllLRReads.py Create_Corrected_AllLRReads.py 1
2019/11/26 14:28:41.84 work_queue_worker[1] wq: rx from master: outfile file-0-174768c4f30ec0b812ed087156b9a622-create.err.66 create.err.66 1
2019/11/26 14:28:41.84 work_queue_worker[1] wq: rx from master: outfile file-0-0eef74749c3a9c78a0dc134a00e67719-Corrected_ref.fasta.66 Corrected_ref.fasta.66 1
2019/11/26 14:28:41.84 work_queue_worker[1] wq: rx from master: end
2019/11/26 14:28:41.84 work_queue_worker[1] wq: tx to master: info cached_files file-0-d09d93464f183fb37458ff5a8a8a5612-ref.fasta.69
2019/11/26 14:28:41.84 work_queue_worker[1] wq: tx to master: info cached_files file-0-1b98e087a46ce99a2ffa4a9045e00f1c-ref.fasta.71
2019/11/26 14:28:41.84 work_queue_worker[1] wq: tx to master: info cached_files file-0-a1b07747a9a300e5e67fd64459349a47-ref.fasta.72
2019/11/26 14:28:41.84 work_queue_worker[1] wq: tx to master: info cached_files file-0-bc1ca4a7d217f08f6cfed4b9fc896252-ref.fasta.67
2019/11/26 14:28:41.84 work_queue_worker[1] wq: tx to master: info cached_files file-0-25a16fc2d472252b5fba2a0fe26d77ad-ref.fasta.73
2019/11/26 14:28:41.84 work_queue_worker[1] wq: tx to master: info cached_files file-0-ff77226fd2575eaf6d2aa2e8aded26af-ref.fasta.68
2019/11/26 14:28:41.84 work_queue_worker[1] wq: tx to master: info cached_files file-0-abeb2727ca9c4091778edaeb15a7c5b1-ref.fasta.70
2019/11/26 14:28:41.84 work_queue_worker[1] wq: tx to master: info cached_files file-0-79217875622aebfd0d7107090a612981-ref.fasta.66
2019/11/26 14:28:41.85 work_queue_worker[1] wq: linking cache/file-0-048045060f61089a83cce204e6b8f151-corr.out to /tmp/worker-0-1/t.47/corr.out
2019/11/26 14:28:41.85 work_queue_worker[1] wq: linking cache/file-0-79217875622aebfd0d7107090a612981-ref.fasta.66 to /tmp/worker-0-1/t.47/ref.fasta.66
2019/11/26 14:28:41.85 work_queue_worker[1] wq: linking cache/file-0-ddd728dc31a49bcd4cacae5676b4e7f7-Create_Corrected_AllLRReads.py to /tmp/worker-0-1/t.47/Create_Corrected_AllLRReads.py
2019/11/26 14:28:41.85 work_queue_worker[1] wq: started process 51: python Create_Corrected_AllLRReads.py ref.fasta.66 corr.out 2> create.err.66
2019/11/26 14:28:41.85 work_queue_worker[1] wq: tx to master: info tasks_running 1
2019/11/26 14:28:41.91 work_queue_worker[1] wq: task 47 (pid 51) exited normally with exit code 0
2019/11/26 14:28:41.91 work_queue_worker[1] wq: moving output file from /tmp/worker-0-1/t.47/create.err.66 to cache/file-0-174768c4f30ec0b812ed087156b9a622-create.err.66
2019/11/26 14:28:41.91 work_queue_worker[1] wq: moving output file from /tmp/worker-0-1/t.47/Corrected_ref.fasta.66 to cache/file-0-0eef74749c3a9c78a0dc134a00e67719-Corrected_ref.fasta.66
2019/11/26 14:28:41.91 work_queue_worker[1] wq: tx to master: available_results
2019/11/26 14:28:42.08 work_queue_worker[1] wq: rx from master: send_results -1
2019/11/26 14:28:42.08 work_queue_worker[1] wq: tx to master: result 0 0 0 66543 47
2019/11/26 14:28:42.08 work_queue_worker[1] wq: tx to master: info tasks_running 0
2019/11/26 14:28:42.08 work_queue_worker[1] wq: tx to master: end
2019/11/26 14:28:42.09 work_queue_worker[1] wq: rx from master: get file-0-174768c4f30ec0b812ed087156b9a622-create.err.66 1
2019/11/26 14:28:42.09 work_queue_worker[1] wq: tx to master: file file-0-174768c4f30ec0b812ed087156b9a622-create.err.66 0
2019/11/26 14:28:42.09 work_queue_worker[1] wq: tx to master: end
2019/11/26 14:28:42.09 work_queue_worker[1] wq: rx from master: get file-0-0eef74749c3a9c78a0dc134a00e67719-Corrected_ref.fasta.66 1
2019/11/26 14:28:42.09 work_queue_worker[1] wq: tx to master: file file-0-0eef74749c3a9c78a0dc134a00e67719-Corrected_ref.fasta.66 1055000
2019/11/26 14:28:42.09 work_queue_worker[1] wq: tx to master: end
2019/11/26 14:28:42.09 work_queue_worker[1] wq: rx from master: kill 47
2019/11/26 14:28:42.09 work_queue_worker[1] wq: ---- DELETING: /tmp/worker-0-1/t.47
2019/11/26 14:28:42.31 work_queue_worker[1] wq: rx from master: put file-0-ae4adfb40ce7d4699009d08e52d5a7fb-ref.fasta.59 1055000 0644 1
2019/11/26 14:28:42.31 work_queue_worker[1] wq: Putting file file-0-ae4adfb40ce7d4699009d08e52d5a7fb-ref.fasta.59 into workspace
2019/11/26 14:28:42.31 work_queue_worker[1] wq: Dir /cache already exists in cache
2019/11/26 14:28:42.31 work_queue_worker[1] wq: ****BRUNO***** cp BARRA: -> cp ./cache/file-0-ae4adfb40ce7d4699009d08e52d5a7fb-ref.fasta.59 /cache.
2019/11/26 14:28:42.31 work_queue_worker[1] wq: rx from master: task 54
2019/11/26 14:28:42.31 work_queue_worker[1] wq: rx from master: cmd 76
2019/11/26 14:28:42.31 work_queue_worker[1] wq: rx from master: python Create_Corrected_AllLRReads.py ref.fasta.59 corr.out 2> create.err.59
2019/11/26 14:28:42.31 work_queue_worker[1] wq: rx from master: category default
2019/11/26 14:28:42.31 work_queue_worker[1] wq: rx from master: cores 1
2019/11/26 14:28:42.31 work_queue_worker[1] wq: rx from master: memory 11908
2019/11/26 14:28:42.31 work_queue_worker[1] wq: rx from master: disk 1587
2019/11/26 14:28:42.31 work_queue_worker[1] wq: rx from master: gpus 0
2019/11/26 14:28:42.31 work_queue_worker[1] wq: rx from master: end_time 18446744073709551615
2019/11/26 14:28:42.31 work_queue_worker[1] wq: rx from master: wall_time 18446744073709551615
2019/11/26 14:28:42.31 work_queue_worker[1] wq: rx from master: env 7
2019/11/26 14:28:42.31 work_queue_worker[1] wq: rx from master: env 17
2019/11/26 14:28:42.31 work_queue_worker[1] wq: rx from master: infile file-0-048045060f61089a83cce204e6b8f151-corr.out corr.out 1
2019/11/26 14:28:42.31 work_queue_worker[1] wq: rx from master: infile file-0-ae4adfb40ce7d4699009d08e52d5a7fb-ref.fasta.59 ref.fasta.59 1
2019/11/26 14:28:42.31 work_queue_worker[1] wq: rx from master: infile file-0-ddd728dc31a49bcd4cacae5676b4e7f7-Create_Corrected_AllLRReads.py Create_Corrected_AllLRReads.py 1
2019/11/26 14:28:42.31 work_queue_worker[1] wq: rx from master: outfile file-0-53b0137888ad6977c9b3353ae7928eef-create.err.59 create.err.59 1
2019/11/26 14:28:42.31 work_queue_worker[1] wq: rx from master: outfile file-0-ed20f70e73fa4b4e8b205fc106d86025-Corrected_ref.fasta.59 Corrected_ref.fasta.59 1
2019/11/26 14:28:42.31 work_queue_worker[1] wq: rx from master: end
2019/11/26 14:28:42.31 work_queue_worker[1] wq: tx to master: info cached_files file-0-fa8b6c281c62434419601a5ed8923e8a-ref.fasta.61
2019/11/26 14:28:42.31 work_queue_worker[1] wq: tx to master: info cached_files file-0-9ae624b2bed16864dec7d9179e0d8396-ref.fasta.63
2019/11/26 14:28:42.31 work_queue_worker[1] wq: tx to master: info cached_files file-0-d913049a4d72780e4307add72738d102-ref.fasta.60
2019/11/26 14:28:42.31 work_queue_worker[1] wq: tx to master: info cached_files file-0-ae4adfb40ce7d4699009d08e52d5a7fb-ref.fasta.59
2019/11/26 14:28:42.31 work_queue_worker[1] wq: tx to master: info cached_files file-0-b8b2cf1b96c384c3e1a11a8277300acb-ref.fasta.65
2019/11/26 14:28:42.31 work_queue_worker[1] wq: tx to master: info cached_files file-0-7c6b6de8591e484b855e5d604b284b7f-ref.fasta.62
2019/11/26 14:28:42.31 work_queue_worker[1] wq: tx to master: info cached_files file-0-6d9af94acc6e511419d1c4d938cdce58-ref.fasta.64
2019/11/26 14:28:42.33 work_queue_worker[1] wq: linking cache/file-0-048045060f61089a83cce204e6b8f151-corr.out to /tmp/worker-0-1/t.54/corr.out
2019/11/26 14:28:42.33 work_queue_worker[1] wq: linking cache/file-0-ae4adfb40ce7d4699009d08e52d5a7fb-ref.fasta.59 to /tmp/worker-0-1/t.54/ref.fasta.59
2019/11/26 14:28:42.33 work_queue_worker[1] wq: linking cache/file-0-ddd728dc31a49bcd4cacae5676b4e7f7-Create_Corrected_AllLRReads.py to /tmp/worker-0-1/t.54/Create_Corrected_AllLRReads.py
2019/11/26 14:28:42.33 work_queue_worker[1] wq: started process 57: python Create_Corrected_AllLRReads.py ref.fasta.59 corr.out 2> create.err.59
2019/11/26 14:28:42.33 work_queue_worker[1] wq: tx to master: info tasks_running 1
2019/11/26 14:28:42.41 work_queue_worker[1] wq: task 54 (pid 57) exited normally with exit code 0
2019/11/26 14:28:42.41 work_queue_worker[1] wq: moving output file from /tmp/worker-0-1/t.54/create.err.59 to cache/file-0-53b0137888ad6977c9b3353ae7928eef-create.err.59
2019/11/26 14:28:42.41 work_queue_worker[1] wq: moving output file from /tmp/worker-0-1/t.54/Corrected_ref.fasta.59 to cache/file-0-ed20f70e73fa4b4e8b205fc106d86025-Corrected_ref.fasta.59
2019/11/26 14:28:42.41 work_queue_worker[1] wq: tx to master: available_results
2019/11/26 14:28:42.41 work_queue_worker[1] wq: rx from master: send_results -1
2019/11/26 14:28:42.41 work_queue_worker[1] wq: tx to master: result 0 0 0 79856 54
2019/11/26 14:28:42.41 work_queue_worker[1] wq: tx to master: info tasks_running 0
2019/11/26 14:28:42.41 work_queue_worker[1] wq: tx to master: end
2019/11/26 14:28:42.41 work_queue_worker[1] wq: rx from master: get file-0-53b0137888ad6977c9b3353ae7928eef-create.err.59 1
2019/11/26 14:28:42.41 work_queue_worker[1] wq: tx to master: file file-0-53b0137888ad6977c9b3353ae7928eef-create.err.59 0
2019/11/26 14:28:42.41 work_queue_worker[1] wq: tx to master: end
2019/11/26 14:28:42.41 work_queue_worker[1] wq: rx from master: get file-0-ed20f70e73fa4b4e8b205fc106d86025-Corrected_ref.fasta.59 1
2019/11/26 14:28:42.41 work_queue_worker[1] wq: tx to master: file file-0-ed20f70e73fa4b4e8b205fc106d86025-Corrected_ref.fasta.59 1055000
2019/11/26 14:28:42.41 work_queue_worker[1] wq: tx to master: end
2019/11/26 14:28:42.42 work_queue_worker[1] wq: rx from master: kill 54
2019/11/26 14:28:42.42 work_queue_worker[1] wq: ---- DELETING: /tmp/worker-0-1/t.54
2019/11/26 14:28:42.44 work_queue_worker[1] wq: rx from master: put file-0-2bcc686d6c516d8fbae85feb7f639cd2-ref.fasta.46 1055000 0644 1
2019/11/26 14:28:42.44 work_queue_worker[1] wq: Putting file file-0-2bcc686d6c516d8fbae85feb7f639cd2-ref.fasta.46 into workspace
2019/11/26 14:28:42.44 work_queue_worker[1] wq: Dir /cache already exists in cache
2019/11/26 14:28:42.45 work_queue_worker[1] wq: ****BRUNO***** cp BARRA: -> cp ./cache/file-0-2bcc686d6c516d8fbae85feb7f639cd2-ref.fasta.46 /cache.
2019/11/26 14:28:42.45 work_queue_worker[1] wq: rx from master: task 67
2019/11/26 14:28:42.45 work_queue_worker[1] wq: rx from master: cmd 76
2019/11/26 14:28:42.45 work_queue_worker[1] wq: rx from master: python Create_Corrected_AllLRReads.py ref.fasta.46 corr.out 2> create.err.46
2019/11/26 14:28:42.45 work_queue_worker[1] wq: rx from master: category default
2019/11/26 14:28:42.45 work_queue_worker[1] wq: rx from master: cores 1
2019/11/26 14:28:42.45 work_queue_worker[1] wq: rx from master: memory 11908
2019/11/26 14:28:42.45 work_queue_worker[1] wq: rx from master: disk 1587
2019/11/26 14:28:42.45 work_queue_worker[1] wq: rx from master: gpus 0
2019/11/26 14:28:42.45 work_queue_worker[1] wq: rx from master: end_time 18446744073709551615
2019/11/26 14:28:42.45 work_queue_worker[1] wq: rx from master: wall_time 18446744073709551615
2019/11/26 14:28:42.45 work_queue_worker[1] wq: rx from master: env 7
2019/11/26 14:28:42.45 work_queue_worker[1] wq: rx from master: env 17
2019/11/26 14:28:42.45 work_queue_worker[1] wq: rx from master: infile file-0-048045060f61089a83cce204e6b8f151-corr.out corr.out 1
2019/11/26 14:28:42.45 work_queue_worker[1] wq: rx from master: infile file-0-2bcc686d6c516d8fbae85feb7f639cd2-ref.fasta.46 ref.fasta.46 1
2019/11/26 14:28:42.45 work_queue_worker[1] wq: rx from master: infile file-0-ddd728dc31a49bcd4cacae5676b4e7f7-Create_Corrected_AllLRReads.py Create_Corrected_AllLRReads.py 1
2019/11/26 14:28:42.45 work_queue_worker[1] wq: rx from master: outfile file-0-714017bdc1d273b2b1aaba6b9d996a25-create.err.46 create.err.46 1
2019/11/26 14:28:42.45 work_queue_worker[1] wq: rx from master: outfile file-0-4d21dc160f37af405d3dd6ae3ba18bef-Corrected_ref.fasta.46 Corrected_ref.fasta.46 1
2019/11/26 14:28:42.45 work_queue_worker[1] wq: rx from master: end
2019/11/26 14:28:42.45 work_queue_worker[1] wq: tx to master: info cached_files file-0-1e2ccc2800e62719f71c768767d32c8d-ref.fasta.48
2019/11/26 14:28:42.45 work_queue_worker[1] wq: tx to master: info cached_files file-0-2bcc686d6c516d8fbae85feb7f639cd2-ref.fasta.46
2019/11/26 14:28:42.45 work_queue_worker[1] wq: tx to master: info cached_files file-0-5dddaa02cda0278338ee1a9573d0d495-ref.fasta.58
2019/11/26 14:28:42.45 work_queue_worker[1] wq: tx to master: info cached_files file-0-e1af37b18745ab00ff1aa35803e1fc31-ref.fasta.47
2019/11/26 14:28:42.45 work_queue_worker[1] wq: tx to master: info cached_files file-0-1e1985547bd185ddfff8586fb564cf05-ref.fasta.56
2019/11/26 14:28:42.45 work_queue_worker[1] wq: tx to master: info cached_files file-0-a63627e608d364336fb0c9b853994cba-ref.fasta.57
2019/11/26 14:28:42.45 work_queue_worker[1] wq: tx to master: info cached_files file-0-7ebb87a80850a1ade2cff2ceccf5129c-ref.fasta.51
2019/11/26 14:28:42.45 work_queue_worker[1] wq: tx to master: info cached_files file-0-9d4591a0309983c19547ae292f9fa39e-ref.fasta.49
2019/11/26 14:28:42.45 work_queue_worker[1] wq: tx to master: info cached_files file-0-41edea45872db3a945653c38e454ef81-ref.fasta.45
2019/11/26 14:28:42.45 work_queue_worker[1] wq: tx to master: info cached_files file-0-366d3c2c81ebc3be3a65de8f1315194f-ref.fasta.50
2019/11/26 14:28:42.45 work_queue_worker[1] wq: tx to master: info cached_files file-0-b08bcaca0d4661ed0eebfe2af92bbce7-ref.fasta.44
2019/11/26 14:28:42.46 work_queue_worker[1] wq: linking cache/file-0-048045060f61089a83cce204e6b8f151-corr.out to /tmp/worker-0-1/t.67/corr.out
2019/11/26 14:28:42.46 work_queue_worker[1] wq: linking cache/file-0-2bcc686d6c516d8fbae85feb7f639cd2-ref.fasta.46 to /tmp/worker-0-1/t.67/ref.fasta.46
2019/11/26 14:28:42.46 work_queue_worker[1] wq: linking cache/file-0-ddd728dc31a49bcd4cacae5676b4e7f7-Create_Corrected_AllLRReads.py to /tmp/worker-0-1/t.67/Create_Corrected_AllLRReads.py
2019/11/26 14:28:42.46 work_queue_worker[1] wq: started process 63: python Create_Corrected_AllLRReads.py ref.fasta.46 corr.out 2> create.err.46
2019/11/26 14:28:42.46 work_queue_worker[1] wq: tx to master: info tasks_running 1
2019/11/26 14:28:42.53 work_queue_worker[1] wq: task 67 (pid 63) exited normally with exit code 0
2019/11/26 14:28:42.53 work_queue_worker[1] wq: moving output file from /tmp/worker-0-1/t.67/create.err.46 to cache/file-0-714017bdc1d273b2b1aaba6b9d996a25-create.err.46
2019/11/26 14:28:42.53 work_queue_worker[1] wq: moving output file from /tmp/worker-0-1/t.67/Corrected_ref.fasta.46 to cache/file-0-4d21dc160f37af405d3dd6ae3ba18bef-Corrected_ref.fasta.46
2019/11/26 14:28:42.53 work_queue_worker[1] wq: tx to master: available_results
2019/11/26 14:28:42.53 work_queue_worker[1] wq: rx from master: send_results -1
2019/11/26 14:28:42.53 work_queue_worker[1] wq: tx to master: result 0 0 0 68916 67
2019/11/26 14:28:42.53 work_queue_worker[1] wq: tx to master: info tasks_running 0
2019/11/26 14:28:42.53 work_queue_worker[1] wq: tx to master: end
2019/11/26 14:28:42.53 work_queue_worker[1] wq: rx from master: get file-0-714017bdc1d273b2b1aaba6b9d996a25-create.err.46 1
2019/11/26 14:28:42.53 work_queue_worker[1] wq: tx to master: file file-0-714017bdc1d273b2b1aaba6b9d996a25-create.err.46 0
2019/11/26 14:28:42.53 work_queue_worker[1] wq: tx to master: end
2019/11/26 14:28:42.53 work_queue_worker[1] wq: rx from master: get file-0-4d21dc160f37af405d3dd6ae3ba18bef-Corrected_ref.fasta.46 1
2019/11/26 14:28:42.53 work_queue_worker[1] wq: tx to master: file file-0-4d21dc160f37af405d3dd6ae3ba18bef-Corrected_ref.fasta.46 1055000
2019/11/26 14:28:42.54 work_queue_worker[1] wq: tx to master: end
2019/11/26 14:28:42.54 work_queue_worker[1] wq: rx from master: kill 67
2019/11/26 14:28:42.54 work_queue_worker[1] wq: ---- DELETING: /tmp/worker-0-1/t.67
2019/11/26 14:28:42.56 work_queue_worker[1] wq: rx from master: put file-0-11086871bd7c5a8d9ef50ddc34652dc4-ref.fasta.38 1055000 0644 1
2019/11/26 14:28:42.56 work_queue_worker[1] wq: Putting file file-0-11086871bd7c5a8d9ef50ddc34652dc4-ref.fasta.38 into workspace
2019/11/26 14:28:42.56 work_queue_worker[1] wq: Dir /cache already exists in cache
2019/11/26 14:28:42.56 work_queue_worker[1] wq: ****BRUNO***** cp BARRA: -> cp ./cache/file-0-11086871bd7c5a8d9ef50ddc34652dc4-ref.fasta.38 /cache.
2019/11/26 14:28:42.56 work_queue_worker[1] wq: rx from master: task 75
2019/11/26 14:28:42.56 work_queue_worker[1] wq: rx from master: cmd 76
2019/11/26 14:28:42.56 work_queue_worker[1] wq: rx from master: python Create_Corrected_AllLRReads.py ref.fasta.38 corr.out 2> create.err.38
2019/11/26 14:28:42.56 work_queue_worker[1] wq: rx from master: category default
2019/11/26 14:28:42.56 work_queue_worker[1] wq: rx from master: cores 1
2019/11/26 14:28:42.56 work_queue_worker[1] wq: rx from master: memory 11908
2019/11/26 14:28:42.56 work_queue_worker[1] wq: rx from master: disk 1587
2019/11/26 14:28:42.56 work_queue_worker[1] wq: rx from master: gpus 0
2019/11/26 14:28:42.56 work_queue_worker[1] wq: rx from master: end_time 18446744073709551615
2019/11/26 14:28:42.56 work_queue_worker[1] wq: rx from master: wall_time 18446744073709551615
2019/11/26 14:28:42.56 work_queue_worker[1] wq: rx from master: env 7
2019/11/26 14:28:42.56 work_queue_worker[1] wq: rx from master: env 17
2019/11/26 14:28:42.56 work_queue_worker[1] wq: rx from master: infile file-0-048045060f61089a83cce204e6b8f151-corr.out corr.out 1
2019/11/26 14:28:42.56 work_queue_worker[1] wq: rx from master: infile file-0-11086871bd7c5a8d9ef50ddc34652dc4-ref.fasta.38 ref.fasta.38 1
2019/11/26 14:28:42.56 work_queue_worker[1] wq: rx from master: infile file-0-ddd728dc31a49bcd4cacae5676b4e7f7-Create_Corrected_AllLRReads.py Create_Corrected_AllLRReads.py 1
2019/11/26 14:28:42.56 work_queue_worker[1] wq: rx from master: outfile file-0-acfa9f58eb709e7f3449374aa00c0ba4-create.err.38 create.err.38 1
2019/11/26 14:28:42.56 work_queue_worker[1] wq: rx from master: outfile file-0-442119aa1d0969ddd883641e4f256b8a-Corrected_ref.fasta.38 Corrected_ref.fasta.38 1
2019/11/26 14:28:42.56 work_queue_worker[1] wq: rx from master: end
2019/11/26 14:28:42.56 work_queue_worker[1] wq: tx to master: info cached_files file-0-84b279ff5d2a74829bc89c2385228568-ref.fasta.41
2019/11/26 14:28:42.56 work_queue_worker[1] wq: tx to master: info cached_files file-0-7509e4cb571ce79ae966eca79dc1dd5d-ref.fasta.43
2019/11/26 14:28:42.56 work_queue_worker[1] wq: tx to master: info cached_files file-0-bf7186ae56998c8a87eced988339f1c6-ref.fasta.42
2019/11/26 14:28:42.56 work_queue_worker[1] wq: tx to master: info cached_files file-0-11086871bd7c5a8d9ef50ddc34652dc4-ref.fasta.38
2019/11/26 14:28:42.56 work_queue_worker[1] wq: tx to master: info cached_files file-0-7649efd0db4ef988da69fb585788a4dd-ref.fasta.39
2019/11/26 14:28:42.56 work_queue_worker[1] wq: tx to master: info cached_files file-0-15ef306221695ea5170bb01e30ba54a8-ref.fasta.40
2019/11/26 14:28:42.57 work_queue_worker[1] wq: linking cache/file-0-048045060f61089a83cce204e6b8f151-corr.out to /tmp/worker-0-1/t.75/corr.out
2019/11/26 14:28:42.57 work_queue_worker[1] wq: linking cache/file-0-11086871bd7c5a8d9ef50ddc34652dc4-ref.fasta.38 to /tmp/worker-0-1/t.75/ref.fasta.38
2019/11/26 14:28:42.57 work_queue_worker[1] wq: linking cache/file-0-ddd728dc31a49bcd4cacae5676b4e7f7-Create_Corrected_AllLRReads.py to /tmp/worker-0-1/t.75/Create_Corrected_AllLRReads.py
2019/11/26 14:28:42.57 work_queue_worker[1] wq: started process 69: python Create_Corrected_AllLRReads.py ref.fasta.38 corr.out 2> create.err.38
2019/11/26 14:28:42.57 work_queue_worker[1] wq: tx to master: info tasks_running 1
2019/11/26 14:28:42.66 work_queue_worker[1] wq: task 75 (pid 69) exited normally with exit code 0
2019/11/26 14:28:42.66 work_queue_worker[1] wq: moving output file from /tmp/worker-0-1/t.75/create.err.38 to cache/file-0-acfa9f58eb709e7f3449374aa00c0ba4-create.err.38
2019/11/26 14:28:42.66 work_queue_worker[1] wq: moving output file from /tmp/worker-0-1/t.75/Corrected_ref.fasta.38 to cache/file-0-442119aa1d0969ddd883641e4f256b8a-Corrected_ref.fasta.38
2019/11/26 14:28:42.66 work_queue_worker[1] wq: tx to master: available_results
2019/11/26 14:28:42.78 work_queue_worker[1] wq: rx from master: send_results -1
2019/11/26 14:28:42.78 work_queue_worker[1] wq: tx to master: result 0 0 0 89455 75
2019/11/26 14:28:42.78 work_queue_worker[1] wq: tx to master: info tasks_running 0
2019/11/26 14:28:42.78 work_queue_worker[1] wq: tx to master: end
2019/11/26 14:28:42.87 work_queue_worker[1] wq: rx from master: get file-0-acfa9f58eb709e7f3449374aa00c0ba4-create.err.38 1
2019/11/26 14:28:42.87 work_queue_worker[1] wq: tx to master: file file-0-acfa9f58eb709e7f3449374aa00c0ba4-create.err.38 0
2019/11/26 14:28:42.87 work_queue_worker[1] wq: tx to master: end
2019/11/26 14:28:42.87 work_queue_worker[1] wq: rx from master: get file-0-442119aa1d0969ddd883641e4f256b8a-Corrected_ref.fasta.38 1
2019/11/26 14:28:42.87 work_queue_worker[1] wq: tx to master: file file-0-442119aa1d0969ddd883641e4f256b8a-Corrected_ref.fasta.38 1055000
2019/11/26 14:28:42.88 work_queue_worker[1] wq: tx to master: end
2019/11/26 14:28:42.88 work_queue_worker[1] wq: rx from master: kill 75
2019/11/26 14:28:42.88 work_queue_worker[1] wq: ---- DELETING: /tmp/worker-0-1/t.75
2019/11/26 14:28:43.10 work_queue_worker[1] wq: rx from master: put file-0-4168598b82e1e2ebb63a7d86caf50185-ref.fasta.28 1055000 0644 1
2019/11/26 14:28:43.10 work_queue_worker[1] wq: Putting file file-0-4168598b82e1e2ebb63a7d86caf50185-ref.fasta.28 into workspace
2019/11/26 14:28:43.10 work_queue_worker[1] wq: Dir /cache already exists in cache
2019/11/26 14:28:43.10 work_queue_worker[1] wq: ****BRUNO***** cp BARRA: -> cp ./cache/file-0-4168598b82e1e2ebb63a7d86caf50185-ref.fasta.28 /cache.
2019/11/26 14:28:43.10 work_queue_worker[1] wq: rx from master: task 85
2019/11/26 14:28:43.10 work_queue_worker[1] wq: rx from master: cmd 76
2019/11/26 14:28:43.10 work_queue_worker[1] wq: rx from master: python Create_Corrected_AllLRReads.py ref.fasta.28 corr.out 2> create.err.28
2019/11/26 14:28:43.10 work_queue_worker[1] wq: rx from master: category default
2019/11/26 14:28:43.10 work_queue_worker[1] wq: rx from master: cores 1
2019/11/26 14:28:43.10 work_queue_worker[1] wq: rx from master: memory 11908
2019/11/26 14:28:43.10 work_queue_worker[1] wq: rx from master: disk 1587
2019/11/26 14:28:43.10 work_queue_worker[1] wq: rx from master: gpus 0
2019/11/26 14:28:43.10 work_queue_worker[1] wq: rx from master: end_time 18446744073709551615
2019/11/26 14:28:43.10 work_queue_worker[1] wq: rx from master: wall_time 18446744073709551615
2019/11/26 14:28:43.10 work_queue_worker[1] wq: rx from master: env 7
2019/11/26 14:28:43.10 work_queue_worker[1] wq: rx from master: env 17
2019/11/26 14:28:43.10 work_queue_worker[1] wq: rx from master: infile file-0-048045060f61089a83cce204e6b8f151-corr.out corr.out 1
2019/11/26 14:28:43.10 work_queue_worker[1] wq: rx from master: infile file-0-4168598b82e1e2ebb63a7d86caf50185-ref.fasta.28 ref.fasta.28 1
2019/11/26 14:28:43.10 work_queue_worker[1] wq: rx from master: infile file-0-ddd728dc31a49bcd4cacae5676b4e7f7-Create_Corrected_AllLRReads.py Create_Corrected_AllLRReads.py 1
2019/11/26 14:28:43.10 work_queue_worker[1] wq: rx from master: outfile file-0-48eb587eae499d4e2ed59b5b7ac8e36e-create.err.28 create.err.28 1
2019/11/26 14:28:43.10 work_queue_worker[1] wq: rx from master: outfile file-0-7930662fe4b7784dbb357845bdc7c3e3-Corrected_ref.fasta.28 Corrected_ref.fasta.28 1
2019/11/26 14:28:43.10 work_queue_worker[1] wq: rx from master: end
2019/11/26 14:28:43.10 work_queue_worker[1] wq: tx to master: info cached_files file-0-29436c2005b42ffca723272f188a24f3-ref.fasta.35
2019/11/26 14:28:43.10 work_queue_worker[1] wq: tx to master: info cached_files file-0-fb3ec5b7bc74b099f9b85fafce1dcdf1-ref.fasta.29
2019/11/26 14:28:43.10 work_queue_worker[1] wq: tx to master: info cached_files file-0-c605fc0439959feae0390357f17419b2-ref.fasta.37
2019/11/26 14:28:43.10 work_queue_worker[1] wq: tx to master: info cached_files file-0-2074b572c8323b0fa32c1f74d40e6f33-ref.fasta.32
2019/11/26 14:28:43.10 work_queue_worker[1] wq: tx to master: info cached_files file-0-fba31afdf335011417a3240b50fb5f1d-ref.fasta.31
2019/11/26 14:28:43.10 work_queue_worker[1] wq: tx to master: info cached_files file-0-c63681d729e6b127a41a6905b7bf8cd3-ref.fasta.30
2019/11/26 14:28:43.10 work_queue_worker[1] wq: tx to master: info cached_files file-0-4168598b82e1e2ebb63a7d86caf50185-ref.fasta.28
2019/11/26 14:28:43.11 work_queue_worker[1] wq: tx to master: info cached_files file-0-29fa986ab5c37e3666b795ceedf28f59-ref.fasta.36
2019/11/26 14:28:43.11 work_queue_worker[1] wq: tx to master: info cached_files file-0-aa439a3e5adc17fce5c36008635edd3d-ref.fasta.33
2019/11/26 14:28:43.11 work_queue_worker[1] wq: tx to master: info cached_files file-0-4e6844944429687ec56a0ba20d350bc8-ref.fasta.34
2019/11/26 14:28:43.11 work_queue_worker[1] wq: linking cache/file-0-048045060f61089a83cce204e6b8f151-corr.out to /tmp/worker-0-1/t.85/corr.out
2019/11/26 14:28:43.11 work_queue_worker[1] wq: linking cache/file-0-4168598b82e1e2ebb63a7d86caf50185-ref.fasta.28 to /tmp/worker-0-1/t.85/ref.fasta.28
2019/11/26 14:28:43.11 work_queue_worker[1] wq: linking cache/file-0-ddd728dc31a49bcd4cacae5676b4e7f7-Create_Corrected_AllLRReads.py to /tmp/worker-0-1/t.85/Create_Corrected_AllLRReads.py
2019/11/26 14:28:43.12 work_queue_worker[1] wq: started process 75: python Create_Corrected_AllLRReads.py ref.fasta.28 corr.out 2> create.err.28
2019/11/26 14:28:43.12 work_queue_worker[1] wq: tx to master: info tasks_running 1
2019/11/26 14:28:43.18 work_queue_worker[1] wq: task 85 (pid 75) exited normally with exit code 0
2019/11/26 14:28:43.18 work_queue_worker[1] wq: moving output file from /tmp/worker-0-1/t.85/create.err.28 to cache/file-0-48eb587eae499d4e2ed59b5b7ac8e36e-create.err.28
2019/11/26 14:28:43.18 work_queue_worker[1] wq: moving output file from /tmp/worker-0-1/t.85/Corrected_ref.fasta.28 to cache/file-0-7930662fe4b7784dbb357845bdc7c3e3-Corrected_ref.fasta.28
2019/11/26 14:28:43.18 work_queue_worker[1] wq: tx to master: available_results
2019/11/26 14:28:43.18 work_queue_worker[1] wq: rx from master: send_results -1
2019/11/26 14:28:43.18 work_queue_worker[1] wq: tx to master: result 0 0 0 69369 85
2019/11/26 14:28:43.19 work_queue_worker[1] wq: tx to master: info tasks_running 0
2019/11/26 14:28:43.19 work_queue_worker[1] wq: tx to master: end
2019/11/26 14:28:43.19 work_queue_worker[1] wq: rx from master: get file-0-48eb587eae499d4e2ed59b5b7ac8e36e-create.err.28 1
2019/11/26 14:28:43.19 work_queue_worker[1] wq: tx to master: file file-0-48eb587eae499d4e2ed59b5b7ac8e36e-create.err.28 0
2019/11/26 14:28:43.19 work_queue_worker[1] wq: tx to master: end
2019/11/26 14:28:43.19 work_queue_worker[1] wq: rx from master: get file-0-7930662fe4b7784dbb357845bdc7c3e3-Corrected_ref.fasta.28 1
2019/11/26 14:28:43.19 work_queue_worker[1] wq: tx to master: file file-0-7930662fe4b7784dbb357845bdc7c3e3-Corrected_ref.fasta.28 1055000
2019/11/26 14:28:43.19 work_queue_worker[1] wq: tx to master: end
2019/11/26 14:28:43.19 work_queue_worker[1] wq: rx from master: kill 85
2019/11/26 14:28:43.19 work_queue_worker[1] wq: ---- DELETING: /tmp/worker-0-1/t.85
2019/11/26 14:28:43.21 work_queue_worker[1] wq: rx from master: put file-0-be49a61a811f6f14a2896815f8aca4aa-ref.fasta.17 1055000 0644 1
2019/11/26 14:28:43.21 work_queue_worker[1] wq: Putting file file-0-be49a61a811f6f14a2896815f8aca4aa-ref.fasta.17 into workspace
2019/11/26 14:28:43.21 work_queue_worker[1] wq: Dir /cache already exists in cache
2019/11/26 14:28:43.21 work_queue_worker[1] wq: ****BRUNO***** cp BARRA: -> cp ./cache/file-0-be49a61a811f6f14a2896815f8aca4aa-ref.fasta.17 /cache.
2019/11/26 14:28:43.21 work_queue_worker[1] wq: rx from master: task 96
2019/11/26 14:28:43.21 work_queue_worker[1] wq: rx from master: cmd 76
2019/11/26 14:28:43.21 work_queue_worker[1] wq: rx from master: python Create_Corrected_AllLRReads.py ref.fasta.17 corr.out 2> create.err.17
2019/11/26 14:28:43.21 work_queue_worker[1] wq: rx from master: category default
2019/11/26 14:28:43.21 work_queue_worker[1] wq: rx from master: cores 1
2019/11/26 14:28:43.21 work_queue_worker[1] wq: rx from master: memory 11908
2019/11/26 14:28:43.21 work_queue_worker[1] wq: rx from master: disk 1587
2019/11/26 14:28:43.21 work_queue_worker[1] wq: rx from master: gpus 0
2019/11/26 14:28:43.21 work_queue_worker[1] wq: rx from master: end_time 18446744073709551615
2019/11/26 14:28:43.21 work_queue_worker[1] wq: rx from master: wall_time 18446744073709551615
2019/11/26 14:28:43.21 work_queue_worker[1] wq: rx from master: env 7
2019/11/26 14:28:43.21 work_queue_worker[1] wq: rx from master: env 17
2019/11/26 14:28:43.21 work_queue_worker[1] wq: rx from master: infile file-0-048045060f61089a83cce204e6b8f151-corr.out corr.out 1
2019/11/26 14:28:43.21 work_queue_worker[1] wq: rx from master: infile file-0-be49a61a811f6f14a2896815f8aca4aa-ref.fasta.17 ref.fasta.17 1
2019/11/26 14:28:43.21 work_queue_worker[1] wq: rx from master: infile file-0-ddd728dc31a49bcd4cacae5676b4e7f7-Create_Corrected_AllLRReads.py Create_Corrected_AllLRReads.py 1
2019/11/26 14:28:43.21 work_queue_worker[1] wq: rx from master: outfile file-0-73c691b00f2c79424694792a3555a34a-create.err.17 create.err.17 1
2019/11/26 14:28:43.21 work_queue_worker[1] wq: rx from master: outfile file-0-cee3a2c2b567ed6c8bf3cbd6fe89ca46-Corrected_ref.fasta.17 Corrected_ref.fasta.17 1
2019/11/26 14:28:43.21 work_queue_worker[1] wq: rx from master: end
2019/11/26 14:28:43.21 work_queue_worker[1] wq: tx to master: info cached_files file-0-2b408ecce6b0355d371c80b651c889f8-ref.fasta.18
2019/11/26 14:28:43.21 work_queue_worker[1] wq: tx to master: info cached_files file-0-1ae7213b8b7cc4b7c0e10ebaeeca2ab9-ref.fasta.27
2019/11/26 14:28:43.21 work_queue_worker[1] wq: tx to master: info cached_files file-0-a1390e6a488a52d4a53323630be8883e-ref.fasta.25
2019/11/26 14:28:43.21 work_queue_worker[1] wq: tx to master: info cached_files file-0-17ddf63c75cb0ddda4648bacc86a279d-ref.fasta.26
2019/11/26 14:28:43.21 work_queue_worker[1] wq: tx to master: info cached_files file-0-12470dc35ac3e9d7f02a76cc8a9c00ea-ref.fasta.19
2019/11/26 14:28:43.21 work_queue_worker[1] wq: tx to master: info cached_files file-0-be49a61a811f6f14a2896815f8aca4aa-ref.fasta.17
2019/11/26 14:28:43.22 work_queue_worker[1] wq: tx to master: info cached_files file-0-8c12b2e81dd684a2bea395d788356753-ref.fasta.20
2019/11/26 14:28:43.22 work_queue_worker[1] wq: tx to master: info cached_files file-0-8f17aa9e3e257f258b7505f485b7df21-ref.fasta.16
2019/11/26 14:28:43.23 work_queue_worker[1] wq: linking cache/file-0-048045060f61089a83cce204e6b8f151-corr.out to /tmp/worker-0-1/t.96/corr.out
2019/11/26 14:28:43.23 work_queue_worker[1] wq: linking cache/file-0-be49a61a811f6f14a2896815f8aca4aa-ref.fasta.17 to /tmp/worker-0-1/t.96/ref.fasta.17
2019/11/26 14:28:43.23 work_queue_worker[1] wq: linking cache/file-0-ddd728dc31a49bcd4cacae5676b4e7f7-Create_Corrected_AllLRReads.py to /tmp/worker-0-1/t.96/Create_Corrected_AllLRReads.py
2019/11/26 14:28:43.23 work_queue_worker[1] wq: started process 81: python Create_Corrected_AllLRReads.py ref.fasta.17 corr.out 2> create.err.17
2019/11/26 14:28:43.23 work_queue_worker[1] wq: tx to master: info tasks_running 1
2019/11/26 14:28:43.29 work_queue_worker[1] wq: task 96 (pid 81) exited normally with exit code 0
2019/11/26 14:28:43.29 work_queue_worker[1] wq: moving output file from /tmp/worker-0-1/t.96/create.err.17 to cache/file-0-73c691b00f2c79424694792a3555a34a-create.err.17
2019/11/26 14:28:43.29 work_queue_worker[1] wq: moving output file from /tmp/worker-0-1/t.96/Corrected_ref.fasta.17 to cache/file-0-cee3a2c2b567ed6c8bf3cbd6fe89ca46-Corrected_ref.fasta.17
2019/11/26 14:28:43.29 work_queue_worker[1] wq: tx to master: available_results
2019/11/26 14:28:43.30 work_queue_worker[1] wq: rx from master: send_results -1
2019/11/26 14:28:43.30 work_queue_worker[1] wq: tx to master: result 0 0 0 66600 96
2019/11/26 14:28:43.30 work_queue_worker[1] wq: tx to master: info tasks_running 0
2019/11/26 14:28:43.30 work_queue_worker[1] wq: tx to master: end
2019/11/26 14:28:43.30 work_queue_worker[1] wq: rx from master: get file-0-73c691b00f2c79424694792a3555a34a-create.err.17 1
2019/11/26 14:28:43.30 work_queue_worker[1] wq: tx to master: file file-0-73c691b00f2c79424694792a3555a34a-create.err.17 0
2019/11/26 14:28:43.30 work_queue_worker[1] wq: tx to master: end
2019/11/26 14:28:43.30 work_queue_worker[1] wq: rx from master: get file-0-cee3a2c2b567ed6c8bf3cbd6fe89ca46-Corrected_ref.fasta.17 1
2019/11/26 14:28:43.30 work_queue_worker[1] wq: tx to master: file file-0-cee3a2c2b567ed6c8bf3cbd6fe89ca46-Corrected_ref.fasta.17 1055000
2019/11/26 14:28:43.30 work_queue_worker[1] wq: tx to master: end
2019/11/26 14:28:43.30 work_queue_worker[1] wq: rx from master: kill 96
2019/11/26 14:28:43.30 work_queue_worker[1] wq: ---- DELETING: /tmp/worker-0-1/t.96
2019/11/26 14:28:43.33 work_queue_worker[1] wq: rx from master: put file-0-4cc40b4a6723ddd648f7b5efe2086e68-ref.fasta.8 1053000 0644 1
2019/11/26 14:28:43.33 work_queue_worker[1] wq: Putting file file-0-4cc40b4a6723ddd648f7b5efe2086e68-ref.fasta.8 into workspace
2019/11/26 14:28:43.33 work_queue_worker[1] wq: Dir /cache already exists in cache
2019/11/26 14:28:43.33 work_queue_worker[1] wq: ****BRUNO***** cp BARRA: -> cp ./cache/file-0-4cc40b4a6723ddd648f7b5efe2086e68-ref.fasta.8 /cache.
2019/11/26 14:28:43.34 work_queue_worker[1] wq: rx from master: task 105
2019/11/26 14:28:43.34 work_queue_worker[1] wq: rx from master: cmd 74
2019/11/26 14:28:43.34 work_queue_worker[1] wq: rx from master: python Create_Corrected_AllLRReads.py ref.fasta.8 corr.out 2> create.err.8
2019/11/26 14:28:43.34 work_queue_worker[1] wq: rx from master: category default
2019/11/26 14:28:43.34 work_queue_worker[1] wq: rx from master: cores 1
2019/11/26 14:28:43.34 work_queue_worker[1] wq: rx from master: memory 11908
2019/11/26 14:28:43.34 work_queue_worker[1] wq: rx from master: disk 1587
2019/11/26 14:28:43.34 work_queue_worker[1] wq: rx from master: gpus 0
2019/11/26 14:28:43.34 work_queue_worker[1] wq: rx from master: end_time 18446744073709551615
2019/11/26 14:28:43.34 work_queue_worker[1] wq: rx from master: wall_time 18446744073709551615
2019/11/26 14:28:43.34 work_queue_worker[1] wq: rx from master: env 7
2019/11/26 14:28:43.34 work_queue_worker[1] wq: rx from master: env 17
2019/11/26 14:28:43.34 work_queue_worker[1] wq: rx from master: infile file-0-048045060f61089a83cce204e6b8f151-corr.out corr.out 1
2019/11/26 14:28:43.34 work_queue_worker[1] wq: rx from master: infile file-0-4cc40b4a6723ddd648f7b5efe2086e68-ref.fasta.8 ref.fasta.8 1
2019/11/26 14:28:43.34 work_queue_worker[1] wq: rx from master: infile file-0-ddd728dc31a49bcd4cacae5676b4e7f7-Create_Corrected_AllLRReads.py Create_Corrected_AllLRReads.py 1
2019/11/26 14:28:43.34 work_queue_worker[1] wq: rx from master: outfile file-0-2185560409a0fe2ace31ac3c536aaae2-create.err.8 create.err.8 1
2019/11/26 14:28:43.34 work_queue_worker[1] wq: rx from master: outfile file-0-f608e1acd65280ade4ffbdb14037b1c0-Corrected_ref.fasta.8 Corrected_ref.fasta.8 1
2019/11/26 14:28:43.34 work_queue_worker[1] wq: rx from master: end
2019/11/26 14:28:43.34 work_queue_worker[1] wq: tx to master: info cached_files file-0-595d6fd0783af5f1f9d6ac327ab7d0ae-ref.fasta.13
2019/11/26 14:28:43.34 work_queue_worker[1] wq: tx to master: info cached_files file-0-30475cdf029099342b775fc85202fe97-ref.fasta.10
2019/11/26 14:28:43.34 work_queue_worker[1] wq: tx to master: info cached_files file-0-917a4e2b83f3c1cbe7ad084772249437-ref.fasta.12
2019/11/26 14:28:43.34 work_queue_worker[1] wq: tx to master: info cached_files file-0-4cc40b4a6723ddd648f7b5efe2086e68-ref.fasta.8
2019/11/26 14:28:43.34 work_queue_worker[1] wq: tx to master: info cached_files file-0-8c01ff49b1bac5dc2eea9e2a868b0a59-ref.fasta.15
2019/11/26 14:28:43.34 work_queue_worker[1] wq: tx to master: info cached_files file-0-e1fd3d565f5a9462a45d8636a7a32668-ref.fasta.9
2019/11/26 14:28:43.34 work_queue_worker[1] wq: tx to master: info cached_files file-0-721aaf1524a5dc2f36a94b49c3f5d86a-ref.fasta.14
2019/11/26 14:28:43.34 work_queue_worker[1] wq: tx to master: info cached_files file-0-0d93fd3812287dfef20102e293f224d9-ref.fasta.11
2019/11/26 14:28:43.35 work_queue_worker[1] wq: linking cache/file-0-048045060f61089a83cce204e6b8f151-corr.out to /tmp/worker-0-1/t.105/corr.out
2019/11/26 14:28:43.35 work_queue_worker[1] wq: linking cache/file-0-4cc40b4a6723ddd648f7b5efe2086e68-ref.fasta.8 to /tmp/worker-0-1/t.105/ref.fasta.8
2019/11/26 14:28:43.35 work_queue_worker[1] wq: linking cache/file-0-ddd728dc31a49bcd4cacae5676b4e7f7-Create_Corrected_AllLRReads.py to /tmp/worker-0-1/t.105/Create_Corrected_AllLRReads.py
2019/11/26 14:28:43.35 work_queue_worker[1] wq: started process 87: python Create_Corrected_AllLRReads.py ref.fasta.8 corr.out 2> create.err.8
2019/11/26 14:28:43.35 work_queue_worker[1] wq: tx to master: info tasks_running 1
2019/11/26 14:28:43.42 work_queue_worker[1] wq: task 105 (pid 87) exited normally with exit code 0
2019/11/26 14:28:43.42 work_queue_worker[1] wq: moving output file from /tmp/worker-0-1/t.105/create.err.8 to cache/file-0-2185560409a0fe2ace31ac3c536aaae2-create.err.8
2019/11/26 14:28:43.42 work_queue_worker[1] wq: moving output file from /tmp/worker-0-1/t.105/Corrected_ref.fasta.8 to cache/file-0-f608e1acd65280ade4ffbdb14037b1c0-Corrected_ref.fasta.8
2019/11/26 14:28:43.42 work_queue_worker[1] wq: tx to master: available_results
2019/11/26 14:28:43.42 work_queue_worker[1] wq: rx from master: send_results -1
2019/11/26 14:28:43.42 work_queue_worker[1] wq: tx to master: result 0 0 0 65047 105
2019/11/26 14:28:43.42 work_queue_worker[1] wq: tx to master: info tasks_running 0
2019/11/26 14:28:43.42 work_queue_worker[1] wq: tx to master: end
2019/11/26 14:28:43.42 work_queue_worker[1] wq: rx from master: get file-0-2185560409a0fe2ace31ac3c536aaae2-create.err.8 1
2019/11/26 14:28:43.42 work_queue_worker[1] wq: tx to master: file file-0-2185560409a0fe2ace31ac3c536aaae2-create.err.8 0
2019/11/26 14:28:43.42 work_queue_worker[1] wq: tx to master: end
2019/11/26 14:28:43.42 work_queue_worker[1] wq: rx from master: get file-0-f608e1acd65280ade4ffbdb14037b1c0-Corrected_ref.fasta.8 1
2019/11/26 14:28:43.42 work_queue_worker[1] wq: tx to master: file file-0-f608e1acd65280ade4ffbdb14037b1c0-Corrected_ref.fasta.8 1053000
2019/11/26 14:28:43.42 work_queue_worker[1] wq: tx to master: end
2019/11/26 14:28:43.42 work_queue_worker[1] wq: rx from master: kill 105
2019/11/26 14:28:43.43 work_queue_worker[1] wq: ---- DELETING: /tmp/worker-0-1/t.105
2019/11/26 14:28:43.43 work_queue_worker[1] wq: rx from master: put file-0-c1c5b5005550a9e9b359d2cf9e2f8a9a-ref.fasta.1 1053000 0644 1
2019/11/26 14:28:43.43 work_queue_worker[1] wq: Putting file file-0-c1c5b5005550a9e9b359d2cf9e2f8a9a-ref.fasta.1 into workspace
2019/11/26 14:28:43.43 work_queue_worker[1] wq: Dir /cache already exists in cache
2019/11/26 14:28:43.43 work_queue_worker[1] wq: ****BRUNO***** cp BARRA: -> cp ./cache/file-0-c1c5b5005550a9e9b359d2cf9e2f8a9a-ref.fasta.1 /cache.
2019/11/26 14:28:43.43 work_queue_worker[1] wq: rx from master: task 112
2019/11/26 14:28:43.43 work_queue_worker[1] wq: rx from master: cmd 74
2019/11/26 14:28:43.43 work_queue_worker[1] wq: rx from master: python Create_Corrected_AllLRReads.py ref.fasta.1 corr.out 2> create.err.1
2019/11/26 14:28:43.43 work_queue_worker[1] wq: rx from master: category default
2019/11/26 14:28:43.43 work_queue_worker[1] wq: rx from master: cores 1
2019/11/26 14:28:43.43 work_queue_worker[1] wq: rx from master: memory 11908
2019/11/26 14:28:43.43 work_queue_worker[1] wq: rx from master: disk 1587
2019/11/26 14:28:43.43 work_queue_worker[1] wq: rx from master: gpus 0
2019/11/26 14:28:43.43 work_queue_worker[1] wq: rx from master: end_time 18446744073709551615
2019/11/26 14:28:43.43 work_queue_worker[1] wq: rx from master: wall_time 18446744073709551615
2019/11/26 14:28:43.43 work_queue_worker[1] wq: rx from master: env 7
2019/11/26 14:28:43.43 work_queue_worker[1] wq: rx from master: env 17
2019/11/26 14:28:43.43 work_queue_worker[1] wq: rx from master: infile file-0-048045060f61089a83cce204e6b8f151-corr.out corr.out 1
2019/11/26 14:28:43.43 work_queue_worker[1] wq: rx from master: infile file-0-c1c5b5005550a9e9b359d2cf9e2f8a9a-ref.fasta.1 ref.fasta.1 1
2019/11/26 14:28:43.43 work_queue_worker[1] wq: rx from master: infile file-0-ddd728dc31a49bcd4cacae5676b4e7f7-Create_Corrected_AllLRReads.py Create_Corrected_AllLRReads.py 1
2019/11/26 14:28:43.43 work_queue_worker[1] wq: rx from master: outfile file-0-e450bc7d74f7b7d59a50d71da140ff31-create.err.1 create.err.1 1
2019/11/26 14:28:43.43 work_queue_worker[1] wq: rx from master: outfile file-0-0195ac7fa36ae63b32a79b48e5bc8469-Corrected_ref.fasta.1 Corrected_ref.fasta.1 1
2019/11/26 14:28:43.43 work_queue_worker[1] wq: rx from master: end
2019/11/26 14:28:43.43 work_queue_worker[1] wq: tx to master: info cached_files file-0-0aa7fdc5df2e8aa834187cf07d905f1c-ref.fasta.3
2019/11/26 14:28:43.43 work_queue_worker[1] wq: tx to master: info cached_files file-0-c1c5b5005550a9e9b359d2cf9e2f8a9a-ref.fasta.1
2019/11/26 14:28:43.43 work_queue_worker[1] wq: tx to master: info cached_files file-0-9dbb72d8dd139e33c36e645da8581cc4-ref.fasta.2
2019/11/26 14:28:43.43 work_queue_worker[1] wq: tx to master: info cached_files file-0-4b44ee8dff46dd1aa4bb1511d9442a2e-ref.fasta.5
2019/11/26 14:28:43.43 work_queue_worker[1] wq: tx to master: info cached_files file-0-40270ff4240d4ee0a2a2264053bee38d-ref.fasta.7
2019/11/26 14:28:43.44 work_queue_worker[1] wq: tx to master: info cached_files file-0-de3fc56a129f0eca0565c07c2f6f5d65-ref.fasta.6
2019/11/26 14:28:43.44 work_queue_worker[1] wq: tx to master: info cached_files file-0-d53b7362d9ad27f7af3cd0cb7105a051-ref.fasta.4
2019/11/26 14:28:43.45 work_queue_worker[1] wq: linking cache/file-0-048045060f61089a83cce204e6b8f151-corr.out to /tmp/worker-0-1/t.112/corr.out
2019/11/26 14:28:43.45 work_queue_worker[1] wq: linking cache/file-0-c1c5b5005550a9e9b359d2cf9e2f8a9a-ref.fasta.1 to /tmp/worker-0-1/t.112/ref.fasta.1
2019/11/26 14:28:43.45 work_queue_worker[1] wq: linking cache/file-0-ddd728dc31a49bcd4cacae5676b4e7f7-Create_Corrected_AllLRReads.py to /tmp/worker-0-1/t.112/Create_Corrected_AllLRReads.py
2019/11/26 14:28:43.45 work_queue_worker[1] wq: started process 93: python Create_Corrected_AllLRReads.py ref.fasta.1 corr.out 2> create.err.1
2019/11/26 14:28:43.45 work_queue_worker[1] wq: tx to master: info tasks_running 1
2019/11/26 14:28:43.52 work_queue_worker[1] wq: task 112 (pid 93) exited normally with exit code 0
2019/11/26 14:28:43.52 work_queue_worker[1] wq: moving output file from /tmp/worker-0-1/t.112/create.err.1 to cache/file-0-e450bc7d74f7b7d59a50d71da140ff31-create.err.1
2019/11/26 14:28:43.52 work_queue_worker[1] wq: moving output file from /tmp/worker-0-1/t.112/Corrected_ref.fasta.1 to cache/file-0-0195ac7fa36ae63b32a79b48e5bc8469-Corrected_ref.fasta.1
2019/11/26 14:28:43.52 work_queue_worker[1] wq: tx to master: available_results
2019/11/26 14:28:43.77 work_queue_worker[1] wq: rx from master: send_results -1
2019/11/26 14:28:43.77 work_queue_worker[1] wq: tx to master: result 0 0 0 67768 112
2019/11/26 14:28:43.77 work_queue_worker[1] wq: tx to master: info tasks_running 0
2019/11/26 14:28:43.77 work_queue_worker[1] wq: tx to master: end
2019/11/26 14:28:43.88 work_queue_worker[1] wq: rx from master: get file-0-e450bc7d74f7b7d59a50d71da140ff31-create.err.1 1
2019/11/26 14:28:43.88 work_queue_worker[1] wq: tx to master: file file-0-e450bc7d74f7b7d59a50d71da140ff31-create.err.1 0
2019/11/26 14:28:43.88 work_queue_worker[1] wq: tx to master: end
2019/11/26 14:28:43.88 work_queue_worker[1] wq: rx from master: get file-0-0195ac7fa36ae63b32a79b48e5bc8469-Corrected_ref.fasta.1 1
2019/11/26 14:28:43.88 work_queue_worker[1] wq: tx to master: file file-0-0195ac7fa36ae63b32a79b48e5bc8469-Corrected_ref.fasta.1 1053000
2019/11/26 14:28:43.88 work_queue_worker[1] wq: tx to master: end
2019/11/26 14:28:43.88 work_queue_worker[1] wq: rx from master: kill 112
2019/11/26 14:28:43.88 work_queue_worker[1] wq: ---- DELETING: /tmp/worker-0-1/t.112
2019/11/26 14:28:43.89 work_queue_worker[1] wq: rx from master: task 17
2019/11/26 14:28:43.89 work_queue_worker[1] wq: rx from master: cmd 76
2019/11/26 14:28:43.89 work_queue_worker[1] wq: rx from master: python Create_Corrected_AllLRReads.py ref.fasta.96 corr.out 2> create.err.96
2019/11/26 14:28:43.89 work_queue_worker[1] wq: rx from master: category default
2019/11/26 14:28:43.89 work_queue_worker[1] wq: rx from master: cores 1
2019/11/26 14:28:43.89 work_queue_worker[1] wq: rx from master: memory 11908
2019/11/26 14:28:43.89 work_queue_worker[1] wq: rx from master: disk 1587
2019/11/26 14:28:43.89 work_queue_worker[1] wq: rx from master: gpus 0
2019/11/26 14:28:43.89 work_queue_worker[1] wq: rx from master: end_time 18446744073709551615
2019/11/26 14:28:43.89 work_queue_worker[1] wq: rx from master: wall_time 18446744073709551615
2019/11/26 14:28:43.89 work_queue_worker[1] wq: rx from master: env 7
2019/11/26 14:28:43.89 work_queue_worker[1] wq: rx from master: env 17
2019/11/26 14:28:43.89 work_queue_worker[1] wq: rx from master: infile file-0-048045060f61089a83cce204e6b8f151-corr.out corr.out 1
2019/11/26 14:28:43.89 work_queue_worker[1] wq: rx from master: infile file-0-2a278d767b3c1eecdf4ecc1907d928f1-ref.fasta.96 ref.fasta.96 1
2019/11/26 14:28:43.89 work_queue_worker[1] wq: rx from master: infile file-0-ddd728dc31a49bcd4cacae5676b4e7f7-Create_Corrected_AllLRReads.py Create_Corrected_AllLRReads.py 1
2019/11/26 14:28:43.89 work_queue_worker[1] wq: rx from master: outfile file-0-8796987b711b87df397c5172535dde15-create.err.96 create.err.96 1
2019/11/26 14:28:43.89 work_queue_worker[1] wq: rx from master: outfile file-0-babdb4fc35c28283d73c34accba3f8c4-Corrected_ref.fasta.96 Corrected_ref.fasta.96 1
2019/11/26 14:28:43.89 work_queue_worker[1] wq: rx from master: end
2019/11/26 14:28:43.89 work_queue_worker[1] wq: tx to master: info cached_files file-0-f6180873c6bcf6cfbbf9b9300d0d79ef-ref.fasta.0
2019/11/26 14:28:43.90 work_queue_worker[1] wq: linking cache/file-0-048045060f61089a83cce204e6b8f151-corr.out to /tmp/worker-0-1/t.17/corr.out
2019/11/26 14:28:43.90 work_queue_worker[1] wq: linking cache/file-0-2a278d767b3c1eecdf4ecc1907d928f1-ref.fasta.96 to /tmp/worker-0-1/t.17/ref.fasta.96
2019/11/26 14:28:43.90 work_queue_worker[1] wq: linking cache/file-0-ddd728dc31a49bcd4cacae5676b4e7f7-Create_Corrected_AllLRReads.py to /tmp/worker-0-1/t.17/Create_Corrected_AllLRReads.py
2019/11/26 14:28:43.90 work_queue_worker[1] wq: started process 97: python Create_Corrected_AllLRReads.py ref.fasta.96 corr.out 2> create.err.96
2019/11/26 14:28:43.90 work_queue_worker[1] wq: tx to master: info tasks_running 1
2019/11/26 14:28:43.94 work_queue_worker[1] wq: task 17 (pid 97) exited normally with exit code 0
2019/11/26 14:28:43.94 work_queue_worker[1] wq: moving output file from /tmp/worker-0-1/t.17/create.err.96 to cache/file-0-8796987b711b87df397c5172535dde15-create.err.96
2019/11/26 14:28:43.94 work_queue_worker[1] wq: moving output file from /tmp/worker-0-1/t.17/Corrected_ref.fasta.96 to cache/file-0-babdb4fc35c28283d73c34accba3f8c4-Corrected_ref.fasta.96
2019/11/26 14:28:43.94 work_queue_worker[1] wq: tx to master: available_results
2019/11/26 14:28:43.94 work_queue_worker[1] wq: rx from master: send_results -1
2019/11/26 14:28:43.94 work_queue_worker[1] wq: tx to master: result 0 0 0 40994 17
2019/11/26 14:28:43.94 work_queue_worker[1] wq: tx to master: info tasks_running 0
2019/11/26 14:28:43.95 work_queue_worker[1] wq: tx to master: end
2019/11/26 14:28:43.95 work_queue_worker[1] wq: rx from master: get file-0-8796987b711b87df397c5172535dde15-create.err.96 1
2019/11/26 14:28:43.95 work_queue_worker[1] wq: tx to master: file file-0-8796987b711b87df397c5172535dde15-create.err.96 0
2019/11/26 14:28:43.95 work_queue_worker[1] wq: tx to master: end
2019/11/26 14:28:43.95 work_queue_worker[1] wq: rx from master: get file-0-babdb4fc35c28283d73c34accba3f8c4-Corrected_ref.fasta.96 1
2019/11/26 14:28:43.95 work_queue_worker[1] wq: tx to master: file file-0-babdb4fc35c28283d73c34accba3f8c4-Corrected_ref.fasta.96 1055000
2019/11/26 14:28:43.95 work_queue_worker[1] wq: tx to master: end
2019/11/26 14:28:43.95 work_queue_worker[1] wq: rx from master: kill 17
2019/11/26 14:28:43.95 work_queue_worker[1] wq: ---- DELETING: /tmp/worker-0-1/t.17
2019/11/26 14:28:45.49 work_queue_worker[1] wq: rx from master: release
2019/11/26 14:28:45.49 work_queue_worker[1] wq: released by master 10.0.239.2:1026.
2019/11/26 14:28:45.49 work_queue_worker[1] wq: *********** BRUNO ******** NOT cleaning workspace /tmp/worker-0-1
2019/11/26 14:28:45.49 work_queue_worker[1] wq: disconnecting from master 10.0.239.2:1026
2019/11/26 14:28:45.49 work_queue_worker[1] tcp: disconnected from 10.0.239.2 port 1026
2019/11/26 14:28:45.49 work_queue_worker[1] wq: killing all outstanding tasks
2019/11/26 14:28:45.49 work_queue_worker[1] wq: ---- DELETING: /tmp/worker-0-1/t.10
2019/11/26 14:28:45.49 work_queue_worker[1] wq: ---- DELETING: /tmp/worker-0-1/t.23
2019/11/26 14:28:45.49 work_queue_worker[1] wq: all data structures are clean
2019/11/26 14:28:46.49 work_queue_worker[1] tcp: connecting to 10.0.239.2 port 1026
