2019/11/23 18:38:28.05 #|1574534308.52926615|00#| work_queue_worker[1] debug: /root/cctools/bin/work_queue_worker version 8.0.0 DEVELOPMENT (released 2019-11-14 15:35:16 +0000)
2019/11/23 18:38:28.05 #|1574534308.52960909|00#| work_queue_worker[1] debug: Built by root@7e9ecba79f43 on 2019-11-14 15:35:16 +0000
2019/11/23 18:38:28.05 #|1574534308.52970854|00#| work_queue_worker[1] debug: System: Linux 7e9ecba79f43 5.0.0-32-generic #34~18.04.2-Ubuntu SMP Thu Oct 10 10:36:02 UTC 2019 x86_64 x86_64 x86_64 GNU/Linux
2019/11/23 18:38:28.05 #|1574534308.52979532|00#| work_queue_worker[1] debug: Configuration: --prefix /root/cctools
2019/11/23 18:38:28.05 #|1574534308.53155404|00#| work_queue_worker[1] wq: WORK_QUEUE_SANDBOX set to /tmp/worker-0-1.
2019/11/23 18:38:28.05 #|1574534308.53644757|00#| work_queue_worker[1] debug: error reading disk usage on directory: ./cache.
2019/11/23 18:38:28.05 #|1574534308.53673757|00#| work_queue_worker[1] dns: looking up name master
2019/11/23 18:38:28.05 #|1574534308.54333319|00#| work_queue_worker[1] dns: master is 10.0.133.2
2019/11/23 18:38:28.05 #|1574534308.54366568|00#| work_queue_worker[1] tcp: connecting to 10.0.133.2 port 1026
2019/11/23 18:38:31.09 #|1574534311.98799318|00#| work_queue_worker[1] tcp: made connection to 10.0.133.2 port 1026
2019/11/23 18:38:31.09 #|1574534311.98849767|00#| work_queue_worker[1] wq: connected to master master:1026 via local address 10.0.133.18:33002
2019/11/23 18:38:31.09 #|1574534311.98860541|00#| work_queue_worker[1] wq: preparing workspace /tmp/worker-0-1
2019/11/23 18:38:31.09 #|1574534311.99006217|00#| work_queue_worker[1] dns: looking up name 59ef83d54544
2019/11/23 18:38:31.09 #|1574534311.99496392|00#| work_queue_worker[1] dns: 59ef83d54544 is 10.0.133.18
2019/11/23 18:38:31.09 #|1574534311.99510956|00#| work_queue_worker[1] dns: looking up addr 10.0.133.18
2019/11/23 18:38:31.09 #|1574534311.99541421|00#| work_queue_worker[1] dns: 10.0.133.18 is 59ef83d54544
2019/11/23 18:38:31.09 #|1574534311.99551664|00#| work_queue_worker[1] dns: finding my hostname: uname = 59ef83d54544, address = 10.0.133.18, hostname = 59ef83d54544
2019/11/23 18:38:31.09 #|1574534311.99564363|00#| work_queue_worker[1] wq: tx to master: workqueue 8 59ef83d54544 Linux x86_64 8.0.0
2019/11/23 18:38:31.09 #|1574534311.99621620|00#| work_queue_worker[1] wq: tx to master: info worker-id worker-916c8fc944564ad20528092b922c01ae
2019/11/23 18:38:31.09 #|1574534311.99639928|00#| work_queue_worker[1] wq: tx to master: alive
2019/11/23 18:38:31.09 #|1574534311.99650318|00#| work_queue_worker[1] wq: Sending resource description to master:
2019/11/23 18:38:31.09 #|1574534311.99658811|00#| work_queue_worker[1] wq:  workers      0 inuse      1 total      1 smallest      1 largest
2019/11/23 18:38:31.09 #|1574534311.99669972|00#| work_queue_worker[1] wq:     disk      0 inuse   2342 total   2342 smallest   2342 largest
2019/11/23 18:38:31.09 #|1574534311.99681166|00#| work_queue_worker[1] wq:   memory      0 inuse  11908 total  11908 smallest  11908 largest
2019/11/23 18:38:31.09 #|1574534311.99692041|00#| work_queue_worker[1] wq:     gpus      0 inuse      0 total      0 smallest      0 largest
2019/11/23 18:38:31.09 #|1574534311.99702594|00#| work_queue_worker[1] wq:    cores      0 inuse      1 total      1 smallest      1 largest
2019/11/23 18:38:31.09 #|1574534311.99714563|00#| work_queue_worker[1] wq: tx to master: info end_of_resource_update 0
2019/11/23 18:38:31.09 #|1574534311.99725102|00#| work_queue_worker[1] wq: tx to master: info tasks_running 0
2019/11/23 18:38:31.09 #|1574534311.99735781|00#| work_queue_worker[1] wq: working for master at 10.0.133.2:1026.
2019/11/23 18:38:57.37 #|1574534337.370767950|00#| work_queue_worker[1] wq: Failed to read from master.
2019/11/23 18:38:57.37 #|1574534337.370823291|00#| work_queue_worker[1] wq: cleaning workspace /tmp/worker-0-1
2019/11/23 18:38:57.37 #|1574534337.370972813|00#| work_queue_worker[1] wq: disconnecting from master 10.0.133.2:1026
2019/11/23 18:38:57.37 #|1574534337.370993707|00#| work_queue_worker[1] tcp: disconnected from 10.0.133.2 port 1026
2019/11/23 18:38:57.37 #|1574534337.371018786|00#| work_queue_worker[1] wq: killing all outstanding tasks
2019/11/23 18:38:57.37 #|1574534337.371033834|00#| work_queue_worker[1] wq: all data structures are clean
2019/11/23 18:39:03.37 #|1574534343.371463896|00#| work_queue_worker[1] debug: error reading disk usage on directory: ./cache.
2019/11/23 18:39:03.37 #|1574534343.371526229|00#| work_queue_worker[1] tcp: connecting to 10.0.133.2 port 1026
2019/11/23 18:39:03.37 #|1574534343.371716924|00#| work_queue_worker[1] tcp: made connection to 10.0.133.2 port 1026
2019/11/23 18:39:03.37 #|1574534343.371735413|00#| work_queue_worker[1] wq: connected to master master:1026 via local address 10.0.133.18:33014
2019/11/23 18:39:03.37 #|1574534343.371745232|00#| work_queue_worker[1] wq: preparing workspace /tmp/worker-0-1
2019/11/23 18:39:03.37 #|1574534343.371861030|00#| work_queue_worker[1] dns: finding my hostname: uname = 59ef83d54544, address = 10.0.133.18, hostname = 59ef83d54544
2019/11/23 18:39:03.37 #|1574534343.371874301|00#| work_queue_worker[1] wq: tx to master: workqueue 8 59ef83d54544 Linux x86_64 8.0.0
2019/11/23 18:39:03.37 #|1574534343.371920173|00#| work_queue_worker[1] wq: tx to master: info worker-id worker-916c8fc944564ad20528092b922c01ae
2019/11/23 18:39:03.37 #|1574534343.371958538|00#| work_queue_worker[1] wq: tx to master: alive
2019/11/23 18:39:03.37 #|1574534343.371993835|00#| work_queue_worker[1] wq: Sending resource description to master:
2019/11/23 18:39:03.37 #|1574534343.372005622|00#| work_queue_worker[1] wq:  workers      0 inuse      1 total      1 smallest      1 largest
2019/11/23 18:39:03.37 #|1574534343.372039690|00#| work_queue_worker[1] wq:     disk      0 inuse   2342 total   2342 smallest   2342 largest
2019/11/23 18:39:03.37 #|1574534343.372075726|00#| work_queue_worker[1] wq:   memory      0 inuse  11908 total  11908 smallest  11908 largest
2019/11/23 18:39:03.37 #|1574534343.372111140|00#| work_queue_worker[1] wq:     gpus      0 inuse      0 total      0 smallest      0 largest
2019/11/23 18:39:03.37 #|1574534343.372146201|00#| work_queue_worker[1] wq:    cores      0 inuse      1 total      1 smallest      1 largest
2019/11/23 18:39:03.37 #|1574534343.372198414|00#| work_queue_worker[1] wq: tx to master: info end_of_resource_update 0
2019/11/23 18:39:03.37 #|1574534343.372234259|00#| work_queue_worker[1] wq: tx to master: info tasks_running 0
2019/11/23 18:39:03.37 #|1574534343.372249531|00#| work_queue_worker[1] wq: working for master at 10.0.133.2:1026.
2019/11/23 18:39:16.57 #|1574534356.570781498|00#| work_queue_worker[1] wq: Failed to read from master.
2019/11/23 18:39:16.57 #|1574534356.570829572|00#| work_queue_worker[1] wq: cleaning workspace /tmp/worker-0-1
2019/11/23 18:39:16.57 #|1574534356.570974909|00#| work_queue_worker[1] wq: disconnecting from master 10.0.133.2:1026
2019/11/23 18:39:16.57 #|1574534356.570999947|00#| work_queue_worker[1] tcp: disconnected from 10.0.133.2 port 1026
2019/11/23 18:39:16.57 #|1574534356.571009554|00#| work_queue_worker[1] wq: killing all outstanding tasks
2019/11/23 18:39:16.57 #|1574534356.571019393|00#| work_queue_worker[1] wq: all data structures are clean
2019/11/23 18:39:22.57 #|1574534362.571478970|00#| work_queue_worker[1] debug: error reading disk usage on directory: ./cache.
2019/11/23 18:39:22.57 #|1574534362.571533809|00#| work_queue_worker[1] tcp: connecting to 10.0.133.2 port 1026
2019/11/23 18:39:22.57 #|1574534362.571711144|00#| work_queue_worker[1] tcp: made connection to 10.0.133.2 port 1026
2019/11/23 18:39:22.57 #|1574534362.571729504|00#| work_queue_worker[1] wq: connected to master master:1026 via local address 10.0.133.18:33022
2019/11/23 18:39:22.57 #|1574534362.571739172|00#| work_queue_worker[1] wq: preparing workspace /tmp/worker-0-1
2019/11/23 18:39:22.57 #|1574534362.571855164|00#| work_queue_worker[1] dns: finding my hostname: uname = 59ef83d54544, address = 10.0.133.18, hostname = 59ef83d54544
2019/11/23 18:39:22.57 #|1574534362.571868455|00#| work_queue_worker[1] wq: tx to master: workqueue 8 59ef83d54544 Linux x86_64 8.0.0
2019/11/23 18:39:22.57 #|1574534362.571926474|00#| work_queue_worker[1] wq: tx to master: info worker-id worker-916c8fc944564ad20528092b922c01ae
2019/11/23 18:39:22.57 #|1574534362.571963628|00#| work_queue_worker[1] wq: tx to master: alive
2019/11/23 18:39:22.57 #|1574534362.571998003|00#| work_queue_worker[1] wq: Sending resource description to master:
2019/11/23 18:39:22.57 #|1574534362.572009147|00#| work_queue_worker[1] wq:  workers      0 inuse      1 total      1 smallest      1 largest
2019/11/23 18:39:22.57 #|1574534362.572042548|00#| work_queue_worker[1] wq:     disk      0 inuse   2342 total   2342 smallest   2342 largest
2019/11/23 18:39:22.57 #|1574534362.572077674|00#| work_queue_worker[1] wq:   memory      0 inuse  11908 total  11908 smallest  11908 largest
2019/11/23 18:39:22.57 #|1574534362.572112903|00#| work_queue_worker[1] wq:     gpus      0 inuse      0 total      0 smallest      0 largest
2019/11/23 18:39:22.57 #|1574534362.572147711|00#| work_queue_worker[1] wq:    cores      0 inuse      1 total      1 smallest      1 largest
2019/11/23 18:39:22.57 #|1574534362.572203046|00#| work_queue_worker[1] wq: tx to master: info end_of_resource_update 0
2019/11/23 18:39:22.57 #|1574534362.572238673|00#| work_queue_worker[1] wq: tx to master: info tasks_running 0
2019/11/23 18:39:22.57 #|1574534362.572253373|00#| work_queue_worker[1] wq: working for master at 10.0.133.2:1026.
2019/11/23 18:39:35.77 #|1574534375.770796422|00#| work_queue_worker[1] wq: Failed to read from master.
2019/11/23 18:39:35.77 #|1574534375.770843398|00#| work_queue_worker[1] wq: cleaning workspace /tmp/worker-0-1
2019/11/23 18:39:35.77 #|1574534375.770987296|00#| work_queue_worker[1] wq: disconnecting from master 10.0.133.2:1026
2019/11/23 18:39:35.77 #|1574534375.771011775|00#| work_queue_worker[1] tcp: disconnected from 10.0.133.2 port 1026
2019/11/23 18:39:35.77 #|1574534375.771021237|00#| work_queue_worker[1] wq: killing all outstanding tasks
2019/11/23 18:39:35.77 #|1574534375.771030862|00#| work_queue_worker[1] wq: all data structures are clean
2019/11/23 18:39:41.77 #|1574534381.771499232|00#| work_queue_worker[1] debug: error reading disk usage on directory: ./cache.
2019/11/23 18:39:41.77 #|1574534381.771560871|00#| work_queue_worker[1] tcp: connecting to 10.0.133.2 port 1026
2019/11/23 18:39:41.77 #|1574534381.771742707|00#| work_queue_worker[1] tcp: made connection to 10.0.133.2 port 1026
2019/11/23 18:39:41.77 #|1574534381.771761083|00#| work_queue_worker[1] wq: connected to master master:1026 via local address 10.0.133.18:33026
2019/11/23 18:39:41.77 #|1574534381.771770888|00#| work_queue_worker[1] wq: preparing workspace /tmp/worker-0-1
2019/11/23 18:39:41.77 #|1574534381.771884380|00#| work_queue_worker[1] dns: finding my hostname: uname = 59ef83d54544, address = 10.0.133.18, hostname = 59ef83d54544
2019/11/23 18:39:41.77 #|1574534381.771897462|00#| work_queue_worker[1] wq: tx to master: workqueue 8 59ef83d54544 Linux x86_64 8.0.0
2019/11/23 18:39:41.77 #|1574534381.771944819|00#| work_queue_worker[1] wq: tx to master: info worker-id worker-916c8fc944564ad20528092b922c01ae
2019/11/23 18:39:41.77 #|1574534381.771982291|00#| work_queue_worker[1] wq: tx to master: alive
2019/11/23 18:39:41.77 #|1574534381.772017408|00#| work_queue_worker[1] wq: Sending resource description to master:
2019/11/23 18:39:41.77 #|1574534381.772028901|00#| work_queue_worker[1] wq:  workers      0 inuse      1 total      1 smallest      1 largest
2019/11/23 18:39:41.77 #|1574534381.772063073|00#| work_queue_worker[1] wq:     disk      0 inuse   2271 total   2271 smallest   2271 largest
2019/11/23 18:39:41.77 #|1574534381.772098641|00#| work_queue_worker[1] wq:   memory      0 inuse  11908 total  11908 smallest  11908 largest
2019/11/23 18:39:41.77 #|1574534381.772134016|00#| work_queue_worker[1] wq:     gpus      0 inuse      0 total      0 smallest      0 largest
2019/11/23 18:39:41.77 #|1574534381.772169432|00#| work_queue_worker[1] wq:    cores      0 inuse      1 total      1 smallest      1 largest
2019/11/23 18:39:41.77 #|1574534381.772221352|00#| work_queue_worker[1] wq: tx to master: info end_of_resource_update 0
2019/11/23 18:39:41.77 #|1574534381.772271170|00#| work_queue_worker[1] wq: tx to master: info tasks_running 0
2019/11/23 18:39:41.77 #|1574534381.772286206|00#| work_queue_worker[1] wq: working for master at 10.0.133.2:1026.
2019/11/23 18:41:40.33 #|1574534500.338418201|00#| work_queue_worker[1] wq: rx from master: put file-0-c5ee5a022e0a239ae11f2cc3e034beda-query.fastq.4 2044000 0644 1
2019/11/23 18:41:40.33 #|1574534500.338470858|00#| work_queue_worker[1] wq: Putting file file-0-c5ee5a022e0a239ae11f2cc3e034beda-query.fastq.4 into workspace
2019/11/23 18:41:40.34 #|1574534500.343114174|00#| work_queue_worker[1] wq: rx from master: put file-0-971da570f958f7598fb58342dc472274-ref.fasta.sa 50000056 0644 1
2019/11/23 18:41:40.34 #|1574534500.343152124|00#| work_queue_worker[1] wq: Putting file file-0-971da570f958f7598fb58342dc472274-ref.fasta.sa into workspace
2019/11/23 18:41:40.41 #|1574534500.412708250|00#| work_queue_worker[1] wq: rx from master: put file-0-35f59a9883b4870b84f03717aff16002-ref.fasta.ann 5866697 0644 1
2019/11/23 18:41:40.41 #|1574534500.412744855|00#| work_queue_worker[1] wq: Putting file file-0-35f59a9883b4870b84f03717aff16002-ref.fasta.ann into workspace
2019/11/23 18:41:40.42 #|1574534500.420464342|00#| work_queue_worker[1] wq: rx from master: put file-0-1aba5e7adecebe065db19a405fb8bdf0-ref.fasta.amb 19 0644 1
2019/11/23 18:41:40.42 #|1574534500.420505165|00#| work_queue_worker[1] wq: Putting file file-0-1aba5e7adecebe065db19a405fb8bdf0-ref.fasta.amb into workspace
2019/11/23 18:41:40.42 #|1574534500.420593414|00#| work_queue_worker[1] wq: rx from master: put file-0-d4ff2b390cdd34b642d74a1cd1b59b97-ref.fasta.pac 25000002 0644 1
2019/11/23 18:41:40.42 #|1574534500.420614735|00#| work_queue_worker[1] wq: Putting file file-0-d4ff2b390cdd34b642d74a1cd1b59b97-ref.fasta.pac into workspace
2019/11/23 18:41:40.45 #|1574534500.453158488|00#| work_queue_worker[1] wq: rx from master: put file-0-0cadea4f68da3f941c5b5f0c963a59f8-ref.fasta.bwt 100000072 0644 1
2019/11/23 18:41:40.45 #|1574534500.453200479|00#| work_queue_worker[1] wq: Putting file file-0-0cadea4f68da3f941c5b5f0c963a59f8-ref.fasta.bwt into workspace
2019/11/23 18:41:40.58 #|1574534500.583723466|00#| work_queue_worker[1] wq: rx from master: put file-0-b08c3e9746692f64bcb9a448620c7967-ref.fasta 105477790 0644 1
2019/11/23 18:41:40.58 #|1574534500.583765043|00#| work_queue_worker[1] wq: Putting file file-0-b08c3e9746692f64bcb9a448620c7967-ref.fasta into workspace
2019/11/23 18:41:40.72 #|1574534500.720669444|00#| work_queue_worker[1] wq: rx from master: put file-0-a6be17d8a097bb9efd120be10bbc654c-bwa 1444312 0755 1
2019/11/23 18:41:40.72 #|1574534500.720706874|00#| work_queue_worker[1] wq: Putting file file-0-a6be17d8a097bb9efd120be10bbc654c-bwa into workspace
2019/11/23 18:41:40.72 #|1574534500.722250086|00#| work_queue_worker[1] wq: rx from master: task 6
2019/11/23 18:41:40.72 #|1574534500.722276910|00#| work_queue_worker[1] wq: rx from master: cmd 58
2019/11/23 18:41:40.72 #|1574534500.722294981|00#| work_queue_worker[1] wq: rx from master: ./bwa mem ref.fasta query.fastq.4 > Out.4.sam 2> mem.4.err
2019/11/23 18:41:40.72 #|1574534500.722304689|00#| work_queue_worker[1] wq: rx from master: category default
2019/11/23 18:41:40.72 #|1574534500.722314956|00#| work_queue_worker[1] wq: rx from master: cores 1
2019/11/23 18:41:40.72 #|1574534500.722325923|00#| work_queue_worker[1] wq: rx from master: memory 11908
2019/11/23 18:41:40.72 #|1574534500.722336500|00#| work_queue_worker[1] wq: rx from master: disk 2271
2019/11/23 18:41:40.72 #|1574534500.722346978|00#| work_queue_worker[1] wq: rx from master: gpus 0
2019/11/23 18:41:40.72 #|1574534500.722357696|00#| work_queue_worker[1] wq: rx from master: end_time 18446744073709551615
2019/11/23 18:41:40.72 #|1574534500.722369475|00#| work_queue_worker[1] wq: rx from master: wall_time 18446744073709551615
2019/11/23 18:41:40.72 #|1574534500.722380460|00#| work_queue_worker[1] wq: rx from master: env 7
2019/11/23 18:41:40.72 #|1574534500.722401024|00#| work_queue_worker[1] wq: rx from master: env 17
2019/11/23 18:41:40.72 #|1574534500.722414242|00#| work_queue_worker[1] wq: rx from master: infile file-0-c5ee5a022e0a239ae11f2cc3e034beda-query.fastq.4 query.fastq.4 1
2019/11/23 18:41:40.72 #|1574534500.722444496|00#| work_queue_worker[1] wq: rx from master: infile file-0-971da570f958f7598fb58342dc472274-ref.fasta.sa ref.fasta.sa 1
2019/11/23 18:41:40.72 #|1574534500.722464147|00#| work_queue_worker[1] wq: rx from master: infile file-0-35f59a9883b4870b84f03717aff16002-ref.fasta.ann ref.fasta.ann 1
2019/11/23 18:41:40.72 #|1574534500.722483270|00#| work_queue_worker[1] wq: rx from master: infile file-0-1aba5e7adecebe065db19a405fb8bdf0-ref.fasta.amb ref.fasta.amb 1
2019/11/23 18:41:40.72 #|1574534500.722502681|00#| work_queue_worker[1] wq: rx from master: infile file-0-d4ff2b390cdd34b642d74a1cd1b59b97-ref.fasta.pac ref.fasta.pac 1
2019/11/23 18:41:40.72 #|1574534500.722542732|00#| work_queue_worker[1] wq: rx from master: infile file-0-0cadea4f68da3f941c5b5f0c963a59f8-ref.fasta.bwt ref.fasta.bwt 1
2019/11/23 18:41:40.72 #|1574534500.722571503|00#| work_queue_worker[1] wq: rx from master: infile file-0-b08c3e9746692f64bcb9a448620c7967-ref.fasta ref.fasta 1
2019/11/23 18:41:40.72 #|1574534500.722590182|00#| work_queue_worker[1] wq: rx from master: infile file-0-a6be17d8a097bb9efd120be10bbc654c-bwa bwa 1
2019/11/23 18:41:40.72 #|1574534500.722608125|00#| work_queue_worker[1] wq: rx from master: outfile file-0-3658071a13d1b9697b3a2af7ff4bbbde-mem.4.err mem.4.err 1
2019/11/23 18:41:40.72 #|1574534500.722626731|00#| work_queue_worker[1] wq: rx from master: outfile file-0-1aaaa4a6080cbc532975cbd62f7898e9-Out.4.sam Out.4.sam 1
2019/11/23 18:41:40.72 #|1574534500.722644552|00#| work_queue_worker[1] wq: rx from master: end
2019/11/23 18:41:40.72 #|1574534500.722778822|00#| work_queue_worker[1] wq: linking cache/file-0-c5ee5a022e0a239ae11f2cc3e034beda-query.fastq.4 to /tmp/worker-0-1/t.6/query.fastq.4
2019/11/23 18:41:40.72 #|1574534500.722818926|00#| work_queue_worker[1] wq: linking cache/file-0-971da570f958f7598fb58342dc472274-ref.fasta.sa to /tmp/worker-0-1/t.6/ref.fasta.sa
2019/11/23 18:41:40.72 #|1574534500.722852956|00#| work_queue_worker[1] wq: linking cache/file-0-35f59a9883b4870b84f03717aff16002-ref.fasta.ann to /tmp/worker-0-1/t.6/ref.fasta.ann
2019/11/23 18:41:40.72 #|1574534500.722886364|00#| work_queue_worker[1] wq: linking cache/file-0-1aba5e7adecebe065db19a405fb8bdf0-ref.fasta.amb to /tmp/worker-0-1/t.6/ref.fasta.amb
2019/11/23 18:41:40.72 #|1574534500.722919579|00#| work_queue_worker[1] wq: linking cache/file-0-d4ff2b390cdd34b642d74a1cd1b59b97-ref.fasta.pac to /tmp/worker-0-1/t.6/ref.fasta.pac
2019/11/23 18:41:40.72 #|1574534500.722953128|00#| work_queue_worker[1] wq: linking cache/file-0-0cadea4f68da3f941c5b5f0c963a59f8-ref.fasta.bwt to /tmp/worker-0-1/t.6/ref.fasta.bwt
2019/11/23 18:41:40.72 #|1574534500.722986550|00#| work_queue_worker[1] wq: linking cache/file-0-b08c3e9746692f64bcb9a448620c7967-ref.fasta to /tmp/worker-0-1/t.6/ref.fasta
2019/11/23 18:41:40.72 #|1574534500.723019279|00#| work_queue_worker[1] wq: linking cache/file-0-a6be17d8a097bb9efd120be10bbc654c-bwa to /tmp/worker-0-1/t.6/bwa
2019/11/23 18:41:40.72 #|1574534500.723048316|00#| work_queue_worker[1] wq: Waiting task 6 has been forsaken.
2019/11/23 18:41:40.72 #|1574534500.723059557|00#| work_queue_worker[1] wq: tx to master: alive
2019/11/23 18:41:40.72 #|1574534500.723130542|00#| work_queue_worker[1] wq: Sending resource description to master:
2019/11/23 18:41:40.72 #|1574534500.723144291|00#| work_queue_worker[1] wq:  workers      0 inuse      1 total      1 smallest      1 largest
2019/11/23 18:41:40.72 #|1574534500.723196971|00#| work_queue_worker[1] wq:     disk      0 inuse   1663 total   1663 smallest   1663 largest
2019/11/23 18:41:40.72 #|1574534500.723249312|00#| work_queue_worker[1] wq:   memory      0 inuse  11908 total  11908 smallest  11908 largest
2019/11/23 18:41:40.72 #|1574534500.723300834|00#| work_queue_worker[1] wq:     gpus      0 inuse      0 total      0 smallest      0 largest
2019/11/23 18:41:40.72 #|1574534500.723361562|00#| work_queue_worker[1] wq:    cores      0 inuse      1 total      1 smallest      1 largest
2019/11/23 18:41:40.72 #|1574534500.723443897|00#| work_queue_worker[1] wq: tx to master: info end_of_resource_update 0
2019/11/23 18:41:40.72 #|1574534500.723495735|00#| work_queue_worker[1] wq: tx to master: info tasks_running 0
2019/11/23 18:41:40.72 #|1574534500.723547390|00#| work_queue_worker[1] wq: tx to master: info tasks_running 0
2019/11/23 18:41:40.72 #|1574534500.723600107|00#| work_queue_worker[1] wq: tx to master: available_results
2019/11/23 18:41:40.73 #|1574534500.732941567|00#| work_queue_worker[1] wq: rx from master: send_results -1
2019/11/23 18:41:40.73 #|1574534500.732982801|00#| work_queue_worker[1] wq: tx to master: result 40 0 0 0 6
2019/11/23 18:41:40.73 #|1574534500.733070884|00#| work_queue_worker[1] wq: tx to master: info tasks_running 0
2019/11/23 18:41:40.73 #|1574534500.733141697|00#| work_queue_worker[1] wq: tx to master: end
2019/11/23 18:41:40.73 #|1574534500.733562904|00#| work_queue_worker[1] wq: rx from master: task 6
2019/11/23 18:41:40.73 #|1574534500.733668515|00#| work_queue_worker[1] wq: rx from master: cmd 58
2019/11/23 18:41:40.73 #|1574534500.733695997|00#| work_queue_worker[1] wq: rx from master: ./bwa mem ref.fasta query.fastq.4 > Out.4.sam 2> mem.4.err
2019/11/23 18:41:40.73 #|1574534500.733793822|00#| work_queue_worker[1] wq: rx from master: category default
2019/11/23 18:41:40.73 #|1574534500.733829084|00#| work_queue_worker[1] wq: rx from master: cores 1
2019/11/23 18:41:40.73 #|1574534500.733916011|00#| work_queue_worker[1] wq: rx from master: memory 11908
2019/11/23 18:41:40.73 #|1574534500.733952382|00#| work_queue_worker[1] wq: rx from master: disk 1663
2019/11/23 18:41:40.73 #|1574534500.734042453|00#| work_queue_worker[1] wq: rx from master: gpus 0
2019/11/23 18:41:40.73 #|1574534500.734080722|00#| work_queue_worker[1] wq: rx from master: end_time 18446744073709551615
2019/11/23 18:41:40.73 #|1574534500.734169032|00#| work_queue_worker[1] wq: rx from master: wall_time 18446744073709551615
2019/11/23 18:41:40.73 #|1574534500.734212546|00#| work_queue_worker[1] wq: rx from master: env 7
2019/11/23 18:41:40.73 #|1574534500.734299043|00#| work_queue_worker[1] wq: rx from master: env 17
2019/11/23 18:41:40.73 #|1574534500.734337730|00#| work_queue_worker[1] wq: rx from master: infile file-0-c5ee5a022e0a239ae11f2cc3e034beda-query.fastq.4 query.fastq.4 1
2019/11/23 18:41:40.73 #|1574534500.734428301|00#| work_queue_worker[1] wq: rx from master: infile file-0-971da570f958f7598fb58342dc472274-ref.fasta.sa ref.fasta.sa 1
2019/11/23 18:41:40.73 #|1574534500.734457619|00#| work_queue_worker[1] wq: rx from master: infile file-0-35f59a9883b4870b84f03717aff16002-ref.fasta.ann ref.fasta.ann 1
2019/11/23 18:41:40.73 #|1574534500.734574624|00#| work_queue_worker[1] wq: rx from master: infile file-0-1aba5e7adecebe065db19a405fb8bdf0-ref.fasta.amb ref.fasta.amb 1
2019/11/23 18:41:40.73 #|1574534500.734623979|00#| work_queue_worker[1] wq: rx from master: infile file-0-d4ff2b390cdd34b642d74a1cd1b59b97-ref.fasta.pac ref.fasta.pac 1
2019/11/23 18:41:40.73 #|1574534500.734716643|00#| work_queue_worker[1] wq: rx from master: infile file-0-0cadea4f68da3f941c5b5f0c963a59f8-ref.fasta.bwt ref.fasta.bwt 1
2019/11/23 18:41:40.73 #|1574534500.734746538|00#| work_queue_worker[1] wq: rx from master: infile file-0-b08c3e9746692f64bcb9a448620c7967-ref.fasta ref.fasta 1
2019/11/23 18:41:40.73 #|1574534500.734836007|00#| work_queue_worker[1] wq: rx from master: infile file-0-a6be17d8a097bb9efd120be10bbc654c-bwa bwa 1
2019/11/23 18:41:40.73 #|1574534500.734864376|00#| work_queue_worker[1] wq: rx from master: outfile file-0-3658071a13d1b9697b3a2af7ff4bbbde-mem.4.err mem.4.err 1
2019/11/23 18:41:40.73 #|1574534500.734956351|00#| work_queue_worker[1] wq: rx from master: outfile file-0-1aaaa4a6080cbc532975cbd62f7898e9-Out.4.sam Out.4.sam 1
2019/11/23 18:41:40.73 #|1574534500.734984498|00#| work_queue_worker[1] wq: rx from master: end
2019/11/23 18:41:40.73 #|1574534500.735105886|00#| work_queue_worker[1] wq: linking cache/file-0-c5ee5a022e0a239ae11f2cc3e034beda-query.fastq.4 to /tmp/worker-0-1/t.6/query.fastq.4
2019/11/23 18:41:40.73 #|1574534500.735142793|00#| work_queue_worker[1] wq: linking cache/file-0-971da570f958f7598fb58342dc472274-ref.fasta.sa to /tmp/worker-0-1/t.6/ref.fasta.sa
2019/11/23 18:41:40.73 #|1574534500.735170073|00#| work_queue_worker[1] wq: linking cache/file-0-35f59a9883b4870b84f03717aff16002-ref.fasta.ann to /tmp/worker-0-1/t.6/ref.fasta.ann
2019/11/23 18:41:40.73 #|1574534500.735196164|00#| work_queue_worker[1] wq: linking cache/file-0-1aba5e7adecebe065db19a405fb8bdf0-ref.fasta.amb to /tmp/worker-0-1/t.6/ref.fasta.amb
2019/11/23 18:41:40.73 #|1574534500.735222223|00#| work_queue_worker[1] wq: linking cache/file-0-d4ff2b390cdd34b642d74a1cd1b59b97-ref.fasta.pac to /tmp/worker-0-1/t.6/ref.fasta.pac
2019/11/23 18:41:40.73 #|1574534500.735248424|00#| work_queue_worker[1] wq: linking cache/file-0-0cadea4f68da3f941c5b5f0c963a59f8-ref.fasta.bwt to /tmp/worker-0-1/t.6/ref.fasta.bwt
2019/11/23 18:41:40.73 #|1574534500.735274595|00#| work_queue_worker[1] wq: linking cache/file-0-b08c3e9746692f64bcb9a448620c7967-ref.fasta to /tmp/worker-0-1/t.6/ref.fasta
2019/11/23 18:41:40.73 #|1574534500.735301112|00#| work_queue_worker[1] wq: linking cache/file-0-a6be17d8a097bb9efd120be10bbc654c-bwa to /tmp/worker-0-1/t.6/bwa
2019/11/23 18:41:40.73 #|1574534500.735547713|00#| work_queue_worker[1] wq: started process 9: ./bwa mem ref.fasta query.fastq.4 > Out.4.sam 2> mem.4.err
2019/11/23 18:41:40.73 #|1574534500.735591842|00#| work_queue_worker[1] wq: tx to master: info tasks_running 1
2019/11/23 18:41:43.57 #|1574534503.576085366|00#| work_queue_worker[1] wq: task 6 (pid 9) exited normally with exit code 0
2019/11/23 18:41:43.57 #|1574534503.576123890|00#| work_queue_worker[1] wq: moving output file from /tmp/worker-0-1/t.6/mem.4.err to cache/file-0-3658071a13d1b9697b3a2af7ff4bbbde-mem.4.err
2019/11/23 18:41:43.57 #|1574534503.576186951|00#| work_queue_worker[1] wq: moving output file from /tmp/worker-0-1/t.6/Out.4.sam to cache/file-0-1aaaa4a6080cbc532975cbd62f7898e9-Out.4.sam
2019/11/23 18:41:43.57 #|1574534503.576497364|00#| work_queue_worker[1] wq: tx to master: available_results
2019/11/23 18:41:43.58 #|1574534503.589929178|00#| work_queue_worker[1] wq: rx from master: send_results -1
2019/11/23 18:41:43.58 #|1574534503.589980502|00#| work_queue_worker[1] wq: tx to master: result 0 0 0 2840734 6
2019/11/23 18:41:43.59 #|1574534503.590063483|00#| work_queue_worker[1] wq: tx to master: info tasks_running 0
2019/11/23 18:41:43.59 #|1574534503.590121153|00#| work_queue_worker[1] wq: tx to master: end
2019/11/23 18:41:43.60 #|1574534503.601691101|00#| work_queue_worker[1] wq: rx from master: get file-0-3658071a13d1b9697b3a2af7ff4bbbde-mem.4.err 1
2019/11/23 18:41:43.60 #|1574534503.601745132|00#| work_queue_worker[1] wq: tx to master: file file-0-3658071a13d1b9697b3a2af7ff4bbbde-mem.4.err 297
2019/11/23 18:41:43.60 #|1574534503.601875679|00#| work_queue_worker[1] wq: tx to master: end
2019/11/23 18:41:43.60 #|1574534503.602194176|00#| work_queue_worker[1] wq: rx from master: get file-0-1aaaa4a6080cbc532975cbd62f7898e9-Out.4.sam 1
2019/11/23 18:41:43.60 #|1574534503.602236219|00#| work_queue_worker[1] wq: tx to master: file file-0-1aaaa4a6080cbc532975cbd62f7898e9-Out.4.sam 7097025
2019/11/23 18:41:43.61 #|1574534503.611092380|00#| work_queue_worker[1] wq: tx to master: end
2019/11/23 18:41:43.61 #|1574534503.612981036|00#| work_queue_worker[1] wq: rx from master: kill 6
2019/11/23 18:41:59.17 #|1574534519.179877313|00#| work_queue_worker[1] wq: rx from master: put file-0-048045060f61089a83cce204e6b8f151-corr.out 0 0644 1
2019/11/23 18:41:59.17 #|1574534519.179925517|00#| work_queue_worker[1] wq: Putting file file-0-048045060f61089a83cce204e6b8f151-corr.out into workspace
2019/11/23 18:41:59.18 #|1574534519.180012882|00#| work_queue_worker[1] wq: rx from master: put file-0-11ac100e7c885c7ba05e6e81cabe3d13-ref.fasta.98 1055000 0644 1
2019/11/23 18:41:59.18 #|1574534519.180051815|00#| work_queue_worker[1] wq: Putting file file-0-11ac100e7c885c7ba05e6e81cabe3d13-ref.fasta.98 into workspace
2019/11/23 18:41:59.18 #|1574534519.182004852|00#| work_queue_worker[1] wq: rx from master: put file-0-ddd728dc31a49bcd4cacae5676b4e7f7-Create_Corrected_AllLRReads.py 1402 0755 1
2019/11/23 18:41:59.18 #|1574534519.182036893|00#| work_queue_worker[1] wq: Putting file file-0-ddd728dc31a49bcd4cacae5676b4e7f7-Create_Corrected_AllLRReads.py into workspace
2019/11/23 18:41:59.18 #|1574534519.182114974|00#| work_queue_worker[1] wq: rx from master: task 14
2019/11/23 18:41:59.18 #|1574534519.182139275|00#| work_queue_worker[1] wq: rx from master: cmd 76
2019/11/23 18:41:59.18 #|1574534519.182155505|00#| work_queue_worker[1] wq: rx from master: python Create_Corrected_AllLRReads.py ref.fasta.98 corr.out 2> create.err.98
2019/11/23 18:41:59.18 #|1574534519.182167908|00#| work_queue_worker[1] wq: rx from master: category default
2019/11/23 18:41:59.18 #|1574534519.182180959|00#| work_queue_worker[1] wq: rx from master: cores 1
2019/11/23 18:41:59.18 #|1574534519.182240694|00#| work_queue_worker[1] wq: rx from master: memory 11908
2019/11/23 18:41:59.18 #|1574534519.182260634|00#| work_queue_worker[1] wq: rx from master: disk 1663
2019/11/23 18:41:59.18 #|1574534519.182274963|00#| work_queue_worker[1] wq: rx from master: gpus 0
2019/11/23 18:41:59.18 #|1574534519.182289332|00#| work_queue_worker[1] wq: rx from master: end_time 18446744073709551615
2019/11/23 18:41:59.18 #|1574534519.182304748|00#| work_queue_worker[1] wq: rx from master: wall_time 18446744073709551615
2019/11/23 18:41:59.18 #|1574534519.182319421|00#| work_queue_worker[1] wq: rx from master: env 7
2019/11/23 18:41:59.18 #|1574534519.182374718|00#| work_queue_worker[1] wq: rx from master: env 17
2019/11/23 18:41:59.18 #|1574534519.182398773|00#| work_queue_worker[1] wq: rx from master: infile file-0-048045060f61089a83cce204e6b8f151-corr.out corr.out 1
2019/11/23 18:41:59.18 #|1574534519.182429701|00#| work_queue_worker[1] wq: rx from master: infile file-0-11ac100e7c885c7ba05e6e81cabe3d13-ref.fasta.98 ref.fasta.98 1
2019/11/23 18:41:59.18 #|1574534519.182493966|00#| work_queue_worker[1] wq: rx from master: infile file-0-ddd728dc31a49bcd4cacae5676b4e7f7-Create_Corrected_AllLRReads.py Create_Corrected_AllLRReads.py 1
2019/11/23 18:41:59.18 #|1574534519.182592045|00#| work_queue_worker[1] wq: rx from master: outfile file-0-81af70a3a91e7b863b8c6f8507692725-create.err.98 create.err.98 1
2019/11/23 18:41:59.18 #|1574534519.182669044|00#| work_queue_worker[1] wq: rx from master: outfile file-0-32e124a98748c1cbc30db68693a75dae-Corrected_ref.fasta.98 Corrected_ref.fasta.98 1
2019/11/23 18:41:59.18 #|1574534519.182701323|00#| work_queue_worker[1] wq: rx from master: end
2019/11/23 18:41:59.18 #|1574534519.182824171|00#| work_queue_worker[1] wq: linking cache/file-0-048045060f61089a83cce204e6b8f151-corr.out to /tmp/worker-0-1/t.14/corr.out
2019/11/23 18:41:59.18 #|1574534519.182870834|00#| work_queue_worker[1] wq: linking cache/file-0-11ac100e7c885c7ba05e6e81cabe3d13-ref.fasta.98 to /tmp/worker-0-1/t.14/ref.fasta.98
2019/11/23 18:41:59.18 #|1574534519.182912696|00#| work_queue_worker[1] wq: linking cache/file-0-ddd728dc31a49bcd4cacae5676b4e7f7-Create_Corrected_AllLRReads.py to /tmp/worker-0-1/t.14/Create_Corrected_AllLRReads.py
2019/11/23 18:41:59.18 #|1574534519.182948574|00#| work_queue_worker[1] wq: Waiting task 14 has been forsaken.
2019/11/23 18:41:59.18 #|1574534519.182962828|00#| work_queue_worker[1] wq: tx to master: alive
2019/11/23 18:41:59.18 #|1574534519.183015476|00#| work_queue_worker[1] wq: Sending resource description to master:
2019/11/23 18:41:59.18 #|1574534519.183031155|00#| work_queue_worker[1] wq:  workers      0 inuse      1 total      1 smallest      1 largest
2019/11/23 18:41:59.18 #|1574534519.183077683|00#| work_queue_worker[1] wq:     disk    284 inuse    388 total    388 smallest    388 largest
2019/11/23 18:41:59.18 #|1574534519.183125127|00#| work_queue_worker[1] wq:   memory      0 inuse  11908 total  11908 smallest  11908 largest
2019/11/23 18:41:59.18 #|1574534519.183186194|00#| work_queue_worker[1] wq:     gpus      0 inuse      0 total      0 smallest      0 largest
2019/11/23 18:41:59.18 #|1574534519.183234383|00#| work_queue_worker[1] wq:    cores      0 inuse      1 total      1 smallest      1 largest
2019/11/23 18:41:59.18 #|1574534519.183304658|00#| work_queue_worker[1] wq: tx to master: info end_of_resource_update 0
2019/11/23 18:41:59.18 #|1574534519.183352116|00#| work_queue_worker[1] wq: tx to master: info tasks_running 0
2019/11/23 18:41:59.18 #|1574534519.183399306|00#| work_queue_worker[1] wq: tx to master: info tasks_running 0
2019/11/23 18:41:59.18 #|1574534519.183446445|00#| work_queue_worker[1] wq: tx to master: available_results
2019/11/23 18:41:59.21 #|1574534519.217250060|00#| work_queue_worker[1] wq: rx from master: send_results -1
2019/11/23 18:41:59.21 #|1574534519.217297136|00#| work_queue_worker[1] wq: tx to master: result 40 0 0 0 14
2019/11/23 18:41:59.21 #|1574534519.217383396|00#| work_queue_worker[1] wq: tx to master: info tasks_running 0
2019/11/23 18:41:59.21 #|1574534519.217445738|00#| work_queue_worker[1] wq: tx to master: end
2019/11/23 18:41:59.21 #|1574534519.218270559|00#| work_queue_worker[1] wq: rx from master: put file-0-0200ff9e3f5dbb460563f55171b67d14-ref.fasta.87 1055000 0644 1
2019/11/23 18:41:59.21 #|1574534519.218304543|00#| work_queue_worker[1] wq: Putting file file-0-0200ff9e3f5dbb460563f55171b67d14-ref.fasta.87 into workspace
2019/11/23 18:41:59.21 #|1574534519.219735780|00#| work_queue_worker[1] wq: rx from master: task 25
2019/11/23 18:41:59.21 #|1574534519.219755383|00#| work_queue_worker[1] wq: rx from master: cmd 76
2019/11/23 18:41:59.21 #|1574534519.219766796|00#| work_queue_worker[1] wq: rx from master: python Create_Corrected_AllLRReads.py ref.fasta.87 corr.out 2> create.err.87
2019/11/23 18:41:59.21 #|1574534519.219775901|00#| work_queue_worker[1] wq: rx from master: category default
2019/11/23 18:41:59.21 #|1574534519.219785437|00#| work_queue_worker[1] wq: rx from master: cores 1
2019/11/23 18:41:59.21 #|1574534519.219795610|00#| work_queue_worker[1] wq: rx from master: memory 11908
2019/11/23 18:41:59.21 #|1574534519.219833830|00#| work_queue_worker[1] wq: rx from master: disk 388
2019/11/23 18:41:59.21 #|1574534519.219848590|00#| work_queue_worker[1] wq: rx from master: gpus 0
2019/11/23 18:41:59.21 #|1574534519.219859461|00#| work_queue_worker[1] wq: rx from master: end_time 18446744073709551615
2019/11/23 18:41:59.21 #|1574534519.219870899|00#| work_queue_worker[1] wq: rx from master: wall_time 18446744073709551615
2019/11/23 18:41:59.21 #|1574534519.219904485|00#| work_queue_worker[1] wq: rx from master: env 7
2019/11/23 18:41:59.21 #|1574534519.219921686|00#| work_queue_worker[1] wq: rx from master: env 17
2019/11/23 18:41:59.21 #|1574534519.219936745|00#| work_queue_worker[1] wq: rx from master: infile file-0-048045060f61089a83cce204e6b8f151-corr.out corr.out 1
2019/11/23 18:41:59.21 #|1574534519.219982118|00#| work_queue_worker[1] wq: rx from master: infile file-0-0200ff9e3f5dbb460563f55171b67d14-ref.fasta.87 ref.fasta.87 1
2019/11/23 18:41:59.22 #|1574534519.220009512|00#| work_queue_worker[1] wq: rx from master: infile file-0-ddd728dc31a49bcd4cacae5676b4e7f7-Create_Corrected_AllLRReads.py Create_Corrected_AllLRReads.py 1
2019/11/23 18:41:59.22 #|1574534519.220166510|00#| work_queue_worker[1] wq: rx from master: outfile file-0-abb00d702c2210e22a756a3c29649b0b-create.err.87 create.err.87 1
2019/11/23 18:41:59.22 #|1574534519.220198662|00#| work_queue_worker[1] wq: rx from master: outfile file-0-735dd472f869e12236270c2005ff2409-Corrected_ref.fasta.87 Corrected_ref.fasta.87 1
2019/11/23 18:41:59.22 #|1574534519.220222062|00#| work_queue_worker[1] wq: rx from master: end
2019/11/23 18:41:59.22 #|1574534519.220331943|00#| work_queue_worker[1] wq: linking cache/file-0-048045060f61089a83cce204e6b8f151-corr.out to /tmp/worker-0-1/t.25/corr.out
2019/11/23 18:41:59.22 #|1574534519.220370176|00#| work_queue_worker[1] wq: linking cache/file-0-0200ff9e3f5dbb460563f55171b67d14-ref.fasta.87 to /tmp/worker-0-1/t.25/ref.fasta.87
2019/11/23 18:41:59.22 #|1574534519.220411477|00#| work_queue_worker[1] wq: linking cache/file-0-ddd728dc31a49bcd4cacae5676b4e7f7-Create_Corrected_AllLRReads.py to /tmp/worker-0-1/t.25/Create_Corrected_AllLRReads.py
2019/11/23 18:41:59.22 #|1574534519.220584234|00#| work_queue_worker[1] wq: started process 15: python Create_Corrected_AllLRReads.py ref.fasta.87 corr.out 2> create.err.87
2019/11/23 18:41:59.22 #|1574534519.220627988|00#| work_queue_worker[1] wq: tx to master: info tasks_running 1
2019/11/23 18:41:59.28 #|1574534519.286050957|00#| work_queue_worker[1] wq: task 25 (pid 15) exited normally with exit code 0
2019/11/23 18:41:59.28 #|1574534519.286073629|00#| work_queue_worker[1] wq: moving output file from /tmp/worker-0-1/t.25/create.err.87 to cache/file-0-abb00d702c2210e22a756a3c29649b0b-create.err.87
2019/11/23 18:41:59.28 #|1574534519.286121966|00#| work_queue_worker[1] wq: moving output file from /tmp/worker-0-1/t.25/Corrected_ref.fasta.87 to cache/file-0-735dd472f869e12236270c2005ff2409-Corrected_ref.fasta.87
2019/11/23 18:41:59.28 #|1574534519.286156915|00#| work_queue_worker[1] wq: tx to master: available_results
2019/11/23 18:41:59.28 #|1574534519.289157452|00#| work_queue_worker[1] wq: rx from master: send_results -1
2019/11/23 18:41:59.28 #|1574534519.289199010|00#| work_queue_worker[1] wq: tx to master: result 0 0 0 65607 25
2019/11/23 18:41:59.28 #|1574534519.289283407|00#| work_queue_worker[1] wq: tx to master: info tasks_running 0
2019/11/23 18:41:59.28 #|1574534519.289349908|00#| work_queue_worker[1] wq: tx to master: end
2019/11/23 18:41:59.28 #|1574534519.289899209|00#| work_queue_worker[1] wq: rx from master: get file-0-abb00d702c2210e22a756a3c29649b0b-create.err.87 1
2019/11/23 18:41:59.28 #|1574534519.289935501|00#| work_queue_worker[1] wq: tx to master: file file-0-abb00d702c2210e22a756a3c29649b0b-create.err.87 0
2019/11/23 18:41:59.29 #|1574534519.290009398|00#| work_queue_worker[1] wq: tx to master: end
2019/11/23 18:41:59.29 #|1574534519.290332547|00#| work_queue_worker[1] wq: rx from master: get file-0-735dd472f869e12236270c2005ff2409-Corrected_ref.fasta.87 1
2019/11/23 18:41:59.29 #|1574534519.290366024|00#| work_queue_worker[1] wq: tx to master: file file-0-735dd472f869e12236270c2005ff2409-Corrected_ref.fasta.87 1055000
2019/11/23 18:41:59.29 #|1574534519.292413825|00#| work_queue_worker[1] wq: tx to master: end
2019/11/23 18:41:59.29 #|1574534519.293299947|00#| work_queue_worker[1] wq: rx from master: kill 25
2019/11/23 18:41:59.31 #|1574534519.314602275|00#| work_queue_worker[1] wq: rx from master: put file-0-1105f050d3b758ee27606aa952a93a39-ref.fasta.79 1055000 0644 1
2019/11/23 18:41:59.31 #|1574534519.314652110|00#| work_queue_worker[1] wq: Putting file file-0-1105f050d3b758ee27606aa952a93a39-ref.fasta.79 into workspace
2019/11/23 18:41:59.31 #|1574534519.316448635|00#| work_queue_worker[1] wq: rx from master: task 33
2019/11/23 18:41:59.31 #|1574534519.316470204|00#| work_queue_worker[1] wq: rx from master: cmd 76
2019/11/23 18:41:59.31 #|1574534519.316482585|00#| work_queue_worker[1] wq: rx from master: python Create_Corrected_AllLRReads.py ref.fasta.79 corr.out 2> create.err.79
2019/11/23 18:41:59.31 #|1574534519.316492332|00#| work_queue_worker[1] wq: rx from master: category default
2019/11/23 18:41:59.31 #|1574534519.316502153|00#| work_queue_worker[1] wq: rx from master: cores 1
2019/11/23 18:41:59.31 #|1574534519.316512239|00#| work_queue_worker[1] wq: rx from master: memory 11908
2019/11/23 18:41:59.31 #|1574534519.316522307|00#| work_queue_worker[1] wq: rx from master: disk 388
2019/11/23 18:41:59.31 #|1574534519.316532178|00#| work_queue_worker[1] wq: rx from master: gpus 0
2019/11/23 18:41:59.31 #|1574534519.316542493|00#| work_queue_worker[1] wq: rx from master: end_time 18446744073709551615
2019/11/23 18:41:59.31 #|1574534519.316553574|00#| work_queue_worker[1] wq: rx from master: wall_time 18446744073709551615
2019/11/23 18:41:59.31 #|1574534519.316564192|00#| work_queue_worker[1] wq: rx from master: env 7
2019/11/23 18:41:59.31 #|1574534519.316583810|00#| work_queue_worker[1] wq: rx from master: env 17
2019/11/23 18:41:59.31 #|1574534519.316603711|00#| work_queue_worker[1] wq: rx from master: infile file-0-048045060f61089a83cce204e6b8f151-corr.out corr.out 1
2019/11/23 18:41:59.31 #|1574534519.316626910|00#| work_queue_worker[1] wq: rx from master: infile file-0-1105f050d3b758ee27606aa952a93a39-ref.fasta.79 ref.fasta.79 1
2019/11/23 18:41:59.31 #|1574534519.316647158|00#| work_queue_worker[1] wq: rx from master: infile file-0-ddd728dc31a49bcd4cacae5676b4e7f7-Create_Corrected_AllLRReads.py Create_Corrected_AllLRReads.py 1
2019/11/23 18:41:59.31 #|1574534519.316667484|00#| work_queue_worker[1] wq: rx from master: outfile file-0-62164fe58c5000384c41a51bd3bcfc7b-create.err.79 create.err.79 1
2019/11/23 18:41:59.31 #|1574534519.316687401|00#| work_queue_worker[1] wq: rx from master: outfile file-0-5ce1cf93f1232ab6a2ba8d49011b5cd9-Corrected_ref.fasta.79 Corrected_ref.fasta.79 1
2019/11/23 18:41:59.31 #|1574534519.316706917|00#| work_queue_worker[1] wq: rx from master: end
2019/11/23 18:41:59.31 #|1574534519.316847536|00#| work_queue_worker[1] wq: linking cache/file-0-048045060f61089a83cce204e6b8f151-corr.out to /tmp/worker-0-1/t.33/corr.out
2019/11/23 18:41:59.31 #|1574534519.316907727|00#| work_queue_worker[1] wq: linking cache/file-0-1105f050d3b758ee27606aa952a93a39-ref.fasta.79 to /tmp/worker-0-1/t.33/ref.fasta.79
2019/11/23 18:41:59.31 #|1574534519.316964583|00#| work_queue_worker[1] wq: linking cache/file-0-ddd728dc31a49bcd4cacae5676b4e7f7-Create_Corrected_AllLRReads.py to /tmp/worker-0-1/t.33/Create_Corrected_AllLRReads.py
2019/11/23 18:41:59.31 #|1574534519.317212354|00#| work_queue_worker[1] wq: started process 17: python Create_Corrected_AllLRReads.py ref.fasta.79 corr.out 2> create.err.79
2019/11/23 18:41:59.31 #|1574534519.317264844|00#| work_queue_worker[1] wq: tx to master: info tasks_running 1
2019/11/23 18:41:59.37 #|1574534519.373677577|00#| work_queue_worker[1] wq: task 33 (pid 17) exited normally with exit code 0
2019/11/23 18:41:59.37 #|1574534519.373710826|00#| work_queue_worker[1] wq: moving output file from /tmp/worker-0-1/t.33/create.err.79 to cache/file-0-62164fe58c5000384c41a51bd3bcfc7b-create.err.79
2019/11/23 18:41:59.37 #|1574534519.373779839|00#| work_queue_worker[1] wq: moving output file from /tmp/worker-0-1/t.33/Corrected_ref.fasta.79 to cache/file-0-5ce1cf93f1232ab6a2ba8d49011b5cd9-Corrected_ref.fasta.79
2019/11/23 18:41:59.37 #|1574534519.373833392|00#| work_queue_worker[1] wq: tx to master: available_results
2019/11/23 18:41:59.37 #|1574534519.374119008|00#| work_queue_worker[1] wq: rx from master: send_results -1
2019/11/23 18:41:59.37 #|1574534519.374157805|00#| work_queue_worker[1] wq: tx to master: result 0 0 0 56661 33
2019/11/23 18:41:59.37 #|1574534519.374238972|00#| work_queue_worker[1] wq: tx to master: info tasks_running 0
2019/11/23 18:41:59.37 #|1574534519.374303187|00#| work_queue_worker[1] wq: tx to master: end
2019/11/23 18:41:59.37 #|1574534519.374830823|00#| work_queue_worker[1] wq: rx from master: get file-0-62164fe58c5000384c41a51bd3bcfc7b-create.err.79 1
2019/11/23 18:41:59.37 #|1574534519.374871618|00#| work_queue_worker[1] wq: tx to master: file file-0-62164fe58c5000384c41a51bd3bcfc7b-create.err.79 0
2019/11/23 18:41:59.37 #|1574534519.374950517|00#| work_queue_worker[1] wq: tx to master: end
2019/11/23 18:41:59.37 #|1574534519.375257976|00#| work_queue_worker[1] wq: rx from master: get file-0-5ce1cf93f1232ab6a2ba8d49011b5cd9-Corrected_ref.fasta.79 1
2019/11/23 18:41:59.37 #|1574534519.375293043|00#| work_queue_worker[1] wq: tx to master: file file-0-5ce1cf93f1232ab6a2ba8d49011b5cd9-Corrected_ref.fasta.79 1055000
2019/11/23 18:41:59.37 #|1574534519.376946855|00#| work_queue_worker[1] wq: tx to master: end
2019/11/23 18:41:59.37 #|1574534519.377632635|00#| work_queue_worker[1] wq: rx from master: kill 33
2019/11/23 18:41:59.37 #|1574534519.379361302|00#| work_queue_worker[1] wq: rx from master: put file-0-25a16fc2d472252b5fba2a0fe26d77ad-ref.fasta.73 1055000 0644 1
2019/11/23 18:41:59.37 #|1574534519.379416117|00#| work_queue_worker[1] wq: Putting file file-0-25a16fc2d472252b5fba2a0fe26d77ad-ref.fasta.73 into workspace
2019/11/23 18:41:59.38 #|1574534519.381694168|00#| work_queue_worker[1] wq: rx from master: task 39
2019/11/23 18:41:59.38 #|1574534519.381726732|00#| work_queue_worker[1] wq: rx from master: cmd 76
2019/11/23 18:41:59.38 #|1574534519.381747321|00#| work_queue_worker[1] wq: rx from master: python Create_Corrected_AllLRReads.py ref.fasta.73 corr.out 2> create.err.73
2019/11/23 18:41:59.38 #|1574534519.381761632|00#| work_queue_worker[1] wq: rx from master: category default
2019/11/23 18:41:59.38 #|1574534519.381777758|00#| work_queue_worker[1] wq: rx from master: cores 1
2019/11/23 18:41:59.38 #|1574534519.381802569|00#| work_queue_worker[1] wq: rx from master: memory 11908
2019/11/23 18:41:59.38 #|1574534519.381820650|00#| work_queue_worker[1] wq: rx from master: disk 388
2019/11/23 18:41:59.38 #|1574534519.381837133|00#| work_queue_worker[1] wq: rx from master: gpus 0
2019/11/23 18:41:59.38 #|1574534519.381853589|00#| work_queue_worker[1] wq: rx from master: end_time 18446744073709551615
2019/11/23 18:41:59.38 #|1574534519.381871643|00#| work_queue_worker[1] wq: rx from master: wall_time 18446744073709551615
2019/11/23 18:41:59.38 #|1574534519.381889648|00#| work_queue_worker[1] wq: rx from master: env 7
2019/11/23 18:41:59.38 #|1574534519.381909854|00#| work_queue_worker[1] wq: rx from master: env 17
2019/11/23 18:41:59.38 #|1574534519.381929988|00#| work_queue_worker[1] wq: rx from master: infile file-0-048045060f61089a83cce204e6b8f151-corr.out corr.out 1
2019/11/23 18:41:59.38 #|1574534519.381970062|00#| work_queue_worker[1] wq: rx from master: infile file-0-25a16fc2d472252b5fba2a0fe26d77ad-ref.fasta.73 ref.fasta.73 1
2019/11/23 18:41:59.38 #|1574534519.382067695|00#| work_queue_worker[1] wq: rx from master: infile file-0-ddd728dc31a49bcd4cacae5676b4e7f7-Create_Corrected_AllLRReads.py Create_Corrected_AllLRReads.py 1
2019/11/23 18:41:59.38 #|1574534519.382107193|00#| work_queue_worker[1] wq: rx from master: outfile file-0-dfd7bd75c14e9dca81c4412429696b1f-create.err.73 create.err.73 1
2019/11/23 18:41:59.38 #|1574534519.382139066|00#| work_queue_worker[1] wq: rx from master: outfile file-0-919dd2028bc9a754b9bda57e1534e366-Corrected_ref.fasta.73 Corrected_ref.fasta.73 1
2019/11/23 18:41:59.38 #|1574534519.382170988|00#| work_queue_worker[1] wq: rx from master: end
2019/11/23 18:41:59.38 #|1574534519.382334695|00#| work_queue_worker[1] wq: linking cache/file-0-048045060f61089a83cce204e6b8f151-corr.out to /tmp/worker-0-1/t.39/corr.out
2019/11/23 18:41:59.38 #|1574534519.382394133|00#| work_queue_worker[1] wq: linking cache/file-0-25a16fc2d472252b5fba2a0fe26d77ad-ref.fasta.73 to /tmp/worker-0-1/t.39/ref.fasta.73
2019/11/23 18:41:59.38 #|1574534519.382448931|00#| work_queue_worker[1] wq: linking cache/file-0-ddd728dc31a49bcd4cacae5676b4e7f7-Create_Corrected_AllLRReads.py to /tmp/worker-0-1/t.39/Create_Corrected_AllLRReads.py
2019/11/23 18:41:59.38 #|1574534519.382762485|00#| work_queue_worker[1] wq: started process 19: python Create_Corrected_AllLRReads.py ref.fasta.73 corr.out 2> create.err.73
2019/11/23 18:41:59.38 #|1574534519.382826845|00#| work_queue_worker[1] wq: tx to master: info tasks_running 1
2019/11/23 18:41:59.45 #|1574534519.450554987|00#| work_queue_worker[1] wq: task 39 (pid 19) exited normally with exit code 0
2019/11/23 18:41:59.45 #|1574534519.450589949|00#| work_queue_worker[1] wq: moving output file from /tmp/worker-0-1/t.39/create.err.73 to cache/file-0-dfd7bd75c14e9dca81c4412429696b1f-create.err.73
2019/11/23 18:41:59.45 #|1574534519.450655666|00#| work_queue_worker[1] wq: moving output file from /tmp/worker-0-1/t.39/Corrected_ref.fasta.73 to cache/file-0-919dd2028bc9a754b9bda57e1534e366-Corrected_ref.fasta.73
2019/11/23 18:41:59.45 #|1574534519.450720181|00#| work_queue_worker[1] wq: tx to master: available_results
2019/11/23 18:41:59.45 #|1574534519.454217722|00#| work_queue_worker[1] wq: rx from master: send_results -1
2019/11/23 18:41:59.45 #|1574534519.454255197|00#| work_queue_worker[1] wq: tx to master: result 0 0 0 67996 39
2019/11/23 18:41:59.45 #|1574534519.454338894|00#| work_queue_worker[1] wq: tx to master: info tasks_running 0
2019/11/23 18:41:59.45 #|1574534519.454407445|00#| work_queue_worker[1] wq: tx to master: end
2019/11/23 18:41:59.45 #|1574534519.454878535|00#| work_queue_worker[1] wq: rx from master: get file-0-dfd7bd75c14e9dca81c4412429696b1f-create.err.73 1
2019/11/23 18:41:59.45 #|1574534519.454917477|00#| work_queue_worker[1] wq: tx to master: file file-0-dfd7bd75c14e9dca81c4412429696b1f-create.err.73 0
2019/11/23 18:41:59.45 #|1574534519.454990463|00#| work_queue_worker[1] wq: tx to master: end
2019/11/23 18:41:59.45 #|1574534519.455288336|00#| work_queue_worker[1] wq: rx from master: get file-0-919dd2028bc9a754b9bda57e1534e366-Corrected_ref.fasta.73 1
2019/11/23 18:41:59.45 #|1574534519.455321279|00#| work_queue_worker[1] wq: tx to master: file file-0-919dd2028bc9a754b9bda57e1534e366-Corrected_ref.fasta.73 1055000
2019/11/23 18:41:59.45 #|1574534519.456903120|00#| work_queue_worker[1] wq: tx to master: end
2019/11/23 18:41:59.45 #|1574534519.457603615|00#| work_queue_worker[1] wq: rx from master: kill 39
2019/11/23 18:41:59.45 #|1574534519.459338854|00#| work_queue_worker[1] wq: rx from master: put file-0-b8b2cf1b96c384c3e1a11a8277300acb-ref.fasta.65 1055000 0644 1
2019/11/23 18:41:59.45 #|1574534519.459380549|00#| work_queue_worker[1] wq: Putting file file-0-b8b2cf1b96c384c3e1a11a8277300acb-ref.fasta.65 into workspace
2019/11/23 18:41:59.46 #|1574534519.461561792|00#| work_queue_worker[1] wq: rx from master: task 47
2019/11/23 18:41:59.46 #|1574534519.461591504|00#| work_queue_worker[1] wq: rx from master: cmd 76
2019/11/23 18:41:59.46 #|1574534519.461610425|00#| work_queue_worker[1] wq: rx from master: python Create_Corrected_AllLRReads.py ref.fasta.65 corr.out 2> create.err.65
2019/11/23 18:41:59.46 #|1574534519.461624624|00#| work_queue_worker[1] wq: rx from master: category default
2019/11/23 18:41:59.46 #|1574534519.461641704|00#| work_queue_worker[1] wq: rx from master: cores 1
2019/11/23 18:41:59.46 #|1574534519.461658348|00#| work_queue_worker[1] wq: rx from master: memory 11908
2019/11/23 18:41:59.46 #|1574534519.461677798|00#| work_queue_worker[1] wq: rx from master: disk 388
2019/11/23 18:41:59.46 #|1574534519.461697772|00#| work_queue_worker[1] wq: rx from master: gpus 0
2019/11/23 18:41:59.46 #|1574534519.461716281|00#| work_queue_worker[1] wq: rx from master: end_time 18446744073709551615
2019/11/23 18:41:59.46 #|1574534519.461734272|00#| work_queue_worker[1] wq: rx from master: wall_time 18446744073709551615
2019/11/23 18:41:59.46 #|1574534519.461751327|00#| work_queue_worker[1] wq: rx from master: env 7
2019/11/23 18:41:59.46 #|1574534519.461780162|00#| work_queue_worker[1] wq: rx from master: env 17
2019/11/23 18:41:59.46 #|1574534519.461848138|00#| work_queue_worker[1] wq: rx from master: infile file-0-048045060f61089a83cce204e6b8f151-corr.out corr.out 1
2019/11/23 18:41:59.46 #|1574534519.461891335|00#| work_queue_worker[1] wq: rx from master: infile file-0-b8b2cf1b96c384c3e1a11a8277300acb-ref.fasta.65 ref.fasta.65 1
2019/11/23 18:41:59.46 #|1574534519.461923449|00#| work_queue_worker[1] wq: rx from master: infile file-0-ddd728dc31a49bcd4cacae5676b4e7f7-Create_Corrected_AllLRReads.py Create_Corrected_AllLRReads.py 1
2019/11/23 18:41:59.46 #|1574534519.461955951|00#| work_queue_worker[1] wq: rx from master: outfile file-0-fdc3899794e51a7b43c5a6c6f4af3029-create.err.65 create.err.65 1
2019/11/23 18:41:59.46 #|1574534519.461987265|00#| work_queue_worker[1] wq: rx from master: outfile file-0-f0aa7b3db7a3910222f3ec406eca64fa-Corrected_ref.fasta.65 Corrected_ref.fasta.65 1
2019/11/23 18:41:59.46 #|1574534519.462021175|00#| work_queue_worker[1] wq: rx from master: end
2019/11/23 18:41:59.46 #|1574534519.462174493|00#| work_queue_worker[1] wq: linking cache/file-0-048045060f61089a83cce204e6b8f151-corr.out to /tmp/worker-0-1/t.47/corr.out
2019/11/23 18:41:59.46 #|1574534519.462235518|00#| work_queue_worker[1] wq: linking cache/file-0-b8b2cf1b96c384c3e1a11a8277300acb-ref.fasta.65 to /tmp/worker-0-1/t.47/ref.fasta.65
2019/11/23 18:41:59.46 #|1574534519.462312265|00#| work_queue_worker[1] wq: linking cache/file-0-ddd728dc31a49bcd4cacae5676b4e7f7-Create_Corrected_AllLRReads.py to /tmp/worker-0-1/t.47/Create_Corrected_AllLRReads.py
2019/11/23 18:41:59.46 #|1574534519.462594602|00#| work_queue_worker[1] wq: started process 21: python Create_Corrected_AllLRReads.py ref.fasta.65 corr.out 2> create.err.65
2019/11/23 18:41:59.46 #|1574534519.462647062|00#| work_queue_worker[1] wq: tx to master: info tasks_running 1
2019/11/23 18:41:59.54 #|1574534519.541195129|00#| work_queue_worker[1] wq: task 47 (pid 21) exited normally with exit code 0
2019/11/23 18:41:59.54 #|1574534519.541228413|00#| work_queue_worker[1] wq: moving output file from /tmp/worker-0-1/t.47/create.err.65 to cache/file-0-fdc3899794e51a7b43c5a6c6f4af3029-create.err.65
2019/11/23 18:41:59.54 #|1574534519.541294426|00#| work_queue_worker[1] wq: moving output file from /tmp/worker-0-1/t.47/Corrected_ref.fasta.65 to cache/file-0-f0aa7b3db7a3910222f3ec406eca64fa-Corrected_ref.fasta.65
2019/11/23 18:41:59.54 #|1574534519.541349402|00#| work_queue_worker[1] wq: tx to master: available_results
2019/11/23 18:41:59.66 #|1574534519.668465894|00#| work_queue_worker[1] wq: rx from master: send_results -1
2019/11/23 18:41:59.66 #|1574534519.668510434|00#| work_queue_worker[1] wq: tx to master: result 0 0 0 78828 47
2019/11/23 18:41:59.66 #|1574534519.668585292|00#| work_queue_worker[1] wq: tx to master: info tasks_running 0
2019/11/23 18:41:59.66 #|1574534519.668643552|00#| work_queue_worker[1] wq: tx to master: end
2019/11/23 18:41:59.67 #|1574534519.676817058|00#| work_queue_worker[1] wq: rx from master: get file-0-fdc3899794e51a7b43c5a6c6f4af3029-create.err.65 1
2019/11/23 18:41:59.67 #|1574534519.676881408|00#| work_queue_worker[1] wq: tx to master: file file-0-fdc3899794e51a7b43c5a6c6f4af3029-create.err.65 0
2019/11/23 18:41:59.67 #|1574534519.676965612|00#| work_queue_worker[1] wq: tx to master: end
2019/11/23 18:41:59.67 #|1574534519.677290006|00#| work_queue_worker[1] wq: rx from master: get file-0-f0aa7b3db7a3910222f3ec406eca64fa-Corrected_ref.fasta.65 1
2019/11/23 18:41:59.67 #|1574534519.677342552|00#| work_queue_worker[1] wq: tx to master: file file-0-f0aa7b3db7a3910222f3ec406eca64fa-Corrected_ref.fasta.65 1055000
2019/11/23 18:41:59.67 #|1574534519.678081169|00#| work_queue_worker[1] wq: Sending back output file - file-0-f0aa7b3db7a3910222f3ec406eca64fa-Corrected_ref.fasta.65 failed: bytes to send = 1055000 and bytes actually sent = -1.
2019/11/23 18:41:59.67 #|1574534519.678112473|00#| work_queue_worker[1] wq: tx to master: end
2019/11/23 18:41:59.67 #|1574534519.678149283|00#| work_queue_worker[1] wq: rx from master: kill 47
2019/11/23 18:41:59.67 #|1574534519.678410544|00#| work_queue_worker[1] wq: Failed to read from master.
2019/11/23 18:41:59.67 #|1574534519.678434065|00#| work_queue_worker[1] wq: cleaning workspace /tmp/worker-0-1
2019/11/23 18:41:59.73 #|1574534519.730898248|00#| work_queue_worker[1] wq: disconnecting from master 10.0.133.2:1026
2019/11/23 18:41:59.73 #|1574534519.730942595|00#| work_queue_worker[1] tcp: disconnected from 10.0.133.2 port 1026
2019/11/23 18:41:59.73 #|1574534519.730953306|00#| work_queue_worker[1] wq: killing all outstanding tasks
2019/11/23 18:41:59.73 #|1574534519.730985612|00#| work_queue_worker[1] wq: all data structures are clean
2019/11/23 18:42:05.73 #|1574534525.731584148|00#| work_queue_worker[1] debug: error reading disk usage on directory: ./cache.
2019/11/23 18:42:05.73 #|1574534525.731653183|00#| work_queue_worker[1] tcp: connecting to 10.0.133.2 port 1026
