2019/11/23 18:35:07.55 #|1574534107.552742572|00#| work_queue_worker[1] debug: /root/cctools/bin/work_queue_worker version 8.0.0 DEVELOPMENT (released 2019-11-14 15:35:16 +0000)
2019/11/23 18:35:07.55 #|1574534107.552926445|00#| work_queue_worker[1] debug: Built by root@7e9ecba79f43 on 2019-11-14 15:35:16 +0000
2019/11/23 18:35:07.55 #|1574534107.552949942|00#| work_queue_worker[1] debug: System: Linux 7e9ecba79f43 5.0.0-32-generic #34~18.04.2-Ubuntu SMP Thu Oct 10 10:36:02 UTC 2019 x86_64 x86_64 x86_64 GNU/Linux
2019/11/23 18:35:07.55 #|1574534107.552965615|00#| work_queue_worker[1] debug: Configuration: --prefix /root/cctools
2019/11/23 18:35:07.55 #|1574534107.553234657|00#| work_queue_worker[1] wq: WORK_QUEUE_SANDBOX set to /tmp/worker-0-1.
2019/11/23 18:35:07.55 #|1574534107.553864585|00#| work_queue_worker[1] debug: error reading disk usage on directory: ./cache.
2019/11/23 18:35:07.55 #|1574534107.553914260|00#| work_queue_worker[1] dns: looking up name master
2019/11/23 18:35:07.55 #|1574534107.555038128|00#| work_queue_worker[1] dns: master is 10.0.130.11
2019/11/23 18:35:07.55 #|1574534107.555185241|00#| work_queue_worker[1] tcp: connecting to 10.0.130.11 port 1026
2019/11/23 18:35:07.55 #|1574534107.556356003|00#| work_queue_worker[1] tcp: made connection to 10.0.130.11 port 1026
2019/11/23 18:35:07.55 #|1574534107.556400426|00#| work_queue_worker[1] wq: connected to master master:1026 via local address 10.0.130.14:55374
2019/11/23 18:35:07.55 #|1574534107.556417480|00#| work_queue_worker[1] wq: preparing workspace /tmp/worker-0-1
2019/11/23 18:35:07.55 #|1574534107.556585498|00#| work_queue_worker[1] dns: looking up name c792448ce10f
2019/11/23 18:35:07.55 #|1574534107.556656249|00#| work_queue_worker[1] dns: c792448ce10f is 10.0.130.14
2019/11/23 18:35:07.55 #|1574534107.556679105|00#| work_queue_worker[1] dns: looking up addr 10.0.130.14
2019/11/23 18:35:07.55 #|1574534107.556721044|00#| work_queue_worker[1] dns: 10.0.130.14 is c792448ce10f
2019/11/23 18:35:07.55 #|1574534107.556737908|00#| work_queue_worker[1] dns: finding my hostname: uname = c792448ce10f, address = 10.0.130.14, hostname = c792448ce10f
2019/11/23 18:35:07.55 #|1574534107.556757183|00#| work_queue_worker[1] wq: tx to master: workqueue 8 c792448ce10f Linux x86_64 8.0.0
2019/11/23 18:35:07.55 #|1574534107.556851353|00#| work_queue_worker[1] wq: tx to master: info worker-id worker-833fc8fac73863438ee0f525c09ebea6
2019/11/23 18:35:07.55 #|1574534107.556903509|00#| work_queue_worker[1] wq: tx to master: alive
2019/11/23 18:35:07.55 #|1574534107.556960703|00#| work_queue_worker[1] wq: Sending resource description to master:
2019/11/23 18:35:07.55 #|1574534107.556978189|00#| work_queue_worker[1] wq:  workers      0 inuse      1 total      1 smallest      1 largest
2019/11/23 18:35:07.55 #|1574534107.557023363|00#| work_queue_worker[1] wq:     disk      0 inuse 183086 total 183086 smallest 183086 largest
2019/11/23 18:35:07.55 #|1574534107.557121793|00#| work_queue_worker[1] wq:   memory      0 inuse   7749 total   7749 smallest   7749 largest
2019/11/23 18:35:07.55 #|1574534107.557168386|00#| work_queue_worker[1] wq:     gpus      0 inuse      0 total      0 smallest      0 largest
2019/11/23 18:35:07.55 #|1574534107.557219411|00#| work_queue_worker[1] wq:    cores      0 inuse      1 total      1 smallest      1 largest
2019/11/23 18:35:07.55 #|1574534107.557423860|00#| work_queue_worker[1] wq: tx to master: info end_of_resource_update 0
2019/11/23 18:35:07.55 #|1574534107.557481759|00#| work_queue_worker[1] wq: tx to master: info tasks_running 0
2019/11/23 18:35:07.55 #|1574534107.557531947|00#| work_queue_worker[1] wq: working for master at 10.0.130.11:1026.
2019/11/23 18:37:35.10 #|1574534255.100799569|00#| work_queue_worker[1] wq: rx from master: put file-0-c5ee5a022e0a239ae11f2cc3e034beda-query.fastq.4 2044000 0644 1
2019/11/23 18:37:35.10 #|1574534255.101025353|00#| work_queue_worker[1] wq: Putting file file-0-c5ee5a022e0a239ae11f2cc3e034beda-query.fastq.4 into workspace
2019/11/23 18:37:35.28 #|1574534255.280863209|00#| work_queue_worker[1] wq: rx from master: put file-0-971da570f958f7598fb58342dc472274-ref.fasta.sa 50000056 0644 1
2019/11/23 18:37:35.28 #|1574534255.280994182|00#| work_queue_worker[1] wq: Putting file file-0-971da570f958f7598fb58342dc472274-ref.fasta.sa into workspace
2019/11/23 18:37:39.68 #|1574534259.682363774|00#| work_queue_worker[1] wq: rx from master: put file-0-35f59a9883b4870b84f03717aff16002-ref.fasta.ann 5866697 0644 1
2019/11/23 18:37:39.68 #|1574534259.682460464|00#| work_queue_worker[1] wq: Putting file file-0-35f59a9883b4870b84f03717aff16002-ref.fasta.ann into workspace
2019/11/23 18:37:40.19 #|1574534260.198341372|00#| work_queue_worker[1] wq: rx from master: put file-0-1aba5e7adecebe065db19a405fb8bdf0-ref.fasta.amb 19 0644 1
2019/11/23 18:37:40.19 #|1574534260.198455115|00#| work_queue_worker[1] wq: Putting file file-0-1aba5e7adecebe065db19a405fb8bdf0-ref.fasta.amb into workspace
2019/11/23 18:37:40.19 #|1574534260.198639340|00#| work_queue_worker[1] wq: rx from master: put file-0-d4ff2b390cdd34b642d74a1cd1b59b97-ref.fasta.pac 25000002 0644 1
2019/11/23 18:37:40.19 #|1574534260.198717447|00#| work_queue_worker[1] wq: Putting file file-0-d4ff2b390cdd34b642d74a1cd1b59b97-ref.fasta.pac into workspace
2019/11/23 18:37:42.40 #|1574534262.400629189|00#| work_queue_worker[1] wq: rx from master: put file-0-0cadea4f68da3f941c5b5f0c963a59f8-ref.fasta.bwt 100000072 0644 1
2019/11/23 18:37:42.40 #|1574534262.400759678|00#| work_queue_worker[1] wq: Putting file file-0-0cadea4f68da3f941c5b5f0c963a59f8-ref.fasta.bwt into workspace
2019/11/23 18:37:51.23 #|1574534271.232161648|00#| work_queue_worker[1] wq: rx from master: put file-0-b08c3e9746692f64bcb9a448620c7967-ref.fasta 105477790 0644 1
2019/11/23 18:37:51.23 #|1574534271.232267866|00#| work_queue_worker[1] wq: Putting file file-0-b08c3e9746692f64bcb9a448620c7967-ref.fasta into workspace
2019/11/23 18:38:03.96 #|1574534283.964105555|00#| work_queue_worker[1] wq: rx from master: put file-0-a6be17d8a097bb9efd120be10bbc654c-bwa 1444312 0755 1
2019/11/23 18:38:03.96 #|1574534283.964194337|00#| work_queue_worker[1] wq: Putting file file-0-a6be17d8a097bb9efd120be10bbc654c-bwa into workspace
2019/11/23 18:38:04.07 #|1574534284.71973188|00#| work_queue_worker[1] wq: rx from master: task 6
2019/11/23 18:38:04.07 #|1574534284.72027858|00#| work_queue_worker[1] wq: rx from master: cmd 58
2019/11/23 18:38:04.07 #|1574534284.72055825|00#| work_queue_worker[1] wq: rx from master: ./bwa mem ref.fasta query.fastq.4 > Out.4.sam 2> mem.4.err
2019/11/23 18:38:04.07 #|1574534284.72070550|00#| work_queue_worker[1] wq: rx from master: category default
2019/11/23 18:38:04.07 #|1574534284.72102837|00#| work_queue_worker[1] wq: rx from master: cores 1
2019/11/23 18:38:04.07 #|1574534284.72130050|00#| work_queue_worker[1] wq: rx from master: memory 7749
2019/11/23 18:38:04.07 #|1574534284.72145096|00#| work_queue_worker[1] wq: rx from master: disk 183086
2019/11/23 18:38:04.07 #|1574534284.72167159|00#| work_queue_worker[1] wq: rx from master: gpus 0
2019/11/23 18:38:04.07 #|1574534284.72206795|00#| work_queue_worker[1] wq: rx from master: end_time 18446744073709551615
2019/11/23 18:38:04.07 #|1574534284.72240027|00#| work_queue_worker[1] wq: rx from master: wall_time 18446744073709551615
2019/11/23 18:38:04.07 #|1574534284.72269876|00#| work_queue_worker[1] wq: rx from master: env 7
2019/11/23 18:38:04.07 #|1574534284.72305088|00#| work_queue_worker[1] wq: rx from master: env 17
2019/11/23 18:38:04.07 #|1574534284.72330998|00#| work_queue_worker[1] wq: rx from master: infile file-0-c5ee5a022e0a239ae11f2cc3e034beda-query.fastq.4 query.fastq.4 1
2019/11/23 18:38:04.07 #|1574534284.72385345|00#| work_queue_worker[1] wq: rx from master: infile file-0-971da570f958f7598fb58342dc472274-ref.fasta.sa ref.fasta.sa 1
2019/11/23 18:38:04.07 #|1574534284.72426746|00#| work_queue_worker[1] wq: rx from master: infile file-0-35f59a9883b4870b84f03717aff16002-ref.fasta.ann ref.fasta.ann 1
2019/11/23 18:38:04.07 #|1574534284.72463155|00#| work_queue_worker[1] wq: rx from master: infile file-0-1aba5e7adecebe065db19a405fb8bdf0-ref.fasta.amb ref.fasta.amb 1
2019/11/23 18:38:04.07 #|1574534284.72510197|00#| work_queue_worker[1] wq: rx from master: infile file-0-d4ff2b390cdd34b642d74a1cd1b59b97-ref.fasta.pac ref.fasta.pac 1
2019/11/23 18:38:04.07 #|1574534284.72550978|00#| work_queue_worker[1] wq: rx from master: infile file-0-0cadea4f68da3f941c5b5f0c963a59f8-ref.fasta.bwt ref.fasta.bwt 1
2019/11/23 18:38:04.07 #|1574534284.72586795|00#| work_queue_worker[1] wq: rx from master: infile file-0-b08c3e9746692f64bcb9a448620c7967-ref.fasta ref.fasta 1
2019/11/23 18:38:04.07 #|1574534284.72625698|00#| work_queue_worker[1] wq: rx from master: infile file-0-a6be17d8a097bb9efd120be10bbc654c-bwa bwa 1
2019/11/23 18:38:04.07 #|1574534284.72649643|00#| work_queue_worker[1] wq: rx from master: outfile file-0-3658071a13d1b9697b3a2af7ff4bbbde-mem.4.err mem.4.err 1
2019/11/23 18:38:04.07 #|1574534284.72689815|00#| work_queue_worker[1] wq: rx from master: outfile file-0-1aaaa4a6080cbc532975cbd62f7898e9-Out.4.sam Out.4.sam 1
2019/11/23 18:38:04.07 #|1574534284.72733062|00#| work_queue_worker[1] wq: rx from master: end
2019/11/23 18:38:04.07 #|1574534284.72980517|00#| work_queue_worker[1] wq: linking cache/file-0-c5ee5a022e0a239ae11f2cc3e034beda-query.fastq.4 to /tmp/worker-0-1/t.6/query.fastq.4
2019/11/23 18:38:04.07 #|1574534284.73069002|00#| work_queue_worker[1] wq: linking cache/file-0-971da570f958f7598fb58342dc472274-ref.fasta.sa to /tmp/worker-0-1/t.6/ref.fasta.sa
2019/11/23 18:38:04.07 #|1574534284.73139115|00#| work_queue_worker[1] wq: linking cache/file-0-35f59a9883b4870b84f03717aff16002-ref.fasta.ann to /tmp/worker-0-1/t.6/ref.fasta.ann
2019/11/23 18:38:04.07 #|1574534284.73206150|00#| work_queue_worker[1] wq: linking cache/file-0-1aba5e7adecebe065db19a405fb8bdf0-ref.fasta.amb to /tmp/worker-0-1/t.6/ref.fasta.amb
2019/11/23 18:38:04.07 #|1574534284.73286748|00#| work_queue_worker[1] wq: linking cache/file-0-d4ff2b390cdd34b642d74a1cd1b59b97-ref.fasta.pac to /tmp/worker-0-1/t.6/ref.fasta.pac
2019/11/23 18:38:04.07 #|1574534284.73365791|00#| work_queue_worker[1] wq: linking cache/file-0-0cadea4f68da3f941c5b5f0c963a59f8-ref.fasta.bwt to /tmp/worker-0-1/t.6/ref.fasta.bwt
2019/11/23 18:38:04.07 #|1574534284.73428403|00#| work_queue_worker[1] wq: linking cache/file-0-b08c3e9746692f64bcb9a448620c7967-ref.fasta to /tmp/worker-0-1/t.6/ref.fasta
2019/11/23 18:38:04.07 #|1574534284.73501563|00#| work_queue_worker[1] wq: linking cache/file-0-a6be17d8a097bb9efd120be10bbc654c-bwa to /tmp/worker-0-1/t.6/bwa
2019/11/23 18:38:04.07 #|1574534284.73565777|00#| work_queue_worker[1] wq: Waiting task 6 has been forsaken.
2019/11/23 18:38:04.07 #|1574534284.73588806|00#| work_queue_worker[1] wq: tx to master: alive
2019/11/23 18:38:04.07 #|1574534284.73675204|00#| work_queue_worker[1] wq: Sending resource description to master:
2019/11/23 18:38:04.07 #|1574534284.73699164|00#| work_queue_worker[1] wq:  workers      0 inuse      1 total      1 smallest      1 largest
2019/11/23 18:38:04.07 #|1574534284.73776100|00#| work_queue_worker[1] wq:     disk    276 inuse 182433 total 182433 smallest 182433 largest
2019/11/23 18:38:04.07 #|1574534284.73855039|00#| work_queue_worker[1] wq:   memory      0 inuse   7749 total   7749 smallest   7749 largest
2019/11/23 18:38:04.07 #|1574534284.73919685|00#| work_queue_worker[1] wq:     gpus      0 inuse      0 total      0 smallest      0 largest
2019/11/23 18:38:04.07 #|1574534284.73991701|00#| work_queue_worker[1] wq:    cores      0 inuse      1 total      1 smallest      1 largest
2019/11/23 18:38:04.07 #|1574534284.74103224|00#| work_queue_worker[1] wq: tx to master: info end_of_resource_update 0
2019/11/23 18:38:04.07 #|1574534284.74168185|00#| work_queue_worker[1] wq: tx to master: info tasks_running 0
2019/11/23 18:38:04.07 #|1574534284.74238659|00#| work_queue_worker[1] wq: tx to master: info tasks_running 0
2019/11/23 18:38:04.07 #|1574534284.74312678|00#| work_queue_worker[1] wq: tx to master: available_results
2019/11/23 18:38:30.78 #|1574534310.783947252|00#| work_queue_worker[1] wq: rx from master: send_results -1
2019/11/23 18:38:30.78 #|1574534310.784175960|00#| work_queue_worker[1] wq: tx to master: result 40 0 0 0 6
2019/11/23 18:38:30.78 #|1574534310.784419737|00#| work_queue_worker[1] wq: tx to master: info tasks_running 0
2019/11/23 18:38:30.78 #|1574534310.784637263|00#| work_queue_worker[1] wq: tx to master: end
2019/11/23 18:38:43.80 #|1574534323.802588213|00#| work_queue_worker[1] wq: rx from master: check
2019/11/23 18:38:43.80 #|1574534323.802677688|00#| work_queue_worker[1] wq: tx to master: alive
2019/11/23 18:38:43.80 #|1574534323.802825038|00#| work_queue_worker[1] wq: tx to master: info tasks_running 0
2019/11/23 18:38:49.22 #|1574534329.223874349|00#| work_queue_worker[1] wq: rx from master: put file-0-048045060f61089a83cce204e6b8f151-corr.out 0 0644 1
2019/11/23 18:38:49.22 #|1574534329.223958799|00#| work_queue_worker[1] wq: Putting file file-0-048045060f61089a83cce204e6b8f151-corr.out into workspace
2019/11/23 18:38:49.22 #|1574534329.224161143|00#| work_queue_worker[1] wq: rx from master: put file-0-678ca30250569a1c64070583ea4b883b-ref.fasta.91 1055000 0644 1
2019/11/23 18:38:49.22 #|1574534329.224231662|00#| work_queue_worker[1] wq: Putting file file-0-678ca30250569a1c64070583ea4b883b-ref.fasta.91 into workspace
2019/11/23 18:38:49.58 #|1574534329.585845407|00#| work_queue_worker[1] wq: rx from master: put file-0-ddd728dc31a49bcd4cacae5676b4e7f7-Create_Corrected_AllLRReads.py 1402 0755 1
2019/11/23 18:38:49.58 #|1574534329.585918745|00#| work_queue_worker[1] wq: Putting file file-0-ddd728dc31a49bcd4cacae5676b4e7f7-Create_Corrected_AllLRReads.py into workspace
2019/11/23 18:38:49.58 #|1574534329.586069834|00#| work_queue_worker[1] wq: rx from master: task 21
2019/11/23 18:38:49.58 #|1574534329.586101996|00#| work_queue_worker[1] wq: rx from master: cmd 76
2019/11/23 18:38:49.58 #|1574534329.586126929|00#| work_queue_worker[1] wq: rx from master: python Create_Corrected_AllLRReads.py ref.fasta.91 corr.out 2> create.err.91
2019/11/23 18:38:49.58 #|1574534329.586144076|00#| work_queue_worker[1] wq: rx from master: category default
2019/11/23 18:38:49.58 #|1574534329.586158862|00#| work_queue_worker[1] wq: rx from master: cores 1
2019/11/23 18:38:49.58 #|1574534329.586173281|00#| work_queue_worker[1] wq: rx from master: memory 7749
2019/11/23 18:38:49.58 #|1574534329.586187567|00#| work_queue_worker[1] wq: rx from master: disk 182433
2019/11/23 18:38:49.58 #|1574534329.586201676|00#| work_queue_worker[1] wq: rx from master: gpus 0
2019/11/23 18:38:49.58 #|1574534329.586217366|00#| work_queue_worker[1] wq: rx from master: end_time 18446744073709551615
2019/11/23 18:38:49.58 #|1574534329.586232757|00#| work_queue_worker[1] wq: rx from master: wall_time 18446744073709551615
2019/11/23 18:38:49.58 #|1574534329.586247000|00#| work_queue_worker[1] wq: rx from master: env 7
2019/11/23 18:38:49.58 #|1574534329.586263999|00#| work_queue_worker[1] wq: rx from master: env 17
2019/11/23 18:38:49.58 #|1574534329.586290623|00#| work_queue_worker[1] wq: rx from master: infile file-0-048045060f61089a83cce204e6b8f151-corr.out corr.out 1
2019/11/23 18:38:49.58 #|1574534329.586319290|00#| work_queue_worker[1] wq: rx from master: infile file-0-678ca30250569a1c64070583ea4b883b-ref.fasta.91 ref.fasta.91 1
2019/11/23 18:38:49.58 #|1574534329.586344066|00#| work_queue_worker[1] wq: rx from master: infile file-0-ddd728dc31a49bcd4cacae5676b4e7f7-Create_Corrected_AllLRReads.py Create_Corrected_AllLRReads.py 1
2019/11/23 18:38:49.58 #|1574534329.586370282|00#| work_queue_worker[1] wq: rx from master: outfile file-0-29e11c96333145debcf8fa686df17812-create.err.91 create.err.91 1
2019/11/23 18:38:49.58 #|1574534329.586398660|00#| work_queue_worker[1] wq: rx from master: outfile file-0-6b4865887181c85833228f10bd28d782-Corrected_ref.fasta.91 Corrected_ref.fasta.91 1
2019/11/23 18:38:49.58 #|1574534329.586423759|00#| work_queue_worker[1] wq: rx from master: end
2019/11/23 18:38:49.58 #|1574534329.586603533|00#| work_queue_worker[1] wq: linking cache/file-0-048045060f61089a83cce204e6b8f151-corr.out to /tmp/worker-0-1/t.21/corr.out
2019/11/23 18:38:49.58 #|1574534329.586665407|00#| work_queue_worker[1] wq: linking cache/file-0-678ca30250569a1c64070583ea4b883b-ref.fasta.91 to /tmp/worker-0-1/t.21/ref.fasta.91
2019/11/23 18:38:49.58 #|1574534329.586755889|00#| work_queue_worker[1] wq: linking cache/file-0-ddd728dc31a49bcd4cacae5676b4e7f7-Create_Corrected_AllLRReads.py to /tmp/worker-0-1/t.21/Create_Corrected_AllLRReads.py
2019/11/23 18:38:49.58 #|1574534329.586797260|00#| work_queue_worker[1] wq: Waiting task 21 has been forsaken.
2019/11/23 18:38:49.58 #|1574534329.586812349|00#| work_queue_worker[1] wq: tx to master: alive
2019/11/23 18:38:49.58 #|1574534329.586864474|00#| work_queue_worker[1] wq: Sending resource description to master:
2019/11/23 18:38:49.58 #|1574534329.586880221|00#| work_queue_worker[1] wq:  workers      0 inuse      1 total      1 smallest      1 largest
2019/11/23 18:38:49.58 #|1574534329.586925680|00#| work_queue_worker[1] wq:     disk    277 inuse 182233 total 182233 smallest 182233 largest
2019/11/23 18:38:49.58 #|1574534329.586977447|00#| work_queue_worker[1] wq:   memory      0 inuse   7749 total   7749 smallest   7749 largest
2019/11/23 18:38:49.58 #|1574534329.587039255|00#| work_queue_worker[1] wq:     gpus      0 inuse      0 total      0 smallest      0 largest
2019/11/23 18:38:49.58 #|1574534329.587100658|00#| work_queue_worker[1] wq:    cores      0 inuse      1 total      1 smallest      1 largest
2019/11/23 18:38:49.58 #|1574534329.587188090|00#| work_queue_worker[1] wq: tx to master: info end_of_resource_update 0
2019/11/23 18:38:49.58 #|1574534329.587238852|00#| work_queue_worker[1] wq: tx to master: info tasks_running 0
2019/11/23 18:38:49.58 #|1574534329.587302536|00#| work_queue_worker[1] wq: tx to master: info tasks_running 0
2019/11/23 18:38:49.58 #|1574534329.587366204|00#| work_queue_worker[1] wq: tx to master: available_results
2019/11/23 18:38:49.62 #|1574534329.623565577|00#| work_queue_worker[1] wq: rx from master: send_results -1
2019/11/23 18:38:49.62 #|1574534329.623640457|00#| work_queue_worker[1] wq: tx to master: result 40 0 0 0 21
2019/11/23 18:38:49.62 #|1574534329.623722618|00#| work_queue_worker[1] wq: tx to master: info tasks_running 0
2019/11/23 18:38:49.62 #|1574534329.623773396|00#| work_queue_worker[1] wq: tx to master: end
2019/11/23 18:38:49.63 #|1574534329.637030865|00#| work_queue_worker[1] wq: rx from master: put file-0-12f74b83f5f1f0924035fede1ab30a10-ref.fasta.55 1055000 0644 1
2019/11/23 18:38:49.63 #|1574534329.637093014|00#| work_queue_worker[1] wq: Putting file file-0-12f74b83f5f1f0924035fede1ab30a10-ref.fasta.55 into workspace
2019/11/23 18:38:49.73 #|1574534329.730267687|00#| work_queue_worker[1] wq: rx from master: task 57
2019/11/23 18:38:49.73 #|1574534329.730393619|00#| work_queue_worker[1] wq: rx from master: cmd 76
2019/11/23 18:38:49.73 #|1574534329.730454965|00#| work_queue_worker[1] wq: rx from master: python Create_Corrected_AllLRReads.py ref.fasta.55 corr.out 2> create.err.55
2019/11/23 18:38:49.73 #|1574534329.730545072|00#| work_queue_worker[1] wq: rx from master: category default
2019/11/23 18:38:49.73 #|1574534329.730574707|00#| work_queue_worker[1] wq: rx from master: cores 1
2019/11/23 18:38:49.73 #|1574534329.730597637|00#| work_queue_worker[1] wq: rx from master: memory 7749
2019/11/23 18:38:49.73 #|1574534329.730624261|00#| work_queue_worker[1] wq: rx from master: disk 182233
2019/11/23 18:38:49.73 #|1574534329.730668728|00#| work_queue_worker[1] wq: rx from master: gpus 0
2019/11/23 18:38:49.73 #|1574534329.730691503|00#| work_queue_worker[1] wq: rx from master: end_time 18446744073709551615
2019/11/23 18:38:49.73 #|1574534329.730714602|00#| work_queue_worker[1] wq: rx from master: wall_time 18446744073709551615
2019/11/23 18:38:49.73 #|1574534329.730741148|00#| work_queue_worker[1] wq: rx from master: env 7
2019/11/23 18:38:49.73 #|1574534329.730767760|00#| work_queue_worker[1] wq: rx from master: env 17
2019/11/23 18:38:49.73 #|1574534329.730792608|00#| work_queue_worker[1] wq: rx from master: infile file-0-048045060f61089a83cce204e6b8f151-corr.out corr.out 1
2019/11/23 18:38:49.73 #|1574534329.730833112|00#| work_queue_worker[1] wq: rx from master: infile file-0-12f74b83f5f1f0924035fede1ab30a10-ref.fasta.55 ref.fasta.55 1
2019/11/23 18:38:49.73 #|1574534329.730882090|00#| work_queue_worker[1] wq: rx from master: infile file-0-ddd728dc31a49bcd4cacae5676b4e7f7-Create_Corrected_AllLRReads.py Create_Corrected_AllLRReads.py 1
2019/11/23 18:38:49.73 #|1574534329.730920469|00#| work_queue_worker[1] wq: rx from master: outfile file-0-2ee36e1830168f96652a8d1e2dd02f6b-create.err.55 create.err.55 1
2019/11/23 18:38:49.73 #|1574534329.730957485|00#| work_queue_worker[1] wq: rx from master: outfile file-0-682cc99b4a867188595833ffeb7a68cf-Corrected_ref.fasta.55 Corrected_ref.fasta.55 1
2019/11/23 18:38:49.73 #|1574534329.730992720|00#| work_queue_worker[1] wq: rx from master: end
2019/11/23 18:38:49.73 #|1574534329.731251102|00#| work_queue_worker[1] wq: linking cache/file-0-048045060f61089a83cce204e6b8f151-corr.out to /tmp/worker-0-1/t.57/corr.out
2019/11/23 18:38:49.73 #|1574534329.731335648|00#| work_queue_worker[1] wq: linking cache/file-0-12f74b83f5f1f0924035fede1ab30a10-ref.fasta.55 to /tmp/worker-0-1/t.57/ref.fasta.55
2019/11/23 18:38:49.73 #|1574534329.731454116|00#| work_queue_worker[1] wq: linking cache/file-0-ddd728dc31a49bcd4cacae5676b4e7f7-Create_Corrected_AllLRReads.py to /tmp/worker-0-1/t.57/Create_Corrected_AllLRReads.py
2019/11/23 18:38:49.73 #|1574534329.731873470|00#| work_queue_worker[1] wq: started process 9: python Create_Corrected_AllLRReads.py ref.fasta.55 corr.out 2> create.err.55
2019/11/23 18:38:49.73 #|1574534329.731961005|00#| work_queue_worker[1] wq: tx to master: info tasks_running 1
2019/11/23 18:38:49.77 #|1574534329.777442239|00#| work_queue_worker[1] wq: task 57 (pid 9) exited normally with exit code 0
2019/11/23 18:38:49.77 #|1574534329.777489652|00#| work_queue_worker[1] wq: moving output file from /tmp/worker-0-1/t.57/create.err.55 to cache/file-0-2ee36e1830168f96652a8d1e2dd02f6b-create.err.55
2019/11/23 18:38:49.77 #|1574534329.777557193|00#| work_queue_worker[1] wq: moving output file from /tmp/worker-0-1/t.57/Corrected_ref.fasta.55 to cache/file-0-682cc99b4a867188595833ffeb7a68cf-Corrected_ref.fasta.55
2019/11/23 18:38:49.77 #|1574534329.777599166|00#| work_queue_worker[1] wq: tx to master: available_results
2019/11/23 18:38:49.77 #|1574534329.778824022|00#| work_queue_worker[1] wq: rx from master: send_results -1
2019/11/23 18:38:49.77 #|1574534329.778882322|00#| work_queue_worker[1] wq: tx to master: result 0 0 0 45896 57
2019/11/23 18:38:49.77 #|1574534329.778949151|00#| work_queue_worker[1] wq: tx to master: info tasks_running 0
2019/11/23 18:38:49.77 #|1574534329.779004121|00#| work_queue_worker[1] wq: tx to master: end
2019/11/23 18:38:49.77 #|1574534329.779553012|00#| work_queue_worker[1] wq: rx from master: get file-0-2ee36e1830168f96652a8d1e2dd02f6b-create.err.55 1
2019/11/23 18:38:49.77 #|1574534329.779595753|00#| work_queue_worker[1] wq: tx to master: file file-0-2ee36e1830168f96652a8d1e2dd02f6b-create.err.55 0
2019/11/23 18:38:49.77 #|1574534329.779658709|00#| work_queue_worker[1] wq: tx to master: end
2019/11/23 18:38:49.78 #|1574534329.780409346|00#| work_queue_worker[1] wq: rx from master: get file-0-682cc99b4a867188595833ffeb7a68cf-Corrected_ref.fasta.55 1
2019/11/23 18:38:49.78 #|1574534329.780501595|00#| work_queue_worker[1] wq: tx to master: file file-0-682cc99b4a867188595833ffeb7a68cf-Corrected_ref.fasta.55 1055000
2019/11/23 18:38:49.86 #|1574534329.861853018|00#| work_queue_worker[1] wq: tx to master: end
2019/11/23 18:38:49.87 #|1574534329.874668458|00#| work_queue_worker[1] wq: rx from master: kill 57
2019/11/23 18:38:49.89 #|1574534329.899800576|00#| work_queue_worker[1] wq: rx from master: put file-0-84b279ff5d2a74829bc89c2385228568-ref.fasta.41 1055000 0644 1
2019/11/23 18:38:49.90 #|1574534329.900072164|00#| work_queue_worker[1] wq: Putting file file-0-84b279ff5d2a74829bc89c2385228568-ref.fasta.41 into workspace
2019/11/23 18:38:49.99 #|1574534329.992712676|00#| work_queue_worker[1] wq: rx from master: task 71
2019/11/23 18:38:49.99 #|1574534329.992780052|00#| work_queue_worker[1] wq: rx from master: cmd 76
2019/11/23 18:38:49.99 #|1574534329.992865292|00#| work_queue_worker[1] wq: rx from master: python Create_Corrected_AllLRReads.py ref.fasta.41 corr.out 2> create.err.41
2019/11/23 18:38:49.99 #|1574534329.992890035|00#| work_queue_worker[1] wq: rx from master: category default
2019/11/23 18:38:49.99 #|1574534329.992925040|00#| work_queue_worker[1] wq: rx from master: cores 1
2019/11/23 18:38:49.99 #|1574534329.992948642|00#| work_queue_worker[1] wq: rx from master: memory 7749
2019/11/23 18:38:49.99 #|1574534329.992971531|00#| work_queue_worker[1] wq: rx from master: disk 182233
2019/11/23 18:38:49.99 #|1574534329.992993930|00#| work_queue_worker[1] wq: rx from master: gpus 0
2019/11/23 18:38:49.99 #|1574534329.993017007|00#| work_queue_worker[1] wq: rx from master: end_time 18446744073709551615
2019/11/23 18:38:49.99 #|1574534329.993041636|00#| work_queue_worker[1] wq: rx from master: wall_time 18446744073709551615
2019/11/23 18:38:49.99 #|1574534329.993064568|00#| work_queue_worker[1] wq: rx from master: env 7
2019/11/23 18:38:49.99 #|1574534329.993139975|00#| work_queue_worker[1] wq: rx from master: env 17
2019/11/23 18:38:49.99 #|1574534329.993173667|00#| work_queue_worker[1] wq: rx from master: infile file-0-048045060f61089a83cce204e6b8f151-corr.out corr.out 1
2019/11/23 18:38:49.99 #|1574534329.993223966|00#| work_queue_worker[1] wq: rx from master: infile file-0-84b279ff5d2a74829bc89c2385228568-ref.fasta.41 ref.fasta.41 1
2019/11/23 18:38:49.99 #|1574534329.993264715|00#| work_queue_worker[1] wq: rx from master: infile file-0-ddd728dc31a49bcd4cacae5676b4e7f7-Create_Corrected_AllLRReads.py Create_Corrected_AllLRReads.py 1
2019/11/23 18:38:49.99 #|1574534329.993304785|00#| work_queue_worker[1] wq: rx from master: outfile file-0-6462c32a73cd57efca9a59b66cce97c0-create.err.41 create.err.41 1
2019/11/23 18:38:49.99 #|1574534329.993344473|00#| work_queue_worker[1] wq: rx from master: outfile file-0-05f2537577b5dc874cca171b7c36cc6e-Corrected_ref.fasta.41 Corrected_ref.fasta.41 1
2019/11/23 18:38:49.99 #|1574534329.993383192|00#| work_queue_worker[1] wq: rx from master: end
2019/11/23 18:38:49.99 #|1574534329.993680986|00#| work_queue_worker[1] wq: linking cache/file-0-048045060f61089a83cce204e6b8f151-corr.out to /tmp/worker-0-1/t.71/corr.out
2019/11/23 18:38:49.99 #|1574534329.993860766|00#| work_queue_worker[1] wq: linking cache/file-0-84b279ff5d2a74829bc89c2385228568-ref.fasta.41 to /tmp/worker-0-1/t.71/ref.fasta.41
2019/11/23 18:38:49.99 #|1574534329.993942886|00#| work_queue_worker[1] wq: linking cache/file-0-ddd728dc31a49bcd4cacae5676b4e7f7-Create_Corrected_AllLRReads.py to /tmp/worker-0-1/t.71/Create_Corrected_AllLRReads.py
2019/11/23 18:38:49.99 #|1574534329.994298224|00#| work_queue_worker[1] wq: started process 11: python Create_Corrected_AllLRReads.py ref.fasta.41 corr.out 2> create.err.41
2019/11/23 18:38:49.99 #|1574534329.994370340|00#| work_queue_worker[1] wq: tx to master: info tasks_running 1
2019/11/23 18:38:50.04 #|1574534330.43804976|00#| work_queue_worker[1] wq: task 71 (pid 11) exited normally with exit code 0
2019/11/23 18:38:50.04 #|1574534330.43854246|00#| work_queue_worker[1] wq: moving output file from /tmp/worker-0-1/t.71/create.err.41 to cache/file-0-6462c32a73cd57efca9a59b66cce97c0-create.err.41
2019/11/23 18:38:50.04 #|1574534330.43928962|00#| work_queue_worker[1] wq: moving output file from /tmp/worker-0-1/t.71/Corrected_ref.fasta.41 to cache/file-0-05f2537577b5dc874cca171b7c36cc6e-Corrected_ref.fasta.41
2019/11/23 18:38:50.04 #|1574534330.43974836|00#| work_queue_worker[1] wq: tx to master: available_results
2019/11/23 18:38:50.04 #|1574534330.45448750|00#| work_queue_worker[1] wq: rx from master: send_results -1
2019/11/23 18:38:50.04 #|1574534330.45515460|00#| work_queue_worker[1] wq: tx to master: result 0 0 0 49793 71
2019/11/23 18:38:50.04 #|1574534330.45600892|00#| work_queue_worker[1] wq: tx to master: info tasks_running 0
2019/11/23 18:38:50.04 #|1574534330.45661758|00#| work_queue_worker[1] wq: tx to master: end
2019/11/23 18:38:50.04 #|1574534330.46245135|00#| work_queue_worker[1] wq: rx from master: get file-0-6462c32a73cd57efca9a59b66cce97c0-create.err.41 1
2019/11/23 18:38:50.04 #|1574534330.46301393|00#| work_queue_worker[1] wq: tx to master: file file-0-6462c32a73cd57efca9a59b66cce97c0-create.err.41 0
2019/11/23 18:38:50.04 #|1574534330.46388142|00#| work_queue_worker[1] wq: tx to master: end
2019/11/23 18:38:50.04 #|1574534330.47084691|00#| work_queue_worker[1] wq: rx from master: get file-0-05f2537577b5dc874cca171b7c36cc6e-Corrected_ref.fasta.41 1
2019/11/23 18:38:50.04 #|1574534330.47150271|00#| work_queue_worker[1] wq: tx to master: file file-0-05f2537577b5dc874cca171b7c36cc6e-Corrected_ref.fasta.41 1055000
2019/11/23 18:38:50.13 #|1574534330.130716832|00#| work_queue_worker[1] wq: tx to master: end
2019/11/23 18:38:50.14 #|1574534330.141548663|00#| work_queue_worker[1] wq: rx from master: kill 71
2019/11/23 18:38:50.16 #|1574534330.167655850|00#| work_queue_worker[1] wq: rx from master: put file-0-1ae7213b8b7cc4b7c0e10ebaeeca2ab9-ref.fasta.27 1055000 0644 1
2019/11/23 18:38:50.16 #|1574534330.167857819|00#| work_queue_worker[1] wq: Putting file file-0-1ae7213b8b7cc4b7c0e10ebaeeca2ab9-ref.fasta.27 into workspace
2019/11/23 18:38:50.26 #|1574534330.260399489|00#| work_queue_worker[1] wq: rx from master: task 85
2019/11/23 18:38:50.26 #|1574534330.260471910|00#| work_queue_worker[1] wq: rx from master: cmd 76
2019/11/23 18:38:50.26 #|1574534330.260523924|00#| work_queue_worker[1] wq: rx from master: python Create_Corrected_AllLRReads.py ref.fasta.27 corr.out 2> create.err.27
2019/11/23 18:38:50.26 #|1574534330.260611940|00#| work_queue_worker[1] wq: rx from master: category default
2019/11/23 18:38:50.26 #|1574534330.260641654|00#| work_queue_worker[1] wq: rx from master: cores 1
2019/11/23 18:38:50.26 #|1574534330.260665474|00#| work_queue_worker[1] wq: rx from master: memory 7749
2019/11/23 18:38:50.26 #|1574534330.260688314|00#| work_queue_worker[1] wq: rx from master: disk 182233
2019/11/23 18:38:50.26 #|1574534330.260710870|00#| work_queue_worker[1] wq: rx from master: gpus 0
2019/11/23 18:38:50.26 #|1574534330.260734540|00#| work_queue_worker[1] wq: rx from master: end_time 18446744073709551615
2019/11/23 18:38:50.26 #|1574534330.260759554|00#| work_queue_worker[1] wq: rx from master: wall_time 18446744073709551615
2019/11/23 18:38:50.26 #|1574534330.260782588|00#| work_queue_worker[1] wq: rx from master: env 7
2019/11/23 18:38:50.26 #|1574534330.260811170|00#| work_queue_worker[1] wq: rx from master: env 17
2019/11/23 18:38:50.26 #|1574534330.260838812|00#| work_queue_worker[1] wq: rx from master: infile file-0-048045060f61089a83cce204e6b8f151-corr.out corr.out 1
2019/11/23 18:38:50.26 #|1574534330.260888229|00#| work_queue_worker[1] wq: rx from master: infile file-0-1ae7213b8b7cc4b7c0e10ebaeeca2ab9-ref.fasta.27 ref.fasta.27 1
2019/11/23 18:38:50.26 #|1574534330.260928891|00#| work_queue_worker[1] wq: rx from master: infile file-0-ddd728dc31a49bcd4cacae5676b4e7f7-Create_Corrected_AllLRReads.py Create_Corrected_AllLRReads.py 1
2019/11/23 18:38:50.26 #|1574534330.260969532|00#| work_queue_worker[1] wq: rx from master: outfile file-0-db2dd555b0fcfea1589f62c2f21dbd1e-create.err.27 create.err.27 1
2019/11/23 18:38:50.26 #|1574534330.261008973|00#| work_queue_worker[1] wq: rx from master: outfile file-0-ea874d45ae5187d8aa6f737c69f87697-Corrected_ref.fasta.27 Corrected_ref.fasta.27 1
2019/11/23 18:38:50.26 #|1574534330.261046579|00#| work_queue_worker[1] wq: rx from master: end
2019/11/23 18:38:50.26 #|1574534330.261300494|00#| work_queue_worker[1] wq: linking cache/file-0-048045060f61089a83cce204e6b8f151-corr.out to /tmp/worker-0-1/t.85/corr.out
2019/11/23 18:38:50.26 #|1574534330.261389470|00#| work_queue_worker[1] wq: linking cache/file-0-1ae7213b8b7cc4b7c0e10ebaeeca2ab9-ref.fasta.27 to /tmp/worker-0-1/t.85/ref.fasta.27
2019/11/23 18:38:50.26 #|1574534330.261467355|00#| work_queue_worker[1] wq: linking cache/file-0-ddd728dc31a49bcd4cacae5676b4e7f7-Create_Corrected_AllLRReads.py to /tmp/worker-0-1/t.85/Create_Corrected_AllLRReads.py
2019/11/23 18:38:50.26 #|1574534330.261826400|00#| work_queue_worker[1] wq: started process 13: python Create_Corrected_AllLRReads.py ref.fasta.27 corr.out 2> create.err.27
2019/11/23 18:38:50.26 #|1574534330.261903130|00#| work_queue_worker[1] wq: tx to master: info tasks_running 1
2019/11/23 18:38:50.30 #|1574534330.307595247|00#| work_queue_worker[1] wq: task 85 (pid 13) exited normally with exit code 0
2019/11/23 18:38:50.30 #|1574534330.307636958|00#| work_queue_worker[1] wq: moving output file from /tmp/worker-0-1/t.85/create.err.27 to cache/file-0-db2dd555b0fcfea1589f62c2f21dbd1e-create.err.27
2019/11/23 18:38:50.30 #|1574534330.307700909|00#| work_queue_worker[1] wq: moving output file from /tmp/worker-0-1/t.85/Corrected_ref.fasta.27 to cache/file-0-ea874d45ae5187d8aa6f737c69f87697-Corrected_ref.fasta.27
2019/11/23 18:38:50.30 #|1574534330.307741855|00#| work_queue_worker[1] wq: tx to master: available_results
2019/11/23 18:38:50.31 #|1574534330.310510279|00#| work_queue_worker[1] wq: rx from master: send_results -1
2019/11/23 18:38:50.31 #|1574534330.310595590|00#| work_queue_worker[1] wq: tx to master: result 0 0 0 46044 85
2019/11/23 18:38:50.31 #|1574534330.310728137|00#| work_queue_worker[1] wq: tx to master: info tasks_running 0
2019/11/23 18:38:50.31 #|1574534330.310834778|00#| work_queue_worker[1] wq: tx to master: end
2019/11/23 18:38:50.31 #|1574534330.311457878|00#| work_queue_worker[1] wq: rx from master: get file-0-db2dd555b0fcfea1589f62c2f21dbd1e-create.err.27 1
2019/11/23 18:38:50.31 #|1574534330.311525105|00#| work_queue_worker[1] wq: tx to master: file file-0-db2dd555b0fcfea1589f62c2f21dbd1e-create.err.27 0
2019/11/23 18:38:50.31 #|1574534330.311593593|00#| work_queue_worker[1] wq: tx to master: end
2019/11/23 18:38:50.31 #|1574534330.312226647|00#| work_queue_worker[1] wq: rx from master: get file-0-ea874d45ae5187d8aa6f737c69f87697-Corrected_ref.fasta.27 1
2019/11/23 18:38:50.31 #|1574534330.312273617|00#| work_queue_worker[1] wq: tx to master: file file-0-ea874d45ae5187d8aa6f737c69f87697-Corrected_ref.fasta.27 1055000
2019/11/23 18:38:50.39 #|1574534330.392497016|00#| work_queue_worker[1] wq: tx to master: end
2019/11/23 18:38:50.40 #|1574534330.406359633|00#| work_queue_worker[1] wq: rx from master: kill 85
2019/11/23 18:38:50.43 #|1574534330.436454872|00#| work_queue_worker[1] wq: rx from master: put file-0-0d93fd3812287dfef20102e293f224d9-ref.fasta.11 1055000 0644 1
2019/11/23 18:38:50.43 #|1574534330.436625702|00#| work_queue_worker[1] wq: Putting file file-0-0d93fd3812287dfef20102e293f224d9-ref.fasta.11 into workspace
2019/11/23 18:38:50.52 #|1574534330.529461097|00#| work_queue_worker[1] wq: rx from master: task 101
2019/11/23 18:38:50.52 #|1574534330.529533795|00#| work_queue_worker[1] wq: rx from master: cmd 76
2019/11/23 18:38:50.52 #|1574534330.529610287|00#| work_queue_worker[1] wq: rx from master: python Create_Corrected_AllLRReads.py ref.fasta.11 corr.out 2> create.err.11
2019/11/23 18:38:50.52 #|1574534330.529633682|00#| work_queue_worker[1] wq: rx from master: category default
2019/11/23 18:38:50.52 #|1574534330.529669479|00#| work_queue_worker[1] wq: rx from master: cores 1
2019/11/23 18:38:50.52 #|1574534330.529693219|00#| work_queue_worker[1] wq: rx from master: memory 7749
2019/11/23 18:38:50.52 #|1574534330.529716275|00#| work_queue_worker[1] wq: rx from master: disk 182233
2019/11/23 18:38:50.52 #|1574534330.529739019|00#| work_queue_worker[1] wq: rx from master: gpus 0
2019/11/23 18:38:50.52 #|1574534330.529762436|00#| work_queue_worker[1] wq: rx from master: end_time 18446744073709551615
2019/11/23 18:38:50.52 #|1574534330.529786944|00#| work_queue_worker[1] wq: rx from master: wall_time 18446744073709551615
2019/11/23 18:38:50.52 #|1574534330.529857598|00#| work_queue_worker[1] wq: rx from master: env 7
2019/11/23 18:38:50.52 #|1574534330.529892332|00#| work_queue_worker[1] wq: rx from master: env 17
2019/11/23 18:38:50.52 #|1574534330.529919955|00#| work_queue_worker[1] wq: rx from master: infile file-0-048045060f61089a83cce204e6b8f151-corr.out corr.out 1
2019/11/23 18:38:50.52 #|1574534330.529981326|00#| work_queue_worker[1] wq: rx from master: infile file-0-0d93fd3812287dfef20102e293f224d9-ref.fasta.11 ref.fasta.11 1
2019/11/23 18:38:50.53 #|1574534330.530022593|00#| work_queue_worker[1] wq: rx from master: infile file-0-ddd728dc31a49bcd4cacae5676b4e7f7-Create_Corrected_AllLRReads.py Create_Corrected_AllLRReads.py 1
2019/11/23 18:38:50.53 #|1574534330.530063335|00#| work_queue_worker[1] wq: rx from master: outfile file-0-60f03c127c82c51ce45aee313704cba2-create.err.11 create.err.11 1
2019/11/23 18:38:50.53 #|1574534330.530102961|00#| work_queue_worker[1] wq: rx from master: outfile file-0-2e98d002169f1919fe880298d2242051-Corrected_ref.fasta.11 Corrected_ref.fasta.11 1
2019/11/23 18:38:50.53 #|1574534330.530140783|00#| work_queue_worker[1] wq: rx from master: end
2019/11/23 18:38:50.53 #|1574534330.530400580|00#| work_queue_worker[1] wq: linking cache/file-0-048045060f61089a83cce204e6b8f151-corr.out to /tmp/worker-0-1/t.101/corr.out
2019/11/23 18:38:50.53 #|1574534330.530490005|00#| work_queue_worker[1] wq: linking cache/file-0-0d93fd3812287dfef20102e293f224d9-ref.fasta.11 to /tmp/worker-0-1/t.101/ref.fasta.11
2019/11/23 18:38:50.53 #|1574534330.530567910|00#| work_queue_worker[1] wq: linking cache/file-0-ddd728dc31a49bcd4cacae5676b4e7f7-Create_Corrected_AllLRReads.py to /tmp/worker-0-1/t.101/Create_Corrected_AllLRReads.py
2019/11/23 18:38:50.53 #|1574534330.530930768|00#| work_queue_worker[1] wq: started process 15: python Create_Corrected_AllLRReads.py ref.fasta.11 corr.out 2> create.err.11
2019/11/23 18:38:50.53 #|1574534330.531000605|00#| work_queue_worker[1] wq: tx to master: info tasks_running 1
2019/11/23 18:38:50.57 #|1574534330.576776643|00#| work_queue_worker[1] wq: task 101 (pid 15) exited normally with exit code 0
2019/11/23 18:38:50.57 #|1574534330.576824855|00#| work_queue_worker[1] wq: moving output file from /tmp/worker-0-1/t.101/create.err.11 to cache/file-0-60f03c127c82c51ce45aee313704cba2-create.err.11
2019/11/23 18:38:50.57 #|1574534330.576889489|00#| work_queue_worker[1] wq: moving output file from /tmp/worker-0-1/t.101/Corrected_ref.fasta.11 to cache/file-0-2e98d002169f1919fe880298d2242051-Corrected_ref.fasta.11
2019/11/23 18:38:50.57 #|1574534330.576932388|00#| work_queue_worker[1] wq: tx to master: available_results
2019/11/23 18:38:50.58 #|1574534330.580416006|00#| work_queue_worker[1] wq: rx from master: send_results -1
2019/11/23 18:38:50.58 #|1574534330.580521169|00#| work_queue_worker[1] wq: tx to master: result 0 0 0 46141 101
2019/11/23 18:38:50.58 #|1574534330.580685481|00#| work_queue_worker[1] wq: tx to master: info tasks_running 0
2019/11/23 18:38:50.58 #|1574534330.580844057|00#| work_queue_worker[1] wq: tx to master: end
2019/11/23 18:38:50.58 #|1574534330.581673143|00#| work_queue_worker[1] wq: rx from master: get file-0-60f03c127c82c51ce45aee313704cba2-create.err.11 1
2019/11/23 18:38:50.58 #|1574534330.581753076|00#| work_queue_worker[1] wq: tx to master: file file-0-60f03c127c82c51ce45aee313704cba2-create.err.11 0
2019/11/23 18:38:50.58 #|1574534330.581860369|00#| work_queue_worker[1] wq: tx to master: end
2019/11/23 18:38:50.58 #|1574534330.582496863|00#| work_queue_worker[1] wq: rx from master: get file-0-2e98d002169f1919fe880298d2242051-Corrected_ref.fasta.11 1
2019/11/23 18:38:50.58 #|1574534330.582557498|00#| work_queue_worker[1] wq: tx to master: file file-0-2e98d002169f1919fe880298d2242051-Corrected_ref.fasta.11 1055000
2019/11/23 18:38:50.66 #|1574534330.661639816|00#| work_queue_worker[1] wq: tx to master: end
2019/11/23 18:38:50.67 #|1574534330.676364494|00#| work_queue_worker[1] wq: rx from master: kill 101
2019/11/23 18:38:50.70 #|1574534330.702095324|00#| work_queue_worker[1] wq: rx from master: put file-0-ef7d821ac8daa95f0be4ce10eeaeb3c6-ref.fasta.93 1055000 0644 1
2019/11/23 18:38:50.70 #|1574534330.702277620|00#| work_queue_worker[1] wq: Putting file file-0-ef7d821ac8daa95f0be4ce10eeaeb3c6-ref.fasta.93 into workspace
2019/11/23 18:38:50.79 #|1574534330.795006306|00#| work_queue_worker[1] wq: rx from master: task 19
2019/11/23 18:38:50.79 #|1574534330.795085897|00#| work_queue_worker[1] wq: rx from master: cmd 76
2019/11/23 18:38:50.79 #|1574534330.795166836|00#| work_queue_worker[1] wq: rx from master: python Create_Corrected_AllLRReads.py ref.fasta.93 corr.out 2> create.err.93
2019/11/23 18:38:50.79 #|1574534330.795191939|00#| work_queue_worker[1] wq: rx from master: category default
2019/11/23 18:38:50.79 #|1574534330.795214341|00#| work_queue_worker[1] wq: rx from master: cores 1
2019/11/23 18:38:50.79 #|1574534330.795250103|00#| work_queue_worker[1] wq: rx from master: memory 7749
2019/11/23 18:38:50.79 #|1574534330.795272848|00#| work_queue_worker[1] wq: rx from master: disk 182233
2019/11/23 18:38:50.79 #|1574534330.795295364|00#| work_queue_worker[1] wq: rx from master: gpus 0
2019/11/23 18:38:50.79 #|1574534330.795318657|00#| work_queue_worker[1] wq: rx from master: end_time 18446744073709551615
2019/11/23 18:38:50.79 #|1574534330.795343212|00#| work_queue_worker[1] wq: rx from master: wall_time 18446744073709551615
2019/11/23 18:38:50.79 #|1574534330.795366051|00#| work_queue_worker[1] wq: rx from master: env 7
2019/11/23 18:38:50.79 #|1574534330.795493118|00#| work_queue_worker[1] wq: rx from master: env 17
2019/11/23 18:38:50.79 #|1574534330.795527591|00#| work_queue_worker[1] wq: rx from master: infile file-0-048045060f61089a83cce204e6b8f151-corr.out corr.out 1
2019/11/23 18:38:50.79 #|1574534330.795573677|00#| work_queue_worker[1] wq: rx from master: infile file-0-ef7d821ac8daa95f0be4ce10eeaeb3c6-ref.fasta.93 ref.fasta.93 1
2019/11/23 18:38:50.79 #|1574534330.795612274|00#| work_queue_worker[1] wq: rx from master: infile file-0-ddd728dc31a49bcd4cacae5676b4e7f7-Create_Corrected_AllLRReads.py Create_Corrected_AllLRReads.py 1
2019/11/23 18:38:50.79 #|1574534330.795649888|00#| work_queue_worker[1] wq: rx from master: outfile file-0-feaea966d6f734b99a9e20b93bc845b8-create.err.93 create.err.93 1
2019/11/23 18:38:50.79 #|1574534330.795686933|00#| work_queue_worker[1] wq: rx from master: outfile file-0-a4da2988df1f720002576b7ab4812ae1-Corrected_ref.fasta.93 Corrected_ref.fasta.93 1
2019/11/23 18:38:50.79 #|1574534330.795722399|00#| work_queue_worker[1] wq: rx from master: end
2019/11/23 18:38:50.79 #|1574534330.795959581|00#| work_queue_worker[1] wq: linking cache/file-0-048045060f61089a83cce204e6b8f151-corr.out to /tmp/worker-0-1/t.19/corr.out
2019/11/23 18:38:50.79 #|1574534330.796043084|00#| work_queue_worker[1] wq: linking cache/file-0-ef7d821ac8daa95f0be4ce10eeaeb3c6-ref.fasta.93 to /tmp/worker-0-1/t.19/ref.fasta.93
2019/11/23 18:38:50.79 #|1574534330.796115795|00#| work_queue_worker[1] wq: linking cache/file-0-ddd728dc31a49bcd4cacae5676b4e7f7-Create_Corrected_AllLRReads.py to /tmp/worker-0-1/t.19/Create_Corrected_AllLRReads.py
2019/11/23 18:38:50.79 #|1574534330.796453690|00#| work_queue_worker[1] wq: started process 17: python Create_Corrected_AllLRReads.py ref.fasta.93 corr.out 2> create.err.93
2019/11/23 18:38:50.79 #|1574534330.796521447|00#| work_queue_worker[1] wq: tx to master: info tasks_running 1
2019/11/23 18:38:50.84 #|1574534330.843573950|00#| work_queue_worker[1] wq: task 19 (pid 17) exited normally with exit code 0
2019/11/23 18:38:50.84 #|1574534330.843625360|00#| work_queue_worker[1] wq: moving output file from /tmp/worker-0-1/t.19/create.err.93 to cache/file-0-feaea966d6f734b99a9e20b93bc845b8-create.err.93
2019/11/23 18:38:50.84 #|1574534330.843705914|00#| work_queue_worker[1] wq: moving output file from /tmp/worker-0-1/t.19/Corrected_ref.fasta.93 to cache/file-0-a4da2988df1f720002576b7ab4812ae1-Corrected_ref.fasta.93
2019/11/23 18:38:50.84 #|1574534330.843760238|00#| work_queue_worker[1] wq: tx to master: available_results
2019/11/23 18:38:50.84 #|1574534330.844405670|00#| work_queue_worker[1] wq: rx from master: send_results -1
2019/11/23 18:38:50.84 #|1574534330.844469677|00#| work_queue_worker[1] wq: tx to master: result 0 0 0 47400 19
2019/11/23 18:38:50.84 #|1574534330.844558526|00#| work_queue_worker[1] wq: tx to master: info tasks_running 0
2019/11/23 18:38:50.84 #|1574534330.844628284|00#| work_queue_worker[1] wq: tx to master: end
2019/11/23 18:38:50.84 #|1574534330.845246596|00#| work_queue_worker[1] wq: rx from master: get file-0-feaea966d6f734b99a9e20b93bc845b8-create.err.93 1
2019/11/23 18:38:50.84 #|1574534330.845309219|00#| work_queue_worker[1] wq: tx to master: file file-0-feaea966d6f734b99a9e20b93bc845b8-create.err.93 0
2019/11/23 18:38:50.84 #|1574534330.845407877|00#| work_queue_worker[1] wq: tx to master: end
2019/11/23 18:38:50.84 #|1574534330.846081797|00#| work_queue_worker[1] wq: rx from master: get file-0-a4da2988df1f720002576b7ab4812ae1-Corrected_ref.fasta.93 1
2019/11/23 18:38:50.84 #|1574534330.846151950|00#| work_queue_worker[1] wq: tx to master: file file-0-a4da2988df1f720002576b7ab4812ae1-Corrected_ref.fasta.93 1055000
2019/11/23 18:38:50.92 #|1574534330.924978748|00#| work_queue_worker[1] wq: tx to master: end
2019/11/23 18:38:50.94 #|1574534330.940307311|00#| work_queue_worker[1] wq: rx from master: kill 19
2019/11/23 18:38:52.11 #|1574534332.119172647|00#| work_queue_worker[1] wq: rx from master: release
2019/11/23 18:38:52.11 #|1574534332.119294165|00#| work_queue_worker[1] wq: released by master 10.0.130.11:1026.
2019/11/23 18:38:52.11 #|1574534332.119358572|00#| work_queue_worker[1] wq: cleaning workspace /tmp/worker-0-1
2019/11/23 18:38:52.17 #|1574534332.173122083|00#| work_queue_worker[1] wq: disconnecting from master 10.0.130.11:1026
2019/11/23 18:38:52.17 #|1574534332.173234137|00#| work_queue_worker[1] tcp: disconnected from 10.0.130.11 port 1026
2019/11/23 18:38:52.17 #|1574534332.173252706|00#| work_queue_worker[1] wq: killing all outstanding tasks
2019/11/23 18:38:52.17 #|1574534332.173292935|00#| work_queue_worker[1] wq: all data structures are clean
2019/11/23 18:38:53.19 #|1574534333.191936414|00#| work_queue_worker[1] debug: error reading disk usage on directory: ./cache.
2019/11/23 18:38:53.19 #|1574534333.192166149|00#| work_queue_worker[1] tcp: connecting to 10.0.130.11 port 1026
