2019/11/26 14:07:38.90 work_queue_worker[1] debug: /home/cctools_BRUNO_bin/bin/work_queue_worker version 8.0.0 DEVELOPMENT (released 2019-11-06 16:35:57 +0000)
2019/11/26 14:07:38.90 work_queue_worker[1] debug: Built by root@2546322b0463 on 2019-11-06 16:35:57 +0000
2019/11/26 14:07:38.90 work_queue_worker[1] debug: System: Linux 2546322b0463 5.0.0-32-generic #34~18.04.2-Ubuntu SMP Thu Oct 10 10:36:02 UTC 2019 x86_64 x86_64 x86_64 GNU/Linux
2019/11/26 14:07:38.90 work_queue_worker[1] debug: Configuration: --prefix /home/cctools_BRUNO_bin
2019/11/26 14:07:38.90 work_queue_worker[1] wq: WORK_QUEUE_SANDBOX set to /tmp/worker-0-1.
2019/11/26 14:07:38.90 work_queue_worker[1] debug: error reading disk usage on directory: ./cache.
2019/11/26 14:07:38.90 work_queue_worker[1] dns: looking up name master
2019/11/26 14:07:38.90 work_queue_worker[1] dns: couldn't look up master: Name or service not known
2019/11/26 14:07:40.90 work_queue_worker[1] dns: looking up name master
2019/11/26 14:07:40.91 work_queue_worker[1] dns: couldn't look up master: Name or service not known
2019/11/26 14:07:42.91 work_queue_worker[1] dns: looking up name master
2019/11/26 14:07:42.91 work_queue_worker[1] dns: couldn't look up master: Name or service not known
2019/11/26 14:07:44.91 work_queue_worker[1] debug: error reading disk usage on directory: ./cache.
2019/11/26 14:07:44.91 work_queue_worker[1] dns: looking up name master
2019/11/26 14:07:44.91 work_queue_worker[1] dns: couldn't look up master: Name or service not known
2019/11/26 14:07:46.91 work_queue_worker[1] dns: looking up name master
2019/11/26 14:07:46.91 work_queue_worker[1] dns: couldn't look up master: Name or service not known
2019/11/26 14:07:48.91 work_queue_worker[1] dns: looking up name master
2019/11/26 14:07:48.92 work_queue_worker[1] dns: master is 10.0.233.17
2019/11/26 14:07:48.92 work_queue_worker[1] tcp: connecting to 10.0.233.17 port 1026
2019/11/26 14:07:48.92 work_queue_worker[1] tcp: made connection to 10.0.233.17 port 1026
2019/11/26 14:07:48.92 work_queue_worker[1] wq: connected to master master:1026 via local address 10.0.233.3:47794
2019/11/26 14:07:48.92 work_queue_worker[1] wq: preparing workspace /tmp/worker-0-1
2019/11/26 14:07:48.92 work_queue_worker[1] dns: looking up name 0bb06b6a7361
2019/11/26 14:07:48.92 work_queue_worker[1] dns: 0bb06b6a7361 is 10.0.233.3
2019/11/26 14:07:48.92 work_queue_worker[1] dns: looking up addr 10.0.233.3
2019/11/26 14:07:48.92 work_queue_worker[1] dns: 10.0.233.3 is 0bb06b6a7361
2019/11/26 14:07:48.92 work_queue_worker[1] dns: finding my hostname: uname = 0bb06b6a7361, address = 10.0.233.3, hostname = 0bb06b6a7361
2019/11/26 14:07:48.92 work_queue_worker[1] wq: tx to master: workqueue 8 0bb06b6a7361 Linux x86_64 8.0.0
2019/11/26 14:07:48.92 work_queue_worker[1] wq: tx to master: info worker-id worker-8922f1f29867cfdd7f9746ffdb8f1d80
2019/11/26 14:07:48.92 work_queue_worker[1] wq: tx to master: alive
2019/11/26 14:07:48.92 work_queue_worker[1] wq: Sending resource description to master:
2019/11/26 14:07:48.92 work_queue_worker[1] wq:  workers      0 inuse      1 total      1 smallest      1 largest
2019/11/26 14:07:48.92 work_queue_worker[1] wq:     disk      0 inuse 182989 total 182989 smallest 182989 largest
2019/11/26 14:07:48.92 work_queue_worker[1] wq:   memory      0 inuse   7749 total   7749 smallest   7749 largest
2019/11/26 14:07:48.92 work_queue_worker[1] wq:     gpus      0 inuse      0 total      0 smallest      0 largest
2019/11/26 14:07:48.92 work_queue_worker[1] wq:    cores      0 inuse      1 total      1 smallest      1 largest
2019/11/26 14:07:48.92 work_queue_worker[1] wq: tx to master: info end_of_resource_update 0
2019/11/26 14:07:48.92 work_queue_worker[1] wq: tx to master: info tasks_running 0
2019/11/26 14:07:48.92 work_queue_worker[1] wq: working for master at 10.0.233.17:1026.
2019/11/26 14:09:57.23 work_queue_worker[1] wq: rx from master: put file-0-c5ee5a022e0a239ae11f2cc3e034beda-query.fastq.4 2044000 0644 1
2019/11/26 14:09:57.23 work_queue_worker[1] wq: Putting file file-0-c5ee5a022e0a239ae11f2cc3e034beda-query.fastq.4 into workspace
2019/11/26 14:09:57.23 work_queue_worker[1] wq: Dir /cache already exists in cache
2019/11/26 14:09:57.41 work_queue_worker[1] wq: ****BRUNO***** cp BARRA: -> cp ./cache/file-0-c5ee5a022e0a239ae11f2cc3e034beda-query.fastq.4 /cache.
2019/11/26 14:09:57.42 work_queue_worker[1] wq: rx from master: put file-0-971da570f958f7598fb58342dc472274-ref.fasta.sa 50000056 0644 1
2019/11/26 14:09:57.42 work_queue_worker[1] wq: Putting file file-0-971da570f958f7598fb58342dc472274-ref.fasta.sa into workspace
2019/11/26 14:09:57.42 work_queue_worker[1] wq: Dir /cache already exists in cache
2019/11/26 14:10:01.81 work_queue_worker[1] wq: ****BRUNO***** cp BARRA: -> cp ./cache/file-0-971da570f958f7598fb58342dc472274-ref.fasta.sa /cache.
2019/11/26 14:10:01.98 work_queue_worker[1] wq: rx from master: put file-0-35f59a9883b4870b84f03717aff16002-ref.fasta.ann 5866697 0644 1
2019/11/26 14:10:01.98 work_queue_worker[1] wq: Putting file file-0-35f59a9883b4870b84f03717aff16002-ref.fasta.ann into workspace
2019/11/26 14:10:01.98 work_queue_worker[1] wq: Dir /cache already exists in cache
2019/11/26 14:10:02.33 work_queue_worker[1] wq: ****BRUNO***** cp BARRA: -> cp ./cache/file-0-35f59a9883b4870b84f03717aff16002-ref.fasta.ann /cache.
2019/11/26 14:10:02.34 work_queue_worker[1] wq: rx from master: put file-0-1aba5e7adecebe065db19a405fb8bdf0-ref.fasta.amb 19 0644 1
2019/11/26 14:10:02.34 work_queue_worker[1] wq: Putting file file-0-1aba5e7adecebe065db19a405fb8bdf0-ref.fasta.amb into workspace
2019/11/26 14:10:02.34 work_queue_worker[1] wq: Dir /cache already exists in cache
2019/11/26 14:10:02.34 work_queue_worker[1] wq: ****BRUNO***** cp BARRA: -> cp ./cache/file-0-1aba5e7adecebe065db19a405fb8bdf0-ref.fasta.amb /cache.
2019/11/26 14:10:02.35 work_queue_worker[1] wq: rx from master: put file-0-d4ff2b390cdd34b642d74a1cd1b59b97-ref.fasta.pac 25000002 0644 1
2019/11/26 14:10:02.35 work_queue_worker[1] wq: Putting file file-0-d4ff2b390cdd34b642d74a1cd1b59b97-ref.fasta.pac into workspace
2019/11/26 14:10:02.35 work_queue_worker[1] wq: Dir /cache already exists in cache
2019/11/26 14:10:04.53 work_queue_worker[1] wq: ****BRUNO***** cp BARRA: -> cp ./cache/file-0-d4ff2b390cdd34b642d74a1cd1b59b97-ref.fasta.pac /cache.
2019/11/26 14:10:04.60 work_queue_worker[1] wq: rx from master: put file-0-0cadea4f68da3f941c5b5f0c963a59f8-ref.fasta.bwt 100000072 0644 1
2019/11/26 14:10:04.60 work_queue_worker[1] wq: Putting file file-0-0cadea4f68da3f941c5b5f0c963a59f8-ref.fasta.bwt into workspace
2019/11/26 14:10:04.60 work_queue_worker[1] wq: Dir /cache already exists in cache
2019/11/26 14:10:13.34 work_queue_worker[1] wq: ****BRUNO***** cp BARRA: -> cp ./cache/file-0-0cadea4f68da3f941c5b5f0c963a59f8-ref.fasta.bwt /cache.
2019/11/26 14:10:13.65 work_queue_worker[1] wq: rx from master: put file-0-b08c3e9746692f64bcb9a448620c7967-ref.fasta 105477790 0644 1
2019/11/26 14:10:13.65 work_queue_worker[1] wq: Putting file file-0-b08c3e9746692f64bcb9a448620c7967-ref.fasta into workspace
2019/11/26 14:10:13.65 work_queue_worker[1] wq: Dir /cache already exists in cache
2019/11/26 14:10:22.64 work_queue_worker[1] wq: ****BRUNO***** cp BARRA: -> cp ./cache/file-0-b08c3e9746692f64bcb9a448620c7967-ref.fasta /cache.
2019/11/26 14:10:35.63 work_queue_worker[1] wq: rx from master: put file-0-a6be17d8a097bb9efd120be10bbc654c-bwa 1444312 0755 1
2019/11/26 14:10:35.63 work_queue_worker[1] wq: Putting file file-0-a6be17d8a097bb9efd120be10bbc654c-bwa into workspace
2019/11/26 14:10:35.63 work_queue_worker[1] wq: Dir /cache already exists in cache
2019/11/26 14:10:35.63 work_queue_worker[1] wq: ****BRUNO***** cp BARRA: -> cp ./cache/file-0-a6be17d8a097bb9efd120be10bbc654c-bwa /cache.
2019/11/26 14:10:35.64 work_queue_worker[1] wq: rx from master: task 6
2019/11/26 14:10:35.64 work_queue_worker[1] wq: rx from master: cmd 58
2019/11/26 14:10:35.64 work_queue_worker[1] wq: rx from master: ./bwa mem ref.fasta query.fastq.4 > Out.4.sam 2> mem.4.err
2019/11/26 14:10:35.64 work_queue_worker[1] wq: rx from master: category default
2019/11/26 14:10:35.64 work_queue_worker[1] wq: rx from master: cores 1
2019/11/26 14:10:35.64 work_queue_worker[1] wq: rx from master: memory 7749
2019/11/26 14:10:35.64 work_queue_worker[1] wq: rx from master: disk 182989
2019/11/26 14:10:35.64 work_queue_worker[1] wq: rx from master: gpus 0
2019/11/26 14:10:35.64 work_queue_worker[1] wq: rx from master: end_time 18446744073709551615
2019/11/26 14:10:35.64 work_queue_worker[1] wq: rx from master: wall_time 18446744073709551615
2019/11/26 14:10:35.64 work_queue_worker[1] wq: rx from master: env 7
2019/11/26 14:10:35.64 work_queue_worker[1] wq: rx from master: env 17
2019/11/26 14:10:35.64 work_queue_worker[1] wq: rx from master: infile file-0-c5ee5a022e0a239ae11f2cc3e034beda-query.fastq.4 query.fastq.4 1
2019/11/26 14:10:35.64 work_queue_worker[1] wq: rx from master: infile file-0-971da570f958f7598fb58342dc472274-ref.fasta.sa ref.fasta.sa 1
2019/11/26 14:10:35.64 work_queue_worker[1] wq: rx from master: infile file-0-35f59a9883b4870b84f03717aff16002-ref.fasta.ann ref.fasta.ann 1
2019/11/26 14:10:35.64 work_queue_worker[1] wq: rx from master: infile file-0-1aba5e7adecebe065db19a405fb8bdf0-ref.fasta.amb ref.fasta.amb 1
2019/11/26 14:10:35.64 work_queue_worker[1] wq: rx from master: infile file-0-d4ff2b390cdd34b642d74a1cd1b59b97-ref.fasta.pac ref.fasta.pac 1
2019/11/26 14:10:35.64 work_queue_worker[1] wq: rx from master: infile file-0-0cadea4f68da3f941c5b5f0c963a59f8-ref.fasta.bwt ref.fasta.bwt 1
2019/11/26 14:10:35.64 work_queue_worker[1] wq: rx from master: infile file-0-b08c3e9746692f64bcb9a448620c7967-ref.fasta ref.fasta 1
2019/11/26 14:10:35.64 work_queue_worker[1] wq: rx from master: infile file-0-a6be17d8a097bb9efd120be10bbc654c-bwa bwa 1
2019/11/26 14:10:35.64 work_queue_worker[1] wq: rx from master: outfile file-0-3658071a13d1b9697b3a2af7ff4bbbde-mem.4.err mem.4.err 1
2019/11/26 14:10:35.64 work_queue_worker[1] wq: rx from master: outfile file-0-1aaaa4a6080cbc532975cbd62f7898e9-Out.4.sam Out.4.sam 1
2019/11/26 14:10:35.64 work_queue_worker[1] wq: rx from master: end
2019/11/26 14:10:35.64 work_queue_worker[1] wq: tx to master: info cached_files file-0-a6be17d8a097bb9efd120be10bbc654c-bwa
2019/11/26 14:10:35.64 work_queue_worker[1] wq: tx to master: info cached_files file-0-35f59a9883b4870b84f03717aff16002-ref.fasta.ann
2019/11/26 14:10:35.64 work_queue_worker[1] wq: tx to master: info cached_files file-0-c5ee5a022e0a239ae11f2cc3e034beda-query.fastq.4
2019/11/26 14:10:35.64 work_queue_worker[1] wq: tx to master: info cached_files file-0-bdb63e29446c6e8e27808af94d0bc963-query.fastq.9
2019/11/26 14:10:35.64 work_queue_worker[1] wq: tx to master: info cached_files file-0-0cadea4f68da3f941c5b5f0c963a59f8-ref.fasta.bwt
2019/11/26 14:10:35.64 work_queue_worker[1] wq: tx to master: info cached_files file-0-d4ff2b390cdd34b642d74a1cd1b59b97-ref.fasta.pac
2019/11/26 14:10:35.64 work_queue_worker[1] wq: tx to master: info cached_files file-0-971da570f958f7598fb58342dc472274-ref.fasta.sa
2019/11/26 14:10:35.64 work_queue_worker[1] wq: tx to master: info cached_files file-0-1aba5e7adecebe065db19a405fb8bdf0-ref.fasta.amb
2019/11/26 14:10:35.64 work_queue_worker[1] wq: tx to master: info cached_files file-0-6f85758c582abc1bb82cf0a8491389b5-query.fastq.0
2019/11/26 14:10:35.64 work_queue_worker[1] wq: tx to master: info cached_files file-0-b08c3e9746692f64bcb9a448620c7967-ref.fasta
2019/11/26 14:10:35.64 work_queue_worker[1] wq: tx to master: info cached_files file-0-f4e5d6ff9260756e956ec7c8817d32bf-query.fastq.8
2019/11/26 14:10:35.73 work_queue_worker[1] wq: linking cache/file-0-c5ee5a022e0a239ae11f2cc3e034beda-query.fastq.4 to /tmp/worker-0-1/t.6/query.fastq.4
2019/11/26 14:10:35.73 work_queue_worker[1] wq: linking cache/file-0-971da570f958f7598fb58342dc472274-ref.fasta.sa to /tmp/worker-0-1/t.6/ref.fasta.sa
2019/11/26 14:10:35.73 work_queue_worker[1] wq: linking cache/file-0-35f59a9883b4870b84f03717aff16002-ref.fasta.ann to /tmp/worker-0-1/t.6/ref.fasta.ann
2019/11/26 14:10:35.73 work_queue_worker[1] wq: linking cache/file-0-1aba5e7adecebe065db19a405fb8bdf0-ref.fasta.amb to /tmp/worker-0-1/t.6/ref.fasta.amb
2019/11/26 14:10:35.73 work_queue_worker[1] wq: linking cache/file-0-d4ff2b390cdd34b642d74a1cd1b59b97-ref.fasta.pac to /tmp/worker-0-1/t.6/ref.fasta.pac
2019/11/26 14:10:35.73 work_queue_worker[1] wq: linking cache/file-0-0cadea4f68da3f941c5b5f0c963a59f8-ref.fasta.bwt to /tmp/worker-0-1/t.6/ref.fasta.bwt
2019/11/26 14:10:35.73 work_queue_worker[1] wq: linking cache/file-0-b08c3e9746692f64bcb9a448620c7967-ref.fasta to /tmp/worker-0-1/t.6/ref.fasta
2019/11/26 14:10:35.73 work_queue_worker[1] wq: linking cache/file-0-a6be17d8a097bb9efd120be10bbc654c-bwa to /tmp/worker-0-1/t.6/bwa
2019/11/26 14:10:35.73 work_queue_worker[1] wq: Waiting task 6 has been forsaken.
2019/11/26 14:10:35.73 work_queue_worker[1] wq: tx to master: alive
2019/11/26 14:10:35.73 work_queue_worker[1] wq: Sending resource description to master:
2019/11/26 14:10:35.73 work_queue_worker[1] wq:  workers      0 inuse      1 total      1 smallest      1 largest
2019/11/26 14:10:35.73 work_queue_worker[1] wq:     disk    276 inuse 182537 total 182537 smallest 182537 largest
2019/11/26 14:10:35.73 work_queue_worker[1] wq:   memory      0 inuse   7749 total   7749 smallest   7749 largest
2019/11/26 14:10:35.73 work_queue_worker[1] wq:     gpus      0 inuse      0 total      0 smallest      0 largest
2019/11/26 14:10:35.73 work_queue_worker[1] wq:    cores      0 inuse      1 total      1 smallest      1 largest
2019/11/26 14:10:35.73 work_queue_worker[1] wq: tx to master: info end_of_resource_update 0
2019/11/26 14:10:35.73 work_queue_worker[1] wq: tx to master: info tasks_running 0
2019/11/26 14:10:35.73 work_queue_worker[1] wq: tx to master: info tasks_running 0
2019/11/26 14:10:35.73 work_queue_worker[1] wq: tx to master: available_results
2019/11/26 14:10:48.80 work_queue_worker[1] wq: rx from master: send_results -1
2019/11/26 14:10:48.80 work_queue_worker[1] wq: tx to master: result 40 0 0 0 6
2019/11/26 14:10:48.80 work_queue_worker[1] wq: tx to master: info tasks_running 0
2019/11/26 14:10:48.80 work_queue_worker[1] wq: tx to master: end
2019/11/26 14:11:02.56 work_queue_worker[1] wq: rx from master: put file-0-048045060f61089a83cce204e6b8f151-corr.out 0 0644 1
2019/11/26 14:11:02.56 work_queue_worker[1] wq: Putting file file-0-048045060f61089a83cce204e6b8f151-corr.out into workspace
2019/11/26 14:11:02.56 work_queue_worker[1] wq: Dir /cache already exists in cache
2019/11/26 14:11:02.56 work_queue_worker[1] wq: ****BRUNO***** cp BARRA: -> cp ./cache/file-0-048045060f61089a83cce204e6b8f151-corr.out /cache.
2019/11/26 14:11:02.56 work_queue_worker[1] wq: rx from master: put file-0-d227f53ffa4906fec9c6df596e58665f-ref.fasta.89 1055000 0644 1
2019/11/26 14:11:02.56 work_queue_worker[1] wq: Putting file file-0-d227f53ffa4906fec9c6df596e58665f-ref.fasta.89 into workspace
2019/11/26 14:11:02.56 work_queue_worker[1] wq: Dir /cache already exists in cache
2019/11/26 14:11:02.90 work_queue_worker[1] wq: ****BRUNO***** cp BARRA: -> cp ./cache/file-0-d227f53ffa4906fec9c6df596e58665f-ref.fasta.89 /cache.
2019/11/26 14:11:02.90 work_queue_worker[1] wq: rx from master: put file-0-ddd728dc31a49bcd4cacae5676b4e7f7-Create_Corrected_AllLRReads.py 1402 0755 1
2019/11/26 14:11:02.90 work_queue_worker[1] wq: Putting file file-0-ddd728dc31a49bcd4cacae5676b4e7f7-Create_Corrected_AllLRReads.py into workspace
2019/11/26 14:11:02.90 work_queue_worker[1] wq: Dir /cache already exists in cache
2019/11/26 14:11:02.90 work_queue_worker[1] wq: ****BRUNO***** cp BARRA: -> cp ./cache/file-0-ddd728dc31a49bcd4cacae5676b4e7f7-Create_Corrected_AllLRReads.py /cache.
2019/11/26 14:11:02.91 work_queue_worker[1] wq: rx from master: task 23
2019/11/26 14:11:02.91 work_queue_worker[1] wq: rx from master: cmd 76
2019/11/26 14:11:02.91 work_queue_worker[1] wq: rx from master: python Create_Corrected_AllLRReads.py ref.fasta.89 corr.out 2> create.err.89
2019/11/26 14:11:02.91 work_queue_worker[1] wq: rx from master: category default
2019/11/26 14:11:02.91 work_queue_worker[1] wq: rx from master: cores 1
2019/11/26 14:11:02.91 work_queue_worker[1] wq: rx from master: memory 7749
2019/11/26 14:11:02.91 work_queue_worker[1] wq: rx from master: disk 182537
2019/11/26 14:11:02.91 work_queue_worker[1] wq: rx from master: gpus 0
2019/11/26 14:11:02.91 work_queue_worker[1] wq: rx from master: end_time 18446744073709551615
2019/11/26 14:11:02.91 work_queue_worker[1] wq: rx from master: wall_time 18446744073709551615
2019/11/26 14:11:02.91 work_queue_worker[1] wq: rx from master: env 7
2019/11/26 14:11:02.91 work_queue_worker[1] wq: rx from master: env 17
2019/11/26 14:11:02.91 work_queue_worker[1] wq: rx from master: infile file-0-048045060f61089a83cce204e6b8f151-corr.out corr.out 1
2019/11/26 14:11:02.91 work_queue_worker[1] wq: rx from master: infile file-0-d227f53ffa4906fec9c6df596e58665f-ref.fasta.89 ref.fasta.89 1
2019/11/26 14:11:02.91 work_queue_worker[1] wq: rx from master: infile file-0-ddd728dc31a49bcd4cacae5676b4e7f7-Create_Corrected_AllLRReads.py Create_Corrected_AllLRReads.py 1
2019/11/26 14:11:02.91 work_queue_worker[1] wq: rx from master: outfile file-0-054657e8f78fc0e80c99bd12930c6516-create.err.89 create.err.89 1
2019/11/26 14:11:02.91 work_queue_worker[1] wq: rx from master: outfile file-0-42bcf5e6aaa970b04b36214e6a1c7b2f-Corrected_ref.fasta.89 Corrected_ref.fasta.89 1
2019/11/26 14:11:02.91 work_queue_worker[1] wq: rx from master: end
2019/11/26 14:11:02.91 work_queue_worker[1] wq: tx to master: info cached_files file-0-7e84d12fe76710de61a1e1012d161708-ref.fasta.95
2019/11/26 14:11:02.91 work_queue_worker[1] wq: tx to master: info cached_files file-0-ef7d821ac8daa95f0be4ce10eeaeb3c6-ref.fasta.93
2019/11/26 14:11:02.91 work_queue_worker[1] wq: tx to master: info cached_files file-0-cdcb812e1d4b3d86022e7dd488b06452-query.fastq.3
2019/11/26 14:11:02.91 work_queue_worker[1] wq: tx to master: info cached_files file-0-ddd728dc31a49bcd4cacae5676b4e7f7-Create_Corrected_AllLRReads.py
2019/11/26 14:11:02.91 work_queue_worker[1] wq: tx to master: info cached_files file-0-d227f53ffa4906fec9c6df596e58665f-ref.fasta.89
2019/11/26 14:11:02.91 work_queue_worker[1] wq: tx to master: info cached_files file-0-ec2b61782898a8d0b03d68fc63e81229-query.fastq.5
2019/11/26 14:11:02.91 work_queue_worker[1] wq: tx to master: info cached_files file-0-2dd01aa1d6ecd63ec055ab381d19f030-ref.fasta.94
2019/11/26 14:11:02.91 work_queue_worker[1] wq: tx to master: info cached_files file-0-048045060f61089a83cce204e6b8f151-corr.out
2019/11/26 14:11:02.91 work_queue_worker[1] wq: linking cache/file-0-048045060f61089a83cce204e6b8f151-corr.out to /tmp/worker-0-1/t.23/corr.out
2019/11/26 14:11:02.91 work_queue_worker[1] wq: linking cache/file-0-d227f53ffa4906fec9c6df596e58665f-ref.fasta.89 to /tmp/worker-0-1/t.23/ref.fasta.89
2019/11/26 14:11:02.91 work_queue_worker[1] wq: linking cache/file-0-ddd728dc31a49bcd4cacae5676b4e7f7-Create_Corrected_AllLRReads.py to /tmp/worker-0-1/t.23/Create_Corrected_AllLRReads.py
2019/11/26 14:11:02.91 work_queue_worker[1] wq: started process 35: python Create_Corrected_AllLRReads.py ref.fasta.89 corr.out 2> create.err.89
2019/11/26 14:11:02.91 work_queue_worker[1] wq: tx to master: info tasks_running 1
2019/11/26 14:11:02.96 work_queue_worker[1] wq: task 23 (pid 35) exited normally with exit code 0
2019/11/26 14:11:02.96 work_queue_worker[1] wq: moving output file from /tmp/worker-0-1/t.23/create.err.89 to cache/file-0-054657e8f78fc0e80c99bd12930c6516-create.err.89
2019/11/26 14:11:02.96 work_queue_worker[1] wq: moving output file from /tmp/worker-0-1/t.23/Corrected_ref.fasta.89 to cache/file-0-42bcf5e6aaa970b04b36214e6a1c7b2f-Corrected_ref.fasta.89
2019/11/26 14:11:02.96 work_queue_worker[1] wq: tx to master: available_results
2019/11/26 14:11:03.21 work_queue_worker[1] wq: rx from master: send_results -1
2019/11/26 14:11:03.21 work_queue_worker[1] wq: tx to master: result 0 0 0 45684 23
2019/11/26 14:11:03.21 work_queue_worker[1] wq: tx to master: info tasks_running 0
2019/11/26 14:11:03.21 work_queue_worker[1] wq: tx to master: end
2019/11/26 14:11:03.23 work_queue_worker[1] wq: rx from master: get file-0-054657e8f78fc0e80c99bd12930c6516-create.err.89 1
2019/11/26 14:11:03.23 work_queue_worker[1] wq: tx to master: file file-0-054657e8f78fc0e80c99bd12930c6516-create.err.89 0
2019/11/26 14:11:03.23 work_queue_worker[1] wq: tx to master: end
2019/11/26 14:11:03.23 work_queue_worker[1] wq: rx from master: get file-0-42bcf5e6aaa970b04b36214e6a1c7b2f-Corrected_ref.fasta.89 1
2019/11/26 14:11:03.23 work_queue_worker[1] wq: tx to master: file file-0-42bcf5e6aaa970b04b36214e6a1c7b2f-Corrected_ref.fasta.89 1055000
2019/11/26 14:11:03.31 work_queue_worker[1] wq: tx to master: end
2019/11/26 14:11:03.33 work_queue_worker[1] wq: rx from master: kill 23
2019/11/26 14:11:03.33 work_queue_worker[1] wq: ---- DELETING: /tmp/worker-0-1/t.23
2019/11/26 14:11:03.62 work_queue_worker[1] wq: rx from master: put file-0-5913a6d569285ed628a484e34fd3c8a4-ref.fasta.53 1055000 0644 1
2019/11/26 14:11:03.62 work_queue_worker[1] wq: Putting file file-0-5913a6d569285ed628a484e34fd3c8a4-ref.fasta.53 into workspace
2019/11/26 14:11:03.62 work_queue_worker[1] wq: Dir /cache already exists in cache
2019/11/26 14:11:03.72 work_queue_worker[1] wq: ****BRUNO***** cp BARRA: -> cp ./cache/file-0-5913a6d569285ed628a484e34fd3c8a4-ref.fasta.53 /cache.
2019/11/26 14:11:03.73 work_queue_worker[1] wq: rx from master: task 59
2019/11/26 14:11:03.73 work_queue_worker[1] wq: rx from master: cmd 76
2019/11/26 14:11:03.73 work_queue_worker[1] wq: rx from master: python Create_Corrected_AllLRReads.py ref.fasta.53 corr.out 2> create.err.53
2019/11/26 14:11:03.73 work_queue_worker[1] wq: rx from master: category default
2019/11/26 14:11:03.73 work_queue_worker[1] wq: rx from master: cores 1
2019/11/26 14:11:03.73 work_queue_worker[1] wq: rx from master: memory 7749
2019/11/26 14:11:03.73 work_queue_worker[1] wq: rx from master: disk 182537
2019/11/26 14:11:03.73 work_queue_worker[1] wq: rx from master: gpus 0
2019/11/26 14:11:03.73 work_queue_worker[1] wq: rx from master: end_time 18446744073709551615
2019/11/26 14:11:03.73 work_queue_worker[1] wq: rx from master: wall_time 18446744073709551615
2019/11/26 14:11:03.73 work_queue_worker[1] wq: rx from master: env 7
2019/11/26 14:11:03.73 work_queue_worker[1] wq: rx from master: env 17
2019/11/26 14:11:03.73 work_queue_worker[1] wq: rx from master: infile file-0-048045060f61089a83cce204e6b8f151-corr.out corr.out 1
2019/11/26 14:11:03.73 work_queue_worker[1] wq: rx from master: infile file-0-5913a6d569285ed628a484e34fd3c8a4-ref.fasta.53 ref.fasta.53 1
2019/11/26 14:11:03.73 work_queue_worker[1] wq: rx from master: infile file-0-ddd728dc31a49bcd4cacae5676b4e7f7-Create_Corrected_AllLRReads.py Create_Corrected_AllLRReads.py 1
2019/11/26 14:11:03.73 work_queue_worker[1] wq: rx from master: outfile file-0-a2de61c2e6335e92613fdff2acdf63f5-create.err.53 create.err.53 1
2019/11/26 14:11:03.73 work_queue_worker[1] wq: rx from master: outfile file-0-4c4e163664dad5997cd468d2b937998f-Corrected_ref.fasta.53 Corrected_ref.fasta.53 1
2019/11/26 14:11:03.73 work_queue_worker[1] wq: rx from master: end
2019/11/26 14:11:03.73 work_queue_worker[1] wq: tx to master: info cached_files file-0-1e1985547bd185ddfff8586fb564cf05-ref.fasta.56
2019/11/26 14:11:03.73 work_queue_worker[1] wq: tx to master: info cached_files file-0-12f74b83f5f1f0924035fede1ab30a10-ref.fasta.55
2019/11/26 14:11:03.73 work_queue_worker[1] wq: tx to master: info cached_files file-0-81e4285476e20b70ee543f40aa0fd6bc-ref.fasta.54
2019/11/26 14:11:03.73 work_queue_worker[1] wq: tx to master: info cached_files file-0-5913a6d569285ed628a484e34fd3c8a4-ref.fasta.53
2019/11/26 14:11:03.73 work_queue_worker[1] wq: linking cache/file-0-048045060f61089a83cce204e6b8f151-corr.out to /tmp/worker-0-1/t.59/corr.out
2019/11/26 14:11:03.73 work_queue_worker[1] wq: linking cache/file-0-5913a6d569285ed628a484e34fd3c8a4-ref.fasta.53 to /tmp/worker-0-1/t.59/ref.fasta.53
2019/11/26 14:11:03.73 work_queue_worker[1] wq: linking cache/file-0-ddd728dc31a49bcd4cacae5676b4e7f7-Create_Corrected_AllLRReads.py to /tmp/worker-0-1/t.59/Create_Corrected_AllLRReads.py
2019/11/26 14:11:03.73 work_queue_worker[1] wq: started process 41: python Create_Corrected_AllLRReads.py ref.fasta.53 corr.out 2> create.err.53
2019/11/26 14:11:03.73 work_queue_worker[1] wq: tx to master: info tasks_running 1
2019/11/26 14:11:03.78 work_queue_worker[1] wq: task 59 (pid 41) exited normally with exit code 0
2019/11/26 14:11:03.78 work_queue_worker[1] wq: moving output file from /tmp/worker-0-1/t.59/create.err.53 to cache/file-0-a2de61c2e6335e92613fdff2acdf63f5-create.err.53
2019/11/26 14:11:03.78 work_queue_worker[1] wq: moving output file from /tmp/worker-0-1/t.59/Corrected_ref.fasta.53 to cache/file-0-4c4e163664dad5997cd468d2b937998f-Corrected_ref.fasta.53
2019/11/26 14:11:03.78 work_queue_worker[1] wq: tx to master: available_results
2019/11/26 14:11:04.03 work_queue_worker[1] wq: rx from master: send_results -1
2019/11/26 14:11:04.03 work_queue_worker[1] wq: tx to master: result 0 0 0 46917 59
2019/11/26 14:11:04.03 work_queue_worker[1] wq: tx to master: info tasks_running 0
2019/11/26 14:11:04.03 work_queue_worker[1] wq: tx to master: end
2019/11/26 14:11:04.03 work_queue_worker[1] wq: rx from master: get file-0-a2de61c2e6335e92613fdff2acdf63f5-create.err.53 1
2019/11/26 14:11:04.03 work_queue_worker[1] wq: tx to master: file file-0-a2de61c2e6335e92613fdff2acdf63f5-create.err.53 0
2019/11/26 14:11:04.03 work_queue_worker[1] wq: tx to master: end
2019/11/26 14:11:04.03 work_queue_worker[1] wq: rx from master: get file-0-4c4e163664dad5997cd468d2b937998f-Corrected_ref.fasta.53 1
2019/11/26 14:11:04.03 work_queue_worker[1] wq: tx to master: file file-0-4c4e163664dad5997cd468d2b937998f-Corrected_ref.fasta.53 1055000
2019/11/26 14:11:04.11 work_queue_worker[1] wq: tx to master: end
2019/11/26 14:11:04.13 work_queue_worker[1] wq: rx from master: kill 59
2019/11/26 14:11:04.13 work_queue_worker[1] wq: ---- DELETING: /tmp/worker-0-1/t.59
2019/11/26 14:11:04.43 work_queue_worker[1] wq: rx from master: put file-0-be49a61a811f6f14a2896815f8aca4aa-ref.fasta.17 1055000 0644 1
2019/11/26 14:11:04.43 work_queue_worker[1] wq: Putting file file-0-be49a61a811f6f14a2896815f8aca4aa-ref.fasta.17 into workspace
2019/11/26 14:11:04.43 work_queue_worker[1] wq: Dir /cache already exists in cache
2019/11/26 14:11:04.53 work_queue_worker[1] wq: ****BRUNO***** cp BARRA: -> cp ./cache/file-0-be49a61a811f6f14a2896815f8aca4aa-ref.fasta.17 /cache.
2019/11/26 14:11:04.54 work_queue_worker[1] wq: rx from master: task 95
2019/11/26 14:11:04.54 work_queue_worker[1] wq: rx from master: cmd 76
2019/11/26 14:11:04.54 work_queue_worker[1] wq: rx from master: python Create_Corrected_AllLRReads.py ref.fasta.17 corr.out 2> create.err.17
2019/11/26 14:11:04.54 work_queue_worker[1] wq: rx from master: category default
2019/11/26 14:11:04.54 work_queue_worker[1] wq: rx from master: cores 1
2019/11/26 14:11:04.54 work_queue_worker[1] wq: rx from master: memory 7749
2019/11/26 14:11:04.54 work_queue_worker[1] wq: rx from master: disk 182537
2019/11/26 14:11:04.54 work_queue_worker[1] wq: rx from master: gpus 0
2019/11/26 14:11:04.54 work_queue_worker[1] wq: rx from master: end_time 18446744073709551615
2019/11/26 14:11:04.54 work_queue_worker[1] wq: rx from master: wall_time 18446744073709551615
2019/11/26 14:11:04.54 work_queue_worker[1] wq: rx from master: env 7
2019/11/26 14:11:04.54 work_queue_worker[1] wq: rx from master: env 17
2019/11/26 14:11:04.54 work_queue_worker[1] wq: rx from master: infile file-0-048045060f61089a83cce204e6b8f151-corr.out corr.out 1
2019/11/26 14:11:04.54 work_queue_worker[1] wq: rx from master: infile file-0-be49a61a811f6f14a2896815f8aca4aa-ref.fasta.17 ref.fasta.17 1
2019/11/26 14:11:04.54 work_queue_worker[1] wq: rx from master: infile file-0-ddd728dc31a49bcd4cacae5676b4e7f7-Create_Corrected_AllLRReads.py Create_Corrected_AllLRReads.py 1
2019/11/26 14:11:04.54 work_queue_worker[1] wq: rx from master: outfile file-0-73c691b00f2c79424694792a3555a34a-create.err.17 create.err.17 1
2019/11/26 14:11:04.54 work_queue_worker[1] wq: rx from master: outfile file-0-cee3a2c2b567ed6c8bf3cbd6fe89ca46-Corrected_ref.fasta.17 Corrected_ref.fasta.17 1
2019/11/26 14:11:04.54 work_queue_worker[1] wq: rx from master: end
2019/11/26 14:11:04.54 work_queue_worker[1] wq: tx to master: info cached_files file-0-8c12b2e81dd684a2bea395d788356753-ref.fasta.20
2019/11/26 14:11:04.54 work_queue_worker[1] wq: tx to master: info cached_files file-0-2b408ecce6b0355d371c80b651c889f8-ref.fasta.18
2019/11/26 14:11:04.54 work_queue_worker[1] wq: tx to master: info cached_files file-0-be49a61a811f6f14a2896815f8aca4aa-ref.fasta.17
2019/11/26 14:11:04.54 work_queue_worker[1] wq: tx to master: info cached_files file-0-12470dc35ac3e9d7f02a76cc8a9c00ea-ref.fasta.19
2019/11/26 14:11:04.54 work_queue_worker[1] wq: linking cache/file-0-048045060f61089a83cce204e6b8f151-corr.out to /tmp/worker-0-1/t.95/corr.out
2019/11/26 14:11:04.54 work_queue_worker[1] wq: linking cache/file-0-be49a61a811f6f14a2896815f8aca4aa-ref.fasta.17 to /tmp/worker-0-1/t.95/ref.fasta.17
2019/11/26 14:11:04.54 work_queue_worker[1] wq: linking cache/file-0-ddd728dc31a49bcd4cacae5676b4e7f7-Create_Corrected_AllLRReads.py to /tmp/worker-0-1/t.95/Create_Corrected_AllLRReads.py
2019/11/26 14:11:04.54 work_queue_worker[1] wq: started process 47: python Create_Corrected_AllLRReads.py ref.fasta.17 corr.out 2> create.err.17
2019/11/26 14:11:04.54 work_queue_worker[1] wq: tx to master: info tasks_running 1
2019/11/26 14:11:04.59 work_queue_worker[1] wq: task 95 (pid 47) exited normally with exit code 0
2019/11/26 14:11:04.59 work_queue_worker[1] wq: moving output file from /tmp/worker-0-1/t.95/create.err.17 to cache/file-0-73c691b00f2c79424694792a3555a34a-create.err.17
2019/11/26 14:11:04.59 work_queue_worker[1] wq: moving output file from /tmp/worker-0-1/t.95/Corrected_ref.fasta.17 to cache/file-0-cee3a2c2b567ed6c8bf3cbd6fe89ca46-Corrected_ref.fasta.17
2019/11/26 14:11:04.59 work_queue_worker[1] wq: tx to master: available_results
2019/11/26 14:11:04.64 work_queue_worker[1] wq: rx from master: send_results -1
2019/11/26 14:11:04.64 work_queue_worker[1] wq: tx to master: result 0 0 0 48437 95
2019/11/26 14:11:04.64 work_queue_worker[1] wq: tx to master: info tasks_running 0
2019/11/26 14:11:04.64 work_queue_worker[1] wq: tx to master: end
2019/11/26 14:11:04.83 work_queue_worker[1] wq: rx from master: get file-0-73c691b00f2c79424694792a3555a34a-create.err.17 1
2019/11/26 14:11:04.83 work_queue_worker[1] wq: tx to master: file file-0-73c691b00f2c79424694792a3555a34a-create.err.17 0
2019/11/26 14:11:04.83 work_queue_worker[1] wq: tx to master: end
2019/11/26 14:11:04.83 work_queue_worker[1] wq: rx from master: get file-0-cee3a2c2b567ed6c8bf3cbd6fe89ca46-Corrected_ref.fasta.17 1
2019/11/26 14:11:04.83 work_queue_worker[1] wq: tx to master: file file-0-cee3a2c2b567ed6c8bf3cbd6fe89ca46-Corrected_ref.fasta.17 1055000
2019/11/26 14:11:04.92 work_queue_worker[1] wq: tx to master: end
2019/11/26 14:11:04.93 work_queue_worker[1] wq: rx from master: kill 95
2019/11/26 14:11:04.93 work_queue_worker[1] wq: ---- DELETING: /tmp/worker-0-1/t.95
2019/11/26 14:11:06.22 work_queue_worker[1] wq: rx from master: release
2019/11/26 14:11:06.22 work_queue_worker[1] wq: released by master 10.0.233.17:1026.
2019/11/26 14:11:06.22 work_queue_worker[1] wq: *********** BRUNO ******** NOT cleaning workspace /tmp/worker-0-1
2019/11/26 14:11:06.22 work_queue_worker[1] wq: disconnecting from master 10.0.233.17:1026
2019/11/26 14:11:06.22 work_queue_worker[1] tcp: disconnected from 10.0.233.17 port 1026
2019/11/26 14:11:06.22 work_queue_worker[1] wq: killing all outstanding tasks
2019/11/26 14:11:06.22 work_queue_worker[1] wq: ---- DELETING: /tmp/worker-0-1/t.6
2019/11/26 14:11:06.22 work_queue_worker[1] wq: all data structures are clean
2019/11/26 14:11:07.22 work_queue_worker[1] tcp: connecting to 10.0.233.17 port 1026
