2019/11/26 14:07:39.89 work_queue_worker[1] debug: /home/cctools_BRUNO_bin/bin/work_queue_worker version 8.0.0 DEVELOPMENT (released 2019-11-06 16:35:57 +0000)
2019/11/26 14:07:39.89 work_queue_worker[1] debug: Built by root@2546322b0463 on 2019-11-06 16:35:57 +0000
2019/11/26 14:07:39.89 work_queue_worker[1] debug: System: Linux 2546322b0463 5.0.0-32-generic #34~18.04.2-Ubuntu SMP Thu Oct 10 10:36:02 UTC 2019 x86_64 x86_64 x86_64 GNU/Linux
2019/11/26 14:07:39.89 work_queue_worker[1] debug: Configuration: --prefix /home/cctools_BRUNO_bin
2019/11/26 14:07:39.89 work_queue_worker[1] wq: WORK_QUEUE_SANDBOX set to /tmp/worker-0-1.
2019/11/26 14:07:39.89 work_queue_worker[1] debug: error reading disk usage on directory: ./cache.
2019/11/26 14:07:39.89 work_queue_worker[1] dns: looking up name master
2019/11/26 14:07:39.89 work_queue_worker[1] dns: couldn't look up master: Name or service not known
2019/11/26 14:07:41.89 work_queue_worker[1] dns: looking up name master
2019/11/26 14:07:41.89 work_queue_worker[1] dns: couldn't look up master: Name or service not known
2019/11/26 14:07:43.89 work_queue_worker[1] dns: looking up name master
2019/11/26 14:07:43.90 work_queue_worker[1] dns: couldn't look up master: Name or service not known
2019/11/26 14:07:45.90 work_queue_worker[1] debug: error reading disk usage on directory: ./cache.
2019/11/26 14:07:45.90 work_queue_worker[1] dns: looking up name master
2019/11/26 14:07:45.90 work_queue_worker[1] dns: couldn't look up master: Name or service not known
2019/11/26 14:07:47.90 work_queue_worker[1] dns: looking up name master
2019/11/26 14:07:47.90 work_queue_worker[1] dns: couldn't look up master: Name or service not known
2019/11/26 14:07:49.90 work_queue_worker[1] dns: looking up name master
2019/11/26 14:07:49.90 work_queue_worker[1] dns: master is 10.0.233.17
2019/11/26 14:07:49.90 work_queue_worker[1] tcp: connecting to 10.0.233.17 port 1026
2019/11/26 14:07:50.91 work_queue_worker[1] tcp: made connection to 10.0.233.17 port 1026
2019/11/26 14:07:50.91 work_queue_worker[1] wq: connected to master master:1026 via local address 10.0.233.5:57600
2019/11/26 14:07:50.91 work_queue_worker[1] wq: preparing workspace /tmp/worker-0-1
2019/11/26 14:07:50.93 work_queue_worker[1] dns: looking up name b085fdb817f9
2019/11/26 14:07:50.93 work_queue_worker[1] dns: b085fdb817f9 is 10.0.233.5
2019/11/26 14:07:50.93 work_queue_worker[1] dns: looking up addr 10.0.233.5
2019/11/26 14:07:50.93 work_queue_worker[1] dns: 10.0.233.5 is b085fdb817f9
2019/11/26 14:07:50.93 work_queue_worker[1] dns: finding my hostname: uname = b085fdb817f9, address = 10.0.233.5, hostname = b085fdb817f9
2019/11/26 14:07:50.93 work_queue_worker[1] wq: tx to master: workqueue 8 b085fdb817f9 Linux x86_64 8.0.0
2019/11/26 14:07:50.93 work_queue_worker[1] wq: tx to master: info worker-id worker-4e59bc62db9a17d0d22004563fd59e9d
2019/11/26 14:07:50.93 work_queue_worker[1] wq: tx to master: alive
2019/11/26 14:07:50.93 work_queue_worker[1] wq: Sending resource description to master:
2019/11/26 14:07:50.93 work_queue_worker[1] wq:  workers      0 inuse      1 total      1 smallest      1 largest
2019/11/26 14:07:50.93 work_queue_worker[1] wq:     disk      0 inuse 182989 total 182989 smallest 182989 largest
2019/11/26 14:07:50.93 work_queue_worker[1] wq:   memory      0 inuse   7749 total   7749 smallest   7749 largest
2019/11/26 14:07:50.93 work_queue_worker[1] wq:     gpus      0 inuse      0 total      0 smallest      0 largest
2019/11/26 14:07:50.93 work_queue_worker[1] wq:    cores      0 inuse      1 total      1 smallest      1 largest
2019/11/26 14:07:50.93 work_queue_worker[1] wq: tx to master: info end_of_resource_update 0
2019/11/26 14:07:50.93 work_queue_worker[1] wq: tx to master: info tasks_running 0
2019/11/26 14:07:50.93 work_queue_worker[1] wq: working for master at 10.0.233.17:1026.
2019/11/26 14:09:37.99 work_queue_worker[1] wq: Failed to read from master.
2019/11/26 14:09:37.99 work_queue_worker[1] wq: *********** BRUNO ******** NOT cleaning workspace /tmp/worker-0-1
2019/11/26 14:09:37.99 work_queue_worker[1] wq: disconnecting from master 10.0.233.17:1026
2019/11/26 14:09:37.99 work_queue_worker[1] tcp: disconnected from 10.0.233.17 port 1026
2019/11/26 14:09:37.99 work_queue_worker[1] wq: killing all outstanding tasks
2019/11/26 14:09:37.99 work_queue_worker[1] wq: all data structures are clean
2019/11/26 14:09:44.01 work_queue_worker[1] tcp: connecting to 10.0.233.17 port 1026
2019/11/26 14:09:44.01 work_queue_worker[1] tcp: made connection to 10.0.233.17 port 1026
2019/11/26 14:09:44.01 work_queue_worker[1] wq: connected to master master:1026 via local address 10.0.233.5:57628
2019/11/26 14:09:44.01 work_queue_worker[1] wq: preparing workspace /tmp/worker-0-1
2019/11/26 14:09:44.01 work_queue_worker[1] dns: finding my hostname: uname = b085fdb817f9, address = 10.0.233.5, hostname = b085fdb817f9
2019/11/26 14:09:44.01 work_queue_worker[1] wq: tx to master: workqueue 8 b085fdb817f9 Linux x86_64 8.0.0
2019/11/26 14:09:44.01 work_queue_worker[1] wq: tx to master: info worker-id worker-4e59bc62db9a17d0d22004563fd59e9d
2019/11/26 14:09:44.01 work_queue_worker[1] wq: tx to master: info cached_files file-0-35f59a9883b4870b84f03717aff16002-ref.fasta.ann
2019/11/26 14:09:44.01 work_queue_worker[1] wq: tx to master: info cached_files file-0-bdb63e29446c6e8e27808af94d0bc963-query.fastq.9
2019/11/26 14:09:44.01 work_queue_worker[1] wq: tx to master: info cached_files file-0-0cadea4f68da3f941c5b5f0c963a59f8-ref.fasta.bwt
2019/11/26 14:09:44.01 work_queue_worker[1] wq: tx to master: info cached_files file-0-d4ff2b390cdd34b642d74a1cd1b59b97-ref.fasta.pac
2019/11/26 14:09:44.01 work_queue_worker[1] wq: tx to master: info cached_files file-0-971da570f958f7598fb58342dc472274-ref.fasta.sa
2019/11/26 14:09:44.01 work_queue_worker[1] wq: tx to master: info cached_files file-0-1aba5e7adecebe065db19a405fb8bdf0-ref.fasta.amb
2019/11/26 14:09:44.01 work_queue_worker[1] wq: tx to master: alive
2019/11/26 14:09:44.01 work_queue_worker[1] wq: Sending resource description to master:
2019/11/26 14:09:44.01 work_queue_worker[1] wq:  workers      0 inuse      1 total      1 smallest      1 largest
2019/11/26 14:09:44.01 work_queue_worker[1] wq:     disk      0 inuse 182606 total 182606 smallest 182606 largest
2019/11/26 14:09:44.01 work_queue_worker[1] wq:   memory      0 inuse   7749 total   7749 smallest   7749 largest
2019/11/26 14:09:44.01 work_queue_worker[1] wq:     gpus      0 inuse      0 total      0 smallest      0 largest
2019/11/26 14:09:44.01 work_queue_worker[1] wq:    cores      0 inuse      1 total      1 smallest      1 largest
2019/11/26 14:09:44.01 work_queue_worker[1] wq: tx to master: info end_of_resource_update 0
2019/11/26 14:09:44.01 work_queue_worker[1] wq: tx to master: info tasks_running 0
2019/11/26 14:09:44.01 work_queue_worker[1] wq: working for master at 10.0.233.17:1026.
2019/11/26 14:10:29.03 work_queue_worker[1] wq: rx from master: put file-0-f4e5d6ff9260756e956ec7c8817d32bf-query.fastq.8 2044002 0644 1
2019/11/26 14:10:29.03 work_queue_worker[1] wq: Putting file file-0-f4e5d6ff9260756e956ec7c8817d32bf-query.fastq.8 into workspace
2019/11/26 14:10:29.03 work_queue_worker[1] wq: Dir /cache already exists in cache
2019/11/26 14:10:29.38 work_queue_worker[1] wq: ****BRUNO***** cp BARRA: -> cp ./cache/file-0-f4e5d6ff9260756e956ec7c8817d32bf-query.fastq.8 /cache.
2019/11/26 14:10:29.38 work_queue_worker[1] wq: rx from master: put file-0-b08c3e9746692f64bcb9a448620c7967-ref.fasta 105477790 0644 1
2019/11/26 14:10:29.38 work_queue_worker[1] wq: Putting file file-0-b08c3e9746692f64bcb9a448620c7967-ref.fasta into workspace
2019/11/26 14:10:29.38 work_queue_worker[1] wq: Dir /cache already exists in cache
2019/11/26 14:10:38.67 work_queue_worker[1] wq: ****BRUNO***** cp BARRA: -> cp ./cache/file-0-b08c3e9746692f64bcb9a448620c7967-ref.fasta /cache.
2019/11/26 14:10:38.99 work_queue_worker[1] wq: rx from master: put file-0-a6be17d8a097bb9efd120be10bbc654c-bwa 1444312 0755 1
2019/11/26 14:10:38.99 work_queue_worker[1] wq: Putting file file-0-a6be17d8a097bb9efd120be10bbc654c-bwa into workspace
2019/11/26 14:10:38.99 work_queue_worker[1] wq: Dir /cache already exists in cache
2019/11/26 14:10:38.99 work_queue_worker[1] wq: ****BRUNO***** cp BARRA: -> cp ./cache/file-0-a6be17d8a097bb9efd120be10bbc654c-bwa /cache.
2019/11/26 14:10:39.00 work_queue_worker[1] wq: rx from master: task 2
2019/11/26 14:10:39.00 work_queue_worker[1] wq: rx from master: cmd 58
2019/11/26 14:10:39.00 work_queue_worker[1] wq: rx from master: ./bwa mem ref.fasta query.fastq.8 > Out.8.sam 2> mem.8.err
2019/11/26 14:10:39.00 work_queue_worker[1] wq: rx from master: category default
2019/11/26 14:10:39.00 work_queue_worker[1] wq: rx from master: cores 1
2019/11/26 14:10:39.00 work_queue_worker[1] wq: rx from master: memory 7749
2019/11/26 14:10:39.00 work_queue_worker[1] wq: rx from master: disk 182606
2019/11/26 14:10:39.00 work_queue_worker[1] wq: rx from master: gpus 0
2019/11/26 14:10:39.00 work_queue_worker[1] wq: rx from master: end_time 18446744073709551615
2019/11/26 14:10:39.00 work_queue_worker[1] wq: rx from master: wall_time 18446744073709551615
2019/11/26 14:10:39.00 work_queue_worker[1] wq: rx from master: env 7
2019/11/26 14:10:39.00 work_queue_worker[1] wq: rx from master: env 17
2019/11/26 14:10:39.00 work_queue_worker[1] wq: rx from master: infile file-0-f4e5d6ff9260756e956ec7c8817d32bf-query.fastq.8 query.fastq.8 1
2019/11/26 14:10:39.00 work_queue_worker[1] wq: rx from master: infile file-0-971da570f958f7598fb58342dc472274-ref.fasta.sa ref.fasta.sa 1
2019/11/26 14:10:39.00 work_queue_worker[1] wq: rx from master: infile file-0-35f59a9883b4870b84f03717aff16002-ref.fasta.ann ref.fasta.ann 1
2019/11/26 14:10:39.00 work_queue_worker[1] wq: rx from master: infile file-0-1aba5e7adecebe065db19a405fb8bdf0-ref.fasta.amb ref.fasta.amb 1
2019/11/26 14:10:39.00 work_queue_worker[1] wq: rx from master: infile file-0-d4ff2b390cdd34b642d74a1cd1b59b97-ref.fasta.pac ref.fasta.pac 1
2019/11/26 14:10:39.00 work_queue_worker[1] wq: rx from master: infile file-0-0cadea4f68da3f941c5b5f0c963a59f8-ref.fasta.bwt ref.fasta.bwt 1
2019/11/26 14:10:39.00 work_queue_worker[1] wq: rx from master: infile file-0-b08c3e9746692f64bcb9a448620c7967-ref.fasta ref.fasta 1
2019/11/26 14:10:39.00 work_queue_worker[1] wq: rx from master: infile file-0-a6be17d8a097bb9efd120be10bbc654c-bwa bwa 1
2019/11/26 14:10:39.00 work_queue_worker[1] wq: rx from master: outfile file-0-7878bff1ca186bbdc6284fee1c09d919-mem.8.err mem.8.err 1
2019/11/26 14:10:39.00 work_queue_worker[1] wq: rx from master: outfile file-0-a0fd94909e819a6022a67582ae1fffd8-Out.8.sam Out.8.sam 1
2019/11/26 14:10:39.00 work_queue_worker[1] wq: rx from master: end
2019/11/26 14:10:39.00 work_queue_worker[1] wq: tx to master: info cached_files file-0-a6be17d8a097bb9efd120be10bbc654c-bwa
2019/11/26 14:10:39.00 work_queue_worker[1] wq: tx to master: info cached_files file-0-c5ee5a022e0a239ae11f2cc3e034beda-query.fastq.4
2019/11/26 14:10:39.00 work_queue_worker[1] wq: tx to master: info cached_files file-0-ec2b61782898a8d0b03d68fc63e81229-query.fastq.5
2019/11/26 14:10:39.00 work_queue_worker[1] wq: tx to master: info cached_files file-0-6f85758c582abc1bb82cf0a8491389b5-query.fastq.0
2019/11/26 14:10:39.00 work_queue_worker[1] wq: tx to master: info cached_files file-0-b08c3e9746692f64bcb9a448620c7967-ref.fasta
2019/11/26 14:10:39.00 work_queue_worker[1] wq: tx to master: info cached_files file-0-f4e5d6ff9260756e956ec7c8817d32bf-query.fastq.8
2019/11/26 14:10:39.03 work_queue_worker[1] wq: linking cache/file-0-f4e5d6ff9260756e956ec7c8817d32bf-query.fastq.8 to /tmp/worker-0-1/t.2/query.fastq.8
2019/11/26 14:10:39.03 work_queue_worker[1] wq: linking cache/file-0-971da570f958f7598fb58342dc472274-ref.fasta.sa to /tmp/worker-0-1/t.2/ref.fasta.sa
2019/11/26 14:10:39.03 work_queue_worker[1] wq: linking cache/file-0-35f59a9883b4870b84f03717aff16002-ref.fasta.ann to /tmp/worker-0-1/t.2/ref.fasta.ann
2019/11/26 14:10:39.03 work_queue_worker[1] wq: linking cache/file-0-1aba5e7adecebe065db19a405fb8bdf0-ref.fasta.amb to /tmp/worker-0-1/t.2/ref.fasta.amb
2019/11/26 14:10:39.03 work_queue_worker[1] wq: linking cache/file-0-d4ff2b390cdd34b642d74a1cd1b59b97-ref.fasta.pac to /tmp/worker-0-1/t.2/ref.fasta.pac
2019/11/26 14:10:39.03 work_queue_worker[1] wq: linking cache/file-0-0cadea4f68da3f941c5b5f0c963a59f8-ref.fasta.bwt to /tmp/worker-0-1/t.2/ref.fasta.bwt
2019/11/26 14:10:39.03 work_queue_worker[1] wq: linking cache/file-0-b08c3e9746692f64bcb9a448620c7967-ref.fasta to /tmp/worker-0-1/t.2/ref.fasta
2019/11/26 14:10:39.03 work_queue_worker[1] wq: linking cache/file-0-a6be17d8a097bb9efd120be10bbc654c-bwa to /tmp/worker-0-1/t.2/bwa
2019/11/26 14:10:39.03 work_queue_worker[1] wq: started process 17: ./bwa mem ref.fasta query.fastq.8 > Out.8.sam 2> mem.8.err
2019/11/26 14:10:39.03 work_queue_worker[1] wq: tx to master: info tasks_running 1
2019/11/26 14:10:40.24 work_queue_worker[1] wq: task 2 (pid 17) exited normally with exit code 0
2019/11/26 14:10:40.24 work_queue_worker[1] wq: moving output file from /tmp/worker-0-1/t.2/mem.8.err to cache/file-0-7878bff1ca186bbdc6284fee1c09d919-mem.8.err
2019/11/26 14:10:40.24 work_queue_worker[1] wq: moving output file from /tmp/worker-0-1/t.2/Out.8.sam to cache/file-0-a0fd94909e819a6022a67582ae1fffd8-Out.8.sam
2019/11/26 14:10:40.24 work_queue_worker[1] wq: tx to master: available_results
2019/11/26 14:10:48.14 work_queue_worker[1] wq: rx from master: send_results -1
2019/11/26 14:10:48.14 work_queue_worker[1] wq: tx to master: result 0 0 0 1207403 2
2019/11/26 14:10:48.14 work_queue_worker[1] wq: tx to master: info tasks_running 0
2019/11/26 14:10:48.14 work_queue_worker[1] wq: tx to master: end
2019/11/26 14:10:48.14 work_queue_worker[1] wq: rx from master: get file-0-7878bff1ca186bbdc6284fee1c09d919-mem.8.err 1
2019/11/26 14:10:48.14 work_queue_worker[1] wq: tx to master: file file-0-7878bff1ca186bbdc6284fee1c09d919-mem.8.err 535
2019/11/26 14:10:48.14 work_queue_worker[1] wq: tx to master: end
2019/11/26 14:10:48.15 work_queue_worker[1] wq: rx from master: get file-0-a0fd94909e819a6022a67582ae1fffd8-Out.8.sam 1
2019/11/26 14:10:48.15 work_queue_worker[1] wq: tx to master: file file-0-a0fd94909e819a6022a67582ae1fffd8-Out.8.sam 7089294
2019/11/26 14:10:48.73 work_queue_worker[1] wq: tx to master: end
2019/11/26 14:10:48.79 work_queue_worker[1] wq: rx from master: kill 2
2019/11/26 14:10:48.79 work_queue_worker[1] wq: ---- DELETING: /tmp/worker-0-1/t.2
2019/11/26 14:10:48.80 work_queue_worker[1] wq: rx from master: put file-0-cdcb812e1d4b3d86022e7dd488b06452-query.fastq.3 2044000 0644 1
2019/11/26 14:10:48.80 work_queue_worker[1] wq: Putting file file-0-cdcb812e1d4b3d86022e7dd488b06452-query.fastq.3 into workspace
2019/11/26 14:10:48.80 work_queue_worker[1] wq: Dir /cache already exists in cache
2019/11/26 14:10:48.98 work_queue_worker[1] wq: ****BRUNO***** cp BARRA: -> cp ./cache/file-0-cdcb812e1d4b3d86022e7dd488b06452-query.fastq.3 /cache.
2019/11/26 14:10:48.98 work_queue_worker[1] wq: rx from master: task 7
2019/11/26 14:10:48.98 work_queue_worker[1] wq: rx from master: cmd 58
2019/11/26 14:10:48.98 work_queue_worker[1] wq: rx from master: ./bwa mem ref.fasta query.fastq.3 > Out.3.sam 2> mem.3.err
2019/11/26 14:10:48.98 work_queue_worker[1] wq: rx from master: category default
2019/11/26 14:10:48.98 work_queue_worker[1] wq: rx from master: cores 1
2019/11/26 14:10:48.98 work_queue_worker[1] wq: rx from master: memory 7749
2019/11/26 14:10:48.98 work_queue_worker[1] wq: rx from master: disk 182606
2019/11/26 14:10:48.98 work_queue_worker[1] wq: rx from master: gpus 0
2019/11/26 14:10:48.98 work_queue_worker[1] wq: rx from master: end_time 18446744073709551615
2019/11/26 14:10:48.98 work_queue_worker[1] wq: rx from master: wall_time 18446744073709551615
2019/11/26 14:10:48.98 work_queue_worker[1] wq: rx from master: env 7
2019/11/26 14:10:48.98 work_queue_worker[1] wq: rx from master: env 17
2019/11/26 14:10:48.98 work_queue_worker[1] wq: rx from master: infile file-0-cdcb812e1d4b3d86022e7dd488b06452-query.fastq.3 query.fastq.3 1
2019/11/26 14:10:48.98 work_queue_worker[1] wq: rx from master: infile file-0-971da570f958f7598fb58342dc472274-ref.fasta.sa ref.fasta.sa 1
2019/11/26 14:10:48.98 work_queue_worker[1] wq: rx from master: infile file-0-35f59a9883b4870b84f03717aff16002-ref.fasta.ann ref.fasta.ann 1
2019/11/26 14:10:48.98 work_queue_worker[1] wq: rx from master: infile file-0-1aba5e7adecebe065db19a405fb8bdf0-ref.fasta.amb ref.fasta.amb 1
2019/11/26 14:10:48.98 work_queue_worker[1] wq: rx from master: infile file-0-d4ff2b390cdd34b642d74a1cd1b59b97-ref.fasta.pac ref.fasta.pac 1
2019/11/26 14:10:48.98 work_queue_worker[1] wq: rx from master: infile file-0-0cadea4f68da3f941c5b5f0c963a59f8-ref.fasta.bwt ref.fasta.bwt 1
2019/11/26 14:10:48.98 work_queue_worker[1] wq: rx from master: infile file-0-b08c3e9746692f64bcb9a448620c7967-ref.fasta ref.fasta 1
2019/11/26 14:10:48.98 work_queue_worker[1] wq: rx from master: infile file-0-a6be17d8a097bb9efd120be10bbc654c-bwa bwa 1
2019/11/26 14:10:48.98 work_queue_worker[1] wq: rx from master: outfile file-0-d86b3e96c438a1a208b38cae5dacaf2e-mem.3.err mem.3.err 1
2019/11/26 14:10:48.98 work_queue_worker[1] wq: rx from master: outfile file-0-afe424355297e6cf59385fab9a81c87e-Out.3.sam Out.3.sam 1
2019/11/26 14:10:48.98 work_queue_worker[1] wq: rx from master: end
2019/11/26 14:10:48.98 work_queue_worker[1] wq: tx to master: info cached_files file-0-cdcb812e1d4b3d86022e7dd488b06452-query.fastq.3
2019/11/26 14:10:48.99 work_queue_worker[1] wq: linking cache/file-0-cdcb812e1d4b3d86022e7dd488b06452-query.fastq.3 to /tmp/worker-0-1/t.7/query.fastq.3
2019/11/26 14:10:48.99 work_queue_worker[1] wq: linking cache/file-0-971da570f958f7598fb58342dc472274-ref.fasta.sa to /tmp/worker-0-1/t.7/ref.fasta.sa
2019/11/26 14:10:48.99 work_queue_worker[1] wq: linking cache/file-0-35f59a9883b4870b84f03717aff16002-ref.fasta.ann to /tmp/worker-0-1/t.7/ref.fasta.ann
2019/11/26 14:10:48.99 work_queue_worker[1] wq: linking cache/file-0-1aba5e7adecebe065db19a405fb8bdf0-ref.fasta.amb to /tmp/worker-0-1/t.7/ref.fasta.amb
2019/11/26 14:10:48.99 work_queue_worker[1] wq: linking cache/file-0-d4ff2b390cdd34b642d74a1cd1b59b97-ref.fasta.pac to /tmp/worker-0-1/t.7/ref.fasta.pac
2019/11/26 14:10:48.99 work_queue_worker[1] wq: linking cache/file-0-0cadea4f68da3f941c5b5f0c963a59f8-ref.fasta.bwt to /tmp/worker-0-1/t.7/ref.fasta.bwt
2019/11/26 14:10:48.99 work_queue_worker[1] wq: linking cache/file-0-b08c3e9746692f64bcb9a448620c7967-ref.fasta to /tmp/worker-0-1/t.7/ref.fasta
2019/11/26 14:10:48.99 work_queue_worker[1] wq: linking cache/file-0-a6be17d8a097bb9efd120be10bbc654c-bwa to /tmp/worker-0-1/t.7/bwa
2019/11/26 14:10:48.99 work_queue_worker[1] wq: started process 31: ./bwa mem ref.fasta query.fastq.3 > Out.3.sam 2> mem.3.err
2019/11/26 14:10:48.99 work_queue_worker[1] wq: tx to master: info tasks_running 1
2019/11/26 14:10:50.36 work_queue_worker[1] wq: task 7 (pid 31) exited normally with exit code 0
2019/11/26 14:10:50.36 work_queue_worker[1] wq: moving output file from /tmp/worker-0-1/t.7/mem.3.err to cache/file-0-d86b3e96c438a1a208b38cae5dacaf2e-mem.3.err
2019/11/26 14:10:50.36 work_queue_worker[1] wq: moving output file from /tmp/worker-0-1/t.7/Out.3.sam to cache/file-0-afe424355297e6cf59385fab9a81c87e-Out.3.sam
2019/11/26 14:10:50.36 work_queue_worker[1] wq: tx to master: available_results
2019/11/26 14:10:50.84 work_queue_worker[1] wq: rx from master: send_results -1
2019/11/26 14:10:50.84 work_queue_worker[1] wq: tx to master: result 0 0 0 1371482 7
2019/11/26 14:10:50.84 work_queue_worker[1] wq: tx to master: info tasks_running 0
2019/11/26 14:10:50.84 work_queue_worker[1] wq: tx to master: end
2019/11/26 14:10:51.49 work_queue_worker[1] wq: rx from master: get file-0-d86b3e96c438a1a208b38cae5dacaf2e-mem.3.err 1
2019/11/26 14:10:51.49 work_queue_worker[1] wq: tx to master: file file-0-d86b3e96c438a1a208b38cae5dacaf2e-mem.3.err 297
2019/11/26 14:10:51.49 work_queue_worker[1] wq: tx to master: end
2019/11/26 14:10:51.49 work_queue_worker[1] wq: rx from master: get file-0-afe424355297e6cf59385fab9a81c87e-Out.3.sam 1
2019/11/26 14:10:51.49 work_queue_worker[1] wq: tx to master: file file-0-afe424355297e6cf59385fab9a81c87e-Out.3.sam 7096941
2019/11/26 14:10:52.08 work_queue_worker[1] wq: tx to master: end
2019/11/26 14:10:52.11 work_queue_worker[1] wq: rx from master: kill 7
2019/11/26 14:10:52.11 work_queue_worker[1] wq: ---- DELETING: /tmp/worker-0-1/t.7
2019/11/26 14:11:02.53 work_queue_worker[1] wq: rx from master: put file-0-048045060f61089a83cce204e6b8f151-corr.out 0 0644 1
2019/11/26 14:11:02.53 work_queue_worker[1] wq: Putting file file-0-048045060f61089a83cce204e6b8f151-corr.out into workspace
2019/11/26 14:11:02.53 work_queue_worker[1] wq: Dir /cache already exists in cache
2019/11/26 14:11:02.53 work_queue_worker[1] wq: ****BRUNO***** cp BARRA: -> cp ./cache/file-0-048045060f61089a83cce204e6b8f151-corr.out /cache.
2019/11/26 14:11:02.53 work_queue_worker[1] wq: rx from master: put file-0-7e84d12fe76710de61a1e1012d161708-ref.fasta.95 1055000 0644 1
2019/11/26 14:11:02.53 work_queue_worker[1] wq: Putting file file-0-7e84d12fe76710de61a1e1012d161708-ref.fasta.95 into workspace
2019/11/26 14:11:02.53 work_queue_worker[1] wq: Dir /cache already exists in cache
2019/11/26 14:11:02.81 work_queue_worker[1] wq: ****BRUNO***** cp BARRA: -> cp ./cache/file-0-7e84d12fe76710de61a1e1012d161708-ref.fasta.95 /cache.
2019/11/26 14:11:02.82 work_queue_worker[1] wq: rx from master: put file-0-ddd728dc31a49bcd4cacae5676b4e7f7-Create_Corrected_AllLRReads.py 1402 0755 1
2019/11/26 14:11:02.82 work_queue_worker[1] wq: Putting file file-0-ddd728dc31a49bcd4cacae5676b4e7f7-Create_Corrected_AllLRReads.py into workspace
2019/11/26 14:11:02.82 work_queue_worker[1] wq: Dir /cache already exists in cache
2019/11/26 14:11:02.82 work_queue_worker[1] wq: ****BRUNO***** cp BARRA: -> cp ./cache/file-0-ddd728dc31a49bcd4cacae5676b4e7f7-Create_Corrected_AllLRReads.py /cache.
2019/11/26 14:11:02.82 work_queue_worker[1] wq: rx from master: task 17
2019/11/26 14:11:02.82 work_queue_worker[1] wq: rx from master: cmd 76
2019/11/26 14:11:02.82 work_queue_worker[1] wq: rx from master: python Create_Corrected_AllLRReads.py ref.fasta.95 corr.out 2> create.err.95
2019/11/26 14:11:02.82 work_queue_worker[1] wq: rx from master: category default
2019/11/26 14:11:02.82 work_queue_worker[1] wq: rx from master: cores 1
2019/11/26 14:11:02.82 work_queue_worker[1] wq: rx from master: memory 7749
2019/11/26 14:11:02.82 work_queue_worker[1] wq: rx from master: disk 182606
2019/11/26 14:11:02.82 work_queue_worker[1] wq: rx from master: gpus 0
2019/11/26 14:11:02.82 work_queue_worker[1] wq: rx from master: end_time 18446744073709551615
2019/11/26 14:11:02.82 work_queue_worker[1] wq: rx from master: wall_time 18446744073709551615
2019/11/26 14:11:02.82 work_queue_worker[1] wq: rx from master: env 7
2019/11/26 14:11:02.82 work_queue_worker[1] wq: rx from master: env 17
2019/11/26 14:11:02.82 work_queue_worker[1] wq: rx from master: infile file-0-048045060f61089a83cce204e6b8f151-corr.out corr.out 1
2019/11/26 14:11:02.82 work_queue_worker[1] wq: rx from master: infile file-0-7e84d12fe76710de61a1e1012d161708-ref.fasta.95 ref.fasta.95 1
2019/11/26 14:11:02.82 work_queue_worker[1] wq: rx from master: infile file-0-ddd728dc31a49bcd4cacae5676b4e7f7-Create_Corrected_AllLRReads.py Create_Corrected_AllLRReads.py 1
2019/11/26 14:11:02.82 work_queue_worker[1] wq: rx from master: outfile file-0-bdd2eb0caeb9adced89a5016cc60b763-create.err.95 create.err.95 1
2019/11/26 14:11:02.82 work_queue_worker[1] wq: rx from master: outfile file-0-ed277250e06d89d2f88b429376d61705-Corrected_ref.fasta.95 Corrected_ref.fasta.95 1
2019/11/26 14:11:02.82 work_queue_worker[1] wq: rx from master: end
2019/11/26 14:11:02.82 work_queue_worker[1] wq: tx to master: info cached_files file-0-7e84d12fe76710de61a1e1012d161708-ref.fasta.95
2019/11/26 14:11:02.82 work_queue_worker[1] wq: tx to master: info cached_files file-0-ef7d821ac8daa95f0be4ce10eeaeb3c6-ref.fasta.93
2019/11/26 14:11:02.82 work_queue_worker[1] wq: tx to master: info cached_files file-0-ddd728dc31a49bcd4cacae5676b4e7f7-Create_Corrected_AllLRReads.py
2019/11/26 14:11:02.82 work_queue_worker[1] wq: tx to master: info cached_files file-0-2dd01aa1d6ecd63ec055ab381d19f030-ref.fasta.94
2019/11/26 14:11:02.82 work_queue_worker[1] wq: tx to master: info cached_files file-0-048045060f61089a83cce204e6b8f151-corr.out
2019/11/26 14:11:02.83 work_queue_worker[1] wq: linking cache/file-0-048045060f61089a83cce204e6b8f151-corr.out to /tmp/worker-0-1/t.17/corr.out
2019/11/26 14:11:02.83 work_queue_worker[1] wq: linking cache/file-0-7e84d12fe76710de61a1e1012d161708-ref.fasta.95 to /tmp/worker-0-1/t.17/ref.fasta.95
2019/11/26 14:11:02.83 work_queue_worker[1] wq: linking cache/file-0-ddd728dc31a49bcd4cacae5676b4e7f7-Create_Corrected_AllLRReads.py to /tmp/worker-0-1/t.17/Create_Corrected_AllLRReads.py
2019/11/26 14:11:02.84 work_queue_worker[1] wq: started process 45: python Create_Corrected_AllLRReads.py ref.fasta.95 corr.out 2> create.err.95
2019/11/26 14:11:02.84 work_queue_worker[1] wq: tx to master: info tasks_running 1
2019/11/26 14:11:02.89 work_queue_worker[1] wq: task 17 (pid 45) exited normally with exit code 0
2019/11/26 14:11:02.89 work_queue_worker[1] wq: moving output file from /tmp/worker-0-1/t.17/create.err.95 to cache/file-0-bdd2eb0caeb9adced89a5016cc60b763-create.err.95
2019/11/26 14:11:02.89 work_queue_worker[1] wq: moving output file from /tmp/worker-0-1/t.17/Corrected_ref.fasta.95 to cache/file-0-ed277250e06d89d2f88b429376d61705-Corrected_ref.fasta.95
2019/11/26 14:11:02.89 work_queue_worker[1] wq: tx to master: available_results
2019/11/26 14:11:03.00 work_queue_worker[1] wq: rx from master: send_results -1
2019/11/26 14:11:03.00 work_queue_worker[1] wq: tx to master: result 0 0 0 59973 17
2019/11/26 14:11:03.00 work_queue_worker[1] wq: tx to master: info tasks_running 0
2019/11/26 14:11:03.00 work_queue_worker[1] wq: tx to master: end
2019/11/26 14:11:03.00 work_queue_worker[1] wq: rx from master: get file-0-bdd2eb0caeb9adced89a5016cc60b763-create.err.95 1
2019/11/26 14:11:03.00 work_queue_worker[1] wq: tx to master: file file-0-bdd2eb0caeb9adced89a5016cc60b763-create.err.95 0
2019/11/26 14:11:03.00 work_queue_worker[1] wq: tx to master: end
2019/11/26 14:11:03.00 work_queue_worker[1] wq: rx from master: get file-0-ed277250e06d89d2f88b429376d61705-Corrected_ref.fasta.95 1
2019/11/26 14:11:03.00 work_queue_worker[1] wq: tx to master: file file-0-ed277250e06d89d2f88b429376d61705-Corrected_ref.fasta.95 1055000
2019/11/26 14:11:03.04 work_queue_worker[1] wq: tx to master: end
2019/11/26 14:11:03.09 work_queue_worker[1] wq: rx from master: kill 17
2019/11/26 14:11:03.09 work_queue_worker[1] wq: ---- DELETING: /tmp/worker-0-1/t.17
2019/11/26 14:11:03.35 work_queue_worker[1] wq: rx from master: put file-0-1e1985547bd185ddfff8586fb564cf05-ref.fasta.56 1055000 0644 1
2019/11/26 14:11:03.35 work_queue_worker[1] wq: Putting file file-0-1e1985547bd185ddfff8586fb564cf05-ref.fasta.56 into workspace
2019/11/26 14:11:03.35 work_queue_worker[1] wq: Dir /cache already exists in cache
2019/11/26 14:11:03.62 work_queue_worker[1] wq: ****BRUNO***** cp BARRA: -> cp ./cache/file-0-1e1985547bd185ddfff8586fb564cf05-ref.fasta.56 /cache.
2019/11/26 14:11:03.62 work_queue_worker[1] wq: rx from master: task 56
2019/11/26 14:11:03.62 work_queue_worker[1] wq: rx from master: cmd 76
2019/11/26 14:11:03.62 work_queue_worker[1] wq: rx from master: python Create_Corrected_AllLRReads.py ref.fasta.56 corr.out 2> create.err.56
2019/11/26 14:11:03.62 work_queue_worker[1] wq: rx from master: category default
2019/11/26 14:11:03.62 work_queue_worker[1] wq: rx from master: cores 1
2019/11/26 14:11:03.62 work_queue_worker[1] wq: rx from master: memory 7749
2019/11/26 14:11:03.62 work_queue_worker[1] wq: rx from master: disk 182606
2019/11/26 14:11:03.62 work_queue_worker[1] wq: rx from master: gpus 0
2019/11/26 14:11:03.62 work_queue_worker[1] wq: rx from master: end_time 18446744073709551615
2019/11/26 14:11:03.62 work_queue_worker[1] wq: rx from master: wall_time 18446744073709551615
2019/11/26 14:11:03.62 work_queue_worker[1] wq: rx from master: env 7
2019/11/26 14:11:03.62 work_queue_worker[1] wq: rx from master: env 17
2019/11/26 14:11:03.62 work_queue_worker[1] wq: rx from master: infile file-0-048045060f61089a83cce204e6b8f151-corr.out corr.out 1
2019/11/26 14:11:03.62 work_queue_worker[1] wq: rx from master: infile file-0-1e1985547bd185ddfff8586fb564cf05-ref.fasta.56 ref.fasta.56 1
2019/11/26 14:11:03.62 work_queue_worker[1] wq: rx from master: infile file-0-ddd728dc31a49bcd4cacae5676b4e7f7-Create_Corrected_AllLRReads.py Create_Corrected_AllLRReads.py 1
2019/11/26 14:11:03.62 work_queue_worker[1] wq: rx from master: outfile file-0-2763f8f49e1ae01e3ede559411af304c-create.err.56 create.err.56 1
2019/11/26 14:11:03.62 work_queue_worker[1] wq: rx from master: outfile file-0-eb0ca895c55cc6459981c63a947fba9c-Corrected_ref.fasta.56 Corrected_ref.fasta.56 1
2019/11/26 14:11:03.62 work_queue_worker[1] wq: rx from master: end
2019/11/26 14:11:03.62 work_queue_worker[1] wq: tx to master: info cached_files file-0-d227f53ffa4906fec9c6df596e58665f-ref.fasta.89
2019/11/26 14:11:03.62 work_queue_worker[1] wq: tx to master: info cached_files file-0-1e1985547bd185ddfff8586fb564cf05-ref.fasta.56
2019/11/26 14:11:03.63 work_queue_worker[1] wq: linking cache/file-0-048045060f61089a83cce204e6b8f151-corr.out to /tmp/worker-0-1/t.56/corr.out
2019/11/26 14:11:03.63 work_queue_worker[1] wq: linking cache/file-0-1e1985547bd185ddfff8586fb564cf05-ref.fasta.56 to /tmp/worker-0-1/t.56/ref.fasta.56
2019/11/26 14:11:03.63 work_queue_worker[1] wq: linking cache/file-0-ddd728dc31a49bcd4cacae5676b4e7f7-Create_Corrected_AllLRReads.py to /tmp/worker-0-1/t.56/Create_Corrected_AllLRReads.py
2019/11/26 14:11:03.63 work_queue_worker[1] wq: started process 51: python Create_Corrected_AllLRReads.py ref.fasta.56 corr.out 2> create.err.56
2019/11/26 14:11:03.63 work_queue_worker[1] wq: tx to master: info tasks_running 1
2019/11/26 14:11:03.70 work_queue_worker[1] wq: task 56 (pid 51) exited normally with exit code 0
2019/11/26 14:11:03.70 work_queue_worker[1] wq: moving output file from /tmp/worker-0-1/t.56/create.err.56 to cache/file-0-2763f8f49e1ae01e3ede559411af304c-create.err.56
2019/11/26 14:11:03.70 work_queue_worker[1] wq: moving output file from /tmp/worker-0-1/t.56/Corrected_ref.fasta.56 to cache/file-0-eb0ca895c55cc6459981c63a947fba9c-Corrected_ref.fasta.56
2019/11/26 14:11:03.70 work_queue_worker[1] wq: tx to master: available_results
2019/11/26 14:11:03.72 work_queue_worker[1] wq: rx from master: send_results -1
2019/11/26 14:11:03.72 work_queue_worker[1] wq: tx to master: result 0 0 0 65805 56
2019/11/26 14:11:03.72 work_queue_worker[1] wq: tx to master: info tasks_running 0
2019/11/26 14:11:03.72 work_queue_worker[1] wq: tx to master: end
2019/11/26 14:11:03.72 work_queue_worker[1] wq: rx from master: get file-0-2763f8f49e1ae01e3ede559411af304c-create.err.56 1
2019/11/26 14:11:03.72 work_queue_worker[1] wq: tx to master: file file-0-2763f8f49e1ae01e3ede559411af304c-create.err.56 0
2019/11/26 14:11:03.72 work_queue_worker[1] wq: tx to master: end
2019/11/26 14:11:03.73 work_queue_worker[1] wq: rx from master: get file-0-eb0ca895c55cc6459981c63a947fba9c-Corrected_ref.fasta.56 1
2019/11/26 14:11:03.73 work_queue_worker[1] wq: tx to master: file file-0-eb0ca895c55cc6459981c63a947fba9c-Corrected_ref.fasta.56 1055000
2019/11/26 14:11:03.77 work_queue_worker[1] wq: tx to master: end
2019/11/26 14:11:03.82 work_queue_worker[1] wq: rx from master: kill 56
2019/11/26 14:11:03.82 work_queue_worker[1] wq: ---- DELETING: /tmp/worker-0-1/t.56
2019/11/26 14:11:04.16 work_queue_worker[1] wq: rx from master: put file-0-8c12b2e81dd684a2bea395d788356753-ref.fasta.20 1055000 0644 1
2019/11/26 14:11:04.16 work_queue_worker[1] wq: Putting file file-0-8c12b2e81dd684a2bea395d788356753-ref.fasta.20 into workspace
2019/11/26 14:11:04.16 work_queue_worker[1] wq: Dir /cache already exists in cache
2019/11/26 14:11:04.42 work_queue_worker[1] wq: ****BRUNO***** cp BARRA: -> cp ./cache/file-0-8c12b2e81dd684a2bea395d788356753-ref.fasta.20 /cache.
2019/11/26 14:11:04.43 work_queue_worker[1] wq: rx from master: task 92
2019/11/26 14:11:04.43 work_queue_worker[1] wq: rx from master: cmd 76
2019/11/26 14:11:04.43 work_queue_worker[1] wq: rx from master: python Create_Corrected_AllLRReads.py ref.fasta.20 corr.out 2> create.err.20
2019/11/26 14:11:04.43 work_queue_worker[1] wq: rx from master: category default
2019/11/26 14:11:04.43 work_queue_worker[1] wq: rx from master: cores 1
2019/11/26 14:11:04.43 work_queue_worker[1] wq: rx from master: memory 7749
2019/11/26 14:11:04.43 work_queue_worker[1] wq: rx from master: disk 182606
2019/11/26 14:11:04.43 work_queue_worker[1] wq: rx from master: gpus 0
2019/11/26 14:11:04.43 work_queue_worker[1] wq: rx from master: end_time 18446744073709551615
2019/11/26 14:11:04.43 work_queue_worker[1] wq: rx from master: wall_time 18446744073709551615
2019/11/26 14:11:04.43 work_queue_worker[1] wq: rx from master: env 7
2019/11/26 14:11:04.43 work_queue_worker[1] wq: rx from master: env 17
2019/11/26 14:11:04.43 work_queue_worker[1] wq: rx from master: infile file-0-048045060f61089a83cce204e6b8f151-corr.out corr.out 1
2019/11/26 14:11:04.43 work_queue_worker[1] wq: rx from master: infile file-0-8c12b2e81dd684a2bea395d788356753-ref.fasta.20 ref.fasta.20 1
2019/11/26 14:11:04.43 work_queue_worker[1] wq: rx from master: infile file-0-ddd728dc31a49bcd4cacae5676b4e7f7-Create_Corrected_AllLRReads.py Create_Corrected_AllLRReads.py 1
2019/11/26 14:11:04.43 work_queue_worker[1] wq: rx from master: outfile file-0-552f257d8dc3bcf01b40f4631a4115bd-create.err.20 create.err.20 1
2019/11/26 14:11:04.43 work_queue_worker[1] wq: rx from master: outfile file-0-acbeb6f0169946d34eed3b43d8c346c7-Corrected_ref.fasta.20 Corrected_ref.fasta.20 1
2019/11/26 14:11:04.43 work_queue_worker[1] wq: rx from master: end
2019/11/26 14:11:04.43 work_queue_worker[1] wq: tx to master: info cached_files file-0-8c12b2e81dd684a2bea395d788356753-ref.fasta.20
2019/11/26 14:11:04.44 work_queue_worker[1] wq: tx to master: info cached_files file-0-12f74b83f5f1f0924035fede1ab30a10-ref.fasta.55
2019/11/26 14:11:04.44 work_queue_worker[1] wq: tx to master: info cached_files file-0-81e4285476e20b70ee543f40aa0fd6bc-ref.fasta.54
2019/11/26 14:11:04.44 work_queue_worker[1] wq: tx to master: info cached_files file-0-5913a6d569285ed628a484e34fd3c8a4-ref.fasta.53
2019/11/26 14:11:04.44 work_queue_worker[1] wq: linking cache/file-0-048045060f61089a83cce204e6b8f151-corr.out to /tmp/worker-0-1/t.92/corr.out
2019/11/26 14:11:04.44 work_queue_worker[1] wq: linking cache/file-0-8c12b2e81dd684a2bea395d788356753-ref.fasta.20 to /tmp/worker-0-1/t.92/ref.fasta.20
2019/11/26 14:11:04.44 work_queue_worker[1] wq: linking cache/file-0-ddd728dc31a49bcd4cacae5676b4e7f7-Create_Corrected_AllLRReads.py to /tmp/worker-0-1/t.92/Create_Corrected_AllLRReads.py
2019/11/26 14:11:04.44 work_queue_worker[1] wq: started process 57: python Create_Corrected_AllLRReads.py ref.fasta.20 corr.out 2> create.err.20
2019/11/26 14:11:04.44 work_queue_worker[1] wq: tx to master: info tasks_running 1
2019/11/26 14:11:04.53 work_queue_worker[1] wq: task 92 (pid 57) exited normally with exit code 0
2019/11/26 14:11:04.53 work_queue_worker[1] wq: moving output file from /tmp/worker-0-1/t.92/create.err.20 to cache/file-0-552f257d8dc3bcf01b40f4631a4115bd-create.err.20
2019/11/26 14:11:04.53 work_queue_worker[1] wq: moving output file from /tmp/worker-0-1/t.92/Corrected_ref.fasta.20 to cache/file-0-acbeb6f0169946d34eed3b43d8c346c7-Corrected_ref.fasta.20
2019/11/26 14:11:04.53 work_queue_worker[1] wq: tx to master: available_results
2019/11/26 14:11:04.62 work_queue_worker[1] wq: rx from master: send_results -1
2019/11/26 14:11:04.62 work_queue_worker[1] wq: tx to master: result 0 0 0 84949 92
2019/11/26 14:11:04.62 work_queue_worker[1] wq: tx to master: info tasks_running 0
2019/11/26 14:11:04.62 work_queue_worker[1] wq: tx to master: end
2019/11/26 14:11:04.64 work_queue_worker[1] wq: rx from master: get file-0-552f257d8dc3bcf01b40f4631a4115bd-create.err.20 1
2019/11/26 14:11:04.64 work_queue_worker[1] wq: tx to master: file file-0-552f257d8dc3bcf01b40f4631a4115bd-create.err.20 0
2019/11/26 14:11:04.64 work_queue_worker[1] wq: tx to master: end
2019/11/26 14:11:04.64 work_queue_worker[1] wq: rx from master: get file-0-acbeb6f0169946d34eed3b43d8c346c7-Corrected_ref.fasta.20 1
2019/11/26 14:11:04.64 work_queue_worker[1] wq: tx to master: file file-0-acbeb6f0169946d34eed3b43d8c346c7-Corrected_ref.fasta.20 1055000
2019/11/26 14:11:04.69 work_queue_worker[1] wq: tx to master: end
2019/11/26 14:11:04.74 work_queue_worker[1] wq: rx from master: kill 92
2019/11/26 14:11:04.74 work_queue_worker[1] wq: ---- DELETING: /tmp/worker-0-1/t.92
2019/11/26 14:11:06.22 work_queue_worker[1] wq: rx from master: release
2019/11/26 14:11:06.22 work_queue_worker[1] wq: released by master 10.0.233.17:1026.
2019/11/26 14:11:06.22 work_queue_worker[1] wq: *********** BRUNO ******** NOT cleaning workspace /tmp/worker-0-1
2019/11/26 14:11:06.22 work_queue_worker[1] wq: disconnecting from master 10.0.233.17:1026
2019/11/26 14:11:06.22 work_queue_worker[1] tcp: disconnected from 10.0.233.17 port 1026
2019/11/26 14:11:06.22 work_queue_worker[1] wq: killing all outstanding tasks
2019/11/26 14:11:06.22 work_queue_worker[1] wq: all data structures are clean
2019/11/26 14:11:07.22 work_queue_worker[1] tcp: connecting to 10.0.233.17 port 1026
