2019/11/23 18:59:16.58 #|1574535556.586117358|00#| work_queue_worker[1] debug: /root/cctools/bin/work_queue_worker version 8.0.0 DEVELOPMENT (released 2019-11-14 15:35:16 +0000)
2019/11/23 18:59:16.58 #|1574535556.586247182|00#| work_queue_worker[1] debug: Built by root@7e9ecba79f43 on 2019-11-14 15:35:16 +0000
2019/11/23 18:59:16.58 #|1574535556.586264283|00#| work_queue_worker[1] debug: System: Linux 7e9ecba79f43 5.0.0-32-generic #34~18.04.2-Ubuntu SMP Thu Oct 10 10:36:02 UTC 2019 x86_64 x86_64 x86_64 GNU/Linux
2019/11/23 18:59:16.58 #|1574535556.586280992|00#| work_queue_worker[1] debug: Configuration: --prefix /root/cctools
2019/11/23 18:59:16.58 #|1574535556.586527545|00#| work_queue_worker[1] wq: WORK_QUEUE_SANDBOX set to /tmp/worker-0-1.
2019/11/23 18:59:16.59 #|1574535556.591521731|00#| work_queue_worker[1] debug: error reading disk usage on directory: ./cache.
2019/11/23 18:59:16.59 #|1574535556.591569814|00#| work_queue_worker[1] dns: looking up name master
2019/11/23 18:59:16.59 #|1574535556.592395320|00#| work_queue_worker[1] dns: master is 10.0.136.2
2019/11/23 18:59:16.59 #|1574535556.592466661|00#| work_queue_worker[1] tcp: connecting to 10.0.136.2 port 1026
2019/11/23 18:59:16.59 #|1574535556.592989281|00#| work_queue_worker[1] tcp: made connection to 10.0.136.2 port 1026
2019/11/23 18:59:16.59 #|1574535556.593022954|00#| work_queue_worker[1] wq: connected to master master:1026 via local address 10.0.136.8:35098
2019/11/23 18:59:16.59 #|1574535556.593074876|00#| work_queue_worker[1] wq: preparing workspace /tmp/worker-0-1
2019/11/23 18:59:16.59 #|1574535556.593277228|00#| work_queue_worker[1] dns: looking up name 6e9da51cc97b
2019/11/23 18:59:16.59 #|1574535556.593350767|00#| work_queue_worker[1] dns: 6e9da51cc97b is 10.0.136.8
2019/11/23 18:59:16.59 #|1574535556.593370060|00#| work_queue_worker[1] dns: looking up addr 10.0.136.8
2019/11/23 18:59:16.59 #|1574535556.593413720|00#| work_queue_worker[1] dns: 10.0.136.8 is 6e9da51cc97b
2019/11/23 18:59:16.59 #|1574535556.593430356|00#| work_queue_worker[1] dns: finding my hostname: uname = 6e9da51cc97b, address = 10.0.136.8, hostname = 6e9da51cc97b
2019/11/23 18:59:16.59 #|1574535556.593446757|00#| work_queue_worker[1] wq: tx to master: workqueue 8 6e9da51cc97b Linux x86_64 8.0.0
2019/11/23 18:59:16.59 #|1574535556.593533281|00#| work_queue_worker[1] wq: tx to master: info worker-id worker-c38805c38847ffc325e257ffe508879c
2019/11/23 18:59:16.59 #|1574535556.593587141|00#| work_queue_worker[1] wq: tx to master: alive
2019/11/23 18:59:16.59 #|1574535556.593635910|00#| work_queue_worker[1] wq: Sending resource description to master:
2019/11/23 18:59:16.59 #|1574535556.593651155|00#| work_queue_worker[1] wq:  workers      0 inuse      1 total      1 smallest      1 largest
2019/11/23 18:59:16.59 #|1574535556.593697637|00#| work_queue_worker[1] wq:     disk      0 inuse 183071 total 183071 smallest 183071 largest
2019/11/23 18:59:16.59 #|1574535556.593747349|00#| work_queue_worker[1] wq:   memory      0 inuse   7749 total   7749 smallest   7749 largest
2019/11/23 18:59:16.59 #|1574535556.593796554|00#| work_queue_worker[1] wq:     gpus      0 inuse      0 total      0 smallest      0 largest
2019/11/23 18:59:16.59 #|1574535556.593848893|00#| work_queue_worker[1] wq:    cores      0 inuse      1 total      1 smallest      1 largest
2019/11/23 18:59:16.59 #|1574535556.593928465|00#| work_queue_worker[1] wq: tx to master: info end_of_resource_update 0
2019/11/23 18:59:16.59 #|1574535556.593981543|00#| work_queue_worker[1] wq: tx to master: info tasks_running 0
2019/11/23 18:59:16.59 #|1574535556.594029450|00#| work_queue_worker[1] wq: working for master at 10.0.136.2:1026.
2019/11/23 19:01:43.64 #|1574535703.647621172|00#| work_queue_worker[1] wq: rx from master: put file-0-6a3566a41d4cc2c0ac4ec7bfaab41382-query.fastq.6 2044000 0644 1
2019/11/23 19:01:43.64 #|1574535703.647904514|00#| work_queue_worker[1] wq: Putting file file-0-6a3566a41d4cc2c0ac4ec7bfaab41382-query.fastq.6 into workspace
2019/11/23 19:01:43.82 #|1574535703.827691942|00#| work_queue_worker[1] wq: rx from master: put file-0-971da570f958f7598fb58342dc472274-ref.fasta.sa 50000056 0644 1
2019/11/23 19:01:43.82 #|1574535703.827834360|00#| work_queue_worker[1] wq: Putting file file-0-971da570f958f7598fb58342dc472274-ref.fasta.sa into workspace
2019/11/23 19:01:48.24 #|1574535708.247989350|00#| work_queue_worker[1] wq: rx from master: put file-0-35f59a9883b4870b84f03717aff16002-ref.fasta.ann 5866697 0644 1
2019/11/23 19:01:48.24 #|1574535708.248074651|00#| work_queue_worker[1] wq: Putting file file-0-35f59a9883b4870b84f03717aff16002-ref.fasta.ann into workspace
2019/11/23 19:01:48.74 #|1574535708.745501293|00#| work_queue_worker[1] wq: rx from master: put file-0-1aba5e7adecebe065db19a405fb8bdf0-ref.fasta.amb 19 0644 1
2019/11/23 19:01:48.74 #|1574535708.745614609|00#| work_queue_worker[1] wq: Putting file file-0-1aba5e7adecebe065db19a405fb8bdf0-ref.fasta.amb into workspace
2019/11/23 19:01:48.74 #|1574535708.745829697|00#| work_queue_worker[1] wq: rx from master: put file-0-d4ff2b390cdd34b642d74a1cd1b59b97-ref.fasta.pac 25000002 0644 1
2019/11/23 19:01:48.74 #|1574535708.745894658|00#| work_queue_worker[1] wq: Putting file file-0-d4ff2b390cdd34b642d74a1cd1b59b97-ref.fasta.pac into workspace
2019/11/23 19:01:50.94 #|1574535710.947814735|00#| work_queue_worker[1] wq: rx from master: put file-0-0cadea4f68da3f941c5b5f0c963a59f8-ref.fasta.bwt 100000072 0644 1
2019/11/23 19:01:50.94 #|1574535710.947932260|00#| work_queue_worker[1] wq: Putting file file-0-0cadea4f68da3f941c5b5f0c963a59f8-ref.fasta.bwt into workspace
2019/11/23 19:01:59.78 #|1574535719.780199215|00#| work_queue_worker[1] wq: rx from master: put file-0-b08c3e9746692f64bcb9a448620c7967-ref.fasta 105477790 0644 1
2019/11/23 19:01:59.78 #|1574535719.780329704|00#| work_queue_worker[1] wq: Putting file file-0-b08c3e9746692f64bcb9a448620c7967-ref.fasta into workspace
2019/11/23 19:02:09.16 #|1574535729.161655974|00#| work_queue_worker[1] wq: rx from master: put file-0-a6be17d8a097bb9efd120be10bbc654c-bwa 1444312 0755 1
2019/11/23 19:02:09.16 #|1574535729.161714120|00#| work_queue_worker[1] wq: Putting file file-0-a6be17d8a097bb9efd120be10bbc654c-bwa into workspace
2019/11/23 19:02:09.41 #|1574535729.417074804|00#| work_queue_worker[1] wq: rx from master: task 4
2019/11/23 19:02:09.41 #|1574535729.417254593|00#| work_queue_worker[1] wq: rx from master: cmd 58
2019/11/23 19:02:09.41 #|1574535729.417386234|00#| work_queue_worker[1] wq: rx from master: ./bwa mem ref.fasta query.fastq.6 > Out.6.sam 2> mem.6.err
2019/11/23 19:02:09.41 #|1574535729.417510532|00#| work_queue_worker[1] wq: rx from master: category default
2019/11/23 19:02:09.41 #|1574535729.417613166|00#| work_queue_worker[1] wq: rx from master: cores 1
2019/11/23 19:02:09.41 #|1574535729.417734523|00#| work_queue_worker[1] wq: rx from master: memory 7749
2019/11/23 19:02:09.41 #|1574535729.417911096|00#| work_queue_worker[1] wq: rx from master: disk 183071
2019/11/23 19:02:09.41 #|1574535729.418028488|00#| work_queue_worker[1] wq: rx from master: gpus 0
2019/11/23 19:02:09.41 #|1574535729.418187039|00#| work_queue_worker[1] wq: rx from master: end_time 18446744073709551615
2019/11/23 19:02:09.41 #|1574535729.418302375|00#| work_queue_worker[1] wq: rx from master: wall_time 18446744073709551615
2019/11/23 19:02:09.41 #|1574535729.418458662|00#| work_queue_worker[1] wq: rx from master: env 7
2019/11/23 19:02:09.41 #|1574535729.418573719|00#| work_queue_worker[1] wq: rx from master: env 17
2019/11/23 19:02:09.41 #|1574535729.418733980|00#| work_queue_worker[1] wq: rx from master: infile file-0-6a3566a41d4cc2c0ac4ec7bfaab41382-query.fastq.6 query.fastq.6 1
2019/11/23 19:02:09.41 #|1574535729.418840733|00#| work_queue_worker[1] wq: rx from master: infile file-0-971da570f958f7598fb58342dc472274-ref.fasta.sa ref.fasta.sa 1
2019/11/23 19:02:09.41 #|1574535729.418986868|00#| work_queue_worker[1] wq: rx from master: infile file-0-35f59a9883b4870b84f03717aff16002-ref.fasta.ann ref.fasta.ann 1
2019/11/23 19:02:09.41 #|1574535729.419123523|00#| work_queue_worker[1] wq: rx from master: infile file-0-1aba5e7adecebe065db19a405fb8bdf0-ref.fasta.amb ref.fasta.amb 1
2019/11/23 19:02:09.41 #|1574535729.419282538|00#| work_queue_worker[1] wq: rx from master: infile file-0-d4ff2b390cdd34b642d74a1cd1b59b97-ref.fasta.pac ref.fasta.pac 1
2019/11/23 19:02:09.41 #|1574535729.419476627|00#| work_queue_worker[1] wq: rx from master: infile file-0-0cadea4f68da3f941c5b5f0c963a59f8-ref.fasta.bwt ref.fasta.bwt 1
2019/11/23 19:02:09.41 #|1574535729.419572015|00#| work_queue_worker[1] wq: rx from master: infile file-0-b08c3e9746692f64bcb9a448620c7967-ref.fasta ref.fasta 1
2019/11/23 19:02:09.41 #|1574535729.419723093|00#| work_queue_worker[1] wq: rx from master: infile file-0-a6be17d8a097bb9efd120be10bbc654c-bwa bwa 1
2019/11/23 19:02:09.41 #|1574535729.419811497|00#| work_queue_worker[1] wq: rx from master: outfile file-0-d8efdf305b5ec470231b1129c3286ec1-mem.6.err mem.6.err 1
2019/11/23 19:02:09.41 #|1574535729.419995527|00#| work_queue_worker[1] wq: rx from master: outfile file-0-e72c9cb95a264e932ca4b0a988983a76-Out.6.sam Out.6.sam 1
2019/11/23 19:02:09.42 #|1574535729.420110882|00#| work_queue_worker[1] wq: rx from master: end
2019/11/23 19:02:09.42 #|1574535729.420377050|00#| work_queue_worker[1] wq: linking cache/file-0-6a3566a41d4cc2c0ac4ec7bfaab41382-query.fastq.6 to /tmp/worker-0-1/t.4/query.fastq.6
2019/11/23 19:02:09.42 #|1574535729.420478358|00#| work_queue_worker[1] wq: linking cache/file-0-971da570f958f7598fb58342dc472274-ref.fasta.sa to /tmp/worker-0-1/t.4/ref.fasta.sa
2019/11/23 19:02:09.42 #|1574535729.420564689|00#| work_queue_worker[1] wq: linking cache/file-0-35f59a9883b4870b84f03717aff16002-ref.fasta.ann to /tmp/worker-0-1/t.4/ref.fasta.ann
2019/11/23 19:02:09.42 #|1574535729.420651527|00#| work_queue_worker[1] wq: linking cache/file-0-1aba5e7adecebe065db19a405fb8bdf0-ref.fasta.amb to /tmp/worker-0-1/t.4/ref.fasta.amb
2019/11/23 19:02:09.42 #|1574535729.420744264|00#| work_queue_worker[1] wq: linking cache/file-0-d4ff2b390cdd34b642d74a1cd1b59b97-ref.fasta.pac to /tmp/worker-0-1/t.4/ref.fasta.pac
2019/11/23 19:02:09.42 #|1574535729.420823774|00#| work_queue_worker[1] wq: linking cache/file-0-0cadea4f68da3f941c5b5f0c963a59f8-ref.fasta.bwt to /tmp/worker-0-1/t.4/ref.fasta.bwt
2019/11/23 19:02:09.42 #|1574535729.420917088|00#| work_queue_worker[1] wq: linking cache/file-0-b08c3e9746692f64bcb9a448620c7967-ref.fasta to /tmp/worker-0-1/t.4/ref.fasta
2019/11/23 19:02:09.42 #|1574535729.421026589|00#| work_queue_worker[1] wq: linking cache/file-0-a6be17d8a097bb9efd120be10bbc654c-bwa to /tmp/worker-0-1/t.4/bwa
2019/11/23 19:02:09.42 #|1574535729.421115312|00#| work_queue_worker[1] wq: Waiting task 4 has been forsaken.
2019/11/23 19:02:09.42 #|1574535729.421143588|00#| work_queue_worker[1] wq: tx to master: alive
2019/11/23 19:02:09.42 #|1574535729.421228498|00#| work_queue_worker[1] wq: Sending resource description to master:
2019/11/23 19:02:09.42 #|1574535729.421257792|00#| work_queue_worker[1] wq:  workers      0 inuse      1 total      1 smallest      1 largest
2019/11/23 19:02:09.42 #|1574535729.421326748|00#| work_queue_worker[1] wq:     disk    276 inuse 182417 total 182417 smallest 182417 largest
2019/11/23 19:02:09.42 #|1574535729.421405837|00#| work_queue_worker[1] wq:   memory      0 inuse   7749 total   7749 smallest   7749 largest
2019/11/23 19:02:09.42 #|1574535729.421486484|00#| work_queue_worker[1] wq:     gpus      0 inuse      0 total      0 smallest      0 largest
2019/11/23 19:02:09.42 #|1574535729.421555361|00#| work_queue_worker[1] wq:    cores      0 inuse      1 total      1 smallest      1 largest
2019/11/23 19:02:09.42 #|1574535729.421668755|00#| work_queue_worker[1] wq: tx to master: info end_of_resource_update 0
2019/11/23 19:02:09.42 #|1574535729.421742144|00#| work_queue_worker[1] wq: tx to master: info tasks_running 0
2019/11/23 19:02:09.42 #|1574535729.421806793|00#| work_queue_worker[1] wq: tx to master: info tasks_running 0
2019/11/23 19:02:09.42 #|1574535729.421883975|00#| work_queue_worker[1] wq: tx to master: available_results
2019/11/23 19:02:34.81 #|1574535754.812370114|00#| work_queue_worker[1] wq: rx from master: send_results -1
2019/11/23 19:02:34.81 #|1574535754.812498411|00#| work_queue_worker[1] wq: tx to master: result 40 0 0 0 4
2019/11/23 19:02:34.81 #|1574535754.812649700|00#| work_queue_worker[1] wq: tx to master: info tasks_running 0
2019/11/23 19:02:34.81 #|1574535754.812782674|00#| work_queue_worker[1] wq: tx to master: end
2019/11/23 19:02:35.56 #|1574535755.567582884|00#| work_queue_worker[1] wq: rx from master: put file-0-f4e5d6ff9260756e956ec7c8817d32bf-query.fastq.8 2044002 0644 1
2019/11/23 19:02:35.56 #|1574535755.567855928|00#| work_queue_worker[1] wq: Putting file file-0-f4e5d6ff9260756e956ec7c8817d32bf-query.fastq.8 into workspace
2019/11/23 19:02:35.92 #|1574535755.926271124|00#| work_queue_worker[1] wq: rx from master: task 2
2019/11/23 19:02:35.92 #|1574535755.926368513|00#| work_queue_worker[1] wq: rx from master: cmd 58
2019/11/23 19:02:35.92 #|1574535755.926407173|00#| work_queue_worker[1] wq: rx from master: ./bwa mem ref.fasta query.fastq.8 > Out.8.sam 2> mem.8.err
2019/11/23 19:02:35.92 #|1574535755.926425295|00#| work_queue_worker[1] wq: rx from master: category default
2019/11/23 19:02:35.92 #|1574535755.926456956|00#| work_queue_worker[1] wq: rx from master: cores 1
2019/11/23 19:02:35.92 #|1574535755.926491408|00#| work_queue_worker[1] wq: rx from master: memory 7749
2019/11/23 19:02:35.92 #|1574535755.926522934|00#| work_queue_worker[1] wq: rx from master: disk 182417
2019/11/23 19:02:35.92 #|1574535755.926550739|00#| work_queue_worker[1] wq: rx from master: gpus 0
2019/11/23 19:02:35.92 #|1574535755.926586290|00#| work_queue_worker[1] wq: rx from master: end_time 18446744073709551615
2019/11/23 19:02:35.92 #|1574535755.926610674|00#| work_queue_worker[1] wq: rx from master: wall_time 18446744073709551615
2019/11/23 19:02:35.92 #|1574535755.926642190|00#| work_queue_worker[1] wq: rx from master: env 7
2019/11/23 19:02:35.92 #|1574535755.926674575|00#| work_queue_worker[1] wq: rx from master: env 17
2019/11/23 19:02:35.92 #|1574535755.926727240|00#| work_queue_worker[1] wq: rx from master: infile file-0-f4e5d6ff9260756e956ec7c8817d32bf-query.fastq.8 query.fastq.8 1
2019/11/23 19:02:35.92 #|1574535755.926804858|00#| work_queue_worker[1] wq: rx from master: infile file-0-971da570f958f7598fb58342dc472274-ref.fasta.sa ref.fasta.sa 1
2019/11/23 19:02:35.92 #|1574535755.926866478|00#| work_queue_worker[1] wq: rx from master: infile file-0-35f59a9883b4870b84f03717aff16002-ref.fasta.ann ref.fasta.ann 1
2019/11/23 19:02:35.92 #|1574535755.926922849|00#| work_queue_worker[1] wq: rx from master: infile file-0-1aba5e7adecebe065db19a405fb8bdf0-ref.fasta.amb ref.fasta.amb 1
2019/11/23 19:02:35.92 #|1574535755.926973064|00#| work_queue_worker[1] wq: rx from master: infile file-0-d4ff2b390cdd34b642d74a1cd1b59b97-ref.fasta.pac ref.fasta.pac 1
2019/11/23 19:02:35.92 #|1574535755.927018281|00#| work_queue_worker[1] wq: rx from master: infile file-0-0cadea4f68da3f941c5b5f0c963a59f8-ref.fasta.bwt ref.fasta.bwt 1
2019/11/23 19:02:35.92 #|1574535755.927076097|00#| work_queue_worker[1] wq: rx from master: infile file-0-b08c3e9746692f64bcb9a448620c7967-ref.fasta ref.fasta 1
2019/11/23 19:02:35.92 #|1574535755.927113994|00#| work_queue_worker[1] wq: rx from master: infile file-0-a6be17d8a097bb9efd120be10bbc654c-bwa bwa 1
2019/11/23 19:02:35.92 #|1574535755.927163634|00#| work_queue_worker[1] wq: rx from master: outfile file-0-7878bff1ca186bbdc6284fee1c09d919-mem.8.err mem.8.err 1
2019/11/23 19:02:35.92 #|1574535755.927213486|00#| work_queue_worker[1] wq: rx from master: outfile file-0-a0fd94909e819a6022a67582ae1fffd8-Out.8.sam Out.8.sam 1
2019/11/23 19:02:35.92 #|1574535755.927257532|00#| work_queue_worker[1] wq: rx from master: end
2019/11/23 19:02:35.92 #|1574535755.927600169|00#| work_queue_worker[1] wq: linking cache/file-0-f4e5d6ff9260756e956ec7c8817d32bf-query.fastq.8 to /tmp/worker-0-1/t.2/query.fastq.8
2019/11/23 19:02:35.92 #|1574535755.927718574|00#| work_queue_worker[1] wq: linking cache/file-0-971da570f958f7598fb58342dc472274-ref.fasta.sa to /tmp/worker-0-1/t.2/ref.fasta.sa
2019/11/23 19:02:35.92 #|1574535755.927819244|00#| work_queue_worker[1] wq: linking cache/file-0-35f59a9883b4870b84f03717aff16002-ref.fasta.ann to /tmp/worker-0-1/t.2/ref.fasta.ann
2019/11/23 19:02:35.92 #|1574535755.927932968|00#| work_queue_worker[1] wq: linking cache/file-0-1aba5e7adecebe065db19a405fb8bdf0-ref.fasta.amb to /tmp/worker-0-1/t.2/ref.fasta.amb
2019/11/23 19:02:35.92 #|1574535755.928033968|00#| work_queue_worker[1] wq: linking cache/file-0-d4ff2b390cdd34b642d74a1cd1b59b97-ref.fasta.pac to /tmp/worker-0-1/t.2/ref.fasta.pac
2019/11/23 19:02:35.92 #|1574535755.928132711|00#| work_queue_worker[1] wq: linking cache/file-0-0cadea4f68da3f941c5b5f0c963a59f8-ref.fasta.bwt to /tmp/worker-0-1/t.2/ref.fasta.bwt
2019/11/23 19:02:35.92 #|1574535755.928237352|00#| work_queue_worker[1] wq: linking cache/file-0-b08c3e9746692f64bcb9a448620c7967-ref.fasta to /tmp/worker-0-1/t.2/ref.fasta
2019/11/23 19:02:35.92 #|1574535755.928338947|00#| work_queue_worker[1] wq: linking cache/file-0-a6be17d8a097bb9efd120be10bbc654c-bwa to /tmp/worker-0-1/t.2/bwa
2019/11/23 19:02:35.92 #|1574535755.928417892|00#| work_queue_worker[1] wq: Waiting task 2 has been forsaken.
2019/11/23 19:02:35.92 #|1574535755.928453054|00#| work_queue_worker[1] wq: tx to master: alive
2019/11/23 19:02:35.92 #|1574535755.928564594|00#| work_queue_worker[1] wq: Sending resource description to master:
2019/11/23 19:02:35.92 #|1574535755.928598474|00#| work_queue_worker[1] wq:  workers      0 inuse      1 total      1 smallest      1 largest
2019/11/23 19:02:35.92 #|1574535755.928693064|00#| work_queue_worker[1] wq:     disk    277 inuse 182245 total 182245 smallest 182245 largest
2019/11/23 19:02:35.92 #|1574535755.928803206|00#| work_queue_worker[1] wq:   memory      0 inuse   7749 total   7749 smallest   7749 largest
2019/11/23 19:02:35.92 #|1574535755.928917241|00#| work_queue_worker[1] wq:     gpus      0 inuse      0 total      0 smallest      0 largest
2019/11/23 19:02:35.92 #|1574535755.929044501|00#| work_queue_worker[1] wq:    cores      0 inuse      1 total      1 smallest      1 largest
2019/11/23 19:02:35.92 #|1574535755.929226663|00#| work_queue_worker[1] wq: tx to master: info end_of_resource_update 0
2019/11/23 19:02:35.92 #|1574535755.929346514|00#| work_queue_worker[1] wq: tx to master: info tasks_running 0
2019/11/23 19:02:35.92 #|1574535755.929466811|00#| work_queue_worker[1] wq: tx to master: info tasks_running 0
2019/11/23 19:02:35.92 #|1574535755.929584368|00#| work_queue_worker[1] wq: tx to master: available_results
2019/11/23 19:02:36.39 #|1574535756.398037937|00#| work_queue_worker[1] wq: rx from master: send_results -1
2019/11/23 19:02:36.39 #|1574535756.398108412|00#| work_queue_worker[1] wq: tx to master: result 40 0 0 0 2
2019/11/23 19:02:36.39 #|1574535756.398190004|00#| work_queue_worker[1] wq: tx to master: info tasks_running 0
2019/11/23 19:02:36.39 #|1574535756.398242020|00#| work_queue_worker[1] wq: tx to master: end
2019/11/23 19:02:36.39 #|1574535756.399063256|00#| work_queue_worker[1] wq: rx from master: task 2
2019/11/23 19:02:36.39 #|1574535756.399186818|00#| work_queue_worker[1] wq: rx from master: cmd 58
2019/11/23 19:02:36.39 #|1574535756.399234968|00#| work_queue_worker[1] wq: rx from master: ./bwa mem ref.fasta query.fastq.8 > Out.8.sam 2> mem.8.err
2019/11/23 19:02:36.39 #|1574535756.399310434|00#| work_queue_worker[1] wq: rx from master: category default
2019/11/23 19:02:36.39 #|1574535756.399358683|00#| work_queue_worker[1] wq: rx from master: cores 1
2019/11/23 19:02:36.39 #|1574535756.399567917|00#| work_queue_worker[1] wq: rx from master: memory 7749
2019/11/23 19:02:36.39 #|1574535756.399618835|00#| work_queue_worker[1] wq: rx from master: disk 182245
2019/11/23 19:02:36.39 #|1574535756.399708140|00#| work_queue_worker[1] wq: rx from master: gpus 0
2019/11/23 19:02:36.39 #|1574535756.399725151|00#| work_queue_worker[1] wq: rx from master: end_time 18446744073709551615
2019/11/23 19:02:36.39 #|1574535756.399741032|00#| work_queue_worker[1] wq: rx from master: wall_time 18446744073709551615
2019/11/23 19:02:36.39 #|1574535756.399756001|00#| work_queue_worker[1] wq: rx from master: env 7
2019/11/23 19:02:36.39 #|1574535756.399791851|00#| work_queue_worker[1] wq: rx from master: env 17
2019/11/23 19:02:36.39 #|1574535756.399859842|00#| work_queue_worker[1] wq: rx from master: infile file-0-f4e5d6ff9260756e956ec7c8817d32bf-query.fastq.8 query.fastq.8 1
2019/11/23 19:02:36.39 #|1574535756.399893961|00#| work_queue_worker[1] wq: rx from master: infile file-0-971da570f958f7598fb58342dc472274-ref.fasta.sa ref.fasta.sa 1
2019/11/23 19:02:36.39 #|1574535756.399919180|00#| work_queue_worker[1] wq: rx from master: infile file-0-35f59a9883b4870b84f03717aff16002-ref.fasta.ann ref.fasta.ann 1
2019/11/23 19:02:36.39 #|1574535756.399952916|00#| work_queue_worker[1] wq: rx from master: infile file-0-1aba5e7adecebe065db19a405fb8bdf0-ref.fasta.amb ref.fasta.amb 1
2019/11/23 19:02:36.39 #|1574535756.399978010|00#| work_queue_worker[1] wq: rx from master: infile file-0-d4ff2b390cdd34b642d74a1cd1b59b97-ref.fasta.pac ref.fasta.pac 1
2019/11/23 19:02:36.39 #|1574535756.400002662|00#| work_queue_worker[1] wq: rx from master: infile file-0-0cadea4f68da3f941c5b5f0c963a59f8-ref.fasta.bwt ref.fasta.bwt 1
2019/11/23 19:02:36.40 #|1574535756.400027340|00#| work_queue_worker[1] wq: rx from master: infile file-0-b08c3e9746692f64bcb9a448620c7967-ref.fasta ref.fasta 1
2019/11/23 19:02:36.40 #|1574535756.400057098|00#| work_queue_worker[1] wq: rx from master: infile file-0-a6be17d8a097bb9efd120be10bbc654c-bwa bwa 1
2019/11/23 19:02:36.40 #|1574535756.400081495|00#| work_queue_worker[1] wq: rx from master: outfile file-0-7878bff1ca186bbdc6284fee1c09d919-mem.8.err mem.8.err 1
2019/11/23 19:02:36.40 #|1574535756.400106620|00#| work_queue_worker[1] wq: rx from master: outfile file-0-a0fd94909e819a6022a67582ae1fffd8-Out.8.sam Out.8.sam 1
2019/11/23 19:02:36.40 #|1574535756.400130396|00#| work_queue_worker[1] wq: rx from master: end
2019/11/23 19:02:36.40 #|1574535756.400294662|00#| work_queue_worker[1] wq: linking cache/file-0-f4e5d6ff9260756e956ec7c8817d32bf-query.fastq.8 to /tmp/worker-0-1/t.2/query.fastq.8
2019/11/23 19:02:36.40 #|1574535756.400353073|00#| work_queue_worker[1] wq: linking cache/file-0-971da570f958f7598fb58342dc472274-ref.fasta.sa to /tmp/worker-0-1/t.2/ref.fasta.sa
2019/11/23 19:02:36.40 #|1574535756.400400167|00#| work_queue_worker[1] wq: linking cache/file-0-35f59a9883b4870b84f03717aff16002-ref.fasta.ann to /tmp/worker-0-1/t.2/ref.fasta.ann
2019/11/23 19:02:36.40 #|1574535756.400445073|00#| work_queue_worker[1] wq: linking cache/file-0-1aba5e7adecebe065db19a405fb8bdf0-ref.fasta.amb to /tmp/worker-0-1/t.2/ref.fasta.amb
2019/11/23 19:02:36.40 #|1574535756.400489024|00#| work_queue_worker[1] wq: linking cache/file-0-d4ff2b390cdd34b642d74a1cd1b59b97-ref.fasta.pac to /tmp/worker-0-1/t.2/ref.fasta.pac
2019/11/23 19:02:36.40 #|1574535756.400536249|00#| work_queue_worker[1] wq: linking cache/file-0-0cadea4f68da3f941c5b5f0c963a59f8-ref.fasta.bwt to /tmp/worker-0-1/t.2/ref.fasta.bwt
2019/11/23 19:02:36.40 #|1574535756.400580925|00#| work_queue_worker[1] wq: linking cache/file-0-b08c3e9746692f64bcb9a448620c7967-ref.fasta to /tmp/worker-0-1/t.2/ref.fasta
2019/11/23 19:02:36.40 #|1574535756.400627056|00#| work_queue_worker[1] wq: linking cache/file-0-a6be17d8a097bb9efd120be10bbc654c-bwa to /tmp/worker-0-1/t.2/bwa
2019/11/23 19:02:36.40 #|1574535756.400907541|00#| work_queue_worker[1] wq: started process 9: ./bwa mem ref.fasta query.fastq.8 > Out.8.sam 2> mem.8.err
2019/11/23 19:02:36.40 #|1574535756.400961397|00#| work_queue_worker[1] wq: tx to master: info tasks_running 1
2019/11/23 19:02:37.96 #|1574535757.966343342|00#| work_queue_worker[1] wq: task 2 (pid 9) exited normally with exit code 0
2019/11/23 19:02:37.96 #|1574535757.966388466|00#| work_queue_worker[1] wq: moving output file from /tmp/worker-0-1/t.2/mem.8.err to cache/file-0-7878bff1ca186bbdc6284fee1c09d919-mem.8.err
2019/11/23 19:02:37.96 #|1574535757.966462518|00#| work_queue_worker[1] wq: moving output file from /tmp/worker-0-1/t.2/Out.8.sam to cache/file-0-a0fd94909e819a6022a67582ae1fffd8-Out.8.sam
2019/11/23 19:02:37.96 #|1574535757.966516167|00#| work_queue_worker[1] wq: tx to master: available_results
2019/11/23 19:02:39.32 #|1574535759.328294434|00#| work_queue_worker[1] wq: rx from master: send_results -1
2019/11/23 19:02:39.32 #|1574535759.328384396|00#| work_queue_worker[1] wq: tx to master: result 0 0 0 1565647 2
2019/11/23 19:02:39.32 #|1574535759.328511804|00#| work_queue_worker[1] wq: tx to master: info tasks_running 0
2019/11/23 19:02:39.32 #|1574535759.328601793|00#| work_queue_worker[1] wq: tx to master: end
2019/11/23 19:02:39.34 #|1574535759.343350114|00#| work_queue_worker[1] wq: rx from master: get file-0-7878bff1ca186bbdc6284fee1c09d919-mem.8.err 1
2019/11/23 19:02:39.34 #|1574535759.343627578|00#| work_queue_worker[1] wq: tx to master: file file-0-7878bff1ca186bbdc6284fee1c09d919-mem.8.err 535
2019/11/23 19:02:39.34 #|1574535759.343975924|00#| work_queue_worker[1] wq: tx to master: end
2019/11/23 19:02:39.34 #|1574535759.344524204|00#| work_queue_worker[1] wq: rx from master: get file-0-a0fd94909e819a6022a67582ae1fffd8-Out.8.sam 1
2019/11/23 19:02:39.34 #|1574535759.344623851|00#| work_queue_worker[1] wq: tx to master: file file-0-a0fd94909e819a6022a67582ae1fffd8-Out.8.sam 7089294
2019/11/23 19:02:39.95 #|1574535759.955776218|00#| work_queue_worker[1] wq: tx to master: end
2019/11/23 19:02:39.97 #|1574535759.971798062|00#| work_queue_worker[1] wq: rx from master: kill 2
2019/11/23 19:02:55.87 #|1574535775.879797726|00#| work_queue_worker[1] wq: rx from master: put file-0-048045060f61089a83cce204e6b8f151-corr.out 0 0644 1
2019/11/23 19:02:55.87 #|1574535775.879927111|00#| work_queue_worker[1] wq: Putting file file-0-048045060f61089a83cce204e6b8f151-corr.out into workspace
2019/11/23 19:02:55.88 #|1574535775.880082459|00#| work_queue_worker[1] wq: rx from master: put file-0-ef7d821ac8daa95f0be4ce10eeaeb3c6-ref.fasta.93 1055000 0644 1
2019/11/23 19:02:55.88 #|1574535775.880135420|00#| work_queue_worker[1] wq: Putting file file-0-ef7d821ac8daa95f0be4ce10eeaeb3c6-ref.fasta.93 into workspace
2019/11/23 19:02:56.15 #|1574535776.158679792|00#| work_queue_worker[1] wq: rx from master: put file-0-ddd728dc31a49bcd4cacae5676b4e7f7-Create_Corrected_AllLRReads.py 1402 0755 1
2019/11/23 19:02:56.15 #|1574535776.158796138|00#| work_queue_worker[1] wq: Putting file file-0-ddd728dc31a49bcd4cacae5676b4e7f7-Create_Corrected_AllLRReads.py into workspace
2019/11/23 19:02:56.15 #|1574535776.159024197|00#| work_queue_worker[1] wq: rx from master: task 19
2019/11/23 19:02:56.15 #|1574535776.159092341|00#| work_queue_worker[1] wq: rx from master: cmd 76
2019/11/23 19:02:56.15 #|1574535776.159126352|00#| work_queue_worker[1] wq: rx from master: python Create_Corrected_AllLRReads.py ref.fasta.93 corr.out 2> create.err.93
2019/11/23 19:02:56.15 #|1574535776.159175613|00#| work_queue_worker[1] wq: rx from master: category default
2019/11/23 19:02:56.15 #|1574535776.159204993|00#| work_queue_worker[1] wq: rx from master: cores 1
2019/11/23 19:02:56.15 #|1574535776.159234224|00#| work_queue_worker[1] wq: rx from master: memory 7749
2019/11/23 19:02:56.15 #|1574535776.159261081|00#| work_queue_worker[1] wq: rx from master: disk 182245
2019/11/23 19:02:56.15 #|1574535776.159298079|00#| work_queue_worker[1] wq: rx from master: gpus 0
2019/11/23 19:02:56.15 #|1574535776.159339610|00#| work_queue_worker[1] wq: rx from master: end_time 18446744073709551615
2019/11/23 19:02:56.15 #|1574535776.159366987|00#| work_queue_worker[1] wq: rx from master: wall_time 18446744073709551615
2019/11/23 19:02:56.15 #|1574535776.159469134|00#| work_queue_worker[1] wq: rx from master: env 7
2019/11/23 19:02:56.15 #|1574535776.159507021|00#| work_queue_worker[1] wq: rx from master: env 17
2019/11/23 19:02:56.15 #|1574535776.159542875|00#| work_queue_worker[1] wq: rx from master: infile file-0-048045060f61089a83cce204e6b8f151-corr.out corr.out 1
2019/11/23 19:02:56.15 #|1574535776.159600901|00#| work_queue_worker[1] wq: rx from master: infile file-0-ef7d821ac8daa95f0be4ce10eeaeb3c6-ref.fasta.93 ref.fasta.93 1
2019/11/23 19:02:56.15 #|1574535776.159727659|00#| work_queue_worker[1] wq: rx from master: infile file-0-ddd728dc31a49bcd4cacae5676b4e7f7-Create_Corrected_AllLRReads.py Create_Corrected_AllLRReads.py 1
2019/11/23 19:02:56.15 #|1574535776.159817462|00#| work_queue_worker[1] wq: rx from master: outfile file-0-feaea966d6f734b99a9e20b93bc845b8-create.err.93 create.err.93 1
2019/11/23 19:02:56.15 #|1574535776.159865835|00#| work_queue_worker[1] wq: rx from master: outfile file-0-a4da2988df1f720002576b7ab4812ae1-Corrected_ref.fasta.93 Corrected_ref.fasta.93 1
2019/11/23 19:02:56.15 #|1574535776.159897114|00#| work_queue_worker[1] wq: rx from master: end
2019/11/23 19:02:56.16 #|1574535776.160193350|00#| work_queue_worker[1] wq: linking cache/file-0-048045060f61089a83cce204e6b8f151-corr.out to /tmp/worker-0-1/t.19/corr.out
2019/11/23 19:02:56.16 #|1574535776.160315453|00#| work_queue_worker[1] wq: linking cache/file-0-ef7d821ac8daa95f0be4ce10eeaeb3c6-ref.fasta.93 to /tmp/worker-0-1/t.19/ref.fasta.93
2019/11/23 19:02:56.16 #|1574535776.160428191|00#| work_queue_worker[1] wq: linking cache/file-0-ddd728dc31a49bcd4cacae5676b4e7f7-Create_Corrected_AllLRReads.py to /tmp/worker-0-1/t.19/Create_Corrected_AllLRReads.py
2019/11/23 19:02:56.16 #|1574535776.160871161|00#| work_queue_worker[1] wq: started process 19: python Create_Corrected_AllLRReads.py ref.fasta.93 corr.out 2> create.err.93
2019/11/23 19:02:56.16 #|1574535776.160982414|00#| work_queue_worker[1] wq: tx to master: info tasks_running 1
2019/11/23 19:02:56.16 #|1574535776.161105208|00#| work_queue_worker[1] wq: rx from master: check
2019/11/23 19:02:56.16 #|1574535776.161148120|00#| work_queue_worker[1] wq: tx to master: alive
2019/11/23 19:02:56.16 #|1574535776.161245265|00#| work_queue_worker[1] wq: tx to master: info tasks_running 1
2019/11/23 19:02:56.25 #|1574535776.251047213|00#| work_queue_worker[1] wq: task 19 (pid 19) exited normally with exit code 0
2019/11/23 19:02:56.25 #|1574535776.251127278|00#| work_queue_worker[1] wq: moving output file from /tmp/worker-0-1/t.19/create.err.93 to cache/file-0-feaea966d6f734b99a9e20b93bc845b8-create.err.93
2019/11/23 19:02:56.25 #|1574535776.251185752|00#| work_queue_worker[1] wq: moving output file from /tmp/worker-0-1/t.19/Corrected_ref.fasta.93 to cache/file-0-a4da2988df1f720002576b7ab4812ae1-Corrected_ref.fasta.93
2019/11/23 19:02:56.25 #|1574535776.251215680|00#| work_queue_worker[1] wq: tx to master: available_results
2019/11/23 19:02:56.34 #|1574535776.346828011|00#| work_queue_worker[1] wq: rx from master: send_results -1
2019/11/23 19:02:56.34 #|1574535776.346917573|00#| work_queue_worker[1] wq: tx to master: result 0 0 0 90550 19
2019/11/23 19:02:56.34 #|1574535776.347027658|00#| work_queue_worker[1] wq: tx to master: info tasks_running 0
2019/11/23 19:02:56.34 #|1574535776.347125087|00#| work_queue_worker[1] wq: tx to master: end
2019/11/23 19:02:56.44 #|1574535776.446479786|00#| work_queue_worker[1] wq: rx from master: get file-0-feaea966d6f734b99a9e20b93bc845b8-create.err.93 1
2019/11/23 19:02:56.44 #|1574535776.446583804|00#| work_queue_worker[1] wq: tx to master: file file-0-feaea966d6f734b99a9e20b93bc845b8-create.err.93 0
2019/11/23 19:02:56.44 #|1574535776.446699242|00#| work_queue_worker[1] wq: tx to master: end
2019/11/23 19:02:56.44 #|1574535776.447332134|00#| work_queue_worker[1] wq: rx from master: get file-0-a4da2988df1f720002576b7ab4812ae1-Corrected_ref.fasta.93 1
2019/11/23 19:02:56.44 #|1574535776.447430092|00#| work_queue_worker[1] wq: tx to master: file file-0-a4da2988df1f720002576b7ab4812ae1-Corrected_ref.fasta.93 1055000
2019/11/23 19:02:56.52 #|1574535776.525957647|00#| work_queue_worker[1] wq: tx to master: end
2019/11/23 19:02:56.54 #|1574535776.541501605|00#| work_queue_worker[1] wq: rx from master: kill 19
2019/11/23 19:02:56.68 #|1574535776.685460277|00#| work_queue_worker[1] wq: rx from master: put file-0-12f74b83f5f1f0924035fede1ab30a10-ref.fasta.55 1055000 0644 1
2019/11/23 19:02:56.68 #|1574535776.685698073|00#| work_queue_worker[1] wq: Putting file file-0-12f74b83f5f1f0924035fede1ab30a10-ref.fasta.55 into workspace
2019/11/23 19:02:56.96 #|1574535776.960780893|00#| work_queue_worker[1] wq: rx from master: task 57
2019/11/23 19:02:56.96 #|1574535776.961031949|00#| work_queue_worker[1] wq: rx from master: cmd 76
2019/11/23 19:02:56.96 #|1574535776.961292434|00#| work_queue_worker[1] wq: rx from master: python Create_Corrected_AllLRReads.py ref.fasta.55 corr.out 2> create.err.55
2019/11/23 19:02:56.96 #|1574535776.961535717|00#| work_queue_worker[1] wq: rx from master: category default
2019/11/23 19:02:56.96 #|1574535776.961806556|00#| work_queue_worker[1] wq: rx from master: cores 1
2019/11/23 19:02:56.96 #|1574535776.962051482|00#| work_queue_worker[1] wq: rx from master: memory 7749
2019/11/23 19:02:56.96 #|1574535776.962348816|00#| work_queue_worker[1] wq: rx from master: disk 182245
2019/11/23 19:02:56.96 #|1574535776.962563462|00#| work_queue_worker[1] wq: rx from master: gpus 0
2019/11/23 19:02:56.96 #|1574535776.962842469|00#| work_queue_worker[1] wq: rx from master: end_time 18446744073709551615
2019/11/23 19:02:56.96 #|1574535776.962863927|00#| work_queue_worker[1] wq: rx from master: wall_time 18446744073709551615
2019/11/23 19:02:56.96 #|1574535776.962879299|00#| work_queue_worker[1] wq: rx from master: env 7
2019/11/23 19:02:56.96 #|1574535776.962898395|00#| work_queue_worker[1] wq: rx from master: env 17
2019/11/23 19:02:56.96 #|1574535776.962916357|00#| work_queue_worker[1] wq: rx from master: infile file-0-048045060f61089a83cce204e6b8f151-corr.out corr.out 1
2019/11/23 19:02:56.96 #|1574535776.962949695|00#| work_queue_worker[1] wq: rx from master: infile file-0-12f74b83f5f1f0924035fede1ab30a10-ref.fasta.55 ref.fasta.55 1
2019/11/23 19:02:56.96 #|1574535776.962976561|00#| work_queue_worker[1] wq: rx from master: infile file-0-ddd728dc31a49bcd4cacae5676b4e7f7-Create_Corrected_AllLRReads.py Create_Corrected_AllLRReads.py 1
2019/11/23 19:02:56.96 #|1574535776.963003587|00#| work_queue_worker[1] wq: rx from master: outfile file-0-2ee36e1830168f96652a8d1e2dd02f6b-create.err.55 create.err.55 1
2019/11/23 19:02:56.96 #|1574535776.963029175|00#| work_queue_worker[1] wq: rx from master: outfile file-0-682cc99b4a867188595833ffeb7a68cf-Corrected_ref.fasta.55 Corrected_ref.fasta.55 1
2019/11/23 19:02:56.96 #|1574535776.963053688|00#| work_queue_worker[1] wq: rx from master: end
2019/11/23 19:02:56.96 #|1574535776.963225664|00#| work_queue_worker[1] wq: linking cache/file-0-048045060f61089a83cce204e6b8f151-corr.out to /tmp/worker-0-1/t.57/corr.out
2019/11/23 19:02:56.96 #|1574535776.963282887|00#| work_queue_worker[1] wq: linking cache/file-0-12f74b83f5f1f0924035fede1ab30a10-ref.fasta.55 to /tmp/worker-0-1/t.57/ref.fasta.55
2019/11/23 19:02:56.96 #|1574535776.963348050|00#| work_queue_worker[1] wq: linking cache/file-0-ddd728dc31a49bcd4cacae5676b4e7f7-Create_Corrected_AllLRReads.py to /tmp/worker-0-1/t.57/Create_Corrected_AllLRReads.py
2019/11/23 19:02:56.96 #|1574535776.963676605|00#| work_queue_worker[1] wq: started process 21: python Create_Corrected_AllLRReads.py ref.fasta.55 corr.out 2> create.err.55
2019/11/23 19:02:56.96 #|1574535776.963749166|00#| work_queue_worker[1] wq: tx to master: info tasks_running 1
2019/11/23 19:02:57.02 #|1574535777.24894533|00#| work_queue_worker[1] wq: task 57 (pid 21) exited normally with exit code 0
2019/11/23 19:02:57.02 #|1574535777.24927585|00#| work_queue_worker[1] wq: moving output file from /tmp/worker-0-1/t.57/create.err.55 to cache/file-0-2ee36e1830168f96652a8d1e2dd02f6b-create.err.55
2019/11/23 19:02:57.02 #|1574535777.24977917|00#| work_queue_worker[1] wq: moving output file from /tmp/worker-0-1/t.57/Corrected_ref.fasta.55 to cache/file-0-682cc99b4a867188595833ffeb7a68cf-Corrected_ref.fasta.55
2019/11/23 19:02:57.02 #|1574535777.25020429|00#| work_queue_worker[1] wq: tx to master: available_results
2019/11/23 19:02:57.15 #|1574535777.150854660|00#| work_queue_worker[1] wq: rx from master: send_results -1
2019/11/23 19:02:57.15 #|1574535777.150944612|00#| work_queue_worker[1] wq: tx to master: result 0 0 0 61427 57
2019/11/23 19:02:57.15 #|1574535777.151071686|00#| work_queue_worker[1] wq: tx to master: info tasks_running 0
2019/11/23 19:02:57.15 #|1574535777.151160418|00#| work_queue_worker[1] wq: tx to master: end
2019/11/23 19:02:57.15 #|1574535777.154332198|00#| work_queue_worker[1] wq: rx from master: get file-0-2ee36e1830168f96652a8d1e2dd02f6b-create.err.55 1
2019/11/23 19:02:57.15 #|1574535777.154431388|00#| work_queue_worker[1] wq: tx to master: file file-0-2ee36e1830168f96652a8d1e2dd02f6b-create.err.55 0
2019/11/23 19:02:57.15 #|1574535777.154560723|00#| work_queue_worker[1] wq: tx to master: end
2019/11/23 19:02:57.15 #|1574535777.155332002|00#| work_queue_worker[1] wq: rx from master: get file-0-682cc99b4a867188595833ffeb7a68cf-Corrected_ref.fasta.55 1
2019/11/23 19:02:57.15 #|1574535777.155490999|00#| work_queue_worker[1] wq: tx to master: file file-0-682cc99b4a867188595833ffeb7a68cf-Corrected_ref.fasta.55 1055000
2019/11/23 19:02:57.23 #|1574535777.233161548|00#| work_queue_worker[1] wq: tx to master: end
2019/11/23 19:02:57.24 #|1574535777.249414691|00#| work_queue_worker[1] wq: rx from master: kill 57
2019/11/23 19:02:57.48 #|1574535777.484742719|00#| work_queue_worker[1] wq: rx from master: put file-0-8c12b2e81dd684a2bea395d788356753-ref.fasta.20 1055000 0644 1
2019/11/23 19:02:57.48 #|1574535777.484881269|00#| work_queue_worker[1] wq: Putting file file-0-8c12b2e81dd684a2bea395d788356753-ref.fasta.20 into workspace
2019/11/23 19:02:57.76 #|1574535777.760931980|00#| work_queue_worker[1] wq: rx from master: task 92
2019/11/23 19:02:57.76 #|1574535777.761217938|00#| work_queue_worker[1] wq: rx from master: cmd 76
2019/11/23 19:02:57.76 #|1574535777.761467792|00#| work_queue_worker[1] wq: rx from master: python Create_Corrected_AllLRReads.py ref.fasta.20 corr.out 2> create.err.20
2019/11/23 19:02:57.76 #|1574535777.761715753|00#| work_queue_worker[1] wq: rx from master: category default
2019/11/23 19:02:57.76 #|1574535777.761973828|00#| work_queue_worker[1] wq: rx from master: cores 1
2019/11/23 19:02:57.76 #|1574535777.762237851|00#| work_queue_worker[1] wq: rx from master: memory 7749
2019/11/23 19:02:57.76 #|1574535777.762498722|00#| work_queue_worker[1] wq: rx from master: disk 182245
2019/11/23 19:02:57.76 #|1574535777.762812420|00#| work_queue_worker[1] wq: rx from master: gpus 0
2019/11/23 19:02:57.76 #|1574535777.763111284|00#| work_queue_worker[1] wq: rx from master: end_time 18446744073709551615
2019/11/23 19:02:57.76 #|1574535777.763215514|00#| work_queue_worker[1] wq: rx from master: wall_time 18446744073709551615
2019/11/23 19:02:57.76 #|1574535777.763525316|00#| work_queue_worker[1] wq: rx from master: env 7
2019/11/23 19:02:57.76 #|1574535777.763583445|00#| work_queue_worker[1] wq: rx from master: env 17
2019/11/23 19:02:57.76 #|1574535777.763641174|00#| work_queue_worker[1] wq: rx from master: infile file-0-048045060f61089a83cce204e6b8f151-corr.out corr.out 1
2019/11/23 19:02:57.76 #|1574535777.763958099|00#| work_queue_worker[1] wq: rx from master: infile file-0-8c12b2e81dd684a2bea395d788356753-ref.fasta.20 ref.fasta.20 1
2019/11/23 19:02:57.76 #|1574535777.764014746|00#| work_queue_worker[1] wq: rx from master: infile file-0-ddd728dc31a49bcd4cacae5676b4e7f7-Create_Corrected_AllLRReads.py Create_Corrected_AllLRReads.py 1
2019/11/23 19:02:57.76 #|1574535777.764102290|00#| work_queue_worker[1] wq: rx from master: outfile file-0-552f257d8dc3bcf01b40f4631a4115bd-create.err.20 create.err.20 1
2019/11/23 19:02:57.76 #|1574535777.764234675|00#| work_queue_worker[1] wq: rx from master: outfile file-0-acbeb6f0169946d34eed3b43d8c346c7-Corrected_ref.fasta.20 Corrected_ref.fasta.20 1
2019/11/23 19:02:57.76 #|1574535777.764367036|00#| work_queue_worker[1] wq: rx from master: end
2019/11/23 19:02:57.76 #|1574535777.764549247|00#| work_queue_worker[1] wq: linking cache/file-0-048045060f61089a83cce204e6b8f151-corr.out to /tmp/worker-0-1/t.92/corr.out
2019/11/23 19:02:57.76 #|1574535777.764620134|00#| work_queue_worker[1] wq: linking cache/file-0-8c12b2e81dd684a2bea395d788356753-ref.fasta.20 to /tmp/worker-0-1/t.92/ref.fasta.20
2019/11/23 19:02:57.76 #|1574535777.764680496|00#| work_queue_worker[1] wq: linking cache/file-0-ddd728dc31a49bcd4cacae5676b4e7f7-Create_Corrected_AllLRReads.py to /tmp/worker-0-1/t.92/Create_Corrected_AllLRReads.py
2019/11/23 19:02:57.76 #|1574535777.764951557|00#| work_queue_worker[1] wq: started process 23: python Create_Corrected_AllLRReads.py ref.fasta.20 corr.out 2> create.err.20
2019/11/23 19:02:57.76 #|1574535777.765016444|00#| work_queue_worker[1] wq: tx to master: info tasks_running 1
2019/11/23 19:02:57.81 #|1574535777.818336374|00#| work_queue_worker[1] wq: task 92 (pid 23) exited normally with exit code 0
2019/11/23 19:02:57.81 #|1574535777.818374318|00#| work_queue_worker[1] wq: moving output file from /tmp/worker-0-1/t.92/create.err.20 to cache/file-0-552f257d8dc3bcf01b40f4631a4115bd-create.err.20
2019/11/23 19:02:57.81 #|1574535777.818441315|00#| work_queue_worker[1] wq: moving output file from /tmp/worker-0-1/t.92/Corrected_ref.fasta.20 to cache/file-0-acbeb6f0169946d34eed3b43d8c346c7-Corrected_ref.fasta.20
2019/11/23 19:02:57.81 #|1574535777.818474046|00#| work_queue_worker[1] wq: tx to master: available_results
2019/11/23 19:02:57.94 #|1574535777.948769604|00#| work_queue_worker[1] wq: rx from master: send_results -1
2019/11/23 19:02:57.94 #|1574535777.948846066|00#| work_queue_worker[1] wq: tx to master: result 0 0 0 53582 92
2019/11/23 19:02:57.94 #|1574535777.948953344|00#| work_queue_worker[1] wq: tx to master: info tasks_running 0
2019/11/23 19:02:57.94 #|1574535777.949050082|00#| work_queue_worker[1] wq: tx to master: end
2019/11/23 19:02:57.95 #|1574535777.957233004|00#| work_queue_worker[1] wq: rx from master: get file-0-552f257d8dc3bcf01b40f4631a4115bd-create.err.20 1
2019/11/23 19:02:57.95 #|1574535777.957311460|00#| work_queue_worker[1] wq: tx to master: file file-0-552f257d8dc3bcf01b40f4631a4115bd-create.err.20 0
2019/11/23 19:02:57.95 #|1574535777.957415307|00#| work_queue_worker[1] wq: tx to master: end
2019/11/23 19:02:57.95 #|1574535777.957995172|00#| work_queue_worker[1] wq: rx from master: get file-0-acbeb6f0169946d34eed3b43d8c346c7-Corrected_ref.fasta.20 1
2019/11/23 19:02:57.95 #|1574535777.958054246|00#| work_queue_worker[1] wq: tx to master: file file-0-acbeb6f0169946d34eed3b43d8c346c7-Corrected_ref.fasta.20 1055000
2019/11/23 19:02:58.03 #|1574535778.34145615|00#| work_queue_worker[1] wq: tx to master: end
2019/11/23 19:02:58.05 #|1574535778.51858664|00#| work_queue_worker[1] wq: rx from master: kill 92
2019/11/23 19:02:59.68 #|1574535779.683642913|00#| work_queue_worker[1] wq: rx from master: release
2019/11/23 19:02:59.68 #|1574535779.683698525|00#| work_queue_worker[1] wq: released by master 10.0.136.2:1026.
2019/11/23 19:02:59.70 #|1574535779.703810496|00#| work_queue_worker[1] wq: cleaning workspace /tmp/worker-0-1
2019/11/23 19:02:59.74 #|1574535779.747558139|00#| work_queue_worker[1] wq: disconnecting from master 10.0.136.2:1026
2019/11/23 19:02:59.74 #|1574535779.747665252|00#| work_queue_worker[1] tcp: disconnected from 10.0.136.2 port 1026
2019/11/23 19:02:59.74 #|1574535779.747682873|00#| work_queue_worker[1] wq: killing all outstanding tasks
2019/11/23 19:02:59.74 #|1574535779.747712766|00#| work_queue_worker[1] wq: all data structures are clean
