2019/11/22 19:57:20.70 #|1574452640.700038373|00#| work_queue_worker[1] debug: /root/cctools/bin/work_queue_worker version 8.0.0 DEVELOPMENT (released 2019-11-14 15:35:16 +0000)
2019/11/22 19:57:20.70 #|1574452640.700074603|00#| work_queue_worker[1] debug: Built by root@7e9ecba79f43 on 2019-11-14 15:35:16 +0000
2019/11/22 19:57:20.70 #|1574452640.700084399|00#| work_queue_worker[1] debug: System: Linux 7e9ecba79f43 5.0.0-32-generic #34~18.04.2-Ubuntu SMP Thu Oct 10 10:36:02 UTC 2019 x86_64 x86_64 x86_64 GNU/Linux
2019/11/22 19:57:20.70 #|1574452640.700092756|00#| work_queue_worker[1] debug: Configuration: --prefix /root/cctools
2019/11/22 19:57:20.70 #|1574452640.700260272|00#| work_queue_worker[1] wq: WORK_QUEUE_SANDBOX set to /tmp/worker-0-1.
2019/11/22 19:57:20.70 #|1574452640.700751547|00#| work_queue_worker[1] debug: error reading disk usage on directory: ./cache.
2019/11/22 19:57:20.70 #|1574452640.700779545|00#| work_queue_worker[1] dns: looking up name master
2019/11/22 19:57:20.70 #|1574452640.702831131|00#| work_queue_worker[1] dns: couldn't look up master: Name or service not known
2019/11/22 19:57:22.70 #|1574452642.702970833|00#| work_queue_worker[1] dns: looking up name master
2019/11/22 19:57:22.70 #|1574452642.703345915|00#| work_queue_worker[1] dns: master is 10.0.105.17
2019/11/22 19:57:22.70 #|1574452642.703390323|00#| work_queue_worker[1] tcp: connecting to 10.0.105.17 port 1026
2019/11/22 19:57:22.70 #|1574452642.703650242|00#| work_queue_worker[1] tcp: made connection to 10.0.105.17 port 1026
2019/11/22 19:57:22.70 #|1574452642.703677551|00#| work_queue_worker[1] wq: connected to master master:1026 via local address 10.0.105.11:58060
2019/11/22 19:57:22.70 #|1574452642.703693715|00#| work_queue_worker[1] wq: preparing workspace /tmp/worker-0-1
2019/11/22 19:57:22.70 #|1574452642.703856281|00#| work_queue_worker[1] dns: looking up name f41d97f0c9dc
2019/11/22 19:57:22.70 #|1574452642.703922431|00#| work_queue_worker[1] dns: f41d97f0c9dc is 10.0.105.11
2019/11/22 19:57:22.70 #|1574452642.703940615|00#| work_queue_worker[1] dns: looking up addr 10.0.105.11
2019/11/22 19:57:22.70 #|1574452642.703993205|00#| work_queue_worker[1] dns: 10.0.105.11 is f41d97f0c9dc
2019/11/22 19:57:22.70 #|1574452642.704010769|00#| work_queue_worker[1] dns: finding my hostname: uname = f41d97f0c9dc, address = 10.0.105.11, hostname = f41d97f0c9dc
2019/11/22 19:57:22.70 #|1574452642.704030736|00#| work_queue_worker[1] wq: tx to master: workqueue 8 f41d97f0c9dc Linux x86_64 8.0.0
2019/11/22 19:57:22.70 #|1574452642.704127900|00#| work_queue_worker[1] wq: tx to master: info worker-id worker-cc16a17efc144f64fa5b776f68e79dbd
2019/11/22 19:57:22.70 #|1574452642.704216330|00#| work_queue_worker[1] wq: tx to master: alive
2019/11/22 19:57:22.70 #|1574452642.704293485|00#| work_queue_worker[1] wq: Sending resource description to master:
2019/11/22 19:57:22.70 #|1574452642.704313309|00#| work_queue_worker[1] wq:  workers      0 inuse      1 total      1 smallest      1 largest
2019/11/22 19:57:22.70 #|1574452642.704382898|00#| work_queue_worker[1] wq:     disk      0 inuse   2393 total   2393 smallest   2393 largest
2019/11/22 19:57:22.70 #|1574452642.704464217|00#| work_queue_worker[1] wq:   memory      0 inuse  11908 total  11908 smallest  11908 largest
2019/11/22 19:57:22.70 #|1574452642.704540819|00#| work_queue_worker[1] wq:     gpus      0 inuse      0 total      0 smallest      0 largest
2019/11/22 19:57:22.70 #|1574452642.704621912|00#| work_queue_worker[1] wq:    cores      0 inuse      1 total      1 smallest      1 largest
2019/11/22 19:57:22.70 #|1574452642.704755685|00#| work_queue_worker[1] wq: tx to master: info end_of_resource_update 0
2019/11/22 19:57:22.70 #|1574452642.704840616|00#| work_queue_worker[1] wq: tx to master: info tasks_running 0
2019/11/22 19:57:22.70 #|1574452642.704918504|00#| work_queue_worker[1] wq: working for master at 10.0.105.17:1026.
2019/11/22 19:57:24.02 #|1574452644.24236858|00#| work_queue_worker[1] wq: rx from master: put file-0-25930e3036f13852cb0b29694bbab611-nt/taxdb.bti 14920392 0644 1
2019/11/22 19:57:24.02 #|1574452644.24323017|00#| work_queue_worker[1] wq: Putting file file-0-25930e3036f13852cb0b29694bbab611-nt/taxdb.bti into workspace
2019/11/22 19:57:24.04 #|1574452644.48499535|00#| work_queue_worker[1] wq: rx from master: put file-0-25930e3036f13852cb0b29694bbab611-nt/nt.nal 752 0644 1
2019/11/22 19:57:24.04 #|1574452644.48543513|00#| work_queue_worker[1] wq: Putting file file-0-25930e3036f13852cb0b29694bbab611-nt/nt.nal into workspace
2019/11/22 19:57:24.04 #|1574452644.48633219|00#| work_queue_worker[1] wq: rx from master: put file-0-25930e3036f13852cb0b29694bbab611-nt/nt.44.nni 27220 0644 1
2019/11/22 19:57:24.04 #|1574452644.48654368|00#| work_queue_worker[1] wq: Putting file file-0-25930e3036f13852cb0b29694bbab611-nt/nt.44.nni into workspace
2019/11/22 19:57:24.04 #|1574452644.48792059|00#| work_queue_worker[1] wq: rx from master: put file-0-25930e3036f13852cb0b29694bbab611-nt/nt.44.nog 3378248 0644 1
2019/11/22 19:57:24.04 #|1574452644.48817777|00#| work_queue_worker[1] wq: Putting file file-0-25930e3036f13852cb0b29694bbab611-nt/nt.44.nog into workspace
2019/11/22 19:57:24.05 #|1574452644.53247181|00#| work_queue_worker[1] wq: rx from master: put file-0-25930e3036f13852cb0b29694bbab611-nt/taxdb.btd 141628361 0644 1
2019/11/22 19:57:24.05 #|1574452644.53293878|00#| work_queue_worker[1] wq: Putting file file-0-25930e3036f13852cb0b29694bbab611-nt/taxdb.btd into workspace
2019/11/22 19:57:24.23 #|1574452644.236588891|00#| work_queue_worker[1] wq: rx from master: put file-0-25930e3036f13852cb0b29694bbab611-nt/nt.44.nhr 148534336 0644 1
2019/11/22 19:57:24.23 #|1574452644.236634588|00#| work_queue_worker[1] wq: Putting file file-0-25930e3036f13852cb0b29694bbab611-nt/nt.44.nhr into workspace
2019/11/22 19:57:24.42 #|1574452644.427283364|00#| work_queue_worker[1] wq: rx from master: put file-0-25930e3036f13852cb0b29694bbab611-nt/nt.44.nhi 338004 0644 1
2019/11/22 19:57:24.42 #|1574452644.427328566|00#| work_queue_worker[1] wq: Putting file file-0-25930e3036f13852cb0b29694bbab611-nt/nt.44.nhi into workspace
2019/11/22 19:57:24.42 #|1574452644.427860841|00#| work_queue_worker[1] wq: rx from master: put file-0-25930e3036f13852cb0b29694bbab611-nt/nt.44.nnd 6955488 0644 1
2019/11/22 19:57:24.42 #|1574452644.427885314|00#| work_queue_worker[1] wq: Putting file file-0-25930e3036f13852cb0b29694bbab611-nt/nt.44.nnd into workspace
2019/11/22 19:57:24.43 #|1574452644.436974147|00#| work_queue_worker[1] wq: rx from master: put file-0-25930e3036f13852cb0b29694bbab611-nt/nt.44.nhd 14869748 0644 1
2019/11/22 19:57:24.43 #|1574452644.437020370|00#| work_queue_worker[1] wq: Putting file file-0-25930e3036f13852cb0b29694bbab611-nt/nt.44.nhd into workspace
2019/11/22 19:57:24.45 #|1574452644.456067468|00#| work_queue_worker[1] wq: rx from master: put file-0-25930e3036f13852cb0b29694bbab611-nt/nt.44.nsq 974099786 0644 1
2019/11/22 19:57:24.45 #|1574452644.456115668|00#| work_queue_worker[1] wq: Putting file file-0-25930e3036f13852cb0b29694bbab611-nt/nt.44.nsq into workspace
2019/11/22 19:57:24.45 #|1574452644.456129891|00#| work_queue_worker[1] debug: File of size 928 MB will lower available disk space (883 MB) below threshold (0 MB).
2019/11/22 19:57:24.45 #|1574452644.456146074|00#| work_queue_worker[1] wq: Could not put file file-0-25930e3036f13852cb0b29694bbab611-nt/nt.44.nsq, not enough disk space (974099786 bytes needed)
2019/11/22 19:57:24.45 #|1574452644.456158252|00#| work_queue_worker[1] wq: cleaning workspace /tmp/worker-0-1
2019/11/22 19:57:24.51 #|1574452644.511850960|00#| work_queue_worker[1] wq: disconnecting from master 10.0.105.17:1026
2019/11/22 19:57:24.51 #|1574452644.512042242|00#| work_queue_worker[1] tcp: disconnected from 10.0.105.17 port 1026
2019/11/22 19:57:24.51 #|1574452644.512058454|00#| work_queue_worker[1] wq: killing all outstanding tasks
2019/11/22 19:57:24.51 #|1574452644.512070019|00#| work_queue_worker[1] wq: all data structures are clean
2019/11/22 19:57:30.51 #|1574452650.512480683|00#| work_queue_worker[1] debug: error reading disk usage on directory: ./cache.
2019/11/22 19:57:30.51 #|1574452650.512537197|00#| work_queue_worker[1] tcp: connecting to 10.0.105.17 port 1026
2019/11/22 19:57:30.51 #|1574452650.512745947|00#| work_queue_worker[1] tcp: made connection to 10.0.105.17 port 1026
2019/11/22 19:57:30.51 #|1574452650.512765338|00#| work_queue_worker[1] wq: connected to master master:1026 via local address 10.0.105.11:58072
2019/11/22 19:57:30.51 #|1574452650.512774665|00#| work_queue_worker[1] wq: preparing workspace /tmp/worker-0-1
2019/11/22 19:57:30.51 #|1574452650.512899788|00#| work_queue_worker[1] dns: finding my hostname: uname = f41d97f0c9dc, address = 10.0.105.11, hostname = f41d97f0c9dc
2019/11/22 19:57:30.51 #|1574452650.512929667|00#| work_queue_worker[1] wq: tx to master: workqueue 8 f41d97f0c9dc Linux x86_64 8.0.0
2019/11/22 19:57:30.51 #|1574452650.512992736|00#| work_queue_worker[1] wq: tx to master: info worker-id worker-cc16a17efc144f64fa5b776f68e79dbd
2019/11/22 19:57:30.51 #|1574452650.513045064|00#| work_queue_worker[1] wq: tx to master: alive
2019/11/22 19:57:30.51 #|1574452650.513094144|00#| work_queue_worker[1] wq: Sending resource description to master:
2019/11/22 19:57:30.51 #|1574452650.513106846|00#| work_queue_worker[1] wq:  workers      0 inuse      1 total      1 smallest      1 largest
2019/11/22 19:57:30.51 #|1574452650.513174928|00#| work_queue_worker[1] wq:     disk      0 inuse   1099 total   1099 smallest   1099 largest
2019/11/22 19:57:30.51 #|1574452650.513229968|00#| work_queue_worker[1] wq:   memory      0 inuse  11908 total  11908 smallest  11908 largest
2019/11/22 19:57:30.51 #|1574452650.513280238|00#| work_queue_worker[1] wq:     gpus      0 inuse      0 total      0 smallest      0 largest
2019/11/22 19:57:30.51 #|1574452650.513329225|00#| work_queue_worker[1] wq:    cores      0 inuse      1 total      1 smallest      1 largest
2019/11/22 19:57:30.51 #|1574452650.513432669|00#| work_queue_worker[1] wq: tx to master: info end_of_resource_update 0
2019/11/22 19:57:30.51 #|1574452650.513485931|00#| work_queue_worker[1] wq: tx to master: info tasks_running 0
2019/11/22 19:57:30.51 #|1574452650.513535335|00#| work_queue_worker[1] wq: working for master at 10.0.105.17:1026.
2019/11/22 20:01:52.32 #|1574452912.322496908|00#| work_queue_worker[1] wq: rx from master: put file-0-25930e3036f13852cb0b29694bbab611-nt/taxdb.bti 14920392 0644 1
2019/11/22 20:01:52.32 #|1574452912.322573749|00#| work_queue_worker[1] wq: Putting file file-0-25930e3036f13852cb0b29694bbab611-nt/taxdb.bti into workspace
2019/11/22 20:01:52.34 #|1574452912.343544200|00#| work_queue_worker[1] wq: rx from master: put file-0-25930e3036f13852cb0b29694bbab611-nt/nt.nal 752 0644 1
2019/11/22 20:01:52.34 #|1574452912.343584852|00#| work_queue_worker[1] wq: Putting file file-0-25930e3036f13852cb0b29694bbab611-nt/nt.nal into workspace
2019/11/22 20:01:52.34 #|1574452912.343682035|00#| work_queue_worker[1] wq: rx from master: put file-0-25930e3036f13852cb0b29694bbab611-nt/nt.44.nni 27220 0644 1
2019/11/22 20:01:52.34 #|1574452912.343703989|00#| work_queue_worker[1] wq: Putting file file-0-25930e3036f13852cb0b29694bbab611-nt/nt.44.nni into workspace
2019/11/22 20:01:52.34 #|1574452912.343940978|00#| work_queue_worker[1] wq: rx from master: put file-0-25930e3036f13852cb0b29694bbab611-nt/nt.44.nog 3378248 0644 1
2019/11/22 20:01:52.34 #|1574452912.343968067|00#| work_queue_worker[1] wq: Putting file file-0-25930e3036f13852cb0b29694bbab611-nt/nt.44.nog into workspace
2019/11/22 20:01:52.34 #|1574452912.348923566|00#| work_queue_worker[1] wq: rx from master: put file-0-25930e3036f13852cb0b29694bbab611-nt/taxdb.btd 141628361 0644 1
2019/11/22 20:01:52.34 #|1574452912.348968502|00#| work_queue_worker[1] wq: Putting file file-0-25930e3036f13852cb0b29694bbab611-nt/taxdb.btd into workspace
2019/11/22 20:01:52.53 #|1574452912.533210469|00#| work_queue_worker[1] wq: rx from master: put file-0-25930e3036f13852cb0b29694bbab611-nt/nt.44.nhr 148534336 0644 1
2019/11/22 20:01:52.53 #|1574452912.533254953|00#| work_queue_worker[1] wq: Putting file file-0-25930e3036f13852cb0b29694bbab611-nt/nt.44.nhr into workspace
2019/11/22 20:01:52.72 #|1574452912.724579864|00#| work_queue_worker[1] wq: rx from master: put file-0-25930e3036f13852cb0b29694bbab611-nt/nt.44.nhi 338004 0644 1
2019/11/22 20:01:52.72 #|1574452912.724624224|00#| work_queue_worker[1] wq: Putting file file-0-25930e3036f13852cb0b29694bbab611-nt/nt.44.nhi into workspace
2019/11/22 20:01:52.72 #|1574452912.725172220|00#| work_queue_worker[1] wq: rx from master: put file-0-25930e3036f13852cb0b29694bbab611-nt/nt.44.nnd 6955488 0644 1
2019/11/22 20:01:52.72 #|1574452912.725196489|00#| work_queue_worker[1] wq: Putting file file-0-25930e3036f13852cb0b29694bbab611-nt/nt.44.nnd into workspace
2019/11/22 20:01:52.73 #|1574452912.734101650|00#| work_queue_worker[1] wq: rx from master: put file-0-25930e3036f13852cb0b29694bbab611-nt/nt.44.nhd 14869748 0644 1
2019/11/22 20:01:52.73 #|1574452912.734145921|00#| work_queue_worker[1] wq: Putting file file-0-25930e3036f13852cb0b29694bbab611-nt/nt.44.nhd into workspace
2019/11/22 20:01:52.75 #|1574452912.753390260|00#| work_queue_worker[1] wq: rx from master: put file-0-25930e3036f13852cb0b29694bbab611-nt/nt.44.nsq 974099786 0644 1
2019/11/22 20:01:52.75 #|1574452912.753435932|00#| work_queue_worker[1] wq: Putting file file-0-25930e3036f13852cb0b29694bbab611-nt/nt.44.nsq into workspace
2019/11/22 20:01:52.75 #|1574452912.753450232|00#| work_queue_worker[1] debug: File of size 928 MB will lower available disk space (883 MB) below threshold (0 MB).
2019/11/22 20:01:52.75 #|1574452912.753458933|00#| work_queue_worker[1] wq: Could not put file file-0-25930e3036f13852cb0b29694bbab611-nt/nt.44.nsq, not enough disk space (974099786 bytes needed)
2019/11/22 20:01:52.75 #|1574452912.753470560|00#| work_queue_worker[1] wq: cleaning workspace /tmp/worker-0-1
2019/11/22 20:01:52.80 #|1574452912.808944133|00#| work_queue_worker[1] wq: disconnecting from master 10.0.105.17:1026
2019/11/22 20:01:52.80 #|1574452912.809135170|00#| work_queue_worker[1] tcp: disconnected from 10.0.105.17 port 1026
2019/11/22 20:01:52.80 #|1574452912.809149441|00#| work_queue_worker[1] wq: killing all outstanding tasks
2019/11/22 20:01:52.80 #|1574452912.809160527|00#| work_queue_worker[1] wq: all data structures are clean
2019/11/22 20:01:58.80 #|1574452918.809604993|00#| work_queue_worker[1] debug: error reading disk usage on directory: ./cache.
2019/11/22 20:01:58.80 #|1574452918.809662649|00#| work_queue_worker[1] tcp: connecting to 10.0.105.17 port 1026
2019/11/22 20:01:58.80 #|1574452918.809847447|00#| work_queue_worker[1] tcp: made connection to 10.0.105.17 port 1026
2019/11/22 20:01:58.80 #|1574452918.809866704|00#| work_queue_worker[1] wq: connected to master master:1026 via local address 10.0.105.11:58136
2019/11/22 20:01:58.80 #|1574452918.809876032|00#| work_queue_worker[1] wq: preparing workspace /tmp/worker-0-1
2019/11/22 20:01:58.80 #|1574452918.809991175|00#| work_queue_worker[1] dns: finding my hostname: uname = f41d97f0c9dc, address = 10.0.105.11, hostname = f41d97f0c9dc
2019/11/22 20:01:58.81 #|1574452918.810004347|00#| work_queue_worker[1] wq: tx to master: workqueue 8 f41d97f0c9dc Linux x86_64 8.0.0
2019/11/22 20:01:58.81 #|1574452918.810071965|00#| work_queue_worker[1] wq: tx to master: info worker-id worker-cc16a17efc144f64fa5b776f68e79dbd
2019/11/22 20:01:58.81 #|1574452918.810127757|00#| work_queue_worker[1] wq: tx to master: alive
2019/11/22 20:01:58.81 #|1574452918.810176934|00#| work_queue_worker[1] wq: Sending resource description to master:
2019/11/22 20:01:58.81 #|1574452918.810189120|00#| work_queue_worker[1] wq:  workers      0 inuse      1 total      1 smallest      1 largest
2019/11/22 20:01:58.81 #|1574452918.810235106|00#| work_queue_worker[1] wq:     disk      0 inuse   1099 total   1099 smallest   1099 largest
2019/11/22 20:01:58.81 #|1574452918.810283869|00#| work_queue_worker[1] wq:   memory      0 inuse  11908 total  11908 smallest  11908 largest
2019/11/22 20:01:58.81 #|1574452918.810343057|00#| work_queue_worker[1] wq:     gpus      0 inuse      0 total      0 smallest      0 largest
2019/11/22 20:01:58.81 #|1574452918.810394243|00#| work_queue_worker[1] wq:    cores      0 inuse      1 total      1 smallest      1 largest
2019/11/22 20:01:58.81 #|1574452918.810487202|00#| work_queue_worker[1] wq: tx to master: info end_of_resource_update 0
2019/11/22 20:01:58.81 #|1574452918.810570757|00#| work_queue_worker[1] wq: tx to master: info tasks_running 0
2019/11/22 20:01:58.81 #|1574452918.810630456|00#| work_queue_worker[1] wq: working for master at 10.0.105.17:1026.
2019/11/22 20:05:54.46 #|1574453154.464055867|00#| work_queue_worker[1] wq: rx from master: put file-0-25930e3036f13852cb0b29694bbab611-nt/taxdb.bti 14920392 0644 1
2019/11/22 20:05:54.46 #|1574453154.464125442|00#| work_queue_worker[1] wq: Putting file file-0-25930e3036f13852cb0b29694bbab611-nt/taxdb.bti into workspace
2019/11/22 20:05:54.49 #|1574453154.495343126|00#| work_queue_worker[1] wq: rx from master: put file-0-25930e3036f13852cb0b29694bbab611-nt/nt.nal 752 0644 1
2019/11/22 20:05:54.49 #|1574453154.495386866|00#| work_queue_worker[1] wq: Putting file file-0-25930e3036f13852cb0b29694bbab611-nt/nt.nal into workspace
2019/11/22 20:05:54.49 #|1574453154.495475579|00#| work_queue_worker[1] wq: rx from master: put file-0-25930e3036f13852cb0b29694bbab611-nt/nt.44.nni 27220 0644 1
2019/11/22 20:05:54.49 #|1574453154.495497379|00#| work_queue_worker[1] wq: Putting file file-0-25930e3036f13852cb0b29694bbab611-nt/nt.44.nni into workspace
2019/11/22 20:05:54.49 #|1574453154.495627653|00#| work_queue_worker[1] wq: rx from master: put file-0-25930e3036f13852cb0b29694bbab611-nt/nt.44.nog 3378248 0644 1
2019/11/22 20:05:54.49 #|1574453154.495652160|00#| work_queue_worker[1] wq: Putting file file-0-25930e3036f13852cb0b29694bbab611-nt/nt.44.nog into workspace
2019/11/22 20:05:54.50 #|1574453154.500839151|00#| work_queue_worker[1] wq: rx from master: put file-0-25930e3036f13852cb0b29694bbab611-nt/taxdb.btd 141628361 0644 1
2019/11/22 20:05:54.50 #|1574453154.500882718|00#| work_queue_worker[1] wq: Putting file file-0-25930e3036f13852cb0b29694bbab611-nt/taxdb.btd into workspace
2019/11/22 20:05:54.71 #|1574453154.715216496|00#| work_queue_worker[1] wq: rx from master: put file-0-25930e3036f13852cb0b29694bbab611-nt/nt.44.nhr 148534336 0644 1
2019/11/22 20:05:54.71 #|1574453154.715274466|00#| work_queue_worker[1] wq: Putting file file-0-25930e3036f13852cb0b29694bbab611-nt/nt.44.nhr into workspace
2019/11/22 20:05:54.93 #|1574453154.939851822|00#| work_queue_worker[1] wq: rx from master: put file-0-25930e3036f13852cb0b29694bbab611-nt/nt.44.nhi 338004 0644 1
2019/11/22 20:05:54.93 #|1574453154.939896235|00#| work_queue_worker[1] wq: Putting file file-0-25930e3036f13852cb0b29694bbab611-nt/nt.44.nhi into workspace
2019/11/22 20:05:54.94 #|1574453154.940530342|00#| work_queue_worker[1] wq: rx from master: put file-0-25930e3036f13852cb0b29694bbab611-nt/nt.44.nnd 6955488 0644 1
2019/11/22 20:05:54.94 #|1574453154.940570459|00#| work_queue_worker[1] wq: Putting file file-0-25930e3036f13852cb0b29694bbab611-nt/nt.44.nnd into workspace
2019/11/22 20:05:54.95 #|1574453154.950021369|00#| work_queue_worker[1] wq: rx from master: put file-0-25930e3036f13852cb0b29694bbab611-nt/nt.44.nhd 14869748 0644 1
2019/11/22 20:05:54.95 #|1574453154.950068214|00#| work_queue_worker[1] wq: Putting file file-0-25930e3036f13852cb0b29694bbab611-nt/nt.44.nhd into workspace
2019/11/22 20:05:54.96 #|1574453154.969066469|00#| work_queue_worker[1] wq: rx from master: put file-0-25930e3036f13852cb0b29694bbab611-nt/nt.44.nsq 974099786 0644 1
2019/11/22 20:05:54.96 #|1574453154.969113056|00#| work_queue_worker[1] wq: Putting file file-0-25930e3036f13852cb0b29694bbab611-nt/nt.44.nsq into workspace
2019/11/22 20:05:54.96 #|1574453154.969127566|00#| work_queue_worker[1] debug: File of size 928 MB will lower available disk space (885 MB) below threshold (0 MB).
2019/11/22 20:05:54.96 #|1574453154.969136767|00#| work_queue_worker[1] wq: Could not put file file-0-25930e3036f13852cb0b29694bbab611-nt/nt.44.nsq, not enough disk space (974099786 bytes needed)
2019/11/22 20:05:54.96 #|1574453154.969148799|00#| work_queue_worker[1] wq: cleaning workspace /tmp/worker-0-1
2019/11/22 20:05:55.02 #|1574453155.24611191|00#| work_queue_worker[1] wq: disconnecting from master 10.0.105.17:1026
2019/11/22 20:05:55.02 #|1574453155.24802441|00#| work_queue_worker[1] tcp: disconnected from 10.0.105.17 port 1026
2019/11/22 20:05:55.02 #|1574453155.24816934|00#| work_queue_worker[1] wq: killing all outstanding tasks
2019/11/22 20:05:55.02 #|1574453155.24827980|00#| work_queue_worker[1] wq: all data structures are clean
2019/11/22 20:06:01.02 #|1574453161.25305451|00#| work_queue_worker[1] debug: error reading disk usage on directory: ./cache.
2019/11/22 20:06:01.02 #|1574453161.25342310|00#| work_queue_worker[1] dns: looking up name master
2019/11/22 20:06:01.02 #|1574453161.25677872|00#| work_queue_worker[1] dns: master is 10.0.105.17
2019/11/22 20:06:01.02 #|1574453161.25712478|00#| work_queue_worker[1] tcp: connecting to 10.0.105.17 port 1026
2019/11/22 20:06:01.02 #|1574453161.25882486|00#| work_queue_worker[1] tcp: made connection to 10.0.105.17 port 1026
2019/11/22 20:06:01.02 #|1574453161.25900847|00#| work_queue_worker[1] wq: connected to master master:1026 via local address 10.0.105.11:58200
2019/11/22 20:06:01.02 #|1574453161.25910265|00#| work_queue_worker[1] wq: preparing workspace /tmp/worker-0-1
2019/11/22 20:06:01.02 #|1574453161.26027298|00#| work_queue_worker[1] dns: looking up name f41d97f0c9dc
2019/11/22 20:06:01.02 #|1574453161.26059743|00#| work_queue_worker[1] dns: f41d97f0c9dc is 10.0.105.11
2019/11/22 20:06:01.02 #|1574453161.26070872|00#| work_queue_worker[1] dns: looking up addr 10.0.105.11
2019/11/22 20:06:01.02 #|1574453161.26090567|00#| work_queue_worker[1] dns: 10.0.105.11 is f41d97f0c9dc
2019/11/22 20:06:01.02 #|1574453161.26099720|00#| work_queue_worker[1] dns: finding my hostname: uname = f41d97f0c9dc, address = 10.0.105.11, hostname = f41d97f0c9dc
2019/11/22 20:06:01.02 #|1574453161.26109682|00#| work_queue_worker[1] wq: tx to master: workqueue 8 f41d97f0c9dc Linux x86_64 8.0.0
2019/11/22 20:06:01.02 #|1574453161.26177317|00#| work_queue_worker[1] wq: tx to master: info worker-id worker-cc16a17efc144f64fa5b776f68e79dbd
2019/11/22 20:06:01.02 #|1574453161.26232489|00#| work_queue_worker[1] wq: tx to master: alive
2019/11/22 20:06:01.02 #|1574453161.26283132|00#| work_queue_worker[1] wq: Sending resource description to master:
2019/11/22 20:06:01.02 #|1574453161.26295615|00#| work_queue_worker[1] wq:  workers      0 inuse      1 total      1 smallest      1 largest
2019/11/22 20:06:01.02 #|1574453161.26343912|00#| work_queue_worker[1] wq:     disk      0 inuse   1101 total   1101 smallest   1101 largest
2019/11/22 20:06:01.02 #|1574453161.26395764|00#| work_queue_worker[1] wq:   memory      0 inuse  11908 total  11908 smallest  11908 largest
2019/11/22 20:06:01.02 #|1574453161.26446907|00#| work_queue_worker[1] wq:     gpus      0 inuse      0 total      0 smallest      0 largest
2019/11/22 20:06:01.02 #|1574453161.26496596|00#| work_queue_worker[1] wq:    cores      0 inuse      1 total      1 smallest      1 largest
2019/11/22 20:06:01.02 #|1574453161.26609864|00#| work_queue_worker[1] wq: tx to master: info end_of_resource_update 0
2019/11/22 20:06:01.02 #|1574453161.26662851|00#| work_queue_worker[1] wq: tx to master: info tasks_running 0
2019/11/22 20:06:01.02 #|1574453161.26712677|00#| work_queue_worker[1] wq: working for master at 10.0.105.17:1026.
2019/11/22 20:06:01.02 #|1574453161.27922989|00#| work_queue_worker[1] wq: rx from master: put file-0-25930e3036f13852cb0b29694bbab611-nt/taxdb.bti 14920392 0644 1
2019/11/22 20:06:01.02 #|1574453161.27964137|00#| work_queue_worker[1] wq: Putting file file-0-25930e3036f13852cb0b29694bbab611-nt/taxdb.bti into workspace
2019/11/22 20:06:01.04 #|1574453161.48832543|00#| work_queue_worker[1] wq: rx from master: put file-0-25930e3036f13852cb0b29694bbab611-nt/nt.nal 752 0644 1
2019/11/22 20:06:01.04 #|1574453161.48878323|00#| work_queue_worker[1] wq: Putting file file-0-25930e3036f13852cb0b29694bbab611-nt/nt.nal into workspace
2019/11/22 20:06:01.04 #|1574453161.48970332|00#| work_queue_worker[1] wq: rx from master: put file-0-25930e3036f13852cb0b29694bbab611-nt/nt.44.nni 27220 0644 1
2019/11/22 20:06:01.04 #|1574453161.48998007|00#| work_queue_worker[1] wq: Putting file file-0-25930e3036f13852cb0b29694bbab611-nt/nt.44.nni into workspace
2019/11/22 20:06:01.04 #|1574453161.49199857|00#| work_queue_worker[1] wq: rx from master: put file-0-25930e3036f13852cb0b29694bbab611-nt/nt.44.nog 3378248 0644 1
2019/11/22 20:06:01.04 #|1574453161.49226741|00#| work_queue_worker[1] wq: Putting file file-0-25930e3036f13852cb0b29694bbab611-nt/nt.44.nog into workspace
2019/11/22 20:06:01.05 #|1574453161.54226327|00#| work_queue_worker[1] wq: rx from master: put file-0-25930e3036f13852cb0b29694bbab611-nt/taxdb.btd 141628361 0644 1
2019/11/22 20:06:01.05 #|1574453161.54269270|00#| work_queue_worker[1] wq: Putting file file-0-25930e3036f13852cb0b29694bbab611-nt/taxdb.btd into workspace
2019/11/22 20:06:01.23 #|1574453161.239105211|00#| work_queue_worker[1] wq: rx from master: put file-0-25930e3036f13852cb0b29694bbab611-nt/nt.44.nhr 148534336 0644 1
2019/11/22 20:06:01.23 #|1574453161.239151832|00#| work_queue_worker[1] wq: Putting file file-0-25930e3036f13852cb0b29694bbab611-nt/nt.44.nhr into workspace
2019/11/22 20:06:01.43 #|1574453161.431356025|00#| work_queue_worker[1] wq: rx from master: put file-0-25930e3036f13852cb0b29694bbab611-nt/nt.44.nhi 338004 0644 1
2019/11/22 20:06:01.43 #|1574453161.431400080|00#| work_queue_worker[1] wq: Putting file file-0-25930e3036f13852cb0b29694bbab611-nt/nt.44.nhi into workspace
2019/11/22 20:06:01.43 #|1574453161.431948839|00#| work_queue_worker[1] wq: rx from master: put file-0-25930e3036f13852cb0b29694bbab611-nt/nt.44.nnd 6955488 0644 1
2019/11/22 20:06:01.43 #|1574453161.431972927|00#| work_queue_worker[1] wq: Putting file file-0-25930e3036f13852cb0b29694bbab611-nt/nt.44.nnd into workspace
2019/11/22 20:06:01.44 #|1574453161.440927740|00#| work_queue_worker[1] wq: rx from master: put file-0-25930e3036f13852cb0b29694bbab611-nt/nt.44.nhd 14869748 0644 1
2019/11/22 20:06:01.44 #|1574453161.440975365|00#| work_queue_worker[1] wq: Putting file file-0-25930e3036f13852cb0b29694bbab611-nt/nt.44.nhd into workspace
2019/11/22 20:06:01.46 #|1574453161.460127679|00#| work_queue_worker[1] wq: rx from master: put file-0-25930e3036f13852cb0b29694bbab611-nt/nt.44.nsq 974099786 0644 1
2019/11/22 20:06:01.46 #|1574453161.460171709|00#| work_queue_worker[1] wq: Putting file file-0-25930e3036f13852cb0b29694bbab611-nt/nt.44.nsq into workspace
2019/11/22 20:06:01.46 #|1574453161.460185656|00#| work_queue_worker[1] debug: File of size 928 MB will lower available disk space (885 MB) below threshold (0 MB).
2019/11/22 20:06:01.46 #|1574453161.460194320|00#| work_queue_worker[1] wq: Could not put file file-0-25930e3036f13852cb0b29694bbab611-nt/nt.44.nsq, not enough disk space (974099786 bytes needed)
2019/11/22 20:06:01.46 #|1574453161.460205845|00#| work_queue_worker[1] wq: cleaning workspace /tmp/worker-0-1
2019/11/22 20:06:01.51 #|1574453161.515962414|00#| work_queue_worker[1] wq: disconnecting from master 10.0.105.17:1026
2019/11/22 20:06:01.51 #|1574453161.516147366|00#| work_queue_worker[1] tcp: disconnected from 10.0.105.17 port 1026
2019/11/22 20:06:01.51 #|1574453161.516161882|00#| work_queue_worker[1] wq: killing all outstanding tasks
2019/11/22 20:06:01.51 #|1574453161.516172460|00#| work_queue_worker[1] wq: all data structures are clean
2019/11/22 20:06:07.51 #|1574453167.516629931|00#| work_queue_worker[1] debug: error reading disk usage on directory: ./cache.
2019/11/22 20:06:07.51 #|1574453167.516681807|00#| work_queue_worker[1] tcp: connecting to 10.0.105.17 port 1026
2019/11/22 20:06:07.51 #|1574453167.516872230|00#| work_queue_worker[1] tcp: made connection to 10.0.105.17 port 1026
2019/11/22 20:06:07.51 #|1574453167.516891002|00#| work_queue_worker[1] wq: connected to master master:1026 via local address 10.0.105.11:58214
2019/11/22 20:06:07.51 #|1574453167.516900188|00#| work_queue_worker[1] wq: preparing workspace /tmp/worker-0-1
2019/11/22 20:06:07.51 #|1574453167.517011091|00#| work_queue_worker[1] dns: finding my hostname: uname = f41d97f0c9dc, address = 10.0.105.11, hostname = f41d97f0c9dc
2019/11/22 20:06:07.51 #|1574453167.517037380|00#| work_queue_worker[1] wq: tx to master: workqueue 8 f41d97f0c9dc Linux x86_64 8.0.0
2019/11/22 20:06:07.51 #|1574453167.517100922|00#| work_queue_worker[1] wq: tx to master: info worker-id worker-cc16a17efc144f64fa5b776f68e79dbd
2019/11/22 20:06:07.51 #|1574453167.517154762|00#| work_queue_worker[1] wq: tx to master: alive
2019/11/22 20:06:07.51 #|1574453167.517204202|00#| work_queue_worker[1] wq: Sending resource description to master:
2019/11/22 20:06:07.51 #|1574453167.517216193|00#| work_queue_worker[1] wq:  workers      0 inuse      1 total      1 smallest      1 largest
2019/11/22 20:06:07.51 #|1574453167.517263652|00#| work_queue_worker[1] wq:     disk      0 inuse   1101 total   1101 smallest   1101 largest
2019/11/22 20:06:07.51 #|1574453167.517313133|00#| work_queue_worker[1] wq:   memory      0 inuse  11908 total  11908 smallest  11908 largest
2019/11/22 20:06:07.51 #|1574453167.517362839|00#| work_queue_worker[1] wq:     gpus      0 inuse      0 total      0 smallest      0 largest
2019/11/22 20:06:07.51 #|1574453167.517412307|00#| work_queue_worker[1] wq:    cores      0 inuse      1 total      1 smallest      1 largest
2019/11/22 20:06:07.51 #|1574453167.517490204|00#| work_queue_worker[1] wq: tx to master: info end_of_resource_update 0
2019/11/22 20:06:07.51 #|1574453167.517540060|00#| work_queue_worker[1] wq: tx to master: info tasks_running 0
2019/11/22 20:06:07.51 #|1574453167.517588328|00#| work_queue_worker[1] wq: working for master at 10.0.105.17:1026.
2019/11/22 20:06:07.51 #|1574453167.518757719|00#| work_queue_worker[1] wq: rx from master: put file-0-25930e3036f13852cb0b29694bbab611-nt/taxdb.bti 14920392 0644 1
2019/11/22 20:06:07.51 #|1574453167.518800444|00#| work_queue_worker[1] wq: Putting file file-0-25930e3036f13852cb0b29694bbab611-nt/taxdb.bti into workspace
2019/11/22 20:06:07.53 #|1574453167.539704207|00#| work_queue_worker[1] wq: rx from master: put file-0-25930e3036f13852cb0b29694bbab611-nt/nt.nal 752 0644 1
2019/11/22 20:06:07.53 #|1574453167.539749569|00#| work_queue_worker[1] wq: Putting file file-0-25930e3036f13852cb0b29694bbab611-nt/nt.nal into workspace
2019/11/22 20:06:07.53 #|1574453167.539843728|00#| work_queue_worker[1] wq: rx from master: put file-0-25930e3036f13852cb0b29694bbab611-nt/nt.44.nni 27220 0644 1
2019/11/22 20:06:07.53 #|1574453167.539865308|00#| work_queue_worker[1] wq: Putting file file-0-25930e3036f13852cb0b29694bbab611-nt/nt.44.nni into workspace
2019/11/22 20:06:07.53 #|1574453167.539995528|00#| work_queue_worker[1] wq: rx from master: put file-0-25930e3036f13852cb0b29694bbab611-nt/nt.44.nog 3378248 0644 1
2019/11/22 20:06:07.54 #|1574453167.540020008|00#| work_queue_worker[1] wq: Putting file file-0-25930e3036f13852cb0b29694bbab611-nt/nt.44.nog into workspace
2019/11/22 20:06:07.54 #|1574453167.544938037|00#| work_queue_worker[1] wq: rx from master: put file-0-25930e3036f13852cb0b29694bbab611-nt/taxdb.btd 141628361 0644 1
2019/11/22 20:06:07.54 #|1574453167.544980820|00#| work_queue_worker[1] wq: Putting file file-0-25930e3036f13852cb0b29694bbab611-nt/taxdb.btd into workspace
2019/11/22 20:06:07.72 #|1574453167.728628785|00#| work_queue_worker[1] wq: rx from master: put file-0-25930e3036f13852cb0b29694bbab611-nt/nt.44.nhr 148534336 0644 1
2019/11/22 20:06:07.72 #|1574453167.728673111|00#| work_queue_worker[1] wq: Putting file file-0-25930e3036f13852cb0b29694bbab611-nt/nt.44.nhr into workspace
2019/11/22 20:06:07.92 #|1574453167.921310925|00#| work_queue_worker[1] wq: rx from master: put file-0-25930e3036f13852cb0b29694bbab611-nt/nt.44.nhi 338004 0644 1
2019/11/22 20:06:07.92 #|1574453167.921355280|00#| work_queue_worker[1] wq: Putting file file-0-25930e3036f13852cb0b29694bbab611-nt/nt.44.nhi into workspace
2019/11/22 20:06:07.92 #|1574453167.921880470|00#| work_queue_worker[1] wq: rx from master: put file-0-25930e3036f13852cb0b29694bbab611-nt/nt.44.nnd 6955488 0644 1
2019/11/22 20:06:07.92 #|1574453167.921904326|00#| work_queue_worker[1] wq: Putting file file-0-25930e3036f13852cb0b29694bbab611-nt/nt.44.nnd into workspace
2019/11/22 20:06:07.93 #|1574453167.931031454|00#| work_queue_worker[1] wq: rx from master: put file-0-25930e3036f13852cb0b29694bbab611-nt/nt.44.nhd 14869748 0644 1
2019/11/22 20:06:07.93 #|1574453167.931074861|00#| work_queue_worker[1] wq: Putting file file-0-25930e3036f13852cb0b29694bbab611-nt/nt.44.nhd into workspace
2019/11/22 20:06:07.95 #|1574453167.950360470|00#| work_queue_worker[1] wq: rx from master: put file-0-25930e3036f13852cb0b29694bbab611-nt/nt.44.nsq 974099786 0644 1
2019/11/22 20:06:07.95 #|1574453167.950405276|00#| work_queue_worker[1] wq: Putting file file-0-25930e3036f13852cb0b29694bbab611-nt/nt.44.nsq into workspace
2019/11/22 20:06:07.95 #|1574453167.950418877|00#| work_queue_worker[1] debug: File of size 928 MB will lower available disk space (885 MB) below threshold (0 MB).
2019/11/22 20:06:07.95 #|1574453167.950427731|00#| work_queue_worker[1] wq: Could not put file file-0-25930e3036f13852cb0b29694bbab611-nt/nt.44.nsq, not enough disk space (974099786 bytes needed)
2019/11/22 20:06:07.95 #|1574453167.950439358|00#| work_queue_worker[1] wq: cleaning workspace /tmp/worker-0-1
2019/11/22 20:06:08.00 #|1574453168.6231153|00#| work_queue_worker[1] wq: disconnecting from master 10.0.105.17:1026
2019/11/22 20:06:08.00 #|1574453168.6422356|00#| work_queue_worker[1] tcp: disconnected from 10.0.105.17 port 1026
2019/11/22 20:06:08.00 #|1574453168.6436612|00#| work_queue_worker[1] wq: killing all outstanding tasks
2019/11/22 20:06:08.00 #|1574453168.6447479|00#| work_queue_worker[1] wq: all data structures are clean
2019/11/22 20:06:14.00 #|1574453174.6846211|00#| work_queue_worker[1] debug: error reading disk usage on directory: ./cache.
2019/11/22 20:06:14.00 #|1574453174.6897333|00#| work_queue_worker[1] tcp: connecting to 10.0.105.17 port 1026
2019/11/22 20:06:14.00 #|1574453174.7086600|00#| work_queue_worker[1] tcp: made connection to 10.0.105.17 port 1026
2019/11/22 20:06:14.00 #|1574453174.7105372|00#| work_queue_worker[1] wq: connected to master master:1026 via local address 10.0.105.11:58228
2019/11/22 20:06:14.00 #|1574453174.7114634|00#| work_queue_worker[1] wq: preparing workspace /tmp/worker-0-1
2019/11/22 20:06:14.00 #|1574453174.7229536|00#| work_queue_worker[1] dns: finding my hostname: uname = f41d97f0c9dc, address = 10.0.105.11, hostname = f41d97f0c9dc
2019/11/22 20:06:14.00 #|1574453174.7242687|00#| work_queue_worker[1] wq: tx to master: workqueue 8 f41d97f0c9dc Linux x86_64 8.0.0
2019/11/22 20:06:14.00 #|1574453174.7306163|00#| work_queue_worker[1] wq: tx to master: info worker-id worker-cc16a17efc144f64fa5b776f68e79dbd
2019/11/22 20:06:14.00 #|1574453174.7359651|00#| work_queue_worker[1] wq: tx to master: alive
2019/11/22 20:06:14.00 #|1574453174.7408808|00#| work_queue_worker[1] wq: Sending resource description to master:
2019/11/22 20:06:14.00 #|1574453174.7421003|00#| work_queue_worker[1] wq:  workers      0 inuse      1 total      1 smallest      1 largest
2019/11/22 20:06:14.00 #|1574453174.7468548|00#| work_queue_worker[1] wq:     disk      0 inuse   1101 total   1101 smallest   1101 largest
2019/11/22 20:06:14.00 #|1574453174.7517841|00#| work_queue_worker[1] wq:   memory      0 inuse  11908 total  11908 smallest  11908 largest
2019/11/22 20:06:14.00 #|1574453174.7567722|00#| work_queue_worker[1] wq:     gpus      0 inuse      0 total      0 smallest      0 largest
2019/11/22 20:06:14.00 #|1574453174.7616569|00#| work_queue_worker[1] wq:    cores      0 inuse      1 total      1 smallest      1 largest
2019/11/22 20:06:14.00 #|1574453174.7694245|00#| work_queue_worker[1] wq: tx to master: info end_of_resource_update 0
2019/11/22 20:06:14.00 #|1574453174.7743504|00#| work_queue_worker[1] wq: tx to master: info tasks_running 0
2019/11/22 20:06:14.00 #|1574453174.7791774|00#| work_queue_worker[1] wq: working for master at 10.0.105.17:1026.
2019/11/22 20:06:14.00 #|1574453174.8908060|00#| work_queue_worker[1] wq: rx from master: put file-0-25930e3036f13852cb0b29694bbab611-nt/taxdb.bti 14920392 0644 1
2019/11/22 20:06:14.00 #|1574453174.8959877|00#| work_queue_worker[1] wq: Putting file file-0-25930e3036f13852cb0b29694bbab611-nt/taxdb.bti into workspace
2019/11/22 20:06:14.03 #|1574453174.30278947|00#| work_queue_worker[1] wq: rx from master: put file-0-25930e3036f13852cb0b29694bbab611-nt/nt.nal 752 0644 1
2019/11/22 20:06:14.03 #|1574453174.30321844|00#| work_queue_worker[1] wq: Putting file file-0-25930e3036f13852cb0b29694bbab611-nt/nt.nal into workspace
2019/11/22 20:06:14.03 #|1574453174.30412083|00#| work_queue_worker[1] wq: rx from master: put file-0-25930e3036f13852cb0b29694bbab611-nt/nt.44.nni 27220 0644 1
2019/11/22 20:06:14.03 #|1574453174.30433059|00#| work_queue_worker[1] wq: Putting file file-0-25930e3036f13852cb0b29694bbab611-nt/nt.44.nni into workspace
2019/11/22 20:06:14.03 #|1574453174.30687371|00#| work_queue_worker[1] wq: rx from master: put file-0-25930e3036f13852cb0b29694bbab611-nt/nt.44.nog 3378248 0644 1
2019/11/22 20:06:14.03 #|1574453174.30714790|00#| work_queue_worker[1] wq: Putting file file-0-25930e3036f13852cb0b29694bbab611-nt/nt.44.nog into workspace
2019/11/22 20:06:14.03 #|1574453174.35426626|00#| work_queue_worker[1] wq: rx from master: put file-0-25930e3036f13852cb0b29694bbab611-nt/taxdb.btd 141628361 0644 1
2019/11/22 20:06:14.03 #|1574453174.35468877|00#| work_queue_worker[1] wq: Putting file file-0-25930e3036f13852cb0b29694bbab611-nt/taxdb.btd into workspace
2019/11/22 20:06:14.22 #|1574453174.222462300|00#| work_queue_worker[1] wq: rx from master: put file-0-25930e3036f13852cb0b29694bbab611-nt/nt.44.nhr 148534336 0644 1
2019/11/22 20:06:14.22 #|1574453174.222534009|00#| work_queue_worker[1] wq: Putting file file-0-25930e3036f13852cb0b29694bbab611-nt/nt.44.nhr into workspace
2019/11/22 20:06:14.41 #|1574453174.415139777|00#| work_queue_worker[1] wq: rx from master: put file-0-25930e3036f13852cb0b29694bbab611-nt/nt.44.nhi 338004 0644 1
2019/11/22 20:06:14.41 #|1574453174.415184336|00#| work_queue_worker[1] wq: Putting file file-0-25930e3036f13852cb0b29694bbab611-nt/nt.44.nhi into workspace
2019/11/22 20:06:14.41 #|1574453174.415739700|00#| work_queue_worker[1] wq: rx from master: put file-0-25930e3036f13852cb0b29694bbab611-nt/nt.44.nnd 6955488 0644 1
2019/11/22 20:06:14.41 #|1574453174.415764069|00#| work_queue_worker[1] wq: Putting file file-0-25930e3036f13852cb0b29694bbab611-nt/nt.44.nnd into workspace
2019/11/22 20:06:14.42 #|1574453174.424813897|00#| work_queue_worker[1] wq: rx from master: put file-0-25930e3036f13852cb0b29694bbab611-nt/nt.44.nhd 14869748 0644 1
2019/11/22 20:06:14.42 #|1574453174.424862232|00#| work_queue_worker[1] wq: Putting file file-0-25930e3036f13852cb0b29694bbab611-nt/nt.44.nhd into workspace
2019/11/22 20:06:14.44 #|1574453174.444119237|00#| work_queue_worker[1] wq: rx from master: put file-0-25930e3036f13852cb0b29694bbab611-nt/nt.44.nsq 974099786 0644 1
2019/11/22 20:06:14.44 #|1574453174.444163934|00#| work_queue_worker[1] wq: Putting file file-0-25930e3036f13852cb0b29694bbab611-nt/nt.44.nsq into workspace
2019/11/22 20:06:14.44 #|1574453174.444177760|00#| work_queue_worker[1] debug: File of size 928 MB will lower available disk space (885 MB) below threshold (0 MB).
2019/11/22 20:06:14.44 #|1574453174.444186556|00#| work_queue_worker[1] wq: Could not put file file-0-25930e3036f13852cb0b29694bbab611-nt/nt.44.nsq, not enough disk space (974099786 bytes needed)
2019/11/22 20:06:14.44 #|1574453174.444198278|00#| work_queue_worker[1] wq: cleaning workspace /tmp/worker-0-1
2019/11/22 20:06:14.49 #|1574453174.499804154|00#| work_queue_worker[1] wq: disconnecting from master 10.0.105.17:1026
2019/11/22 20:06:14.49 #|1574453174.499995785|00#| work_queue_worker[1] tcp: disconnected from 10.0.105.17 port 1026
2019/11/22 20:06:14.50 #|1574453174.500009707|00#| work_queue_worker[1] wq: killing all outstanding tasks
2019/11/22 20:06:14.50 #|1574453174.500020503|00#| work_queue_worker[1] wq: all data structures are clean
2019/11/22 20:06:20.50 #|1574453180.500467084|00#| work_queue_worker[1] debug: error reading disk usage on directory: ./cache.
2019/11/22 20:06:20.50 #|1574453180.500537574|00#| work_queue_worker[1] tcp: connecting to 10.0.105.17 port 1026
2019/11/22 20:06:20.50 #|1574453180.500729706|00#| work_queue_worker[1] tcp: made connection to 10.0.105.17 port 1026
2019/11/22 20:06:20.50 #|1574453180.500748380|00#| work_queue_worker[1] wq: connected to master master:1026 via local address 10.0.105.11:58242
2019/11/22 20:06:20.50 #|1574453180.500757721|00#| work_queue_worker[1] wq: preparing workspace /tmp/worker-0-1
2019/11/22 20:06:20.50 #|1574453180.500869932|00#| work_queue_worker[1] dns: finding my hostname: uname = f41d97f0c9dc, address = 10.0.105.11, hostname = f41d97f0c9dc
2019/11/22 20:06:20.50 #|1574453180.500883087|00#| work_queue_worker[1] wq: tx to master: workqueue 8 f41d97f0c9dc Linux x86_64 8.0.0
2019/11/22 20:06:20.50 #|1574453180.500946761|00#| work_queue_worker[1] wq: tx to master: info worker-id worker-cc16a17efc144f64fa5b776f68e79dbd
2019/11/22 20:06:20.50 #|1574453180.501000763|00#| work_queue_worker[1] wq: tx to master: alive
2019/11/22 20:06:20.50 #|1574453180.501051527|00#| work_queue_worker[1] wq: Sending resource description to master:
2019/11/22 20:06:20.50 #|1574453180.501063882|00#| work_queue_worker[1] wq:  workers      0 inuse      1 total      1 smallest      1 largest
2019/11/22 20:06:20.50 #|1574453180.501110946|00#| work_queue_worker[1] wq:     disk      0 inuse   1100 total   1100 smallest   1100 largest
2019/11/22 20:06:20.50 #|1574453180.501161226|00#| work_queue_worker[1] wq:   memory      0 inuse  11908 total  11908 smallest  11908 largest
2019/11/22 20:06:20.50 #|1574453180.501210659|00#| work_queue_worker[1] wq:     gpus      0 inuse      0 total      0 smallest      0 largest
2019/11/22 20:06:20.50 #|1574453180.501259623|00#| work_queue_worker[1] wq:    cores      0 inuse      1 total      1 smallest      1 largest
2019/11/22 20:06:20.50 #|1574453180.501337988|00#| work_queue_worker[1] wq: tx to master: info end_of_resource_update 0
2019/11/22 20:06:20.50 #|1574453180.501387021|00#| work_queue_worker[1] wq: tx to master: info tasks_running 0
2019/11/22 20:06:20.50 #|1574453180.501436646|00#| work_queue_worker[1] wq: working for master at 10.0.105.17:1026.
2019/11/22 20:06:20.50 #|1574453180.501864591|00#| work_queue_worker[1] wq: rx from master: put file-0-25930e3036f13852cb0b29694bbab611-nt/taxdb.bti 14920392 0644 1
2019/11/22 20:06:20.50 #|1574453180.501904246|00#| work_queue_worker[1] wq: Putting file file-0-25930e3036f13852cb0b29694bbab611-nt/taxdb.bti into workspace
2019/11/22 20:06:20.52 #|1574453180.522471096|00#| work_queue_worker[1] wq: rx from master: put file-0-25930e3036f13852cb0b29694bbab611-nt/nt.nal 752 0644 1
2019/11/22 20:06:20.52 #|1574453180.522542099|00#| work_queue_worker[1] wq: Putting file file-0-25930e3036f13852cb0b29694bbab611-nt/nt.nal into workspace
2019/11/22 20:06:20.52 #|1574453180.522637567|00#| work_queue_worker[1] wq: rx from master: put file-0-25930e3036f13852cb0b29694bbab611-nt/nt.44.nni 27220 0644 1
2019/11/22 20:06:20.52 #|1574453180.522659776|00#| work_queue_worker[1] wq: Putting file file-0-25930e3036f13852cb0b29694bbab611-nt/nt.44.nni into workspace
2019/11/22 20:06:20.52 #|1574453180.522917670|00#| work_queue_worker[1] wq: rx from master: put file-0-25930e3036f13852cb0b29694bbab611-nt/nt.44.nog 3378248 0644 1
2019/11/22 20:06:20.52 #|1574453180.522944849|00#| work_queue_worker[1] wq: Putting file file-0-25930e3036f13852cb0b29694bbab611-nt/nt.44.nog into workspace
2019/11/22 20:06:20.52 #|1574453180.527909208|00#| work_queue_worker[1] wq: rx from master: put file-0-25930e3036f13852cb0b29694bbab611-nt/taxdb.btd 141628361 0644 1
2019/11/22 20:06:20.52 #|1574453180.527952081|00#| work_queue_worker[1] wq: Putting file file-0-25930e3036f13852cb0b29694bbab611-nt/taxdb.btd into workspace
2019/11/22 20:06:20.71 #|1574453180.710311750|00#| work_queue_worker[1] wq: rx from master: put file-0-25930e3036f13852cb0b29694bbab611-nt/nt.44.nhr 148534336 0644 1
2019/11/22 20:06:20.71 #|1574453180.710356088|00#| work_queue_worker[1] wq: Putting file file-0-25930e3036f13852cb0b29694bbab611-nt/nt.44.nhr into workspace
2019/11/22 20:06:20.90 #|1574453180.902678980|00#| work_queue_worker[1] wq: rx from master: put file-0-25930e3036f13852cb0b29694bbab611-nt/nt.44.nhi 338004 0644 1
2019/11/22 20:06:20.90 #|1574453180.902724979|00#| work_queue_worker[1] wq: Putting file file-0-25930e3036f13852cb0b29694bbab611-nt/nt.44.nhi into workspace
2019/11/22 20:06:20.90 #|1574453180.903266905|00#| work_queue_worker[1] wq: rx from master: put file-0-25930e3036f13852cb0b29694bbab611-nt/nt.44.nnd 6955488 0644 1
2019/11/22 20:06:20.90 #|1574453180.903290963|00#| work_queue_worker[1] wq: Putting file file-0-25930e3036f13852cb0b29694bbab611-nt/nt.44.nnd into workspace
2019/11/22 20:06:20.91 #|1574453180.912728674|00#| work_queue_worker[1] wq: rx from master: put file-0-25930e3036f13852cb0b29694bbab611-nt/nt.44.nhd 14869748 0644 1
2019/11/22 20:06:20.91 #|1574453180.912773200|00#| work_queue_worker[1] wq: Putting file file-0-25930e3036f13852cb0b29694bbab611-nt/nt.44.nhd into workspace
2019/11/22 20:06:20.93 #|1574453180.935385356|00#| work_queue_worker[1] wq: rx from master: put file-0-25930e3036f13852cb0b29694bbab611-nt/nt.44.nsq 974099786 0644 1
2019/11/22 20:06:20.93 #|1574453180.935430051|00#| work_queue_worker[1] wq: Putting file file-0-25930e3036f13852cb0b29694bbab611-nt/nt.44.nsq into workspace
2019/11/22 20:06:20.93 #|1574453180.935443615|00#| work_queue_worker[1] debug: File of size 928 MB will lower available disk space (885 MB) below threshold (0 MB).
2019/11/22 20:06:20.93 #|1574453180.935452165|00#| work_queue_worker[1] wq: Could not put file file-0-25930e3036f13852cb0b29694bbab611-nt/nt.44.nsq, not enough disk space (974099786 bytes needed)
2019/11/22 20:06:20.93 #|1574453180.935463804|00#| work_queue_worker[1] wq: cleaning workspace /tmp/worker-0-1
2019/11/22 20:06:20.99 #|1574453180.991027972|00#| work_queue_worker[1] wq: disconnecting from master 10.0.105.17:1026
2019/11/22 20:06:20.99 #|1574453180.991219882|00#| work_queue_worker[1] tcp: disconnected from 10.0.105.17 port 1026
2019/11/22 20:06:20.99 #|1574453180.991238282|00#| work_queue_worker[1] wq: killing all outstanding tasks
2019/11/22 20:06:20.99 #|1574453180.991253299|00#| work_queue_worker[1] wq: all data structures are clean
2019/11/22 20:06:26.99 #|1574453186.991715921|00#| work_queue_worker[1] debug: error reading disk usage on directory: ./cache.
2019/11/22 20:06:26.99 #|1574453186.991771882|00#| work_queue_worker[1] tcp: connecting to 10.0.105.17 port 1026
2019/11/22 20:06:26.99 #|1574453186.991963754|00#| work_queue_worker[1] tcp: made connection to 10.0.105.17 port 1026
2019/11/22 20:06:26.99 #|1574453186.991982532|00#| work_queue_worker[1] wq: connected to master master:1026 via local address 10.0.105.11:58254
2019/11/22 20:06:26.99 #|1574453186.991992104|00#| work_queue_worker[1] wq: preparing workspace /tmp/worker-0-1
2019/11/22 20:06:26.99 #|1574453186.992107770|00#| work_queue_worker[1] dns: finding my hostname: uname = f41d97f0c9dc, address = 10.0.105.11, hostname = f41d97f0c9dc
2019/11/22 20:06:26.99 #|1574453186.992121362|00#| work_queue_worker[1] wq: tx to master: workqueue 8 f41d97f0c9dc Linux x86_64 8.0.0
2019/11/22 20:06:26.99 #|1574453186.992185172|00#| work_queue_worker[1] wq: tx to master: info worker-id worker-cc16a17efc144f64fa5b776f68e79dbd
2019/11/22 20:06:26.99 #|1574453186.992237580|00#| work_queue_worker[1] wq: tx to master: alive
2019/11/22 20:06:26.99 #|1574453186.992288815|00#| work_queue_worker[1] wq: Sending resource description to master:
2019/11/22 20:06:26.99 #|1574453186.992301269|00#| work_queue_worker[1] wq:  workers      0 inuse      1 total      1 smallest      1 largest
2019/11/22 20:06:26.99 #|1574453186.992348732|00#| work_queue_worker[1] wq:     disk      0 inuse   1100 total   1100 smallest   1100 largest
2019/11/22 20:06:26.99 #|1574453186.992399777|00#| work_queue_worker[1] wq:   memory      0 inuse  11908 total  11908 smallest  11908 largest
2019/11/22 20:06:26.99 #|1574453186.992449768|00#| work_queue_worker[1] wq:     gpus      0 inuse      0 total      0 smallest      0 largest
2019/11/22 20:06:26.99 #|1574453186.992500308|00#| work_queue_worker[1] wq:    cores      0 inuse      1 total      1 smallest      1 largest
2019/11/22 20:06:26.99 #|1574453186.992599797|00#| work_queue_worker[1] wq: tx to master: info end_of_resource_update 0
2019/11/22 20:06:26.99 #|1574453186.992650537|00#| work_queue_worker[1] wq: tx to master: info tasks_running 0
2019/11/22 20:06:26.99 #|1574453186.992700343|00#| work_queue_worker[1] wq: working for master at 10.0.105.17:1026.
2019/11/22 20:06:26.99 #|1574453186.993430302|00#| work_queue_worker[1] wq: rx from master: put file-0-25930e3036f13852cb0b29694bbab611-nt/taxdb.bti 14920392 0644 1
2019/11/22 20:06:26.99 #|1574453186.993470008|00#| work_queue_worker[1] wq: Putting file file-0-25930e3036f13852cb0b29694bbab611-nt/taxdb.bti into workspace
2019/11/22 20:06:27.01 #|1574453187.14953800|00#| work_queue_worker[1] wq: rx from master: put file-0-25930e3036f13852cb0b29694bbab611-nt/nt.nal 752 0644 1
2019/11/22 20:06:27.01 #|1574453187.14993649|00#| work_queue_worker[1] wq: Putting file file-0-25930e3036f13852cb0b29694bbab611-nt/nt.nal into workspace
2019/11/22 20:06:27.01 #|1574453187.15139066|00#| work_queue_worker[1] wq: rx from master: put file-0-25930e3036f13852cb0b29694bbab611-nt/nt.44.nni 27220 0644 1
2019/11/22 20:06:27.01 #|1574453187.15163857|00#| work_queue_worker[1] wq: Putting file file-0-25930e3036f13852cb0b29694bbab611-nt/nt.44.nni into workspace
2019/11/22 20:06:27.01 #|1574453187.15302739|00#| work_queue_worker[1] wq: rx from master: put file-0-25930e3036f13852cb0b29694bbab611-nt/nt.44.nog 3378248 0644 1
2019/11/22 20:06:27.01 #|1574453187.15327598|00#| work_queue_worker[1] wq: Putting file file-0-25930e3036f13852cb0b29694bbab611-nt/nt.44.nog into workspace
2019/11/22 20:06:27.01 #|1574453187.19667745|00#| work_queue_worker[1] wq: rx from master: put file-0-25930e3036f13852cb0b29694bbab611-nt/taxdb.btd 141628361 0644 1
2019/11/22 20:06:27.01 #|1574453187.19703811|00#| work_queue_worker[1] wq: Putting file file-0-25930e3036f13852cb0b29694bbab611-nt/taxdb.btd into workspace
2019/11/22 20:06:27.20 #|1574453187.205477396|00#| work_queue_worker[1] wq: rx from master: put file-0-25930e3036f13852cb0b29694bbab611-nt/nt.44.nhr 148534336 0644 1
2019/11/22 20:06:27.20 #|1574453187.205521556|00#| work_queue_worker[1] wq: Putting file file-0-25930e3036f13852cb0b29694bbab611-nt/nt.44.nhr into workspace
2019/11/22 20:06:27.39 #|1574453187.398100889|00#| work_queue_worker[1] wq: rx from master: put file-0-25930e3036f13852cb0b29694bbab611-nt/nt.44.nhi 338004 0644 1
2019/11/22 20:06:27.39 #|1574453187.398149225|00#| work_queue_worker[1] wq: Putting file file-0-25930e3036f13852cb0b29694bbab611-nt/nt.44.nhi into workspace
2019/11/22 20:06:27.39 #|1574453187.398710562|00#| work_queue_worker[1] wq: rx from master: put file-0-25930e3036f13852cb0b29694bbab611-nt/nt.44.nnd 6955488 0644 1
2019/11/22 20:06:27.39 #|1574453187.398736314|00#| work_queue_worker[1] wq: Putting file file-0-25930e3036f13852cb0b29694bbab611-nt/nt.44.nnd into workspace
2019/11/22 20:06:27.40 #|1574453187.407849016|00#| work_queue_worker[1] wq: rx from master: put file-0-25930e3036f13852cb0b29694bbab611-nt/nt.44.nhd 14869748 0644 1
2019/11/22 20:06:27.40 #|1574453187.407893720|00#| work_queue_worker[1] wq: Putting file file-0-25930e3036f13852cb0b29694bbab611-nt/nt.44.nhd into workspace
2019/11/22 20:06:27.42 #|1574453187.427233556|00#| work_queue_worker[1] wq: rx from master: put file-0-25930e3036f13852cb0b29694bbab611-nt/nt.44.nsq 974099786 0644 1
2019/11/22 20:06:27.42 #|1574453187.427277867|00#| work_queue_worker[1] wq: Putting file file-0-25930e3036f13852cb0b29694bbab611-nt/nt.44.nsq into workspace
2019/11/22 20:06:27.42 #|1574453187.427291584|00#| work_queue_worker[1] debug: File of size 928 MB will lower available disk space (885 MB) below threshold (0 MB).
2019/11/22 20:06:27.42 #|1574453187.427300340|00#| work_queue_worker[1] wq: Could not put file file-0-25930e3036f13852cb0b29694bbab611-nt/nt.44.nsq, not enough disk space (974099786 bytes needed)
2019/11/22 20:06:27.42 #|1574453187.427312034|00#| work_queue_worker[1] wq: cleaning workspace /tmp/worker-0-1
2019/11/22 20:06:27.48 #|1574453187.483105819|00#| work_queue_worker[1] wq: disconnecting from master 10.0.105.17:1026
2019/11/22 20:06:27.48 #|1574453187.483297856|00#| work_queue_worker[1] tcp: disconnected from 10.0.105.17 port 1026
2019/11/22 20:06:27.48 #|1574453187.483312071|00#| work_queue_worker[1] wq: killing all outstanding tasks
2019/11/22 20:06:27.48 #|1574453187.483323021|00#| work_queue_worker[1] wq: all data structures are clean
2019/11/22 20:06:33.48 #|1574453193.483734704|00#| work_queue_worker[1] debug: error reading disk usage on directory: ./cache.
2019/11/22 20:06:33.48 #|1574453193.483784443|00#| work_queue_worker[1] tcp: connecting to 10.0.105.17 port 1026
2019/11/22 20:06:33.48 #|1574453193.483975445|00#| work_queue_worker[1] tcp: made connection to 10.0.105.17 port 1026
2019/11/22 20:06:33.48 #|1574453193.483993888|00#| work_queue_worker[1] wq: connected to master master:1026 via local address 10.0.105.11:58266
2019/11/22 20:06:33.48 #|1574453193.484003083|00#| work_queue_worker[1] wq: preparing workspace /tmp/worker-0-1
2019/11/22 20:06:33.48 #|1574453193.484119101|00#| work_queue_worker[1] dns: finding my hostname: uname = f41d97f0c9dc, address = 10.0.105.11, hostname = f41d97f0c9dc
2019/11/22 20:06:33.48 #|1574453193.484132214|00#| work_queue_worker[1] wq: tx to master: workqueue 8 f41d97f0c9dc Linux x86_64 8.0.0
2019/11/22 20:06:33.48 #|1574453193.484194986|00#| work_queue_worker[1] wq: tx to master: info worker-id worker-cc16a17efc144f64fa5b776f68e79dbd
2019/11/22 20:06:33.48 #|1574453193.484246579|00#| work_queue_worker[1] wq: tx to master: alive
2019/11/22 20:06:33.48 #|1574453193.484297044|00#| work_queue_worker[1] wq: Sending resource description to master:
2019/11/22 20:06:33.48 #|1574453193.484308918|00#| work_queue_worker[1] wq:  workers      0 inuse      1 total      1 smallest      1 largest
2019/11/22 20:06:33.48 #|1574453193.484355723|00#| work_queue_worker[1] wq:     disk      0 inuse   1100 total   1100 smallest   1100 largest
2019/11/22 20:06:33.48 #|1574453193.484405517|00#| work_queue_worker[1] wq:   memory      0 inuse  11908 total  11908 smallest  11908 largest
2019/11/22 20:06:33.48 #|1574453193.484454885|00#| work_queue_worker[1] wq:     gpus      0 inuse      0 total      0 smallest      0 largest
2019/11/22 20:06:33.48 #|1574453193.484503718|00#| work_queue_worker[1] wq:    cores      0 inuse      1 total      1 smallest      1 largest
2019/11/22 20:06:33.48 #|1574453193.484581581|00#| work_queue_worker[1] wq: tx to master: info end_of_resource_update 0
2019/11/22 20:06:33.48 #|1574453193.484630884|00#| work_queue_worker[1] wq: tx to master: info tasks_running 0
2019/11/22 20:06:33.48 #|1574453193.484679714|00#| work_queue_worker[1] wq: working for master at 10.0.105.17:1026.
2019/11/22 20:06:33.48 #|1574453193.485089592|00#| work_queue_worker[1] wq: rx from master: put file-0-25930e3036f13852cb0b29694bbab611-nt/taxdb.bti 14920392 0644 1
2019/11/22 20:06:33.48 #|1574453193.485133815|00#| work_queue_worker[1] wq: Putting file file-0-25930e3036f13852cb0b29694bbab611-nt/taxdb.bti into workspace
2019/11/22 20:06:33.50 #|1574453193.504940418|00#| work_queue_worker[1] wq: rx from master: put file-0-25930e3036f13852cb0b29694bbab611-nt/nt.nal 752 0644 1
2019/11/22 20:06:33.50 #|1574453193.504984707|00#| work_queue_worker[1] wq: Putting file file-0-25930e3036f13852cb0b29694bbab611-nt/nt.nal into workspace
2019/11/22 20:06:33.50 #|1574453193.505073369|00#| work_queue_worker[1] wq: rx from master: put file-0-25930e3036f13852cb0b29694bbab611-nt/nt.44.nni 27220 0644 1
2019/11/22 20:06:33.50 #|1574453193.505094339|00#| work_queue_worker[1] wq: Putting file file-0-25930e3036f13852cb0b29694bbab611-nt/nt.44.nni into workspace
2019/11/22 20:06:33.50 #|1574453193.505284414|00#| work_queue_worker[1] wq: rx from master: put file-0-25930e3036f13852cb0b29694bbab611-nt/nt.44.nog 3378248 0644 1
2019/11/22 20:06:33.50 #|1574453193.505310818|00#| work_queue_worker[1] wq: Putting file file-0-25930e3036f13852cb0b29694bbab611-nt/nt.44.nog into workspace
2019/11/22 20:06:33.51 #|1574453193.510095831|00#| work_queue_worker[1] wq: rx from master: put file-0-25930e3036f13852cb0b29694bbab611-nt/taxdb.btd 141628361 0644 1
2019/11/22 20:06:33.51 #|1574453193.510143087|00#| work_queue_worker[1] wq: Putting file file-0-25930e3036f13852cb0b29694bbab611-nt/taxdb.btd into workspace
2019/11/22 20:06:33.69 #|1574453193.693132098|00#| work_queue_worker[1] wq: rx from master: put file-0-25930e3036f13852cb0b29694bbab611-nt/nt.44.nhr 148534336 0644 1
2019/11/22 20:06:33.69 #|1574453193.693176829|00#| work_queue_worker[1] wq: Putting file file-0-25930e3036f13852cb0b29694bbab611-nt/nt.44.nhr into workspace
2019/11/22 20:06:33.88 #|1574453193.884580313|00#| work_queue_worker[1] wq: rx from master: put file-0-25930e3036f13852cb0b29694bbab611-nt/nt.44.nhi 338004 0644 1
2019/11/22 20:06:33.88 #|1574453193.884624842|00#| work_queue_worker[1] wq: Putting file file-0-25930e3036f13852cb0b29694bbab611-nt/nt.44.nhi into workspace
2019/11/22 20:06:33.88 #|1574453193.885154892|00#| work_queue_worker[1] wq: rx from master: put file-0-25930e3036f13852cb0b29694bbab611-nt/nt.44.nnd 6955488 0644 1
2019/11/22 20:06:33.88 #|1574453193.885179441|00#| work_queue_worker[1] wq: Putting file file-0-25930e3036f13852cb0b29694bbab611-nt/nt.44.nnd into workspace
2019/11/22 20:06:33.89 #|1574453193.894203366|00#| work_queue_worker[1] wq: rx from master: put file-0-25930e3036f13852cb0b29694bbab611-nt/nt.44.nhd 14869748 0644 1
2019/11/22 20:06:33.89 #|1574453193.894247876|00#| work_queue_worker[1] wq: Putting file file-0-25930e3036f13852cb0b29694bbab611-nt/nt.44.nhd into workspace
2019/11/22 20:06:33.91 #|1574453193.913378712|00#| work_queue_worker[1] wq: rx from master: put file-0-25930e3036f13852cb0b29694bbab611-nt/nt.44.nsq 974099786 0644 1
2019/11/22 20:06:33.91 #|1574453193.913423833|00#| work_queue_worker[1] wq: Putting file file-0-25930e3036f13852cb0b29694bbab611-nt/nt.44.nsq into workspace
2019/11/22 20:06:33.91 #|1574453193.913436909|00#| work_queue_worker[1] debug: File of size 928 MB will lower available disk space (885 MB) below threshold (0 MB).
2019/11/22 20:06:33.91 #|1574453193.913445557|00#| work_queue_worker[1] wq: Could not put file file-0-25930e3036f13852cb0b29694bbab611-nt/nt.44.nsq, not enough disk space (974099786 bytes needed)
2019/11/22 20:06:33.91 #|1574453193.913457028|00#| work_queue_worker[1] wq: cleaning workspace /tmp/worker-0-1
2019/11/22 20:06:33.96 #|1574453193.969227841|00#| work_queue_worker[1] wq: disconnecting from master 10.0.105.17:1026
2019/11/22 20:06:33.96 #|1574453193.969412230|00#| work_queue_worker[1] tcp: disconnected from 10.0.105.17 port 1026
2019/11/22 20:06:33.96 #|1574453193.969426474|00#| work_queue_worker[1] wq: killing all outstanding tasks
2019/11/22 20:06:33.96 #|1574453193.969437234|00#| work_queue_worker[1] wq: all data structures are clean
2019/11/22 20:06:39.96 #|1574453199.969898186|00#| work_queue_worker[1] debug: error reading disk usage on directory: ./cache.
2019/11/22 20:06:39.96 #|1574453199.969946484|00#| work_queue_worker[1] tcp: connecting to 10.0.105.17 port 1026
2019/11/22 20:06:39.97 #|1574453199.970121915|00#| work_queue_worker[1] tcp: made connection to 10.0.105.17 port 1026
2019/11/22 20:06:39.97 #|1574453199.970144218|00#| work_queue_worker[1] wq: connected to master master:1026 via local address 10.0.105.11:58280
2019/11/22 20:06:39.97 #|1574453199.970157107|00#| work_queue_worker[1] wq: preparing workspace /tmp/worker-0-1
2019/11/22 20:06:39.97 #|1574453199.970295526|00#| work_queue_worker[1] dns: finding my hostname: uname = f41d97f0c9dc, address = 10.0.105.11, hostname = f41d97f0c9dc
2019/11/22 20:06:39.97 #|1574453199.970309576|00#| work_queue_worker[1] wq: tx to master: workqueue 8 f41d97f0c9dc Linux x86_64 8.0.0
2019/11/22 20:06:39.97 #|1574453199.970383671|00#| work_queue_worker[1] wq: tx to master: info worker-id worker-cc16a17efc144f64fa5b776f68e79dbd
2019/11/22 20:06:39.97 #|1574453199.970453230|00#| work_queue_worker[1] wq: tx to master: alive
2019/11/22 20:06:39.97 #|1574453199.970590583|00#| work_queue_worker[1] wq: Sending resource description to master:
2019/11/22 20:06:39.97 #|1574453199.970625545|00#| work_queue_worker[1] wq:  workers      0 inuse      1 total      1 smallest      1 largest
2019/11/22 20:06:39.97 #|1574453199.970696674|00#| work_queue_worker[1] wq:     disk      0 inuse   1100 total   1100 smallest   1100 largest
2019/11/22 20:06:39.97 #|1574453199.970771870|00#| work_queue_worker[1] wq:   memory      0 inuse  11908 total  11908 smallest  11908 largest
2019/11/22 20:06:39.97 #|1574453199.970846265|00#| work_queue_worker[1] wq:     gpus      0 inuse      0 total      0 smallest      0 largest
2019/11/22 20:06:39.97 #|1574453199.970919627|00#| work_queue_worker[1] wq:    cores      0 inuse      1 total      1 smallest      1 largest
2019/11/22 20:06:39.97 #|1574453199.971043418|00#| work_queue_worker[1] wq: tx to master: info end_of_resource_update 0
2019/11/22 20:06:39.97 #|1574453199.971118583|00#| work_queue_worker[1] wq: tx to master: info tasks_running 0
2019/11/22 20:06:39.97 #|1574453199.971190728|00#| work_queue_worker[1] wq: working for master at 10.0.105.17:1026.
2019/11/22 20:06:52.18 #|1574453212.186347120|00#| work_queue_worker[1] wq: rx from master: release
2019/11/22 20:06:52.18 #|1574453212.186374588|00#| work_queue_worker[1] wq: released by master 10.0.105.17:1026.
2019/11/22 20:06:52.18 #|1574453212.186393184|00#| work_queue_worker[1] wq: cleaning workspace /tmp/worker-0-1
2019/11/22 20:06:52.18 #|1574453212.186500797|00#| work_queue_worker[1] wq: disconnecting from master 10.0.105.17:1026
2019/11/22 20:06:52.18 #|1574453212.186605292|00#| work_queue_worker[1] tcp: disconnected from 10.0.105.17 port 1026
2019/11/22 20:06:52.18 #|1574453212.186620697|00#| work_queue_worker[1] wq: killing all outstanding tasks
2019/11/22 20:06:52.18 #|1574453212.186630488|00#| work_queue_worker[1] wq: all data structures are clean
2019/11/22 20:06:53.18 #|1574453213.186727886|00#| work_queue_worker[1] tcp: connecting to 10.0.105.17 port 1026
