2019/11/22 20:06:13.27 #|1574453173.276083023|00#| work_queue_worker[1] debug: /root/cctools/bin/work_queue_worker version 8.0.0 DEVELOPMENT (released 2019-11-14 15:35:16 +0000)
2019/11/22 20:06:13.27 #|1574453173.276234215|00#| work_queue_worker[1] debug: Built by root@7e9ecba79f43 on 2019-11-14 15:35:16 +0000
2019/11/22 20:06:13.27 #|1574453173.276250813|00#| work_queue_worker[1] debug: System: Linux 7e9ecba79f43 5.0.0-32-generic #34~18.04.2-Ubuntu SMP Thu Oct 10 10:36:02 UTC 2019 x86_64 x86_64 x86_64 GNU/Linux
2019/11/22 20:06:13.27 #|1574453173.276264222|00#| work_queue_worker[1] debug: Configuration: --prefix /root/cctools
2019/11/22 20:06:13.27 #|1574453173.276509204|00#| work_queue_worker[1] wq: WORK_QUEUE_SANDBOX set to /tmp/worker-0-1.
2019/11/22 20:06:13.27 #|1574453173.277163863|00#| work_queue_worker[1] debug: error reading disk usage on directory: ./cache.
2019/11/22 20:06:13.27 #|1574453173.277215190|00#| work_queue_worker[1] dns: looking up name master
2019/11/22 20:06:13.27 #|1574453173.279614177|00#| work_queue_worker[1] dns: couldn't look up master: Name or service not known
2019/11/22 20:06:15.27 #|1574453175.279799109|00#| work_queue_worker[1] dns: looking up name master
2019/11/22 20:06:15.28 #|1574453175.282687916|00#| work_queue_worker[1] dns: couldn't look up master: Name or service not known
2019/11/22 20:06:17.28 #|1574453177.282949801|00#| work_queue_worker[1] dns: looking up name master
2019/11/22 20:06:17.28 #|1574453177.286051889|00#| work_queue_worker[1] dns: couldn't look up master: Name or service not known
2019/11/22 20:06:19.30 #|1574453179.303931173|00#| work_queue_worker[1] debug: error reading disk usage on directory: ./cache.
2019/11/22 20:06:19.30 #|1574453179.304065156|00#| work_queue_worker[1] dns: looking up name master
2019/11/22 20:06:19.30 #|1574453179.306228765|00#| work_queue_worker[1] dns: couldn't look up master: Name or service not known
2019/11/22 20:06:21.30 #|1574453181.306435478|00#| work_queue_worker[1] dns: looking up name master
2019/11/22 20:06:21.30 #|1574453181.307539450|00#| work_queue_worker[1] dns: master is 10.0.105.17
2019/11/22 20:06:21.30 #|1574453181.307691948|00#| work_queue_worker[1] tcp: connecting to 10.0.105.17 port 1026
2019/11/22 20:06:21.30 #|1574453181.308604970|00#| work_queue_worker[1] tcp: made connection to 10.0.105.17 port 1026
2019/11/22 20:06:21.30 #|1574453181.308692073|00#| work_queue_worker[1] wq: connected to master master:1026 via local address 10.0.105.5:43954
2019/11/22 20:06:21.30 #|1574453181.308737186|00#| work_queue_worker[1] wq: preparing workspace /tmp/worker-0-1
2019/11/22 20:06:21.30 #|1574453181.309110820|00#| work_queue_worker[1] dns: looking up name d1af27f27d7f
2019/11/22 20:06:21.30 #|1574453181.309245160|00#| work_queue_worker[1] dns: d1af27f27d7f is 10.0.105.5
2019/11/22 20:06:21.30 #|1574453181.309275850|00#| work_queue_worker[1] dns: looking up addr 10.0.105.5
2019/11/22 20:06:21.30 #|1574453181.309340064|00#| work_queue_worker[1] dns: 10.0.105.5 is d1af27f27d7f
2019/11/22 20:06:21.30 #|1574453181.309365776|00#| work_queue_worker[1] dns: finding my hostname: uname = d1af27f27d7f, address = 10.0.105.5, hostname = d1af27f27d7f
2019/11/22 20:06:21.30 #|1574453181.309389964|00#| work_queue_worker[1] wq: tx to master: workqueue 8 d1af27f27d7f Linux x86_64 8.0.0
2019/11/22 20:06:21.30 #|1574453181.309523777|00#| work_queue_worker[1] wq: tx to master: info worker-id worker-75f188345b30b1ad2241811dad544443
2019/11/22 20:06:21.30 #|1574453181.309634276|00#| work_queue_worker[1] wq: tx to master: alive
2019/11/22 20:06:21.30 #|1574453181.309752389|00#| work_queue_worker[1] wq: Sending resource description to master:
2019/11/22 20:06:21.30 #|1574453181.309797298|00#| work_queue_worker[1] wq:  workers      0 inuse      1 total      1 smallest      1 largest
2019/11/22 20:06:21.30 #|1574453181.309909585|00#| work_queue_worker[1] wq:     disk      0 inuse 183125 total 183125 smallest 183125 largest
2019/11/22 20:06:21.31 #|1574453181.310025400|00#| work_queue_worker[1] wq:   memory      0 inuse   7749 total   7749 smallest   7749 largest
2019/11/22 20:06:21.31 #|1574453181.310200934|00#| work_queue_worker[1] wq:     gpus      0 inuse      0 total      0 smallest      0 largest
2019/11/22 20:06:21.31 #|1574453181.310324493|00#| work_queue_worker[1] wq:    cores      0 inuse      1 total      1 smallest      1 largest
2019/11/22 20:06:21.31 #|1574453181.310539444|00#| work_queue_worker[1] wq: tx to master: info end_of_resource_update 0
2019/11/22 20:06:21.31 #|1574453181.310678989|00#| work_queue_worker[1] wq: tx to master: info tasks_running 0
2019/11/22 20:06:21.31 #|1574453181.310809938|00#| work_queue_worker[1] wq: working for master at 10.0.105.17:1026.
2019/11/22 20:06:34.02 #|1574453194.26104225|00#| work_queue_worker[1] wq: rx from master: put file-0-25930e3036f13852cb0b29694bbab611-nt/taxdb.bti 14920392 0644 1
2019/11/22 20:06:34.02 #|1574453194.26430433|00#| work_queue_worker[1] wq: Putting file file-0-25930e3036f13852cb0b29694bbab611-nt/taxdb.bti into workspace
2019/11/22 20:06:35.67 #|1574453195.678390834|00#| work_queue_worker[1] wq: rx from master: put file-0-25930e3036f13852cb0b29694bbab611-nt/nt.nal 752 0644 1
2019/11/22 20:06:35.67 #|1574453195.678495136|00#| work_queue_worker[1] wq: Putting file file-0-25930e3036f13852cb0b29694bbab611-nt/nt.nal into workspace
2019/11/22 20:06:35.67 #|1574453195.678648691|00#| work_queue_worker[1] wq: rx from master: put file-0-25930e3036f13852cb0b29694bbab611-nt/nt.44.nni 27220 0644 1
2019/11/22 20:06:35.67 #|1574453195.678697705|00#| work_queue_worker[1] wq: Putting file file-0-25930e3036f13852cb0b29694bbab611-nt/nt.44.nni into workspace
2019/11/22 20:06:35.68 #|1574453195.680803832|00#| work_queue_worker[1] wq: rx from master: put file-0-25930e3036f13852cb0b29694bbab611-nt/nt.44.nog 3378248 0644 1
2019/11/22 20:06:35.68 #|1574453195.680863849|00#| work_queue_worker[1] wq: Putting file file-0-25930e3036f13852cb0b29694bbab611-nt/nt.44.nog into workspace
2019/11/22 20:06:35.97 #|1574453195.978222630|00#| work_queue_worker[1] wq: rx from master: put file-0-25930e3036f13852cb0b29694bbab611-nt/taxdb.btd 141628361 0644 1
2019/11/22 20:06:35.97 #|1574453195.978341090|00#| work_queue_worker[1] wq: Putting file file-0-25930e3036f13852cb0b29694bbab611-nt/taxdb.btd into workspace
2019/11/22 20:06:48.40 #|1574453208.407474888|00#| work_queue_worker[1] wq: Failed to put file - file-0-25930e3036f13852cb0b29694bbab611-nt/taxdb.btd (Resource temporarily unavailable)
2019/11/22 20:06:48.42 #|1574453208.428216150|00#| work_queue_worker[1] wq: cleaning workspace /tmp/worker-0-1
2019/11/22 20:06:48.46 #|1574453208.464663593|00#| work_queue_worker[1] wq: disconnecting from master 10.0.105.17:1026
2019/11/22 20:06:48.46 #|1574453208.464798367|00#| work_queue_worker[1] tcp: disconnected from 10.0.105.17 port 1026
2019/11/22 20:06:48.46 #|1574453208.464816192|00#| work_queue_worker[1] wq: killing all outstanding tasks
2019/11/22 20:06:48.46 #|1574453208.464837042|00#| work_queue_worker[1] wq: all data structures are clean
2019/11/22 20:06:54.48 #|1574453214.483873277|00#| work_queue_worker[1] debug: error reading disk usage on directory: ./cache.
2019/11/22 20:06:54.48 #|1574453214.484019455|00#| work_queue_worker[1] tcp: connecting to 10.0.105.17 port 1026
2019/11/22 20:06:54.70 #|1574453214.706214146|00#| work_queue_worker[1] tcp: made connection to 10.0.105.17 port 1026
2019/11/22 20:06:54.70 #|1574453214.706283608|00#| work_queue_worker[1] wq: connected to master master:1026 via local address 10.0.105.5:43970
2019/11/22 20:06:54.70 #|1574453214.706319252|00#| work_queue_worker[1] wq: preparing workspace /tmp/worker-0-1
2019/11/22 20:06:54.70 #|1574453214.706619104|00#| work_queue_worker[1] dns: finding my hostname: uname = d1af27f27d7f, address = 10.0.105.5, hostname = d1af27f27d7f
2019/11/22 20:06:54.70 #|1574453214.706673408|00#| work_queue_worker[1] wq: tx to master: workqueue 8 d1af27f27d7f Linux x86_64 8.0.0
2019/11/22 20:06:54.70 #|1574453214.706774528|00#| work_queue_worker[1] wq: tx to master: info worker-id worker-75f188345b30b1ad2241811dad544443
2019/11/22 20:06:54.70 #|1574453214.706879255|00#| work_queue_worker[1] wq: tx to master: alive
2019/11/22 20:06:54.70 #|1574453214.706988325|00#| work_queue_worker[1] wq: Sending resource description to master:
2019/11/22 20:06:54.70 #|1574453214.707028739|00#| work_queue_worker[1] wq:  workers      0 inuse      1 total      1 smallest      1 largest
2019/11/22 20:06:54.70 #|1574453214.707115484|00#| work_queue_worker[1] wq:     disk      0 inuse 183215 total 183215 smallest 183215 largest
2019/11/22 20:06:54.70 #|1574453214.707219676|00#| work_queue_worker[1] wq:   memory      0 inuse   7749 total   7749 smallest   7749 largest
2019/11/22 20:06:54.70 #|1574453214.707312588|00#| work_queue_worker[1] wq:     gpus      0 inuse      0 total      0 smallest      0 largest
2019/11/22 20:06:54.70 #|1574453214.707470208|00#| work_queue_worker[1] wq:    cores      0 inuse      1 total      1 smallest      1 largest
2019/11/22 20:06:54.70 #|1574453214.707606605|00#| work_queue_worker[1] wq: tx to master: info end_of_resource_update 0
2019/11/22 20:06:54.70 #|1574453214.707701410|00#| work_queue_worker[1] wq: tx to master: info tasks_running 0
2019/11/22 20:06:54.70 #|1574453214.707733976|00#| work_queue_worker[1] wq: working for master at 10.0.105.17:1026.
2019/11/22 20:08:21.08 #|1574453301.84779264|00#| work_queue_worker[1] wq: Failed to read from master.
2019/11/22 20:08:21.08 #|1574453301.84898330|00#| work_queue_worker[1] wq: cleaning workspace /tmp/worker-0-1
2019/11/22 20:08:21.08 #|1574453301.85305992|00#| work_queue_worker[1] wq: disconnecting from master 10.0.105.17:1026
2019/11/22 20:08:21.08 #|1574453301.85404849|00#| work_queue_worker[1] tcp: disconnected from 10.0.105.17 port 1026
2019/11/22 20:08:21.08 #|1574453301.85442352|00#| work_queue_worker[1] wq: killing all outstanding tasks
2019/11/22 20:08:21.08 #|1574453301.85480441|00#| work_queue_worker[1] wq: all data structures are clean
2019/11/22 20:08:27.08 #|1574453307.86187798|00#| work_queue_worker[1] debug: error reading disk usage on directory: ./cache.
2019/11/22 20:08:27.08 #|1574453307.86322474|00#| work_queue_worker[1] tcp: connecting to 10.0.105.17 port 1026
2019/11/22 20:08:27.09 #|1574453307.91957632|00#| work_queue_worker[1] tcp: made connection to 10.0.105.17 port 1026
2019/11/22 20:08:27.09 #|1574453307.92011661|00#| work_queue_worker[1] wq: connected to master master:1026 via local address 10.0.105.5:43990
2019/11/22 20:08:27.09 #|1574453307.92052054|00#| work_queue_worker[1] wq: preparing workspace /tmp/worker-0-1
2019/11/22 20:08:27.09 #|1574453307.92428228|00#| work_queue_worker[1] dns: finding my hostname: uname = d1af27f27d7f, address = 10.0.105.5, hostname = d1af27f27d7f
2019/11/22 20:08:27.09 #|1574453307.92480401|00#| work_queue_worker[1] wq: tx to master: workqueue 8 d1af27f27d7f Linux x86_64 8.0.0
2019/11/22 20:08:27.09 #|1574453307.92631903|00#| work_queue_worker[1] wq: tx to master: info worker-id worker-75f188345b30b1ad2241811dad544443
2019/11/22 20:08:27.09 #|1574453307.92748623|00#| work_queue_worker[1] wq: tx to master: alive
2019/11/22 20:08:27.09 #|1574453307.92877591|00#| work_queue_worker[1] wq: Sending resource description to master:
2019/11/22 20:08:27.09 #|1574453307.92915905|00#| work_queue_worker[1] wq:  workers      0 inuse      1 total      1 smallest      1 largest
2019/11/22 20:08:27.09 #|1574453307.93025793|00#| work_queue_worker[1] wq:     disk      0 inuse 182059 total 182059 smallest 182059 largest
2019/11/22 20:08:27.09 #|1574453307.93139760|00#| work_queue_worker[1] wq:   memory      0 inuse   7749 total   7749 smallest   7749 largest
2019/11/22 20:08:27.09 #|1574453307.93267859|00#| work_queue_worker[1] wq:     gpus      0 inuse      0 total      0 smallest      0 largest
2019/11/22 20:08:27.09 #|1574453307.93399336|00#| work_queue_worker[1] wq:    cores      0 inuse      1 total      1 smallest      1 largest
2019/11/22 20:08:27.09 #|1574453307.93575552|00#| work_queue_worker[1] wq: tx to master: info end_of_resource_update 0
2019/11/22 20:08:27.09 #|1574453307.93694174|00#| work_queue_worker[1] wq: tx to master: info tasks_running 0
2019/11/22 20:08:27.09 #|1574453307.93749244|00#| work_queue_worker[1] wq: working for master at 10.0.105.17:1026.
2019/11/22 20:12:53.59 #|1574453573.590432719|00#| work_queue_worker[1] wq: rx from master: put file-0-25930e3036f13852cb0b29694bbab611-nt/taxdb.bti 14920392 0644 1
2019/11/22 20:12:53.59 #|1574453573.590680100|00#| work_queue_worker[1] wq: Putting file file-0-25930e3036f13852cb0b29694bbab611-nt/taxdb.bti into workspace
2019/11/22 20:12:54.90 #|1574453574.905133385|00#| work_queue_worker[1] wq: rx from master: put file-0-25930e3036f13852cb0b29694bbab611-nt/nt.nal 752 0644 1
2019/11/22 20:12:54.90 #|1574453574.905255446|00#| work_queue_worker[1] wq: Putting file file-0-25930e3036f13852cb0b29694bbab611-nt/nt.nal into workspace
2019/11/22 20:12:54.90 #|1574453574.905436028|00#| work_queue_worker[1] wq: rx from master: put file-0-25930e3036f13852cb0b29694bbab611-nt/nt.44.nni 27220 0644 1
2019/11/22 20:12:54.90 #|1574453574.905501208|00#| work_queue_worker[1] wq: Putting file file-0-25930e3036f13852cb0b29694bbab611-nt/nt.44.nni into workspace
2019/11/22 20:12:54.90 #|1574453574.907578537|00#| work_queue_worker[1] wq: rx from master: put file-0-25930e3036f13852cb0b29694bbab611-nt/nt.44.nog 3378248 0644 1
2019/11/22 20:12:54.90 #|1574453574.907662639|00#| work_queue_worker[1] wq: Putting file file-0-25930e3036f13852cb0b29694bbab611-nt/nt.44.nog into workspace
2019/11/22 20:12:55.20 #|1574453575.205118944|00#| work_queue_worker[1] wq: rx from master: put file-0-25930e3036f13852cb0b29694bbab611-nt/taxdb.btd 141628361 0644 1
2019/11/22 20:12:55.20 #|1574453575.205227995|00#| work_queue_worker[1] wq: Putting file file-0-25930e3036f13852cb0b29694bbab611-nt/taxdb.btd into workspace
2019/11/22 20:13:07.68 #|1574453587.681167305|00#| work_queue_worker[1] wq: rx from master: put file-0-25930e3036f13852cb0b29694bbab611-nt/nt.44.nhr 148534336 0644 1
2019/11/22 20:13:07.68 #|1574453587.681277016|00#| work_queue_worker[1] wq: Putting file file-0-25930e3036f13852cb0b29694bbab611-nt/nt.44.nhr into workspace
2019/11/22 20:13:20.78 #|1574453600.788096266|00#| work_queue_worker[1] wq: rx from master: put file-0-25930e3036f13852cb0b29694bbab611-nt/nt.44.nhi 338004 0644 1
2019/11/22 20:13:20.78 #|1574453600.788199712|00#| work_queue_worker[1] wq: Putting file file-0-25930e3036f13852cb0b29694bbab611-nt/nt.44.nhi into workspace
2019/11/22 20:13:20.80 #|1574453600.800033799|00#| work_queue_worker[1] wq: rx from master: put file-0-25930e3036f13852cb0b29694bbab611-nt/nt.44.nnd 6955488 0644 1
2019/11/22 20:13:20.80 #|1574453600.800142781|00#| work_queue_worker[1] wq: Putting file file-0-25930e3036f13852cb0b29694bbab611-nt/nt.44.nnd into workspace
2019/11/22 20:13:21.41 #|1574453601.412893142|00#| work_queue_worker[1] wq: rx from master: put file-0-25930e3036f13852cb0b29694bbab611-nt/nt.44.nhd 14869748 0644 1
2019/11/22 20:13:21.41 #|1574453601.413020445|00#| work_queue_worker[1] wq: Putting file file-0-25930e3036f13852cb0b29694bbab611-nt/nt.44.nhd into workspace
2019/11/22 20:13:22.72 #|1574453602.723353832|00#| work_queue_worker[1] wq: rx from master: put file-0-25930e3036f13852cb0b29694bbab611-nt/nt.44.nsq 974099786 0644 1
2019/11/22 20:13:22.72 #|1574453602.723566782|00#| work_queue_worker[1] wq: Putting file file-0-25930e3036f13852cb0b29694bbab611-nt/nt.44.nsq into workspace
2019/11/22 20:14:48.56 #|1574453688.566235521|00#| work_queue_worker[1] wq: rx from master: put file-0-25930e3036f13852cb0b29694bbab611-nt/nt.44.nin 10134740 0644 1
2019/11/22 20:14:48.56 #|1574453688.567740837|00#| work_queue_worker[1] wq: Putting file file-0-25930e3036f13852cb0b29694bbab611-nt/nt.44.nin into workspace
2019/11/22 20:14:49.43 #|1574453689.435903232|00#| work_queue_worker[1] wq: rx from master: put file-0-25930e3036f13852cb0b29694bbab611-nt/nt.44.nsi 764650 0644 1
2019/11/22 20:14:49.43 #|1574453689.436054932|00#| work_queue_worker[1] wq: Putting file file-0-25930e3036f13852cb0b29694bbab611-nt/nt.44.nsi into workspace
2019/11/22 20:14:49.50 #|1574453689.503250095|00#| work_queue_worker[1] wq: rx from master: put file-0-25930e3036f13852cb0b29694bbab611-nt/nt.44.nsd 33299557 0644 1
2019/11/22 20:14:49.50 #|1574453689.503355868|00#| work_queue_worker[1] wq: Putting file file-0-25930e3036f13852cb0b29694bbab611-nt/nt.44.nsd into workspace
2019/11/22 20:14:52.43 #|1574453692.434030668|00#| work_queue_worker[1] wq: rx from master: put file-0-e046ec692c0ced962d3265bfe7245360-test.fasta.14 10120 0644 1
2019/11/22 20:14:52.43 #|1574453692.434144690|00#| work_queue_worker[1] wq: Putting file file-0-e046ec692c0ced962d3265bfe7245360-test.fasta.14 into workspace
2019/11/22 20:14:52.43 #|1574453692.436432042|00#| work_queue_worker[1] wq: rx from master: put file-0-daa9c57850b857b80eefebbca6aa18ce-blastall 7687410 0755 1
2019/11/22 20:14:52.43 #|1574453692.436508188|00#| work_queue_worker[1] wq: Putting file file-0-daa9c57850b857b80eefebbca6aa18ce-blastall into workspace
2019/11/22 20:14:53.11 #|1574453693.112107396|00#| work_queue_worker[1] wq: rx from master: task 6
2019/11/22 20:14:53.11 #|1574453693.112537257|00#| work_queue_worker[1] wq: rx from master: cmd 88
2019/11/22 20:14:53.11 #|1574453693.112589287|00#| work_queue_worker[1] wq: rx from master: ./blastall -p blastn -d nt/nt -i test.fasta.14 -o test.fasta.14.out 2> test.fasta.14.err
2019/11/22 20:14:53.11 #|1574453693.112634140|00#| work_queue_worker[1] wq: rx from master: category default
2019/11/22 20:14:53.11 #|1574453693.112659015|00#| work_queue_worker[1] wq: rx from master: cores 1
2019/11/22 20:14:53.11 #|1574453693.112683308|00#| work_queue_worker[1] wq: rx from master: memory 7749
2019/11/22 20:14:53.11 #|1574453693.112706884|00#| work_queue_worker[1] wq: rx from master: disk 182059
2019/11/22 20:14:53.11 #|1574453693.112729879|00#| work_queue_worker[1] wq: rx from master: gpus 0
2019/11/22 20:14:53.11 #|1574453693.112753684|00#| work_queue_worker[1] wq: rx from master: end_time 18446744073709551615
2019/11/22 20:14:53.11 #|1574453693.112778948|00#| work_queue_worker[1] wq: rx from master: wall_time 18446744073709551615
2019/11/22 20:14:53.11 #|1574453693.112802238|00#| work_queue_worker[1] wq: rx from master: env 7
2019/11/22 20:14:53.11 #|1574453693.112830508|00#| work_queue_worker[1] wq: rx from master: env 17
2019/11/22 20:14:53.11 #|1574453693.112857478|00#| work_queue_worker[1] wq: rx from master: infile file-0-25930e3036f13852cb0b29694bbab611-nt nt 1
2019/11/22 20:14:53.11 #|1574453693.112969281|00#| work_queue_worker[1] wq: rx from master: infile file-0-e046ec692c0ced962d3265bfe7245360-test.fasta.14 test.fasta.14 1
2019/11/22 20:14:53.11 #|1574453693.113015405|00#| work_queue_worker[1] wq: rx from master: infile file-0-daa9c57850b857b80eefebbca6aa18ce-blastall blastall 1
2019/11/22 20:14:53.11 #|1574453693.113055132|00#| work_queue_worker[1] wq: rx from master: outfile file-0-5904a03317e7e6566913b82983b96829-test.fasta.14.err test.fasta.14.err 1
2019/11/22 20:14:53.11 #|1574453693.113097667|00#| work_queue_worker[1] wq: rx from master: outfile file-0-6e7fd2228b2f7120a5a28bea1aa8b41f-test.fasta.14.out test.fasta.14.out 1
2019/11/22 20:14:53.11 #|1574453693.113136623|00#| work_queue_worker[1] wq: rx from master: end
2019/11/22 20:14:53.11 #|1574453693.114939445|00#| work_queue_worker[1] wq: linking cache/file-0-25930e3036f13852cb0b29694bbab611-nt to /tmp/worker-0-1/t.6/nt
2019/11/22 20:14:53.11 #|1574453693.115580935|00#| work_queue_worker[1] wq: linking cache/file-0-e046ec692c0ced962d3265bfe7245360-test.fasta.14 to /tmp/worker-0-1/t.6/test.fasta.14
2019/11/22 20:14:53.11 #|1574453693.115672026|00#| work_queue_worker[1] wq: linking cache/file-0-daa9c57850b857b80eefebbca6aa18ce-blastall to /tmp/worker-0-1/t.6/blastall
2019/11/22 20:14:53.11 #|1574453693.115736743|00#| work_queue_worker[1] wq: Waiting task 6 has been forsaken.
2019/11/22 20:14:53.11 #|1574453693.115766173|00#| work_queue_worker[1] wq: tx to master: alive
2019/11/22 20:14:53.11 #|1574453693.115865823|00#| work_queue_worker[1] wq: Sending resource description to master:
2019/11/22 20:14:53.11 #|1574453693.115891379|00#| work_queue_worker[1] wq:  workers      0 inuse      1 total      1 smallest      1 largest
2019/11/22 20:14:53.11 #|1574453693.115977888|00#| work_queue_worker[1] wq:     disk   1294 inuse 179195 total 179195 smallest 179195 largest
2019/11/22 20:14:53.11 #|1574453693.116030485|00#| work_queue_worker[1] wq:   memory      0 inuse   7749 total   7749 smallest   7749 largest
2019/11/22 20:14:53.11 #|1574453693.116076205|00#| work_queue_worker[1] wq:     gpus      0 inuse      0 total      0 smallest      0 largest
2019/11/22 20:14:53.11 #|1574453693.116179755|00#| work_queue_worker[1] wq:    cores      0 inuse      1 total      1 smallest      1 largest
2019/11/22 20:14:53.11 #|1574453693.116276428|00#| work_queue_worker[1] wq: tx to master: info end_of_resource_update 0
2019/11/22 20:14:53.11 #|1574453693.116393209|00#| work_queue_worker[1] wq: tx to master: info tasks_running 0
2019/11/22 20:14:53.11 #|1574453693.116427842|00#| work_queue_worker[1] wq: tx to master: info tasks_running 0
2019/11/22 20:14:53.11 #|1574453693.116465050|00#| work_queue_worker[1] wq: tx to master: available_results
2019/11/22 20:14:54.00 #|1574453694.7951914|00#| work_queue_worker[1] wq: rx from master: check
2019/11/22 20:14:54.00 #|1574453694.8137121|00#| work_queue_worker[1] wq: tx to master: alive
2019/11/22 20:14:54.00 #|1574453694.8562105|00#| work_queue_worker[1] wq: tx to master: info tasks_running 0
2019/11/22 20:14:54.01 #|1574453694.15752640|00#| work_queue_worker[1] wq: rx from master: send_results -1
2019/11/22 20:14:54.01 #|1574453694.15854118|00#| work_queue_worker[1] wq: tx to master: result 40 0 0 0 6
2019/11/22 20:14:54.01 #|1574453694.16049348|00#| work_queue_worker[1] wq: tx to master: info tasks_running 0
2019/11/22 20:14:54.01 #|1574453694.16201125|00#| work_queue_worker[1] wq: tx to master: end
2019/11/22 20:14:55.07 #|1574453695.72013079|00#| work_queue_worker[1] wq: rx from master: put file-0-e12986ebc464dac7f0b0058f77809607-test.fasta.17 10120 0644 1
2019/11/22 20:14:55.07 #|1574453695.72195432|00#| work_queue_worker[1] wq: Putting file file-0-e12986ebc464dac7f0b0058f77809607-test.fasta.17 into workspace
2019/11/22 20:14:55.07 #|1574453695.73150204|00#| work_queue_worker[1] wq: rx from master: task 3
2019/11/22 20:14:55.07 #|1574453695.73213461|00#| work_queue_worker[1] wq: rx from master: cmd 88
2019/11/22 20:14:55.07 #|1574453695.73297430|00#| work_queue_worker[1] wq: rx from master: ./blastall -p blastn -d nt/nt -i test.fasta.17 -o test.fasta.17.out 2> test.fasta.17.err
2019/11/22 20:14:55.07 #|1574453695.73326156|00#| work_queue_worker[1] wq: rx from master: category default
2019/11/22 20:14:55.07 #|1574453695.73351981|00#| work_queue_worker[1] wq: rx from master: cores 1
2019/11/22 20:14:55.07 #|1574453695.73377493|00#| work_queue_worker[1] wq: rx from master: memory 7749
2019/11/22 20:14:55.07 #|1574453695.73402296|00#| work_queue_worker[1] wq: rx from master: disk 179195
2019/11/22 20:14:55.07 #|1574453695.73426942|00#| work_queue_worker[1] wq: rx from master: gpus 0
2019/11/22 20:14:55.07 #|1574453695.73452324|00#| work_queue_worker[1] wq: rx from master: end_time 18446744073709551615
2019/11/22 20:14:55.07 #|1574453695.73479312|00#| work_queue_worker[1] wq: rx from master: wall_time 18446744073709551615
2019/11/22 20:14:55.07 #|1574453695.73504379|00#| work_queue_worker[1] wq: rx from master: env 7
2019/11/22 20:14:55.07 #|1574453695.73534732|00#| work_queue_worker[1] wq: rx from master: env 17
2019/11/22 20:14:55.07 #|1574453695.73563734|00#| work_queue_worker[1] wq: rx from master: infile file-0-25930e3036f13852cb0b29694bbab611-nt nt 1
2019/11/22 20:14:55.07 #|1574453695.73610358|00#| work_queue_worker[1] wq: rx from master: infile file-0-e12986ebc464dac7f0b0058f77809607-test.fasta.17 test.fasta.17 1
2019/11/22 20:14:55.07 #|1574453695.73654646|00#| work_queue_worker[1] wq: rx from master: infile file-0-daa9c57850b857b80eefebbca6aa18ce-blastall blastall 1
2019/11/22 20:14:55.07 #|1574453695.73696094|00#| work_queue_worker[1] wq: rx from master: outfile file-0-a129512727b8611dd481b510083b1e5a-test.fasta.17.err test.fasta.17.err 1
2019/11/22 20:14:55.07 #|1574453695.73790169|00#| work_queue_worker[1] wq: rx from master: outfile file-0-31cc3d9edc6c94c4f306d137aed5bbf6-test.fasta.17.out test.fasta.17.out 1
2019/11/22 20:14:55.07 #|1574453695.73871184|00#| work_queue_worker[1] wq: rx from master: end
2019/11/22 20:14:55.07 #|1574453695.74159843|00#| work_queue_worker[1] wq: linking cache/file-0-25930e3036f13852cb0b29694bbab611-nt to /tmp/worker-0-1/t.3/nt
2019/11/22 20:14:55.07 #|1574453695.74753332|00#| work_queue_worker[1] wq: linking cache/file-0-e12986ebc464dac7f0b0058f77809607-test.fasta.17 to /tmp/worker-0-1/t.3/test.fasta.17
2019/11/22 20:14:55.07 #|1574453695.74839643|00#| work_queue_worker[1] wq: linking cache/file-0-daa9c57850b857b80eefebbca6aa18ce-blastall to /tmp/worker-0-1/t.3/blastall
2019/11/22 20:14:55.07 #|1574453695.75302391|00#| work_queue_worker[1] wq: started process 9: ./blastall -p blastn -d nt/nt -i test.fasta.17 -o test.fasta.17.out 2> test.fasta.17.err
2019/11/22 20:14:55.07 #|1574453695.75508377|00#| work_queue_worker[1] wq: tx to master: info tasks_running 1
2019/11/22 20:15:15.80 #|1574453715.809727450|00#| work_queue_worker[1] wq: task 3 (pid 9) exited normally with exit code 0
2019/11/22 20:15:15.80 #|1574453715.809926126|00#| work_queue_worker[1] wq: moving output file from /tmp/worker-0-1/t.3/test.fasta.17.err to cache/file-0-a129512727b8611dd481b510083b1e5a-test.fasta.17.err
2019/11/22 20:15:15.81 #|1574453715.810048512|00#| work_queue_worker[1] wq: moving output file from /tmp/worker-0-1/t.3/test.fasta.17.out to cache/file-0-31cc3d9edc6c94c4f306d137aed5bbf6-test.fasta.17.out
2019/11/22 20:15:15.81 #|1574453715.810129108|00#| work_queue_worker[1] wq: tx to master: available_results
2019/11/22 20:15:15.81 #|1574453715.810655097|00#| work_queue_worker[1] wq: rx from master: send_results -1
2019/11/22 20:15:15.81 #|1574453715.810695137|00#| work_queue_worker[1] wq: tx to master: result 0 0 0 20734938 3
2019/11/22 20:15:15.81 #|1574453715.810761382|00#| work_queue_worker[1] wq: tx to master: info tasks_running 0
2019/11/22 20:15:15.81 #|1574453715.810812360|00#| work_queue_worker[1] wq: tx to master: end
2019/11/22 20:15:15.81 #|1574453715.811324603|00#| work_queue_worker[1] wq: rx from master: get file-0-a129512727b8611dd481b510083b1e5a-test.fasta.17.err 1
2019/11/22 20:15:15.81 #|1574453715.811363559|00#| work_queue_worker[1] wq: tx to master: file file-0-a129512727b8611dd481b510083b1e5a-test.fasta.17.err 0
2019/11/22 20:15:15.81 #|1574453715.811477589|00#| work_queue_worker[1] wq: tx to master: end
2019/11/22 20:15:15.81 #|1574453715.812047298|00#| work_queue_worker[1] wq: rx from master: get file-0-31cc3d9edc6c94c4f306d137aed5bbf6-test.fasta.17.out 1
2019/11/22 20:15:15.81 #|1574453715.812082884|00#| work_queue_worker[1] wq: tx to master: file file-0-31cc3d9edc6c94c4f306d137aed5bbf6-test.fasta.17.out 142847
2019/11/22 20:15:15.82 #|1574453715.822344254|00#| work_queue_worker[1] wq: tx to master: end
2019/11/22 20:15:15.82 #|1574453715.825394966|00#| work_queue_worker[1] wq: rx from master: kill 3
2019/11/22 20:15:15.82 #|1574453715.826014124|00#| work_queue_worker[1] wq: rx from master: put file-0-e7f309af480f7b15cfe71180f5284818-test.fasta.16 10120 0644 1
2019/11/22 20:15:15.82 #|1574453715.826056200|00#| work_queue_worker[1] wq: Putting file file-0-e7f309af480f7b15cfe71180f5284818-test.fasta.16 into workspace
2019/11/22 20:15:15.82 #|1574453715.827214492|00#| work_queue_worker[1] wq: rx from master: task 4
2019/11/22 20:15:15.82 #|1574453715.827246595|00#| work_queue_worker[1] wq: rx from master: cmd 88
2019/11/22 20:15:15.82 #|1574453715.827264929|00#| work_queue_worker[1] wq: rx from master: ./blastall -p blastn -d nt/nt -i test.fasta.16 -o test.fasta.16.out 2> test.fasta.16.err
2019/11/22 20:15:15.82 #|1574453715.827278044|00#| work_queue_worker[1] wq: rx from master: category default
2019/11/22 20:15:15.82 #|1574453715.827294992|00#| work_queue_worker[1] wq: rx from master: cores 1
2019/11/22 20:15:15.82 #|1574453715.827309287|00#| work_queue_worker[1] wq: rx from master: memory 7749
2019/11/22 20:15:15.82 #|1574453715.827323168|00#| work_queue_worker[1] wq: rx from master: disk 179195
2019/11/22 20:15:15.82 #|1574453715.827336872|00#| work_queue_worker[1] wq: rx from master: gpus 0
2019/11/22 20:15:15.82 #|1574453715.827358331|00#| work_queue_worker[1] wq: rx from master: end_time 18446744073709551615
2019/11/22 20:15:15.82 #|1574453715.827373084|00#| work_queue_worker[1] wq: rx from master: wall_time 18446744073709551615
2019/11/22 20:15:15.82 #|1574453715.827452392|00#| work_queue_worker[1] wq: rx from master: env 7
2019/11/22 20:15:15.82 #|1574453715.827504200|00#| work_queue_worker[1] wq: rx from master: env 17
2019/11/22 20:15:15.82 #|1574453715.827523644|00#| work_queue_worker[1] wq: rx from master: infile file-0-25930e3036f13852cb0b29694bbab611-nt nt 1
2019/11/22 20:15:15.82 #|1574453715.827553488|00#| work_queue_worker[1] wq: rx from master: infile file-0-e7f309af480f7b15cfe71180f5284818-test.fasta.16 test.fasta.16 1
2019/11/22 20:15:15.82 #|1574453715.827577258|00#| work_queue_worker[1] wq: rx from master: infile file-0-daa9c57850b857b80eefebbca6aa18ce-blastall blastall 1
2019/11/22 20:15:15.82 #|1574453715.827602226|00#| work_queue_worker[1] wq: rx from master: outfile file-0-49428ca6e9788cb4d3ba878e251f88c4-test.fasta.16.err test.fasta.16.err 1
2019/11/22 20:15:15.82 #|1574453715.827625954|00#| work_queue_worker[1] wq: rx from master: outfile file-0-6d79746b10289399b975e24593cae1b2-test.fasta.16.out test.fasta.16.out 1
2019/11/22 20:15:15.82 #|1574453715.827648524|00#| work_queue_worker[1] wq: rx from master: end
2019/11/22 20:15:15.82 #|1574453715.827800682|00#| work_queue_worker[1] wq: linking cache/file-0-25930e3036f13852cb0b29694bbab611-nt to /tmp/worker-0-1/t.4/nt
2019/11/22 20:15:15.82 #|1574453715.828120665|00#| work_queue_worker[1] wq: linking cache/file-0-e7f309af480f7b15cfe71180f5284818-test.fasta.16 to /tmp/worker-0-1/t.4/test.fasta.16
2019/11/22 20:15:15.82 #|1574453715.828167180|00#| work_queue_worker[1] wq: linking cache/file-0-daa9c57850b857b80eefebbca6aa18ce-blastall to /tmp/worker-0-1/t.4/blastall
2019/11/22 20:15:15.82 #|1574453715.828400655|00#| work_queue_worker[1] wq: started process 11: ./blastall -p blastn -d nt/nt -i test.fasta.16 -o test.fasta.16.out 2> test.fasta.16.err
2019/11/22 20:15:15.82 #|1574453715.828447960|00#| work_queue_worker[1] wq: tx to master: info tasks_running 1
2019/11/22 20:15:35.09 #|1574453735.92756954|00#| work_queue_worker[1] wq: task 4 (pid 11) exited normally with exit code 0
2019/11/22 20:15:35.09 #|1574453735.92787231|00#| work_queue_worker[1] wq: moving output file from /tmp/worker-0-1/t.4/test.fasta.16.err to cache/file-0-49428ca6e9788cb4d3ba878e251f88c4-test.fasta.16.err
2019/11/22 20:15:35.09 #|1574453735.92838185|00#| work_queue_worker[1] wq: moving output file from /tmp/worker-0-1/t.4/test.fasta.16.out to cache/file-0-6d79746b10289399b975e24593cae1b2-test.fasta.16.out
2019/11/22 20:15:35.11 #|1574453735.111714500|00#| work_queue_worker[1] wq: tx to master: available_results
2019/11/22 20:15:35.14 #|1574453735.141877662|00#| work_queue_worker[1] wq: rx from master: send_results -1
2019/11/22 20:15:35.14 #|1574453735.141919125|00#| work_queue_worker[1] wq: tx to master: result 0 0 0 19264552 4
2019/11/22 20:15:35.14 #|1574453735.141970361|00#| work_queue_worker[1] wq: tx to master: info tasks_running 0
2019/11/22 20:15:35.14 #|1574453735.142007107|00#| work_queue_worker[1] wq: tx to master: end
2019/11/22 20:15:35.14 #|1574453735.149008135|00#| work_queue_worker[1] wq: rx from master: get file-0-49428ca6e9788cb4d3ba878e251f88c4-test.fasta.16.err 1
2019/11/22 20:15:35.14 #|1574453735.149055420|00#| work_queue_worker[1] wq: tx to master: file file-0-49428ca6e9788cb4d3ba878e251f88c4-test.fasta.16.err 0
2019/11/22 20:15:35.14 #|1574453735.149107817|00#| work_queue_worker[1] wq: tx to master: end
2019/11/22 20:15:35.14 #|1574453735.149507800|00#| work_queue_worker[1] wq: rx from master: get file-0-6d79746b10289399b975e24593cae1b2-test.fasta.16.out 1
2019/11/22 20:15:35.14 #|1574453735.149533627|00#| work_queue_worker[1] wq: tx to master: file file-0-6d79746b10289399b975e24593cae1b2-test.fasta.16.out 21904
2019/11/22 20:15:35.14 #|1574453735.149661653|00#| work_queue_worker[1] wq: tx to master: end
2019/11/22 20:15:35.15 #|1574453735.152249483|00#| work_queue_worker[1] wq: rx from master: kill 4
2019/11/22 20:15:35.15 #|1574453735.157243807|00#| work_queue_worker[1] wq: rx from master: put file-0-c3a7eea4528f3888f4f96bb51f86b0ae-test.fasta.4 10110 0644 1
2019/11/22 20:15:35.15 #|1574453735.157282776|00#| work_queue_worker[1] wq: Putting file file-0-c3a7eea4528f3888f4f96bb51f86b0ae-test.fasta.4 into workspace
2019/11/22 20:15:35.15 #|1574453735.159133058|00#| work_queue_worker[1] wq: rx from master: task 16
2019/11/22 20:15:35.15 #|1574453735.159163310|00#| work_queue_worker[1] wq: rx from master: cmd 85
2019/11/22 20:15:35.15 #|1574453735.159191182|00#| work_queue_worker[1] wq: rx from master: ./blastall -p blastn -d nt/nt -i test.fasta.4 -o test.fasta.4.out 2> test.fasta.4.err
2019/11/22 20:15:35.15 #|1574453735.159206471|00#| work_queue_worker[1] wq: rx from master: category default
2019/11/22 20:15:35.15 #|1574453735.159222035|00#| work_queue_worker[1] wq: rx from master: cores 1
2019/11/22 20:15:35.15 #|1574453735.159238269|00#| work_queue_worker[1] wq: rx from master: memory 7749
2019/11/22 20:15:35.15 #|1574453735.159254118|00#| work_queue_worker[1] wq: rx from master: disk 179195
2019/11/22 20:15:35.15 #|1574453735.159269826|00#| work_queue_worker[1] wq: rx from master: gpus 0
2019/11/22 20:15:35.15 #|1574453735.159285969|00#| work_queue_worker[1] wq: rx from master: end_time 18446744073709551615
2019/11/22 20:15:35.15 #|1574453735.159302826|00#| work_queue_worker[1] wq: rx from master: wall_time 18446744073709551615
2019/11/22 20:15:35.15 #|1574453735.159318706|00#| work_queue_worker[1] wq: rx from master: env 7
2019/11/22 20:15:35.15 #|1574453735.159337488|00#| work_queue_worker[1] wq: rx from master: env 17
2019/11/22 20:15:35.15 #|1574453735.159356095|00#| work_queue_worker[1] wq: rx from master: infile file-0-25930e3036f13852cb0b29694bbab611-nt nt 1
2019/11/22 20:15:35.15 #|1574453735.159422080|00#| work_queue_worker[1] wq: rx from master: infile file-0-c3a7eea4528f3888f4f96bb51f86b0ae-test.fasta.4 test.fasta.4 1
2019/11/22 20:15:35.15 #|1574453735.159452165|00#| work_queue_worker[1] wq: rx from master: infile file-0-daa9c57850b857b80eefebbca6aa18ce-blastall blastall 1
2019/11/22 20:15:35.15 #|1574453735.159478523|00#| work_queue_worker[1] wq: rx from master: outfile file-0-18635fc52bb3486f8a2adce9d09bea64-test.fasta.4.err test.fasta.4.err 1
2019/11/22 20:15:35.15 #|1574453735.159506077|00#| work_queue_worker[1] wq: rx from master: outfile file-0-2ecda4a7153ec50ab6f3ee0f11be83e6-test.fasta.4.out test.fasta.4.out 1
2019/11/22 20:15:35.15 #|1574453735.159532444|00#| work_queue_worker[1] wq: rx from master: end
2019/11/22 20:15:35.15 #|1574453735.159681108|00#| work_queue_worker[1] wq: linking cache/file-0-25930e3036f13852cb0b29694bbab611-nt to /tmp/worker-0-1/t.16/nt
2019/11/22 20:15:35.16 #|1574453735.160053794|00#| work_queue_worker[1] wq: linking cache/file-0-c3a7eea4528f3888f4f96bb51f86b0ae-test.fasta.4 to /tmp/worker-0-1/t.16/test.fasta.4
2019/11/22 20:15:35.16 #|1574453735.160107207|00#| work_queue_worker[1] wq: linking cache/file-0-daa9c57850b857b80eefebbca6aa18ce-blastall to /tmp/worker-0-1/t.16/blastall
2019/11/22 20:15:35.16 #|1574453735.160329032|00#| work_queue_worker[1] wq: started process 13: ./blastall -p blastn -d nt/nt -i test.fasta.4 -o test.fasta.4.out 2> test.fasta.4.err
2019/11/22 20:15:35.16 #|1574453735.160379851|00#| work_queue_worker[1] wq: tx to master: info tasks_running 1
2019/11/22 20:15:50.92 #|1574453750.927077639|00#| work_queue_worker[1] wq: task 16 (pid 13) exited normally with exit code 0
2019/11/22 20:15:50.92 #|1574453750.927128848|00#| work_queue_worker[1] wq: moving output file from /tmp/worker-0-1/t.16/test.fasta.4.err to cache/file-0-18635fc52bb3486f8a2adce9d09bea64-test.fasta.4.err
2019/11/22 20:15:50.92 #|1574453750.927195149|00#| work_queue_worker[1] wq: moving output file from /tmp/worker-0-1/t.16/test.fasta.4.out to cache/file-0-2ecda4a7153ec50ab6f3ee0f11be83e6-test.fasta.4.out
2019/11/22 20:15:50.92 #|1574453750.927239814|00#| work_queue_worker[1] wq: tx to master: available_results
2019/11/22 20:15:50.92 #|1574453750.927756673|00#| work_queue_worker[1] wq: rx from master: send_results -1
2019/11/22 20:15:50.92 #|1574453750.927805131|00#| work_queue_worker[1] wq: tx to master: result 0 0 0 15766938 16
2019/11/22 20:15:50.92 #|1574453750.927867444|00#| work_queue_worker[1] wq: tx to master: info tasks_running 0
2019/11/22 20:15:50.92 #|1574453750.927913784|00#| work_queue_worker[1] wq: tx to master: end
2019/11/22 20:15:50.92 #|1574453750.928377733|00#| work_queue_worker[1] wq: rx from master: get file-0-18635fc52bb3486f8a2adce9d09bea64-test.fasta.4.err 1
2019/11/22 20:15:50.92 #|1574453750.928412995|00#| work_queue_worker[1] wq: tx to master: file file-0-18635fc52bb3486f8a2adce9d09bea64-test.fasta.4.err 0
2019/11/22 20:15:50.92 #|1574453750.928466684|00#| work_queue_worker[1] wq: tx to master: end
2019/11/22 20:15:50.92 #|1574453750.928933251|00#| work_queue_worker[1] wq: rx from master: get file-0-2ecda4a7153ec50ab6f3ee0f11be83e6-test.fasta.4.out 1
2019/11/22 20:15:50.92 #|1574453750.928963675|00#| work_queue_worker[1] wq: tx to master: file file-0-2ecda4a7153ec50ab6f3ee0f11be83e6-test.fasta.4.out 28822
2019/11/22 20:15:50.92 #|1574453750.929142274|00#| work_queue_worker[1] wq: tx to master: end
2019/11/22 20:15:50.93 #|1574453750.932203524|00#| work_queue_worker[1] wq: rx from master: kill 16
2019/11/22 20:15:51.16 #|1574453751.169070088|00#| work_queue_worker[1] wq: rx from master: release
2019/11/22 20:15:51.16 #|1574453751.169216746|00#| work_queue_worker[1] wq: released by master 10.0.105.17:1026.
2019/11/22 20:15:51.16 #|1574453751.169308679|00#| work_queue_worker[1] wq: cleaning workspace /tmp/worker-0-1
2019/11/22 20:15:51.39 #|1574453751.390214554|00#| work_queue_worker[1] wq: disconnecting from master 10.0.105.17:1026
2019/11/22 20:15:51.39 #|1574453751.390319190|00#| work_queue_worker[1] tcp: disconnected from 10.0.105.17 port 1026
2019/11/22 20:15:51.39 #|1574453751.390335463|00#| work_queue_worker[1] wq: killing all outstanding tasks
2019/11/22 20:15:51.39 #|1574453751.390371213|00#| work_queue_worker[1] wq: all data structures are clean
2019/11/22 20:15:52.39 #|1574453752.390514780|00#| work_queue_worker[1] dns: looking up name master
2019/11/22 20:15:52.39 #|1574453752.392671293|00#| work_queue_worker[1] dns: couldn't look up master: Name or service not known
