2019/11/27 13:23:22.26 work_queue_worker[1] debug: /home/cctools_BRUNO_bin/bin/work_queue_worker version 8.0.0 DEVELOPMENT (released 2019-11-06 16:35:57 +0000)
2019/11/27 13:23:22.26 work_queue_worker[1] debug: Built by root@2546322b0463 on 2019-11-06 16:35:57 +0000
2019/11/27 13:23:22.26 work_queue_worker[1] debug: System: Linux 2546322b0463 5.0.0-32-generic #34~18.04.2-Ubuntu SMP Thu Oct 10 10:36:02 UTC 2019 x86_64 x86_64 x86_64 GNU/Linux
2019/11/27 13:23:22.26 work_queue_worker[1] debug: Configuration: --prefix /home/cctools_BRUNO_bin
2019/11/27 13:23:22.26 work_queue_worker[1] wq: WORK_QUEUE_SANDBOX set to /tmp/worker-0-1.
2019/11/27 13:23:22.26 work_queue_worker[1] debug: error reading disk usage on directory: ./cache.
2019/11/27 13:23:22.26 work_queue_worker[1] dns: looking up name master
2019/11/27 13:23:22.26 work_queue_worker[1] dns: couldn't look up master: Name or service not known
2019/11/27 13:23:24.26 work_queue_worker[1] dns: looking up name master
2019/11/27 13:23:24.26 work_queue_worker[1] dns: couldn't look up master: Name or service not known
2019/11/27 13:23:26.26 work_queue_worker[1] dns: looking up name master
2019/11/27 13:23:26.26 work_queue_worker[1] dns: master is 10.0.61.8
2019/11/27 13:23:26.26 work_queue_worker[1] tcp: connecting to 10.0.61.8 port 1026
2019/11/27 13:23:26.26 work_queue_worker[1] tcp: made connection to 10.0.61.8 port 1026
2019/11/27 13:23:26.26 work_queue_worker[1] wq: connected to master master:1026 via local address 10.0.61.6:35554
2019/11/27 13:23:26.26 work_queue_worker[1] wq: preparing workspace /tmp/worker-0-1
2019/11/27 13:23:26.26 work_queue_worker[1] dns: looking up name 1e31f35d7f2c
2019/11/27 13:23:26.26 work_queue_worker[1] dns: 1e31f35d7f2c is 10.0.61.6
2019/11/27 13:23:26.26 work_queue_worker[1] dns: looking up addr 10.0.61.6
2019/11/27 13:23:26.26 work_queue_worker[1] dns: 10.0.61.6 is 1e31f35d7f2c
2019/11/27 13:23:26.26 work_queue_worker[1] dns: finding my hostname: uname = 1e31f35d7f2c, address = 10.0.61.6, hostname = 1e31f35d7f2c
2019/11/27 13:23:26.26 work_queue_worker[1] wq: tx to master: workqueue 8 1e31f35d7f2c Linux x86_64 8.0.0
2019/11/27 13:23:26.26 work_queue_worker[1] wq: tx to master: info worker-id worker-54dc7bf08f98fbad636c442d6cf5ac54
2019/11/27 13:23:26.26 work_queue_worker[1] wq: tx to master: info cached_files file-0-e046ec692c0ced962d3265bfe7245360-test.fasta.14
2019/11/27 13:23:26.26 work_queue_worker[1] wq: tx to master: info cached_files file-0-3c684903ad7beb0f07c70d32ce209cf3-test.fasta.9
2019/11/27 13:23:26.26 work_queue_worker[1] wq: tx to master: info cached_files file-0-af4883bae18b8169ace09c1fbbe4e952-test.fasta.12
2019/11/27 13:23:26.26 work_queue_worker[1] wq: tx to master: info cached_files file-0-e7f309af480f7b15cfe71180f5284818-test.fasta.16
2019/11/27 13:23:26.26 work_queue_worker[1] wq: tx to master: info cached_files file-0-44e691287a28f8fe43f6653302546d8f-test.fasta.2
2019/11/27 13:23:26.26 work_queue_worker[1] wq: tx to master: info cached_files file-0-f7c60c99710a0f95199d7cf4150bb754-test.fasta.3
2019/11/27 13:23:26.26 work_queue_worker[1] wq: tx to master: info cached_files file-0-9f04d57561db456f4f47dcdca9feb103-test.fasta.7
2019/11/27 13:23:26.26 work_queue_worker[1] wq: tx to master: info cached_files file-0-e12986ebc464dac7f0b0058f77809607-test.fasta.17
2019/11/27 13:23:26.26 work_queue_worker[1] wq: tx to master: info cached_files file-0-daa9c57850b857b80eefebbca6aa18ce-blastall
2019/11/27 13:23:26.26 work_queue_worker[1] wq: tx to master: info cached_files file-0-21ce2e3623ee3a033739f28d47ebc2f3-test.fasta.1
2019/11/27 13:23:26.26 work_queue_worker[1] wq: tx to master: info cached_files file-0-91e2799df52756191dbca22d7b7cd23c-test.fasta.19
2019/11/27 13:23:26.26 work_queue_worker[1] wq: tx to master: info cached_files file-0-40fd5f960224a9a20c2e8e46163bd3bc-test.fasta.0
2019/11/27 13:23:26.26 work_queue_worker[1] wq: tx to master: info cached_files file-0-fc9a4f7caa888a46e12e2e1209ae754c-test.fasta.5
2019/11/27 13:23:26.26 work_queue_worker[1] wq: tx to master: info cached_files file-0-c3a7eea4528f3888f4f96bb51f86b0ae-test.fasta.4
2019/11/27 13:23:26.26 work_queue_worker[1] wq: tx to master: info cached_files file-0-bd98410c4ed2bfaa95819f1849189081-test.fasta.18
2019/11/27 13:23:26.26 work_queue_worker[1] wq: tx to master: info cached_files file-0-25930e3036f13852cb0b29694bbab611-nt
2019/11/27 13:23:26.27 work_queue_worker[1] wq: tx to master: info cached_files file-0-396e442289ce14a42a6f16a9e7d1098a-test.fasta.10
2019/11/27 13:23:26.27 work_queue_worker[1] wq: tx to master: info cached_files file-0-c6fe59e7bc34ad592758fbf1affd35b3-test.fasta.6
2019/11/27 13:23:26.27 work_queue_worker[1] wq: tx to master: info cached_files file-0-0008645a00ac79d3f3bea1ddf871bace-test.fasta.15
2019/11/27 13:23:26.27 work_queue_worker[1] wq: tx to master: info cached_files file-0-3410183026126208c01eade572fb5bdf-test.fasta.8
2019/11/27 13:23:26.27 work_queue_worker[1] wq: tx to master: info cached_files file-0-5d44d8f82cbb3f9ecaf466b060d01edb-test.fasta.11
2019/11/27 13:23:26.27 work_queue_worker[1] wq: tx to master: info cached_files file-0-861f258aeedab7469eb02fd8febc6d36-test.fasta.13
2019/11/27 13:23:26.27 work_queue_worker[1] wq: tx to master: alive
2019/11/27 13:23:26.27 work_queue_worker[1] wq: Sending resource description to master:
2019/11/27 13:23:26.27 work_queue_worker[1] wq:  workers      0 inuse      1 total      1 smallest      1 largest
2019/11/27 13:23:26.27 work_queue_worker[1] wq:     disk      0 inuse   2289 total   2289 smallest   2289 largest
2019/11/27 13:23:26.27 work_queue_worker[1] wq:   memory      0 inuse  11908 total  11908 smallest  11908 largest
2019/11/27 13:23:26.27 work_queue_worker[1] wq:     gpus      0 inuse      0 total      0 smallest      0 largest
2019/11/27 13:23:26.27 work_queue_worker[1] wq:    cores      0 inuse      7 total      7 smallest      7 largest
2019/11/27 13:23:26.27 work_queue_worker[1] wq: tx to master: info end_of_resource_update 0
2019/11/27 13:23:26.27 work_queue_worker[1] wq: tx to master: info tasks_running 0
2019/11/27 13:23:26.27 work_queue_worker[1] wq: working for master at 10.0.61.8:1026.
2019/11/27 13:23:26.27 work_queue_worker[1] wq: rx from master: task 2
2019/11/27 13:23:26.27 work_queue_worker[1] wq: rx from master: cmd 88
2019/11/27 13:23:26.27 work_queue_worker[1] wq: rx from master: ./blastall -p blastn -d nt/nt -i test.fasta.18 -o test.fasta.18.out 2> test.fasta.18.err
2019/11/27 13:23:26.27 work_queue_worker[1] wq: rx from master: category default
2019/11/27 13:23:26.27 work_queue_worker[1] wq: rx from master: cores 7
2019/11/27 13:23:26.27 work_queue_worker[1] wq: rx from master: memory 11908
2019/11/27 13:23:26.27 work_queue_worker[1] wq: rx from master: disk 2289
2019/11/27 13:23:26.27 work_queue_worker[1] wq: rx from master: gpus 0
2019/11/27 13:23:26.27 work_queue_worker[1] wq: rx from master: end_time 18446744073709551615
2019/11/27 13:23:26.27 work_queue_worker[1] wq: rx from master: wall_time 18446744073709551615
2019/11/27 13:23:26.27 work_queue_worker[1] wq: rx from master: env 7
2019/11/27 13:23:26.27 work_queue_worker[1] wq: rx from master: env 17
2019/11/27 13:23:26.27 work_queue_worker[1] wq: rx from master: infile file-0-25930e3036f13852cb0b29694bbab611-nt nt 1
2019/11/27 13:23:26.27 work_queue_worker[1] wq: rx from master: infile file-0-bd98410c4ed2bfaa95819f1849189081-test.fasta.18 test.fasta.18 1
2019/11/27 13:23:26.27 work_queue_worker[1] wq: rx from master: infile file-0-daa9c57850b857b80eefebbca6aa18ce-blastall blastall 1
2019/11/27 13:23:26.27 work_queue_worker[1] wq: rx from master: outfile file-0-b3ca854c26233484c838ab6d3298229c-test.fasta.18.err test.fasta.18.err 1
2019/11/27 13:23:26.27 work_queue_worker[1] wq: rx from master: outfile file-0-c688af492b061abef62bf46ec43b64b2-test.fasta.18.out test.fasta.18.out 1
2019/11/27 13:23:26.27 work_queue_worker[1] wq: rx from master: end
2019/11/27 13:23:26.27 work_queue_worker[1] wq: linking cache/file-0-25930e3036f13852cb0b29694bbab611-nt to /tmp/worker-0-1/t.2/nt
2019/11/27 13:23:26.28 work_queue_worker[1] wq: linking cache/file-0-bd98410c4ed2bfaa95819f1849189081-test.fasta.18 to /tmp/worker-0-1/t.2/test.fasta.18
2019/11/27 13:23:26.28 work_queue_worker[1] wq: linking cache/file-0-daa9c57850b857b80eefebbca6aa18ce-blastall to /tmp/worker-0-1/t.2/blastall
2019/11/27 13:23:26.28 work_queue_worker[1] wq: started process 11: ./blastall -p blastn -d nt/nt -i test.fasta.18 -o test.fasta.18.out 2> test.fasta.18.err
2019/11/27 13:23:26.28 work_queue_worker[1] wq: tx to master: info tasks_running 1
2019/11/27 13:23:39.84 work_queue_worker[1] wq: task 2 (pid 11) exited normally with exit code 0
2019/11/27 13:23:39.84 work_queue_worker[1] wq: moving output file from /tmp/worker-0-1/t.2/test.fasta.18.err to cache/file-0-b3ca854c26233484c838ab6d3298229c-test.fasta.18.err
2019/11/27 13:23:39.84 work_queue_worker[1] wq: moving output file from /tmp/worker-0-1/t.2/test.fasta.18.out to cache/file-0-c688af492b061abef62bf46ec43b64b2-test.fasta.18.out
2019/11/27 13:23:39.84 work_queue_worker[1] wq: tx to master: available_results
2019/11/27 13:23:39.84 work_queue_worker[1] wq: rx from master: send_results -1
2019/11/27 13:23:39.84 work_queue_worker[1] wq: tx to master: result 0 0 0 13563517 2
2019/11/27 13:23:39.84 work_queue_worker[1] wq: tx to master: info tasks_running 0
2019/11/27 13:23:39.84 work_queue_worker[1] wq: tx to master: end
2019/11/27 13:23:39.84 work_queue_worker[1] wq: rx from master: get file-0-b3ca854c26233484c838ab6d3298229c-test.fasta.18.err 1
2019/11/27 13:23:39.84 work_queue_worker[1] wq: tx to master: file file-0-b3ca854c26233484c838ab6d3298229c-test.fasta.18.err 0
2019/11/27 13:23:39.84 work_queue_worker[1] wq: tx to master: end
2019/11/27 13:23:39.84 work_queue_worker[1] wq: rx from master: get file-0-c688af492b061abef62bf46ec43b64b2-test.fasta.18.out 1
2019/11/27 13:23:39.84 work_queue_worker[1] wq: tx to master: file file-0-c688af492b061abef62bf46ec43b64b2-test.fasta.18.out 40977
2019/11/27 13:23:39.84 work_queue_worker[1] wq: tx to master: end
2019/11/27 13:23:39.84 work_queue_worker[1] wq: rx from master: kill 2
2019/11/27 13:23:39.84 work_queue_worker[1] wq: ---- DELETING: /tmp/worker-0-1/t.2
2019/11/27 13:23:39.84 work_queue_worker[1] wq: rx from master: task 4
2019/11/27 13:23:39.84 work_queue_worker[1] wq: rx from master: cmd 88
2019/11/27 13:23:39.84 work_queue_worker[1] wq: rx from master: ./blastall -p blastn -d nt/nt -i test.fasta.16 -o test.fasta.16.out 2> test.fasta.16.err
2019/11/27 13:23:39.84 work_queue_worker[1] wq: rx from master: category default
2019/11/27 13:23:39.84 work_queue_worker[1] wq: rx from master: cores 7
2019/11/27 13:23:39.84 work_queue_worker[1] wq: rx from master: memory 11908
2019/11/27 13:23:39.84 work_queue_worker[1] wq: rx from master: disk 2289
2019/11/27 13:23:39.84 work_queue_worker[1] wq: rx from master: gpus 0
2019/11/27 13:23:39.84 work_queue_worker[1] wq: rx from master: end_time 18446744073709551615
2019/11/27 13:23:39.84 work_queue_worker[1] wq: rx from master: wall_time 18446744073709551615
2019/11/27 13:23:39.84 work_queue_worker[1] wq: rx from master: env 7
2019/11/27 13:23:39.84 work_queue_worker[1] wq: rx from master: env 17
2019/11/27 13:23:39.84 work_queue_worker[1] wq: rx from master: infile file-0-25930e3036f13852cb0b29694bbab611-nt nt 1
2019/11/27 13:23:39.84 work_queue_worker[1] wq: rx from master: infile file-0-e7f309af480f7b15cfe71180f5284818-test.fasta.16 test.fasta.16 1
2019/11/27 13:23:39.84 work_queue_worker[1] wq: rx from master: infile file-0-daa9c57850b857b80eefebbca6aa18ce-blastall blastall 1
2019/11/27 13:23:39.84 work_queue_worker[1] wq: rx from master: outfile file-0-49428ca6e9788cb4d3ba878e251f88c4-test.fasta.16.err test.fasta.16.err 1
2019/11/27 13:23:39.84 work_queue_worker[1] wq: rx from master: outfile file-0-6d79746b10289399b975e24593cae1b2-test.fasta.16.out test.fasta.16.out 1
2019/11/27 13:23:39.84 work_queue_worker[1] wq: rx from master: end
2019/11/27 13:23:39.85 work_queue_worker[1] wq: linking cache/file-0-25930e3036f13852cb0b29694bbab611-nt to /tmp/worker-0-1/t.4/nt
2019/11/27 13:23:39.85 work_queue_worker[1] wq: linking cache/file-0-e7f309af480f7b15cfe71180f5284818-test.fasta.16 to /tmp/worker-0-1/t.4/test.fasta.16
2019/11/27 13:23:39.85 work_queue_worker[1] wq: linking cache/file-0-daa9c57850b857b80eefebbca6aa18ce-blastall to /tmp/worker-0-1/t.4/blastall
2019/11/27 13:23:39.85 work_queue_worker[1] wq: started process 15: ./blastall -p blastn -d nt/nt -i test.fasta.16 -o test.fasta.16.out 2> test.fasta.16.err
2019/11/27 13:23:39.85 work_queue_worker[1] wq: tx to master: info tasks_running 1
2019/11/27 13:23:53.48 work_queue_worker[1] wq: task 4 (pid 15) exited normally with exit code 0
2019/11/27 13:23:53.48 work_queue_worker[1] wq: moving output file from /tmp/worker-0-1/t.4/test.fasta.16.err to cache/file-0-49428ca6e9788cb4d3ba878e251f88c4-test.fasta.16.err
2019/11/27 13:23:53.48 work_queue_worker[1] wq: moving output file from /tmp/worker-0-1/t.4/test.fasta.16.out to cache/file-0-6d79746b10289399b975e24593cae1b2-test.fasta.16.out
2019/11/27 13:23:53.48 work_queue_worker[1] wq: tx to master: available_results
2019/11/27 13:23:53.48 work_queue_worker[1] wq: rx from master: send_results -1
2019/11/27 13:23:53.48 work_queue_worker[1] wq: tx to master: result 0 0 0 13636139 4
2019/11/27 13:23:53.48 work_queue_worker[1] wq: tx to master: info tasks_running 0
2019/11/27 13:23:53.48 work_queue_worker[1] wq: tx to master: end
2019/11/27 13:23:53.48 work_queue_worker[1] wq: rx from master: get file-0-49428ca6e9788cb4d3ba878e251f88c4-test.fasta.16.err 1
2019/11/27 13:23:53.49 work_queue_worker[1] wq: tx to master: file file-0-49428ca6e9788cb4d3ba878e251f88c4-test.fasta.16.err 0
2019/11/27 13:23:53.49 work_queue_worker[1] wq: tx to master: end
2019/11/27 13:23:53.49 work_queue_worker[1] wq: rx from master: get file-0-6d79746b10289399b975e24593cae1b2-test.fasta.16.out 1
2019/11/27 13:23:53.49 work_queue_worker[1] wq: tx to master: file file-0-6d79746b10289399b975e24593cae1b2-test.fasta.16.out 21904
2019/11/27 13:23:53.49 work_queue_worker[1] wq: tx to master: end
2019/11/27 13:23:53.49 work_queue_worker[1] wq: rx from master: kill 4
2019/11/27 13:23:53.49 work_queue_worker[1] wq: ---- DELETING: /tmp/worker-0-1/t.4
2019/11/27 13:23:53.49 work_queue_worker[1] wq: rx from master: task 6
2019/11/27 13:23:53.49 work_queue_worker[1] wq: rx from master: cmd 88
2019/11/27 13:23:53.49 work_queue_worker[1] wq: rx from master: ./blastall -p blastn -d nt/nt -i test.fasta.14 -o test.fasta.14.out 2> test.fasta.14.err
2019/11/27 13:23:53.49 work_queue_worker[1] wq: rx from master: category default
2019/11/27 13:23:53.49 work_queue_worker[1] wq: rx from master: cores 7
2019/11/27 13:23:53.49 work_queue_worker[1] wq: rx from master: memory 11908
2019/11/27 13:23:53.49 work_queue_worker[1] wq: rx from master: disk 2289
2019/11/27 13:23:53.49 work_queue_worker[1] wq: rx from master: gpus 0
2019/11/27 13:23:53.49 work_queue_worker[1] wq: rx from master: end_time 18446744073709551615
2019/11/27 13:23:53.49 work_queue_worker[1] wq: rx from master: wall_time 18446744073709551615
2019/11/27 13:23:53.49 work_queue_worker[1] wq: rx from master: env 7
2019/11/27 13:23:53.49 work_queue_worker[1] wq: rx from master: env 17
2019/11/27 13:23:53.49 work_queue_worker[1] wq: rx from master: infile file-0-25930e3036f13852cb0b29694bbab611-nt nt 1
2019/11/27 13:23:53.49 work_queue_worker[1] wq: rx from master: infile file-0-e046ec692c0ced962d3265bfe7245360-test.fasta.14 test.fasta.14 1
2019/11/27 13:23:53.49 work_queue_worker[1] wq: rx from master: infile file-0-daa9c57850b857b80eefebbca6aa18ce-blastall blastall 1
2019/11/27 13:23:53.49 work_queue_worker[1] wq: rx from master: outfile file-0-5904a03317e7e6566913b82983b96829-test.fasta.14.err test.fasta.14.err 1
2019/11/27 13:23:53.49 work_queue_worker[1] wq: rx from master: outfile file-0-6e7fd2228b2f7120a5a28bea1aa8b41f-test.fasta.14.out test.fasta.14.out 1
2019/11/27 13:23:53.49 work_queue_worker[1] wq: rx from master: end
2019/11/27 13:23:53.49 work_queue_worker[1] wq: linking cache/file-0-25930e3036f13852cb0b29694bbab611-nt to /tmp/worker-0-1/t.6/nt
2019/11/27 13:23:53.49 work_queue_worker[1] wq: linking cache/file-0-e046ec692c0ced962d3265bfe7245360-test.fasta.14 to /tmp/worker-0-1/t.6/test.fasta.14
2019/11/27 13:23:53.49 work_queue_worker[1] wq: linking cache/file-0-daa9c57850b857b80eefebbca6aa18ce-blastall to /tmp/worker-0-1/t.6/blastall
2019/11/27 13:23:53.49 work_queue_worker[1] wq: started process 19: ./blastall -p blastn -d nt/nt -i test.fasta.14 -o test.fasta.14.out 2> test.fasta.14.err
2019/11/27 13:23:53.49 work_queue_worker[1] wq: tx to master: info tasks_running 1
2019/11/27 13:24:06.95 work_queue_worker[1] wq: task 6 (pid 19) exited normally with exit code 0
2019/11/27 13:24:06.95 work_queue_worker[1] wq: moving output file from /tmp/worker-0-1/t.6/test.fasta.14.err to cache/file-0-5904a03317e7e6566913b82983b96829-test.fasta.14.err
2019/11/27 13:24:06.95 work_queue_worker[1] wq: moving output file from /tmp/worker-0-1/t.6/test.fasta.14.out to cache/file-0-6e7fd2228b2f7120a5a28bea1aa8b41f-test.fasta.14.out
2019/11/27 13:24:06.95 work_queue_worker[1] wq: tx to master: available_results
2019/11/27 13:24:06.95 work_queue_worker[1] wq: rx from master: send_results -1
2019/11/27 13:24:06.95 work_queue_worker[1] wq: tx to master: result 0 0 0 13454243 6
2019/11/27 13:24:06.95 work_queue_worker[1] wq: tx to master: info tasks_running 0
2019/11/27 13:24:06.95 work_queue_worker[1] wq: tx to master: end
2019/11/27 13:24:06.95 work_queue_worker[1] wq: rx from master: get file-0-5904a03317e7e6566913b82983b96829-test.fasta.14.err 1
2019/11/27 13:24:06.95 work_queue_worker[1] wq: tx to master: file file-0-5904a03317e7e6566913b82983b96829-test.fasta.14.err 0
2019/11/27 13:24:06.95 work_queue_worker[1] wq: tx to master: end
2019/11/27 13:24:06.95 work_queue_worker[1] wq: rx from master: get file-0-6e7fd2228b2f7120a5a28bea1aa8b41f-test.fasta.14.out 1
2019/11/27 13:24:06.95 work_queue_worker[1] wq: tx to master: file file-0-6e7fd2228b2f7120a5a28bea1aa8b41f-test.fasta.14.out 18451
2019/11/27 13:24:06.95 work_queue_worker[1] wq: tx to master: end
2019/11/27 13:24:06.95 work_queue_worker[1] wq: rx from master: kill 6
2019/11/27 13:24:06.95 work_queue_worker[1] wq: ---- DELETING: /tmp/worker-0-1/t.6
2019/11/27 13:24:06.95 work_queue_worker[1] wq: rx from master: task 9
2019/11/27 13:24:06.95 work_queue_worker[1] wq: rx from master: cmd 88
2019/11/27 13:24:06.95 work_queue_worker[1] wq: rx from master: ./blastall -p blastn -d nt/nt -i test.fasta.11 -o test.fasta.11.out 2> test.fasta.11.err
2019/11/27 13:24:06.95 work_queue_worker[1] wq: rx from master: category default
2019/11/27 13:24:06.95 work_queue_worker[1] wq: rx from master: cores 7
2019/11/27 13:24:06.95 work_queue_worker[1] wq: rx from master: memory 11908
2019/11/27 13:24:06.95 work_queue_worker[1] wq: rx from master: disk 2289
2019/11/27 13:24:06.95 work_queue_worker[1] wq: rx from master: gpus 0
2019/11/27 13:24:06.95 work_queue_worker[1] wq: rx from master: end_time 18446744073709551615
2019/11/27 13:24:06.95 work_queue_worker[1] wq: rx from master: wall_time 18446744073709551615
2019/11/27 13:24:06.95 work_queue_worker[1] wq: rx from master: env 7
2019/11/27 13:24:06.95 work_queue_worker[1] wq: rx from master: env 17
2019/11/27 13:24:06.95 work_queue_worker[1] wq: rx from master: infile file-0-25930e3036f13852cb0b29694bbab611-nt nt 1
2019/11/27 13:24:06.95 work_queue_worker[1] wq: rx from master: infile file-0-5d44d8f82cbb3f9ecaf466b060d01edb-test.fasta.11 test.fasta.11 1
2019/11/27 13:24:06.95 work_queue_worker[1] wq: rx from master: infile file-0-daa9c57850b857b80eefebbca6aa18ce-blastall blastall 1
2019/11/27 13:24:06.95 work_queue_worker[1] wq: rx from master: outfile file-0-1ec6f60204ab1e932b38cec0b78303f1-test.fasta.11.err test.fasta.11.err 1
2019/11/27 13:24:06.95 work_queue_worker[1] wq: rx from master: outfile file-0-b2dcb7cd97b86e43787e05023fc40494-test.fasta.11.out test.fasta.11.out 1
2019/11/27 13:24:06.95 work_queue_worker[1] wq: rx from master: end
2019/11/27 13:24:06.96 work_queue_worker[1] wq: linking cache/file-0-25930e3036f13852cb0b29694bbab611-nt to /tmp/worker-0-1/t.9/nt
2019/11/27 13:24:06.96 work_queue_worker[1] wq: linking cache/file-0-5d44d8f82cbb3f9ecaf466b060d01edb-test.fasta.11 to /tmp/worker-0-1/t.9/test.fasta.11
2019/11/27 13:24:06.96 work_queue_worker[1] wq: linking cache/file-0-daa9c57850b857b80eefebbca6aa18ce-blastall to /tmp/worker-0-1/t.9/blastall
2019/11/27 13:24:06.96 work_queue_worker[1] wq: started process 23: ./blastall -p blastn -d nt/nt -i test.fasta.11 -o test.fasta.11.out 2> test.fasta.11.err
2019/11/27 13:24:06.96 work_queue_worker[1] wq: tx to master: info tasks_running 1
2019/11/27 13:24:20.35 work_queue_worker[1] wq: task 9 (pid 23) exited normally with exit code 0
2019/11/27 13:24:20.35 work_queue_worker[1] wq: moving output file from /tmp/worker-0-1/t.9/test.fasta.11.err to cache/file-0-1ec6f60204ab1e932b38cec0b78303f1-test.fasta.11.err
2019/11/27 13:24:20.35 work_queue_worker[1] wq: moving output file from /tmp/worker-0-1/t.9/test.fasta.11.out to cache/file-0-b2dcb7cd97b86e43787e05023fc40494-test.fasta.11.out
2019/11/27 13:24:20.35 work_queue_worker[1] wq: tx to master: available_results
2019/11/27 13:24:20.35 work_queue_worker[1] wq: rx from master: send_results -1
2019/11/27 13:24:20.35 work_queue_worker[1] wq: tx to master: result 0 0 0 13391129 9
2019/11/27 13:24:20.35 work_queue_worker[1] wq: tx to master: info tasks_running 0
2019/11/27 13:24:20.35 work_queue_worker[1] wq: tx to master: end
2019/11/27 13:24:20.35 work_queue_worker[1] wq: rx from master: get file-0-1ec6f60204ab1e932b38cec0b78303f1-test.fasta.11.err 1
2019/11/27 13:24:20.35 work_queue_worker[1] wq: tx to master: file file-0-1ec6f60204ab1e932b38cec0b78303f1-test.fasta.11.err 0
2019/11/27 13:24:20.35 work_queue_worker[1] wq: tx to master: end
2019/11/27 13:24:20.35 work_queue_worker[1] wq: rx from master: get file-0-b2dcb7cd97b86e43787e05023fc40494-test.fasta.11.out 1
2019/11/27 13:24:20.35 work_queue_worker[1] wq: tx to master: file file-0-b2dcb7cd97b86e43787e05023fc40494-test.fasta.11.out 44259
2019/11/27 13:24:20.35 work_queue_worker[1] wq: tx to master: end
2019/11/27 13:24:20.35 work_queue_worker[1] wq: rx from master: kill 9
2019/11/27 13:24:20.35 work_queue_worker[1] wq: ---- DELETING: /tmp/worker-0-1/t.9
2019/11/27 13:24:20.35 work_queue_worker[1] wq: rx from master: task 11
2019/11/27 13:24:20.35 work_queue_worker[1] wq: rx from master: cmd 85
2019/11/27 13:24:20.35 work_queue_worker[1] wq: rx from master: ./blastall -p blastn -d nt/nt -i test.fasta.9 -o test.fasta.9.out 2> test.fasta.9.err
2019/11/27 13:24:20.35 work_queue_worker[1] wq: rx from master: category default
2019/11/27 13:24:20.35 work_queue_worker[1] wq: rx from master: cores 7
2019/11/27 13:24:20.35 work_queue_worker[1] wq: rx from master: memory 11908
2019/11/27 13:24:20.35 work_queue_worker[1] wq: rx from master: disk 2289
2019/11/27 13:24:20.35 work_queue_worker[1] wq: rx from master: gpus 0
2019/11/27 13:24:20.35 work_queue_worker[1] wq: rx from master: end_time 18446744073709551615
2019/11/27 13:24:20.35 work_queue_worker[1] wq: rx from master: wall_time 18446744073709551615
2019/11/27 13:24:20.35 work_queue_worker[1] wq: rx from master: env 7
2019/11/27 13:24:20.35 work_queue_worker[1] wq: rx from master: env 17
2019/11/27 13:24:20.35 work_queue_worker[1] wq: rx from master: infile file-0-25930e3036f13852cb0b29694bbab611-nt nt 1
2019/11/27 13:24:20.35 work_queue_worker[1] wq: rx from master: infile file-0-3c684903ad7beb0f07c70d32ce209cf3-test.fasta.9 test.fasta.9 1
2019/11/27 13:24:20.35 work_queue_worker[1] wq: rx from master: infile file-0-daa9c57850b857b80eefebbca6aa18ce-blastall blastall 1
2019/11/27 13:24:20.35 work_queue_worker[1] wq: rx from master: outfile file-0-8b8651ac4a310c9b2b1cb06061c67223-test.fasta.9.err test.fasta.9.err 1
2019/11/27 13:24:20.35 work_queue_worker[1] wq: rx from master: outfile file-0-8c8215651ccf820f581014d2a05d1c97-test.fasta.9.out test.fasta.9.out 1
2019/11/27 13:24:20.35 work_queue_worker[1] wq: rx from master: end
2019/11/27 13:24:20.36 work_queue_worker[1] wq: linking cache/file-0-25930e3036f13852cb0b29694bbab611-nt to /tmp/worker-0-1/t.11/nt
2019/11/27 13:24:20.36 work_queue_worker[1] wq: linking cache/file-0-3c684903ad7beb0f07c70d32ce209cf3-test.fasta.9 to /tmp/worker-0-1/t.11/test.fasta.9
2019/11/27 13:24:20.36 work_queue_worker[1] wq: linking cache/file-0-daa9c57850b857b80eefebbca6aa18ce-blastall to /tmp/worker-0-1/t.11/blastall
2019/11/27 13:24:20.36 work_queue_worker[1] wq: started process 27: ./blastall -p blastn -d nt/nt -i test.fasta.9 -o test.fasta.9.out 2> test.fasta.9.err
2019/11/27 13:24:20.36 work_queue_worker[1] wq: tx to master: info tasks_running 1
2019/11/27 13:24:34.17 work_queue_worker[1] wq: task 11 (pid 27) exited normally with exit code 0
2019/11/27 13:24:34.17 work_queue_worker[1] wq: moving output file from /tmp/worker-0-1/t.11/test.fasta.9.err to cache/file-0-8b8651ac4a310c9b2b1cb06061c67223-test.fasta.9.err
2019/11/27 13:24:34.17 work_queue_worker[1] wq: moving output file from /tmp/worker-0-1/t.11/test.fasta.9.out to cache/file-0-8c8215651ccf820f581014d2a05d1c97-test.fasta.9.out
2019/11/27 13:24:34.17 work_queue_worker[1] wq: tx to master: available_results
2019/11/27 13:24:34.17 work_queue_worker[1] wq: rx from master: send_results -1
2019/11/27 13:24:34.17 work_queue_worker[1] wq: tx to master: result 0 0 0 13811707 11
2019/11/27 13:24:34.17 work_queue_worker[1] wq: tx to master: info tasks_running 0
2019/11/27 13:24:34.17 work_queue_worker[1] wq: tx to master: end
2019/11/27 13:24:34.17 work_queue_worker[1] wq: rx from master: get file-0-8b8651ac4a310c9b2b1cb06061c67223-test.fasta.9.err 1
2019/11/27 13:24:34.17 work_queue_worker[1] wq: tx to master: file file-0-8b8651ac4a310c9b2b1cb06061c67223-test.fasta.9.err 0
2019/11/27 13:24:34.17 work_queue_worker[1] wq: tx to master: end
2019/11/27 13:24:34.17 work_queue_worker[1] wq: rx from master: get file-0-8c8215651ccf820f581014d2a05d1c97-test.fasta.9.out 1
2019/11/27 13:24:34.17 work_queue_worker[1] wq: tx to master: file file-0-8c8215651ccf820f581014d2a05d1c97-test.fasta.9.out 38743
2019/11/27 13:24:34.17 work_queue_worker[1] wq: tx to master: end
2019/11/27 13:24:34.17 work_queue_worker[1] wq: rx from master: kill 11
2019/11/27 13:24:34.17 work_queue_worker[1] wq: ---- DELETING: /tmp/worker-0-1/t.11
2019/11/27 13:24:34.17 work_queue_worker[1] wq: rx from master: task 13
2019/11/27 13:24:34.17 work_queue_worker[1] wq: rx from master: cmd 85
2019/11/27 13:24:34.17 work_queue_worker[1] wq: rx from master: ./blastall -p blastn -d nt/nt -i test.fasta.7 -o test.fasta.7.out 2> test.fasta.7.err
2019/11/27 13:24:34.17 work_queue_worker[1] wq: rx from master: category default
2019/11/27 13:24:34.17 work_queue_worker[1] wq: rx from master: cores 7
2019/11/27 13:24:34.17 work_queue_worker[1] wq: rx from master: memory 11908
2019/11/27 13:24:34.17 work_queue_worker[1] wq: rx from master: disk 2289
2019/11/27 13:24:34.17 work_queue_worker[1] wq: rx from master: gpus 0
2019/11/27 13:24:34.17 work_queue_worker[1] wq: rx from master: end_time 18446744073709551615
2019/11/27 13:24:34.17 work_queue_worker[1] wq: rx from master: wall_time 18446744073709551615
2019/11/27 13:24:34.18 work_queue_worker[1] wq: rx from master: env 7
2019/11/27 13:24:34.18 work_queue_worker[1] wq: rx from master: env 17
2019/11/27 13:24:34.18 work_queue_worker[1] wq: rx from master: infile file-0-25930e3036f13852cb0b29694bbab611-nt nt 1
2019/11/27 13:24:34.18 work_queue_worker[1] wq: rx from master: infile file-0-9f04d57561db456f4f47dcdca9feb103-test.fasta.7 test.fasta.7 1
2019/11/27 13:24:34.18 work_queue_worker[1] wq: rx from master: infile file-0-daa9c57850b857b80eefebbca6aa18ce-blastall blastall 1
2019/11/27 13:24:34.18 work_queue_worker[1] wq: rx from master: outfile file-0-d08e27aac9e49582c455b76197081fb3-test.fasta.7.err test.fasta.7.err 1
2019/11/27 13:24:34.18 work_queue_worker[1] wq: rx from master: outfile file-0-c17c0db997ae1cdb7af1ea386e447bb4-test.fasta.7.out test.fasta.7.out 1
2019/11/27 13:24:34.18 work_queue_worker[1] wq: rx from master: end
2019/11/27 13:24:34.18 work_queue_worker[1] wq: linking cache/file-0-25930e3036f13852cb0b29694bbab611-nt to /tmp/worker-0-1/t.13/nt
2019/11/27 13:24:34.18 work_queue_worker[1] wq: linking cache/file-0-9f04d57561db456f4f47dcdca9feb103-test.fasta.7 to /tmp/worker-0-1/t.13/test.fasta.7
2019/11/27 13:24:34.18 work_queue_worker[1] wq: linking cache/file-0-daa9c57850b857b80eefebbca6aa18ce-blastall to /tmp/worker-0-1/t.13/blastall
2019/11/27 13:24:34.18 work_queue_worker[1] wq: started process 31: ./blastall -p blastn -d nt/nt -i test.fasta.7 -o test.fasta.7.out 2> test.fasta.7.err
2019/11/27 13:24:34.18 work_queue_worker[1] wq: tx to master: info tasks_running 1
2019/11/27 13:24:47.69 work_queue_worker[1] wq: task 13 (pid 31) exited normally with exit code 0
2019/11/27 13:24:47.69 work_queue_worker[1] wq: moving output file from /tmp/worker-0-1/t.13/test.fasta.7.err to cache/file-0-d08e27aac9e49582c455b76197081fb3-test.fasta.7.err
2019/11/27 13:24:47.69 work_queue_worker[1] wq: moving output file from /tmp/worker-0-1/t.13/test.fasta.7.out to cache/file-0-c17c0db997ae1cdb7af1ea386e447bb4-test.fasta.7.out
2019/11/27 13:24:47.69 work_queue_worker[1] wq: tx to master: available_results
2019/11/27 13:24:47.69 work_queue_worker[1] wq: rx from master: send_results -1
2019/11/27 13:24:47.69 work_queue_worker[1] wq: tx to master: result 0 0 0 13508785 13
2019/11/27 13:24:47.69 work_queue_worker[1] wq: tx to master: info tasks_running 0
2019/11/27 13:24:47.69 work_queue_worker[1] wq: tx to master: end
2019/11/27 13:24:47.69 work_queue_worker[1] wq: rx from master: get file-0-d08e27aac9e49582c455b76197081fb3-test.fasta.7.err 1
2019/11/27 13:24:47.69 work_queue_worker[1] wq: tx to master: file file-0-d08e27aac9e49582c455b76197081fb3-test.fasta.7.err 0
2019/11/27 13:24:47.69 work_queue_worker[1] wq: tx to master: end
2019/11/27 13:24:47.69 work_queue_worker[1] wq: rx from master: get file-0-c17c0db997ae1cdb7af1ea386e447bb4-test.fasta.7.out 1
2019/11/27 13:24:47.69 work_queue_worker[1] wq: tx to master: file file-0-c17c0db997ae1cdb7af1ea386e447bb4-test.fasta.7.out 20517
2019/11/27 13:24:47.69 work_queue_worker[1] wq: tx to master: end
2019/11/27 13:24:47.69 work_queue_worker[1] wq: rx from master: kill 13
2019/11/27 13:24:47.69 work_queue_worker[1] wq: ---- DELETING: /tmp/worker-0-1/t.13
2019/11/27 13:24:47.69 work_queue_worker[1] wq: rx from master: task 16
2019/11/27 13:24:47.69 work_queue_worker[1] wq: rx from master: cmd 85
2019/11/27 13:24:47.69 work_queue_worker[1] wq: rx from master: ./blastall -p blastn -d nt/nt -i test.fasta.4 -o test.fasta.4.out 2> test.fasta.4.err
2019/11/27 13:24:47.69 work_queue_worker[1] wq: rx from master: category default
2019/11/27 13:24:47.69 work_queue_worker[1] wq: rx from master: cores 7
2019/11/27 13:24:47.69 work_queue_worker[1] wq: rx from master: memory 11908
2019/11/27 13:24:47.69 work_queue_worker[1] wq: rx from master: disk 2289
2019/11/27 13:24:47.69 work_queue_worker[1] wq: rx from master: gpus 0
2019/11/27 13:24:47.69 work_queue_worker[1] wq: rx from master: end_time 18446744073709551615
2019/11/27 13:24:47.69 work_queue_worker[1] wq: rx from master: wall_time 18446744073709551615
2019/11/27 13:24:47.69 work_queue_worker[1] wq: rx from master: env 7
2019/11/27 13:24:47.69 work_queue_worker[1] wq: rx from master: env 17
2019/11/27 13:24:47.69 work_queue_worker[1] wq: rx from master: infile file-0-25930e3036f13852cb0b29694bbab611-nt nt 1
2019/11/27 13:24:47.69 work_queue_worker[1] wq: rx from master: infile file-0-c3a7eea4528f3888f4f96bb51f86b0ae-test.fasta.4 test.fasta.4 1
2019/11/27 13:24:47.69 work_queue_worker[1] wq: rx from master: infile file-0-daa9c57850b857b80eefebbca6aa18ce-blastall blastall 1
2019/11/27 13:24:47.69 work_queue_worker[1] wq: rx from master: outfile file-0-18635fc52bb3486f8a2adce9d09bea64-test.fasta.4.err test.fasta.4.err 1
2019/11/27 13:24:47.69 work_queue_worker[1] wq: rx from master: outfile file-0-2ecda4a7153ec50ab6f3ee0f11be83e6-test.fasta.4.out test.fasta.4.out 1
2019/11/27 13:24:47.69 work_queue_worker[1] wq: rx from master: end
2019/11/27 13:24:47.70 work_queue_worker[1] wq: linking cache/file-0-25930e3036f13852cb0b29694bbab611-nt to /tmp/worker-0-1/t.16/nt
2019/11/27 13:24:47.70 work_queue_worker[1] wq: linking cache/file-0-c3a7eea4528f3888f4f96bb51f86b0ae-test.fasta.4 to /tmp/worker-0-1/t.16/test.fasta.4
2019/11/27 13:24:47.70 work_queue_worker[1] wq: linking cache/file-0-daa9c57850b857b80eefebbca6aa18ce-blastall to /tmp/worker-0-1/t.16/blastall
2019/11/27 13:24:47.70 work_queue_worker[1] wq: started process 35: ./blastall -p blastn -d nt/nt -i test.fasta.4 -o test.fasta.4.out 2> test.fasta.4.err
2019/11/27 13:24:47.70 work_queue_worker[1] wq: tx to master: info tasks_running 1
2019/11/27 13:25:01.22 work_queue_worker[1] wq: task 16 (pid 35) exited normally with exit code 0
2019/11/27 13:25:01.22 work_queue_worker[1] wq: moving output file from /tmp/worker-0-1/t.16/test.fasta.4.err to cache/file-0-18635fc52bb3486f8a2adce9d09bea64-test.fasta.4.err
2019/11/27 13:25:01.22 work_queue_worker[1] wq: moving output file from /tmp/worker-0-1/t.16/test.fasta.4.out to cache/file-0-2ecda4a7153ec50ab6f3ee0f11be83e6-test.fasta.4.out
2019/11/27 13:25:01.22 work_queue_worker[1] wq: tx to master: available_results
2019/11/27 13:25:01.22 work_queue_worker[1] wq: rx from master: send_results -1
2019/11/27 13:25:01.22 work_queue_worker[1] wq: tx to master: result 0 0 0 13516444 16
2019/11/27 13:25:01.22 work_queue_worker[1] wq: tx to master: info tasks_running 0
2019/11/27 13:25:01.22 work_queue_worker[1] wq: tx to master: end
2019/11/27 13:25:01.22 work_queue_worker[1] wq: rx from master: get file-0-18635fc52bb3486f8a2adce9d09bea64-test.fasta.4.err 1
2019/11/27 13:25:01.22 work_queue_worker[1] wq: tx to master: file file-0-18635fc52bb3486f8a2adce9d09bea64-test.fasta.4.err 0
2019/11/27 13:25:01.22 work_queue_worker[1] wq: tx to master: end
2019/11/27 13:25:01.22 work_queue_worker[1] wq: rx from master: get file-0-2ecda4a7153ec50ab6f3ee0f11be83e6-test.fasta.4.out 1
2019/11/27 13:25:01.22 work_queue_worker[1] wq: tx to master: file file-0-2ecda4a7153ec50ab6f3ee0f11be83e6-test.fasta.4.out 28822
2019/11/27 13:25:01.22 work_queue_worker[1] wq: tx to master: end
2019/11/27 13:25:01.22 work_queue_worker[1] wq: rx from master: kill 16
2019/11/27 13:25:01.22 work_queue_worker[1] wq: ---- DELETING: /tmp/worker-0-1/t.16
2019/11/27 13:25:01.22 work_queue_worker[1] wq: rx from master: task 18
2019/11/27 13:25:01.22 work_queue_worker[1] wq: rx from master: cmd 85
2019/11/27 13:25:01.22 work_queue_worker[1] wq: rx from master: ./blastall -p blastn -d nt/nt -i test.fasta.2 -o test.fasta.2.out 2> test.fasta.2.err
2019/11/27 13:25:01.22 work_queue_worker[1] wq: rx from master: category default
2019/11/27 13:25:01.22 work_queue_worker[1] wq: rx from master: cores 7
2019/11/27 13:25:01.22 work_queue_worker[1] wq: rx from master: memory 11908
2019/11/27 13:25:01.22 work_queue_worker[1] wq: rx from master: disk 2289
2019/11/27 13:25:01.22 work_queue_worker[1] wq: rx from master: gpus 0
2019/11/27 13:25:01.22 work_queue_worker[1] wq: rx from master: end_time 18446744073709551615
2019/11/27 13:25:01.22 work_queue_worker[1] wq: rx from master: wall_time 18446744073709551615
2019/11/27 13:25:01.22 work_queue_worker[1] wq: rx from master: env 7
2019/11/27 13:25:01.22 work_queue_worker[1] wq: rx from master: env 17
2019/11/27 13:25:01.22 work_queue_worker[1] wq: rx from master: infile file-0-25930e3036f13852cb0b29694bbab611-nt nt 1
2019/11/27 13:25:01.22 work_queue_worker[1] wq: rx from master: infile file-0-44e691287a28f8fe43f6653302546d8f-test.fasta.2 test.fasta.2 1
2019/11/27 13:25:01.22 work_queue_worker[1] wq: rx from master: infile file-0-daa9c57850b857b80eefebbca6aa18ce-blastall blastall 1
2019/11/27 13:25:01.22 work_queue_worker[1] wq: rx from master: outfile file-0-ebce3b3f9d6d56ee92ad0f680eacabb2-test.fasta.2.err test.fasta.2.err 1
2019/11/27 13:25:01.22 work_queue_worker[1] wq: rx from master: outfile file-0-6efdc0d3dafa140b6743f2b63849bb1e-test.fasta.2.out test.fasta.2.out 1
2019/11/27 13:25:01.22 work_queue_worker[1] wq: rx from master: end
2019/11/27 13:25:01.22 work_queue_worker[1] wq: linking cache/file-0-25930e3036f13852cb0b29694bbab611-nt to /tmp/worker-0-1/t.18/nt
2019/11/27 13:25:01.23 work_queue_worker[1] wq: linking cache/file-0-44e691287a28f8fe43f6653302546d8f-test.fasta.2 to /tmp/worker-0-1/t.18/test.fasta.2
2019/11/27 13:25:01.23 work_queue_worker[1] wq: linking cache/file-0-daa9c57850b857b80eefebbca6aa18ce-blastall to /tmp/worker-0-1/t.18/blastall
2019/11/27 13:25:01.23 work_queue_worker[1] wq: started process 39: ./blastall -p blastn -d nt/nt -i test.fasta.2 -o test.fasta.2.out 2> test.fasta.2.err
2019/11/27 13:25:01.23 work_queue_worker[1] wq: tx to master: info tasks_running 1
2019/11/27 13:25:14.67 work_queue_worker[1] wq: task 18 (pid 39) exited normally with exit code 0
2019/11/27 13:25:14.67 work_queue_worker[1] wq: moving output file from /tmp/worker-0-1/t.18/test.fasta.2.err to cache/file-0-ebce3b3f9d6d56ee92ad0f680eacabb2-test.fasta.2.err
2019/11/27 13:25:14.67 work_queue_worker[1] wq: moving output file from /tmp/worker-0-1/t.18/test.fasta.2.out to cache/file-0-6efdc0d3dafa140b6743f2b63849bb1e-test.fasta.2.out
2019/11/27 13:25:14.67 work_queue_worker[1] wq: tx to master: available_results
2019/11/27 13:25:14.67 work_queue_worker[1] wq: rx from master: send_results -1
2019/11/27 13:25:14.67 work_queue_worker[1] wq: tx to master: result 0 0 0 13442637 18
2019/11/27 13:25:14.67 work_queue_worker[1] wq: tx to master: info tasks_running 0
2019/11/27 13:25:14.67 work_queue_worker[1] wq: tx to master: end
2019/11/27 13:25:14.67 work_queue_worker[1] wq: rx from master: get file-0-ebce3b3f9d6d56ee92ad0f680eacabb2-test.fasta.2.err 1
2019/11/27 13:25:14.67 work_queue_worker[1] wq: tx to master: file file-0-ebce3b3f9d6d56ee92ad0f680eacabb2-test.fasta.2.err 0
2019/11/27 13:25:14.67 work_queue_worker[1] wq: tx to master: end
2019/11/27 13:25:14.67 work_queue_worker[1] wq: rx from master: get file-0-6efdc0d3dafa140b6743f2b63849bb1e-test.fasta.2.out 1
2019/11/27 13:25:14.67 work_queue_worker[1] wq: tx to master: file file-0-6efdc0d3dafa140b6743f2b63849bb1e-test.fasta.2.out 18765
2019/11/27 13:25:14.67 work_queue_worker[1] wq: tx to master: end
2019/11/27 13:25:14.67 work_queue_worker[1] wq: rx from master: kill 18
2019/11/27 13:25:14.67 work_queue_worker[1] wq: ---- DELETING: /tmp/worker-0-1/t.18
2019/11/27 13:25:22.82 work_queue_worker[1] wq: rx from master: release
2019/11/27 13:25:22.82 work_queue_worker[1] wq: released by master 10.0.61.8:1026.
2019/11/27 13:25:22.82 work_queue_worker[1] wq: *********** BRUNO ******** NOT cleaning workspace /tmp/worker-0-1
2019/11/27 13:25:22.82 work_queue_worker[1] wq: disconnecting from master 10.0.61.8:1026
2019/11/27 13:25:22.82 work_queue_worker[1] tcp: disconnected from 10.0.61.8 port 1026
2019/11/27 13:25:22.82 work_queue_worker[1] wq: killing all outstanding tasks
2019/11/27 13:25:22.82 work_queue_worker[1] wq: all data structures are clean
2019/11/27 13:25:23.82 work_queue_worker[1] tcp: connecting to 10.0.61.8 port 1026
