2019/11/22 20:26:05.93 #|1574454365.938713413|00#| work_queue_worker[1] debug: /root/cctools/bin/work_queue_worker version 8.0.0 DEVELOPMENT (released 2019-11-14 15:35:16 +0000)
2019/11/22 20:26:05.93 #|1574454365.938764031|00#| work_queue_worker[1] debug: Built by root@7e9ecba79f43 on 2019-11-14 15:35:16 +0000
2019/11/22 20:26:05.93 #|1574454365.938782841|00#| work_queue_worker[1] debug: System: Linux 7e9ecba79f43 5.0.0-32-generic #34~18.04.2-Ubuntu SMP Thu Oct 10 10:36:02 UTC 2019 x86_64 x86_64 x86_64 GNU/Linux
2019/11/22 20:26:05.93 #|1574454365.938798540|00#| work_queue_worker[1] debug: Configuration: --prefix /root/cctools
2019/11/22 20:26:05.93 #|1574454365.939048846|00#| work_queue_worker[1] wq: WORK_QUEUE_SANDBOX set to /tmp/worker-0-1.
2019/11/22 20:26:05.94 #|1574454365.940068859|00#| work_queue_worker[1] debug: error reading disk usage on directory: ./cache.
2019/11/22 20:26:05.94 #|1574454365.940122173|00#| work_queue_worker[1] dns: looking up name master
2019/11/22 20:26:05.94 #|1574454365.944417163|00#| work_queue_worker[1] dns: master is 10.0.107.11
2019/11/22 20:26:05.94 #|1574454365.944815103|00#| work_queue_worker[1] tcp: connecting to 10.0.107.11 port 1026
2019/11/22 20:26:05.94 #|1574454365.946280505|00#| work_queue_worker[1] tcp: made connection to 10.0.107.11 port 1026
2019/11/22 20:26:05.94 #|1574454365.946317919|00#| work_queue_worker[1] wq: connected to master master:1026 via local address 10.0.107.16:46308
2019/11/22 20:26:05.94 #|1574454365.946336274|00#| work_queue_worker[1] wq: preparing workspace /tmp/worker-0-1
2019/11/22 20:26:05.94 #|1574454365.946514909|00#| work_queue_worker[1] dns: looking up name eacd803a7e83
2019/11/22 20:26:05.94 #|1574454365.946588184|00#| work_queue_worker[1] dns: eacd803a7e83 is 10.0.107.16
2019/11/22 20:26:05.94 #|1574454365.946605283|00#| work_queue_worker[1] dns: looking up addr 10.0.107.16
2019/11/22 20:26:05.94 #|1574454365.946644346|00#| work_queue_worker[1] dns: 10.0.107.16 is eacd803a7e83
2019/11/22 20:26:05.94 #|1574454365.946658886|00#| work_queue_worker[1] dns: finding my hostname: uname = eacd803a7e83, address = 10.0.107.16, hostname = eacd803a7e83
2019/11/22 20:26:05.94 #|1574454365.946673498|00#| work_queue_worker[1] wq: tx to master: workqueue 8 eacd803a7e83 Linux x86_64 8.0.0
2019/11/22 20:26:05.94 #|1574454365.946775337|00#| work_queue_worker[1] wq: tx to master: info worker-id worker-eae7e1bdb18064e392be245ab5309927
2019/11/22 20:26:05.94 #|1574454365.946837714|00#| work_queue_worker[1] wq: tx to master: alive
2019/11/22 20:26:05.94 #|1574454365.946884573|00#| work_queue_worker[1] wq: Sending resource description to master:
2019/11/22 20:26:05.94 #|1574454365.946899761|00#| work_queue_worker[1] wq:  workers      0 inuse      1 total      1 smallest      1 largest
2019/11/22 20:26:05.94 #|1574454365.946945387|00#| work_queue_worker[1] wq:     disk      0 inuse 183122 total 183122 smallest 183122 largest
2019/11/22 20:26:05.94 #|1574454365.946990751|00#| work_queue_worker[1] wq:   memory      0 inuse   7749 total   7749 smallest   7749 largest
2019/11/22 20:26:05.94 #|1574454365.947046023|00#| work_queue_worker[1] wq:     gpus      0 inuse      0 total      0 smallest      0 largest
2019/11/22 20:26:05.94 #|1574454365.947098515|00#| work_queue_worker[1] wq:    cores      0 inuse      1 total      1 smallest      1 largest
2019/11/22 20:26:05.94 #|1574454365.947166792|00#| work_queue_worker[1] wq: tx to master: info end_of_resource_update 0
2019/11/22 20:26:05.94 #|1574454365.947208561|00#| work_queue_worker[1] wq: tx to master: info tasks_running 0
2019/11/22 20:26:05.94 #|1574454365.947250652|00#| work_queue_worker[1] wq: working for master at 10.0.107.11:1026.
2019/11/22 20:26:07.45 #|1574454367.450576788|00#| work_queue_worker[1] wq: rx from master: put file-0-25930e3036f13852cb0b29694bbab611-nt/taxdb.bti 14920392 0644 1
2019/11/22 20:26:07.45 #|1574454367.450873791|00#| work_queue_worker[1] wq: Putting file file-0-25930e3036f13852cb0b29694bbab611-nt/taxdb.bti into workspace
2019/11/22 20:26:08.76 #|1574454368.764270047|00#| work_queue_worker[1] wq: rx from master: put file-0-25930e3036f13852cb0b29694bbab611-nt/nt.nal 752 0644 1
2019/11/22 20:26:08.76 #|1574454368.764390981|00#| work_queue_worker[1] wq: Putting file file-0-25930e3036f13852cb0b29694bbab611-nt/nt.nal into workspace
2019/11/22 20:26:08.76 #|1574454368.764627427|00#| work_queue_worker[1] wq: rx from master: put file-0-25930e3036f13852cb0b29694bbab611-nt/nt.44.nni 27220 0644 1
2019/11/22 20:26:08.76 #|1574454368.764673902|00#| work_queue_worker[1] wq: Putting file file-0-25930e3036f13852cb0b29694bbab611-nt/nt.44.nni into workspace
2019/11/22 20:26:08.76 #|1574454368.766603392|00#| work_queue_worker[1] wq: rx from master: put file-0-25930e3036f13852cb0b29694bbab611-nt/nt.44.nog 3378248 0644 1
2019/11/22 20:26:08.76 #|1574454368.766657725|00#| work_queue_worker[1] wq: Putting file file-0-25930e3036f13852cb0b29694bbab611-nt/nt.44.nog into workspace
2019/11/22 20:26:09.06 #|1574454369.63976377|00#| work_queue_worker[1] wq: rx from master: put file-0-25930e3036f13852cb0b29694bbab611-nt/taxdb.btd 141628361 0644 1
2019/11/22 20:26:09.06 #|1574454369.64044173|00#| work_queue_worker[1] wq: Putting file file-0-25930e3036f13852cb0b29694bbab611-nt/taxdb.btd into workspace
2019/11/22 20:26:18.31 #|1574454378.315523167|00#| work_queue_worker[1] wq: Failed to put file - file-0-25930e3036f13852cb0b29694bbab611-nt/taxdb.btd (Resource temporarily unavailable)
2019/11/22 20:26:18.33 #|1574454378.336180260|00#| work_queue_worker[1] wq: cleaning workspace /tmp/worker-0-1
2019/11/22 20:26:18.36 #|1574454378.366297974|00#| work_queue_worker[1] wq: disconnecting from master 10.0.107.11:1026
2019/11/22 20:26:18.36 #|1574454378.366407353|00#| work_queue_worker[1] tcp: disconnected from 10.0.107.11 port 1026
2019/11/22 20:26:18.36 #|1574454378.366427169|00#| work_queue_worker[1] wq: killing all outstanding tasks
2019/11/22 20:26:18.36 #|1574454378.366443156|00#| work_queue_worker[1] wq: all data structures are clean
2019/11/22 20:26:24.38 #|1574454384.383786415|00#| work_queue_worker[1] debug: error reading disk usage on directory: ./cache.
2019/11/22 20:26:24.38 #|1574454384.383906905|00#| work_queue_worker[1] tcp: connecting to 10.0.107.11 port 1026
2019/11/22 20:26:24.38 #|1574454384.388825841|00#| work_queue_worker[1] tcp: made connection to 10.0.107.11 port 1026
2019/11/22 20:26:24.38 #|1574454384.388891728|00#| work_queue_worker[1] wq: connected to master master:1026 via local address 10.0.107.16:46322
2019/11/22 20:26:24.38 #|1574454384.388914852|00#| work_queue_worker[1] wq: preparing workspace /tmp/worker-0-1
2019/11/22 20:26:24.38 #|1574454384.389205274|00#| work_queue_worker[1] dns: finding my hostname: uname = eacd803a7e83, address = 10.0.107.16, hostname = eacd803a7e83
2019/11/22 20:26:24.38 #|1574454384.389240730|00#| work_queue_worker[1] wq: tx to master: workqueue 8 eacd803a7e83 Linux x86_64 8.0.0
2019/11/22 20:26:24.38 #|1574454384.389352341|00#| work_queue_worker[1] wq: tx to master: info worker-id worker-eae7e1bdb18064e392be245ab5309927
2019/11/22 20:26:24.38 #|1574454384.389448837|00#| work_queue_worker[1] wq: tx to master: alive
2019/11/22 20:26:24.38 #|1574454384.389525784|00#| work_queue_worker[1] wq: Sending resource description to master:
2019/11/22 20:26:24.38 #|1574454384.389557087|00#| work_queue_worker[1] wq:  workers      0 inuse      1 total      1 smallest      1 largest
2019/11/22 20:26:24.38 #|1574454384.389641895|00#| work_queue_worker[1] wq:     disk      0 inuse 183176 total 183176 smallest 183176 largest
2019/11/22 20:26:24.38 #|1574454384.389716400|00#| work_queue_worker[1] wq:   memory      0 inuse   7749 total   7749 smallest   7749 largest
2019/11/22 20:26:24.38 #|1574454384.389807794|00#| work_queue_worker[1] wq:     gpus      0 inuse      0 total      0 smallest      0 largest
2019/11/22 20:26:24.38 #|1574454384.389893713|00#| work_queue_worker[1] wq:    cores      0 inuse      1 total      1 smallest      1 largest
2019/11/22 20:26:24.39 #|1574454384.390033566|00#| work_queue_worker[1] wq: tx to master: info end_of_resource_update 0
2019/11/22 20:26:24.39 #|1574454384.390116533|00#| work_queue_worker[1] wq: tx to master: info tasks_running 0
2019/11/22 20:26:24.39 #|1574454384.390166835|00#| work_queue_worker[1] wq: working for master at 10.0.107.11:1026.
2019/11/22 20:28:32.78 #|1574454512.789295973|00#| work_queue_worker[1] wq: rx from master: put file-0-25930e3036f13852cb0b29694bbab611-nt/taxdb.bti 14920392 0644 1
2019/11/22 20:28:32.78 #|1574454512.789398686|00#| work_queue_worker[1] wq: Putting file file-0-25930e3036f13852cb0b29694bbab611-nt/taxdb.bti into workspace
2019/11/22 20:28:34.11 #|1574454514.119812634|00#| work_queue_worker[1] wq: rx from master: put file-0-25930e3036f13852cb0b29694bbab611-nt/nt.nal 752 0644 1
2019/11/22 20:28:34.11 #|1574454514.119868152|00#| work_queue_worker[1] wq: Putting file file-0-25930e3036f13852cb0b29694bbab611-nt/nt.nal into workspace
2019/11/22 20:28:34.11 #|1574454514.119971439|00#| work_queue_worker[1] wq: rx from master: put file-0-25930e3036f13852cb0b29694bbab611-nt/nt.44.nni 27220 0644 1
2019/11/22 20:28:34.12 #|1574454514.120006421|00#| work_queue_worker[1] wq: Putting file file-0-25930e3036f13852cb0b29694bbab611-nt/nt.44.nni into workspace
2019/11/22 20:28:34.12 #|1574454514.120106571|00#| work_queue_worker[1] wq: rx from master: put file-0-25930e3036f13852cb0b29694bbab611-nt/nt.44.nog 3378248 0644 1
2019/11/22 20:28:34.12 #|1574454514.120138511|00#| work_queue_worker[1] wq: Putting file file-0-25930e3036f13852cb0b29694bbab611-nt/nt.44.nog into workspace
2019/11/22 20:28:34.40 #|1574454514.402675106|00#| work_queue_worker[1] wq: rx from master: put file-0-25930e3036f13852cb0b29694bbab611-nt/taxdb.btd 141628361 0644 1
2019/11/22 20:28:34.40 #|1574454514.402742728|00#| work_queue_worker[1] wq: Putting file file-0-25930e3036f13852cb0b29694bbab611-nt/taxdb.btd into workspace
2019/11/22 20:28:46.89 #|1574454526.896308106|00#| work_queue_worker[1] wq: rx from master: put file-0-25930e3036f13852cb0b29694bbab611-nt/nt.44.nhr 148534336 0644 1
2019/11/22 20:28:46.89 #|1574454526.896444821|00#| work_queue_worker[1] wq: Putting file file-0-25930e3036f13852cb0b29694bbab611-nt/nt.44.nhr into workspace
2019/11/22 20:28:59.98 #|1574454539.988420003|00#| work_queue_worker[1] wq: rx from master: put file-0-25930e3036f13852cb0b29694bbab611-nt/nt.44.nhi 338004 0644 1
2019/11/22 20:28:59.98 #|1574454539.988557561|00#| work_queue_worker[1] wq: Putting file file-0-25930e3036f13852cb0b29694bbab611-nt/nt.44.nhi into workspace
2019/11/22 20:28:59.99 #|1574454539.998245020|00#| work_queue_worker[1] wq: rx from master: put file-0-25930e3036f13852cb0b29694bbab611-nt/nt.44.nnd 6955488 0644 1
2019/11/22 20:28:59.99 #|1574454539.998319082|00#| work_queue_worker[1] wq: Putting file file-0-25930e3036f13852cb0b29694bbab611-nt/nt.44.nnd into workspace
2019/11/22 20:29:00.61 #|1574454540.611082637|00#| work_queue_worker[1] wq: rx from master: put file-0-25930e3036f13852cb0b29694bbab611-nt/nt.44.nhd 14869748 0644 1
2019/11/22 20:29:00.61 #|1574454540.611208284|00#| work_queue_worker[1] wq: Putting file file-0-25930e3036f13852cb0b29694bbab611-nt/nt.44.nhd into workspace
2019/11/22 20:29:01.92 #|1574454541.921606882|00#| work_queue_worker[1] wq: rx from master: put file-0-25930e3036f13852cb0b29694bbab611-nt/nt.44.nsq 974099786 0644 1
2019/11/22 20:29:01.92 #|1574454541.921736044|00#| work_queue_worker[1] wq: Putting file file-0-25930e3036f13852cb0b29694bbab611-nt/nt.44.nsq into workspace
2019/11/22 20:30:27.78 #|1574454627.780286856|00#| work_queue_worker[1] wq: rx from master: put file-0-25930e3036f13852cb0b29694bbab611-nt/nt.44.nin 10134740 0644 1
2019/11/22 20:30:27.78 #|1574454627.780419032|00#| work_queue_worker[1] wq: Putting file file-0-25930e3036f13852cb0b29694bbab611-nt/nt.44.nin into workspace
2019/11/22 20:30:28.65 #|1574454628.654506480|00#| work_queue_worker[1] wq: rx from master: put file-0-25930e3036f13852cb0b29694bbab611-nt/nt.44.nsi 764650 0644 1
2019/11/22 20:30:28.65 #|1574454628.654642737|00#| work_queue_worker[1] wq: Putting file file-0-25930e3036f13852cb0b29694bbab611-nt/nt.44.nsi into workspace
2019/11/22 20:30:28.72 #|1574454628.721829591|00#| work_queue_worker[1] wq: rx from master: put file-0-25930e3036f13852cb0b29694bbab611-nt/nt.44.nsd 33299557 0644 1
2019/11/22 20:30:28.72 #|1574454628.721957240|00#| work_queue_worker[1] wq: Putting file file-0-25930e3036f13852cb0b29694bbab611-nt/nt.44.nsd into workspace
2019/11/22 20:30:31.65 #|1574454631.656044290|00#| work_queue_worker[1] wq: rx from master: put file-0-3410183026126208c01eade572fb5bdf-test.fasta.8 10110 0644 1
2019/11/22 20:30:31.65 #|1574454631.656167580|00#| work_queue_worker[1] wq: Putting file file-0-3410183026126208c01eade572fb5bdf-test.fasta.8 into workspace
2019/11/22 20:30:31.65 #|1574454631.656968129|00#| work_queue_worker[1] wq: rx from master: put file-0-daa9c57850b857b80eefebbca6aa18ce-blastall 7687410 0755 1
2019/11/22 20:30:31.65 #|1574454631.657060578|00#| work_queue_worker[1] wq: Putting file file-0-daa9c57850b857b80eefebbca6aa18ce-blastall into workspace
2019/11/22 20:30:32.35 #|1574454632.356470609|00#| work_queue_worker[1] wq: rx from master: task 12
2019/11/22 20:30:32.35 #|1574454632.356641647|00#| work_queue_worker[1] wq: rx from master: cmd 85
2019/11/22 20:30:32.35 #|1574454632.356689994|00#| work_queue_worker[1] wq: rx from master: ./blastall -p blastn -d nt/nt -i test.fasta.8 -o test.fasta.8.out 2> test.fasta.8.err
2019/11/22 20:30:32.35 #|1574454632.356712908|00#| work_queue_worker[1] wq: rx from master: category default
2019/11/22 20:30:32.35 #|1574454632.356748273|00#| work_queue_worker[1] wq: rx from master: cores 1
2019/11/22 20:30:32.35 #|1574454632.356773497|00#| work_queue_worker[1] wq: rx from master: memory 7749
2019/11/22 20:30:32.35 #|1574454632.356798200|00#| work_queue_worker[1] wq: rx from master: disk 183176
2019/11/22 20:30:32.35 #|1574454632.356822703|00#| work_queue_worker[1] wq: rx from master: gpus 0
2019/11/22 20:30:32.35 #|1574454632.356848024|00#| work_queue_worker[1] wq: rx from master: end_time 18446744073709551615
2019/11/22 20:30:32.35 #|1574454632.356874712|00#| work_queue_worker[1] wq: rx from master: wall_time 18446744073709551615
2019/11/22 20:30:32.35 #|1574454632.356899662|00#| work_queue_worker[1] wq: rx from master: env 7
2019/11/22 20:30:32.35 #|1574454632.356929483|00#| work_queue_worker[1] wq: rx from master: env 17
2019/11/22 20:30:32.35 #|1574454632.356958540|00#| work_queue_worker[1] wq: rx from master: infile file-0-25930e3036f13852cb0b29694bbab611-nt nt 1
2019/11/22 20:30:32.35 #|1574454632.357017177|00#| work_queue_worker[1] wq: rx from master: infile file-0-3410183026126208c01eade572fb5bdf-test.fasta.8 test.fasta.8 1
2019/11/22 20:30:32.35 #|1574454632.357060797|00#| work_queue_worker[1] wq: rx from master: infile file-0-daa9c57850b857b80eefebbca6aa18ce-blastall blastall 1
2019/11/22 20:30:32.35 #|1574454632.357100558|00#| work_queue_worker[1] wq: rx from master: outfile file-0-377034d337ce566c4f64a77efabc1f23-test.fasta.8.err test.fasta.8.err 1
2019/11/22 20:30:32.35 #|1574454632.357143275|00#| work_queue_worker[1] wq: rx from master: outfile file-0-599ca89112d700f3c1cc921c2abd9aaa-test.fasta.8.out test.fasta.8.out 1
2019/11/22 20:30:32.35 #|1574454632.357182786|00#| work_queue_worker[1] wq: rx from master: end
2019/11/22 20:30:32.35 #|1574454632.357478828|00#| work_queue_worker[1] wq: linking cache/file-0-25930e3036f13852cb0b29694bbab611-nt to /tmp/worker-0-1/t.12/nt
2019/11/22 20:30:32.35 #|1574454632.358050899|00#| work_queue_worker[1] wq: linking cache/file-0-3410183026126208c01eade572fb5bdf-test.fasta.8 to /tmp/worker-0-1/t.12/test.fasta.8
2019/11/22 20:30:32.35 #|1574454632.358142057|00#| work_queue_worker[1] wq: linking cache/file-0-daa9c57850b857b80eefebbca6aa18ce-blastall to /tmp/worker-0-1/t.12/blastall
2019/11/22 20:30:32.35 #|1574454632.358211649|00#| work_queue_worker[1] wq: Waiting task 12 has been forsaken.
2019/11/22 20:30:32.35 #|1574454632.358237972|00#| work_queue_worker[1] wq: tx to master: alive
2019/11/22 20:30:32.35 #|1574454632.358378911|00#| work_queue_worker[1] wq: Sending resource description to master:
2019/11/22 20:30:32.35 #|1574454632.358406982|00#| work_queue_worker[1] wq:  workers      0 inuse      1 total      1 smallest      1 largest
2019/11/22 20:30:32.35 #|1574454632.358548662|00#| work_queue_worker[1] wq:     disk   1294 inuse 181779 total 181779 smallest 181779 largest
2019/11/22 20:30:32.35 #|1574454632.358658046|00#| work_queue_worker[1] wq:   memory      0 inuse   7749 total   7749 smallest   7749 largest
2019/11/22 20:30:32.35 #|1574454632.358807486|00#| work_queue_worker[1] wq:     gpus      0 inuse      0 total      0 smallest      0 largest
2019/11/22 20:30:32.35 #|1574454632.358940050|00#| work_queue_worker[1] wq:    cores      0 inuse      1 total      1 smallest      1 largest
2019/11/22 20:30:32.35 #|1574454632.359098530|00#| work_queue_worker[1] wq: tx to master: info end_of_resource_update 0
2019/11/22 20:30:32.35 #|1574454632.359233010|00#| work_queue_worker[1] wq: tx to master: info tasks_running 0
2019/11/22 20:30:32.35 #|1574454632.359347301|00#| work_queue_worker[1] wq: tx to master: info tasks_running 0
2019/11/22 20:30:32.35 #|1574454632.359556322|00#| work_queue_worker[1] wq: tx to master: available_results
2019/11/22 20:32:34.34 #|1574454754.345319312|00#| work_queue_worker[1] wq: rx from master: check
2019/11/22 20:32:34.34 #|1574454754.345473608|00#| work_queue_worker[1] wq: tx to master: alive
2019/11/22 20:32:34.34 #|1574454754.346450891|00#| work_queue_worker[1] wq: tx to master: info tasks_running 0
2019/11/22 20:32:34.34 #|1574454754.348214440|00#| work_queue_worker[1] wq: rx from master: send_results -1
2019/11/22 20:32:34.34 #|1574454754.348301302|00#| work_queue_worker[1] wq: tx to master: result 40 0 0 0 12
2019/11/22 20:32:34.34 #|1574454754.348425422|00#| work_queue_worker[1] wq: tx to master: info tasks_running 0
2019/11/22 20:32:34.34 #|1574454754.348555991|00#| work_queue_worker[1] wq: tx to master: end
2019/11/22 20:32:34.35 #|1574454754.351119006|00#| work_queue_worker[1] wq: rx from master: put file-0-40fd5f960224a9a20c2e8e46163bd3bc-test.fasta.0 10101 0644 1
2019/11/22 20:32:34.35 #|1574454754.351230554|00#| work_queue_worker[1] wq: Putting file file-0-40fd5f960224a9a20c2e8e46163bd3bc-test.fasta.0 into workspace
2019/11/22 20:32:34.35 #|1574454754.352225277|00#| work_queue_worker[1] wq: rx from master: task 20
2019/11/22 20:32:34.35 #|1574454754.352295648|00#| work_queue_worker[1] wq: rx from master: cmd 85
2019/11/22 20:32:34.35 #|1574454754.352343547|00#| work_queue_worker[1] wq: rx from master: ./blastall -p blastn -d nt/nt -i test.fasta.0 -o test.fasta.0.out 2> test.fasta.0.err
2019/11/22 20:32:34.35 #|1574454754.352389138|00#| work_queue_worker[1] wq: rx from master: category default
2019/11/22 20:32:34.35 #|1574454754.352433008|00#| work_queue_worker[1] wq: rx from master: cores 1
2019/11/22 20:32:34.35 #|1574454754.352474456|00#| work_queue_worker[1] wq: rx from master: memory 7749
2019/11/22 20:32:34.35 #|1574454754.352520555|00#| work_queue_worker[1] wq: rx from master: disk 181779
2019/11/22 20:32:34.35 #|1574454754.352567232|00#| work_queue_worker[1] wq: rx from master: gpus 0
2019/11/22 20:32:34.35 #|1574454754.352611603|00#| work_queue_worker[1] wq: rx from master: end_time 18446744073709551615
2019/11/22 20:32:34.35 #|1574454754.352655249|00#| work_queue_worker[1] wq: rx from master: wall_time 18446744073709551615
2019/11/22 20:32:34.35 #|1574454754.352696768|00#| work_queue_worker[1] wq: rx from master: env 7
2019/11/22 20:32:34.35 #|1574454754.352749545|00#| work_queue_worker[1] wq: rx from master: env 17
2019/11/22 20:32:34.35 #|1574454754.352801480|00#| work_queue_worker[1] wq: rx from master: infile file-0-25930e3036f13852cb0b29694bbab611-nt nt 1
2019/11/22 20:32:34.35 #|1574454754.352872730|00#| work_queue_worker[1] wq: rx from master: infile file-0-40fd5f960224a9a20c2e8e46163bd3bc-test.fasta.0 test.fasta.0 1
2019/11/22 20:32:34.35 #|1574454754.352947126|00#| work_queue_worker[1] wq: rx from master: infile file-0-daa9c57850b857b80eefebbca6aa18ce-blastall blastall 1
2019/11/22 20:32:34.35 #|1574454754.353024016|00#| work_queue_worker[1] wq: rx from master: outfile file-0-d3c5f1deffb290ea5b83fcdb7aa44689-test.fasta.0.err test.fasta.0.err 1
2019/11/22 20:32:34.35 #|1574454754.353110697|00#| work_queue_worker[1] wq: rx from master: outfile file-0-19aaebb99ff439298563042059681cfe-test.fasta.0.out test.fasta.0.out 1
2019/11/22 20:32:34.35 #|1574454754.353209866|00#| work_queue_worker[1] wq: rx from master: end
2019/11/22 20:32:34.35 #|1574454754.353532898|00#| work_queue_worker[1] wq: linking cache/file-0-25930e3036f13852cb0b29694bbab611-nt to /tmp/worker-0-1/t.20/nt
2019/11/22 20:32:34.35 #|1574454754.354467587|00#| work_queue_worker[1] wq: linking cache/file-0-40fd5f960224a9a20c2e8e46163bd3bc-test.fasta.0 to /tmp/worker-0-1/t.20/test.fasta.0
2019/11/22 20:32:34.35 #|1574454754.354626109|00#| work_queue_worker[1] wq: linking cache/file-0-daa9c57850b857b80eefebbca6aa18ce-blastall to /tmp/worker-0-1/t.20/blastall
2019/11/22 20:32:34.35 #|1574454754.354742191|00#| work_queue_worker[1] wq: Waiting task 20 has been forsaken.
2019/11/22 20:32:34.35 #|1574454754.354786826|00#| work_queue_worker[1] wq: tx to master: alive
2019/11/22 20:32:34.35 #|1574454754.354920615|00#| work_queue_worker[1] wq: Sending resource description to master:
2019/11/22 20:32:34.35 #|1574454754.354968882|00#| work_queue_worker[1] wq:  workers      0 inuse      1 total      1 smallest      1 largest
2019/11/22 20:32:34.35 #|1574454754.355080384|00#| work_queue_worker[1] wq:     disk   1294 inuse 180550 total 180550 smallest 180550 largest
2019/11/22 20:32:34.35 #|1574454754.355204290|00#| work_queue_worker[1] wq:   memory      0 inuse   7749 total   7749 smallest   7749 largest
2019/11/22 20:32:34.35 #|1574454754.355325079|00#| work_queue_worker[1] wq:     gpus      0 inuse      0 total      0 smallest      0 largest
2019/11/22 20:32:34.35 #|1574454754.355525427|00#| work_queue_worker[1] wq:    cores      0 inuse      1 total      1 smallest      1 largest
2019/11/22 20:32:34.35 #|1574454754.355697915|00#| work_queue_worker[1] wq: tx to master: info end_of_resource_update 0
2019/11/22 20:32:34.35 #|1574454754.355778505|00#| work_queue_worker[1] wq: tx to master: info tasks_running 0
2019/11/22 20:32:34.35 #|1574454754.355857419|00#| work_queue_worker[1] wq: tx to master: info tasks_running 0
2019/11/22 20:32:34.35 #|1574454754.355935764|00#| work_queue_worker[1] wq: tx to master: available_results
2019/11/22 20:34:36.14 #|1574454876.141521087|00#| work_queue_worker[1] wq: rx from master: check
2019/11/22 20:34:36.14 #|1574454876.141680531|00#| work_queue_worker[1] wq: tx to master: alive
2019/11/22 20:34:36.14 #|1574454876.141988856|00#| work_queue_worker[1] wq: tx to master: info tasks_running 0
2019/11/22 20:34:36.14 #|1574454876.142297615|00#| work_queue_worker[1] wq: rx from master: send_results -1
2019/11/22 20:34:36.14 #|1574454876.142500244|00#| work_queue_worker[1] wq: tx to master: result 40 0 0 0 20
2019/11/22 20:34:36.14 #|1574454876.142653584|00#| work_queue_worker[1] wq: tx to master: info tasks_running 0
2019/11/22 20:34:36.14 #|1574454876.142747423|00#| work_queue_worker[1] wq: tx to master: end
2019/11/22 20:34:36.14 #|1574454876.145545331|00#| work_queue_worker[1] wq: rx from master: task 12
2019/11/22 20:34:36.14 #|1574454876.145651411|00#| work_queue_worker[1] wq: rx from master: cmd 85
2019/11/22 20:34:36.14 #|1574454876.145763931|00#| work_queue_worker[1] wq: rx from master: ./blastall -p blastn -d nt/nt -i test.fasta.8 -o test.fasta.8.out 2> test.fasta.8.err
2019/11/22 20:34:36.14 #|1574454876.145795126|00#| work_queue_worker[1] wq: rx from master: category default
2019/11/22 20:34:36.14 #|1574454876.145823196|00#| work_queue_worker[1] wq: rx from master: cores 1
2019/11/22 20:34:36.14 #|1574454876.145849951|00#| work_queue_worker[1] wq: rx from master: memory 7749
2019/11/22 20:34:36.14 #|1574454876.145878222|00#| work_queue_worker[1] wq: rx from master: disk 180550
2019/11/22 20:34:36.14 #|1574454876.145927361|00#| work_queue_worker[1] wq: rx from master: gpus 0
2019/11/22 20:34:36.14 #|1574454876.145977559|00#| work_queue_worker[1] wq: rx from master: end_time 18446744073709551615
2019/11/22 20:34:36.14 #|1574454876.146038598|00#| work_queue_worker[1] wq: rx from master: wall_time 18446744073709551615
2019/11/22 20:34:36.14 #|1574454876.146107503|00#| work_queue_worker[1] wq: rx from master: env 7
2019/11/22 20:34:36.14 #|1574454876.146153354|00#| work_queue_worker[1] wq: rx from master: env 17
2019/11/22 20:34:36.14 #|1574454876.146198874|00#| work_queue_worker[1] wq: rx from master: infile file-0-25930e3036f13852cb0b29694bbab611-nt nt 1
2019/11/22 20:34:36.14 #|1574454876.146273228|00#| work_queue_worker[1] wq: rx from master: infile file-0-3410183026126208c01eade572fb5bdf-test.fasta.8 test.fasta.8 1
2019/11/22 20:34:36.14 #|1574454876.146327097|00#| work_queue_worker[1] wq: rx from master: infile file-0-daa9c57850b857b80eefebbca6aa18ce-blastall blastall 1
2019/11/22 20:34:36.14 #|1574454876.146383149|00#| work_queue_worker[1] wq: rx from master: outfile file-0-377034d337ce566c4f64a77efabc1f23-test.fasta.8.err test.fasta.8.err 1
2019/11/22 20:34:36.14 #|1574454876.146439244|00#| work_queue_worker[1] wq: rx from master: outfile file-0-599ca89112d700f3c1cc921c2abd9aaa-test.fasta.8.out test.fasta.8.out 1
2019/11/22 20:34:36.14 #|1574454876.146506554|00#| work_queue_worker[1] wq: rx from master: end
2019/11/22 20:34:36.14 #|1574454876.146766528|00#| work_queue_worker[1] wq: linking cache/file-0-25930e3036f13852cb0b29694bbab611-nt to /tmp/worker-0-1/t.12/nt
2019/11/22 20:34:36.14 #|1574454876.146945902|00#| work_queue_worker[1] wq: linking cache/file-0-3410183026126208c01eade572fb5bdf-test.fasta.8 to /tmp/worker-0-1/t.12/test.fasta.8
2019/11/22 20:34:36.14 #|1574454876.147005322|00#| work_queue_worker[1] wq: linking cache/file-0-daa9c57850b857b80eefebbca6aa18ce-blastall to /tmp/worker-0-1/t.12/blastall
2019/11/22 20:34:36.14 #|1574454876.147072605|00#| work_queue_worker[1] wq: Waiting task 12 has been forsaken.
2019/11/22 20:34:36.14 #|1574454876.147089840|00#| work_queue_worker[1] wq: tx to master: alive
2019/11/22 20:34:36.14 #|1574454876.147149474|00#| work_queue_worker[1] wq: Sending resource description to master:
2019/11/22 20:34:36.14 #|1574454876.147166853|00#| work_queue_worker[1] wq:  workers      0 inuse      1 total      1 smallest      1 largest
2019/11/22 20:34:36.14 #|1574454876.147223916|00#| work_queue_worker[1] wq:     disk   1294 inuse 179248 total 179248 smallest 179248 largest
2019/11/22 20:34:36.14 #|1574454876.147284834|00#| work_queue_worker[1] wq:   memory      0 inuse   7749 total   7749 smallest   7749 largest
2019/11/22 20:34:36.14 #|1574454876.147335592|00#| work_queue_worker[1] wq:     gpus      0 inuse      0 total      0 smallest      0 largest
2019/11/22 20:34:36.14 #|1574454876.147423236|00#| work_queue_worker[1] wq:    cores      0 inuse      1 total      1 smallest      1 largest
2019/11/22 20:34:36.14 #|1574454876.147516844|00#| work_queue_worker[1] wq: tx to master: info end_of_resource_update 0
2019/11/22 20:34:36.14 #|1574454876.147583853|00#| work_queue_worker[1] wq: tx to master: info tasks_running 0
2019/11/22 20:34:36.14 #|1574454876.147645859|00#| work_queue_worker[1] wq: tx to master: info tasks_running 0
2019/11/22 20:34:36.14 #|1574454876.147695804|00#| work_queue_worker[1] wq: tx to master: available_results
2019/11/22 20:34:38.16 #|1574454878.162925135|00#| work_queue_worker[1] wq: rx from master: send_results -1
2019/11/22 20:34:38.16 #|1574454878.162988263|00#| work_queue_worker[1] wq: tx to master: result 40 0 0 0 12
2019/11/22 20:34:38.16 #|1574454878.163071453|00#| work_queue_worker[1] wq: tx to master: info tasks_running 0
2019/11/22 20:34:38.16 #|1574454878.163131741|00#| work_queue_worker[1] wq: tx to master: end
2019/11/22 20:34:38.16 #|1574454878.163688000|00#| work_queue_worker[1] wq: rx from master: put file-0-fc9a4f7caa888a46e12e2e1209ae754c-test.fasta.5 10110 0644 1
2019/11/22 20:34:38.16 #|1574454878.163731918|00#| work_queue_worker[1] wq: Putting file file-0-fc9a4f7caa888a46e12e2e1209ae754c-test.fasta.5 into workspace
2019/11/22 20:34:38.16 #|1574454878.164918937|00#| work_queue_worker[1] wq: rx from master: task 15
2019/11/22 20:34:38.16 #|1574454878.164946595|00#| work_queue_worker[1] wq: rx from master: cmd 85
2019/11/22 20:34:38.16 #|1574454878.164963109|00#| work_queue_worker[1] wq: rx from master: ./blastall -p blastn -d nt/nt -i test.fasta.5 -o test.fasta.5.out 2> test.fasta.5.err
2019/11/22 20:34:38.16 #|1574454878.164988995|00#| work_queue_worker[1] wq: rx from master: category default
2019/11/22 20:34:38.16 #|1574454878.165004189|00#| work_queue_worker[1] wq: rx from master: cores 1
2019/11/22 20:34:38.16 #|1574454878.165019403|00#| work_queue_worker[1] wq: rx from master: memory 7749
2019/11/22 20:34:38.16 #|1574454878.165034472|00#| work_queue_worker[1] wq: rx from master: disk 179248
2019/11/22 20:34:38.16 #|1574454878.165049146|00#| work_queue_worker[1] wq: rx from master: gpus 0
2019/11/22 20:34:38.16 #|1574454878.165063864|00#| work_queue_worker[1] wq: rx from master: end_time 18446744073709551615
2019/11/22 20:34:38.16 #|1574454878.165079742|00#| work_queue_worker[1] wq: rx from master: wall_time 18446744073709551615
2019/11/22 20:34:38.16 #|1574454878.165094414|00#| work_queue_worker[1] wq: rx from master: env 7
2019/11/22 20:34:38.16 #|1574454878.165112120|00#| work_queue_worker[1] wq: rx from master: env 17
2019/11/22 20:34:38.16 #|1574454878.165129091|00#| work_queue_worker[1] wq: rx from master: infile file-0-25930e3036f13852cb0b29694bbab611-nt nt 1
2019/11/22 20:34:38.16 #|1574454878.165157201|00#| work_queue_worker[1] wq: rx from master: infile file-0-fc9a4f7caa888a46e12e2e1209ae754c-test.fasta.5 test.fasta.5 1
2019/11/22 20:34:38.16 #|1574454878.165181864|00#| work_queue_worker[1] wq: rx from master: infile file-0-daa9c57850b857b80eefebbca6aa18ce-blastall blastall 1
2019/11/22 20:34:38.16 #|1574454878.165211888|00#| work_queue_worker[1] wq: rx from master: outfile file-0-a828eb0064de4217d91adefe024593ea-test.fasta.5.err test.fasta.5.err 1
2019/11/22 20:34:38.16 #|1574454878.165237621|00#| work_queue_worker[1] wq: rx from master: outfile file-0-fbd2f53190114c61134d5302430022bd-test.fasta.5.out test.fasta.5.out 1
2019/11/22 20:34:38.16 #|1574454878.165262030|00#| work_queue_worker[1] wq: rx from master: end
2019/11/22 20:34:38.16 #|1574454878.165414710|00#| work_queue_worker[1] wq: linking cache/file-0-25930e3036f13852cb0b29694bbab611-nt to /tmp/worker-0-1/t.15/nt
2019/11/22 20:34:38.16 #|1574454878.165768287|00#| work_queue_worker[1] wq: linking cache/file-0-fc9a4f7caa888a46e12e2e1209ae754c-test.fasta.5 to /tmp/worker-0-1/t.15/test.fasta.5
2019/11/22 20:34:38.16 #|1574454878.165821728|00#| work_queue_worker[1] wq: linking cache/file-0-daa9c57850b857b80eefebbca6aa18ce-blastall to /tmp/worker-0-1/t.15/blastall
2019/11/22 20:34:38.16 #|1574454878.166072171|00#| work_queue_worker[1] wq: started process 9: ./blastall -p blastn -d nt/nt -i test.fasta.5 -o test.fasta.5.out 2> test.fasta.5.err
2019/11/22 20:34:38.16 #|1574454878.166122427|00#| work_queue_worker[1] wq: tx to master: info tasks_running 1
2019/11/22 20:34:57.43 #|1574454897.439173409|00#| work_queue_worker[1] wq: task 15 (pid 9) exited normally with exit code 0
2019/11/22 20:34:57.43 #|1574454897.439303424|00#| work_queue_worker[1] wq: moving output file from /tmp/worker-0-1/t.15/test.fasta.5.err to cache/file-0-a828eb0064de4217d91adefe024593ea-test.fasta.5.err
2019/11/22 20:34:57.43 #|1574454897.439747335|00#| work_queue_worker[1] wq: moving output file from /tmp/worker-0-1/t.15/test.fasta.5.out to cache/file-0-fbd2f53190114c61134d5302430022bd-test.fasta.5.out
2019/11/22 20:34:57.43 #|1574454897.439845034|00#| work_queue_worker[1] wq: tx to master: available_results
2019/11/22 20:34:57.85 #|1574454897.850622560|00#| work_queue_worker[1] wq: rx from master: send_results -1
2019/11/22 20:34:57.85 #|1574454897.850705931|00#| work_queue_worker[1] wq: tx to master: result 0 0 0 19273394 15
2019/11/22 20:34:57.85 #|1574454897.850793816|00#| work_queue_worker[1] wq: tx to master: info tasks_running 0
2019/11/22 20:34:57.85 #|1574454897.850847233|00#| work_queue_worker[1] wq: tx to master: end
2019/11/22 20:34:57.85 #|1574454897.851981076|00#| work_queue_worker[1] wq: rx from master: get file-0-a828eb0064de4217d91adefe024593ea-test.fasta.5.err 1
2019/11/22 20:34:57.85 #|1574454897.852029179|00#| work_queue_worker[1] wq: tx to master: file file-0-a828eb0064de4217d91adefe024593ea-test.fasta.5.err 0
2019/11/22 20:34:57.85 #|1574454897.852100514|00#| work_queue_worker[1] wq: tx to master: end
2019/11/22 20:34:57.85 #|1574454897.852640433|00#| work_queue_worker[1] wq: rx from master: get file-0-fbd2f53190114c61134d5302430022bd-test.fasta.5.out 1
2019/11/22 20:34:57.85 #|1574454897.852672734|00#| work_queue_worker[1] wq: tx to master: file file-0-fbd2f53190114c61134d5302430022bd-test.fasta.5.out 26060
2019/11/22 20:34:57.85 #|1574454897.852823589|00#| work_queue_worker[1] wq: tx to master: end
2019/11/22 20:34:57.85 #|1574454897.855680371|00#| work_queue_worker[1] wq: rx from master: kill 15
2019/11/22 20:34:57.86 #|1574454897.863344941|00#| work_queue_worker[1] wq: rx from master: put file-0-396e442289ce14a42a6f16a9e7d1098a-test.fasta.10 10120 0644 1
2019/11/22 20:34:57.86 #|1574454897.863462235|00#| work_queue_worker[1] wq: Putting file file-0-396e442289ce14a42a6f16a9e7d1098a-test.fasta.10 into workspace
2019/11/22 20:34:57.86 #|1574454897.864240137|00#| work_queue_worker[1] wq: rx from master: task 10
2019/11/22 20:34:57.86 #|1574454897.864291971|00#| work_queue_worker[1] wq: rx from master: cmd 88
2019/11/22 20:34:57.86 #|1574454897.864329440|00#| work_queue_worker[1] wq: rx from master: ./blastall -p blastn -d nt/nt -i test.fasta.10 -o test.fasta.10.out 2> test.fasta.10.err
2019/11/22 20:34:57.86 #|1574454897.864346797|00#| work_queue_worker[1] wq: rx from master: category default
2019/11/22 20:34:57.86 #|1574454897.864361533|00#| work_queue_worker[1] wq: rx from master: cores 1
2019/11/22 20:34:57.86 #|1574454897.864376557|00#| work_queue_worker[1] wq: rx from master: memory 7749
2019/11/22 20:34:57.86 #|1574454897.864391209|00#| work_queue_worker[1] wq: rx from master: disk 179248
2019/11/22 20:34:57.86 #|1574454897.864405988|00#| work_queue_worker[1] wq: rx from master: gpus 0
2019/11/22 20:34:57.86 #|1574454897.864420905|00#| work_queue_worker[1] wq: rx from master: end_time 18446744073709551615
2019/11/22 20:34:57.86 #|1574454897.864466824|00#| work_queue_worker[1] wq: rx from master: wall_time 18446744073709551615
2019/11/22 20:34:57.86 #|1574454897.864485809|00#| work_queue_worker[1] wq: rx from master: env 7
2019/11/22 20:34:57.86 #|1574454897.864504628|00#| work_queue_worker[1] wq: rx from master: env 17
2019/11/22 20:34:57.86 #|1574454897.864522575|00#| work_queue_worker[1] wq: rx from master: infile file-0-25930e3036f13852cb0b29694bbab611-nt nt 1
2019/11/22 20:34:57.86 #|1574454897.864557482|00#| work_queue_worker[1] wq: rx from master: infile file-0-396e442289ce14a42a6f16a9e7d1098a-test.fasta.10 test.fasta.10 1
2019/11/22 20:34:57.86 #|1574454897.864586574|00#| work_queue_worker[1] wq: rx from master: infile file-0-daa9c57850b857b80eefebbca6aa18ce-blastall blastall 1
2019/11/22 20:34:57.86 #|1574454897.864611676|00#| work_queue_worker[1] wq: rx from master: outfile file-0-400c24b98082241c2985bbd9995eb1ac-test.fasta.10.err test.fasta.10.err 1
2019/11/22 20:34:57.86 #|1574454897.864637540|00#| work_queue_worker[1] wq: rx from master: outfile file-0-64d383240390d4f9cc137c625132db75-test.fasta.10.out test.fasta.10.out 1
2019/11/22 20:34:57.86 #|1574454897.864663791|00#| work_queue_worker[1] wq: rx from master: end
2019/11/22 20:34:57.86 #|1574454897.864806340|00#| work_queue_worker[1] wq: linking cache/file-0-25930e3036f13852cb0b29694bbab611-nt to /tmp/worker-0-1/t.10/nt
2019/11/22 20:34:57.86 #|1574454897.865373055|00#| work_queue_worker[1] wq: linking cache/file-0-396e442289ce14a42a6f16a9e7d1098a-test.fasta.10 to /tmp/worker-0-1/t.10/test.fasta.10
2019/11/22 20:34:57.86 #|1574454897.865450681|00#| work_queue_worker[1] wq: linking cache/file-0-daa9c57850b857b80eefebbca6aa18ce-blastall to /tmp/worker-0-1/t.10/blastall
2019/11/22 20:34:57.86 #|1574454897.865676537|00#| work_queue_worker[1] wq: started process 11: ./blastall -p blastn -d nt/nt -i test.fasta.10 -o test.fasta.10.out 2> test.fasta.10.err
2019/11/22 20:34:57.86 #|1574454897.865723823|00#| work_queue_worker[1] wq: tx to master: info tasks_running 1
2019/11/22 20:35:19.11 #|1574454919.111553855|00#| work_queue_worker[1] wq: task 10 (pid 11) exited normally with exit code 0
2019/11/22 20:35:19.11 #|1574454919.112023121|00#| work_queue_worker[1] wq: moving output file from /tmp/worker-0-1/t.10/test.fasta.10.err to cache/file-0-400c24b98082241c2985bbd9995eb1ac-test.fasta.10.err
2019/11/22 20:35:19.11 #|1574454919.112203312|00#| work_queue_worker[1] wq: moving output file from /tmp/worker-0-1/t.10/test.fasta.10.out to cache/file-0-64d383240390d4f9cc137c625132db75-test.fasta.10.out
2019/11/22 20:35:19.11 #|1574454919.112314493|00#| work_queue_worker[1] wq: tx to master: available_results
2019/11/22 20:35:19.11 #|1574454919.112914355|00#| work_queue_worker[1] wq: rx from master: send_results -1
2019/11/22 20:35:19.11 #|1574454919.112961103|00#| work_queue_worker[1] wq: tx to master: result 0 0 0 21246219 10
2019/11/22 20:35:19.11 #|1574454919.113033971|00#| work_queue_worker[1] wq: tx to master: info tasks_running 0
2019/11/22 20:35:19.11 #|1574454919.113091659|00#| work_queue_worker[1] wq: tx to master: end
2019/11/22 20:35:19.11 #|1574454919.113571607|00#| work_queue_worker[1] wq: rx from master: get file-0-400c24b98082241c2985bbd9995eb1ac-test.fasta.10.err 1
2019/11/22 20:35:19.11 #|1574454919.113615137|00#| work_queue_worker[1] wq: tx to master: file file-0-400c24b98082241c2985bbd9995eb1ac-test.fasta.10.err 0
2019/11/22 20:35:19.11 #|1574454919.113673620|00#| work_queue_worker[1] wq: tx to master: end
2019/11/22 20:35:19.11 #|1574454919.114291023|00#| work_queue_worker[1] wq: rx from master: get file-0-64d383240390d4f9cc137c625132db75-test.fasta.10.out 1
2019/11/22 20:35:19.11 #|1574454919.114327567|00#| work_queue_worker[1] wq: tx to master: file file-0-64d383240390d4f9cc137c625132db75-test.fasta.10.out 102868
2019/11/22 20:35:19.11 #|1574454919.116783926|00#| work_queue_worker[1] wq: tx to master: end
2019/11/22 20:35:19.12 #|1574454919.124516451|00#| work_queue_worker[1] wq: rx from master: kill 10
2019/11/22 20:35:19.12 #|1574454919.125181496|00#| work_queue_worker[1] wq: rx from master: task 12
2019/11/22 20:35:19.12 #|1574454919.125218497|00#| work_queue_worker[1] wq: rx from master: cmd 85
2019/11/22 20:35:19.12 #|1574454919.125238317|00#| work_queue_worker[1] wq: rx from master: ./blastall -p blastn -d nt/nt -i test.fasta.8 -o test.fasta.8.out 2> test.fasta.8.err
2019/11/22 20:35:19.12 #|1574454919.125252519|00#| work_queue_worker[1] wq: rx from master: category default
2019/11/22 20:35:19.12 #|1574454919.125268242|00#| work_queue_worker[1] wq: rx from master: cores 1
2019/11/22 20:35:19.12 #|1574454919.125317520|00#| work_queue_worker[1] wq: rx from master: memory 7749
2019/11/22 20:35:19.12 #|1574454919.125336357|00#| work_queue_worker[1] wq: rx from master: disk 179248
2019/11/22 20:35:19.12 #|1574454919.125351672|00#| work_queue_worker[1] wq: rx from master: gpus 0
2019/11/22 20:35:19.12 #|1574454919.125367451|00#| work_queue_worker[1] wq: rx from master: end_time 18446744073709551615
2019/11/22 20:35:19.12 #|1574454919.125550378|00#| work_queue_worker[1] wq: rx from master: wall_time 18446744073709551615
2019/11/22 20:35:19.12 #|1574454919.125577276|00#| work_queue_worker[1] wq: rx from master: env 7
2019/11/22 20:35:19.12 #|1574454919.125597832|00#| work_queue_worker[1] wq: rx from master: env 17
2019/11/22 20:35:19.12 #|1574454919.125616030|00#| work_queue_worker[1] wq: rx from master: infile file-0-25930e3036f13852cb0b29694bbab611-nt nt 1
2019/11/22 20:35:19.12 #|1574454919.125657208|00#| work_queue_worker[1] wq: rx from master: infile file-0-3410183026126208c01eade572fb5bdf-test.fasta.8 test.fasta.8 1
2019/11/22 20:35:19.12 #|1574454919.125683760|00#| work_queue_worker[1] wq: rx from master: infile file-0-daa9c57850b857b80eefebbca6aa18ce-blastall blastall 1
2019/11/22 20:35:19.12 #|1574454919.125708570|00#| work_queue_worker[1] wq: rx from master: outfile file-0-377034d337ce566c4f64a77efabc1f23-test.fasta.8.err test.fasta.8.err 1
2019/11/22 20:35:19.12 #|1574454919.125734323|00#| work_queue_worker[1] wq: rx from master: outfile file-0-599ca89112d700f3c1cc921c2abd9aaa-test.fasta.8.out test.fasta.8.out 1
2019/11/22 20:35:19.12 #|1574454919.125774385|00#| work_queue_worker[1] wq: rx from master: end
2019/11/22 20:35:19.12 #|1574454919.125904942|00#| work_queue_worker[1] wq: linking cache/file-0-25930e3036f13852cb0b29694bbab611-nt to /tmp/worker-0-1/t.12/nt
2019/11/22 20:35:19.12 #|1574454919.125992513|00#| work_queue_worker[1] wq: linking cache/file-0-3410183026126208c01eade572fb5bdf-test.fasta.8 to /tmp/worker-0-1/t.12/test.fasta.8
2019/11/22 20:35:19.12 #|1574454919.126034711|00#| work_queue_worker[1] wq: linking cache/file-0-daa9c57850b857b80eefebbca6aa18ce-blastall to /tmp/worker-0-1/t.12/blastall
2019/11/22 20:35:19.12 #|1574454919.126259760|00#| work_queue_worker[1] wq: started process 13: ./blastall -p blastn -d nt/nt -i test.fasta.8 -o test.fasta.8.out 2> test.fasta.8.err
2019/11/22 20:35:19.12 #|1574454919.126313223|00#| work_queue_worker[1] wq: tx to master: info tasks_running 1
2019/11/22 20:35:33.29 #|1574454933.295121275|00#| work_queue_worker[1] wq: task 12 (pid 13) exited normally with exit code 0
2019/11/22 20:35:33.29 #|1574454933.295169460|00#| work_queue_worker[1] wq: moving output file from /tmp/worker-0-1/t.12/test.fasta.8.err to cache/file-0-377034d337ce566c4f64a77efabc1f23-test.fasta.8.err
2019/11/22 20:35:33.29 #|1574454933.295241853|00#| work_queue_worker[1] wq: moving output file from /tmp/worker-0-1/t.12/test.fasta.8.out to cache/file-0-599ca89112d700f3c1cc921c2abd9aaa-test.fasta.8.out
2019/11/22 20:35:33.29 #|1574454933.295289360|00#| work_queue_worker[1] wq: tx to master: available_results
2019/11/22 20:35:33.29 #|1574454933.295867565|00#| work_queue_worker[1] wq: rx from master: send_results -1
2019/11/22 20:35:33.29 #|1574454933.295927379|00#| work_queue_worker[1] wq: tx to master: result 0 0 0 14169063 12
2019/11/22 20:35:33.29 #|1574454933.296020859|00#| work_queue_worker[1] wq: tx to master: info tasks_running 0
2019/11/22 20:35:33.29 #|1574454933.296080882|00#| work_queue_worker[1] wq: tx to master: end
2019/11/22 20:35:33.29 #|1574454933.296675011|00#| work_queue_worker[1] wq: rx from master: get file-0-377034d337ce566c4f64a77efabc1f23-test.fasta.8.err 1
2019/11/22 20:35:33.29 #|1574454933.296732076|00#| work_queue_worker[1] wq: tx to master: file file-0-377034d337ce566c4f64a77efabc1f23-test.fasta.8.err 0
2019/11/22 20:35:33.29 #|1574454933.296807797|00#| work_queue_worker[1] wq: tx to master: end
2019/11/22 20:35:33.29 #|1574454933.297360939|00#| work_queue_worker[1] wq: rx from master: get file-0-599ca89112d700f3c1cc921c2abd9aaa-test.fasta.8.out 1
2019/11/22 20:35:33.29 #|1574454933.297411723|00#| work_queue_worker[1] wq: tx to master: file file-0-599ca89112d700f3c1cc921c2abd9aaa-test.fasta.8.out 20887
2019/11/22 20:35:33.29 #|1574454933.297652617|00#| work_queue_worker[1] wq: tx to master: end
2019/11/22 20:35:33.29 #|1574454933.299985507|00#| work_queue_worker[1] wq: rx from master: kill 12
2019/11/22 20:35:33.36 #|1574454933.362008902|00#| work_queue_worker[1] wq: rx from master: release
2019/11/22 20:35:33.36 #|1574454933.362070551|00#| work_queue_worker[1] wq: released by master 10.0.107.11:1026.
2019/11/22 20:35:33.36 #|1574454933.362120687|00#| work_queue_worker[1] wq: cleaning workspace /tmp/worker-0-1
2019/11/22 20:35:33.58 #|1574454933.581015442|00#| work_queue_worker[1] wq: disconnecting from master 10.0.107.11:1026
2019/11/22 20:35:33.58 #|1574454933.581092779|00#| work_queue_worker[1] tcp: disconnected from 10.0.107.11 port 1026
2019/11/22 20:35:33.58 #|1574454933.581132254|00#| work_queue_worker[1] wq: killing all outstanding tasks
2019/11/22 20:35:33.58 #|1574454933.581172909|00#| work_queue_worker[1] wq: all data structures are clean
2019/11/22 20:35:34.59 #|1574454934.599868742|00#| work_queue_worker[1] debug: error reading disk usage on directory: ./cache.
2019/11/22 20:35:34.59 #|1574454934.599975444|00#| work_queue_worker[1] dns: looking up name master
2019/11/22 20:35:34.60 #|1574454934.602654374|00#| work_queue_worker[1] dns: couldn't look up master: Name or service not known
