2019/11/22 20:17:04.21 #|1574453824.211429124|00#| work_queue_worker[1] debug: /root/cctools/bin/work_queue_worker version 8.0.0 DEVELOPMENT (released 2019-11-14 15:35:16 +0000)
2019/11/22 20:17:04.21 #|1574453824.211465329|00#| work_queue_worker[1] debug: Built by root@7e9ecba79f43 on 2019-11-14 15:35:16 +0000
2019/11/22 20:17:04.21 #|1574453824.211475287|00#| work_queue_worker[1] debug: System: Linux 7e9ecba79f43 5.0.0-32-generic #34~18.04.2-Ubuntu SMP Thu Oct 10 10:36:02 UTC 2019 x86_64 x86_64 x86_64 GNU/Linux
2019/11/22 20:17:04.21 #|1574453824.211483793|00#| work_queue_worker[1] debug: Configuration: --prefix /root/cctools
2019/11/22 20:17:04.21 #|1574453824.211652969|00#| work_queue_worker[1] wq: WORK_QUEUE_SANDBOX set to /tmp/worker-0-1.
2019/11/22 20:17:04.21 #|1574453824.212133807|00#| work_queue_worker[1] debug: error reading disk usage on directory: ./cache.
2019/11/22 20:17:04.21 #|1574453824.212163312|00#| work_queue_worker[1] dns: looking up name master
2019/11/22 20:17:04.21 #|1574453824.214344024|00#| work_queue_worker[1] dns: couldn't look up master: Name or service not known
2019/11/22 20:17:06.21 #|1574453826.214496919|00#| work_queue_worker[1] dns: looking up name master
2019/11/22 20:17:06.21 #|1574453826.214916519|00#| work_queue_worker[1] dns: master is 10.0.107.11
2019/11/22 20:17:06.21 #|1574453826.214952519|00#| work_queue_worker[1] tcp: connecting to 10.0.107.11 port 1026
2019/11/22 20:17:06.21 #|1574453826.215187950|00#| work_queue_worker[1] tcp: made connection to 10.0.107.11 port 1026
2019/11/22 20:17:06.21 #|1574453826.215206280|00#| work_queue_worker[1] wq: connected to master master:1026 via local address 10.0.107.4:59310
2019/11/22 20:17:06.21 #|1574453826.215215129|00#| work_queue_worker[1] wq: preparing workspace /tmp/worker-0-1
2019/11/22 20:17:06.21 #|1574453826.215341679|00#| work_queue_worker[1] dns: looking up name 39374a2fc885
2019/11/22 20:17:06.21 #|1574453826.215380256|00#| work_queue_worker[1] dns: 39374a2fc885 is 10.0.107.4
2019/11/22 20:17:06.21 #|1574453826.215391403|00#| work_queue_worker[1] dns: looking up addr 10.0.107.4
2019/11/22 20:17:06.21 #|1574453826.215416458|00#| work_queue_worker[1] dns: 10.0.107.4 is 39374a2fc885
2019/11/22 20:17:06.21 #|1574453826.215426238|00#| work_queue_worker[1] dns: finding my hostname: uname = 39374a2fc885, address = 10.0.107.4, hostname = 39374a2fc885
2019/11/22 20:17:06.21 #|1574453826.215437918|00#| work_queue_worker[1] wq: tx to master: workqueue 8 39374a2fc885 Linux x86_64 8.0.0
2019/11/22 20:17:06.21 #|1574453826.215502892|00#| work_queue_worker[1] wq: tx to master: info worker-id worker-de0abf0227903494e96994a9163b9f88
2019/11/22 20:17:06.21 #|1574453826.215552059|00#| work_queue_worker[1] wq: tx to master: alive
2019/11/22 20:17:06.21 #|1574453826.215599504|00#| work_queue_worker[1] wq: Sending resource description to master:
2019/11/22 20:17:06.21 #|1574453826.215611054|00#| work_queue_worker[1] wq:  workers      0 inuse      1 total      1 smallest      1 largest
2019/11/22 20:17:06.21 #|1574453826.215655091|00#| work_queue_worker[1] wq:     disk      0 inuse   2396 total   2396 smallest   2396 largest
2019/11/22 20:17:06.21 #|1574453826.215701649|00#| work_queue_worker[1] wq:   memory      0 inuse  11908 total  11908 smallest  11908 largest
2019/11/22 20:17:06.21 #|1574453826.215748449|00#| work_queue_worker[1] wq:     gpus      0 inuse      0 total      0 smallest      0 largest
2019/11/22 20:17:06.21 #|1574453826.215794677|00#| work_queue_worker[1] wq:    cores      0 inuse      1 total      1 smallest      1 largest
2019/11/22 20:17:06.21 #|1574453826.215867794|00#| work_queue_worker[1] wq: tx to master: info end_of_resource_update 0
2019/11/22 20:17:06.21 #|1574453826.215914465|00#| work_queue_worker[1] wq: tx to master: info tasks_running 0
2019/11/22 20:17:06.21 #|1574453826.215960499|00#| work_queue_worker[1] wq: working for master at 10.0.107.11:1026.
2019/11/22 20:17:06.21 #|1574453826.216736507|00#| work_queue_worker[1] wq: rx from master: put file-0-25930e3036f13852cb0b29694bbab611-nt/taxdb.bti 14920392 0644 1
2019/11/22 20:17:06.21 #|1574453826.216794362|00#| work_queue_worker[1] wq: Putting file file-0-25930e3036f13852cb0b29694bbab611-nt/taxdb.bti into workspace
2019/11/22 20:17:06.24 #|1574453826.245411880|00#| work_queue_worker[1] wq: rx from master: put file-0-25930e3036f13852cb0b29694bbab611-nt/nt.nal 752 0644 1
2019/11/22 20:17:06.24 #|1574453826.245468844|00#| work_queue_worker[1] wq: Putting file file-0-25930e3036f13852cb0b29694bbab611-nt/nt.nal into workspace
2019/11/22 20:17:06.24 #|1574453826.245596680|00#| work_queue_worker[1] wq: rx from master: put file-0-25930e3036f13852cb0b29694bbab611-nt/nt.44.nni 27220 0644 1
2019/11/22 20:17:06.24 #|1574453826.245633841|00#| work_queue_worker[1] wq: Putting file file-0-25930e3036f13852cb0b29694bbab611-nt/nt.44.nni into workspace
2019/11/22 20:17:06.24 #|1574453826.245925296|00#| work_queue_worker[1] wq: rx from master: put file-0-25930e3036f13852cb0b29694bbab611-nt/nt.44.nog 3378248 0644 1
2019/11/22 20:17:06.24 #|1574453826.245967528|00#| work_queue_worker[1] wq: Putting file file-0-25930e3036f13852cb0b29694bbab611-nt/nt.44.nog into workspace
2019/11/22 20:17:06.25 #|1574453826.252455877|00#| work_queue_worker[1] wq: rx from master: put file-0-25930e3036f13852cb0b29694bbab611-nt/taxdb.btd 141628361 0644 1
2019/11/22 20:17:06.25 #|1574453826.252498737|00#| work_queue_worker[1] wq: Putting file file-0-25930e3036f13852cb0b29694bbab611-nt/taxdb.btd into workspace
2019/11/22 20:17:06.45 #|1574453826.459519421|00#| work_queue_worker[1] wq: rx from master: put file-0-25930e3036f13852cb0b29694bbab611-nt/nt.44.nhr 148534336 0644 1
2019/11/22 20:17:06.45 #|1574453826.459563190|00#| work_queue_worker[1] wq: Putting file file-0-25930e3036f13852cb0b29694bbab611-nt/nt.44.nhr into workspace
2019/11/22 20:17:06.67 #|1574453826.674743866|00#| work_queue_worker[1] wq: rx from master: put file-0-25930e3036f13852cb0b29694bbab611-nt/nt.44.nhi 338004 0644 1
2019/11/22 20:17:06.67 #|1574453826.674786725|00#| work_queue_worker[1] wq: Putting file file-0-25930e3036f13852cb0b29694bbab611-nt/nt.44.nhi into workspace
2019/11/22 20:17:06.67 #|1574453826.675300085|00#| work_queue_worker[1] wq: rx from master: put file-0-25930e3036f13852cb0b29694bbab611-nt/nt.44.nnd 6955488 0644 1
2019/11/22 20:17:06.67 #|1574453826.675323211|00#| work_queue_worker[1] wq: Putting file file-0-25930e3036f13852cb0b29694bbab611-nt/nt.44.nnd into workspace
2019/11/22 20:17:06.68 #|1574453826.684081089|00#| work_queue_worker[1] wq: rx from master: put file-0-25930e3036f13852cb0b29694bbab611-nt/nt.44.nhd 14869748 0644 1
2019/11/22 20:17:06.68 #|1574453826.684124048|00#| work_queue_worker[1] wq: Putting file file-0-25930e3036f13852cb0b29694bbab611-nt/nt.44.nhd into workspace
2019/11/22 20:17:06.70 #|1574453826.702457006|00#| work_queue_worker[1] wq: rx from master: put file-0-25930e3036f13852cb0b29694bbab611-nt/nt.44.nsq 974099786 0644 1
2019/11/22 20:17:06.70 #|1574453826.702500154|00#| work_queue_worker[1] wq: Putting file file-0-25930e3036f13852cb0b29694bbab611-nt/nt.44.nsq into workspace
2019/11/22 20:17:07.93 #|1574453827.939420464|00#| work_queue_worker[1] wq: rx from master: put file-0-25930e3036f13852cb0b29694bbab611-nt/nt.44.nin 10134740 0644 1
2019/11/22 20:17:07.93 #|1574453827.939463612|00#| work_queue_worker[1] wq: Putting file file-0-25930e3036f13852cb0b29694bbab611-nt/nt.44.nin into workspace
2019/11/22 20:17:07.95 #|1574453827.952265383|00#| work_queue_worker[1] wq: rx from master: put file-0-25930e3036f13852cb0b29694bbab611-nt/nt.44.nsi 764650 0644 1
2019/11/22 20:17:07.95 #|1574453827.952311732|00#| work_queue_worker[1] wq: Putting file file-0-25930e3036f13852cb0b29694bbab611-nt/nt.44.nsi into workspace
2019/11/22 20:17:07.95 #|1574453827.953314010|00#| work_queue_worker[1] wq: rx from master: put file-0-25930e3036f13852cb0b29694bbab611-nt/nt.44.nsd 33299557 0644 1
2019/11/22 20:17:07.95 #|1574453827.953343910|00#| work_queue_worker[1] wq: Putting file file-0-25930e3036f13852cb0b29694bbab611-nt/nt.44.nsd into workspace
2019/11/22 20:17:07.99 #|1574453827.995396822|00#| work_queue_worker[1] wq: rx from master: put file-0-91e2799df52756191dbca22d7b7cd23c-test.fasta.19 10120 0644 1
2019/11/22 20:17:07.99 #|1574453827.995441929|00#| work_queue_worker[1] wq: Putting file file-0-91e2799df52756191dbca22d7b7cd23c-test.fasta.19 into workspace
2019/11/22 20:17:07.99 #|1574453827.995553795|00#| work_queue_worker[1] wq: rx from master: put file-0-daa9c57850b857b80eefebbca6aa18ce-blastall 7687410 0755 1
2019/11/22 20:17:07.99 #|1574453827.995574707|00#| work_queue_worker[1] wq: Putting file file-0-daa9c57850b857b80eefebbca6aa18ce-blastall into workspace
2019/11/22 20:17:08.00 #|1574453828.3501652|00#| work_queue_worker[1] wq: rx from master: task 1
2019/11/22 20:17:08.00 #|1574453828.3548474|00#| work_queue_worker[1] wq: rx from master: cmd 88
2019/11/22 20:17:08.00 #|1574453828.3567883|00#| work_queue_worker[1] wq: rx from master: ./blastall -p blastn -d nt/nt -i test.fasta.19 -o test.fasta.19.out 2> test.fasta.19.err
2019/11/22 20:17:08.00 #|1574453828.3576652|00#| work_queue_worker[1] wq: rx from master: category default
2019/11/22 20:17:08.00 #|1574453828.3586639|00#| work_queue_worker[1] wq: rx from master: cores 1
2019/11/22 20:17:08.00 #|1574453828.3596284|00#| work_queue_worker[1] wq: rx from master: memory 11908
2019/11/22 20:17:08.00 #|1574453828.3605543|00#| work_queue_worker[1] wq: rx from master: disk 2396
2019/11/22 20:17:08.00 #|1574453828.3614762|00#| work_queue_worker[1] wq: rx from master: gpus 0
2019/11/22 20:17:08.00 #|1574453828.3624331|00#| work_queue_worker[1] wq: rx from master: end_time 18446744073709551615
2019/11/22 20:17:08.00 #|1574453828.3635062|00#| work_queue_worker[1] wq: rx from master: wall_time 18446744073709551615
2019/11/22 20:17:08.00 #|1574453828.3644858|00#| work_queue_worker[1] wq: rx from master: env 7
2019/11/22 20:17:08.00 #|1574453828.3657770|00#| work_queue_worker[1] wq: rx from master: env 17
2019/11/22 20:17:08.00 #|1574453828.3669455|00#| work_queue_worker[1] wq: rx from master: infile file-0-25930e3036f13852cb0b29694bbab611-nt nt 1
2019/11/22 20:17:08.00 #|1574453828.3690990|00#| work_queue_worker[1] wq: rx from master: infile file-0-91e2799df52756191dbca22d7b7cd23c-test.fasta.19 test.fasta.19 1
2019/11/22 20:17:08.00 #|1574453828.3709186|00#| work_queue_worker[1] wq: rx from master: infile file-0-daa9c57850b857b80eefebbca6aa18ce-blastall blastall 1
2019/11/22 20:17:08.00 #|1574453828.3726249|00#| work_queue_worker[1] wq: rx from master: outfile file-0-8eab36096679637a447522c8eb5ec8c1-test.fasta.19.err test.fasta.19.err 1
2019/11/22 20:17:08.00 #|1574453828.3744756|00#| work_queue_worker[1] wq: rx from master: outfile file-0-9883c7748ac27d46878553d23e293154-test.fasta.19.out test.fasta.19.out 1
2019/11/22 20:17:08.00 #|1574453828.3762243|00#| work_queue_worker[1] wq: rx from master: end
2019/11/22 20:17:08.00 #|1574453828.3908188|00#| work_queue_worker[1] wq: linking cache/file-0-25930e3036f13852cb0b29694bbab611-nt to /tmp/worker-0-1/t.1/nt
2019/11/22 20:17:08.00 #|1574453828.4143745|00#| work_queue_worker[1] wq: linking cache/file-0-91e2799df52756191dbca22d7b7cd23c-test.fasta.19 to /tmp/worker-0-1/t.1/test.fasta.19
2019/11/22 20:17:08.00 #|1574453828.4179295|00#| work_queue_worker[1] wq: linking cache/file-0-daa9c57850b857b80eefebbca6aa18ce-blastall to /tmp/worker-0-1/t.1/blastall
2019/11/22 20:17:08.00 #|1574453828.4397271|00#| work_queue_worker[1] wq: started process 9: ./blastall -p blastn -d nt/nt -i test.fasta.19 -o test.fasta.19.out 2> test.fasta.19.err
2019/11/22 20:17:08.00 #|1574453828.4433355|00#| work_queue_worker[1] wq: tx to master: info tasks_running 1
2019/11/22 20:17:23.31 #|1574453843.316493259|00#| work_queue_worker[1] wq: task 1 (pid 9) exited normally with exit code 0
2019/11/22 20:17:23.31 #|1574453843.316524771|00#| work_queue_worker[1] wq: moving output file from /tmp/worker-0-1/t.1/test.fasta.19.err to cache/file-0-8eab36096679637a447522c8eb5ec8c1-test.fasta.19.err
2019/11/22 20:17:23.31 #|1574453843.316580719|00#| work_queue_worker[1] wq: moving output file from /tmp/worker-0-1/t.1/test.fasta.19.out to cache/file-0-9883c7748ac27d46878553d23e293154-test.fasta.19.out
2019/11/22 20:17:23.31 #|1574453843.316614014|00#| work_queue_worker[1] wq: tx to master: available_results
2019/11/22 20:17:33.03 #|1574453853.35661954|00#| work_queue_worker[1] wq: rx from master: send_results -1
2019/11/22 20:17:33.03 #|1574453853.35712133|00#| work_queue_worker[1] wq: tx to master: result 0 0 0 15312273 1
2019/11/22 20:17:33.03 #|1574453853.35818536|00#| work_queue_worker[1] wq: tx to master: info tasks_running 0
2019/11/22 20:17:33.03 #|1574453853.35876013|00#| work_queue_worker[1] wq: tx to master: end
2019/11/22 20:17:33.03 #|1574453853.36226754|00#| work_queue_worker[1] wq: rx from master: get file-0-8eab36096679637a447522c8eb5ec8c1-test.fasta.19.err 1
2019/11/22 20:17:33.03 #|1574453853.36254975|00#| work_queue_worker[1] wq: tx to master: file file-0-8eab36096679637a447522c8eb5ec8c1-test.fasta.19.err 0
2019/11/22 20:17:33.03 #|1574453853.36318852|00#| work_queue_worker[1] wq: tx to master: end
2019/11/22 20:17:33.03 #|1574453853.36623847|00#| work_queue_worker[1] wq: rx from master: get file-0-9883c7748ac27d46878553d23e293154-test.fasta.19.out 1
2019/11/22 20:17:33.03 #|1574453853.36658185|00#| work_queue_worker[1] wq: tx to master: file file-0-9883c7748ac27d46878553d23e293154-test.fasta.19.out 31186
2019/11/22 20:17:33.03 #|1574453853.36861349|00#| work_queue_worker[1] wq: tx to master: end
2019/11/22 20:17:33.03 #|1574453853.37100570|00#| work_queue_worker[1] wq: rx from master: kill 1
2019/11/22 20:17:33.03 #|1574453853.37808315|00#| work_queue_worker[1] wq: rx from master: put file-0-e046ec692c0ced962d3265bfe7245360-test.fasta.14 10120 0644 1
2019/11/22 20:17:33.03 #|1574453853.37837323|00#| work_queue_worker[1] wq: Putting file file-0-e046ec692c0ced962d3265bfe7245360-test.fasta.14 into workspace
2019/11/22 20:17:33.03 #|1574453853.37951777|00#| work_queue_worker[1] wq: rx from master: task 6
2019/11/22 20:17:33.03 #|1574453853.37973809|00#| work_queue_worker[1] wq: rx from master: cmd 88
2019/11/22 20:17:33.03 #|1574453853.37990862|00#| work_queue_worker[1] wq: rx from master: ./blastall -p blastn -d nt/nt -i test.fasta.14 -o test.fasta.14.out 2> test.fasta.14.err
2019/11/22 20:17:33.03 #|1574453853.38029837|00#| work_queue_worker[1] wq: rx from master: category default
2019/11/22 20:17:33.03 #|1574453853.38043397|00#| work_queue_worker[1] wq: rx from master: cores 1
2019/11/22 20:17:33.03 #|1574453853.38053418|00#| work_queue_worker[1] wq: rx from master: memory 11908
2019/11/22 20:17:33.03 #|1574453853.38064955|00#| work_queue_worker[1] wq: rx from master: disk 2396
2019/11/22 20:17:33.03 #|1574453853.38112542|00#| work_queue_worker[1] wq: rx from master: gpus 0
2019/11/22 20:17:33.03 #|1574453853.38129525|00#| work_queue_worker[1] wq: rx from master: end_time 18446744073709551615
2019/11/22 20:17:33.03 #|1574453853.38205306|00#| work_queue_worker[1] wq: rx from master: wall_time 18446744073709551615
2019/11/22 20:17:33.03 #|1574453853.38231511|00#| work_queue_worker[1] wq: rx from master: env 7
2019/11/22 20:17:33.03 #|1574453853.38293237|00#| work_queue_worker[1] wq: rx from master: env 17
2019/11/22 20:17:33.03 #|1574453853.38314082|00#| work_queue_worker[1] wq: rx from master: infile file-0-25930e3036f13852cb0b29694bbab611-nt nt 1
2019/11/22 20:17:33.03 #|1574453853.38364088|00#| work_queue_worker[1] wq: rx from master: infile file-0-e046ec692c0ced962d3265bfe7245360-test.fasta.14 test.fasta.14 1
2019/11/22 20:17:33.03 #|1574453853.38389939|00#| work_queue_worker[1] wq: rx from master: infile file-0-daa9c57850b857b80eefebbca6aa18ce-blastall blastall 1
2019/11/22 20:17:33.03 #|1574453853.38433850|00#| work_queue_worker[1] wq: rx from master: outfile file-0-5904a03317e7e6566913b82983b96829-test.fasta.14.err test.fasta.14.err 1
2019/11/22 20:17:33.03 #|1574453853.38466267|00#| work_queue_worker[1] wq: rx from master: outfile file-0-6e7fd2228b2f7120a5a28bea1aa8b41f-test.fasta.14.out test.fasta.14.out 1
2019/11/22 20:17:33.03 #|1574453853.38539374|00#| work_queue_worker[1] wq: rx from master: end
2019/11/22 20:17:33.03 #|1574453853.38649365|00#| work_queue_worker[1] wq: linking cache/file-0-25930e3036f13852cb0b29694bbab611-nt to /tmp/worker-0-1/t.6/nt
2019/11/22 20:17:33.03 #|1574453853.38873564|00#| work_queue_worker[1] wq: linking cache/file-0-e046ec692c0ced962d3265bfe7245360-test.fasta.14 to /tmp/worker-0-1/t.6/test.fasta.14
2019/11/22 20:17:33.03 #|1574453853.38907547|00#| work_queue_worker[1] wq: linking cache/file-0-daa9c57850b857b80eefebbca6aa18ce-blastall to /tmp/worker-0-1/t.6/blastall
2019/11/22 20:17:33.03 #|1574453853.39102178|00#| work_queue_worker[1] wq: started process 11: ./blastall -p blastn -d nt/nt -i test.fasta.14 -o test.fasta.14.out 2> test.fasta.14.err
2019/11/22 20:17:33.03 #|1574453853.39135173|00#| work_queue_worker[1] wq: tx to master: info tasks_running 1
2019/11/22 20:17:47.84 #|1574453867.845023189|00#| work_queue_worker[1] wq: task 6 (pid 11) exited normally with exit code 0
2019/11/22 20:17:47.84 #|1574453867.845053624|00#| work_queue_worker[1] wq: moving output file from /tmp/worker-0-1/t.6/test.fasta.14.err to cache/file-0-5904a03317e7e6566913b82983b96829-test.fasta.14.err
2019/11/22 20:17:47.84 #|1574453867.845113151|00#| work_queue_worker[1] wq: moving output file from /tmp/worker-0-1/t.6/test.fasta.14.out to cache/file-0-6e7fd2228b2f7120a5a28bea1aa8b41f-test.fasta.14.out
2019/11/22 20:17:47.84 #|1574453867.845144875|00#| work_queue_worker[1] wq: tx to master: available_results
2019/11/22 20:19:32.78 #|1574453972.783811591|00#| work_queue_worker[1] wq: rx from master: send_results -1
2019/11/22 20:19:32.78 #|1574453972.783859346|00#| work_queue_worker[1] wq: tx to master: result 0 0 0 14806092 6
2019/11/22 20:19:32.78 #|1574453972.783954442|00#| work_queue_worker[1] wq: tx to master: info tasks_running 0
2019/11/22 20:19:32.78 #|1574453972.784016212|00#| work_queue_worker[1] wq: tx to master: end
2019/11/22 20:19:32.78 #|1574453972.784376163|00#| work_queue_worker[1] wq: rx from master: get file-0-5904a03317e7e6566913b82983b96829-test.fasta.14.err 1
2019/11/22 20:19:32.78 #|1574453972.784403380|00#| work_queue_worker[1] wq: tx to master: file file-0-5904a03317e7e6566913b82983b96829-test.fasta.14.err 0
2019/11/22 20:19:32.78 #|1574453972.784465048|00#| work_queue_worker[1] wq: tx to master: end
2019/11/22 20:19:32.78 #|1574453972.784772722|00#| work_queue_worker[1] wq: rx from master: get file-0-6e7fd2228b2f7120a5a28bea1aa8b41f-test.fasta.14.out 1
2019/11/22 20:19:32.78 #|1574453972.784807143|00#| work_queue_worker[1] wq: tx to master: file file-0-6e7fd2228b2f7120a5a28bea1aa8b41f-test.fasta.14.out 18451
2019/11/22 20:19:32.78 #|1574453972.784982937|00#| work_queue_worker[1] wq: tx to master: end
2019/11/22 20:19:32.78 #|1574453972.785150360|00#| work_queue_worker[1] wq: rx from master: kill 6
2019/11/22 20:19:32.84 #|1574453972.840924309|00#| work_queue_worker[1] wq: rx from master: put file-0-5d44d8f82cbb3f9ecaf466b060d01edb-test.fasta.11 10120 0644 1
2019/11/22 20:19:32.84 #|1574453972.840964700|00#| work_queue_worker[1] wq: Putting file file-0-5d44d8f82cbb3f9ecaf466b060d01edb-test.fasta.11 into workspace
2019/11/22 20:19:32.84 #|1574453972.841139377|00#| work_queue_worker[1] wq: rx from master: task 9
2019/11/22 20:19:32.84 #|1574453972.841161160|00#| work_queue_worker[1] wq: rx from master: cmd 88
2019/11/22 20:19:32.84 #|1574453972.841173305|00#| work_queue_worker[1] wq: rx from master: ./blastall -p blastn -d nt/nt -i test.fasta.11 -o test.fasta.11.out 2> test.fasta.11.err
2019/11/22 20:19:32.84 #|1574453972.841211205|00#| work_queue_worker[1] wq: rx from master: category default
2019/11/22 20:19:32.84 #|1574453972.841225377|00#| work_queue_worker[1] wq: rx from master: cores 1
2019/11/22 20:19:32.84 #|1574453972.841242842|00#| work_queue_worker[1] wq: rx from master: memory 11908
2019/11/22 20:19:32.84 #|1574453972.841253441|00#| work_queue_worker[1] wq: rx from master: disk 2396
2019/11/22 20:19:32.84 #|1574453972.841263162|00#| work_queue_worker[1] wq: rx from master: gpus 0
2019/11/22 20:19:32.84 #|1574453972.841272928|00#| work_queue_worker[1] wq: rx from master: end_time 18446744073709551615
2019/11/22 20:19:32.84 #|1574453972.841283673|00#| work_queue_worker[1] wq: rx from master: wall_time 18446744073709551615
2019/11/22 20:19:32.84 #|1574453972.841326912|00#| work_queue_worker[1] wq: rx from master: env 7
2019/11/22 20:19:32.84 #|1574453972.841344693|00#| work_queue_worker[1] wq: rx from master: env 17
2019/11/22 20:19:32.84 #|1574453972.841356245|00#| work_queue_worker[1] wq: rx from master: infile file-0-25930e3036f13852cb0b29694bbab611-nt nt 1
2019/11/22 20:19:32.84 #|1574453972.841406488|00#| work_queue_worker[1] wq: rx from master: infile file-0-5d44d8f82cbb3f9ecaf466b060d01edb-test.fasta.11 test.fasta.11 1
2019/11/22 20:19:32.84 #|1574453972.841454252|00#| work_queue_worker[1] wq: rx from master: infile file-0-daa9c57850b857b80eefebbca6aa18ce-blastall blastall 1
2019/11/22 20:19:32.84 #|1574453972.841482810|00#| work_queue_worker[1] wq: rx from master: outfile file-0-1ec6f60204ab1e932b38cec0b78303f1-test.fasta.11.err test.fasta.11.err 1
2019/11/22 20:19:32.84 #|1574453972.841531955|00#| work_queue_worker[1] wq: rx from master: outfile file-0-b2dcb7cd97b86e43787e05023fc40494-test.fasta.11.out test.fasta.11.out 1
2019/11/22 20:19:32.84 #|1574453972.841555551|00#| work_queue_worker[1] wq: rx from master: end
2019/11/22 20:19:32.84 #|1574453972.841664021|00#| work_queue_worker[1] wq: linking cache/file-0-25930e3036f13852cb0b29694bbab611-nt to /tmp/worker-0-1/t.9/nt
2019/11/22 20:19:32.84 #|1574453972.841905673|00#| work_queue_worker[1] wq: linking cache/file-0-5d44d8f82cbb3f9ecaf466b060d01edb-test.fasta.11 to /tmp/worker-0-1/t.9/test.fasta.11
2019/11/22 20:19:32.84 #|1574453972.841939788|00#| work_queue_worker[1] wq: linking cache/file-0-daa9c57850b857b80eefebbca6aa18ce-blastall to /tmp/worker-0-1/t.9/blastall
2019/11/22 20:19:32.84 #|1574453972.842139746|00#| work_queue_worker[1] wq: started process 13: ./blastall -p blastn -d nt/nt -i test.fasta.11 -o test.fasta.11.out 2> test.fasta.11.err
2019/11/22 20:19:32.84 #|1574453972.842174046|00#| work_queue_worker[1] wq: tx to master: info tasks_running 1
2019/11/22 20:19:32.84 #|1574453972.842254133|00#| work_queue_worker[1] wq: rx from master: check
2019/11/22 20:19:32.84 #|1574453972.842276357|00#| work_queue_worker[1] wq: tx to master: alive
2019/11/22 20:19:32.84 #|1574453972.842319860|00#| work_queue_worker[1] wq: tx to master: info tasks_running 1
2019/11/22 20:19:47.33 #|1574453987.331829131|00#| work_queue_worker[1] wq: task 9 (pid 13) exited normally with exit code 0
2019/11/22 20:19:47.33 #|1574453987.331861332|00#| work_queue_worker[1] wq: moving output file from /tmp/worker-0-1/t.9/test.fasta.11.err to cache/file-0-1ec6f60204ab1e932b38cec0b78303f1-test.fasta.11.err
2019/11/22 20:19:47.33 #|1574453987.331917575|00#| work_queue_worker[1] wq: moving output file from /tmp/worker-0-1/t.9/test.fasta.11.out to cache/file-0-b2dcb7cd97b86e43787e05023fc40494-test.fasta.11.out
2019/11/22 20:19:47.33 #|1574453987.332243301|00#| work_queue_worker[1] wq: tx to master: available_results
2019/11/22 20:21:33.04 #|1574454093.40891702|00#| work_queue_worker[1] wq: rx from master: send_results -1
2019/11/22 20:21:33.04 #|1574454093.40937848|00#| work_queue_worker[1] wq: tx to master: result 0 0 0 14489863 9
2019/11/22 20:21:33.04 #|1574454093.41027314|00#| work_queue_worker[1] wq: tx to master: info tasks_running 0
2019/11/22 20:21:33.04 #|1574454093.41084077|00#| work_queue_worker[1] wq: tx to master: end
2019/11/22 20:21:33.04 #|1574454093.41328953|00#| work_queue_worker[1] wq: rx from master: get file-0-1ec6f60204ab1e932b38cec0b78303f1-test.fasta.11.err 1
2019/11/22 20:21:33.04 #|1574454093.41374931|00#| work_queue_worker[1] wq: tx to master: file file-0-1ec6f60204ab1e932b38cec0b78303f1-test.fasta.11.err 0
2019/11/22 20:21:33.04 #|1574454093.41434685|00#| work_queue_worker[1] wq: tx to master: end
2019/11/22 20:21:33.04 #|1574454093.41745977|00#| work_queue_worker[1] wq: rx from master: get file-0-b2dcb7cd97b86e43787e05023fc40494-test.fasta.11.out 1
2019/11/22 20:21:33.04 #|1574454093.41777385|00#| work_queue_worker[1] wq: tx to master: file file-0-b2dcb7cd97b86e43787e05023fc40494-test.fasta.11.out 44259
2019/11/22 20:21:33.04 #|1574454093.42055403|00#| work_queue_worker[1] wq: tx to master: end
2019/11/22 20:21:33.04 #|1574454093.42250442|00#| work_queue_worker[1] wq: rx from master: kill 9
2019/11/22 20:21:33.09 #|1574454093.93295949|00#| work_queue_worker[1] wq: rx from master: put file-0-9f04d57561db456f4f47dcdca9feb103-test.fasta.7 10110 0644 1
2019/11/22 20:21:33.09 #|1574454093.93334292|00#| work_queue_worker[1] wq: Putting file file-0-9f04d57561db456f4f47dcdca9feb103-test.fasta.7 into workspace
2019/11/22 20:21:33.09 #|1574454093.93475640|00#| work_queue_worker[1] wq: rx from master: task 13
2019/11/22 20:21:33.09 #|1574454093.93497089|00#| work_queue_worker[1] wq: rx from master: cmd 85
2019/11/22 20:21:33.09 #|1574454093.93538883|00#| work_queue_worker[1] wq: rx from master: ./blastall -p blastn -d nt/nt -i test.fasta.7 -o test.fasta.7.out 2> test.fasta.7.err
2019/11/22 20:21:33.09 #|1574454093.93551089|00#| work_queue_worker[1] wq: rx from master: category default
2019/11/22 20:21:33.09 #|1574454093.93584382|00#| work_queue_worker[1] wq: rx from master: cores 1
2019/11/22 20:21:33.09 #|1574454093.93598484|00#| work_queue_worker[1] wq: rx from master: memory 11908
2019/11/22 20:21:33.09 #|1574454093.93633732|00#| work_queue_worker[1] wq: rx from master: disk 2396
2019/11/22 20:21:33.09 #|1574454093.93671611|00#| work_queue_worker[1] wq: rx from master: gpus 0
2019/11/22 20:21:33.09 #|1574454093.93707379|00#| work_queue_worker[1] wq: rx from master: end_time 18446744073709551615
2019/11/22 20:21:33.09 #|1574454093.93743093|00#| work_queue_worker[1] wq: rx from master: wall_time 18446744073709551615
2019/11/22 20:21:33.09 #|1574454093.93777167|00#| work_queue_worker[1] wq: rx from master: env 7
2019/11/22 20:21:33.09 #|1574454093.93815420|00#| work_queue_worker[1] wq: rx from master: env 17
2019/11/22 20:21:33.09 #|1574454093.93853185|00#| work_queue_worker[1] wq: rx from master: infile file-0-25930e3036f13852cb0b29694bbab611-nt nt 1
2019/11/22 20:21:33.09 #|1574454093.93907398|00#| work_queue_worker[1] wq: rx from master: infile file-0-9f04d57561db456f4f47dcdca9feb103-test.fasta.7 test.fasta.7 1
2019/11/22 20:21:33.09 #|1574454093.93957703|00#| work_queue_worker[1] wq: rx from master: infile file-0-daa9c57850b857b80eefebbca6aa18ce-blastall blastall 1
2019/11/22 20:21:33.09 #|1574454093.93980971|00#| work_queue_worker[1] wq: rx from master: outfile file-0-d08e27aac9e49582c455b76197081fb3-test.fasta.7.err test.fasta.7.err 1
2019/11/22 20:21:33.09 #|1574454093.94026274|00#| work_queue_worker[1] wq: rx from master: outfile file-0-c17c0db997ae1cdb7af1ea386e447bb4-test.fasta.7.out test.fasta.7.out 1
2019/11/22 20:21:33.09 #|1574454093.94074484|00#| work_queue_worker[1] wq: rx from master: end
2019/11/22 20:21:33.09 #|1574454093.94183884|00#| work_queue_worker[1] wq: linking cache/file-0-25930e3036f13852cb0b29694bbab611-nt to /tmp/worker-0-1/t.13/nt
2019/11/22 20:21:33.09 #|1574454093.94404925|00#| work_queue_worker[1] wq: linking cache/file-0-9f04d57561db456f4f47dcdca9feb103-test.fasta.7 to /tmp/worker-0-1/t.13/test.fasta.7
2019/11/22 20:21:33.09 #|1574454093.94438308|00#| work_queue_worker[1] wq: linking cache/file-0-daa9c57850b857b80eefebbca6aa18ce-blastall to /tmp/worker-0-1/t.13/blastall
2019/11/22 20:21:33.09 #|1574454093.94637413|00#| work_queue_worker[1] wq: started process 15: ./blastall -p blastn -d nt/nt -i test.fasta.7 -o test.fasta.7.out 2> test.fasta.7.err
2019/11/22 20:21:33.09 #|1574454093.94672304|00#| work_queue_worker[1] wq: tx to master: info tasks_running 1
2019/11/22 20:21:47.41 #|1574454107.418377751|00#| work_queue_worker[1] wq: task 13 (pid 15) exited normally with exit code 0
2019/11/22 20:21:47.41 #|1574454107.418402815|00#| work_queue_worker[1] wq: moving output file from /tmp/worker-0-1/t.13/test.fasta.7.err to cache/file-0-d08e27aac9e49582c455b76197081fb3-test.fasta.7.err
2019/11/22 20:21:47.41 #|1574454107.418463421|00#| work_queue_worker[1] wq: moving output file from /tmp/worker-0-1/t.13/test.fasta.7.out to cache/file-0-c17c0db997ae1cdb7af1ea386e447bb4-test.fasta.7.out
2019/11/22 20:21:47.41 #|1574454107.418495492|00#| work_queue_worker[1] wq: tx to master: available_results
2019/11/22 20:23:34.83 #|1574454214.835603149|00#| work_queue_worker[1] wq: rx from master: send_results -1
2019/11/22 20:23:34.83 #|1574454214.835653325|00#| work_queue_worker[1] wq: tx to master: result 0 0 0 14323912 13
2019/11/22 20:23:34.83 #|1574454214.835744375|00#| work_queue_worker[1] wq: tx to master: info tasks_running 0
2019/11/22 20:23:34.83 #|1574454214.835800368|00#| work_queue_worker[1] wq: tx to master: end
2019/11/22 20:23:34.83 #|1574454214.836069804|00#| work_queue_worker[1] wq: rx from master: get file-0-d08e27aac9e49582c455b76197081fb3-test.fasta.7.err 1
2019/11/22 20:23:34.83 #|1574454214.836112613|00#| work_queue_worker[1] wq: tx to master: file file-0-d08e27aac9e49582c455b76197081fb3-test.fasta.7.err 0
2019/11/22 20:23:34.83 #|1574454214.836178237|00#| work_queue_worker[1] wq: tx to master: end
2019/11/22 20:23:34.83 #|1574454214.836496117|00#| work_queue_worker[1] wq: rx from master: get file-0-c17c0db997ae1cdb7af1ea386e447bb4-test.fasta.7.out 1
2019/11/22 20:23:34.83 #|1574454214.836532441|00#| work_queue_worker[1] wq: tx to master: file file-0-c17c0db997ae1cdb7af1ea386e447bb4-test.fasta.7.out 20517
2019/11/22 20:23:34.83 #|1574454214.836696658|00#| work_queue_worker[1] wq: tx to master: end
2019/11/22 20:23:34.83 #|1574454214.836896339|00#| work_queue_worker[1] wq: rx from master: kill 13
2019/11/22 20:23:34.86 #|1574454214.865628285|00#| work_queue_worker[1] wq: rx from master: put file-0-f7c60c99710a0f95199d7cf4150bb754-test.fasta.3 10110 0644 1
2019/11/22 20:23:34.86 #|1574454214.865665411|00#| work_queue_worker[1] wq: Putting file file-0-f7c60c99710a0f95199d7cf4150bb754-test.fasta.3 into workspace
2019/11/22 20:23:34.86 #|1574454214.865805310|00#| work_queue_worker[1] wq: rx from master: task 17
2019/11/22 20:23:34.86 #|1574454214.865825996|00#| work_queue_worker[1] wq: rx from master: cmd 85
2019/11/22 20:23:34.86 #|1574454214.865838278|00#| work_queue_worker[1] wq: rx from master: ./blastall -p blastn -d nt/nt -i test.fasta.3 -o test.fasta.3.out 2> test.fasta.3.err
2019/11/22 20:23:34.86 #|1574454214.865847150|00#| work_queue_worker[1] wq: rx from master: category default
2019/11/22 20:23:34.86 #|1574454214.865856755|00#| work_queue_worker[1] wq: rx from master: cores 1
2019/11/22 20:23:34.86 #|1574454214.865866708|00#| work_queue_worker[1] wq: rx from master: memory 11908
2019/11/22 20:23:34.86 #|1574454214.865905018|00#| work_queue_worker[1] wq: rx from master: disk 2396
2019/11/22 20:23:34.86 #|1574454214.865919352|00#| work_queue_worker[1] wq: rx from master: gpus 0
2019/11/22 20:23:34.86 #|1574454214.865952371|00#| work_queue_worker[1] wq: rx from master: end_time 18446744073709551615
2019/11/22 20:23:34.86 #|1574454214.865966617|00#| work_queue_worker[1] wq: rx from master: wall_time 18446744073709551615
2019/11/22 20:23:34.86 #|1574454214.865978830|00#| work_queue_worker[1] wq: rx from master: env 7
2019/11/22 20:23:34.86 #|1574454214.866014047|00#| work_queue_worker[1] wq: rx from master: env 17
2019/11/22 20:23:34.86 #|1574454214.866032003|00#| work_queue_worker[1] wq: rx from master: infile file-0-25930e3036f13852cb0b29694bbab611-nt nt 1
2019/11/22 20:23:34.86 #|1574454214.866155558|00#| work_queue_worker[1] wq: rx from master: infile file-0-f7c60c99710a0f95199d7cf4150bb754-test.fasta.3 test.fasta.3 1
2019/11/22 20:23:34.86 #|1574454214.866215616|00#| work_queue_worker[1] wq: rx from master: infile file-0-daa9c57850b857b80eefebbca6aa18ce-blastall blastall 1
2019/11/22 20:23:34.86 #|1574454214.866239734|00#| work_queue_worker[1] wq: rx from master: outfile file-0-302dccbdb24a28605e16f14de1f6102d-test.fasta.3.err test.fasta.3.err 1
2019/11/22 20:23:34.86 #|1574454214.866285314|00#| work_queue_worker[1] wq: rx from master: outfile file-0-caef36134f56070ec9bbb5a29c17bfcb-test.fasta.3.out test.fasta.3.out 1
2019/11/22 20:23:34.86 #|1574454214.866308886|00#| work_queue_worker[1] wq: rx from master: end
2019/11/22 20:23:34.86 #|1574454214.866414910|00#| work_queue_worker[1] wq: linking cache/file-0-25930e3036f13852cb0b29694bbab611-nt to /tmp/worker-0-1/t.17/nt
2019/11/22 20:23:34.86 #|1574454214.866664548|00#| work_queue_worker[1] wq: linking cache/file-0-f7c60c99710a0f95199d7cf4150bb754-test.fasta.3 to /tmp/worker-0-1/t.17/test.fasta.3
2019/11/22 20:23:34.86 #|1574454214.866699448|00#| work_queue_worker[1] wq: linking cache/file-0-daa9c57850b857b80eefebbca6aa18ce-blastall to /tmp/worker-0-1/t.17/blastall
2019/11/22 20:23:34.86 #|1574454214.866901360|00#| work_queue_worker[1] wq: started process 17: ./blastall -p blastn -d nt/nt -i test.fasta.3 -o test.fasta.3.out 2> test.fasta.3.err
2019/11/22 20:23:34.86 #|1574454214.866935105|00#| work_queue_worker[1] wq: tx to master: info tasks_running 1
2019/11/22 20:23:35.38 #|1574454215.382467785|00#| work_queue_worker[1] wq: rx from master: check
2019/11/22 20:23:35.38 #|1574454215.382501283|00#| work_queue_worker[1] wq: tx to master: alive
2019/11/22 20:23:35.38 #|1574454215.382606022|00#| work_queue_worker[1] wq: tx to master: info tasks_running 1
2019/11/22 20:23:49.62 #|1574454229.622216762|00#| work_queue_worker[1] wq: task 17 (pid 17) exited normally with exit code 0
2019/11/22 20:23:49.62 #|1574454229.622247148|00#| work_queue_worker[1] wq: moving output file from /tmp/worker-0-1/t.17/test.fasta.3.err to cache/file-0-302dccbdb24a28605e16f14de1f6102d-test.fasta.3.err
2019/11/22 20:23:49.62 #|1574454229.622304634|00#| work_queue_worker[1] wq: moving output file from /tmp/worker-0-1/t.17/test.fasta.3.out to cache/file-0-caef36134f56070ec9bbb5a29c17bfcb-test.fasta.3.out
2019/11/22 20:23:49.62 #|1574454229.622335099|00#| work_queue_worker[1] wq: tx to master: available_results
2019/11/22 20:25:36.12 #|1574454336.129873391|00#| work_queue_worker[1] wq: rx from master: send_results -1
2019/11/22 20:25:36.12 #|1574454336.129913698|00#| work_queue_worker[1] wq: tx to master: result 0 0 0 14755490 17
2019/11/22 20:25:36.12 #|1574454336.129999092|00#| work_queue_worker[1] wq: tx to master: info tasks_running 0
2019/11/22 20:25:36.13 #|1574454336.130051833|00#| work_queue_worker[1] wq: tx to master: end
2019/11/22 20:25:36.13 #|1574454336.130352814|00#| work_queue_worker[1] wq: rx from master: get file-0-302dccbdb24a28605e16f14de1f6102d-test.fasta.3.err 1
2019/11/22 20:25:36.13 #|1574454336.130392267|00#| work_queue_worker[1] wq: tx to master: file file-0-302dccbdb24a28605e16f14de1f6102d-test.fasta.3.err 0
2019/11/22 20:25:36.13 #|1574454336.130444957|00#| work_queue_worker[1] wq: tx to master: end
2019/11/22 20:25:36.13 #|1574454336.130830518|00#| work_queue_worker[1] wq: rx from master: get file-0-caef36134f56070ec9bbb5a29c17bfcb-test.fasta.3.out 1
2019/11/22 20:25:36.13 #|1574454336.130864144|00#| work_queue_worker[1] wq: tx to master: file file-0-caef36134f56070ec9bbb5a29c17bfcb-test.fasta.3.out 24326
2019/11/22 20:25:36.13 #|1574454336.131024976|00#| work_queue_worker[1] wq: tx to master: end
2019/11/22 20:25:36.13 #|1574454336.131291443|00#| work_queue_worker[1] wq: rx from master: kill 17
2019/11/22 20:25:36.16 #|1574454336.161857596|00#| work_queue_worker[1] wq: rx from master: put file-0-861f258aeedab7469eb02fd8febc6d36-test.fasta.13 10120 0644 1
2019/11/22 20:25:36.16 #|1574454336.161896793|00#| work_queue_worker[1] wq: Putting file file-0-861f258aeedab7469eb02fd8febc6d36-test.fasta.13 into workspace
2019/11/22 20:25:36.16 #|1574454336.162075084|00#| work_queue_worker[1] wq: rx from master: task 7
2019/11/22 20:25:36.16 #|1574454336.162098909|00#| work_queue_worker[1] wq: rx from master: cmd 88
2019/11/22 20:25:36.16 #|1574454336.162112021|00#| work_queue_worker[1] wq: rx from master: ./blastall -p blastn -d nt/nt -i test.fasta.13 -o test.fasta.13.out 2> test.fasta.13.err
2019/11/22 20:25:36.16 #|1574454336.162121250|00#| work_queue_worker[1] wq: rx from master: category default
2019/11/22 20:25:36.16 #|1574454336.162131210|00#| work_queue_worker[1] wq: rx from master: cores 1
2019/11/22 20:25:36.16 #|1574454336.162141453|00#| work_queue_worker[1] wq: rx from master: memory 11908
2019/11/22 20:25:36.16 #|1574454336.162151319|00#| work_queue_worker[1] wq: rx from master: disk 2396
2019/11/22 20:25:36.16 #|1574454336.162161242|00#| work_queue_worker[1] wq: rx from master: gpus 0
2019/11/22 20:25:36.16 #|1574454336.162179005|00#| work_queue_worker[1] wq: rx from master: end_time 18446744073709551615
2019/11/22 20:25:36.16 #|1574454336.162190324|00#| work_queue_worker[1] wq: rx from master: wall_time 18446744073709551615
2019/11/22 20:25:36.16 #|1574454336.162232280|00#| work_queue_worker[1] wq: rx from master: env 7
2019/11/22 20:25:36.16 #|1574454336.162250487|00#| work_queue_worker[1] wq: rx from master: env 17
2019/11/22 20:25:36.16 #|1574454336.162263012|00#| work_queue_worker[1] wq: rx from master: infile file-0-25930e3036f13852cb0b29694bbab611-nt nt 1
2019/11/22 20:25:36.16 #|1574454336.162288973|00#| work_queue_worker[1] wq: rx from master: infile file-0-861f258aeedab7469eb02fd8febc6d36-test.fasta.13 test.fasta.13 1
2019/11/22 20:25:36.16 #|1574454336.162338673|00#| work_queue_worker[1] wq: rx from master: infile file-0-daa9c57850b857b80eefebbca6aa18ce-blastall blastall 1
2019/11/22 20:25:36.16 #|1574454336.162362802|00#| work_queue_worker[1] wq: rx from master: outfile file-0-a1e084cfb47df79ee8a2d374c2d9abba-test.fasta.13.err test.fasta.13.err 1
2019/11/22 20:25:36.16 #|1574454336.162382426|00#| work_queue_worker[1] wq: rx from master: outfile file-0-dc058f4294b64abb0a149cc97b0d5b94-test.fasta.13.out test.fasta.13.out 1
2019/11/22 20:25:36.16 #|1574454336.162403385|00#| work_queue_worker[1] wq: rx from master: end
2019/11/22 20:25:36.16 #|1574454336.162538959|00#| work_queue_worker[1] wq: linking cache/file-0-25930e3036f13852cb0b29694bbab611-nt to /tmp/worker-0-1/t.7/nt
2019/11/22 20:25:36.16 #|1574454336.162809712|00#| work_queue_worker[1] wq: linking cache/file-0-861f258aeedab7469eb02fd8febc6d36-test.fasta.13 to /tmp/worker-0-1/t.7/test.fasta.13
2019/11/22 20:25:36.16 #|1574454336.162863522|00#| work_queue_worker[1] wq: linking cache/file-0-daa9c57850b857b80eefebbca6aa18ce-blastall to /tmp/worker-0-1/t.7/blastall
2019/11/22 20:25:36.16 #|1574454336.163116095|00#| work_queue_worker[1] wq: started process 19: ./blastall -p blastn -d nt/nt -i test.fasta.13 -o test.fasta.13.out 2> test.fasta.13.err
2019/11/22 20:25:36.16 #|1574454336.163163613|00#| work_queue_worker[1] wq: tx to master: info tasks_running 1
2019/11/22 20:25:37.18 #|1574454337.180809934|00#| work_queue_worker[1] wq: rx from master: check
2019/11/22 20:25:37.18 #|1574454337.180844157|00#| work_queue_worker[1] wq: tx to master: alive
2019/11/22 20:25:37.18 #|1574454337.180921809|00#| work_queue_worker[1] wq: tx to master: info tasks_running 1
2019/11/22 20:25:50.73 #|1574454350.730793295|00#| work_queue_worker[1] wq: task 7 (pid 19) exited normally with exit code 0
2019/11/22 20:25:50.73 #|1574454350.730821440|00#| work_queue_worker[1] wq: moving output file from /tmp/worker-0-1/t.7/test.fasta.13.err to cache/file-0-a1e084cfb47df79ee8a2d374c2d9abba-test.fasta.13.err
2019/11/22 20:25:50.73 #|1574454350.730881649|00#| work_queue_worker[1] wq: moving output file from /tmp/worker-0-1/t.7/test.fasta.13.out to cache/file-0-dc058f4294b64abb0a149cc97b0d5b94-test.fasta.13.out
2019/11/22 20:25:50.73 #|1574454350.730913682|00#| work_queue_worker[1] wq: tx to master: available_results
2019/11/22 20:25:50.76 #|1574454350.767664484|00#| work_queue_worker[1] wq: rx from master: send_results -1
2019/11/22 20:25:50.76 #|1574454350.767704567|00#| work_queue_worker[1] wq: tx to master: result 0 0 0 14567876 7
2019/11/22 20:25:50.76 #|1574454350.767768600|00#| work_queue_worker[1] wq: tx to master: info tasks_running 0
2019/11/22 20:25:50.76 #|1574454350.767816868|00#| work_queue_worker[1] wq: tx to master: end
2019/11/22 20:25:50.76 #|1574454350.768110812|00#| work_queue_worker[1] wq: rx from master: get file-0-a1e084cfb47df79ee8a2d374c2d9abba-test.fasta.13.err 1
2019/11/22 20:25:50.76 #|1574454350.768153734|00#| work_queue_worker[1] wq: tx to master: file file-0-a1e084cfb47df79ee8a2d374c2d9abba-test.fasta.13.err 0
2019/11/22 20:25:50.76 #|1574454350.768212426|00#| work_queue_worker[1] wq: tx to master: end
2019/11/22 20:25:50.76 #|1574454350.768538448|00#| work_queue_worker[1] wq: rx from master: get file-0-dc058f4294b64abb0a149cc97b0d5b94-test.fasta.13.out 1
2019/11/22 20:25:50.76 #|1574454350.768584116|00#| work_queue_worker[1] wq: tx to master: file file-0-dc058f4294b64abb0a149cc97b0d5b94-test.fasta.13.out 23659
2019/11/22 20:25:50.76 #|1574454350.768755096|00#| work_queue_worker[1] wq: tx to master: end
2019/11/22 20:25:50.76 #|1574454350.768989676|00#| work_queue_worker[1] wq: rx from master: kill 7
2019/11/22 20:25:50.76 #|1574454350.769575764|00#| work_queue_worker[1] wq: rx from master: put file-0-21ce2e3623ee3a033739f28d47ebc2f3-test.fasta.1 10110 0644 1
2019/11/22 20:25:50.76 #|1574454350.769604725|00#| work_queue_worker[1] wq: Putting file file-0-21ce2e3623ee3a033739f28d47ebc2f3-test.fasta.1 into workspace
2019/11/22 20:25:50.76 #|1574454350.769723100|00#| work_queue_worker[1] wq: rx from master: task 19
2019/11/22 20:25:50.76 #|1574454350.769742243|00#| work_queue_worker[1] wq: rx from master: cmd 85
2019/11/22 20:25:50.76 #|1574454350.769786321|00#| work_queue_worker[1] wq: rx from master: ./blastall -p blastn -d nt/nt -i test.fasta.1 -o test.fasta.1.out 2> test.fasta.1.err
2019/11/22 20:25:50.76 #|1574454350.769798357|00#| work_queue_worker[1] wq: rx from master: category default
2019/11/22 20:25:50.76 #|1574454350.769807964|00#| work_queue_worker[1] wq: rx from master: cores 1
2019/11/22 20:25:50.76 #|1574454350.769844378|00#| work_queue_worker[1] wq: rx from master: memory 11908
2019/11/22 20:25:50.76 #|1574454350.769857966|00#| work_queue_worker[1] wq: rx from master: disk 2396
2019/11/22 20:25:50.76 #|1574454350.769890310|00#| work_queue_worker[1] wq: rx from master: gpus 0
2019/11/22 20:25:50.76 #|1574454350.769903664|00#| work_queue_worker[1] wq: rx from master: end_time 18446744073709551615
2019/11/22 20:25:50.76 #|1574454350.769916099|00#| work_queue_worker[1] wq: rx from master: wall_time 18446744073709551615
2019/11/22 20:25:50.76 #|1574454350.769992879|00#| work_queue_worker[1] wq: rx from master: env 7
2019/11/22 20:25:50.77 #|1574454350.770039271|00#| work_queue_worker[1] wq: rx from master: env 17
2019/11/22 20:25:50.77 #|1574454350.770055542|00#| work_queue_worker[1] wq: rx from master: infile file-0-25930e3036f13852cb0b29694bbab611-nt nt 1
2019/11/22 20:25:50.77 #|1574454350.770083803|00#| work_queue_worker[1] wq: rx from master: infile file-0-21ce2e3623ee3a033739f28d47ebc2f3-test.fasta.1 test.fasta.1 1
2019/11/22 20:25:50.77 #|1574454350.770130421|00#| work_queue_worker[1] wq: rx from master: infile file-0-daa9c57850b857b80eefebbca6aa18ce-blastall blastall 1
2019/11/22 20:25:50.77 #|1574454350.770177087|00#| work_queue_worker[1] wq: rx from master: outfile file-0-3ab9f1950a6d162e67ee5b12ea6e7807-test.fasta.1.err test.fasta.1.err 1
2019/11/22 20:25:50.77 #|1574454350.770200804|00#| work_queue_worker[1] wq: rx from master: outfile file-0-994988da6966ac76fa59fc30ca8c2cd9-test.fasta.1.out test.fasta.1.out 1
2019/11/22 20:25:50.77 #|1574454350.770220741|00#| work_queue_worker[1] wq: rx from master: end
2019/11/22 20:25:50.77 #|1574454350.770324709|00#| work_queue_worker[1] wq: linking cache/file-0-25930e3036f13852cb0b29694bbab611-nt to /tmp/worker-0-1/t.19/nt
2019/11/22 20:25:50.77 #|1574454350.770568190|00#| work_queue_worker[1] wq: linking cache/file-0-21ce2e3623ee3a033739f28d47ebc2f3-test.fasta.1 to /tmp/worker-0-1/t.19/test.fasta.1
2019/11/22 20:25:50.77 #|1574454350.770602922|00#| work_queue_worker[1] wq: linking cache/file-0-daa9c57850b857b80eefebbca6aa18ce-blastall to /tmp/worker-0-1/t.19/blastall
2019/11/22 20:25:50.77 #|1574454350.770783276|00#| work_queue_worker[1] wq: started process 21: ./blastall -p blastn -d nt/nt -i test.fasta.1 -o test.fasta.1.out 2> test.fasta.1.err
2019/11/22 20:25:50.77 #|1574454350.770815830|00#| work_queue_worker[1] wq: tx to master: info tasks_running 1
2019/11/22 20:26:05.47 #|1574454365.478130036|00#| work_queue_worker[1] wq: task 19 (pid 21) exited normally with exit code 0
2019/11/22 20:26:05.47 #|1574454365.478161155|00#| work_queue_worker[1] wq: moving output file from /tmp/worker-0-1/t.19/test.fasta.1.err to cache/file-0-3ab9f1950a6d162e67ee5b12ea6e7807-test.fasta.1.err
2019/11/22 20:26:05.47 #|1574454365.478243419|00#| work_queue_worker[1] wq: moving output file from /tmp/worker-0-1/t.19/test.fasta.1.out to cache/file-0-994988da6966ac76fa59fc30ca8c2cd9-test.fasta.1.out
2019/11/22 20:26:05.47 #|1574454365.478723470|00#| work_queue_worker[1] wq: tx to master: available_results
2019/11/22 20:26:05.47 #|1574454365.479050622|00#| work_queue_worker[1] wq: rx from master: send_results -1
2019/11/22 20:26:05.47 #|1574454365.479088928|00#| work_queue_worker[1] wq: tx to master: result 0 0 0 14707505 19
2019/11/22 20:26:05.47 #|1574454365.479150507|00#| work_queue_worker[1] wq: tx to master: info tasks_running 0
2019/11/22 20:26:05.47 #|1574454365.479198275|00#| work_queue_worker[1] wq: tx to master: end
2019/11/22 20:26:05.47 #|1574454365.479517257|00#| work_queue_worker[1] wq: rx from master: get file-0-3ab9f1950a6d162e67ee5b12ea6e7807-test.fasta.1.err 1
2019/11/22 20:26:05.47 #|1574454365.479557910|00#| work_queue_worker[1] wq: tx to master: file file-0-3ab9f1950a6d162e67ee5b12ea6e7807-test.fasta.1.err 0
2019/11/22 20:26:05.47 #|1574454365.479617329|00#| work_queue_worker[1] wq: tx to master: end
2019/11/22 20:26:05.47 #|1574454365.479918471|00#| work_queue_worker[1] wq: rx from master: get file-0-994988da6966ac76fa59fc30ca8c2cd9-test.fasta.1.out 1
2019/11/22 20:26:05.47 #|1574454365.479949024|00#| work_queue_worker[1] wq: tx to master: file file-0-994988da6966ac76fa59fc30ca8c2cd9-test.fasta.1.out 27543
2019/11/22 20:26:05.48 #|1574454365.480074582|00#| work_queue_worker[1] wq: tx to master: end
2019/11/22 20:26:05.48 #|1574454365.480442870|00#| work_queue_worker[1] wq: rx from master: kill 19
2019/11/22 20:26:05.48 #|1574454365.481059623|00#| work_queue_worker[1] wq: rx from master: put file-0-bd98410c4ed2bfaa95819f1849189081-test.fasta.18 10120 0644 1
2019/11/22 20:26:05.48 #|1574454365.481089647|00#| work_queue_worker[1] wq: Putting file file-0-bd98410c4ed2bfaa95819f1849189081-test.fasta.18 into workspace
2019/11/22 20:26:05.48 #|1574454365.481205573|00#| work_queue_worker[1] wq: rx from master: task 2
2019/11/22 20:26:05.48 #|1574454365.481224241|00#| work_queue_worker[1] wq: rx from master: cmd 88
2019/11/22 20:26:05.48 #|1574454365.481235756|00#| work_queue_worker[1] wq: rx from master: ./blastall -p blastn -d nt/nt -i test.fasta.18 -o test.fasta.18.out 2> test.fasta.18.err
2019/11/22 20:26:05.48 #|1574454365.481272268|00#| work_queue_worker[1] wq: rx from master: category default
2019/11/22 20:26:05.48 #|1574454365.481285820|00#| work_queue_worker[1] wq: rx from master: cores 1
2019/11/22 20:26:05.48 #|1574454365.481295819|00#| work_queue_worker[1] wq: rx from master: memory 11908
2019/11/22 20:26:05.48 #|1574454365.481307032|00#| work_queue_worker[1] wq: rx from master: disk 2396
2019/11/22 20:26:05.48 #|1574454365.481338968|00#| work_queue_worker[1] wq: rx from master: gpus 0
2019/11/22 20:26:05.48 #|1574454365.481354446|00#| work_queue_worker[1] wq: rx from master: end_time 18446744073709551615
2019/11/22 20:26:05.48 #|1574454365.481435341|00#| work_queue_worker[1] wq: rx from master: wall_time 18446744073709551615
2019/11/22 20:26:05.48 #|1574454365.481457214|00#| work_queue_worker[1] wq: rx from master: env 7
2019/11/22 20:26:05.48 #|1574454365.481499734|00#| work_queue_worker[1] wq: rx from master: env 17
2019/11/22 20:26:05.48 #|1574454365.481518123|00#| work_queue_worker[1] wq: rx from master: infile file-0-25930e3036f13852cb0b29694bbab611-nt nt 1
2019/11/22 20:26:05.48 #|1574454365.481570363|00#| work_queue_worker[1] wq: rx from master: infile file-0-bd98410c4ed2bfaa95819f1849189081-test.fasta.18 test.fasta.18 1
2019/11/22 20:26:05.48 #|1574454365.481618246|00#| work_queue_worker[1] wq: rx from master: infile file-0-daa9c57850b857b80eefebbca6aa18ce-blastall blastall 1
2019/11/22 20:26:05.48 #|1574454365.481640643|00#| work_queue_worker[1] wq: rx from master: outfile file-0-b3ca854c26233484c838ab6d3298229c-test.fasta.18.err test.fasta.18.err 1
2019/11/22 20:26:05.48 #|1574454365.481661494|00#| work_queue_worker[1] wq: rx from master: outfile file-0-c688af492b061abef62bf46ec43b64b2-test.fasta.18.out test.fasta.18.out 1
2019/11/22 20:26:05.48 #|1574454365.481714346|00#| work_queue_worker[1] wq: rx from master: end
2019/11/22 20:26:05.48 #|1574454365.481820470|00#| work_queue_worker[1] wq: linking cache/file-0-25930e3036f13852cb0b29694bbab611-nt to /tmp/worker-0-1/t.2/nt
2019/11/22 20:26:05.48 #|1574454365.482029125|00#| work_queue_worker[1] wq: linking cache/file-0-bd98410c4ed2bfaa95819f1849189081-test.fasta.18 to /tmp/worker-0-1/t.2/test.fasta.18
2019/11/22 20:26:05.48 #|1574454365.482061416|00#| work_queue_worker[1] wq: linking cache/file-0-daa9c57850b857b80eefebbca6aa18ce-blastall to /tmp/worker-0-1/t.2/blastall
2019/11/22 20:26:05.48 #|1574454365.482233630|00#| work_queue_worker[1] wq: started process 23: ./blastall -p blastn -d nt/nt -i test.fasta.18 -o test.fasta.18.out 2> test.fasta.18.err
2019/11/22 20:26:05.48 #|1574454365.482265462|00#| work_queue_worker[1] wq: tx to master: info tasks_running 1
2019/11/22 20:26:20.18 #|1574454380.185848836|00#| work_queue_worker[1] wq: task 2 (pid 23) exited normally with exit code 0
2019/11/22 20:26:20.18 #|1574454380.185876064|00#| work_queue_worker[1] wq: moving output file from /tmp/worker-0-1/t.2/test.fasta.18.err to cache/file-0-b3ca854c26233484c838ab6d3298229c-test.fasta.18.err
2019/11/22 20:26:20.18 #|1574454380.185932069|00#| work_queue_worker[1] wq: moving output file from /tmp/worker-0-1/t.2/test.fasta.18.out to cache/file-0-c688af492b061abef62bf46ec43b64b2-test.fasta.18.out
2019/11/22 20:26:20.18 #|1574454380.186258225|00#| work_queue_worker[1] wq: tx to master: available_results
2019/11/22 20:26:20.18 #|1574454380.186502687|00#| work_queue_worker[1] wq: rx from master: send_results -1
2019/11/22 20:26:20.18 #|1574454380.186550123|00#| work_queue_worker[1] wq: tx to master: result 0 0 0 14703766 2
2019/11/22 20:26:20.18 #|1574454380.186603746|00#| work_queue_worker[1] wq: tx to master: info tasks_running 0
2019/11/22 20:26:20.18 #|1574454380.186651674|00#| work_queue_worker[1] wq: tx to master: end
2019/11/22 20:26:20.18 #|1574454380.186967674|00#| work_queue_worker[1] wq: rx from master: get file-0-b3ca854c26233484c838ab6d3298229c-test.fasta.18.err 1
2019/11/22 20:26:20.18 #|1574454380.187007520|00#| work_queue_worker[1] wq: tx to master: file file-0-b3ca854c26233484c838ab6d3298229c-test.fasta.18.err 0
2019/11/22 20:26:20.18 #|1574454380.187066648|00#| work_queue_worker[1] wq: tx to master: end
2019/11/22 20:26:20.18 #|1574454380.187344396|00#| work_queue_worker[1] wq: rx from master: get file-0-c688af492b061abef62bf46ec43b64b2-test.fasta.18.out 1
2019/11/22 20:26:20.18 #|1574454380.187372738|00#| work_queue_worker[1] wq: tx to master: file file-0-c688af492b061abef62bf46ec43b64b2-test.fasta.18.out 40977
2019/11/22 20:26:20.18 #|1574454380.187584210|00#| work_queue_worker[1] wq: tx to master: end
2019/11/22 20:26:20.18 #|1574454380.187812318|00#| work_queue_worker[1] wq: rx from master: kill 2
2019/11/22 20:26:34.40 #|1574454394.402582887|00#| work_queue_worker[1] wq: rx from master: release
2019/11/22 20:26:34.40 #|1574454394.402608623|00#| work_queue_worker[1] wq: released by master 10.0.107.11:1026.
2019/11/22 20:26:34.40 #|1574454394.402626074|00#| work_queue_worker[1] wq: cleaning workspace /tmp/worker-0-1
2019/11/22 20:26:34.61 #|1574454394.617866208|00#| work_queue_worker[1] wq: disconnecting from master 10.0.107.11:1026
2019/11/22 20:26:34.61 #|1574454394.617965133|00#| work_queue_worker[1] tcp: disconnected from 10.0.107.11 port 1026
2019/11/22 20:26:34.61 #|1574454394.617979199|00#| work_queue_worker[1] wq: killing all outstanding tasks
2019/11/22 20:26:34.61 #|1574454394.617991185|00#| work_queue_worker[1] wq: all data structures are clean
2019/11/22 20:26:35.61 #|1574454395.618364354|00#| work_queue_worker[1] debug: error reading disk usage on directory: ./cache.
2019/11/22 20:26:35.61 #|1574454395.618404346|00#| work_queue_worker[1] dns: looking up name master
2019/11/22 20:26:35.62 #|1574454395.620311300|00#| work_queue_worker[1] dns: couldn't look up master: Name or service not known
