2019/11/27 11:15:03.73 work_queue_worker[1] debug: /home/cctools_BRUNO_bin/bin/work_queue_worker version 8.0.0 DEVELOPMENT (released 2019-11-06 16:35:57 +0000)
2019/11/27 11:15:03.73 work_queue_worker[1] debug: Built by root@2546322b0463 on 2019-11-06 16:35:57 +0000
2019/11/27 11:15:03.73 work_queue_worker[1] debug: System: Linux 2546322b0463 5.0.0-32-generic #34~18.04.2-Ubuntu SMP Thu Oct 10 10:36:02 UTC 2019 x86_64 x86_64 x86_64 GNU/Linux
2019/11/27 11:15:03.73 work_queue_worker[1] debug: Configuration: --prefix /home/cctools_BRUNO_bin
2019/11/27 11:15:03.73 work_queue_worker[1] wq: WORK_QUEUE_SANDBOX set to /tmp/worker-0-1.
2019/11/27 11:15:03.73 work_queue_worker[1] debug: error reading disk usage on directory: ./cache.
2019/11/27 11:15:03.73 work_queue_worker[1] dns: looking up name master
2019/11/27 11:15:03.73 work_queue_worker[1] dns: couldn't look up master: Name or service not known
2019/11/27 11:15:05.73 work_queue_worker[1] dns: looking up name master
2019/11/27 11:15:05.74 work_queue_worker[1] dns: couldn't look up master: Name or service not known
2019/11/27 11:15:07.74 work_queue_worker[1] dns: looking up name master
2019/11/27 11:15:07.74 work_queue_worker[1] dns: couldn't look up master: Name or service not known
2019/11/27 11:15:09.76 work_queue_worker[1] debug: error reading disk usage on directory: ./cache.
2019/11/27 11:15:09.76 work_queue_worker[1] dns: looking up name master
2019/11/27 11:15:09.76 work_queue_worker[1] dns: couldn't look up master: Name or service not known
2019/11/27 11:15:11.76 work_queue_worker[1] dns: looking up name master
2019/11/27 11:15:11.76 work_queue_worker[1] dns: master is 10.0.18.8
2019/11/27 11:15:11.76 work_queue_worker[1] tcp: connecting to 10.0.18.8 port 1026
2019/11/27 11:15:11.76 work_queue_worker[1] tcp: made connection to 10.0.18.8 port 1026
2019/11/27 11:15:11.76 work_queue_worker[1] wq: connected to master master:1026 via local address 10.0.18.3:57580
2019/11/27 11:15:11.76 work_queue_worker[1] wq: preparing workspace /tmp/worker-0-1
2019/11/27 11:15:11.76 work_queue_worker[1] dns: looking up name 4a249188c107
2019/11/27 11:15:11.76 work_queue_worker[1] dns: 4a249188c107 is 10.0.18.3
2019/11/27 11:15:11.76 work_queue_worker[1] dns: looking up addr 10.0.18.3
2019/11/27 11:15:11.76 work_queue_worker[1] dns: 10.0.18.3 is 4a249188c107
2019/11/27 11:15:11.76 work_queue_worker[1] dns: finding my hostname: uname = 4a249188c107, address = 10.0.18.3, hostname = 4a249188c107
2019/11/27 11:15:11.76 work_queue_worker[1] wq: tx to master: workqueue 8 4a249188c107 Linux x86_64 8.0.0
2019/11/27 11:15:11.76 work_queue_worker[1] wq: tx to master: info worker-id worker-ba657561170e180e0467b4efa9bb02bf
2019/11/27 11:15:11.76 work_queue_worker[1] wq: tx to master: alive
2019/11/27 11:15:11.76 work_queue_worker[1] wq: Sending resource description to master:
2019/11/27 11:15:11.76 work_queue_worker[1] wq:  workers      0 inuse      1 total      1 smallest      1 largest
2019/11/27 11:15:11.76 work_queue_worker[1] wq:     disk      0 inuse 182753 total 182753 smallest 182753 largest
2019/11/27 11:15:11.76 work_queue_worker[1] wq:   memory      0 inuse   7749 total   7749 smallest   7749 largest
2019/11/27 11:15:11.77 work_queue_worker[1] wq:     gpus      0 inuse      0 total      0 smallest      0 largest
2019/11/27 11:15:11.77 work_queue_worker[1] wq:    cores      0 inuse      4 total      4 smallest      4 largest
2019/11/27 11:15:11.77 work_queue_worker[1] wq: tx to master: info end_of_resource_update 0
2019/11/27 11:15:11.77 work_queue_worker[1] wq: tx to master: info tasks_running 0
2019/11/27 11:15:11.77 work_queue_worker[1] wq: working for master at 10.0.18.8:1026.
2019/11/27 11:15:11.77 work_queue_worker[1] wq: rx from master: put file-0-25930e3036f13852cb0b29694bbab611-nt/taxdb.bti 14920392 0644 1
2019/11/27 11:15:11.77 work_queue_worker[1] wq: Putting file file-0-25930e3036f13852cb0b29694bbab611-nt/taxdb.bti into workspace
2019/11/27 11:15:11.77 work_queue_worker[1] wq: Created directory - (cache/file-0-25930e3036f13852cb0b29694bbab611-nt)
2019/11/27 11:15:11.77 work_queue_worker[1] wq: ** created dir: -> /mkdir /cache/file-0-25930e3036f13852cb0b29694bbab611-nt
2019/11/27 11:15:13.08 work_queue_worker[1] wq: ****BRUNO***** cp BARRA: -> cp ./cache/file-0-25930e3036f13852cb0b29694bbab611-nt/taxdb.bti /cache/file-0-25930e3036f13852cb0b29694bbab611-nt.
2019/11/27 11:15:13.11 work_queue_worker[1] wq: rx from master: put file-0-25930e3036f13852cb0b29694bbab611-nt/nt.nal 752 0644 1
2019/11/27 11:15:13.11 work_queue_worker[1] wq: Putting file file-0-25930e3036f13852cb0b29694bbab611-nt/nt.nal into workspace
2019/11/27 11:15:13.11 work_queue_worker[1] wq: Dir /cache/file-0-25930e3036f13852cb0b29694bbab611-nt already exists in cache
2019/11/27 11:15:13.11 work_queue_worker[1] wq: ****BRUNO***** cp BARRA: -> cp ./cache/file-0-25930e3036f13852cb0b29694bbab611-nt/nt.nal /cache/file-0-25930e3036f13852cb0b29694bbab611-nt.
2019/11/27 11:15:13.11 work_queue_worker[1] wq: rx from master: put file-0-25930e3036f13852cb0b29694bbab611-nt/nt.44.nni 27220 0644 1
2019/11/27 11:15:13.11 work_queue_worker[1] wq: Putting file file-0-25930e3036f13852cb0b29694bbab611-nt/nt.44.nni into workspace
2019/11/27 11:15:13.11 work_queue_worker[1] wq: Dir /cache/file-0-25930e3036f13852cb0b29694bbab611-nt already exists in cache
2019/11/27 11:15:13.11 work_queue_worker[1] wq: ****BRUNO***** cp BARRA: -> cp ./cache/file-0-25930e3036f13852cb0b29694bbab611-nt/nt.44.nni /cache/file-0-25930e3036f13852cb0b29694bbab611-nt.
2019/11/27 11:15:13.11 work_queue_worker[1] wq: rx from master: put file-0-25930e3036f13852cb0b29694bbab611-nt/nt.44.nog 3378248 0644 1
2019/11/27 11:15:13.11 work_queue_worker[1] wq: Putting file file-0-25930e3036f13852cb0b29694bbab611-nt/nt.44.nog into workspace
2019/11/27 11:15:13.11 work_queue_worker[1] wq: Dir /cache/file-0-25930e3036f13852cb0b29694bbab611-nt already exists in cache
2019/11/27 11:15:13.38 work_queue_worker[1] wq: ****BRUNO***** cp BARRA: -> cp ./cache/file-0-25930e3036f13852cb0b29694bbab611-nt/nt.44.nog /cache/file-0-25930e3036f13852cb0b29694bbab611-nt.
2019/11/27 11:15:13.39 work_queue_worker[1] wq: rx from master: put file-0-25930e3036f13852cb0b29694bbab611-nt/taxdb.btd 141628361 0644 1
2019/11/27 11:15:13.39 work_queue_worker[1] wq: Putting file file-0-25930e3036f13852cb0b29694bbab611-nt/taxdb.btd into workspace
2019/11/27 11:15:13.39 work_queue_worker[1] wq: Dir /cache/file-0-25930e3036f13852cb0b29694bbab611-nt already exists in cache
2019/11/27 11:15:25.86 work_queue_worker[1] wq: ****BRUNO***** cp BARRA: -> cp ./cache/file-0-25930e3036f13852cb0b29694bbab611-nt/taxdb.btd /cache/file-0-25930e3036f13852cb0b29694bbab611-nt.
2019/11/27 11:15:25.99 work_queue_worker[1] wq: rx from master: put file-0-25930e3036f13852cb0b29694bbab611-nt/nt.44.nhr 148534336 0644 1
2019/11/27 11:15:25.99 work_queue_worker[1] wq: Putting file file-0-25930e3036f13852cb0b29694bbab611-nt/nt.44.nhr into workspace
2019/11/27 11:15:25.99 work_queue_worker[1] wq: Dir /cache/file-0-25930e3036f13852cb0b29694bbab611-nt already exists in cache
2019/11/27 11:15:38.95 work_queue_worker[1] wq: ****BRUNO***** cp BARRA: -> cp ./cache/file-0-25930e3036f13852cb0b29694bbab611-nt/nt.44.nhr /cache/file-0-25930e3036f13852cb0b29694bbab611-nt.
2019/11/27 11:15:39.09 work_queue_worker[1] wq: rx from master: put file-0-25930e3036f13852cb0b29694bbab611-nt/nt.44.nhi 338004 0644 1
2019/11/27 11:15:39.09 work_queue_worker[1] wq: Putting file file-0-25930e3036f13852cb0b29694bbab611-nt/nt.44.nhi into workspace
2019/11/27 11:15:39.09 work_queue_worker[1] wq: Dir /cache/file-0-25930e3036f13852cb0b29694bbab611-nt already exists in cache
2019/11/27 11:15:39.09 work_queue_worker[1] wq: ****BRUNO***** cp BARRA: -> cp ./cache/file-0-25930e3036f13852cb0b29694bbab611-nt/nt.44.nhi /cache/file-0-25930e3036f13852cb0b29694bbab611-nt.
2019/11/27 11:15:39.09 work_queue_worker[1] wq: rx from master: put file-0-25930e3036f13852cb0b29694bbab611-nt/nt.44.nnd 6955488 0644 1
2019/11/27 11:15:39.09 work_queue_worker[1] wq: Putting file file-0-25930e3036f13852cb0b29694bbab611-nt/nt.44.nnd into workspace
2019/11/27 11:15:39.09 work_queue_worker[1] wq: Dir /cache/file-0-25930e3036f13852cb0b29694bbab611-nt already exists in cache
2019/11/27 11:15:39.59 work_queue_worker[1] wq: ****BRUNO***** cp BARRA: -> cp ./cache/file-0-25930e3036f13852cb0b29694bbab611-nt/nt.44.nnd /cache/file-0-25930e3036f13852cb0b29694bbab611-nt.
2019/11/27 11:15:39.61 work_queue_worker[1] wq: rx from master: put file-0-25930e3036f13852cb0b29694bbab611-nt/nt.44.nhd 14869748 0644 1
2019/11/27 11:15:39.61 work_queue_worker[1] wq: Putting file file-0-25930e3036f13852cb0b29694bbab611-nt/nt.44.nhd into workspace
2019/11/27 11:15:39.61 work_queue_worker[1] wq: Dir /cache/file-0-25930e3036f13852cb0b29694bbab611-nt already exists in cache
2019/11/27 11:15:40.90 work_queue_worker[1] wq: ****BRUNO***** cp BARRA: -> cp ./cache/file-0-25930e3036f13852cb0b29694bbab611-nt/nt.44.nhd /cache/file-0-25930e3036f13852cb0b29694bbab611-nt.
2019/11/27 11:15:40.92 work_queue_worker[1] wq: rx from master: put file-0-25930e3036f13852cb0b29694bbab611-nt/nt.44.nsq 974099786 0644 1
2019/11/27 11:15:40.92 work_queue_worker[1] wq: Putting file file-0-25930e3036f13852cb0b29694bbab611-nt/nt.44.nsq into workspace
2019/11/27 11:15:40.92 work_queue_worker[1] wq: Dir /cache/file-0-25930e3036f13852cb0b29694bbab611-nt already exists in cache
2019/11/27 11:17:06.74 work_queue_worker[1] wq: ****BRUNO***** cp BARRA: -> cp ./cache/file-0-25930e3036f13852cb0b29694bbab611-nt/nt.44.nsq /cache/file-0-25930e3036f13852cb0b29694bbab611-nt.
2019/11/27 11:17:07.50 work_queue_worker[1] wq: rx from master: put file-0-25930e3036f13852cb0b29694bbab611-nt/nt.44.nin 10134740 0644 1
2019/11/27 11:17:07.50 work_queue_worker[1] wq: Putting file file-0-25930e3036f13852cb0b29694bbab611-nt/nt.44.nin into workspace
2019/11/27 11:17:07.50 work_queue_worker[1] wq: Dir /cache/file-0-25930e3036f13852cb0b29694bbab611-nt already exists in cache
2019/11/27 11:17:08.01 work_queue_worker[1] wq: ****BRUNO***** cp BARRA: -> cp ./cache/file-0-25930e3036f13852cb0b29694bbab611-nt/nt.44.nin /cache/file-0-25930e3036f13852cb0b29694bbab611-nt.
2019/11/27 11:17:08.03 work_queue_worker[1] wq: rx from master: put file-0-25930e3036f13852cb0b29694bbab611-nt/nt.44.nsi 764650 0644 1
2019/11/27 11:17:08.03 work_queue_worker[1] wq: Putting file file-0-25930e3036f13852cb0b29694bbab611-nt/nt.44.nsi into workspace
2019/11/27 11:17:08.03 work_queue_worker[1] wq: Dir /cache/file-0-25930e3036f13852cb0b29694bbab611-nt already exists in cache
2019/11/27 11:17:08.08 work_queue_worker[1] wq: ****BRUNO***** cp BARRA: -> cp ./cache/file-0-25930e3036f13852cb0b29694bbab611-nt/nt.44.nsi /cache/file-0-25930e3036f13852cb0b29694bbab611-nt.
2019/11/27 11:17:08.08 work_queue_worker[1] wq: rx from master: put file-0-25930e3036f13852cb0b29694bbab611-nt/nt.44.nsd 33299557 0644 1
2019/11/27 11:17:08.08 work_queue_worker[1] wq: Putting file file-0-25930e3036f13852cb0b29694bbab611-nt/nt.44.nsd into workspace
2019/11/27 11:17:08.08 work_queue_worker[1] wq: Dir /cache/file-0-25930e3036f13852cb0b29694bbab611-nt already exists in cache
2019/11/27 11:17:11.02 work_queue_worker[1] wq: ****BRUNO***** cp BARRA: -> cp ./cache/file-0-25930e3036f13852cb0b29694bbab611-nt/nt.44.nsd /cache/file-0-25930e3036f13852cb0b29694bbab611-nt.
2019/11/27 11:17:11.05 work_queue_worker[1] wq: rx from master: put file-0-91e2799df52756191dbca22d7b7cd23c-test.fasta.19 10120 0644 1
2019/11/27 11:17:11.05 work_queue_worker[1] wq: Putting file file-0-91e2799df52756191dbca22d7b7cd23c-test.fasta.19 into workspace
2019/11/27 11:17:11.05 work_queue_worker[1] wq: Dir /cache already exists in cache
2019/11/27 11:17:11.05 work_queue_worker[1] wq: ****BRUNO***** cp BARRA: -> cp ./cache/file-0-91e2799df52756191dbca22d7b7cd23c-test.fasta.19 /cache.
2019/11/27 11:17:11.06 work_queue_worker[1] wq: rx from master: put file-0-daa9c57850b857b80eefebbca6aa18ce-blastall 7687410 0755 1
2019/11/27 11:17:11.06 work_queue_worker[1] wq: Putting file file-0-daa9c57850b857b80eefebbca6aa18ce-blastall into workspace
2019/11/27 11:17:11.06 work_queue_worker[1] wq: Dir /cache already exists in cache
2019/11/27 11:17:11.69 work_queue_worker[1] wq: ****BRUNO***** cp BARRA: -> cp ./cache/file-0-daa9c57850b857b80eefebbca6aa18ce-blastall /cache.
2019/11/27 11:17:11.71 work_queue_worker[1] wq: rx from master: task 1
2019/11/27 11:17:11.71 work_queue_worker[1] wq: rx from master: cmd 88
2019/11/27 11:17:11.71 work_queue_worker[1] wq: rx from master: ./blastall -p blastn -d nt/nt -i test.fasta.19 -o test.fasta.19.out 2> test.fasta.19.err
2019/11/27 11:17:11.71 work_queue_worker[1] wq: rx from master: category default
2019/11/27 11:17:11.71 work_queue_worker[1] wq: rx from master: cores 4
2019/11/27 11:17:11.71 work_queue_worker[1] wq: rx from master: memory 7749
2019/11/27 11:17:11.71 work_queue_worker[1] wq: rx from master: disk 182753
2019/11/27 11:17:11.71 work_queue_worker[1] wq: rx from master: gpus 0
2019/11/27 11:17:11.71 work_queue_worker[1] wq: rx from master: end_time 18446744073709551615
2019/11/27 11:17:11.71 work_queue_worker[1] wq: rx from master: wall_time 18446744073709551615
2019/11/27 11:17:11.71 work_queue_worker[1] wq: rx from master: env 7
2019/11/27 11:17:11.71 work_queue_worker[1] wq: rx from master: env 17
2019/11/27 11:17:11.71 work_queue_worker[1] wq: rx from master: infile file-0-25930e3036f13852cb0b29694bbab611-nt nt 1
2019/11/27 11:17:11.71 work_queue_worker[1] wq: rx from master: infile file-0-91e2799df52756191dbca22d7b7cd23c-test.fasta.19 test.fasta.19 1
2019/11/27 11:17:11.71 work_queue_worker[1] wq: rx from master: infile file-0-daa9c57850b857b80eefebbca6aa18ce-blastall blastall 1
2019/11/27 11:17:11.71 work_queue_worker[1] wq: rx from master: outfile file-0-8eab36096679637a447522c8eb5ec8c1-test.fasta.19.err test.fasta.19.err 1
2019/11/27 11:17:11.71 work_queue_worker[1] wq: rx from master: outfile file-0-9883c7748ac27d46878553d23e293154-test.fasta.19.out test.fasta.19.out 1
2019/11/27 11:17:11.71 work_queue_worker[1] wq: rx from master: end
2019/11/27 11:17:11.71 work_queue_worker[1] wq: tx to master: info cached_files file-0-25930e3036f13852cb0b29694bbab611-nt
2019/11/27 11:17:11.71 work_queue_worker[1] wq: tx to master: info cached_files file-0-91e2799df52756191dbca22d7b7cd23c-test.fasta.19
2019/11/27 11:17:11.71 work_queue_worker[1] wq: tx to master: info cached_files file-0-daa9c57850b857b80eefebbca6aa18ce-blastall
2019/11/27 11:17:11.71 work_queue_worker[1] wq: linking cache/file-0-25930e3036f13852cb0b29694bbab611-nt to /tmp/worker-0-1/t.1/nt
2019/11/27 11:17:11.71 work_queue_worker[1] wq: linking cache/file-0-91e2799df52756191dbca22d7b7cd23c-test.fasta.19 to /tmp/worker-0-1/t.1/test.fasta.19
2019/11/27 11:17:11.71 work_queue_worker[1] wq: linking cache/file-0-daa9c57850b857b80eefebbca6aa18ce-blastall to /tmp/worker-0-1/t.1/blastall
2019/11/27 11:17:11.71 work_queue_worker[1] wq: Waiting task 1 has been forsaken.
2019/11/27 11:17:11.71 work_queue_worker[1] wq: tx to master: alive
2019/11/27 11:17:11.71 work_queue_worker[1] wq: Sending resource description to master:
2019/11/27 11:17:11.71 work_queue_worker[1] wq:  workers      0 inuse      1 total      1 smallest      1 largest
2019/11/27 11:17:11.71 work_queue_worker[1] wq:     disk   1245 inuse 180559 total 180559 smallest 180559 largest
2019/11/27 11:17:11.71 work_queue_worker[1] wq:   memory      0 inuse   7749 total   7749 smallest   7749 largest
2019/11/27 11:17:11.71 work_queue_worker[1] wq:     gpus      0 inuse      0 total      0 smallest      0 largest
2019/11/27 11:17:11.71 work_queue_worker[1] wq:    cores      0 inuse      4 total      4 smallest      4 largest
2019/11/27 11:17:11.71 work_queue_worker[1] wq: tx to master: info end_of_resource_update 0
2019/11/27 11:17:11.71 work_queue_worker[1] wq: tx to master: info tasks_running 0
2019/11/27 11:17:11.71 work_queue_worker[1] wq: tx to master: info tasks_running 0
2019/11/27 11:17:11.71 work_queue_worker[1] wq: tx to master: available_results
2019/11/27 11:17:18.13 work_queue_worker[1] wq: rx from master: check
2019/11/27 11:17:18.13 work_queue_worker[1] wq: tx to master: alive
2019/11/27 11:17:18.13 work_queue_worker[1] wq: tx to master: info tasks_running 0
2019/11/27 11:17:18.13 work_queue_worker[1] wq: rx from master: send_results -1
2019/11/27 11:17:18.13 work_queue_worker[1] wq: tx to master: result 40 0 0 0 1
2019/11/27 11:17:18.13 work_queue_worker[1] wq: tx to master: info tasks_running 0
2019/11/27 11:17:18.13 work_queue_worker[1] wq: tx to master: end
2019/11/27 11:17:18.13 work_queue_worker[1] wq: rx from master: put file-0-e12986ebc464dac7f0b0058f77809607-test.fasta.17 10120 0644 1
2019/11/27 11:17:18.13 work_queue_worker[1] wq: Putting file file-0-e12986ebc464dac7f0b0058f77809607-test.fasta.17 into workspace
2019/11/27 11:17:18.13 work_queue_worker[1] wq: Dir /cache already exists in cache
2019/11/27 11:17:18.13 work_queue_worker[1] wq: ****BRUNO***** cp BARRA: -> cp ./cache/file-0-e12986ebc464dac7f0b0058f77809607-test.fasta.17 /cache.
2019/11/27 11:17:18.14 work_queue_worker[1] wq: rx from master: task 3
2019/11/27 11:17:18.14 work_queue_worker[1] wq: rx from master: cmd 88
2019/11/27 11:17:18.14 work_queue_worker[1] wq: rx from master: ./blastall -p blastn -d nt/nt -i test.fasta.17 -o test.fasta.17.out 2> test.fasta.17.err
2019/11/27 11:17:18.14 work_queue_worker[1] wq: rx from master: category default
2019/11/27 11:17:18.14 work_queue_worker[1] wq: rx from master: cores 4
2019/11/27 11:17:18.14 work_queue_worker[1] wq: rx from master: memory 7749
2019/11/27 11:17:18.14 work_queue_worker[1] wq: rx from master: disk 180559
2019/11/27 11:17:18.14 work_queue_worker[1] wq: rx from master: gpus 0
2019/11/27 11:17:18.14 work_queue_worker[1] wq: rx from master: end_time 18446744073709551615
2019/11/27 11:17:18.14 work_queue_worker[1] wq: rx from master: wall_time 18446744073709551615
2019/11/27 11:17:18.14 work_queue_worker[1] wq: rx from master: env 7
2019/11/27 11:17:18.14 work_queue_worker[1] wq: rx from master: env 17
2019/11/27 11:17:18.14 work_queue_worker[1] wq: rx from master: infile file-0-25930e3036f13852cb0b29694bbab611-nt nt 1
2019/11/27 11:17:18.14 work_queue_worker[1] wq: rx from master: infile file-0-e12986ebc464dac7f0b0058f77809607-test.fasta.17 test.fasta.17 1
2019/11/27 11:17:18.14 work_queue_worker[1] wq: rx from master: infile file-0-daa9c57850b857b80eefebbca6aa18ce-blastall blastall 1
2019/11/27 11:17:18.14 work_queue_worker[1] wq: rx from master: outfile file-0-a129512727b8611dd481b510083b1e5a-test.fasta.17.err test.fasta.17.err 1
2019/11/27 11:17:18.14 work_queue_worker[1] wq: rx from master: outfile file-0-31cc3d9edc6c94c4f306d137aed5bbf6-test.fasta.17.out test.fasta.17.out 1
2019/11/27 11:17:18.14 work_queue_worker[1] wq: rx from master: end
2019/11/27 11:17:18.14 work_queue_worker[1] wq: tx to master: info cached_files file-0-e12986ebc464dac7f0b0058f77809607-test.fasta.17
2019/11/27 11:17:18.14 work_queue_worker[1] wq: linking cache/file-0-25930e3036f13852cb0b29694bbab611-nt to /tmp/worker-0-1/t.3/nt
2019/11/27 11:17:18.14 work_queue_worker[1] wq: linking cache/file-0-e12986ebc464dac7f0b0058f77809607-test.fasta.17 to /tmp/worker-0-1/t.3/test.fasta.17
2019/11/27 11:17:18.14 work_queue_worker[1] wq: linking cache/file-0-daa9c57850b857b80eefebbca6aa18ce-blastall to /tmp/worker-0-1/t.3/blastall
2019/11/27 11:17:18.14 work_queue_worker[1] wq: started process 47: ./blastall -p blastn -d nt/nt -i test.fasta.17 -o test.fasta.17.out 2> test.fasta.17.err
2019/11/27 11:17:18.14 work_queue_worker[1] wq: tx to master: info tasks_running 1
2019/11/27 11:17:29.04 work_queue_worker[1] wq: task 3 (pid 47) exited normally with exit code 0
2019/11/27 11:17:29.04 work_queue_worker[1] wq: moving output file from /tmp/worker-0-1/t.3/test.fasta.17.err to cache/file-0-a129512727b8611dd481b510083b1e5a-test.fasta.17.err
2019/11/27 11:17:29.04 work_queue_worker[1] wq: moving output file from /tmp/worker-0-1/t.3/test.fasta.17.out to cache/file-0-31cc3d9edc6c94c4f306d137aed5bbf6-test.fasta.17.out
2019/11/27 11:17:29.04 work_queue_worker[1] wq: tx to master: available_results
2019/11/27 11:17:29.04 work_queue_worker[1] wq: rx from master: send_results -1
2019/11/27 11:17:29.04 work_queue_worker[1] wq: tx to master: result 0 0 0 10902405 3
2019/11/27 11:17:29.04 work_queue_worker[1] wq: tx to master: info tasks_running 0
2019/11/27 11:17:29.04 work_queue_worker[1] wq: tx to master: end
2019/11/27 11:17:29.04 work_queue_worker[1] wq: rx from master: get file-0-a129512727b8611dd481b510083b1e5a-test.fasta.17.err 1
2019/11/27 11:17:29.05 work_queue_worker[1] wq: tx to master: file file-0-a129512727b8611dd481b510083b1e5a-test.fasta.17.err 0
2019/11/27 11:17:29.05 work_queue_worker[1] wq: tx to master: end
2019/11/27 11:17:29.05 work_queue_worker[1] wq: rx from master: get file-0-31cc3d9edc6c94c4f306d137aed5bbf6-test.fasta.17.out 1
2019/11/27 11:17:29.05 work_queue_worker[1] wq: tx to master: file file-0-31cc3d9edc6c94c4f306d137aed5bbf6-test.fasta.17.out 142847
2019/11/27 11:17:29.05 work_queue_worker[1] wq: tx to master: end
2019/11/27 11:17:29.06 work_queue_worker[1] wq: rx from master: kill 3
2019/11/27 11:17:29.06 work_queue_worker[1] wq: ---- DELETING: /tmp/worker-0-1/t.3
2019/11/27 11:17:29.09 work_queue_worker[1] wq: rx from master: put file-0-0008645a00ac79d3f3bea1ddf871bace-test.fasta.15 10120 0644 1
2019/11/27 11:17:29.09 work_queue_worker[1] wq: Putting file file-0-0008645a00ac79d3f3bea1ddf871bace-test.fasta.15 into workspace
2019/11/27 11:17:29.09 work_queue_worker[1] wq: Dir /cache already exists in cache
2019/11/27 11:17:29.09 work_queue_worker[1] wq: ****BRUNO***** cp BARRA: -> cp ./cache/file-0-0008645a00ac79d3f3bea1ddf871bace-test.fasta.15 /cache.
2019/11/27 11:17:29.09 work_queue_worker[1] wq: rx from master: task 5
2019/11/27 11:17:29.09 work_queue_worker[1] wq: rx from master: cmd 88
2019/11/27 11:17:29.09 work_queue_worker[1] wq: rx from master: ./blastall -p blastn -d nt/nt -i test.fasta.15 -o test.fasta.15.out 2> test.fasta.15.err
2019/11/27 11:17:29.09 work_queue_worker[1] wq: rx from master: category default
2019/11/27 11:17:29.09 work_queue_worker[1] wq: rx from master: cores 4
2019/11/27 11:17:29.09 work_queue_worker[1] wq: rx from master: memory 7749
2019/11/27 11:17:29.09 work_queue_worker[1] wq: rx from master: disk 180559
2019/11/27 11:17:29.09 work_queue_worker[1] wq: rx from master: gpus 0
2019/11/27 11:17:29.09 work_queue_worker[1] wq: rx from master: end_time 18446744073709551615
2019/11/27 11:17:29.09 work_queue_worker[1] wq: rx from master: wall_time 18446744073709551615
2019/11/27 11:17:29.09 work_queue_worker[1] wq: rx from master: env 7
2019/11/27 11:17:29.09 work_queue_worker[1] wq: rx from master: env 17
2019/11/27 11:17:29.09 work_queue_worker[1] wq: rx from master: infile file-0-25930e3036f13852cb0b29694bbab611-nt nt 1
2019/11/27 11:17:29.09 work_queue_worker[1] wq: rx from master: infile file-0-0008645a00ac79d3f3bea1ddf871bace-test.fasta.15 test.fasta.15 1
2019/11/27 11:17:29.09 work_queue_worker[1] wq: rx from master: infile file-0-daa9c57850b857b80eefebbca6aa18ce-blastall blastall 1
2019/11/27 11:17:29.09 work_queue_worker[1] wq: rx from master: outfile file-0-018f568daaa4c9813af138b9acc80300-test.fasta.15.err test.fasta.15.err 1
2019/11/27 11:17:29.09 work_queue_worker[1] wq: rx from master: outfile file-0-b230c590bc23b5b924df9e9d98a59cf3-test.fasta.15.out test.fasta.15.out 1
2019/11/27 11:17:29.09 work_queue_worker[1] wq: rx from master: end
2019/11/27 11:17:29.09 work_queue_worker[1] wq: tx to master: info cached_files file-0-0008645a00ac79d3f3bea1ddf871bace-test.fasta.15
2019/11/27 11:17:29.10 work_queue_worker[1] wq: linking cache/file-0-25930e3036f13852cb0b29694bbab611-nt to /tmp/worker-0-1/t.5/nt
2019/11/27 11:17:29.10 work_queue_worker[1] wq: linking cache/file-0-0008645a00ac79d3f3bea1ddf871bace-test.fasta.15 to /tmp/worker-0-1/t.5/test.fasta.15
2019/11/27 11:17:29.10 work_queue_worker[1] wq: linking cache/file-0-daa9c57850b857b80eefebbca6aa18ce-blastall to /tmp/worker-0-1/t.5/blastall
2019/11/27 11:17:29.10 work_queue_worker[1] wq: started process 53: ./blastall -p blastn -d nt/nt -i test.fasta.15 -o test.fasta.15.out 2> test.fasta.15.err
2019/11/27 11:17:29.10 work_queue_worker[1] wq: tx to master: info tasks_running 1
2019/11/27 11:17:38.51 work_queue_worker[1] wq: task 5 (pid 53) exited normally with exit code 0
2019/11/27 11:17:38.51 work_queue_worker[1] wq: moving output file from /tmp/worker-0-1/t.5/test.fasta.15.err to cache/file-0-018f568daaa4c9813af138b9acc80300-test.fasta.15.err
2019/11/27 11:17:38.51 work_queue_worker[1] wq: moving output file from /tmp/worker-0-1/t.5/test.fasta.15.out to cache/file-0-b230c590bc23b5b924df9e9d98a59cf3-test.fasta.15.out
2019/11/27 11:17:38.51 work_queue_worker[1] wq: tx to master: available_results
2019/11/27 11:17:38.51 work_queue_worker[1] wq: rx from master: send_results -1
2019/11/27 11:17:38.51 work_queue_worker[1] wq: tx to master: result 0 0 0 9410270 5
2019/11/27 11:17:38.51 work_queue_worker[1] wq: tx to master: info tasks_running 0
2019/11/27 11:17:38.51 work_queue_worker[1] wq: tx to master: end
2019/11/27 11:17:38.51 work_queue_worker[1] wq: rx from master: get file-0-018f568daaa4c9813af138b9acc80300-test.fasta.15.err 1
2019/11/27 11:17:38.51 work_queue_worker[1] wq: tx to master: file file-0-018f568daaa4c9813af138b9acc80300-test.fasta.15.err 0
2019/11/27 11:17:38.51 work_queue_worker[1] wq: tx to master: end
2019/11/27 11:17:38.51 work_queue_worker[1] wq: rx from master: get file-0-b230c590bc23b5b924df9e9d98a59cf3-test.fasta.15.out 1
2019/11/27 11:17:38.51 work_queue_worker[1] wq: tx to master: file file-0-b230c590bc23b5b924df9e9d98a59cf3-test.fasta.15.out 14251
2019/11/27 11:17:38.51 work_queue_worker[1] wq: tx to master: end
2019/11/27 11:17:38.51 work_queue_worker[1] wq: rx from master: kill 5
2019/11/27 11:17:38.51 work_queue_worker[1] wq: ---- DELETING: /tmp/worker-0-1/t.5
2019/11/27 11:17:38.51 work_queue_worker[1] wq: rx from master: put file-0-861f258aeedab7469eb02fd8febc6d36-test.fasta.13 10120 0644 1
2019/11/27 11:17:38.51 work_queue_worker[1] wq: Putting file file-0-861f258aeedab7469eb02fd8febc6d36-test.fasta.13 into workspace
2019/11/27 11:17:38.51 work_queue_worker[1] wq: Dir /cache already exists in cache
2019/11/27 11:17:38.52 work_queue_worker[1] wq: ****BRUNO***** cp BARRA: -> cp ./cache/file-0-861f258aeedab7469eb02fd8febc6d36-test.fasta.13 /cache.
2019/11/27 11:17:38.52 work_queue_worker[1] wq: rx from master: task 7
2019/11/27 11:17:38.52 work_queue_worker[1] wq: rx from master: cmd 88
2019/11/27 11:17:38.52 work_queue_worker[1] wq: rx from master: ./blastall -p blastn -d nt/nt -i test.fasta.13 -o test.fasta.13.out 2> test.fasta.13.err
2019/11/27 11:17:38.52 work_queue_worker[1] wq: rx from master: category default
2019/11/27 11:17:38.52 work_queue_worker[1] wq: rx from master: cores 4
2019/11/27 11:17:38.52 work_queue_worker[1] wq: rx from master: memory 7749
2019/11/27 11:17:38.52 work_queue_worker[1] wq: rx from master: disk 180559
2019/11/27 11:17:38.52 work_queue_worker[1] wq: rx from master: gpus 0
2019/11/27 11:17:38.52 work_queue_worker[1] wq: rx from master: end_time 18446744073709551615
2019/11/27 11:17:38.52 work_queue_worker[1] wq: rx from master: wall_time 18446744073709551615
2019/11/27 11:17:38.52 work_queue_worker[1] wq: rx from master: env 7
2019/11/27 11:17:38.52 work_queue_worker[1] wq: rx from master: env 17
2019/11/27 11:17:38.52 work_queue_worker[1] wq: rx from master: infile file-0-25930e3036f13852cb0b29694bbab611-nt nt 1
2019/11/27 11:17:38.52 work_queue_worker[1] wq: rx from master: infile file-0-861f258aeedab7469eb02fd8febc6d36-test.fasta.13 test.fasta.13 1
2019/11/27 11:17:38.52 work_queue_worker[1] wq: rx from master: infile file-0-daa9c57850b857b80eefebbca6aa18ce-blastall blastall 1
2019/11/27 11:17:38.52 work_queue_worker[1] wq: rx from master: outfile file-0-a1e084cfb47df79ee8a2d374c2d9abba-test.fasta.13.err test.fasta.13.err 1
2019/11/27 11:17:38.52 work_queue_worker[1] wq: rx from master: outfile file-0-dc058f4294b64abb0a149cc97b0d5b94-test.fasta.13.out test.fasta.13.out 1
2019/11/27 11:17:38.52 work_queue_worker[1] wq: rx from master: end
2019/11/27 11:17:38.52 work_queue_worker[1] wq: tx to master: info cached_files file-0-861f258aeedab7469eb02fd8febc6d36-test.fasta.13
2019/11/27 11:17:38.52 work_queue_worker[1] wq: linking cache/file-0-25930e3036f13852cb0b29694bbab611-nt to /tmp/worker-0-1/t.7/nt
2019/11/27 11:17:38.52 work_queue_worker[1] wq: linking cache/file-0-861f258aeedab7469eb02fd8febc6d36-test.fasta.13 to /tmp/worker-0-1/t.7/test.fasta.13
2019/11/27 11:17:38.52 work_queue_worker[1] wq: linking cache/file-0-daa9c57850b857b80eefebbca6aa18ce-blastall to /tmp/worker-0-1/t.7/blastall
2019/11/27 11:17:38.52 work_queue_worker[1] wq: started process 59: ./blastall -p blastn -d nt/nt -i test.fasta.13 -o test.fasta.13.out 2> test.fasta.13.err
2019/11/27 11:17:38.52 work_queue_worker[1] wq: tx to master: info tasks_running 1
2019/11/27 11:17:47.96 work_queue_worker[1] wq: task 7 (pid 59) exited normally with exit code 0
2019/11/27 11:17:47.96 work_queue_worker[1] wq: moving output file from /tmp/worker-0-1/t.7/test.fasta.13.err to cache/file-0-a1e084cfb47df79ee8a2d374c2d9abba-test.fasta.13.err
2019/11/27 11:17:47.96 work_queue_worker[1] wq: moving output file from /tmp/worker-0-1/t.7/test.fasta.13.out to cache/file-0-dc058f4294b64abb0a149cc97b0d5b94-test.fasta.13.out
2019/11/27 11:17:47.96 work_queue_worker[1] wq: tx to master: available_results
2019/11/27 11:17:47.96 work_queue_worker[1] wq: rx from master: send_results -1
2019/11/27 11:17:47.96 work_queue_worker[1] wq: tx to master: result 0 0 0 9438828 7
2019/11/27 11:17:47.96 work_queue_worker[1] wq: tx to master: info tasks_running 0
2019/11/27 11:17:47.96 work_queue_worker[1] wq: tx to master: end
2019/11/27 11:17:47.96 work_queue_worker[1] wq: rx from master: get file-0-a1e084cfb47df79ee8a2d374c2d9abba-test.fasta.13.err 1
2019/11/27 11:17:47.96 work_queue_worker[1] wq: tx to master: file file-0-a1e084cfb47df79ee8a2d374c2d9abba-test.fasta.13.err 0
2019/11/27 11:17:47.96 work_queue_worker[1] wq: tx to master: end
2019/11/27 11:17:47.96 work_queue_worker[1] wq: rx from master: get file-0-dc058f4294b64abb0a149cc97b0d5b94-test.fasta.13.out 1
2019/11/27 11:17:47.96 work_queue_worker[1] wq: tx to master: file file-0-dc058f4294b64abb0a149cc97b0d5b94-test.fasta.13.out 23659
2019/11/27 11:17:47.96 work_queue_worker[1] wq: tx to master: end
2019/11/27 11:17:47.97 work_queue_worker[1] wq: rx from master: kill 7
2019/11/27 11:17:47.97 work_queue_worker[1] wq: ---- DELETING: /tmp/worker-0-1/t.7
2019/11/27 11:17:47.97 work_queue_worker[1] wq: rx from master: put file-0-5d44d8f82cbb3f9ecaf466b060d01edb-test.fasta.11 10120 0644 1
2019/11/27 11:17:47.97 work_queue_worker[1] wq: Putting file file-0-5d44d8f82cbb3f9ecaf466b060d01edb-test.fasta.11 into workspace
2019/11/27 11:17:47.97 work_queue_worker[1] wq: Dir /cache already exists in cache
2019/11/27 11:17:47.97 work_queue_worker[1] wq: ****BRUNO***** cp BARRA: -> cp ./cache/file-0-5d44d8f82cbb3f9ecaf466b060d01edb-test.fasta.11 /cache.
2019/11/27 11:17:47.97 work_queue_worker[1] wq: rx from master: task 9
2019/11/27 11:17:47.97 work_queue_worker[1] wq: rx from master: cmd 88
2019/11/27 11:17:47.97 work_queue_worker[1] wq: rx from master: ./blastall -p blastn -d nt/nt -i test.fasta.11 -o test.fasta.11.out 2> test.fasta.11.err
2019/11/27 11:17:47.97 work_queue_worker[1] wq: rx from master: category default
2019/11/27 11:17:47.97 work_queue_worker[1] wq: rx from master: cores 4
2019/11/27 11:17:47.97 work_queue_worker[1] wq: rx from master: memory 7749
2019/11/27 11:17:47.97 work_queue_worker[1] wq: rx from master: disk 180559
2019/11/27 11:17:47.97 work_queue_worker[1] wq: rx from master: gpus 0
2019/11/27 11:17:47.97 work_queue_worker[1] wq: rx from master: end_time 18446744073709551615
2019/11/27 11:17:47.97 work_queue_worker[1] wq: rx from master: wall_time 18446744073709551615
2019/11/27 11:17:47.97 work_queue_worker[1] wq: rx from master: env 7
2019/11/27 11:17:47.97 work_queue_worker[1] wq: rx from master: env 17
2019/11/27 11:17:47.97 work_queue_worker[1] wq: rx from master: infile file-0-25930e3036f13852cb0b29694bbab611-nt nt 1
2019/11/27 11:17:47.97 work_queue_worker[1] wq: rx from master: infile file-0-5d44d8f82cbb3f9ecaf466b060d01edb-test.fasta.11 test.fasta.11 1
2019/11/27 11:17:47.97 work_queue_worker[1] wq: rx from master: infile file-0-daa9c57850b857b80eefebbca6aa18ce-blastall blastall 1
2019/11/27 11:17:47.97 work_queue_worker[1] wq: rx from master: outfile file-0-1ec6f60204ab1e932b38cec0b78303f1-test.fasta.11.err test.fasta.11.err 1
2019/11/27 11:17:47.97 work_queue_worker[1] wq: rx from master: outfile file-0-b2dcb7cd97b86e43787e05023fc40494-test.fasta.11.out test.fasta.11.out 1
2019/11/27 11:17:47.97 work_queue_worker[1] wq: rx from master: end
2019/11/27 11:17:47.97 work_queue_worker[1] wq: tx to master: info cached_files file-0-5d44d8f82cbb3f9ecaf466b060d01edb-test.fasta.11
2019/11/27 11:17:47.97 work_queue_worker[1] wq: linking cache/file-0-25930e3036f13852cb0b29694bbab611-nt to /tmp/worker-0-1/t.9/nt
2019/11/27 11:17:47.97 work_queue_worker[1] wq: linking cache/file-0-5d44d8f82cbb3f9ecaf466b060d01edb-test.fasta.11 to /tmp/worker-0-1/t.9/test.fasta.11
2019/11/27 11:17:47.97 work_queue_worker[1] wq: linking cache/file-0-daa9c57850b857b80eefebbca6aa18ce-blastall to /tmp/worker-0-1/t.9/blastall
2019/11/27 11:17:47.97 work_queue_worker[1] wq: started process 65: ./blastall -p blastn -d nt/nt -i test.fasta.11 -o test.fasta.11.out 2> test.fasta.11.err
2019/11/27 11:17:47.97 work_queue_worker[1] wq: tx to master: info tasks_running 1
2019/11/27 11:17:57.45 work_queue_worker[1] wq: task 9 (pid 65) exited normally with exit code 0
2019/11/27 11:17:57.45 work_queue_worker[1] wq: moving output file from /tmp/worker-0-1/t.9/test.fasta.11.err to cache/file-0-1ec6f60204ab1e932b38cec0b78303f1-test.fasta.11.err
2019/11/27 11:17:57.45 work_queue_worker[1] wq: moving output file from /tmp/worker-0-1/t.9/test.fasta.11.out to cache/file-0-b2dcb7cd97b86e43787e05023fc40494-test.fasta.11.out
2019/11/27 11:17:57.45 work_queue_worker[1] wq: tx to master: available_results
2019/11/27 11:17:57.45 work_queue_worker[1] wq: rx from master: send_results -1
2019/11/27 11:17:57.45 work_queue_worker[1] wq: tx to master: result 0 0 0 9476842 9
2019/11/27 11:17:57.45 work_queue_worker[1] wq: tx to master: info tasks_running 0
2019/11/27 11:17:57.45 work_queue_worker[1] wq: tx to master: end
2019/11/27 11:17:57.45 work_queue_worker[1] wq: rx from master: get file-0-1ec6f60204ab1e932b38cec0b78303f1-test.fasta.11.err 1
2019/11/27 11:17:57.45 work_queue_worker[1] wq: tx to master: file file-0-1ec6f60204ab1e932b38cec0b78303f1-test.fasta.11.err 0
2019/11/27 11:17:57.45 work_queue_worker[1] wq: tx to master: end
2019/11/27 11:17:57.45 work_queue_worker[1] wq: rx from master: get file-0-b2dcb7cd97b86e43787e05023fc40494-test.fasta.11.out 1
2019/11/27 11:17:57.45 work_queue_worker[1] wq: tx to master: file file-0-b2dcb7cd97b86e43787e05023fc40494-test.fasta.11.out 44259
2019/11/27 11:17:57.45 work_queue_worker[1] wq: tx to master: end
2019/11/27 11:17:57.46 work_queue_worker[1] wq: rx from master: kill 9
2019/11/27 11:17:57.46 work_queue_worker[1] wq: ---- DELETING: /tmp/worker-0-1/t.9
2019/11/27 11:17:57.46 work_queue_worker[1] wq: rx from master: put file-0-396e442289ce14a42a6f16a9e7d1098a-test.fasta.10 10120 0644 1
2019/11/27 11:17:57.46 work_queue_worker[1] wq: Putting file file-0-396e442289ce14a42a6f16a9e7d1098a-test.fasta.10 into workspace
2019/11/27 11:17:57.46 work_queue_worker[1] wq: Dir /cache already exists in cache
2019/11/27 11:17:57.46 work_queue_worker[1] wq: ****BRUNO***** cp BARRA: -> cp ./cache/file-0-396e442289ce14a42a6f16a9e7d1098a-test.fasta.10 /cache.
2019/11/27 11:17:57.46 work_queue_worker[1] wq: rx from master: task 10
2019/11/27 11:17:57.46 work_queue_worker[1] wq: rx from master: cmd 88
2019/11/27 11:17:57.46 work_queue_worker[1] wq: rx from master: ./blastall -p blastn -d nt/nt -i test.fasta.10 -o test.fasta.10.out 2> test.fasta.10.err
2019/11/27 11:17:57.46 work_queue_worker[1] wq: rx from master: category default
2019/11/27 11:17:57.46 work_queue_worker[1] wq: rx from master: cores 4
2019/11/27 11:17:57.46 work_queue_worker[1] wq: rx from master: memory 7749
2019/11/27 11:17:57.46 work_queue_worker[1] wq: rx from master: disk 180559
2019/11/27 11:17:57.46 work_queue_worker[1] wq: rx from master: gpus 0
2019/11/27 11:17:57.46 work_queue_worker[1] wq: rx from master: end_time 18446744073709551615
2019/11/27 11:17:57.46 work_queue_worker[1] wq: rx from master: wall_time 18446744073709551615
2019/11/27 11:17:57.46 work_queue_worker[1] wq: rx from master: env 7
2019/11/27 11:17:57.46 work_queue_worker[1] wq: rx from master: env 17
2019/11/27 11:17:57.46 work_queue_worker[1] wq: rx from master: infile file-0-25930e3036f13852cb0b29694bbab611-nt nt 1
2019/11/27 11:17:57.46 work_queue_worker[1] wq: rx from master: infile file-0-396e442289ce14a42a6f16a9e7d1098a-test.fasta.10 test.fasta.10 1
2019/11/27 11:17:57.46 work_queue_worker[1] wq: rx from master: infile file-0-daa9c57850b857b80eefebbca6aa18ce-blastall blastall 1
2019/11/27 11:17:57.46 work_queue_worker[1] wq: rx from master: outfile file-0-400c24b98082241c2985bbd9995eb1ac-test.fasta.10.err test.fasta.10.err 1
2019/11/27 11:17:57.46 work_queue_worker[1] wq: rx from master: outfile file-0-64d383240390d4f9cc137c625132db75-test.fasta.10.out test.fasta.10.out 1
2019/11/27 11:17:57.46 work_queue_worker[1] wq: rx from master: end
2019/11/27 11:17:57.46 work_queue_worker[1] wq: tx to master: info cached_files file-0-396e442289ce14a42a6f16a9e7d1098a-test.fasta.10
2019/11/27 11:17:57.46 work_queue_worker[1] wq: linking cache/file-0-25930e3036f13852cb0b29694bbab611-nt to /tmp/worker-0-1/t.10/nt
2019/11/27 11:17:57.47 work_queue_worker[1] wq: linking cache/file-0-396e442289ce14a42a6f16a9e7d1098a-test.fasta.10 to /tmp/worker-0-1/t.10/test.fasta.10
2019/11/27 11:17:57.47 work_queue_worker[1] wq: linking cache/file-0-daa9c57850b857b80eefebbca6aa18ce-blastall to /tmp/worker-0-1/t.10/blastall
2019/11/27 11:17:57.47 work_queue_worker[1] wq: started process 71: ./blastall -p blastn -d nt/nt -i test.fasta.10 -o test.fasta.10.out 2> test.fasta.10.err
2019/11/27 11:17:57.47 work_queue_worker[1] wq: tx to master: info tasks_running 1
2019/11/27 11:18:08.04 work_queue_worker[1] wq: task 10 (pid 71) exited normally with exit code 0
2019/11/27 11:18:08.04 work_queue_worker[1] wq: moving output file from /tmp/worker-0-1/t.10/test.fasta.10.err to cache/file-0-400c24b98082241c2985bbd9995eb1ac-test.fasta.10.err
2019/11/27 11:18:08.04 work_queue_worker[1] wq: moving output file from /tmp/worker-0-1/t.10/test.fasta.10.out to cache/file-0-64d383240390d4f9cc137c625132db75-test.fasta.10.out
2019/11/27 11:18:08.04 work_queue_worker[1] wq: tx to master: available_results
2019/11/27 11:18:08.04 work_queue_worker[1] wq: rx from master: send_results -1
2019/11/27 11:18:08.04 work_queue_worker[1] wq: tx to master: result 0 0 0 10572658 10
2019/11/27 11:18:08.04 work_queue_worker[1] wq: tx to master: info tasks_running 0
2019/11/27 11:18:08.04 work_queue_worker[1] wq: tx to master: end
2019/11/27 11:18:08.04 work_queue_worker[1] wq: rx from master: get file-0-400c24b98082241c2985bbd9995eb1ac-test.fasta.10.err 1
2019/11/27 11:18:08.04 work_queue_worker[1] wq: tx to master: file file-0-400c24b98082241c2985bbd9995eb1ac-test.fasta.10.err 0
2019/11/27 11:18:08.04 work_queue_worker[1] wq: tx to master: end
2019/11/27 11:18:08.04 work_queue_worker[1] wq: rx from master: get file-0-64d383240390d4f9cc137c625132db75-test.fasta.10.out 1
2019/11/27 11:18:08.04 work_queue_worker[1] wq: tx to master: file file-0-64d383240390d4f9cc137c625132db75-test.fasta.10.out 102868
2019/11/27 11:18:08.04 work_queue_worker[1] wq: tx to master: end
2019/11/27 11:18:08.05 work_queue_worker[1] wq: rx from master: kill 10
2019/11/27 11:18:08.05 work_queue_worker[1] wq: ---- DELETING: /tmp/worker-0-1/t.10
2019/11/27 11:18:08.05 work_queue_worker[1] wq: rx from master: put file-0-3410183026126208c01eade572fb5bdf-test.fasta.8 10110 0644 1
2019/11/27 11:18:08.05 work_queue_worker[1] wq: Putting file file-0-3410183026126208c01eade572fb5bdf-test.fasta.8 into workspace
2019/11/27 11:18:08.05 work_queue_worker[1] wq: Dir /cache already exists in cache
2019/11/27 11:18:08.05 work_queue_worker[1] wq: ****BRUNO***** cp BARRA: -> cp ./cache/file-0-3410183026126208c01eade572fb5bdf-test.fasta.8 /cache.
2019/11/27 11:18:08.06 work_queue_worker[1] wq: rx from master: task 12
2019/11/27 11:18:08.06 work_queue_worker[1] wq: rx from master: cmd 85
2019/11/27 11:18:08.06 work_queue_worker[1] wq: rx from master: ./blastall -p blastn -d nt/nt -i test.fasta.8 -o test.fasta.8.out 2> test.fasta.8.err
2019/11/27 11:18:08.06 work_queue_worker[1] wq: rx from master: category default
2019/11/27 11:18:08.06 work_queue_worker[1] wq: rx from master: cores 4
2019/11/27 11:18:08.06 work_queue_worker[1] wq: rx from master: memory 7749
2019/11/27 11:18:08.06 work_queue_worker[1] wq: rx from master: disk 180559
2019/11/27 11:18:08.06 work_queue_worker[1] wq: rx from master: gpus 0
2019/11/27 11:18:08.06 work_queue_worker[1] wq: rx from master: end_time 18446744073709551615
2019/11/27 11:18:08.06 work_queue_worker[1] wq: rx from master: wall_time 18446744073709551615
2019/11/27 11:18:08.06 work_queue_worker[1] wq: rx from master: env 7
2019/11/27 11:18:08.06 work_queue_worker[1] wq: rx from master: env 17
2019/11/27 11:18:08.06 work_queue_worker[1] wq: rx from master: infile file-0-25930e3036f13852cb0b29694bbab611-nt nt 1
2019/11/27 11:18:08.06 work_queue_worker[1] wq: rx from master: infile file-0-3410183026126208c01eade572fb5bdf-test.fasta.8 test.fasta.8 1
2019/11/27 11:18:08.06 work_queue_worker[1] wq: rx from master: infile file-0-daa9c57850b857b80eefebbca6aa18ce-blastall blastall 1
2019/11/27 11:18:08.06 work_queue_worker[1] wq: rx from master: outfile file-0-377034d337ce566c4f64a77efabc1f23-test.fasta.8.err test.fasta.8.err 1
2019/11/27 11:18:08.06 work_queue_worker[1] wq: rx from master: outfile file-0-599ca89112d700f3c1cc921c2abd9aaa-test.fasta.8.out test.fasta.8.out 1
2019/11/27 11:18:08.06 work_queue_worker[1] wq: rx from master: end
2019/11/27 11:18:08.06 work_queue_worker[1] wq: tx to master: info cached_files file-0-3410183026126208c01eade572fb5bdf-test.fasta.8
2019/11/27 11:18:08.06 work_queue_worker[1] wq: linking cache/file-0-25930e3036f13852cb0b29694bbab611-nt to /tmp/worker-0-1/t.12/nt
2019/11/27 11:18:08.06 work_queue_worker[1] wq: linking cache/file-0-3410183026126208c01eade572fb5bdf-test.fasta.8 to /tmp/worker-0-1/t.12/test.fasta.8
2019/11/27 11:18:08.06 work_queue_worker[1] wq: linking cache/file-0-daa9c57850b857b80eefebbca6aa18ce-blastall to /tmp/worker-0-1/t.12/blastall
2019/11/27 11:18:08.06 work_queue_worker[1] wq: started process 77: ./blastall -p blastn -d nt/nt -i test.fasta.8 -o test.fasta.8.out 2> test.fasta.8.err
2019/11/27 11:18:08.06 work_queue_worker[1] wq: tx to master: info tasks_running 1
2019/11/27 11:18:17.18 work_queue_worker[1] wq: task 12 (pid 77) exited normally with exit code 0
2019/11/27 11:18:17.18 work_queue_worker[1] wq: moving output file from /tmp/worker-0-1/t.12/test.fasta.8.err to cache/file-0-377034d337ce566c4f64a77efabc1f23-test.fasta.8.err
2019/11/27 11:18:17.18 work_queue_worker[1] wq: moving output file from /tmp/worker-0-1/t.12/test.fasta.8.out to cache/file-0-599ca89112d700f3c1cc921c2abd9aaa-test.fasta.8.out
2019/11/27 11:18:17.18 work_queue_worker[1] wq: tx to master: available_results
2019/11/27 11:18:17.18 work_queue_worker[1] wq: rx from master: send_results -1
2019/11/27 11:18:17.18 work_queue_worker[1] wq: tx to master: result 0 0 0 9117218 12
2019/11/27 11:18:17.18 work_queue_worker[1] wq: tx to master: info tasks_running 0
2019/11/27 11:18:17.18 work_queue_worker[1] wq: tx to master: end
2019/11/27 11:18:17.18 work_queue_worker[1] wq: rx from master: get file-0-377034d337ce566c4f64a77efabc1f23-test.fasta.8.err 1
2019/11/27 11:18:17.18 work_queue_worker[1] wq: tx to master: file file-0-377034d337ce566c4f64a77efabc1f23-test.fasta.8.err 0
2019/11/27 11:18:17.18 work_queue_worker[1] wq: tx to master: end
2019/11/27 11:18:17.18 work_queue_worker[1] wq: rx from master: get file-0-599ca89112d700f3c1cc921c2abd9aaa-test.fasta.8.out 1
2019/11/27 11:18:17.18 work_queue_worker[1] wq: tx to master: file file-0-599ca89112d700f3c1cc921c2abd9aaa-test.fasta.8.out 20887
2019/11/27 11:18:17.18 work_queue_worker[1] wq: tx to master: end
2019/11/27 11:18:17.18 work_queue_worker[1] wq: rx from master: kill 12
2019/11/27 11:18:17.18 work_queue_worker[1] wq: ---- DELETING: /tmp/worker-0-1/t.12
2019/11/27 11:18:17.18 work_queue_worker[1] wq: rx from master: put file-0-c6fe59e7bc34ad592758fbf1affd35b3-test.fasta.6 10110 0644 1
2019/11/27 11:18:17.18 work_queue_worker[1] wq: Putting file file-0-c6fe59e7bc34ad592758fbf1affd35b3-test.fasta.6 into workspace
2019/11/27 11:18:17.18 work_queue_worker[1] wq: Dir /cache already exists in cache
2019/11/27 11:18:17.18 work_queue_worker[1] wq: ****BRUNO***** cp BARRA: -> cp ./cache/file-0-c6fe59e7bc34ad592758fbf1affd35b3-test.fasta.6 /cache.
2019/11/27 11:18:17.19 work_queue_worker[1] wq: rx from master: task 14
2019/11/27 11:18:17.19 work_queue_worker[1] wq: rx from master: cmd 85
2019/11/27 11:18:17.19 work_queue_worker[1] wq: rx from master: ./blastall -p blastn -d nt/nt -i test.fasta.6 -o test.fasta.6.out 2> test.fasta.6.err
2019/11/27 11:18:17.19 work_queue_worker[1] wq: rx from master: category default
2019/11/27 11:18:17.19 work_queue_worker[1] wq: rx from master: cores 4
2019/11/27 11:18:17.19 work_queue_worker[1] wq: rx from master: memory 7749
2019/11/27 11:18:17.19 work_queue_worker[1] wq: rx from master: disk 180559
2019/11/27 11:18:17.19 work_queue_worker[1] wq: rx from master: gpus 0
2019/11/27 11:18:17.19 work_queue_worker[1] wq: rx from master: end_time 18446744073709551615
2019/11/27 11:18:17.19 work_queue_worker[1] wq: rx from master: wall_time 18446744073709551615
2019/11/27 11:18:17.19 work_queue_worker[1] wq: rx from master: env 7
2019/11/27 11:18:17.19 work_queue_worker[1] wq: rx from master: env 17
2019/11/27 11:18:17.19 work_queue_worker[1] wq: rx from master: infile file-0-25930e3036f13852cb0b29694bbab611-nt nt 1
2019/11/27 11:18:17.19 work_queue_worker[1] wq: rx from master: infile file-0-c6fe59e7bc34ad592758fbf1affd35b3-test.fasta.6 test.fasta.6 1
2019/11/27 11:18:17.19 work_queue_worker[1] wq: rx from master: infile file-0-daa9c57850b857b80eefebbca6aa18ce-blastall blastall 1
2019/11/27 11:18:17.19 work_queue_worker[1] wq: rx from master: outfile file-0-bd9fd21e69318adb97979b465eda0063-test.fasta.6.err test.fasta.6.err 1
2019/11/27 11:18:17.19 work_queue_worker[1] wq: rx from master: outfile file-0-a7dc44bc794b29fe719284fc40dc98e9-test.fasta.6.out test.fasta.6.out 1
2019/11/27 11:18:17.19 work_queue_worker[1] wq: rx from master: end
2019/11/27 11:18:17.19 work_queue_worker[1] wq: tx to master: info cached_files file-0-c6fe59e7bc34ad592758fbf1affd35b3-test.fasta.6
2019/11/27 11:18:17.19 work_queue_worker[1] wq: linking cache/file-0-25930e3036f13852cb0b29694bbab611-nt to /tmp/worker-0-1/t.14/nt
2019/11/27 11:18:17.19 work_queue_worker[1] wq: linking cache/file-0-c6fe59e7bc34ad592758fbf1affd35b3-test.fasta.6 to /tmp/worker-0-1/t.14/test.fasta.6
2019/11/27 11:18:17.19 work_queue_worker[1] wq: linking cache/file-0-daa9c57850b857b80eefebbca6aa18ce-blastall to /tmp/worker-0-1/t.14/blastall
2019/11/27 11:18:17.19 work_queue_worker[1] wq: started process 83: ./blastall -p blastn -d nt/nt -i test.fasta.6 -o test.fasta.6.out 2> test.fasta.6.err
2019/11/27 11:18:17.19 work_queue_worker[1] wq: tx to master: info tasks_running 1
2019/11/27 11:18:27.01 work_queue_worker[1] wq: task 14 (pid 83) exited normally with exit code 0
2019/11/27 11:18:27.01 work_queue_worker[1] wq: moving output file from /tmp/worker-0-1/t.14/test.fasta.6.err to cache/file-0-bd9fd21e69318adb97979b465eda0063-test.fasta.6.err
2019/11/27 11:18:27.01 work_queue_worker[1] wq: moving output file from /tmp/worker-0-1/t.14/test.fasta.6.out to cache/file-0-a7dc44bc794b29fe719284fc40dc98e9-test.fasta.6.out
2019/11/27 11:18:27.01 work_queue_worker[1] wq: tx to master: available_results
2019/11/27 11:18:27.01 work_queue_worker[1] wq: rx from master: send_results -1
2019/11/27 11:18:27.01 work_queue_worker[1] wq: tx to master: result 0 0 0 9821256 14
2019/11/27 11:18:27.01 work_queue_worker[1] wq: tx to master: info tasks_running 0
2019/11/27 11:18:27.01 work_queue_worker[1] wq: tx to master: end
2019/11/27 11:18:27.01 work_queue_worker[1] wq: rx from master: get file-0-bd9fd21e69318adb97979b465eda0063-test.fasta.6.err 1
2019/11/27 11:18:27.01 work_queue_worker[1] wq: tx to master: file file-0-bd9fd21e69318adb97979b465eda0063-test.fasta.6.err 0
2019/11/27 11:18:27.01 work_queue_worker[1] wq: tx to master: end
2019/11/27 11:18:27.01 work_queue_worker[1] wq: rx from master: get file-0-a7dc44bc794b29fe719284fc40dc98e9-test.fasta.6.out 1
2019/11/27 11:18:27.01 work_queue_worker[1] wq: tx to master: file file-0-a7dc44bc794b29fe719284fc40dc98e9-test.fasta.6.out 43688
2019/11/27 11:18:27.02 work_queue_worker[1] wq: tx to master: end
2019/11/27 11:18:27.02 work_queue_worker[1] wq: rx from master: kill 14
2019/11/27 11:18:27.02 work_queue_worker[1] wq: ---- DELETING: /tmp/worker-0-1/t.14
2019/11/27 11:18:27.02 work_queue_worker[1] wq: rx from master: put file-0-c3a7eea4528f3888f4f96bb51f86b0ae-test.fasta.4 10110 0644 1
2019/11/27 11:18:27.02 work_queue_worker[1] wq: Putting file file-0-c3a7eea4528f3888f4f96bb51f86b0ae-test.fasta.4 into workspace
2019/11/27 11:18:27.02 work_queue_worker[1] wq: Dir /cache already exists in cache
2019/11/27 11:18:27.02 work_queue_worker[1] wq: ****BRUNO***** cp BARRA: -> cp ./cache/file-0-c3a7eea4528f3888f4f96bb51f86b0ae-test.fasta.4 /cache.
2019/11/27 11:18:27.02 work_queue_worker[1] wq: rx from master: task 16
2019/11/27 11:18:27.02 work_queue_worker[1] wq: rx from master: cmd 85
2019/11/27 11:18:27.02 work_queue_worker[1] wq: rx from master: ./blastall -p blastn -d nt/nt -i test.fasta.4 -o test.fasta.4.out 2> test.fasta.4.err
2019/11/27 11:18:27.02 work_queue_worker[1] wq: rx from master: category default
2019/11/27 11:18:27.02 work_queue_worker[1] wq: rx from master: cores 4
2019/11/27 11:18:27.02 work_queue_worker[1] wq: rx from master: memory 7749
2019/11/27 11:18:27.02 work_queue_worker[1] wq: rx from master: disk 180559
2019/11/27 11:18:27.02 work_queue_worker[1] wq: rx from master: gpus 0
2019/11/27 11:18:27.02 work_queue_worker[1] wq: rx from master: end_time 18446744073709551615
2019/11/27 11:18:27.02 work_queue_worker[1] wq: rx from master: wall_time 18446744073709551615
2019/11/27 11:18:27.02 work_queue_worker[1] wq: rx from master: env 7
2019/11/27 11:18:27.02 work_queue_worker[1] wq: rx from master: env 17
2019/11/27 11:18:27.02 work_queue_worker[1] wq: rx from master: infile file-0-25930e3036f13852cb0b29694bbab611-nt nt 1
2019/11/27 11:18:27.02 work_queue_worker[1] wq: rx from master: infile file-0-c3a7eea4528f3888f4f96bb51f86b0ae-test.fasta.4 test.fasta.4 1
2019/11/27 11:18:27.02 work_queue_worker[1] wq: rx from master: infile file-0-daa9c57850b857b80eefebbca6aa18ce-blastall blastall 1
2019/11/27 11:18:27.02 work_queue_worker[1] wq: rx from master: outfile file-0-18635fc52bb3486f8a2adce9d09bea64-test.fasta.4.err test.fasta.4.err 1
2019/11/27 11:18:27.02 work_queue_worker[1] wq: rx from master: outfile file-0-2ecda4a7153ec50ab6f3ee0f11be83e6-test.fasta.4.out test.fasta.4.out 1
2019/11/27 11:18:27.02 work_queue_worker[1] wq: rx from master: end
2019/11/27 11:18:27.02 work_queue_worker[1] wq: tx to master: info cached_files file-0-c3a7eea4528f3888f4f96bb51f86b0ae-test.fasta.4
2019/11/27 11:18:27.03 work_queue_worker[1] wq: linking cache/file-0-25930e3036f13852cb0b29694bbab611-nt to /tmp/worker-0-1/t.16/nt
2019/11/27 11:18:27.03 work_queue_worker[1] wq: linking cache/file-0-c3a7eea4528f3888f4f96bb51f86b0ae-test.fasta.4 to /tmp/worker-0-1/t.16/test.fasta.4
2019/11/27 11:18:27.03 work_queue_worker[1] wq: linking cache/file-0-daa9c57850b857b80eefebbca6aa18ce-blastall to /tmp/worker-0-1/t.16/blastall
2019/11/27 11:18:27.03 work_queue_worker[1] wq: started process 89: ./blastall -p blastn -d nt/nt -i test.fasta.4 -o test.fasta.4.out 2> test.fasta.4.err
2019/11/27 11:18:27.03 work_queue_worker[1] wq: tx to master: info tasks_running 1
2019/11/27 11:18:36.42 work_queue_worker[1] wq: task 16 (pid 89) exited normally with exit code 0
2019/11/27 11:18:36.42 work_queue_worker[1] wq: moving output file from /tmp/worker-0-1/t.16/test.fasta.4.err to cache/file-0-18635fc52bb3486f8a2adce9d09bea64-test.fasta.4.err
2019/11/27 11:18:36.42 work_queue_worker[1] wq: moving output file from /tmp/worker-0-1/t.16/test.fasta.4.out to cache/file-0-2ecda4a7153ec50ab6f3ee0f11be83e6-test.fasta.4.out
2019/11/27 11:18:36.42 work_queue_worker[1] wq: tx to master: available_results
2019/11/27 11:18:36.42 work_queue_worker[1] wq: rx from master: send_results -1
2019/11/27 11:18:36.42 work_queue_worker[1] wq: tx to master: result 0 0 0 9388113 16
2019/11/27 11:18:36.42 work_queue_worker[1] wq: tx to master: info tasks_running 0
2019/11/27 11:18:36.42 work_queue_worker[1] wq: tx to master: end
2019/11/27 11:18:36.42 work_queue_worker[1] wq: rx from master: get file-0-18635fc52bb3486f8a2adce9d09bea64-test.fasta.4.err 1
2019/11/27 11:18:36.42 work_queue_worker[1] wq: tx to master: file file-0-18635fc52bb3486f8a2adce9d09bea64-test.fasta.4.err 0
2019/11/27 11:18:36.42 work_queue_worker[1] wq: tx to master: end
2019/11/27 11:18:36.42 work_queue_worker[1] wq: rx from master: get file-0-2ecda4a7153ec50ab6f3ee0f11be83e6-test.fasta.4.out 1
2019/11/27 11:18:36.42 work_queue_worker[1] wq: tx to master: file file-0-2ecda4a7153ec50ab6f3ee0f11be83e6-test.fasta.4.out 28822
2019/11/27 11:18:36.42 work_queue_worker[1] wq: tx to master: end
2019/11/27 11:18:36.42 work_queue_worker[1] wq: rx from master: kill 16
2019/11/27 11:18:36.42 work_queue_worker[1] wq: ---- DELETING: /tmp/worker-0-1/t.16
2019/11/27 11:18:36.44 work_queue_worker[1] wq: rx from master: put file-0-f7c60c99710a0f95199d7cf4150bb754-test.fasta.3 10110 0644 1
2019/11/27 11:18:36.45 work_queue_worker[1] wq: Putting file file-0-f7c60c99710a0f95199d7cf4150bb754-test.fasta.3 into workspace
2019/11/27 11:18:36.45 work_queue_worker[1] wq: Dir /cache already exists in cache
2019/11/27 11:18:36.45 work_queue_worker[1] wq: ****BRUNO***** cp BARRA: -> cp ./cache/file-0-f7c60c99710a0f95199d7cf4150bb754-test.fasta.3 /cache.
2019/11/27 11:18:36.45 work_queue_worker[1] wq: rx from master: task 17
2019/11/27 11:18:36.45 work_queue_worker[1] wq: rx from master: cmd 85
2019/11/27 11:18:36.45 work_queue_worker[1] wq: rx from master: ./blastall -p blastn -d nt/nt -i test.fasta.3 -o test.fasta.3.out 2> test.fasta.3.err
2019/11/27 11:18:36.45 work_queue_worker[1] wq: rx from master: category default
2019/11/27 11:18:36.45 work_queue_worker[1] wq: rx from master: cores 4
2019/11/27 11:18:36.45 work_queue_worker[1] wq: rx from master: memory 7749
2019/11/27 11:18:36.45 work_queue_worker[1] wq: rx from master: disk 180559
2019/11/27 11:18:36.45 work_queue_worker[1] wq: rx from master: gpus 0
2019/11/27 11:18:36.45 work_queue_worker[1] wq: rx from master: end_time 18446744073709551615
2019/11/27 11:18:36.45 work_queue_worker[1] wq: rx from master: wall_time 18446744073709551615
2019/11/27 11:18:36.45 work_queue_worker[1] wq: rx from master: env 7
2019/11/27 11:18:36.45 work_queue_worker[1] wq: rx from master: env 17
2019/11/27 11:18:36.45 work_queue_worker[1] wq: rx from master: infile file-0-25930e3036f13852cb0b29694bbab611-nt nt 1
2019/11/27 11:18:36.45 work_queue_worker[1] wq: rx from master: infile file-0-f7c60c99710a0f95199d7cf4150bb754-test.fasta.3 test.fasta.3 1
2019/11/27 11:18:36.45 work_queue_worker[1] wq: rx from master: infile file-0-daa9c57850b857b80eefebbca6aa18ce-blastall blastall 1
2019/11/27 11:18:36.45 work_queue_worker[1] wq: rx from master: outfile file-0-302dccbdb24a28605e16f14de1f6102d-test.fasta.3.err test.fasta.3.err 1
2019/11/27 11:18:36.45 work_queue_worker[1] wq: rx from master: outfile file-0-caef36134f56070ec9bbb5a29c17bfcb-test.fasta.3.out test.fasta.3.out 1
2019/11/27 11:18:36.45 work_queue_worker[1] wq: rx from master: end
2019/11/27 11:18:36.45 work_queue_worker[1] wq: tx to master: info cached_files file-0-f7c60c99710a0f95199d7cf4150bb754-test.fasta.3
2019/11/27 11:18:36.46 work_queue_worker[1] wq: linking cache/file-0-25930e3036f13852cb0b29694bbab611-nt to /tmp/worker-0-1/t.17/nt
2019/11/27 11:18:36.46 work_queue_worker[1] wq: linking cache/file-0-f7c60c99710a0f95199d7cf4150bb754-test.fasta.3 to /tmp/worker-0-1/t.17/test.fasta.3
2019/11/27 11:18:36.46 work_queue_worker[1] wq: linking cache/file-0-daa9c57850b857b80eefebbca6aa18ce-blastall to /tmp/worker-0-1/t.17/blastall
2019/11/27 11:18:36.46 work_queue_worker[1] wq: started process 95: ./blastall -p blastn -d nt/nt -i test.fasta.3 -o test.fasta.3.out 2> test.fasta.3.err
2019/11/27 11:18:36.46 work_queue_worker[1] wq: tx to master: info tasks_running 1
2019/11/27 11:18:45.97 work_queue_worker[1] wq: task 17 (pid 95) exited normally with exit code 0
2019/11/27 11:18:45.97 work_queue_worker[1] wq: moving output file from /tmp/worker-0-1/t.17/test.fasta.3.err to cache/file-0-302dccbdb24a28605e16f14de1f6102d-test.fasta.3.err
2019/11/27 11:18:45.97 work_queue_worker[1] wq: moving output file from /tmp/worker-0-1/t.17/test.fasta.3.out to cache/file-0-caef36134f56070ec9bbb5a29c17bfcb-test.fasta.3.out
2019/11/27 11:18:45.97 work_queue_worker[1] wq: tx to master: available_results
2019/11/27 11:18:45.97 work_queue_worker[1] wq: rx from master: send_results -1
2019/11/27 11:18:45.97 work_queue_worker[1] wq: tx to master: result 0 0 0 9509595 17
2019/11/27 11:18:45.97 work_queue_worker[1] wq: tx to master: info tasks_running 0
2019/11/27 11:18:45.97 work_queue_worker[1] wq: tx to master: end
2019/11/27 11:18:45.97 work_queue_worker[1] wq: rx from master: get file-0-302dccbdb24a28605e16f14de1f6102d-test.fasta.3.err 1
2019/11/27 11:18:45.97 work_queue_worker[1] wq: tx to master: file file-0-302dccbdb24a28605e16f14de1f6102d-test.fasta.3.err 0
2019/11/27 11:18:45.97 work_queue_worker[1] wq: tx to master: end
2019/11/27 11:18:45.97 work_queue_worker[1] wq: rx from master: get file-0-caef36134f56070ec9bbb5a29c17bfcb-test.fasta.3.out 1
2019/11/27 11:18:45.97 work_queue_worker[1] wq: tx to master: file file-0-caef36134f56070ec9bbb5a29c17bfcb-test.fasta.3.out 24326
2019/11/27 11:18:45.97 work_queue_worker[1] wq: tx to master: end
2019/11/27 11:18:45.97 work_queue_worker[1] wq: rx from master: kill 17
2019/11/27 11:18:45.97 work_queue_worker[1] wq: ---- DELETING: /tmp/worker-0-1/t.17
2019/11/27 11:18:45.97 work_queue_worker[1] wq: rx from master: put file-0-21ce2e3623ee3a033739f28d47ebc2f3-test.fasta.1 10110 0644 1
2019/11/27 11:18:45.97 work_queue_worker[1] wq: Putting file file-0-21ce2e3623ee3a033739f28d47ebc2f3-test.fasta.1 into workspace
2019/11/27 11:18:45.97 work_queue_worker[1] wq: Dir /cache already exists in cache
2019/11/27 11:18:45.97 work_queue_worker[1] wq: ****BRUNO***** cp BARRA: -> cp ./cache/file-0-21ce2e3623ee3a033739f28d47ebc2f3-test.fasta.1 /cache.
2019/11/27 11:18:45.97 work_queue_worker[1] wq: rx from master: task 19
2019/11/27 11:18:45.98 work_queue_worker[1] wq: rx from master: cmd 85
2019/11/27 11:18:45.98 work_queue_worker[1] wq: rx from master: ./blastall -p blastn -d nt/nt -i test.fasta.1 -o test.fasta.1.out 2> test.fasta.1.err
2019/11/27 11:18:45.98 work_queue_worker[1] wq: rx from master: category default
2019/11/27 11:18:45.98 work_queue_worker[1] wq: rx from master: cores 4
2019/11/27 11:18:45.98 work_queue_worker[1] wq: rx from master: memory 7749
2019/11/27 11:18:45.98 work_queue_worker[1] wq: rx from master: disk 180559
2019/11/27 11:18:45.98 work_queue_worker[1] wq: rx from master: gpus 0
2019/11/27 11:18:45.98 work_queue_worker[1] wq: rx from master: end_time 18446744073709551615
2019/11/27 11:18:45.98 work_queue_worker[1] wq: rx from master: wall_time 18446744073709551615
2019/11/27 11:18:45.98 work_queue_worker[1] wq: rx from master: env 7
2019/11/27 11:18:45.98 work_queue_worker[1] wq: rx from master: env 17
2019/11/27 11:18:45.98 work_queue_worker[1] wq: rx from master: infile file-0-25930e3036f13852cb0b29694bbab611-nt nt 1
2019/11/27 11:18:45.98 work_queue_worker[1] wq: rx from master: infile file-0-21ce2e3623ee3a033739f28d47ebc2f3-test.fasta.1 test.fasta.1 1
2019/11/27 11:18:45.98 work_queue_worker[1] wq: rx from master: infile file-0-daa9c57850b857b80eefebbca6aa18ce-blastall blastall 1
2019/11/27 11:18:45.98 work_queue_worker[1] wq: rx from master: outfile file-0-3ab9f1950a6d162e67ee5b12ea6e7807-test.fasta.1.err test.fasta.1.err 1
2019/11/27 11:18:45.98 work_queue_worker[1] wq: rx from master: outfile file-0-994988da6966ac76fa59fc30ca8c2cd9-test.fasta.1.out test.fasta.1.out 1
2019/11/27 11:18:45.98 work_queue_worker[1] wq: rx from master: end
2019/11/27 11:18:45.98 work_queue_worker[1] wq: tx to master: info cached_files file-0-21ce2e3623ee3a033739f28d47ebc2f3-test.fasta.1
2019/11/27 11:18:45.98 work_queue_worker[1] wq: linking cache/file-0-25930e3036f13852cb0b29694bbab611-nt to /tmp/worker-0-1/t.19/nt
2019/11/27 11:18:45.98 work_queue_worker[1] wq: linking cache/file-0-21ce2e3623ee3a033739f28d47ebc2f3-test.fasta.1 to /tmp/worker-0-1/t.19/test.fasta.1
2019/11/27 11:18:45.98 work_queue_worker[1] wq: linking cache/file-0-daa9c57850b857b80eefebbca6aa18ce-blastall to /tmp/worker-0-1/t.19/blastall
2019/11/27 11:18:45.98 work_queue_worker[1] wq: started process 101: ./blastall -p blastn -d nt/nt -i test.fasta.1 -o test.fasta.1.out 2> test.fasta.1.err
2019/11/27 11:18:45.98 work_queue_worker[1] wq: tx to master: info tasks_running 1
2019/11/27 11:18:55.51 work_queue_worker[1] wq: task 19 (pid 101) exited normally with exit code 0
2019/11/27 11:18:55.51 work_queue_worker[1] wq: moving output file from /tmp/worker-0-1/t.19/test.fasta.1.err to cache/file-0-3ab9f1950a6d162e67ee5b12ea6e7807-test.fasta.1.err
2019/11/27 11:18:55.51 work_queue_worker[1] wq: moving output file from /tmp/worker-0-1/t.19/test.fasta.1.out to cache/file-0-994988da6966ac76fa59fc30ca8c2cd9-test.fasta.1.out
2019/11/27 11:18:55.51 work_queue_worker[1] wq: tx to master: available_results
2019/11/27 11:18:55.52 work_queue_worker[1] wq: rx from master: send_results -1
2019/11/27 11:18:55.52 work_queue_worker[1] wq: tx to master: result 0 0 0 9534612 19
2019/11/27 11:18:55.52 work_queue_worker[1] wq: tx to master: info tasks_running 0
2019/11/27 11:18:55.52 work_queue_worker[1] wq: tx to master: end
2019/11/27 11:18:55.52 work_queue_worker[1] wq: rx from master: get file-0-3ab9f1950a6d162e67ee5b12ea6e7807-test.fasta.1.err 1
2019/11/27 11:18:55.52 work_queue_worker[1] wq: tx to master: file file-0-3ab9f1950a6d162e67ee5b12ea6e7807-test.fasta.1.err 0
2019/11/27 11:18:55.52 work_queue_worker[1] wq: tx to master: end
2019/11/27 11:18:55.52 work_queue_worker[1] wq: rx from master: get file-0-994988da6966ac76fa59fc30ca8c2cd9-test.fasta.1.out 1
2019/11/27 11:18:55.52 work_queue_worker[1] wq: tx to master: file file-0-994988da6966ac76fa59fc30ca8c2cd9-test.fasta.1.out 27543
2019/11/27 11:18:55.52 work_queue_worker[1] wq: tx to master: end
2019/11/27 11:18:55.52 work_queue_worker[1] wq: rx from master: kill 19
2019/11/27 11:18:55.52 work_queue_worker[1] wq: ---- DELETING: /tmp/worker-0-1/t.19
2019/11/27 11:18:55.52 work_queue_worker[1] wq: rx from master: task 1
2019/11/27 11:18:55.52 work_queue_worker[1] wq: rx from master: cmd 88
2019/11/27 11:18:55.52 work_queue_worker[1] wq: rx from master: ./blastall -p blastn -d nt/nt -i test.fasta.19 -o test.fasta.19.out 2> test.fasta.19.err
2019/11/27 11:18:55.52 work_queue_worker[1] wq: rx from master: category default
2019/11/27 11:18:55.52 work_queue_worker[1] wq: rx from master: cores 4
2019/11/27 11:18:55.52 work_queue_worker[1] wq: rx from master: memory 7749
2019/11/27 11:18:55.52 work_queue_worker[1] wq: rx from master: disk 180559
2019/11/27 11:18:55.52 work_queue_worker[1] wq: rx from master: gpus 0
2019/11/27 11:18:55.52 work_queue_worker[1] wq: rx from master: end_time 18446744073709551615
2019/11/27 11:18:55.52 work_queue_worker[1] wq: rx from master: wall_time 18446744073709551615
2019/11/27 11:18:55.52 work_queue_worker[1] wq: rx from master: env 7
2019/11/27 11:18:55.52 work_queue_worker[1] wq: rx from master: env 17
2019/11/27 11:18:55.52 work_queue_worker[1] wq: rx from master: infile file-0-25930e3036f13852cb0b29694bbab611-nt nt 1
2019/11/27 11:18:55.52 work_queue_worker[1] wq: rx from master: infile file-0-91e2799df52756191dbca22d7b7cd23c-test.fasta.19 test.fasta.19 1
2019/11/27 11:18:55.52 work_queue_worker[1] wq: rx from master: infile file-0-daa9c57850b857b80eefebbca6aa18ce-blastall blastall 1
2019/11/27 11:18:55.52 work_queue_worker[1] wq: rx from master: outfile file-0-8eab36096679637a447522c8eb5ec8c1-test.fasta.19.err test.fasta.19.err 1
2019/11/27 11:18:55.52 work_queue_worker[1] wq: rx from master: outfile file-0-9883c7748ac27d46878553d23e293154-test.fasta.19.out test.fasta.19.out 1
2019/11/27 11:18:55.52 work_queue_worker[1] wq: rx from master: end
2019/11/27 11:18:55.53 work_queue_worker[1] wq: linking cache/file-0-25930e3036f13852cb0b29694bbab611-nt to /tmp/worker-0-1/t.1/nt
2019/11/27 11:18:55.53 work_queue_worker[1] wq: linking cache/file-0-91e2799df52756191dbca22d7b7cd23c-test.fasta.19 to /tmp/worker-0-1/t.1/test.fasta.19
2019/11/27 11:18:55.53 work_queue_worker[1] wq: linking cache/file-0-daa9c57850b857b80eefebbca6aa18ce-blastall to /tmp/worker-0-1/t.1/blastall
2019/11/27 11:18:55.53 work_queue_worker[1] wq: started process 105: ./blastall -p blastn -d nt/nt -i test.fasta.19 -o test.fasta.19.out 2> test.fasta.19.err
2019/11/27 11:18:55.53 work_queue_worker[1] wq: tx to master: info tasks_running 1
2019/11/27 11:19:05.27 work_queue_worker[1] wq: task 1 (pid 105) exited normally with exit code 0
2019/11/27 11:19:05.27 work_queue_worker[1] wq: moving output file from /tmp/worker-0-1/t.1/test.fasta.19.err to cache/file-0-8eab36096679637a447522c8eb5ec8c1-test.fasta.19.err
2019/11/27 11:19:05.27 work_queue_worker[1] wq: moving output file from /tmp/worker-0-1/t.1/test.fasta.19.out to cache/file-0-9883c7748ac27d46878553d23e293154-test.fasta.19.out
2019/11/27 11:19:05.29 work_queue_worker[1] wq: tx to master: available_results
2019/11/27 11:19:05.30 work_queue_worker[1] wq: rx from master: send_results -1
2019/11/27 11:19:05.30 work_queue_worker[1] wq: tx to master: result 0 0 0 9748484 1
2019/11/27 11:19:05.30 work_queue_worker[1] wq: tx to master: info tasks_running 0
2019/11/27 11:19:05.30 work_queue_worker[1] wq: tx to master: end
2019/11/27 11:19:05.30 work_queue_worker[1] wq: rx from master: get file-0-8eab36096679637a447522c8eb5ec8c1-test.fasta.19.err 1
2019/11/27 11:19:05.30 work_queue_worker[1] wq: tx to master: file file-0-8eab36096679637a447522c8eb5ec8c1-test.fasta.19.err 0
2019/11/27 11:19:05.30 work_queue_worker[1] wq: tx to master: end
2019/11/27 11:19:05.30 work_queue_worker[1] wq: rx from master: get file-0-9883c7748ac27d46878553d23e293154-test.fasta.19.out 1
2019/11/27 11:19:05.30 work_queue_worker[1] wq: tx to master: file file-0-9883c7748ac27d46878553d23e293154-test.fasta.19.out 31186
2019/11/27 11:19:05.30 work_queue_worker[1] wq: tx to master: end
2019/11/27 11:19:05.30 work_queue_worker[1] wq: rx from master: kill 1
2019/11/27 11:19:05.30 work_queue_worker[1] wq: ---- DELETING: /tmp/worker-0-1/t.1
2019/11/27 11:19:05.30 work_queue_worker[1] wq: rx from master: put file-0-bd98410c4ed2bfaa95819f1849189081-test.fasta.18 10120 0644 1
2019/11/27 11:19:05.30 work_queue_worker[1] wq: Putting file file-0-bd98410c4ed2bfaa95819f1849189081-test.fasta.18 into workspace
2019/11/27 11:19:05.30 work_queue_worker[1] wq: Dir /cache already exists in cache
2019/11/27 11:19:05.30 work_queue_worker[1] wq: ****BRUNO***** cp BARRA: -> cp ./cache/file-0-bd98410c4ed2bfaa95819f1849189081-test.fasta.18 /cache.
2019/11/27 11:19:05.31 work_queue_worker[1] wq: rx from master: task 2
2019/11/27 11:19:05.31 work_queue_worker[1] wq: rx from master: cmd 88
2019/11/27 11:19:05.31 work_queue_worker[1] wq: rx from master: ./blastall -p blastn -d nt/nt -i test.fasta.18 -o test.fasta.18.out 2> test.fasta.18.err
2019/11/27 11:19:05.31 work_queue_worker[1] wq: rx from master: category default
2019/11/27 11:19:05.31 work_queue_worker[1] wq: rx from master: cores 4
2019/11/27 11:19:05.31 work_queue_worker[1] wq: rx from master: memory 7749
2019/11/27 11:19:05.31 work_queue_worker[1] wq: rx from master: disk 180559
2019/11/27 11:19:05.31 work_queue_worker[1] wq: rx from master: gpus 0
2019/11/27 11:19:05.31 work_queue_worker[1] wq: rx from master: end_time 18446744073709551615
2019/11/27 11:19:05.31 work_queue_worker[1] wq: rx from master: wall_time 18446744073709551615
2019/11/27 11:19:05.31 work_queue_worker[1] wq: rx from master: env 7
2019/11/27 11:19:05.31 work_queue_worker[1] wq: rx from master: env 17
2019/11/27 11:19:05.31 work_queue_worker[1] wq: rx from master: infile file-0-25930e3036f13852cb0b29694bbab611-nt nt 1
2019/11/27 11:19:05.31 work_queue_worker[1] wq: rx from master: infile file-0-bd98410c4ed2bfaa95819f1849189081-test.fasta.18 test.fasta.18 1
2019/11/27 11:19:05.31 work_queue_worker[1] wq: rx from master: infile file-0-daa9c57850b857b80eefebbca6aa18ce-blastall blastall 1
2019/11/27 11:19:05.31 work_queue_worker[1] wq: rx from master: outfile file-0-b3ca854c26233484c838ab6d3298229c-test.fasta.18.err test.fasta.18.err 1
2019/11/27 11:19:05.31 work_queue_worker[1] wq: rx from master: outfile file-0-c688af492b061abef62bf46ec43b64b2-test.fasta.18.out test.fasta.18.out 1
2019/11/27 11:19:05.31 work_queue_worker[1] wq: rx from master: end
2019/11/27 11:19:05.31 work_queue_worker[1] wq: tx to master: info cached_files file-0-bd98410c4ed2bfaa95819f1849189081-test.fasta.18
2019/11/27 11:19:05.31 work_queue_worker[1] wq: linking cache/file-0-25930e3036f13852cb0b29694bbab611-nt to /tmp/worker-0-1/t.2/nt
2019/11/27 11:19:05.31 work_queue_worker[1] wq: linking cache/file-0-bd98410c4ed2bfaa95819f1849189081-test.fasta.18 to /tmp/worker-0-1/t.2/test.fasta.18
2019/11/27 11:19:05.31 work_queue_worker[1] wq: linking cache/file-0-daa9c57850b857b80eefebbca6aa18ce-blastall to /tmp/worker-0-1/t.2/blastall
2019/11/27 11:19:05.31 work_queue_worker[1] wq: started process 111: ./blastall -p blastn -d nt/nt -i test.fasta.18 -o test.fasta.18.out 2> test.fasta.18.err
2019/11/27 11:19:05.31 work_queue_worker[1] wq: tx to master: info tasks_running 1
2019/11/27 11:19:14.97 work_queue_worker[1] wq: task 2 (pid 111) exited normally with exit code 0
2019/11/27 11:19:14.97 work_queue_worker[1] wq: moving output file from /tmp/worker-0-1/t.2/test.fasta.18.err to cache/file-0-b3ca854c26233484c838ab6d3298229c-test.fasta.18.err
2019/11/27 11:19:14.97 work_queue_worker[1] wq: moving output file from /tmp/worker-0-1/t.2/test.fasta.18.out to cache/file-0-c688af492b061abef62bf46ec43b64b2-test.fasta.18.out
2019/11/27 11:19:14.97 work_queue_worker[1] wq: tx to master: available_results
2019/11/27 11:19:14.97 work_queue_worker[1] wq: rx from master: send_results -1
2019/11/27 11:19:14.97 work_queue_worker[1] wq: tx to master: result 0 0 0 9655841 2
2019/11/27 11:19:14.97 work_queue_worker[1] wq: tx to master: info tasks_running 0
2019/11/27 11:19:14.97 work_queue_worker[1] wq: tx to master: end
2019/11/27 11:19:14.97 work_queue_worker[1] wq: rx from master: get file-0-b3ca854c26233484c838ab6d3298229c-test.fasta.18.err 1
2019/11/27 11:19:14.97 work_queue_worker[1] wq: tx to master: file file-0-b3ca854c26233484c838ab6d3298229c-test.fasta.18.err 0
2019/11/27 11:19:14.97 work_queue_worker[1] wq: tx to master: end
2019/11/27 11:19:14.97 work_queue_worker[1] wq: rx from master: get file-0-c688af492b061abef62bf46ec43b64b2-test.fasta.18.out 1
2019/11/27 11:19:14.97 work_queue_worker[1] wq: tx to master: file file-0-c688af492b061abef62bf46ec43b64b2-test.fasta.18.out 40977
2019/11/27 11:19:14.97 work_queue_worker[1] wq: tx to master: end
2019/11/27 11:19:14.98 work_queue_worker[1] wq: rx from master: kill 2
2019/11/27 11:19:14.98 work_queue_worker[1] wq: ---- DELETING: /tmp/worker-0-1/t.2
2019/11/27 11:19:15.05 work_queue_worker[1] wq: rx from master: release
2019/11/27 11:19:15.05 work_queue_worker[1] wq: released by master 10.0.18.8:1026.
2019/11/27 11:19:15.07 work_queue_worker[1] wq: *********** BRUNO ******** NOT cleaning workspace /tmp/worker-0-1
2019/11/27 11:19:15.07 work_queue_worker[1] wq: disconnecting from master 10.0.18.8:1026
2019/11/27 11:19:15.07 work_queue_worker[1] tcp: disconnected from 10.0.18.8 port 1026
2019/11/27 11:19:15.07 work_queue_worker[1] wq: killing all outstanding tasks
2019/11/27 11:19:15.07 work_queue_worker[1] wq: all data structures are clean
