2019/11/26 14:03:03.65 work_queue_worker[1] debug: /home/cctools_BRUNO_bin/bin/work_queue_worker version 8.0.0 DEVELOPMENT (released 2019-11-06 16:35:57 +0000)
2019/11/26 14:03:03.65 work_queue_worker[1] debug: Built by root@2546322b0463 on 2019-11-06 16:35:57 +0000
2019/11/26 14:03:03.65 work_queue_worker[1] debug: System: Linux 2546322b0463 5.0.0-32-generic #34~18.04.2-Ubuntu SMP Thu Oct 10 10:36:02 UTC 2019 x86_64 x86_64 x86_64 GNU/Linux
2019/11/26 14:03:03.65 work_queue_worker[1] debug: Configuration: --prefix /home/cctools_BRUNO_bin
2019/11/26 14:03:03.65 work_queue_worker[1] wq: WORK_QUEUE_SANDBOX set to /tmp/worker-0-1.
2019/11/26 14:03:03.65 work_queue_worker[1] debug: error reading disk usage on directory: ./cache.
2019/11/26 14:03:03.65 work_queue_worker[1] dns: looking up name master
2019/11/26 14:03:03.66 work_queue_worker[1] dns: master is 10.0.234.2
2019/11/26 14:03:03.66 work_queue_worker[1] tcp: connecting to 10.0.234.2 port 1026
2019/11/26 14:03:03.66 work_queue_worker[1] tcp: made connection to 10.0.234.2 port 1026
2019/11/26 14:03:03.66 work_queue_worker[1] wq: connected to master master:1026 via local address 10.0.234.14:33774
2019/11/26 14:03:03.66 work_queue_worker[1] wq: preparing workspace /tmp/worker-0-1
2019/11/26 14:03:03.66 work_queue_worker[1] dns: looking up name 6397717ebf60
2019/11/26 14:03:03.66 work_queue_worker[1] dns: 6397717ebf60 is 10.0.234.14
2019/11/26 14:03:03.66 work_queue_worker[1] dns: looking up addr 10.0.234.14
2019/11/26 14:03:03.66 work_queue_worker[1] dns: 10.0.234.14 is 6397717ebf60
2019/11/26 14:03:03.66 work_queue_worker[1] dns: finding my hostname: uname = 6397717ebf60, address = 10.0.234.14, hostname = 6397717ebf60
2019/11/26 14:03:03.66 work_queue_worker[1] wq: tx to master: workqueue 8 6397717ebf60 Linux x86_64 8.0.0
2019/11/26 14:03:03.66 work_queue_worker[1] wq: tx to master: info worker-id worker-d2440ff2c30650ad82c333946e1b2d21
2019/11/26 14:03:03.66 work_queue_worker[1] wq: tx to master: alive
2019/11/26 14:03:03.66 work_queue_worker[1] wq: Sending resource description to master:
2019/11/26 14:03:03.66 work_queue_worker[1] wq:  workers      0 inuse      1 total      1 smallest      1 largest
2019/11/26 14:03:03.66 work_queue_worker[1] wq:     disk      0 inuse   2320 total   2320 smallest   2320 largest
2019/11/26 14:03:03.66 work_queue_worker[1] wq:   memory      0 inuse  11908 total  11908 smallest  11908 largest
2019/11/26 14:03:03.66 work_queue_worker[1] wq:     gpus      0 inuse      0 total      0 smallest      0 largest
2019/11/26 14:03:03.66 work_queue_worker[1] wq:    cores      0 inuse      1 total      1 smallest      1 largest
2019/11/26 14:03:03.66 work_queue_worker[1] wq: tx to master: info end_of_resource_update 0
2019/11/26 14:03:03.66 work_queue_worker[1] wq: tx to master: info tasks_running 0
2019/11/26 14:03:03.66 work_queue_worker[1] wq: working for master at 10.0.234.2:1026.
2019/11/26 14:06:21.97 work_queue_worker[1] wq: rx from master: put file-0-c5ee5a022e0a239ae11f2cc3e034beda-query.fastq.4 2044000 0644 1
2019/11/26 14:06:21.97 work_queue_worker[1] wq: Putting file file-0-c5ee5a022e0a239ae11f2cc3e034beda-query.fastq.4 into workspace
2019/11/26 14:06:21.97 work_queue_worker[1] wq: Dir /cache already exists in cache
2019/11/26 14:06:21.97 work_queue_worker[1] wq: ****BRUNO***** cp BARRA: -> cp ./cache/file-0-c5ee5a022e0a239ae11f2cc3e034beda-query.fastq.4 /cache.
2019/11/26 14:06:21.98 work_queue_worker[1] wq: rx from master: put file-0-971da570f958f7598fb58342dc472274-ref.fasta.sa 50000056 0644 1
2019/11/26 14:06:21.98 work_queue_worker[1] wq: Putting file file-0-971da570f958f7598fb58342dc472274-ref.fasta.sa into workspace
2019/11/26 14:06:21.98 work_queue_worker[1] wq: Dir /cache already exists in cache
2019/11/26 14:06:22.04 work_queue_worker[1] wq: ****BRUNO***** cp BARRA: -> cp ./cache/file-0-971da570f958f7598fb58342dc472274-ref.fasta.sa /cache.
2019/11/26 14:06:22.11 work_queue_worker[1] wq: rx from master: put file-0-35f59a9883b4870b84f03717aff16002-ref.fasta.ann 5866697 0644 1
2019/11/26 14:06:22.11 work_queue_worker[1] wq: Putting file file-0-35f59a9883b4870b84f03717aff16002-ref.fasta.ann into workspace
2019/11/26 14:06:22.11 work_queue_worker[1] wq: Dir /cache already exists in cache
2019/11/26 14:06:22.12 work_queue_worker[1] wq: ****BRUNO***** cp BARRA: -> cp ./cache/file-0-35f59a9883b4870b84f03717aff16002-ref.fasta.ann /cache.
2019/11/26 14:06:22.14 work_queue_worker[1] wq: rx from master: put file-0-1aba5e7adecebe065db19a405fb8bdf0-ref.fasta.amb 19 0644 1
2019/11/26 14:06:22.14 work_queue_worker[1] wq: Putting file file-0-1aba5e7adecebe065db19a405fb8bdf0-ref.fasta.amb into workspace
2019/11/26 14:06:22.14 work_queue_worker[1] wq: Dir /cache already exists in cache
2019/11/26 14:06:22.14 work_queue_worker[1] wq: ****BRUNO***** cp BARRA: -> cp ./cache/file-0-1aba5e7adecebe065db19a405fb8bdf0-ref.fasta.amb /cache.
2019/11/26 14:06:22.14 work_queue_worker[1] wq: rx from master: put file-0-d4ff2b390cdd34b642d74a1cd1b59b97-ref.fasta.pac 25000002 0644 1
2019/11/26 14:06:22.14 work_queue_worker[1] wq: Putting file file-0-d4ff2b390cdd34b642d74a1cd1b59b97-ref.fasta.pac into workspace
2019/11/26 14:06:22.14 work_queue_worker[1] wq: Dir /cache already exists in cache
2019/11/26 14:06:22.18 work_queue_worker[1] wq: ****BRUNO***** cp BARRA: -> cp ./cache/file-0-d4ff2b390cdd34b642d74a1cd1b59b97-ref.fasta.pac /cache.
2019/11/26 14:06:22.21 work_queue_worker[1] wq: rx from master: put file-0-0cadea4f68da3f941c5b5f0c963a59f8-ref.fasta.bwt 100000072 0644 1
2019/11/26 14:06:22.21 work_queue_worker[1] wq: Putting file file-0-0cadea4f68da3f941c5b5f0c963a59f8-ref.fasta.bwt into workspace
2019/11/26 14:06:22.21 work_queue_worker[1] wq: Dir /cache already exists in cache
2019/11/26 14:06:22.35 work_queue_worker[1] wq: ****BRUNO***** cp BARRA: -> cp ./cache/file-0-0cadea4f68da3f941c5b5f0c963a59f8-ref.fasta.bwt /cache.
2019/11/26 14:06:22.48 work_queue_worker[1] wq: rx from master: put file-0-b08c3e9746692f64bcb9a448620c7967-ref.fasta 105477790 0644 1
2019/11/26 14:06:22.48 work_queue_worker[1] wq: Putting file file-0-b08c3e9746692f64bcb9a448620c7967-ref.fasta into workspace
2019/11/26 14:06:22.48 work_queue_worker[1] wq: Dir /cache already exists in cache
2019/11/26 14:06:22.63 work_queue_worker[1] wq: ****BRUNO***** cp BARRA: -> cp ./cache/file-0-b08c3e9746692f64bcb9a448620c7967-ref.fasta /cache.
2019/11/26 14:06:24.22 work_queue_worker[1] wq: rx from master: put file-0-a6be17d8a097bb9efd120be10bbc654c-bwa 1444312 0755 1
2019/11/26 14:06:24.22 work_queue_worker[1] wq: Putting file file-0-a6be17d8a097bb9efd120be10bbc654c-bwa into workspace
2019/11/26 14:06:24.22 work_queue_worker[1] wq: Dir /cache already exists in cache
2019/11/26 14:06:24.22 work_queue_worker[1] wq: ****BRUNO***** cp BARRA: -> cp ./cache/file-0-a6be17d8a097bb9efd120be10bbc654c-bwa /cache.
2019/11/26 14:06:24.43 work_queue_worker[1] wq: rx from master: task 6
2019/11/26 14:06:24.43 work_queue_worker[1] wq: rx from master: cmd 58
2019/11/26 14:06:24.43 work_queue_worker[1] wq: rx from master: ./bwa mem ref.fasta query.fastq.4 > Out.4.sam 2> mem.4.err
2019/11/26 14:06:24.43 work_queue_worker[1] wq: rx from master: category default
2019/11/26 14:06:24.43 work_queue_worker[1] wq: rx from master: cores 1
2019/11/26 14:06:24.43 work_queue_worker[1] wq: rx from master: memory 11908
2019/11/26 14:06:24.43 work_queue_worker[1] wq: rx from master: disk 2320
2019/11/26 14:06:24.43 work_queue_worker[1] wq: rx from master: gpus 0
2019/11/26 14:06:24.43 work_queue_worker[1] wq: rx from master: end_time 18446744073709551615
2019/11/26 14:06:24.43 work_queue_worker[1] wq: rx from master: wall_time 18446744073709551615
2019/11/26 14:06:24.43 work_queue_worker[1] wq: rx from master: env 7
2019/11/26 14:06:24.43 work_queue_worker[1] wq: rx from master: env 17
2019/11/26 14:06:24.43 work_queue_worker[1] wq: rx from master: infile file-0-c5ee5a022e0a239ae11f2cc3e034beda-query.fastq.4 query.fastq.4 1
2019/11/26 14:06:24.43 work_queue_worker[1] wq: rx from master: infile file-0-971da570f958f7598fb58342dc472274-ref.fasta.sa ref.fasta.sa 1
2019/11/26 14:06:24.43 work_queue_worker[1] wq: rx from master: infile file-0-35f59a9883b4870b84f03717aff16002-ref.fasta.ann ref.fasta.ann 1
2019/11/26 14:06:24.43 work_queue_worker[1] wq: rx from master: infile file-0-1aba5e7adecebe065db19a405fb8bdf0-ref.fasta.amb ref.fasta.amb 1
2019/11/26 14:06:24.43 work_queue_worker[1] wq: rx from master: infile file-0-d4ff2b390cdd34b642d74a1cd1b59b97-ref.fasta.pac ref.fasta.pac 1
2019/11/26 14:06:24.43 work_queue_worker[1] wq: rx from master: infile file-0-0cadea4f68da3f941c5b5f0c963a59f8-ref.fasta.bwt ref.fasta.bwt 1
2019/11/26 14:06:24.43 work_queue_worker[1] wq: rx from master: infile file-0-b08c3e9746692f64bcb9a448620c7967-ref.fasta ref.fasta 1
2019/11/26 14:06:24.43 work_queue_worker[1] wq: rx from master: infile file-0-a6be17d8a097bb9efd120be10bbc654c-bwa bwa 1
2019/11/26 14:06:24.43 work_queue_worker[1] wq: rx from master: outfile file-0-3658071a13d1b9697b3a2af7ff4bbbde-mem.4.err mem.4.err 1
2019/11/26 14:06:24.43 work_queue_worker[1] wq: rx from master: outfile file-0-1aaaa4a6080cbc532975cbd62f7898e9-Out.4.sam Out.4.sam 1
2019/11/26 14:06:24.43 work_queue_worker[1] wq: rx from master: end
2019/11/26 14:06:24.43 work_queue_worker[1] wq: tx to master: info cached_files file-0-d4ff2b390cdd34b642d74a1cd1b59b97-ref.fasta.pac
2019/11/26 14:06:24.43 work_queue_worker[1] wq: tx to master: info cached_files file-0-1aba5e7adecebe065db19a405fb8bdf0-ref.fasta.amb
2019/11/26 14:06:24.43 work_queue_worker[1] wq: tx to master: info cached_files file-0-b08c3e9746692f64bcb9a448620c7967-ref.fasta
2019/11/26 14:06:24.43 work_queue_worker[1] wq: tx to master: info cached_files file-0-ca460a46b92c00497c427b9d5c9ec7aa-query.fastq.2
2019/11/26 14:06:24.43 work_queue_worker[1] wq: tx to master: info cached_files file-0-c5ee5a022e0a239ae11f2cc3e034beda-query.fastq.4
2019/11/26 14:06:24.43 work_queue_worker[1] wq: tx to master: info cached_files file-0-0cadea4f68da3f941c5b5f0c963a59f8-ref.fasta.bwt
2019/11/26 14:06:24.43 work_queue_worker[1] wq: tx to master: info cached_files file-0-a6be17d8a097bb9efd120be10bbc654c-bwa
2019/11/26 14:06:24.43 work_queue_worker[1] wq: tx to master: info cached_files file-0-971da570f958f7598fb58342dc472274-ref.fasta.sa
2019/11/26 14:06:24.43 work_queue_worker[1] wq: tx to master: info cached_files file-0-cdcb812e1d4b3d86022e7dd488b06452-query.fastq.3
2019/11/26 14:06:24.43 work_queue_worker[1] wq: tx to master: info cached_files file-0-bdb63e29446c6e8e27808af94d0bc963-query.fastq.9
2019/11/26 14:06:24.43 work_queue_worker[1] wq: tx to master: info cached_files file-0-35f59a9883b4870b84f03717aff16002-ref.fasta.ann
2019/11/26 14:06:24.49 work_queue_worker[1] wq: linking cache/file-0-c5ee5a022e0a239ae11f2cc3e034beda-query.fastq.4 to /tmp/worker-0-1/t.6/query.fastq.4
2019/11/26 14:06:24.49 work_queue_worker[1] wq: linking cache/file-0-971da570f958f7598fb58342dc472274-ref.fasta.sa to /tmp/worker-0-1/t.6/ref.fasta.sa
2019/11/26 14:06:24.49 work_queue_worker[1] wq: linking cache/file-0-35f59a9883b4870b84f03717aff16002-ref.fasta.ann to /tmp/worker-0-1/t.6/ref.fasta.ann
2019/11/26 14:06:24.49 work_queue_worker[1] wq: linking cache/file-0-1aba5e7adecebe065db19a405fb8bdf0-ref.fasta.amb to /tmp/worker-0-1/t.6/ref.fasta.amb
2019/11/26 14:06:24.49 work_queue_worker[1] wq: linking cache/file-0-d4ff2b390cdd34b642d74a1cd1b59b97-ref.fasta.pac to /tmp/worker-0-1/t.6/ref.fasta.pac
2019/11/26 14:06:24.49 work_queue_worker[1] wq: linking cache/file-0-0cadea4f68da3f941c5b5f0c963a59f8-ref.fasta.bwt to /tmp/worker-0-1/t.6/ref.fasta.bwt
2019/11/26 14:06:24.49 work_queue_worker[1] wq: linking cache/file-0-b08c3e9746692f64bcb9a448620c7967-ref.fasta to /tmp/worker-0-1/t.6/ref.fasta
2019/11/26 14:06:24.49 work_queue_worker[1] wq: linking cache/file-0-a6be17d8a097bb9efd120be10bbc654c-bwa to /tmp/worker-0-1/t.6/bwa
2019/11/26 14:06:24.49 work_queue_worker[1] wq: Waiting task 6 has been forsaken.
2019/11/26 14:06:24.49 work_queue_worker[1] wq: tx to master: alive
2019/11/26 14:06:24.49 work_queue_worker[1] wq: Sending resource description to master:
2019/11/26 14:06:24.49 work_queue_worker[1] wq:  workers      0 inuse      1 total      1 smallest      1 largest
2019/11/26 14:06:24.49 work_queue_worker[1] wq:     disk    276 inuse   1737 total   1737 smallest   1737 largest
2019/11/26 14:06:24.49 work_queue_worker[1] wq:   memory      0 inuse  11908 total  11908 smallest  11908 largest
2019/11/26 14:06:24.49 work_queue_worker[1] wq:     gpus      0 inuse      0 total      0 smallest      0 largest
2019/11/26 14:06:24.49 work_queue_worker[1] wq:    cores      0 inuse      1 total      1 smallest      1 largest
2019/11/26 14:06:24.49 work_queue_worker[1] wq: tx to master: info end_of_resource_update 0
2019/11/26 14:06:24.49 work_queue_worker[1] wq: tx to master: info tasks_running 0
2019/11/26 14:06:24.49 work_queue_worker[1] wq: tx to master: info tasks_running 0
2019/11/26 14:06:24.49 work_queue_worker[1] wq: tx to master: available_results
2019/11/26 14:06:25.30 work_queue_worker[1] wq: rx from master: send_results -1
2019/11/26 14:06:25.30 work_queue_worker[1] wq: tx to master: result 40 0 0 0 6
2019/11/26 14:06:25.30 work_queue_worker[1] wq: tx to master: info tasks_running 0
2019/11/26 14:06:25.30 work_queue_worker[1] wq: tx to master: end
2019/11/26 14:06:34.26 work_queue_worker[1] wq: rx from master: check
2019/11/26 14:06:34.26 work_queue_worker[1] wq: tx to master: alive
2019/11/26 14:06:34.26 work_queue_worker[1] wq: tx to master: info tasks_running 0
2019/11/26 14:06:41.95 work_queue_worker[1] wq: rx from master: put file-0-048045060f61089a83cce204e6b8f151-corr.out 0 0644 1
2019/11/26 14:06:41.95 work_queue_worker[1] wq: Putting file file-0-048045060f61089a83cce204e6b8f151-corr.out into workspace
2019/11/26 14:06:41.95 work_queue_worker[1] wq: Dir /cache already exists in cache
2019/11/26 14:06:41.95 work_queue_worker[1] wq: ****BRUNO***** cp BARRA: -> cp ./cache/file-0-048045060f61089a83cce204e6b8f151-corr.out /cache.
2019/11/26 14:06:41.96 work_queue_worker[1] wq: rx from master: put file-0-d227f53ffa4906fec9c6df596e58665f-ref.fasta.89 1055000 0644 1
2019/11/26 14:06:41.96 work_queue_worker[1] wq: Putting file file-0-d227f53ffa4906fec9c6df596e58665f-ref.fasta.89 into workspace
2019/11/26 14:06:41.96 work_queue_worker[1] wq: Dir /cache already exists in cache
2019/11/26 14:06:41.96 work_queue_worker[1] wq: ****BRUNO***** cp BARRA: -> cp ./cache/file-0-d227f53ffa4906fec9c6df596e58665f-ref.fasta.89 /cache.
2019/11/26 14:06:41.96 work_queue_worker[1] wq: rx from master: put file-0-ddd728dc31a49bcd4cacae5676b4e7f7-Create_Corrected_AllLRReads.py 1402 0755 1
2019/11/26 14:06:41.96 work_queue_worker[1] wq: Putting file file-0-ddd728dc31a49bcd4cacae5676b4e7f7-Create_Corrected_AllLRReads.py into workspace
2019/11/26 14:06:41.96 work_queue_worker[1] wq: Dir /cache already exists in cache
2019/11/26 14:06:41.96 work_queue_worker[1] wq: ****BRUNO***** cp BARRA: -> cp ./cache/file-0-ddd728dc31a49bcd4cacae5676b4e7f7-Create_Corrected_AllLRReads.py /cache.
2019/11/26 14:06:41.96 work_queue_worker[1] wq: rx from master: task 23
2019/11/26 14:06:41.96 work_queue_worker[1] wq: rx from master: cmd 76
2019/11/26 14:06:41.96 work_queue_worker[1] wq: rx from master: python Create_Corrected_AllLRReads.py ref.fasta.89 corr.out 2> create.err.89
2019/11/26 14:06:41.96 work_queue_worker[1] wq: rx from master: category default
2019/11/26 14:06:41.96 work_queue_worker[1] wq: rx from master: cores 1
2019/11/26 14:06:41.96 work_queue_worker[1] wq: rx from master: memory 11908
2019/11/26 14:06:41.96 work_queue_worker[1] wq: rx from master: disk 1737
2019/11/26 14:06:41.96 work_queue_worker[1] wq: rx from master: gpus 0
2019/11/26 14:06:41.96 work_queue_worker[1] wq: rx from master: end_time 18446744073709551615
2019/11/26 14:06:41.96 work_queue_worker[1] wq: rx from master: wall_time 18446744073709551615
2019/11/26 14:06:41.96 work_queue_worker[1] wq: rx from master: env 7
2019/11/26 14:06:41.96 work_queue_worker[1] wq: rx from master: env 17
2019/11/26 14:06:41.96 work_queue_worker[1] wq: rx from master: infile file-0-048045060f61089a83cce204e6b8f151-corr.out corr.out 1
2019/11/26 14:06:41.96 work_queue_worker[1] wq: rx from master: infile file-0-d227f53ffa4906fec9c6df596e58665f-ref.fasta.89 ref.fasta.89 1
2019/11/26 14:06:41.96 work_queue_worker[1] wq: rx from master: infile file-0-ddd728dc31a49bcd4cacae5676b4e7f7-Create_Corrected_AllLRReads.py Create_Corrected_AllLRReads.py 1
2019/11/26 14:06:41.96 work_queue_worker[1] wq: rx from master: outfile file-0-054657e8f78fc0e80c99bd12930c6516-create.err.89 create.err.89 1
2019/11/26 14:06:41.96 work_queue_worker[1] wq: rx from master: outfile file-0-42bcf5e6aaa970b04b36214e6a1c7b2f-Corrected_ref.fasta.89 Corrected_ref.fasta.89 1
2019/11/26 14:06:41.96 work_queue_worker[1] wq: rx from master: end
2019/11/26 14:06:41.96 work_queue_worker[1] wq: tx to master: info cached_files file-0-6a3566a41d4cc2c0ac4ec7bfaab41382-query.fastq.6
2019/11/26 14:06:41.96 work_queue_worker[1] wq: tx to master: info cached_files file-0-ec2a8ddc7358fb1db3022befed687cc2-samtools
2019/11/26 14:06:41.96 work_queue_worker[1] wq: tx to master: info cached_files file-0-678ca30250569a1c64070583ea4b883b-ref.fasta.91
2019/11/26 14:06:41.96 work_queue_worker[1] wq: tx to master: info cached_files file-0-e2087ea59ad023a9a6b94da242aa400a-ref.fasta.99
2019/11/26 14:06:41.96 work_queue_worker[1] wq: tx to master: info cached_files file-0-11ac100e7c885c7ba05e6e81cabe3d13-ref.fasta.98
2019/11/26 14:06:41.96 work_queue_worker[1] wq: tx to master: info cached_files file-0-6fc1453ebcb4c31e04f426871fd36430-query.fastq.7
2019/11/26 14:06:41.96 work_queue_worker[1] wq: tx to master: info cached_files file-0-ddd728dc31a49bcd4cacae5676b4e7f7-Create_Corrected_AllLRReads.py
2019/11/26 14:06:41.96 work_queue_worker[1] wq: tx to master: info cached_files file-0-f193924bff0822cf0a6734e5978706e9-Out.bam
2019/11/26 14:06:41.96 work_queue_worker[1] wq: tx to master: info cached_files file-0-6f85758c582abc1bb82cf0a8491389b5-query.fastq.0
2019/11/26 14:06:41.96 work_queue_worker[1] wq: tx to master: info cached_files file-0-048045060f61089a83cce204e6b8f151-corr.out
2019/11/26 14:06:41.96 work_queue_worker[1] wq: tx to master: info cached_files file-0-7c5feeaf69ccc86ea59ef0ec05f2de87-ref.fasta.90
2019/11/26 14:06:41.96 work_queue_worker[1] wq: tx to master: info cached_files file-0-0f24a7a06e09ee83d231974ea7e8cb42-Out.sam
2019/11/26 14:06:41.96 work_queue_worker[1] wq: tx to master: info cached_files file-0-6ff7f7e5220a8cc8bb8326b3ed99cd8d-ref.fasta.97
2019/11/26 14:06:41.96 work_queue_worker[1] wq: tx to master: info cached_files file-0-d227f53ffa4906fec9c6df596e58665f-ref.fasta.89
2019/11/26 14:06:41.96 work_queue_worker[1] wq: tx to master: info cached_files file-0-2a278d767b3c1eecdf4ecc1907d928f1-ref.fasta.96
2019/11/26 14:06:41.97 work_queue_worker[1] wq: linking cache/file-0-048045060f61089a83cce204e6b8f151-corr.out to /tmp/worker-0-1/t.23/corr.out
2019/11/26 14:06:41.97 work_queue_worker[1] wq: linking cache/file-0-d227f53ffa4906fec9c6df596e58665f-ref.fasta.89 to /tmp/worker-0-1/t.23/ref.fasta.89
2019/11/26 14:06:41.97 work_queue_worker[1] wq: linking cache/file-0-ddd728dc31a49bcd4cacae5676b4e7f7-Create_Corrected_AllLRReads.py to /tmp/worker-0-1/t.23/Create_Corrected_AllLRReads.py
2019/11/26 14:06:41.97 work_queue_worker[1] wq: Waiting task 23 has been forsaken.
2019/11/26 14:06:41.97 work_queue_worker[1] wq: tx to master: alive
2019/11/26 14:06:41.97 work_queue_worker[1] wq: Sending resource description to master:
2019/11/26 14:06:41.97 work_queue_worker[1] wq:  workers      0 inuse      1 total      1 smallest      1 largest
2019/11/26 14:06:41.97 work_queue_worker[1] wq:     disk      0 inuse   1595 total   1595 smallest   1595 largest
2019/11/26 14:06:41.97 work_queue_worker[1] wq:   memory      0 inuse  11908 total  11908 smallest  11908 largest
2019/11/26 14:06:41.97 work_queue_worker[1] wq:     gpus      0 inuse      0 total      0 smallest      0 largest
2019/11/26 14:06:41.97 work_queue_worker[1] wq:    cores      0 inuse      1 total      1 smallest      1 largest
2019/11/26 14:06:41.97 work_queue_worker[1] wq: tx to master: info end_of_resource_update 0
2019/11/26 14:06:41.97 work_queue_worker[1] wq: tx to master: info tasks_running 0
2019/11/26 14:06:41.97 work_queue_worker[1] wq: tx to master: info tasks_running 0
2019/11/26 14:06:41.97 work_queue_worker[1] wq: tx to master: available_results
2019/11/26 14:06:42.05 work_queue_worker[1] wq: rx from master: send_results -1
2019/11/26 14:06:42.05 work_queue_worker[1] wq: tx to master: result 40 0 0 0 23
2019/11/26 14:06:42.05 work_queue_worker[1] wq: tx to master: info tasks_running 0
2019/11/26 14:06:42.05 work_queue_worker[1] wq: tx to master: end
2019/11/26 14:06:42.06 work_queue_worker[1] wq: rx from master: put file-0-c542de4a90195893e9d865e54f0520dc-ref.fasta.81 1055000 0644 1
2019/11/26 14:06:42.06 work_queue_worker[1] wq: Putting file file-0-c542de4a90195893e9d865e54f0520dc-ref.fasta.81 into workspace
2019/11/26 14:06:42.06 work_queue_worker[1] wq: Dir /cache already exists in cache
2019/11/26 14:06:42.06 work_queue_worker[1] wq: ****BRUNO***** cp BARRA: -> cp ./cache/file-0-c542de4a90195893e9d865e54f0520dc-ref.fasta.81 /cache.
2019/11/26 14:06:42.07 work_queue_worker[1] wq: rx from master: task 31
2019/11/26 14:06:42.07 work_queue_worker[1] wq: rx from master: cmd 76
2019/11/26 14:06:42.07 work_queue_worker[1] wq: rx from master: python Create_Corrected_AllLRReads.py ref.fasta.81 corr.out 2> create.err.81
2019/11/26 14:06:42.07 work_queue_worker[1] wq: rx from master: category default
2019/11/26 14:06:42.07 work_queue_worker[1] wq: rx from master: cores 1
2019/11/26 14:06:42.07 work_queue_worker[1] wq: rx from master: memory 11908
2019/11/26 14:06:42.07 work_queue_worker[1] wq: rx from master: disk 1595
2019/11/26 14:06:42.07 work_queue_worker[1] wq: rx from master: gpus 0
2019/11/26 14:06:42.07 work_queue_worker[1] wq: rx from master: end_time 18446744073709551615
2019/11/26 14:06:42.07 work_queue_worker[1] wq: rx from master: wall_time 18446744073709551615
2019/11/26 14:06:42.07 work_queue_worker[1] wq: rx from master: env 7
2019/11/26 14:06:42.07 work_queue_worker[1] wq: rx from master: env 17
2019/11/26 14:06:42.07 work_queue_worker[1] wq: rx from master: infile file-0-048045060f61089a83cce204e6b8f151-corr.out corr.out 1
2019/11/26 14:06:42.07 work_queue_worker[1] wq: rx from master: infile file-0-c542de4a90195893e9d865e54f0520dc-ref.fasta.81 ref.fasta.81 1
2019/11/26 14:06:42.07 work_queue_worker[1] wq: rx from master: infile file-0-ddd728dc31a49bcd4cacae5676b4e7f7-Create_Corrected_AllLRReads.py Create_Corrected_AllLRReads.py 1
2019/11/26 14:06:42.07 work_queue_worker[1] wq: rx from master: outfile file-0-3a65866ae395c17feae996f656a18c60-create.err.81 create.err.81 1
2019/11/26 14:06:42.07 work_queue_worker[1] wq: rx from master: outfile file-0-95827d40d05f843359ae91711f969fe0-Corrected_ref.fasta.81 Corrected_ref.fasta.81 1
2019/11/26 14:06:42.07 work_queue_worker[1] wq: rx from master: end
2019/11/26 14:06:42.07 work_queue_worker[1] wq: tx to master: info cached_files file-0-bf3115c82377a77ae1e2edeca44e5a86-ref.fasta.83
2019/11/26 14:06:42.07 work_queue_worker[1] wq: tx to master: info cached_files file-0-47088b0540b60ccb8751dc65660d6bab-ref.fasta.85
2019/11/26 14:06:42.07 work_queue_worker[1] wq: tx to master: info cached_files file-0-0200ff9e3f5dbb460563f55171b67d14-ref.fasta.87
2019/11/26 14:06:42.07 work_queue_worker[1] wq: tx to master: info cached_files file-0-d804d5ca9c60ae1de1c5a8ef6852f76c-ref.fasta.82
2019/11/26 14:06:42.07 work_queue_worker[1] wq: tx to master: info cached_files file-0-66a7c2298b067a1446520d30478331eb-ref.fasta.88
2019/11/26 14:06:42.07 work_queue_worker[1] wq: tx to master: info cached_files file-0-c542de4a90195893e9d865e54f0520dc-ref.fasta.81
2019/11/26 14:06:42.07 work_queue_worker[1] wq: tx to master: info cached_files file-0-043cd4a4ebc802faba77138ff12bc49b-ref.fasta.86
2019/11/26 14:06:42.07 work_queue_worker[1] wq: tx to master: info cached_files file-0-9d36663bc9ba2664f9d818064c36dc63-ref.fasta.84
2019/11/26 14:06:42.09 work_queue_worker[1] wq: linking cache/file-0-048045060f61089a83cce204e6b8f151-corr.out to /tmp/worker-0-1/t.31/corr.out
2019/11/26 14:06:42.09 work_queue_worker[1] wq: linking cache/file-0-c542de4a90195893e9d865e54f0520dc-ref.fasta.81 to /tmp/worker-0-1/t.31/ref.fasta.81
2019/11/26 14:06:42.09 work_queue_worker[1] wq: linking cache/file-0-ddd728dc31a49bcd4cacae5676b4e7f7-Create_Corrected_AllLRReads.py to /tmp/worker-0-1/t.31/Create_Corrected_AllLRReads.py
2019/11/26 14:06:42.09 work_queue_worker[1] wq: started process 39: python Create_Corrected_AllLRReads.py ref.fasta.81 corr.out 2> create.err.81
2019/11/26 14:06:42.09 work_queue_worker[1] wq: tx to master: info tasks_running 1
2019/11/26 14:06:42.15 work_queue_worker[1] wq: task 31 (pid 39) exited normally with exit code 0
2019/11/26 14:06:42.15 work_queue_worker[1] wq: moving output file from /tmp/worker-0-1/t.31/create.err.81 to cache/file-0-3a65866ae395c17feae996f656a18c60-create.err.81
2019/11/26 14:06:42.15 work_queue_worker[1] wq: moving output file from /tmp/worker-0-1/t.31/Corrected_ref.fasta.81 to cache/file-0-95827d40d05f843359ae91711f969fe0-Corrected_ref.fasta.81
2019/11/26 14:06:42.15 work_queue_worker[1] wq: tx to master: available_results
2019/11/26 14:06:42.16 work_queue_worker[1] wq: rx from master: send_results -1
2019/11/26 14:06:42.16 work_queue_worker[1] wq: tx to master: result 0 0 0 68575 31
2019/11/26 14:06:42.16 work_queue_worker[1] wq: tx to master: info tasks_running 0
2019/11/26 14:06:42.16 work_queue_worker[1] wq: tx to master: end
2019/11/26 14:06:42.16 work_queue_worker[1] wq: rx from master: get file-0-3a65866ae395c17feae996f656a18c60-create.err.81 1
2019/11/26 14:06:42.16 work_queue_worker[1] wq: tx to master: file file-0-3a65866ae395c17feae996f656a18c60-create.err.81 0
2019/11/26 14:06:42.16 work_queue_worker[1] wq: tx to master: end
2019/11/26 14:06:42.16 work_queue_worker[1] wq: rx from master: get file-0-95827d40d05f843359ae91711f969fe0-Corrected_ref.fasta.81 1
2019/11/26 14:06:42.16 work_queue_worker[1] wq: tx to master: file file-0-95827d40d05f843359ae91711f969fe0-Corrected_ref.fasta.81 1055000
2019/11/26 14:06:42.16 work_queue_worker[1] wq: tx to master: end
2019/11/26 14:06:42.16 work_queue_worker[1] wq: rx from master: kill 31
2019/11/26 14:06:42.16 work_queue_worker[1] wq: ---- DELETING: /tmp/worker-0-1/t.31
2019/11/26 14:06:42.16 work_queue_worker[1] wq: rx from master: put file-0-a2792d718b5c0288a5eb7fae4c2221f6-ref.fasta.74 1055000 0644 1
2019/11/26 14:06:42.16 work_queue_worker[1] wq: Putting file file-0-a2792d718b5c0288a5eb7fae4c2221f6-ref.fasta.74 into workspace
2019/11/26 14:06:42.16 work_queue_worker[1] wq: Dir /cache already exists in cache
2019/11/26 14:06:42.17 work_queue_worker[1] wq: ****BRUNO***** cp BARRA: -> cp ./cache/file-0-a2792d718b5c0288a5eb7fae4c2221f6-ref.fasta.74 /cache.
2019/11/26 14:06:42.17 work_queue_worker[1] wq: rx from master: task 38
2019/11/26 14:06:42.17 work_queue_worker[1] wq: rx from master: cmd 76
2019/11/26 14:06:42.17 work_queue_worker[1] wq: rx from master: python Create_Corrected_AllLRReads.py ref.fasta.74 corr.out 2> create.err.74
2019/11/26 14:06:42.17 work_queue_worker[1] wq: rx from master: category default
2019/11/26 14:06:42.17 work_queue_worker[1] wq: rx from master: cores 1
2019/11/26 14:06:42.17 work_queue_worker[1] wq: rx from master: memory 11908
2019/11/26 14:06:42.17 work_queue_worker[1] wq: rx from master: disk 1595
2019/11/26 14:06:42.17 work_queue_worker[1] wq: rx from master: gpus 0
2019/11/26 14:06:42.17 work_queue_worker[1] wq: rx from master: end_time 18446744073709551615
2019/11/26 14:06:42.17 work_queue_worker[1] wq: rx from master: wall_time 18446744073709551615
2019/11/26 14:06:42.17 work_queue_worker[1] wq: rx from master: env 7
2019/11/26 14:06:42.17 work_queue_worker[1] wq: rx from master: env 17
2019/11/26 14:06:42.17 work_queue_worker[1] wq: rx from master: infile file-0-048045060f61089a83cce204e6b8f151-corr.out corr.out 1
2019/11/26 14:06:42.17 work_queue_worker[1] wq: rx from master: infile file-0-a2792d718b5c0288a5eb7fae4c2221f6-ref.fasta.74 ref.fasta.74 1
2019/11/26 14:06:42.17 work_queue_worker[1] wq: rx from master: infile file-0-ddd728dc31a49bcd4cacae5676b4e7f7-Create_Corrected_AllLRReads.py Create_Corrected_AllLRReads.py 1
2019/11/26 14:06:42.17 work_queue_worker[1] wq: rx from master: outfile file-0-7a8a7c9491d1c674d7b09c560d37a9ce-create.err.74 create.err.74 1
2019/11/26 14:06:42.17 work_queue_worker[1] wq: rx from master: outfile file-0-41ab91e0e1109e895533e76adbc6059e-Corrected_ref.fasta.74 Corrected_ref.fasta.74 1
2019/11/26 14:06:42.17 work_queue_worker[1] wq: rx from master: end
2019/11/26 14:06:42.17 work_queue_worker[1] wq: tx to master: info cached_files file-0-42b180f996a16a7c4f6c17fd385de074-ref.fasta.77
2019/11/26 14:06:42.17 work_queue_worker[1] wq: tx to master: info cached_files file-0-7ab30a43881e8e0cd0a3ea551fefd6f9-ref.fasta.78
2019/11/26 14:06:42.17 work_queue_worker[1] wq: tx to master: info cached_files file-0-1105f050d3b758ee27606aa952a93a39-ref.fasta.79
2019/11/26 14:06:42.17 work_queue_worker[1] wq: tx to master: info cached_files file-0-dc3757db948407bd7c6cc58ee6b04c2b-ref.fasta.75
2019/11/26 14:06:42.17 work_queue_worker[1] wq: tx to master: info cached_files file-0-a2792d718b5c0288a5eb7fae4c2221f6-ref.fasta.74
2019/11/26 14:06:42.17 work_queue_worker[1] wq: tx to master: info cached_files file-0-ef3a6351196ab7a7f4d4e6aae1e0dab6-ref.fasta.80
2019/11/26 14:06:42.17 work_queue_worker[1] wq: tx to master: info cached_files file-0-ebb823aa7f8ca0bee255225c31ab00f1-ref.fasta.76
2019/11/26 14:06:42.17 work_queue_worker[1] wq: linking cache/file-0-048045060f61089a83cce204e6b8f151-corr.out to /tmp/worker-0-1/t.38/corr.out
2019/11/26 14:06:42.17 work_queue_worker[1] wq: linking cache/file-0-a2792d718b5c0288a5eb7fae4c2221f6-ref.fasta.74 to /tmp/worker-0-1/t.38/ref.fasta.74
2019/11/26 14:06:42.17 work_queue_worker[1] wq: linking cache/file-0-ddd728dc31a49bcd4cacae5676b4e7f7-Create_Corrected_AllLRReads.py to /tmp/worker-0-1/t.38/Create_Corrected_AllLRReads.py
2019/11/26 14:06:42.17 work_queue_worker[1] wq: started process 45: python Create_Corrected_AllLRReads.py ref.fasta.74 corr.out 2> create.err.74
2019/11/26 14:06:42.17 work_queue_worker[1] wq: tx to master: info tasks_running 1
2019/11/26 14:06:42.24 work_queue_worker[1] wq: task 38 (pid 45) exited normally with exit code 0
2019/11/26 14:06:42.24 work_queue_worker[1] wq: moving output file from /tmp/worker-0-1/t.38/create.err.74 to cache/file-0-7a8a7c9491d1c674d7b09c560d37a9ce-create.err.74
2019/11/26 14:06:42.24 work_queue_worker[1] wq: moving output file from /tmp/worker-0-1/t.38/Corrected_ref.fasta.74 to cache/file-0-41ab91e0e1109e895533e76adbc6059e-Corrected_ref.fasta.74
2019/11/26 14:06:42.24 work_queue_worker[1] wq: tx to master: available_results
2019/11/26 14:06:42.24 work_queue_worker[1] wq: rx from master: send_results -1
2019/11/26 14:06:42.24 work_queue_worker[1] wq: tx to master: result 0 0 0 68029 38
2019/11/26 14:06:42.24 work_queue_worker[1] wq: tx to master: info tasks_running 0
2019/11/26 14:06:42.24 work_queue_worker[1] wq: tx to master: end
2019/11/26 14:06:42.25 work_queue_worker[1] wq: rx from master: get file-0-7a8a7c9491d1c674d7b09c560d37a9ce-create.err.74 1
2019/11/26 14:06:42.25 work_queue_worker[1] wq: tx to master: file file-0-7a8a7c9491d1c674d7b09c560d37a9ce-create.err.74 0
2019/11/26 14:06:42.25 work_queue_worker[1] wq: tx to master: end
2019/11/26 14:06:42.25 work_queue_worker[1] wq: rx from master: get file-0-41ab91e0e1109e895533e76adbc6059e-Corrected_ref.fasta.74 1
2019/11/26 14:06:42.25 work_queue_worker[1] wq: tx to master: file file-0-41ab91e0e1109e895533e76adbc6059e-Corrected_ref.fasta.74 1055000
2019/11/26 14:06:42.25 work_queue_worker[1] wq: tx to master: end
2019/11/26 14:06:42.25 work_queue_worker[1] wq: rx from master: kill 38
2019/11/26 14:06:42.25 work_queue_worker[1] wq: ---- DELETING: /tmp/worker-0-1/t.38
2019/11/26 14:06:42.25 work_queue_worker[1] wq: rx from master: put file-0-bc1ca4a7d217f08f6cfed4b9fc896252-ref.fasta.67 1055000 0644 1
2019/11/26 14:06:42.25 work_queue_worker[1] wq: Putting file file-0-bc1ca4a7d217f08f6cfed4b9fc896252-ref.fasta.67 into workspace
2019/11/26 14:06:42.25 work_queue_worker[1] wq: Dir /cache already exists in cache
2019/11/26 14:06:42.25 work_queue_worker[1] wq: ****BRUNO***** cp BARRA: -> cp ./cache/file-0-bc1ca4a7d217f08f6cfed4b9fc896252-ref.fasta.67 /cache.
2019/11/26 14:06:42.26 work_queue_worker[1] wq: rx from master: task 45
2019/11/26 14:06:42.26 work_queue_worker[1] wq: rx from master: cmd 76
2019/11/26 14:06:42.26 work_queue_worker[1] wq: rx from master: python Create_Corrected_AllLRReads.py ref.fasta.67 corr.out 2> create.err.67
2019/11/26 14:06:42.26 work_queue_worker[1] wq: rx from master: category default
2019/11/26 14:06:42.26 work_queue_worker[1] wq: rx from master: cores 1
2019/11/26 14:06:42.26 work_queue_worker[1] wq: rx from master: memory 11908
2019/11/26 14:06:42.26 work_queue_worker[1] wq: rx from master: disk 1595
2019/11/26 14:06:42.26 work_queue_worker[1] wq: rx from master: gpus 0
2019/11/26 14:06:42.26 work_queue_worker[1] wq: rx from master: end_time 18446744073709551615
2019/11/26 14:06:42.26 work_queue_worker[1] wq: rx from master: wall_time 18446744073709551615
2019/11/26 14:06:42.26 work_queue_worker[1] wq: rx from master: env 7
2019/11/26 14:06:42.26 work_queue_worker[1] wq: rx from master: env 17
2019/11/26 14:06:42.26 work_queue_worker[1] wq: rx from master: infile file-0-048045060f61089a83cce204e6b8f151-corr.out corr.out 1
2019/11/26 14:06:42.26 work_queue_worker[1] wq: rx from master: infile file-0-bc1ca4a7d217f08f6cfed4b9fc896252-ref.fasta.67 ref.fasta.67 1
2019/11/26 14:06:42.26 work_queue_worker[1] wq: rx from master: infile file-0-ddd728dc31a49bcd4cacae5676b4e7f7-Create_Corrected_AllLRReads.py Create_Corrected_AllLRReads.py 1
2019/11/26 14:06:42.26 work_queue_worker[1] wq: rx from master: outfile file-0-4ba12b8ace67fcd816192a3a0ab4ab71-create.err.67 create.err.67 1
2019/11/26 14:06:42.26 work_queue_worker[1] wq: rx from master: outfile file-0-08caa705e78be4c10e0d8b165e57493f-Corrected_ref.fasta.67 Corrected_ref.fasta.67 1
2019/11/26 14:06:42.26 work_queue_worker[1] wq: rx from master: end
2019/11/26 14:06:42.26 work_queue_worker[1] wq: tx to master: info cached_files file-0-d09d93464f183fb37458ff5a8a8a5612-ref.fasta.69
2019/11/26 14:06:42.26 work_queue_worker[1] wq: tx to master: info cached_files file-0-1b98e087a46ce99a2ffa4a9045e00f1c-ref.fasta.71
2019/11/26 14:06:42.26 work_queue_worker[1] wq: tx to master: info cached_files file-0-a1b07747a9a300e5e67fd64459349a47-ref.fasta.72
2019/11/26 14:06:42.26 work_queue_worker[1] wq: tx to master: info cached_files file-0-bc1ca4a7d217f08f6cfed4b9fc896252-ref.fasta.67
2019/11/26 14:06:42.26 work_queue_worker[1] wq: tx to master: info cached_files file-0-25a16fc2d472252b5fba2a0fe26d77ad-ref.fasta.73
2019/11/26 14:06:42.26 work_queue_worker[1] wq: tx to master: info cached_files file-0-ff77226fd2575eaf6d2aa2e8aded26af-ref.fasta.68
2019/11/26 14:06:42.26 work_queue_worker[1] wq: tx to master: info cached_files file-0-abeb2727ca9c4091778edaeb15a7c5b1-ref.fasta.70
2019/11/26 14:06:42.26 work_queue_worker[1] wq: linking cache/file-0-048045060f61089a83cce204e6b8f151-corr.out to /tmp/worker-0-1/t.45/corr.out
2019/11/26 14:06:42.26 work_queue_worker[1] wq: linking cache/file-0-bc1ca4a7d217f08f6cfed4b9fc896252-ref.fasta.67 to /tmp/worker-0-1/t.45/ref.fasta.67
2019/11/26 14:06:42.26 work_queue_worker[1] wq: linking cache/file-0-ddd728dc31a49bcd4cacae5676b4e7f7-Create_Corrected_AllLRReads.py to /tmp/worker-0-1/t.45/Create_Corrected_AllLRReads.py
2019/11/26 14:06:42.26 work_queue_worker[1] wq: started process 51: python Create_Corrected_AllLRReads.py ref.fasta.67 corr.out 2> create.err.67
2019/11/26 14:06:42.26 work_queue_worker[1] wq: tx to master: info tasks_running 1
2019/11/26 14:06:42.32 work_queue_worker[1] wq: task 45 (pid 51) exited normally with exit code 0
2019/11/26 14:06:42.32 work_queue_worker[1] wq: moving output file from /tmp/worker-0-1/t.45/create.err.67 to cache/file-0-4ba12b8ace67fcd816192a3a0ab4ab71-create.err.67
2019/11/26 14:06:42.32 work_queue_worker[1] wq: moving output file from /tmp/worker-0-1/t.45/Corrected_ref.fasta.67 to cache/file-0-08caa705e78be4c10e0d8b165e57493f-Corrected_ref.fasta.67
2019/11/26 14:06:42.32 work_queue_worker[1] wq: tx to master: available_results
2019/11/26 14:06:42.33 work_queue_worker[1] wq: rx from master: send_results -1
2019/11/26 14:06:42.33 work_queue_worker[1] wq: tx to master: result 0 0 0 60066 45
2019/11/26 14:06:42.33 work_queue_worker[1] wq: tx to master: info tasks_running 0
2019/11/26 14:06:42.33 work_queue_worker[1] wq: tx to master: end
2019/11/26 14:06:42.33 work_queue_worker[1] wq: rx from master: get file-0-4ba12b8ace67fcd816192a3a0ab4ab71-create.err.67 1
2019/11/26 14:06:42.33 work_queue_worker[1] wq: tx to master: file file-0-4ba12b8ace67fcd816192a3a0ab4ab71-create.err.67 0
2019/11/26 14:06:42.33 work_queue_worker[1] wq: tx to master: end
2019/11/26 14:06:42.33 work_queue_worker[1] wq: rx from master: get file-0-08caa705e78be4c10e0d8b165e57493f-Corrected_ref.fasta.67 1
2019/11/26 14:06:42.33 work_queue_worker[1] wq: tx to master: file file-0-08caa705e78be4c10e0d8b165e57493f-Corrected_ref.fasta.67 1055000
2019/11/26 14:06:42.33 work_queue_worker[1] wq: tx to master: end
2019/11/26 14:06:42.33 work_queue_worker[1] wq: rx from master: kill 45
2019/11/26 14:06:42.33 work_queue_worker[1] wq: ---- DELETING: /tmp/worker-0-1/t.45
2019/11/26 14:06:42.33 work_queue_worker[1] wq: rx from master: put file-0-fa8b6c281c62434419601a5ed8923e8a-ref.fasta.61 1055000 0644 1
2019/11/26 14:06:42.33 work_queue_worker[1] wq: Putting file file-0-fa8b6c281c62434419601a5ed8923e8a-ref.fasta.61 into workspace
2019/11/26 14:06:42.33 work_queue_worker[1] wq: Dir /cache already exists in cache
2019/11/26 14:06:42.33 work_queue_worker[1] wq: ****BRUNO***** cp BARRA: -> cp ./cache/file-0-fa8b6c281c62434419601a5ed8923e8a-ref.fasta.61 /cache.
2019/11/26 14:06:42.34 work_queue_worker[1] wq: rx from master: task 51
2019/11/26 14:06:42.34 work_queue_worker[1] wq: rx from master: cmd 76
2019/11/26 14:06:42.34 work_queue_worker[1] wq: rx from master: python Create_Corrected_AllLRReads.py ref.fasta.61 corr.out 2> create.err.61
2019/11/26 14:06:42.34 work_queue_worker[1] wq: rx from master: category default
2019/11/26 14:06:42.34 work_queue_worker[1] wq: rx from master: cores 1
2019/11/26 14:06:42.34 work_queue_worker[1] wq: rx from master: memory 11908
2019/11/26 14:06:42.34 work_queue_worker[1] wq: rx from master: disk 1595
2019/11/26 14:06:42.34 work_queue_worker[1] wq: rx from master: gpus 0
2019/11/26 14:06:42.34 work_queue_worker[1] wq: rx from master: end_time 18446744073709551615
2019/11/26 14:06:42.34 work_queue_worker[1] wq: rx from master: wall_time 18446744073709551615
2019/11/26 14:06:42.34 work_queue_worker[1] wq: rx from master: env 7
2019/11/26 14:06:42.34 work_queue_worker[1] wq: rx from master: env 17
2019/11/26 14:06:42.34 work_queue_worker[1] wq: rx from master: infile file-0-048045060f61089a83cce204e6b8f151-corr.out corr.out 1
2019/11/26 14:06:42.34 work_queue_worker[1] wq: rx from master: infile file-0-fa8b6c281c62434419601a5ed8923e8a-ref.fasta.61 ref.fasta.61 1
2019/11/26 14:06:42.34 work_queue_worker[1] wq: rx from master: infile file-0-ddd728dc31a49bcd4cacae5676b4e7f7-Create_Corrected_AllLRReads.py Create_Corrected_AllLRReads.py 1
2019/11/26 14:06:42.34 work_queue_worker[1] wq: rx from master: outfile file-0-2008ade7ba772b3bf80ad4fb3b614f8d-create.err.61 create.err.61 1
2019/11/26 14:06:42.34 work_queue_worker[1] wq: rx from master: outfile file-0-f835db0f76d2356b4ad7b54896be17c1-Corrected_ref.fasta.61 Corrected_ref.fasta.61 1
2019/11/26 14:06:42.34 work_queue_worker[1] wq: rx from master: end
2019/11/26 14:06:42.34 work_queue_worker[1] wq: tx to master: info cached_files file-0-fa8b6c281c62434419601a5ed8923e8a-ref.fasta.61
2019/11/26 14:06:42.34 work_queue_worker[1] wq: tx to master: info cached_files file-0-9ae624b2bed16864dec7d9179e0d8396-ref.fasta.63
2019/11/26 14:06:42.34 work_queue_worker[1] wq: tx to master: info cached_files file-0-b8b2cf1b96c384c3e1a11a8277300acb-ref.fasta.65
2019/11/26 14:06:42.34 work_queue_worker[1] wq: tx to master: info cached_files file-0-7c6b6de8591e484b855e5d604b284b7f-ref.fasta.62
2019/11/26 14:06:42.34 work_queue_worker[1] wq: tx to master: info cached_files file-0-79217875622aebfd0d7107090a612981-ref.fasta.66
2019/11/26 14:06:42.34 work_queue_worker[1] wq: tx to master: info cached_files file-0-6d9af94acc6e511419d1c4d938cdce58-ref.fasta.64
2019/11/26 14:06:42.35 work_queue_worker[1] wq: linking cache/file-0-048045060f61089a83cce204e6b8f151-corr.out to /tmp/worker-0-1/t.51/corr.out
2019/11/26 14:06:42.35 work_queue_worker[1] wq: linking cache/file-0-fa8b6c281c62434419601a5ed8923e8a-ref.fasta.61 to /tmp/worker-0-1/t.51/ref.fasta.61
2019/11/26 14:06:42.35 work_queue_worker[1] wq: linking cache/file-0-ddd728dc31a49bcd4cacae5676b4e7f7-Create_Corrected_AllLRReads.py to /tmp/worker-0-1/t.51/Create_Corrected_AllLRReads.py
2019/11/26 14:06:42.35 work_queue_worker[1] wq: started process 57: python Create_Corrected_AllLRReads.py ref.fasta.61 corr.out 2> create.err.61
2019/11/26 14:06:42.35 work_queue_worker[1] wq: tx to master: info tasks_running 1
2019/11/26 14:06:42.41 work_queue_worker[1] wq: task 51 (pid 57) exited normally with exit code 0
2019/11/26 14:06:42.41 work_queue_worker[1] wq: moving output file from /tmp/worker-0-1/t.51/create.err.61 to cache/file-0-2008ade7ba772b3bf80ad4fb3b614f8d-create.err.61
2019/11/26 14:06:42.41 work_queue_worker[1] wq: moving output file from /tmp/worker-0-1/t.51/Corrected_ref.fasta.61 to cache/file-0-f835db0f76d2356b4ad7b54896be17c1-Corrected_ref.fasta.61
2019/11/26 14:06:42.41 work_queue_worker[1] wq: tx to master: available_results
2019/11/26 14:06:42.49 work_queue_worker[1] wq: rx from master: send_results -1
2019/11/26 14:06:42.49 work_queue_worker[1] wq: tx to master: result 0 0 0 63680 51
2019/11/26 14:06:42.49 work_queue_worker[1] wq: tx to master: info tasks_running 0
2019/11/26 14:06:42.49 work_queue_worker[1] wq: tx to master: end
2019/11/26 14:06:42.79 work_queue_worker[1] wq: rx from master: get file-0-2008ade7ba772b3bf80ad4fb3b614f8d-create.err.61 1
2019/11/26 14:06:42.79 work_queue_worker[1] wq: tx to master: file file-0-2008ade7ba772b3bf80ad4fb3b614f8d-create.err.61 0
2019/11/26 14:06:42.79 work_queue_worker[1] wq: tx to master: end
2019/11/26 14:06:42.79 work_queue_worker[1] wq: rx from master: get file-0-f835db0f76d2356b4ad7b54896be17c1-Corrected_ref.fasta.61 1
2019/11/26 14:06:42.79 work_queue_worker[1] wq: tx to master: file file-0-f835db0f76d2356b4ad7b54896be17c1-Corrected_ref.fasta.61 1055000
2019/11/26 14:06:42.79 work_queue_worker[1] wq: tx to master: end
2019/11/26 14:06:42.79 work_queue_worker[1] wq: rx from master: kill 51
2019/11/26 14:06:42.79 work_queue_worker[1] wq: ---- DELETING: /tmp/worker-0-1/t.51
2019/11/26 14:06:42.80 work_queue_worker[1] wq: rx from master: put file-0-1e1985547bd185ddfff8586fb564cf05-ref.fasta.56 1055000 0644 1
2019/11/26 14:06:42.80 work_queue_worker[1] wq: Putting file file-0-1e1985547bd185ddfff8586fb564cf05-ref.fasta.56 into workspace
2019/11/26 14:06:42.80 work_queue_worker[1] wq: Dir /cache already exists in cache
2019/11/26 14:06:42.81 work_queue_worker[1] wq: ****BRUNO***** cp BARRA: -> cp ./cache/file-0-1e1985547bd185ddfff8586fb564cf05-ref.fasta.56 /cache.
2019/11/26 14:06:42.81 work_queue_worker[1] wq: rx from master: task 56
2019/11/26 14:06:42.81 work_queue_worker[1] wq: rx from master: cmd 76
2019/11/26 14:06:42.81 work_queue_worker[1] wq: rx from master: python Create_Corrected_AllLRReads.py ref.fasta.56 corr.out 2> create.err.56
2019/11/26 14:06:42.81 work_queue_worker[1] wq: rx from master: category default
2019/11/26 14:06:42.81 work_queue_worker[1] wq: rx from master: cores 1
2019/11/26 14:06:42.81 work_queue_worker[1] wq: rx from master: memory 11908
2019/11/26 14:06:42.81 work_queue_worker[1] wq: rx from master: disk 1595
2019/11/26 14:06:42.81 work_queue_worker[1] wq: rx from master: gpus 0
2019/11/26 14:06:42.81 work_queue_worker[1] wq: rx from master: end_time 18446744073709551615
2019/11/26 14:06:42.81 work_queue_worker[1] wq: rx from master: wall_time 18446744073709551615
2019/11/26 14:06:42.81 work_queue_worker[1] wq: rx from master: env 7
2019/11/26 14:06:42.81 work_queue_worker[1] wq: rx from master: env 17
2019/11/26 14:06:42.81 work_queue_worker[1] wq: rx from master: infile file-0-048045060f61089a83cce204e6b8f151-corr.out corr.out 1
2019/11/26 14:06:42.81 work_queue_worker[1] wq: rx from master: infile file-0-1e1985547bd185ddfff8586fb564cf05-ref.fasta.56 ref.fasta.56 1
2019/11/26 14:06:42.81 work_queue_worker[1] wq: rx from master: infile file-0-ddd728dc31a49bcd4cacae5676b4e7f7-Create_Corrected_AllLRReads.py Create_Corrected_AllLRReads.py 1
2019/11/26 14:06:42.81 work_queue_worker[1] wq: rx from master: outfile file-0-2763f8f49e1ae01e3ede559411af304c-create.err.56 create.err.56 1
2019/11/26 14:06:42.81 work_queue_worker[1] wq: rx from master: outfile file-0-eb0ca895c55cc6459981c63a947fba9c-Corrected_ref.fasta.56 Corrected_ref.fasta.56 1
2019/11/26 14:06:42.81 work_queue_worker[1] wq: rx from master: end
2019/11/26 14:06:42.81 work_queue_worker[1] wq: tx to master: info cached_files file-0-5dddaa02cda0278338ee1a9573d0d495-ref.fasta.58
2019/11/26 14:06:42.81 work_queue_worker[1] wq: tx to master: info cached_files file-0-d913049a4d72780e4307add72738d102-ref.fasta.60
2019/11/26 14:06:42.81 work_queue_worker[1] wq: tx to master: info cached_files file-0-1e1985547bd185ddfff8586fb564cf05-ref.fasta.56
2019/11/26 14:06:42.81 work_queue_worker[1] wq: tx to master: info cached_files file-0-ae4adfb40ce7d4699009d08e52d5a7fb-ref.fasta.59
2019/11/26 14:06:42.81 work_queue_worker[1] wq: tx to master: info cached_files file-0-a63627e608d364336fb0c9b853994cba-ref.fasta.57
2019/11/26 14:06:42.82 work_queue_worker[1] wq: linking cache/file-0-048045060f61089a83cce204e6b8f151-corr.out to /tmp/worker-0-1/t.56/corr.out
2019/11/26 14:06:42.82 work_queue_worker[1] wq: linking cache/file-0-1e1985547bd185ddfff8586fb564cf05-ref.fasta.56 to /tmp/worker-0-1/t.56/ref.fasta.56
2019/11/26 14:06:42.82 work_queue_worker[1] wq: linking cache/file-0-ddd728dc31a49bcd4cacae5676b4e7f7-Create_Corrected_AllLRReads.py to /tmp/worker-0-1/t.56/Create_Corrected_AllLRReads.py
2019/11/26 14:06:42.82 work_queue_worker[1] wq: started process 63: python Create_Corrected_AllLRReads.py ref.fasta.56 corr.out 2> create.err.56
2019/11/26 14:06:42.82 work_queue_worker[1] wq: tx to master: info tasks_running 1
2019/11/26 14:06:42.88 work_queue_worker[1] wq: task 56 (pid 63) exited normally with exit code 0
2019/11/26 14:06:42.88 work_queue_worker[1] wq: moving output file from /tmp/worker-0-1/t.56/create.err.56 to cache/file-0-2763f8f49e1ae01e3ede559411af304c-create.err.56
2019/11/26 14:06:42.88 work_queue_worker[1] wq: moving output file from /tmp/worker-0-1/t.56/Corrected_ref.fasta.56 to cache/file-0-eb0ca895c55cc6459981c63a947fba9c-Corrected_ref.fasta.56
2019/11/26 14:06:42.88 work_queue_worker[1] wq: tx to master: available_results
2019/11/26 14:06:42.88 work_queue_worker[1] wq: rx from master: send_results -1
2019/11/26 14:06:42.88 work_queue_worker[1] wq: tx to master: result 0 0 0 64200 56
2019/11/26 14:06:42.88 work_queue_worker[1] wq: tx to master: info tasks_running 0
2019/11/26 14:06:42.88 work_queue_worker[1] wq: tx to master: end
2019/11/26 14:06:42.89 work_queue_worker[1] wq: rx from master: get file-0-2763f8f49e1ae01e3ede559411af304c-create.err.56 1
2019/11/26 14:06:42.89 work_queue_worker[1] wq: tx to master: file file-0-2763f8f49e1ae01e3ede559411af304c-create.err.56 0
2019/11/26 14:06:42.89 work_queue_worker[1] wq: tx to master: end
2019/11/26 14:06:42.89 work_queue_worker[1] wq: rx from master: get file-0-eb0ca895c55cc6459981c63a947fba9c-Corrected_ref.fasta.56 1
2019/11/26 14:06:42.89 work_queue_worker[1] wq: tx to master: file file-0-eb0ca895c55cc6459981c63a947fba9c-Corrected_ref.fasta.56 1055000
2019/11/26 14:06:42.89 work_queue_worker[1] wq: tx to master: end
2019/11/26 14:06:42.89 work_queue_worker[1] wq: rx from master: kill 56
2019/11/26 14:06:42.89 work_queue_worker[1] wq: ---- DELETING: /tmp/worker-0-1/t.56
2019/11/26 14:06:42.89 work_queue_worker[1] wq: rx from master: put file-0-41edea45872db3a945653c38e454ef81-ref.fasta.45 1055000 0644 1
2019/11/26 14:06:42.89 work_queue_worker[1] wq: Putting file file-0-41edea45872db3a945653c38e454ef81-ref.fasta.45 into workspace
2019/11/26 14:06:42.89 work_queue_worker[1] wq: Dir /cache already exists in cache
2019/11/26 14:06:42.89 work_queue_worker[1] wq: ****BRUNO***** cp BARRA: -> cp ./cache/file-0-41edea45872db3a945653c38e454ef81-ref.fasta.45 /cache.
2019/11/26 14:06:42.90 work_queue_worker[1] wq: rx from master: task 67
2019/11/26 14:06:42.90 work_queue_worker[1] wq: rx from master: cmd 76
2019/11/26 14:06:42.90 work_queue_worker[1] wq: rx from master: python Create_Corrected_AllLRReads.py ref.fasta.45 corr.out 2> create.err.45
2019/11/26 14:06:42.90 work_queue_worker[1] wq: rx from master: category default
2019/11/26 14:06:42.90 work_queue_worker[1] wq: rx from master: cores 1
2019/11/26 14:06:42.90 work_queue_worker[1] wq: rx from master: memory 11908
2019/11/26 14:06:42.90 work_queue_worker[1] wq: rx from master: disk 1595
2019/11/26 14:06:42.90 work_queue_worker[1] wq: rx from master: gpus 0
2019/11/26 14:06:42.90 work_queue_worker[1] wq: rx from master: end_time 18446744073709551615
2019/11/26 14:06:42.90 work_queue_worker[1] wq: rx from master: wall_time 18446744073709551615
2019/11/26 14:06:42.90 work_queue_worker[1] wq: rx from master: env 7
2019/11/26 14:06:42.90 work_queue_worker[1] wq: rx from master: env 17
2019/11/26 14:06:42.90 work_queue_worker[1] wq: rx from master: infile file-0-048045060f61089a83cce204e6b8f151-corr.out corr.out 1
2019/11/26 14:06:42.90 work_queue_worker[1] wq: rx from master: infile file-0-41edea45872db3a945653c38e454ef81-ref.fasta.45 ref.fasta.45 1
2019/11/26 14:06:42.90 work_queue_worker[1] wq: rx from master: infile file-0-ddd728dc31a49bcd4cacae5676b4e7f7-Create_Corrected_AllLRReads.py Create_Corrected_AllLRReads.py 1
2019/11/26 14:06:42.90 work_queue_worker[1] wq: rx from master: outfile file-0-aa97035eca5e6ea0d2c32d6a8ee1e298-create.err.45 create.err.45 1
2019/11/26 14:06:42.90 work_queue_worker[1] wq: rx from master: outfile file-0-fe5175db8f451bb885cfb2453e0ace3d-Corrected_ref.fasta.45 Corrected_ref.fasta.45 1
2019/11/26 14:06:42.90 work_queue_worker[1] wq: rx from master: end
2019/11/26 14:06:42.90 work_queue_worker[1] wq: tx to master: info cached_files file-0-12f74b83f5f1f0924035fede1ab30a10-ref.fasta.55
2019/11/26 14:06:42.90 work_queue_worker[1] wq: tx to master: info cached_files file-0-2bcc686d6c516d8fbae85feb7f639cd2-ref.fasta.46
2019/11/26 14:06:42.90 work_queue_worker[1] wq: tx to master: info cached_files file-0-7ebb87a80850a1ade2cff2ceccf5129c-ref.fasta.51
2019/11/26 14:06:42.90 work_queue_worker[1] wq: tx to master: info cached_files file-0-41edea45872db3a945653c38e454ef81-ref.fasta.45
2019/11/26 14:06:42.90 work_queue_worker[1] wq: tx to master: info cached_files file-0-6b77758e715240c9b679c49306fe2944-ref.fasta.52
2019/11/26 14:06:42.90 work_queue_worker[1] wq: tx to master: info cached_files file-0-5913a6d569285ed628a484e34fd3c8a4-ref.fasta.53
2019/11/26 14:06:42.90 work_queue_worker[1] wq: tx to master: info cached_files file-0-81e4285476e20b70ee543f40aa0fd6bc-ref.fasta.54
2019/11/26 14:06:42.91 work_queue_worker[1] wq: linking cache/file-0-048045060f61089a83cce204e6b8f151-corr.out to /tmp/worker-0-1/t.67/corr.out
2019/11/26 14:06:42.91 work_queue_worker[1] wq: linking cache/file-0-41edea45872db3a945653c38e454ef81-ref.fasta.45 to /tmp/worker-0-1/t.67/ref.fasta.45
2019/11/26 14:06:42.91 work_queue_worker[1] wq: linking cache/file-0-ddd728dc31a49bcd4cacae5676b4e7f7-Create_Corrected_AllLRReads.py to /tmp/worker-0-1/t.67/Create_Corrected_AllLRReads.py
2019/11/26 14:06:42.91 work_queue_worker[1] wq: started process 69: python Create_Corrected_AllLRReads.py ref.fasta.45 corr.out 2> create.err.45
2019/11/26 14:06:42.91 work_queue_worker[1] wq: tx to master: info tasks_running 1
2019/11/26 14:06:42.97 work_queue_worker[1] wq: task 67 (pid 69) exited normally with exit code 0
2019/11/26 14:06:42.97 work_queue_worker[1] wq: moving output file from /tmp/worker-0-1/t.67/create.err.45 to cache/file-0-aa97035eca5e6ea0d2c32d6a8ee1e298-create.err.45
2019/11/26 14:06:42.97 work_queue_worker[1] wq: moving output file from /tmp/worker-0-1/t.67/Corrected_ref.fasta.45 to cache/file-0-fe5175db8f451bb885cfb2453e0ace3d-Corrected_ref.fasta.45
2019/11/26 14:06:42.97 work_queue_worker[1] wq: tx to master: available_results
2019/11/26 14:06:42.97 work_queue_worker[1] wq: rx from master: send_results -1
2019/11/26 14:06:42.97 work_queue_worker[1] wq: tx to master: result 0 0 0 62342 67
2019/11/26 14:06:42.97 work_queue_worker[1] wq: tx to master: info tasks_running 0
2019/11/26 14:06:42.97 work_queue_worker[1] wq: tx to master: end
2019/11/26 14:06:42.97 work_queue_worker[1] wq: rx from master: get file-0-aa97035eca5e6ea0d2c32d6a8ee1e298-create.err.45 1
2019/11/26 14:06:42.97 work_queue_worker[1] wq: tx to master: file file-0-aa97035eca5e6ea0d2c32d6a8ee1e298-create.err.45 0
2019/11/26 14:06:42.97 work_queue_worker[1] wq: tx to master: end
2019/11/26 14:06:42.97 work_queue_worker[1] wq: rx from master: get file-0-fe5175db8f451bb885cfb2453e0ace3d-Corrected_ref.fasta.45 1
2019/11/26 14:06:42.97 work_queue_worker[1] wq: tx to master: file file-0-fe5175db8f451bb885cfb2453e0ace3d-Corrected_ref.fasta.45 1055000
2019/11/26 14:06:42.97 work_queue_worker[1] wq: tx to master: end
2019/11/26 14:06:42.98 work_queue_worker[1] wq: rx from master: kill 67
2019/11/26 14:06:42.98 work_queue_worker[1] wq: ---- DELETING: /tmp/worker-0-1/t.67
2019/11/26 14:06:42.98 work_queue_worker[1] wq: rx from master: put file-0-11086871bd7c5a8d9ef50ddc34652dc4-ref.fasta.38 1055000 0644 1
2019/11/26 14:06:42.98 work_queue_worker[1] wq: Putting file file-0-11086871bd7c5a8d9ef50ddc34652dc4-ref.fasta.38 into workspace
2019/11/26 14:06:42.98 work_queue_worker[1] wq: Dir /cache already exists in cache
2019/11/26 14:06:42.98 work_queue_worker[1] wq: ****BRUNO***** cp BARRA: -> cp ./cache/file-0-11086871bd7c5a8d9ef50ddc34652dc4-ref.fasta.38 /cache.
2019/11/26 14:06:42.99 work_queue_worker[1] wq: rx from master: task 74
2019/11/26 14:06:42.99 work_queue_worker[1] wq: rx from master: cmd 76
2019/11/26 14:06:42.99 work_queue_worker[1] wq: rx from master: python Create_Corrected_AllLRReads.py ref.fasta.38 corr.out 2> create.err.38
2019/11/26 14:06:42.99 work_queue_worker[1] wq: rx from master: category default
2019/11/26 14:06:42.99 work_queue_worker[1] wq: rx from master: cores 1
2019/11/26 14:06:42.99 work_queue_worker[1] wq: rx from master: memory 11908
2019/11/26 14:06:42.99 work_queue_worker[1] wq: rx from master: disk 1595
2019/11/26 14:06:42.99 work_queue_worker[1] wq: rx from master: gpus 0
2019/11/26 14:06:42.99 work_queue_worker[1] wq: rx from master: end_time 18446744073709551615
2019/11/26 14:06:42.99 work_queue_worker[1] wq: rx from master: wall_time 18446744073709551615
2019/11/26 14:06:42.99 work_queue_worker[1] wq: rx from master: env 7
2019/11/26 14:06:42.99 work_queue_worker[1] wq: rx from master: env 17
2019/11/26 14:06:42.99 work_queue_worker[1] wq: rx from master: infile file-0-048045060f61089a83cce204e6b8f151-corr.out corr.out 1
2019/11/26 14:06:42.99 work_queue_worker[1] wq: rx from master: infile file-0-11086871bd7c5a8d9ef50ddc34652dc4-ref.fasta.38 ref.fasta.38 1
2019/11/26 14:06:42.99 work_queue_worker[1] wq: rx from master: infile file-0-ddd728dc31a49bcd4cacae5676b4e7f7-Create_Corrected_AllLRReads.py Create_Corrected_AllLRReads.py 1
2019/11/26 14:06:42.99 work_queue_worker[1] wq: rx from master: outfile file-0-acfa9f58eb709e7f3449374aa00c0ba4-create.err.38 create.err.38 1
2019/11/26 14:06:42.99 work_queue_worker[1] wq: rx from master: outfile file-0-442119aa1d0969ddd883641e4f256b8a-Corrected_ref.fasta.38 Corrected_ref.fasta.38 1
2019/11/26 14:06:42.99 work_queue_worker[1] wq: rx from master: end
2019/11/26 14:06:42.99 work_queue_worker[1] wq: tx to master: info cached_files file-0-84b279ff5d2a74829bc89c2385228568-ref.fasta.41
2019/11/26 14:06:42.99 work_queue_worker[1] wq: tx to master: info cached_files file-0-7509e4cb571ce79ae966eca79dc1dd5d-ref.fasta.43
2019/11/26 14:06:42.99 work_queue_worker[1] wq: tx to master: info cached_files file-0-bf7186ae56998c8a87eced988339f1c6-ref.fasta.42
2019/11/26 14:06:42.99 work_queue_worker[1] wq: tx to master: info cached_files file-0-11086871bd7c5a8d9ef50ddc34652dc4-ref.fasta.38
2019/11/26 14:06:42.99 work_queue_worker[1] wq: tx to master: info cached_files file-0-7649efd0db4ef988da69fb585788a4dd-ref.fasta.39
2019/11/26 14:06:42.99 work_queue_worker[1] wq: tx to master: info cached_files file-0-15ef306221695ea5170bb01e30ba54a8-ref.fasta.40
2019/11/26 14:06:42.99 work_queue_worker[1] wq: tx to master: info cached_files file-0-b08bcaca0d4661ed0eebfe2af92bbce7-ref.fasta.44
2019/11/26 14:06:43.00 work_queue_worker[1] wq: linking cache/file-0-048045060f61089a83cce204e6b8f151-corr.out to /tmp/worker-0-1/t.74/corr.out
2019/11/26 14:06:43.00 work_queue_worker[1] wq: linking cache/file-0-11086871bd7c5a8d9ef50ddc34652dc4-ref.fasta.38 to /tmp/worker-0-1/t.74/ref.fasta.38
2019/11/26 14:06:43.00 work_queue_worker[1] wq: linking cache/file-0-ddd728dc31a49bcd4cacae5676b4e7f7-Create_Corrected_AllLRReads.py to /tmp/worker-0-1/t.74/Create_Corrected_AllLRReads.py
2019/11/26 14:06:43.00 work_queue_worker[1] wq: started process 75: python Create_Corrected_AllLRReads.py ref.fasta.38 corr.out 2> create.err.38
2019/11/26 14:06:43.00 work_queue_worker[1] wq: tx to master: info tasks_running 1
2019/11/26 14:06:43.06 work_queue_worker[1] wq: task 74 (pid 75) exited normally with exit code 0
2019/11/26 14:06:43.06 work_queue_worker[1] wq: moving output file from /tmp/worker-0-1/t.74/create.err.38 to cache/file-0-acfa9f58eb709e7f3449374aa00c0ba4-create.err.38
2019/11/26 14:06:43.06 work_queue_worker[1] wq: moving output file from /tmp/worker-0-1/t.74/Corrected_ref.fasta.38 to cache/file-0-442119aa1d0969ddd883641e4f256b8a-Corrected_ref.fasta.38
2019/11/26 14:06:43.06 work_queue_worker[1] wq: tx to master: available_results
2019/11/26 14:06:43.06 work_queue_worker[1] wq: rx from master: send_results -1
2019/11/26 14:06:43.06 work_queue_worker[1] wq: tx to master: result 0 0 0 60148 74
2019/11/26 14:06:43.06 work_queue_worker[1] wq: tx to master: info tasks_running 0
2019/11/26 14:06:43.06 work_queue_worker[1] wq: tx to master: end
2019/11/26 14:06:43.06 work_queue_worker[1] wq: rx from master: get file-0-acfa9f58eb709e7f3449374aa00c0ba4-create.err.38 1
2019/11/26 14:06:43.06 work_queue_worker[1] wq: tx to master: file file-0-acfa9f58eb709e7f3449374aa00c0ba4-create.err.38 0
2019/11/26 14:06:43.06 work_queue_worker[1] wq: tx to master: end
2019/11/26 14:06:43.06 work_queue_worker[1] wq: rx from master: get file-0-442119aa1d0969ddd883641e4f256b8a-Corrected_ref.fasta.38 1
2019/11/26 14:06:43.06 work_queue_worker[1] wq: tx to master: file file-0-442119aa1d0969ddd883641e4f256b8a-Corrected_ref.fasta.38 1055000
2019/11/26 14:06:43.06 work_queue_worker[1] wq: tx to master: end
2019/11/26 14:06:43.06 work_queue_worker[1] wq: rx from master: kill 74
2019/11/26 14:06:43.06 work_queue_worker[1] wq: ---- DELETING: /tmp/worker-0-1/t.74
2019/11/26 14:06:43.06 work_queue_worker[1] wq: rx from master: put file-0-fba31afdf335011417a3240b50fb5f1d-ref.fasta.31 1055000 0644 1
2019/11/26 14:06:43.06 work_queue_worker[1] wq: Putting file file-0-fba31afdf335011417a3240b50fb5f1d-ref.fasta.31 into workspace
2019/11/26 14:06:43.06 work_queue_worker[1] wq: Dir /cache already exists in cache
2019/11/26 14:06:43.07 work_queue_worker[1] wq: ****BRUNO***** cp BARRA: -> cp ./cache/file-0-fba31afdf335011417a3240b50fb5f1d-ref.fasta.31 /cache.
2019/11/26 14:06:43.07 work_queue_worker[1] wq: rx from master: task 81
2019/11/26 14:06:43.07 work_queue_worker[1] wq: rx from master: cmd 76
2019/11/26 14:06:43.07 work_queue_worker[1] wq: rx from master: python Create_Corrected_AllLRReads.py ref.fasta.31 corr.out 2> create.err.31
2019/11/26 14:06:43.07 work_queue_worker[1] wq: rx from master: category default
2019/11/26 14:06:43.07 work_queue_worker[1] wq: rx from master: cores 1
2019/11/26 14:06:43.07 work_queue_worker[1] wq: rx from master: memory 11908
2019/11/26 14:06:43.07 work_queue_worker[1] wq: rx from master: disk 1595
2019/11/26 14:06:43.07 work_queue_worker[1] wq: rx from master: gpus 0
2019/11/26 14:06:43.07 work_queue_worker[1] wq: rx from master: end_time 18446744073709551615
2019/11/26 14:06:43.07 work_queue_worker[1] wq: rx from master: wall_time 18446744073709551615
2019/11/26 14:06:43.07 work_queue_worker[1] wq: rx from master: env 7
2019/11/26 14:06:43.07 work_queue_worker[1] wq: rx from master: env 17
2019/11/26 14:06:43.07 work_queue_worker[1] wq: rx from master: infile file-0-048045060f61089a83cce204e6b8f151-corr.out corr.out 1
2019/11/26 14:06:43.07 work_queue_worker[1] wq: rx from master: infile file-0-fba31afdf335011417a3240b50fb5f1d-ref.fasta.31 ref.fasta.31 1
2019/11/26 14:06:43.07 work_queue_worker[1] wq: rx from master: infile file-0-ddd728dc31a49bcd4cacae5676b4e7f7-Create_Corrected_AllLRReads.py Create_Corrected_AllLRReads.py 1
2019/11/26 14:06:43.07 work_queue_worker[1] wq: rx from master: outfile file-0-075b0ce873d60f5111c77371b5fbe97d-create.err.31 create.err.31 1
2019/11/26 14:06:43.07 work_queue_worker[1] wq: rx from master: outfile file-0-9016717999b79360cc7c14c9078d694b-Corrected_ref.fasta.31 Corrected_ref.fasta.31 1
2019/11/26 14:06:43.07 work_queue_worker[1] wq: rx from master: end
2019/11/26 14:06:43.07 work_queue_worker[1] wq: tx to master: info cached_files file-0-29436c2005b42ffca723272f188a24f3-ref.fasta.35
2019/11/26 14:06:43.07 work_queue_worker[1] wq: tx to master: info cached_files file-0-c605fc0439959feae0390357f17419b2-ref.fasta.37
2019/11/26 14:06:43.07 work_queue_worker[1] wq: tx to master: info cached_files file-0-2074b572c8323b0fa32c1f74d40e6f33-ref.fasta.32
2019/11/26 14:06:43.07 work_queue_worker[1] wq: tx to master: info cached_files file-0-fba31afdf335011417a3240b50fb5f1d-ref.fasta.31
2019/11/26 14:06:43.07 work_queue_worker[1] wq: tx to master: info cached_files file-0-29fa986ab5c37e3666b795ceedf28f59-ref.fasta.36
2019/11/26 14:06:43.07 work_queue_worker[1] wq: tx to master: info cached_files file-0-aa439a3e5adc17fce5c36008635edd3d-ref.fasta.33
2019/11/26 14:06:43.07 work_queue_worker[1] wq: tx to master: info cached_files file-0-4e6844944429687ec56a0ba20d350bc8-ref.fasta.34
2019/11/26 14:06:43.08 work_queue_worker[1] wq: linking cache/file-0-048045060f61089a83cce204e6b8f151-corr.out to /tmp/worker-0-1/t.81/corr.out
2019/11/26 14:06:43.08 work_queue_worker[1] wq: linking cache/file-0-fba31afdf335011417a3240b50fb5f1d-ref.fasta.31 to /tmp/worker-0-1/t.81/ref.fasta.31
2019/11/26 14:06:43.08 work_queue_worker[1] wq: linking cache/file-0-ddd728dc31a49bcd4cacae5676b4e7f7-Create_Corrected_AllLRReads.py to /tmp/worker-0-1/t.81/Create_Corrected_AllLRReads.py
2019/11/26 14:06:43.08 work_queue_worker[1] wq: started process 81: python Create_Corrected_AllLRReads.py ref.fasta.31 corr.out 2> create.err.31
2019/11/26 14:06:43.08 work_queue_worker[1] wq: tx to master: info tasks_running 1
2019/11/26 14:06:43.15 work_queue_worker[1] wq: task 81 (pid 81) exited normally with exit code 0
2019/11/26 14:06:43.15 work_queue_worker[1] wq: moving output file from /tmp/worker-0-1/t.81/create.err.31 to cache/file-0-075b0ce873d60f5111c77371b5fbe97d-create.err.31
2019/11/26 14:06:43.15 work_queue_worker[1] wq: moving output file from /tmp/worker-0-1/t.81/Corrected_ref.fasta.31 to cache/file-0-9016717999b79360cc7c14c9078d694b-Corrected_ref.fasta.31
2019/11/26 14:06:43.15 work_queue_worker[1] wq: tx to master: available_results
2019/11/26 14:06:43.16 work_queue_worker[1] wq: rx from master: send_results -1
2019/11/26 14:06:43.16 work_queue_worker[1] wq: tx to master: result 0 0 0 73808 81
2019/11/26 14:06:43.16 work_queue_worker[1] wq: tx to master: info tasks_running 0
2019/11/26 14:06:43.16 work_queue_worker[1] wq: tx to master: end
2019/11/26 14:06:43.16 work_queue_worker[1] wq: rx from master: get file-0-075b0ce873d60f5111c77371b5fbe97d-create.err.31 1
2019/11/26 14:06:43.16 work_queue_worker[1] wq: tx to master: file file-0-075b0ce873d60f5111c77371b5fbe97d-create.err.31 0
2019/11/26 14:06:43.16 work_queue_worker[1] wq: tx to master: end
2019/11/26 14:06:43.16 work_queue_worker[1] wq: rx from master: get file-0-9016717999b79360cc7c14c9078d694b-Corrected_ref.fasta.31 1
2019/11/26 14:06:43.16 work_queue_worker[1] wq: tx to master: file file-0-9016717999b79360cc7c14c9078d694b-Corrected_ref.fasta.31 1055000
2019/11/26 14:06:43.16 work_queue_worker[1] wq: tx to master: end
2019/11/26 14:06:43.16 work_queue_worker[1] wq: rx from master: kill 81
2019/11/26 14:06:43.16 work_queue_worker[1] wq: ---- DELETING: /tmp/worker-0-1/t.81
2019/11/26 14:06:43.17 work_queue_worker[1] wq: rx from master: put file-0-5b3b606ef2c77a0f099af1f26882e93e-ref.fasta.24 1055000 0644 1
2019/11/26 14:06:43.17 work_queue_worker[1] wq: Putting file file-0-5b3b606ef2c77a0f099af1f26882e93e-ref.fasta.24 into workspace
2019/11/26 14:06:43.17 work_queue_worker[1] wq: Dir /cache already exists in cache
2019/11/26 14:06:43.17 work_queue_worker[1] wq: ****BRUNO***** cp BARRA: -> cp ./cache/file-0-5b3b606ef2c77a0f099af1f26882e93e-ref.fasta.24 /cache.
2019/11/26 14:06:43.17 work_queue_worker[1] wq: rx from master: task 88
2019/11/26 14:06:43.17 work_queue_worker[1] wq: rx from master: cmd 76
2019/11/26 14:06:43.17 work_queue_worker[1] wq: rx from master: python Create_Corrected_AllLRReads.py ref.fasta.24 corr.out 2> create.err.24
2019/11/26 14:06:43.17 work_queue_worker[1] wq: rx from master: category default
2019/11/26 14:06:43.17 work_queue_worker[1] wq: rx from master: cores 1
2019/11/26 14:06:43.17 work_queue_worker[1] wq: rx from master: memory 11908
2019/11/26 14:06:43.17 work_queue_worker[1] wq: rx from master: disk 1595
2019/11/26 14:06:43.17 work_queue_worker[1] wq: rx from master: gpus 0
2019/11/26 14:06:43.17 work_queue_worker[1] wq: rx from master: end_time 18446744073709551615
2019/11/26 14:06:43.17 work_queue_worker[1] wq: rx from master: wall_time 18446744073709551615
2019/11/26 14:06:43.17 work_queue_worker[1] wq: rx from master: env 7
2019/11/26 14:06:43.17 work_queue_worker[1] wq: rx from master: env 17
2019/11/26 14:06:43.17 work_queue_worker[1] wq: rx from master: infile file-0-048045060f61089a83cce204e6b8f151-corr.out corr.out 1
2019/11/26 14:06:43.17 work_queue_worker[1] wq: rx from master: infile file-0-5b3b606ef2c77a0f099af1f26882e93e-ref.fasta.24 ref.fasta.24 1
2019/11/26 14:06:43.17 work_queue_worker[1] wq: rx from master: infile file-0-ddd728dc31a49bcd4cacae5676b4e7f7-Create_Corrected_AllLRReads.py Create_Corrected_AllLRReads.py 1
2019/11/26 14:06:43.17 work_queue_worker[1] wq: rx from master: outfile file-0-04b5ebfddd6111c1a7337908e84e2f04-create.err.24 create.err.24 1
2019/11/26 14:06:43.17 work_queue_worker[1] wq: rx from master: outfile file-0-eb0bd4bdb094041d4e64b2b3df2cef68-Corrected_ref.fasta.24 Corrected_ref.fasta.24 1
2019/11/26 14:06:43.17 work_queue_worker[1] wq: rx from master: end
2019/11/26 14:06:43.17 work_queue_worker[1] wq: tx to master: info cached_files file-0-fb3ec5b7bc74b099f9b85fafce1dcdf1-ref.fasta.29
2019/11/26 14:06:43.17 work_queue_worker[1] wq: tx to master: info cached_files file-0-5b3b606ef2c77a0f099af1f26882e93e-ref.fasta.24
2019/11/26 14:06:43.17 work_queue_worker[1] wq: tx to master: info cached_files file-0-1ae7213b8b7cc4b7c0e10ebaeeca2ab9-ref.fasta.27
2019/11/26 14:06:43.17 work_queue_worker[1] wq: tx to master: info cached_files file-0-c63681d729e6b127a41a6905b7bf8cd3-ref.fasta.30
2019/11/26 14:06:43.17 work_queue_worker[1] wq: tx to master: info cached_files file-0-a1390e6a488a52d4a53323630be8883e-ref.fasta.25
2019/11/26 14:06:43.17 work_queue_worker[1] wq: tx to master: info cached_files file-0-4168598b82e1e2ebb63a7d86caf50185-ref.fasta.28
2019/11/26 14:06:43.17 work_queue_worker[1] wq: tx to master: info cached_files file-0-17ddf63c75cb0ddda4648bacc86a279d-ref.fasta.26
2019/11/26 14:06:43.18 work_queue_worker[1] wq: linking cache/file-0-048045060f61089a83cce204e6b8f151-corr.out to /tmp/worker-0-1/t.88/corr.out
2019/11/26 14:06:43.18 work_queue_worker[1] wq: linking cache/file-0-5b3b606ef2c77a0f099af1f26882e93e-ref.fasta.24 to /tmp/worker-0-1/t.88/ref.fasta.24
2019/11/26 14:06:43.18 work_queue_worker[1] wq: linking cache/file-0-ddd728dc31a49bcd4cacae5676b4e7f7-Create_Corrected_AllLRReads.py to /tmp/worker-0-1/t.88/Create_Corrected_AllLRReads.py
2019/11/26 14:06:43.18 work_queue_worker[1] wq: started process 87: python Create_Corrected_AllLRReads.py ref.fasta.24 corr.out 2> create.err.24
2019/11/26 14:06:43.18 work_queue_worker[1] wq: tx to master: info tasks_running 1
2019/11/26 14:06:43.25 work_queue_worker[1] wq: task 88 (pid 87) exited normally with exit code 0
2019/11/26 14:06:43.25 work_queue_worker[1] wq: moving output file from /tmp/worker-0-1/t.88/create.err.24 to cache/file-0-04b5ebfddd6111c1a7337908e84e2f04-create.err.24
2019/11/26 14:06:43.25 work_queue_worker[1] wq: moving output file from /tmp/worker-0-1/t.88/Corrected_ref.fasta.24 to cache/file-0-eb0bd4bdb094041d4e64b2b3df2cef68-Corrected_ref.fasta.24
2019/11/26 14:06:43.25 work_queue_worker[1] wq: tx to master: available_results
2019/11/26 14:06:43.25 work_queue_worker[1] wq: rx from master: send_results -1
2019/11/26 14:06:43.25 work_queue_worker[1] wq: tx to master: result 0 0 0 65118 88
2019/11/26 14:06:43.25 work_queue_worker[1] wq: tx to master: info tasks_running 0
2019/11/26 14:06:43.25 work_queue_worker[1] wq: tx to master: end
2019/11/26 14:06:43.25 work_queue_worker[1] wq: rx from master: get file-0-04b5ebfddd6111c1a7337908e84e2f04-create.err.24 1
2019/11/26 14:06:43.25 work_queue_worker[1] wq: tx to master: file file-0-04b5ebfddd6111c1a7337908e84e2f04-create.err.24 0
2019/11/26 14:06:43.25 work_queue_worker[1] wq: tx to master: end
2019/11/26 14:06:43.25 work_queue_worker[1] wq: rx from master: get file-0-eb0bd4bdb094041d4e64b2b3df2cef68-Corrected_ref.fasta.24 1
2019/11/26 14:06:43.25 work_queue_worker[1] wq: tx to master: file file-0-eb0bd4bdb094041d4e64b2b3df2cef68-Corrected_ref.fasta.24 1055000
2019/11/26 14:06:43.25 work_queue_worker[1] wq: tx to master: end
2019/11/26 14:06:43.25 work_queue_worker[1] wq: rx from master: kill 88
2019/11/26 14:06:43.25 work_queue_worker[1] wq: ---- DELETING: /tmp/worker-0-1/t.88
2019/11/26 14:06:43.66 work_queue_worker[1] wq: rx from master: put file-0-8f17aa9e3e257f258b7505f485b7df21-ref.fasta.16 1055000 0644 1
2019/11/26 14:06:43.66 work_queue_worker[1] wq: Putting file file-0-8f17aa9e3e257f258b7505f485b7df21-ref.fasta.16 into workspace
2019/11/26 14:06:43.66 work_queue_worker[1] wq: Dir /cache already exists in cache
2019/11/26 14:06:43.66 work_queue_worker[1] wq: ****BRUNO***** cp BARRA: -> cp ./cache/file-0-8f17aa9e3e257f258b7505f485b7df21-ref.fasta.16 /cache.
2019/11/26 14:06:43.67 work_queue_worker[1] wq: rx from master: task 96
2019/11/26 14:06:43.67 work_queue_worker[1] wq: rx from master: cmd 76
2019/11/26 14:06:43.67 work_queue_worker[1] wq: rx from master: python Create_Corrected_AllLRReads.py ref.fasta.16 corr.out 2> create.err.16
2019/11/26 14:06:43.67 work_queue_worker[1] wq: rx from master: category default
2019/11/26 14:06:43.67 work_queue_worker[1] wq: rx from master: cores 1
2019/11/26 14:06:43.67 work_queue_worker[1] wq: rx from master: memory 11908
2019/11/26 14:06:43.67 work_queue_worker[1] wq: rx from master: disk 1595
2019/11/26 14:06:43.67 work_queue_worker[1] wq: rx from master: gpus 0
2019/11/26 14:06:43.67 work_queue_worker[1] wq: rx from master: end_time 18446744073709551615
2019/11/26 14:06:43.67 work_queue_worker[1] wq: rx from master: wall_time 18446744073709551615
2019/11/26 14:06:43.67 work_queue_worker[1] wq: rx from master: env 7
2019/11/26 14:06:43.67 work_queue_worker[1] wq: rx from master: env 17
2019/11/26 14:06:43.67 work_queue_worker[1] wq: rx from master: infile file-0-048045060f61089a83cce204e6b8f151-corr.out corr.out 1
2019/11/26 14:06:43.67 work_queue_worker[1] wq: rx from master: infile file-0-8f17aa9e3e257f258b7505f485b7df21-ref.fasta.16 ref.fasta.16 1
2019/11/26 14:06:43.67 work_queue_worker[1] wq: rx from master: infile file-0-ddd728dc31a49bcd4cacae5676b4e7f7-Create_Corrected_AllLRReads.py Create_Corrected_AllLRReads.py 1
2019/11/26 14:06:43.67 work_queue_worker[1] wq: rx from master: outfile file-0-fb19de90a4838d62aebd307b66852593-create.err.16 create.err.16 1
2019/11/26 14:06:43.67 work_queue_worker[1] wq: rx from master: outfile file-0-328affe93d4b1bb76c630c103003e092-Corrected_ref.fasta.16 Corrected_ref.fasta.16 1
2019/11/26 14:06:43.67 work_queue_worker[1] wq: rx from master: end
2019/11/26 14:06:43.67 work_queue_worker[1] wq: tx to master: info cached_files file-0-2b408ecce6b0355d371c80b651c889f8-ref.fasta.18
2019/11/26 14:06:43.67 work_queue_worker[1] wq: tx to master: info cached_files file-0-0286d1afff057cca7ea08b4e14e8c883-ref.fasta.21
2019/11/26 14:06:43.67 work_queue_worker[1] wq: tx to master: info cached_files file-0-12470dc35ac3e9d7f02a76cc8a9c00ea-ref.fasta.19
2019/11/26 14:06:43.67 work_queue_worker[1] wq: tx to master: info cached_files file-0-be49a61a811f6f14a2896815f8aca4aa-ref.fasta.17
2019/11/26 14:06:43.67 work_queue_worker[1] wq: tx to master: info cached_files file-0-6cf9f33a625212dc074b741ec59773a3-ref.fasta.22
2019/11/26 14:06:43.67 work_queue_worker[1] wq: tx to master: info cached_files file-0-6255fe77cdaff2878a49d0145ff6776f-ref.fasta.23
2019/11/26 14:06:43.67 work_queue_worker[1] wq: tx to master: info cached_files file-0-8c12b2e81dd684a2bea395d788356753-ref.fasta.20
2019/11/26 14:06:43.67 work_queue_worker[1] wq: tx to master: info cached_files file-0-8f17aa9e3e257f258b7505f485b7df21-ref.fasta.16
2019/11/26 14:06:43.68 work_queue_worker[1] wq: linking cache/file-0-048045060f61089a83cce204e6b8f151-corr.out to /tmp/worker-0-1/t.96/corr.out
2019/11/26 14:06:43.68 work_queue_worker[1] wq: linking cache/file-0-8f17aa9e3e257f258b7505f485b7df21-ref.fasta.16 to /tmp/worker-0-1/t.96/ref.fasta.16
2019/11/26 14:06:43.68 work_queue_worker[1] wq: linking cache/file-0-ddd728dc31a49bcd4cacae5676b4e7f7-Create_Corrected_AllLRReads.py to /tmp/worker-0-1/t.96/Create_Corrected_AllLRReads.py
2019/11/26 14:06:43.68 work_queue_worker[1] wq: started process 93: python Create_Corrected_AllLRReads.py ref.fasta.16 corr.out 2> create.err.16
2019/11/26 14:06:43.68 work_queue_worker[1] wq: tx to master: info tasks_running 1
2019/11/26 14:06:43.75 work_queue_worker[1] wq: task 96 (pid 93) exited normally with exit code 0
2019/11/26 14:06:43.75 work_queue_worker[1] wq: moving output file from /tmp/worker-0-1/t.96/create.err.16 to cache/file-0-fb19de90a4838d62aebd307b66852593-create.err.16
2019/11/26 14:06:43.75 work_queue_worker[1] wq: moving output file from /tmp/worker-0-1/t.96/Corrected_ref.fasta.16 to cache/file-0-328affe93d4b1bb76c630c103003e092-Corrected_ref.fasta.16
2019/11/26 14:06:43.75 work_queue_worker[1] wq: tx to master: available_results
2019/11/26 14:06:43.75 work_queue_worker[1] wq: rx from master: send_results -1
2019/11/26 14:06:43.75 work_queue_worker[1] wq: tx to master: result 0 0 0 70431 96
2019/11/26 14:06:43.75 work_queue_worker[1] wq: tx to master: info tasks_running 0
2019/11/26 14:06:43.75 work_queue_worker[1] wq: tx to master: end
2019/11/26 14:06:43.75 work_queue_worker[1] wq: rx from master: get file-0-fb19de90a4838d62aebd307b66852593-create.err.16 1
2019/11/26 14:06:43.75 work_queue_worker[1] wq: tx to master: file file-0-fb19de90a4838d62aebd307b66852593-create.err.16 0
2019/11/26 14:06:43.75 work_queue_worker[1] wq: tx to master: end
2019/11/26 14:06:43.75 work_queue_worker[1] wq: rx from master: get file-0-328affe93d4b1bb76c630c103003e092-Corrected_ref.fasta.16 1
2019/11/26 14:06:43.75 work_queue_worker[1] wq: tx to master: file file-0-328affe93d4b1bb76c630c103003e092-Corrected_ref.fasta.16 1055000
2019/11/26 14:06:43.76 work_queue_worker[1] wq: tx to master: end
2019/11/26 14:06:43.76 work_queue_worker[1] wq: rx from master: kill 96
2019/11/26 14:06:43.76 work_queue_worker[1] wq: ---- DELETING: /tmp/worker-0-1/t.96
2019/11/26 14:06:43.78 work_queue_worker[1] wq: rx from master: put file-0-d53b7362d9ad27f7af3cd0cb7105a051-ref.fasta.4 1053000 0644 1
2019/11/26 14:06:43.78 work_queue_worker[1] wq: Putting file file-0-d53b7362d9ad27f7af3cd0cb7105a051-ref.fasta.4 into workspace
2019/11/26 14:06:43.78 work_queue_worker[1] wq: Dir /cache already exists in cache
2019/11/26 14:06:43.78 work_queue_worker[1] wq: ****BRUNO***** cp BARRA: -> cp ./cache/file-0-d53b7362d9ad27f7af3cd0cb7105a051-ref.fasta.4 /cache.
2019/11/26 14:06:43.78 work_queue_worker[1] wq: rx from master: task 108
2019/11/26 14:06:43.78 work_queue_worker[1] wq: rx from master: cmd 74
2019/11/26 14:06:43.78 work_queue_worker[1] wq: rx from master: python Create_Corrected_AllLRReads.py ref.fasta.4 corr.out 2> create.err.4
2019/11/26 14:06:43.78 work_queue_worker[1] wq: rx from master: category default
2019/11/26 14:06:43.78 work_queue_worker[1] wq: rx from master: cores 1
2019/11/26 14:06:43.78 work_queue_worker[1] wq: rx from master: memory 11908
2019/11/26 14:06:43.78 work_queue_worker[1] wq: rx from master: disk 1595
2019/11/26 14:06:43.78 work_queue_worker[1] wq: rx from master: gpus 0
2019/11/26 14:06:43.78 work_queue_worker[1] wq: rx from master: end_time 18446744073709551615
2019/11/26 14:06:43.78 work_queue_worker[1] wq: rx from master: wall_time 18446744073709551615
2019/11/26 14:06:43.78 work_queue_worker[1] wq: rx from master: env 7
2019/11/26 14:06:43.78 work_queue_worker[1] wq: rx from master: env 17
2019/11/26 14:06:43.78 work_queue_worker[1] wq: rx from master: infile file-0-048045060f61089a83cce204e6b8f151-corr.out corr.out 1
2019/11/26 14:06:43.78 work_queue_worker[1] wq: rx from master: infile file-0-d53b7362d9ad27f7af3cd0cb7105a051-ref.fasta.4 ref.fasta.4 1
2019/11/26 14:06:43.78 work_queue_worker[1] wq: rx from master: infile file-0-ddd728dc31a49bcd4cacae5676b4e7f7-Create_Corrected_AllLRReads.py Create_Corrected_AllLRReads.py 1
2019/11/26 14:06:43.78 work_queue_worker[1] wq: rx from master: outfile file-0-e6b72afc05214eedda0ecef5162d4c91-create.err.4 create.err.4 1
2019/11/26 14:06:43.78 work_queue_worker[1] wq: rx from master: outfile file-0-0251fcaf3fa2b2d38290aebd4b1388ee-Corrected_ref.fasta.4 Corrected_ref.fasta.4 1
2019/11/26 14:06:43.78 work_queue_worker[1] wq: rx from master: end
2019/11/26 14:06:43.78 work_queue_worker[1] wq: tx to master: info cached_files file-0-595d6fd0783af5f1f9d6ac327ab7d0ae-ref.fasta.13
2019/11/26 14:06:43.78 work_queue_worker[1] wq: tx to master: info cached_files file-0-917a4e2b83f3c1cbe7ad084772249437-ref.fasta.12
2019/11/26 14:06:43.78 work_queue_worker[1] wq: tx to master: info cached_files file-0-4b44ee8dff46dd1aa4bb1511d9442a2e-ref.fasta.5
2019/11/26 14:06:43.78 work_queue_worker[1] wq: tx to master: info cached_files file-0-de3fc56a129f0eca0565c07c2f6f5d65-ref.fasta.6
2019/11/26 14:06:43.78 work_queue_worker[1] wq: tx to master: info cached_files file-0-d53b7362d9ad27f7af3cd0cb7105a051-ref.fasta.4
2019/11/26 14:06:43.78 work_queue_worker[1] wq: tx to master: info cached_files file-0-8c01ff49b1bac5dc2eea9e2a868b0a59-ref.fasta.15
2019/11/26 14:06:43.78 work_queue_worker[1] wq: tx to master: info cached_files file-0-721aaf1524a5dc2f36a94b49c3f5d86a-ref.fasta.14
2019/11/26 14:06:43.78 work_queue_worker[1] wq: tx to master: info cached_files file-0-0d93fd3812287dfef20102e293f224d9-ref.fasta.11
2019/11/26 14:06:43.79 work_queue_worker[1] wq: linking cache/file-0-048045060f61089a83cce204e6b8f151-corr.out to /tmp/worker-0-1/t.108/corr.out
2019/11/26 14:06:43.79 work_queue_worker[1] wq: linking cache/file-0-d53b7362d9ad27f7af3cd0cb7105a051-ref.fasta.4 to /tmp/worker-0-1/t.108/ref.fasta.4
2019/11/26 14:06:43.79 work_queue_worker[1] wq: linking cache/file-0-ddd728dc31a49bcd4cacae5676b4e7f7-Create_Corrected_AllLRReads.py to /tmp/worker-0-1/t.108/Create_Corrected_AllLRReads.py
2019/11/26 14:06:43.79 work_queue_worker[1] wq: started process 99: python Create_Corrected_AllLRReads.py ref.fasta.4 corr.out 2> create.err.4
2019/11/26 14:06:43.79 work_queue_worker[1] wq: tx to master: info tasks_running 1
2019/11/26 14:06:43.86 work_queue_worker[1] wq: task 108 (pid 99) exited normally with exit code 0
2019/11/26 14:06:43.86 work_queue_worker[1] wq: moving output file from /tmp/worker-0-1/t.108/create.err.4 to cache/file-0-e6b72afc05214eedda0ecef5162d4c91-create.err.4
2019/11/26 14:06:43.86 work_queue_worker[1] wq: moving output file from /tmp/worker-0-1/t.108/Corrected_ref.fasta.4 to cache/file-0-0251fcaf3fa2b2d38290aebd4b1388ee-Corrected_ref.fasta.4
2019/11/26 14:06:43.86 work_queue_worker[1] wq: tx to master: available_results
2019/11/26 14:06:43.86 work_queue_worker[1] wq: rx from master: send_results -1
2019/11/26 14:06:43.86 work_queue_worker[1] wq: tx to master: result 0 0 0 70124 108
2019/11/26 14:06:43.86 work_queue_worker[1] wq: tx to master: info tasks_running 0
2019/11/26 14:06:43.86 work_queue_worker[1] wq: tx to master: end
2019/11/26 14:06:43.86 work_queue_worker[1] wq: rx from master: get file-0-e6b72afc05214eedda0ecef5162d4c91-create.err.4 1
2019/11/26 14:06:43.86 work_queue_worker[1] wq: tx to master: file file-0-e6b72afc05214eedda0ecef5162d4c91-create.err.4 0
2019/11/26 14:06:43.86 work_queue_worker[1] wq: tx to master: end
2019/11/26 14:06:43.86 work_queue_worker[1] wq: rx from master: get file-0-0251fcaf3fa2b2d38290aebd4b1388ee-Corrected_ref.fasta.4 1
2019/11/26 14:06:43.86 work_queue_worker[1] wq: tx to master: file file-0-0251fcaf3fa2b2d38290aebd4b1388ee-Corrected_ref.fasta.4 1053000
2019/11/26 14:06:43.87 work_queue_worker[1] wq: tx to master: end
2019/11/26 14:06:43.87 work_queue_worker[1] wq: rx from master: kill 108
2019/11/26 14:06:43.87 work_queue_worker[1] wq: ---- DELETING: /tmp/worker-0-1/t.108
2019/11/26 14:06:43.87 work_queue_worker[1] wq: rx from master: task 15
2019/11/26 14:06:43.87 work_queue_worker[1] wq: rx from master: cmd 76
2019/11/26 14:06:43.87 work_queue_worker[1] wq: rx from master: python Create_Corrected_AllLRReads.py ref.fasta.97 corr.out 2> create.err.97
2019/11/26 14:06:43.87 work_queue_worker[1] wq: rx from master: category default
2019/11/26 14:06:43.87 work_queue_worker[1] wq: rx from master: cores 1
2019/11/26 14:06:43.87 work_queue_worker[1] wq: rx from master: memory 11908
2019/11/26 14:06:43.87 work_queue_worker[1] wq: rx from master: disk 1595
2019/11/26 14:06:43.87 work_queue_worker[1] wq: rx from master: gpus 0
2019/11/26 14:06:43.87 work_queue_worker[1] wq: rx from master: end_time 18446744073709551615
2019/11/26 14:06:43.87 work_queue_worker[1] wq: rx from master: wall_time 18446744073709551615
2019/11/26 14:06:43.87 work_queue_worker[1] wq: rx from master: env 7
2019/11/26 14:06:43.87 work_queue_worker[1] wq: rx from master: env 17
2019/11/26 14:06:43.87 work_queue_worker[1] wq: rx from master: infile file-0-048045060f61089a83cce204e6b8f151-corr.out corr.out 1
2019/11/26 14:06:43.87 work_queue_worker[1] wq: rx from master: infile file-0-6ff7f7e5220a8cc8bb8326b3ed99cd8d-ref.fasta.97 ref.fasta.97 1
2019/11/26 14:06:43.87 work_queue_worker[1] wq: rx from master: infile file-0-ddd728dc31a49bcd4cacae5676b4e7f7-Create_Corrected_AllLRReads.py Create_Corrected_AllLRReads.py 1
2019/11/26 14:06:43.87 work_queue_worker[1] wq: rx from master: outfile file-0-340a298f9567c8f4e62f342f16a5bb24-create.err.97 create.err.97 1
2019/11/26 14:06:43.87 work_queue_worker[1] wq: rx from master: outfile file-0-74a4bb6570ab57e6427858fe9d57114b-Corrected_ref.fasta.97 Corrected_ref.fasta.97 1
2019/11/26 14:06:43.87 work_queue_worker[1] wq: rx from master: end
2019/11/26 14:06:43.87 work_queue_worker[1] wq: tx to master: info cached_files file-0-0aa7fdc5df2e8aa834187cf07d905f1c-ref.fasta.3
2019/11/26 14:06:43.87 work_queue_worker[1] wq: tx to master: info cached_files file-0-c1c5b5005550a9e9b359d2cf9e2f8a9a-ref.fasta.1
2019/11/26 14:06:43.87 work_queue_worker[1] wq: tx to master: info cached_files file-0-9dbb72d8dd139e33c36e645da8581cc4-ref.fasta.2
2019/11/26 14:06:43.87 work_queue_worker[1] wq: tx to master: info cached_files file-0-f6180873c6bcf6cfbbf9b9300d0d79ef-ref.fasta.0
2019/11/26 14:06:43.88 work_queue_worker[1] wq: linking cache/file-0-048045060f61089a83cce204e6b8f151-corr.out to /tmp/worker-0-1/t.15/corr.out
2019/11/26 14:06:43.88 work_queue_worker[1] wq: linking cache/file-0-6ff7f7e5220a8cc8bb8326b3ed99cd8d-ref.fasta.97 to /tmp/worker-0-1/t.15/ref.fasta.97
2019/11/26 14:06:43.88 work_queue_worker[1] wq: linking cache/file-0-ddd728dc31a49bcd4cacae5676b4e7f7-Create_Corrected_AllLRReads.py to /tmp/worker-0-1/t.15/Create_Corrected_AllLRReads.py
2019/11/26 14:06:43.88 work_queue_worker[1] wq: started process 103: python Create_Corrected_AllLRReads.py ref.fasta.97 corr.out 2> create.err.97
2019/11/26 14:06:43.88 work_queue_worker[1] wq: tx to master: info tasks_running 1
2019/11/26 14:06:43.95 work_queue_worker[1] wq: task 15 (pid 103) exited normally with exit code 0
2019/11/26 14:06:43.95 work_queue_worker[1] wq: moving output file from /tmp/worker-0-1/t.15/create.err.97 to cache/file-0-340a298f9567c8f4e62f342f16a5bb24-create.err.97
2019/11/26 14:06:43.95 work_queue_worker[1] wq: moving output file from /tmp/worker-0-1/t.15/Corrected_ref.fasta.97 to cache/file-0-74a4bb6570ab57e6427858fe9d57114b-Corrected_ref.fasta.97
2019/11/26 14:06:43.95 work_queue_worker[1] wq: tx to master: available_results
2019/11/26 14:06:43.95 work_queue_worker[1] wq: rx from master: send_results -1
2019/11/26 14:06:43.95 work_queue_worker[1] wq: tx to master: result 0 0 0 62826 15
2019/11/26 14:06:43.95 work_queue_worker[1] wq: tx to master: info tasks_running 0
2019/11/26 14:06:43.95 work_queue_worker[1] wq: tx to master: end
2019/11/26 14:06:43.95 work_queue_worker[1] wq: rx from master: get file-0-340a298f9567c8f4e62f342f16a5bb24-create.err.97 1
2019/11/26 14:06:43.95 work_queue_worker[1] wq: tx to master: file file-0-340a298f9567c8f4e62f342f16a5bb24-create.err.97 0
2019/11/26 14:06:43.95 work_queue_worker[1] wq: tx to master: end
2019/11/26 14:06:43.95 work_queue_worker[1] wq: rx from master: get file-0-74a4bb6570ab57e6427858fe9d57114b-Corrected_ref.fasta.97 1
2019/11/26 14:06:43.95 work_queue_worker[1] wq: tx to master: file file-0-74a4bb6570ab57e6427858fe9d57114b-Corrected_ref.fasta.97 1055000
2019/11/26 14:06:43.95 work_queue_worker[1] wq: tx to master: end
2019/11/26 14:06:43.95 work_queue_worker[1] wq: rx from master: kill 15
2019/11/26 14:06:43.95 work_queue_worker[1] wq: ---- DELETING: /tmp/worker-0-1/t.15
2019/11/26 14:06:45.24 work_queue_worker[1] wq: rx from master: release
2019/11/26 14:06:45.24 work_queue_worker[1] wq: released by master 10.0.234.2:1026.
2019/11/26 14:06:45.24 work_queue_worker[1] wq: *********** BRUNO ******** NOT cleaning workspace /tmp/worker-0-1
2019/11/26 14:06:45.24 work_queue_worker[1] wq: disconnecting from master 10.0.234.2:1026
2019/11/26 14:06:45.24 work_queue_worker[1] tcp: disconnected from 10.0.234.2 port 1026
2019/11/26 14:06:45.24 work_queue_worker[1] wq: killing all outstanding tasks
2019/11/26 14:06:45.24 work_queue_worker[1] wq: ---- DELETING: /tmp/worker-0-1/t.6
2019/11/26 14:06:45.24 work_queue_worker[1] wq: ---- DELETING: /tmp/worker-0-1/t.23
2019/11/26 14:06:45.24 work_queue_worker[1] wq: all data structures are clean
2019/11/26 14:06:46.24 work_queue_worker[1] tcp: connecting to 10.0.234.2 port 1026
