2019/11/26 13:59:00.32 work_queue_worker[1] debug: /home/cctools_BRUNO_bin/bin/work_queue_worker version 8.0.0 DEVELOPMENT (released 2019-11-06 16:35:57 +0000)
2019/11/26 13:59:00.32 work_queue_worker[1] debug: Built by root@2546322b0463 on 2019-11-06 16:35:57 +0000
2019/11/26 13:59:00.32 work_queue_worker[1] debug: System: Linux 2546322b0463 5.0.0-32-generic #34~18.04.2-Ubuntu SMP Thu Oct 10 10:36:02 UTC 2019 x86_64 x86_64 x86_64 GNU/Linux
2019/11/26 13:59:00.32 work_queue_worker[1] debug: Configuration: --prefix /home/cctools_BRUNO_bin
2019/11/26 13:59:00.32 work_queue_worker[1] wq: WORK_QUEUE_SANDBOX set to /tmp/worker-0-1.
2019/11/26 13:59:00.32 work_queue_worker[1] debug: error reading disk usage on directory: ./cache.
2019/11/26 13:59:00.32 work_queue_worker[1] dns: looking up name master
2019/11/26 13:59:00.32 work_queue_worker[1] dns: master is 10.0.231.2
2019/11/26 13:59:00.32 work_queue_worker[1] tcp: connecting to 10.0.231.2 port 1026
2019/11/26 13:59:00.32 work_queue_worker[1] tcp: made connection to 10.0.231.2 port 1026
2019/11/26 13:59:00.32 work_queue_worker[1] wq: connected to master master:1026 via local address 10.0.231.7:32874
2019/11/26 13:59:00.32 work_queue_worker[1] wq: preparing workspace /tmp/worker-0-1
2019/11/26 13:59:00.32 work_queue_worker[1] dns: looking up name 6a91041f70ad
2019/11/26 13:59:00.32 work_queue_worker[1] dns: 6a91041f70ad is 10.0.231.7
2019/11/26 13:59:00.32 work_queue_worker[1] dns: looking up addr 10.0.231.7
2019/11/26 13:59:00.32 work_queue_worker[1] dns: 10.0.231.7 is 6a91041f70ad
2019/11/26 13:59:00.32 work_queue_worker[1] dns: finding my hostname: uname = 6a91041f70ad, address = 10.0.231.7, hostname = 6a91041f70ad
2019/11/26 13:59:00.32 work_queue_worker[1] wq: tx to master: workqueue 8 6a91041f70ad Linux x86_64 8.0.0
2019/11/26 13:59:00.32 work_queue_worker[1] wq: tx to master: info worker-id worker-f43a2395f7bbcbb3c6f3dbad45d5bc59
2019/11/26 13:59:00.32 work_queue_worker[1] wq: tx to master: alive
2019/11/26 13:59:00.32 work_queue_worker[1] wq: Sending resource description to master:
2019/11/26 13:59:00.32 work_queue_worker[1] wq:  workers      0 inuse      1 total      1 smallest      1 largest
2019/11/26 13:59:00.32 work_queue_worker[1] wq:     disk      0 inuse 182994 total 182994 smallest 182994 largest
2019/11/26 13:59:00.32 work_queue_worker[1] wq:   memory      0 inuse   7749 total   7749 smallest   7749 largest
2019/11/26 13:59:00.32 work_queue_worker[1] wq:     gpus      0 inuse      0 total      0 smallest      0 largest
2019/11/26 13:59:00.32 work_queue_worker[1] wq:    cores      0 inuse      1 total      1 smallest      1 largest
2019/11/26 13:59:00.32 work_queue_worker[1] wq: tx to master: info end_of_resource_update 0
2019/11/26 13:59:00.32 work_queue_worker[1] wq: tx to master: info tasks_running 0
2019/11/26 13:59:00.32 work_queue_worker[1] wq: working for master at 10.0.231.2:1026.
2019/11/26 14:01:52.33 work_queue_worker[1] wq: rx from master: put file-0-c5ee5a022e0a239ae11f2cc3e034beda-query.fastq.4 2044000 0644 1
2019/11/26 14:01:52.33 work_queue_worker[1] wq: Putting file file-0-c5ee5a022e0a239ae11f2cc3e034beda-query.fastq.4 into workspace
2019/11/26 14:01:52.33 work_queue_worker[1] wq: Dir /cache already exists in cache
2019/11/26 14:01:52.69 work_queue_worker[1] wq: ****BRUNO***** cp BARRA: -> cp ./cache/file-0-c5ee5a022e0a239ae11f2cc3e034beda-query.fastq.4 /cache.
2019/11/26 14:01:52.70 work_queue_worker[1] wq: rx from master: put file-0-971da570f958f7598fb58342dc472274-ref.fasta.sa 50000056 0644 1
2019/11/26 14:01:52.70 work_queue_worker[1] wq: Putting file file-0-971da570f958f7598fb58342dc472274-ref.fasta.sa into workspace
2019/11/26 14:01:52.70 work_queue_worker[1] wq: Dir /cache already exists in cache
2019/11/26 14:01:57.23 work_queue_worker[1] wq: ****BRUNO***** cp BARRA: -> cp ./cache/file-0-971da570f958f7598fb58342dc472274-ref.fasta.sa /cache.
2019/11/26 14:01:57.41 work_queue_worker[1] wq: rx from master: put file-0-35f59a9883b4870b84f03717aff16002-ref.fasta.ann 5866697 0644 1
2019/11/26 14:01:57.41 work_queue_worker[1] wq: Putting file file-0-35f59a9883b4870b84f03717aff16002-ref.fasta.ann into workspace
2019/11/26 14:01:57.41 work_queue_worker[1] wq: Dir /cache already exists in cache
2019/11/26 14:01:57.75 work_queue_worker[1] wq: ****BRUNO***** cp BARRA: -> cp ./cache/file-0-35f59a9883b4870b84f03717aff16002-ref.fasta.ann /cache.
2019/11/26 14:01:57.76 work_queue_worker[1] wq: rx from master: put file-0-1aba5e7adecebe065db19a405fb8bdf0-ref.fasta.amb 19 0644 1
2019/11/26 14:01:57.76 work_queue_worker[1] wq: Putting file file-0-1aba5e7adecebe065db19a405fb8bdf0-ref.fasta.amb into workspace
2019/11/26 14:01:57.76 work_queue_worker[1] wq: Dir /cache already exists in cache
2019/11/26 14:01:57.76 work_queue_worker[1] wq: ****BRUNO***** cp BARRA: -> cp ./cache/file-0-1aba5e7adecebe065db19a405fb8bdf0-ref.fasta.amb /cache.
2019/11/26 14:01:57.77 work_queue_worker[1] wq: rx from master: put file-0-d4ff2b390cdd34b642d74a1cd1b59b97-ref.fasta.pac 25000002 0644 1
2019/11/26 14:01:57.77 work_queue_worker[1] wq: Putting file file-0-d4ff2b390cdd34b642d74a1cd1b59b97-ref.fasta.pac into workspace
2019/11/26 14:01:57.77 work_queue_worker[1] wq: Dir /cache already exists in cache
2019/11/26 14:01:59.95 work_queue_worker[1] wq: ****BRUNO***** cp BARRA: -> cp ./cache/file-0-d4ff2b390cdd34b642d74a1cd1b59b97-ref.fasta.pac /cache.
2019/11/26 14:02:00.03 work_queue_worker[1] wq: rx from master: put file-0-0cadea4f68da3f941c5b5f0c963a59f8-ref.fasta.bwt 100000072 0644 1
2019/11/26 14:02:00.03 work_queue_worker[1] wq: Putting file file-0-0cadea4f68da3f941c5b5f0c963a59f8-ref.fasta.bwt into workspace
2019/11/26 14:02:00.03 work_queue_worker[1] wq: Dir /cache already exists in cache
2019/11/26 14:02:08.76 work_queue_worker[1] wq: ****BRUNO***** cp BARRA: -> cp ./cache/file-0-0cadea4f68da3f941c5b5f0c963a59f8-ref.fasta.bwt /cache.
2019/11/26 14:02:09.05 work_queue_worker[1] wq: rx from master: put file-0-b08c3e9746692f64bcb9a448620c7967-ref.fasta 105477790 0644 1
2019/11/26 14:02:09.05 work_queue_worker[1] wq: Putting file file-0-b08c3e9746692f64bcb9a448620c7967-ref.fasta into workspace
2019/11/26 14:02:09.05 work_queue_worker[1] wq: Dir /cache already exists in cache
2019/11/26 14:02:18.06 work_queue_worker[1] wq: ****BRUNO***** cp BARRA: -> cp ./cache/file-0-b08c3e9746692f64bcb9a448620c7967-ref.fasta /cache.
2019/11/26 14:02:20.21 work_queue_worker[1] wq: rx from master: put file-0-a6be17d8a097bb9efd120be10bbc654c-bwa 1444312 0755 1
2019/11/26 14:02:20.21 work_queue_worker[1] wq: Putting file file-0-a6be17d8a097bb9efd120be10bbc654c-bwa into workspace
2019/11/26 14:02:20.21 work_queue_worker[1] wq: Dir /cache already exists in cache
2019/11/26 14:02:20.22 work_queue_worker[1] wq: ****BRUNO***** cp BARRA: -> cp ./cache/file-0-a6be17d8a097bb9efd120be10bbc654c-bwa /cache.
2019/11/26 14:02:20.22 work_queue_worker[1] wq: rx from master: task 6
2019/11/26 14:02:20.22 work_queue_worker[1] wq: rx from master: cmd 58
2019/11/26 14:02:20.22 work_queue_worker[1] wq: rx from master: ./bwa mem ref.fasta query.fastq.4 > Out.4.sam 2> mem.4.err
2019/11/26 14:02:20.22 work_queue_worker[1] wq: rx from master: category default
2019/11/26 14:02:20.22 work_queue_worker[1] wq: rx from master: cores 1
2019/11/26 14:02:20.22 work_queue_worker[1] wq: rx from master: memory 7749
2019/11/26 14:02:20.22 work_queue_worker[1] wq: rx from master: disk 182994
2019/11/26 14:02:20.22 work_queue_worker[1] wq: rx from master: gpus 0
2019/11/26 14:02:20.22 work_queue_worker[1] wq: rx from master: end_time 18446744073709551615
2019/11/26 14:02:20.22 work_queue_worker[1] wq: rx from master: wall_time 18446744073709551615
2019/11/26 14:02:20.22 work_queue_worker[1] wq: rx from master: env 7
2019/11/26 14:02:20.22 work_queue_worker[1] wq: rx from master: env 17
2019/11/26 14:02:20.22 work_queue_worker[1] wq: rx from master: infile file-0-c5ee5a022e0a239ae11f2cc3e034beda-query.fastq.4 query.fastq.4 1
2019/11/26 14:02:20.22 work_queue_worker[1] wq: rx from master: infile file-0-971da570f958f7598fb58342dc472274-ref.fasta.sa ref.fasta.sa 1
2019/11/26 14:02:20.22 work_queue_worker[1] wq: rx from master: infile file-0-35f59a9883b4870b84f03717aff16002-ref.fasta.ann ref.fasta.ann 1
2019/11/26 14:02:20.22 work_queue_worker[1] wq: rx from master: infile file-0-1aba5e7adecebe065db19a405fb8bdf0-ref.fasta.amb ref.fasta.amb 1
2019/11/26 14:02:20.22 work_queue_worker[1] wq: rx from master: infile file-0-d4ff2b390cdd34b642d74a1cd1b59b97-ref.fasta.pac ref.fasta.pac 1
2019/11/26 14:02:20.22 work_queue_worker[1] wq: rx from master: infile file-0-0cadea4f68da3f941c5b5f0c963a59f8-ref.fasta.bwt ref.fasta.bwt 1
2019/11/26 14:02:20.22 work_queue_worker[1] wq: rx from master: infile file-0-b08c3e9746692f64bcb9a448620c7967-ref.fasta ref.fasta 1
2019/11/26 14:02:20.22 work_queue_worker[1] wq: rx from master: infile file-0-a6be17d8a097bb9efd120be10bbc654c-bwa bwa 1
2019/11/26 14:02:20.22 work_queue_worker[1] wq: rx from master: outfile file-0-3658071a13d1b9697b3a2af7ff4bbbde-mem.4.err mem.4.err 1
2019/11/26 14:02:20.22 work_queue_worker[1] wq: rx from master: outfile file-0-1aaaa4a6080cbc532975cbd62f7898e9-Out.4.sam Out.4.sam 1
2019/11/26 14:02:20.22 work_queue_worker[1] wq: rx from master: end
2019/11/26 14:02:20.22 work_queue_worker[1] wq: tx to master: info cached_files file-0-a6be17d8a097bb9efd120be10bbc654c-bwa
2019/11/26 14:02:20.22 work_queue_worker[1] wq: tx to master: info cached_files file-0-35f59a9883b4870b84f03717aff16002-ref.fasta.ann
2019/11/26 14:02:20.22 work_queue_worker[1] wq: tx to master: info cached_files file-0-c5ee5a022e0a239ae11f2cc3e034beda-query.fastq.4
2019/11/26 14:02:20.22 work_queue_worker[1] wq: tx to master: info cached_files file-0-bdb63e29446c6e8e27808af94d0bc963-query.fastq.9
2019/11/26 14:02:20.22 work_queue_worker[1] wq: tx to master: info cached_files file-0-0cadea4f68da3f941c5b5f0c963a59f8-ref.fasta.bwt
2019/11/26 14:02:20.22 work_queue_worker[1] wq: tx to master: info cached_files file-0-ec2b61782898a8d0b03d68fc63e81229-query.fastq.5
2019/11/26 14:02:20.22 work_queue_worker[1] wq: tx to master: info cached_files file-0-6a3566a41d4cc2c0ac4ec7bfaab41382-query.fastq.6
2019/11/26 14:02:20.22 work_queue_worker[1] wq: tx to master: info cached_files file-0-d4ff2b390cdd34b642d74a1cd1b59b97-ref.fasta.pac
2019/11/26 14:02:20.22 work_queue_worker[1] wq: tx to master: info cached_files file-0-971da570f958f7598fb58342dc472274-ref.fasta.sa
2019/11/26 14:02:20.22 work_queue_worker[1] wq: tx to master: info cached_files file-0-1aba5e7adecebe065db19a405fb8bdf0-ref.fasta.amb
2019/11/26 14:02:20.22 work_queue_worker[1] wq: tx to master: info cached_files file-0-b08c3e9746692f64bcb9a448620c7967-ref.fasta
2019/11/26 14:02:20.28 work_queue_worker[1] wq: linking cache/file-0-c5ee5a022e0a239ae11f2cc3e034beda-query.fastq.4 to /tmp/worker-0-1/t.6/query.fastq.4
2019/11/26 14:02:20.28 work_queue_worker[1] wq: linking cache/file-0-971da570f958f7598fb58342dc472274-ref.fasta.sa to /tmp/worker-0-1/t.6/ref.fasta.sa
2019/11/26 14:02:20.28 work_queue_worker[1] wq: linking cache/file-0-35f59a9883b4870b84f03717aff16002-ref.fasta.ann to /tmp/worker-0-1/t.6/ref.fasta.ann
2019/11/26 14:02:20.28 work_queue_worker[1] wq: linking cache/file-0-1aba5e7adecebe065db19a405fb8bdf0-ref.fasta.amb to /tmp/worker-0-1/t.6/ref.fasta.amb
2019/11/26 14:02:20.28 work_queue_worker[1] wq: linking cache/file-0-d4ff2b390cdd34b642d74a1cd1b59b97-ref.fasta.pac to /tmp/worker-0-1/t.6/ref.fasta.pac
2019/11/26 14:02:20.28 work_queue_worker[1] wq: linking cache/file-0-0cadea4f68da3f941c5b5f0c963a59f8-ref.fasta.bwt to /tmp/worker-0-1/t.6/ref.fasta.bwt
2019/11/26 14:02:20.28 work_queue_worker[1] wq: linking cache/file-0-b08c3e9746692f64bcb9a448620c7967-ref.fasta to /tmp/worker-0-1/t.6/ref.fasta
2019/11/26 14:02:20.28 work_queue_worker[1] wq: linking cache/file-0-a6be17d8a097bb9efd120be10bbc654c-bwa to /tmp/worker-0-1/t.6/bwa
2019/11/26 14:02:20.28 work_queue_worker[1] wq: Waiting task 6 has been forsaken.
2019/11/26 14:02:20.28 work_queue_worker[1] wq: tx to master: alive
2019/11/26 14:02:20.28 work_queue_worker[1] wq: Sending resource description to master:
2019/11/26 14:02:20.28 work_queue_worker[1] wq:  workers      0 inuse      1 total      1 smallest      1 largest
2019/11/26 14:02:20.28 work_queue_worker[1] wq:     disk    276 inuse 182612 total 182612 smallest 182612 largest
2019/11/26 14:02:20.28 work_queue_worker[1] wq:   memory      0 inuse   7749 total   7749 smallest   7749 largest
2019/11/26 14:02:20.28 work_queue_worker[1] wq:     gpus      0 inuse      0 total      0 smallest      0 largest
2019/11/26 14:02:20.28 work_queue_worker[1] wq:    cores      0 inuse      1 total      1 smallest      1 largest
2019/11/26 14:02:20.28 work_queue_worker[1] wq: tx to master: info end_of_resource_update 0
2019/11/26 14:02:20.28 work_queue_worker[1] wq: tx to master: info tasks_running 0
2019/11/26 14:02:20.28 work_queue_worker[1] wq: tx to master: info tasks_running 0
2019/11/26 14:02:20.28 work_queue_worker[1] wq: tx to master: available_results
2019/11/26 14:02:32.41 work_queue_worker[1] wq: rx from master: send_results -1
2019/11/26 14:02:32.41 work_queue_worker[1] wq: tx to master: result 40 0 0 0 6
2019/11/26 14:02:32.41 work_queue_worker[1] wq: tx to master: info tasks_running 0
2019/11/26 14:02:32.41 work_queue_worker[1] wq: tx to master: end
2019/11/26 14:02:35.25 work_queue_worker[1] wq: rx from master: check
2019/11/26 14:02:35.25 work_queue_worker[1] wq: tx to master: alive
2019/11/26 14:02:35.25 work_queue_worker[1] wq: tx to master: info tasks_running 0
2019/11/26 14:02:47.22 work_queue_worker[1] wq: rx from master: put file-0-048045060f61089a83cce204e6b8f151-corr.out 0 0644 1
2019/11/26 14:02:47.22 work_queue_worker[1] wq: Putting file file-0-048045060f61089a83cce204e6b8f151-corr.out into workspace
2019/11/26 14:02:47.22 work_queue_worker[1] wq: Dir /cache already exists in cache
2019/11/26 14:02:47.22 work_queue_worker[1] wq: ****BRUNO***** cp BARRA: -> cp ./cache/file-0-048045060f61089a83cce204e6b8f151-corr.out /cache.
2019/11/26 14:02:47.22 work_queue_worker[1] wq: rx from master: put file-0-d227f53ffa4906fec9c6df596e58665f-ref.fasta.89 1055000 0644 1
2019/11/26 14:02:47.22 work_queue_worker[1] wq: Putting file file-0-d227f53ffa4906fec9c6df596e58665f-ref.fasta.89 into workspace
2019/11/26 14:02:47.22 work_queue_worker[1] wq: Dir /cache already exists in cache
2019/11/26 14:02:47.58 work_queue_worker[1] wq: ****BRUNO***** cp BARRA: -> cp ./cache/file-0-d227f53ffa4906fec9c6df596e58665f-ref.fasta.89 /cache.
2019/11/26 14:02:47.59 work_queue_worker[1] wq: rx from master: put file-0-ddd728dc31a49bcd4cacae5676b4e7f7-Create_Corrected_AllLRReads.py 1402 0755 1
2019/11/26 14:02:47.59 work_queue_worker[1] wq: Putting file file-0-ddd728dc31a49bcd4cacae5676b4e7f7-Create_Corrected_AllLRReads.py into workspace
2019/11/26 14:02:47.59 work_queue_worker[1] wq: Dir /cache already exists in cache
2019/11/26 14:02:47.59 work_queue_worker[1] wq: ****BRUNO***** cp BARRA: -> cp ./cache/file-0-ddd728dc31a49bcd4cacae5676b4e7f7-Create_Corrected_AllLRReads.py /cache.
2019/11/26 14:02:47.59 work_queue_worker[1] wq: rx from master: task 23
2019/11/26 14:02:47.59 work_queue_worker[1] wq: rx from master: cmd 76
2019/11/26 14:02:47.59 work_queue_worker[1] wq: rx from master: python Create_Corrected_AllLRReads.py ref.fasta.89 corr.out 2> create.err.89
2019/11/26 14:02:47.59 work_queue_worker[1] wq: rx from master: category default
2019/11/26 14:02:47.59 work_queue_worker[1] wq: rx from master: cores 1
2019/11/26 14:02:47.59 work_queue_worker[1] wq: rx from master: memory 7749
2019/11/26 14:02:47.59 work_queue_worker[1] wq: rx from master: disk 182612
2019/11/26 14:02:47.59 work_queue_worker[1] wq: rx from master: gpus 0
2019/11/26 14:02:47.59 work_queue_worker[1] wq: rx from master: end_time 18446744073709551615
2019/11/26 14:02:47.59 work_queue_worker[1] wq: rx from master: wall_time 18446744073709551615
2019/11/26 14:02:47.59 work_queue_worker[1] wq: rx from master: env 7
2019/11/26 14:02:47.59 work_queue_worker[1] wq: rx from master: env 17
2019/11/26 14:02:47.59 work_queue_worker[1] wq: rx from master: infile file-0-048045060f61089a83cce204e6b8f151-corr.out corr.out 1
2019/11/26 14:02:47.59 work_queue_worker[1] wq: rx from master: infile file-0-d227f53ffa4906fec9c6df596e58665f-ref.fasta.89 ref.fasta.89 1
2019/11/26 14:02:47.59 work_queue_worker[1] wq: rx from master: infile file-0-ddd728dc31a49bcd4cacae5676b4e7f7-Create_Corrected_AllLRReads.py Create_Corrected_AllLRReads.py 1
2019/11/26 14:02:47.59 work_queue_worker[1] wq: rx from master: outfile file-0-054657e8f78fc0e80c99bd12930c6516-create.err.89 create.err.89 1
2019/11/26 14:02:47.59 work_queue_worker[1] wq: rx from master: outfile file-0-42bcf5e6aaa970b04b36214e6a1c7b2f-Corrected_ref.fasta.89 Corrected_ref.fasta.89 1
2019/11/26 14:02:47.59 work_queue_worker[1] wq: rx from master: end
2019/11/26 14:02:47.59 work_queue_worker[1] wq: tx to master: info cached_files file-0-ef7d821ac8daa95f0be4ce10eeaeb3c6-ref.fasta.93
2019/11/26 14:02:47.59 work_queue_worker[1] wq: tx to master: info cached_files file-0-ddd728dc31a49bcd4cacae5676b4e7f7-Create_Corrected_AllLRReads.py
2019/11/26 14:02:47.59 work_queue_worker[1] wq: tx to master: info cached_files file-0-36be22101ef1efa255f72734945e7792-query.fastq.1
2019/11/26 14:02:47.59 work_queue_worker[1] wq: tx to master: info cached_files file-0-d227f53ffa4906fec9c6df596e58665f-ref.fasta.89
2019/11/26 14:02:47.59 work_queue_worker[1] wq: tx to master: info cached_files file-0-7c5feeaf69ccc86ea59ef0ec05f2de87-ref.fasta.90
2019/11/26 14:02:47.59 work_queue_worker[1] wq: tx to master: info cached_files file-0-048045060f61089a83cce204e6b8f151-corr.out
2019/11/26 14:02:47.59 work_queue_worker[1] wq: tx to master: info cached_files file-0-4980f39c2875c027dae7602880a2b656-ref.fasta.92
2019/11/26 14:02:47.60 work_queue_worker[1] wq: linking cache/file-0-048045060f61089a83cce204e6b8f151-corr.out to /tmp/worker-0-1/t.23/corr.out
2019/11/26 14:02:47.60 work_queue_worker[1] wq: linking cache/file-0-d227f53ffa4906fec9c6df596e58665f-ref.fasta.89 to /tmp/worker-0-1/t.23/ref.fasta.89
2019/11/26 14:02:47.60 work_queue_worker[1] wq: linking cache/file-0-ddd728dc31a49bcd4cacae5676b4e7f7-Create_Corrected_AllLRReads.py to /tmp/worker-0-1/t.23/Create_Corrected_AllLRReads.py
2019/11/26 14:02:47.60 work_queue_worker[1] wq: started process 35: python Create_Corrected_AllLRReads.py ref.fasta.89 corr.out 2> create.err.89
2019/11/26 14:02:47.60 work_queue_worker[1] wq: tx to master: info tasks_running 1
2019/11/26 14:02:47.64 work_queue_worker[1] wq: task 23 (pid 35) exited normally with exit code 0
2019/11/26 14:02:47.64 work_queue_worker[1] wq: moving output file from /tmp/worker-0-1/t.23/create.err.89 to cache/file-0-054657e8f78fc0e80c99bd12930c6516-create.err.89
2019/11/26 14:02:47.64 work_queue_worker[1] wq: moving output file from /tmp/worker-0-1/t.23/Corrected_ref.fasta.89 to cache/file-0-42bcf5e6aaa970b04b36214e6a1c7b2f-Corrected_ref.fasta.89
2019/11/26 14:02:47.64 work_queue_worker[1] wq: tx to master: available_results
2019/11/26 14:02:47.87 work_queue_worker[1] wq: rx from master: send_results -1
2019/11/26 14:02:47.87 work_queue_worker[1] wq: tx to master: result 0 0 0 43726 23
2019/11/26 14:02:47.87 work_queue_worker[1] wq: tx to master: info tasks_running 0
2019/11/26 14:02:47.87 work_queue_worker[1] wq: tx to master: end
2019/11/26 14:02:47.87 work_queue_worker[1] wq: rx from master: get file-0-054657e8f78fc0e80c99bd12930c6516-create.err.89 1
2019/11/26 14:02:47.87 work_queue_worker[1] wq: tx to master: file file-0-054657e8f78fc0e80c99bd12930c6516-create.err.89 0
2019/11/26 14:02:47.87 work_queue_worker[1] wq: tx to master: end
2019/11/26 14:02:47.87 work_queue_worker[1] wq: rx from master: get file-0-42bcf5e6aaa970b04b36214e6a1c7b2f-Corrected_ref.fasta.89 1
2019/11/26 14:02:47.87 work_queue_worker[1] wq: tx to master: file file-0-42bcf5e6aaa970b04b36214e6a1c7b2f-Corrected_ref.fasta.89 1055000
2019/11/26 14:02:47.95 work_queue_worker[1] wq: tx to master: end
2019/11/26 14:02:47.96 work_queue_worker[1] wq: rx from master: kill 23
2019/11/26 14:02:47.96 work_queue_worker[1] wq: ---- DELETING: /tmp/worker-0-1/t.23
2019/11/26 14:02:48.28 work_queue_worker[1] wq: rx from master: put file-0-12f74b83f5f1f0924035fede1ab30a10-ref.fasta.55 1055000 0644 1
2019/11/26 14:02:48.28 work_queue_worker[1] wq: Putting file file-0-12f74b83f5f1f0924035fede1ab30a10-ref.fasta.55 into workspace
2019/11/26 14:02:48.28 work_queue_worker[1] wq: Dir /cache already exists in cache
2019/11/26 14:02:48.37 work_queue_worker[1] wq: ****BRUNO***** cp BARRA: -> cp ./cache/file-0-12f74b83f5f1f0924035fede1ab30a10-ref.fasta.55 /cache.
2019/11/26 14:02:48.37 work_queue_worker[1] wq: rx from master: task 57
2019/11/26 14:02:48.37 work_queue_worker[1] wq: rx from master: cmd 76
2019/11/26 14:02:48.37 work_queue_worker[1] wq: rx from master: python Create_Corrected_AllLRReads.py ref.fasta.55 corr.out 2> create.err.55
2019/11/26 14:02:48.37 work_queue_worker[1] wq: rx from master: category default
2019/11/26 14:02:48.38 work_queue_worker[1] wq: rx from master: cores 1
2019/11/26 14:02:48.38 work_queue_worker[1] wq: rx from master: memory 7749
2019/11/26 14:02:48.38 work_queue_worker[1] wq: rx from master: disk 182612
2019/11/26 14:02:48.38 work_queue_worker[1] wq: rx from master: gpus 0
2019/11/26 14:02:48.38 work_queue_worker[1] wq: rx from master: end_time 18446744073709551615
2019/11/26 14:02:48.38 work_queue_worker[1] wq: rx from master: wall_time 18446744073709551615
2019/11/26 14:02:48.38 work_queue_worker[1] wq: rx from master: env 7
2019/11/26 14:02:48.38 work_queue_worker[1] wq: rx from master: env 17
2019/11/26 14:02:48.38 work_queue_worker[1] wq: rx from master: infile file-0-048045060f61089a83cce204e6b8f151-corr.out corr.out 1
2019/11/26 14:02:48.38 work_queue_worker[1] wq: rx from master: infile file-0-12f74b83f5f1f0924035fede1ab30a10-ref.fasta.55 ref.fasta.55 1
2019/11/26 14:02:48.38 work_queue_worker[1] wq: rx from master: infile file-0-ddd728dc31a49bcd4cacae5676b4e7f7-Create_Corrected_AllLRReads.py Create_Corrected_AllLRReads.py 1
2019/11/26 14:02:48.38 work_queue_worker[1] wq: rx from master: outfile file-0-2ee36e1830168f96652a8d1e2dd02f6b-create.err.55 create.err.55 1
2019/11/26 14:02:48.38 work_queue_worker[1] wq: rx from master: outfile file-0-682cc99b4a867188595833ffeb7a68cf-Corrected_ref.fasta.55 Corrected_ref.fasta.55 1
2019/11/26 14:02:48.38 work_queue_worker[1] wq: rx from master: end
2019/11/26 14:02:48.38 work_queue_worker[1] wq: tx to master: info cached_files file-0-a63627e608d364336fb0c9b853994cba-ref.fasta.57
2019/11/26 14:02:48.38 work_queue_worker[1] wq: tx to master: info cached_files file-0-1e1985547bd185ddfff8586fb564cf05-ref.fasta.56
2019/11/26 14:02:48.38 work_queue_worker[1] wq: tx to master: info cached_files file-0-12f74b83f5f1f0924035fede1ab30a10-ref.fasta.55
2019/11/26 14:02:48.38 work_queue_worker[1] wq: tx to master: info cached_files file-0-5dddaa02cda0278338ee1a9573d0d495-ref.fasta.58
2019/11/26 14:02:48.38 work_queue_worker[1] wq: linking cache/file-0-048045060f61089a83cce204e6b8f151-corr.out to /tmp/worker-0-1/t.57/corr.out
2019/11/26 14:02:48.38 work_queue_worker[1] wq: linking cache/file-0-12f74b83f5f1f0924035fede1ab30a10-ref.fasta.55 to /tmp/worker-0-1/t.57/ref.fasta.55
2019/11/26 14:02:48.38 work_queue_worker[1] wq: linking cache/file-0-ddd728dc31a49bcd4cacae5676b4e7f7-Create_Corrected_AllLRReads.py to /tmp/worker-0-1/t.57/Create_Corrected_AllLRReads.py
2019/11/26 14:02:48.38 work_queue_worker[1] wq: started process 41: python Create_Corrected_AllLRReads.py ref.fasta.55 corr.out 2> create.err.55
2019/11/26 14:02:48.38 work_queue_worker[1] wq: tx to master: info tasks_running 1
2019/11/26 14:02:48.43 work_queue_worker[1] wq: task 57 (pid 41) exited normally with exit code 0
2019/11/26 14:02:48.43 work_queue_worker[1] wq: moving output file from /tmp/worker-0-1/t.57/create.err.55 to cache/file-0-2ee36e1830168f96652a8d1e2dd02f6b-create.err.55
2019/11/26 14:02:48.43 work_queue_worker[1] wq: moving output file from /tmp/worker-0-1/t.57/Corrected_ref.fasta.55 to cache/file-0-682cc99b4a867188595833ffeb7a68cf-Corrected_ref.fasta.55
2019/11/26 14:02:48.43 work_queue_worker[1] wq: tx to master: available_results
2019/11/26 14:02:48.67 work_queue_worker[1] wq: rx from master: send_results -1
2019/11/26 14:02:48.67 work_queue_worker[1] wq: tx to master: result 0 0 0 46198 57
2019/11/26 14:02:48.67 work_queue_worker[1] wq: tx to master: info tasks_running 0
2019/11/26 14:02:48.67 work_queue_worker[1] wq: tx to master: end
2019/11/26 14:02:48.67 work_queue_worker[1] wq: rx from master: get file-0-2ee36e1830168f96652a8d1e2dd02f6b-create.err.55 1
2019/11/26 14:02:48.67 work_queue_worker[1] wq: tx to master: file file-0-2ee36e1830168f96652a8d1e2dd02f6b-create.err.55 0
2019/11/26 14:02:48.67 work_queue_worker[1] wq: tx to master: end
2019/11/26 14:02:48.67 work_queue_worker[1] wq: rx from master: get file-0-682cc99b4a867188595833ffeb7a68cf-Corrected_ref.fasta.55 1
2019/11/26 14:02:48.67 work_queue_worker[1] wq: tx to master: file file-0-682cc99b4a867188595833ffeb7a68cf-Corrected_ref.fasta.55 1055000
2019/11/26 14:02:48.76 work_queue_worker[1] wq: tx to master: end
2019/11/26 14:02:48.77 work_queue_worker[1] wq: rx from master: kill 57
2019/11/26 14:02:48.77 work_queue_worker[1] wq: ---- DELETING: /tmp/worker-0-1/t.57
2019/11/26 14:02:49.08 work_queue_worker[1] wq: rx from master: put file-0-0286d1afff057cca7ea08b4e14e8c883-ref.fasta.21 1055000 0644 1
2019/11/26 14:02:49.08 work_queue_worker[1] wq: Putting file file-0-0286d1afff057cca7ea08b4e14e8c883-ref.fasta.21 into workspace
2019/11/26 14:02:49.08 work_queue_worker[1] wq: Dir /cache already exists in cache
2019/11/26 14:02:49.17 work_queue_worker[1] wq: ****BRUNO***** cp BARRA: -> cp ./cache/file-0-0286d1afff057cca7ea08b4e14e8c883-ref.fasta.21 /cache.
2019/11/26 14:02:49.17 work_queue_worker[1] wq: rx from master: task 91
2019/11/26 14:02:49.17 work_queue_worker[1] wq: rx from master: cmd 76
2019/11/26 14:02:49.17 work_queue_worker[1] wq: rx from master: python Create_Corrected_AllLRReads.py ref.fasta.21 corr.out 2> create.err.21
2019/11/26 14:02:49.17 work_queue_worker[1] wq: rx from master: category default
2019/11/26 14:02:49.17 work_queue_worker[1] wq: rx from master: cores 1
2019/11/26 14:02:49.17 work_queue_worker[1] wq: rx from master: memory 7749
2019/11/26 14:02:49.17 work_queue_worker[1] wq: rx from master: disk 182612
2019/11/26 14:02:49.17 work_queue_worker[1] wq: rx from master: gpus 0
2019/11/26 14:02:49.17 work_queue_worker[1] wq: rx from master: end_time 18446744073709551615
2019/11/26 14:02:49.17 work_queue_worker[1] wq: rx from master: wall_time 18446744073709551615
2019/11/26 14:02:49.17 work_queue_worker[1] wq: rx from master: env 7
2019/11/26 14:02:49.17 work_queue_worker[1] wq: rx from master: env 17
2019/11/26 14:02:49.17 work_queue_worker[1] wq: rx from master: infile file-0-048045060f61089a83cce204e6b8f151-corr.out corr.out 1
2019/11/26 14:02:49.17 work_queue_worker[1] wq: rx from master: infile file-0-0286d1afff057cca7ea08b4e14e8c883-ref.fasta.21 ref.fasta.21 1
2019/11/26 14:02:49.17 work_queue_worker[1] wq: rx from master: infile file-0-ddd728dc31a49bcd4cacae5676b4e7f7-Create_Corrected_AllLRReads.py Create_Corrected_AllLRReads.py 1
2019/11/26 14:02:49.17 work_queue_worker[1] wq: rx from master: outfile file-0-67c794aaa5c1fae64b4b5e6d6c878b00-create.err.21 create.err.21 1
2019/11/26 14:02:49.17 work_queue_worker[1] wq: rx from master: outfile file-0-c1cb08b64b5de71d251adcb19f1b89d9-Corrected_ref.fasta.21 Corrected_ref.fasta.21 1
2019/11/26 14:02:49.17 work_queue_worker[1] wq: rx from master: end
2019/11/26 14:02:49.17 work_queue_worker[1] wq: tx to master: info cached_files file-0-6cf9f33a625212dc074b741ec59773a3-ref.fasta.22
2019/11/26 14:02:49.17 work_queue_worker[1] wq: tx to master: info cached_files file-0-0286d1afff057cca7ea08b4e14e8c883-ref.fasta.21
2019/11/26 14:02:49.17 work_queue_worker[1] wq: tx to master: info cached_files file-0-6255fe77cdaff2878a49d0145ff6776f-ref.fasta.23
2019/11/26 14:02:49.18 work_queue_worker[1] wq: tx to master: info cached_files file-0-5b3b606ef2c77a0f099af1f26882e93e-ref.fasta.24
2019/11/26 14:02:49.18 work_queue_worker[1] wq: linking cache/file-0-048045060f61089a83cce204e6b8f151-corr.out to /tmp/worker-0-1/t.91/corr.out
2019/11/26 14:02:49.18 work_queue_worker[1] wq: linking cache/file-0-0286d1afff057cca7ea08b4e14e8c883-ref.fasta.21 to /tmp/worker-0-1/t.91/ref.fasta.21
2019/11/26 14:02:49.18 work_queue_worker[1] wq: linking cache/file-0-ddd728dc31a49bcd4cacae5676b4e7f7-Create_Corrected_AllLRReads.py to /tmp/worker-0-1/t.91/Create_Corrected_AllLRReads.py
2019/11/26 14:02:49.18 work_queue_worker[1] wq: started process 47: python Create_Corrected_AllLRReads.py ref.fasta.21 corr.out 2> create.err.21
2019/11/26 14:02:49.18 work_queue_worker[1] wq: tx to master: info tasks_running 1
2019/11/26 14:02:49.23 work_queue_worker[1] wq: task 91 (pid 47) exited normally with exit code 0
2019/11/26 14:02:49.23 work_queue_worker[1] wq: moving output file from /tmp/worker-0-1/t.91/create.err.21 to cache/file-0-67c794aaa5c1fae64b4b5e6d6c878b00-create.err.21
2019/11/26 14:02:49.23 work_queue_worker[1] wq: moving output file from /tmp/worker-0-1/t.91/Corrected_ref.fasta.21 to cache/file-0-c1cb08b64b5de71d251adcb19f1b89d9-Corrected_ref.fasta.21
2019/11/26 14:02:49.23 work_queue_worker[1] wq: tx to master: available_results
2019/11/26 14:02:49.45 work_queue_worker[1] wq: rx from master: send_results -1
2019/11/26 14:02:49.45 work_queue_worker[1] wq: tx to master: result 0 0 0 48317 91
2019/11/26 14:02:49.45 work_queue_worker[1] wq: tx to master: info tasks_running 0
2019/11/26 14:02:49.45 work_queue_worker[1] wq: tx to master: end
2019/11/26 14:02:49.45 work_queue_worker[1] wq: rx from master: get file-0-67c794aaa5c1fae64b4b5e6d6c878b00-create.err.21 1
2019/11/26 14:02:49.45 work_queue_worker[1] wq: tx to master: file file-0-67c794aaa5c1fae64b4b5e6d6c878b00-create.err.21 0
2019/11/26 14:02:49.45 work_queue_worker[1] wq: tx to master: end
2019/11/26 14:02:49.45 work_queue_worker[1] wq: rx from master: get file-0-c1cb08b64b5de71d251adcb19f1b89d9-Corrected_ref.fasta.21 1
2019/11/26 14:02:49.45 work_queue_worker[1] wq: tx to master: file file-0-c1cb08b64b5de71d251adcb19f1b89d9-Corrected_ref.fasta.21 1055000
2019/11/26 14:02:49.54 work_queue_worker[1] wq: tx to master: end
2019/11/26 14:02:49.55 work_queue_worker[1] wq: rx from master: kill 91
2019/11/26 14:02:49.55 work_queue_worker[1] wq: ---- DELETING: /tmp/worker-0-1/t.91
2019/11/26 14:02:50.80 work_queue_worker[1] wq: rx from master: release
2019/11/26 14:02:50.80 work_queue_worker[1] wq: released by master 10.0.231.2:1026.
2019/11/26 14:02:50.80 work_queue_worker[1] wq: *********** BRUNO ******** NOT cleaning workspace /tmp/worker-0-1
2019/11/26 14:02:50.80 work_queue_worker[1] wq: disconnecting from master 10.0.231.2:1026
2019/11/26 14:02:50.80 work_queue_worker[1] tcp: disconnected from 10.0.231.2 port 1026
2019/11/26 14:02:50.80 work_queue_worker[1] wq: killing all outstanding tasks
2019/11/26 14:02:50.80 work_queue_worker[1] wq: ---- DELETING: /tmp/worker-0-1/t.6
2019/11/26 14:02:50.80 work_queue_worker[1] wq: all data structures are clean
2019/11/26 14:02:51.80 work_queue_worker[1] tcp: connecting to 10.0.231.2 port 1026
