2019/11/23 19:07:24.46 #|1574536044.462742652|00#| work_queue_worker[1] debug: /root/cctools/bin/work_queue_worker version 8.0.0 DEVELOPMENT (released 2019-11-14 15:35:16 +0000)
2019/11/23 19:07:24.46 #|1574536044.463163365|00#| work_queue_worker[1] debug: Built by root@7e9ecba79f43 on 2019-11-14 15:35:16 +0000
2019/11/23 19:07:24.46 #|1574536044.463195795|00#| work_queue_worker[1] debug: System: Linux 7e9ecba79f43 5.0.0-32-generic #34~18.04.2-Ubuntu SMP Thu Oct 10 10:36:02 UTC 2019 x86_64 x86_64 x86_64 GNU/Linux
2019/11/23 19:07:24.46 #|1574536044.463226966|00#| work_queue_worker[1] debug: Configuration: --prefix /root/cctools
2019/11/23 19:07:24.46 #|1574536044.463617550|00#| work_queue_worker[1] wq: WORK_QUEUE_SANDBOX set to /tmp/worker-0-1.
2019/11/23 19:07:24.46 #|1574536044.464454122|00#| work_queue_worker[1] debug: error reading disk usage on directory: ./cache.
2019/11/23 19:07:24.46 #|1574536044.464508308|00#| work_queue_worker[1] dns: looking up name master
2019/11/23 19:07:24.46 #|1574536044.465921282|00#| work_queue_worker[1] dns: master is 10.0.138.11
2019/11/23 19:07:24.46 #|1574536044.465979508|00#| work_queue_worker[1] tcp: connecting to 10.0.138.11 port 1026
2019/11/23 19:07:24.46 #|1574536044.466567313|00#| work_queue_worker[1] tcp: made connection to 10.0.138.11 port 1026
2019/11/23 19:07:24.46 #|1574536044.466611344|00#| work_queue_worker[1] wq: connected to master master:1026 via local address 10.0.138.17:54552
2019/11/23 19:07:24.46 #|1574536044.466626544|00#| work_queue_worker[1] wq: preparing workspace /tmp/worker-0-1
2019/11/23 19:07:24.46 #|1574536044.466789418|00#| work_queue_worker[1] dns: looking up name a509d52a8b40
2019/11/23 19:07:24.46 #|1574536044.466863607|00#| work_queue_worker[1] dns: a509d52a8b40 is 10.0.138.17
2019/11/23 19:07:24.46 #|1574536044.466883264|00#| work_queue_worker[1] dns: looking up addr 10.0.138.17
2019/11/23 19:07:24.46 #|1574536044.466925978|00#| work_queue_worker[1] dns: 10.0.138.17 is a509d52a8b40
2019/11/23 19:07:24.46 #|1574536044.466942888|00#| work_queue_worker[1] dns: finding my hostname: uname = a509d52a8b40, address = 10.0.138.17, hostname = a509d52a8b40
2019/11/23 19:07:24.46 #|1574536044.466961634|00#| work_queue_worker[1] wq: tx to master: workqueue 8 a509d52a8b40 Linux x86_64 8.0.0
2019/11/23 19:07:24.46 #|1574536044.467044131|00#| work_queue_worker[1] wq: tx to master: info worker-id worker-5844ac82f8054ceb44317ea9e2d221dc
2019/11/23 19:07:24.46 #|1574536044.467099062|00#| work_queue_worker[1] wq: tx to master: alive
2019/11/23 19:07:24.46 #|1574536044.467151247|00#| work_queue_worker[1] wq: Sending resource description to master:
2019/11/23 19:07:24.46 #|1574536044.467166768|00#| work_queue_worker[1] wq:  workers      0 inuse      1 total      1 smallest      1 largest
2019/11/23 19:07:24.46 #|1574536044.467210061|00#| work_queue_worker[1] wq:     disk      0 inuse 183066 total 183066 smallest 183066 largest
2019/11/23 19:07:24.46 #|1574536044.467251934|00#| work_queue_worker[1] wq:   memory      0 inuse   7749 total   7749 smallest   7749 largest
2019/11/23 19:07:24.46 #|1574536044.467299231|00#| work_queue_worker[1] wq:     gpus      0 inuse      0 total      0 smallest      0 largest
2019/11/23 19:07:24.46 #|1574536044.467348820|00#| work_queue_worker[1] wq:    cores      0 inuse      1 total      1 smallest      1 largest
2019/11/23 19:07:24.46 #|1574536044.467506773|00#| work_queue_worker[1] wq: tx to master: info end_of_resource_update 0
2019/11/23 19:07:24.46 #|1574536044.467576400|00#| work_queue_worker[1] wq: tx to master: info tasks_running 0
2019/11/23 19:07:24.46 #|1574536044.467646960|00#| work_queue_worker[1] wq: working for master at 10.0.138.11:1026.
2019/11/23 19:09:27.26 #|1574536167.262878851|00#| work_queue_worker[1] wq: rx from master: put file-0-ec2b61782898a8d0b03d68fc63e81229-query.fastq.5 2044002 0644 1
2019/11/23 19:09:27.26 #|1574536167.262970281|00#| work_queue_worker[1] wq: Putting file file-0-ec2b61782898a8d0b03d68fc63e81229-query.fastq.5 into workspace
2019/11/23 19:09:27.44 #|1574536167.443046662|00#| work_queue_worker[1] wq: rx from master: put file-0-971da570f958f7598fb58342dc472274-ref.fasta.sa 50000056 0644 1
2019/11/23 19:09:27.44 #|1574536167.443116312|00#| work_queue_worker[1] wq: Putting file file-0-971da570f958f7598fb58342dc472274-ref.fasta.sa into workspace
2019/11/23 19:09:31.84 #|1574536171.844403968|00#| work_queue_worker[1] wq: rx from master: put file-0-35f59a9883b4870b84f03717aff16002-ref.fasta.ann 5866697 0644 1
2019/11/23 19:09:31.84 #|1574536171.844497622|00#| work_queue_worker[1] wq: Putting file file-0-35f59a9883b4870b84f03717aff16002-ref.fasta.ann into workspace
2019/11/23 19:09:32.36 #|1574536172.360398998|00#| work_queue_worker[1] wq: rx from master: put file-0-1aba5e7adecebe065db19a405fb8bdf0-ref.fasta.amb 19 0644 1
2019/11/23 19:09:32.36 #|1574536172.360513692|00#| work_queue_worker[1] wq: Putting file file-0-1aba5e7adecebe065db19a405fb8bdf0-ref.fasta.amb into workspace
2019/11/23 19:09:32.36 #|1574536172.360728920|00#| work_queue_worker[1] wq: rx from master: put file-0-d4ff2b390cdd34b642d74a1cd1b59b97-ref.fasta.pac 25000002 0644 1
2019/11/23 19:09:32.36 #|1574536172.360800817|00#| work_queue_worker[1] wq: Putting file file-0-d4ff2b390cdd34b642d74a1cd1b59b97-ref.fasta.pac into workspace
2019/11/23 19:09:34.56 #|1574536174.562419744|00#| work_queue_worker[1] wq: rx from master: put file-0-0cadea4f68da3f941c5b5f0c963a59f8-ref.fasta.bwt 100000072 0644 1
2019/11/23 19:09:34.56 #|1574536174.562528295|00#| work_queue_worker[1] wq: Putting file file-0-0cadea4f68da3f941c5b5f0c963a59f8-ref.fasta.bwt into workspace
2019/11/23 19:09:43.37 #|1574536183.374978517|00#| work_queue_worker[1] wq: rx from master: put file-0-b08c3e9746692f64bcb9a448620c7967-ref.fasta 105477790 0644 1
2019/11/23 19:09:43.37 #|1574536183.375101487|00#| work_queue_worker[1] wq: Putting file file-0-b08c3e9746692f64bcb9a448620c7967-ref.fasta into workspace
2019/11/23 19:09:52.69 #|1574536192.691995504|00#| work_queue_worker[1] wq: rx from master: put file-0-a6be17d8a097bb9efd120be10bbc654c-bwa 1444312 0755 1
2019/11/23 19:09:52.69 #|1574536192.692096502|00#| work_queue_worker[1] wq: Putting file file-0-a6be17d8a097bb9efd120be10bbc654c-bwa into workspace
2019/11/23 19:09:52.80 #|1574536192.807312891|00#| work_queue_worker[1] wq: rx from master: task 5
2019/11/23 19:09:52.80 #|1574536192.807409593|00#| work_queue_worker[1] wq: rx from master: cmd 58
2019/11/23 19:09:52.80 #|1574536192.807448954|00#| work_queue_worker[1] wq: rx from master: ./bwa mem ref.fasta query.fastq.5 > Out.5.sam 2> mem.5.err
2019/11/23 19:09:52.80 #|1574536192.807464613|00#| work_queue_worker[1] wq: rx from master: category default
2019/11/23 19:09:52.80 #|1574536192.807479970|00#| work_queue_worker[1] wq: rx from master: cores 1
2019/11/23 19:09:52.80 #|1574536192.807495329|00#| work_queue_worker[1] wq: rx from master: memory 7749
2019/11/23 19:09:52.80 #|1574536192.807509642|00#| work_queue_worker[1] wq: rx from master: disk 183066
2019/11/23 19:09:52.80 #|1574536192.807523858|00#| work_queue_worker[1] wq: rx from master: gpus 0
2019/11/23 19:09:52.80 #|1574536192.807538611|00#| work_queue_worker[1] wq: rx from master: end_time 18446744073709551615
2019/11/23 19:09:52.80 #|1574536192.807554446|00#| work_queue_worker[1] wq: rx from master: wall_time 18446744073709551615
2019/11/23 19:09:52.80 #|1574536192.807568776|00#| work_queue_worker[1] wq: rx from master: env 7
2019/11/23 19:09:52.80 #|1574536192.807586877|00#| work_queue_worker[1] wq: rx from master: env 17
2019/11/23 19:09:52.80 #|1574536192.807603731|00#| work_queue_worker[1] wq: rx from master: infile file-0-ec2b61782898a8d0b03d68fc63e81229-query.fastq.5 query.fastq.5 1
2019/11/23 19:09:52.80 #|1574536192.807647527|00#| work_queue_worker[1] wq: rx from master: infile file-0-971da570f958f7598fb58342dc472274-ref.fasta.sa ref.fasta.sa 1
2019/11/23 19:09:52.80 #|1574536192.807684244|00#| work_queue_worker[1] wq: rx from master: infile file-0-35f59a9883b4870b84f03717aff16002-ref.fasta.ann ref.fasta.ann 1
2019/11/23 19:09:52.80 #|1574536192.807719845|00#| work_queue_worker[1] wq: rx from master: infile file-0-1aba5e7adecebe065db19a405fb8bdf0-ref.fasta.amb ref.fasta.amb 1
2019/11/23 19:09:52.80 #|1574536192.807761474|00#| work_queue_worker[1] wq: rx from master: infile file-0-d4ff2b390cdd34b642d74a1cd1b59b97-ref.fasta.pac ref.fasta.pac 1
2019/11/23 19:09:52.80 #|1574536192.807798196|00#| work_queue_worker[1] wq: rx from master: infile file-0-0cadea4f68da3f941c5b5f0c963a59f8-ref.fasta.bwt ref.fasta.bwt 1
2019/11/23 19:09:52.80 #|1574536192.807834064|00#| work_queue_worker[1] wq: rx from master: infile file-0-b08c3e9746692f64bcb9a448620c7967-ref.fasta ref.fasta 1
2019/11/23 19:09:52.80 #|1574536192.807872710|00#| work_queue_worker[1] wq: rx from master: infile file-0-a6be17d8a097bb9efd120be10bbc654c-bwa bwa 1
2019/11/23 19:09:52.80 #|1574536192.807915376|00#| work_queue_worker[1] wq: rx from master: outfile file-0-6fd08e9df61df51f0003131ed2e6784a-mem.5.err mem.5.err 1
2019/11/23 19:09:52.80 #|1574536192.807950075|00#| work_queue_worker[1] wq: rx from master: outfile file-0-a656520dfc69a5e2eb96e803389c4ae4-Out.5.sam Out.5.sam 1
2019/11/23 19:09:52.80 #|1574536192.807982770|00#| work_queue_worker[1] wq: rx from master: end
2019/11/23 19:09:52.80 #|1574536192.808250389|00#| work_queue_worker[1] wq: linking cache/file-0-ec2b61782898a8d0b03d68fc63e81229-query.fastq.5 to /tmp/worker-0-1/t.5/query.fastq.5
2019/11/23 19:09:52.80 #|1574536192.808335255|00#| work_queue_worker[1] wq: linking cache/file-0-971da570f958f7598fb58342dc472274-ref.fasta.sa to /tmp/worker-0-1/t.5/ref.fasta.sa
2019/11/23 19:09:52.80 #|1574536192.808406902|00#| work_queue_worker[1] wq: linking cache/file-0-35f59a9883b4870b84f03717aff16002-ref.fasta.ann to /tmp/worker-0-1/t.5/ref.fasta.ann
2019/11/23 19:09:52.80 #|1574536192.808480707|00#| work_queue_worker[1] wq: linking cache/file-0-1aba5e7adecebe065db19a405fb8bdf0-ref.fasta.amb to /tmp/worker-0-1/t.5/ref.fasta.amb
2019/11/23 19:09:52.80 #|1574536192.808555990|00#| work_queue_worker[1] wq: linking cache/file-0-d4ff2b390cdd34b642d74a1cd1b59b97-ref.fasta.pac to /tmp/worker-0-1/t.5/ref.fasta.pac
2019/11/23 19:09:52.80 #|1574536192.808625269|00#| work_queue_worker[1] wq: linking cache/file-0-0cadea4f68da3f941c5b5f0c963a59f8-ref.fasta.bwt to /tmp/worker-0-1/t.5/ref.fasta.bwt
2019/11/23 19:09:52.80 #|1574536192.808694366|00#| work_queue_worker[1] wq: linking cache/file-0-b08c3e9746692f64bcb9a448620c7967-ref.fasta to /tmp/worker-0-1/t.5/ref.fasta
2019/11/23 19:09:52.80 #|1574536192.808773582|00#| work_queue_worker[1] wq: linking cache/file-0-a6be17d8a097bb9efd120be10bbc654c-bwa to /tmp/worker-0-1/t.5/bwa
2019/11/23 19:09:52.80 #|1574536192.808832319|00#| work_queue_worker[1] wq: Waiting task 5 has been forsaken.
2019/11/23 19:09:52.80 #|1574536192.808869266|00#| work_queue_worker[1] wq: tx to master: alive
2019/11/23 19:09:52.80 #|1574536192.808958327|00#| work_queue_worker[1] wq: Sending resource description to master:
2019/11/23 19:09:52.80 #|1574536192.808974475|00#| work_queue_worker[1] wq:  workers      0 inuse      1 total      1 smallest      1 largest
2019/11/23 19:09:52.80 #|1574536192.809037207|00#| work_queue_worker[1] wq:     disk    276 inuse 182683 total 182683 smallest 182683 largest
2019/11/23 19:09:52.80 #|1574536192.809102639|00#| work_queue_worker[1] wq:   memory      0 inuse   7749 total   7749 smallest   7749 largest
2019/11/23 19:09:52.80 #|1574536192.809166402|00#| work_queue_worker[1] wq:     gpus      0 inuse      0 total      0 smallest      0 largest
2019/11/23 19:09:52.80 #|1574536192.809238928|00#| work_queue_worker[1] wq:    cores      0 inuse      1 total      1 smallest      1 largest
2019/11/23 19:09:52.80 #|1574536192.809335521|00#| work_queue_worker[1] wq: tx to master: info end_of_resource_update 0
2019/11/23 19:09:52.80 #|1574536192.809400703|00#| work_queue_worker[1] wq: tx to master: info tasks_running 0
2019/11/23 19:09:52.80 #|1574536192.809464556|00#| work_queue_worker[1] wq: tx to master: info tasks_running 0
2019/11/23 19:09:52.80 #|1574536192.809558902|00#| work_queue_worker[1] wq: tx to master: available_results
2019/11/23 19:09:53.57 #|1574536193.575670969|00#| work_queue_worker[1] wq: rx from master: send_results -1
2019/11/23 19:09:53.57 #|1574536193.575841672|00#| work_queue_worker[1] wq: tx to master: result 40 0 0 0 5
2019/11/23 19:09:53.57 #|1574536193.576102057|00#| work_queue_worker[1] wq: tx to master: info tasks_running 0
2019/11/23 19:09:53.57 #|1574536193.576296789|00#| work_queue_worker[1] wq: tx to master: end
2019/11/23 19:09:53.57 #|1574536193.577228952|00#| work_queue_worker[1] wq: rx from master: put file-0-bdb63e29446c6e8e27808af94d0bc963-query.fastq.9 2044003 0644 1
2019/11/23 19:09:53.57 #|1574536193.577323368|00#| work_queue_worker[1] wq: Putting file file-0-bdb63e29446c6e8e27808af94d0bc963-query.fastq.9 into workspace
2019/11/23 19:09:53.75 #|1574536193.757446904|00#| work_queue_worker[1] wq: rx from master: task 1
2019/11/23 19:09:53.75 #|1574536193.757509444|00#| work_queue_worker[1] wq: rx from master: cmd 58
2019/11/23 19:09:53.75 #|1574536193.757552176|00#| work_queue_worker[1] wq: rx from master: ./bwa mem ref.fasta query.fastq.9 > Out.9.sam 2> mem.9.err
2019/11/23 19:09:53.75 #|1574536193.757576345|00#| work_queue_worker[1] wq: rx from master: category default
2019/11/23 19:09:53.75 #|1574536193.757600452|00#| work_queue_worker[1] wq: rx from master: cores 1
2019/11/23 19:09:53.75 #|1574536193.757624069|00#| work_queue_worker[1] wq: rx from master: memory 7749
2019/11/23 19:09:53.75 #|1574536193.757647174|00#| work_queue_worker[1] wq: rx from master: disk 182683
2019/11/23 19:09:53.75 #|1574536193.757669937|00#| work_queue_worker[1] wq: rx from master: gpus 0
2019/11/23 19:09:53.75 #|1574536193.757693752|00#| work_queue_worker[1] wq: rx from master: end_time 18446744073709551615
2019/11/23 19:09:53.75 #|1574536193.757719083|00#| work_queue_worker[1] wq: rx from master: wall_time 18446744073709551615
2019/11/23 19:09:53.75 #|1574536193.757742574|00#| work_queue_worker[1] wq: rx from master: env 7
2019/11/23 19:09:53.75 #|1574536193.757770669|00#| work_queue_worker[1] wq: rx from master: env 17
2019/11/23 19:09:53.75 #|1574536193.757798122|00#| work_queue_worker[1] wq: rx from master: infile file-0-bdb63e29446c6e8e27808af94d0bc963-query.fastq.9 query.fastq.9 1
2019/11/23 19:09:53.75 #|1574536193.757842701|00#| work_queue_worker[1] wq: rx from master: infile file-0-971da570f958f7598fb58342dc472274-ref.fasta.sa ref.fasta.sa 1
2019/11/23 19:09:53.75 #|1574536193.757881975|00#| work_queue_worker[1] wq: rx from master: infile file-0-35f59a9883b4870b84f03717aff16002-ref.fasta.ann ref.fasta.ann 1
2019/11/23 19:09:53.75 #|1574536193.757920593|00#| work_queue_worker[1] wq: rx from master: infile file-0-1aba5e7adecebe065db19a405fb8bdf0-ref.fasta.amb ref.fasta.amb 1
2019/11/23 19:09:53.75 #|1574536193.757958498|00#| work_queue_worker[1] wq: rx from master: infile file-0-d4ff2b390cdd34b642d74a1cd1b59b97-ref.fasta.pac ref.fasta.pac 1
2019/11/23 19:09:53.75 #|1574536193.757996227|00#| work_queue_worker[1] wq: rx from master: infile file-0-0cadea4f68da3f941c5b5f0c963a59f8-ref.fasta.bwt ref.fasta.bwt 1
2019/11/23 19:09:53.75 #|1574536193.758034246|00#| work_queue_worker[1] wq: rx from master: infile file-0-b08c3e9746692f64bcb9a448620c7967-ref.fasta ref.fasta 1
2019/11/23 19:09:53.75 #|1574536193.758071013|00#| work_queue_worker[1] wq: rx from master: infile file-0-a6be17d8a097bb9efd120be10bbc654c-bwa bwa 1
2019/11/23 19:09:53.75 #|1574536193.758107602|00#| work_queue_worker[1] wq: rx from master: outfile file-0-975aee508f6ee77c30cf000ff595c235-mem.9.err mem.9.err 1
2019/11/23 19:09:53.75 #|1574536193.758144973|00#| work_queue_worker[1] wq: rx from master: outfile file-0-533c4a30895b2ce3c27e79c302b4d22f-Out.9.sam Out.9.sam 1
2019/11/23 19:09:53.75 #|1574536193.758180013|00#| work_queue_worker[1] wq: rx from master: end
2019/11/23 19:09:53.75 #|1574536193.758438293|00#| work_queue_worker[1] wq: linking cache/file-0-bdb63e29446c6e8e27808af94d0bc963-query.fastq.9 to /tmp/worker-0-1/t.1/query.fastq.9
2019/11/23 19:09:53.75 #|1574536193.758528227|00#| work_queue_worker[1] wq: linking cache/file-0-971da570f958f7598fb58342dc472274-ref.fasta.sa to /tmp/worker-0-1/t.1/ref.fasta.sa
2019/11/23 19:09:53.75 #|1574536193.758606372|00#| work_queue_worker[1] wq: linking cache/file-0-35f59a9883b4870b84f03717aff16002-ref.fasta.ann to /tmp/worker-0-1/t.1/ref.fasta.ann
2019/11/23 19:09:53.75 #|1574536193.758695095|00#| work_queue_worker[1] wq: linking cache/file-0-1aba5e7adecebe065db19a405fb8bdf0-ref.fasta.amb to /tmp/worker-0-1/t.1/ref.fasta.amb
2019/11/23 19:09:53.75 #|1574536193.758771667|00#| work_queue_worker[1] wq: linking cache/file-0-d4ff2b390cdd34b642d74a1cd1b59b97-ref.fasta.pac to /tmp/worker-0-1/t.1/ref.fasta.pac
2019/11/23 19:09:53.75 #|1574536193.758851273|00#| work_queue_worker[1] wq: linking cache/file-0-0cadea4f68da3f941c5b5f0c963a59f8-ref.fasta.bwt to /tmp/worker-0-1/t.1/ref.fasta.bwt
2019/11/23 19:09:53.75 #|1574536193.758926858|00#| work_queue_worker[1] wq: linking cache/file-0-b08c3e9746692f64bcb9a448620c7967-ref.fasta to /tmp/worker-0-1/t.1/ref.fasta
2019/11/23 19:09:53.75 #|1574536193.759001530|00#| work_queue_worker[1] wq: linking cache/file-0-a6be17d8a097bb9efd120be10bbc654c-bwa to /tmp/worker-0-1/t.1/bwa
2019/11/23 19:09:53.75 #|1574536193.759476631|00#| work_queue_worker[1] wq: started process 9: ./bwa mem ref.fasta query.fastq.9 > Out.9.sam 2> mem.9.err
2019/11/23 19:09:53.75 #|1574536193.759583981|00#| work_queue_worker[1] wq: tx to master: info tasks_running 1
2019/11/23 19:09:54.95 #|1574536194.959973789|00#| work_queue_worker[1] wq: task 1 (pid 9) exited normally with exit code 0
2019/11/23 19:09:54.96 #|1574536194.960109813|00#| work_queue_worker[1] wq: moving output file from /tmp/worker-0-1/t.1/mem.9.err to cache/file-0-975aee508f6ee77c30cf000ff595c235-mem.9.err
2019/11/23 19:09:54.96 #|1574536194.960222396|00#| work_queue_worker[1] wq: moving output file from /tmp/worker-0-1/t.1/Out.9.sam to cache/file-0-533c4a30895b2ce3c27e79c302b4d22f-Out.9.sam
2019/11/23 19:09:54.96 #|1574536194.960313947|00#| work_queue_worker[1] wq: tx to master: available_results
2019/11/23 19:10:19.34 #|1574536219.349973616|00#| work_queue_worker[1] wq: rx from master: send_results -1
2019/11/23 19:10:19.35 #|1574536219.350124213|00#| work_queue_worker[1] wq: tx to master: result 0 0 0 1200967 1
2019/11/23 19:10:19.35 #|1574536219.350223835|00#| work_queue_worker[1] wq: tx to master: info tasks_running 0
2019/11/23 19:10:19.35 #|1574536219.350303731|00#| work_queue_worker[1] wq: tx to master: end
2019/11/23 19:10:19.35 #|1574536219.355751322|00#| work_queue_worker[1] wq: rx from master: get file-0-975aee508f6ee77c30cf000ff595c235-mem.9.err 1
2019/11/23 19:10:19.35 #|1574536219.355880886|00#| work_queue_worker[1] wq: tx to master: file file-0-975aee508f6ee77c30cf000ff595c235-mem.9.err 416
2019/11/23 19:10:19.35 #|1574536219.356119658|00#| work_queue_worker[1] wq: tx to master: end
2019/11/23 19:10:19.36 #|1574536219.361550859|00#| work_queue_worker[1] wq: rx from master: get file-0-533c4a30895b2ce3c27e79c302b4d22f-Out.9.sam 1
2019/11/23 19:10:19.36 #|1574536219.361630569|00#| work_queue_worker[1] wq: tx to master: file file-0-533c4a30895b2ce3c27e79c302b4d22f-Out.9.sam 7093204
2019/11/23 19:10:19.98 #|1574536219.985896165|00#| work_queue_worker[1] wq: tx to master: end
2019/11/23 19:10:20.04 #|1574536220.44123653|00#| work_queue_worker[1] wq: rx from master: kill 1
2019/11/23 19:10:20.70 #|1574536220.702333369|00#| work_queue_worker[1] wq: rx from master: put file-0-ca460a46b92c00497c427b9d5c9ec7aa-query.fastq.2 2044000 0644 1
2019/11/23 19:10:20.70 #|1574536220.702448129|00#| work_queue_worker[1] wq: Putting file file-0-ca460a46b92c00497c427b9d5c9ec7aa-query.fastq.2 into workspace
2019/11/23 19:10:20.88 #|1574536220.883325136|00#| work_queue_worker[1] wq: rx from master: task 8
2019/11/23 19:10:20.88 #|1574536220.883376417|00#| work_queue_worker[1] wq: rx from master: cmd 58
2019/11/23 19:10:20.88 #|1574536220.883454188|00#| work_queue_worker[1] wq: rx from master: ./bwa mem ref.fasta query.fastq.2 > Out.2.sam 2> mem.2.err
2019/11/23 19:10:20.88 #|1574536220.883473445|00#| work_queue_worker[1] wq: rx from master: category default
2019/11/23 19:10:20.88 #|1574536220.883489572|00#| work_queue_worker[1] wq: rx from master: cores 1
2019/11/23 19:10:20.88 #|1574536220.883516290|00#| work_queue_worker[1] wq: rx from master: memory 7749
2019/11/23 19:10:20.88 #|1574536220.883532968|00#| work_queue_worker[1] wq: rx from master: disk 182683
2019/11/23 19:10:20.88 #|1574536220.883548596|00#| work_queue_worker[1] wq: rx from master: gpus 0
2019/11/23 19:10:20.88 #|1574536220.883564682|00#| work_queue_worker[1] wq: rx from master: end_time 18446744073709551615
2019/11/23 19:10:20.88 #|1574536220.883580579|00#| work_queue_worker[1] wq: rx from master: wall_time 18446744073709551615
2019/11/23 19:10:20.88 #|1574536220.883596034|00#| work_queue_worker[1] wq: rx from master: env 7
2019/11/23 19:10:20.88 #|1574536220.883616098|00#| work_queue_worker[1] wq: rx from master: env 17
2019/11/23 19:10:20.88 #|1574536220.883634672|00#| work_queue_worker[1] wq: rx from master: infile file-0-ca460a46b92c00497c427b9d5c9ec7aa-query.fastq.2 query.fastq.2 1
2019/11/23 19:10:20.88 #|1574536220.883668577|00#| work_queue_worker[1] wq: rx from master: infile file-0-971da570f958f7598fb58342dc472274-ref.fasta.sa ref.fasta.sa 1
2019/11/23 19:10:20.88 #|1574536220.883695050|00#| work_queue_worker[1] wq: rx from master: infile file-0-35f59a9883b4870b84f03717aff16002-ref.fasta.ann ref.fasta.ann 1
2019/11/23 19:10:20.88 #|1574536220.883721601|00#| work_queue_worker[1] wq: rx from master: infile file-0-1aba5e7adecebe065db19a405fb8bdf0-ref.fasta.amb ref.fasta.amb 1
2019/11/23 19:10:20.88 #|1574536220.883748017|00#| work_queue_worker[1] wq: rx from master: infile file-0-d4ff2b390cdd34b642d74a1cd1b59b97-ref.fasta.pac ref.fasta.pac 1
2019/11/23 19:10:20.88 #|1574536220.883773155|00#| work_queue_worker[1] wq: rx from master: infile file-0-0cadea4f68da3f941c5b5f0c963a59f8-ref.fasta.bwt ref.fasta.bwt 1
2019/11/23 19:10:20.88 #|1574536220.883798080|00#| work_queue_worker[1] wq: rx from master: infile file-0-b08c3e9746692f64bcb9a448620c7967-ref.fasta ref.fasta 1
2019/11/23 19:10:20.88 #|1574536220.883822271|00#| work_queue_worker[1] wq: rx from master: infile file-0-a6be17d8a097bb9efd120be10bbc654c-bwa bwa 1
2019/11/23 19:10:20.88 #|1574536220.883846356|00#| work_queue_worker[1] wq: rx from master: outfile file-0-730e573ef19149b34ec9475cd2ba239d-mem.2.err mem.2.err 1
2019/11/23 19:10:20.88 #|1574536220.883870865|00#| work_queue_worker[1] wq: rx from master: outfile file-0-f0aa8031066b5c6b6b1c1aff5e2012fc-Out.2.sam Out.2.sam 1
2019/11/23 19:10:20.88 #|1574536220.883894740|00#| work_queue_worker[1] wq: rx from master: end
2019/11/23 19:10:20.88 #|1574536220.884088150|00#| work_queue_worker[1] wq: linking cache/file-0-ca460a46b92c00497c427b9d5c9ec7aa-query.fastq.2 to /tmp/worker-0-1/t.8/query.fastq.2
2019/11/23 19:10:20.88 #|1574536220.884151574|00#| work_queue_worker[1] wq: linking cache/file-0-971da570f958f7598fb58342dc472274-ref.fasta.sa to /tmp/worker-0-1/t.8/ref.fasta.sa
2019/11/23 19:10:20.88 #|1574536220.884206211|00#| work_queue_worker[1] wq: linking cache/file-0-35f59a9883b4870b84f03717aff16002-ref.fasta.ann to /tmp/worker-0-1/t.8/ref.fasta.ann
2019/11/23 19:10:20.88 #|1574536220.884260313|00#| work_queue_worker[1] wq: linking cache/file-0-1aba5e7adecebe065db19a405fb8bdf0-ref.fasta.amb to /tmp/worker-0-1/t.8/ref.fasta.amb
2019/11/23 19:10:20.88 #|1574536220.884312608|00#| work_queue_worker[1] wq: linking cache/file-0-d4ff2b390cdd34b642d74a1cd1b59b97-ref.fasta.pac to /tmp/worker-0-1/t.8/ref.fasta.pac
2019/11/23 19:10:20.88 #|1574536220.884363480|00#| work_queue_worker[1] wq: linking cache/file-0-0cadea4f68da3f941c5b5f0c963a59f8-ref.fasta.bwt to /tmp/worker-0-1/t.8/ref.fasta.bwt
2019/11/23 19:10:20.88 #|1574536220.884415510|00#| work_queue_worker[1] wq: linking cache/file-0-b08c3e9746692f64bcb9a448620c7967-ref.fasta to /tmp/worker-0-1/t.8/ref.fasta
2019/11/23 19:10:20.88 #|1574536220.884465523|00#| work_queue_worker[1] wq: linking cache/file-0-a6be17d8a097bb9efd120be10bbc654c-bwa to /tmp/worker-0-1/t.8/bwa
2019/11/23 19:10:20.88 #|1574536220.884508479|00#| work_queue_worker[1] wq: Waiting task 8 has been forsaken.
2019/11/23 19:10:20.88 #|1574536220.884524761|00#| work_queue_worker[1] wq: tx to master: alive
2019/11/23 19:10:20.88 #|1574536220.884628133|00#| work_queue_worker[1] wq: Sending resource description to master:
2019/11/23 19:10:20.88 #|1574536220.884644699|00#| work_queue_worker[1] wq:  workers      0 inuse      1 total      1 smallest      1 largest
2019/11/23 19:10:20.88 #|1574536220.884704521|00#| work_queue_worker[1] wq:     disk    286 inuse 182496 total 182496 smallest 182496 largest
2019/11/23 19:10:20.88 #|1574536220.884765544|00#| work_queue_worker[1] wq:   memory      0 inuse   7749 total   7749 smallest   7749 largest
2019/11/23 19:10:20.88 #|1574536220.884817802|00#| work_queue_worker[1] wq:     gpus      0 inuse      0 total      0 smallest      0 largest
2019/11/23 19:10:20.88 #|1574536220.884870245|00#| work_queue_worker[1] wq:    cores      0 inuse      1 total      1 smallest      1 largest
2019/11/23 19:10:20.88 #|1574536220.884946693|00#| work_queue_worker[1] wq: tx to master: info end_of_resource_update 0
2019/11/23 19:10:20.88 #|1574536220.884996195|00#| work_queue_worker[1] wq: tx to master: info tasks_running 0
2019/11/23 19:10:20.88 #|1574536220.885042664|00#| work_queue_worker[1] wq: tx to master: info tasks_running 0
2019/11/23 19:10:20.88 #|1574536220.885094730|00#| work_queue_worker[1] wq: tx to master: available_results
2019/11/23 19:10:20.88 #|1574536220.885587661|00#| work_queue_worker[1] wq: rx from master: send_results -1
2019/11/23 19:10:20.88 #|1574536220.885619386|00#| work_queue_worker[1] wq: tx to master: result 40 0 0 0 8
2019/11/23 19:10:20.88 #|1574536220.885676436|00#| work_queue_worker[1] wq: tx to master: info tasks_running 0
2019/11/23 19:10:20.88 #|1574536220.885728141|00#| work_queue_worker[1] wq: tx to master: end
2019/11/23 19:10:20.88 #|1574536220.886255924|00#| work_queue_worker[1] wq: rx from master: task 8
2019/11/23 19:10:20.88 #|1574536220.886325087|00#| work_queue_worker[1] wq: rx from master: cmd 58
2019/11/23 19:10:20.88 #|1574536220.886381809|00#| work_queue_worker[1] wq: rx from master: ./bwa mem ref.fasta query.fastq.2 > Out.2.sam 2> mem.2.err
2019/11/23 19:10:20.88 #|1574536220.886399197|00#| work_queue_worker[1] wq: rx from master: category default
2019/11/23 19:10:20.88 #|1574536220.886447986|00#| work_queue_worker[1] wq: rx from master: cores 1
2019/11/23 19:10:20.88 #|1574536220.886470024|00#| work_queue_worker[1] wq: rx from master: memory 7749
2019/11/23 19:10:20.88 #|1574536220.886520769|00#| work_queue_worker[1] wq: rx from master: disk 182496
2019/11/23 19:10:20.88 #|1574536220.886544473|00#| work_queue_worker[1] wq: rx from master: gpus 0
2019/11/23 19:10:20.88 #|1574536220.886562565|00#| work_queue_worker[1] wq: rx from master: end_time 18446744073709551615
2019/11/23 19:10:20.88 #|1574536220.886614353|00#| work_queue_worker[1] wq: rx from master: wall_time 18446744073709551615
2019/11/23 19:10:20.88 #|1574536220.886635336|00#| work_queue_worker[1] wq: rx from master: env 7
2019/11/23 19:10:20.88 #|1574536220.886660196|00#| work_queue_worker[1] wq: rx from master: env 17
2019/11/23 19:10:20.88 #|1574536220.886714209|00#| work_queue_worker[1] wq: rx from master: infile file-0-ca460a46b92c00497c427b9d5c9ec7aa-query.fastq.2 query.fastq.2 1
2019/11/23 19:10:20.88 #|1574536220.886750034|00#| work_queue_worker[1] wq: rx from master: infile file-0-971da570f958f7598fb58342dc472274-ref.fasta.sa ref.fasta.sa 1
2019/11/23 19:10:20.88 #|1574536220.886780390|00#| work_queue_worker[1] wq: rx from master: infile file-0-35f59a9883b4870b84f03717aff16002-ref.fasta.ann ref.fasta.ann 1
2019/11/23 19:10:20.88 #|1574536220.886841210|00#| work_queue_worker[1] wq: rx from master: infile file-0-1aba5e7adecebe065db19a405fb8bdf0-ref.fasta.amb ref.fasta.amb 1
2019/11/23 19:10:20.88 #|1574536220.886876500|00#| work_queue_worker[1] wq: rx from master: infile file-0-d4ff2b390cdd34b642d74a1cd1b59b97-ref.fasta.pac ref.fasta.pac 1
2019/11/23 19:10:20.88 #|1574536220.886909998|00#| work_queue_worker[1] wq: rx from master: infile file-0-0cadea4f68da3f941c5b5f0c963a59f8-ref.fasta.bwt ref.fasta.bwt 1
2019/11/23 19:10:20.88 #|1574536220.886968897|00#| work_queue_worker[1] wq: rx from master: infile file-0-b08c3e9746692f64bcb9a448620c7967-ref.fasta ref.fasta 1
2019/11/23 19:10:20.88 #|1574536220.887155010|00#| work_queue_worker[1] wq: rx from master: infile file-0-a6be17d8a097bb9efd120be10bbc654c-bwa bwa 1
2019/11/23 19:10:20.88 #|1574536220.887184231|00#| work_queue_worker[1] wq: rx from master: outfile file-0-730e573ef19149b34ec9475cd2ba239d-mem.2.err mem.2.err 1
2019/11/23 19:10:20.88 #|1574536220.887209826|00#| work_queue_worker[1] wq: rx from master: outfile file-0-f0aa8031066b5c6b6b1c1aff5e2012fc-Out.2.sam Out.2.sam 1
2019/11/23 19:10:20.88 #|1574536220.887233163|00#| work_queue_worker[1] wq: rx from master: end
2019/11/23 19:10:20.88 #|1574536220.887380358|00#| work_queue_worker[1] wq: linking cache/file-0-ca460a46b92c00497c427b9d5c9ec7aa-query.fastq.2 to /tmp/worker-0-1/t.8/query.fastq.2
2019/11/23 19:10:20.88 #|1574536220.887490466|00#| work_queue_worker[1] wq: linking cache/file-0-971da570f958f7598fb58342dc472274-ref.fasta.sa to /tmp/worker-0-1/t.8/ref.fasta.sa
2019/11/23 19:10:20.88 #|1574536220.887541610|00#| work_queue_worker[1] wq: linking cache/file-0-35f59a9883b4870b84f03717aff16002-ref.fasta.ann to /tmp/worker-0-1/t.8/ref.fasta.ann
2019/11/23 19:10:20.88 #|1574536220.887590825|00#| work_queue_worker[1] wq: linking cache/file-0-1aba5e7adecebe065db19a405fb8bdf0-ref.fasta.amb to /tmp/worker-0-1/t.8/ref.fasta.amb
2019/11/23 19:10:20.88 #|1574536220.887638639|00#| work_queue_worker[1] wq: linking cache/file-0-d4ff2b390cdd34b642d74a1cd1b59b97-ref.fasta.pac to /tmp/worker-0-1/t.8/ref.fasta.pac
2019/11/23 19:10:20.88 #|1574536220.887686589|00#| work_queue_worker[1] wq: linking cache/file-0-0cadea4f68da3f941c5b5f0c963a59f8-ref.fasta.bwt to /tmp/worker-0-1/t.8/ref.fasta.bwt
2019/11/23 19:10:20.88 #|1574536220.887733628|00#| work_queue_worker[1] wq: linking cache/file-0-b08c3e9746692f64bcb9a448620c7967-ref.fasta to /tmp/worker-0-1/t.8/ref.fasta
2019/11/23 19:10:20.88 #|1574536220.887782080|00#| work_queue_worker[1] wq: linking cache/file-0-a6be17d8a097bb9efd120be10bbc654c-bwa to /tmp/worker-0-1/t.8/bwa
2019/11/23 19:10:20.88 #|1574536220.888039229|00#| work_queue_worker[1] wq: started process 17: ./bwa mem ref.fasta query.fastq.2 > Out.2.sam 2> mem.2.err
2019/11/23 19:10:20.88 #|1574536220.888087039|00#| work_queue_worker[1] wq: tx to master: info tasks_running 1
2019/11/23 19:10:22.18 #|1574536222.184159389|00#| work_queue_worker[1] wq: task 8 (pid 17) exited normally with exit code 0
2019/11/23 19:10:22.18 #|1574536222.184202706|00#| work_queue_worker[1] wq: moving output file from /tmp/worker-0-1/t.8/mem.2.err to cache/file-0-730e573ef19149b34ec9475cd2ba239d-mem.2.err
2019/11/23 19:10:22.18 #|1574536222.184287575|00#| work_queue_worker[1] wq: moving output file from /tmp/worker-0-1/t.8/Out.2.sam to cache/file-0-f0aa8031066b5c6b6b1c1aff5e2012fc-Out.2.sam
2019/11/23 19:10:22.18 #|1574536222.184340867|00#| work_queue_worker[1] wq: tx to master: available_results
2019/11/23 19:10:22.27 #|1574536222.273654361|00#| work_queue_worker[1] wq: rx from master: send_results -1
2019/11/23 19:10:22.27 #|1574536222.273814504|00#| work_queue_worker[1] wq: tx to master: result 0 0 0 1296337 8
2019/11/23 19:10:22.27 #|1574536222.274017541|00#| work_queue_worker[1] wq: tx to master: info tasks_running 0
2019/11/23 19:10:22.27 #|1574536222.274249721|00#| work_queue_worker[1] wq: tx to master: end
2019/11/23 19:10:23.63 #|1574536223.631528583|00#| work_queue_worker[1] wq: rx from master: get file-0-730e573ef19149b34ec9475cd2ba239d-mem.2.err 1
2019/11/23 19:10:23.63 #|1574536223.631712794|00#| work_queue_worker[1] wq: tx to master: file file-0-730e573ef19149b34ec9475cd2ba239d-mem.2.err 297
2019/11/23 19:10:23.63 #|1574536223.632085001|00#| work_queue_worker[1] wq: tx to master: end
2019/11/23 19:10:23.63 #|1574536223.632858187|00#| work_queue_worker[1] wq: rx from master: get file-0-f0aa8031066b5c6b6b1c1aff5e2012fc-Out.2.sam 1
2019/11/23 19:10:23.63 #|1574536223.632959072|00#| work_queue_worker[1] wq: tx to master: file file-0-f0aa8031066b5c6b6b1c1aff5e2012fc-Out.2.sam 7097295
2019/11/23 19:10:24.22 #|1574536224.223315539|00#| work_queue_worker[1] wq: tx to master: end
2019/11/23 19:10:24.26 #|1574536224.260705142|00#| work_queue_worker[1] wq: rx from master: kill 8
2019/11/23 19:10:34.75 #|1574536234.759101733|00#| work_queue_worker[1] wq: rx from master: put file-0-048045060f61089a83cce204e6b8f151-corr.out 0 0644 1
2019/11/23 19:10:34.75 #|1574536234.759222626|00#| work_queue_worker[1] wq: Putting file file-0-048045060f61089a83cce204e6b8f151-corr.out into workspace
2019/11/23 19:10:34.75 #|1574536234.759494393|00#| work_queue_worker[1] wq: rx from master: put file-0-2dd01aa1d6ecd63ec055ab381d19f030-ref.fasta.94 1055000 0644 1
2019/11/23 19:10:34.75 #|1574536234.759585922|00#| work_queue_worker[1] wq: Putting file file-0-2dd01aa1d6ecd63ec055ab381d19f030-ref.fasta.94 into workspace
2019/11/23 19:10:35.03 #|1574536235.34045002|00#| work_queue_worker[1] wq: rx from master: put file-0-ddd728dc31a49bcd4cacae5676b4e7f7-Create_Corrected_AllLRReads.py 1402 0755 1
2019/11/23 19:10:35.03 #|1574536235.34183144|00#| work_queue_worker[1] wq: Putting file file-0-ddd728dc31a49bcd4cacae5676b4e7f7-Create_Corrected_AllLRReads.py into workspace
2019/11/23 19:10:35.03 #|1574536235.34384371|00#| work_queue_worker[1] wq: rx from master: task 18
2019/11/23 19:10:35.03 #|1574536235.34447956|00#| work_queue_worker[1] wq: rx from master: cmd 76
2019/11/23 19:10:35.03 #|1574536235.34485642|00#| work_queue_worker[1] wq: rx from master: python Create_Corrected_AllLRReads.py ref.fasta.94 corr.out 2> create.err.94
2019/11/23 19:10:35.03 #|1574536235.34520326|00#| work_queue_worker[1] wq: rx from master: category default
2019/11/23 19:10:35.03 #|1574536235.34552270|00#| work_queue_worker[1] wq: rx from master: cores 1
2019/11/23 19:10:35.03 #|1574536235.34581246|00#| work_queue_worker[1] wq: rx from master: memory 7749
2019/11/23 19:10:35.03 #|1574536235.34600268|00#| work_queue_worker[1] wq: rx from master: disk 182496
2019/11/23 19:10:35.03 #|1574536235.34617883|00#| work_queue_worker[1] wq: rx from master: gpus 0
2019/11/23 19:10:35.03 #|1574536235.34636005|00#| work_queue_worker[1] wq: rx from master: end_time 18446744073709551615
2019/11/23 19:10:35.03 #|1574536235.34655194|00#| work_queue_worker[1] wq: rx from master: wall_time 18446744073709551615
2019/11/23 19:10:35.03 #|1574536235.34672969|00#| work_queue_worker[1] wq: rx from master: env 7
2019/11/23 19:10:35.03 #|1574536235.34695461|00#| work_queue_worker[1] wq: rx from master: env 17
2019/11/23 19:10:35.03 #|1574536235.34716369|00#| work_queue_worker[1] wq: rx from master: infile file-0-048045060f61089a83cce204e6b8f151-corr.out corr.out 1
2019/11/23 19:10:35.03 #|1574536235.34775896|00#| work_queue_worker[1] wq: rx from master: infile file-0-2dd01aa1d6ecd63ec055ab381d19f030-ref.fasta.94 ref.fasta.94 1
2019/11/23 19:10:35.03 #|1574536235.34897505|00#| work_queue_worker[1] wq: rx from master: infile file-0-ddd728dc31a49bcd4cacae5676b4e7f7-Create_Corrected_AllLRReads.py Create_Corrected_AllLRReads.py 1
2019/11/23 19:10:35.03 #|1574536235.34960994|00#| work_queue_worker[1] wq: rx from master: outfile file-0-e0f82e6a134c8c3e4f5d60248d78aa5a-create.err.94 create.err.94 1
2019/11/23 19:10:35.03 #|1574536235.35008550|00#| work_queue_worker[1] wq: rx from master: outfile file-0-4fbcb939e1a528429f280245d2634f18-Corrected_ref.fasta.94 Corrected_ref.fasta.94 1
2019/11/23 19:10:35.03 #|1574536235.35040557|00#| work_queue_worker[1] wq: rx from master: end
2019/11/23 19:10:35.03 #|1574536235.35324748|00#| work_queue_worker[1] wq: linking cache/file-0-048045060f61089a83cce204e6b8f151-corr.out to /tmp/worker-0-1/t.18/corr.out
2019/11/23 19:10:35.03 #|1574536235.35472035|00#| work_queue_worker[1] wq: linking cache/file-0-2dd01aa1d6ecd63ec055ab381d19f030-ref.fasta.94 to /tmp/worker-0-1/t.18/ref.fasta.94
2019/11/23 19:10:35.03 #|1574536235.35575160|00#| work_queue_worker[1] wq: linking cache/file-0-ddd728dc31a49bcd4cacae5676b4e7f7-Create_Corrected_AllLRReads.py to /tmp/worker-0-1/t.18/Create_Corrected_AllLRReads.py
2019/11/23 19:10:35.03 #|1574536235.35953702|00#| work_queue_worker[1] wq: started process 23: python Create_Corrected_AllLRReads.py ref.fasta.94 corr.out 2> create.err.94
2019/11/23 19:10:35.03 #|1574536235.36043927|00#| work_queue_worker[1] wq: tx to master: info tasks_running 1
2019/11/23 19:10:35.09 #|1574536235.91290040|00#| work_queue_worker[1] wq: task 18 (pid 23) exited normally with exit code 0
2019/11/23 19:10:35.09 #|1574536235.91330071|00#| work_queue_worker[1] wq: moving output file from /tmp/worker-0-1/t.18/create.err.94 to cache/file-0-e0f82e6a134c8c3e4f5d60248d78aa5a-create.err.94
2019/11/23 19:10:35.09 #|1574536235.91429523|00#| work_queue_worker[1] wq: moving output file from /tmp/worker-0-1/t.18/Corrected_ref.fasta.94 to cache/file-0-4fbcb939e1a528429f280245d2634f18-Corrected_ref.fasta.94
2019/11/23 19:10:35.09 #|1574536235.91487213|00#| work_queue_worker[1] wq: tx to master: available_results
2019/11/23 19:10:35.10 #|1574536235.102251692|00#| work_queue_worker[1] wq: rx from master: send_results -1
2019/11/23 19:10:35.10 #|1574536235.102301425|00#| work_queue_worker[1] wq: tx to master: result 0 0 0 55643 18
2019/11/23 19:10:35.10 #|1574536235.102368413|00#| work_queue_worker[1] wq: tx to master: info tasks_running 0
2019/11/23 19:10:35.10 #|1574536235.102422090|00#| work_queue_worker[1] wq: tx to master: end
2019/11/23 19:10:35.11 #|1574536235.112212296|00#| work_queue_worker[1] wq: rx from master: get file-0-e0f82e6a134c8c3e4f5d60248d78aa5a-create.err.94 1
2019/11/23 19:10:35.11 #|1574536235.112270091|00#| work_queue_worker[1] wq: tx to master: file file-0-e0f82e6a134c8c3e4f5d60248d78aa5a-create.err.94 0
2019/11/23 19:10:35.11 #|1574536235.112340686|00#| work_queue_worker[1] wq: tx to master: end
2019/11/23 19:10:35.11 #|1574536235.116983129|00#| work_queue_worker[1] wq: rx from master: get file-0-4fbcb939e1a528429f280245d2634f18-Corrected_ref.fasta.94 1
2019/11/23 19:10:35.11 #|1574536235.117023020|00#| work_queue_worker[1] wq: tx to master: file file-0-4fbcb939e1a528429f280245d2634f18-Corrected_ref.fasta.94 1055000
2019/11/23 19:10:35.16 #|1574536235.167823669|00#| work_queue_worker[1] wq: tx to master: end
2019/11/23 19:10:35.21 #|1574536235.216967097|00#| work_queue_worker[1] wq: rx from master: kill 18
2019/11/23 19:10:35.46 #|1574536235.461270374|00#| work_queue_worker[1] wq: rx from master: put file-0-a1b07747a9a300e5e67fd64459349a47-ref.fasta.72 1055000 0644 1
2019/11/23 19:10:35.46 #|1574536235.461430377|00#| work_queue_worker[1] wq: Putting file file-0-a1b07747a9a300e5e67fd64459349a47-ref.fasta.72 into workspace
2019/11/23 19:10:35.73 #|1574536235.735583187|00#| work_queue_worker[1] wq: rx from master: task 40
2019/11/23 19:10:35.73 #|1574536235.735847220|00#| work_queue_worker[1] wq: rx from master: cmd 76
2019/11/23 19:10:35.73 #|1574536235.736090299|00#| work_queue_worker[1] wq: rx from master: python Create_Corrected_AllLRReads.py ref.fasta.72 corr.out 2> create.err.72
2019/11/23 19:10:35.73 #|1574536235.736364094|00#| work_queue_worker[1] wq: rx from master: category default
2019/11/23 19:10:35.73 #|1574536235.736610204|00#| work_queue_worker[1] wq: rx from master: cores 1
2019/11/23 19:10:35.73 #|1574536235.736883093|00#| work_queue_worker[1] wq: rx from master: memory 7749
2019/11/23 19:10:35.73 #|1574536235.737160222|00#| work_queue_worker[1] wq: rx from master: disk 182496
2019/11/23 19:10:35.73 #|1574536235.737176965|00#| work_queue_worker[1] wq: rx from master: gpus 0
2019/11/23 19:10:35.73 #|1574536235.737188746|00#| work_queue_worker[1] wq: rx from master: end_time 18446744073709551615
2019/11/23 19:10:35.73 #|1574536235.737200732|00#| work_queue_worker[1] wq: rx from master: wall_time 18446744073709551615
2019/11/23 19:10:35.73 #|1574536235.737211844|00#| work_queue_worker[1] wq: rx from master: env 7
2019/11/23 19:10:35.73 #|1574536235.737225822|00#| work_queue_worker[1] wq: rx from master: env 17
2019/11/23 19:10:35.73 #|1574536235.737238807|00#| work_queue_worker[1] wq: rx from master: infile file-0-048045060f61089a83cce204e6b8f151-corr.out corr.out 1
2019/11/23 19:10:35.73 #|1574536235.737269567|00#| work_queue_worker[1] wq: rx from master: infile file-0-a1b07747a9a300e5e67fd64459349a47-ref.fasta.72 ref.fasta.72 1
2019/11/23 19:10:35.73 #|1574536235.737305604|00#| work_queue_worker[1] wq: rx from master: infile file-0-ddd728dc31a49bcd4cacae5676b4e7f7-Create_Corrected_AllLRReads.py Create_Corrected_AllLRReads.py 1
2019/11/23 19:10:35.73 #|1574536235.737325709|00#| work_queue_worker[1] wq: rx from master: outfile file-0-6f32f5cbb1ce990ff7772ce7715c3b51-create.err.72 create.err.72 1
2019/11/23 19:10:35.73 #|1574536235.737344454|00#| work_queue_worker[1] wq: rx from master: outfile file-0-41d1dfe28d35e21e64901603f8b6ea00-Corrected_ref.fasta.72 Corrected_ref.fasta.72 1
2019/11/23 19:10:35.73 #|1574536235.737362495|00#| work_queue_worker[1] wq: rx from master: end
2019/11/23 19:10:35.73 #|1574536235.737524111|00#| work_queue_worker[1] wq: linking cache/file-0-048045060f61089a83cce204e6b8f151-corr.out to /tmp/worker-0-1/t.40/corr.out
2019/11/23 19:10:35.73 #|1574536235.737574113|00#| work_queue_worker[1] wq: linking cache/file-0-a1b07747a9a300e5e67fd64459349a47-ref.fasta.72 to /tmp/worker-0-1/t.40/ref.fasta.72
2019/11/23 19:10:35.73 #|1574536235.737614165|00#| work_queue_worker[1] wq: linking cache/file-0-ddd728dc31a49bcd4cacae5676b4e7f7-Create_Corrected_AllLRReads.py to /tmp/worker-0-1/t.40/Create_Corrected_AllLRReads.py
2019/11/23 19:10:35.73 #|1574536235.737863504|00#| work_queue_worker[1] wq: started process 25: python Create_Corrected_AllLRReads.py ref.fasta.72 corr.out 2> create.err.72
2019/11/23 19:10:35.73 #|1574536235.737916627|00#| work_queue_worker[1] wq: tx to master: info tasks_running 1
2019/11/23 19:10:35.80 #|1574536235.801552054|00#| work_queue_worker[1] wq: task 40 (pid 25) exited normally with exit code 0
2019/11/23 19:10:35.80 #|1574536235.801594491|00#| work_queue_worker[1] wq: moving output file from /tmp/worker-0-1/t.40/create.err.72 to cache/file-0-6f32f5cbb1ce990ff7772ce7715c3b51-create.err.72
2019/11/23 19:10:35.80 #|1574536235.801658199|00#| work_queue_worker[1] wq: moving output file from /tmp/worker-0-1/t.40/Corrected_ref.fasta.72 to cache/file-0-41d1dfe28d35e21e64901603f8b6ea00-Corrected_ref.fasta.72
2019/11/23 19:10:35.80 #|1574536235.801691945|00#| work_queue_worker[1] wq: tx to master: available_results
2019/11/23 19:10:35.92 #|1574536235.926014257|00#| work_queue_worker[1] wq: rx from master: send_results -1
2019/11/23 19:10:35.92 #|1574536235.926103726|00#| work_queue_worker[1] wq: tx to master: result 0 0 0 63890 40
2019/11/23 19:10:35.92 #|1574536235.926223150|00#| work_queue_worker[1] wq: tx to master: info tasks_running 0
2019/11/23 19:10:35.92 #|1574536235.926306494|00#| work_queue_worker[1] wq: tx to master: end
2019/11/23 19:10:35.92 #|1574536235.928783723|00#| work_queue_worker[1] wq: rx from master: get file-0-6f32f5cbb1ce990ff7772ce7715c3b51-create.err.72 1
2019/11/23 19:10:35.92 #|1574536235.928876510|00#| work_queue_worker[1] wq: tx to master: file file-0-6f32f5cbb1ce990ff7772ce7715c3b51-create.err.72 0
2019/11/23 19:10:35.92 #|1574536235.928995980|00#| work_queue_worker[1] wq: tx to master: end
2019/11/23 19:10:35.92 #|1574536235.929665613|00#| work_queue_worker[1] wq: rx from master: get file-0-41d1dfe28d35e21e64901603f8b6ea00-Corrected_ref.fasta.72 1
2019/11/23 19:10:35.92 #|1574536235.929745385|00#| work_queue_worker[1] wq: tx to master: file file-0-41d1dfe28d35e21e64901603f8b6ea00-Corrected_ref.fasta.72 1055000
2019/11/23 19:10:35.97 #|1574536235.975826780|00#| work_queue_worker[1] wq: tx to master: end
2019/11/23 19:10:36.02 #|1574536236.23655349|00#| work_queue_worker[1] wq: rx from master: kill 40
2019/11/23 19:10:36.35 #|1574536236.351164003|00#| work_queue_worker[1] wq: rx from master: put file-0-1e2ccc2800e62719f71c768767d32c8d-ref.fasta.48 1055000 0644 1
2019/11/23 19:10:36.35 #|1574536236.351246769|00#| work_queue_worker[1] wq: Putting file file-0-1e2ccc2800e62719f71c768767d32c8d-ref.fasta.48 into workspace
2019/11/23 19:10:36.53 #|1574536236.538941616|00#| work_queue_worker[1] wq: rx from master: task 64
2019/11/23 19:10:36.53 #|1574536236.539103856|00#| work_queue_worker[1] wq: rx from master: cmd 76
2019/11/23 19:10:36.53 #|1574536236.539246019|00#| work_queue_worker[1] wq: rx from master: python Create_Corrected_AllLRReads.py ref.fasta.48 corr.out 2> create.err.48
2019/11/23 19:10:36.53 #|1574536236.539475068|00#| work_queue_worker[1] wq: rx from master: category default
2019/11/23 19:10:36.53 #|1574536236.539530860|00#| work_queue_worker[1] wq: rx from master: cores 1
2019/11/23 19:10:36.53 #|1574536236.539662259|00#| work_queue_worker[1] wq: rx from master: memory 7749
2019/11/23 19:10:36.53 #|1574536236.539781345|00#| work_queue_worker[1] wq: rx from master: disk 182496
2019/11/23 19:10:36.53 #|1574536236.539956699|00#| work_queue_worker[1] wq: rx from master: gpus 0
2019/11/23 19:10:36.54 #|1574536236.540039251|00#| work_queue_worker[1] wq: rx from master: end_time 18446744073709551615
2019/11/23 19:10:36.54 #|1574536236.540226914|00#| work_queue_worker[1] wq: rx from master: wall_time 18446744073709551615
2019/11/23 19:10:36.54 #|1574536236.540345836|00#| work_queue_worker[1] wq: rx from master: env 7
2019/11/23 19:10:36.54 #|1574536236.540497011|00#| work_queue_worker[1] wq: rx from master: env 17
2019/11/23 19:10:36.54 #|1574536236.540676145|00#| work_queue_worker[1] wq: rx from master: infile file-0-048045060f61089a83cce204e6b8f151-corr.out corr.out 1
2019/11/23 19:10:36.54 #|1574536236.540824336|00#| work_queue_worker[1] wq: rx from master: infile file-0-1e2ccc2800e62719f71c768767d32c8d-ref.fasta.48 ref.fasta.48 1
2019/11/23 19:10:36.54 #|1574536236.540947924|00#| work_queue_worker[1] wq: rx from master: infile file-0-ddd728dc31a49bcd4cacae5676b4e7f7-Create_Corrected_AllLRReads.py Create_Corrected_AllLRReads.py 1
2019/11/23 19:10:36.54 #|1574536236.541060073|00#| work_queue_worker[1] wq: rx from master: outfile file-0-a710c50d96823087a5b8e033d795912d-create.err.48 create.err.48 1
2019/11/23 19:10:36.54 #|1574536236.541270549|00#| work_queue_worker[1] wq: rx from master: outfile file-0-4a10cc5262a82fc72240c561c3a7773c-Corrected_ref.fasta.48 Corrected_ref.fasta.48 1
2019/11/23 19:10:36.54 #|1574536236.541446192|00#| work_queue_worker[1] wq: rx from master: end
2019/11/23 19:10:36.54 #|1574536236.541693727|00#| work_queue_worker[1] wq: linking cache/file-0-048045060f61089a83cce204e6b8f151-corr.out to /tmp/worker-0-1/t.64/corr.out
2019/11/23 19:10:36.54 #|1574536236.541787789|00#| work_queue_worker[1] wq: linking cache/file-0-1e2ccc2800e62719f71c768767d32c8d-ref.fasta.48 to /tmp/worker-0-1/t.64/ref.fasta.48
2019/11/23 19:10:36.54 #|1574536236.541873699|00#| work_queue_worker[1] wq: linking cache/file-0-ddd728dc31a49bcd4cacae5676b4e7f7-Create_Corrected_AllLRReads.py to /tmp/worker-0-1/t.64/Create_Corrected_AllLRReads.py
2019/11/23 19:10:36.54 #|1574536236.542207864|00#| work_queue_worker[1] wq: started process 27: python Create_Corrected_AllLRReads.py ref.fasta.48 corr.out 2> create.err.48
2019/11/23 19:10:36.54 #|1574536236.542277314|00#| work_queue_worker[1] wq: tx to master: info tasks_running 1
2019/11/23 19:10:36.60 #|1574536236.605414478|00#| work_queue_worker[1] wq: task 64 (pid 27) exited normally with exit code 0
2019/11/23 19:10:36.60 #|1574536236.605450330|00#| work_queue_worker[1] wq: moving output file from /tmp/worker-0-1/t.64/create.err.48 to cache/file-0-a710c50d96823087a5b8e033d795912d-create.err.48
2019/11/23 19:10:36.60 #|1574536236.605517632|00#| work_queue_worker[1] wq: moving output file from /tmp/worker-0-1/t.64/Corrected_ref.fasta.48 to cache/file-0-4a10cc5262a82fc72240c561c3a7773c-Corrected_ref.fasta.48
2019/11/23 19:10:36.60 #|1574536236.605564099|00#| work_queue_worker[1] wq: tx to master: available_results
2019/11/23 19:10:36.68 #|1574536236.683934742|00#| work_queue_worker[1] wq: rx from master: send_results -1
2019/11/23 19:10:36.68 #|1574536236.684002683|00#| work_queue_worker[1] wq: tx to master: result 0 0 0 63462 64
2019/11/23 19:10:36.68 #|1574536236.684071283|00#| work_queue_worker[1] wq: tx to master: info tasks_running 0
2019/11/23 19:10:36.68 #|1574536236.684125699|00#| work_queue_worker[1] wq: tx to master: end
2019/11/23 19:10:36.79 #|1574536236.794898960|00#| work_queue_worker[1] wq: rx from master: get file-0-a710c50d96823087a5b8e033d795912d-create.err.48 1
2019/11/23 19:10:36.79 #|1574536236.795027048|00#| work_queue_worker[1] wq: tx to master: file file-0-a710c50d96823087a5b8e033d795912d-create.err.48 0
2019/11/23 19:10:36.79 #|1574536236.795145032|00#| work_queue_worker[1] wq: tx to master: end
2019/11/23 19:10:36.79 #|1574536236.795708826|00#| work_queue_worker[1] wq: rx from master: get file-0-4a10cc5262a82fc72240c561c3a7773c-Corrected_ref.fasta.48 1
2019/11/23 19:10:36.79 #|1574536236.795772134|00#| work_queue_worker[1] wq: tx to master: file file-0-4a10cc5262a82fc72240c561c3a7773c-Corrected_ref.fasta.48 1055000
2019/11/23 19:10:36.84 #|1574536236.842157371|00#| work_queue_worker[1] wq: tx to master: end
2019/11/23 19:10:36.88 #|1574536236.889596737|00#| work_queue_worker[1] wq: rx from master: kill 64
2019/11/23 19:10:37.18 #|1574536237.180535000|00#| work_queue_worker[1] wq: rx from master: put file-0-fb3ec5b7bc74b099f9b85fafce1dcdf1-ref.fasta.29 1055000 0644 1
2019/11/23 19:10:37.18 #|1574536237.180641651|00#| work_queue_worker[1] wq: Putting file file-0-fb3ec5b7bc74b099f9b85fafce1dcdf1-ref.fasta.29 into workspace
2019/11/23 19:10:37.38 #|1574536237.388699651|00#| work_queue_worker[1] wq: rx from master: task 83
2019/11/23 19:10:37.38 #|1574536237.388842593|00#| work_queue_worker[1] wq: rx from master: cmd 76
2019/11/23 19:10:37.38 #|1574536237.388961650|00#| work_queue_worker[1] wq: rx from master: python Create_Corrected_AllLRReads.py ref.fasta.29 corr.out 2> create.err.29
2019/11/23 19:10:37.38 #|1574536237.389091869|00#| work_queue_worker[1] wq: rx from master: category default
2019/11/23 19:10:37.38 #|1574536237.389279825|00#| work_queue_worker[1] wq: rx from master: cores 1
2019/11/23 19:10:37.38 #|1574536237.389381046|00#| work_queue_worker[1] wq: rx from master: memory 7749
2019/11/23 19:10:37.38 #|1574536237.389548913|00#| work_queue_worker[1] wq: rx from master: disk 182496
2019/11/23 19:10:37.38 #|1574536237.389631204|00#| work_queue_worker[1] wq: rx from master: gpus 0
2019/11/23 19:10:37.38 #|1574536237.389822245|00#| work_queue_worker[1] wq: rx from master: end_time 18446744073709551615
2019/11/23 19:10:37.38 #|1574536237.389931931|00#| work_queue_worker[1] wq: rx from master: wall_time 18446744073709551615
2019/11/23 19:10:37.39 #|1574536237.390073308|00#| work_queue_worker[1] wq: rx from master: env 7
2019/11/23 19:10:37.39 #|1574536237.390209541|00#| work_queue_worker[1] wq: rx from master: env 17
2019/11/23 19:10:37.39 #|1574536237.390368969|00#| work_queue_worker[1] wq: rx from master: infile file-0-048045060f61089a83cce204e6b8f151-corr.out corr.out 1
2019/11/23 19:10:37.39 #|1574536237.390545192|00#| work_queue_worker[1] wq: rx from master: infile file-0-fb3ec5b7bc74b099f9b85fafce1dcdf1-ref.fasta.29 ref.fasta.29 1
2019/11/23 19:10:37.39 #|1574536237.390679813|00#| work_queue_worker[1] wq: rx from master: infile file-0-ddd728dc31a49bcd4cacae5676b4e7f7-Create_Corrected_AllLRReads.py Create_Corrected_AllLRReads.py 1
2019/11/23 19:10:37.39 #|1574536237.390855096|00#| work_queue_worker[1] wq: rx from master: outfile file-0-de0405f7fa2731fe730715b07826fa8f-create.err.29 create.err.29 1
2019/11/23 19:10:37.39 #|1574536237.390969013|00#| work_queue_worker[1] wq: rx from master: outfile file-0-ea0eb8fdd2cc687ef99ff993b180393f-Corrected_ref.fasta.29 Corrected_ref.fasta.29 1
2019/11/23 19:10:37.39 #|1574536237.391082136|00#| work_queue_worker[1] wq: rx from master: end
2019/11/23 19:10:37.39 #|1574536237.391273638|00#| work_queue_worker[1] wq: linking cache/file-0-048045060f61089a83cce204e6b8f151-corr.out to /tmp/worker-0-1/t.83/corr.out
2019/11/23 19:10:37.39 #|1574536237.391337226|00#| work_queue_worker[1] wq: linking cache/file-0-fb3ec5b7bc74b099f9b85fafce1dcdf1-ref.fasta.29 to /tmp/worker-0-1/t.83/ref.fasta.29
2019/11/23 19:10:37.39 #|1574536237.391432563|00#| work_queue_worker[1] wq: linking cache/file-0-ddd728dc31a49bcd4cacae5676b4e7f7-Create_Corrected_AllLRReads.py to /tmp/worker-0-1/t.83/Create_Corrected_AllLRReads.py
2019/11/23 19:10:37.39 #|1574536237.391792373|00#| work_queue_worker[1] wq: started process 29: python Create_Corrected_AllLRReads.py ref.fasta.29 corr.out 2> create.err.29
2019/11/23 19:10:37.39 #|1574536237.391854702|00#| work_queue_worker[1] wq: tx to master: info tasks_running 1
2019/11/23 19:10:37.44 #|1574536237.441063968|00#| work_queue_worker[1] wq: task 83 (pid 29) exited normally with exit code 0
2019/11/23 19:10:37.44 #|1574536237.441115615|00#| work_queue_worker[1] wq: moving output file from /tmp/worker-0-1/t.83/create.err.29 to cache/file-0-de0405f7fa2731fe730715b07826fa8f-create.err.29
2019/11/23 19:10:37.44 #|1574536237.441184886|00#| work_queue_worker[1] wq: moving output file from /tmp/worker-0-1/t.83/Corrected_ref.fasta.29 to cache/file-0-ea0eb8fdd2cc687ef99ff993b180393f-Corrected_ref.fasta.29
2019/11/23 19:10:37.44 #|1574536237.441227480|00#| work_queue_worker[1] wq: tx to master: available_results
2019/11/23 19:10:37.44 #|1574536237.447175451|00#| work_queue_worker[1] wq: rx from master: send_results -1
2019/11/23 19:10:37.44 #|1574536237.447229222|00#| work_queue_worker[1] wq: tx to master: result 0 0 0 49553 83
2019/11/23 19:10:37.44 #|1574536237.447302165|00#| work_queue_worker[1] wq: tx to master: info tasks_running 0
2019/11/23 19:10:37.44 #|1574536237.447354511|00#| work_queue_worker[1] wq: tx to master: end
2019/11/23 19:10:37.45 #|1574536237.452125160|00#| work_queue_worker[1] wq: rx from master: get file-0-de0405f7fa2731fe730715b07826fa8f-create.err.29 1
2019/11/23 19:10:37.45 #|1574536237.452201503|00#| work_queue_worker[1] wq: tx to master: file file-0-de0405f7fa2731fe730715b07826fa8f-create.err.29 0
2019/11/23 19:10:37.45 #|1574536237.452336057|00#| work_queue_worker[1] wq: tx to master: end
2019/11/23 19:10:37.45 #|1574536237.456944371|00#| work_queue_worker[1] wq: rx from master: get file-0-ea0eb8fdd2cc687ef99ff993b180393f-Corrected_ref.fasta.29 1
2019/11/23 19:10:37.45 #|1574536237.457007095|00#| work_queue_worker[1] wq: tx to master: file file-0-ea0eb8fdd2cc687ef99ff993b180393f-Corrected_ref.fasta.29 1055000
2019/11/23 19:10:37.50 #|1574536237.506997950|00#| work_queue_worker[1] wq: tx to master: end
2019/11/23 19:10:37.55 #|1574536237.554108057|00#| work_queue_worker[1] wq: rx from master: kill 83
2019/11/23 19:10:37.80 #|1574536237.804416678|00#| work_queue_worker[1] wq: rx from master: put file-0-917a4e2b83f3c1cbe7ad084772249437-ref.fasta.12 1055000 0644 1
2019/11/23 19:10:37.80 #|1574536237.804522575|00#| work_queue_worker[1] wq: Putting file file-0-917a4e2b83f3c1cbe7ad084772249437-ref.fasta.12 into workspace
2019/11/23 19:10:38.04 #|1574536238.49123677|00#| work_queue_worker[1] wq: rx from master: task 100
2019/11/23 19:10:38.04 #|1574536238.49225173|00#| work_queue_worker[1] wq: rx from master: cmd 76
2019/11/23 19:10:38.04 #|1574536238.49262157|00#| work_queue_worker[1] wq: rx from master: python Create_Corrected_AllLRReads.py ref.fasta.12 corr.out 2> create.err.12
2019/11/23 19:10:38.04 #|1574536238.49336172|00#| work_queue_worker[1] wq: rx from master: category default
2019/11/23 19:10:38.04 #|1574536238.49366970|00#| work_queue_worker[1] wq: rx from master: cores 1
2019/11/23 19:10:38.04 #|1574536238.49396584|00#| work_queue_worker[1] wq: rx from master: memory 7749
2019/11/23 19:10:38.04 #|1574536238.49466791|00#| work_queue_worker[1] wq: rx from master: disk 182496
2019/11/23 19:10:38.04 #|1574536238.49538059|00#| work_queue_worker[1] wq: rx from master: gpus 0
2019/11/23 19:10:38.04 #|1574536238.49604830|00#| work_queue_worker[1] wq: rx from master: end_time 18446744073709551615
2019/11/23 19:10:38.04 #|1574536238.49799353|00#| work_queue_worker[1] wq: rx from master: wall_time 18446744073709551615
2019/11/23 19:10:38.04 #|1574536238.49925072|00#| work_queue_worker[1] wq: rx from master: env 7
2019/11/23 19:10:38.05 #|1574536238.50061476|00#| work_queue_worker[1] wq: rx from master: env 17
2019/11/23 19:10:38.05 #|1574536238.50164160|00#| work_queue_worker[1] wq: rx from master: infile file-0-048045060f61089a83cce204e6b8f151-corr.out corr.out 1
2019/11/23 19:10:38.05 #|1574536238.50325459|00#| work_queue_worker[1] wq: rx from master: infile file-0-917a4e2b83f3c1cbe7ad084772249437-ref.fasta.12 ref.fasta.12 1
2019/11/23 19:10:38.05 #|1574536238.50429428|00#| work_queue_worker[1] wq: rx from master: infile file-0-ddd728dc31a49bcd4cacae5676b4e7f7-Create_Corrected_AllLRReads.py Create_Corrected_AllLRReads.py 1
2019/11/23 19:10:38.05 #|1574536238.50596839|00#| work_queue_worker[1] wq: rx from master: outfile file-0-8aecc227118d96a417c2f5db84c4dd02-create.err.12 create.err.12 1
2019/11/23 19:10:38.05 #|1574536238.50741633|00#| work_queue_worker[1] wq: rx from master: outfile file-0-32e8eda4e0804f97b05c8b43bce00f68-Corrected_ref.fasta.12 Corrected_ref.fasta.12 1
2019/11/23 19:10:38.05 #|1574536238.50884787|00#| work_queue_worker[1] wq: rx from master: end
2019/11/23 19:10:38.05 #|1574536238.51126062|00#| work_queue_worker[1] wq: linking cache/file-0-048045060f61089a83cce204e6b8f151-corr.out to /tmp/worker-0-1/t.100/corr.out
2019/11/23 19:10:38.05 #|1574536238.51261311|00#| work_queue_worker[1] wq: linking cache/file-0-917a4e2b83f3c1cbe7ad084772249437-ref.fasta.12 to /tmp/worker-0-1/t.100/ref.fasta.12
2019/11/23 19:10:38.05 #|1574536238.51377015|00#| work_queue_worker[1] wq: linking cache/file-0-ddd728dc31a49bcd4cacae5676b4e7f7-Create_Corrected_AllLRReads.py to /tmp/worker-0-1/t.100/Create_Corrected_AllLRReads.py
2019/11/23 19:10:38.05 #|1574536238.51887578|00#| work_queue_worker[1] wq: started process 31: python Create_Corrected_AllLRReads.py ref.fasta.12 corr.out 2> create.err.12
2019/11/23 19:10:38.05 #|1574536238.51978477|00#| work_queue_worker[1] wq: tx to master: info tasks_running 1
2019/11/23 19:10:38.11 #|1574536238.118414525|00#| work_queue_worker[1] wq: task 100 (pid 31) exited normally with exit code 0
2019/11/23 19:10:38.11 #|1574536238.118459247|00#| work_queue_worker[1] wq: moving output file from /tmp/worker-0-1/t.100/create.err.12 to cache/file-0-8aecc227118d96a417c2f5db84c4dd02-create.err.12
2019/11/23 19:10:38.11 #|1574536238.118530168|00#| work_queue_worker[1] wq: moving output file from /tmp/worker-0-1/t.100/Corrected_ref.fasta.12 to cache/file-0-32e8eda4e0804f97b05c8b43bce00f68-Corrected_ref.fasta.12
2019/11/23 19:10:38.11 #|1574536238.118586079|00#| work_queue_worker[1] wq: tx to master: available_results
2019/11/23 19:10:38.17 #|1574536238.176590956|00#| work_queue_worker[1] wq: rx from master: send_results -1
2019/11/23 19:10:38.17 #|1574536238.176638278|00#| work_queue_worker[1] wq: tx to master: result 0 0 0 66828 100
2019/11/23 19:10:38.17 #|1574536238.176691000|00#| work_queue_worker[1] wq: tx to master: info tasks_running 0
2019/11/23 19:10:38.17 #|1574536238.176727794|00#| work_queue_worker[1] wq: tx to master: end
2019/11/23 19:10:38.29 #|1574536238.291712960|00#| work_queue_worker[1] wq: rx from master: get file-0-8aecc227118d96a417c2f5db84c4dd02-create.err.12 1
2019/11/23 19:10:38.29 #|1574536238.291805946|00#| work_queue_worker[1] wq: tx to master: file file-0-8aecc227118d96a417c2f5db84c4dd02-create.err.12 0
2019/11/23 19:10:38.29 #|1574536238.291922409|00#| work_queue_worker[1] wq: tx to master: end
2019/11/23 19:10:38.29 #|1574536238.292472769|00#| work_queue_worker[1] wq: rx from master: get file-0-32e8eda4e0804f97b05c8b43bce00f68-Corrected_ref.fasta.12 1
2019/11/23 19:10:38.29 #|1574536238.292532736|00#| work_queue_worker[1] wq: tx to master: file file-0-32e8eda4e0804f97b05c8b43bce00f68-Corrected_ref.fasta.12 1055000
2019/11/23 19:10:38.33 #|1574536238.339293286|00#| work_queue_worker[1] wq: tx to master: end
2019/11/23 19:10:38.38 #|1574536238.386290332|00#| work_queue_worker[1] wq: rx from master: kill 100
2019/11/23 19:10:38.67 #|1574536238.678148307|00#| work_queue_worker[1] wq: rx from master: release
2019/11/23 19:10:38.67 #|1574536238.678237193|00#| work_queue_worker[1] wq: released by master 10.0.138.11:1026.
2019/11/23 19:10:38.67 #|1574536238.678294467|00#| work_queue_worker[1] wq: cleaning workspace /tmp/worker-0-1
2019/11/23 19:10:38.72 #|1574536238.723928832|00#| work_queue_worker[1] wq: disconnecting from master 10.0.138.11:1026
2019/11/23 19:10:38.72 #|1574536238.724055275|00#| work_queue_worker[1] tcp: disconnected from 10.0.138.11 port 1026
2019/11/23 19:10:38.72 #|1574536238.724085099|00#| work_queue_worker[1] wq: killing all outstanding tasks
2019/11/23 19:10:38.72 #|1574536238.724118221|00#| work_queue_worker[1] wq: all data structures are clean
2019/11/23 19:10:39.74 #|1574536239.744034115|00#| work_queue_worker[1] debug: error reading disk usage on directory: ./cache.
2019/11/23 19:10:39.74 #|1574536239.744183118|00#| work_queue_worker[1] tcp: connecting to 10.0.138.11 port 1026
