2019/11/23 19:07:25.27 #|1574536045.276557680|00#| work_queue_worker[1] debug: /root/cctools/bin/work_queue_worker version 8.0.0 DEVELOPMENT (released 2019-11-14 15:35:16 +0000)
2019/11/23 19:07:25.27 #|1574536045.276742560|00#| work_queue_worker[1] debug: Built by root@7e9ecba79f43 on 2019-11-14 15:35:16 +0000
2019/11/23 19:07:25.27 #|1574536045.276768220|00#| work_queue_worker[1] debug: System: Linux 7e9ecba79f43 5.0.0-32-generic #34~18.04.2-Ubuntu SMP Thu Oct 10 10:36:02 UTC 2019 x86_64 x86_64 x86_64 GNU/Linux
2019/11/23 19:07:25.27 #|1574536045.276786169|00#| work_queue_worker[1] debug: Configuration: --prefix /root/cctools
2019/11/23 19:07:25.27 #|1574536045.277081814|00#| work_queue_worker[1] wq: WORK_QUEUE_SANDBOX set to /tmp/worker-0-1.
2019/11/23 19:07:25.27 #|1574536045.278040889|00#| work_queue_worker[1] debug: error reading disk usage on directory: ./cache.
2019/11/23 19:07:25.27 #|1574536045.278090278|00#| work_queue_worker[1] dns: looking up name master
2019/11/23 19:07:25.27 #|1574536045.279076215|00#| work_queue_worker[1] dns: master is 10.0.138.11
2019/11/23 19:07:25.27 #|1574536045.279221565|00#| work_queue_worker[1] tcp: connecting to 10.0.138.11 port 1026
2019/11/23 19:07:25.27 #|1574536045.279745731|00#| work_queue_worker[1] tcp: made connection to 10.0.138.11 port 1026
2019/11/23 19:07:25.27 #|1574536045.279789350|00#| work_queue_worker[1] wq: connected to master master:1026 via local address 10.0.138.16:59828
2019/11/23 19:07:25.27 #|1574536045.279806121|00#| work_queue_worker[1] wq: preparing workspace /tmp/worker-0-1
2019/11/23 19:07:25.27 #|1574536045.279967785|00#| work_queue_worker[1] dns: looking up name beb86ddc0233
2019/11/23 19:07:25.28 #|1574536045.280043394|00#| work_queue_worker[1] dns: beb86ddc0233 is 10.0.138.16
2019/11/23 19:07:25.28 #|1574536045.280061045|00#| work_queue_worker[1] dns: looking up addr 10.0.138.16
2019/11/23 19:07:25.28 #|1574536045.280099253|00#| work_queue_worker[1] dns: 10.0.138.16 is beb86ddc0233
2019/11/23 19:07:25.28 #|1574536045.280114055|00#| work_queue_worker[1] dns: finding my hostname: uname = beb86ddc0233, address = 10.0.138.16, hostname = beb86ddc0233
2019/11/23 19:07:25.28 #|1574536045.280131366|00#| work_queue_worker[1] wq: tx to master: workqueue 8 beb86ddc0233 Linux x86_64 8.0.0
2019/11/23 19:07:25.28 #|1574536045.280220326|00#| work_queue_worker[1] wq: tx to master: info worker-id worker-a69834c5bfdf228aaf35d977b28139d1
2019/11/23 19:07:25.28 #|1574536045.280271511|00#| work_queue_worker[1] wq: tx to master: alive
2019/11/23 19:07:25.28 #|1574536045.280315144|00#| work_queue_worker[1] wq: Sending resource description to master:
2019/11/23 19:07:25.28 #|1574536045.280332492|00#| work_queue_worker[1] wq:  workers      0 inuse      1 total      1 smallest      1 largest
2019/11/23 19:07:25.28 #|1574536045.280377765|00#| work_queue_worker[1] wq:     disk      0 inuse 183066 total 183066 smallest 183066 largest
2019/11/23 19:07:25.28 #|1574536045.280421794|00#| work_queue_worker[1] wq:   memory      0 inuse   7749 total   7749 smallest   7749 largest
2019/11/23 19:07:25.28 #|1574536045.280470759|00#| work_queue_worker[1] wq:     gpus      0 inuse      0 total      0 smallest      0 largest
2019/11/23 19:07:25.28 #|1574536045.280526220|00#| work_queue_worker[1] wq:    cores      0 inuse      1 total      1 smallest      1 largest
2019/11/23 19:07:25.28 #|1574536045.280606441|00#| work_queue_worker[1] wq: tx to master: info end_of_resource_update 0
2019/11/23 19:07:25.28 #|1574536045.280652732|00#| work_queue_worker[1] wq: tx to master: info tasks_running 0
2019/11/23 19:07:25.28 #|1574536045.280696561|00#| work_queue_worker[1] wq: working for master at 10.0.138.11:1026.
2019/11/23 19:09:01.30 #|1574536141.305764661|00#| work_queue_worker[1] wq: rx from master: put file-0-f4e5d6ff9260756e956ec7c8817d32bf-query.fastq.8 2044002 0644 1
2019/11/23 19:09:01.30 #|1574536141.305972122|00#| work_queue_worker[1] wq: Putting file file-0-f4e5d6ff9260756e956ec7c8817d32bf-query.fastq.8 into workspace
2019/11/23 19:09:01.48 #|1574536141.486082623|00#| work_queue_worker[1] wq: rx from master: put file-0-971da570f958f7598fb58342dc472274-ref.fasta.sa 50000056 0644 1
2019/11/23 19:09:01.48 #|1574536141.486213928|00#| work_queue_worker[1] wq: Putting file file-0-971da570f958f7598fb58342dc472274-ref.fasta.sa into workspace
2019/11/23 19:09:05.90 #|1574536145.903990093|00#| work_queue_worker[1] wq: rx from master: put file-0-35f59a9883b4870b84f03717aff16002-ref.fasta.ann 5866697 0644 1
2019/11/23 19:09:05.90 #|1574536145.904074632|00#| work_queue_worker[1] wq: Putting file file-0-35f59a9883b4870b84f03717aff16002-ref.fasta.ann into workspace
2019/11/23 19:09:06.40 #|1574536146.403221713|00#| work_queue_worker[1] wq: rx from master: put file-0-1aba5e7adecebe065db19a405fb8bdf0-ref.fasta.amb 19 0644 1
2019/11/23 19:09:06.40 #|1574536146.403347350|00#| work_queue_worker[1] wq: Putting file file-0-1aba5e7adecebe065db19a405fb8bdf0-ref.fasta.amb into workspace
2019/11/23 19:09:06.40 #|1574536146.403625405|00#| work_queue_worker[1] wq: rx from master: put file-0-d4ff2b390cdd34b642d74a1cd1b59b97-ref.fasta.pac 25000002 0644 1
2019/11/23 19:09:06.40 #|1574536146.403699295|00#| work_queue_worker[1] wq: Putting file file-0-d4ff2b390cdd34b642d74a1cd1b59b97-ref.fasta.pac into workspace
2019/11/23 19:09:08.60 #|1574536148.605203165|00#| work_queue_worker[1] wq: rx from master: put file-0-0cadea4f68da3f941c5b5f0c963a59f8-ref.fasta.bwt 100000072 0644 1
2019/11/23 19:09:08.60 #|1574536148.605320087|00#| work_queue_worker[1] wq: Putting file file-0-0cadea4f68da3f941c5b5f0c963a59f8-ref.fasta.bwt into workspace
2019/11/23 19:09:17.43 #|1574536157.436168105|00#| work_queue_worker[1] wq: rx from master: put file-0-b08c3e9746692f64bcb9a448620c7967-ref.fasta 105477790 0644 1
2019/11/23 19:09:17.43 #|1574536157.436302529|00#| work_queue_worker[1] wq: Putting file file-0-b08c3e9746692f64bcb9a448620c7967-ref.fasta into workspace
2019/11/23 19:09:26.71 #|1574536166.713256902|00#| work_queue_worker[1] wq: rx from master: put file-0-a6be17d8a097bb9efd120be10bbc654c-bwa 1444312 0755 1
2019/11/23 19:09:26.71 #|1574536166.713370154|00#| work_queue_worker[1] wq: Putting file file-0-a6be17d8a097bb9efd120be10bbc654c-bwa into workspace
2019/11/23 19:09:26.83 #|1574536166.839830137|00#| work_queue_worker[1] wq: rx from master: task 2
2019/11/23 19:09:26.83 #|1574536166.839931192|00#| work_queue_worker[1] wq: rx from master: cmd 58
2019/11/23 19:09:26.83 #|1574536166.839995629|00#| work_queue_worker[1] wq: rx from master: ./bwa mem ref.fasta query.fastq.8 > Out.8.sam 2> mem.8.err
2019/11/23 19:09:26.84 #|1574536166.840023727|00#| work_queue_worker[1] wq: rx from master: category default
2019/11/23 19:09:26.84 #|1574536166.840049200|00#| work_queue_worker[1] wq: rx from master: cores 1
2019/11/23 19:09:26.84 #|1574536166.840073385|00#| work_queue_worker[1] wq: rx from master: memory 7749
2019/11/23 19:09:26.84 #|1574536166.840096860|00#| work_queue_worker[1] wq: rx from master: disk 183066
2019/11/23 19:09:26.84 #|1574536166.840120255|00#| work_queue_worker[1] wq: rx from master: gpus 0
2019/11/23 19:09:26.84 #|1574536166.840144720|00#| work_queue_worker[1] wq: rx from master: end_time 18446744073709551615
2019/11/23 19:09:26.84 #|1574536166.840170274|00#| work_queue_worker[1] wq: rx from master: wall_time 18446744073709551615
2019/11/23 19:09:26.84 #|1574536166.840194057|00#| work_queue_worker[1] wq: rx from master: env 7
2019/11/23 19:09:26.84 #|1574536166.840223916|00#| work_queue_worker[1] wq: rx from master: env 17
2019/11/23 19:09:26.84 #|1574536166.840252360|00#| work_queue_worker[1] wq: rx from master: infile file-0-f4e5d6ff9260756e956ec7c8817d32bf-query.fastq.8 query.fastq.8 1
2019/11/23 19:09:26.84 #|1574536166.840367389|00#| work_queue_worker[1] wq: rx from master: infile file-0-971da570f958f7598fb58342dc472274-ref.fasta.sa ref.fasta.sa 1
2019/11/23 19:09:26.84 #|1574536166.840415937|00#| work_queue_worker[1] wq: rx from master: infile file-0-35f59a9883b4870b84f03717aff16002-ref.fasta.ann ref.fasta.ann 1
2019/11/23 19:09:26.84 #|1574536166.840455726|00#| work_queue_worker[1] wq: rx from master: infile file-0-1aba5e7adecebe065db19a405fb8bdf0-ref.fasta.amb ref.fasta.amb 1
2019/11/23 19:09:26.84 #|1574536166.840507003|00#| work_queue_worker[1] wq: rx from master: infile file-0-d4ff2b390cdd34b642d74a1cd1b59b97-ref.fasta.pac ref.fasta.pac 1
2019/11/23 19:09:26.84 #|1574536166.840546484|00#| work_queue_worker[1] wq: rx from master: infile file-0-0cadea4f68da3f941c5b5f0c963a59f8-ref.fasta.bwt ref.fasta.bwt 1
2019/11/23 19:09:26.84 #|1574536166.840584846|00#| work_queue_worker[1] wq: rx from master: infile file-0-b08c3e9746692f64bcb9a448620c7967-ref.fasta ref.fasta 1
2019/11/23 19:09:26.84 #|1574536166.840622223|00#| work_queue_worker[1] wq: rx from master: infile file-0-a6be17d8a097bb9efd120be10bbc654c-bwa bwa 1
2019/11/23 19:09:26.84 #|1574536166.840659333|00#| work_queue_worker[1] wq: rx from master: outfile file-0-7878bff1ca186bbdc6284fee1c09d919-mem.8.err mem.8.err 1
2019/11/23 19:09:26.84 #|1574536166.840697441|00#| work_queue_worker[1] wq: rx from master: outfile file-0-a0fd94909e819a6022a67582ae1fffd8-Out.8.sam Out.8.sam 1
2019/11/23 19:09:26.84 #|1574536166.840733496|00#| work_queue_worker[1] wq: rx from master: end
2019/11/23 19:09:26.84 #|1574536166.841011337|00#| work_queue_worker[1] wq: linking cache/file-0-f4e5d6ff9260756e956ec7c8817d32bf-query.fastq.8 to /tmp/worker-0-1/t.2/query.fastq.8
2019/11/23 19:09:26.84 #|1574536166.841102471|00#| work_queue_worker[1] wq: linking cache/file-0-971da570f958f7598fb58342dc472274-ref.fasta.sa to /tmp/worker-0-1/t.2/ref.fasta.sa
2019/11/23 19:09:26.84 #|1574536166.841181116|00#| work_queue_worker[1] wq: linking cache/file-0-35f59a9883b4870b84f03717aff16002-ref.fasta.ann to /tmp/worker-0-1/t.2/ref.fasta.ann
2019/11/23 19:09:26.84 #|1574536166.841257108|00#| work_queue_worker[1] wq: linking cache/file-0-1aba5e7adecebe065db19a405fb8bdf0-ref.fasta.amb to /tmp/worker-0-1/t.2/ref.fasta.amb
2019/11/23 19:09:26.84 #|1574536166.841333387|00#| work_queue_worker[1] wq: linking cache/file-0-d4ff2b390cdd34b642d74a1cd1b59b97-ref.fasta.pac to /tmp/worker-0-1/t.2/ref.fasta.pac
2019/11/23 19:09:26.84 #|1574536166.841409530|00#| work_queue_worker[1] wq: linking cache/file-0-0cadea4f68da3f941c5b5f0c963a59f8-ref.fasta.bwt to /tmp/worker-0-1/t.2/ref.fasta.bwt
2019/11/23 19:09:26.84 #|1574536166.841485112|00#| work_queue_worker[1] wq: linking cache/file-0-b08c3e9746692f64bcb9a448620c7967-ref.fasta to /tmp/worker-0-1/t.2/ref.fasta
2019/11/23 19:09:26.84 #|1574536166.841562905|00#| work_queue_worker[1] wq: linking cache/file-0-a6be17d8a097bb9efd120be10bbc654c-bwa to /tmp/worker-0-1/t.2/bwa
2019/11/23 19:09:26.84 #|1574536166.842041386|00#| work_queue_worker[1] wq: started process 9: ./bwa mem ref.fasta query.fastq.8 > Out.8.sam 2> mem.8.err
2019/11/23 19:09:26.84 #|1574536166.842114028|00#| work_queue_worker[1] wq: tx to master: info tasks_running 1
2019/11/23 19:09:27.95 #|1574536167.953934198|00#| work_queue_worker[1] wq: task 2 (pid 9) exited normally with exit code 0
2019/11/23 19:09:27.95 #|1574536167.953972412|00#| work_queue_worker[1] wq: moving output file from /tmp/worker-0-1/t.2/mem.8.err to cache/file-0-7878bff1ca186bbdc6284fee1c09d919-mem.8.err
2019/11/23 19:09:27.95 #|1574536167.954026910|00#| work_queue_worker[1] wq: moving output file from /tmp/worker-0-1/t.2/Out.8.sam to cache/file-0-a0fd94909e819a6022a67582ae1fffd8-Out.8.sam
2019/11/23 19:09:27.95 #|1574536167.954059449|00#| work_queue_worker[1] wq: tx to master: available_results
2019/11/23 19:09:52.47 #|1574536192.471867348|00#| work_queue_worker[1] wq: rx from master: send_results -1
2019/11/23 19:09:52.47 #|1574536192.471994551|00#| work_queue_worker[1] wq: tx to master: result 0 0 0 1112265 2
2019/11/23 19:09:52.47 #|1574536192.472121172|00#| work_queue_worker[1] wq: tx to master: info tasks_running 0
2019/11/23 19:09:52.47 #|1574536192.472221891|00#| work_queue_worker[1] wq: tx to master: end
2019/11/23 19:09:52.47 #|1574536192.477904014|00#| work_queue_worker[1] wq: rx from master: get file-0-7878bff1ca186bbdc6284fee1c09d919-mem.8.err 1
2019/11/23 19:09:52.47 #|1574536192.477999553|00#| work_queue_worker[1] wq: tx to master: file file-0-7878bff1ca186bbdc6284fee1c09d919-mem.8.err 535
2019/11/23 19:09:52.47 #|1574536192.478221846|00#| work_queue_worker[1] wq: tx to master: end
2019/11/23 19:09:52.48 #|1574536192.483818679|00#| work_queue_worker[1] wq: rx from master: get file-0-a0fd94909e819a6022a67582ae1fffd8-Out.8.sam 1
2019/11/23 19:09:52.48 #|1574536192.483900328|00#| work_queue_worker[1] wq: tx to master: file file-0-a0fd94909e819a6022a67582ae1fffd8-Out.8.sam 7089294
2019/11/23 19:09:53.13 #|1574536193.134551835|00#| work_queue_worker[1] wq: tx to master: end
2019/11/23 19:09:53.18 #|1574536193.182077843|00#| work_queue_worker[1] wq: rx from master: kill 2
2019/11/23 19:09:53.18 #|1574536193.183035094|00#| work_queue_worker[1] wq: rx from master: put file-0-c5ee5a022e0a239ae11f2cc3e034beda-query.fastq.4 2044000 0644 1
2019/11/23 19:09:53.18 #|1574536193.183115383|00#| work_queue_worker[1] wq: Putting file file-0-c5ee5a022e0a239ae11f2cc3e034beda-query.fastq.4 into workspace
2019/11/23 19:09:53.36 #|1574536193.363241064|00#| work_queue_worker[1] wq: rx from master: task 6
2019/11/23 19:09:53.36 #|1574536193.363284454|00#| work_queue_worker[1] wq: rx from master: cmd 58
2019/11/23 19:09:53.36 #|1574536193.363303391|00#| work_queue_worker[1] wq: rx from master: ./bwa mem ref.fasta query.fastq.4 > Out.4.sam 2> mem.4.err
2019/11/23 19:09:53.36 #|1574536193.363352928|00#| work_queue_worker[1] wq: rx from master: category default
2019/11/23 19:09:53.36 #|1574536193.363367304|00#| work_queue_worker[1] wq: rx from master: cores 1
2019/11/23 19:09:53.36 #|1574536193.363380735|00#| work_queue_worker[1] wq: rx from master: memory 7749
2019/11/23 19:09:53.36 #|1574536193.363418552|00#| work_queue_worker[1] wq: rx from master: disk 183066
2019/11/23 19:09:53.36 #|1574536193.363431813|00#| work_queue_worker[1] wq: rx from master: gpus 0
2019/11/23 19:09:53.36 #|1574536193.363444845|00#| work_queue_worker[1] wq: rx from master: end_time 18446744073709551615
2019/11/23 19:09:53.36 #|1574536193.363458586|00#| work_queue_worker[1] wq: rx from master: wall_time 18446744073709551615
2019/11/23 19:09:53.36 #|1574536193.363471372|00#| work_queue_worker[1] wq: rx from master: env 7
2019/11/23 19:09:53.36 #|1574536193.363487532|00#| work_queue_worker[1] wq: rx from master: env 17
2019/11/23 19:09:53.36 #|1574536193.363502710|00#| work_queue_worker[1] wq: rx from master: infile file-0-c5ee5a022e0a239ae11f2cc3e034beda-query.fastq.4 query.fastq.4 1
2019/11/23 19:09:53.36 #|1574536193.363531666|00#| work_queue_worker[1] wq: rx from master: infile file-0-971da570f958f7598fb58342dc472274-ref.fasta.sa ref.fasta.sa 1
2019/11/23 19:09:53.36 #|1574536193.363553632|00#| work_queue_worker[1] wq: rx from master: infile file-0-35f59a9883b4870b84f03717aff16002-ref.fasta.ann ref.fasta.ann 1
2019/11/23 19:09:53.36 #|1574536193.363574660|00#| work_queue_worker[1] wq: rx from master: infile file-0-1aba5e7adecebe065db19a405fb8bdf0-ref.fasta.amb ref.fasta.amb 1
2019/11/23 19:09:53.36 #|1574536193.363595442|00#| work_queue_worker[1] wq: rx from master: infile file-0-d4ff2b390cdd34b642d74a1cd1b59b97-ref.fasta.pac ref.fasta.pac 1
2019/11/23 19:09:53.36 #|1574536193.363616087|00#| work_queue_worker[1] wq: rx from master: infile file-0-0cadea4f68da3f941c5b5f0c963a59f8-ref.fasta.bwt ref.fasta.bwt 1
2019/11/23 19:09:53.36 #|1574536193.363636890|00#| work_queue_worker[1] wq: rx from master: infile file-0-b08c3e9746692f64bcb9a448620c7967-ref.fasta ref.fasta 1
2019/11/23 19:09:53.36 #|1574536193.363656935|00#| work_queue_worker[1] wq: rx from master: infile file-0-a6be17d8a097bb9efd120be10bbc654c-bwa bwa 1
2019/11/23 19:09:53.36 #|1574536193.363677311|00#| work_queue_worker[1] wq: rx from master: outfile file-0-3658071a13d1b9697b3a2af7ff4bbbde-mem.4.err mem.4.err 1
2019/11/23 19:09:53.36 #|1574536193.363697890|00#| work_queue_worker[1] wq: rx from master: outfile file-0-1aaaa4a6080cbc532975cbd62f7898e9-Out.4.sam Out.4.sam 1
2019/11/23 19:09:53.36 #|1574536193.363717158|00#| work_queue_worker[1] wq: rx from master: end
2019/11/23 19:09:53.36 #|1574536193.363876326|00#| work_queue_worker[1] wq: linking cache/file-0-c5ee5a022e0a239ae11f2cc3e034beda-query.fastq.4 to /tmp/worker-0-1/t.6/query.fastq.4
2019/11/23 19:09:53.36 #|1574536193.363934190|00#| work_queue_worker[1] wq: linking cache/file-0-971da570f958f7598fb58342dc472274-ref.fasta.sa to /tmp/worker-0-1/t.6/ref.fasta.sa
2019/11/23 19:09:53.36 #|1574536193.363978733|00#| work_queue_worker[1] wq: linking cache/file-0-35f59a9883b4870b84f03717aff16002-ref.fasta.ann to /tmp/worker-0-1/t.6/ref.fasta.ann
2019/11/23 19:09:53.36 #|1574536193.364021442|00#| work_queue_worker[1] wq: linking cache/file-0-1aba5e7adecebe065db19a405fb8bdf0-ref.fasta.amb to /tmp/worker-0-1/t.6/ref.fasta.amb
2019/11/23 19:09:53.36 #|1574536193.364064530|00#| work_queue_worker[1] wq: linking cache/file-0-d4ff2b390cdd34b642d74a1cd1b59b97-ref.fasta.pac to /tmp/worker-0-1/t.6/ref.fasta.pac
2019/11/23 19:09:53.36 #|1574536193.364106694|00#| work_queue_worker[1] wq: linking cache/file-0-0cadea4f68da3f941c5b5f0c963a59f8-ref.fasta.bwt to /tmp/worker-0-1/t.6/ref.fasta.bwt
2019/11/23 19:09:53.36 #|1574536193.364151366|00#| work_queue_worker[1] wq: linking cache/file-0-b08c3e9746692f64bcb9a448620c7967-ref.fasta to /tmp/worker-0-1/t.6/ref.fasta
2019/11/23 19:09:53.36 #|1574536193.364193723|00#| work_queue_worker[1] wq: linking cache/file-0-a6be17d8a097bb9efd120be10bbc654c-bwa to /tmp/worker-0-1/t.6/bwa
2019/11/23 19:09:53.36 #|1574536193.364228945|00#| work_queue_worker[1] wq: Waiting task 6 has been forsaken.
2019/11/23 19:09:53.36 #|1574536193.364242470|00#| work_queue_worker[1] wq: tx to master: alive
2019/11/23 19:09:53.36 #|1574536193.364295040|00#| work_queue_worker[1] wq: Sending resource description to master:
2019/11/23 19:09:53.36 #|1574536193.364309516|00#| work_queue_worker[1] wq:  workers      0 inuse      1 total      1 smallest      1 largest
2019/11/23 19:09:53.36 #|1574536193.364351299|00#| work_queue_worker[1] wq:     disk    284 inuse 182790 total 182790 smallest 182790 largest
2019/11/23 19:09:53.36 #|1574536193.364399464|00#| work_queue_worker[1] wq:   memory      0 inuse   7749 total   7749 smallest   7749 largest
2019/11/23 19:09:53.36 #|1574536193.364439447|00#| work_queue_worker[1] wq:     gpus      0 inuse      0 total      0 smallest      0 largest
2019/11/23 19:09:53.36 #|1574536193.364484836|00#| work_queue_worker[1] wq:    cores      0 inuse      1 total      1 smallest      1 largest
2019/11/23 19:09:53.36 #|1574536193.364545257|00#| work_queue_worker[1] wq: tx to master: info end_of_resource_update 0
2019/11/23 19:09:53.36 #|1574536193.364583817|00#| work_queue_worker[1] wq: tx to master: info tasks_running 0
2019/11/23 19:09:53.36 #|1574536193.364629164|00#| work_queue_worker[1] wq: tx to master: info tasks_running 0
2019/11/23 19:09:53.36 #|1574536193.364667941|00#| work_queue_worker[1] wq: tx to master: available_results
2019/11/23 19:09:53.95 #|1574536193.952245851|00#| work_queue_worker[1] wq: rx from master: send_results -1
2019/11/23 19:09:53.95 #|1574536193.952315953|00#| work_queue_worker[1] wq: tx to master: result 40 0 0 0 6
2019/11/23 19:09:53.95 #|1574536193.952396783|00#| work_queue_worker[1] wq: tx to master: info tasks_running 0
2019/11/23 19:09:53.95 #|1574536193.952465145|00#| work_queue_worker[1] wq: tx to master: end
2019/11/23 19:09:53.95 #|1574536193.953048676|00#| work_queue_worker[1] wq: rx from master: put file-0-6a3566a41d4cc2c0ac4ec7bfaab41382-query.fastq.6 2044000 0644 1
2019/11/23 19:09:53.95 #|1574536193.953087520|00#| work_queue_worker[1] wq: Putting file file-0-6a3566a41d4cc2c0ac4ec7bfaab41382-query.fastq.6 into workspace
2019/11/23 19:09:54.13 #|1574536194.136913102|00#| work_queue_worker[1] wq: rx from master: task 4
2019/11/23 19:09:54.13 #|1574536194.136964430|00#| work_queue_worker[1] wq: rx from master: cmd 58
2019/11/23 19:09:54.13 #|1574536194.137030533|00#| work_queue_worker[1] wq: rx from master: ./bwa mem ref.fasta query.fastq.6 > Out.6.sam 2> mem.6.err
2019/11/23 19:09:54.13 #|1574536194.137047771|00#| work_queue_worker[1] wq: rx from master: category default
2019/11/23 19:09:54.13 #|1574536194.137064273|00#| work_queue_worker[1] wq: rx from master: cores 1
2019/11/23 19:09:54.13 #|1574536194.137094115|00#| work_queue_worker[1] wq: rx from master: memory 7749
2019/11/23 19:09:54.13 #|1574536194.137174483|00#| work_queue_worker[1] wq: rx from master: disk 182790
2019/11/23 19:09:54.13 #|1574536194.137199135|00#| work_queue_worker[1] wq: rx from master: gpus 0
2019/11/23 19:09:54.13 #|1574536194.137213556|00#| work_queue_worker[1] wq: rx from master: end_time 18446744073709551615
2019/11/23 19:09:54.13 #|1574536194.137275760|00#| work_queue_worker[1] wq: rx from master: wall_time 18446744073709551615
2019/11/23 19:09:54.13 #|1574536194.137292657|00#| work_queue_worker[1] wq: rx from master: env 7
2019/11/23 19:09:54.13 #|1574536194.137318817|00#| work_queue_worker[1] wq: rx from master: env 17
2019/11/23 19:09:54.13 #|1574536194.137335689|00#| work_queue_worker[1] wq: rx from master: infile file-0-6a3566a41d4cc2c0ac4ec7bfaab41382-query.fastq.6 query.fastq.6 1
2019/11/23 19:09:54.13 #|1574536194.137433111|00#| work_queue_worker[1] wq: rx from master: infile file-0-971da570f958f7598fb58342dc472274-ref.fasta.sa ref.fasta.sa 1
2019/11/23 19:09:54.13 #|1574536194.137458957|00#| work_queue_worker[1] wq: rx from master: infile file-0-35f59a9883b4870b84f03717aff16002-ref.fasta.ann ref.fasta.ann 1
2019/11/23 19:09:54.13 #|1574536194.137528144|00#| work_queue_worker[1] wq: rx from master: infile file-0-1aba5e7adecebe065db19a405fb8bdf0-ref.fasta.amb ref.fasta.amb 1
2019/11/23 19:09:54.13 #|1574536194.137562039|00#| work_queue_worker[1] wq: rx from master: infile file-0-d4ff2b390cdd34b642d74a1cd1b59b97-ref.fasta.pac ref.fasta.pac 1
2019/11/23 19:09:54.13 #|1574536194.137584704|00#| work_queue_worker[1] wq: rx from master: infile file-0-0cadea4f68da3f941c5b5f0c963a59f8-ref.fasta.bwt ref.fasta.bwt 1
2019/11/23 19:09:54.13 #|1574536194.137666093|00#| work_queue_worker[1] wq: rx from master: infile file-0-b08c3e9746692f64bcb9a448620c7967-ref.fasta ref.fasta 1
2019/11/23 19:09:54.13 #|1574536194.137690723|00#| work_queue_worker[1] wq: rx from master: infile file-0-a6be17d8a097bb9efd120be10bbc654c-bwa bwa 1
2019/11/23 19:09:54.13 #|1574536194.137749107|00#| work_queue_worker[1] wq: rx from master: outfile file-0-d8efdf305b5ec470231b1129c3286ec1-mem.6.err mem.6.err 1
2019/11/23 19:09:54.13 #|1574536194.137778101|00#| work_queue_worker[1] wq: rx from master: outfile file-0-e72c9cb95a264e932ca4b0a988983a76-Out.6.sam Out.6.sam 1
2019/11/23 19:09:54.13 #|1574536194.137801409|00#| work_queue_worker[1] wq: rx from master: end
2019/11/23 19:09:54.13 #|1574536194.138067282|00#| work_queue_worker[1] wq: linking cache/file-0-6a3566a41d4cc2c0ac4ec7bfaab41382-query.fastq.6 to /tmp/worker-0-1/t.4/query.fastq.6
2019/11/23 19:09:54.13 #|1574536194.138180297|00#| work_queue_worker[1] wq: linking cache/file-0-971da570f958f7598fb58342dc472274-ref.fasta.sa to /tmp/worker-0-1/t.4/ref.fasta.sa
2019/11/23 19:09:54.13 #|1574536194.138276454|00#| work_queue_worker[1] wq: linking cache/file-0-35f59a9883b4870b84f03717aff16002-ref.fasta.ann to /tmp/worker-0-1/t.4/ref.fasta.ann
2019/11/23 19:09:54.13 #|1574536194.138327499|00#| work_queue_worker[1] wq: linking cache/file-0-1aba5e7adecebe065db19a405fb8bdf0-ref.fasta.amb to /tmp/worker-0-1/t.4/ref.fasta.amb
2019/11/23 19:09:54.13 #|1574536194.138432481|00#| work_queue_worker[1] wq: linking cache/file-0-d4ff2b390cdd34b642d74a1cd1b59b97-ref.fasta.pac to /tmp/worker-0-1/t.4/ref.fasta.pac
2019/11/23 19:09:54.13 #|1574536194.138526976|00#| work_queue_worker[1] wq: linking cache/file-0-0cadea4f68da3f941c5b5f0c963a59f8-ref.fasta.bwt to /tmp/worker-0-1/t.4/ref.fasta.bwt
2019/11/23 19:09:54.13 #|1574536194.138624477|00#| work_queue_worker[1] wq: linking cache/file-0-b08c3e9746692f64bcb9a448620c7967-ref.fasta to /tmp/worker-0-1/t.4/ref.fasta
2019/11/23 19:09:54.13 #|1574536194.138678772|00#| work_queue_worker[1] wq: linking cache/file-0-a6be17d8a097bb9efd120be10bbc654c-bwa to /tmp/worker-0-1/t.4/bwa
2019/11/23 19:09:54.13 #|1574536194.139039497|00#| work_queue_worker[1] wq: started process 19: ./bwa mem ref.fasta query.fastq.6 > Out.6.sam 2> mem.6.err
2019/11/23 19:09:54.13 #|1574536194.139140110|00#| work_queue_worker[1] wq: tx to master: info tasks_running 1
2019/11/23 19:09:55.25 #|1574536195.255638090|00#| work_queue_worker[1] wq: task 4 (pid 19) exited normally with exit code 0
2019/11/23 19:09:55.25 #|1574536195.255739483|00#| work_queue_worker[1] wq: moving output file from /tmp/worker-0-1/t.4/mem.6.err to cache/file-0-d8efdf305b5ec470231b1129c3286ec1-mem.6.err
2019/11/23 19:09:55.25 #|1574536195.255967037|00#| work_queue_worker[1] wq: moving output file from /tmp/worker-0-1/t.4/Out.6.sam to cache/file-0-e72c9cb95a264e932ca4b0a988983a76-Out.6.sam
2019/11/23 19:09:55.25 #|1574536195.256031865|00#| work_queue_worker[1] wq: tx to master: available_results
2019/11/23 19:10:20.06 #|1574536220.69984639|00#| work_queue_worker[1] wq: rx from master: send_results -1
2019/11/23 19:10:20.07 #|1574536220.70140706|00#| work_queue_worker[1] wq: tx to master: result 0 0 0 1116937 4
2019/11/23 19:10:20.07 #|1574536220.70356783|00#| work_queue_worker[1] wq: tx to master: info tasks_running 0
2019/11/23 19:10:20.07 #|1574536220.70632847|00#| work_queue_worker[1] wq: tx to master: end
2019/11/23 19:10:20.07 #|1574536220.71627106|00#| work_queue_worker[1] wq: rx from master: get file-0-d8efdf305b5ec470231b1129c3286ec1-mem.6.err 1
2019/11/23 19:10:20.07 #|1574536220.71705267|00#| work_queue_worker[1] wq: tx to master: file file-0-d8efdf305b5ec470231b1129c3286ec1-mem.6.err 297
2019/11/23 19:10:20.07 #|1574536220.71880077|00#| work_queue_worker[1] wq: tx to master: end
2019/11/23 19:10:20.07 #|1574536220.72553846|00#| work_queue_worker[1] wq: rx from master: get file-0-e72c9cb95a264e932ca4b0a988983a76-Out.6.sam 1
2019/11/23 19:10:20.07 #|1574536220.72631814|00#| work_queue_worker[1] wq: tx to master: file file-0-e72c9cb95a264e932ca4b0a988983a76-Out.6.sam 7096640
2019/11/23 19:10:20.66 #|1574536220.660538953|00#| work_queue_worker[1] wq: tx to master: end
2019/11/23 19:10:20.69 #|1574536220.699165435|00#| work_queue_worker[1] wq: rx from master: kill 4
2019/11/23 19:10:20.70 #|1574536220.700438032|00#| work_queue_worker[1] wq: rx from master: task 6
2019/11/23 19:10:20.70 #|1574536220.700512088|00#| work_queue_worker[1] wq: rx from master: cmd 58
2019/11/23 19:10:20.70 #|1574536220.700547900|00#| work_queue_worker[1] wq: rx from master: ./bwa mem ref.fasta query.fastq.4 > Out.4.sam 2> mem.4.err
2019/11/23 19:10:20.70 #|1574536220.700572473|00#| work_queue_worker[1] wq: rx from master: category default
2019/11/23 19:10:20.70 #|1574536220.700598392|00#| work_queue_worker[1] wq: rx from master: cores 1
2019/11/23 19:10:20.70 #|1574536220.700624272|00#| work_queue_worker[1] wq: rx from master: memory 7749
2019/11/23 19:10:20.70 #|1574536220.700649683|00#| work_queue_worker[1] wq: rx from master: disk 182790
2019/11/23 19:10:20.70 #|1574536220.700674837|00#| work_queue_worker[1] wq: rx from master: gpus 0
2019/11/23 19:10:20.70 #|1574536220.700700629|00#| work_queue_worker[1] wq: rx from master: end_time 18446744073709551615
2019/11/23 19:10:20.70 #|1574536220.700849232|00#| work_queue_worker[1] wq: rx from master: wall_time 18446744073709551615
2019/11/23 19:10:20.70 #|1574536220.700883724|00#| work_queue_worker[1] wq: rx from master: env 7
2019/11/23 19:10:20.70 #|1574536220.700915370|00#| work_queue_worker[1] wq: rx from master: env 17
2019/11/23 19:10:20.70 #|1574536220.700945779|00#| work_queue_worker[1] wq: rx from master: infile file-0-c5ee5a022e0a239ae11f2cc3e034beda-query.fastq.4 query.fastq.4 1
2019/11/23 19:10:20.70 #|1574536220.701000614|00#| work_queue_worker[1] wq: rx from master: infile file-0-971da570f958f7598fb58342dc472274-ref.fasta.sa ref.fasta.sa 1
2019/11/23 19:10:20.70 #|1574536220.701044081|00#| work_queue_worker[1] wq: rx from master: infile file-0-35f59a9883b4870b84f03717aff16002-ref.fasta.ann ref.fasta.ann 1
2019/11/23 19:10:20.70 #|1574536220.701086558|00#| work_queue_worker[1] wq: rx from master: infile file-0-1aba5e7adecebe065db19a405fb8bdf0-ref.fasta.amb ref.fasta.amb 1
2019/11/23 19:10:20.70 #|1574536220.701128243|00#| work_queue_worker[1] wq: rx from master: infile file-0-d4ff2b390cdd34b642d74a1cd1b59b97-ref.fasta.pac ref.fasta.pac 1
2019/11/23 19:10:20.70 #|1574536220.701194548|00#| work_queue_worker[1] wq: rx from master: infile file-0-0cadea4f68da3f941c5b5f0c963a59f8-ref.fasta.bwt ref.fasta.bwt 1
2019/11/23 19:10:20.70 #|1574536220.701237145|00#| work_queue_worker[1] wq: rx from master: infile file-0-b08c3e9746692f64bcb9a448620c7967-ref.fasta ref.fasta 1
2019/11/23 19:10:20.70 #|1574536220.701277036|00#| work_queue_worker[1] wq: rx from master: infile file-0-a6be17d8a097bb9efd120be10bbc654c-bwa bwa 1
2019/11/23 19:10:20.70 #|1574536220.701317161|00#| work_queue_worker[1] wq: rx from master: outfile file-0-3658071a13d1b9697b3a2af7ff4bbbde-mem.4.err mem.4.err 1
2019/11/23 19:10:20.70 #|1574536220.701359341|00#| work_queue_worker[1] wq: rx from master: outfile file-0-1aaaa4a6080cbc532975cbd62f7898e9-Out.4.sam Out.4.sam 1
2019/11/23 19:10:20.70 #|1574536220.701399693|00#| work_queue_worker[1] wq: rx from master: end
2019/11/23 19:10:20.70 #|1574536220.701601574|00#| work_queue_worker[1] wq: linking cache/file-0-c5ee5a022e0a239ae11f2cc3e034beda-query.fastq.4 to /tmp/worker-0-1/t.6/query.fastq.4
2019/11/23 19:10:20.70 #|1574536220.701688693|00#| work_queue_worker[1] wq: linking cache/file-0-971da570f958f7598fb58342dc472274-ref.fasta.sa to /tmp/worker-0-1/t.6/ref.fasta.sa
2019/11/23 19:10:20.70 #|1574536220.701766337|00#| work_queue_worker[1] wq: linking cache/file-0-35f59a9883b4870b84f03717aff16002-ref.fasta.ann to /tmp/worker-0-1/t.6/ref.fasta.ann
2019/11/23 19:10:20.70 #|1574536220.701841579|00#| work_queue_worker[1] wq: linking cache/file-0-1aba5e7adecebe065db19a405fb8bdf0-ref.fasta.amb to /tmp/worker-0-1/t.6/ref.fasta.amb
2019/11/23 19:10:20.70 #|1574536220.701915602|00#| work_queue_worker[1] wq: linking cache/file-0-d4ff2b390cdd34b642d74a1cd1b59b97-ref.fasta.pac to /tmp/worker-0-1/t.6/ref.fasta.pac
2019/11/23 19:10:20.70 #|1574536220.701989180|00#| work_queue_worker[1] wq: linking cache/file-0-0cadea4f68da3f941c5b5f0c963a59f8-ref.fasta.bwt to /tmp/worker-0-1/t.6/ref.fasta.bwt
2019/11/23 19:10:20.70 #|1574536220.702063262|00#| work_queue_worker[1] wq: linking cache/file-0-b08c3e9746692f64bcb9a448620c7967-ref.fasta to /tmp/worker-0-1/t.6/ref.fasta
2019/11/23 19:10:20.70 #|1574536220.702137439|00#| work_queue_worker[1] wq: linking cache/file-0-a6be17d8a097bb9efd120be10bbc654c-bwa to /tmp/worker-0-1/t.6/bwa
2019/11/23 19:10:20.70 #|1574536220.702321489|00#| work_queue_worker[1] wq: Waiting task 6 has been forsaken.
2019/11/23 19:10:20.70 #|1574536220.702363087|00#| work_queue_worker[1] wq: tx to master: alive
2019/11/23 19:10:20.70 #|1574536220.702455819|00#| work_queue_worker[1] wq: Sending resource description to master:
2019/11/23 19:10:20.70 #|1574536220.702483750|00#| work_queue_worker[1] wq:  workers      0 inuse      1 total      1 smallest      1 largest
2019/11/23 19:10:20.70 #|1574536220.702660123|00#| work_queue_worker[1] wq:     disk    294 inuse 182504 total 182504 smallest 182504 largest
2019/11/23 19:10:20.70 #|1574536220.702900673|00#| work_queue_worker[1] wq:   memory      0 inuse   7749 total   7749 smallest   7749 largest
2019/11/23 19:10:20.70 #|1574536220.703144696|00#| work_queue_worker[1] wq:     gpus      0 inuse      0 total      0 smallest      0 largest
2019/11/23 19:10:20.70 #|1574536220.703518981|00#| work_queue_worker[1] wq:    cores      0 inuse      1 total      1 smallest      1 largest
2019/11/23 19:10:20.70 #|1574536220.703888853|00#| work_queue_worker[1] wq: tx to master: info end_of_resource_update 0
2019/11/23 19:10:20.70 #|1574536220.704131310|00#| work_queue_worker[1] wq: tx to master: info tasks_running 0
2019/11/23 19:10:20.70 #|1574536220.704370431|00#| work_queue_worker[1] wq: tx to master: info tasks_running 0
2019/11/23 19:10:20.70 #|1574536220.704506434|00#| work_queue_worker[1] wq: tx to master: available_results
2019/11/23 19:10:20.72 #|1574536220.725507298|00#| work_queue_worker[1] wq: rx from master: send_results -1
2019/11/23 19:10:20.72 #|1574536220.725577990|00#| work_queue_worker[1] wq: tx to master: result 40 0 0 0 6
2019/11/23 19:10:20.72 #|1574536220.725707577|00#| work_queue_worker[1] wq: tx to master: info tasks_running 0
2019/11/23 19:10:20.72 #|1574536220.725856613|00#| work_queue_worker[1] wq: tx to master: end
2019/11/23 19:10:20.73 #|1574536220.730466815|00#| work_queue_worker[1] wq: rx from master: task 6
2019/11/23 19:10:20.73 #|1574536220.730629869|00#| work_queue_worker[1] wq: rx from master: cmd 58
2019/11/23 19:10:20.73 #|1574536220.730686006|00#| work_queue_worker[1] wq: rx from master: ./bwa mem ref.fasta query.fastq.4 > Out.4.sam 2> mem.4.err
2019/11/23 19:10:20.73 #|1574536220.730891755|00#| work_queue_worker[1] wq: rx from master: category default
2019/11/23 19:10:20.73 #|1574536220.730931125|00#| work_queue_worker[1] wq: rx from master: cores 1
2019/11/23 19:10:20.73 #|1574536220.731147165|00#| work_queue_worker[1] wq: rx from master: memory 7749
2019/11/23 19:10:20.73 #|1574536220.731212104|00#| work_queue_worker[1] wq: rx from master: disk 182504
2019/11/23 19:10:20.73 #|1574536220.731509826|00#| work_queue_worker[1] wq: rx from master: gpus 0
2019/11/23 19:10:20.73 #|1574536220.731554219|00#| work_queue_worker[1] wq: rx from master: end_time 18446744073709551615
2019/11/23 19:10:20.73 #|1574536220.731643959|00#| work_queue_worker[1] wq: rx from master: wall_time 18446744073709551615
2019/11/23 19:10:20.73 #|1574536220.731749108|00#| work_queue_worker[1] wq: rx from master: env 7
2019/11/23 19:10:20.73 #|1574536220.731944031|00#| work_queue_worker[1] wq: rx from master: env 17
2019/11/23 19:10:20.73 #|1574536220.732030771|00#| work_queue_worker[1] wq: rx from master: infile file-0-c5ee5a022e0a239ae11f2cc3e034beda-query.fastq.4 query.fastq.4 1
2019/11/23 19:10:20.73 #|1574536220.732188445|00#| work_queue_worker[1] wq: rx from master: infile file-0-971da570f958f7598fb58342dc472274-ref.fasta.sa ref.fasta.sa 1
2019/11/23 19:10:20.73 #|1574536220.732285171|00#| work_queue_worker[1] wq: rx from master: infile file-0-35f59a9883b4870b84f03717aff16002-ref.fasta.ann ref.fasta.ann 1
2019/11/23 19:10:20.73 #|1574536220.732485367|00#| work_queue_worker[1] wq: rx from master: infile file-0-1aba5e7adecebe065db19a405fb8bdf0-ref.fasta.amb ref.fasta.amb 1
2019/11/23 19:10:20.73 #|1574536220.732591532|00#| work_queue_worker[1] wq: rx from master: infile file-0-d4ff2b390cdd34b642d74a1cd1b59b97-ref.fasta.pac ref.fasta.pac 1
2019/11/23 19:10:20.73 #|1574536220.732780067|00#| work_queue_worker[1] wq: rx from master: infile file-0-0cadea4f68da3f941c5b5f0c963a59f8-ref.fasta.bwt ref.fasta.bwt 1
2019/11/23 19:10:20.73 #|1574536220.732850367|00#| work_queue_worker[1] wq: rx from master: infile file-0-b08c3e9746692f64bcb9a448620c7967-ref.fasta ref.fasta 1
2019/11/23 19:10:20.73 #|1574536220.733041197|00#| work_queue_worker[1] wq: rx from master: infile file-0-a6be17d8a097bb9efd120be10bbc654c-bwa bwa 1
2019/11/23 19:10:20.73 #|1574536220.734885233|00#| work_queue_worker[1] wq: rx from master: outfile file-0-3658071a13d1b9697b3a2af7ff4bbbde-mem.4.err mem.4.err 1
2019/11/23 19:10:20.73 #|1574536220.734964458|00#| work_queue_worker[1] wq: rx from master: outfile file-0-1aaaa4a6080cbc532975cbd62f7898e9-Out.4.sam Out.4.sam 1
2019/11/23 19:10:20.73 #|1574536220.734998129|00#| work_queue_worker[1] wq: rx from master: end
2019/11/23 19:10:20.73 #|1574536220.735292330|00#| work_queue_worker[1] wq: linking cache/file-0-c5ee5a022e0a239ae11f2cc3e034beda-query.fastq.4 to /tmp/worker-0-1/t.6/query.fastq.4
2019/11/23 19:10:20.73 #|1574536220.735468680|00#| work_queue_worker[1] wq: linking cache/file-0-971da570f958f7598fb58342dc472274-ref.fasta.sa to /tmp/worker-0-1/t.6/ref.fasta.sa
2019/11/23 19:10:20.73 #|1574536220.735533260|00#| work_queue_worker[1] wq: linking cache/file-0-35f59a9883b4870b84f03717aff16002-ref.fasta.ann to /tmp/worker-0-1/t.6/ref.fasta.ann
2019/11/23 19:10:20.73 #|1574536220.735607066|00#| work_queue_worker[1] wq: linking cache/file-0-1aba5e7adecebe065db19a405fb8bdf0-ref.fasta.amb to /tmp/worker-0-1/t.6/ref.fasta.amb
2019/11/23 19:10:20.73 #|1574536220.735704665|00#| work_queue_worker[1] wq: linking cache/file-0-d4ff2b390cdd34b642d74a1cd1b59b97-ref.fasta.pac to /tmp/worker-0-1/t.6/ref.fasta.pac
2019/11/23 19:10:20.73 #|1574536220.735807417|00#| work_queue_worker[1] wq: linking cache/file-0-0cadea4f68da3f941c5b5f0c963a59f8-ref.fasta.bwt to /tmp/worker-0-1/t.6/ref.fasta.bwt
2019/11/23 19:10:20.73 #|1574536220.735899823|00#| work_queue_worker[1] wq: linking cache/file-0-b08c3e9746692f64bcb9a448620c7967-ref.fasta to /tmp/worker-0-1/t.6/ref.fasta
2019/11/23 19:10:20.73 #|1574536220.735979693|00#| work_queue_worker[1] wq: linking cache/file-0-a6be17d8a097bb9efd120be10bbc654c-bwa to /tmp/worker-0-1/t.6/bwa
2019/11/23 19:10:20.73 #|1574536220.736438886|00#| work_queue_worker[1] wq: started process 25: ./bwa mem ref.fasta query.fastq.4 > Out.4.sam 2> mem.4.err
2019/11/23 19:10:20.73 #|1574536220.736504558|00#| work_queue_worker[1] wq: tx to master: info tasks_running 1
2019/11/23 19:10:22.18 #|1574536222.184158078|00#| work_queue_worker[1] wq: task 6 (pid 25) exited normally with exit code 0
2019/11/23 19:10:22.18 #|1574536222.184202708|00#| work_queue_worker[1] wq: moving output file from /tmp/worker-0-1/t.6/mem.4.err to cache/file-0-3658071a13d1b9697b3a2af7ff4bbbde-mem.4.err
2019/11/23 19:10:22.18 #|1574536222.184272675|00#| work_queue_worker[1] wq: moving output file from /tmp/worker-0-1/t.6/Out.4.sam to cache/file-0-1aaaa4a6080cbc532975cbd62f7898e9-Out.4.sam
2019/11/23 19:10:22.18 #|1574536222.184397570|00#| work_queue_worker[1] wq: tx to master: available_results
2019/11/23 19:10:22.18 #|1574536222.184882120|00#| work_queue_worker[1] wq: rx from master: send_results -1
2019/11/23 19:10:22.18 #|1574536222.184912373|00#| work_queue_worker[1] wq: tx to master: result 0 0 0 1448066 6
2019/11/23 19:10:22.18 #|1574536222.184952621|00#| work_queue_worker[1] wq: tx to master: info tasks_running 0
2019/11/23 19:10:22.18 #|1574536222.184988864|00#| work_queue_worker[1] wq: tx to master: end
2019/11/23 19:10:22.27 #|1574536222.274985863|00#| work_queue_worker[1] wq: rx from master: get file-0-3658071a13d1b9697b3a2af7ff4bbbde-mem.4.err 1
2019/11/23 19:10:22.27 #|1574536222.275153857|00#| work_queue_worker[1] wq: tx to master: file file-0-3658071a13d1b9697b3a2af7ff4bbbde-mem.4.err 297
2019/11/23 19:10:22.27 #|1574536222.275823864|00#| work_queue_worker[1] wq: tx to master: end
2019/11/23 19:10:22.27 #|1574536222.276341520|00#| work_queue_worker[1] wq: rx from master: get file-0-1aaaa4a6080cbc532975cbd62f7898e9-Out.4.sam 1
2019/11/23 19:10:22.27 #|1574536222.276433340|00#| work_queue_worker[1] wq: tx to master: file file-0-1aaaa4a6080cbc532975cbd62f7898e9-Out.4.sam 7097025
2019/11/23 19:10:22.92 #|1574536222.928631634|00#| work_queue_worker[1] wq: tx to master: end
2019/11/23 19:10:22.96 #|1574536222.967168084|00#| work_queue_worker[1] wq: rx from master: kill 6
2019/11/23 19:10:34.75 #|1574536234.757293312|00#| work_queue_worker[1] wq: rx from master: put file-0-048045060f61089a83cce204e6b8f151-corr.out 0 0644 1
2019/11/23 19:10:34.75 #|1574536234.758370853|00#| work_queue_worker[1] wq: Putting file file-0-048045060f61089a83cce204e6b8f151-corr.out into workspace
2019/11/23 19:10:34.75 #|1574536234.758838739|00#| work_queue_worker[1] wq: rx from master: put file-0-7e84d12fe76710de61a1e1012d161708-ref.fasta.95 1055000 0644 1
2019/11/23 19:10:34.75 #|1574536234.759520951|00#| work_queue_worker[1] wq: Putting file file-0-7e84d12fe76710de61a1e1012d161708-ref.fasta.95 into workspace
2019/11/23 19:10:35.07 #|1574536235.73897770|00#| work_queue_worker[1] wq: rx from master: put file-0-ddd728dc31a49bcd4cacae5676b4e7f7-Create_Corrected_AllLRReads.py 1402 0755 1
2019/11/23 19:10:35.07 #|1574536235.73959843|00#| work_queue_worker[1] wq: Putting file file-0-ddd728dc31a49bcd4cacae5676b4e7f7-Create_Corrected_AllLRReads.py into workspace
2019/11/23 19:10:35.07 #|1574536235.74113855|00#| work_queue_worker[1] wq: rx from master: task 17
2019/11/23 19:10:35.07 #|1574536235.74145348|00#| work_queue_worker[1] wq: rx from master: cmd 76
2019/11/23 19:10:35.07 #|1574536235.74166444|00#| work_queue_worker[1] wq: rx from master: python Create_Corrected_AllLRReads.py ref.fasta.95 corr.out 2> create.err.95
2019/11/23 19:10:35.07 #|1574536235.74181228|00#| work_queue_worker[1] wq: rx from master: category default
2019/11/23 19:10:35.07 #|1574536235.74204707|00#| work_queue_worker[1] wq: rx from master: cores 1
2019/11/23 19:10:35.07 #|1574536235.74221892|00#| work_queue_worker[1] wq: rx from master: memory 7749
2019/11/23 19:10:35.07 #|1574536235.74237648|00#| work_queue_worker[1] wq: rx from master: disk 182504
2019/11/23 19:10:35.07 #|1574536235.74253439|00#| work_queue_worker[1] wq: rx from master: gpus 0
2019/11/23 19:10:35.07 #|1574536235.74270498|00#| work_queue_worker[1] wq: rx from master: end_time 18446744073709551615
2019/11/23 19:10:35.07 #|1574536235.74287904|00#| work_queue_worker[1] wq: rx from master: wall_time 18446744073709551615
2019/11/23 19:10:35.07 #|1574536235.74304045|00#| work_queue_worker[1] wq: rx from master: env 7
2019/11/23 19:10:35.07 #|1574536235.74322883|00#| work_queue_worker[1] wq: rx from master: env 17
2019/11/23 19:10:35.07 #|1574536235.74341959|00#| work_queue_worker[1] wq: rx from master: infile file-0-048045060f61089a83cce204e6b8f151-corr.out corr.out 1
2019/11/23 19:10:35.07 #|1574536235.74374668|00#| work_queue_worker[1] wq: rx from master: infile file-0-7e84d12fe76710de61a1e1012d161708-ref.fasta.95 ref.fasta.95 1
2019/11/23 19:10:35.07 #|1574536235.74401371|00#| work_queue_worker[1] wq: rx from master: infile file-0-ddd728dc31a49bcd4cacae5676b4e7f7-Create_Corrected_AllLRReads.py Create_Corrected_AllLRReads.py 1
2019/11/23 19:10:35.07 #|1574536235.74432388|00#| work_queue_worker[1] wq: rx from master: outfile file-0-bdd2eb0caeb9adced89a5016cc60b763-create.err.95 create.err.95 1
2019/11/23 19:10:35.07 #|1574536235.74459033|00#| work_queue_worker[1] wq: rx from master: outfile file-0-ed277250e06d89d2f88b429376d61705-Corrected_ref.fasta.95 Corrected_ref.fasta.95 1
2019/11/23 19:10:35.07 #|1574536235.74485884|00#| work_queue_worker[1] wq: rx from master: end
2019/11/23 19:10:35.07 #|1574536235.74632746|00#| work_queue_worker[1] wq: linking cache/file-0-048045060f61089a83cce204e6b8f151-corr.out to /tmp/worker-0-1/t.17/corr.out
2019/11/23 19:10:35.07 #|1574536235.74691542|00#| work_queue_worker[1] wq: linking cache/file-0-7e84d12fe76710de61a1e1012d161708-ref.fasta.95 to /tmp/worker-0-1/t.17/ref.fasta.95
2019/11/23 19:10:35.07 #|1574536235.74745044|00#| work_queue_worker[1] wq: linking cache/file-0-ddd728dc31a49bcd4cacae5676b4e7f7-Create_Corrected_AllLRReads.py to /tmp/worker-0-1/t.17/Create_Corrected_AllLRReads.py
2019/11/23 19:10:35.07 #|1574536235.74976474|00#| work_queue_worker[1] wq: started process 31: python Create_Corrected_AllLRReads.py ref.fasta.95 corr.out 2> create.err.95
2019/11/23 19:10:35.07 #|1574536235.75023424|00#| work_queue_worker[1] wq: tx to master: info tasks_running 1
2019/11/23 19:10:35.12 #|1574536235.123148493|00#| work_queue_worker[1] wq: task 17 (pid 31) exited normally with exit code 0
2019/11/23 19:10:35.12 #|1574536235.123179256|00#| work_queue_worker[1] wq: moving output file from /tmp/worker-0-1/t.17/create.err.95 to cache/file-0-bdd2eb0caeb9adced89a5016cc60b763-create.err.95
2019/11/23 19:10:35.12 #|1574536235.123231381|00#| work_queue_worker[1] wq: moving output file from /tmp/worker-0-1/t.17/Corrected_ref.fasta.95 to cache/file-0-ed277250e06d89d2f88b429376d61705-Corrected_ref.fasta.95
2019/11/23 19:10:35.12 #|1574536235.123262580|00#| work_queue_worker[1] wq: tx to master: available_results
2019/11/23 19:10:35.21 #|1574536235.218337270|00#| work_queue_worker[1] wq: rx from master: send_results -1
2019/11/23 19:10:35.21 #|1574536235.218429541|00#| work_queue_worker[1] wq: tx to master: result 0 0 0 48361 17
2019/11/23 19:10:35.21 #|1574536235.218565038|00#| work_queue_worker[1] wq: tx to master: info tasks_running 0
2019/11/23 19:10:35.21 #|1574536235.218656717|00#| work_queue_worker[1] wq: tx to master: end
2019/11/23 19:10:35.22 #|1574536235.222096309|00#| work_queue_worker[1] wq: rx from master: get file-0-bdd2eb0caeb9adced89a5016cc60b763-create.err.95 1
2019/11/23 19:10:35.22 #|1574536235.222186829|00#| work_queue_worker[1] wq: tx to master: file file-0-bdd2eb0caeb9adced89a5016cc60b763-create.err.95 0
2019/11/23 19:10:35.22 #|1574536235.222345946|00#| work_queue_worker[1] wq: tx to master: end
2019/11/23 19:10:35.22 #|1574536235.223086802|00#| work_queue_worker[1] wq: rx from master: get file-0-ed277250e06d89d2f88b429376d61705-Corrected_ref.fasta.95 1
2019/11/23 19:10:35.22 #|1574536235.223166040|00#| work_queue_worker[1] wq: tx to master: file file-0-ed277250e06d89d2f88b429376d61705-Corrected_ref.fasta.95 1055000
2019/11/23 19:10:35.27 #|1574536235.278359028|00#| work_queue_worker[1] wq: tx to master: end
2019/11/23 19:10:35.31 #|1574536235.317057825|00#| work_queue_worker[1] wq: rx from master: kill 17
2019/11/23 19:10:35.45 #|1574536235.454403196|00#| work_queue_worker[1] wq: rx from master: put file-0-25a16fc2d472252b5fba2a0fe26d77ad-ref.fasta.73 1055000 0644 1
2019/11/23 19:10:35.45 #|1574536235.454587286|00#| work_queue_worker[1] wq: Putting file file-0-25a16fc2d472252b5fba2a0fe26d77ad-ref.fasta.73 into workspace
2019/11/23 19:10:35.71 #|1574536235.716905631|00#| work_queue_worker[1] wq: rx from master: task 39
2019/11/23 19:10:35.71 #|1574536235.717146408|00#| work_queue_worker[1] wq: rx from master: cmd 76
2019/11/23 19:10:35.71 #|1574536235.717397743|00#| work_queue_worker[1] wq: rx from master: python Create_Corrected_AllLRReads.py ref.fasta.73 corr.out 2> create.err.73
2019/11/23 19:10:35.71 #|1574536235.717623722|00#| work_queue_worker[1] wq: rx from master: category default
2019/11/23 19:10:35.71 #|1574536235.717857861|00#| work_queue_worker[1] wq: rx from master: cores 1
2019/11/23 19:10:35.71 #|1574536235.718136638|00#| work_queue_worker[1] wq: rx from master: memory 7749
2019/11/23 19:10:35.71 #|1574536235.718421064|00#| work_queue_worker[1] wq: rx from master: disk 182504
2019/11/23 19:10:35.71 #|1574536235.718687956|00#| work_queue_worker[1] wq: rx from master: gpus 0
2019/11/23 19:10:35.71 #|1574536235.718892012|00#| work_queue_worker[1] wq: rx from master: end_time 18446744073709551615
2019/11/23 19:10:35.71 #|1574536235.719150795|00#| work_queue_worker[1] wq: rx from master: wall_time 18446744073709551615
2019/11/23 19:10:35.71 #|1574536235.719492030|00#| work_queue_worker[1] wq: rx from master: env 7
2019/11/23 19:10:35.71 #|1574536235.719729530|00#| work_queue_worker[1] wq: rx from master: env 17
2019/11/23 19:10:35.71 #|1574536235.719958414|00#| work_queue_worker[1] wq: rx from master: infile file-0-048045060f61089a83cce204e6b8f151-corr.out corr.out 1
2019/11/23 19:10:35.72 #|1574536235.720228794|00#| work_queue_worker[1] wq: rx from master: infile file-0-25a16fc2d472252b5fba2a0fe26d77ad-ref.fasta.73 ref.fasta.73 1
2019/11/23 19:10:35.72 #|1574536235.720481966|00#| work_queue_worker[1] wq: rx from master: infile file-0-ddd728dc31a49bcd4cacae5676b4e7f7-Create_Corrected_AllLRReads.py Create_Corrected_AllLRReads.py 1
2019/11/23 19:10:35.72 #|1574536235.720776304|00#| work_queue_worker[1] wq: rx from master: outfile file-0-dfd7bd75c14e9dca81c4412429696b1f-create.err.73 create.err.73 1
2019/11/23 19:10:35.72 #|1574536235.721007839|00#| work_queue_worker[1] wq: rx from master: outfile file-0-919dd2028bc9a754b9bda57e1534e366-Corrected_ref.fasta.73 Corrected_ref.fasta.73 1
2019/11/23 19:10:35.72 #|1574536235.721293000|00#| work_queue_worker[1] wq: rx from master: end
2019/11/23 19:10:35.72 #|1574536235.721621432|00#| work_queue_worker[1] wq: linking cache/file-0-048045060f61089a83cce204e6b8f151-corr.out to /tmp/worker-0-1/t.39/corr.out
2019/11/23 19:10:35.72 #|1574536235.721763710|00#| work_queue_worker[1] wq: linking cache/file-0-25a16fc2d472252b5fba2a0fe26d77ad-ref.fasta.73 to /tmp/worker-0-1/t.39/ref.fasta.73
2019/11/23 19:10:35.72 #|1574536235.721883910|00#| work_queue_worker[1] wq: linking cache/file-0-ddd728dc31a49bcd4cacae5676b4e7f7-Create_Corrected_AllLRReads.py to /tmp/worker-0-1/t.39/Create_Corrected_AllLRReads.py
2019/11/23 19:10:35.72 #|1574536235.722274099|00#| work_queue_worker[1] wq: started process 33: python Create_Corrected_AllLRReads.py ref.fasta.73 corr.out 2> create.err.73
2019/11/23 19:10:35.72 #|1574536235.722363297|00#| work_queue_worker[1] wq: tx to master: info tasks_running 1
2019/11/23 19:10:35.78 #|1574536235.783730657|00#| work_queue_worker[1] wq: task 39 (pid 33) exited normally with exit code 0
2019/11/23 19:10:35.78 #|1574536235.783785543|00#| work_queue_worker[1] wq: moving output file from /tmp/worker-0-1/t.39/create.err.73 to cache/file-0-dfd7bd75c14e9dca81c4412429696b1f-create.err.73
2019/11/23 19:10:35.78 #|1574536235.783844576|00#| work_queue_worker[1] wq: moving output file from /tmp/worker-0-1/t.39/Corrected_ref.fasta.73 to cache/file-0-919dd2028bc9a754b9bda57e1534e366-Corrected_ref.fasta.73
2019/11/23 19:10:35.78 #|1574536235.783880659|00#| work_queue_worker[1] wq: tx to master: available_results
2019/11/23 19:10:35.82 #|1574536235.826463982|00#| work_queue_worker[1] wq: rx from master: send_results -1
2019/11/23 19:10:35.82 #|1574536235.826517231|00#| work_queue_worker[1] wq: tx to master: result 0 0 0 61750 39
2019/11/23 19:10:35.82 #|1574536235.826584605|00#| work_queue_worker[1] wq: tx to master: info tasks_running 0
2019/11/23 19:10:35.82 #|1574536235.826642147|00#| work_queue_worker[1] wq: tx to master: end
2019/11/23 19:10:35.82 #|1574536235.828244231|00#| work_queue_worker[1] wq: rx from master: get file-0-dfd7bd75c14e9dca81c4412429696b1f-create.err.73 1
2019/11/23 19:10:35.82 #|1574536235.828312711|00#| work_queue_worker[1] wq: tx to master: file file-0-dfd7bd75c14e9dca81c4412429696b1f-create.err.73 0
2019/11/23 19:10:35.82 #|1574536235.828407462|00#| work_queue_worker[1] wq: tx to master: end
2019/11/23 19:10:35.82 #|1574536235.828918734|00#| work_queue_worker[1] wq: rx from master: get file-0-919dd2028bc9a754b9bda57e1534e366-Corrected_ref.fasta.73 1
2019/11/23 19:10:35.82 #|1574536235.828956055|00#| work_queue_worker[1] wq: tx to master: file file-0-919dd2028bc9a754b9bda57e1534e366-Corrected_ref.fasta.73 1055000
2019/11/23 19:10:35.88 #|1574536235.881200227|00#| work_queue_worker[1] wq: tx to master: end
2019/11/23 19:10:35.92 #|1574536235.922701445|00#| work_queue_worker[1] wq: rx from master: kill 39
2019/11/23 19:10:36.34 #|1574536236.345932931|00#| work_queue_worker[1] wq: rx from master: put file-0-9d4591a0309983c19547ae292f9fa39e-ref.fasta.49 1055000 0644 1
2019/11/23 19:10:36.34 #|1574536236.346014399|00#| work_queue_worker[1] wq: Putting file file-0-9d4591a0309983c19547ae292f9fa39e-ref.fasta.49 into workspace
2019/11/23 19:10:36.52 #|1574536236.529100831|00#| work_queue_worker[1] wq: rx from master: task 63
2019/11/23 19:10:36.52 #|1574536236.529235017|00#| work_queue_worker[1] wq: rx from master: cmd 76
2019/11/23 19:10:36.52 #|1574536236.529379967|00#| work_queue_worker[1] wq: rx from master: python Create_Corrected_AllLRReads.py ref.fasta.49 corr.out 2> create.err.49
2019/11/23 19:10:36.52 #|1574536236.529540881|00#| work_queue_worker[1] wq: rx from master: category default
2019/11/23 19:10:36.52 #|1574536236.529590939|00#| work_queue_worker[1] wq: rx from master: cores 1
2019/11/23 19:10:36.52 #|1574536236.529621929|00#| work_queue_worker[1] wq: rx from master: memory 7749
2019/11/23 19:10:36.52 #|1574536236.529650894|00#| work_queue_worker[1] wq: rx from master: disk 182504
2019/11/23 19:10:36.52 #|1574536236.529681055|00#| work_queue_worker[1] wq: rx from master: gpus 0
2019/11/23 19:10:36.52 #|1574536236.529709957|00#| work_queue_worker[1] wq: rx from master: end_time 18446744073709551615
2019/11/23 19:10:36.52 #|1574536236.529786307|00#| work_queue_worker[1] wq: rx from master: wall_time 18446744073709551615
2019/11/23 19:10:36.52 #|1574536236.529859300|00#| work_queue_worker[1] wq: rx from master: env 7
2019/11/23 19:10:36.52 #|1574536236.529987697|00#| work_queue_worker[1] wq: rx from master: env 17
2019/11/23 19:10:36.53 #|1574536236.530135834|00#| work_queue_worker[1] wq: rx from master: infile file-0-048045060f61089a83cce204e6b8f151-corr.out corr.out 1
2019/11/23 19:10:36.53 #|1574536236.530203813|00#| work_queue_worker[1] wq: rx from master: infile file-0-9d4591a0309983c19547ae292f9fa39e-ref.fasta.49 ref.fasta.49 1
2019/11/23 19:10:36.53 #|1574536236.530255033|00#| work_queue_worker[1] wq: rx from master: infile file-0-ddd728dc31a49bcd4cacae5676b4e7f7-Create_Corrected_AllLRReads.py Create_Corrected_AllLRReads.py 1
2019/11/23 19:10:36.53 #|1574536236.530326623|00#| work_queue_worker[1] wq: rx from master: outfile file-0-c975a3d20ee97c47edcb1955fe9985ba-create.err.49 create.err.49 1
2019/11/23 19:10:36.53 #|1574536236.530369528|00#| work_queue_worker[1] wq: rx from master: outfile file-0-66abc865f4bc07dbb83b8e35cea66681-Corrected_ref.fasta.49 Corrected_ref.fasta.49 1
2019/11/23 19:10:36.53 #|1574536236.530455634|00#| work_queue_worker[1] wq: rx from master: end
2019/11/23 19:10:36.53 #|1574536236.530748382|00#| work_queue_worker[1] wq: linking cache/file-0-048045060f61089a83cce204e6b8f151-corr.out to /tmp/worker-0-1/t.63/corr.out
2019/11/23 19:10:36.53 #|1574536236.530869558|00#| work_queue_worker[1] wq: linking cache/file-0-9d4591a0309983c19547ae292f9fa39e-ref.fasta.49 to /tmp/worker-0-1/t.63/ref.fasta.49
2019/11/23 19:10:36.53 #|1574536236.530960992|00#| work_queue_worker[1] wq: linking cache/file-0-ddd728dc31a49bcd4cacae5676b4e7f7-Create_Corrected_AllLRReads.py to /tmp/worker-0-1/t.63/Create_Corrected_AllLRReads.py
2019/11/23 19:10:36.53 #|1574536236.531260820|00#| work_queue_worker[1] wq: started process 35: python Create_Corrected_AllLRReads.py ref.fasta.49 corr.out 2> create.err.49
2019/11/23 19:10:36.53 #|1574536236.531321752|00#| work_queue_worker[1] wq: tx to master: info tasks_running 1
2019/11/23 19:10:36.62 #|1574536236.620189067|00#| work_queue_worker[1] wq: task 63 (pid 35) exited normally with exit code 0
2019/11/23 19:10:36.62 #|1574536236.620250434|00#| work_queue_worker[1] wq: moving output file from /tmp/worker-0-1/t.63/create.err.49 to cache/file-0-c975a3d20ee97c47edcb1955fe9985ba-create.err.49
2019/11/23 19:10:36.62 #|1574536236.620304308|00#| work_queue_worker[1] wq: moving output file from /tmp/worker-0-1/t.63/Corrected_ref.fasta.49 to cache/file-0-66abc865f4bc07dbb83b8e35cea66681-Corrected_ref.fasta.49
2019/11/23 19:10:36.62 #|1574536236.620336497|00#| work_queue_worker[1] wq: tx to master: available_results
2019/11/23 19:10:36.67 #|1574536236.678313561|00#| work_queue_worker[1] wq: rx from master: send_results -1
2019/11/23 19:10:36.67 #|1574536236.678367828|00#| work_queue_worker[1] wq: tx to master: result 0 0 0 89146 63
2019/11/23 19:10:36.67 #|1574536236.678438903|00#| work_queue_worker[1] wq: tx to master: info tasks_running 0
2019/11/23 19:10:36.67 #|1574536236.678483629|00#| work_queue_worker[1] wq: tx to master: end
2019/11/23 19:10:36.69 #|1574536236.690101206|00#| work_queue_worker[1] wq: rx from master: get file-0-c975a3d20ee97c47edcb1955fe9985ba-create.err.49 1
2019/11/23 19:10:36.69 #|1574536236.690146058|00#| work_queue_worker[1] wq: tx to master: file file-0-c975a3d20ee97c47edcb1955fe9985ba-create.err.49 0
2019/11/23 19:10:36.69 #|1574536236.690206533|00#| work_queue_worker[1] wq: tx to master: end
2019/11/23 19:10:36.69 #|1574536236.694790588|00#| work_queue_worker[1] wq: rx from master: get file-0-66abc865f4bc07dbb83b8e35cea66681-Corrected_ref.fasta.49 1
2019/11/23 19:10:36.69 #|1574536236.694821593|00#| work_queue_worker[1] wq: tx to master: file file-0-66abc865f4bc07dbb83b8e35cea66681-Corrected_ref.fasta.49 1055000
2019/11/23 19:10:36.76 #|1574536236.760206532|00#| work_queue_worker[1] wq: tx to master: end
2019/11/23 19:10:36.79 #|1574536236.792312352|00#| work_queue_worker[1] wq: rx from master: kill 63
2019/11/23 19:10:37.17 #|1574536237.178681864|00#| work_queue_worker[1] wq: rx from master: put file-0-c63681d729e6b127a41a6905b7bf8cd3-ref.fasta.30 1055000 0644 1
2019/11/23 19:10:37.17 #|1574536237.178781989|00#| work_queue_worker[1] wq: Putting file file-0-c63681d729e6b127a41a6905b7bf8cd3-ref.fasta.30 into workspace
2019/11/23 19:10:37.38 #|1574536237.387556043|00#| work_queue_worker[1] wq: rx from master: task 82
2019/11/23 19:10:37.38 #|1574536237.387692835|00#| work_queue_worker[1] wq: rx from master: cmd 76
2019/11/23 19:10:37.38 #|1574536237.387805462|00#| work_queue_worker[1] wq: rx from master: python Create_Corrected_AllLRReads.py ref.fasta.30 corr.out 2> create.err.30
2019/11/23 19:10:37.38 #|1574536237.387919097|00#| work_queue_worker[1] wq: rx from master: category default
2019/11/23 19:10:37.38 #|1574536237.388058148|00#| work_queue_worker[1] wq: rx from master: cores 1
2019/11/23 19:10:37.47 #|1574536237.477334567|00#| work_queue_worker[1] wq: rx from master: memory 7749
2019/11/23 19:10:37.47 #|1574536237.477379019|00#| work_queue_worker[1] wq: rx from master: disk 182504
2019/11/23 19:10:37.47 #|1574536237.477395818|00#| work_queue_worker[1] wq: rx from master: gpus 0
2019/11/23 19:10:37.47 #|1574536237.477411144|00#| work_queue_worker[1] wq: rx from master: end_time 18446744073709551615
2019/11/23 19:10:37.47 #|1574536237.477426940|00#| work_queue_worker[1] wq: rx from master: wall_time 18446744073709551615
2019/11/23 19:10:37.47 #|1574536237.477441578|00#| work_queue_worker[1] wq: rx from master: env 7
2019/11/23 19:10:37.47 #|1574536237.477461377|00#| work_queue_worker[1] wq: rx from master: env 17
2019/11/23 19:10:37.47 #|1574536237.477478784|00#| work_queue_worker[1] wq: rx from master: infile file-0-048045060f61089a83cce204e6b8f151-corr.out corr.out 1
2019/11/23 19:10:37.47 #|1574536237.477514188|00#| work_queue_worker[1] wq: rx from master: infile file-0-c63681d729e6b127a41a6905b7bf8cd3-ref.fasta.30 ref.fasta.30 1
2019/11/23 19:10:37.47 #|1574536237.477540354|00#| work_queue_worker[1] wq: rx from master: infile file-0-ddd728dc31a49bcd4cacae5676b4e7f7-Create_Corrected_AllLRReads.py Create_Corrected_AllLRReads.py 1
2019/11/23 19:10:37.47 #|1574536237.477565325|00#| work_queue_worker[1] wq: rx from master: outfile file-0-f48d7f9ba16c46e3fd1b2ce2b4c4688d-create.err.30 create.err.30 1
2019/11/23 19:10:37.47 #|1574536237.477590176|00#| work_queue_worker[1] wq: rx from master: outfile file-0-383c890ca508ff514ed04ad9be49df6f-Corrected_ref.fasta.30 Corrected_ref.fasta.30 1
2019/11/23 19:10:37.47 #|1574536237.477628510|00#| work_queue_worker[1] wq: rx from master: end
2019/11/23 19:10:37.47 #|1574536237.477877995|00#| work_queue_worker[1] wq: linking cache/file-0-048045060f61089a83cce204e6b8f151-corr.out to /tmp/worker-0-1/t.82/corr.out
2019/11/23 19:10:37.47 #|1574536237.477963354|00#| work_queue_worker[1] wq: linking cache/file-0-c63681d729e6b127a41a6905b7bf8cd3-ref.fasta.30 to /tmp/worker-0-1/t.82/ref.fasta.30
2019/11/23 19:10:37.47 #|1574536237.478058801|00#| work_queue_worker[1] wq: linking cache/file-0-ddd728dc31a49bcd4cacae5676b4e7f7-Create_Corrected_AllLRReads.py to /tmp/worker-0-1/t.82/Create_Corrected_AllLRReads.py
2019/11/23 19:10:37.47 #|1574536237.478438357|00#| work_queue_worker[1] wq: started process 37: python Create_Corrected_AllLRReads.py ref.fasta.30 corr.out 2> create.err.30
2019/11/23 19:10:37.47 #|1574536237.478532796|00#| work_queue_worker[1] wq: tx to master: info tasks_running 1
2019/11/23 19:10:37.55 #|1574536237.553928329|00#| work_queue_worker[1] wq: task 82 (pid 37) exited normally with exit code 0
2019/11/23 19:10:37.55 #|1574536237.553994089|00#| work_queue_worker[1] wq: moving output file from /tmp/worker-0-1/t.82/create.err.30 to cache/file-0-f48d7f9ba16c46e3fd1b2ce2b4c4688d-create.err.30
2019/11/23 19:10:37.55 #|1574536237.554070141|00#| work_queue_worker[1] wq: moving output file from /tmp/worker-0-1/t.82/Corrected_ref.fasta.30 to cache/file-0-383c890ca508ff514ed04ad9be49df6f-Corrected_ref.fasta.30
2019/11/23 19:10:37.55 #|1574536237.554115036|00#| work_queue_worker[1] wq: tx to master: available_results
2019/11/23 19:10:37.56 #|1574536237.560399424|00#| work_queue_worker[1] wq: rx from master: send_results -1
2019/11/23 19:10:37.56 #|1574536237.560518177|00#| work_queue_worker[1] wq: tx to master: result 0 0 0 75816 82
2019/11/23 19:10:37.56 #|1574536237.560680033|00#| work_queue_worker[1] wq: tx to master: info tasks_running 0
2019/11/23 19:10:37.56 #|1574536237.560798363|00#| work_queue_worker[1] wq: tx to master: end
2019/11/23 19:10:37.56 #|1574536237.562684805|00#| work_queue_worker[1] wq: rx from master: get file-0-f48d7f9ba16c46e3fd1b2ce2b4c4688d-create.err.30 1
2019/11/23 19:10:37.56 #|1574536237.562759067|00#| work_queue_worker[1] wq: tx to master: file file-0-f48d7f9ba16c46e3fd1b2ce2b4c4688d-create.err.30 0
2019/11/23 19:10:37.56 #|1574536237.562868084|00#| work_queue_worker[1] wq: tx to master: end
2019/11/23 19:10:37.56 #|1574536237.563585908|00#| work_queue_worker[1] wq: rx from master: get file-0-383c890ca508ff514ed04ad9be49df6f-Corrected_ref.fasta.30 1
2019/11/23 19:10:37.56 #|1574536237.563641788|00#| work_queue_worker[1] wq: tx to master: file file-0-383c890ca508ff514ed04ad9be49df6f-Corrected_ref.fasta.30 1055000
2019/11/23 19:10:37.61 #|1574536237.618784350|00#| work_queue_worker[1] wq: tx to master: end
2019/11/23 19:10:37.65 #|1574536237.657470924|00#| work_queue_worker[1] wq: rx from master: kill 82
2019/11/23 19:10:37.80 #|1574536237.801393769|00#| work_queue_worker[1] wq: rx from master: put file-0-595d6fd0783af5f1f9d6ac327ab7d0ae-ref.fasta.13 1055000 0644 1
2019/11/23 19:10:37.80 #|1574536237.801462473|00#| work_queue_worker[1] wq: Putting file file-0-595d6fd0783af5f1f9d6ac327ab7d0ae-ref.fasta.13 into workspace
2019/11/23 19:10:38.04 #|1574536238.47800738|00#| work_queue_worker[1] wq: rx from master: task 99
2019/11/23 19:10:38.04 #|1574536238.47843502|00#| work_queue_worker[1] wq: rx from master: cmd 76
2019/11/23 19:10:38.04 #|1574536238.47863730|00#| work_queue_worker[1] wq: rx from master: python Create_Corrected_AllLRReads.py ref.fasta.13 corr.out 2> create.err.13
2019/11/23 19:10:38.04 #|1574536238.47910207|00#| work_queue_worker[1] wq: rx from master: category default
2019/11/23 19:10:38.04 #|1574536238.47964182|00#| work_queue_worker[1] wq: rx from master: cores 1
2019/11/23 19:10:38.04 #|1574536238.47983314|00#| work_queue_worker[1] wq: rx from master: memory 7749
2019/11/23 19:10:38.04 #|1574536238.48097144|00#| work_queue_worker[1] wq: rx from master: disk 182504
2019/11/23 19:10:38.04 #|1574536238.48235169|00#| work_queue_worker[1] wq: rx from master: gpus 0
2019/11/23 19:10:38.04 #|1574536238.48370697|00#| work_queue_worker[1] wq: rx from master: end_time 18446744073709551615
2019/11/23 19:10:38.04 #|1574536238.48531018|00#| work_queue_worker[1] wq: rx from master: wall_time 18446744073709551615
2019/11/23 19:10:38.04 #|1574536238.48644195|00#| work_queue_worker[1] wq: rx from master: env 7
2019/11/23 19:10:38.04 #|1574536238.48788782|00#| work_queue_worker[1] wq: rx from master: env 17
2019/11/23 19:10:38.04 #|1574536238.48928264|00#| work_queue_worker[1] wq: rx from master: infile file-0-048045060f61089a83cce204e6b8f151-corr.out corr.out 1
2019/11/23 19:10:38.04 #|1574536238.49022634|00#| work_queue_worker[1] wq: rx from master: infile file-0-595d6fd0783af5f1f9d6ac327ab7d0ae-ref.fasta.13 ref.fasta.13 1
2019/11/23 19:10:38.04 #|1574536238.49084648|00#| work_queue_worker[1] wq: rx from master: infile file-0-ddd728dc31a49bcd4cacae5676b4e7f7-Create_Corrected_AllLRReads.py Create_Corrected_AllLRReads.py 1
2019/11/23 19:10:38.04 #|1574536238.49176193|00#| work_queue_worker[1] wq: rx from master: outfile file-0-32c5095394ebd8a68a517c8d5a4323f1-create.err.13 create.err.13 1
2019/11/23 19:10:38.04 #|1574536238.49239071|00#| work_queue_worker[1] wq: rx from master: outfile file-0-4568319af98992159bb6f7f8a2d123df-Corrected_ref.fasta.13 Corrected_ref.fasta.13 1
2019/11/23 19:10:38.04 #|1574536238.49330626|00#| work_queue_worker[1] wq: rx from master: end
2019/11/23 19:10:38.04 #|1574536238.49549193|00#| work_queue_worker[1] wq: linking cache/file-0-048045060f61089a83cce204e6b8f151-corr.out to /tmp/worker-0-1/t.99/corr.out
2019/11/23 19:10:38.04 #|1574536238.49632896|00#| work_queue_worker[1] wq: linking cache/file-0-595d6fd0783af5f1f9d6ac327ab7d0ae-ref.fasta.13 to /tmp/worker-0-1/t.99/ref.fasta.13
2019/11/23 19:10:38.04 #|1574536238.49714394|00#| work_queue_worker[1] wq: linking cache/file-0-ddd728dc31a49bcd4cacae5676b4e7f7-Create_Corrected_AllLRReads.py to /tmp/worker-0-1/t.99/Create_Corrected_AllLRReads.py
2019/11/23 19:10:38.05 #|1574536238.50041099|00#| work_queue_worker[1] wq: started process 39: python Create_Corrected_AllLRReads.py ref.fasta.13 corr.out 2> create.err.13
2019/11/23 19:10:38.05 #|1574536238.50115480|00#| work_queue_worker[1] wq: tx to master: info tasks_running 1
2019/11/23 19:10:38.14 #|1574536238.142810206|00#| work_queue_worker[1] wq: task 99 (pid 39) exited normally with exit code 0
2019/11/23 19:10:38.14 #|1574536238.142889649|00#| work_queue_worker[1] wq: moving output file from /tmp/worker-0-1/t.99/create.err.13 to cache/file-0-32c5095394ebd8a68a517c8d5a4323f1-create.err.13
2019/11/23 19:10:38.14 #|1574536238.142994664|00#| work_queue_worker[1] wq: moving output file from /tmp/worker-0-1/t.99/Corrected_ref.fasta.13 to cache/file-0-4568319af98992159bb6f7f8a2d123df-Corrected_ref.fasta.13
2019/11/23 19:10:38.14 #|1574536238.143043671|00#| work_queue_worker[1] wq: tx to master: available_results
2019/11/23 19:10:38.17 #|1574536238.175231135|00#| work_queue_worker[1] wq: rx from master: send_results -1
2019/11/23 19:10:38.17 #|1574536238.175268791|00#| work_queue_worker[1] wq: tx to master: result 0 0 0 93054 99
2019/11/23 19:10:38.17 #|1574536238.175323546|00#| work_queue_worker[1] wq: tx to master: info tasks_running 0
2019/11/23 19:10:38.17 #|1574536238.175359522|00#| work_queue_worker[1] wq: tx to master: end
2019/11/23 19:10:38.19 #|1574536238.196401648|00#| work_queue_worker[1] wq: rx from master: get file-0-32c5095394ebd8a68a517c8d5a4323f1-create.err.13 1
2019/11/23 19:10:38.19 #|1574536238.196473276|00#| work_queue_worker[1] wq: tx to master: file file-0-32c5095394ebd8a68a517c8d5a4323f1-create.err.13 0
2019/11/23 19:10:38.19 #|1574536238.196546148|00#| work_queue_worker[1] wq: tx to master: end
2019/11/23 19:10:38.19 #|1574536238.197171353|00#| work_queue_worker[1] wq: rx from master: get file-0-4568319af98992159bb6f7f8a2d123df-Corrected_ref.fasta.13 1
2019/11/23 19:10:38.19 #|1574536238.197216106|00#| work_queue_worker[1] wq: tx to master: file file-0-4568319af98992159bb6f7f8a2d123df-Corrected_ref.fasta.13 1055000
2019/11/23 19:10:38.25 #|1574536238.250736669|00#| work_queue_worker[1] wq: tx to master: end
2019/11/23 19:10:38.29 #|1574536238.290961306|00#| work_queue_worker[1] wq: rx from master: kill 99
2019/11/23 19:10:38.67 #|1574536238.677064945|00#| work_queue_worker[1] wq: rx from master: release
2019/11/23 19:10:38.67 #|1574536238.677236484|00#| work_queue_worker[1] wq: released by master 10.0.138.11:1026.
2019/11/23 19:10:38.67 #|1574536238.677354537|00#| work_queue_worker[1] wq: cleaning workspace /tmp/worker-0-1
2019/11/23 19:10:38.74 #|1574536238.740614617|00#| work_queue_worker[1] wq: disconnecting from master 10.0.138.11:1026
2019/11/23 19:10:38.74 #|1574536238.740754837|00#| work_queue_worker[1] tcp: disconnected from 10.0.138.11 port 1026
2019/11/23 19:10:38.74 #|1574536238.740771233|00#| work_queue_worker[1] wq: killing all outstanding tasks
2019/11/23 19:10:38.74 #|1574536238.740786119|00#| work_queue_worker[1] wq: all data structures are clean
2019/11/23 19:10:39.74 #|1574536239.741061817|00#| work_queue_worker[1] tcp: connecting to 10.0.138.11 port 1026
