2019/11/27 12:20:23.62 work_queue_worker[1] debug: /home/cctools_BRUNO_bin/bin/work_queue_worker version 8.0.0 DEVELOPMENT (released 2019-11-06 16:35:57 +0000)
2019/11/27 12:20:23.62 work_queue_worker[1] debug: Built by root@2546322b0463 on 2019-11-06 16:35:57 +0000
2019/11/27 12:20:23.62 work_queue_worker[1] debug: System: Linux 2546322b0463 5.0.0-32-generic #34~18.04.2-Ubuntu SMP Thu Oct 10 10:36:02 UTC 2019 x86_64 x86_64 x86_64 GNU/Linux
2019/11/27 12:20:23.62 work_queue_worker[1] debug: Configuration: --prefix /home/cctools_BRUNO_bin
2019/11/27 12:20:23.62 work_queue_worker[1] wq: WORK_QUEUE_SANDBOX set to /tmp/worker-0-1.
2019/11/27 12:20:23.63 work_queue_worker[1] debug: error reading disk usage on directory: ./cache.
2019/11/27 12:20:23.63 work_queue_worker[1] dns: looking up name master
2019/11/27 12:20:23.63 work_queue_worker[1] dns: master is 10.0.30.11
2019/11/27 12:20:23.63 work_queue_worker[1] tcp: connecting to 10.0.30.11 port 1026
2019/11/27 12:20:23.63 work_queue_worker[1] tcp: made connection to 10.0.30.11 port 1026
2019/11/27 12:20:23.63 work_queue_worker[1] wq: connected to master master:1026 via local address 10.0.30.16:40730
2019/11/27 12:20:23.63 work_queue_worker[1] wq: preparing workspace /tmp/worker-0-1
2019/11/27 12:20:23.63 work_queue_worker[1] dns: looking up name 6f4ef328ca78
2019/11/27 12:20:23.63 work_queue_worker[1] dns: 6f4ef328ca78 is 10.0.30.16
2019/11/27 12:20:23.63 work_queue_worker[1] dns: looking up addr 10.0.30.16
2019/11/27 12:20:23.63 work_queue_worker[1] dns: 10.0.30.16 is 6f4ef328ca78
2019/11/27 12:20:23.63 work_queue_worker[1] dns: finding my hostname: uname = 6f4ef328ca78, address = 10.0.30.16, hostname = 6f4ef328ca78
2019/11/27 12:20:23.63 work_queue_worker[1] wq: tx to master: workqueue 8 6f4ef328ca78 Linux x86_64 8.0.0
2019/11/27 12:20:23.63 work_queue_worker[1] wq: tx to master: info worker-id worker-71698dfffad52a7e236198fe9fb7c1f2
2019/11/27 12:20:23.63 work_queue_worker[1] wq: tx to master: alive
2019/11/27 12:20:23.63 work_queue_worker[1] wq: Sending resource description to master:
2019/11/27 12:20:23.63 work_queue_worker[1] wq:  workers      0 inuse      1 total      1 smallest      1 largest
2019/11/27 12:20:23.63 work_queue_worker[1] wq:     disk      0 inuse 182732 total 182732 smallest 182732 largest
2019/11/27 12:20:23.63 work_queue_worker[1] wq:   memory      0 inuse   7749 total   7749 smallest   7749 largest
2019/11/27 12:20:23.63 work_queue_worker[1] wq:     gpus      0 inuse      0 total      0 smallest      0 largest
2019/11/27 12:20:23.63 work_queue_worker[1] wq:    cores      0 inuse      1 total      1 smallest      1 largest
2019/11/27 12:20:23.63 work_queue_worker[1] wq: tx to master: info end_of_resource_update 0
2019/11/27 12:20:23.63 work_queue_worker[1] wq: tx to master: info tasks_running 0
2019/11/27 12:20:23.63 work_queue_worker[1] wq: working for master at 10.0.30.11:1026.
2019/11/27 12:20:41.97 work_queue_worker[1] wq: rx from master: put file-0-25930e3036f13852cb0b29694bbab611-nt/taxdb.bti 14920392 0644 1
2019/11/27 12:20:41.97 work_queue_worker[1] wq: Putting file file-0-25930e3036f13852cb0b29694bbab611-nt/taxdb.bti into workspace
2019/11/27 12:20:41.97 work_queue_worker[1] wq: Dir /cache/file-0-25930e3036f13852cb0b29694bbab611-nt already exists in cache
2019/11/27 12:20:43.58 work_queue_worker[1] wq: ****BRUNO***** cp BARRA: -> cp ./cache/file-0-25930e3036f13852cb0b29694bbab611-nt/taxdb.bti /cache/file-0-25930e3036f13852cb0b29694bbab611-nt.
2019/11/27 12:20:43.67 work_queue_worker[1] wq: rx from master: put file-0-25930e3036f13852cb0b29694bbab611-nt/nt.nal 752 0644 1
2019/11/27 12:20:43.67 work_queue_worker[1] wq: Putting file file-0-25930e3036f13852cb0b29694bbab611-nt/nt.nal into workspace
2019/11/27 12:20:43.67 work_queue_worker[1] wq: Dir /cache/file-0-25930e3036f13852cb0b29694bbab611-nt already exists in cache
2019/11/27 12:20:43.67 work_queue_worker[1] wq: ****BRUNO***** cp BARRA: -> cp ./cache/file-0-25930e3036f13852cb0b29694bbab611-nt/nt.nal /cache/file-0-25930e3036f13852cb0b29694bbab611-nt.
2019/11/27 12:20:43.68 work_queue_worker[1] wq: rx from master: put file-0-25930e3036f13852cb0b29694bbab611-nt/nt.44.nni 27220 0644 1
2019/11/27 12:20:43.68 work_queue_worker[1] wq: Putting file file-0-25930e3036f13852cb0b29694bbab611-nt/nt.44.nni into workspace
2019/11/27 12:20:43.68 work_queue_worker[1] wq: Dir /cache/file-0-25930e3036f13852cb0b29694bbab611-nt already exists in cache
2019/11/27 12:20:43.68 work_queue_worker[1] wq: ****BRUNO***** cp BARRA: -> cp ./cache/file-0-25930e3036f13852cb0b29694bbab611-nt/nt.44.nni /cache/file-0-25930e3036f13852cb0b29694bbab611-nt.
2019/11/27 12:20:43.68 work_queue_worker[1] wq: rx from master: put file-0-25930e3036f13852cb0b29694bbab611-nt/nt.44.nog 3378248 0644 1
2019/11/27 12:20:43.68 work_queue_worker[1] wq: Putting file file-0-25930e3036f13852cb0b29694bbab611-nt/nt.44.nog into workspace
2019/11/27 12:20:43.68 work_queue_worker[1] wq: Dir /cache/file-0-25930e3036f13852cb0b29694bbab611-nt already exists in cache
2019/11/27 12:20:43.88 work_queue_worker[1] wq: ****BRUNO***** cp BARRA: -> cp ./cache/file-0-25930e3036f13852cb0b29694bbab611-nt/nt.44.nog /cache/file-0-25930e3036f13852cb0b29694bbab611-nt.
2019/11/27 12:20:43.90 work_queue_worker[1] wq: rx from master: put file-0-25930e3036f13852cb0b29694bbab611-nt/taxdb.btd 141628361 0644 1
2019/11/27 12:20:43.90 work_queue_worker[1] wq: Putting file file-0-25930e3036f13852cb0b29694bbab611-nt/taxdb.btd into workspace
2019/11/27 12:20:43.90 work_queue_worker[1] wq: Dir /cache/file-0-25930e3036f13852cb0b29694bbab611-nt already exists in cache
2019/11/27 12:20:56.36 work_queue_worker[1] wq: ****BRUNO***** cp BARRA: -> cp ./cache/file-0-25930e3036f13852cb0b29694bbab611-nt/taxdb.btd /cache/file-0-25930e3036f13852cb0b29694bbab611-nt.
2019/11/27 12:20:56.50 work_queue_worker[1] wq: rx from master: put file-0-25930e3036f13852cb0b29694bbab611-nt/nt.44.nhr 148534336 0644 1
2019/11/27 12:20:56.50 work_queue_worker[1] wq: Putting file file-0-25930e3036f13852cb0b29694bbab611-nt/nt.44.nhr into workspace
2019/11/27 12:20:56.50 work_queue_worker[1] wq: Dir /cache/file-0-25930e3036f13852cb0b29694bbab611-nt already exists in cache
2019/11/27 12:21:09.45 work_queue_worker[1] wq: ****BRUNO***** cp BARRA: -> cp ./cache/file-0-25930e3036f13852cb0b29694bbab611-nt/nt.44.nhr /cache/file-0-25930e3036f13852cb0b29694bbab611-nt.
2019/11/27 12:21:09.57 work_queue_worker[1] wq: rx from master: put file-0-25930e3036f13852cb0b29694bbab611-nt/nt.44.nhi 338004 0644 1
2019/11/27 12:21:09.57 work_queue_worker[1] wq: Putting file file-0-25930e3036f13852cb0b29694bbab611-nt/nt.44.nhi into workspace
2019/11/27 12:21:09.57 work_queue_worker[1] wq: Dir /cache/file-0-25930e3036f13852cb0b29694bbab611-nt already exists in cache
2019/11/27 12:21:09.57 work_queue_worker[1] wq: ****BRUNO***** cp BARRA: -> cp ./cache/file-0-25930e3036f13852cb0b29694bbab611-nt/nt.44.nhi /cache/file-0-25930e3036f13852cb0b29694bbab611-nt.
2019/11/27 12:21:09.57 work_queue_worker[1] wq: rx from master: put file-0-25930e3036f13852cb0b29694bbab611-nt/nt.44.nnd 6955488 0644 1
2019/11/27 12:21:09.57 work_queue_worker[1] wq: Putting file file-0-25930e3036f13852cb0b29694bbab611-nt/nt.44.nnd into workspace
2019/11/27 12:21:09.57 work_queue_worker[1] wq: Dir /cache/file-0-25930e3036f13852cb0b29694bbab611-nt already exists in cache
2019/11/27 12:21:10.09 work_queue_worker[1] wq: ****BRUNO***** cp BARRA: -> cp ./cache/file-0-25930e3036f13852cb0b29694bbab611-nt/nt.44.nnd /cache/file-0-25930e3036f13852cb0b29694bbab611-nt.
2019/11/27 12:21:10.11 work_queue_worker[1] wq: rx from master: put file-0-25930e3036f13852cb0b29694bbab611-nt/nt.44.nhd 14869748 0644 1
2019/11/27 12:21:10.11 work_queue_worker[1] wq: Putting file file-0-25930e3036f13852cb0b29694bbab611-nt/nt.44.nhd into workspace
2019/11/27 12:21:10.11 work_queue_worker[1] wq: Dir /cache/file-0-25930e3036f13852cb0b29694bbab611-nt already exists in cache
2019/11/27 12:21:11.40 work_queue_worker[1] wq: ****BRUNO***** cp BARRA: -> cp ./cache/file-0-25930e3036f13852cb0b29694bbab611-nt/nt.44.nhd /cache/file-0-25930e3036f13852cb0b29694bbab611-nt.
2019/11/27 12:21:11.42 work_queue_worker[1] wq: rx from master: put file-0-25930e3036f13852cb0b29694bbab611-nt/nt.44.nsq 974099786 0644 1
2019/11/27 12:21:11.42 work_queue_worker[1] wq: Putting file file-0-25930e3036f13852cb0b29694bbab611-nt/nt.44.nsq into workspace
2019/11/27 12:21:11.42 work_queue_worker[1] wq: Dir /cache/file-0-25930e3036f13852cb0b29694bbab611-nt already exists in cache
2019/11/27 12:22:37.24 work_queue_worker[1] wq: ****BRUNO***** cp BARRA: -> cp ./cache/file-0-25930e3036f13852cb0b29694bbab611-nt/nt.44.nsq /cache/file-0-25930e3036f13852cb0b29694bbab611-nt.
2019/11/27 12:22:38.09 work_queue_worker[1] wq: rx from master: put file-0-25930e3036f13852cb0b29694bbab611-nt/nt.44.nin 10134740 0644 1
2019/11/27 12:22:38.09 work_queue_worker[1] wq: Putting file file-0-25930e3036f13852cb0b29694bbab611-nt/nt.44.nin into workspace
2019/11/27 12:22:38.09 work_queue_worker[1] wq: Dir /cache/file-0-25930e3036f13852cb0b29694bbab611-nt already exists in cache
2019/11/27 12:22:38.60 work_queue_worker[1] wq: ****BRUNO***** cp BARRA: -> cp ./cache/file-0-25930e3036f13852cb0b29694bbab611-nt/nt.44.nin /cache/file-0-25930e3036f13852cb0b29694bbab611-nt.
2019/11/27 12:22:38.62 work_queue_worker[1] wq: rx from master: put file-0-25930e3036f13852cb0b29694bbab611-nt/nt.44.nsi 764650 0644 1
2019/11/27 12:22:38.62 work_queue_worker[1] wq: Putting file file-0-25930e3036f13852cb0b29694bbab611-nt/nt.44.nsi into workspace
2019/11/27 12:22:38.62 work_queue_worker[1] wq: Dir /cache/file-0-25930e3036f13852cb0b29694bbab611-nt already exists in cache
2019/11/27 12:22:38.66 work_queue_worker[1] wq: ****BRUNO***** cp BARRA: -> cp ./cache/file-0-25930e3036f13852cb0b29694bbab611-nt/nt.44.nsi /cache/file-0-25930e3036f13852cb0b29694bbab611-nt.
2019/11/27 12:22:38.67 work_queue_worker[1] wq: rx from master: put file-0-25930e3036f13852cb0b29694bbab611-nt/nt.44.nsd 33299557 0644 1
2019/11/27 12:22:38.67 work_queue_worker[1] wq: Putting file file-0-25930e3036f13852cb0b29694bbab611-nt/nt.44.nsd into workspace
2019/11/27 12:22:38.67 work_queue_worker[1] wq: Dir /cache/file-0-25930e3036f13852cb0b29694bbab611-nt already exists in cache
2019/11/27 12:22:41.60 work_queue_worker[1] wq: ****BRUNO***** cp BARRA: -> cp ./cache/file-0-25930e3036f13852cb0b29694bbab611-nt/nt.44.nsd /cache/file-0-25930e3036f13852cb0b29694bbab611-nt.
2019/11/27 12:22:41.63 work_queue_worker[1] wq: rx from master: put file-0-e046ec692c0ced962d3265bfe7245360-test.fasta.14 10120 0644 1
2019/11/27 12:22:41.63 work_queue_worker[1] wq: Putting file file-0-e046ec692c0ced962d3265bfe7245360-test.fasta.14 into workspace
2019/11/27 12:22:41.63 work_queue_worker[1] wq: Dir /cache already exists in cache
2019/11/27 12:22:41.63 work_queue_worker[1] wq: ****BRUNO***** cp BARRA: -> cp ./cache/file-0-e046ec692c0ced962d3265bfe7245360-test.fasta.14 /cache.
2019/11/27 12:22:41.64 work_queue_worker[1] wq: rx from master: put file-0-daa9c57850b857b80eefebbca6aa18ce-blastall 7687410 0755 1
2019/11/27 12:22:41.64 work_queue_worker[1] wq: Putting file file-0-daa9c57850b857b80eefebbca6aa18ce-blastall into workspace
2019/11/27 12:22:41.64 work_queue_worker[1] wq: Dir /cache already exists in cache
2019/11/27 12:22:42.29 work_queue_worker[1] wq: ****BRUNO***** cp BARRA: -> cp ./cache/file-0-daa9c57850b857b80eefebbca6aa18ce-blastall /cache.
2019/11/27 12:22:42.30 work_queue_worker[1] wq: rx from master: task 6
2019/11/27 12:22:42.30 work_queue_worker[1] wq: rx from master: cmd 88
2019/11/27 12:22:42.30 work_queue_worker[1] wq: rx from master: ./blastall -p blastn -d nt/nt -i test.fasta.14 -o test.fasta.14.out 2> test.fasta.14.err
2019/11/27 12:22:42.30 work_queue_worker[1] wq: rx from master: category default
2019/11/27 12:22:42.30 work_queue_worker[1] wq: rx from master: cores 1
2019/11/27 12:22:42.30 work_queue_worker[1] wq: rx from master: memory 7749
2019/11/27 12:22:42.30 work_queue_worker[1] wq: rx from master: disk 182732
2019/11/27 12:22:42.30 work_queue_worker[1] wq: rx from master: gpus 0
2019/11/27 12:22:42.30 work_queue_worker[1] wq: rx from master: end_time 18446744073709551615
2019/11/27 12:22:42.30 work_queue_worker[1] wq: rx from master: wall_time 18446744073709551615
2019/11/27 12:22:42.30 work_queue_worker[1] wq: rx from master: env 7
2019/11/27 12:22:42.30 work_queue_worker[1] wq: rx from master: env 17
2019/11/27 12:22:42.30 work_queue_worker[1] wq: rx from master: infile file-0-25930e3036f13852cb0b29694bbab611-nt nt 1
2019/11/27 12:22:42.30 work_queue_worker[1] wq: rx from master: infile file-0-e046ec692c0ced962d3265bfe7245360-test.fasta.14 test.fasta.14 1
2019/11/27 12:22:42.30 work_queue_worker[1] wq: rx from master: infile file-0-daa9c57850b857b80eefebbca6aa18ce-blastall blastall 1
2019/11/27 12:22:42.30 work_queue_worker[1] wq: rx from master: outfile file-0-5904a03317e7e6566913b82983b96829-test.fasta.14.err test.fasta.14.err 1
2019/11/27 12:22:42.30 work_queue_worker[1] wq: rx from master: outfile file-0-6e7fd2228b2f7120a5a28bea1aa8b41f-test.fasta.14.out test.fasta.14.out 1
2019/11/27 12:22:42.30 work_queue_worker[1] wq: rx from master: end
2019/11/27 12:22:42.30 work_queue_worker[1] wq: tx to master: info cached_files file-0-e046ec692c0ced962d3265bfe7245360-test.fasta.14
2019/11/27 12:22:42.30 work_queue_worker[1] wq: tx to master: info cached_files file-0-25930e3036f13852cb0b29694bbab611-nt
2019/11/27 12:22:42.30 work_queue_worker[1] wq: tx to master: info cached_files file-0-daa9c57850b857b80eefebbca6aa18ce-blastall
2019/11/27 12:22:42.31 work_queue_worker[1] wq: linking cache/file-0-25930e3036f13852cb0b29694bbab611-nt to /tmp/worker-0-1/t.6/nt
2019/11/27 12:22:42.31 work_queue_worker[1] wq: linking cache/file-0-e046ec692c0ced962d3265bfe7245360-test.fasta.14 to /tmp/worker-0-1/t.6/test.fasta.14
2019/11/27 12:22:42.31 work_queue_worker[1] wq: linking cache/file-0-daa9c57850b857b80eefebbca6aa18ce-blastall to /tmp/worker-0-1/t.6/blastall
2019/11/27 12:22:42.31 work_queue_worker[1] wq: Waiting task 6 has been forsaken.
2019/11/27 12:22:42.31 work_queue_worker[1] wq: tx to master: alive
2019/11/27 12:22:42.31 work_queue_worker[1] wq: Sending resource description to master:
2019/11/27 12:22:42.31 work_queue_worker[1] wq:  workers      0 inuse      1 total      1 smallest      1 largest
2019/11/27 12:22:42.31 work_queue_worker[1] wq:     disk   1245 inuse 180413 total 180413 smallest 180413 largest
2019/11/27 12:22:42.31 work_queue_worker[1] wq:   memory      0 inuse   7749 total   7749 smallest   7749 largest
2019/11/27 12:22:42.31 work_queue_worker[1] wq:     gpus      0 inuse      0 total      0 smallest      0 largest
2019/11/27 12:22:42.31 work_queue_worker[1] wq:    cores      0 inuse      1 total      1 smallest      1 largest
2019/11/27 12:22:42.31 work_queue_worker[1] wq: tx to master: info end_of_resource_update 0
2019/11/27 12:22:42.31 work_queue_worker[1] wq: tx to master: info tasks_running 0
2019/11/27 12:22:42.31 work_queue_worker[1] wq: tx to master: info tasks_running 0
2019/11/27 12:22:42.31 work_queue_worker[1] wq: tx to master: available_results
2019/11/27 12:22:42.31 work_queue_worker[1] wq: rx from master: check
2019/11/27 12:22:42.31 work_queue_worker[1] wq: tx to master: alive
2019/11/27 12:22:42.31 work_queue_worker[1] wq: tx to master: info tasks_running 0
2019/11/27 12:24:54.83 work_queue_worker[1] wq: rx from master: check
2019/11/27 12:24:54.83 work_queue_worker[1] wq: tx to master: alive
2019/11/27 12:24:54.83 work_queue_worker[1] wq: tx to master: info tasks_running 0
2019/11/27 12:24:54.84 work_queue_worker[1] wq: rx from master: send_results -1
2019/11/27 12:24:54.84 work_queue_worker[1] wq: tx to master: result 40 0 0 0 6
2019/11/27 12:24:54.84 work_queue_worker[1] wq: tx to master: info tasks_running 0
2019/11/27 12:24:54.84 work_queue_worker[1] wq: tx to master: end
2019/11/27 12:24:54.85 work_queue_worker[1] wq: rx from master: put file-0-bd98410c4ed2bfaa95819f1849189081-test.fasta.18 10120 0644 1
2019/11/27 12:24:54.85 work_queue_worker[1] wq: Putting file file-0-bd98410c4ed2bfaa95819f1849189081-test.fasta.18 into workspace
2019/11/27 12:24:54.85 work_queue_worker[1] wq: Dir /cache already exists in cache
2019/11/27 12:24:54.85 work_queue_worker[1] wq: ****BRUNO***** cp BARRA: -> cp ./cache/file-0-bd98410c4ed2bfaa95819f1849189081-test.fasta.18 /cache.
2019/11/27 12:24:54.85 work_queue_worker[1] wq: rx from master: task 2
2019/11/27 12:24:54.85 work_queue_worker[1] wq: rx from master: cmd 88
2019/11/27 12:24:54.85 work_queue_worker[1] wq: rx from master: ./blastall -p blastn -d nt/nt -i test.fasta.18 -o test.fasta.18.out 2> test.fasta.18.err
2019/11/27 12:24:54.85 work_queue_worker[1] wq: rx from master: category default
2019/11/27 12:24:54.85 work_queue_worker[1] wq: rx from master: cores 1
2019/11/27 12:24:54.85 work_queue_worker[1] wq: rx from master: memory 7749
2019/11/27 12:24:54.85 work_queue_worker[1] wq: rx from master: disk 180413
2019/11/27 12:24:54.85 work_queue_worker[1] wq: rx from master: gpus 0
2019/11/27 12:24:54.85 work_queue_worker[1] wq: rx from master: end_time 18446744073709551615
2019/11/27 12:24:54.85 work_queue_worker[1] wq: rx from master: wall_time 18446744073709551615
2019/11/27 12:24:54.85 work_queue_worker[1] wq: rx from master: env 7
2019/11/27 12:24:54.85 work_queue_worker[1] wq: rx from master: env 17
2019/11/27 12:24:54.85 work_queue_worker[1] wq: rx from master: infile file-0-25930e3036f13852cb0b29694bbab611-nt nt 1
2019/11/27 12:24:54.85 work_queue_worker[1] wq: rx from master: infile file-0-bd98410c4ed2bfaa95819f1849189081-test.fasta.18 test.fasta.18 1
2019/11/27 12:24:54.85 work_queue_worker[1] wq: rx from master: infile file-0-daa9c57850b857b80eefebbca6aa18ce-blastall blastall 1
2019/11/27 12:24:54.85 work_queue_worker[1] wq: rx from master: outfile file-0-b3ca854c26233484c838ab6d3298229c-test.fasta.18.err test.fasta.18.err 1
2019/11/27 12:24:54.85 work_queue_worker[1] wq: rx from master: outfile file-0-c688af492b061abef62bf46ec43b64b2-test.fasta.18.out test.fasta.18.out 1
2019/11/27 12:24:54.85 work_queue_worker[1] wq: rx from master: end
2019/11/27 12:24:54.85 work_queue_worker[1] wq: tx to master: info cached_files file-0-bd98410c4ed2bfaa95819f1849189081-test.fasta.18
2019/11/27 12:24:54.85 work_queue_worker[1] wq: tx to master: info cached_files file-0-5d44d8f82cbb3f9ecaf466b060d01edb-test.fasta.11
2019/11/27 12:24:54.85 work_queue_worker[1] wq: tx to master: info cached_files file-0-396e442289ce14a42a6f16a9e7d1098a-test.fasta.10
2019/11/27 12:24:54.85 work_queue_worker[1] wq: tx to master: info cached_files file-0-861f258aeedab7469eb02fd8febc6d36-test.fasta.13
2019/11/27 12:24:54.86 work_queue_worker[1] wq: linking cache/file-0-25930e3036f13852cb0b29694bbab611-nt to /tmp/worker-0-1/t.2/nt
2019/11/27 12:24:54.86 work_queue_worker[1] wq: linking cache/file-0-bd98410c4ed2bfaa95819f1849189081-test.fasta.18 to /tmp/worker-0-1/t.2/test.fasta.18
2019/11/27 12:24:54.86 work_queue_worker[1] wq: linking cache/file-0-daa9c57850b857b80eefebbca6aa18ce-blastall to /tmp/worker-0-1/t.2/blastall
2019/11/27 12:24:54.86 work_queue_worker[1] wq: Waiting task 2 has been forsaken.
2019/11/27 12:24:54.86 work_queue_worker[1] wq: tx to master: alive
2019/11/27 12:24:54.86 work_queue_worker[1] wq: Sending resource description to master:
2019/11/27 12:24:54.86 work_queue_worker[1] wq:  workers      0 inuse      1 total      1 smallest      1 largest
2019/11/27 12:24:54.86 work_queue_worker[1] wq:     disk   1287 inuse 180031 total 180031 smallest 180031 largest
2019/11/27 12:24:54.86 work_queue_worker[1] wq:   memory      0 inuse   7749 total   7749 smallest   7749 largest
2019/11/27 12:24:54.86 work_queue_worker[1] wq:     gpus      0 inuse      0 total      0 smallest      0 largest
2019/11/27 12:24:54.86 work_queue_worker[1] wq:    cores      0 inuse      1 total      1 smallest      1 largest
2019/11/27 12:24:54.86 work_queue_worker[1] wq: tx to master: info end_of_resource_update 0
2019/11/27 12:24:54.86 work_queue_worker[1] wq: tx to master: info tasks_running 0
2019/11/27 12:24:54.86 work_queue_worker[1] wq: tx to master: info tasks_running 0
2019/11/27 12:24:54.86 work_queue_worker[1] wq: tx to master: available_results
2019/11/27 12:24:54.87 work_queue_worker[1] wq: rx from master: send_results -1
2019/11/27 12:24:54.87 work_queue_worker[1] wq: tx to master: result 40 0 0 0 2
2019/11/27 12:24:54.87 work_queue_worker[1] wq: tx to master: info tasks_running 0
2019/11/27 12:24:54.87 work_queue_worker[1] wq: tx to master: end
2019/11/27 12:24:54.87 work_queue_worker[1] wq: rx from master: put file-0-9f04d57561db456f4f47dcdca9feb103-test.fasta.7 10110 0644 1
2019/11/27 12:24:54.87 work_queue_worker[1] wq: Putting file file-0-9f04d57561db456f4f47dcdca9feb103-test.fasta.7 into workspace
2019/11/27 12:24:54.87 work_queue_worker[1] wq: Dir /cache already exists in cache
2019/11/27 12:24:54.87 work_queue_worker[1] wq: ****BRUNO***** cp BARRA: -> cp ./cache/file-0-9f04d57561db456f4f47dcdca9feb103-test.fasta.7 /cache.
2019/11/27 12:24:54.88 work_queue_worker[1] wq: rx from master: task 21
2019/11/27 12:24:54.88 work_queue_worker[1] wq: rx from master: cmd 85
2019/11/27 12:24:54.88 work_queue_worker[1] wq: rx from master: ./blastall -p blastn -d nt/nt -i test.fasta.7 -o test.fasta.7.out 2> test.fasta.7.err
2019/11/27 12:24:54.88 work_queue_worker[1] wq: rx from master: category default
2019/11/27 12:24:54.88 work_queue_worker[1] wq: rx from master: cores 1
2019/11/27 12:24:54.88 work_queue_worker[1] wq: rx from master: memory 7749
2019/11/27 12:24:54.88 work_queue_worker[1] wq: rx from master: disk 180031
2019/11/27 12:24:54.88 work_queue_worker[1] wq: rx from master: gpus 0
2019/11/27 12:24:54.88 work_queue_worker[1] wq: rx from master: end_time 18446744073709551615
2019/11/27 12:24:54.88 work_queue_worker[1] wq: rx from master: wall_time 18446744073709551615
2019/11/27 12:24:54.88 work_queue_worker[1] wq: rx from master: env 7
2019/11/27 12:24:54.88 work_queue_worker[1] wq: rx from master: env 17
2019/11/27 12:24:54.88 work_queue_worker[1] wq: rx from master: infile file-0-25930e3036f13852cb0b29694bbab611-nt nt 1
2019/11/27 12:24:54.88 work_queue_worker[1] wq: rx from master: infile file-0-9f04d57561db456f4f47dcdca9feb103-test.fasta.7 test.fasta.7 1
2019/11/27 12:24:54.88 work_queue_worker[1] wq: rx from master: infile file-0-daa9c57850b857b80eefebbca6aa18ce-blastall blastall 1
2019/11/27 12:24:54.88 work_queue_worker[1] wq: rx from master: outfile file-0-d08e27aac9e49582c455b76197081fb3-test.fasta.7.err test.fasta.7.err 1
2019/11/27 12:24:54.88 work_queue_worker[1] wq: rx from master: outfile file-0-c17c0db997ae1cdb7af1ea386e447bb4-test.fasta.7.out test.fasta.7.out 1
2019/11/27 12:24:54.88 work_queue_worker[1] wq: rx from master: end
2019/11/27 12:24:54.88 work_queue_worker[1] wq: tx to master: info cached_files file-0-91e2799df52756191dbca22d7b7cd23c-test.fasta.19
2019/11/27 12:24:54.88 work_queue_worker[1] wq: tx to master: info cached_files file-0-e12986ebc464dac7f0b0058f77809607-test.fasta.17
2019/11/27 12:24:54.88 work_queue_worker[1] wq: tx to master: info cached_files file-0-9f04d57561db456f4f47dcdca9feb103-test.fasta.7
2019/11/27 12:24:54.88 work_queue_worker[1] wq: linking cache/file-0-25930e3036f13852cb0b29694bbab611-nt to /tmp/worker-0-1/t.21/nt
2019/11/27 12:24:54.88 work_queue_worker[1] wq: linking cache/file-0-9f04d57561db456f4f47dcdca9feb103-test.fasta.7 to /tmp/worker-0-1/t.21/test.fasta.7
2019/11/27 12:24:54.88 work_queue_worker[1] wq: linking cache/file-0-daa9c57850b857b80eefebbca6aa18ce-blastall to /tmp/worker-0-1/t.21/blastall
2019/11/27 12:24:54.88 work_queue_worker[1] wq: started process 49: ./blastall -p blastn -d nt/nt -i test.fasta.7 -o test.fasta.7.out 2> test.fasta.7.err
2019/11/27 12:24:54.88 work_queue_worker[1] wq: tx to master: info tasks_running 1
2019/11/27 12:25:05.68 work_queue_worker[1] wq: task 21 (pid 49) exited normally with exit code 0
2019/11/27 12:25:05.68 work_queue_worker[1] wq: moving output file from /tmp/worker-0-1/t.21/test.fasta.7.err to cache/file-0-d08e27aac9e49582c455b76197081fb3-test.fasta.7.err
2019/11/27 12:25:05.68 work_queue_worker[1] wq: moving output file from /tmp/worker-0-1/t.21/test.fasta.7.out to cache/file-0-c17c0db997ae1cdb7af1ea386e447bb4-test.fasta.7.out
2019/11/27 12:25:05.68 work_queue_worker[1] wq: tx to master: available_results
2019/11/27 12:25:05.68 work_queue_worker[1] wq: rx from master: send_results -1
2019/11/27 12:25:05.68 work_queue_worker[1] wq: tx to master: result 0 0 0 10797663 21
2019/11/27 12:25:05.68 work_queue_worker[1] wq: tx to master: info tasks_running 0
2019/11/27 12:25:05.68 work_queue_worker[1] wq: tx to master: end
2019/11/27 12:25:05.68 work_queue_worker[1] wq: rx from master: get file-0-d08e27aac9e49582c455b76197081fb3-test.fasta.7.err 1
2019/11/27 12:25:05.68 work_queue_worker[1] wq: tx to master: file file-0-d08e27aac9e49582c455b76197081fb3-test.fasta.7.err 0
2019/11/27 12:25:05.68 work_queue_worker[1] wq: tx to master: end
2019/11/27 12:25:05.68 work_queue_worker[1] wq: rx from master: get file-0-c17c0db997ae1cdb7af1ea386e447bb4-test.fasta.7.out 1
2019/11/27 12:25:05.68 work_queue_worker[1] wq: tx to master: file file-0-c17c0db997ae1cdb7af1ea386e447bb4-test.fasta.7.out 20517
2019/11/27 12:25:05.68 work_queue_worker[1] wq: tx to master: end
2019/11/27 12:25:05.68 work_queue_worker[1] wq: rx from master: kill 21
2019/11/27 12:25:05.68 work_queue_worker[1] wq: ---- DELETING: /tmp/worker-0-1/t.21
2019/11/27 12:25:18.03 work_queue_worker[1] wq: rx from master: release
2019/11/27 12:25:18.03 work_queue_worker[1] wq: released by master 10.0.30.11:1026.
2019/11/27 12:25:18.03 work_queue_worker[1] wq: *********** BRUNO ******** NOT cleaning workspace /tmp/worker-0-1
2019/11/27 12:25:18.03 work_queue_worker[1] wq: disconnecting from master 10.0.30.11:1026
2019/11/27 12:25:18.03 work_queue_worker[1] tcp: disconnected from 10.0.30.11 port 1026
2019/11/27 12:25:18.03 work_queue_worker[1] wq: killing all outstanding tasks
2019/11/27 12:25:18.03 work_queue_worker[1] wq: ---- DELETING: /tmp/worker-0-1/t.2
2019/11/27 12:25:18.03 work_queue_worker[1] wq: ---- DELETING: /tmp/worker-0-1/t.6
2019/11/27 12:25:18.03 work_queue_worker[1] wq: all data structures are clean
2019/11/27 12:25:19.03 work_queue_worker[1] tcp: connecting to 10.0.30.11 port 1026
