2019/11/22 19:18:08.98 #|1574450288.987921986|00#| work_queue_worker[1] debug: /root/cctools/bin/work_queue_worker version 8.0.0 DEVELOPMENT (released 2019-11-14 15:35:16 +0000)
2019/11/22 19:18:08.98 #|1574450288.987960863|00#| work_queue_worker[1] debug: Built by root@7e9ecba79f43 on 2019-11-14 15:35:16 +0000
2019/11/22 19:18:08.98 #|1574450288.987970969|00#| work_queue_worker[1] debug: System: Linux 7e9ecba79f43 5.0.0-32-generic #34~18.04.2-Ubuntu SMP Thu Oct 10 10:36:02 UTC 2019 x86_64 x86_64 x86_64 GNU/Linux
2019/11/22 19:18:08.98 #|1574450288.987979576|00#| work_queue_worker[1] debug: Configuration: --prefix /root/cctools
2019/11/22 19:18:08.98 #|1574450288.988159253|00#| work_queue_worker[1] wq: WORK_QUEUE_SANDBOX set to /tmp/worker-0-1.
2019/11/22 19:18:08.98 #|1574450288.988694236|00#| work_queue_worker[1] debug: error reading disk usage on directory: ./cache.
2019/11/22 19:18:08.98 #|1574450288.988740935|00#| work_queue_worker[1] dns: looking up name master
2019/11/22 19:18:08.99 #|1574450288.991034772|00#| work_queue_worker[1] dns: couldn't look up master: Name or service not known
2019/11/22 19:18:10.99 #|1574450290.991204288|00#| work_queue_worker[1] dns: looking up name master
2019/11/22 19:18:10.99 #|1574450290.992907486|00#| work_queue_worker[1] dns: couldn't look up master: Name or service not known
2019/11/22 19:18:12.99 #|1574450292.993058527|00#| work_queue_worker[1] dns: looking up name master
2019/11/22 19:18:12.99 #|1574450292.993475479|00#| work_queue_worker[1] dns: master is 10.0.101.17
2019/11/22 19:18:12.99 #|1574450292.993525121|00#| work_queue_worker[1] tcp: connecting to 10.0.101.17 port 1026
2019/11/22 19:18:12.99 #|1574450292.993767422|00#| work_queue_worker[1] tcp: made connection to 10.0.101.17 port 1026
2019/11/22 19:18:12.99 #|1574450292.993787973|00#| work_queue_worker[1] wq: connected to master master:1026 via local address 10.0.101.13:38452
2019/11/22 19:18:12.99 #|1574450292.993797873|00#| work_queue_worker[1] wq: preparing workspace /tmp/worker-0-1
2019/11/22 19:18:12.99 #|1574450292.993932058|00#| work_queue_worker[1] dns: looking up name 55efb3a30dc3
2019/11/22 19:18:12.99 #|1574450292.993973945|00#| work_queue_worker[1] dns: 55efb3a30dc3 is 10.0.101.13
2019/11/22 19:18:12.99 #|1574450292.993986576|00#| work_queue_worker[1] dns: looking up addr 10.0.101.13
2019/11/22 19:18:12.99 #|1574450292.994014155|00#| work_queue_worker[1] dns: 10.0.101.13 is 55efb3a30dc3
2019/11/22 19:18:12.99 #|1574450292.994025188|00#| work_queue_worker[1] dns: finding my hostname: uname = 55efb3a30dc3, address = 10.0.101.13, hostname = 55efb3a30dc3
2019/11/22 19:18:12.99 #|1574450292.994039829|00#| work_queue_worker[1] wq: tx to master: workqueue 8 55efb3a30dc3 Linux x86_64 8.0.0
2019/11/22 19:18:12.99 #|1574450292.994106380|00#| work_queue_worker[1] wq: tx to master: info worker-id worker-3c8468293b747549409c3c9e858829e6
2019/11/22 19:18:12.99 #|1574450292.994163485|00#| work_queue_worker[1] wq: tx to master: alive
2019/11/22 19:18:12.99 #|1574450292.994214686|00#| work_queue_worker[1] wq: Sending resource description to master:
2019/11/22 19:18:12.99 #|1574450292.994227503|00#| work_queue_worker[1] wq:  workers      0 inuse      1 total      1 smallest      1 largest
2019/11/22 19:18:12.99 #|1574450292.994276319|00#| work_queue_worker[1] wq:     disk      0 inuse   2389 total   2389 smallest   2389 largest
2019/11/22 19:18:12.99 #|1574450292.994360139|00#| work_queue_worker[1] wq:   memory      0 inuse  11908 total  11908 smallest  11908 largest
2019/11/22 19:18:12.99 #|1574450292.994453973|00#| work_queue_worker[1] wq:     gpus      0 inuse      0 total      0 smallest      0 largest
2019/11/22 19:18:12.99 #|1574450292.994560139|00#| work_queue_worker[1] wq:    cores      0 inuse      1 total      1 smallest      1 largest
2019/11/22 19:18:12.99 #|1574450292.994610621|00#| work_queue_worker[1] wq: tx to master: info end_of_resource_update 0
2019/11/22 19:18:12.99 #|1574450292.994646568|00#| work_queue_worker[1] wq: tx to master: info tasks_running 0
2019/11/22 19:18:12.99 #|1574450292.994676977|00#| work_queue_worker[1] wq: working for master at 10.0.101.17:1026.
2019/11/22 19:18:25.58 #|1574450305.584061102|00#| work_queue_worker[1] wq: rx from master: put file-0-25930e3036f13852cb0b29694bbab611-nt/taxdb.bti 14920392 0644 1
2019/11/22 19:18:25.58 #|1574450305.584143623|00#| work_queue_worker[1] wq: Putting file file-0-25930e3036f13852cb0b29694bbab611-nt/taxdb.bti into workspace
2019/11/22 19:18:25.61 #|1574450305.614271519|00#| work_queue_worker[1] wq: rx from master: put file-0-25930e3036f13852cb0b29694bbab611-nt/nt.nal 752 0644 1
2019/11/22 19:18:25.61 #|1574450305.614324218|00#| work_queue_worker[1] wq: Putting file file-0-25930e3036f13852cb0b29694bbab611-nt/nt.nal into workspace
2019/11/22 19:18:25.61 #|1574450305.614431241|00#| work_queue_worker[1] wq: rx from master: put file-0-25930e3036f13852cb0b29694bbab611-nt/nt.44.nni 27220 0644 1
2019/11/22 19:18:25.61 #|1574450305.614461904|00#| work_queue_worker[1] wq: Putting file file-0-25930e3036f13852cb0b29694bbab611-nt/nt.44.nni into workspace
2019/11/22 19:18:25.61 #|1574450305.614634292|00#| work_queue_worker[1] wq: rx from master: put file-0-25930e3036f13852cb0b29694bbab611-nt/nt.44.nog 3378248 0644 1
2019/11/22 19:18:25.61 #|1574450305.614669124|00#| work_queue_worker[1] wq: Putting file file-0-25930e3036f13852cb0b29694bbab611-nt/nt.44.nog into workspace
2019/11/22 19:18:25.62 #|1574450305.621230228|00#| work_queue_worker[1] wq: rx from master: put file-0-25930e3036f13852cb0b29694bbab611-nt/taxdb.btd 141628361 0644 1
2019/11/22 19:18:25.62 #|1574450305.621287006|00#| work_queue_worker[1] wq: Putting file file-0-25930e3036f13852cb0b29694bbab611-nt/taxdb.btd into workspace
2019/11/22 19:18:25.80 #|1574450305.803343888|00#| work_queue_worker[1] wq: rx from master: put file-0-25930e3036f13852cb0b29694bbab611-nt/nt.44.nhr 148534336 0644 1
2019/11/22 19:18:25.80 #|1574450305.803389511|00#| work_queue_worker[1] wq: Putting file file-0-25930e3036f13852cb0b29694bbab611-nt/nt.44.nhr into workspace
2019/11/22 19:18:26.00 #|1574450306.966563|00#| work_queue_worker[1] wq: rx from master: put file-0-25930e3036f13852cb0b29694bbab611-nt/nt.44.nhi 338004 0644 1
2019/11/22 19:18:26.00 #|1574450306.1022606|00#| work_queue_worker[1] wq: Putting file file-0-25930e3036f13852cb0b29694bbab611-nt/nt.44.nhi into workspace
2019/11/22 19:18:26.00 #|1574450306.1618336|00#| work_queue_worker[1] wq: rx from master: put file-0-25930e3036f13852cb0b29694bbab611-nt/nt.44.nnd 6955488 0644 1
2019/11/22 19:18:26.00 #|1574450306.1644515|00#| work_queue_worker[1] wq: Putting file file-0-25930e3036f13852cb0b29694bbab611-nt/nt.44.nnd into workspace
2019/11/22 19:18:26.01 #|1574450306.12192916|00#| work_queue_worker[1] wq: rx from master: put file-0-25930e3036f13852cb0b29694bbab611-nt/nt.44.nhd 14869748 0644 1
2019/11/22 19:18:26.01 #|1574450306.12236722|00#| work_queue_worker[1] wq: Putting file file-0-25930e3036f13852cb0b29694bbab611-nt/nt.44.nhd into workspace
2019/11/22 19:18:26.03 #|1574450306.34722334|00#| work_queue_worker[1] wq: rx from master: put file-0-25930e3036f13852cb0b29694bbab611-nt/nt.44.nsq 974099786 0644 1
2019/11/22 19:18:26.03 #|1574450306.34767886|00#| work_queue_worker[1] wq: Putting file file-0-25930e3036f13852cb0b29694bbab611-nt/nt.44.nsq into workspace
2019/11/22 19:18:26.03 #|1574450306.34782307|00#| work_queue_worker[1] debug: File of size 928 MB will lower available disk space (879 MB) below threshold (0 MB).
2019/11/22 19:18:26.03 #|1574450306.34791277|00#| work_queue_worker[1] wq: Could not put file file-0-25930e3036f13852cb0b29694bbab611-nt/nt.44.nsq, not enough disk space (974099786 bytes needed)
2019/11/22 19:18:26.03 #|1574450306.34803421|00#| work_queue_worker[1] wq: cleaning workspace /tmp/worker-0-1
2019/11/22 19:18:26.09 #|1574450306.90396431|00#| work_queue_worker[1] wq: disconnecting from master 10.0.101.17:1026
2019/11/22 19:18:26.09 #|1574450306.90680406|00#| work_queue_worker[1] tcp: disconnected from 10.0.101.17 port 1026
2019/11/22 19:18:26.09 #|1574450306.90701974|00#| work_queue_worker[1] wq: killing all outstanding tasks
2019/11/22 19:18:26.09 #|1574450306.90717584|00#| work_queue_worker[1] wq: all data structures are clean
2019/11/22 19:18:32.09 #|1574450312.91217453|00#| work_queue_worker[1] debug: error reading disk usage on directory: ./cache.
2019/11/22 19:18:32.09 #|1574450312.91279484|00#| work_queue_worker[1] tcp: connecting to 10.0.101.17 port 1026
2019/11/22 19:18:32.09 #|1574450312.91441617|00#| work_queue_worker[1] tcp: made connection to 10.0.101.17 port 1026
2019/11/22 19:18:32.09 #|1574450312.91460641|00#| work_queue_worker[1] wq: connected to master master:1026 via local address 10.0.101.13:38468
2019/11/22 19:18:32.09 #|1574450312.91470247|00#| work_queue_worker[1] wq: preparing workspace /tmp/worker-0-1
2019/11/22 19:18:32.09 #|1574450312.91591793|00#| work_queue_worker[1] dns: finding my hostname: uname = 55efb3a30dc3, address = 10.0.101.13, hostname = 55efb3a30dc3
2019/11/22 19:18:32.09 #|1574450312.91605058|00#| work_queue_worker[1] wq: tx to master: workqueue 8 55efb3a30dc3 Linux x86_64 8.0.0
2019/11/22 19:18:32.09 #|1574450312.91652782|00#| work_queue_worker[1] wq: tx to master: info worker-id worker-3c8468293b747549409c3c9e858829e6
2019/11/22 19:18:32.09 #|1574450312.91691877|00#| work_queue_worker[1] wq: tx to master: alive
2019/11/22 19:18:32.09 #|1574450312.91728139|00#| work_queue_worker[1] wq: Sending resource description to master:
2019/11/22 19:18:32.09 #|1574450312.91740156|00#| work_queue_worker[1] wq:  workers      0 inuse      1 total      1 smallest      1 largest
2019/11/22 19:18:32.09 #|1574450312.91774967|00#| work_queue_worker[1] wq:     disk      0 inuse   1094 total   1094 smallest   1094 largest
2019/11/22 19:18:32.09 #|1574450312.91812762|00#| work_queue_worker[1] wq:   memory      0 inuse  11908 total  11908 smallest  11908 largest
2019/11/22 19:18:32.09 #|1574450312.91849001|00#| work_queue_worker[1] wq:     gpus      0 inuse      0 total      0 smallest      0 largest
2019/11/22 19:18:32.09 #|1574450312.91884466|00#| work_queue_worker[1] wq:    cores      0 inuse      1 total      1 smallest      1 largest
2019/11/22 19:18:32.09 #|1574450312.91937293|00#| work_queue_worker[1] wq: tx to master: info end_of_resource_update 0
2019/11/22 19:18:32.09 #|1574450312.91973572|00#| work_queue_worker[1] wq: tx to master: info tasks_running 0
2019/11/22 19:18:32.09 #|1574450312.91988417|00#| work_queue_worker[1] wq: working for master at 10.0.101.17:1026.
2019/11/22 19:20:20.05 #|1574450420.58708666|00#| work_queue_worker[1] wq: Failed to read from master.
2019/11/22 19:20:20.05 #|1574450420.58763442|00#| work_queue_worker[1] wq: cleaning workspace /tmp/worker-0-1
2019/11/22 19:20:20.05 #|1574450420.58945667|00#| work_queue_worker[1] wq: disconnecting from master 10.0.101.17:1026
2019/11/22 19:20:20.05 #|1574450420.58977200|00#| work_queue_worker[1] tcp: disconnected from 10.0.101.17 port 1026
2019/11/22 19:20:20.05 #|1574450420.58991630|00#| work_queue_worker[1] wq: killing all outstanding tasks
2019/11/22 19:20:20.05 #|1574450420.59004845|00#| work_queue_worker[1] wq: all data structures are clean
2019/11/22 19:20:26.05 #|1574450426.59460007|00#| work_queue_worker[1] debug: error reading disk usage on directory: ./cache.
2019/11/22 19:20:26.05 #|1574450426.59522595|00#| work_queue_worker[1] tcp: connecting to 10.0.101.17 port 1026
2019/11/22 19:20:26.05 #|1574450426.59686050|00#| work_queue_worker[1] tcp: made connection to 10.0.101.17 port 1026
2019/11/22 19:20:26.05 #|1574450426.59714182|00#| work_queue_worker[1] wq: connected to master master:1026 via local address 10.0.101.13:38496
2019/11/22 19:20:26.05 #|1574450426.59731081|00#| work_queue_worker[1] wq: preparing workspace /tmp/worker-0-1
2019/11/22 19:20:26.05 #|1574450426.59883793|00#| work_queue_worker[1] dns: finding my hostname: uname = 55efb3a30dc3, address = 10.0.101.13, hostname = 55efb3a30dc3
2019/11/22 19:20:26.05 #|1574450426.59904974|00#| work_queue_worker[1] wq: tx to master: workqueue 8 55efb3a30dc3 Linux x86_64 8.0.0
2019/11/22 19:20:26.05 #|1574450426.59976624|00#| work_queue_worker[1] wq: tx to master: info worker-id worker-3c8468293b747549409c3c9e858829e6
2019/11/22 19:20:26.06 #|1574450426.60058936|00#| work_queue_worker[1] wq: tx to master: alive
2019/11/22 19:20:26.06 #|1574450426.60128803|00#| work_queue_worker[1] wq: Sending resource description to master:
2019/11/22 19:20:26.06 #|1574450426.60146851|00#| work_queue_worker[1] wq:  workers      0 inuse      1 total      1 smallest      1 largest
2019/11/22 19:20:26.06 #|1574450426.60196242|00#| work_queue_worker[1] wq:     disk      0 inuse   1031 total   1031 smallest   1031 largest
2019/11/22 19:20:26.06 #|1574450426.60257590|00#| work_queue_worker[1] wq:   memory      0 inuse  11908 total  11908 smallest  11908 largest
2019/11/22 19:20:26.06 #|1574450426.60320355|00#| work_queue_worker[1] wq:     gpus      0 inuse      0 total      0 smallest      0 largest
2019/11/22 19:20:26.06 #|1574450426.60380670|00#| work_queue_worker[1] wq:    cores      0 inuse      1 total      1 smallest      1 largest
2019/11/22 19:20:26.06 #|1574450426.60470000|00#| work_queue_worker[1] wq: tx to master: info end_of_resource_update 0
2019/11/22 19:20:26.06 #|1574450426.60540906|00#| work_queue_worker[1] wq: tx to master: info tasks_running 0
2019/11/22 19:20:26.06 #|1574450426.60563929|00#| work_queue_worker[1] wq: working for master at 10.0.101.17:1026.
2019/11/22 19:26:27.80 #|1574450787.808778878|00#| work_queue_worker[1] wq: rx from master: put file-0-25930e3036f13852cb0b29694bbab611-nt/taxdb.bti 14920392 0644 1
2019/11/22 19:26:27.80 #|1574450787.808825193|00#| work_queue_worker[1] wq: Putting file file-0-25930e3036f13852cb0b29694bbab611-nt/taxdb.bti into workspace
2019/11/22 19:26:27.83 #|1574450787.832138276|00#| work_queue_worker[1] wq: rx from master: put file-0-25930e3036f13852cb0b29694bbab611-nt/nt.nal 752 0644 1
2019/11/22 19:26:27.83 #|1574450787.832177676|00#| work_queue_worker[1] wq: Putting file file-0-25930e3036f13852cb0b29694bbab611-nt/nt.nal into workspace
2019/11/22 19:26:27.83 #|1574450787.832265820|00#| work_queue_worker[1] wq: rx from master: put file-0-25930e3036f13852cb0b29694bbab611-nt/nt.44.nni 27220 0644 1
2019/11/22 19:26:27.83 #|1574450787.832288003|00#| work_queue_worker[1] wq: Putting file file-0-25930e3036f13852cb0b29694bbab611-nt/nt.44.nni into workspace
2019/11/22 19:26:27.83 #|1574450787.832510503|00#| work_queue_worker[1] wq: rx from master: put file-0-25930e3036f13852cb0b29694bbab611-nt/nt.44.nog 3378248 0644 1
2019/11/22 19:26:27.83 #|1574450787.832537532|00#| work_queue_worker[1] wq: Putting file file-0-25930e3036f13852cb0b29694bbab611-nt/nt.44.nog into workspace
2019/11/22 19:26:27.83 #|1574450787.836917634|00#| work_queue_worker[1] wq: rx from master: put file-0-25930e3036f13852cb0b29694bbab611-nt/taxdb.btd 141628361 0644 1
2019/11/22 19:26:27.83 #|1574450787.836955639|00#| work_queue_worker[1] wq: Putting file file-0-25930e3036f13852cb0b29694bbab611-nt/taxdb.btd into workspace
2019/11/22 19:26:28.05 #|1574450788.55951013|00#| work_queue_worker[1] wq: rx from master: put file-0-25930e3036f13852cb0b29694bbab611-nt/nt.44.nhr 148534336 0644 1
2019/11/22 19:26:28.05 #|1574450788.56013805|00#| work_queue_worker[1] wq: Putting file file-0-25930e3036f13852cb0b29694bbab611-nt/nt.44.nhr into workspace
2019/11/22 19:26:28.28 #|1574450788.283118357|00#| work_queue_worker[1] wq: rx from master: put file-0-25930e3036f13852cb0b29694bbab611-nt/nt.44.nhi 338004 0644 1
2019/11/22 19:26:28.28 #|1574450788.283162952|00#| work_queue_worker[1] wq: Putting file file-0-25930e3036f13852cb0b29694bbab611-nt/nt.44.nhi into workspace
2019/11/22 19:26:28.28 #|1574450788.283870329|00#| work_queue_worker[1] wq: rx from master: put file-0-25930e3036f13852cb0b29694bbab611-nt/nt.44.nnd 6955488 0644 1
2019/11/22 19:26:28.28 #|1574450788.283895929|00#| work_queue_worker[1] wq: Putting file file-0-25930e3036f13852cb0b29694bbab611-nt/nt.44.nnd into workspace
2019/11/22 19:26:28.29 #|1574450788.294473259|00#| work_queue_worker[1] wq: rx from master: put file-0-25930e3036f13852cb0b29694bbab611-nt/nt.44.nhd 14869748 0644 1
2019/11/22 19:26:28.29 #|1574450788.294565334|00#| work_queue_worker[1] wq: Putting file file-0-25930e3036f13852cb0b29694bbab611-nt/nt.44.nhd into workspace
2019/11/22 19:26:28.31 #|1574450788.317066093|00#| work_queue_worker[1] wq: rx from master: put file-0-25930e3036f13852cb0b29694bbab611-nt/nt.44.nsq 974099786 0644 1
2019/11/22 19:26:28.31 #|1574450788.317109508|00#| work_queue_worker[1] wq: Putting file file-0-25930e3036f13852cb0b29694bbab611-nt/nt.44.nsq into workspace
2019/11/22 19:26:28.31 #|1574450788.317123300|00#| work_queue_worker[1] debug: File of size 928 MB will lower available disk space (879 MB) below threshold (0 MB).
2019/11/22 19:26:28.31 #|1574450788.317132063|00#| work_queue_worker[1] wq: Could not put file file-0-25930e3036f13852cb0b29694bbab611-nt/nt.44.nsq, not enough disk space (974099786 bytes needed)
2019/11/22 19:26:28.31 #|1574450788.317143949|00#| work_queue_worker[1] wq: cleaning workspace /tmp/worker-0-1
2019/11/22 19:26:28.37 #|1574450788.372878446|00#| work_queue_worker[1] wq: disconnecting from master 10.0.101.17:1026
2019/11/22 19:26:28.37 #|1574450788.373074234|00#| work_queue_worker[1] tcp: disconnected from 10.0.101.17 port 1026
2019/11/22 19:26:28.37 #|1574450788.373092803|00#| work_queue_worker[1] wq: killing all outstanding tasks
2019/11/22 19:26:28.37 #|1574450788.373107803|00#| work_queue_worker[1] wq: all data structures are clean
2019/11/22 19:26:34.37 #|1574450794.373547204|00#| work_queue_worker[1] debug: error reading disk usage on directory: ./cache.
2019/11/22 19:26:34.37 #|1574450794.373583817|00#| work_queue_worker[1] dns: looking up name master
2019/11/22 19:26:34.37 #|1574450794.373926721|00#| work_queue_worker[1] dns: master is 10.0.101.17
2019/11/22 19:26:34.37 #|1574450794.373957592|00#| work_queue_worker[1] tcp: connecting to 10.0.101.17 port 1026
2019/11/22 19:26:34.37 #|1574450794.374121117|00#| work_queue_worker[1] tcp: made connection to 10.0.101.17 port 1026
2019/11/22 19:26:34.37 #|1574450794.374139686|00#| work_queue_worker[1] wq: connected to master master:1026 via local address 10.0.101.13:38586
2019/11/22 19:26:34.37 #|1574450794.374149178|00#| work_queue_worker[1] wq: preparing workspace /tmp/worker-0-1
2019/11/22 19:26:34.37 #|1574450794.374260884|00#| work_queue_worker[1] dns: looking up name 55efb3a30dc3
2019/11/22 19:26:34.37 #|1574450794.374292593|00#| work_queue_worker[1] dns: 55efb3a30dc3 is 10.0.101.13
2019/11/22 19:26:34.37 #|1574450794.374303586|00#| work_queue_worker[1] dns: looking up addr 10.0.101.13
2019/11/22 19:26:34.37 #|1574450794.374323291|00#| work_queue_worker[1] dns: 10.0.101.13 is 55efb3a30dc3
2019/11/22 19:26:34.37 #|1574450794.374332515|00#| work_queue_worker[1] dns: finding my hostname: uname = 55efb3a30dc3, address = 10.0.101.13, hostname = 55efb3a30dc3
2019/11/22 19:26:34.37 #|1574450794.374342375|00#| work_queue_worker[1] wq: tx to master: workqueue 8 55efb3a30dc3 Linux x86_64 8.0.0
2019/11/22 19:26:34.37 #|1574450794.374405816|00#| work_queue_worker[1] wq: tx to master: info worker-id worker-3c8468293b747549409c3c9e858829e6
2019/11/22 19:26:34.37 #|1574450794.374457728|00#| work_queue_worker[1] wq: tx to master: alive
2019/11/22 19:26:34.37 #|1574450794.374525185|00#| work_queue_worker[1] wq: Sending resource description to master:
2019/11/22 19:26:34.37 #|1574450794.374546128|00#| work_queue_worker[1] wq:  workers      0 inuse      1 total      1 smallest      1 largest
2019/11/22 19:26:34.37 #|1574450794.374604309|00#| work_queue_worker[1] wq:     disk      0 inuse   1094 total   1094 smallest   1094 largest
2019/11/22 19:26:34.37 #|1574450794.374655273|00#| work_queue_worker[1] wq:   memory      0 inuse  11908 total  11908 smallest  11908 largest
2019/11/22 19:26:34.37 #|1574450794.374703993|00#| work_queue_worker[1] wq:     gpus      0 inuse      0 total      0 smallest      0 largest
2019/11/22 19:26:34.37 #|1574450794.374752939|00#| work_queue_worker[1] wq:    cores      0 inuse      1 total      1 smallest      1 largest
2019/11/22 19:26:34.37 #|1574450794.374830004|00#| work_queue_worker[1] wq: tx to master: info end_of_resource_update 0
2019/11/22 19:26:34.37 #|1574450794.374879131|00#| work_queue_worker[1] wq: tx to master: info tasks_running 0
2019/11/22 19:26:34.37 #|1574450794.374942366|00#| work_queue_worker[1] wq: working for master at 10.0.101.17:1026.
2019/11/22 19:26:34.37 #|1574450794.376170144|00#| work_queue_worker[1] wq: rx from master: put file-0-25930e3036f13852cb0b29694bbab611-nt/taxdb.bti 14920392 0644 1
2019/11/22 19:26:34.37 #|1574450794.376214889|00#| work_queue_worker[1] wq: Putting file file-0-25930e3036f13852cb0b29694bbab611-nt/taxdb.bti into workspace
2019/11/22 19:26:34.39 #|1574450794.396192868|00#| work_queue_worker[1] wq: rx from master: put file-0-25930e3036f13852cb0b29694bbab611-nt/nt.nal 752 0644 1
2019/11/22 19:26:34.39 #|1574450794.396236242|00#| work_queue_worker[1] wq: Putting file file-0-25930e3036f13852cb0b29694bbab611-nt/nt.nal into workspace
2019/11/22 19:26:34.39 #|1574450794.396331203|00#| work_queue_worker[1] wq: rx from master: put file-0-25930e3036f13852cb0b29694bbab611-nt/nt.44.nni 27220 0644 1
2019/11/22 19:26:34.39 #|1574450794.396353495|00#| work_queue_worker[1] wq: Putting file file-0-25930e3036f13852cb0b29694bbab611-nt/nt.44.nni into workspace
2019/11/22 19:26:34.39 #|1574450794.396560195|00#| work_queue_worker[1] wq: rx from master: put file-0-25930e3036f13852cb0b29694bbab611-nt/nt.44.nog 3378248 0644 1
2019/11/22 19:26:34.39 #|1574450794.396586397|00#| work_queue_worker[1] wq: Putting file file-0-25930e3036f13852cb0b29694bbab611-nt/nt.44.nog into workspace
2019/11/22 19:26:34.40 #|1574450794.401458847|00#| work_queue_worker[1] wq: rx from master: put file-0-25930e3036f13852cb0b29694bbab611-nt/taxdb.btd 141628361 0644 1
2019/11/22 19:26:34.40 #|1574450794.401501981|00#| work_queue_worker[1] wq: Putting file file-0-25930e3036f13852cb0b29694bbab611-nt/taxdb.btd into workspace
2019/11/22 19:26:34.58 #|1574450794.583160965|00#| work_queue_worker[1] wq: rx from master: put file-0-25930e3036f13852cb0b29694bbab611-nt/nt.44.nhr 148534336 0644 1
2019/11/22 19:26:34.58 #|1574450794.583208671|00#| work_queue_worker[1] wq: Putting file file-0-25930e3036f13852cb0b29694bbab611-nt/nt.44.nhr into workspace
2019/11/22 19:26:34.77 #|1574450794.773729257|00#| work_queue_worker[1] wq: rx from master: put file-0-25930e3036f13852cb0b29694bbab611-nt/nt.44.nhi 338004 0644 1
2019/11/22 19:26:34.77 #|1574450794.773776290|00#| work_queue_worker[1] wq: Putting file file-0-25930e3036f13852cb0b29694bbab611-nt/nt.44.nhi into workspace
2019/11/22 19:26:34.77 #|1574450794.774304628|00#| work_queue_worker[1] wq: rx from master: put file-0-25930e3036f13852cb0b29694bbab611-nt/nt.44.nnd 6955488 0644 1
2019/11/22 19:26:34.77 #|1574450794.774329013|00#| work_queue_worker[1] wq: Putting file file-0-25930e3036f13852cb0b29694bbab611-nt/nt.44.nnd into workspace
2019/11/22 19:26:34.78 #|1574450794.783379428|00#| work_queue_worker[1] wq: rx from master: put file-0-25930e3036f13852cb0b29694bbab611-nt/nt.44.nhd 14869748 0644 1
2019/11/22 19:26:34.78 #|1574450794.783425177|00#| work_queue_worker[1] wq: Putting file file-0-25930e3036f13852cb0b29694bbab611-nt/nt.44.nhd into workspace
2019/11/22 19:26:34.80 #|1574450794.802440026|00#| work_queue_worker[1] wq: rx from master: put file-0-25930e3036f13852cb0b29694bbab611-nt/nt.44.nsq 974099786 0644 1
2019/11/22 19:26:34.80 #|1574450794.802484755|00#| work_queue_worker[1] wq: Putting file file-0-25930e3036f13852cb0b29694bbab611-nt/nt.44.nsq into workspace
2019/11/22 19:26:34.80 #|1574450794.802498568|00#| work_queue_worker[1] debug: File of size 928 MB will lower available disk space (879 MB) below threshold (0 MB).
2019/11/22 19:26:34.80 #|1574450794.802531233|00#| work_queue_worker[1] wq: Could not put file file-0-25930e3036f13852cb0b29694bbab611-nt/nt.44.nsq, not enough disk space (974099786 bytes needed)
2019/11/22 19:26:34.80 #|1574450794.802545369|00#| work_queue_worker[1] wq: cleaning workspace /tmp/worker-0-1
2019/11/22 19:26:34.85 #|1574450794.858171370|00#| work_queue_worker[1] wq: disconnecting from master 10.0.101.17:1026
2019/11/22 19:26:34.85 #|1574450794.858358077|00#| work_queue_worker[1] tcp: disconnected from 10.0.101.17 port 1026
2019/11/22 19:26:34.85 #|1574450794.858372444|00#| work_queue_worker[1] wq: killing all outstanding tasks
2019/11/22 19:26:34.85 #|1574450794.858395164|00#| work_queue_worker[1] wq: all data structures are clean
2019/11/22 19:26:40.85 #|1574450800.858865794|00#| work_queue_worker[1] debug: error reading disk usage on directory: ./cache.
2019/11/22 19:26:40.85 #|1574450800.858926739|00#| work_queue_worker[1] tcp: connecting to 10.0.101.17 port 1026
2019/11/22 19:26:40.85 #|1574450800.859166517|00#| work_queue_worker[1] tcp: made connection to 10.0.101.17 port 1026
2019/11/22 19:26:40.85 #|1574450800.859190905|00#| work_queue_worker[1] wq: connected to master master:1026 via local address 10.0.101.13:38600
2019/11/22 19:26:40.85 #|1574450800.859205818|00#| work_queue_worker[1] wq: preparing workspace /tmp/worker-0-1
2019/11/22 19:26:40.85 #|1574450800.859355973|00#| work_queue_worker[1] dns: finding my hostname: uname = 55efb3a30dc3, address = 10.0.101.13, hostname = 55efb3a30dc3
2019/11/22 19:26:40.85 #|1574450800.859374594|00#| work_queue_worker[1] wq: tx to master: workqueue 8 55efb3a30dc3 Linux x86_64 8.0.0
2019/11/22 19:26:40.85 #|1574450800.859458013|00#| work_queue_worker[1] wq: tx to master: info worker-id worker-3c8468293b747549409c3c9e858829e6
2019/11/22 19:26:40.85 #|1574450800.859532408|00#| work_queue_worker[1] wq: tx to master: alive
2019/11/22 19:26:40.85 #|1574450800.859603676|00#| work_queue_worker[1] wq: Sending resource description to master:
2019/11/22 19:26:40.85 #|1574450800.859620392|00#| work_queue_worker[1] wq:  workers      0 inuse      1 total      1 smallest      1 largest
2019/11/22 19:26:40.85 #|1574450800.859690675|00#| work_queue_worker[1] wq:     disk      0 inuse   1032 total   1032 smallest   1032 largest
2019/11/22 19:26:40.85 #|1574450800.859762250|00#| work_queue_worker[1] wq:   memory      0 inuse  11908 total  11908 smallest  11908 largest
2019/11/22 19:26:40.85 #|1574450800.859835427|00#| work_queue_worker[1] wq:     gpus      0 inuse      0 total      0 smallest      0 largest
2019/11/22 19:26:40.85 #|1574450800.859907343|00#| work_queue_worker[1] wq:    cores      0 inuse      1 total      1 smallest      1 largest
2019/11/22 19:26:40.86 #|1574450800.860024744|00#| work_queue_worker[1] wq: tx to master: info end_of_resource_update 0
2019/11/22 19:26:40.86 #|1574450800.860095312|00#| work_queue_worker[1] wq: tx to master: info tasks_running 0
2019/11/22 19:26:40.86 #|1574450800.860165708|00#| work_queue_worker[1] wq: working for master at 10.0.101.17:1026.
2019/11/22 19:26:40.87 #|1574450800.872867728|00#| work_queue_worker[1] wq: rx from master: put file-0-25930e3036f13852cb0b29694bbab611-nt/taxdb.bti 14920392 0644 1
2019/11/22 19:26:40.87 #|1574450800.872911900|00#| work_queue_worker[1] wq: Putting file file-0-25930e3036f13852cb0b29694bbab611-nt/taxdb.bti into workspace
2019/11/22 19:26:40.90 #|1574450800.905269806|00#| work_queue_worker[1] wq: rx from master: put file-0-25930e3036f13852cb0b29694bbab611-nt/nt.nal 752 0644 1
2019/11/22 19:26:40.90 #|1574450800.905329267|00#| work_queue_worker[1] wq: Putting file file-0-25930e3036f13852cb0b29694bbab611-nt/nt.nal into workspace
2019/11/22 19:26:40.90 #|1574450800.905472622|00#| work_queue_worker[1] wq: rx from master: put file-0-25930e3036f13852cb0b29694bbab611-nt/nt.44.nni 27220 0644 1
2019/11/22 19:26:40.90 #|1574450800.905510967|00#| work_queue_worker[1] wq: Putting file file-0-25930e3036f13852cb0b29694bbab611-nt/nt.44.nni into workspace
2019/11/22 19:26:40.90 #|1574450800.905742717|00#| work_queue_worker[1] wq: rx from master: put file-0-25930e3036f13852cb0b29694bbab611-nt/nt.44.nog 3378248 0644 1
2019/11/22 19:26:40.90 #|1574450800.905783097|00#| work_queue_worker[1] wq: Putting file file-0-25930e3036f13852cb0b29694bbab611-nt/nt.44.nog into workspace
2019/11/22 19:26:40.91 #|1574450800.912290033|00#| work_queue_worker[1] wq: rx from master: put file-0-25930e3036f13852cb0b29694bbab611-nt/taxdb.btd 141628361 0644 1
2019/11/22 19:26:40.91 #|1574450800.912335812|00#| work_queue_worker[1] wq: Putting file file-0-25930e3036f13852cb0b29694bbab611-nt/taxdb.btd into workspace
2019/11/22 19:26:41.13 #|1574450801.133766218|00#| work_queue_worker[1] wq: rx from master: put file-0-25930e3036f13852cb0b29694bbab611-nt/nt.44.nhr 148534336 0644 1
2019/11/22 19:26:41.13 #|1574450801.133814931|00#| work_queue_worker[1] wq: Putting file file-0-25930e3036f13852cb0b29694bbab611-nt/nt.44.nhr into workspace
2019/11/22 19:26:41.31 #|1574450801.320009987|00#| work_queue_worker[1] wq: rx from master: put file-0-25930e3036f13852cb0b29694bbab611-nt/nt.44.nhi 338004 0644 1
2019/11/22 19:26:41.32 #|1574450801.320053204|00#| work_queue_worker[1] wq: Putting file file-0-25930e3036f13852cb0b29694bbab611-nt/nt.44.nhi into workspace
2019/11/22 19:26:41.32 #|1574450801.320581700|00#| work_queue_worker[1] wq: rx from master: put file-0-25930e3036f13852cb0b29694bbab611-nt/nt.44.nnd 6955488 0644 1
2019/11/22 19:26:41.32 #|1574450801.320605032|00#| work_queue_worker[1] wq: Putting file file-0-25930e3036f13852cb0b29694bbab611-nt/nt.44.nnd into workspace
2019/11/22 19:26:41.32 #|1574450801.329089480|00#| work_queue_worker[1] wq: rx from master: put file-0-25930e3036f13852cb0b29694bbab611-nt/nt.44.nhd 14869748 0644 1
2019/11/22 19:26:41.32 #|1574450801.329131710|00#| work_queue_worker[1] wq: Putting file file-0-25930e3036f13852cb0b29694bbab611-nt/nt.44.nhd into workspace
2019/11/22 19:26:41.34 #|1574450801.347482156|00#| work_queue_worker[1] wq: rx from master: put file-0-25930e3036f13852cb0b29694bbab611-nt/nt.44.nsq 974099786 0644 1
2019/11/22 19:26:41.34 #|1574450801.347525363|00#| work_queue_worker[1] wq: Putting file file-0-25930e3036f13852cb0b29694bbab611-nt/nt.44.nsq into workspace
2019/11/22 19:26:41.34 #|1574450801.347538545|00#| work_queue_worker[1] debug: File of size 928 MB will lower available disk space (879 MB) below threshold (0 MB).
2019/11/22 19:26:41.34 #|1574450801.347546738|00#| work_queue_worker[1] wq: Could not put file file-0-25930e3036f13852cb0b29694bbab611-nt/nt.44.nsq, not enough disk space (974099786 bytes needed)
2019/11/22 19:26:41.34 #|1574450801.347557836|00#| work_queue_worker[1] wq: cleaning workspace /tmp/worker-0-1
2019/11/22 19:26:41.40 #|1574450801.403408893|00#| work_queue_worker[1] wq: disconnecting from master 10.0.101.17:1026
2019/11/22 19:26:41.40 #|1574450801.403593892|00#| work_queue_worker[1] tcp: disconnected from 10.0.101.17 port 1026
2019/11/22 19:26:41.40 #|1574450801.403608274|00#| work_queue_worker[1] wq: killing all outstanding tasks
2019/11/22 19:26:41.40 #|1574450801.403619167|00#| work_queue_worker[1] wq: all data structures are clean
2019/11/22 19:26:47.40 #|1574450807.404058655|00#| work_queue_worker[1] debug: error reading disk usage on directory: ./cache.
2019/11/22 19:26:47.40 #|1574450807.404109259|00#| work_queue_worker[1] tcp: connecting to 10.0.101.17 port 1026
2019/11/22 19:26:47.40 #|1574450807.404301075|00#| work_queue_worker[1] tcp: made connection to 10.0.101.17 port 1026
2019/11/22 19:26:47.40 #|1574450807.404324776|00#| work_queue_worker[1] wq: connected to master master:1026 via local address 10.0.101.13:38612
2019/11/22 19:26:47.40 #|1574450807.404339393|00#| work_queue_worker[1] wq: preparing workspace /tmp/worker-0-1
2019/11/22 19:26:47.40 #|1574450807.404490836|00#| work_queue_worker[1] dns: finding my hostname: uname = 55efb3a30dc3, address = 10.0.101.13, hostname = 55efb3a30dc3
2019/11/22 19:26:47.40 #|1574450807.404509663|00#| work_queue_worker[1] wq: tx to master: workqueue 8 55efb3a30dc3 Linux x86_64 8.0.0
2019/11/22 19:26:47.40 #|1574450807.404596778|00#| work_queue_worker[1] wq: tx to master: info worker-id worker-3c8468293b747549409c3c9e858829e6
2019/11/22 19:26:47.40 #|1574450807.404672053|00#| work_queue_worker[1] wq: tx to master: alive
2019/11/22 19:26:47.40 #|1574450807.404743383|00#| work_queue_worker[1] wq: Sending resource description to master:
2019/11/22 19:26:47.40 #|1574450807.404760543|00#| work_queue_worker[1] wq:  workers      0 inuse      1 total      1 smallest      1 largest
2019/11/22 19:26:47.40 #|1574450807.404827082|00#| work_queue_worker[1] wq:     disk      0 inuse   1094 total   1094 smallest   1094 largest
2019/11/22 19:26:47.40 #|1574450807.404901631|00#| work_queue_worker[1] wq:   memory      0 inuse  11908 total  11908 smallest  11908 largest
2019/11/22 19:26:47.40 #|1574450807.404986518|00#| work_queue_worker[1] wq:     gpus      0 inuse      0 total      0 smallest      0 largest
2019/11/22 19:26:47.40 #|1574450807.405056151|00#| work_queue_worker[1] wq:    cores      0 inuse      1 total      1 smallest      1 largest
2019/11/22 19:26:47.40 #|1574450807.405175372|00#| work_queue_worker[1] wq: tx to master: info end_of_resource_update 0
2019/11/22 19:26:47.40 #|1574450807.405244636|00#| work_queue_worker[1] wq: tx to master: info tasks_running 0
2019/11/22 19:26:47.40 #|1574450807.405320113|00#| work_queue_worker[1] wq: working for master at 10.0.101.17:1026.
2019/11/22 19:26:47.40 #|1574450807.406149671|00#| work_queue_worker[1] wq: rx from master: put file-0-25930e3036f13852cb0b29694bbab611-nt/taxdb.bti 14920392 0644 1
2019/11/22 19:26:47.40 #|1574450807.406193472|00#| work_queue_worker[1] wq: Putting file file-0-25930e3036f13852cb0b29694bbab611-nt/taxdb.bti into workspace
2019/11/22 19:26:47.43 #|1574450807.437188225|00#| work_queue_worker[1] wq: rx from master: put file-0-25930e3036f13852cb0b29694bbab611-nt/nt.nal 752 0644 1
2019/11/22 19:26:47.43 #|1574450807.437250655|00#| work_queue_worker[1] wq: Putting file file-0-25930e3036f13852cb0b29694bbab611-nt/nt.nal into workspace
2019/11/22 19:26:47.43 #|1574450807.437385882|00#| work_queue_worker[1] wq: rx from master: put file-0-25930e3036f13852cb0b29694bbab611-nt/nt.44.nni 27220 0644 1
2019/11/22 19:26:47.43 #|1574450807.437424417|00#| work_queue_worker[1] wq: Putting file file-0-25930e3036f13852cb0b29694bbab611-nt/nt.44.nni into workspace
2019/11/22 19:26:47.43 #|1574450807.437666747|00#| work_queue_worker[1] wq: rx from master: put file-0-25930e3036f13852cb0b29694bbab611-nt/nt.44.nog 3378248 0644 1
2019/11/22 19:26:47.43 #|1574450807.437708558|00#| work_queue_worker[1] wq: Putting file file-0-25930e3036f13852cb0b29694bbab611-nt/nt.44.nog into workspace
2019/11/22 19:26:47.44 #|1574450807.443332581|00#| work_queue_worker[1] wq: rx from master: put file-0-25930e3036f13852cb0b29694bbab611-nt/taxdb.btd 141628361 0644 1
2019/11/22 19:26:47.44 #|1574450807.443374957|00#| work_queue_worker[1] wq: Putting file file-0-25930e3036f13852cb0b29694bbab611-nt/taxdb.btd into workspace
2019/11/22 19:26:47.65 #|1574450807.656754306|00#| work_queue_worker[1] wq: rx from master: put file-0-25930e3036f13852cb0b29694bbab611-nt/nt.44.nhr 148534336 0644 1
2019/11/22 19:26:47.65 #|1574450807.656798735|00#| work_queue_worker[1] wq: Putting file file-0-25930e3036f13852cb0b29694bbab611-nt/nt.44.nhr into workspace
2019/11/22 19:26:47.84 #|1574450807.848635529|00#| work_queue_worker[1] wq: rx from master: put file-0-25930e3036f13852cb0b29694bbab611-nt/nt.44.nhi 338004 0644 1
2019/11/22 19:26:47.84 #|1574450807.848679633|00#| work_queue_worker[1] wq: Putting file file-0-25930e3036f13852cb0b29694bbab611-nt/nt.44.nhi into workspace
2019/11/22 19:26:47.84 #|1574450807.849289798|00#| work_queue_worker[1] wq: rx from master: put file-0-25930e3036f13852cb0b29694bbab611-nt/nt.44.nnd 6955488 0644 1
2019/11/22 19:26:47.84 #|1574450807.849313898|00#| work_queue_worker[1] wq: Putting file file-0-25930e3036f13852cb0b29694bbab611-nt/nt.44.nnd into workspace
2019/11/22 19:26:47.85 #|1574450807.858219673|00#| work_queue_worker[1] wq: rx from master: put file-0-25930e3036f13852cb0b29694bbab611-nt/nt.44.nhd 14869748 0644 1
2019/11/22 19:26:47.85 #|1574450807.858267910|00#| work_queue_worker[1] wq: Putting file file-0-25930e3036f13852cb0b29694bbab611-nt/nt.44.nhd into workspace
2019/11/22 19:26:47.87 #|1574450807.877300423|00#| work_queue_worker[1] wq: rx from master: put file-0-25930e3036f13852cb0b29694bbab611-nt/nt.44.nsq 974099786 0644 1
2019/11/22 19:26:47.87 #|1574450807.877345894|00#| work_queue_worker[1] wq: Putting file file-0-25930e3036f13852cb0b29694bbab611-nt/nt.44.nsq into workspace
2019/11/22 19:26:47.87 #|1574450807.877360043|00#| work_queue_worker[1] debug: File of size 928 MB will lower available disk space (878 MB) below threshold (0 MB).
2019/11/22 19:26:47.87 #|1574450807.877374694|00#| work_queue_worker[1] wq: Could not put file file-0-25930e3036f13852cb0b29694bbab611-nt/nt.44.nsq, not enough disk space (974099786 bytes needed)
2019/11/22 19:26:47.87 #|1574450807.877386876|00#| work_queue_worker[1] wq: cleaning workspace /tmp/worker-0-1
2019/11/22 19:26:47.93 #|1574450807.933129930|00#| work_queue_worker[1] wq: disconnecting from master 10.0.101.17:1026
2019/11/22 19:26:47.93 #|1574450807.933318008|00#| work_queue_worker[1] tcp: disconnected from 10.0.101.17 port 1026
2019/11/22 19:26:47.93 #|1574450807.933332229|00#| work_queue_worker[1] wq: killing all outstanding tasks
2019/11/22 19:26:47.93 #|1574450807.933343385|00#| work_queue_worker[1] wq: all data structures are clean
2019/11/22 19:26:53.93 #|1574450813.933772311|00#| work_queue_worker[1] debug: error reading disk usage on directory: ./cache.
2019/11/22 19:26:53.93 #|1574450813.933824344|00#| work_queue_worker[1] tcp: connecting to 10.0.101.17 port 1026
2019/11/22 19:26:53.93 #|1574450813.934019459|00#| work_queue_worker[1] tcp: made connection to 10.0.101.17 port 1026
2019/11/22 19:26:53.93 #|1574450813.934038442|00#| work_queue_worker[1] wq: connected to master master:1026 via local address 10.0.101.13:38626
2019/11/22 19:26:53.93 #|1574450813.934047958|00#| work_queue_worker[1] wq: preparing workspace /tmp/worker-0-1
2019/11/22 19:26:53.93 #|1574450813.934162112|00#| work_queue_worker[1] dns: finding my hostname: uname = 55efb3a30dc3, address = 10.0.101.13, hostname = 55efb3a30dc3
2019/11/22 19:26:53.93 #|1574450813.934175486|00#| work_queue_worker[1] wq: tx to master: workqueue 8 55efb3a30dc3 Linux x86_64 8.0.0
2019/11/22 19:26:53.93 #|1574450813.934238425|00#| work_queue_worker[1] wq: tx to master: info worker-id worker-3c8468293b747549409c3c9e858829e6
2019/11/22 19:26:53.93 #|1574450813.934289951|00#| work_queue_worker[1] wq: tx to master: alive
2019/11/22 19:26:53.93 #|1574450813.934340244|00#| work_queue_worker[1] wq: Sending resource description to master:
2019/11/22 19:26:53.93 #|1574450813.934352385|00#| work_queue_worker[1] wq:  workers      0 inuse      1 total      1 smallest      1 largest
2019/11/22 19:26:53.93 #|1574450813.934399170|00#| work_queue_worker[1] wq:     disk      0 inuse   1094 total   1094 smallest   1094 largest
2019/11/22 19:26:53.93 #|1574450813.934448723|00#| work_queue_worker[1] wq:   memory      0 inuse  11908 total  11908 smallest  11908 largest
2019/11/22 19:26:53.93 #|1574450813.934498284|00#| work_queue_worker[1] wq:     gpus      0 inuse      0 total      0 smallest      0 largest
2019/11/22 19:26:53.93 #|1574450813.934572279|00#| work_queue_worker[1] wq:    cores      0 inuse      1 total      1 smallest      1 largest
2019/11/22 19:26:53.93 #|1574450813.934652189|00#| work_queue_worker[1] wq: tx to master: info end_of_resource_update 0
2019/11/22 19:26:53.93 #|1574450813.934701858|00#| work_queue_worker[1] wq: tx to master: info tasks_running 0
2019/11/22 19:26:53.93 #|1574450813.934750447|00#| work_queue_worker[1] wq: working for master at 10.0.101.17:1026.
2019/11/22 19:26:53.93 #|1574450813.935370198|00#| work_queue_worker[1] wq: rx from master: put file-0-25930e3036f13852cb0b29694bbab611-nt/taxdb.bti 14920392 0644 1
2019/11/22 19:26:53.93 #|1574450813.935409871|00#| work_queue_worker[1] wq: Putting file file-0-25930e3036f13852cb0b29694bbab611-nt/taxdb.bti into workspace
2019/11/22 19:26:53.95 #|1574450813.956419241|00#| work_queue_worker[1] wq: rx from master: put file-0-25930e3036f13852cb0b29694bbab611-nt/nt.nal 752 0644 1
2019/11/22 19:26:53.95 #|1574450813.956463289|00#| work_queue_worker[1] wq: Putting file file-0-25930e3036f13852cb0b29694bbab611-nt/nt.nal into workspace
2019/11/22 19:26:53.95 #|1574450813.956553315|00#| work_queue_worker[1] wq: rx from master: put file-0-25930e3036f13852cb0b29694bbab611-nt/nt.44.nni 27220 0644 1
2019/11/22 19:26:53.95 #|1574450813.956574515|00#| work_queue_worker[1] wq: Putting file file-0-25930e3036f13852cb0b29694bbab611-nt/nt.44.nni into workspace
2019/11/22 19:26:53.95 #|1574450813.956670813|00#| work_queue_worker[1] wq: rx from master: put file-0-25930e3036f13852cb0b29694bbab611-nt/nt.44.nog 3378248 0644 1
2019/11/22 19:26:53.95 #|1574450813.956700328|00#| work_queue_worker[1] wq: Putting file file-0-25930e3036f13852cb0b29694bbab611-nt/nt.44.nog into workspace
2019/11/22 19:26:53.96 #|1574450813.961333880|00#| work_queue_worker[1] wq: rx from master: put file-0-25930e3036f13852cb0b29694bbab611-nt/taxdb.btd 141628361 0644 1
2019/11/22 19:26:53.96 #|1574450813.961376120|00#| work_queue_worker[1] wq: Putting file file-0-25930e3036f13852cb0b29694bbab611-nt/taxdb.btd into workspace
2019/11/22 19:26:54.14 #|1574450814.147523029|00#| work_queue_worker[1] wq: rx from master: put file-0-25930e3036f13852cb0b29694bbab611-nt/nt.44.nhr 148534336 0644 1
2019/11/22 19:26:54.14 #|1574450814.147568257|00#| work_queue_worker[1] wq: Putting file file-0-25930e3036f13852cb0b29694bbab611-nt/nt.44.nhr into workspace
2019/11/22 19:26:54.33 #|1574450814.339759834|00#| work_queue_worker[1] wq: rx from master: put file-0-25930e3036f13852cb0b29694bbab611-nt/nt.44.nhi 338004 0644 1
2019/11/22 19:26:54.33 #|1574450814.339804446|00#| work_queue_worker[1] wq: Putting file file-0-25930e3036f13852cb0b29694bbab611-nt/nt.44.nhi into workspace
2019/11/22 19:26:54.34 #|1574450814.340353563|00#| work_queue_worker[1] wq: rx from master: put file-0-25930e3036f13852cb0b29694bbab611-nt/nt.44.nnd 6955488 0644 1
2019/11/22 19:26:54.34 #|1574450814.340378614|00#| work_queue_worker[1] wq: Putting file file-0-25930e3036f13852cb0b29694bbab611-nt/nt.44.nnd into workspace
2019/11/22 19:26:54.34 #|1574450814.349517946|00#| work_queue_worker[1] wq: rx from master: put file-0-25930e3036f13852cb0b29694bbab611-nt/nt.44.nhd 14869748 0644 1
2019/11/22 19:26:54.34 #|1574450814.349562274|00#| work_queue_worker[1] wq: Putting file file-0-25930e3036f13852cb0b29694bbab611-nt/nt.44.nhd into workspace
2019/11/22 19:26:54.36 #|1574450814.368895370|00#| work_queue_worker[1] wq: rx from master: put file-0-25930e3036f13852cb0b29694bbab611-nt/nt.44.nsq 974099786 0644 1
2019/11/22 19:26:54.36 #|1574450814.368941749|00#| work_queue_worker[1] wq: Putting file file-0-25930e3036f13852cb0b29694bbab611-nt/nt.44.nsq into workspace
2019/11/22 19:26:54.36 #|1574450814.368955421|00#| work_queue_worker[1] debug: File of size 928 MB will lower available disk space (878 MB) below threshold (0 MB).
2019/11/22 19:26:54.36 #|1574450814.368963972|00#| work_queue_worker[1] wq: Could not put file file-0-25930e3036f13852cb0b29694bbab611-nt/nt.44.nsq, not enough disk space (974099786 bytes needed)
2019/11/22 19:26:54.36 #|1574450814.368975694|00#| work_queue_worker[1] wq: cleaning workspace /tmp/worker-0-1
2019/11/22 19:26:54.42 #|1574450814.424494005|00#| work_queue_worker[1] wq: disconnecting from master 10.0.101.17:1026
2019/11/22 19:26:54.42 #|1574450814.424684900|00#| work_queue_worker[1] tcp: disconnected from 10.0.101.17 port 1026
2019/11/22 19:26:54.42 #|1574450814.424699438|00#| work_queue_worker[1] wq: killing all outstanding tasks
2019/11/22 19:26:54.42 #|1574450814.424710600|00#| work_queue_worker[1] wq: all data structures are clean
2019/11/22 19:27:00.42 #|1574450820.425157690|00#| work_queue_worker[1] debug: error reading disk usage on directory: ./cache.
2019/11/22 19:27:00.42 #|1574450820.425210512|00#| work_queue_worker[1] tcp: connecting to 10.0.101.17 port 1026
2019/11/22 19:27:00.42 #|1574450820.425401047|00#| work_queue_worker[1] tcp: made connection to 10.0.101.17 port 1026
2019/11/22 19:27:00.42 #|1574450820.425425332|00#| work_queue_worker[1] wq: connected to master master:1026 via local address 10.0.101.13:38638
2019/11/22 19:27:00.42 #|1574450820.425439824|00#| work_queue_worker[1] wq: preparing workspace /tmp/worker-0-1
2019/11/22 19:27:00.42 #|1574450820.425593119|00#| work_queue_worker[1] dns: finding my hostname: uname = 55efb3a30dc3, address = 10.0.101.13, hostname = 55efb3a30dc3
2019/11/22 19:27:00.42 #|1574450820.425611389|00#| work_queue_worker[1] wq: tx to master: workqueue 8 55efb3a30dc3 Linux x86_64 8.0.0
2019/11/22 19:27:00.42 #|1574450820.425698804|00#| work_queue_worker[1] wq: tx to master: info worker-id worker-3c8468293b747549409c3c9e858829e6
2019/11/22 19:27:00.42 #|1574450820.425788776|00#| work_queue_worker[1] wq: tx to master: alive
2019/11/22 19:27:00.42 #|1574450820.425863677|00#| work_queue_worker[1] wq: Sending resource description to master:
2019/11/22 19:27:00.42 #|1574450820.425881521|00#| work_queue_worker[1] wq:  workers      0 inuse      1 total      1 smallest      1 largest
2019/11/22 19:27:00.42 #|1574450820.425955328|00#| work_queue_worker[1] wq:     disk      0 inuse   1094 total   1094 smallest   1094 largest
2019/11/22 19:27:00.42 #|1574450820.426028772|00#| work_queue_worker[1] wq:   memory      0 inuse  11908 total  11908 smallest  11908 largest
2019/11/22 19:27:00.42 #|1574450820.426104548|00#| work_queue_worker[1] wq:     gpus      0 inuse      0 total      0 smallest      0 largest
2019/11/22 19:27:00.42 #|1574450820.426177009|00#| work_queue_worker[1] wq:    cores      0 inuse      1 total      1 smallest      1 largest
2019/11/22 19:27:00.42 #|1574450820.426301765|00#| work_queue_worker[1] wq: tx to master: info end_of_resource_update 0
2019/11/22 19:27:00.42 #|1574450820.426377382|00#| work_queue_worker[1] wq: tx to master: info tasks_running 0
2019/11/22 19:27:00.42 #|1574450820.426450635|00#| work_queue_worker[1] wq: working for master at 10.0.101.17:1026.
2019/11/22 19:27:00.42 #|1574450820.426986176|00#| work_queue_worker[1] wq: rx from master: put file-0-25930e3036f13852cb0b29694bbab611-nt/taxdb.bti 14920392 0644 1
2019/11/22 19:27:00.42 #|1574450820.427031479|00#| work_queue_worker[1] wq: Putting file file-0-25930e3036f13852cb0b29694bbab611-nt/taxdb.bti into workspace
2019/11/22 19:27:00.45 #|1574450820.458176191|00#| work_queue_worker[1] wq: rx from master: put file-0-25930e3036f13852cb0b29694bbab611-nt/nt.nal 752 0644 1
2019/11/22 19:27:00.45 #|1574450820.458240360|00#| work_queue_worker[1] wq: Putting file file-0-25930e3036f13852cb0b29694bbab611-nt/nt.nal into workspace
2019/11/22 19:27:00.45 #|1574450820.458361509|00#| work_queue_worker[1] wq: rx from master: put file-0-25930e3036f13852cb0b29694bbab611-nt/nt.44.nni 27220 0644 1
2019/11/22 19:27:00.45 #|1574450820.458385296|00#| work_queue_worker[1] wq: Putting file file-0-25930e3036f13852cb0b29694bbab611-nt/nt.44.nni into workspace
2019/11/22 19:27:00.45 #|1574450820.458588897|00#| work_queue_worker[1] wq: rx from master: put file-0-25930e3036f13852cb0b29694bbab611-nt/nt.44.nog 3378248 0644 1
2019/11/22 19:27:00.45 #|1574450820.458616995|00#| work_queue_worker[1] wq: Putting file file-0-25930e3036f13852cb0b29694bbab611-nt/nt.44.nog into workspace
2019/11/22 19:27:00.46 #|1574450820.463821248|00#| work_queue_worker[1] wq: rx from master: put file-0-25930e3036f13852cb0b29694bbab611-nt/taxdb.btd 141628361 0644 1
2019/11/22 19:27:00.46 #|1574450820.463863825|00#| work_queue_worker[1] wq: Putting file file-0-25930e3036f13852cb0b29694bbab611-nt/taxdb.btd into workspace
2019/11/22 19:27:00.68 #|1574450820.684069330|00#| work_queue_worker[1] wq: rx from master: put file-0-25930e3036f13852cb0b29694bbab611-nt/nt.44.nhr 148534336 0644 1
2019/11/22 19:27:00.68 #|1574450820.684134455|00#| work_queue_worker[1] wq: Putting file file-0-25930e3036f13852cb0b29694bbab611-nt/nt.44.nhr into workspace
2019/11/22 19:27:00.90 #|1574450820.907992520|00#| work_queue_worker[1] wq: rx from master: put file-0-25930e3036f13852cb0b29694bbab611-nt/nt.44.nhi 338004 0644 1
2019/11/22 19:27:00.90 #|1574450820.908038038|00#| work_queue_worker[1] wq: Putting file file-0-25930e3036f13852cb0b29694bbab611-nt/nt.44.nhi into workspace
2019/11/22 19:27:00.90 #|1574450820.908615179|00#| work_queue_worker[1] wq: rx from master: put file-0-25930e3036f13852cb0b29694bbab611-nt/nt.44.nnd 6955488 0644 1
2019/11/22 19:27:00.90 #|1574450820.908655121|00#| work_queue_worker[1] wq: Putting file file-0-25930e3036f13852cb0b29694bbab611-nt/nt.44.nnd into workspace
2019/11/22 19:27:00.91 #|1574450820.919167070|00#| work_queue_worker[1] wq: rx from master: put file-0-25930e3036f13852cb0b29694bbab611-nt/nt.44.nhd 14869748 0644 1
2019/11/22 19:27:00.91 #|1574450820.919211226|00#| work_queue_worker[1] wq: Putting file file-0-25930e3036f13852cb0b29694bbab611-nt/nt.44.nhd into workspace
2019/11/22 19:27:00.94 #|1574450820.941690098|00#| work_queue_worker[1] wq: rx from master: put file-0-25930e3036f13852cb0b29694bbab611-nt/nt.44.nsq 974099786 0644 1
2019/11/22 19:27:00.94 #|1574450820.941755976|00#| work_queue_worker[1] wq: Putting file file-0-25930e3036f13852cb0b29694bbab611-nt/nt.44.nsq into workspace
2019/11/22 19:27:00.94 #|1574450820.941783309|00#| work_queue_worker[1] debug: File of size 928 MB will lower available disk space (878 MB) below threshold (0 MB).
2019/11/22 19:27:00.94 #|1574450820.941800767|00#| work_queue_worker[1] wq: Could not put file file-0-25930e3036f13852cb0b29694bbab611-nt/nt.44.nsq, not enough disk space (974099786 bytes needed)
2019/11/22 19:27:00.94 #|1574450820.941823891|00#| work_queue_worker[1] wq: cleaning workspace /tmp/worker-0-1
2019/11/22 19:27:00.99 #|1574450820.997535965|00#| work_queue_worker[1] wq: disconnecting from master 10.0.101.17:1026
2019/11/22 19:27:00.99 #|1574450820.997730548|00#| work_queue_worker[1] tcp: disconnected from 10.0.101.17 port 1026
2019/11/22 19:27:00.99 #|1574450820.997749736|00#| work_queue_worker[1] wq: killing all outstanding tasks
2019/11/22 19:27:00.99 #|1574450820.997765014|00#| work_queue_worker[1] wq: all data structures are clean
2019/11/22 19:27:06.99 #|1574450826.998216795|00#| work_queue_worker[1] debug: error reading disk usage on directory: ./cache.
2019/11/22 19:27:06.99 #|1574450826.998271620|00#| work_queue_worker[1] tcp: connecting to 10.0.101.17 port 1026
2019/11/22 19:27:06.99 #|1574450826.998460725|00#| work_queue_worker[1] tcp: made connection to 10.0.101.17 port 1026
2019/11/22 19:27:06.99 #|1574450826.998480223|00#| work_queue_worker[1] wq: connected to master master:1026 via local address 10.0.101.13:38652
2019/11/22 19:27:06.99 #|1574450826.998490246|00#| work_queue_worker[1] wq: preparing workspace /tmp/worker-0-1
2019/11/22 19:27:06.99 #|1574450826.998671258|00#| work_queue_worker[1] dns: finding my hostname: uname = 55efb3a30dc3, address = 10.0.101.13, hostname = 55efb3a30dc3
2019/11/22 19:27:06.99 #|1574450826.998692936|00#| work_queue_worker[1] wq: tx to master: workqueue 8 55efb3a30dc3 Linux x86_64 8.0.0
2019/11/22 19:27:06.99 #|1574450826.998783864|00#| work_queue_worker[1] wq: tx to master: info worker-id worker-3c8468293b747549409c3c9e858829e6
2019/11/22 19:27:06.99 #|1574450826.998846780|00#| work_queue_worker[1] wq: tx to master: alive
2019/11/22 19:27:06.99 #|1574450826.998899916|00#| work_queue_worker[1] wq: Sending resource description to master:
2019/11/22 19:27:06.99 #|1574450826.998912962|00#| work_queue_worker[1] wq:  workers      0 inuse      1 total      1 smallest      1 largest
2019/11/22 19:27:06.99 #|1574450826.998959884|00#| work_queue_worker[1] wq:     disk      0 inuse   1094 total   1094 smallest   1094 largest
2019/11/22 19:27:06.99 #|1574450826.999009721|00#| work_queue_worker[1] wq:   memory      0 inuse  11908 total  11908 smallest  11908 largest
2019/11/22 19:27:06.99 #|1574450826.999059092|00#| work_queue_worker[1] wq:     gpus      0 inuse      0 total      0 smallest      0 largest
2019/11/22 19:27:06.99 #|1574450826.999107926|00#| work_queue_worker[1] wq:    cores      0 inuse      1 total      1 smallest      1 largest
2019/11/22 19:27:06.99 #|1574450826.999185473|00#| work_queue_worker[1] wq: tx to master: info end_of_resource_update 0
2019/11/22 19:27:06.99 #|1574450826.999235447|00#| work_queue_worker[1] wq: tx to master: info tasks_running 0
2019/11/22 19:27:06.99 #|1574450826.999284321|00#| work_queue_worker[1] wq: working for master at 10.0.101.17:1026.
2019/11/22 19:27:07.00 #|1574450827.46303|00#| work_queue_worker[1] wq: rx from master: put file-0-25930e3036f13852cb0b29694bbab611-nt/taxdb.bti 14920392 0644 1
2019/11/22 19:27:07.00 #|1574450827.86931|00#| work_queue_worker[1] wq: Putting file file-0-25930e3036f13852cb0b29694bbab611-nt/taxdb.bti into workspace
2019/11/22 19:27:07.02 #|1574450827.20636261|00#| work_queue_worker[1] wq: rx from master: put file-0-25930e3036f13852cb0b29694bbab611-nt/nt.nal 752 0644 1
2019/11/22 19:27:07.02 #|1574450827.20686387|00#| work_queue_worker[1] wq: Putting file file-0-25930e3036f13852cb0b29694bbab611-nt/nt.nal into workspace
2019/11/22 19:27:07.02 #|1574450827.20778102|00#| work_queue_worker[1] wq: rx from master: put file-0-25930e3036f13852cb0b29694bbab611-nt/nt.44.nni 27220 0644 1
2019/11/22 19:27:07.02 #|1574450827.20800034|00#| work_queue_worker[1] wq: Putting file file-0-25930e3036f13852cb0b29694bbab611-nt/nt.44.nni into workspace
2019/11/22 19:27:07.02 #|1574450827.20974566|00#| work_queue_worker[1] wq: rx from master: put file-0-25930e3036f13852cb0b29694bbab611-nt/nt.44.nog 3378248 0644 1
2019/11/22 19:27:07.02 #|1574450827.21001363|00#| work_queue_worker[1] wq: Putting file file-0-25930e3036f13852cb0b29694bbab611-nt/nt.44.nog into workspace
2019/11/22 19:27:07.02 #|1574450827.25842020|00#| work_queue_worker[1] wq: rx from master: put file-0-25930e3036f13852cb0b29694bbab611-nt/taxdb.btd 141628361 0644 1
2019/11/22 19:27:07.02 #|1574450827.25886547|00#| work_queue_worker[1] wq: Putting file file-0-25930e3036f13852cb0b29694bbab611-nt/taxdb.btd into workspace
2019/11/22 19:27:07.20 #|1574450827.209210206|00#| work_queue_worker[1] wq: rx from master: put file-0-25930e3036f13852cb0b29694bbab611-nt/nt.44.nhr 148534336 0644 1
2019/11/22 19:27:07.20 #|1574450827.209254969|00#| work_queue_worker[1] wq: Putting file file-0-25930e3036f13852cb0b29694bbab611-nt/nt.44.nhr into workspace
2019/11/22 19:27:07.40 #|1574450827.401161641|00#| work_queue_worker[1] wq: rx from master: put file-0-25930e3036f13852cb0b29694bbab611-nt/nt.44.nhi 338004 0644 1
2019/11/22 19:27:07.40 #|1574450827.401207367|00#| work_queue_worker[1] wq: Putting file file-0-25930e3036f13852cb0b29694bbab611-nt/nt.44.nhi into workspace
2019/11/22 19:27:07.40 #|1574450827.401746781|00#| work_queue_worker[1] wq: rx from master: put file-0-25930e3036f13852cb0b29694bbab611-nt/nt.44.nnd 6955488 0644 1
2019/11/22 19:27:07.40 #|1574450827.401771751|00#| work_queue_worker[1] wq: Putting file file-0-25930e3036f13852cb0b29694bbab611-nt/nt.44.nnd into workspace
2019/11/22 19:27:07.41 #|1574450827.410936695|00#| work_queue_worker[1] wq: rx from master: put file-0-25930e3036f13852cb0b29694bbab611-nt/nt.44.nhd 14869748 0644 1
2019/11/22 19:27:07.41 #|1574450827.410985086|00#| work_queue_worker[1] wq: Putting file file-0-25930e3036f13852cb0b29694bbab611-nt/nt.44.nhd into workspace
2019/11/22 19:27:07.43 #|1574450827.430160755|00#| work_queue_worker[1] wq: rx from master: put file-0-25930e3036f13852cb0b29694bbab611-nt/nt.44.nsq 974099786 0644 1
2019/11/22 19:27:07.43 #|1574450827.430206305|00#| work_queue_worker[1] wq: Putting file file-0-25930e3036f13852cb0b29694bbab611-nt/nt.44.nsq into workspace
2019/11/22 19:27:07.43 #|1574450827.430220583|00#| work_queue_worker[1] debug: File of size 928 MB will lower available disk space (878 MB) below threshold (0 MB).
2019/11/22 19:27:07.43 #|1574450827.430229450|00#| work_queue_worker[1] wq: Could not put file file-0-25930e3036f13852cb0b29694bbab611-nt/nt.44.nsq, not enough disk space (974099786 bytes needed)
2019/11/22 19:27:07.43 #|1574450827.430241622|00#| work_queue_worker[1] wq: cleaning workspace /tmp/worker-0-1
2019/11/22 19:27:07.48 #|1574450827.485755050|00#| work_queue_worker[1] wq: disconnecting from master 10.0.101.17:1026
2019/11/22 19:27:07.48 #|1574450827.485946229|00#| work_queue_worker[1] tcp: disconnected from 10.0.101.17 port 1026
2019/11/22 19:27:07.48 #|1574450827.485960878|00#| work_queue_worker[1] wq: killing all outstanding tasks
2019/11/22 19:27:07.48 #|1574450827.485972063|00#| work_queue_worker[1] wq: all data structures are clean
2019/11/22 19:27:13.48 #|1574450833.486433286|00#| work_queue_worker[1] debug: error reading disk usage on directory: ./cache.
2019/11/22 19:27:13.48 #|1574450833.486487207|00#| work_queue_worker[1] tcp: connecting to 10.0.101.17 port 1026
2019/11/22 19:27:13.48 #|1574450833.486707154|00#| work_queue_worker[1] tcp: made connection to 10.0.101.17 port 1026
2019/11/22 19:27:13.48 #|1574450833.486743009|00#| work_queue_worker[1] wq: connected to master master:1026 via local address 10.0.101.13:38666
2019/11/22 19:27:13.48 #|1574450833.486752809|00#| work_queue_worker[1] wq: preparing workspace /tmp/worker-0-1
2019/11/22 19:27:13.48 #|1574450833.486868971|00#| work_queue_worker[1] dns: finding my hostname: uname = 55efb3a30dc3, address = 10.0.101.13, hostname = 55efb3a30dc3
2019/11/22 19:27:13.48 #|1574450833.486881995|00#| work_queue_worker[1] wq: tx to master: workqueue 8 55efb3a30dc3 Linux x86_64 8.0.0
2019/11/22 19:27:13.48 #|1574450833.486957682|00#| work_queue_worker[1] wq: tx to master: info worker-id worker-3c8468293b747549409c3c9e858829e6
2019/11/22 19:27:13.48 #|1574450833.487012861|00#| work_queue_worker[1] wq: tx to master: alive
2019/11/22 19:27:13.48 #|1574450833.487062398|00#| work_queue_worker[1] wq: Sending resource description to master:
2019/11/22 19:27:13.48 #|1574450833.487074635|00#| work_queue_worker[1] wq:  workers      0 inuse      1 total      1 smallest      1 largest
2019/11/22 19:27:13.48 #|1574450833.487122079|00#| work_queue_worker[1] wq:     disk      0 inuse   1093 total   1093 smallest   1093 largest
2019/11/22 19:27:13.48 #|1574450833.487171357|00#| work_queue_worker[1] wq:   memory      0 inuse  11908 total  11908 smallest  11908 largest
2019/11/22 19:27:13.48 #|1574450833.487223823|00#| work_queue_worker[1] wq:     gpus      0 inuse      0 total      0 smallest      0 largest
2019/11/22 19:27:13.48 #|1574450833.487276496|00#| work_queue_worker[1] wq:    cores      0 inuse      1 total      1 smallest      1 largest
2019/11/22 19:27:13.48 #|1574450833.487355733|00#| work_queue_worker[1] wq: tx to master: info end_of_resource_update 0
2019/11/22 19:27:13.48 #|1574450833.487404840|00#| work_queue_worker[1] wq: tx to master: info tasks_running 0
2019/11/22 19:27:13.48 #|1574450833.487453099|00#| work_queue_worker[1] wq: working for master at 10.0.101.17:1026.
2019/11/22 19:27:26.46 #|1574450846.460492616|00#| work_queue_worker[1] wq: rx from master: release
2019/11/22 19:27:26.46 #|1574450846.460517525|00#| work_queue_worker[1] wq: released by master 10.0.101.17:1026.
2019/11/22 19:27:26.46 #|1574450846.460536333|00#| work_queue_worker[1] wq: cleaning workspace /tmp/worker-0-1
2019/11/22 19:27:26.46 #|1574450846.460677100|00#| work_queue_worker[1] wq: disconnecting from master 10.0.101.17:1026
2019/11/22 19:27:26.46 #|1574450846.460768723|00#| work_queue_worker[1] tcp: disconnected from 10.0.101.17 port 1026
2019/11/22 19:27:26.46 #|1574450846.460786268|00#| work_queue_worker[1] wq: killing all outstanding tasks
2019/11/22 19:27:26.46 #|1574450846.460800548|00#| work_queue_worker[1] wq: all data structures are clean
2019/11/22 19:27:27.46 #|1574450847.460929495|00#| work_queue_worker[1] tcp: connecting to 10.0.101.17 port 1026
2019/11/22 19:27:29.91 #|1574450849.914906539|00#| work_queue_worker[1] tcp: connection to 10.0.101.17 port 1026 failed (No route to host)
