2019/11/22 19:18:09.77 #|1574450289.773779403|00#| work_queue_worker[1] debug: /root/cctools/bin/work_queue_worker version 8.0.0 DEVELOPMENT (released 2019-11-14 15:35:16 +0000)
2019/11/22 19:18:09.77 #|1574450289.773807777|00#| work_queue_worker[1] debug: Built by root@7e9ecba79f43 on 2019-11-14 15:35:16 +0000
2019/11/22 19:18:09.77 #|1574450289.773817692|00#| work_queue_worker[1] debug: System: Linux 7e9ecba79f43 5.0.0-32-generic #34~18.04.2-Ubuntu SMP Thu Oct 10 10:36:02 UTC 2019 x86_64 x86_64 x86_64 GNU/Linux
2019/11/22 19:18:09.77 #|1574450289.773826405|00#| work_queue_worker[1] debug: Configuration: --prefix /root/cctools
2019/11/22 19:18:09.77 #|1574450289.773983839|00#| work_queue_worker[1] wq: WORK_QUEUE_SANDBOX set to /tmp/worker-0-1.
2019/11/22 19:18:09.77 #|1574450289.774546124|00#| work_queue_worker[1] debug: error reading disk usage on directory: ./cache.
2019/11/22 19:18:09.77 #|1574450289.774594131|00#| work_queue_worker[1] dns: looking up name master
2019/11/22 19:18:09.77 #|1574450289.776708289|00#| work_queue_worker[1] dns: couldn't look up master: Name or service not known
2019/11/22 19:18:11.77 #|1574450291.776863714|00#| work_queue_worker[1] dns: looking up name master
2019/11/22 19:18:11.77 #|1574450291.778909103|00#| work_queue_worker[1] dns: couldn't look up master: Name or service not known
2019/11/22 19:18:13.77 #|1574450293.779061664|00#| work_queue_worker[1] dns: looking up name master
2019/11/22 19:18:13.77 #|1574450293.779464873|00#| work_queue_worker[1] dns: master is 10.0.101.17
2019/11/22 19:18:13.77 #|1574450293.779517548|00#| work_queue_worker[1] tcp: connecting to 10.0.101.17 port 1026
2019/11/22 19:18:13.77 #|1574450293.779787648|00#| work_queue_worker[1] tcp: made connection to 10.0.101.17 port 1026
2019/11/22 19:18:13.77 #|1574450293.779819869|00#| work_queue_worker[1] wq: connected to master master:1026 via local address 10.0.101.9:36420
2019/11/22 19:18:13.77 #|1574450293.779840073|00#| work_queue_worker[1] wq: preparing workspace /tmp/worker-0-1
2019/11/22 19:18:13.78 #|1574450293.780005806|00#| work_queue_worker[1] dns: looking up name bfc2065f841e
2019/11/22 19:18:13.78 #|1574450293.780050562|00#| work_queue_worker[1] dns: bfc2065f841e is 10.0.101.9
2019/11/22 19:18:13.78 #|1574450293.780062770|00#| work_queue_worker[1] dns: looking up addr 10.0.101.9
2019/11/22 19:18:13.78 #|1574450293.780090253|00#| work_queue_worker[1] dns: 10.0.101.9 is bfc2065f841e
2019/11/22 19:18:13.78 #|1574450293.780100602|00#| work_queue_worker[1] dns: finding my hostname: uname = bfc2065f841e, address = 10.0.101.9, hostname = bfc2065f841e
2019/11/22 19:18:13.78 #|1574450293.780110602|00#| work_queue_worker[1] wq: tx to master: workqueue 8 bfc2065f841e Linux x86_64 8.0.0
2019/11/22 19:18:13.78 #|1574450293.780178996|00#| work_queue_worker[1] wq: tx to master: info worker-id worker-f9cd0bf97dbb490ed4296123d1c7b0d3
2019/11/22 19:18:13.78 #|1574450293.780234779|00#| work_queue_worker[1] wq: tx to master: alive
2019/11/22 19:18:13.78 #|1574450293.780285246|00#| work_queue_worker[1] wq: Sending resource description to master:
2019/11/22 19:18:13.78 #|1574450293.780298077|00#| work_queue_worker[1] wq:  workers      0 inuse      1 total      1 smallest      1 largest
2019/11/22 19:18:13.78 #|1574450293.780346975|00#| work_queue_worker[1] wq:     disk      0 inuse   2389 total   2389 smallest   2389 largest
2019/11/22 19:18:13.78 #|1574450293.780397792|00#| work_queue_worker[1] wq:   memory      0 inuse  11908 total  11908 smallest  11908 largest
2019/11/22 19:18:13.78 #|1574450293.780448137|00#| work_queue_worker[1] wq:     gpus      0 inuse      0 total      0 smallest      0 largest
2019/11/22 19:18:13.78 #|1574450293.780499420|00#| work_queue_worker[1] wq:    cores      0 inuse      1 total      1 smallest      1 largest
2019/11/22 19:18:13.78 #|1574450293.780628178|00#| work_queue_worker[1] wq: tx to master: info end_of_resource_update 0
2019/11/22 19:18:13.78 #|1574450293.780724973|00#| work_queue_worker[1] wq: tx to master: info tasks_running 0
2019/11/22 19:18:13.78 #|1574450293.780816382|00#| work_queue_worker[1] wq: working for master at 10.0.101.17:1026.
2019/11/22 19:18:26.09 #|1574450306.91257820|00#| work_queue_worker[1] wq: rx from master: put file-0-25930e3036f13852cb0b29694bbab611-nt/taxdb.bti 14920392 0644 1
2019/11/22 19:18:26.09 #|1574450306.91343902|00#| work_queue_worker[1] wq: Putting file file-0-25930e3036f13852cb0b29694bbab611-nt/taxdb.bti into workspace
2019/11/22 19:18:26.12 #|1574450306.125482880|00#| work_queue_worker[1] wq: rx from master: put file-0-25930e3036f13852cb0b29694bbab611-nt/nt.nal 752 0644 1
2019/11/22 19:18:26.12 #|1574450306.125525854|00#| work_queue_worker[1] wq: Putting file file-0-25930e3036f13852cb0b29694bbab611-nt/nt.nal into workspace
2019/11/22 19:18:26.12 #|1574450306.125625491|00#| work_queue_worker[1] wq: rx from master: put file-0-25930e3036f13852cb0b29694bbab611-nt/nt.44.nni 27220 0644 1
2019/11/22 19:18:26.12 #|1574450306.125647570|00#| work_queue_worker[1] wq: Putting file file-0-25930e3036f13852cb0b29694bbab611-nt/nt.44.nni into workspace
2019/11/22 19:18:26.12 #|1574450306.125745730|00#| work_queue_worker[1] wq: rx from master: put file-0-25930e3036f13852cb0b29694bbab611-nt/nt.44.nog 3378248 0644 1
2019/11/22 19:18:26.12 #|1574450306.125769724|00#| work_queue_worker[1] wq: Putting file file-0-25930e3036f13852cb0b29694bbab611-nt/nt.44.nog into workspace
2019/11/22 19:18:26.13 #|1574450306.130663251|00#| work_queue_worker[1] wq: rx from master: put file-0-25930e3036f13852cb0b29694bbab611-nt/taxdb.btd 141628361 0644 1
2019/11/22 19:18:26.13 #|1574450306.130706023|00#| work_queue_worker[1] wq: Putting file file-0-25930e3036f13852cb0b29694bbab611-nt/taxdb.btd into workspace
2019/11/22 19:18:26.31 #|1574450306.313073457|00#| work_queue_worker[1] wq: rx from master: put file-0-25930e3036f13852cb0b29694bbab611-nt/nt.44.nhr 148534336 0644 1
2019/11/22 19:18:26.31 #|1574450306.313118705|00#| work_queue_worker[1] wq: Putting file file-0-25930e3036f13852cb0b29694bbab611-nt/nt.44.nhr into workspace
2019/11/22 19:18:26.50 #|1574450306.503508550|00#| work_queue_worker[1] wq: rx from master: put file-0-25930e3036f13852cb0b29694bbab611-nt/nt.44.nhi 338004 0644 1
2019/11/22 19:18:26.50 #|1574450306.503553381|00#| work_queue_worker[1] wq: Putting file file-0-25930e3036f13852cb0b29694bbab611-nt/nt.44.nhi into workspace
2019/11/22 19:18:26.50 #|1574450306.504123802|00#| work_queue_worker[1] wq: rx from master: put file-0-25930e3036f13852cb0b29694bbab611-nt/nt.44.nnd 6955488 0644 1
2019/11/22 19:18:26.50 #|1574450306.504149797|00#| work_queue_worker[1] wq: Putting file file-0-25930e3036f13852cb0b29694bbab611-nt/nt.44.nnd into workspace
2019/11/22 19:18:26.51 #|1574450306.513167604|00#| work_queue_worker[1] wq: rx from master: put file-0-25930e3036f13852cb0b29694bbab611-nt/nt.44.nhd 14869748 0644 1
2019/11/22 19:18:26.51 #|1574450306.513211584|00#| work_queue_worker[1] wq: Putting file file-0-25930e3036f13852cb0b29694bbab611-nt/nt.44.nhd into workspace
2019/11/22 19:18:26.53 #|1574450306.532563170|00#| work_queue_worker[1] wq: rx from master: put file-0-25930e3036f13852cb0b29694bbab611-nt/nt.44.nsq 974099786 0644 1
2019/11/22 19:18:26.53 #|1574450306.532607753|00#| work_queue_worker[1] wq: Putting file file-0-25930e3036f13852cb0b29694bbab611-nt/nt.44.nsq into workspace
2019/11/22 19:18:26.53 #|1574450306.532622745|00#| work_queue_worker[1] debug: File of size 928 MB will lower available disk space (879 MB) below threshold (0 MB).
2019/11/22 19:18:26.53 #|1574450306.532632024|00#| work_queue_worker[1] wq: Could not put file file-0-25930e3036f13852cb0b29694bbab611-nt/nt.44.nsq, not enough disk space (974099786 bytes needed)
2019/11/22 19:18:26.53 #|1574450306.532644025|00#| work_queue_worker[1] wq: cleaning workspace /tmp/worker-0-1
2019/11/22 19:18:26.58 #|1574450306.588090846|00#| work_queue_worker[1] wq: disconnecting from master 10.0.101.17:1026
2019/11/22 19:18:26.58 #|1574450306.588281608|00#| work_queue_worker[1] tcp: disconnected from 10.0.101.17 port 1026
2019/11/22 19:18:26.58 #|1574450306.588296158|00#| work_queue_worker[1] wq: killing all outstanding tasks
2019/11/22 19:18:26.58 #|1574450306.588307463|00#| work_queue_worker[1] wq: all data structures are clean
2019/11/22 19:18:32.58 #|1574450312.588730563|00#| work_queue_worker[1] debug: error reading disk usage on directory: ./cache.
2019/11/22 19:18:32.58 #|1574450312.588784192|00#| work_queue_worker[1] tcp: connecting to 10.0.101.17 port 1026
2019/11/22 19:18:32.58 #|1574450312.588934172|00#| work_queue_worker[1] tcp: made connection to 10.0.101.17 port 1026
2019/11/22 19:18:32.58 #|1574450312.588953515|00#| work_queue_worker[1] wq: connected to master master:1026 via local address 10.0.101.9:36434
2019/11/22 19:18:32.58 #|1574450312.588968809|00#| work_queue_worker[1] wq: preparing workspace /tmp/worker-0-1
2019/11/22 19:18:32.58 #|1574450312.589087956|00#| work_queue_worker[1] dns: finding my hostname: uname = bfc2065f841e, address = 10.0.101.9, hostname = bfc2065f841e
2019/11/22 19:18:32.58 #|1574450312.589100879|00#| work_queue_worker[1] wq: tx to master: workqueue 8 bfc2065f841e Linux x86_64 8.0.0
2019/11/22 19:18:32.58 #|1574450312.589146488|00#| work_queue_worker[1] wq: tx to master: info worker-id worker-f9cd0bf97dbb490ed4296123d1c7b0d3
2019/11/22 19:18:32.58 #|1574450312.589184752|00#| work_queue_worker[1] wq: tx to master: alive
2019/11/22 19:18:32.58 #|1574450312.589231214|00#| work_queue_worker[1] wq: Sending resource description to master:
2019/11/22 19:18:32.58 #|1574450312.589244319|00#| work_queue_worker[1] wq:  workers      0 inuse      1 total      1 smallest      1 largest
2019/11/22 19:18:32.58 #|1574450312.589281066|00#| work_queue_worker[1] wq:     disk      0 inuse   1094 total   1094 smallest   1094 largest
2019/11/22 19:18:32.58 #|1574450312.589315857|00#| work_queue_worker[1] wq:   memory      0 inuse  11908 total  11908 smallest  11908 largest
2019/11/22 19:18:32.58 #|1574450312.589349799|00#| work_queue_worker[1] wq:     gpus      0 inuse      0 total      0 smallest      0 largest
2019/11/22 19:18:32.58 #|1574450312.589383304|00#| work_queue_worker[1] wq:    cores      0 inuse      1 total      1 smallest      1 largest
2019/11/22 19:18:32.58 #|1574450312.589432560|00#| work_queue_worker[1] wq: tx to master: info end_of_resource_update 0
2019/11/22 19:18:32.58 #|1574450312.589480357|00#| work_queue_worker[1] wq: tx to master: info tasks_running 0
2019/11/22 19:18:32.58 #|1574450312.589496558|00#| work_queue_worker[1] wq: working for master at 10.0.101.17:1026.
2019/11/22 19:20:20.05 #|1574450420.58711597|00#| work_queue_worker[1] wq: Failed to read from master.
2019/11/22 19:20:20.05 #|1574450420.58763313|00#| work_queue_worker[1] wq: cleaning workspace /tmp/worker-0-1
2019/11/22 19:20:20.05 #|1574450420.58922849|00#| work_queue_worker[1] wq: disconnecting from master 10.0.101.17:1026
2019/11/22 19:20:20.05 #|1574450420.58948603|00#| work_queue_worker[1] tcp: disconnected from 10.0.101.17 port 1026
2019/11/22 19:20:20.05 #|1574450420.58958197|00#| work_queue_worker[1] wq: killing all outstanding tasks
2019/11/22 19:20:20.05 #|1574450420.58968327|00#| work_queue_worker[1] wq: all data structures are clean
2019/11/22 19:20:26.05 #|1574450426.59397018|00#| work_queue_worker[1] debug: error reading disk usage on directory: ./cache.
2019/11/22 19:20:26.05 #|1574450426.59446534|00#| work_queue_worker[1] tcp: connecting to 10.0.101.17 port 1026
2019/11/22 19:20:26.05 #|1574450426.59589302|00#| work_queue_worker[1] tcp: made connection to 10.0.101.17 port 1026
2019/11/22 19:20:26.05 #|1574450426.59607778|00#| work_queue_worker[1] wq: connected to master master:1026 via local address 10.0.101.9:36458
2019/11/22 19:20:26.05 #|1574450426.59617263|00#| work_queue_worker[1] wq: preparing workspace /tmp/worker-0-1
2019/11/22 19:20:26.05 #|1574450426.59732997|00#| work_queue_worker[1] dns: finding my hostname: uname = bfc2065f841e, address = 10.0.101.9, hostname = bfc2065f841e
2019/11/22 19:20:26.05 #|1574450426.59746682|00#| work_queue_worker[1] wq: tx to master: workqueue 8 bfc2065f841e Linux x86_64 8.0.0
2019/11/22 19:20:26.05 #|1574450426.59794792|00#| work_queue_worker[1] wq: tx to master: info worker-id worker-f9cd0bf97dbb490ed4296123d1c7b0d3
2019/11/22 19:20:26.05 #|1574450426.59844591|00#| work_queue_worker[1] wq: tx to master: alive
2019/11/22 19:20:26.05 #|1574450426.59881613|00#| work_queue_worker[1] wq: Sending resource description to master:
2019/11/22 19:20:26.05 #|1574450426.59893288|00#| work_queue_worker[1] wq:  workers      0 inuse      1 total      1 smallest      1 largest
2019/11/22 19:20:26.05 #|1574450426.59927902|00#| work_queue_worker[1] wq:     disk      0 inuse   1031 total   1031 smallest   1031 largest
2019/11/22 19:20:26.05 #|1574450426.59964326|00#| work_queue_worker[1] wq:   memory      0 inuse  11908 total  11908 smallest  11908 largest
2019/11/22 19:20:26.05 #|1574450426.60000329|00#| work_queue_worker[1] wq:     gpus      0 inuse      0 total      0 smallest      0 largest
2019/11/22 19:20:26.06 #|1574450426.60036318|00#| work_queue_worker[1] wq:    cores      0 inuse      1 total      1 smallest      1 largest
2019/11/22 19:20:26.06 #|1574450426.60089395|00#| work_queue_worker[1] wq: tx to master: info end_of_resource_update 0
2019/11/22 19:20:26.06 #|1574450426.60125543|00#| work_queue_worker[1] wq: tx to master: info tasks_running 0
2019/11/22 19:20:26.06 #|1574450426.60140833|00#| work_queue_worker[1] wq: working for master at 10.0.101.17:1026.
2019/11/22 19:26:26.23 #|1574450786.238935565|00#| work_queue_worker[1] wq: rx from master: put file-0-25930e3036f13852cb0b29694bbab611-nt/taxdb.bti 14920392 0644 1
2019/11/22 19:26:26.23 #|1574450786.238986004|00#| work_queue_worker[1] wq: Putting file file-0-25930e3036f13852cb0b29694bbab611-nt/taxdb.bti into workspace
2019/11/22 19:26:26.26 #|1574450786.262196758|00#| work_queue_worker[1] wq: rx from master: put file-0-25930e3036f13852cb0b29694bbab611-nt/nt.nal 752 0644 1
2019/11/22 19:26:26.26 #|1574450786.262232653|00#| work_queue_worker[1] wq: Putting file file-0-25930e3036f13852cb0b29694bbab611-nt/nt.nal into workspace
2019/11/22 19:26:26.26 #|1574450786.262315380|00#| work_queue_worker[1] wq: rx from master: put file-0-25930e3036f13852cb0b29694bbab611-nt/nt.44.nni 27220 0644 1
2019/11/22 19:26:26.26 #|1574450786.262338051|00#| work_queue_worker[1] wq: Putting file file-0-25930e3036f13852cb0b29694bbab611-nt/nt.44.nni into workspace
2019/11/22 19:26:26.26 #|1574450786.262460009|00#| work_queue_worker[1] wq: rx from master: put file-0-25930e3036f13852cb0b29694bbab611-nt/nt.44.nog 3378248 0644 1
2019/11/22 19:26:26.26 #|1574450786.262486753|00#| work_queue_worker[1] wq: Putting file file-0-25930e3036f13852cb0b29694bbab611-nt/nt.44.nog into workspace
2019/11/22 19:26:26.26 #|1574450786.266931765|00#| work_queue_worker[1] wq: rx from master: put file-0-25930e3036f13852cb0b29694bbab611-nt/taxdb.btd 141628361 0644 1
2019/11/22 19:26:26.26 #|1574450786.266964692|00#| work_queue_worker[1] wq: Putting file file-0-25930e3036f13852cb0b29694bbab611-nt/taxdb.btd into workspace
2019/11/22 19:26:26.45 #|1574450786.455723428|00#| work_queue_worker[1] wq: rx from master: put file-0-25930e3036f13852cb0b29694bbab611-nt/nt.44.nhr 148534336 0644 1
2019/11/22 19:26:26.45 #|1574450786.455769013|00#| work_queue_worker[1] wq: Putting file file-0-25930e3036f13852cb0b29694bbab611-nt/nt.44.nhr into workspace
2019/11/22 19:26:26.65 #|1574450786.653260096|00#| work_queue_worker[1] wq: rx from master: put file-0-25930e3036f13852cb0b29694bbab611-nt/nt.44.nhi 338004 0644 1
2019/11/22 19:26:26.65 #|1574450786.653305157|00#| work_queue_worker[1] wq: Putting file file-0-25930e3036f13852cb0b29694bbab611-nt/nt.44.nhi into workspace
2019/11/22 19:26:26.65 #|1574450786.653874212|00#| work_queue_worker[1] wq: rx from master: put file-0-25930e3036f13852cb0b29694bbab611-nt/nt.44.nnd 6955488 0644 1
2019/11/22 19:26:26.65 #|1574450786.653899433|00#| work_queue_worker[1] wq: Putting file file-0-25930e3036f13852cb0b29694bbab611-nt/nt.44.nnd into workspace
2019/11/22 19:26:26.66 #|1574450786.663184897|00#| work_queue_worker[1] wq: rx from master: put file-0-25930e3036f13852cb0b29694bbab611-nt/nt.44.nhd 14869748 0644 1
2019/11/22 19:26:26.66 #|1574450786.663232061|00#| work_queue_worker[1] wq: Putting file file-0-25930e3036f13852cb0b29694bbab611-nt/nt.44.nhd into workspace
2019/11/22 19:26:26.68 #|1574450786.683158950|00#| work_queue_worker[1] wq: rx from master: put file-0-25930e3036f13852cb0b29694bbab611-nt/nt.44.nsq 974099786 0644 1
2019/11/22 19:26:26.68 #|1574450786.683205175|00#| work_queue_worker[1] wq: Putting file file-0-25930e3036f13852cb0b29694bbab611-nt/nt.44.nsq into workspace
2019/11/22 19:26:26.68 #|1574450786.683219663|00#| work_queue_worker[1] debug: File of size 928 MB will lower available disk space (879 MB) below threshold (0 MB).
2019/11/22 19:26:26.68 #|1574450786.683228666|00#| work_queue_worker[1] wq: Could not put file file-0-25930e3036f13852cb0b29694bbab611-nt/nt.44.nsq, not enough disk space (974099786 bytes needed)
2019/11/22 19:26:26.68 #|1574450786.683240567|00#| work_queue_worker[1] wq: cleaning workspace /tmp/worker-0-1
2019/11/22 19:26:26.73 #|1574450786.739939716|00#| work_queue_worker[1] wq: disconnecting from master 10.0.101.17:1026
2019/11/22 19:26:26.74 #|1574450786.740127573|00#| work_queue_worker[1] tcp: disconnected from 10.0.101.17 port 1026
2019/11/22 19:26:26.74 #|1574450786.740141959|00#| work_queue_worker[1] wq: killing all outstanding tasks
2019/11/22 19:26:26.74 #|1574450786.740152575|00#| work_queue_worker[1] wq: all data structures are clean
2019/11/22 19:26:32.74 #|1574450792.740617742|00#| work_queue_worker[1] debug: error reading disk usage on directory: ./cache.
2019/11/22 19:26:32.74 #|1574450792.740662324|00#| work_queue_worker[1] dns: looking up name master
2019/11/22 19:26:32.74 #|1574450792.741026430|00#| work_queue_worker[1] dns: master is 10.0.101.17
2019/11/22 19:26:32.74 #|1574450792.741056198|00#| work_queue_worker[1] tcp: connecting to 10.0.101.17 port 1026
2019/11/22 19:26:32.74 #|1574450792.741227205|00#| work_queue_worker[1] tcp: made connection to 10.0.101.17 port 1026
2019/11/22 19:26:32.74 #|1574450792.741250812|00#| work_queue_worker[1] wq: connected to master master:1026 via local address 10.0.101.9:36544
2019/11/22 19:26:32.74 #|1574450792.741264470|00#| work_queue_worker[1] wq: preparing workspace /tmp/worker-0-1
2019/11/22 19:26:32.74 #|1574450792.741420670|00#| work_queue_worker[1] dns: looking up name bfc2065f841e
2019/11/22 19:26:32.74 #|1574450792.741463138|00#| work_queue_worker[1] dns: bfc2065f841e is 10.0.101.9
2019/11/22 19:26:32.74 #|1574450792.741478720|00#| work_queue_worker[1] dns: looking up addr 10.0.101.9
2019/11/22 19:26:32.74 #|1574450792.741509310|00#| work_queue_worker[1] dns: 10.0.101.9 is bfc2065f841e
2019/11/22 19:26:32.74 #|1574450792.741524264|00#| work_queue_worker[1] dns: finding my hostname: uname = bfc2065f841e, address = 10.0.101.9, hostname = bfc2065f841e
2019/11/22 19:26:32.74 #|1574450792.741538256|00#| work_queue_worker[1] wq: tx to master: workqueue 8 bfc2065f841e Linux x86_64 8.0.0
2019/11/22 19:26:32.74 #|1574450792.741624635|00#| work_queue_worker[1] wq: tx to master: info worker-id worker-f9cd0bf97dbb490ed4296123d1c7b0d3
2019/11/22 19:26:32.74 #|1574450792.741698897|00#| work_queue_worker[1] wq: tx to master: alive
2019/11/22 19:26:32.74 #|1574450792.741767294|00#| work_queue_worker[1] wq: Sending resource description to master:
2019/11/22 19:26:32.74 #|1574450792.741784736|00#| work_queue_worker[1] wq:  workers      0 inuse      1 total      1 smallest      1 largest
2019/11/22 19:26:32.74 #|1574450792.741855791|00#| work_queue_worker[1] wq:     disk      0 inuse   1109 total   1109 smallest   1109 largest
2019/11/22 19:26:32.74 #|1574450792.741929843|00#| work_queue_worker[1] wq:   memory      0 inuse  11908 total  11908 smallest  11908 largest
2019/11/22 19:26:32.74 #|1574450792.742001722|00#| work_queue_worker[1] wq:     gpus      0 inuse      0 total      0 smallest      0 largest
2019/11/22 19:26:32.74 #|1574450792.742071092|00#| work_queue_worker[1] wq:    cores      0 inuse      1 total      1 smallest      1 largest
2019/11/22 19:26:32.74 #|1574450792.742196187|00#| work_queue_worker[1] wq: tx to master: info end_of_resource_update 0
2019/11/22 19:26:32.74 #|1574450792.742268444|00#| work_queue_worker[1] wq: tx to master: info tasks_running 0
2019/11/22 19:26:32.74 #|1574450792.742349683|00#| work_queue_worker[1] wq: working for master at 10.0.101.17:1026.
2019/11/22 19:26:32.74 #|1574450792.743717357|00#| work_queue_worker[1] wq: rx from master: put file-0-25930e3036f13852cb0b29694bbab611-nt/taxdb.bti 14920392 0644 1
2019/11/22 19:26:32.74 #|1574450792.743764114|00#| work_queue_worker[1] wq: Putting file file-0-25930e3036f13852cb0b29694bbab611-nt/taxdb.bti into workspace
2019/11/22 19:26:32.77 #|1574450792.777075120|00#| work_queue_worker[1] wq: rx from master: put file-0-25930e3036f13852cb0b29694bbab611-nt/nt.nal 752 0644 1
2019/11/22 19:26:32.77 #|1574450792.777117934|00#| work_queue_worker[1] wq: Putting file file-0-25930e3036f13852cb0b29694bbab611-nt/nt.nal into workspace
2019/11/22 19:26:32.77 #|1574450792.777205539|00#| work_queue_worker[1] wq: rx from master: put file-0-25930e3036f13852cb0b29694bbab611-nt/nt.44.nni 27220 0644 1
2019/11/22 19:26:32.77 #|1574450792.777226971|00#| work_queue_worker[1] wq: Putting file file-0-25930e3036f13852cb0b29694bbab611-nt/nt.44.nni into workspace
2019/11/22 19:26:32.77 #|1574450792.777388942|00#| work_queue_worker[1] wq: rx from master: put file-0-25930e3036f13852cb0b29694bbab611-nt/nt.44.nog 3378248 0644 1
2019/11/22 19:26:32.77 #|1574450792.777428920|00#| work_queue_worker[1] wq: Putting file file-0-25930e3036f13852cb0b29694bbab611-nt/nt.44.nog into workspace
2019/11/22 19:26:32.78 #|1574450792.783262484|00#| work_queue_worker[1] wq: rx from master: put file-0-25930e3036f13852cb0b29694bbab611-nt/taxdb.btd 141628361 0644 1
2019/11/22 19:26:32.78 #|1574450792.783306268|00#| work_queue_worker[1] wq: Putting file file-0-25930e3036f13852cb0b29694bbab611-nt/taxdb.btd into workspace
2019/11/22 19:26:32.99 #|1574450792.999876010|00#| work_queue_worker[1] wq: rx from master: put file-0-25930e3036f13852cb0b29694bbab611-nt/nt.44.nhr 148534336 0644 1
2019/11/22 19:26:32.99 #|1574450792.999920609|00#| work_queue_worker[1] wq: Putting file file-0-25930e3036f13852cb0b29694bbab611-nt/nt.44.nhr into workspace
2019/11/22 19:26:33.22 #|1574450793.224425157|00#| work_queue_worker[1] wq: rx from master: put file-0-25930e3036f13852cb0b29694bbab611-nt/nt.44.nhi 338004 0644 1
2019/11/22 19:26:33.22 #|1574450793.224489355|00#| work_queue_worker[1] wq: Putting file file-0-25930e3036f13852cb0b29694bbab611-nt/nt.44.nhi into workspace
2019/11/22 19:26:33.22 #|1574450793.225043005|00#| work_queue_worker[1] wq: rx from master: put file-0-25930e3036f13852cb0b29694bbab611-nt/nt.44.nnd 6955488 0644 1
2019/11/22 19:26:33.22 #|1574450793.225067758|00#| work_queue_worker[1] wq: Putting file file-0-25930e3036f13852cb0b29694bbab611-nt/nt.44.nnd into workspace
2019/11/22 19:26:33.23 #|1574450793.235928106|00#| work_queue_worker[1] wq: rx from master: put file-0-25930e3036f13852cb0b29694bbab611-nt/nt.44.nhd 14869748 0644 1
2019/11/22 19:26:33.23 #|1574450793.235972395|00#| work_queue_worker[1] wq: Putting file file-0-25930e3036f13852cb0b29694bbab611-nt/nt.44.nhd into workspace
2019/11/22 19:26:33.25 #|1574450793.258482340|00#| work_queue_worker[1] wq: rx from master: put file-0-25930e3036f13852cb0b29694bbab611-nt/nt.44.nsq 974099786 0644 1
2019/11/22 19:26:33.25 #|1574450793.258566885|00#| work_queue_worker[1] wq: Putting file file-0-25930e3036f13852cb0b29694bbab611-nt/nt.44.nsq into workspace
2019/11/22 19:26:33.25 #|1574450793.258584204|00#| work_queue_worker[1] debug: File of size 928 MB will lower available disk space (879 MB) below threshold (0 MB).
2019/11/22 19:26:33.25 #|1574450793.258593144|00#| work_queue_worker[1] wq: Could not put file file-0-25930e3036f13852cb0b29694bbab611-nt/nt.44.nsq, not enough disk space (974099786 bytes needed)
2019/11/22 19:26:33.25 #|1574450793.258605083|00#| work_queue_worker[1] wq: cleaning workspace /tmp/worker-0-1
2019/11/22 19:26:33.31 #|1574450793.314358364|00#| work_queue_worker[1] wq: disconnecting from master 10.0.101.17:1026
2019/11/22 19:26:33.31 #|1574450793.314622364|00#| work_queue_worker[1] tcp: disconnected from 10.0.101.17 port 1026
2019/11/22 19:26:33.31 #|1574450793.314640305|00#| work_queue_worker[1] wq: killing all outstanding tasks
2019/11/22 19:26:33.31 #|1574450793.314669781|00#| work_queue_worker[1] wq: all data structures are clean
2019/11/22 19:26:39.31 #|1574450799.315085539|00#| work_queue_worker[1] debug: error reading disk usage on directory: ./cache.
2019/11/22 19:26:39.31 #|1574450799.315136839|00#| work_queue_worker[1] tcp: connecting to 10.0.101.17 port 1026
2019/11/22 19:26:39.31 #|1574450799.315323941|00#| work_queue_worker[1] tcp: made connection to 10.0.101.17 port 1026
2019/11/22 19:26:39.31 #|1574450799.315342185|00#| work_queue_worker[1] wq: connected to master master:1026 via local address 10.0.101.9:36556
2019/11/22 19:26:39.31 #|1574450799.315351636|00#| work_queue_worker[1] wq: preparing workspace /tmp/worker-0-1
2019/11/22 19:26:39.31 #|1574450799.315467616|00#| work_queue_worker[1] dns: finding my hostname: uname = bfc2065f841e, address = 10.0.101.9, hostname = bfc2065f841e
2019/11/22 19:26:39.31 #|1574450799.315480759|00#| work_queue_worker[1] wq: tx to master: workqueue 8 bfc2065f841e Linux x86_64 8.0.0
2019/11/22 19:26:39.31 #|1574450799.315542382|00#| work_queue_worker[1] wq: tx to master: info worker-id worker-f9cd0bf97dbb490ed4296123d1c7b0d3
2019/11/22 19:26:39.31 #|1574450799.315595528|00#| work_queue_worker[1] wq: tx to master: alive
2019/11/22 19:26:39.31 #|1574450799.315644396|00#| work_queue_worker[1] wq: Sending resource description to master:
2019/11/22 19:26:39.31 #|1574450799.315656389|00#| work_queue_worker[1] wq:  workers      0 inuse      1 total      1 smallest      1 largest
2019/11/22 19:26:39.31 #|1574450799.315702448|00#| work_queue_worker[1] wq:     disk      0 inuse   1094 total   1094 smallest   1094 largest
2019/11/22 19:26:39.31 #|1574450799.315751023|00#| work_queue_worker[1] wq:   memory      0 inuse  11908 total  11908 smallest  11908 largest
2019/11/22 19:26:39.31 #|1574450799.315799374|00#| work_queue_worker[1] wq:     gpus      0 inuse      0 total      0 smallest      0 largest
2019/11/22 19:26:39.31 #|1574450799.315847820|00#| work_queue_worker[1] wq:    cores      0 inuse      1 total      1 smallest      1 largest
2019/11/22 19:26:39.31 #|1574450799.315924682|00#| work_queue_worker[1] wq: tx to master: info end_of_resource_update 0
2019/11/22 19:26:39.31 #|1574450799.315974244|00#| work_queue_worker[1] wq: tx to master: info tasks_running 0
2019/11/22 19:26:39.31 #|1574450799.316022114|00#| work_queue_worker[1] wq: working for master at 10.0.101.17:1026.
2019/11/22 19:26:39.31 #|1574450799.317327308|00#| work_queue_worker[1] wq: rx from master: put file-0-25930e3036f13852cb0b29694bbab611-nt/taxdb.bti 14920392 0644 1
2019/11/22 19:26:39.31 #|1574450799.317367146|00#| work_queue_worker[1] wq: Putting file file-0-25930e3036f13852cb0b29694bbab611-nt/taxdb.bti into workspace
2019/11/22 19:26:39.33 #|1574450799.337480048|00#| work_queue_worker[1] wq: rx from master: put file-0-25930e3036f13852cb0b29694bbab611-nt/nt.nal 752 0644 1
2019/11/22 19:26:39.33 #|1574450799.337521507|00#| work_queue_worker[1] wq: Putting file file-0-25930e3036f13852cb0b29694bbab611-nt/nt.nal into workspace
2019/11/22 19:26:39.33 #|1574450799.337610025|00#| work_queue_worker[1] wq: rx from master: put file-0-25930e3036f13852cb0b29694bbab611-nt/nt.44.nni 27220 0644 1
2019/11/22 19:26:39.33 #|1574450799.337630982|00#| work_queue_worker[1] wq: Putting file file-0-25930e3036f13852cb0b29694bbab611-nt/nt.44.nni into workspace
2019/11/22 19:26:39.33 #|1574450799.337819100|00#| work_queue_worker[1] wq: rx from master: put file-0-25930e3036f13852cb0b29694bbab611-nt/nt.44.nog 3378248 0644 1
2019/11/22 19:26:39.33 #|1574450799.337845068|00#| work_queue_worker[1] wq: Putting file file-0-25930e3036f13852cb0b29694bbab611-nt/nt.44.nog into workspace
2019/11/22 19:26:39.34 #|1574450799.342585315|00#| work_queue_worker[1] wq: rx from master: put file-0-25930e3036f13852cb0b29694bbab611-nt/taxdb.btd 141628361 0644 1
2019/11/22 19:26:39.34 #|1574450799.342627709|00#| work_queue_worker[1] wq: Putting file file-0-25930e3036f13852cb0b29694bbab611-nt/taxdb.btd into workspace
2019/11/22 19:26:39.52 #|1574450799.525292708|00#| work_queue_worker[1] wq: rx from master: put file-0-25930e3036f13852cb0b29694bbab611-nt/nt.44.nhr 148534336 0644 1
2019/11/22 19:26:39.52 #|1574450799.525336450|00#| work_queue_worker[1] wq: Putting file file-0-25930e3036f13852cb0b29694bbab611-nt/nt.44.nhr into workspace
2019/11/22 19:26:39.71 #|1574450799.716727233|00#| work_queue_worker[1] wq: rx from master: put file-0-25930e3036f13852cb0b29694bbab611-nt/nt.44.nhi 338004 0644 1
2019/11/22 19:26:39.71 #|1574450799.716774879|00#| work_queue_worker[1] wq: Putting file file-0-25930e3036f13852cb0b29694bbab611-nt/nt.44.nhi into workspace
2019/11/22 19:26:39.71 #|1574450799.717309845|00#| work_queue_worker[1] wq: rx from master: put file-0-25930e3036f13852cb0b29694bbab611-nt/nt.44.nnd 6955488 0644 1
2019/11/22 19:26:39.71 #|1574450799.717333549|00#| work_queue_worker[1] wq: Putting file file-0-25930e3036f13852cb0b29694bbab611-nt/nt.44.nnd into workspace
2019/11/22 19:26:39.72 #|1574450799.726324628|00#| work_queue_worker[1] wq: rx from master: put file-0-25930e3036f13852cb0b29694bbab611-nt/nt.44.nhd 14869748 0644 1
2019/11/22 19:26:39.72 #|1574450799.726368816|00#| work_queue_worker[1] wq: Putting file file-0-25930e3036f13852cb0b29694bbab611-nt/nt.44.nhd into workspace
2019/11/22 19:26:39.74 #|1574450799.745468448|00#| work_queue_worker[1] wq: rx from master: put file-0-25930e3036f13852cb0b29694bbab611-nt/nt.44.nsq 974099786 0644 1
2019/11/22 19:26:39.74 #|1574450799.745511699|00#| work_queue_worker[1] wq: Putting file file-0-25930e3036f13852cb0b29694bbab611-nt/nt.44.nsq into workspace
2019/11/22 19:26:39.74 #|1574450799.745525915|00#| work_queue_worker[1] debug: File of size 928 MB will lower available disk space (879 MB) below threshold (0 MB).
2019/11/22 19:26:39.74 #|1574450799.745534617|00#| work_queue_worker[1] wq: Could not put file file-0-25930e3036f13852cb0b29694bbab611-nt/nt.44.nsq, not enough disk space (974099786 bytes needed)
2019/11/22 19:26:39.74 #|1574450799.745546167|00#| work_queue_worker[1] wq: cleaning workspace /tmp/worker-0-1
2019/11/22 19:26:39.80 #|1574450799.801070155|00#| work_queue_worker[1] wq: disconnecting from master 10.0.101.17:1026
2019/11/22 19:26:39.80 #|1574450799.801251966|00#| work_queue_worker[1] tcp: disconnected from 10.0.101.17 port 1026
2019/11/22 19:26:39.80 #|1574450799.801266218|00#| work_queue_worker[1] wq: killing all outstanding tasks
2019/11/22 19:26:39.80 #|1574450799.801276940|00#| work_queue_worker[1] wq: all data structures are clean
2019/11/22 19:26:45.80 #|1574450805.801706576|00#| work_queue_worker[1] debug: error reading disk usage on directory: ./cache.
2019/11/22 19:26:45.80 #|1574450805.801756970|00#| work_queue_worker[1] tcp: connecting to 10.0.101.17 port 1026
2019/11/22 19:26:45.80 #|1574450805.801946561|00#| work_queue_worker[1] tcp: made connection to 10.0.101.17 port 1026
2019/11/22 19:26:45.80 #|1574450805.801964865|00#| work_queue_worker[1] wq: connected to master master:1026 via local address 10.0.101.9:36570
2019/11/22 19:26:45.80 #|1574450805.801974131|00#| work_queue_worker[1] wq: preparing workspace /tmp/worker-0-1
2019/11/22 19:26:45.80 #|1574450805.802089303|00#| work_queue_worker[1] dns: finding my hostname: uname = bfc2065f841e, address = 10.0.101.9, hostname = bfc2065f841e
2019/11/22 19:26:45.80 #|1574450805.802102403|00#| work_queue_worker[1] wq: tx to master: workqueue 8 bfc2065f841e Linux x86_64 8.0.0
2019/11/22 19:26:45.80 #|1574450805.802164626|00#| work_queue_worker[1] wq: tx to master: info worker-id worker-f9cd0bf97dbb490ed4296123d1c7b0d3
2019/11/22 19:26:45.80 #|1574450805.802217586|00#| work_queue_worker[1] wq: tx to master: alive
2019/11/22 19:26:45.80 #|1574450805.802265328|00#| work_queue_worker[1] wq: Sending resource description to master:
2019/11/22 19:26:45.80 #|1574450805.802277597|00#| work_queue_worker[1] wq:  workers      0 inuse      1 total      1 smallest      1 largest
2019/11/22 19:26:45.80 #|1574450805.802324371|00#| work_queue_worker[1] wq:     disk      0 inuse   1094 total   1094 smallest   1094 largest
2019/11/22 19:26:45.80 #|1574450805.802373193|00#| work_queue_worker[1] wq:   memory      0 inuse  11908 total  11908 smallest  11908 largest
2019/11/22 19:26:45.80 #|1574450805.802436842|00#| work_queue_worker[1] wq:     gpus      0 inuse      0 total      0 smallest      0 largest
2019/11/22 19:26:45.80 #|1574450805.802485763|00#| work_queue_worker[1] wq:    cores      0 inuse      1 total      1 smallest      1 largest
2019/11/22 19:26:45.80 #|1574450805.802590525|00#| work_queue_worker[1] wq: tx to master: info end_of_resource_update 0
2019/11/22 19:26:45.80 #|1574450805.802642402|00#| work_queue_worker[1] wq: tx to master: info tasks_running 0
2019/11/22 19:26:45.80 #|1574450805.802691512|00#| work_queue_worker[1] wq: working for master at 10.0.101.17:1026.
2019/11/22 19:26:45.80 #|1574450805.803740017|00#| work_queue_worker[1] wq: rx from master: put file-0-25930e3036f13852cb0b29694bbab611-nt/taxdb.bti 14920392 0644 1
2019/11/22 19:26:45.80 #|1574450805.803780551|00#| work_queue_worker[1] wq: Putting file file-0-25930e3036f13852cb0b29694bbab611-nt/taxdb.bti into workspace
2019/11/22 19:26:45.82 #|1574450805.823929502|00#| work_queue_worker[1] wq: rx from master: put file-0-25930e3036f13852cb0b29694bbab611-nt/nt.nal 752 0644 1
2019/11/22 19:26:45.82 #|1574450805.823971363|00#| work_queue_worker[1] wq: Putting file file-0-25930e3036f13852cb0b29694bbab611-nt/nt.nal into workspace
2019/11/22 19:26:45.82 #|1574450805.824062130|00#| work_queue_worker[1] wq: rx from master: put file-0-25930e3036f13852cb0b29694bbab611-nt/nt.44.nni 27220 0644 1
2019/11/22 19:26:45.82 #|1574450805.824083310|00#| work_queue_worker[1] wq: Putting file file-0-25930e3036f13852cb0b29694bbab611-nt/nt.44.nni into workspace
2019/11/22 19:26:45.82 #|1574450805.824279431|00#| work_queue_worker[1] wq: rx from master: put file-0-25930e3036f13852cb0b29694bbab611-nt/nt.44.nog 3378248 0644 1
2019/11/22 19:26:45.82 #|1574450805.824305477|00#| work_queue_worker[1] wq: Putting file file-0-25930e3036f13852cb0b29694bbab611-nt/nt.44.nog into workspace
2019/11/22 19:26:45.82 #|1574450805.829214298|00#| work_queue_worker[1] wq: rx from master: put file-0-25930e3036f13852cb0b29694bbab611-nt/taxdb.btd 141628361 0644 1
2019/11/22 19:26:45.82 #|1574450805.829256731|00#| work_queue_worker[1] wq: Putting file file-0-25930e3036f13852cb0b29694bbab611-nt/taxdb.btd into workspace
2019/11/22 19:26:46.01 #|1574450806.12130218|00#| work_queue_worker[1] wq: rx from master: put file-0-25930e3036f13852cb0b29694bbab611-nt/nt.44.nhr 148534336 0644 1
2019/11/22 19:26:46.01 #|1574450806.12178112|00#| work_queue_worker[1] wq: Putting file file-0-25930e3036f13852cb0b29694bbab611-nt/nt.44.nhr into workspace
2019/11/22 19:26:46.20 #|1574450806.204513539|00#| work_queue_worker[1] wq: rx from master: put file-0-25930e3036f13852cb0b29694bbab611-nt/nt.44.nhi 338004 0644 1
2019/11/22 19:26:46.20 #|1574450806.204559419|00#| work_queue_worker[1] wq: Putting file file-0-25930e3036f13852cb0b29694bbab611-nt/nt.44.nhi into workspace
2019/11/22 19:26:46.20 #|1574450806.205099282|00#| work_queue_worker[1] wq: rx from master: put file-0-25930e3036f13852cb0b29694bbab611-nt/nt.44.nnd 6955488 0644 1
2019/11/22 19:26:46.20 #|1574450806.205123527|00#| work_queue_worker[1] wq: Putting file file-0-25930e3036f13852cb0b29694bbab611-nt/nt.44.nnd into workspace
2019/11/22 19:26:46.21 #|1574450806.214014204|00#| work_queue_worker[1] wq: rx from master: put file-0-25930e3036f13852cb0b29694bbab611-nt/nt.44.nhd 14869748 0644 1
2019/11/22 19:26:46.21 #|1574450806.214057688|00#| work_queue_worker[1] wq: Putting file file-0-25930e3036f13852cb0b29694bbab611-nt/nt.44.nhd into workspace
2019/11/22 19:26:46.23 #|1574450806.233091291|00#| work_queue_worker[1] wq: rx from master: put file-0-25930e3036f13852cb0b29694bbab611-nt/nt.44.nsq 974099786 0644 1
2019/11/22 19:26:46.23 #|1574450806.233135964|00#| work_queue_worker[1] wq: Putting file file-0-25930e3036f13852cb0b29694bbab611-nt/nt.44.nsq into workspace
2019/11/22 19:26:46.23 #|1574450806.233150122|00#| work_queue_worker[1] debug: File of size 928 MB will lower available disk space (879 MB) below threshold (0 MB).
2019/11/22 19:26:46.23 #|1574450806.233166484|00#| work_queue_worker[1] wq: Could not put file file-0-25930e3036f13852cb0b29694bbab611-nt/nt.44.nsq, not enough disk space (974099786 bytes needed)
2019/11/22 19:26:46.23 #|1574450806.233178316|00#| work_queue_worker[1] wq: cleaning workspace /tmp/worker-0-1
2019/11/22 19:26:46.28 #|1574450806.288637741|00#| work_queue_worker[1] wq: disconnecting from master 10.0.101.17:1026
2019/11/22 19:26:46.28 #|1574450806.288828205|00#| work_queue_worker[1] tcp: disconnected from 10.0.101.17 port 1026
2019/11/22 19:26:46.28 #|1574450806.288842545|00#| work_queue_worker[1] wq: killing all outstanding tasks
2019/11/22 19:26:46.28 #|1574450806.288853471|00#| work_queue_worker[1] wq: all data structures are clean
2019/11/22 19:26:52.28 #|1574450812.289401505|00#| work_queue_worker[1] debug: error reading disk usage on directory: ./cache.
2019/11/22 19:26:52.28 #|1574450812.289465245|00#| work_queue_worker[1] tcp: connecting to 10.0.101.17 port 1026
2019/11/22 19:26:52.28 #|1574450812.289706063|00#| work_queue_worker[1] tcp: made connection to 10.0.101.17 port 1026
2019/11/22 19:26:52.28 #|1574450812.289731392|00#| work_queue_worker[1] wq: connected to master master:1026 via local address 10.0.101.9:36584
2019/11/22 19:26:52.28 #|1574450812.289745665|00#| work_queue_worker[1] wq: preparing workspace /tmp/worker-0-1
2019/11/22 19:26:52.28 #|1574450812.289900508|00#| work_queue_worker[1] dns: finding my hostname: uname = bfc2065f841e, address = 10.0.101.9, hostname = bfc2065f841e
2019/11/22 19:26:52.28 #|1574450812.289919035|00#| work_queue_worker[1] wq: tx to master: workqueue 8 bfc2065f841e Linux x86_64 8.0.0
2019/11/22 19:26:52.28 #|1574450812.290002696|00#| work_queue_worker[1] wq: tx to master: info worker-id worker-f9cd0bf97dbb490ed4296123d1c7b0d3
2019/11/22 19:26:52.29 #|1574450812.290078197|00#| work_queue_worker[1] wq: tx to master: alive
2019/11/22 19:26:52.29 #|1574450812.290149561|00#| work_queue_worker[1] wq: Sending resource description to master:
2019/11/22 19:26:52.29 #|1574450812.290166338|00#| work_queue_worker[1] wq:  workers      0 inuse      1 total      1 smallest      1 largest
2019/11/22 19:26:52.29 #|1574450812.290236458|00#| work_queue_worker[1] wq:     disk      0 inuse    984 total    984 smallest    984 largest
2019/11/22 19:26:52.29 #|1574450812.290308896|00#| work_queue_worker[1] wq:   memory      0 inuse  11908 total  11908 smallest  11908 largest
2019/11/22 19:26:52.29 #|1574450812.290380655|00#| work_queue_worker[1] wq:     gpus      0 inuse      0 total      0 smallest      0 largest
2019/11/22 19:26:52.29 #|1574450812.290452578|00#| work_queue_worker[1] wq:    cores      0 inuse      1 total      1 smallest      1 largest
2019/11/22 19:26:52.29 #|1574450812.290603692|00#| work_queue_worker[1] wq: tx to master: info end_of_resource_update 0
2019/11/22 19:26:52.29 #|1574450812.290677652|00#| work_queue_worker[1] wq: tx to master: info tasks_running 0
2019/11/22 19:26:52.29 #|1574450812.290747816|00#| work_queue_worker[1] wq: working for master at 10.0.101.17:1026.
2019/11/22 19:26:52.31 #|1574450812.310930427|00#| work_queue_worker[1] wq: rx from master: put file-0-25930e3036f13852cb0b29694bbab611-nt/taxdb.bti 14920392 0644 1
2019/11/22 19:26:52.31 #|1574450812.310969367|00#| work_queue_worker[1] wq: Putting file file-0-25930e3036f13852cb0b29694bbab611-nt/taxdb.bti into workspace
2019/11/22 19:26:52.33 #|1574450812.331561360|00#| work_queue_worker[1] wq: rx from master: put file-0-25930e3036f13852cb0b29694bbab611-nt/nt.nal 752 0644 1
2019/11/22 19:26:52.33 #|1574450812.331607416|00#| work_queue_worker[1] wq: Putting file file-0-25930e3036f13852cb0b29694bbab611-nt/nt.nal into workspace
2019/11/22 19:26:52.33 #|1574450812.331696683|00#| work_queue_worker[1] wq: rx from master: put file-0-25930e3036f13852cb0b29694bbab611-nt/nt.44.nni 27220 0644 1
2019/11/22 19:26:52.33 #|1574450812.331717923|00#| work_queue_worker[1] wq: Putting file file-0-25930e3036f13852cb0b29694bbab611-nt/nt.44.nni into workspace
2019/11/22 19:26:52.33 #|1574450812.331897323|00#| work_queue_worker[1] wq: rx from master: put file-0-25930e3036f13852cb0b29694bbab611-nt/nt.44.nog 3378248 0644 1
2019/11/22 19:26:52.33 #|1574450812.331931039|00#| work_queue_worker[1] wq: Putting file file-0-25930e3036f13852cb0b29694bbab611-nt/nt.44.nog into workspace
2019/11/22 19:26:52.33 #|1574450812.336687962|00#| work_queue_worker[1] wq: rx from master: put file-0-25930e3036f13852cb0b29694bbab611-nt/taxdb.btd 141628361 0644 1
2019/11/22 19:26:52.33 #|1574450812.336730717|00#| work_queue_worker[1] wq: Putting file file-0-25930e3036f13852cb0b29694bbab611-nt/taxdb.btd into workspace
2019/11/22 19:26:52.51 #|1574450812.518995584|00#| work_queue_worker[1] wq: rx from master: put file-0-25930e3036f13852cb0b29694bbab611-nt/nt.44.nhr 148534336 0644 1
2019/11/22 19:26:52.51 #|1574450812.519040436|00#| work_queue_worker[1] wq: Putting file file-0-25930e3036f13852cb0b29694bbab611-nt/nt.44.nhr into workspace
2019/11/22 19:26:52.70 #|1574450812.709669681|00#| work_queue_worker[1] wq: rx from master: put file-0-25930e3036f13852cb0b29694bbab611-nt/nt.44.nhi 338004 0644 1
2019/11/22 19:26:52.70 #|1574450812.709713776|00#| work_queue_worker[1] wq: Putting file file-0-25930e3036f13852cb0b29694bbab611-nt/nt.44.nhi into workspace
2019/11/22 19:26:52.71 #|1574450812.710259959|00#| work_queue_worker[1] wq: rx from master: put file-0-25930e3036f13852cb0b29694bbab611-nt/nt.44.nnd 6955488 0644 1
2019/11/22 19:26:52.71 #|1574450812.710284113|00#| work_queue_worker[1] wq: Putting file file-0-25930e3036f13852cb0b29694bbab611-nt/nt.44.nnd into workspace
2019/11/22 19:26:52.71 #|1574450812.719320415|00#| work_queue_worker[1] wq: rx from master: put file-0-25930e3036f13852cb0b29694bbab611-nt/nt.44.nhd 14869748 0644 1
2019/11/22 19:26:52.71 #|1574450812.719367371|00#| work_queue_worker[1] wq: Putting file file-0-25930e3036f13852cb0b29694bbab611-nt/nt.44.nhd into workspace
2019/11/22 19:26:52.73 #|1574450812.738453935|00#| work_queue_worker[1] wq: rx from master: put file-0-25930e3036f13852cb0b29694bbab611-nt/nt.44.nsq 974099786 0644 1
2019/11/22 19:26:52.73 #|1574450812.738500968|00#| work_queue_worker[1] wq: Putting file file-0-25930e3036f13852cb0b29694bbab611-nt/nt.44.nsq into workspace
2019/11/22 19:26:52.73 #|1574450812.738536311|00#| work_queue_worker[1] debug: File of size 928 MB will lower available disk space (878 MB) below threshold (0 MB).
2019/11/22 19:26:52.73 #|1574450812.738546689|00#| work_queue_worker[1] wq: Could not put file file-0-25930e3036f13852cb0b29694bbab611-nt/nt.44.nsq, not enough disk space (974099786 bytes needed)
2019/11/22 19:26:52.73 #|1574450812.738558590|00#| work_queue_worker[1] wq: cleaning workspace /tmp/worker-0-1
2019/11/22 19:26:52.79 #|1574450812.793938965|00#| work_queue_worker[1] wq: disconnecting from master 10.0.101.17:1026
2019/11/22 19:26:52.79 #|1574450812.794132248|00#| work_queue_worker[1] tcp: disconnected from 10.0.101.17 port 1026
2019/11/22 19:26:52.79 #|1574450812.794146439|00#| work_queue_worker[1] wq: killing all outstanding tasks
2019/11/22 19:26:52.79 #|1574450812.794157411|00#| work_queue_worker[1] wq: all data structures are clean
2019/11/22 19:26:58.79 #|1574450818.794731216|00#| work_queue_worker[1] debug: error reading disk usage on directory: ./cache.
2019/11/22 19:26:58.79 #|1574450818.794786249|00#| work_queue_worker[1] tcp: connecting to 10.0.101.17 port 1026
2019/11/22 19:26:58.79 #|1574450818.794988561|00#| work_queue_worker[1] tcp: made connection to 10.0.101.17 port 1026
2019/11/22 19:26:58.79 #|1574450818.795016244|00#| work_queue_worker[1] wq: connected to master master:1026 via local address 10.0.101.9:36596
2019/11/22 19:26:58.79 #|1574450818.795034869|00#| work_queue_worker[1] wq: preparing workspace /tmp/worker-0-1
2019/11/22 19:26:58.79 #|1574450818.795199180|00#| work_queue_worker[1] dns: finding my hostname: uname = bfc2065f841e, address = 10.0.101.9, hostname = bfc2065f841e
2019/11/22 19:26:58.79 #|1574450818.795220741|00#| work_queue_worker[1] wq: tx to master: workqueue 8 bfc2065f841e Linux x86_64 8.0.0
2019/11/22 19:26:58.79 #|1574450818.795301179|00#| work_queue_worker[1] wq: tx to master: info worker-id worker-f9cd0bf97dbb490ed4296123d1c7b0d3
2019/11/22 19:26:58.79 #|1574450818.795400027|00#| work_queue_worker[1] wq: tx to master: alive
2019/11/22 19:26:58.79 #|1574450818.795485976|00#| work_queue_worker[1] wq: Sending resource description to master:
2019/11/22 19:26:58.79 #|1574450818.795507234|00#| work_queue_worker[1] wq:  workers      0 inuse      1 total      1 smallest      1 largest
2019/11/22 19:26:58.79 #|1574450818.795590330|00#| work_queue_worker[1] wq:     disk      0 inuse    783 total    783 smallest    783 largest
2019/11/22 19:26:58.79 #|1574450818.795673127|00#| work_queue_worker[1] wq:   memory      0 inuse  11908 total  11908 smallest  11908 largest
2019/11/22 19:26:58.79 #|1574450818.795752186|00#| work_queue_worker[1] wq:     gpus      0 inuse      0 total      0 smallest      0 largest
2019/11/22 19:26:58.79 #|1574450818.795826257|00#| work_queue_worker[1] wq:    cores      0 inuse      1 total      1 smallest      1 largest
2019/11/22 19:26:58.79 #|1574450818.795962389|00#| work_queue_worker[1] wq: tx to master: info end_of_resource_update 0
2019/11/22 19:26:58.79 #|1574450818.796044368|00#| work_queue_worker[1] wq: tx to master: info tasks_running 0
2019/11/22 19:26:58.79 #|1574450818.796124161|00#| work_queue_worker[1] wq: working for master at 10.0.101.17:1026.
2019/11/22 19:26:58.85 #|1574450818.858991176|00#| work_queue_worker[1] wq: rx from master: put file-0-25930e3036f13852cb0b29694bbab611-nt/taxdb.bti 14920392 0644 1
2019/11/22 19:26:58.85 #|1574450818.859029934|00#| work_queue_worker[1] wq: Putting file file-0-25930e3036f13852cb0b29694bbab611-nt/taxdb.bti into workspace
2019/11/22 19:26:58.87 #|1574450818.879002849|00#| work_queue_worker[1] wq: rx from master: put file-0-25930e3036f13852cb0b29694bbab611-nt/nt.nal 752 0644 1
2019/11/22 19:26:58.87 #|1574450818.879043182|00#| work_queue_worker[1] wq: Putting file file-0-25930e3036f13852cb0b29694bbab611-nt/nt.nal into workspace
2019/11/22 19:26:58.87 #|1574450818.879134684|00#| work_queue_worker[1] wq: rx from master: put file-0-25930e3036f13852cb0b29694bbab611-nt/nt.44.nni 27220 0644 1
2019/11/22 19:26:58.87 #|1574450818.879156731|00#| work_queue_worker[1] wq: Putting file file-0-25930e3036f13852cb0b29694bbab611-nt/nt.44.nni into workspace
2019/11/22 19:26:58.87 #|1574450818.879411367|00#| work_queue_worker[1] wq: rx from master: put file-0-25930e3036f13852cb0b29694bbab611-nt/nt.44.nog 3378248 0644 1
2019/11/22 19:26:58.87 #|1574450818.879438148|00#| work_queue_worker[1] wq: Putting file file-0-25930e3036f13852cb0b29694bbab611-nt/nt.44.nog into workspace
2019/11/22 19:26:58.88 #|1574450818.884350075|00#| work_queue_worker[1] wq: rx from master: put file-0-25930e3036f13852cb0b29694bbab611-nt/taxdb.btd 141628361 0644 1
2019/11/22 19:26:58.88 #|1574450818.884392578|00#| work_queue_worker[1] wq: Putting file file-0-25930e3036f13852cb0b29694bbab611-nt/taxdb.btd into workspace
2019/11/22 19:26:59.06 #|1574450819.67311882|00#| work_queue_worker[1] wq: rx from master: put file-0-25930e3036f13852cb0b29694bbab611-nt/nt.44.nhr 148534336 0644 1
2019/11/22 19:26:59.06 #|1574450819.67367125|00#| work_queue_worker[1] wq: Putting file file-0-25930e3036f13852cb0b29694bbab611-nt/nt.44.nhr into workspace
2019/11/22 19:26:59.25 #|1574450819.259664427|00#| work_queue_worker[1] wq: rx from master: put file-0-25930e3036f13852cb0b29694bbab611-nt/nt.44.nhi 338004 0644 1
2019/11/22 19:26:59.25 #|1574450819.259708520|00#| work_queue_worker[1] wq: Putting file file-0-25930e3036f13852cb0b29694bbab611-nt/nt.44.nhi into workspace
2019/11/22 19:26:59.26 #|1574450819.260249647|00#| work_queue_worker[1] wq: rx from master: put file-0-25930e3036f13852cb0b29694bbab611-nt/nt.44.nnd 6955488 0644 1
2019/11/22 19:26:59.26 #|1574450819.260274134|00#| work_queue_worker[1] wq: Putting file file-0-25930e3036f13852cb0b29694bbab611-nt/nt.44.nnd into workspace
2019/11/22 19:26:59.26 #|1574450819.269437749|00#| work_queue_worker[1] wq: rx from master: put file-0-25930e3036f13852cb0b29694bbab611-nt/nt.44.nhd 14869748 0644 1
2019/11/22 19:26:59.26 #|1574450819.269486939|00#| work_queue_worker[1] wq: Putting file file-0-25930e3036f13852cb0b29694bbab611-nt/nt.44.nhd into workspace
2019/11/22 19:26:59.28 #|1574450819.288723338|00#| work_queue_worker[1] wq: rx from master: put file-0-25930e3036f13852cb0b29694bbab611-nt/nt.44.nsq 974099786 0644 1
2019/11/22 19:26:59.28 #|1574450819.288767772|00#| work_queue_worker[1] wq: Putting file file-0-25930e3036f13852cb0b29694bbab611-nt/nt.44.nsq into workspace
2019/11/22 19:26:59.28 #|1574450819.288782442|00#| work_queue_worker[1] debug: File of size 928 MB will lower available disk space (878 MB) below threshold (0 MB).
2019/11/22 19:26:59.28 #|1574450819.288791406|00#| work_queue_worker[1] wq: Could not put file file-0-25930e3036f13852cb0b29694bbab611-nt/nt.44.nsq, not enough disk space (974099786 bytes needed)
2019/11/22 19:26:59.28 #|1574450819.288802991|00#| work_queue_worker[1] wq: cleaning workspace /tmp/worker-0-1
2019/11/22 19:26:59.34 #|1574450819.344393221|00#| work_queue_worker[1] wq: disconnecting from master 10.0.101.17:1026
2019/11/22 19:26:59.34 #|1574450819.344583954|00#| work_queue_worker[1] tcp: disconnected from 10.0.101.17 port 1026
2019/11/22 19:26:59.34 #|1574450819.344598057|00#| work_queue_worker[1] wq: killing all outstanding tasks
2019/11/22 19:26:59.34 #|1574450819.344609058|00#| work_queue_worker[1] wq: all data structures are clean
2019/11/22 19:27:05.34 #|1574450825.345135984|00#| work_queue_worker[1] debug: error reading disk usage on directory: ./cache.
2019/11/22 19:27:05.34 #|1574450825.345197496|00#| work_queue_worker[1] tcp: connecting to 10.0.101.17 port 1026
2019/11/22 19:27:05.34 #|1574450825.345427809|00#| work_queue_worker[1] tcp: made connection to 10.0.101.17 port 1026
2019/11/22 19:27:05.34 #|1574450825.345452972|00#| work_queue_worker[1] wq: connected to master master:1026 via local address 10.0.101.9:36610
2019/11/22 19:27:05.34 #|1574450825.345468178|00#| work_queue_worker[1] wq: preparing workspace /tmp/worker-0-1
2019/11/22 19:27:05.34 #|1574450825.345616765|00#| work_queue_worker[1] dns: finding my hostname: uname = bfc2065f841e, address = 10.0.101.9, hostname = bfc2065f841e
2019/11/22 19:27:05.34 #|1574450825.345635988|00#| work_queue_worker[1] wq: tx to master: workqueue 8 bfc2065f841e Linux x86_64 8.0.0
2019/11/22 19:27:05.34 #|1574450825.345720855|00#| work_queue_worker[1] wq: tx to master: info worker-id worker-f9cd0bf97dbb490ed4296123d1c7b0d3
2019/11/22 19:27:05.34 #|1574450825.345795863|00#| work_queue_worker[1] wq: tx to master: alive
2019/11/22 19:27:05.34 #|1574450825.345865628|00#| work_queue_worker[1] wq: Sending resource description to master:
2019/11/22 19:27:05.34 #|1574450825.345883327|00#| work_queue_worker[1] wq:  workers      0 inuse      1 total      1 smallest      1 largest
2019/11/22 19:27:05.34 #|1574450825.345954583|00#| work_queue_worker[1] wq:     disk      0 inuse   1078 total   1078 smallest   1078 largest
2019/11/22 19:27:05.34 #|1574450825.346027300|00#| work_queue_worker[1] wq:   memory      0 inuse  11908 total  11908 smallest  11908 largest
2019/11/22 19:27:05.34 #|1574450825.346099169|00#| work_queue_worker[1] wq:     gpus      0 inuse      0 total      0 smallest      0 largest
2019/11/22 19:27:05.34 #|1574450825.346169476|00#| work_queue_worker[1] wq:    cores      0 inuse      1 total      1 smallest      1 largest
2019/11/22 19:27:05.34 #|1574450825.346285754|00#| work_queue_worker[1] wq: tx to master: info end_of_resource_update 0
2019/11/22 19:27:05.34 #|1574450825.346357659|00#| work_queue_worker[1] wq: tx to master: info tasks_running 0
2019/11/22 19:27:05.34 #|1574450825.346428571|00#| work_queue_worker[1] wq: working for master at 10.0.101.17:1026.
2019/11/22 19:27:05.34 #|1574450825.349950572|00#| work_queue_worker[1] wq: rx from master: put file-0-25930e3036f13852cb0b29694bbab611-nt/taxdb.bti 14920392 0644 1
2019/11/22 19:27:05.34 #|1574450825.349994925|00#| work_queue_worker[1] wq: Putting file file-0-25930e3036f13852cb0b29694bbab611-nt/taxdb.bti into workspace
2019/11/22 19:27:05.37 #|1574450825.371085664|00#| work_queue_worker[1] wq: rx from master: put file-0-25930e3036f13852cb0b29694bbab611-nt/nt.nal 752 0644 1
2019/11/22 19:27:05.37 #|1574450825.371138722|00#| work_queue_worker[1] wq: Putting file file-0-25930e3036f13852cb0b29694bbab611-nt/nt.nal into workspace
2019/11/22 19:27:05.37 #|1574450825.371239997|00#| work_queue_worker[1] wq: rx from master: put file-0-25930e3036f13852cb0b29694bbab611-nt/nt.44.nni 27220 0644 1
2019/11/22 19:27:05.37 #|1574450825.371263061|00#| work_queue_worker[1] wq: Putting file file-0-25930e3036f13852cb0b29694bbab611-nt/nt.44.nni into workspace
2019/11/22 19:27:05.37 #|1574450825.371412615|00#| work_queue_worker[1] wq: rx from master: put file-0-25930e3036f13852cb0b29694bbab611-nt/nt.44.nog 3378248 0644 1
2019/11/22 19:27:05.37 #|1574450825.371437657|00#| work_queue_worker[1] wq: Putting file file-0-25930e3036f13852cb0b29694bbab611-nt/nt.44.nog into workspace
2019/11/22 19:27:05.37 #|1574450825.376123684|00#| work_queue_worker[1] wq: rx from master: put file-0-25930e3036f13852cb0b29694bbab611-nt/taxdb.btd 141628361 0644 1
2019/11/22 19:27:05.37 #|1574450825.376165016|00#| work_queue_worker[1] wq: Putting file file-0-25930e3036f13852cb0b29694bbab611-nt/taxdb.btd into workspace
2019/11/22 19:27:05.55 #|1574450825.558101088|00#| work_queue_worker[1] wq: rx from master: put file-0-25930e3036f13852cb0b29694bbab611-nt/nt.44.nhr 148534336 0644 1
2019/11/22 19:27:05.55 #|1574450825.558146786|00#| work_queue_worker[1] wq: Putting file file-0-25930e3036f13852cb0b29694bbab611-nt/nt.44.nhr into workspace
2019/11/22 19:27:05.74 #|1574450825.748371156|00#| work_queue_worker[1] wq: rx from master: put file-0-25930e3036f13852cb0b29694bbab611-nt/nt.44.nhi 338004 0644 1
2019/11/22 19:27:05.74 #|1574450825.748415700|00#| work_queue_worker[1] wq: Putting file file-0-25930e3036f13852cb0b29694bbab611-nt/nt.44.nhi into workspace
2019/11/22 19:27:05.74 #|1574450825.749006378|00#| work_queue_worker[1] wq: rx from master: put file-0-25930e3036f13852cb0b29694bbab611-nt/nt.44.nnd 6955488 0644 1
2019/11/22 19:27:05.74 #|1574450825.749030684|00#| work_queue_worker[1] wq: Putting file file-0-25930e3036f13852cb0b29694bbab611-nt/nt.44.nnd into workspace
2019/11/22 19:27:05.75 #|1574450825.757991925|00#| work_queue_worker[1] wq: rx from master: put file-0-25930e3036f13852cb0b29694bbab611-nt/nt.44.nhd 14869748 0644 1
2019/11/22 19:27:05.75 #|1574450825.758036518|00#| work_queue_worker[1] wq: Putting file file-0-25930e3036f13852cb0b29694bbab611-nt/nt.44.nhd into workspace
2019/11/22 19:27:05.77 #|1574450825.777249097|00#| work_queue_worker[1] wq: rx from master: put file-0-25930e3036f13852cb0b29694bbab611-nt/nt.44.nsq 974099786 0644 1
2019/11/22 19:27:05.77 #|1574450825.777293127|00#| work_queue_worker[1] wq: Putting file file-0-25930e3036f13852cb0b29694bbab611-nt/nt.44.nsq into workspace
2019/11/22 19:27:05.77 #|1574450825.777307494|00#| work_queue_worker[1] debug: File of size 928 MB will lower available disk space (878 MB) below threshold (0 MB).
2019/11/22 19:27:05.77 #|1574450825.777316167|00#| work_queue_worker[1] wq: Could not put file file-0-25930e3036f13852cb0b29694bbab611-nt/nt.44.nsq, not enough disk space (974099786 bytes needed)
2019/11/22 19:27:05.77 #|1574450825.777328017|00#| work_queue_worker[1] wq: cleaning workspace /tmp/worker-0-1
2019/11/22 19:27:05.83 #|1574450825.833110633|00#| work_queue_worker[1] wq: disconnecting from master 10.0.101.17:1026
2019/11/22 19:27:05.83 #|1574450825.833297887|00#| work_queue_worker[1] tcp: disconnected from 10.0.101.17 port 1026
2019/11/22 19:27:05.83 #|1574450825.833312327|00#| work_queue_worker[1] wq: killing all outstanding tasks
2019/11/22 19:27:05.83 #|1574450825.833323280|00#| work_queue_worker[1] wq: all data structures are clean
2019/11/22 19:27:11.83 #|1574450831.833775140|00#| work_queue_worker[1] debug: error reading disk usage on directory: ./cache.
2019/11/22 19:27:11.83 #|1574450831.833825556|00#| work_queue_worker[1] tcp: connecting to 10.0.101.17 port 1026
2019/11/22 19:27:11.83 #|1574450831.834357780|00#| work_queue_worker[1] tcp: made connection to 10.0.101.17 port 1026
2019/11/22 19:27:11.83 #|1574450831.834388212|00#| work_queue_worker[1] wq: connected to master master:1026 via local address 10.0.101.9:36624
2019/11/22 19:27:11.83 #|1574450831.834397818|00#| work_queue_worker[1] wq: preparing workspace /tmp/worker-0-1
2019/11/22 19:27:11.83 #|1574450831.834504529|00#| work_queue_worker[1] dns: finding my hostname: uname = bfc2065f841e, address = 10.0.101.9, hostname = bfc2065f841e
2019/11/22 19:27:11.83 #|1574450831.834536774|00#| work_queue_worker[1] wq: tx to master: workqueue 8 bfc2065f841e Linux x86_64 8.0.0
2019/11/22 19:27:11.83 #|1574450831.834604366|00#| work_queue_worker[1] wq: tx to master: info worker-id worker-f9cd0bf97dbb490ed4296123d1c7b0d3
2019/11/22 19:27:11.83 #|1574450831.834655759|00#| work_queue_worker[1] wq: tx to master: alive
2019/11/22 19:27:11.83 #|1574450831.834703482|00#| work_queue_worker[1] wq: Sending resource description to master:
2019/11/22 19:27:11.83 #|1574450831.834715537|00#| work_queue_worker[1] wq:  workers      0 inuse      1 total      1 smallest      1 largest
2019/11/22 19:27:11.83 #|1574450831.834768767|00#| work_queue_worker[1] wq:     disk      0 inuse   1094 total   1094 smallest   1094 largest
2019/11/22 19:27:11.83 #|1574450831.834825653|00#| work_queue_worker[1] wq:   memory      0 inuse  11908 total  11908 smallest  11908 largest
2019/11/22 19:27:11.83 #|1574450831.834874850|00#| work_queue_worker[1] wq:     gpus      0 inuse      0 total      0 smallest      0 largest
2019/11/22 19:27:11.83 #|1574450831.834922657|00#| work_queue_worker[1] wq:    cores      0 inuse      1 total      1 smallest      1 largest
2019/11/22 19:27:11.83 #|1574450831.834998928|00#| work_queue_worker[1] wq: tx to master: info end_of_resource_update 0
2019/11/22 19:27:11.83 #|1574450831.835050379|00#| work_queue_worker[1] wq: tx to master: info tasks_running 0
2019/11/22 19:27:11.83 #|1574450831.835099181|00#| work_queue_worker[1] wq: working for master at 10.0.101.17:1026.
2019/11/22 19:27:26.45 #|1574450846.459716784|00#| work_queue_worker[1] wq: rx from master: release
2019/11/22 19:27:26.45 #|1574450846.459743407|00#| work_queue_worker[1] wq: released by master 10.0.101.17:1026.
2019/11/22 19:27:26.45 #|1574450846.459979776|00#| work_queue_worker[1] wq: cleaning workspace /tmp/worker-0-1
2019/11/22 19:27:26.46 #|1574450846.460074767|00#| work_queue_worker[1] wq: disconnecting from master 10.0.101.17:1026
2019/11/22 19:27:26.46 #|1574450846.460156016|00#| work_queue_worker[1] tcp: disconnected from 10.0.101.17 port 1026
2019/11/22 19:27:26.46 #|1574450846.460169902|00#| work_queue_worker[1] wq: killing all outstanding tasks
2019/11/22 19:27:26.46 #|1574450846.460179565|00#| work_queue_worker[1] wq: all data structures are clean
2019/11/22 19:27:27.46 #|1574450847.460340122|00#| work_queue_worker[1] tcp: connecting to 10.0.101.17 port 1026
2019/11/22 19:27:29.91 #|1574450849.914891860|00#| work_queue_worker[1] tcp: connection to 10.0.101.17 port 1026 failed (No route to host)
