2019/11/22 19:18:10.34 #|1574450290.340330767|00#| work_queue_worker[1] debug: /root/cctools/bin/work_queue_worker version 8.0.0 DEVELOPMENT (released 2019-11-14 15:35:16 +0000)
2019/11/22 19:18:10.34 #|1574450290.340367306|00#| work_queue_worker[1] debug: Built by root@7e9ecba79f43 on 2019-11-14 15:35:16 +0000
2019/11/22 19:18:10.34 #|1574450290.340377087|00#| work_queue_worker[1] debug: System: Linux 7e9ecba79f43 5.0.0-32-generic #34~18.04.2-Ubuntu SMP Thu Oct 10 10:36:02 UTC 2019 x86_64 x86_64 x86_64 GNU/Linux
2019/11/22 19:18:10.34 #|1574450290.340385449|00#| work_queue_worker[1] debug: Configuration: --prefix /root/cctools
2019/11/22 19:18:10.34 #|1574450290.340554663|00#| work_queue_worker[1] wq: WORK_QUEUE_SANDBOX set to /tmp/worker-0-1.
2019/11/22 19:18:10.34 #|1574450290.341139992|00#| work_queue_worker[1] debug: error reading disk usage on directory: ./cache.
2019/11/22 19:18:10.34 #|1574450290.341174204|00#| work_queue_worker[1] dns: looking up name master
2019/11/22 19:18:10.34 #|1574450290.343173822|00#| work_queue_worker[1] dns: couldn't look up master: Name or service not known
2019/11/22 19:18:12.34 #|1574450292.343320879|00#| work_queue_worker[1] dns: looking up name master
2019/11/22 19:18:12.34 #|1574450292.343673376|00#| work_queue_worker[1] dns: master is 10.0.101.17
2019/11/22 19:18:12.34 #|1574450292.343709203|00#| work_queue_worker[1] tcp: connecting to 10.0.101.17 port 1026
2019/11/22 19:18:12.34 #|1574450292.343965544|00#| work_queue_worker[1] tcp: made connection to 10.0.101.17 port 1026
2019/11/22 19:18:12.34 #|1574450292.343985318|00#| work_queue_worker[1] wq: connected to master master:1026 via local address 10.0.101.14:46722
2019/11/22 19:18:12.34 #|1574450292.343995171|00#| work_queue_worker[1] wq: preparing workspace /tmp/worker-0-1
2019/11/22 19:18:12.34 #|1574450292.344122857|00#| work_queue_worker[1] dns: looking up name 90586936206d
2019/11/22 19:18:12.34 #|1574450292.344163812|00#| work_queue_worker[1] dns: 90586936206d is 10.0.101.14
2019/11/22 19:18:12.34 #|1574450292.344176267|00#| work_queue_worker[1] dns: looking up addr 10.0.101.14
2019/11/22 19:18:12.34 #|1574450292.344203731|00#| work_queue_worker[1] dns: 10.0.101.14 is 90586936206d
2019/11/22 19:18:12.34 #|1574450292.344214422|00#| work_queue_worker[1] dns: finding my hostname: uname = 90586936206d, address = 10.0.101.14, hostname = 90586936206d
2019/11/22 19:18:12.34 #|1574450292.344227381|00#| work_queue_worker[1] wq: tx to master: workqueue 8 90586936206d Linux x86_64 8.0.0
2019/11/22 19:18:12.34 #|1574450292.344298730|00#| work_queue_worker[1] wq: tx to master: info worker-id worker-36fe686774fb5a65d1247ecb61856da2
2019/11/22 19:18:12.34 #|1574450292.344356593|00#| work_queue_worker[1] wq: tx to master: alive
2019/11/22 19:18:12.34 #|1574450292.344407985|00#| work_queue_worker[1] wq: Sending resource description to master:
2019/11/22 19:18:12.34 #|1574450292.344420811|00#| work_queue_worker[1] wq:  workers      0 inuse      1 total      1 smallest      1 largest
2019/11/22 19:18:12.34 #|1574450292.344470193|00#| work_queue_worker[1] wq:     disk      0 inuse   2389 total   2389 smallest   2389 largest
2019/11/22 19:18:12.34 #|1574450292.344522588|00#| work_queue_worker[1] wq:   memory      0 inuse  11908 total  11908 smallest  11908 largest
2019/11/22 19:18:12.34 #|1574450292.344574099|00#| work_queue_worker[1] wq:     gpus      0 inuse      0 total      0 smallest      0 largest
2019/11/22 19:18:12.34 #|1574450292.344624472|00#| work_queue_worker[1] wq:    cores      0 inuse      1 total      1 smallest      1 largest
2019/11/22 19:18:12.34 #|1574450292.344707871|00#| work_queue_worker[1] wq: tx to master: info end_of_resource_update 0
2019/11/22 19:18:12.34 #|1574450292.344759651|00#| work_queue_worker[1] wq: tx to master: info tasks_running 0
2019/11/22 19:18:12.34 #|1574450292.344810046|00#| work_queue_worker[1] wq: working for master at 10.0.101.17:1026.
2019/11/22 19:18:12.34 #|1574450292.345243684|00#| work_queue_worker[1] wq: rx from master: put file-0-25930e3036f13852cb0b29694bbab611-nt/taxdb.bti 14920392 0644 1
2019/11/22 19:18:12.34 #|1574450292.345321748|00#| work_queue_worker[1] wq: Putting file file-0-25930e3036f13852cb0b29694bbab611-nt/taxdb.bti into workspace
2019/11/22 19:18:12.36 #|1574450292.365819691|00#| work_queue_worker[1] wq: rx from master: put file-0-25930e3036f13852cb0b29694bbab611-nt/nt.nal 752 0644 1
2019/11/22 19:18:12.36 #|1574450292.365864332|00#| work_queue_worker[1] wq: Putting file file-0-25930e3036f13852cb0b29694bbab611-nt/nt.nal into workspace
2019/11/22 19:18:12.36 #|1574450292.365958626|00#| work_queue_worker[1] wq: rx from master: put file-0-25930e3036f13852cb0b29694bbab611-nt/nt.44.nni 27220 0644 1
2019/11/22 19:18:12.36 #|1574450292.365980855|00#| work_queue_worker[1] wq: Putting file file-0-25930e3036f13852cb0b29694bbab611-nt/nt.44.nni into workspace
2019/11/22 19:18:12.36 #|1574450292.366081725|00#| work_queue_worker[1] wq: rx from master: put file-0-25930e3036f13852cb0b29694bbab611-nt/nt.44.nog 3378248 0644 1
2019/11/22 19:18:12.36 #|1574450292.366105750|00#| work_queue_worker[1] wq: Putting file file-0-25930e3036f13852cb0b29694bbab611-nt/nt.44.nog into workspace
2019/11/22 19:18:12.37 #|1574450292.370967425|00#| work_queue_worker[1] wq: rx from master: put file-0-25930e3036f13852cb0b29694bbab611-nt/taxdb.btd 141628361 0644 1
2019/11/22 19:18:12.37 #|1574450292.371010042|00#| work_queue_worker[1] wq: Putting file file-0-25930e3036f13852cb0b29694bbab611-nt/taxdb.btd into workspace
2019/11/22 19:18:12.55 #|1574450292.559761492|00#| work_queue_worker[1] wq: rx from master: put file-0-25930e3036f13852cb0b29694bbab611-nt/nt.44.nhr 148534336 0644 1
2019/11/22 19:18:12.55 #|1574450292.559807576|00#| work_queue_worker[1] wq: Putting file file-0-25930e3036f13852cb0b29694bbab611-nt/nt.44.nhr into workspace
2019/11/22 19:18:12.75 #|1574450292.756287219|00#| work_queue_worker[1] wq: rx from master: put file-0-25930e3036f13852cb0b29694bbab611-nt/nt.44.nhi 338004 0644 1
2019/11/22 19:18:12.75 #|1574450292.756335109|00#| work_queue_worker[1] wq: Putting file file-0-25930e3036f13852cb0b29694bbab611-nt/nt.44.nhi into workspace
2019/11/22 19:18:12.75 #|1574450292.756894786|00#| work_queue_worker[1] wq: rx from master: put file-0-25930e3036f13852cb0b29694bbab611-nt/nt.44.nnd 6955488 0644 1
2019/11/22 19:18:12.75 #|1574450292.756919924|00#| work_queue_worker[1] wq: Putting file file-0-25930e3036f13852cb0b29694bbab611-nt/nt.44.nnd into workspace
2019/11/22 19:18:12.76 #|1574450292.766244788|00#| work_queue_worker[1] wq: rx from master: put file-0-25930e3036f13852cb0b29694bbab611-nt/nt.44.nhd 14869748 0644 1
2019/11/22 19:18:12.76 #|1574450292.766292727|00#| work_queue_worker[1] wq: Putting file file-0-25930e3036f13852cb0b29694bbab611-nt/nt.44.nhd into workspace
2019/11/22 19:18:12.78 #|1574450292.786118003|00#| work_queue_worker[1] wq: rx from master: put file-0-25930e3036f13852cb0b29694bbab611-nt/nt.44.nsq 974099786 0644 1
2019/11/22 19:18:12.78 #|1574450292.786162754|00#| work_queue_worker[1] wq: Putting file file-0-25930e3036f13852cb0b29694bbab611-nt/nt.44.nsq into workspace
2019/11/22 19:18:14.07 #|1574450294.79589759|00#| work_queue_worker[1] wq: rx from master: put file-0-25930e3036f13852cb0b29694bbab611-nt/nt.44.nin 10134740 0644 1
2019/11/22 19:18:14.07 #|1574450294.79637602|00#| work_queue_worker[1] wq: Putting file file-0-25930e3036f13852cb0b29694bbab611-nt/nt.44.nin into workspace
2019/11/22 19:18:14.09 #|1574450294.92830018|00#| work_queue_worker[1] wq: rx from master: put file-0-25930e3036f13852cb0b29694bbab611-nt/nt.44.nsi 764650 0644 1
2019/11/22 19:18:14.09 #|1574450294.92881005|00#| work_queue_worker[1] wq: Putting file file-0-25930e3036f13852cb0b29694bbab611-nt/nt.44.nsi into workspace
2019/11/22 19:18:14.09 #|1574450294.94032464|00#| work_queue_worker[1] wq: rx from master: put file-0-25930e3036f13852cb0b29694bbab611-nt/nt.44.nsd 33299557 0644 1
2019/11/22 19:18:14.09 #|1574450294.94060710|00#| work_queue_worker[1] wq: Putting file file-0-25930e3036f13852cb0b29694bbab611-nt/nt.44.nsd into workspace
2019/11/22 19:18:14.13 #|1574450294.136878849|00#| work_queue_worker[1] wq: rx from master: put file-0-91e2799df52756191dbca22d7b7cd23c-test.fasta.19 10120 0644 1
2019/11/22 19:18:14.13 #|1574450294.136930177|00#| work_queue_worker[1] wq: Putting file file-0-91e2799df52756191dbca22d7b7cd23c-test.fasta.19 into workspace
2019/11/22 19:18:14.13 #|1574450294.137035903|00#| work_queue_worker[1] wq: rx from master: put file-0-daa9c57850b857b80eefebbca6aa18ce-blastall 7687410 0755 1
2019/11/22 19:18:14.13 #|1574450294.137061157|00#| work_queue_worker[1] wq: Putting file file-0-daa9c57850b857b80eefebbca6aa18ce-blastall into workspace
2019/11/22 19:18:14.14 #|1574450294.145626332|00#| work_queue_worker[1] wq: rx from master: task 1
2019/11/22 19:18:14.14 #|1574450294.145662203|00#| work_queue_worker[1] wq: rx from master: cmd 88
2019/11/22 19:18:14.14 #|1574450294.145677230|00#| work_queue_worker[1] wq: rx from master: ./blastall -p blastn -d nt/nt -i test.fasta.19 -o test.fasta.19.out 2> test.fasta.19.err
2019/11/22 19:18:14.14 #|1574450294.145685332|00#| work_queue_worker[1] wq: rx from master: category default
2019/11/22 19:18:14.14 #|1574450294.145694594|00#| work_queue_worker[1] wq: rx from master: cores 1
2019/11/22 19:18:14.14 #|1574450294.145703961|00#| work_queue_worker[1] wq: rx from master: memory 11908
2019/11/22 19:18:14.14 #|1574450294.145712970|00#| work_queue_worker[1] wq: rx from master: disk 2389
2019/11/22 19:18:14.14 #|1574450294.145721986|00#| work_queue_worker[1] wq: rx from master: gpus 0
2019/11/22 19:18:14.14 #|1574450294.145731230|00#| work_queue_worker[1] wq: rx from master: end_time 18446744073709551615
2019/11/22 19:18:14.14 #|1574450294.145741496|00#| work_queue_worker[1] wq: rx from master: wall_time 18446744073709551615
2019/11/22 19:18:14.14 #|1574450294.145750777|00#| work_queue_worker[1] wq: rx from master: env 7
2019/11/22 19:18:14.14 #|1574450294.145762589|00#| work_queue_worker[1] wq: rx from master: env 17
2019/11/22 19:18:14.14 #|1574450294.145773751|00#| work_queue_worker[1] wq: rx from master: infile file-0-25930e3036f13852cb0b29694bbab611-nt nt 1
2019/11/22 19:18:14.14 #|1574450294.145804703|00#| work_queue_worker[1] wq: rx from master: infile file-0-91e2799df52756191dbca22d7b7cd23c-test.fasta.19 test.fasta.19 1
2019/11/22 19:18:14.14 #|1574450294.145823313|00#| work_queue_worker[1] wq: rx from master: infile file-0-daa9c57850b857b80eefebbca6aa18ce-blastall blastall 1
2019/11/22 19:18:14.14 #|1574450294.145840050|00#| work_queue_worker[1] wq: rx from master: outfile file-0-8eab36096679637a447522c8eb5ec8c1-test.fasta.19.err test.fasta.19.err 1
2019/11/22 19:18:14.14 #|1574450294.145858550|00#| work_queue_worker[1] wq: rx from master: outfile file-0-9883c7748ac27d46878553d23e293154-test.fasta.19.out test.fasta.19.out 1
2019/11/22 19:18:14.14 #|1574450294.145879120|00#| work_queue_worker[1] wq: rx from master: end
2019/11/22 19:18:14.14 #|1574450294.146038679|00#| work_queue_worker[1] wq: linking cache/file-0-25930e3036f13852cb0b29694bbab611-nt to /tmp/worker-0-1/t.1/nt
2019/11/22 19:18:14.14 #|1574450294.146272809|00#| work_queue_worker[1] wq: linking cache/file-0-91e2799df52756191dbca22d7b7cd23c-test.fasta.19 to /tmp/worker-0-1/t.1/test.fasta.19
2019/11/22 19:18:14.14 #|1574450294.146311518|00#| work_queue_worker[1] wq: linking cache/file-0-daa9c57850b857b80eefebbca6aa18ce-blastall to /tmp/worker-0-1/t.1/blastall
2019/11/22 19:18:14.14 #|1574450294.146520950|00#| work_queue_worker[1] wq: started process 9: ./blastall -p blastn -d nt/nt -i test.fasta.19 -o test.fasta.19.out 2> test.fasta.19.err
2019/11/22 19:18:14.14 #|1574450294.146554311|00#| work_queue_worker[1] wq: tx to master: info tasks_running 1
2019/11/22 19:18:29.33 #|1574450309.332017276|00#| work_queue_worker[1] wq: task 1 (pid 9) exited normally with exit code 0
2019/11/22 19:18:29.33 #|1574450309.332044900|00#| work_queue_worker[1] wq: moving output file from /tmp/worker-0-1/t.1/test.fasta.19.err to cache/file-0-8eab36096679637a447522c8eb5ec8c1-test.fasta.19.err
2019/11/22 19:18:29.33 #|1574450309.332101012|00#| work_queue_worker[1] wq: moving output file from /tmp/worker-0-1/t.1/test.fasta.19.out to cache/file-0-9883c7748ac27d46878553d23e293154-test.fasta.19.out
2019/11/22 19:18:29.33 #|1574450309.332141434|00#| work_queue_worker[1] wq: tx to master: available_results
2019/11/22 19:20:25.90 #|1574450425.909829298|00#| work_queue_worker[1] wq: rx from master: send_results -1
2019/11/22 19:20:25.90 #|1574450425.909883860|00#| work_queue_worker[1] wq: tx to master: result 0 0 0 15185660 1
2019/11/22 19:20:25.90 #|1574450425.909970970|00#| work_queue_worker[1] wq: tx to master: info tasks_running 0
2019/11/22 19:20:25.91 #|1574450425.910023868|00#| work_queue_worker[1] wq: tx to master: end
2019/11/22 19:20:25.91 #|1574450425.910327023|00#| work_queue_worker[1] wq: rx from master: get file-0-8eab36096679637a447522c8eb5ec8c1-test.fasta.19.err 1
2019/11/22 19:20:25.91 #|1574450425.910368903|00#| work_queue_worker[1] wq: tx to master: file file-0-8eab36096679637a447522c8eb5ec8c1-test.fasta.19.err 0
2019/11/22 19:20:25.91 #|1574450425.910425721|00#| work_queue_worker[1] wq: tx to master: end
2019/11/22 19:20:25.91 #|1574450425.911133170|00#| work_queue_worker[1] wq: rx from master: get file-0-9883c7748ac27d46878553d23e293154-test.fasta.19.out 1
2019/11/22 19:20:25.91 #|1574450425.911173626|00#| work_queue_worker[1] wq: tx to master: file file-0-9883c7748ac27d46878553d23e293154-test.fasta.19.out 31186
2019/11/22 19:20:25.91 #|1574450425.911389213|00#| work_queue_worker[1] wq: tx to master: end
2019/11/22 19:20:25.91 #|1574450425.911648053|00#| work_queue_worker[1] wq: rx from master: kill 1
2019/11/22 19:20:25.96 #|1574450425.962792459|00#| work_queue_worker[1] wq: rx from master: put file-0-861f258aeedab7469eb02fd8febc6d36-test.fasta.13 10120 0644 1
2019/11/22 19:20:25.96 #|1574450425.962834567|00#| work_queue_worker[1] wq: Putting file file-0-861f258aeedab7469eb02fd8febc6d36-test.fasta.13 into workspace
2019/11/22 19:20:25.96 #|1574450425.962980964|00#| work_queue_worker[1] wq: rx from master: task 7
2019/11/22 19:20:25.96 #|1574450425.963004499|00#| work_queue_worker[1] wq: rx from master: cmd 88
2019/11/22 19:20:25.96 #|1574450425.963042079|00#| work_queue_worker[1] wq: rx from master: ./blastall -p blastn -d nt/nt -i test.fasta.13 -o test.fasta.13.out 2> test.fasta.13.err
2019/11/22 19:20:25.96 #|1574450425.963054521|00#| work_queue_worker[1] wq: rx from master: category default
2019/11/22 19:20:25.96 #|1574450425.963090775|00#| work_queue_worker[1] wq: rx from master: cores 1
2019/11/22 19:20:25.96 #|1574450425.963130282|00#| work_queue_worker[1] wq: rx from master: memory 11908
2019/11/22 19:20:25.96 #|1574450425.963167046|00#| work_queue_worker[1] wq: rx from master: disk 2389
2019/11/22 19:20:25.96 #|1574450425.963180436|00#| work_queue_worker[1] wq: rx from master: gpus 0
2019/11/22 19:20:25.96 #|1574450425.963212274|00#| work_queue_worker[1] wq: rx from master: end_time 18446744073709551615
2019/11/22 19:20:25.96 #|1574450425.963248109|00#| work_queue_worker[1] wq: rx from master: wall_time 18446744073709551615
2019/11/22 19:20:25.96 #|1574450425.963283214|00#| work_queue_worker[1] wq: rx from master: env 7
2019/11/22 19:20:25.96 #|1574450425.963321186|00#| work_queue_worker[1] wq: rx from master: env 17
2019/11/22 19:20:25.96 #|1574450425.963358629|00#| work_queue_worker[1] wq: rx from master: infile file-0-25930e3036f13852cb0b29694bbab611-nt nt 1
2019/11/22 19:20:25.96 #|1574450425.963412606|00#| work_queue_worker[1] wq: rx from master: infile file-0-861f258aeedab7469eb02fd8febc6d36-test.fasta.13 test.fasta.13 1
2019/11/22 19:20:25.96 #|1574450425.963462946|00#| work_queue_worker[1] wq: rx from master: infile file-0-daa9c57850b857b80eefebbca6aa18ce-blastall blastall 1
2019/11/22 19:20:25.96 #|1574450425.963509200|00#| work_queue_worker[1] wq: rx from master: outfile file-0-a1e084cfb47df79ee8a2d374c2d9abba-test.fasta.13.err test.fasta.13.err 1
2019/11/22 19:20:25.96 #|1574450425.963533247|00#| work_queue_worker[1] wq: rx from master: outfile file-0-dc058f4294b64abb0a149cc97b0d5b94-test.fasta.13.out test.fasta.13.out 1
2019/11/22 19:20:25.96 #|1574450425.963576925|00#| work_queue_worker[1] wq: rx from master: end
2019/11/22 19:20:25.96 #|1574450425.963686544|00#| work_queue_worker[1] wq: linking cache/file-0-25930e3036f13852cb0b29694bbab611-nt to /tmp/worker-0-1/t.7/nt
2019/11/22 19:20:25.96 #|1574450425.963913456|00#| work_queue_worker[1] wq: linking cache/file-0-861f258aeedab7469eb02fd8febc6d36-test.fasta.13 to /tmp/worker-0-1/t.7/test.fasta.13
2019/11/22 19:20:25.96 #|1574450425.963947362|00#| work_queue_worker[1] wq: linking cache/file-0-daa9c57850b857b80eefebbca6aa18ce-blastall to /tmp/worker-0-1/t.7/blastall
2019/11/22 19:20:25.96 #|1574450425.964143950|00#| work_queue_worker[1] wq: started process 11: ./blastall -p blastn -d nt/nt -i test.fasta.13 -o test.fasta.13.out 2> test.fasta.13.err
2019/11/22 19:20:25.96 #|1574450425.964176339|00#| work_queue_worker[1] wq: tx to master: info tasks_running 1
2019/11/22 19:20:26.45 #|1574450426.457810081|00#| work_queue_worker[1] wq: rx from master: check
2019/11/22 19:20:26.45 #|1574450426.457845077|00#| work_queue_worker[1] wq: tx to master: alive
2019/11/22 19:20:26.45 #|1574450426.457936554|00#| work_queue_worker[1] wq: tx to master: info tasks_running 1
2019/11/22 19:20:40.36 #|1574450440.368440767|00#| work_queue_worker[1] wq: task 7 (pid 11) exited normally with exit code 0
2019/11/22 19:20:40.36 #|1574450440.368468930|00#| work_queue_worker[1] wq: moving output file from /tmp/worker-0-1/t.7/test.fasta.13.err to cache/file-0-a1e084cfb47df79ee8a2d374c2d9abba-test.fasta.13.err
2019/11/22 19:20:40.36 #|1574450440.368524056|00#| work_queue_worker[1] wq: moving output file from /tmp/worker-0-1/t.7/test.fasta.13.out to cache/file-0-dc058f4294b64abb0a149cc97b0d5b94-test.fasta.13.out
2019/11/22 19:20:40.36 #|1574450440.368553379|00#| work_queue_worker[1] wq: tx to master: available_results
2019/11/22 19:22:25.75 #|1574450545.758295355|00#| work_queue_worker[1] wq: rx from master: send_results -1
2019/11/22 19:22:25.75 #|1574450545.758337032|00#| work_queue_worker[1] wq: tx to master: result 0 0 0 14404459 7
2019/11/22 19:22:25.75 #|1574450545.758421753|00#| work_queue_worker[1] wq: tx to master: info tasks_running 0
2019/11/22 19:22:25.75 #|1574450545.758475376|00#| work_queue_worker[1] wq: tx to master: end
2019/11/22 19:22:25.82 #|1574450545.821877829|00#| work_queue_worker[1] wq: rx from master: get file-0-a1e084cfb47df79ee8a2d374c2d9abba-test.fasta.13.err 1
2019/11/22 19:22:25.82 #|1574450545.821927921|00#| work_queue_worker[1] wq: tx to master: file file-0-a1e084cfb47df79ee8a2d374c2d9abba-test.fasta.13.err 0
2019/11/22 19:22:25.82 #|1574450545.822019761|00#| work_queue_worker[1] wq: tx to master: end
2019/11/22 19:22:25.82 #|1574450545.822289290|00#| work_queue_worker[1] wq: rx from master: get file-0-dc058f4294b64abb0a149cc97b0d5b94-test.fasta.13.out 1
2019/11/22 19:22:25.82 #|1574450545.822324567|00#| work_queue_worker[1] wq: tx to master: file file-0-dc058f4294b64abb0a149cc97b0d5b94-test.fasta.13.out 23659
2019/11/22 19:22:25.82 #|1574450545.822499502|00#| work_queue_worker[1] wq: tx to master: end
2019/11/22 19:22:25.82 #|1574450545.822799182|00#| work_queue_worker[1] wq: rx from master: kill 7
2019/11/22 19:22:25.82 #|1574450545.823505349|00#| work_queue_worker[1] wq: rx from master: put file-0-396e442289ce14a42a6f16a9e7d1098a-test.fasta.10 10120 0644 1
2019/11/22 19:22:25.82 #|1574450545.823535790|00#| work_queue_worker[1] wq: Putting file file-0-396e442289ce14a42a6f16a9e7d1098a-test.fasta.10 into workspace
2019/11/22 19:22:25.82 #|1574450545.823648650|00#| work_queue_worker[1] wq: rx from master: task 10
2019/11/22 19:22:25.82 #|1574450545.823671299|00#| work_queue_worker[1] wq: rx from master: cmd 88
2019/11/22 19:22:25.82 #|1574450545.823686593|00#| work_queue_worker[1] wq: rx from master: ./blastall -p blastn -d nt/nt -i test.fasta.10 -o test.fasta.10.out 2> test.fasta.10.err
2019/11/22 19:22:25.82 #|1574450545.823724947|00#| work_queue_worker[1] wq: rx from master: category default
2019/11/22 19:22:25.82 #|1574450545.823738779|00#| work_queue_worker[1] wq: rx from master: cores 1
2019/11/22 19:22:25.82 #|1574450545.823749477|00#| work_queue_worker[1] wq: rx from master: memory 11908
2019/11/22 19:22:25.82 #|1574450545.823759380|00#| work_queue_worker[1] wq: rx from master: disk 2389
2019/11/22 19:22:25.82 #|1574450545.823805004|00#| work_queue_worker[1] wq: rx from master: gpus 0
2019/11/22 19:22:25.82 #|1574450545.823820306|00#| work_queue_worker[1] wq: rx from master: end_time 18446744073709551615
2019/11/22 19:22:25.82 #|1574450545.823854925|00#| work_queue_worker[1] wq: rx from master: wall_time 18446744073709551615
2019/11/22 19:22:25.82 #|1574450545.823868463|00#| work_queue_worker[1] wq: rx from master: env 7
2019/11/22 19:22:25.82 #|1574450545.823883415|00#| work_queue_worker[1] wq: rx from master: env 17
2019/11/22 19:22:25.82 #|1574450545.823946649|00#| work_queue_worker[1] wq: rx from master: infile file-0-25930e3036f13852cb0b29694bbab611-nt nt 1
2019/11/22 19:22:25.82 #|1574450545.824005092|00#| work_queue_worker[1] wq: rx from master: infile file-0-396e442289ce14a42a6f16a9e7d1098a-test.fasta.10 test.fasta.10 1
2019/11/22 19:22:25.82 #|1574450545.824029289|00#| work_queue_worker[1] wq: rx from master: infile file-0-daa9c57850b857b80eefebbca6aa18ce-blastall blastall 1
2019/11/22 19:22:25.82 #|1574450545.824070471|00#| work_queue_worker[1] wq: rx from master: outfile file-0-400c24b98082241c2985bbd9995eb1ac-test.fasta.10.err test.fasta.10.err 1
2019/11/22 19:22:25.82 #|1574450545.824094066|00#| work_queue_worker[1] wq: rx from master: outfile file-0-64d383240390d4f9cc137c625132db75-test.fasta.10.out test.fasta.10.out 1
2019/11/22 19:22:25.82 #|1574450545.824113781|00#| work_queue_worker[1] wq: rx from master: end
2019/11/22 19:22:25.82 #|1574450545.824225978|00#| work_queue_worker[1] wq: linking cache/file-0-25930e3036f13852cb0b29694bbab611-nt to /tmp/worker-0-1/t.10/nt
2019/11/22 19:22:25.82 #|1574450545.824444512|00#| work_queue_worker[1] wq: linking cache/file-0-396e442289ce14a42a6f16a9e7d1098a-test.fasta.10 to /tmp/worker-0-1/t.10/test.fasta.10
2019/11/22 19:22:25.82 #|1574450545.824478487|00#| work_queue_worker[1] wq: linking cache/file-0-daa9c57850b857b80eefebbca6aa18ce-blastall to /tmp/worker-0-1/t.10/blastall
2019/11/22 19:22:25.82 #|1574450545.824660448|00#| work_queue_worker[1] wq: started process 13: ./blastall -p blastn -d nt/nt -i test.fasta.10 -o test.fasta.10.out 2> test.fasta.10.err
2019/11/22 19:22:25.82 #|1574450545.824695475|00#| work_queue_worker[1] wq: tx to master: info tasks_running 1
2019/11/22 19:22:41.93 #|1574450561.934941371|00#| work_queue_worker[1] wq: task 10 (pid 13) exited normally with exit code 0
2019/11/22 19:22:41.93 #|1574450561.934978106|00#| work_queue_worker[1] wq: moving output file from /tmp/worker-0-1/t.10/test.fasta.10.err to cache/file-0-400c24b98082241c2985bbd9995eb1ac-test.fasta.10.err
2019/11/22 19:22:41.93 #|1574450561.935041283|00#| work_queue_worker[1] wq: moving output file from /tmp/worker-0-1/t.10/test.fasta.10.out to cache/file-0-64d383240390d4f9cc137c625132db75-test.fasta.10.out
2019/11/22 19:22:41.93 #|1574450561.935076379|00#| work_queue_worker[1] wq: tx to master: available_results
2019/11/22 19:24:25.53 #|1574450665.538877379|00#| work_queue_worker[1] wq: rx from master: send_results -1
2019/11/22 19:24:25.53 #|1574450665.538924523|00#| work_queue_worker[1] wq: tx to master: result 0 0 0 16110450 10
2019/11/22 19:24:25.53 #|1574450665.539020691|00#| work_queue_worker[1] wq: tx to master: info tasks_running 0
2019/11/22 19:24:25.53 #|1574450665.539078216|00#| work_queue_worker[1] wq: tx to master: end
2019/11/22 19:24:25.53 #|1574450665.539429675|00#| work_queue_worker[1] wq: rx from master: get file-0-400c24b98082241c2985bbd9995eb1ac-test.fasta.10.err 1
2019/11/22 19:24:25.53 #|1574450665.539469160|00#| work_queue_worker[1] wq: tx to master: file file-0-400c24b98082241c2985bbd9995eb1ac-test.fasta.10.err 0
2019/11/22 19:24:25.53 #|1574450665.539526281|00#| work_queue_worker[1] wq: tx to master: end
2019/11/22 19:24:25.53 #|1574450665.539903628|00#| work_queue_worker[1] wq: rx from master: get file-0-64d383240390d4f9cc137c625132db75-test.fasta.10.out 1
2019/11/22 19:24:25.53 #|1574450665.539941992|00#| work_queue_worker[1] wq: tx to master: file file-0-64d383240390d4f9cc137c625132db75-test.fasta.10.out 102868
2019/11/22 19:24:25.54 #|1574450665.540212545|00#| work_queue_worker[1] wq: tx to master: end
2019/11/22 19:24:25.54 #|1574450665.540711157|00#| work_queue_worker[1] wq: rx from master: kill 10
2019/11/22 19:24:25.57 #|1574450665.571481332|00#| work_queue_worker[1] wq: rx from master: put file-0-c6fe59e7bc34ad592758fbf1affd35b3-test.fasta.6 10110 0644 1
2019/11/22 19:24:25.57 #|1574450665.571524648|00#| work_queue_worker[1] wq: Putting file file-0-c6fe59e7bc34ad592758fbf1affd35b3-test.fasta.6 into workspace
2019/11/22 19:24:25.57 #|1574450665.571683168|00#| work_queue_worker[1] wq: rx from master: task 14
2019/11/22 19:24:25.57 #|1574450665.571708019|00#| work_queue_worker[1] wq: rx from master: cmd 85
2019/11/22 19:24:25.57 #|1574450665.571720732|00#| work_queue_worker[1] wq: rx from master: ./blastall -p blastn -d nt/nt -i test.fasta.6 -o test.fasta.6.out 2> test.fasta.6.err
2019/11/22 19:24:25.57 #|1574450665.571757267|00#| work_queue_worker[1] wq: rx from master: category default
2019/11/22 19:24:25.57 #|1574450665.571770826|00#| work_queue_worker[1] wq: rx from master: cores 1
2019/11/22 19:24:25.57 #|1574450665.571781691|00#| work_queue_worker[1] wq: rx from master: memory 11908
2019/11/22 19:24:25.57 #|1574450665.571793442|00#| work_queue_worker[1] wq: rx from master: disk 2389
2019/11/22 19:24:25.57 #|1574450665.571901633|00#| work_queue_worker[1] wq: rx from master: gpus 0
2019/11/22 19:24:25.57 #|1574450665.571953253|00#| work_queue_worker[1] wq: rx from master: end_time 18446744073709551615
2019/11/22 19:24:25.57 #|1574450665.571970256|00#| work_queue_worker[1] wq: rx from master: wall_time 18446744073709551615
2019/11/22 19:24:25.57 #|1574450665.572005228|00#| work_queue_worker[1] wq: rx from master: env 7
2019/11/22 19:24:25.57 #|1574450665.572023379|00#| work_queue_worker[1] wq: rx from master: env 17
2019/11/22 19:24:25.57 #|1574450665.572038480|00#| work_queue_worker[1] wq: rx from master: infile file-0-25930e3036f13852cb0b29694bbab611-nt nt 1
2019/11/22 19:24:25.57 #|1574450665.572088375|00#| work_queue_worker[1] wq: rx from master: infile file-0-c6fe59e7bc34ad592758fbf1affd35b3-test.fasta.6 test.fasta.6 1
2019/11/22 19:24:25.57 #|1574450665.572114888|00#| work_queue_worker[1] wq: rx from master: infile file-0-daa9c57850b857b80eefebbca6aa18ce-blastall blastall 1
2019/11/22 19:24:25.57 #|1574450665.572178617|00#| work_queue_worker[1] wq: rx from master: outfile file-0-bd9fd21e69318adb97979b465eda0063-test.fasta.6.err test.fasta.6.err 1
2019/11/22 19:24:25.57 #|1574450665.572207841|00#| work_queue_worker[1] wq: rx from master: outfile file-0-a7dc44bc794b29fe719284fc40dc98e9-test.fasta.6.out test.fasta.6.out 1
2019/11/22 19:24:25.57 #|1574450665.572254266|00#| work_queue_worker[1] wq: rx from master: end
2019/11/22 19:24:25.57 #|1574450665.572368834|00#| work_queue_worker[1] wq: linking cache/file-0-25930e3036f13852cb0b29694bbab611-nt to /tmp/worker-0-1/t.14/nt
2019/11/22 19:24:25.57 #|1574450665.572597374|00#| work_queue_worker[1] wq: linking cache/file-0-c6fe59e7bc34ad592758fbf1affd35b3-test.fasta.6 to /tmp/worker-0-1/t.14/test.fasta.6
2019/11/22 19:24:25.57 #|1574450665.572632806|00#| work_queue_worker[1] wq: linking cache/file-0-daa9c57850b857b80eefebbca6aa18ce-blastall to /tmp/worker-0-1/t.14/blastall
2019/11/22 19:24:25.57 #|1574450665.572815694|00#| work_queue_worker[1] wq: started process 15: ./blastall -p blastn -d nt/nt -i test.fasta.6 -o test.fasta.6.out 2> test.fasta.6.err
2019/11/22 19:24:25.57 #|1574450665.572849907|00#| work_queue_worker[1] wq: tx to master: info tasks_running 1
2019/11/22 19:24:40.31 #|1574450680.311282870|00#| work_queue_worker[1] wq: task 14 (pid 15) exited normally with exit code 0
2019/11/22 19:24:40.31 #|1574450680.311310059|00#| work_queue_worker[1] wq: moving output file from /tmp/worker-0-1/t.14/test.fasta.6.err to cache/file-0-bd9fd21e69318adb97979b465eda0063-test.fasta.6.err
2019/11/22 19:24:40.31 #|1574450680.311367028|00#| work_queue_worker[1] wq: moving output file from /tmp/worker-0-1/t.14/test.fasta.6.out to cache/file-0-a7dc44bc794b29fe719284fc40dc98e9-test.fasta.6.out
2019/11/22 19:24:40.31 #|1574450680.311683073|00#| work_queue_worker[1] wq: tx to master: available_results
2019/11/22 19:26:25.59 #|1574450785.599779453|00#| work_queue_worker[1] wq: rx from master: send_results -1
2019/11/22 19:26:25.59 #|1574450785.599823643|00#| work_queue_worker[1] wq: tx to master: result 0 0 0 14738625 14
2019/11/22 19:26:25.59 #|1574450785.599912042|00#| work_queue_worker[1] wq: tx to master: info tasks_running 0
2019/11/22 19:26:25.59 #|1574450785.599995331|00#| work_queue_worker[1] wq: tx to master: end
2019/11/22 19:26:25.60 #|1574450785.600211116|00#| work_queue_worker[1] wq: rx from master: get file-0-bd9fd21e69318adb97979b465eda0063-test.fasta.6.err 1
2019/11/22 19:26:25.60 #|1574450785.600242515|00#| work_queue_worker[1] wq: tx to master: file file-0-bd9fd21e69318adb97979b465eda0063-test.fasta.6.err 0
2019/11/22 19:26:25.60 #|1574450785.600300902|00#| work_queue_worker[1] wq: tx to master: end
2019/11/22 19:26:25.60 #|1574450785.600557702|00#| work_queue_worker[1] wq: rx from master: get file-0-a7dc44bc794b29fe719284fc40dc98e9-test.fasta.6.out 1
2019/11/22 19:26:25.60 #|1574450785.600583380|00#| work_queue_worker[1] wq: tx to master: file file-0-a7dc44bc794b29fe719284fc40dc98e9-test.fasta.6.out 43688
2019/11/22 19:26:25.60 #|1574450785.600964555|00#| work_queue_worker[1] wq: tx to master: end
2019/11/22 19:26:25.60 #|1574450785.601127771|00#| work_queue_worker[1] wq: rx from master: kill 14
2019/11/22 19:26:25.65 #|1574450785.653738955|00#| work_queue_worker[1] wq: rx from master: put file-0-f7c60c99710a0f95199d7cf4150bb754-test.fasta.3 10110 0644 1
2019/11/22 19:26:25.65 #|1574450785.653777562|00#| work_queue_worker[1] wq: Putting file file-0-f7c60c99710a0f95199d7cf4150bb754-test.fasta.3 into workspace
2019/11/22 19:26:25.65 #|1574450785.653940008|00#| work_queue_worker[1] wq: rx from master: task 17
2019/11/22 19:26:25.65 #|1574450785.653963267|00#| work_queue_worker[1] wq: rx from master: cmd 85
2019/11/22 19:26:25.65 #|1574450785.653975918|00#| work_queue_worker[1] wq: rx from master: ./blastall -p blastn -d nt/nt -i test.fasta.3 -o test.fasta.3.out 2> test.fasta.3.err
2019/11/22 19:26:25.65 #|1574450785.653985171|00#| work_queue_worker[1] wq: rx from master: category default
2019/11/22 19:26:25.65 #|1574450785.653995234|00#| work_queue_worker[1] wq: rx from master: cores 1
2019/11/22 19:26:25.65 #|1574450785.654034158|00#| work_queue_worker[1] wq: rx from master: memory 11908
2019/11/22 19:26:25.65 #|1574450785.654049014|00#| work_queue_worker[1] wq: rx from master: disk 2389
2019/11/22 19:26:25.65 #|1574450785.654059675|00#| work_queue_worker[1] wq: rx from master: gpus 0
2019/11/22 19:26:25.65 #|1574450785.654094039|00#| work_queue_worker[1] wq: rx from master: end_time 18446744073709551615
2019/11/22 19:26:25.65 #|1574450785.654109383|00#| work_queue_worker[1] wq: rx from master: wall_time 18446744073709551615
2019/11/22 19:26:25.65 #|1574450785.654142997|00#| work_queue_worker[1] wq: rx from master: env 7
2019/11/22 19:26:25.65 #|1574450785.654182967|00#| work_queue_worker[1] wq: rx from master: env 17
2019/11/22 19:26:25.65 #|1574450785.654222614|00#| work_queue_worker[1] wq: rx from master: infile file-0-25930e3036f13852cb0b29694bbab611-nt nt 1
2019/11/22 19:26:25.65 #|1574450785.654279414|00#| work_queue_worker[1] wq: rx from master: infile file-0-f7c60c99710a0f95199d7cf4150bb754-test.fasta.3 test.fasta.3 1
2019/11/22 19:26:25.65 #|1574450785.654329182|00#| work_queue_worker[1] wq: rx from master: infile file-0-daa9c57850b857b80eefebbca6aa18ce-blastall blastall 1
2019/11/22 19:26:25.65 #|1574450785.654353051|00#| work_queue_worker[1] wq: rx from master: outfile file-0-302dccbdb24a28605e16f14de1f6102d-test.fasta.3.err test.fasta.3.err 1
2019/11/22 19:26:25.65 #|1574450785.654399476|00#| work_queue_worker[1] wq: rx from master: outfile file-0-caef36134f56070ec9bbb5a29c17bfcb-test.fasta.3.out test.fasta.3.out 1
2019/11/22 19:26:25.65 #|1574450785.654424277|00#| work_queue_worker[1] wq: rx from master: end
2019/11/22 19:26:25.65 #|1574450785.654571092|00#| work_queue_worker[1] wq: linking cache/file-0-25930e3036f13852cb0b29694bbab611-nt to /tmp/worker-0-1/t.17/nt
2019/11/22 19:26:25.65 #|1574450785.654804989|00#| work_queue_worker[1] wq: linking cache/file-0-f7c60c99710a0f95199d7cf4150bb754-test.fasta.3 to /tmp/worker-0-1/t.17/test.fasta.3
2019/11/22 19:26:25.65 #|1574450785.654840526|00#| work_queue_worker[1] wq: linking cache/file-0-daa9c57850b857b80eefebbca6aa18ce-blastall to /tmp/worker-0-1/t.17/blastall
2019/11/22 19:26:25.65 #|1574450785.654868995|00#| work_queue_worker[1] wq: Waiting task 17 has been forsaken.
2019/11/22 19:26:25.65 #|1574450785.654880003|00#| work_queue_worker[1] wq: tx to master: alive
2019/11/22 19:26:25.65 #|1574450785.654926691|00#| work_queue_worker[1] wq: Sending resource description to master:
2019/11/22 19:26:25.65 #|1574450785.654939326|00#| work_queue_worker[1] wq:  workers      0 inuse      1 total      1 smallest      1 largest
2019/11/22 19:26:25.65 #|1574450785.654977779|00#| work_queue_worker[1] wq:     disk   1295 inuse   2166 total   2166 smallest   2166 largest
2019/11/22 19:26:25.65 #|1574450785.655017256|00#| work_queue_worker[1] wq:   memory      0 inuse  11908 total  11908 smallest  11908 largest
2019/11/22 19:26:25.65 #|1574450785.655071093|00#| work_queue_worker[1] wq:     gpus      0 inuse      0 total      0 smallest      0 largest
2019/11/22 19:26:25.65 #|1574450785.655113181|00#| work_queue_worker[1] wq:    cores      0 inuse      1 total      1 smallest      1 largest
2019/11/22 19:26:25.65 #|1574450785.655171764|00#| work_queue_worker[1] wq: tx to master: info end_of_resource_update 0
2019/11/22 19:26:25.65 #|1574450785.655209819|00#| work_queue_worker[1] wq: tx to master: info tasks_running 0
2019/11/22 19:26:25.65 #|1574450785.655248266|00#| work_queue_worker[1] wq: tx to master: info tasks_running 0
2019/11/22 19:26:25.65 #|1574450785.655286350|00#| work_queue_worker[1] wq: tx to master: available_results
2019/11/22 19:26:26.22 #|1574450786.227081775|00#| work_queue_worker[1] wq: rx from master: check
2019/11/22 19:26:26.22 #|1574450786.227110571|00#| work_queue_worker[1] wq: tx to master: alive
2019/11/22 19:26:26.22 #|1574450786.227186423|00#| work_queue_worker[1] wq: tx to master: info tasks_running 0
2019/11/22 19:26:26.74 #|1574450786.740845773|00#| work_queue_worker[1] wq: rx from master: send_results -1
2019/11/22 19:26:26.74 #|1574450786.740884128|00#| work_queue_worker[1] wq: tx to master: result 40 0 0 0 17
2019/11/22 19:26:26.74 #|1574450786.740968980|00#| work_queue_worker[1] wq: tx to master: info tasks_running 0
2019/11/22 19:26:26.74 #|1574450786.741027120|00#| work_queue_worker[1] wq: tx to master: end
2019/11/22 19:26:26.74 #|1574450786.741325785|00#| work_queue_worker[1] wq: rx from master: put file-0-0008645a00ac79d3f3bea1ddf871bace-test.fasta.15 10120 0644 1
2019/11/22 19:26:26.74 #|1574450786.741361955|00#| work_queue_worker[1] wq: Putting file file-0-0008645a00ac79d3f3bea1ddf871bace-test.fasta.15 into workspace
2019/11/22 19:26:26.74 #|1574450786.741522690|00#| work_queue_worker[1] wq: rx from master: task 5
2019/11/22 19:26:26.74 #|1574450786.741571485|00#| work_queue_worker[1] wq: rx from master: cmd 88
2019/11/22 19:26:26.74 #|1574450786.741586758|00#| work_queue_worker[1] wq: rx from master: ./blastall -p blastn -d nt/nt -i test.fasta.15 -o test.fasta.15.out 2> test.fasta.15.err
2019/11/22 19:26:26.74 #|1574450786.741595216|00#| work_queue_worker[1] wq: rx from master: category default
2019/11/22 19:26:26.74 #|1574450786.741604351|00#| work_queue_worker[1] wq: rx from master: cores 1
2019/11/22 19:26:26.74 #|1574450786.741614306|00#| work_queue_worker[1] wq: rx from master: memory 11908
2019/11/22 19:26:26.74 #|1574450786.741623715|00#| work_queue_worker[1] wq: rx from master: disk 2166
2019/11/22 19:26:26.74 #|1574450786.741657182|00#| work_queue_worker[1] wq: rx from master: gpus 0
2019/11/22 19:26:26.74 #|1574450786.741670780|00#| work_queue_worker[1] wq: rx from master: end_time 18446744073709551615
2019/11/22 19:26:26.74 #|1574450786.741681557|00#| work_queue_worker[1] wq: rx from master: wall_time 18446744073709551615
2019/11/22 19:26:26.74 #|1574450786.741700336|00#| work_queue_worker[1] wq: rx from master: env 7
2019/11/22 19:26:26.74 #|1574450786.741736283|00#| work_queue_worker[1] wq: rx from master: env 17
2019/11/22 19:26:26.74 #|1574450786.741754828|00#| work_queue_worker[1] wq: rx from master: infile file-0-25930e3036f13852cb0b29694bbab611-nt nt 1
2019/11/22 19:26:26.74 #|1574450786.741799673|00#| work_queue_worker[1] wq: rx from master: infile file-0-0008645a00ac79d3f3bea1ddf871bace-test.fasta.15 test.fasta.15 1
2019/11/22 19:26:26.74 #|1574450786.741824992|00#| work_queue_worker[1] wq: rx from master: infile file-0-daa9c57850b857b80eefebbca6aa18ce-blastall blastall 1
2019/11/22 19:26:26.74 #|1574450786.741880846|00#| work_queue_worker[1] wq: rx from master: outfile file-0-018f568daaa4c9813af138b9acc80300-test.fasta.15.err test.fasta.15.err 1
2019/11/22 19:26:26.74 #|1574450786.741908052|00#| work_queue_worker[1] wq: rx from master: outfile file-0-b230c590bc23b5b924df9e9d98a59cf3-test.fasta.15.out test.fasta.15.out 1
2019/11/22 19:26:26.74 #|1574450786.741952133|00#| work_queue_worker[1] wq: rx from master: end
2019/11/22 19:26:26.74 #|1574450786.742063447|00#| work_queue_worker[1] wq: linking cache/file-0-25930e3036f13852cb0b29694bbab611-nt to /tmp/worker-0-1/t.5/nt
2019/11/22 19:26:26.74 #|1574450786.742286302|00#| work_queue_worker[1] wq: linking cache/file-0-0008645a00ac79d3f3bea1ddf871bace-test.fasta.15 to /tmp/worker-0-1/t.5/test.fasta.15
2019/11/22 19:26:26.74 #|1574450786.742320197|00#| work_queue_worker[1] wq: linking cache/file-0-daa9c57850b857b80eefebbca6aa18ce-blastall to /tmp/worker-0-1/t.5/blastall
2019/11/22 19:26:26.74 #|1574450786.742529360|00#| work_queue_worker[1] wq: started process 17: ./blastall -p blastn -d nt/nt -i test.fasta.15 -o test.fasta.15.out 2> test.fasta.15.err
2019/11/22 19:26:26.74 #|1574450786.742577534|00#| work_queue_worker[1] wq: tx to master: info tasks_running 1
2019/11/22 19:26:41.02 #|1574450801.24719379|00#| work_queue_worker[1] wq: task 5 (pid 17) exited normally with exit code 0
2019/11/22 19:26:41.02 #|1574450801.24745822|00#| work_queue_worker[1] wq: moving output file from /tmp/worker-0-1/t.5/test.fasta.15.err to cache/file-0-018f568daaa4c9813af138b9acc80300-test.fasta.15.err
2019/11/22 19:26:41.02 #|1574450801.24804321|00#| work_queue_worker[1] wq: moving output file from /tmp/worker-0-1/t.5/test.fasta.15.out to cache/file-0-b230c590bc23b5b924df9e9d98a59cf3-test.fasta.15.out
2019/11/22 19:26:41.02 #|1574450801.25133903|00#| work_queue_worker[1] wq: tx to master: available_results
2019/11/22 19:26:41.40 #|1574450801.404276870|00#| work_queue_worker[1] wq: rx from master: send_results -1
2019/11/22 19:26:41.40 #|1574450801.404320327|00#| work_queue_worker[1] wq: tx to master: result 0 0 0 14282374 5
2019/11/22 19:26:41.40 #|1574450801.404402884|00#| work_queue_worker[1] wq: tx to master: info tasks_running 0
2019/11/22 19:26:41.40 #|1574450801.404457404|00#| work_queue_worker[1] wq: tx to master: end
2019/11/22 19:26:41.40 #|1574450801.404739217|00#| work_queue_worker[1] wq: rx from master: get file-0-018f568daaa4c9813af138b9acc80300-test.fasta.15.err 1
2019/11/22 19:26:41.40 #|1574450801.404777455|00#| work_queue_worker[1] wq: tx to master: file file-0-018f568daaa4c9813af138b9acc80300-test.fasta.15.err 0
2019/11/22 19:26:41.40 #|1574450801.404837731|00#| work_queue_worker[1] wq: tx to master: end
2019/11/22 19:26:41.40 #|1574450801.405176934|00#| work_queue_worker[1] wq: rx from master: get file-0-b230c590bc23b5b924df9e9d98a59cf3-test.fasta.15.out 1
2019/11/22 19:26:41.40 #|1574450801.405210952|00#| work_queue_worker[1] wq: tx to master: file file-0-b230c590bc23b5b924df9e9d98a59cf3-test.fasta.15.out 14251
2019/11/22 19:26:41.40 #|1574450801.405369515|00#| work_queue_worker[1] wq: tx to master: end
2019/11/22 19:26:41.40 #|1574450801.405549484|00#| work_queue_worker[1] wq: rx from master: kill 5
2019/11/22 19:26:41.40 #|1574450801.406758485|00#| work_queue_worker[1] wq: rx from master: put file-0-e7f309af480f7b15cfe71180f5284818-test.fasta.16 10120 0644 1
2019/11/22 19:26:41.40 #|1574450801.406798342|00#| work_queue_worker[1] wq: Putting file file-0-e7f309af480f7b15cfe71180f5284818-test.fasta.16 into workspace
2019/11/22 19:26:41.40 #|1574450801.406918062|00#| work_queue_worker[1] wq: rx from master: task 4
2019/11/22 19:26:41.40 #|1574450801.406937457|00#| work_queue_worker[1] wq: rx from master: cmd 88
2019/11/22 19:26:41.40 #|1574450801.406978889|00#| work_queue_worker[1] wq: rx from master: ./blastall -p blastn -d nt/nt -i test.fasta.16 -o test.fasta.16.out 2> test.fasta.16.err
2019/11/22 19:26:41.40 #|1574450801.406990613|00#| work_queue_worker[1] wq: rx from master: category default
2019/11/22 19:26:41.40 #|1574450801.407002192|00#| work_queue_worker[1] wq: rx from master: cores 1
2019/11/22 19:26:41.40 #|1574450801.407040793|00#| work_queue_worker[1] wq: rx from master: memory 11908
2019/11/22 19:26:41.40 #|1574450801.407085983|00#| work_queue_worker[1] wq: rx from master: disk 2166
2019/11/22 19:26:41.40 #|1574450801.407216786|00#| work_queue_worker[1] wq: rx from master: gpus 0
2019/11/22 19:26:41.40 #|1574450801.407237998|00#| work_queue_worker[1] wq: rx from master: end_time 18446744073709551615
2019/11/22 19:26:41.40 #|1574450801.407251708|00#| work_queue_worker[1] wq: rx from master: wall_time 18446744073709551615
2019/11/22 19:26:41.40 #|1574450801.407355716|00#| work_queue_worker[1] wq: rx from master: env 7
2019/11/22 19:26:41.40 #|1574450801.407379181|00#| work_queue_worker[1] wq: rx from master: env 17
2019/11/22 19:26:41.40 #|1574450801.407416411|00#| work_queue_worker[1] wq: rx from master: infile file-0-25930e3036f13852cb0b29694bbab611-nt nt 1
2019/11/22 19:26:41.40 #|1574450801.407447040|00#| work_queue_worker[1] wq: rx from master: infile file-0-e7f309af480f7b15cfe71180f5284818-test.fasta.16 test.fasta.16 1
2019/11/22 19:26:41.40 #|1574450801.407584039|00#| work_queue_worker[1] wq: rx from master: infile file-0-daa9c57850b857b80eefebbca6aa18ce-blastall blastall 1
2019/11/22 19:26:41.40 #|1574450801.407639650|00#| work_queue_worker[1] wq: rx from master: outfile file-0-49428ca6e9788cb4d3ba878e251f88c4-test.fasta.16.err test.fasta.16.err 1
2019/11/22 19:26:41.40 #|1574450801.407663215|00#| work_queue_worker[1] wq: rx from master: outfile file-0-6d79746b10289399b975e24593cae1b2-test.fasta.16.out test.fasta.16.out 1
2019/11/22 19:26:41.40 #|1574450801.407682512|00#| work_queue_worker[1] wq: rx from master: end
2019/11/22 19:26:41.40 #|1574450801.407783262|00#| work_queue_worker[1] wq: linking cache/file-0-25930e3036f13852cb0b29694bbab611-nt to /tmp/worker-0-1/t.4/nt
2019/11/22 19:26:41.40 #|1574450801.407988831|00#| work_queue_worker[1] wq: linking cache/file-0-e7f309af480f7b15cfe71180f5284818-test.fasta.16 to /tmp/worker-0-1/t.4/test.fasta.16
2019/11/22 19:26:41.40 #|1574450801.408021031|00#| work_queue_worker[1] wq: linking cache/file-0-daa9c57850b857b80eefebbca6aa18ce-blastall to /tmp/worker-0-1/t.4/blastall
2019/11/22 19:26:41.40 #|1574450801.408198957|00#| work_queue_worker[1] wq: started process 19: ./blastall -p blastn -d nt/nt -i test.fasta.16 -o test.fasta.16.out 2> test.fasta.16.err
2019/11/22 19:26:41.40 #|1574450801.408229805|00#| work_queue_worker[1] wq: tx to master: info tasks_running 1
2019/11/22 19:26:56.05 #|1574450816.55273845|00#| work_queue_worker[1] wq: task 4 (pid 19) exited normally with exit code 0
2019/11/22 19:26:56.05 #|1574450816.55303378|00#| work_queue_worker[1] wq: moving output file from /tmp/worker-0-1/t.4/test.fasta.16.err to cache/file-0-49428ca6e9788cb4d3ba878e251f88c4-test.fasta.16.err
2019/11/22 19:26:56.05 #|1574450816.55361877|00#| work_queue_worker[1] wq: moving output file from /tmp/worker-0-1/t.4/test.fasta.16.out to cache/file-0-6d79746b10289399b975e24593cae1b2-test.fasta.16.out
2019/11/22 19:26:56.05 #|1574450816.55680911|00#| work_queue_worker[1] wq: tx to master: available_results
2019/11/22 19:26:56.05 #|1574450816.55988562|00#| work_queue_worker[1] wq: rx from master: send_results -1
2019/11/22 19:26:56.05 #|1574450816.56025574|00#| work_queue_worker[1] wq: tx to master: result 0 0 0 14647231 4
2019/11/22 19:26:56.05 #|1574450816.56092314|00#| work_queue_worker[1] wq: tx to master: info tasks_running 0
2019/11/22 19:26:56.05 #|1574450816.56142828|00#| work_queue_worker[1] wq: tx to master: end
2019/11/22 19:26:56.05 #|1574450816.56467659|00#| work_queue_worker[1] wq: rx from master: get file-0-49428ca6e9788cb4d3ba878e251f88c4-test.fasta.16.err 1
2019/11/22 19:26:56.05 #|1574450816.56507334|00#| work_queue_worker[1] wq: tx to master: file file-0-49428ca6e9788cb4d3ba878e251f88c4-test.fasta.16.err 0
2019/11/22 19:26:56.05 #|1574450816.56566248|00#| work_queue_worker[1] wq: tx to master: end
2019/11/22 19:26:56.05 #|1574450816.56853303|00#| work_queue_worker[1] wq: rx from master: get file-0-6d79746b10289399b975e24593cae1b2-test.fasta.16.out 1
2019/11/22 19:26:56.05 #|1574450816.56887061|00#| work_queue_worker[1] wq: tx to master: file file-0-6d79746b10289399b975e24593cae1b2-test.fasta.16.out 21904
2019/11/22 19:26:56.05 #|1574450816.57080578|00#| work_queue_worker[1] wq: tx to master: end
2019/11/22 19:26:56.05 #|1574450816.57260487|00#| work_queue_worker[1] wq: rx from master: kill 4
2019/11/22 19:26:56.05 #|1574450816.57924641|00#| work_queue_worker[1] wq: rx from master: put file-0-c3a7eea4528f3888f4f96bb51f86b0ae-test.fasta.4 10110 0644 1
2019/11/22 19:26:56.05 #|1574450816.57953124|00#| work_queue_worker[1] wq: Putting file file-0-c3a7eea4528f3888f4f96bb51f86b0ae-test.fasta.4 into workspace
2019/11/22 19:26:56.05 #|1574450816.58089184|00#| work_queue_worker[1] wq: rx from master: task 16
2019/11/22 19:26:56.05 #|1574450816.58110277|00#| work_queue_worker[1] wq: rx from master: cmd 85
2019/11/22 19:26:56.05 #|1574450816.58121943|00#| work_queue_worker[1] wq: rx from master: ./blastall -p blastn -d nt/nt -i test.fasta.4 -o test.fasta.4.out 2> test.fasta.4.err
2019/11/22 19:26:56.05 #|1574450816.58130347|00#| work_queue_worker[1] wq: rx from master: category default
2019/11/22 19:26:56.05 #|1574450816.58139514|00#| work_queue_worker[1] wq: rx from master: cores 1
2019/11/22 19:26:56.05 #|1574450816.58149471|00#| work_queue_worker[1] wq: rx from master: memory 11908
2019/11/22 19:26:56.05 #|1574450816.58183718|00#| work_queue_worker[1] wq: rx from master: disk 2166
2019/11/22 19:26:56.05 #|1574450816.58197090|00#| work_queue_worker[1] wq: rx from master: gpus 0
2019/11/22 19:26:56.05 #|1574450816.58207160|00#| work_queue_worker[1] wq: rx from master: end_time 18446744073709551615
2019/11/22 19:26:56.05 #|1574450816.58220010|00#| work_queue_worker[1] wq: rx from master: wall_time 18446744073709551615
2019/11/22 19:26:56.05 #|1574450816.58252006|00#| work_queue_worker[1] wq: rx from master: env 7
2019/11/22 19:26:56.05 #|1574450816.58269993|00#| work_queue_worker[1] wq: rx from master: env 17
2019/11/22 19:26:56.05 #|1574450816.58350500|00#| work_queue_worker[1] wq: rx from master: infile file-0-25930e3036f13852cb0b29694bbab611-nt nt 1
2019/11/22 19:26:56.05 #|1574450816.58410057|00#| work_queue_worker[1] wq: rx from master: infile file-0-c3a7eea4528f3888f4f96bb51f86b0ae-test.fasta.4 test.fasta.4 1
2019/11/22 19:26:56.05 #|1574450816.58433815|00#| work_queue_worker[1] wq: rx from master: infile file-0-daa9c57850b857b80eefebbca6aa18ce-blastall blastall 1
2019/11/22 19:26:56.05 #|1574450816.58474853|00#| work_queue_worker[1] wq: rx from master: outfile file-0-18635fc52bb3486f8a2adce9d09bea64-test.fasta.4.err test.fasta.4.err 1
2019/11/22 19:26:56.05 #|1574450816.58498689|00#| work_queue_worker[1] wq: rx from master: outfile file-0-2ecda4a7153ec50ab6f3ee0f11be83e6-test.fasta.4.out test.fasta.4.out 1
2019/11/22 19:26:56.05 #|1574450816.58526743|00#| work_queue_worker[1] wq: rx from master: end
2019/11/22 19:26:56.05 #|1574450816.58629886|00#| work_queue_worker[1] wq: linking cache/file-0-25930e3036f13852cb0b29694bbab611-nt to /tmp/worker-0-1/t.16/nt
2019/11/22 19:26:56.05 #|1574450816.58836363|00#| work_queue_worker[1] wq: linking cache/file-0-c3a7eea4528f3888f4f96bb51f86b0ae-test.fasta.4 to /tmp/worker-0-1/t.16/test.fasta.4
2019/11/22 19:26:56.05 #|1574450816.58868829|00#| work_queue_worker[1] wq: linking cache/file-0-daa9c57850b857b80eefebbca6aa18ce-blastall to /tmp/worker-0-1/t.16/blastall
2019/11/22 19:26:56.05 #|1574450816.59046399|00#| work_queue_worker[1] wq: started process 21: ./blastall -p blastn -d nt/nt -i test.fasta.4 -o test.fasta.4.out 2> test.fasta.4.err
2019/11/22 19:26:56.05 #|1574450816.59078323|00#| work_queue_worker[1] wq: tx to master: info tasks_running 1
2019/11/22 19:27:10.20 #|1574450830.205161797|00#| work_queue_worker[1] wq: task 16 (pid 21) exited normally with exit code 0
2019/11/22 19:27:10.20 #|1574450830.205188706|00#| work_queue_worker[1] wq: moving output file from /tmp/worker-0-1/t.16/test.fasta.4.err to cache/file-0-18635fc52bb3486f8a2adce9d09bea64-test.fasta.4.err
2019/11/22 19:27:10.20 #|1574450830.205244867|00#| work_queue_worker[1] wq: moving output file from /tmp/worker-0-1/t.16/test.fasta.4.out to cache/file-0-2ecda4a7153ec50ab6f3ee0f11be83e6-test.fasta.4.out
2019/11/22 19:27:10.20 #|1574450830.205276807|00#| work_queue_worker[1] wq: tx to master: available_results
2019/11/22 19:27:10.20 #|1574450830.205560822|00#| work_queue_worker[1] wq: rx from master: send_results -1
2019/11/22 19:27:10.20 #|1574450830.205594287|00#| work_queue_worker[1] wq: tx to master: result 0 0 0 14146264 16
2019/11/22 19:27:10.20 #|1574450830.205647785|00#| work_queue_worker[1] wq: tx to master: info tasks_running 0
2019/11/22 19:27:10.20 #|1574450830.205689686|00#| work_queue_worker[1] wq: tx to master: end
2019/11/22 19:27:10.20 #|1574450830.205948979|00#| work_queue_worker[1] wq: rx from master: get file-0-18635fc52bb3486f8a2adce9d09bea64-test.fasta.4.err 1
2019/11/22 19:27:10.20 #|1574450830.205986151|00#| work_queue_worker[1] wq: tx to master: file file-0-18635fc52bb3486f8a2adce9d09bea64-test.fasta.4.err 0
2019/11/22 19:27:10.20 #|1574450830.206042219|00#| work_queue_worker[1] wq: tx to master: end
2019/11/22 19:27:10.20 #|1574450830.206337189|00#| work_queue_worker[1] wq: rx from master: get file-0-2ecda4a7153ec50ab6f3ee0f11be83e6-test.fasta.4.out 1
2019/11/22 19:27:10.20 #|1574450830.206369426|00#| work_queue_worker[1] wq: tx to master: file file-0-2ecda4a7153ec50ab6f3ee0f11be83e6-test.fasta.4.out 28822
2019/11/22 19:27:10.20 #|1574450830.206564303|00#| work_queue_worker[1] wq: tx to master: end
2019/11/22 19:27:10.20 #|1574450830.206846325|00#| work_queue_worker[1] wq: rx from master: kill 16
2019/11/22 19:27:26.45 #|1574450846.458972416|00#| work_queue_worker[1] wq: rx from master: release
2019/11/22 19:27:26.45 #|1574450846.459005640|00#| work_queue_worker[1] wq: released by master 10.0.101.17:1026.
2019/11/22 19:27:26.45 #|1574450846.459025324|00#| work_queue_worker[1] wq: cleaning workspace /tmp/worker-0-1
2019/11/22 19:27:26.65 #|1574450846.658093411|00#| work_queue_worker[1] wq: disconnecting from master 10.0.101.17:1026
2019/11/22 19:27:26.65 #|1574450846.658186200|00#| work_queue_worker[1] tcp: disconnected from 10.0.101.17 port 1026
2019/11/22 19:27:26.65 #|1574450846.658206358|00#| work_queue_worker[1] wq: killing all outstanding tasks
2019/11/22 19:27:26.65 #|1574450846.658244343|00#| work_queue_worker[1] wq: all data structures are clean
2019/11/22 19:27:27.65 #|1574450847.658409726|00#| work_queue_worker[1] dns: looking up name master
2019/11/22 19:27:27.66 #|1574450847.662077909|00#| work_queue_worker[1] dns: couldn't look up master: Name or service not known
2019/11/22 19:27:29.66 #|1574450849.662254991|00#| work_queue_worker[1] dns: looking up name master
2019/11/22 19:27:29.66 #|1574450849.664209866|00#| work_queue_worker[1] dns: couldn't look up master: Name or service not known
