2019/11/22 19:27:03.51 #|1574450823.514221716|00#| work_queue_worker[1] debug: /root/cctools/bin/work_queue_worker version 8.0.0 DEVELOPMENT (released 2019-11-14 15:35:16 +0000)
2019/11/22 19:27:03.51 #|1574450823.514385238|00#| work_queue_worker[1] debug: Built by root@7e9ecba79f43 on 2019-11-14 15:35:16 +0000
2019/11/22 19:27:03.51 #|1574450823.514404020|00#| work_queue_worker[1] debug: System: Linux 7e9ecba79f43 5.0.0-32-generic #34~18.04.2-Ubuntu SMP Thu Oct 10 10:36:02 UTC 2019 x86_64 x86_64 x86_64 GNU/Linux
2019/11/22 19:27:03.51 #|1574450823.514427130|00#| work_queue_worker[1] debug: Configuration: --prefix /root/cctools
2019/11/22 19:27:03.51 #|1574450823.514681162|00#| work_queue_worker[1] wq: WORK_QUEUE_SANDBOX set to /tmp/worker-0-1.
2019/11/22 19:27:03.51 #|1574450823.515297750|00#| work_queue_worker[1] debug: error reading disk usage on directory: ./cache.
2019/11/22 19:27:03.51 #|1574450823.515345882|00#| work_queue_worker[1] dns: looking up name master
2019/11/22 19:27:03.51 #|1574450823.517801532|00#| work_queue_worker[1] dns: couldn't look up master: Name or service not known
2019/11/22 19:27:05.51 #|1574450825.518002863|00#| work_queue_worker[1] dns: looking up name master
2019/11/22 19:27:05.52 #|1574450825.520926659|00#| work_queue_worker[1] dns: couldn't look up master: Name or service not known
2019/11/22 19:27:07.52 #|1574450827.521181595|00#| work_queue_worker[1] dns: looking up name master
2019/11/22 19:27:07.52 #|1574450827.523923607|00#| work_queue_worker[1] dns: couldn't look up master: Name or service not known
2019/11/22 19:27:09.52 #|1574450829.524462322|00#| work_queue_worker[1] debug: error reading disk usage on directory: ./cache.
2019/11/22 19:27:09.52 #|1574450829.524563246|00#| work_queue_worker[1] dns: looking up name master
2019/11/22 19:27:09.52 #|1574450829.527109119|00#| work_queue_worker[1] dns: couldn't look up master: Name or service not known
2019/11/22 19:27:11.52 #|1574450831.527331657|00#| work_queue_worker[1] dns: looking up name master
2019/11/22 19:27:11.52 #|1574450831.528228022|00#| work_queue_worker[1] dns: master is 10.0.101.17
2019/11/22 19:27:11.52 #|1574450831.528370875|00#| work_queue_worker[1] tcp: connecting to 10.0.101.17 port 1026
2019/11/22 19:27:11.52 #|1574450831.529217873|00#| work_queue_worker[1] tcp: made connection to 10.0.101.17 port 1026
2019/11/22 19:27:11.52 #|1574450831.529289450|00#| work_queue_worker[1] wq: connected to master master:1026 via local address 10.0.101.3:50730
2019/11/22 19:27:11.52 #|1574450831.529326201|00#| work_queue_worker[1] wq: preparing workspace /tmp/worker-0-1
2019/11/22 19:27:11.52 #|1574450831.529724628|00#| work_queue_worker[1] dns: looking up name cacf9c3d114a
2019/11/22 19:27:11.52 #|1574450831.529848354|00#| work_queue_worker[1] dns: cacf9c3d114a is 10.0.101.3
2019/11/22 19:27:11.52 #|1574450831.529879265|00#| work_queue_worker[1] dns: looking up addr 10.0.101.3
2019/11/22 19:27:11.52 #|1574450831.529945810|00#| work_queue_worker[1] dns: 10.0.101.3 is cacf9c3d114a
2019/11/22 19:27:11.52 #|1574450831.529971879|00#| work_queue_worker[1] dns: finding my hostname: uname = cacf9c3d114a, address = 10.0.101.3, hostname = cacf9c3d114a
2019/11/22 19:27:11.52 #|1574450831.530003809|00#| work_queue_worker[1] wq: tx to master: workqueue 8 cacf9c3d114a Linux x86_64 8.0.0
2019/11/22 19:27:11.53 #|1574450831.530137578|00#| work_queue_worker[1] wq: tx to master: info worker-id worker-f425fb0f9cc3e231c9cc1ebef6684902
2019/11/22 19:27:11.53 #|1574450831.530227974|00#| work_queue_worker[1] wq: tx to master: alive
2019/11/22 19:27:11.53 #|1574450831.530308265|00#| work_queue_worker[1] wq: Sending resource description to master:
2019/11/22 19:27:11.53 #|1574450831.530334933|00#| work_queue_worker[1] wq:  workers      0 inuse      1 total      1 smallest      1 largest
2019/11/22 19:27:11.53 #|1574450831.530411460|00#| work_queue_worker[1] wq:     disk      0 inuse 183140 total 183140 smallest 183140 largest
2019/11/22 19:27:11.53 #|1574450831.530500026|00#| work_queue_worker[1] wq:   memory      0 inuse   7749 total   7749 smallest   7749 largest
2019/11/22 19:27:11.53 #|1574450831.530626208|00#| work_queue_worker[1] wq:     gpus      0 inuse      0 total      0 smallest      0 largest
2019/11/22 19:27:11.53 #|1574450831.530705522|00#| work_queue_worker[1] wq:    cores      0 inuse      1 total      1 smallest      1 largest
2019/11/22 19:27:11.53 #|1574450831.530834544|00#| work_queue_worker[1] wq: tx to master: info end_of_resource_update 0
2019/11/22 19:27:11.53 #|1574450831.530912031|00#| work_queue_worker[1] wq: tx to master: info tasks_running 0
2019/11/22 19:27:11.53 #|1574450831.530995338|00#| work_queue_worker[1] wq: working for master at 10.0.101.17:1026.
2019/11/22 19:27:25.62 #|1574450845.621829990|00#| work_queue_worker[1] wq: rx from master: put file-0-25930e3036f13852cb0b29694bbab611-nt/taxdb.bti 14920392 0644 1
2019/11/22 19:27:25.62 #|1574450845.622464403|00#| work_queue_worker[1] wq: Putting file file-0-25930e3036f13852cb0b29694bbab611-nt/taxdb.bti into workspace
2019/11/22 19:27:26.95 #|1574450846.952131974|00#| work_queue_worker[1] wq: rx from master: put file-0-25930e3036f13852cb0b29694bbab611-nt/nt.nal 752 0644 1
2019/11/22 19:27:26.95 #|1574450846.952230324|00#| work_queue_worker[1] wq: Putting file file-0-25930e3036f13852cb0b29694bbab611-nt/nt.nal into workspace
2019/11/22 19:27:26.95 #|1574450846.952437024|00#| work_queue_worker[1] wq: rx from master: put file-0-25930e3036f13852cb0b29694bbab611-nt/nt.44.nni 27220 0644 1
2019/11/22 19:27:26.95 #|1574450846.952489027|00#| work_queue_worker[1] wq: Putting file file-0-25930e3036f13852cb0b29694bbab611-nt/nt.44.nni into workspace
2019/11/22 19:27:26.95 #|1574450846.952709916|00#| work_queue_worker[1] wq: rx from master: put file-0-25930e3036f13852cb0b29694bbab611-nt/nt.44.nog 3378248 0644 1
2019/11/22 19:27:26.95 #|1574450846.952770601|00#| work_queue_worker[1] wq: Putting file file-0-25930e3036f13852cb0b29694bbab611-nt/nt.44.nog into workspace
2019/11/22 19:27:27.23 #|1574450847.235128741|00#| work_queue_worker[1] wq: rx from master: put file-0-25930e3036f13852cb0b29694bbab611-nt/taxdb.btd 141628361 0644 1
2019/11/22 19:27:27.23 #|1574450847.235249753|00#| work_queue_worker[1] wq: Putting file file-0-25930e3036f13852cb0b29694bbab611-nt/taxdb.btd into workspace
2019/11/22 19:27:39.72 #|1574450859.728128643|00#| work_queue_worker[1] wq: rx from master: put file-0-25930e3036f13852cb0b29694bbab611-nt/nt.44.nhr 148534336 0644 1
2019/11/22 19:27:39.72 #|1574450859.728247685|00#| work_queue_worker[1] wq: Putting file file-0-25930e3036f13852cb0b29694bbab611-nt/nt.44.nhr into workspace
2019/11/22 19:27:52.82 #|1574450872.824166795|00#| work_queue_worker[1] wq: rx from master: put file-0-25930e3036f13852cb0b29694bbab611-nt/nt.44.nhi 338004 0644 1
2019/11/22 19:27:52.82 #|1574450872.824277708|00#| work_queue_worker[1] wq: Putting file file-0-25930e3036f13852cb0b29694bbab611-nt/nt.44.nhi into workspace
2019/11/22 19:27:52.82 #|1574450872.829884237|00#| work_queue_worker[1] wq: rx from master: put file-0-25930e3036f13852cb0b29694bbab611-nt/nt.44.nnd 6955488 0644 1
2019/11/22 19:27:52.82 #|1574450872.829979202|00#| work_queue_worker[1] wq: Putting file file-0-25930e3036f13852cb0b29694bbab611-nt/nt.44.nnd into workspace
2019/11/22 19:27:53.44 #|1574450873.442828983|00#| work_queue_worker[1] wq: rx from master: put file-0-25930e3036f13852cb0b29694bbab611-nt/nt.44.nhd 14869748 0644 1
2019/11/22 19:27:53.44 #|1574450873.442924412|00#| work_queue_worker[1] wq: Putting file file-0-25930e3036f13852cb0b29694bbab611-nt/nt.44.nhd into workspace
2019/11/22 19:27:54.75 #|1574450874.753226083|00#| work_queue_worker[1] wq: rx from master: put file-0-25930e3036f13852cb0b29694bbab611-nt/nt.44.nsq 974099786 0644 1
2019/11/22 19:27:54.75 #|1574450874.753355385|00#| work_queue_worker[1] wq: Putting file file-0-25930e3036f13852cb0b29694bbab611-nt/nt.44.nsq into workspace
2019/11/22 19:29:20.61 #|1574450960.612150493|00#| work_queue_worker[1] wq: rx from master: put file-0-25930e3036f13852cb0b29694bbab611-nt/nt.44.nin 10134740 0644 1
2019/11/22 19:29:20.61 #|1574450960.612251240|00#| work_queue_worker[1] wq: Putting file file-0-25930e3036f13852cb0b29694bbab611-nt/nt.44.nin into workspace
2019/11/22 19:29:21.48 #|1574450961.485572658|00#| work_queue_worker[1] wq: rx from master: put file-0-25930e3036f13852cb0b29694bbab611-nt/nt.44.nsi 764650 0644 1
2019/11/22 19:29:21.48 #|1574450961.485706418|00#| work_queue_worker[1] wq: Putting file file-0-25930e3036f13852cb0b29694bbab611-nt/nt.44.nsi into workspace
2019/11/22 19:29:21.55 #|1574450961.553004457|00#| work_queue_worker[1] wq: rx from master: put file-0-25930e3036f13852cb0b29694bbab611-nt/nt.44.nsd 33299557 0644 1
2019/11/22 19:29:21.55 #|1574450961.553106282|00#| work_queue_worker[1] wq: Putting file file-0-25930e3036f13852cb0b29694bbab611-nt/nt.44.nsd into workspace
2019/11/22 19:29:24.48 #|1574450964.487087373|00#| work_queue_worker[1] wq: rx from master: put file-0-e046ec692c0ced962d3265bfe7245360-test.fasta.14 10120 0644 1
2019/11/22 19:29:24.48 #|1574450964.487195189|00#| work_queue_worker[1] wq: Putting file file-0-e046ec692c0ced962d3265bfe7245360-test.fasta.14 into workspace
2019/11/22 19:29:24.48 #|1574450964.487961145|00#| work_queue_worker[1] wq: rx from master: put file-0-daa9c57850b857b80eefebbca6aa18ce-blastall 7687410 0755 1
2019/11/22 19:29:24.48 #|1574450964.488019891|00#| work_queue_worker[1] wq: Putting file file-0-daa9c57850b857b80eefebbca6aa18ce-blastall into workspace
2019/11/22 19:29:25.18 #|1574450965.184500151|00#| work_queue_worker[1] wq: rx from master: task 6
2019/11/22 19:29:25.18 #|1574450965.184709656|00#| work_queue_worker[1] wq: rx from master: cmd 88
2019/11/22 19:29:25.18 #|1574450965.184842568|00#| work_queue_worker[1] wq: rx from master: ./blastall -p blastn -d nt/nt -i test.fasta.14 -o test.fasta.14.out 2> test.fasta.14.err
2019/11/22 19:29:25.18 #|1574450965.184901121|00#| work_queue_worker[1] wq: rx from master: category default
2019/11/22 19:29:25.18 #|1574450965.184942031|00#| work_queue_worker[1] wq: rx from master: cores 1
2019/11/22 19:29:25.18 #|1574450965.184979406|00#| work_queue_worker[1] wq: rx from master: memory 7749
2019/11/22 19:29:25.18 #|1574450965.185006518|00#| work_queue_worker[1] wq: rx from master: disk 183140
2019/11/22 19:29:25.18 #|1574450965.185031519|00#| work_queue_worker[1] wq: rx from master: gpus 0
2019/11/22 19:29:25.18 #|1574450965.185056880|00#| work_queue_worker[1] wq: rx from master: end_time 18446744073709551615
2019/11/22 19:29:25.18 #|1574450965.185084283|00#| work_queue_worker[1] wq: rx from master: wall_time 18446744073709551615
2019/11/22 19:29:25.18 #|1574450965.185109420|00#| work_queue_worker[1] wq: rx from master: env 7
2019/11/22 19:29:25.18 #|1574450965.185141353|00#| work_queue_worker[1] wq: rx from master: env 17
2019/11/22 19:29:25.18 #|1574450965.185170570|00#| work_queue_worker[1] wq: rx from master: infile file-0-25930e3036f13852cb0b29694bbab611-nt nt 1
2019/11/22 19:29:25.18 #|1574450965.185229886|00#| work_queue_worker[1] wq: rx from master: infile file-0-e046ec692c0ced962d3265bfe7245360-test.fasta.14 test.fasta.14 1
2019/11/22 19:29:25.18 #|1574450965.185273171|00#| work_queue_worker[1] wq: rx from master: infile file-0-daa9c57850b857b80eefebbca6aa18ce-blastall blastall 1
2019/11/22 19:29:25.18 #|1574450965.185313216|00#| work_queue_worker[1] wq: rx from master: outfile file-0-5904a03317e7e6566913b82983b96829-test.fasta.14.err test.fasta.14.err 1
2019/11/22 19:29:25.18 #|1574450965.185356284|00#| work_queue_worker[1] wq: rx from master: outfile file-0-6e7fd2228b2f7120a5a28bea1aa8b41f-test.fasta.14.out test.fasta.14.out 1
2019/11/22 19:29:25.18 #|1574450965.185397398|00#| work_queue_worker[1] wq: rx from master: end
2019/11/22 19:29:25.18 #|1574450965.185697848|00#| work_queue_worker[1] wq: linking cache/file-0-25930e3036f13852cb0b29694bbab611-nt to /tmp/worker-0-1/t.6/nt
2019/11/22 19:29:25.18 #|1574450965.186268442|00#| work_queue_worker[1] wq: linking cache/file-0-e046ec692c0ced962d3265bfe7245360-test.fasta.14 to /tmp/worker-0-1/t.6/test.fasta.14
2019/11/22 19:29:25.18 #|1574450965.186358935|00#| work_queue_worker[1] wq: linking cache/file-0-daa9c57850b857b80eefebbca6aa18ce-blastall to /tmp/worker-0-1/t.6/blastall
2019/11/22 19:29:25.18 #|1574450965.186802893|00#| work_queue_worker[1] wq: started process 9: ./blastall -p blastn -d nt/nt -i test.fasta.14 -o test.fasta.14.out 2> test.fasta.14.err
2019/11/22 19:29:25.18 #|1574450965.186893161|00#| work_queue_worker[1] wq: tx to master: info tasks_running 1
2019/11/22 19:29:25.48 #|1574450965.488387344|00#| work_queue_worker[1] wq: rx from master: check
2019/11/22 19:29:25.48 #|1574450965.488450650|00#| work_queue_worker[1] wq: tx to master: alive
2019/11/22 19:29:25.48 #|1574450965.488523798|00#| work_queue_worker[1] wq: tx to master: info tasks_running 1
2019/11/22 19:29:36.98 #|1574450976.983582647|00#| work_queue_worker[1] wq: task 6 (pid 9) exited normally with exit code 0
2019/11/22 19:29:36.98 #|1574450976.983625406|00#| work_queue_worker[1] wq: moving output file from /tmp/worker-0-1/t.6/test.fasta.14.err to cache/file-0-5904a03317e7e6566913b82983b96829-test.fasta.14.err
2019/11/22 19:29:36.98 #|1574450976.983690962|00#| work_queue_worker[1] wq: moving output file from /tmp/worker-0-1/t.6/test.fasta.14.out to cache/file-0-6e7fd2228b2f7120a5a28bea1aa8b41f-test.fasta.14.out
2019/11/22 19:29:36.98 #|1574450976.983749496|00#| work_queue_worker[1] wq: tx to master: available_results
2019/11/22 19:31:24.79 #|1574451084.793720259|00#| work_queue_worker[1] wq: rx from master: send_results -1
2019/11/22 19:31:24.79 #|1574451084.793881103|00#| work_queue_worker[1] wq: tx to master: result 0 0 0 11797093 6
2019/11/22 19:31:24.79 #|1574451084.794049604|00#| work_queue_worker[1] wq: tx to master: info tasks_running 0
2019/11/22 19:31:24.79 #|1574451084.794166894|00#| work_queue_worker[1] wq: tx to master: end
2019/11/22 19:31:24.80 #|1574451084.801432101|00#| work_queue_worker[1] wq: rx from master: get file-0-5904a03317e7e6566913b82983b96829-test.fasta.14.err 1
2019/11/22 19:31:24.80 #|1574451084.801550736|00#| work_queue_worker[1] wq: tx to master: file file-0-5904a03317e7e6566913b82983b96829-test.fasta.14.err 0
2019/11/22 19:31:24.80 #|1574451084.801692760|00#| work_queue_worker[1] wq: tx to master: end
2019/11/22 19:31:24.80 #|1574451084.808821020|00#| work_queue_worker[1] wq: rx from master: get file-0-6e7fd2228b2f7120a5a28bea1aa8b41f-test.fasta.14.out 1
2019/11/22 19:31:24.80 #|1574451084.808922880|00#| work_queue_worker[1] wq: tx to master: file file-0-6e7fd2228b2f7120a5a28bea1aa8b41f-test.fasta.14.out 18451
2019/11/22 19:31:24.80 #|1574451084.809285268|00#| work_queue_worker[1] wq: tx to master: end
2019/11/22 19:31:24.82 #|1574451084.824084569|00#| work_queue_worker[1] wq: rx from master: kill 6
2019/11/22 19:31:24.85 #|1574451084.859282116|00#| work_queue_worker[1] wq: rx from master: put file-0-3c684903ad7beb0f07c70d32ce209cf3-test.fasta.9 10111 0644 1
2019/11/22 19:31:24.85 #|1574451084.859356604|00#| work_queue_worker[1] wq: Putting file file-0-3c684903ad7beb0f07c70d32ce209cf3-test.fasta.9 into workspace
2019/11/22 19:31:24.86 #|1574451084.866276900|00#| work_queue_worker[1] wq: rx from master: task 11
2019/11/22 19:31:24.86 #|1574451084.866353437|00#| work_queue_worker[1] wq: rx from master: cmd 85
2019/11/22 19:31:24.86 #|1574451084.866386287|00#| work_queue_worker[1] wq: rx from master: ./blastall -p blastn -d nt/nt -i test.fasta.9 -o test.fasta.9.out 2> test.fasta.9.err
2019/11/22 19:31:24.86 #|1574451084.866407389|00#| work_queue_worker[1] wq: rx from master: category default
2019/11/22 19:31:24.86 #|1574451084.866438308|00#| work_queue_worker[1] wq: rx from master: cores 1
2019/11/22 19:31:24.86 #|1574451084.866456939|00#| work_queue_worker[1] wq: rx from master: memory 7749
2019/11/22 19:31:24.86 #|1574451084.866489368|00#| work_queue_worker[1] wq: rx from master: disk 183140
2019/11/22 19:31:24.86 #|1574451084.866511831|00#| work_queue_worker[1] wq: rx from master: gpus 0
2019/11/22 19:31:24.86 #|1574451084.866534686|00#| work_queue_worker[1] wq: rx from master: end_time 18446744073709551615
2019/11/22 19:31:24.86 #|1574451084.866567006|00#| work_queue_worker[1] wq: rx from master: wall_time 18446744073709551615
2019/11/22 19:31:24.86 #|1574451084.866585779|00#| work_queue_worker[1] wq: rx from master: env 7
2019/11/22 19:31:24.86 #|1574451084.866634577|00#| work_queue_worker[1] wq: rx from master: env 17
2019/11/22 19:31:24.86 #|1574451084.866661286|00#| work_queue_worker[1] wq: rx from master: infile file-0-25930e3036f13852cb0b29694bbab611-nt nt 1
2019/11/22 19:31:24.86 #|1574451084.866722950|00#| work_queue_worker[1] wq: rx from master: infile file-0-3c684903ad7beb0f07c70d32ce209cf3-test.fasta.9 test.fasta.9 1
2019/11/22 19:31:24.86 #|1574451084.866762003|00#| work_queue_worker[1] wq: rx from master: infile file-0-daa9c57850b857b80eefebbca6aa18ce-blastall blastall 1
2019/11/22 19:31:24.86 #|1574451084.866806486|00#| work_queue_worker[1] wq: rx from master: outfile file-0-8b8651ac4a310c9b2b1cb06061c67223-test.fasta.9.err test.fasta.9.err 1
2019/11/22 19:31:24.86 #|1574451084.866849098|00#| work_queue_worker[1] wq: rx from master: outfile file-0-8c8215651ccf820f581014d2a05d1c97-test.fasta.9.out test.fasta.9.out 1
2019/11/22 19:31:24.86 #|1574451084.866885095|00#| work_queue_worker[1] wq: rx from master: end
2019/11/22 19:31:24.86 #|1574451084.867123519|00#| work_queue_worker[1] wq: linking cache/file-0-25930e3036f13852cb0b29694bbab611-nt to /tmp/worker-0-1/t.11/nt
2019/11/22 19:31:24.86 #|1574451084.867739191|00#| work_queue_worker[1] wq: linking cache/file-0-3c684903ad7beb0f07c70d32ce209cf3-test.fasta.9 to /tmp/worker-0-1/t.11/test.fasta.9
2019/11/22 19:31:24.86 #|1574451084.867819499|00#| work_queue_worker[1] wq: linking cache/file-0-daa9c57850b857b80eefebbca6aa18ce-blastall to /tmp/worker-0-1/t.11/blastall
2019/11/22 19:31:24.86 #|1574451084.867869757|00#| work_queue_worker[1] wq: Waiting task 11 has been forsaken.
2019/11/22 19:31:24.86 #|1574451084.867888492|00#| work_queue_worker[1] wq: tx to master: alive
2019/11/22 19:31:24.86 #|1574451084.867974455|00#| work_queue_worker[1] wq: Sending resource description to master:
2019/11/22 19:31:24.86 #|1574451084.867994560|00#| work_queue_worker[1] wq:  workers      0 inuse      1 total      1 smallest      1 largest
2019/11/22 19:31:24.86 #|1574451084.868070864|00#| work_queue_worker[1] wq:     disk   1294 inuse 181878 total 181878 smallest 181878 largest
2019/11/22 19:31:24.86 #|1574451084.868150978|00#| work_queue_worker[1] wq:   memory      0 inuse   7749 total   7749 smallest   7749 largest
2019/11/22 19:31:24.86 #|1574451084.868227341|00#| work_queue_worker[1] wq:     gpus      0 inuse      0 total      0 smallest      0 largest
2019/11/22 19:31:24.86 #|1574451084.868306969|00#| work_queue_worker[1] wq:    cores      0 inuse      1 total      1 smallest      1 largest
2019/11/22 19:31:24.86 #|1574451084.868427745|00#| work_queue_worker[1] wq: tx to master: info end_of_resource_update 0
2019/11/22 19:31:24.86 #|1574451084.868505895|00#| work_queue_worker[1] wq: tx to master: info tasks_running 0
2019/11/22 19:31:24.86 #|1574451084.868577602|00#| work_queue_worker[1] wq: tx to master: info tasks_running 0
2019/11/22 19:31:24.86 #|1574451084.868651258|00#| work_queue_worker[1] wq: tx to master: available_results
2019/11/22 19:35:25.25 #|1574451325.252145734|00#| work_queue_worker[1] wq: rx from master: check
2019/11/22 19:35:25.25 #|1574451325.252213014|00#| work_queue_worker[1] wq: tx to master: alive
2019/11/22 19:35:25.25 #|1574451325.252300375|00#| work_queue_worker[1] wq: tx to master: info tasks_running 0
2019/11/22 19:35:25.25 #|1574451325.253135966|00#| work_queue_worker[1] wq: rx from master: send_results -1
2019/11/22 19:35:25.25 #|1574451325.253180518|00#| work_queue_worker[1] wq: tx to master: result 40 0 0 0 11
2019/11/22 19:35:25.25 #|1574451325.253245146|00#| work_queue_worker[1] wq: tx to master: info tasks_running 0
2019/11/22 19:35:25.25 #|1574451325.253298185|00#| work_queue_worker[1] wq: tx to master: end
2019/11/22 19:35:25.25 #|1574451325.254022023|00#| work_queue_worker[1] wq: rx from master: put file-0-21ce2e3623ee3a033739f28d47ebc2f3-test.fasta.1 10110 0644 1
2019/11/22 19:35:25.25 #|1574451325.254071526|00#| work_queue_worker[1] wq: Putting file file-0-21ce2e3623ee3a033739f28d47ebc2f3-test.fasta.1 into workspace
2019/11/22 19:35:25.25 #|1574451325.255240753|00#| work_queue_worker[1] wq: rx from master: task 19
2019/11/22 19:35:25.25 #|1574451325.255273967|00#| work_queue_worker[1] wq: rx from master: cmd 85
2019/11/22 19:35:25.25 #|1574451325.255291934|00#| work_queue_worker[1] wq: rx from master: ./blastall -p blastn -d nt/nt -i test.fasta.1 -o test.fasta.1.out 2> test.fasta.1.err
2019/11/22 19:35:25.25 #|1574451325.255310021|00#| work_queue_worker[1] wq: rx from master: category default
2019/11/22 19:35:25.25 #|1574451325.255330733|00#| work_queue_worker[1] wq: rx from master: cores 1
2019/11/22 19:35:25.25 #|1574451325.255347335|00#| work_queue_worker[1] wq: rx from master: memory 7749
2019/11/22 19:35:25.25 #|1574451325.255365855|00#| work_queue_worker[1] wq: rx from master: disk 181878
2019/11/22 19:35:25.25 #|1574451325.255415975|00#| work_queue_worker[1] wq: rx from master: gpus 0
2019/11/22 19:35:25.25 #|1574451325.255447890|00#| work_queue_worker[1] wq: rx from master: end_time 18446744073709551615
2019/11/22 19:35:25.25 #|1574451325.255476630|00#| work_queue_worker[1] wq: rx from master: wall_time 18446744073709551615
2019/11/22 19:35:25.25 #|1574451325.255504710|00#| work_queue_worker[1] wq: rx from master: env 7
2019/11/22 19:35:25.25 #|1574451325.255532560|00#| work_queue_worker[1] wq: rx from master: env 17
2019/11/22 19:35:25.25 #|1574451325.255551337|00#| work_queue_worker[1] wq: rx from master: infile file-0-25930e3036f13852cb0b29694bbab611-nt nt 1
2019/11/22 19:35:25.25 #|1574451325.255586601|00#| work_queue_worker[1] wq: rx from master: infile file-0-21ce2e3623ee3a033739f28d47ebc2f3-test.fasta.1 test.fasta.1 1
2019/11/22 19:35:25.25 #|1574451325.255629477|00#| work_queue_worker[1] wq: rx from master: infile file-0-daa9c57850b857b80eefebbca6aa18ce-blastall blastall 1
2019/11/22 19:35:25.25 #|1574451325.255658480|00#| work_queue_worker[1] wq: rx from master: outfile file-0-3ab9f1950a6d162e67ee5b12ea6e7807-test.fasta.1.err test.fasta.1.err 1
2019/11/22 19:35:25.25 #|1574451325.255689088|00#| work_queue_worker[1] wq: rx from master: outfile file-0-994988da6966ac76fa59fc30ca8c2cd9-test.fasta.1.out test.fasta.1.out 1
2019/11/22 19:35:25.25 #|1574451325.255723709|00#| work_queue_worker[1] wq: rx from master: end
2019/11/22 19:35:25.25 #|1574451325.256227907|00#| work_queue_worker[1] wq: linking cache/file-0-25930e3036f13852cb0b29694bbab611-nt to /tmp/worker-0-1/t.19/nt
2019/11/22 19:35:25.25 #|1574451325.256641872|00#| work_queue_worker[1] wq: linking cache/file-0-21ce2e3623ee3a033739f28d47ebc2f3-test.fasta.1 to /tmp/worker-0-1/t.19/test.fasta.1
2019/11/22 19:35:25.25 #|1574451325.256699594|00#| work_queue_worker[1] wq: linking cache/file-0-daa9c57850b857b80eefebbca6aa18ce-blastall to /tmp/worker-0-1/t.19/blastall
2019/11/22 19:35:25.25 #|1574451325.256745553|00#| work_queue_worker[1] wq: Waiting task 19 has been forsaken.
2019/11/22 19:35:25.25 #|1574451325.256763847|00#| work_queue_worker[1] wq: tx to master: alive
2019/11/22 19:35:25.25 #|1574451325.256822385|00#| work_queue_worker[1] wq: Sending resource description to master:
2019/11/22 19:35:25.25 #|1574451325.256841416|00#| work_queue_worker[1] wq:  workers      0 inuse      1 total      1 smallest      1 largest
2019/11/22 19:35:25.25 #|1574451325.256889905|00#| work_queue_worker[1] wq:     disk   1294 inuse 179258 total 179258 smallest 179258 largest
2019/11/22 19:35:25.25 #|1574451325.256948906|00#| work_queue_worker[1] wq:   memory      0 inuse   7749 total   7749 smallest   7749 largest
2019/11/22 19:35:25.25 #|1574451325.256997044|00#| work_queue_worker[1] wq:     gpus      0 inuse      0 total      0 smallest      0 largest
2019/11/22 19:35:25.25 #|1574451325.257050668|00#| work_queue_worker[1] wq:    cores      0 inuse      1 total      1 smallest      1 largest
2019/11/22 19:35:25.25 #|1574451325.257133534|00#| work_queue_worker[1] wq: tx to master: info end_of_resource_update 0
2019/11/22 19:35:25.25 #|1574451325.257209477|00#| work_queue_worker[1] wq: tx to master: info tasks_running 0
2019/11/22 19:35:25.25 #|1574451325.257288957|00#| work_queue_worker[1] wq: tx to master: info tasks_running 0
2019/11/22 19:35:25.25 #|1574451325.257371089|00#| work_queue_worker[1] wq: tx to master: available_results
2019/11/22 19:35:27.39 #|1574451327.399075002|00#| work_queue_worker[1] wq: rx from master: send_results -1
2019/11/22 19:35:27.39 #|1574451327.399113522|00#| work_queue_worker[1] wq: tx to master: result 40 0 0 0 19
2019/11/22 19:35:27.39 #|1574451327.399162096|00#| work_queue_worker[1] wq: tx to master: info tasks_running 0
2019/11/22 19:35:27.39 #|1574451327.399198498|00#| work_queue_worker[1] wq: tx to master: end
2019/11/22 19:35:27.39 #|1574451327.399738090|00#| work_queue_worker[1] wq: rx from master: put file-0-44e691287a28f8fe43f6653302546d8f-test.fasta.2 10110 0644 1
2019/11/22 19:35:27.39 #|1574451327.399770723|00#| work_queue_worker[1] wq: Putting file file-0-44e691287a28f8fe43f6653302546d8f-test.fasta.2 into workspace
2019/11/22 19:35:27.40 #|1574451327.400992697|00#| work_queue_worker[1] wq: rx from master: task 18
2019/11/22 19:35:27.40 #|1574451327.401049675|00#| work_queue_worker[1] wq: rx from master: cmd 85
2019/11/22 19:35:27.40 #|1574451327.401072741|00#| work_queue_worker[1] wq: rx from master: ./blastall -p blastn -d nt/nt -i test.fasta.2 -o test.fasta.2.out 2> test.fasta.2.err
2019/11/22 19:35:27.40 #|1574451327.401089146|00#| work_queue_worker[1] wq: rx from master: category default
2019/11/22 19:35:27.40 #|1574451327.401103119|00#| work_queue_worker[1] wq: rx from master: cores 1
2019/11/22 19:35:27.40 #|1574451327.401117240|00#| work_queue_worker[1] wq: rx from master: memory 7749
2019/11/22 19:35:27.40 #|1574451327.401134981|00#| work_queue_worker[1] wq: rx from master: disk 179258
2019/11/22 19:35:27.40 #|1574451327.401152770|00#| work_queue_worker[1] wq: rx from master: gpus 0
2019/11/22 19:35:27.40 #|1574451327.401170843|00#| work_queue_worker[1] wq: rx from master: end_time 18446744073709551615
2019/11/22 19:35:27.40 #|1574451327.401192005|00#| work_queue_worker[1] wq: rx from master: wall_time 18446744073709551615
2019/11/22 19:35:27.40 #|1574451327.401215856|00#| work_queue_worker[1] wq: rx from master: env 7
2019/11/22 19:35:27.40 #|1574451327.401236263|00#| work_queue_worker[1] wq: rx from master: env 17
2019/11/22 19:35:27.40 #|1574451327.401259458|00#| work_queue_worker[1] wq: rx from master: infile file-0-25930e3036f13852cb0b29694bbab611-nt nt 1
2019/11/22 19:35:27.40 #|1574451327.401290318|00#| work_queue_worker[1] wq: rx from master: infile file-0-44e691287a28f8fe43f6653302546d8f-test.fasta.2 test.fasta.2 1
2019/11/22 19:35:27.40 #|1574451327.401319219|00#| work_queue_worker[1] wq: rx from master: infile file-0-daa9c57850b857b80eefebbca6aa18ce-blastall blastall 1
2019/11/22 19:35:27.40 #|1574451327.401347642|00#| work_queue_worker[1] wq: rx from master: outfile file-0-ebce3b3f9d6d56ee92ad0f680eacabb2-test.fasta.2.err test.fasta.2.err 1
2019/11/22 19:35:27.40 #|1574451327.401384534|00#| work_queue_worker[1] wq: rx from master: outfile file-0-6efdc0d3dafa140b6743f2b63849bb1e-test.fasta.2.out test.fasta.2.out 1
2019/11/22 19:35:27.40 #|1574451327.401423270|00#| work_queue_worker[1] wq: rx from master: end
2019/11/22 19:35:27.40 #|1574451327.401578622|00#| work_queue_worker[1] wq: linking cache/file-0-25930e3036f13852cb0b29694bbab611-nt to /tmp/worker-0-1/t.18/nt
2019/11/22 19:35:27.40 #|1574451327.401879245|00#| work_queue_worker[1] wq: linking cache/file-0-44e691287a28f8fe43f6653302546d8f-test.fasta.2 to /tmp/worker-0-1/t.18/test.fasta.2
2019/11/22 19:35:27.40 #|1574451327.401943683|00#| work_queue_worker[1] wq: linking cache/file-0-daa9c57850b857b80eefebbca6aa18ce-blastall to /tmp/worker-0-1/t.18/blastall
2019/11/22 19:35:27.40 #|1574451327.403154316|00#| work_queue_worker[1] wq: started process 11: ./blastall -p blastn -d nt/nt -i test.fasta.2 -o test.fasta.2.out 2> test.fasta.2.err
2019/11/22 19:35:27.40 #|1574451327.403214483|00#| work_queue_worker[1] wq: tx to master: info tasks_running 1
2019/11/22 19:35:46.37 #|1574451346.374272053|00#| work_queue_worker[1] wq: task 18 (pid 11) exited normally with exit code 0
2019/11/22 19:35:46.37 #|1574451346.374463752|00#| work_queue_worker[1] wq: moving output file from /tmp/worker-0-1/t.18/test.fasta.2.err to cache/file-0-ebce3b3f9d6d56ee92ad0f680eacabb2-test.fasta.2.err
2019/11/22 19:35:46.37 #|1574451346.374581335|00#| work_queue_worker[1] wq: moving output file from /tmp/worker-0-1/t.18/test.fasta.2.out to cache/file-0-6efdc0d3dafa140b6743f2b63849bb1e-test.fasta.2.out
2019/11/22 19:35:46.37 #|1574451346.374666427|00#| work_queue_worker[1] wq: tx to master: available_results
2019/11/22 19:35:46.39 #|1574451346.397586808|00#| work_queue_worker[1] wq: rx from master: send_results -1
2019/11/22 19:35:46.39 #|1574451346.397648441|00#| work_queue_worker[1] wq: tx to master: result 0 0 0 18972427 18
2019/11/22 19:35:46.39 #|1574451346.397726050|00#| work_queue_worker[1] wq: tx to master: info tasks_running 0
2019/11/22 19:35:46.39 #|1574451346.397776484|00#| work_queue_worker[1] wq: tx to master: end
2019/11/22 19:35:46.39 #|1574451346.398280882|00#| work_queue_worker[1] wq: rx from master: get file-0-ebce3b3f9d6d56ee92ad0f680eacabb2-test.fasta.2.err 1
2019/11/22 19:35:46.39 #|1574451346.398322519|00#| work_queue_worker[1] wq: tx to master: file file-0-ebce3b3f9d6d56ee92ad0f680eacabb2-test.fasta.2.err 0
2019/11/22 19:35:46.39 #|1574451346.398380688|00#| work_queue_worker[1] wq: tx to master: end
2019/11/22 19:35:46.39 #|1574451346.398824745|00#| work_queue_worker[1] wq: rx from master: get file-0-6efdc0d3dafa140b6743f2b63849bb1e-test.fasta.2.out 1
2019/11/22 19:35:46.39 #|1574451346.398856921|00#| work_queue_worker[1] wq: tx to master: file file-0-6efdc0d3dafa140b6743f2b63849bb1e-test.fasta.2.out 18765
2019/11/22 19:35:46.39 #|1574451346.399029783|00#| work_queue_worker[1] wq: tx to master: end
2019/11/22 19:35:46.40 #|1574451346.401349919|00#| work_queue_worker[1] wq: rx from master: kill 18
2019/11/22 19:35:46.40 #|1574451346.401954711|00#| work_queue_worker[1] wq: rx from master: put file-0-bd98410c4ed2bfaa95819f1849189081-test.fasta.18 10120 0644 1
2019/11/22 19:35:46.40 #|1574451346.401994956|00#| work_queue_worker[1] wq: Putting file file-0-bd98410c4ed2bfaa95819f1849189081-test.fasta.18 into workspace
2019/11/22 19:35:46.40 #|1574451346.403143570|00#| work_queue_worker[1] wq: rx from master: task 2
2019/11/22 19:35:46.40 #|1574451346.403173514|00#| work_queue_worker[1] wq: rx from master: cmd 88
2019/11/22 19:35:46.40 #|1574451346.403194141|00#| work_queue_worker[1] wq: rx from master: ./blastall -p blastn -d nt/nt -i test.fasta.18 -o test.fasta.18.out 2> test.fasta.18.err
2019/11/22 19:35:46.40 #|1574451346.403207696|00#| work_queue_worker[1] wq: rx from master: category default
2019/11/22 19:35:46.40 #|1574451346.403222262|00#| work_queue_worker[1] wq: rx from master: cores 1
2019/11/22 19:35:46.40 #|1574451346.403237116|00#| work_queue_worker[1] wq: rx from master: memory 7749
2019/11/22 19:35:46.40 #|1574451346.403252278|00#| work_queue_worker[1] wq: rx from master: disk 179258
2019/11/22 19:35:46.40 #|1574451346.403267519|00#| work_queue_worker[1] wq: rx from master: gpus 0
2019/11/22 19:35:46.40 #|1574451346.403282658|00#| work_queue_worker[1] wq: rx from master: end_time 18446744073709551615
2019/11/22 19:35:46.40 #|1574451346.403299282|00#| work_queue_worker[1] wq: rx from master: wall_time 18446744073709551615
2019/11/22 19:35:46.40 #|1574451346.403315007|00#| work_queue_worker[1] wq: rx from master: env 7
2019/11/22 19:35:46.40 #|1574451346.403333397|00#| work_queue_worker[1] wq: rx from master: env 17
2019/11/22 19:35:46.40 #|1574451346.403351632|00#| work_queue_worker[1] wq: rx from master: infile file-0-25930e3036f13852cb0b29694bbab611-nt nt 1
2019/11/22 19:35:46.40 #|1574451346.403470589|00#| work_queue_worker[1] wq: rx from master: infile file-0-bd98410c4ed2bfaa95819f1849189081-test.fasta.18 test.fasta.18 1
2019/11/22 19:35:46.40 #|1574451346.403502154|00#| work_queue_worker[1] wq: rx from master: infile file-0-daa9c57850b857b80eefebbca6aa18ce-blastall blastall 1
2019/11/22 19:35:46.40 #|1574451346.403527018|00#| work_queue_worker[1] wq: rx from master: outfile file-0-b3ca854c26233484c838ab6d3298229c-test.fasta.18.err test.fasta.18.err 1
2019/11/22 19:35:46.40 #|1574451346.403560123|00#| work_queue_worker[1] wq: rx from master: outfile file-0-c688af492b061abef62bf46ec43b64b2-test.fasta.18.out test.fasta.18.out 1
2019/11/22 19:35:46.40 #|1574451346.403585839|00#| work_queue_worker[1] wq: rx from master: end
2019/11/22 19:35:46.40 #|1574451346.403732938|00#| work_queue_worker[1] wq: linking cache/file-0-25930e3036f13852cb0b29694bbab611-nt to /tmp/worker-0-1/t.2/nt
2019/11/22 19:35:46.40 #|1574451346.404073776|00#| work_queue_worker[1] wq: linking cache/file-0-bd98410c4ed2bfaa95819f1849189081-test.fasta.18 to /tmp/worker-0-1/t.2/test.fasta.18
2019/11/22 19:35:46.40 #|1574451346.404123225|00#| work_queue_worker[1] wq: linking cache/file-0-daa9c57850b857b80eefebbca6aa18ce-blastall to /tmp/worker-0-1/t.2/blastall
2019/11/22 19:35:46.40 #|1574451346.404346193|00#| work_queue_worker[1] wq: started process 13: ./blastall -p blastn -d nt/nt -i test.fasta.18 -o test.fasta.18.out 2> test.fasta.18.err
2019/11/22 19:35:46.40 #|1574451346.404391373|00#| work_queue_worker[1] wq: tx to master: info tasks_running 1
2019/11/22 19:36:05.78 #|1574451365.780080636|00#| work_queue_worker[1] wq: task 2 (pid 13) exited normally with exit code 0
2019/11/22 19:36:05.78 #|1574451365.780263151|00#| work_queue_worker[1] wq: moving output file from /tmp/worker-0-1/t.2/test.fasta.18.err to cache/file-0-b3ca854c26233484c838ab6d3298229c-test.fasta.18.err
2019/11/22 19:36:05.78 #|1574451365.780365629|00#| work_queue_worker[1] wq: moving output file from /tmp/worker-0-1/t.2/test.fasta.18.out to cache/file-0-c688af492b061abef62bf46ec43b64b2-test.fasta.18.out
2019/11/22 19:36:05.78 #|1574451365.780442596|00#| work_queue_worker[1] wq: tx to master: available_results
2019/11/22 19:36:05.91 #|1574451365.910936547|00#| work_queue_worker[1] wq: rx from master: send_results -1
2019/11/22 19:36:05.91 #|1574451365.911005658|00#| work_queue_worker[1] wq: tx to master: result 0 0 0 19376061 2
2019/11/22 19:36:05.91 #|1574451365.911085349|00#| work_queue_worker[1] wq: tx to master: info tasks_running 0
2019/11/22 19:36:05.91 #|1574451365.911136354|00#| work_queue_worker[1] wq: tx to master: end
2019/11/22 19:36:05.91 #|1574451365.911635159|00#| work_queue_worker[1] wq: rx from master: get file-0-b3ca854c26233484c838ab6d3298229c-test.fasta.18.err 1
2019/11/22 19:36:05.91 #|1574451365.911679687|00#| work_queue_worker[1] wq: tx to master: file file-0-b3ca854c26233484c838ab6d3298229c-test.fasta.18.err 0
2019/11/22 19:36:05.91 #|1574451365.911738895|00#| work_queue_worker[1] wq: tx to master: end
2019/11/22 19:36:05.91 #|1574451365.912197261|00#| work_queue_worker[1] wq: rx from master: get file-0-c688af492b061abef62bf46ec43b64b2-test.fasta.18.out 1
2019/11/22 19:36:05.91 #|1574451365.912229592|00#| work_queue_worker[1] wq: tx to master: file file-0-c688af492b061abef62bf46ec43b64b2-test.fasta.18.out 40977
2019/11/22 19:36:05.91 #|1574451365.912415417|00#| work_queue_worker[1] wq: tx to master: end
2019/11/22 19:36:05.91 #|1574451365.916778124|00#| work_queue_worker[1] wq: rx from master: kill 2
2019/11/22 19:36:05.91 #|1574451365.917369196|00#| work_queue_worker[1] wq: rx from master: task 19
2019/11/22 19:36:05.91 #|1574451365.917398607|00#| work_queue_worker[1] wq: rx from master: cmd 85
2019/11/22 19:36:05.91 #|1574451365.917450745|00#| work_queue_worker[1] wq: rx from master: ./blastall -p blastn -d nt/nt -i test.fasta.1 -o test.fasta.1.out 2> test.fasta.1.err
2019/11/22 19:36:05.91 #|1574451365.917467432|00#| work_queue_worker[1] wq: rx from master: category default
2019/11/22 19:36:05.91 #|1574451365.917482959|00#| work_queue_worker[1] wq: rx from master: cores 1
2019/11/22 19:36:05.91 #|1574451365.917525914|00#| work_queue_worker[1] wq: rx from master: memory 7749
2019/11/22 19:36:05.91 #|1574451365.917543961|00#| work_queue_worker[1] wq: rx from master: disk 179258
2019/11/22 19:36:05.91 #|1574451365.917559556|00#| work_queue_worker[1] wq: rx from master: gpus 0
2019/11/22 19:36:05.91 #|1574451365.917575722|00#| work_queue_worker[1] wq: rx from master: end_time 18446744073709551615
2019/11/22 19:36:05.91 #|1574451365.917632287|00#| work_queue_worker[1] wq: rx from master: wall_time 18446744073709551615
2019/11/22 19:36:05.91 #|1574451365.917650108|00#| work_queue_worker[1] wq: rx from master: env 7
2019/11/22 19:36:05.91 #|1574451365.917668547|00#| work_queue_worker[1] wq: rx from master: env 17
2019/11/22 19:36:05.91 #|1574451365.917685683|00#| work_queue_worker[1] wq: rx from master: infile file-0-25930e3036f13852cb0b29694bbab611-nt nt 1
2019/11/22 19:36:05.91 #|1574451365.917745084|00#| work_queue_worker[1] wq: rx from master: infile file-0-21ce2e3623ee3a033739f28d47ebc2f3-test.fasta.1 test.fasta.1 1
2019/11/22 19:36:05.91 #|1574451365.917772903|00#| work_queue_worker[1] wq: rx from master: infile file-0-daa9c57850b857b80eefebbca6aa18ce-blastall blastall 1
2019/11/22 19:36:05.91 #|1574451365.917855149|00#| work_queue_worker[1] wq: rx from master: outfile file-0-3ab9f1950a6d162e67ee5b12ea6e7807-test.fasta.1.err test.fasta.1.err 1
2019/11/22 19:36:05.91 #|1574451365.917883168|00#| work_queue_worker[1] wq: rx from master: outfile file-0-994988da6966ac76fa59fc30ca8c2cd9-test.fasta.1.out test.fasta.1.out 1
2019/11/22 19:36:05.91 #|1574451365.917907854|00#| work_queue_worker[1] wq: rx from master: end
2019/11/22 19:36:05.91 #|1574451365.918025825|00#| work_queue_worker[1] wq: linking cache/file-0-25930e3036f13852cb0b29694bbab611-nt to /tmp/worker-0-1/t.19/nt
2019/11/22 19:36:05.91 #|1574451365.918109556|00#| work_queue_worker[1] wq: linking cache/file-0-21ce2e3623ee3a033739f28d47ebc2f3-test.fasta.1 to /tmp/worker-0-1/t.19/test.fasta.1
2019/11/22 19:36:05.91 #|1574451365.918154489|00#| work_queue_worker[1] wq: linking cache/file-0-daa9c57850b857b80eefebbca6aa18ce-blastall to /tmp/worker-0-1/t.19/blastall
2019/11/22 19:36:05.91 #|1574451365.918366605|00#| work_queue_worker[1] wq: started process 15: ./blastall -p blastn -d nt/nt -i test.fasta.1 -o test.fasta.1.out 2> test.fasta.1.err
2019/11/22 19:36:05.91 #|1574451365.918413991|00#| work_queue_worker[1] wq: tx to master: info tasks_running 1
2019/11/22 19:36:25.02 #|1574451385.21976651|00#| work_queue_worker[1] wq: task 19 (pid 15) exited normally with exit code 0
2019/11/22 19:36:25.02 #|1574451385.22020373|00#| work_queue_worker[1] wq: moving output file from /tmp/worker-0-1/t.19/test.fasta.1.err to cache/file-0-3ab9f1950a6d162e67ee5b12ea6e7807-test.fasta.1.err
2019/11/22 19:36:25.02 #|1574451385.22089531|00#| work_queue_worker[1] wq: moving output file from /tmp/worker-0-1/t.19/test.fasta.1.out to cache/file-0-994988da6966ac76fa59fc30ca8c2cd9-test.fasta.1.out
2019/11/22 19:36:25.03 #|1574451385.39726263|00#| work_queue_worker[1] wq: tx to master: available_results
2019/11/22 19:36:25.04 #|1574451385.40305821|00#| work_queue_worker[1] wq: rx from master: send_results -1
2019/11/22 19:36:25.04 #|1574451385.40348510|00#| work_queue_worker[1] wq: tx to master: result 0 0 0 19103793 19
2019/11/22 19:36:25.04 #|1574451385.40395472|00#| work_queue_worker[1] wq: tx to master: info tasks_running 0
2019/11/22 19:36:25.04 #|1574451385.40432077|00#| work_queue_worker[1] wq: tx to master: end
2019/11/22 19:36:25.04 #|1574451385.41021331|00#| work_queue_worker[1] wq: rx from master: get file-0-3ab9f1950a6d162e67ee5b12ea6e7807-test.fasta.1.err 1
2019/11/22 19:36:25.04 #|1574451385.41058118|00#| work_queue_worker[1] wq: tx to master: file file-0-3ab9f1950a6d162e67ee5b12ea6e7807-test.fasta.1.err 0
2019/11/22 19:36:25.04 #|1574451385.41105697|00#| work_queue_worker[1] wq: tx to master: end
2019/11/22 19:36:25.04 #|1574451385.41583038|00#| work_queue_worker[1] wq: rx from master: get file-0-994988da6966ac76fa59fc30ca8c2cd9-test.fasta.1.out 1
2019/11/22 19:36:25.04 #|1574451385.41614547|00#| work_queue_worker[1] wq: tx to master: file file-0-994988da6966ac76fa59fc30ca8c2cd9-test.fasta.1.out 27543
2019/11/22 19:36:25.04 #|1574451385.41766959|00#| work_queue_worker[1] wq: tx to master: end
2019/11/22 19:36:25.04 #|1574451385.44851317|00#| work_queue_worker[1] wq: rx from master: kill 19
2019/11/22 19:36:25.49 #|1574451385.491725339|00#| work_queue_worker[1] wq: rx from master: release
2019/11/22 19:36:25.49 #|1574451385.491796159|00#| work_queue_worker[1] wq: released by master 10.0.101.17:1026.
2019/11/22 19:36:25.49 #|1574451385.491834551|00#| work_queue_worker[1] wq: cleaning workspace /tmp/worker-0-1
2019/11/22 19:36:25.69 #|1574451385.694126025|00#| work_queue_worker[1] wq: disconnecting from master 10.0.101.17:1026
2019/11/22 19:36:25.69 #|1574451385.694240784|00#| work_queue_worker[1] tcp: disconnected from 10.0.101.17 port 1026
2019/11/22 19:36:25.69 #|1574451385.694253900|00#| work_queue_worker[1] wq: killing all outstanding tasks
2019/11/22 19:36:25.69 #|1574451385.694287356|00#| work_queue_worker[1] wq: all data structures are clean
2019/11/22 19:36:26.69 #|1574451386.694418637|00#| work_queue_worker[1] dns: looking up name master
2019/11/22 19:36:26.69 #|1574451386.696777343|00#| work_queue_worker[1] dns: couldn't look up master: Name or service not known
2019/11/22 19:36:28.69 #|1574451388.696950413|00#| work_queue_worker[1] dns: looking up name master
2019/11/22 19:36:28.69 #|1574451388.699316343|00#| work_queue_worker[1] dns: couldn't look up master: Name or service not known
