2019/11/27 13:27:17.59 work_queue_worker[1] debug: /home/cctools_BRUNO_bin/bin/work_queue_worker version 8.0.0 DEVELOPMENT (released 2019-11-06 16:35:57 +0000)
2019/11/27 13:27:17.60 work_queue_worker[1] debug: Built by root@2546322b0463 on 2019-11-06 16:35:57 +0000
2019/11/27 13:27:17.60 work_queue_worker[1] debug: System: Linux 2546322b0463 5.0.0-32-generic #34~18.04.2-Ubuntu SMP Thu Oct 10 10:36:02 UTC 2019 x86_64 x86_64 x86_64 GNU/Linux
2019/11/27 13:27:17.60 work_queue_worker[1] debug: Configuration: --prefix /home/cctools_BRUNO_bin
2019/11/27 13:27:17.60 work_queue_worker[1] wq: WORK_QUEUE_SANDBOX set to /tmp/worker-0-1.
2019/11/27 13:27:17.60 work_queue_worker[1] debug: error reading disk usage on directory: ./cache.
2019/11/27 13:27:17.60 work_queue_worker[1] dns: looking up name master
2019/11/27 13:27:17.60 work_queue_worker[1] dns: couldn't look up master: Name or service not known
2019/11/27 13:27:19.60 work_queue_worker[1] dns: looking up name master
2019/11/27 13:27:19.61 work_queue_worker[1] dns: couldn't look up master: Name or service not known
2019/11/27 13:27:21.61 work_queue_worker[1] dns: looking up name master
2019/11/27 13:27:21.61 work_queue_worker[1] dns: couldn't look up master: Name or service not known
2019/11/27 13:27:23.63 work_queue_worker[1] debug: error reading disk usage on directory: ./cache.
2019/11/27 13:27:23.63 work_queue_worker[1] dns: looking up name master
2019/11/27 13:27:23.63 work_queue_worker[1] dns: couldn't look up master: Name or service not known
2019/11/27 13:27:25.63 work_queue_worker[1] dns: looking up name master
2019/11/27 13:27:25.63 work_queue_worker[1] dns: master is 10.0.59.8
2019/11/27 13:27:25.63 work_queue_worker[1] tcp: connecting to 10.0.59.8 port 1026
2019/11/27 13:27:25.63 work_queue_worker[1] tcp: made connection to 10.0.59.8 port 1026
2019/11/27 13:27:25.63 work_queue_worker[1] wq: connected to master master:1026 via local address 10.0.59.3:37842
2019/11/27 13:27:25.63 work_queue_worker[1] wq: preparing workspace /tmp/worker-0-1
2019/11/27 13:27:25.63 work_queue_worker[1] dns: looking up name 7c8af3c11668
2019/11/27 13:27:25.63 work_queue_worker[1] dns: 7c8af3c11668 is 10.0.59.3
2019/11/27 13:27:25.63 work_queue_worker[1] dns: looking up addr 10.0.59.3
2019/11/27 13:27:25.63 work_queue_worker[1] dns: 10.0.59.3 is 7c8af3c11668
2019/11/27 13:27:25.63 work_queue_worker[1] dns: finding my hostname: uname = 7c8af3c11668, address = 10.0.59.3, hostname = 7c8af3c11668
2019/11/27 13:27:25.63 work_queue_worker[1] wq: tx to master: workqueue 8 7c8af3c11668 Linux x86_64 8.0.0
2019/11/27 13:27:25.63 work_queue_worker[1] wq: tx to master: info worker-id worker-aa9ea7624b0e262a5f70b97f66eb3352
2019/11/27 13:27:25.63 work_queue_worker[1] wq: tx to master: info cached_files file-0-bd98410c4ed2bfaa95819f1849189081-test.fasta.18
2019/11/27 13:27:25.63 work_queue_worker[1] wq: tx to master: info cached_files file-0-e7f309af480f7b15cfe71180f5284818-test.fasta.16
2019/11/27 13:27:25.63 work_queue_worker[1] wq: tx to master: info cached_files file-0-0008645a00ac79d3f3bea1ddf871bace-test.fasta.15
2019/11/27 13:27:25.63 work_queue_worker[1] wq: tx to master: info cached_files file-0-fc9a4f7caa888a46e12e2e1209ae754c-test.fasta.5
2019/11/27 13:27:25.63 work_queue_worker[1] wq: tx to master: info cached_files file-0-c6fe59e7bc34ad592758fbf1affd35b3-test.fasta.6
2019/11/27 13:27:25.63 work_queue_worker[1] wq: tx to master: info cached_files file-0-e046ec692c0ced962d3265bfe7245360-test.fasta.14
2019/11/27 13:27:25.63 work_queue_worker[1] wq: tx to master: info cached_files file-0-5d44d8f82cbb3f9ecaf466b060d01edb-test.fasta.11
2019/11/27 13:27:25.63 work_queue_worker[1] wq: tx to master: info cached_files file-0-f7c60c99710a0f95199d7cf4150bb754-test.fasta.3
2019/11/27 13:27:25.63 work_queue_worker[1] wq: tx to master: info cached_files file-0-25930e3036f13852cb0b29694bbab611-nt
2019/11/27 13:27:25.63 work_queue_worker[1] wq: tx to master: info cached_files file-0-91e2799df52756191dbca22d7b7cd23c-test.fasta.19
2019/11/27 13:27:25.63 work_queue_worker[1] wq: tx to master: info cached_files file-0-396e442289ce14a42a6f16a9e7d1098a-test.fasta.10
2019/11/27 13:27:25.63 work_queue_worker[1] wq: tx to master: info cached_files file-0-e12986ebc464dac7f0b0058f77809607-test.fasta.17
2019/11/27 13:27:25.63 work_queue_worker[1] wq: tx to master: info cached_files file-0-3410183026126208c01eade572fb5bdf-test.fasta.8
2019/11/27 13:27:25.63 work_queue_worker[1] wq: tx to master: info cached_files file-0-3c684903ad7beb0f07c70d32ce209cf3-test.fasta.9
2019/11/27 13:27:25.63 work_queue_worker[1] wq: tx to master: info cached_files file-0-af4883bae18b8169ace09c1fbbe4e952-test.fasta.12
2019/11/27 13:27:25.63 work_queue_worker[1] wq: tx to master: info cached_files file-0-861f258aeedab7469eb02fd8febc6d36-test.fasta.13
2019/11/27 13:27:25.63 work_queue_worker[1] wq: tx to master: info cached_files file-0-44e691287a28f8fe43f6653302546d8f-test.fasta.2
2019/11/27 13:27:25.63 work_queue_worker[1] wq: tx to master: info cached_files file-0-c3a7eea4528f3888f4f96bb51f86b0ae-test.fasta.4
2019/11/27 13:27:25.64 work_queue_worker[1] wq: tx to master: info cached_files file-0-40fd5f960224a9a20c2e8e46163bd3bc-test.fasta.0
2019/11/27 13:27:25.64 work_queue_worker[1] wq: tx to master: info cached_files file-0-daa9c57850b857b80eefebbca6aa18ce-blastall
2019/11/27 13:27:25.64 work_queue_worker[1] wq: tx to master: info cached_files file-0-9f04d57561db456f4f47dcdca9feb103-test.fasta.7
2019/11/27 13:27:25.64 work_queue_worker[1] wq: tx to master: info cached_files file-0-21ce2e3623ee3a033739f28d47ebc2f3-test.fasta.1
2019/11/27 13:27:25.64 work_queue_worker[1] wq: tx to master: alive
2019/11/27 13:27:25.64 work_queue_worker[1] wq: Sending resource description to master:
2019/11/27 13:27:25.64 work_queue_worker[1] wq:  workers      0 inuse      1 total      1 smallest      1 largest
2019/11/27 13:27:25.64 work_queue_worker[1] wq:     disk      0 inuse 181413 total 181413 smallest 181413 largest
2019/11/27 13:27:25.64 work_queue_worker[1] wq:   memory      0 inuse   7749 total   7749 smallest   7749 largest
2019/11/27 13:27:25.64 work_queue_worker[1] wq:     gpus      0 inuse      0 total      0 smallest      0 largest
2019/11/27 13:27:25.64 work_queue_worker[1] wq:    cores      0 inuse      4 total      4 smallest      4 largest
2019/11/27 13:27:25.64 work_queue_worker[1] wq: tx to master: info end_of_resource_update 0
2019/11/27 13:27:25.64 work_queue_worker[1] wq: tx to master: info tasks_running 0
2019/11/27 13:27:25.64 work_queue_worker[1] wq: working for master at 10.0.59.8:1026.
2019/11/27 13:27:25.64 work_queue_worker[1] wq: rx from master: task 2
2019/11/27 13:27:25.64 work_queue_worker[1] wq: rx from master: cmd 88
2019/11/27 13:27:25.64 work_queue_worker[1] wq: rx from master: ./blastall -p blastn -d nt/nt -i test.fasta.18 -o test.fasta.18.out 2> test.fasta.18.err
2019/11/27 13:27:25.64 work_queue_worker[1] wq: rx from master: category default
2019/11/27 13:27:25.64 work_queue_worker[1] wq: rx from master: cores 4
2019/11/27 13:27:25.64 work_queue_worker[1] wq: rx from master: memory 7749
2019/11/27 13:27:25.64 work_queue_worker[1] wq: rx from master: disk 181413
2019/11/27 13:27:25.64 work_queue_worker[1] wq: rx from master: gpus 0
2019/11/27 13:27:25.64 work_queue_worker[1] wq: rx from master: end_time 18446744073709551615
2019/11/27 13:27:25.64 work_queue_worker[1] wq: rx from master: wall_time 18446744073709551615
2019/11/27 13:27:25.64 work_queue_worker[1] wq: rx from master: env 7
2019/11/27 13:27:25.64 work_queue_worker[1] wq: rx from master: env 17
2019/11/27 13:27:25.64 work_queue_worker[1] wq: rx from master: infile file-0-25930e3036f13852cb0b29694bbab611-nt nt 1
2019/11/27 13:27:25.64 work_queue_worker[1] wq: rx from master: infile file-0-bd98410c4ed2bfaa95819f1849189081-test.fasta.18 test.fasta.18 1
2019/11/27 13:27:25.64 work_queue_worker[1] wq: rx from master: infile file-0-daa9c57850b857b80eefebbca6aa18ce-blastall blastall 1
2019/11/27 13:27:25.64 work_queue_worker[1] wq: rx from master: outfile file-0-b3ca854c26233484c838ab6d3298229c-test.fasta.18.err test.fasta.18.err 1
2019/11/27 13:27:25.64 work_queue_worker[1] wq: rx from master: outfile file-0-c688af492b061abef62bf46ec43b64b2-test.fasta.18.out test.fasta.18.out 1
2019/11/27 13:27:25.64 work_queue_worker[1] wq: rx from master: end
2019/11/27 13:27:25.64 work_queue_worker[1] wq: linking cache/file-0-25930e3036f13852cb0b29694bbab611-nt to /tmp/worker-0-1/t.2/nt
2019/11/27 13:27:25.64 work_queue_worker[1] wq: linking cache/file-0-bd98410c4ed2bfaa95819f1849189081-test.fasta.18 to /tmp/worker-0-1/t.2/test.fasta.18
2019/11/27 13:27:25.64 work_queue_worker[1] wq: linking cache/file-0-daa9c57850b857b80eefebbca6aa18ce-blastall to /tmp/worker-0-1/t.2/blastall
2019/11/27 13:27:25.64 work_queue_worker[1] wq: started process 12: ./blastall -p blastn -d nt/nt -i test.fasta.18 -o test.fasta.18.out 2> test.fasta.18.err
2019/11/27 13:27:25.64 work_queue_worker[1] wq: tx to master: info tasks_running 1
2019/11/27 13:27:35.36 work_queue_worker[1] wq: task 2 (pid 12) exited normally with exit code 0
2019/11/27 13:27:35.36 work_queue_worker[1] wq: moving output file from /tmp/worker-0-1/t.2/test.fasta.18.err to cache/file-0-b3ca854c26233484c838ab6d3298229c-test.fasta.18.err
2019/11/27 13:27:35.36 work_queue_worker[1] wq: moving output file from /tmp/worker-0-1/t.2/test.fasta.18.out to cache/file-0-c688af492b061abef62bf46ec43b64b2-test.fasta.18.out
2019/11/27 13:27:35.38 work_queue_worker[1] wq: tx to master: available_results
2019/11/27 13:27:35.38 work_queue_worker[1] wq: rx from master: send_results -1
2019/11/27 13:27:35.38 work_queue_worker[1] wq: tx to master: result 0 0 0 9715484 2
2019/11/27 13:27:35.38 work_queue_worker[1] wq: tx to master: info tasks_running 0
2019/11/27 13:27:35.38 work_queue_worker[1] wq: tx to master: end
2019/11/27 13:27:35.38 work_queue_worker[1] wq: rx from master: get file-0-b3ca854c26233484c838ab6d3298229c-test.fasta.18.err 1
2019/11/27 13:27:35.38 work_queue_worker[1] wq: tx to master: file file-0-b3ca854c26233484c838ab6d3298229c-test.fasta.18.err 0
2019/11/27 13:27:35.38 work_queue_worker[1] wq: tx to master: end
2019/11/27 13:27:35.38 work_queue_worker[1] wq: rx from master: get file-0-c688af492b061abef62bf46ec43b64b2-test.fasta.18.out 1
2019/11/27 13:27:35.38 work_queue_worker[1] wq: tx to master: file file-0-c688af492b061abef62bf46ec43b64b2-test.fasta.18.out 40977
2019/11/27 13:27:35.38 work_queue_worker[1] wq: tx to master: end
2019/11/27 13:27:35.39 work_queue_worker[1] wq: rx from master: kill 2
2019/11/27 13:27:35.39 work_queue_worker[1] wq: ---- DELETING: /tmp/worker-0-1/t.2
2019/11/27 13:27:35.39 work_queue_worker[1] wq: rx from master: task 3
2019/11/27 13:27:35.39 work_queue_worker[1] wq: rx from master: cmd 88
2019/11/27 13:27:35.39 work_queue_worker[1] wq: rx from master: ./blastall -p blastn -d nt/nt -i test.fasta.17 -o test.fasta.17.out 2> test.fasta.17.err
2019/11/27 13:27:35.39 work_queue_worker[1] wq: rx from master: category default
2019/11/27 13:27:35.39 work_queue_worker[1] wq: rx from master: cores 4
2019/11/27 13:27:35.39 work_queue_worker[1] wq: rx from master: memory 7749
2019/11/27 13:27:35.39 work_queue_worker[1] wq: rx from master: disk 181413
2019/11/27 13:27:35.39 work_queue_worker[1] wq: rx from master: gpus 0
2019/11/27 13:27:35.39 work_queue_worker[1] wq: rx from master: end_time 18446744073709551615
2019/11/27 13:27:35.39 work_queue_worker[1] wq: rx from master: wall_time 18446744073709551615
2019/11/27 13:27:35.39 work_queue_worker[1] wq: rx from master: env 7
2019/11/27 13:27:35.39 work_queue_worker[1] wq: rx from master: env 17
2019/11/27 13:27:35.39 work_queue_worker[1] wq: rx from master: infile file-0-25930e3036f13852cb0b29694bbab611-nt nt 1
2019/11/27 13:27:35.39 work_queue_worker[1] wq: rx from master: infile file-0-e12986ebc464dac7f0b0058f77809607-test.fasta.17 test.fasta.17 1
2019/11/27 13:27:35.39 work_queue_worker[1] wq: rx from master: infile file-0-daa9c57850b857b80eefebbca6aa18ce-blastall blastall 1
2019/11/27 13:27:35.39 work_queue_worker[1] wq: rx from master: outfile file-0-a129512727b8611dd481b510083b1e5a-test.fasta.17.err test.fasta.17.err 1
2019/11/27 13:27:35.39 work_queue_worker[1] wq: rx from master: outfile file-0-31cc3d9edc6c94c4f306d137aed5bbf6-test.fasta.17.out test.fasta.17.out 1
2019/11/27 13:27:35.39 work_queue_worker[1] wq: rx from master: end
2019/11/27 13:27:35.39 work_queue_worker[1] wq: linking cache/file-0-25930e3036f13852cb0b29694bbab611-nt to /tmp/worker-0-1/t.3/nt
2019/11/27 13:27:35.39 work_queue_worker[1] wq: linking cache/file-0-e12986ebc464dac7f0b0058f77809607-test.fasta.17 to /tmp/worker-0-1/t.3/test.fasta.17
2019/11/27 13:27:35.39 work_queue_worker[1] wq: linking cache/file-0-daa9c57850b857b80eefebbca6aa18ce-blastall to /tmp/worker-0-1/t.3/blastall
2019/11/27 13:27:35.39 work_queue_worker[1] wq: started process 16: ./blastall -p blastn -d nt/nt -i test.fasta.17 -o test.fasta.17.out 2> test.fasta.17.err
2019/11/27 13:27:35.40 work_queue_worker[1] wq: tx to master: info tasks_running 1
2019/11/27 13:27:46.28 work_queue_worker[1] wq: task 3 (pid 16) exited normally with exit code 0
2019/11/27 13:27:46.28 work_queue_worker[1] wq: moving output file from /tmp/worker-0-1/t.3/test.fasta.17.err to cache/file-0-a129512727b8611dd481b510083b1e5a-test.fasta.17.err
2019/11/27 13:27:46.28 work_queue_worker[1] wq: moving output file from /tmp/worker-0-1/t.3/test.fasta.17.out to cache/file-0-31cc3d9edc6c94c4f306d137aed5bbf6-test.fasta.17.out
2019/11/27 13:27:46.28 work_queue_worker[1] wq: tx to master: available_results
2019/11/27 13:27:46.28 work_queue_worker[1] wq: rx from master: send_results -1
2019/11/27 13:27:46.28 work_queue_worker[1] wq: tx to master: result 0 0 0 10880573 3
2019/11/27 13:27:46.28 work_queue_worker[1] wq: tx to master: info tasks_running 0
2019/11/27 13:27:46.28 work_queue_worker[1] wq: tx to master: end
2019/11/27 13:27:46.28 work_queue_worker[1] wq: rx from master: get file-0-a129512727b8611dd481b510083b1e5a-test.fasta.17.err 1
2019/11/27 13:27:46.28 work_queue_worker[1] wq: tx to master: file file-0-a129512727b8611dd481b510083b1e5a-test.fasta.17.err 0
2019/11/27 13:27:46.28 work_queue_worker[1] wq: tx to master: end
2019/11/27 13:27:46.28 work_queue_worker[1] wq: rx from master: get file-0-31cc3d9edc6c94c4f306d137aed5bbf6-test.fasta.17.out 1
2019/11/27 13:27:46.28 work_queue_worker[1] wq: tx to master: file file-0-31cc3d9edc6c94c4f306d137aed5bbf6-test.fasta.17.out 142847
2019/11/27 13:27:46.28 work_queue_worker[1] wq: tx to master: end
2019/11/27 13:27:46.29 work_queue_worker[1] wq: rx from master: kill 3
2019/11/27 13:27:46.29 work_queue_worker[1] wq: ---- DELETING: /tmp/worker-0-1/t.3
2019/11/27 13:27:46.29 work_queue_worker[1] wq: rx from master: task 5
2019/11/27 13:27:46.29 work_queue_worker[1] wq: rx from master: cmd 88
2019/11/27 13:27:46.29 work_queue_worker[1] wq: rx from master: ./blastall -p blastn -d nt/nt -i test.fasta.15 -o test.fasta.15.out 2> test.fasta.15.err
2019/11/27 13:27:46.29 work_queue_worker[1] wq: rx from master: category default
2019/11/27 13:27:46.29 work_queue_worker[1] wq: rx from master: cores 4
2019/11/27 13:27:46.29 work_queue_worker[1] wq: rx from master: memory 7749
2019/11/27 13:27:46.29 work_queue_worker[1] wq: rx from master: disk 181413
2019/11/27 13:27:46.29 work_queue_worker[1] wq: rx from master: gpus 0
2019/11/27 13:27:46.29 work_queue_worker[1] wq: rx from master: end_time 18446744073709551615
2019/11/27 13:27:46.29 work_queue_worker[1] wq: rx from master: wall_time 18446744073709551615
2019/11/27 13:27:46.29 work_queue_worker[1] wq: rx from master: env 7
2019/11/27 13:27:46.29 work_queue_worker[1] wq: rx from master: env 17
2019/11/27 13:27:46.29 work_queue_worker[1] wq: rx from master: infile file-0-25930e3036f13852cb0b29694bbab611-nt nt 1
2019/11/27 13:27:46.29 work_queue_worker[1] wq: rx from master: infile file-0-0008645a00ac79d3f3bea1ddf871bace-test.fasta.15 test.fasta.15 1
2019/11/27 13:27:46.29 work_queue_worker[1] wq: rx from master: infile file-0-daa9c57850b857b80eefebbca6aa18ce-blastall blastall 1
2019/11/27 13:27:46.29 work_queue_worker[1] wq: rx from master: outfile file-0-018f568daaa4c9813af138b9acc80300-test.fasta.15.err test.fasta.15.err 1
2019/11/27 13:27:46.29 work_queue_worker[1] wq: rx from master: outfile file-0-b230c590bc23b5b924df9e9d98a59cf3-test.fasta.15.out test.fasta.15.out 1
2019/11/27 13:27:46.29 work_queue_worker[1] wq: rx from master: end
2019/11/27 13:27:46.30 work_queue_worker[1] wq: linking cache/file-0-25930e3036f13852cb0b29694bbab611-nt to /tmp/worker-0-1/t.5/nt
2019/11/27 13:27:46.30 work_queue_worker[1] wq: linking cache/file-0-0008645a00ac79d3f3bea1ddf871bace-test.fasta.15 to /tmp/worker-0-1/t.5/test.fasta.15
2019/11/27 13:27:46.30 work_queue_worker[1] wq: linking cache/file-0-daa9c57850b857b80eefebbca6aa18ce-blastall to /tmp/worker-0-1/t.5/blastall
2019/11/27 13:27:46.30 work_queue_worker[1] wq: started process 20: ./blastall -p blastn -d nt/nt -i test.fasta.15 -o test.fasta.15.out 2> test.fasta.15.err
2019/11/27 13:27:46.30 work_queue_worker[1] wq: tx to master: info tasks_running 1
2019/11/27 13:27:55.81 work_queue_worker[1] wq: task 5 (pid 20) exited normally with exit code 0
2019/11/27 13:27:55.81 work_queue_worker[1] wq: moving output file from /tmp/worker-0-1/t.5/test.fasta.15.err to cache/file-0-018f568daaa4c9813af138b9acc80300-test.fasta.15.err
2019/11/27 13:27:55.81 work_queue_worker[1] wq: moving output file from /tmp/worker-0-1/t.5/test.fasta.15.out to cache/file-0-b230c590bc23b5b924df9e9d98a59cf3-test.fasta.15.out
2019/11/27 13:27:55.81 work_queue_worker[1] wq: tx to master: available_results
2019/11/27 13:27:55.81 work_queue_worker[1] wq: rx from master: send_results -1
2019/11/27 13:27:55.81 work_queue_worker[1] wq: tx to master: result 0 0 0 9510360 5
2019/11/27 13:27:55.81 work_queue_worker[1] wq: tx to master: info tasks_running 0
2019/11/27 13:27:55.81 work_queue_worker[1] wq: tx to master: end
2019/11/27 13:27:55.81 work_queue_worker[1] wq: rx from master: get file-0-018f568daaa4c9813af138b9acc80300-test.fasta.15.err 1
2019/11/27 13:27:55.81 work_queue_worker[1] wq: tx to master: file file-0-018f568daaa4c9813af138b9acc80300-test.fasta.15.err 0
2019/11/27 13:27:55.81 work_queue_worker[1] wq: tx to master: end
2019/11/27 13:27:55.81 work_queue_worker[1] wq: rx from master: get file-0-b230c590bc23b5b924df9e9d98a59cf3-test.fasta.15.out 1
2019/11/27 13:27:55.81 work_queue_worker[1] wq: tx to master: file file-0-b230c590bc23b5b924df9e9d98a59cf3-test.fasta.15.out 14251
2019/11/27 13:27:55.81 work_queue_worker[1] wq: tx to master: end
2019/11/27 13:27:55.81 work_queue_worker[1] wq: rx from master: kill 5
2019/11/27 13:27:55.81 work_queue_worker[1] wq: ---- DELETING: /tmp/worker-0-1/t.5
2019/11/27 13:27:55.81 work_queue_worker[1] wq: rx from master: task 7
2019/11/27 13:27:55.81 work_queue_worker[1] wq: rx from master: cmd 88
2019/11/27 13:27:55.81 work_queue_worker[1] wq: rx from master: ./blastall -p blastn -d nt/nt -i test.fasta.13 -o test.fasta.13.out 2> test.fasta.13.err
2019/11/27 13:27:55.81 work_queue_worker[1] wq: rx from master: category default
2019/11/27 13:27:55.81 work_queue_worker[1] wq: rx from master: cores 4
2019/11/27 13:27:55.81 work_queue_worker[1] wq: rx from master: memory 7749
2019/11/27 13:27:55.81 work_queue_worker[1] wq: rx from master: disk 181413
2019/11/27 13:27:55.81 work_queue_worker[1] wq: rx from master: gpus 0
2019/11/27 13:27:55.81 work_queue_worker[1] wq: rx from master: end_time 18446744073709551615
2019/11/27 13:27:55.81 work_queue_worker[1] wq: rx from master: wall_time 18446744073709551615
2019/11/27 13:27:55.82 work_queue_worker[1] wq: rx from master: env 7
2019/11/27 13:27:55.82 work_queue_worker[1] wq: rx from master: env 17
2019/11/27 13:27:55.82 work_queue_worker[1] wq: rx from master: infile file-0-25930e3036f13852cb0b29694bbab611-nt nt 1
2019/11/27 13:27:55.82 work_queue_worker[1] wq: rx from master: infile file-0-861f258aeedab7469eb02fd8febc6d36-test.fasta.13 test.fasta.13 1
2019/11/27 13:27:55.82 work_queue_worker[1] wq: rx from master: infile file-0-daa9c57850b857b80eefebbca6aa18ce-blastall blastall 1
2019/11/27 13:27:55.82 work_queue_worker[1] wq: rx from master: outfile file-0-a1e084cfb47df79ee8a2d374c2d9abba-test.fasta.13.err test.fasta.13.err 1
2019/11/27 13:27:55.82 work_queue_worker[1] wq: rx from master: outfile file-0-dc058f4294b64abb0a149cc97b0d5b94-test.fasta.13.out test.fasta.13.out 1
2019/11/27 13:27:55.82 work_queue_worker[1] wq: rx from master: end
2019/11/27 13:27:55.82 work_queue_worker[1] wq: linking cache/file-0-25930e3036f13852cb0b29694bbab611-nt to /tmp/worker-0-1/t.7/nt
2019/11/27 13:27:55.82 work_queue_worker[1] wq: linking cache/file-0-861f258aeedab7469eb02fd8febc6d36-test.fasta.13 to /tmp/worker-0-1/t.7/test.fasta.13
2019/11/27 13:27:55.82 work_queue_worker[1] wq: linking cache/file-0-daa9c57850b857b80eefebbca6aa18ce-blastall to /tmp/worker-0-1/t.7/blastall
2019/11/27 13:27:55.82 work_queue_worker[1] wq: started process 24: ./blastall -p blastn -d nt/nt -i test.fasta.13 -o test.fasta.13.out 2> test.fasta.13.err
2019/11/27 13:27:55.82 work_queue_worker[1] wq: tx to master: info tasks_running 1
2019/11/27 13:28:05.25 work_queue_worker[1] wq: task 7 (pid 24) exited normally with exit code 0
2019/11/27 13:28:05.25 work_queue_worker[1] wq: moving output file from /tmp/worker-0-1/t.7/test.fasta.13.err to cache/file-0-a1e084cfb47df79ee8a2d374c2d9abba-test.fasta.13.err
2019/11/27 13:28:05.25 work_queue_worker[1] wq: moving output file from /tmp/worker-0-1/t.7/test.fasta.13.out to cache/file-0-dc058f4294b64abb0a149cc97b0d5b94-test.fasta.13.out
2019/11/27 13:28:05.27 work_queue_worker[1] wq: tx to master: available_results
2019/11/27 13:28:05.27 work_queue_worker[1] wq: rx from master: send_results -1
2019/11/27 13:28:05.27 work_queue_worker[1] wq: tx to master: result 0 0 0 9431109 7
2019/11/27 13:28:05.27 work_queue_worker[1] wq: tx to master: info tasks_running 0
2019/11/27 13:28:05.27 work_queue_worker[1] wq: tx to master: end
2019/11/27 13:28:05.27 work_queue_worker[1] wq: rx from master: get file-0-a1e084cfb47df79ee8a2d374c2d9abba-test.fasta.13.err 1
2019/11/27 13:28:05.27 work_queue_worker[1] wq: tx to master: file file-0-a1e084cfb47df79ee8a2d374c2d9abba-test.fasta.13.err 0
2019/11/27 13:28:05.27 work_queue_worker[1] wq: tx to master: end
2019/11/27 13:28:05.27 work_queue_worker[1] wq: rx from master: get file-0-dc058f4294b64abb0a149cc97b0d5b94-test.fasta.13.out 1
2019/11/27 13:28:05.27 work_queue_worker[1] wq: tx to master: file file-0-dc058f4294b64abb0a149cc97b0d5b94-test.fasta.13.out 23659
2019/11/27 13:28:05.27 work_queue_worker[1] wq: tx to master: end
2019/11/27 13:28:05.28 work_queue_worker[1] wq: rx from master: kill 7
2019/11/27 13:28:05.28 work_queue_worker[1] wq: ---- DELETING: /tmp/worker-0-1/t.7
2019/11/27 13:28:05.28 work_queue_worker[1] wq: rx from master: task 8
2019/11/27 13:28:05.28 work_queue_worker[1] wq: rx from master: cmd 88
2019/11/27 13:28:05.28 work_queue_worker[1] wq: rx from master: ./blastall -p blastn -d nt/nt -i test.fasta.12 -o test.fasta.12.out 2> test.fasta.12.err
2019/11/27 13:28:05.28 work_queue_worker[1] wq: rx from master: category default
2019/11/27 13:28:05.28 work_queue_worker[1] wq: rx from master: cores 4
2019/11/27 13:28:05.28 work_queue_worker[1] wq: rx from master: memory 7749
2019/11/27 13:28:05.28 work_queue_worker[1] wq: rx from master: disk 181413
2019/11/27 13:28:05.28 work_queue_worker[1] wq: rx from master: gpus 0
2019/11/27 13:28:05.28 work_queue_worker[1] wq: rx from master: end_time 18446744073709551615
2019/11/27 13:28:05.28 work_queue_worker[1] wq: rx from master: wall_time 18446744073709551615
2019/11/27 13:28:05.28 work_queue_worker[1] wq: rx from master: env 7
2019/11/27 13:28:05.28 work_queue_worker[1] wq: rx from master: env 17
2019/11/27 13:28:05.28 work_queue_worker[1] wq: rx from master: infile file-0-25930e3036f13852cb0b29694bbab611-nt nt 1
2019/11/27 13:28:05.28 work_queue_worker[1] wq: rx from master: infile file-0-af4883bae18b8169ace09c1fbbe4e952-test.fasta.12 test.fasta.12 1
2019/11/27 13:28:05.28 work_queue_worker[1] wq: rx from master: infile file-0-daa9c57850b857b80eefebbca6aa18ce-blastall blastall 1
2019/11/27 13:28:05.28 work_queue_worker[1] wq: rx from master: outfile file-0-95cba511760cf5607a658110dca9e4d2-test.fasta.12.err test.fasta.12.err 1
2019/11/27 13:28:05.28 work_queue_worker[1] wq: rx from master: outfile file-0-b023ebea6f17836ab62822f542cbcf46-test.fasta.12.out test.fasta.12.out 1
2019/11/27 13:28:05.28 work_queue_worker[1] wq: rx from master: end
2019/11/27 13:28:05.28 work_queue_worker[1] wq: linking cache/file-0-25930e3036f13852cb0b29694bbab611-nt to /tmp/worker-0-1/t.8/nt
2019/11/27 13:28:05.28 work_queue_worker[1] wq: linking cache/file-0-af4883bae18b8169ace09c1fbbe4e952-test.fasta.12 to /tmp/worker-0-1/t.8/test.fasta.12
2019/11/27 13:28:05.28 work_queue_worker[1] wq: linking cache/file-0-daa9c57850b857b80eefebbca6aa18ce-blastall to /tmp/worker-0-1/t.8/blastall
2019/11/27 13:28:05.28 work_queue_worker[1] wq: started process 28: ./blastall -p blastn -d nt/nt -i test.fasta.12 -o test.fasta.12.out 2> test.fasta.12.err
2019/11/27 13:28:05.28 work_queue_worker[1] wq: tx to master: info tasks_running 1
2019/11/27 13:28:14.87 work_queue_worker[1] wq: task 8 (pid 28) exited normally with exit code 0
2019/11/27 13:28:14.87 work_queue_worker[1] wq: moving output file from /tmp/worker-0-1/t.8/test.fasta.12.err to cache/file-0-95cba511760cf5607a658110dca9e4d2-test.fasta.12.err
2019/11/27 13:28:14.87 work_queue_worker[1] wq: moving output file from /tmp/worker-0-1/t.8/test.fasta.12.out to cache/file-0-b023ebea6f17836ab62822f542cbcf46-test.fasta.12.out
2019/11/27 13:28:14.87 work_queue_worker[1] wq: tx to master: available_results
2019/11/27 13:28:14.87 work_queue_worker[1] wq: rx from master: send_results -1
2019/11/27 13:28:14.87 work_queue_worker[1] wq: tx to master: result 0 0 0 9589603 8
2019/11/27 13:28:14.87 work_queue_worker[1] wq: tx to master: info tasks_running 0
2019/11/27 13:28:14.87 work_queue_worker[1] wq: tx to master: end
2019/11/27 13:28:14.88 work_queue_worker[1] wq: rx from master: get file-0-95cba511760cf5607a658110dca9e4d2-test.fasta.12.err 1
2019/11/27 13:28:14.88 work_queue_worker[1] wq: tx to master: file file-0-95cba511760cf5607a658110dca9e4d2-test.fasta.12.err 0
2019/11/27 13:28:14.88 work_queue_worker[1] wq: tx to master: end
2019/11/27 13:28:14.88 work_queue_worker[1] wq: rx from master: get file-0-b023ebea6f17836ab62822f542cbcf46-test.fasta.12.out 1
2019/11/27 13:28:14.88 work_queue_worker[1] wq: tx to master: file file-0-b023ebea6f17836ab62822f542cbcf46-test.fasta.12.out 34494
2019/11/27 13:28:14.88 work_queue_worker[1] wq: tx to master: end
2019/11/27 13:28:14.88 work_queue_worker[1] wq: rx from master: kill 8
2019/11/27 13:28:14.88 work_queue_worker[1] wq: ---- DELETING: /tmp/worker-0-1/t.8
2019/11/27 13:28:14.88 work_queue_worker[1] wq: rx from master: task 10
2019/11/27 13:28:14.88 work_queue_worker[1] wq: rx from master: cmd 88
2019/11/27 13:28:14.88 work_queue_worker[1] wq: rx from master: ./blastall -p blastn -d nt/nt -i test.fasta.10 -o test.fasta.10.out 2> test.fasta.10.err
2019/11/27 13:28:14.88 work_queue_worker[1] wq: rx from master: category default
2019/11/27 13:28:14.88 work_queue_worker[1] wq: rx from master: cores 4
2019/11/27 13:28:14.88 work_queue_worker[1] wq: rx from master: memory 7749
2019/11/27 13:28:14.88 work_queue_worker[1] wq: rx from master: disk 181413
2019/11/27 13:28:14.88 work_queue_worker[1] wq: rx from master: gpus 0
2019/11/27 13:28:14.88 work_queue_worker[1] wq: rx from master: end_time 18446744073709551615
2019/11/27 13:28:14.88 work_queue_worker[1] wq: rx from master: wall_time 18446744073709551615
2019/11/27 13:28:14.88 work_queue_worker[1] wq: rx from master: env 7
2019/11/27 13:28:14.88 work_queue_worker[1] wq: rx from master: env 17
2019/11/27 13:28:14.88 work_queue_worker[1] wq: rx from master: infile file-0-25930e3036f13852cb0b29694bbab611-nt nt 1
2019/11/27 13:28:14.88 work_queue_worker[1] wq: rx from master: infile file-0-396e442289ce14a42a6f16a9e7d1098a-test.fasta.10 test.fasta.10 1
2019/11/27 13:28:14.88 work_queue_worker[1] wq: rx from master: infile file-0-daa9c57850b857b80eefebbca6aa18ce-blastall blastall 1
2019/11/27 13:28:14.88 work_queue_worker[1] wq: rx from master: outfile file-0-400c24b98082241c2985bbd9995eb1ac-test.fasta.10.err test.fasta.10.err 1
2019/11/27 13:28:14.88 work_queue_worker[1] wq: rx from master: outfile file-0-64d383240390d4f9cc137c625132db75-test.fasta.10.out test.fasta.10.out 1
2019/11/27 13:28:14.88 work_queue_worker[1] wq: rx from master: end
2019/11/27 13:28:14.88 work_queue_worker[1] wq: linking cache/file-0-25930e3036f13852cb0b29694bbab611-nt to /tmp/worker-0-1/t.10/nt
2019/11/27 13:28:14.89 work_queue_worker[1] wq: linking cache/file-0-396e442289ce14a42a6f16a9e7d1098a-test.fasta.10 to /tmp/worker-0-1/t.10/test.fasta.10
2019/11/27 13:28:14.89 work_queue_worker[1] wq: linking cache/file-0-daa9c57850b857b80eefebbca6aa18ce-blastall to /tmp/worker-0-1/t.10/blastall
2019/11/27 13:28:14.89 work_queue_worker[1] wq: started process 32: ./blastall -p blastn -d nt/nt -i test.fasta.10 -o test.fasta.10.out 2> test.fasta.10.err
2019/11/27 13:28:14.89 work_queue_worker[1] wq: tx to master: info tasks_running 1
2019/11/27 13:28:25.66 work_queue_worker[1] wq: task 10 (pid 32) exited normally with exit code 0
2019/11/27 13:28:25.66 work_queue_worker[1] wq: moving output file from /tmp/worker-0-1/t.10/test.fasta.10.err to cache/file-0-400c24b98082241c2985bbd9995eb1ac-test.fasta.10.err
2019/11/27 13:28:25.66 work_queue_worker[1] wq: moving output file from /tmp/worker-0-1/t.10/test.fasta.10.out to cache/file-0-64d383240390d4f9cc137c625132db75-test.fasta.10.out
2019/11/27 13:28:25.66 work_queue_worker[1] wq: tx to master: available_results
2019/11/27 13:28:25.66 work_queue_worker[1] wq: rx from master: send_results -1
2019/11/27 13:28:25.66 work_queue_worker[1] wq: tx to master: result 0 0 0 10778232 10
2019/11/27 13:28:25.66 work_queue_worker[1] wq: tx to master: info tasks_running 0
2019/11/27 13:28:25.66 work_queue_worker[1] wq: tx to master: end
2019/11/27 13:28:25.67 work_queue_worker[1] wq: rx from master: get file-0-400c24b98082241c2985bbd9995eb1ac-test.fasta.10.err 1
2019/11/27 13:28:25.67 work_queue_worker[1] wq: tx to master: file file-0-400c24b98082241c2985bbd9995eb1ac-test.fasta.10.err 0
2019/11/27 13:28:25.67 work_queue_worker[1] wq: tx to master: end
2019/11/27 13:28:25.67 work_queue_worker[1] wq: rx from master: get file-0-64d383240390d4f9cc137c625132db75-test.fasta.10.out 1
2019/11/27 13:28:25.67 work_queue_worker[1] wq: tx to master: file file-0-64d383240390d4f9cc137c625132db75-test.fasta.10.out 102868
2019/11/27 13:28:25.67 work_queue_worker[1] wq: tx to master: end
2019/11/27 13:28:25.68 work_queue_worker[1] wq: rx from master: kill 10
2019/11/27 13:28:25.68 work_queue_worker[1] wq: ---- DELETING: /tmp/worker-0-1/t.10
2019/11/27 13:28:25.70 work_queue_worker[1] wq: rx from master: task 12
2019/11/27 13:28:25.70 work_queue_worker[1] wq: rx from master: cmd 85
2019/11/27 13:28:25.70 work_queue_worker[1] wq: rx from master: ./blastall -p blastn -d nt/nt -i test.fasta.8 -o test.fasta.8.out 2> test.fasta.8.err
2019/11/27 13:28:25.70 work_queue_worker[1] wq: rx from master: category default
2019/11/27 13:28:25.70 work_queue_worker[1] wq: rx from master: cores 4
2019/11/27 13:28:25.70 work_queue_worker[1] wq: rx from master: memory 7749
2019/11/27 13:28:25.70 work_queue_worker[1] wq: rx from master: disk 181413
2019/11/27 13:28:25.70 work_queue_worker[1] wq: rx from master: gpus 0
2019/11/27 13:28:25.70 work_queue_worker[1] wq: rx from master: end_time 18446744073709551615
2019/11/27 13:28:25.70 work_queue_worker[1] wq: rx from master: wall_time 18446744073709551615
2019/11/27 13:28:25.70 work_queue_worker[1] wq: rx from master: env 7
2019/11/27 13:28:25.70 work_queue_worker[1] wq: rx from master: env 17
2019/11/27 13:28:25.70 work_queue_worker[1] wq: rx from master: infile file-0-25930e3036f13852cb0b29694bbab611-nt nt 1
2019/11/27 13:28:25.70 work_queue_worker[1] wq: rx from master: infile file-0-3410183026126208c01eade572fb5bdf-test.fasta.8 test.fasta.8 1
2019/11/27 13:28:25.70 work_queue_worker[1] wq: rx from master: infile file-0-daa9c57850b857b80eefebbca6aa18ce-blastall blastall 1
2019/11/27 13:28:25.70 work_queue_worker[1] wq: rx from master: outfile file-0-377034d337ce566c4f64a77efabc1f23-test.fasta.8.err test.fasta.8.err 1
2019/11/27 13:28:25.70 work_queue_worker[1] wq: rx from master: outfile file-0-599ca89112d700f3c1cc921c2abd9aaa-test.fasta.8.out test.fasta.8.out 1
2019/11/27 13:28:25.70 work_queue_worker[1] wq: rx from master: end
2019/11/27 13:28:25.71 work_queue_worker[1] wq: linking cache/file-0-25930e3036f13852cb0b29694bbab611-nt to /tmp/worker-0-1/t.12/nt
2019/11/27 13:28:25.71 work_queue_worker[1] wq: linking cache/file-0-3410183026126208c01eade572fb5bdf-test.fasta.8 to /tmp/worker-0-1/t.12/test.fasta.8
2019/11/27 13:28:25.71 work_queue_worker[1] wq: linking cache/file-0-daa9c57850b857b80eefebbca6aa18ce-blastall to /tmp/worker-0-1/t.12/blastall
2019/11/27 13:28:25.71 work_queue_worker[1] wq: started process 36: ./blastall -p blastn -d nt/nt -i test.fasta.8 -o test.fasta.8.out 2> test.fasta.8.err
2019/11/27 13:28:25.71 work_queue_worker[1] wq: tx to master: info tasks_running 1
2019/11/27 13:28:34.87 work_queue_worker[1] wq: task 12 (pid 36) exited normally with exit code 0
2019/11/27 13:28:34.87 work_queue_worker[1] wq: moving output file from /tmp/worker-0-1/t.12/test.fasta.8.err to cache/file-0-377034d337ce566c4f64a77efabc1f23-test.fasta.8.err
2019/11/27 13:28:34.87 work_queue_worker[1] wq: moving output file from /tmp/worker-0-1/t.12/test.fasta.8.out to cache/file-0-599ca89112d700f3c1cc921c2abd9aaa-test.fasta.8.out
2019/11/27 13:28:34.87 work_queue_worker[1] wq: tx to master: available_results
2019/11/27 13:28:34.87 work_queue_worker[1] wq: rx from master: send_results -1
2019/11/27 13:28:34.87 work_queue_worker[1] wq: tx to master: result 0 0 0 9156153 12
2019/11/27 13:28:34.87 work_queue_worker[1] wq: tx to master: info tasks_running 0
2019/11/27 13:28:34.87 work_queue_worker[1] wq: tx to master: end
2019/11/27 13:28:34.87 work_queue_worker[1] wq: rx from master: get file-0-377034d337ce566c4f64a77efabc1f23-test.fasta.8.err 1
2019/11/27 13:28:34.87 work_queue_worker[1] wq: tx to master: file file-0-377034d337ce566c4f64a77efabc1f23-test.fasta.8.err 0
2019/11/27 13:28:34.87 work_queue_worker[1] wq: tx to master: end
2019/11/27 13:28:34.87 work_queue_worker[1] wq: rx from master: get file-0-599ca89112d700f3c1cc921c2abd9aaa-test.fasta.8.out 1
2019/11/27 13:28:34.87 work_queue_worker[1] wq: tx to master: file file-0-599ca89112d700f3c1cc921c2abd9aaa-test.fasta.8.out 20887
2019/11/27 13:28:34.87 work_queue_worker[1] wq: tx to master: end
2019/11/27 13:28:34.87 work_queue_worker[1] wq: rx from master: kill 12
2019/11/27 13:28:34.87 work_queue_worker[1] wq: ---- DELETING: /tmp/worker-0-1/t.12
2019/11/27 13:28:34.88 work_queue_worker[1] wq: rx from master: task 14
2019/11/27 13:28:34.88 work_queue_worker[1] wq: rx from master: cmd 85
2019/11/27 13:28:34.88 work_queue_worker[1] wq: rx from master: ./blastall -p blastn -d nt/nt -i test.fasta.6 -o test.fasta.6.out 2> test.fasta.6.err
2019/11/27 13:28:34.88 work_queue_worker[1] wq: rx from master: category default
2019/11/27 13:28:34.88 work_queue_worker[1] wq: rx from master: cores 4
2019/11/27 13:28:34.88 work_queue_worker[1] wq: rx from master: memory 7749
2019/11/27 13:28:34.88 work_queue_worker[1] wq: rx from master: disk 181413
2019/11/27 13:28:34.88 work_queue_worker[1] wq: rx from master: gpus 0
2019/11/27 13:28:34.88 work_queue_worker[1] wq: rx from master: end_time 18446744073709551615
2019/11/27 13:28:34.88 work_queue_worker[1] wq: rx from master: wall_time 18446744073709551615
2019/11/27 13:28:34.88 work_queue_worker[1] wq: rx from master: env 7
2019/11/27 13:28:34.88 work_queue_worker[1] wq: rx from master: env 17
2019/11/27 13:28:34.88 work_queue_worker[1] wq: rx from master: infile file-0-25930e3036f13852cb0b29694bbab611-nt nt 1
2019/11/27 13:28:34.88 work_queue_worker[1] wq: rx from master: infile file-0-c6fe59e7bc34ad592758fbf1affd35b3-test.fasta.6 test.fasta.6 1
2019/11/27 13:28:34.88 work_queue_worker[1] wq: rx from master: infile file-0-daa9c57850b857b80eefebbca6aa18ce-blastall blastall 1
2019/11/27 13:28:34.88 work_queue_worker[1] wq: rx from master: outfile file-0-bd9fd21e69318adb97979b465eda0063-test.fasta.6.err test.fasta.6.err 1
2019/11/27 13:28:34.88 work_queue_worker[1] wq: rx from master: outfile file-0-a7dc44bc794b29fe719284fc40dc98e9-test.fasta.6.out test.fasta.6.out 1
2019/11/27 13:28:34.88 work_queue_worker[1] wq: rx from master: end
2019/11/27 13:28:34.88 work_queue_worker[1] wq: linking cache/file-0-25930e3036f13852cb0b29694bbab611-nt to /tmp/worker-0-1/t.14/nt
2019/11/27 13:28:34.88 work_queue_worker[1] wq: linking cache/file-0-c6fe59e7bc34ad592758fbf1affd35b3-test.fasta.6 to /tmp/worker-0-1/t.14/test.fasta.6
2019/11/27 13:28:34.88 work_queue_worker[1] wq: linking cache/file-0-daa9c57850b857b80eefebbca6aa18ce-blastall to /tmp/worker-0-1/t.14/blastall
2019/11/27 13:28:34.88 work_queue_worker[1] wq: started process 40: ./blastall -p blastn -d nt/nt -i test.fasta.6 -o test.fasta.6.out 2> test.fasta.6.err
2019/11/27 13:28:34.88 work_queue_worker[1] wq: tx to master: info tasks_running 1
2019/11/27 13:28:44.73 work_queue_worker[1] wq: task 14 (pid 40) exited normally with exit code 0
2019/11/27 13:28:44.73 work_queue_worker[1] wq: moving output file from /tmp/worker-0-1/t.14/test.fasta.6.err to cache/file-0-bd9fd21e69318adb97979b465eda0063-test.fasta.6.err
2019/11/27 13:28:44.73 work_queue_worker[1] wq: moving output file from /tmp/worker-0-1/t.14/test.fasta.6.out to cache/file-0-a7dc44bc794b29fe719284fc40dc98e9-test.fasta.6.out
2019/11/27 13:28:44.75 work_queue_worker[1] wq: tx to master: available_results
2019/11/27 13:28:44.76 work_queue_worker[1] wq: rx from master: send_results -1
2019/11/27 13:28:44.76 work_queue_worker[1] wq: tx to master: result 0 0 0 9853032 14
2019/11/27 13:28:44.76 work_queue_worker[1] wq: tx to master: info tasks_running 0
2019/11/27 13:28:44.76 work_queue_worker[1] wq: tx to master: end
2019/11/27 13:28:44.76 work_queue_worker[1] wq: rx from master: get file-0-bd9fd21e69318adb97979b465eda0063-test.fasta.6.err 1
2019/11/27 13:28:44.76 work_queue_worker[1] wq: tx to master: file file-0-bd9fd21e69318adb97979b465eda0063-test.fasta.6.err 0
2019/11/27 13:28:44.76 work_queue_worker[1] wq: tx to master: end
2019/11/27 13:28:44.76 work_queue_worker[1] wq: rx from master: get file-0-a7dc44bc794b29fe719284fc40dc98e9-test.fasta.6.out 1
2019/11/27 13:28:44.76 work_queue_worker[1] wq: tx to master: file file-0-a7dc44bc794b29fe719284fc40dc98e9-test.fasta.6.out 43688
2019/11/27 13:28:44.76 work_queue_worker[1] wq: tx to master: end
2019/11/27 13:28:44.76 work_queue_worker[1] wq: rx from master: kill 14
2019/11/27 13:28:44.76 work_queue_worker[1] wq: ---- DELETING: /tmp/worker-0-1/t.14
2019/11/27 13:28:44.76 work_queue_worker[1] wq: rx from master: task 15
2019/11/27 13:28:44.76 work_queue_worker[1] wq: rx from master: cmd 85
2019/11/27 13:28:44.76 work_queue_worker[1] wq: rx from master: ./blastall -p blastn -d nt/nt -i test.fasta.5 -o test.fasta.5.out 2> test.fasta.5.err
2019/11/27 13:28:44.76 work_queue_worker[1] wq: rx from master: category default
2019/11/27 13:28:44.76 work_queue_worker[1] wq: rx from master: cores 4
2019/11/27 13:28:44.76 work_queue_worker[1] wq: rx from master: memory 7749
2019/11/27 13:28:44.76 work_queue_worker[1] wq: rx from master: disk 181413
2019/11/27 13:28:44.76 work_queue_worker[1] wq: rx from master: gpus 0
2019/11/27 13:28:44.76 work_queue_worker[1] wq: rx from master: end_time 18446744073709551615
2019/11/27 13:28:44.76 work_queue_worker[1] wq: rx from master: wall_time 18446744073709551615
2019/11/27 13:28:44.76 work_queue_worker[1] wq: rx from master: env 7
2019/11/27 13:28:44.76 work_queue_worker[1] wq: rx from master: env 17
2019/11/27 13:28:44.76 work_queue_worker[1] wq: rx from master: infile file-0-25930e3036f13852cb0b29694bbab611-nt nt 1
2019/11/27 13:28:44.76 work_queue_worker[1] wq: rx from master: infile file-0-fc9a4f7caa888a46e12e2e1209ae754c-test.fasta.5 test.fasta.5 1
2019/11/27 13:28:44.76 work_queue_worker[1] wq: rx from master: infile file-0-daa9c57850b857b80eefebbca6aa18ce-blastall blastall 1
2019/11/27 13:28:44.76 work_queue_worker[1] wq: rx from master: outfile file-0-a828eb0064de4217d91adefe024593ea-test.fasta.5.err test.fasta.5.err 1
2019/11/27 13:28:44.76 work_queue_worker[1] wq: rx from master: outfile file-0-fbd2f53190114c61134d5302430022bd-test.fasta.5.out test.fasta.5.out 1
2019/11/27 13:28:44.76 work_queue_worker[1] wq: rx from master: end
2019/11/27 13:28:44.77 work_queue_worker[1] wq: linking cache/file-0-25930e3036f13852cb0b29694bbab611-nt to /tmp/worker-0-1/t.15/nt
2019/11/27 13:28:44.77 work_queue_worker[1] wq: linking cache/file-0-fc9a4f7caa888a46e12e2e1209ae754c-test.fasta.5 to /tmp/worker-0-1/t.15/test.fasta.5
2019/11/27 13:28:44.77 work_queue_worker[1] wq: linking cache/file-0-daa9c57850b857b80eefebbca6aa18ce-blastall to /tmp/worker-0-1/t.15/blastall
2019/11/27 13:28:44.77 work_queue_worker[1] wq: started process 44: ./blastall -p blastn -d nt/nt -i test.fasta.5 -o test.fasta.5.out 2> test.fasta.5.err
2019/11/27 13:28:44.77 work_queue_worker[1] wq: tx to master: info tasks_running 1
2019/11/27 13:28:54.29 work_queue_worker[1] wq: task 15 (pid 44) exited normally with exit code 0
2019/11/27 13:28:54.29 work_queue_worker[1] wq: moving output file from /tmp/worker-0-1/t.15/test.fasta.5.err to cache/file-0-a828eb0064de4217d91adefe024593ea-test.fasta.5.err
2019/11/27 13:28:54.29 work_queue_worker[1] wq: moving output file from /tmp/worker-0-1/t.15/test.fasta.5.out to cache/file-0-fbd2f53190114c61134d5302430022bd-test.fasta.5.out
2019/11/27 13:28:54.30 work_queue_worker[1] wq: tx to master: available_results
2019/11/27 13:28:54.30 work_queue_worker[1] wq: rx from master: send_results -1
2019/11/27 13:28:54.30 work_queue_worker[1] wq: tx to master: result 0 0 0 9514087 15
2019/11/27 13:28:54.30 work_queue_worker[1] wq: tx to master: info tasks_running 0
2019/11/27 13:28:54.30 work_queue_worker[1] wq: tx to master: end
2019/11/27 13:28:54.30 work_queue_worker[1] wq: rx from master: get file-0-a828eb0064de4217d91adefe024593ea-test.fasta.5.err 1
2019/11/27 13:28:54.31 work_queue_worker[1] wq: tx to master: file file-0-a828eb0064de4217d91adefe024593ea-test.fasta.5.err 0
2019/11/27 13:28:54.31 work_queue_worker[1] wq: tx to master: end
2019/11/27 13:28:54.31 work_queue_worker[1] wq: rx from master: get file-0-fbd2f53190114c61134d5302430022bd-test.fasta.5.out 1
2019/11/27 13:28:54.31 work_queue_worker[1] wq: tx to master: file file-0-fbd2f53190114c61134d5302430022bd-test.fasta.5.out 26060
2019/11/27 13:28:54.31 work_queue_worker[1] wq: tx to master: end
2019/11/27 13:28:54.31 work_queue_worker[1] wq: rx from master: kill 15
2019/11/27 13:28:54.31 work_queue_worker[1] wq: ---- DELETING: /tmp/worker-0-1/t.15
2019/11/27 13:28:54.31 work_queue_worker[1] wq: rx from master: task 17
2019/11/27 13:28:54.31 work_queue_worker[1] wq: rx from master: cmd 85
2019/11/27 13:28:54.31 work_queue_worker[1] wq: rx from master: ./blastall -p blastn -d nt/nt -i test.fasta.3 -o test.fasta.3.out 2> test.fasta.3.err
2019/11/27 13:28:54.31 work_queue_worker[1] wq: rx from master: category default
2019/11/27 13:28:54.31 work_queue_worker[1] wq: rx from master: cores 4
2019/11/27 13:28:54.31 work_queue_worker[1] wq: rx from master: memory 7749
2019/11/27 13:28:54.31 work_queue_worker[1] wq: rx from master: disk 181413
2019/11/27 13:28:54.31 work_queue_worker[1] wq: rx from master: gpus 0
2019/11/27 13:28:54.31 work_queue_worker[1] wq: rx from master: end_time 18446744073709551615
2019/11/27 13:28:54.31 work_queue_worker[1] wq: rx from master: wall_time 18446744073709551615
2019/11/27 13:28:54.31 work_queue_worker[1] wq: rx from master: env 7
2019/11/27 13:28:54.31 work_queue_worker[1] wq: rx from master: env 17
2019/11/27 13:28:54.31 work_queue_worker[1] wq: rx from master: infile file-0-25930e3036f13852cb0b29694bbab611-nt nt 1
2019/11/27 13:28:54.31 work_queue_worker[1] wq: rx from master: infile file-0-f7c60c99710a0f95199d7cf4150bb754-test.fasta.3 test.fasta.3 1
2019/11/27 13:28:54.31 work_queue_worker[1] wq: rx from master: infile file-0-daa9c57850b857b80eefebbca6aa18ce-blastall blastall 1
2019/11/27 13:28:54.31 work_queue_worker[1] wq: rx from master: outfile file-0-302dccbdb24a28605e16f14de1f6102d-test.fasta.3.err test.fasta.3.err 1
2019/11/27 13:28:54.31 work_queue_worker[1] wq: rx from master: outfile file-0-caef36134f56070ec9bbb5a29c17bfcb-test.fasta.3.out test.fasta.3.out 1
2019/11/27 13:28:54.31 work_queue_worker[1] wq: rx from master: end
2019/11/27 13:28:54.32 work_queue_worker[1] wq: linking cache/file-0-25930e3036f13852cb0b29694bbab611-nt to /tmp/worker-0-1/t.17/nt
2019/11/27 13:28:54.32 work_queue_worker[1] wq: linking cache/file-0-f7c60c99710a0f95199d7cf4150bb754-test.fasta.3 to /tmp/worker-0-1/t.17/test.fasta.3
2019/11/27 13:28:54.32 work_queue_worker[1] wq: linking cache/file-0-daa9c57850b857b80eefebbca6aa18ce-blastall to /tmp/worker-0-1/t.17/blastall
2019/11/27 13:28:54.32 work_queue_worker[1] wq: started process 48: ./blastall -p blastn -d nt/nt -i test.fasta.3 -o test.fasta.3.out 2> test.fasta.3.err
2019/11/27 13:28:54.32 work_queue_worker[1] wq: tx to master: info tasks_running 1
2019/11/27 13:29:03.80 work_queue_worker[1] wq: task 17 (pid 48) exited normally with exit code 0
2019/11/27 13:29:03.80 work_queue_worker[1] wq: moving output file from /tmp/worker-0-1/t.17/test.fasta.3.err to cache/file-0-302dccbdb24a28605e16f14de1f6102d-test.fasta.3.err
2019/11/27 13:29:03.80 work_queue_worker[1] wq: moving output file from /tmp/worker-0-1/t.17/test.fasta.3.out to cache/file-0-caef36134f56070ec9bbb5a29c17bfcb-test.fasta.3.out
2019/11/27 13:29:03.80 work_queue_worker[1] wq: tx to master: available_results
2019/11/27 13:29:03.80 work_queue_worker[1] wq: rx from master: send_results -1
2019/11/27 13:29:03.80 work_queue_worker[1] wq: tx to master: result 0 0 0 9478502 17
2019/11/27 13:29:03.80 work_queue_worker[1] wq: tx to master: info tasks_running 0
2019/11/27 13:29:03.80 work_queue_worker[1] wq: tx to master: end
2019/11/27 13:29:03.80 work_queue_worker[1] wq: rx from master: get file-0-302dccbdb24a28605e16f14de1f6102d-test.fasta.3.err 1
2019/11/27 13:29:03.80 work_queue_worker[1] wq: tx to master: file file-0-302dccbdb24a28605e16f14de1f6102d-test.fasta.3.err 0
2019/11/27 13:29:03.80 work_queue_worker[1] wq: tx to master: end
2019/11/27 13:29:03.80 work_queue_worker[1] wq: rx from master: get file-0-caef36134f56070ec9bbb5a29c17bfcb-test.fasta.3.out 1
2019/11/27 13:29:03.80 work_queue_worker[1] wq: tx to master: file file-0-caef36134f56070ec9bbb5a29c17bfcb-test.fasta.3.out 24326
2019/11/27 13:29:03.80 work_queue_worker[1] wq: tx to master: end
2019/11/27 13:29:03.80 work_queue_worker[1] wq: rx from master: kill 17
2019/11/27 13:29:03.80 work_queue_worker[1] wq: ---- DELETING: /tmp/worker-0-1/t.17
2019/11/27 13:29:03.80 work_queue_worker[1] wq: rx from master: task 19
2019/11/27 13:29:03.80 work_queue_worker[1] wq: rx from master: cmd 85
2019/11/27 13:29:03.80 work_queue_worker[1] wq: rx from master: ./blastall -p blastn -d nt/nt -i test.fasta.1 -o test.fasta.1.out 2> test.fasta.1.err
2019/11/27 13:29:03.80 work_queue_worker[1] wq: rx from master: category default
2019/11/27 13:29:03.80 work_queue_worker[1] wq: rx from master: cores 4
2019/11/27 13:29:03.80 work_queue_worker[1] wq: rx from master: memory 7749
2019/11/27 13:29:03.80 work_queue_worker[1] wq: rx from master: disk 181413
2019/11/27 13:29:03.80 work_queue_worker[1] wq: rx from master: gpus 0
2019/11/27 13:29:03.80 work_queue_worker[1] wq: rx from master: end_time 18446744073709551615
2019/11/27 13:29:03.80 work_queue_worker[1] wq: rx from master: wall_time 18446744073709551615
2019/11/27 13:29:03.80 work_queue_worker[1] wq: rx from master: env 7
2019/11/27 13:29:03.80 work_queue_worker[1] wq: rx from master: env 17
2019/11/27 13:29:03.80 work_queue_worker[1] wq: rx from master: infile file-0-25930e3036f13852cb0b29694bbab611-nt nt 1
2019/11/27 13:29:03.80 work_queue_worker[1] wq: rx from master: infile file-0-21ce2e3623ee3a033739f28d47ebc2f3-test.fasta.1 test.fasta.1 1
2019/11/27 13:29:03.80 work_queue_worker[1] wq: rx from master: infile file-0-daa9c57850b857b80eefebbca6aa18ce-blastall blastall 1
2019/11/27 13:29:03.80 work_queue_worker[1] wq: rx from master: outfile file-0-3ab9f1950a6d162e67ee5b12ea6e7807-test.fasta.1.err test.fasta.1.err 1
2019/11/27 13:29:03.80 work_queue_worker[1] wq: rx from master: outfile file-0-994988da6966ac76fa59fc30ca8c2cd9-test.fasta.1.out test.fasta.1.out 1
2019/11/27 13:29:03.80 work_queue_worker[1] wq: rx from master: end
2019/11/27 13:29:03.81 work_queue_worker[1] wq: linking cache/file-0-25930e3036f13852cb0b29694bbab611-nt to /tmp/worker-0-1/t.19/nt
2019/11/27 13:29:03.81 work_queue_worker[1] wq: linking cache/file-0-21ce2e3623ee3a033739f28d47ebc2f3-test.fasta.1 to /tmp/worker-0-1/t.19/test.fasta.1
2019/11/27 13:29:03.81 work_queue_worker[1] wq: linking cache/file-0-daa9c57850b857b80eefebbca6aa18ce-blastall to /tmp/worker-0-1/t.19/blastall
2019/11/27 13:29:03.81 work_queue_worker[1] wq: started process 52: ./blastall -p blastn -d nt/nt -i test.fasta.1 -o test.fasta.1.out 2> test.fasta.1.err
2019/11/27 13:29:03.81 work_queue_worker[1] wq: tx to master: info tasks_running 1
2019/11/27 13:29:13.36 work_queue_worker[1] wq: task 19 (pid 52) exited normally with exit code 0
2019/11/27 13:29:13.36 work_queue_worker[1] wq: moving output file from /tmp/worker-0-1/t.19/test.fasta.1.err to cache/file-0-3ab9f1950a6d162e67ee5b12ea6e7807-test.fasta.1.err
2019/11/27 13:29:13.36 work_queue_worker[1] wq: moving output file from /tmp/worker-0-1/t.19/test.fasta.1.out to cache/file-0-994988da6966ac76fa59fc30ca8c2cd9-test.fasta.1.out
2019/11/27 13:29:13.38 work_queue_worker[1] wq: tx to master: available_results
2019/11/27 13:29:13.38 work_queue_worker[1] wq: rx from master: send_results -1
2019/11/27 13:29:13.38 work_queue_worker[1] wq: tx to master: result 0 0 0 9557726 19
2019/11/27 13:29:13.38 work_queue_worker[1] wq: tx to master: info tasks_running 0
2019/11/27 13:29:13.38 work_queue_worker[1] wq: tx to master: end
2019/11/27 13:29:13.38 work_queue_worker[1] wq: rx from master: get file-0-3ab9f1950a6d162e67ee5b12ea6e7807-test.fasta.1.err 1
2019/11/27 13:29:13.38 work_queue_worker[1] wq: tx to master: file file-0-3ab9f1950a6d162e67ee5b12ea6e7807-test.fasta.1.err 0
2019/11/27 13:29:13.38 work_queue_worker[1] wq: tx to master: end
2019/11/27 13:29:13.39 work_queue_worker[1] wq: rx from master: get file-0-994988da6966ac76fa59fc30ca8c2cd9-test.fasta.1.out 1
2019/11/27 13:29:13.39 work_queue_worker[1] wq: tx to master: file file-0-994988da6966ac76fa59fc30ca8c2cd9-test.fasta.1.out 27543
2019/11/27 13:29:13.39 work_queue_worker[1] wq: tx to master: end
2019/11/27 13:29:13.39 work_queue_worker[1] wq: rx from master: kill 19
2019/11/27 13:29:13.39 work_queue_worker[1] wq: ---- DELETING: /tmp/worker-0-1/t.19
2019/11/27 13:29:13.39 work_queue_worker[1] wq: rx from master: task 20
2019/11/27 13:29:13.39 work_queue_worker[1] wq: rx from master: cmd 85
2019/11/27 13:29:13.39 work_queue_worker[1] wq: rx from master: ./blastall -p blastn -d nt/nt -i test.fasta.0 -o test.fasta.0.out 2> test.fasta.0.err
2019/11/27 13:29:13.39 work_queue_worker[1] wq: rx from master: category default
2019/11/27 13:29:13.39 work_queue_worker[1] wq: rx from master: cores 4
2019/11/27 13:29:13.39 work_queue_worker[1] wq: rx from master: memory 7749
2019/11/27 13:29:13.39 work_queue_worker[1] wq: rx from master: disk 181413
2019/11/27 13:29:13.39 work_queue_worker[1] wq: rx from master: gpus 0
2019/11/27 13:29:13.39 work_queue_worker[1] wq: rx from master: end_time 18446744073709551615
2019/11/27 13:29:13.39 work_queue_worker[1] wq: rx from master: wall_time 18446744073709551615
2019/11/27 13:29:13.39 work_queue_worker[1] wq: rx from master: env 7
2019/11/27 13:29:13.39 work_queue_worker[1] wq: rx from master: env 17
2019/11/27 13:29:13.39 work_queue_worker[1] wq: rx from master: infile file-0-25930e3036f13852cb0b29694bbab611-nt nt 1
2019/11/27 13:29:13.39 work_queue_worker[1] wq: rx from master: infile file-0-40fd5f960224a9a20c2e8e46163bd3bc-test.fasta.0 test.fasta.0 1
2019/11/27 13:29:13.39 work_queue_worker[1] wq: rx from master: infile file-0-daa9c57850b857b80eefebbca6aa18ce-blastall blastall 1
2019/11/27 13:29:13.39 work_queue_worker[1] wq: rx from master: outfile file-0-d3c5f1deffb290ea5b83fcdb7aa44689-test.fasta.0.err test.fasta.0.err 1
2019/11/27 13:29:13.39 work_queue_worker[1] wq: rx from master: outfile file-0-19aaebb99ff439298563042059681cfe-test.fasta.0.out test.fasta.0.out 1
2019/11/27 13:29:13.39 work_queue_worker[1] wq: rx from master: end
2019/11/27 13:29:13.40 work_queue_worker[1] wq: linking cache/file-0-25930e3036f13852cb0b29694bbab611-nt to /tmp/worker-0-1/t.20/nt
2019/11/27 13:29:13.40 work_queue_worker[1] wq: linking cache/file-0-40fd5f960224a9a20c2e8e46163bd3bc-test.fasta.0 to /tmp/worker-0-1/t.20/test.fasta.0
2019/11/27 13:29:13.40 work_queue_worker[1] wq: linking cache/file-0-daa9c57850b857b80eefebbca6aa18ce-blastall to /tmp/worker-0-1/t.20/blastall
2019/11/27 13:29:13.40 work_queue_worker[1] wq: started process 56: ./blastall -p blastn -d nt/nt -i test.fasta.0 -o test.fasta.0.out 2> test.fasta.0.err
2019/11/27 13:29:13.40 work_queue_worker[1] wq: tx to master: info tasks_running 1
2019/11/27 13:29:23.00 work_queue_worker[1] wq: task 20 (pid 56) exited normally with exit code 0
2019/11/27 13:29:23.00 work_queue_worker[1] wq: moving output file from /tmp/worker-0-1/t.20/test.fasta.0.err to cache/file-0-d3c5f1deffb290ea5b83fcdb7aa44689-test.fasta.0.err
2019/11/27 13:29:23.00 work_queue_worker[1] wq: moving output file from /tmp/worker-0-1/t.20/test.fasta.0.out to cache/file-0-19aaebb99ff439298563042059681cfe-test.fasta.0.out
2019/11/27 13:29:23.00 work_queue_worker[1] wq: tx to master: available_results
2019/11/27 13:29:23.00 work_queue_worker[1] wq: rx from master: send_results -1
2019/11/27 13:29:23.00 work_queue_worker[1] wq: tx to master: result 0 0 0 9601896 20
2019/11/27 13:29:23.00 work_queue_worker[1] wq: tx to master: info tasks_running 0
2019/11/27 13:29:23.00 work_queue_worker[1] wq: tx to master: end
2019/11/27 13:29:23.00 work_queue_worker[1] wq: rx from master: get file-0-d3c5f1deffb290ea5b83fcdb7aa44689-test.fasta.0.err 1
2019/11/27 13:29:23.00 work_queue_worker[1] wq: tx to master: file file-0-d3c5f1deffb290ea5b83fcdb7aa44689-test.fasta.0.err 0
2019/11/27 13:29:23.00 work_queue_worker[1] wq: tx to master: end
2019/11/27 13:29:23.00 work_queue_worker[1] wq: rx from master: get file-0-19aaebb99ff439298563042059681cfe-test.fasta.0.out 1
2019/11/27 13:29:23.00 work_queue_worker[1] wq: tx to master: file file-0-19aaebb99ff439298563042059681cfe-test.fasta.0.out 42704
2019/11/27 13:29:23.00 work_queue_worker[1] wq: tx to master: end
2019/11/27 13:29:23.01 work_queue_worker[1] wq: rx from master: kill 20
2019/11/27 13:29:23.01 work_queue_worker[1] wq: ---- DELETING: /tmp/worker-0-1/t.20
2019/11/27 13:29:23.08 work_queue_worker[1] wq: rx from master: release
2019/11/27 13:29:23.08 work_queue_worker[1] wq: released by master 10.0.59.8:1026.
2019/11/27 13:29:23.08 work_queue_worker[1] wq: *********** BRUNO ******** NOT cleaning workspace /tmp/worker-0-1
2019/11/27 13:29:23.08 work_queue_worker[1] wq: disconnecting from master 10.0.59.8:1026
2019/11/27 13:29:23.08 work_queue_worker[1] tcp: disconnected from 10.0.59.8 port 1026
2019/11/27 13:29:23.08 work_queue_worker[1] wq: killing all outstanding tasks
2019/11/27 13:29:23.08 work_queue_worker[1] wq: all data structures are clean
2019/11/27 13:29:24.08 work_queue_worker[1] tcp: connecting to 10.0.59.8 port 1026
