2019/11/23 18:43:05.70 #|1574534585.701824731|00#| work_queue_worker[1] debug: /root/cctools/bin/work_queue_worker version 8.0.0 DEVELOPMENT (released 2019-11-14 15:35:16 +0000)
2019/11/23 18:43:05.70 #|1574534585.701975276|00#| work_queue_worker[1] debug: Built by root@7e9ecba79f43 on 2019-11-14 15:35:16 +0000
2019/11/23 18:43:05.70 #|1574534585.701996661|00#| work_queue_worker[1] debug: System: Linux 7e9ecba79f43 5.0.0-32-generic #34~18.04.2-Ubuntu SMP Thu Oct 10 10:36:02 UTC 2019 x86_64 x86_64 x86_64 GNU/Linux
2019/11/23 18:43:05.70 #|1574534585.702013474|00#| work_queue_worker[1] debug: Configuration: --prefix /root/cctools
2019/11/23 18:43:05.70 #|1574534585.702277765|00#| work_queue_worker[1] wq: WORK_QUEUE_SANDBOX set to /tmp/worker-0-1.
2019/11/23 18:43:05.70 #|1574534585.704125560|00#| work_queue_worker[1] debug: error reading disk usage on directory: ./cache.
2019/11/23 18:43:05.70 #|1574534585.704180203|00#| work_queue_worker[1] dns: looking up name master
2019/11/23 18:43:05.70 #|1574534585.705320792|00#| work_queue_worker[1] dns: master is 10.0.132.2
2019/11/23 18:43:05.70 #|1574534585.705448782|00#| work_queue_worker[1] tcp: connecting to 10.0.132.2 port 1026
2019/11/23 18:43:05.70 #|1574534585.706036425|00#| work_queue_worker[1] tcp: made connection to 10.0.132.2 port 1026
2019/11/23 18:43:05.70 #|1574534585.706065915|00#| work_queue_worker[1] wq: connected to master master:1026 via local address 10.0.132.8:39750
2019/11/23 18:43:05.70 #|1574534585.706082994|00#| work_queue_worker[1] wq: preparing workspace /tmp/worker-0-1
2019/11/23 18:43:05.70 #|1574534585.706255316|00#| work_queue_worker[1] dns: looking up name a24d39433fe1
2019/11/23 18:43:05.70 #|1574534585.706315116|00#| work_queue_worker[1] dns: a24d39433fe1 is 10.0.132.8
2019/11/23 18:43:05.70 #|1574534585.706330756|00#| work_queue_worker[1] dns: looking up addr 10.0.132.8
2019/11/23 18:43:05.70 #|1574534585.706371956|00#| work_queue_worker[1] dns: 10.0.132.8 is a24d39433fe1
2019/11/23 18:43:05.70 #|1574534585.706388287|00#| work_queue_worker[1] dns: finding my hostname: uname = a24d39433fe1, address = 10.0.132.8, hostname = a24d39433fe1
2019/11/23 18:43:05.70 #|1574534585.706404215|00#| work_queue_worker[1] wq: tx to master: workqueue 8 a24d39433fe1 Linux x86_64 8.0.0
2019/11/23 18:43:05.70 #|1574534585.706482342|00#| work_queue_worker[1] wq: tx to master: info worker-id worker-af4344c807a5695eec3fc77650be1353
2019/11/23 18:43:05.70 #|1574534585.706541102|00#| work_queue_worker[1] wq: tx to master: alive
2019/11/23 18:43:05.70 #|1574534585.706593463|00#| work_queue_worker[1] wq: Sending resource description to master:
2019/11/23 18:43:05.70 #|1574534585.706610312|00#| work_queue_worker[1] wq:  workers      0 inuse      1 total      1 smallest      1 largest
2019/11/23 18:43:05.70 #|1574534585.706659825|00#| work_queue_worker[1] wq:     disk      0 inuse 183081 total 183081 smallest 183081 largest
2019/11/23 18:43:05.70 #|1574534585.706710586|00#| work_queue_worker[1] wq:   memory      0 inuse   7749 total   7749 smallest   7749 largest
2019/11/23 18:43:05.70 #|1574534585.706763649|00#| work_queue_worker[1] wq:     gpus      0 inuse      0 total      0 smallest      0 largest
2019/11/23 18:43:05.70 #|1574534585.706816464|00#| work_queue_worker[1] wq:    cores      0 inuse      1 total      1 smallest      1 largest
2019/11/23 18:43:05.70 #|1574534585.706897782|00#| work_queue_worker[1] wq: tx to master: info end_of_resource_update 0
2019/11/23 18:43:05.70 #|1574534585.706947818|00#| work_queue_worker[1] wq: tx to master: info tasks_running 0
2019/11/23 18:43:05.70 #|1574534585.707001163|00#| work_queue_worker[1] wq: working for master at 10.0.132.2:1026.
2019/11/23 18:45:59.02 #|1574534759.28985854|00#| work_queue_worker[1] wq: rx from master: put file-0-cdcb812e1d4b3d86022e7dd488b06452-query.fastq.3 2044000 0644 1
2019/11/23 18:45:59.02 #|1574534759.29294058|00#| work_queue_worker[1] wq: Putting file file-0-cdcb812e1d4b3d86022e7dd488b06452-query.fastq.3 into workspace
2019/11/23 18:45:59.21 #|1574534759.210316375|00#| work_queue_worker[1] wq: rx from master: put file-0-971da570f958f7598fb58342dc472274-ref.fasta.sa 50000056 0644 1
2019/11/23 18:45:59.21 #|1574534759.210442242|00#| work_queue_worker[1] wq: Putting file file-0-971da570f958f7598fb58342dc472274-ref.fasta.sa into workspace
2019/11/23 18:46:03.61 #|1574534763.611532864|00#| work_queue_worker[1] wq: rx from master: put file-0-35f59a9883b4870b84f03717aff16002-ref.fasta.ann 5866697 0644 1
2019/11/23 18:46:03.61 #|1574534763.611649381|00#| work_queue_worker[1] wq: Putting file file-0-35f59a9883b4870b84f03717aff16002-ref.fasta.ann into workspace
2019/11/23 18:46:04.12 #|1574534764.127312574|00#| work_queue_worker[1] wq: rx from master: put file-0-1aba5e7adecebe065db19a405fb8bdf0-ref.fasta.amb 19 0644 1
2019/11/23 18:46:04.12 #|1574534764.127480791|00#| work_queue_worker[1] wq: Putting file file-0-1aba5e7adecebe065db19a405fb8bdf0-ref.fasta.amb into workspace
2019/11/23 18:46:04.12 #|1574534764.127685989|00#| work_queue_worker[1] wq: rx from master: put file-0-d4ff2b390cdd34b642d74a1cd1b59b97-ref.fasta.pac 25000002 0644 1
2019/11/23 18:46:04.12 #|1574534764.127749531|00#| work_queue_worker[1] wq: Putting file file-0-d4ff2b390cdd34b642d74a1cd1b59b97-ref.fasta.pac into workspace
2019/11/23 18:46:06.32 #|1574534766.329606780|00#| work_queue_worker[1] wq: rx from master: put file-0-0cadea4f68da3f941c5b5f0c963a59f8-ref.fasta.bwt 100000072 0644 1
2019/11/23 18:46:06.32 #|1574534766.329731196|00#| work_queue_worker[1] wq: Putting file file-0-0cadea4f68da3f941c5b5f0c963a59f8-ref.fasta.bwt into workspace
2019/11/23 18:46:15.16 #|1574534775.160037539|00#| work_queue_worker[1] wq: rx from master: put file-0-b08c3e9746692f64bcb9a448620c7967-ref.fasta 105477790 0644 1
2019/11/23 18:46:15.16 #|1574534775.160140183|00#| work_queue_worker[1] wq: Putting file file-0-b08c3e9746692f64bcb9a448620c7967-ref.fasta into workspace
2019/11/23 18:46:24.60 #|1574534784.608922020|00#| work_queue_worker[1] wq: rx from master: put file-0-a6be17d8a097bb9efd120be10bbc654c-bwa 1444312 0755 1
2019/11/23 18:46:24.60 #|1574534784.609016101|00#| work_queue_worker[1] wq: Putting file file-0-a6be17d8a097bb9efd120be10bbc654c-bwa into workspace
2019/11/23 18:46:24.75 #|1574534784.753993467|00#| work_queue_worker[1] wq: rx from master: task 7
2019/11/23 18:46:24.75 #|1574534784.754078660|00#| work_queue_worker[1] wq: rx from master: cmd 58
2019/11/23 18:46:24.75 #|1574534784.754121025|00#| work_queue_worker[1] wq: rx from master: ./bwa mem ref.fasta query.fastq.3 > Out.3.sam 2> mem.3.err
2019/11/23 18:46:24.75 #|1574534784.754156144|00#| work_queue_worker[1] wq: rx from master: category default
2019/11/23 18:46:24.75 #|1574534784.754188319|00#| work_queue_worker[1] wq: rx from master: cores 1
2019/11/23 18:46:24.75 #|1574534784.754219219|00#| work_queue_worker[1] wq: rx from master: memory 7749
2019/11/23 18:46:24.75 #|1574534784.754248701|00#| work_queue_worker[1] wq: rx from master: disk 183081
2019/11/23 18:46:24.75 #|1574534784.754281861|00#| work_queue_worker[1] wq: rx from master: gpus 0
2019/11/23 18:46:24.75 #|1574534784.754327697|00#| work_queue_worker[1] wq: rx from master: end_time 18446744073709551615
2019/11/23 18:46:24.75 #|1574534784.754359396|00#| work_queue_worker[1] wq: rx from master: wall_time 18446744073709551615
2019/11/23 18:46:24.75 #|1574534784.754391299|00#| work_queue_worker[1] wq: rx from master: env 7
2019/11/23 18:46:24.75 #|1574534784.754430191|00#| work_queue_worker[1] wq: rx from master: env 17
2019/11/23 18:46:24.75 #|1574534784.754467152|00#| work_queue_worker[1] wq: rx from master: infile file-0-cdcb812e1d4b3d86022e7dd488b06452-query.fastq.3 query.fastq.3 1
2019/11/23 18:46:24.75 #|1574534784.754531282|00#| work_queue_worker[1] wq: rx from master: infile file-0-971da570f958f7598fb58342dc472274-ref.fasta.sa ref.fasta.sa 1
2019/11/23 18:46:24.75 #|1574534784.754601749|00#| work_queue_worker[1] wq: rx from master: infile file-0-35f59a9883b4870b84f03717aff16002-ref.fasta.ann ref.fasta.ann 1
2019/11/23 18:46:24.75 #|1574534784.754658982|00#| work_queue_worker[1] wq: rx from master: infile file-0-1aba5e7adecebe065db19a405fb8bdf0-ref.fasta.amb ref.fasta.amb 1
2019/11/23 18:46:24.75 #|1574534784.754721910|00#| work_queue_worker[1] wq: rx from master: infile file-0-d4ff2b390cdd34b642d74a1cd1b59b97-ref.fasta.pac ref.fasta.pac 1
2019/11/23 18:46:24.75 #|1574534784.754767229|00#| work_queue_worker[1] wq: rx from master: infile file-0-0cadea4f68da3f941c5b5f0c963a59f8-ref.fasta.bwt ref.fasta.bwt 1
2019/11/23 18:46:24.75 #|1574534784.754837612|00#| work_queue_worker[1] wq: rx from master: infile file-0-b08c3e9746692f64bcb9a448620c7967-ref.fasta ref.fasta 1
2019/11/23 18:46:24.75 #|1574534784.754885608|00#| work_queue_worker[1] wq: rx from master: infile file-0-a6be17d8a097bb9efd120be10bbc654c-bwa bwa 1
2019/11/23 18:46:24.75 #|1574534784.754925760|00#| work_queue_worker[1] wq: rx from master: outfile file-0-d86b3e96c438a1a208b38cae5dacaf2e-mem.3.err mem.3.err 1
2019/11/23 18:46:24.75 #|1574534784.754964979|00#| work_queue_worker[1] wq: rx from master: outfile file-0-afe424355297e6cf59385fab9a81c87e-Out.3.sam Out.3.sam 1
2019/11/23 18:46:24.75 #|1574534784.755008200|00#| work_queue_worker[1] wq: rx from master: end
2019/11/23 18:46:24.75 #|1574534784.755238214|00#| work_queue_worker[1] wq: linking cache/file-0-cdcb812e1d4b3d86022e7dd488b06452-query.fastq.3 to /tmp/worker-0-1/t.7/query.fastq.3
2019/11/23 18:46:24.75 #|1574534784.755362563|00#| work_queue_worker[1] wq: linking cache/file-0-971da570f958f7598fb58342dc472274-ref.fasta.sa to /tmp/worker-0-1/t.7/ref.fasta.sa
2019/11/23 18:46:24.75 #|1574534784.755500178|00#| work_queue_worker[1] wq: linking cache/file-0-35f59a9883b4870b84f03717aff16002-ref.fasta.ann to /tmp/worker-0-1/t.7/ref.fasta.ann
2019/11/23 18:46:24.75 #|1574534784.755638446|00#| work_queue_worker[1] wq: linking cache/file-0-1aba5e7adecebe065db19a405fb8bdf0-ref.fasta.amb to /tmp/worker-0-1/t.7/ref.fasta.amb
2019/11/23 18:46:24.75 #|1574534784.755747169|00#| work_queue_worker[1] wq: linking cache/file-0-d4ff2b390cdd34b642d74a1cd1b59b97-ref.fasta.pac to /tmp/worker-0-1/t.7/ref.fasta.pac
2019/11/23 18:46:24.75 #|1574534784.755864482|00#| work_queue_worker[1] wq: linking cache/file-0-0cadea4f68da3f941c5b5f0c963a59f8-ref.fasta.bwt to /tmp/worker-0-1/t.7/ref.fasta.bwt
2019/11/23 18:46:24.75 #|1574534784.755974558|00#| work_queue_worker[1] wq: linking cache/file-0-b08c3e9746692f64bcb9a448620c7967-ref.fasta to /tmp/worker-0-1/t.7/ref.fasta
2019/11/23 18:46:24.75 #|1574534784.756080985|00#| work_queue_worker[1] wq: linking cache/file-0-a6be17d8a097bb9efd120be10bbc654c-bwa to /tmp/worker-0-1/t.7/bwa
2019/11/23 18:46:24.75 #|1574534784.756159882|00#| work_queue_worker[1] wq: Waiting task 7 has been forsaken.
2019/11/23 18:46:24.75 #|1574534784.756202128|00#| work_queue_worker[1] wq: tx to master: alive
2019/11/23 18:46:24.75 #|1574534784.756277340|00#| work_queue_worker[1] wq: Sending resource description to master:
2019/11/23 18:46:24.75 #|1574534784.756312839|00#| work_queue_worker[1] wq:  workers      0 inuse      1 total      1 smallest      1 largest
2019/11/23 18:46:24.75 #|1574534784.756410610|00#| work_queue_worker[1] wq:     disk    276 inuse 182141 total 182141 smallest 182141 largest
2019/11/23 18:46:24.75 #|1574534784.756504992|00#| work_queue_worker[1] wq:   memory      0 inuse   7749 total   7749 smallest   7749 largest
2019/11/23 18:46:24.75 #|1574534784.756608065|00#| work_queue_worker[1] wq:     gpus      0 inuse      0 total      0 smallest      0 largest
2019/11/23 18:46:24.75 #|1574534784.756706767|00#| work_queue_worker[1] wq:    cores      0 inuse      1 total      1 smallest      1 largest
2019/11/23 18:46:24.75 #|1574534784.756831047|00#| work_queue_worker[1] wq: tx to master: info end_of_resource_update 0
2019/11/23 18:46:24.75 #|1574534784.756912773|00#| work_queue_worker[1] wq: tx to master: info tasks_running 0
2019/11/23 18:46:24.75 #|1574534784.756999442|00#| work_queue_worker[1] wq: tx to master: info tasks_running 0
2019/11/23 18:46:24.75 #|1574534784.757102826|00#| work_queue_worker[1] wq: tx to master: available_results
2019/11/23 18:46:26.25 #|1574534786.256466502|00#| work_queue_worker[1] wq: rx from master: send_results -1
2019/11/23 18:46:26.25 #|1574534786.256604491|00#| work_queue_worker[1] wq: tx to master: result 40 0 0 0 7
2019/11/23 18:46:26.25 #|1574534786.256752582|00#| work_queue_worker[1] wq: tx to master: info tasks_running 0
2019/11/23 18:46:26.25 #|1574534786.256905404|00#| work_queue_worker[1] wq: tx to master: end
2019/11/23 18:46:45.39 #|1574534805.393933571|00#| work_queue_worker[1] wq: rx from master: put file-0-048045060f61089a83cce204e6b8f151-corr.out 0 0644 1
2019/11/23 18:46:45.39 #|1574534805.394075688|00#| work_queue_worker[1] wq: Putting file file-0-048045060f61089a83cce204e6b8f151-corr.out into workspace
2019/11/23 18:46:45.39 #|1574534805.394999053|00#| work_queue_worker[1] wq: rx from master: put file-0-d227f53ffa4906fec9c6df596e58665f-ref.fasta.89 1055000 0644 1
2019/11/23 18:46:45.39 #|1574534805.395058475|00#| work_queue_worker[1] wq: Putting file file-0-d227f53ffa4906fec9c6df596e58665f-ref.fasta.89 into workspace
2019/11/23 18:46:45.74 #|1574534805.747967079|00#| work_queue_worker[1] wq: rx from master: put file-0-ddd728dc31a49bcd4cacae5676b4e7f7-Create_Corrected_AllLRReads.py 1402 0755 1
2019/11/23 18:46:45.74 #|1574534805.748029334|00#| work_queue_worker[1] wq: Putting file file-0-ddd728dc31a49bcd4cacae5676b4e7f7-Create_Corrected_AllLRReads.py into workspace
2019/11/23 18:46:45.74 #|1574534805.748188969|00#| work_queue_worker[1] wq: rx from master: task 23
2019/11/23 18:46:45.74 #|1574534805.748220634|00#| work_queue_worker[1] wq: rx from master: cmd 76
2019/11/23 18:46:45.74 #|1574534805.748237755|00#| work_queue_worker[1] wq: rx from master: python Create_Corrected_AllLRReads.py ref.fasta.89 corr.out 2> create.err.89
2019/11/23 18:46:45.74 #|1574534805.748251990|00#| work_queue_worker[1] wq: rx from master: category default
2019/11/23 18:46:45.74 #|1574534805.748267217|00#| work_queue_worker[1] wq: rx from master: cores 1
2019/11/23 18:46:45.74 #|1574534805.748282444|00#| work_queue_worker[1] wq: rx from master: memory 7749
2019/11/23 18:46:45.74 #|1574534805.748297354|00#| work_queue_worker[1] wq: rx from master: disk 182141
2019/11/23 18:46:45.74 #|1574534805.748312078|00#| work_queue_worker[1] wq: rx from master: gpus 0
2019/11/23 18:46:45.74 #|1574534805.748327790|00#| work_queue_worker[1] wq: rx from master: end_time 18446744073709551615
2019/11/23 18:46:45.74 #|1574534805.748344175|00#| work_queue_worker[1] wq: rx from master: wall_time 18446744073709551615
2019/11/23 18:46:45.74 #|1574534805.748371269|00#| work_queue_worker[1] wq: rx from master: env 7
2019/11/23 18:46:45.74 #|1574534805.748391481|00#| work_queue_worker[1] wq: rx from master: env 17
2019/11/23 18:46:45.74 #|1574534805.748410660|00#| work_queue_worker[1] wq: rx from master: infile file-0-048045060f61089a83cce204e6b8f151-corr.out corr.out 1
2019/11/23 18:46:45.74 #|1574534805.748449623|00#| work_queue_worker[1] wq: rx from master: infile file-0-d227f53ffa4906fec9c6df596e58665f-ref.fasta.89 ref.fasta.89 1
2019/11/23 18:46:45.74 #|1574534805.748485089|00#| work_queue_worker[1] wq: rx from master: infile file-0-ddd728dc31a49bcd4cacae5676b4e7f7-Create_Corrected_AllLRReads.py Create_Corrected_AllLRReads.py 1
2019/11/23 18:46:45.74 #|1574534805.748513963|00#| work_queue_worker[1] wq: rx from master: outfile file-0-054657e8f78fc0e80c99bd12930c6516-create.err.89 create.err.89 1
2019/11/23 18:46:45.74 #|1574534805.748541624|00#| work_queue_worker[1] wq: rx from master: outfile file-0-42bcf5e6aaa970b04b36214e6a1c7b2f-Corrected_ref.fasta.89 Corrected_ref.fasta.89 1
2019/11/23 18:46:45.74 #|1574534805.748567790|00#| work_queue_worker[1] wq: rx from master: end
2019/11/23 18:46:45.74 #|1574534805.748744344|00#| work_queue_worker[1] wq: linking cache/file-0-048045060f61089a83cce204e6b8f151-corr.out to /tmp/worker-0-1/t.23/corr.out
2019/11/23 18:46:45.74 #|1574534805.748807032|00#| work_queue_worker[1] wq: linking cache/file-0-d227f53ffa4906fec9c6df596e58665f-ref.fasta.89 to /tmp/worker-0-1/t.23/ref.fasta.89
2019/11/23 18:46:45.74 #|1574534805.748862834|00#| work_queue_worker[1] wq: linking cache/file-0-ddd728dc31a49bcd4cacae5676b4e7f7-Create_Corrected_AllLRReads.py to /tmp/worker-0-1/t.23/Create_Corrected_AllLRReads.py
2019/11/23 18:46:45.74 #|1574534805.749205642|00#| work_queue_worker[1] wq: started process 9: python Create_Corrected_AllLRReads.py ref.fasta.89 corr.out 2> create.err.89
2019/11/23 18:46:45.74 #|1574534805.749291849|00#| work_queue_worker[1] wq: tx to master: info tasks_running 1
2019/11/23 18:46:45.74 #|1574534805.749380588|00#| work_queue_worker[1] wq: rx from master: check
2019/11/23 18:46:45.74 #|1574534805.749411044|00#| work_queue_worker[1] wq: tx to master: alive
2019/11/23 18:46:45.74 #|1574534805.749464947|00#| work_queue_worker[1] wq: tx to master: info tasks_running 1
2019/11/23 18:46:45.79 #|1574534805.793065450|00#| work_queue_worker[1] wq: task 23 (pid 9) exited normally with exit code 0
2019/11/23 18:46:45.79 #|1574534805.793119541|00#| work_queue_worker[1] wq: moving output file from /tmp/worker-0-1/t.23/create.err.89 to cache/file-0-054657e8f78fc0e80c99bd12930c6516-create.err.89
2019/11/23 18:46:45.79 #|1574534805.793187927|00#| work_queue_worker[1] wq: moving output file from /tmp/worker-0-1/t.23/Corrected_ref.fasta.89 to cache/file-0-42bcf5e6aaa970b04b36214e6a1c7b2f-Corrected_ref.fasta.89
2019/11/23 18:46:45.79 #|1574534805.793231543|00#| work_queue_worker[1] wq: tx to master: available_results
2019/11/23 18:46:46.01 #|1574534806.12845281|00#| work_queue_worker[1] wq: rx from master: send_results -1
2019/11/23 18:46:46.01 #|1574534806.12929724|00#| work_queue_worker[1] wq: tx to master: result 0 0 0 44132 23
2019/11/23 18:46:46.01 #|1574534806.13054769|00#| work_queue_worker[1] wq: tx to master: info tasks_running 0
2019/11/23 18:46:46.01 #|1574534806.13144150|00#| work_queue_worker[1] wq: tx to master: end
2019/11/23 18:46:46.03 #|1574534806.32218332|00#| work_queue_worker[1] wq: rx from master: get file-0-054657e8f78fc0e80c99bd12930c6516-create.err.89 1
2019/11/23 18:46:46.03 #|1574534806.32330428|00#| work_queue_worker[1] wq: tx to master: file file-0-054657e8f78fc0e80c99bd12930c6516-create.err.89 0
2019/11/23 18:46:46.03 #|1574534806.32549528|00#| work_queue_worker[1] wq: tx to master: end
2019/11/23 18:46:46.03 #|1574534806.33261294|00#| work_queue_worker[1] wq: rx from master: get file-0-42bcf5e6aaa970b04b36214e6a1c7b2f-Corrected_ref.fasta.89 1
2019/11/23 18:46:46.03 #|1574534806.33363475|00#| work_queue_worker[1] wq: tx to master: file file-0-42bcf5e6aaa970b04b36214e6a1c7b2f-Corrected_ref.fasta.89 1055000
2019/11/23 18:46:46.11 #|1574534806.113931807|00#| work_queue_worker[1] wq: tx to master: end
2019/11/23 18:46:46.12 #|1574534806.127539222|00#| work_queue_worker[1] wq: rx from master: kill 23
2019/11/23 18:46:46.41 #|1574534806.410516032|00#| work_queue_worker[1] wq: rx from master: put file-0-7ab30a43881e8e0cd0a3ea551fefd6f9-ref.fasta.78 1055000 0644 1
2019/11/23 18:46:46.41 #|1574534806.410580220|00#| work_queue_worker[1] wq: Putting file file-0-7ab30a43881e8e0cd0a3ea551fefd6f9-ref.fasta.78 into workspace
2019/11/23 18:46:46.50 #|1574534806.504789054|00#| work_queue_worker[1] wq: rx from master: task 34
2019/11/23 18:46:46.50 #|1574534806.504846232|00#| work_queue_worker[1] wq: rx from master: cmd 76
2019/11/23 18:46:46.50 #|1574534806.504870359|00#| work_queue_worker[1] wq: rx from master: python Create_Corrected_AllLRReads.py ref.fasta.78 corr.out 2> create.err.78
2019/11/23 18:46:46.50 #|1574534806.504887869|00#| work_queue_worker[1] wq: rx from master: category default
2019/11/23 18:46:46.50 #|1574534806.504905127|00#| work_queue_worker[1] wq: rx from master: cores 1
2019/11/23 18:46:46.50 #|1574534806.504930841|00#| work_queue_worker[1] wq: rx from master: memory 7749
2019/11/23 18:46:46.50 #|1574534806.504947043|00#| work_queue_worker[1] wq: rx from master: disk 182141
2019/11/23 18:46:46.50 #|1574534806.504963739|00#| work_queue_worker[1] wq: rx from master: gpus 0
2019/11/23 18:46:46.50 #|1574534806.504980238|00#| work_queue_worker[1] wq: rx from master: end_time 18446744073709551615
2019/11/23 18:46:46.50 #|1574534806.504998189|00#| work_queue_worker[1] wq: rx from master: wall_time 18446744073709551615
2019/11/23 18:46:46.50 #|1574534806.505021924|00#| work_queue_worker[1] wq: rx from master: env 7
2019/11/23 18:46:46.50 #|1574534806.505046360|00#| work_queue_worker[1] wq: rx from master: env 17
2019/11/23 18:46:46.50 #|1574534806.505066438|00#| work_queue_worker[1] wq: rx from master: infile file-0-048045060f61089a83cce204e6b8f151-corr.out corr.out 1
2019/11/23 18:46:46.50 #|1574534806.505100130|00#| work_queue_worker[1] wq: rx from master: infile file-0-7ab30a43881e8e0cd0a3ea551fefd6f9-ref.fasta.78 ref.fasta.78 1
2019/11/23 18:46:46.50 #|1574534806.505128228|00#| work_queue_worker[1] wq: rx from master: infile file-0-ddd728dc31a49bcd4cacae5676b4e7f7-Create_Corrected_AllLRReads.py Create_Corrected_AllLRReads.py 1
2019/11/23 18:46:46.50 #|1574534806.505192164|00#| work_queue_worker[1] wq: rx from master: outfile file-0-03150a4c914d2a73eba7a75d9fcf4ae8-create.err.78 create.err.78 1
2019/11/23 18:46:46.50 #|1574534806.505220604|00#| work_queue_worker[1] wq: rx from master: outfile file-0-e1b9b8322b4e4f66dad9162bc8f7e28c-Corrected_ref.fasta.78 Corrected_ref.fasta.78 1
2019/11/23 18:46:46.50 #|1574534806.505245368|00#| work_queue_worker[1] wq: rx from master: end
2019/11/23 18:46:46.50 #|1574534806.505414773|00#| work_queue_worker[1] wq: linking cache/file-0-048045060f61089a83cce204e6b8f151-corr.out to /tmp/worker-0-1/t.34/corr.out
2019/11/23 18:46:46.50 #|1574534806.505476255|00#| work_queue_worker[1] wq: linking cache/file-0-7ab30a43881e8e0cd0a3ea551fefd6f9-ref.fasta.78 to /tmp/worker-0-1/t.34/ref.fasta.78
2019/11/23 18:46:46.50 #|1574534806.505525765|00#| work_queue_worker[1] wq: linking cache/file-0-ddd728dc31a49bcd4cacae5676b4e7f7-Create_Corrected_AllLRReads.py to /tmp/worker-0-1/t.34/Create_Corrected_AllLRReads.py
2019/11/23 18:46:46.50 #|1574534806.505762652|00#| work_queue_worker[1] wq: started process 11: python Create_Corrected_AllLRReads.py ref.fasta.78 corr.out 2> create.err.78
2019/11/23 18:46:46.50 #|1574534806.505806912|00#| work_queue_worker[1] wq: tx to master: info tasks_running 1
2019/11/23 18:46:46.54 #|1574534806.546963967|00#| work_queue_worker[1] wq: task 34 (pid 11) exited normally with exit code 0
2019/11/23 18:46:46.54 #|1574534806.547017605|00#| work_queue_worker[1] wq: moving output file from /tmp/worker-0-1/t.34/create.err.78 to cache/file-0-03150a4c914d2a73eba7a75d9fcf4ae8-create.err.78
2019/11/23 18:46:46.54 #|1574534806.547119540|00#| work_queue_worker[1] wq: moving output file from /tmp/worker-0-1/t.34/Corrected_ref.fasta.78 to cache/file-0-e1b9b8322b4e4f66dad9162bc8f7e28c-Corrected_ref.fasta.78
2019/11/23 18:46:46.54 #|1574534806.547190280|00#| work_queue_worker[1] wq: tx to master: available_results
2019/11/23 18:46:46.66 #|1574534806.662895295|00#| work_queue_worker[1] wq: rx from master: send_results -1
2019/11/23 18:46:46.66 #|1574534806.662970594|00#| work_queue_worker[1] wq: tx to master: result 0 0 0 41410 34
2019/11/23 18:46:46.66 #|1574534806.663074893|00#| work_queue_worker[1] wq: tx to master: info tasks_running 0
2019/11/23 18:46:46.66 #|1574534806.663167961|00#| work_queue_worker[1] wq: tx to master: end
2019/11/23 18:46:46.76 #|1574534806.760416653|00#| work_queue_worker[1] wq: rx from master: get file-0-03150a4c914d2a73eba7a75d9fcf4ae8-create.err.78 1
2019/11/23 18:46:46.76 #|1574534806.760510251|00#| work_queue_worker[1] wq: tx to master: file file-0-03150a4c914d2a73eba7a75d9fcf4ae8-create.err.78 0
2019/11/23 18:46:46.76 #|1574534806.760622928|00#| work_queue_worker[1] wq: tx to master: end
2019/11/23 18:46:46.76 #|1574534806.761186502|00#| work_queue_worker[1] wq: rx from master: get file-0-e1b9b8322b4e4f66dad9162bc8f7e28c-Corrected_ref.fasta.78 1
2019/11/23 18:46:46.76 #|1574534806.761246416|00#| work_queue_worker[1] wq: tx to master: file file-0-e1b9b8322b4e4f66dad9162bc8f7e28c-Corrected_ref.fasta.78 1055000
2019/11/23 18:46:46.83 #|1574534806.838061531|00#| work_queue_worker[1] wq: tx to master: end
2019/11/23 18:46:46.85 #|1574534806.855610978|00#| work_queue_worker[1] wq: rx from master: kill 34
2019/11/23 18:46:47.14 #|1574534807.142155274|00#| work_queue_worker[1] wq: rx from master: put file-0-bc1ca4a7d217f08f6cfed4b9fc896252-ref.fasta.67 1055000 0644 1
2019/11/23 18:46:47.14 #|1574534807.142229901|00#| work_queue_worker[1] wq: Putting file file-0-bc1ca4a7d217f08f6cfed4b9fc896252-ref.fasta.67 into workspace
2019/11/23 18:46:47.23 #|1574534807.236216250|00#| work_queue_worker[1] wq: rx from master: task 45
2019/11/23 18:46:47.23 #|1574534807.236321629|00#| work_queue_worker[1] wq: rx from master: cmd 76
2019/11/23 18:46:47.23 #|1574534807.236362338|00#| work_queue_worker[1] wq: rx from master: python Create_Corrected_AllLRReads.py ref.fasta.67 corr.out 2> create.err.67
2019/11/23 18:46:47.23 #|1574534807.236387659|00#| work_queue_worker[1] wq: rx from master: category default
2019/11/23 18:46:47.23 #|1574534807.236453652|00#| work_queue_worker[1] wq: rx from master: cores 1
2019/11/23 18:46:47.23 #|1574534807.236484316|00#| work_queue_worker[1] wq: rx from master: memory 7749
2019/11/23 18:46:47.23 #|1574534807.236550798|00#| work_queue_worker[1] wq: rx from master: disk 182141
2019/11/23 18:46:47.23 #|1574534807.236583709|00#| work_queue_worker[1] wq: rx from master: gpus 0
2019/11/23 18:46:47.23 #|1574534807.236611731|00#| work_queue_worker[1] wq: rx from master: end_time 18446744073709551615
2019/11/23 18:46:47.23 #|1574534807.236640704|00#| work_queue_worker[1] wq: rx from master: wall_time 18446744073709551615
2019/11/23 18:46:47.23 #|1574534807.236667910|00#| work_queue_worker[1] wq: rx from master: env 7
2019/11/23 18:46:47.23 #|1574534807.236751946|00#| work_queue_worker[1] wq: rx from master: env 17
2019/11/23 18:46:47.23 #|1574534807.236784769|00#| work_queue_worker[1] wq: rx from master: infile file-0-048045060f61089a83cce204e6b8f151-corr.out corr.out 1
2019/11/23 18:46:47.23 #|1574534807.236833442|00#| work_queue_worker[1] wq: rx from master: infile file-0-bc1ca4a7d217f08f6cfed4b9fc896252-ref.fasta.67 ref.fasta.67 1
2019/11/23 18:46:47.23 #|1574534807.236874203|00#| work_queue_worker[1] wq: rx from master: infile file-0-ddd728dc31a49bcd4cacae5676b4e7f7-Create_Corrected_AllLRReads.py Create_Corrected_AllLRReads.py 1
2019/11/23 18:46:47.23 #|1574534807.236915778|00#| work_queue_worker[1] wq: rx from master: outfile file-0-4ba12b8ace67fcd816192a3a0ab4ab71-create.err.67 create.err.67 1
2019/11/23 18:46:47.23 #|1574534807.236956552|00#| work_queue_worker[1] wq: rx from master: outfile file-0-08caa705e78be4c10e0d8b165e57493f-Corrected_ref.fasta.67 Corrected_ref.fasta.67 1
2019/11/23 18:46:47.23 #|1574534807.236996109|00#| work_queue_worker[1] wq: rx from master: end
2019/11/23 18:46:47.23 #|1574534807.237231069|00#| work_queue_worker[1] wq: linking cache/file-0-048045060f61089a83cce204e6b8f151-corr.out to /tmp/worker-0-1/t.45/corr.out
2019/11/23 18:46:47.23 #|1574534807.237299980|00#| work_queue_worker[1] wq: linking cache/file-0-bc1ca4a7d217f08f6cfed4b9fc896252-ref.fasta.67 to /tmp/worker-0-1/t.45/ref.fasta.67
2019/11/23 18:46:47.23 #|1574534807.237348699|00#| work_queue_worker[1] wq: linking cache/file-0-ddd728dc31a49bcd4cacae5676b4e7f7-Create_Corrected_AllLRReads.py to /tmp/worker-0-1/t.45/Create_Corrected_AllLRReads.py
2019/11/23 18:46:47.23 #|1574534807.237586589|00#| work_queue_worker[1] wq: started process 13: python Create_Corrected_AllLRReads.py ref.fasta.67 corr.out 2> create.err.67
2019/11/23 18:46:47.23 #|1574534807.237687331|00#| work_queue_worker[1] wq: tx to master: info tasks_running 1
2019/11/23 18:46:47.28 #|1574534807.282091169|00#| work_queue_worker[1] wq: task 45 (pid 13) exited normally with exit code 0
2019/11/23 18:46:47.28 #|1574534807.282126897|00#| work_queue_worker[1] wq: moving output file from /tmp/worker-0-1/t.45/create.err.67 to cache/file-0-4ba12b8ace67fcd816192a3a0ab4ab71-create.err.67
2019/11/23 18:46:47.28 #|1574534807.282279932|00#| work_queue_worker[1] wq: moving output file from /tmp/worker-0-1/t.45/Corrected_ref.fasta.67 to cache/file-0-08caa705e78be4c10e0d8b165e57493f-Corrected_ref.fasta.67
2019/11/23 18:46:47.28 #|1574534807.282324068|00#| work_queue_worker[1] wq: tx to master: available_results
2019/11/23 18:46:47.39 #|1574534807.399203419|00#| work_queue_worker[1] wq: rx from master: send_results -1
2019/11/23 18:46:47.39 #|1574534807.399317806|00#| work_queue_worker[1] wq: tx to master: result 0 0 0 44700 45
2019/11/23 18:46:47.39 #|1574534807.399479215|00#| work_queue_worker[1] wq: tx to master: info tasks_running 0
2019/11/23 18:46:47.39 #|1574534807.399587011|00#| work_queue_worker[1] wq: tx to master: end
2019/11/23 18:46:47.49 #|1574534807.496029856|00#| work_queue_worker[1] wq: rx from master: get file-0-4ba12b8ace67fcd816192a3a0ab4ab71-create.err.67 1
2019/11/23 18:46:47.49 #|1574534807.496128317|00#| work_queue_worker[1] wq: tx to master: file file-0-4ba12b8ace67fcd816192a3a0ab4ab71-create.err.67 0
2019/11/23 18:46:47.49 #|1574534807.496239140|00#| work_queue_worker[1] wq: tx to master: end
2019/11/23 18:46:47.49 #|1574534807.496779221|00#| work_queue_worker[1] wq: rx from master: get file-0-08caa705e78be4c10e0d8b165e57493f-Corrected_ref.fasta.67 1
2019/11/23 18:46:47.49 #|1574534807.496838507|00#| work_queue_worker[1] wq: tx to master: file file-0-08caa705e78be4c10e0d8b165e57493f-Corrected_ref.fasta.67 1055000
2019/11/23 18:46:47.57 #|1574534807.574142342|00#| work_queue_worker[1] wq: tx to master: end
2019/11/23 18:46:47.59 #|1574534807.590884996|00#| work_queue_worker[1] wq: rx from master: kill 45
2019/11/23 18:46:47.88 #|1574534807.882770436|00#| work_queue_worker[1] wq: rx from master: put file-0-1e1985547bd185ddfff8586fb564cf05-ref.fasta.56 1055000 0644 1
2019/11/23 18:46:47.88 #|1574534807.882909200|00#| work_queue_worker[1] wq: Putting file file-0-1e1985547bd185ddfff8586fb564cf05-ref.fasta.56 into workspace
2019/11/23 18:46:47.97 #|1574534807.976455749|00#| work_queue_worker[1] wq: rx from master: task 56
2019/11/23 18:46:47.97 #|1574534807.976518037|00#| work_queue_worker[1] wq: rx from master: cmd 76
2019/11/23 18:46:47.97 #|1574534807.976586911|00#| work_queue_worker[1] wq: rx from master: python Create_Corrected_AllLRReads.py ref.fasta.56 corr.out 2> create.err.56
2019/11/23 18:46:47.97 #|1574534807.976617251|00#| work_queue_worker[1] wq: rx from master: category default
2019/11/23 18:46:47.97 #|1574534807.976641272|00#| work_queue_worker[1] wq: rx from master: cores 1
2019/11/23 18:46:47.97 #|1574534807.976665549|00#| work_queue_worker[1] wq: rx from master: memory 7749
2019/11/23 18:46:47.97 #|1574534807.976689136|00#| work_queue_worker[1] wq: rx from master: disk 182141
2019/11/23 18:46:47.97 #|1574534807.976711815|00#| work_queue_worker[1] wq: rx from master: gpus 0
2019/11/23 18:46:47.97 #|1574534807.976735025|00#| work_queue_worker[1] wq: rx from master: end_time 18446744073709551615
2019/11/23 18:46:47.97 #|1574534807.976795900|00#| work_queue_worker[1] wq: rx from master: wall_time 18446744073709551615
2019/11/23 18:46:47.97 #|1574534807.976823157|00#| work_queue_worker[1] wq: rx from master: env 7
2019/11/23 18:46:47.97 #|1574534807.976852248|00#| work_queue_worker[1] wq: rx from master: env 17
2019/11/23 18:46:47.97 #|1574534807.976878848|00#| work_queue_worker[1] wq: rx from master: infile file-0-048045060f61089a83cce204e6b8f151-corr.out corr.out 1
2019/11/23 18:46:47.97 #|1574534807.976961117|00#| work_queue_worker[1] wq: rx from master: infile file-0-1e1985547bd185ddfff8586fb564cf05-ref.fasta.56 ref.fasta.56 1
2019/11/23 18:46:47.97 #|1574534807.977005027|00#| work_queue_worker[1] wq: rx from master: infile file-0-ddd728dc31a49bcd4cacae5676b4e7f7-Create_Corrected_AllLRReads.py Create_Corrected_AllLRReads.py 1
2019/11/23 18:46:47.97 #|1574534807.977050144|00#| work_queue_worker[1] wq: rx from master: outfile file-0-2763f8f49e1ae01e3ede559411af304c-create.err.56 create.err.56 1
2019/11/23 18:46:47.97 #|1574534807.977093225|00#| work_queue_worker[1] wq: rx from master: outfile file-0-eb0ca895c55cc6459981c63a947fba9c-Corrected_ref.fasta.56 Corrected_ref.fasta.56 1
2019/11/23 18:46:47.97 #|1574534807.977136088|00#| work_queue_worker[1] wq: rx from master: end
2019/11/23 18:46:47.97 #|1574534807.977356622|00#| work_queue_worker[1] wq: linking cache/file-0-048045060f61089a83cce204e6b8f151-corr.out to /tmp/worker-0-1/t.56/corr.out
2019/11/23 18:46:47.97 #|1574534807.977482029|00#| work_queue_worker[1] wq: linking cache/file-0-1e1985547bd185ddfff8586fb564cf05-ref.fasta.56 to /tmp/worker-0-1/t.56/ref.fasta.56
2019/11/23 18:46:47.97 #|1574534807.977602811|00#| work_queue_worker[1] wq: linking cache/file-0-ddd728dc31a49bcd4cacae5676b4e7f7-Create_Corrected_AllLRReads.py to /tmp/worker-0-1/t.56/Create_Corrected_AllLRReads.py
2019/11/23 18:46:47.97 #|1574534807.977976329|00#| work_queue_worker[1] wq: started process 15: python Create_Corrected_AllLRReads.py ref.fasta.56 corr.out 2> create.err.56
2019/11/23 18:46:47.97 #|1574534807.978087215|00#| work_queue_worker[1] wq: tx to master: info tasks_running 1
2019/11/23 18:46:48.02 #|1574534808.23193528|00#| work_queue_worker[1] wq: task 56 (pid 15) exited normally with exit code 0
2019/11/23 18:46:48.02 #|1574534808.23240898|00#| work_queue_worker[1] wq: moving output file from /tmp/worker-0-1/t.56/create.err.56 to cache/file-0-2763f8f49e1ae01e3ede559411af304c-create.err.56
2019/11/23 18:46:48.02 #|1574534808.23306075|00#| work_queue_worker[1] wq: moving output file from /tmp/worker-0-1/t.56/Corrected_ref.fasta.56 to cache/file-0-eb0ca895c55cc6459981c63a947fba9c-Corrected_ref.fasta.56
2019/11/23 18:46:48.02 #|1574534808.23450459|00#| work_queue_worker[1] wq: tx to master: available_results
2019/11/23 18:46:48.15 #|1574534808.150156855|00#| work_queue_worker[1] wq: rx from master: send_results -1
2019/11/23 18:46:48.15 #|1574534808.150246175|00#| work_queue_worker[1] wq: tx to master: result 0 0 0 45509 56
2019/11/23 18:46:48.15 #|1574534808.150353608|00#| work_queue_worker[1] wq: tx to master: info tasks_running 0
2019/11/23 18:46:48.15 #|1574534808.150450987|00#| work_queue_worker[1] wq: tx to master: end
2019/11/23 18:46:48.24 #|1574534808.246875953|00#| work_queue_worker[1] wq: rx from master: get file-0-2763f8f49e1ae01e3ede559411af304c-create.err.56 1
2019/11/23 18:46:48.24 #|1574534808.246970700|00#| work_queue_worker[1] wq: tx to master: file file-0-2763f8f49e1ae01e3ede559411af304c-create.err.56 0
2019/11/23 18:46:48.24 #|1574534808.247079936|00#| work_queue_worker[1] wq: tx to master: end
2019/11/23 18:46:48.24 #|1574534808.247677298|00#| work_queue_worker[1] wq: rx from master: get file-0-eb0ca895c55cc6459981c63a947fba9c-Corrected_ref.fasta.56 1
2019/11/23 18:46:48.24 #|1574534808.247740492|00#| work_queue_worker[1] wq: tx to master: file file-0-eb0ca895c55cc6459981c63a947fba9c-Corrected_ref.fasta.56 1055000
2019/11/23 18:46:48.32 #|1574534808.324353792|00#| work_queue_worker[1] wq: tx to master: end
2019/11/23 18:46:48.34 #|1574534808.341798578|00#| work_queue_worker[1] wq: rx from master: kill 56
2019/11/23 18:46:48.35 #|1574534808.355376880|00#| work_queue_worker[1] wq: rx from master: put file-0-e1af37b18745ab00ff1aa35803e1fc31-ref.fasta.47 1055000 0644 1
2019/11/23 18:46:48.35 #|1574534808.355551572|00#| work_queue_worker[1] wq: Putting file file-0-e1af37b18745ab00ff1aa35803e1fc31-ref.fasta.47 into workspace
2019/11/23 18:46:48.62 #|1574534808.626792608|00#| work_queue_worker[1] wq: rx from master: task 65
2019/11/23 18:46:48.62 #|1574534808.626900863|00#| work_queue_worker[1] wq: rx from master: cmd 76
2019/11/23 18:46:48.62 #|1574534808.627060694|00#| work_queue_worker[1] wq: rx from master: python Create_Corrected_AllLRReads.py ref.fasta.47 corr.out 2> create.err.47
2019/11/23 18:46:48.62 #|1574534808.627193519|00#| work_queue_worker[1] wq: rx from master: category default
2019/11/23 18:46:48.62 #|1574534808.627210486|00#| work_queue_worker[1] wq: rx from master: cores 1
2019/11/23 18:46:48.62 #|1574534808.627299612|00#| work_queue_worker[1] wq: rx from master: memory 7749
2019/11/23 18:46:48.62 #|1574534808.627567030|00#| work_queue_worker[1] wq: rx from master: disk 182141
2019/11/23 18:46:48.62 #|1574534808.627621741|00#| work_queue_worker[1] wq: rx from master: gpus 0
2019/11/23 18:46:48.62 #|1574534808.627675463|00#| work_queue_worker[1] wq: rx from master: end_time 18446744073709551615
2019/11/23 18:46:48.62 #|1574534808.627773713|00#| work_queue_worker[1] wq: rx from master: wall_time 18446744073709551615
2019/11/23 18:46:48.62 #|1574534808.627849959|00#| work_queue_worker[1] wq: rx from master: env 7
2019/11/23 18:46:48.62 #|1574534808.628043291|00#| work_queue_worker[1] wq: rx from master: env 17
2019/11/23 18:46:48.62 #|1574534808.628124459|00#| work_queue_worker[1] wq: rx from master: infile file-0-048045060f61089a83cce204e6b8f151-corr.out corr.out 1
2019/11/23 18:46:48.62 #|1574534808.628294325|00#| work_queue_worker[1] wq: rx from master: infile file-0-e1af37b18745ab00ff1aa35803e1fc31-ref.fasta.47 ref.fasta.47 1
2019/11/23 18:46:48.62 #|1574534808.628339755|00#| work_queue_worker[1] wq: rx from master: infile file-0-ddd728dc31a49bcd4cacae5676b4e7f7-Create_Corrected_AllLRReads.py Create_Corrected_AllLRReads.py 1
2019/11/23 18:46:48.62 #|1574534808.628417348|00#| work_queue_worker[1] wq: rx from master: outfile file-0-0e4c57d6fadbbf61856c1ac6e85aed21-create.err.47 create.err.47 1
2019/11/23 18:46:48.62 #|1574534808.628465755|00#| work_queue_worker[1] wq: rx from master: outfile file-0-8ac3216182ff51a953cb0cb508f59fc6-Corrected_ref.fasta.47 Corrected_ref.fasta.47 1
2019/11/23 18:46:48.62 #|1574534808.628507995|00#| work_queue_worker[1] wq: rx from master: end
2019/11/23 18:46:48.62 #|1574534808.628722648|00#| work_queue_worker[1] wq: linking cache/file-0-048045060f61089a83cce204e6b8f151-corr.out to /tmp/worker-0-1/t.65/corr.out
2019/11/23 18:46:48.62 #|1574534808.628810304|00#| work_queue_worker[1] wq: linking cache/file-0-e1af37b18745ab00ff1aa35803e1fc31-ref.fasta.47 to /tmp/worker-0-1/t.65/ref.fasta.47
2019/11/23 18:46:48.62 #|1574534808.628877356|00#| work_queue_worker[1] wq: linking cache/file-0-ddd728dc31a49bcd4cacae5676b4e7f7-Create_Corrected_AllLRReads.py to /tmp/worker-0-1/t.65/Create_Corrected_AllLRReads.py
2019/11/23 18:46:48.62 #|1574534808.629154856|00#| work_queue_worker[1] wq: started process 17: python Create_Corrected_AllLRReads.py ref.fasta.47 corr.out 2> create.err.47
2019/11/23 18:46:48.62 #|1574534808.629244331|00#| work_queue_worker[1] wq: tx to master: info tasks_running 1
2019/11/23 18:46:48.69 #|1574534808.692511137|00#| work_queue_worker[1] wq: task 65 (pid 17) exited normally with exit code 0
2019/11/23 18:46:48.69 #|1574534808.692541785|00#| work_queue_worker[1] wq: moving output file from /tmp/worker-0-1/t.65/create.err.47 to cache/file-0-0e4c57d6fadbbf61856c1ac6e85aed21-create.err.47
2019/11/23 18:46:48.69 #|1574534808.692603231|00#| work_queue_worker[1] wq: moving output file from /tmp/worker-0-1/t.65/Corrected_ref.fasta.47 to cache/file-0-8ac3216182ff51a953cb0cb508f59fc6-Corrected_ref.fasta.47
2019/11/23 18:46:48.69 #|1574534808.692635400|00#| work_queue_worker[1] wq: tx to master: available_results
2019/11/23 18:46:48.80 #|1574534808.801178885|00#| work_queue_worker[1] wq: rx from master: send_results -1
2019/11/23 18:46:48.80 #|1574534808.801225115|00#| work_queue_worker[1] wq: tx to master: result 0 0 0 63570 65
2019/11/23 18:46:48.80 #|1574534808.801280320|00#| work_queue_worker[1] wq: tx to master: info tasks_running 0
2019/11/23 18:46:48.80 #|1574534808.801316508|00#| work_queue_worker[1] wq: tx to master: end
2019/11/23 18:46:48.89 #|1574534808.898718561|00#| work_queue_worker[1] wq: rx from master: get file-0-0e4c57d6fadbbf61856c1ac6e85aed21-create.err.47 1
2019/11/23 18:46:48.89 #|1574534808.898812015|00#| work_queue_worker[1] wq: tx to master: file file-0-0e4c57d6fadbbf61856c1ac6e85aed21-create.err.47 0
2019/11/23 18:46:48.89 #|1574534808.898916145|00#| work_queue_worker[1] wq: tx to master: end
2019/11/23 18:46:48.89 #|1574534808.899511659|00#| work_queue_worker[1] wq: rx from master: get file-0-8ac3216182ff51a953cb0cb508f59fc6-Corrected_ref.fasta.47 1
2019/11/23 18:46:48.89 #|1574534808.899561307|00#| work_queue_worker[1] wq: tx to master: file file-0-8ac3216182ff51a953cb0cb508f59fc6-Corrected_ref.fasta.47 1055000
2019/11/23 18:46:48.97 #|1574534808.976593497|00#| work_queue_worker[1] wq: tx to master: end
2019/11/23 18:46:48.99 #|1574534808.993856570|00#| work_queue_worker[1] wq: rx from master: kill 65
2019/11/23 18:46:49.10 #|1574534809.102918929|00#| work_queue_worker[1] wq: rx from master: put file-0-29fa986ab5c37e3666b795ceedf28f59-ref.fasta.36 1055000 0644 1
2019/11/23 18:46:49.10 #|1574534809.103060473|00#| work_queue_worker[1] wq: Putting file file-0-29fa986ab5c37e3666b795ceedf28f59-ref.fasta.36 into workspace
2019/11/23 18:46:49.37 #|1574534809.374577392|00#| work_queue_worker[1] wq: rx from master: task 76
2019/11/23 18:46:49.37 #|1574534809.374750331|00#| work_queue_worker[1] wq: rx from master: cmd 76
2019/11/23 18:46:49.37 #|1574534809.374847724|00#| work_queue_worker[1] wq: rx from master: python Create_Corrected_AllLRReads.py ref.fasta.36 corr.out 2> create.err.36
2019/11/23 18:46:49.37 #|1574534809.375017570|00#| work_queue_worker[1] wq: rx from master: category default
2019/11/23 18:46:49.37 #|1574534809.375135741|00#| work_queue_worker[1] wq: rx from master: cores 1
2019/11/23 18:46:49.37 #|1574534809.375237647|00#| work_queue_worker[1] wq: rx from master: memory 7749
2019/11/23 18:46:49.37 #|1574534809.375427601|00#| work_queue_worker[1] wq: rx from master: disk 182141
2019/11/23 18:46:49.37 #|1574534809.375577631|00#| work_queue_worker[1] wq: rx from master: gpus 0
2019/11/23 18:46:49.37 #|1574534809.375666561|00#| work_queue_worker[1] wq: rx from master: end_time 18446744073709551615
2019/11/23 18:46:49.37 #|1574534809.375793626|00#| work_queue_worker[1] wq: rx from master: wall_time 18446744073709551615
2019/11/23 18:46:49.37 #|1574534809.375897656|00#| work_queue_worker[1] wq: rx from master: env 7
2019/11/23 18:46:49.37 #|1574534809.376006177|00#| work_queue_worker[1] wq: rx from master: env 17
2019/11/23 18:46:49.37 #|1574534809.376150919|00#| work_queue_worker[1] wq: rx from master: infile file-0-048045060f61089a83cce204e6b8f151-corr.out corr.out 1
2019/11/23 18:46:49.37 #|1574534809.376216361|00#| work_queue_worker[1] wq: rx from master: infile file-0-29fa986ab5c37e3666b795ceedf28f59-ref.fasta.36 ref.fasta.36 1
2019/11/23 18:46:49.37 #|1574534809.376316437|00#| work_queue_worker[1] wq: rx from master: infile file-0-ddd728dc31a49bcd4cacae5676b4e7f7-Create_Corrected_AllLRReads.py Create_Corrected_AllLRReads.py 1
2019/11/23 18:46:49.37 #|1574534809.376372016|00#| work_queue_worker[1] wq: rx from master: outfile file-0-7b1c1a13f3aa2c9a7968e16142bdf911-create.err.36 create.err.36 1
2019/11/23 18:46:49.37 #|1574534809.376459452|00#| work_queue_worker[1] wq: rx from master: outfile file-0-81a0409beb51c969dcf64bb5fac1a2b1-Corrected_ref.fasta.36 Corrected_ref.fasta.36 1
2019/11/23 18:46:49.37 #|1574534809.376595607|00#| work_queue_worker[1] wq: rx from master: end
2019/11/23 18:46:49.37 #|1574534809.376864186|00#| work_queue_worker[1] wq: linking cache/file-0-048045060f61089a83cce204e6b8f151-corr.out to /tmp/worker-0-1/t.76/corr.out
2019/11/23 18:46:49.37 #|1574534809.376975010|00#| work_queue_worker[1] wq: linking cache/file-0-29fa986ab5c37e3666b795ceedf28f59-ref.fasta.36 to /tmp/worker-0-1/t.76/ref.fasta.36
2019/11/23 18:46:49.37 #|1574534809.377078835|00#| work_queue_worker[1] wq: linking cache/file-0-ddd728dc31a49bcd4cacae5676b4e7f7-Create_Corrected_AllLRReads.py to /tmp/worker-0-1/t.76/Create_Corrected_AllLRReads.py
2019/11/23 18:46:49.37 #|1574534809.377500460|00#| work_queue_worker[1] wq: started process 19: python Create_Corrected_AllLRReads.py ref.fasta.36 corr.out 2> create.err.36
2019/11/23 18:46:49.37 #|1574534809.377596440|00#| work_queue_worker[1] wq: tx to master: info tasks_running 1
2019/11/23 18:46:49.43 #|1574534809.436566930|00#| work_queue_worker[1] wq: task 76 (pid 19) exited normally with exit code 0
2019/11/23 18:46:49.43 #|1574534809.436628080|00#| work_queue_worker[1] wq: moving output file from /tmp/worker-0-1/t.76/create.err.36 to cache/file-0-7b1c1a13f3aa2c9a7968e16142bdf911-create.err.36
2019/11/23 18:46:49.43 #|1574534809.436712514|00#| work_queue_worker[1] wq: moving output file from /tmp/worker-0-1/t.76/Corrected_ref.fasta.36 to cache/file-0-81a0409beb51c969dcf64bb5fac1a2b1-Corrected_ref.fasta.36
2019/11/23 18:46:49.43 #|1574534809.436765124|00#| work_queue_worker[1] wq: tx to master: available_results
2019/11/23 18:46:49.46 #|1574534809.469610946|00#| work_queue_worker[1] wq: rx from master: send_results -1
2019/11/23 18:46:49.46 #|1574534809.469686641|00#| work_queue_worker[1] wq: tx to master: result 0 0 0 59414 76
2019/11/23 18:46:49.46 #|1574534809.469781172|00#| work_queue_worker[1] wq: tx to master: info tasks_running 0
2019/11/23 18:46:49.46 #|1574534809.469866965|00#| work_queue_worker[1] wq: tx to master: end
2019/11/23 18:46:49.47 #|1574534809.470465012|00#| work_queue_worker[1] wq: rx from master: get file-0-7b1c1a13f3aa2c9a7968e16142bdf911-create.err.36 1
2019/11/23 18:46:49.47 #|1574534809.470529075|00#| work_queue_worker[1] wq: tx to master: file file-0-7b1c1a13f3aa2c9a7968e16142bdf911-create.err.36 0
2019/11/23 18:46:49.47 #|1574534809.470615796|00#| work_queue_worker[1] wq: tx to master: end
2019/11/23 18:46:49.47 #|1574534809.471229524|00#| work_queue_worker[1] wq: rx from master: get file-0-81a0409beb51c969dcf64bb5fac1a2b1-Corrected_ref.fasta.36 1
2019/11/23 18:46:49.47 #|1574534809.471309012|00#| work_queue_worker[1] wq: tx to master: file file-0-81a0409beb51c969dcf64bb5fac1a2b1-Corrected_ref.fasta.36 1055000
2019/11/23 18:46:49.54 #|1574534809.547970534|00#| work_queue_worker[1] wq: tx to master: end
2019/11/23 18:46:49.56 #|1574534809.565387290|00#| work_queue_worker[1] wq: rx from master: kill 76
2019/11/23 18:46:49.86 #|1574534809.862478388|00#| work_queue_worker[1] wq: rx from master: put file-0-17ddf63c75cb0ddda4648bacc86a279d-ref.fasta.26 1055000 0644 1
2019/11/23 18:46:49.86 #|1574534809.862720578|00#| work_queue_worker[1] wq: Putting file file-0-17ddf63c75cb0ddda4648bacc86a279d-ref.fasta.26 into workspace
2019/11/23 18:46:50.12 #|1574534810.128947786|00#| work_queue_worker[1] wq: rx from master: task 86
2019/11/23 18:46:50.12 #|1574534810.129176944|00#| work_queue_worker[1] wq: rx from master: cmd 76
2019/11/23 18:46:50.12 #|1574534810.129404995|00#| work_queue_worker[1] wq: rx from master: python Create_Corrected_AllLRReads.py ref.fasta.26 corr.out 2> create.err.26
2019/11/23 18:46:50.12 #|1574534810.129633984|00#| work_queue_worker[1] wq: rx from master: category default
2019/11/23 18:46:50.12 #|1574534810.129968553|00#| work_queue_worker[1] wq: rx from master: cores 1
2019/11/23 18:46:50.13 #|1574534810.130214107|00#| work_queue_worker[1] wq: rx from master: memory 7749
2019/11/23 18:46:50.13 #|1574534810.130430634|00#| work_queue_worker[1] wq: rx from master: disk 182141
2019/11/23 18:46:50.13 #|1574534810.130735174|00#| work_queue_worker[1] wq: rx from master: gpus 0
2019/11/23 18:46:50.13 #|1574534810.130962206|00#| work_queue_worker[1] wq: rx from master: end_time 18446744073709551615
2019/11/23 18:46:50.13 #|1574534810.131235166|00#| work_queue_worker[1] wq: rx from master: wall_time 18446744073709551615
2019/11/23 18:46:50.13 #|1574534810.131522225|00#| work_queue_worker[1] wq: rx from master: env 7
2019/11/23 18:46:50.13 #|1574534810.131719205|00#| work_queue_worker[1] wq: rx from master: env 17
2019/11/23 18:46:50.13 #|1574534810.132026332|00#| work_queue_worker[1] wq: rx from master: infile file-0-048045060f61089a83cce204e6b8f151-corr.out corr.out 1
2019/11/23 18:46:50.13 #|1574534810.132292001|00#| work_queue_worker[1] wq: rx from master: infile file-0-17ddf63c75cb0ddda4648bacc86a279d-ref.fasta.26 ref.fasta.26 1
2019/11/23 18:46:50.13 #|1574534810.132526046|00#| work_queue_worker[1] wq: rx from master: infile file-0-ddd728dc31a49bcd4cacae5676b4e7f7-Create_Corrected_AllLRReads.py Create_Corrected_AllLRReads.py 1
2019/11/23 18:46:50.13 #|1574534810.132791035|00#| work_queue_worker[1] wq: rx from master: outfile file-0-b938cfef471c7914470cc2538c4dd148-create.err.26 create.err.26 1
2019/11/23 18:46:50.13 #|1574534810.133105956|00#| work_queue_worker[1] wq: rx from master: outfile file-0-5bc78da18023a80e9d5edb1c6eb97dea-Corrected_ref.fasta.26 Corrected_ref.fasta.26 1
2019/11/23 18:46:50.13 #|1574534810.133346079|00#| work_queue_worker[1] wq: rx from master: end
2019/11/23 18:46:50.13 #|1574534810.133694932|00#| work_queue_worker[1] wq: linking cache/file-0-048045060f61089a83cce204e6b8f151-corr.out to /tmp/worker-0-1/t.86/corr.out
2019/11/23 18:46:50.13 #|1574534810.133804707|00#| work_queue_worker[1] wq: linking cache/file-0-17ddf63c75cb0ddda4648bacc86a279d-ref.fasta.26 to /tmp/worker-0-1/t.86/ref.fasta.26
2019/11/23 18:46:50.13 #|1574534810.133898602|00#| work_queue_worker[1] wq: linking cache/file-0-ddd728dc31a49bcd4cacae5676b4e7f7-Create_Corrected_AllLRReads.py to /tmp/worker-0-1/t.86/Create_Corrected_AllLRReads.py
2019/11/23 18:46:50.13 #|1574534810.134216153|00#| work_queue_worker[1] wq: started process 21: python Create_Corrected_AllLRReads.py ref.fasta.26 corr.out 2> create.err.26
2019/11/23 18:46:50.13 #|1574534810.134290088|00#| work_queue_worker[1] wq: tx to master: info tasks_running 1
2019/11/23 18:46:50.20 #|1574534810.203682843|00#| work_queue_worker[1] wq: task 86 (pid 21) exited normally with exit code 0
2019/11/23 18:46:50.20 #|1574534810.203726409|00#| work_queue_worker[1] wq: moving output file from /tmp/worker-0-1/t.86/create.err.26 to cache/file-0-b938cfef471c7914470cc2538c4dd148-create.err.26
2019/11/23 18:46:50.20 #|1574534810.203778261|00#| work_queue_worker[1] wq: moving output file from /tmp/worker-0-1/t.86/Corrected_ref.fasta.26 to cache/file-0-5bc78da18023a80e9d5edb1c6eb97dea-Corrected_ref.fasta.26
2019/11/23 18:46:50.20 #|1574534810.203819586|00#| work_queue_worker[1] wq: tx to master: available_results
2019/11/23 18:46:50.31 #|1574534810.314889592|00#| work_queue_worker[1] wq: rx from master: send_results -1
2019/11/23 18:46:50.31 #|1574534810.314957883|00#| work_queue_worker[1] wq: tx to master: result 0 0 0 69714 86
2019/11/23 18:46:50.31 #|1574534810.315046694|00#| work_queue_worker[1] wq: tx to master: info tasks_running 0
2019/11/23 18:46:50.31 #|1574534810.315122095|00#| work_queue_worker[1] wq: tx to master: end
2019/11/23 18:46:50.31 #|1574534810.315799483|00#| work_queue_worker[1] wq: rx from master: get file-0-b938cfef471c7914470cc2538c4dd148-create.err.26 1
2019/11/23 18:46:50.31 #|1574534810.315889218|00#| work_queue_worker[1] wq: tx to master: file file-0-b938cfef471c7914470cc2538c4dd148-create.err.26 0
2019/11/23 18:46:50.31 #|1574534810.316002985|00#| work_queue_worker[1] wq: tx to master: end
2019/11/23 18:46:50.31 #|1574534810.316639936|00#| work_queue_worker[1] wq: rx from master: get file-0-5bc78da18023a80e9d5edb1c6eb97dea-Corrected_ref.fasta.26 1
2019/11/23 18:46:50.31 #|1574534810.316718185|00#| work_queue_worker[1] wq: tx to master: file file-0-5bc78da18023a80e9d5edb1c6eb97dea-Corrected_ref.fasta.26 1055000
2019/11/23 18:46:50.39 #|1574534810.395551284|00#| work_queue_worker[1] wq: tx to master: end
2019/11/23 18:46:50.41 #|1574534810.410553800|00#| work_queue_worker[1] wq: rx from master: kill 86
2019/11/23 18:46:50.60 #|1574534810.608873242|00#| work_queue_worker[1] wq: rx from master: put file-0-8c01ff49b1bac5dc2eea9e2a868b0a59-ref.fasta.15 1055000 0644 1
2019/11/23 18:46:50.60 #|1574534810.609126301|00#| work_queue_worker[1] wq: Putting file file-0-8c01ff49b1bac5dc2eea9e2a868b0a59-ref.fasta.15 into workspace
2019/11/23 18:46:50.87 #|1574534810.874717115|00#| work_queue_worker[1] wq: rx from master: task 97
2019/11/23 18:46:50.87 #|1574534810.875010977|00#| work_queue_worker[1] wq: rx from master: cmd 76
2019/11/23 18:46:50.87 #|1574534810.875196323|00#| work_queue_worker[1] wq: rx from master: python Create_Corrected_AllLRReads.py ref.fasta.15 corr.out 2> create.err.15
2019/11/23 18:46:50.87 #|1574534810.875475263|00#| work_queue_worker[1] wq: rx from master: category default
2019/11/23 18:46:50.87 #|1574534810.875704487|00#| work_queue_worker[1] wq: rx from master: cores 1
2019/11/23 18:46:50.87 #|1574534810.876010007|00#| work_queue_worker[1] wq: rx from master: memory 7749
2019/11/23 18:46:50.87 #|1574534810.876239154|00#| work_queue_worker[1] wq: rx from master: disk 182141
2019/11/23 18:46:50.87 #|1574534810.876473716|00#| work_queue_worker[1] wq: rx from master: gpus 0
2019/11/23 18:46:50.87 #|1574534810.876741729|00#| work_queue_worker[1] wq: rx from master: end_time 18446744073709551615
2019/11/23 18:46:50.87 #|1574534810.876973933|00#| work_queue_worker[1] wq: rx from master: wall_time 18446744073709551615
2019/11/23 18:46:50.87 #|1574534810.877277075|00#| work_queue_worker[1] wq: rx from master: env 7
2019/11/23 18:46:50.87 #|1574534810.877506501|00#| work_queue_worker[1] wq: rx from master: env 17
2019/11/23 18:46:50.87 #|1574534810.877781951|00#| work_queue_worker[1] wq: rx from master: infile file-0-048045060f61089a83cce204e6b8f151-corr.out corr.out 1
2019/11/23 18:46:50.87 #|1574534810.878017016|00#| work_queue_worker[1] wq: rx from master: infile file-0-8c01ff49b1bac5dc2eea9e2a868b0a59-ref.fasta.15 ref.fasta.15 1
2019/11/23 18:46:50.87 #|1574534810.878304068|00#| work_queue_worker[1] wq: rx from master: infile file-0-ddd728dc31a49bcd4cacae5676b4e7f7-Create_Corrected_AllLRReads.py Create_Corrected_AllLRReads.py 1
2019/11/23 18:46:50.87 #|1574534810.878541495|00#| work_queue_worker[1] wq: rx from master: outfile file-0-47cb1fb12cd980f00f1d09a756c7c0d6-create.err.15 create.err.15 1
2019/11/23 18:46:50.87 #|1574534810.878839417|00#| work_queue_worker[1] wq: rx from master: outfile file-0-ef3ebaa7253d9b32d621c7d462d1f15b-Corrected_ref.fasta.15 Corrected_ref.fasta.15 1
2019/11/23 18:46:50.87 #|1574534810.879064006|00#| work_queue_worker[1] wq: rx from master: end
2019/11/23 18:46:50.87 #|1574534810.879422268|00#| work_queue_worker[1] wq: linking cache/file-0-048045060f61089a83cce204e6b8f151-corr.out to /tmp/worker-0-1/t.97/corr.out
2019/11/23 18:46:50.87 #|1574534810.879547422|00#| work_queue_worker[1] wq: linking cache/file-0-8c01ff49b1bac5dc2eea9e2a868b0a59-ref.fasta.15 to /tmp/worker-0-1/t.97/ref.fasta.15
2019/11/23 18:46:50.87 #|1574534810.879660513|00#| work_queue_worker[1] wq: linking cache/file-0-ddd728dc31a49bcd4cacae5676b4e7f7-Create_Corrected_AllLRReads.py to /tmp/worker-0-1/t.97/Create_Corrected_AllLRReads.py
2019/11/23 18:46:50.88 #|1574534810.880118985|00#| work_queue_worker[1] wq: started process 23: python Create_Corrected_AllLRReads.py ref.fasta.15 corr.out 2> create.err.15
2019/11/23 18:46:50.88 #|1574534810.880201306|00#| work_queue_worker[1] wq: tx to master: info tasks_running 1
2019/11/23 18:46:50.94 #|1574534810.944816336|00#| work_queue_worker[1] wq: task 97 (pid 23) exited normally with exit code 0
2019/11/23 18:46:50.94 #|1574534810.944871334|00#| work_queue_worker[1] wq: moving output file from /tmp/worker-0-1/t.97/create.err.15 to cache/file-0-47cb1fb12cd980f00f1d09a756c7c0d6-create.err.15
2019/11/23 18:46:50.94 #|1574534810.944937287|00#| work_queue_worker[1] wq: moving output file from /tmp/worker-0-1/t.97/Corrected_ref.fasta.15 to cache/file-0-ef3ebaa7253d9b32d621c7d462d1f15b-Corrected_ref.fasta.15
2019/11/23 18:46:50.94 #|1574534810.944982701|00#| work_queue_worker[1] wq: tx to master: available_results
2019/11/23 18:46:50.98 #|1574534810.981664558|00#| work_queue_worker[1] wq: rx from master: send_results -1
2019/11/23 18:46:50.98 #|1574534810.981760106|00#| work_queue_worker[1] wq: tx to master: result 0 0 0 65080 97
2019/11/23 18:46:50.98 #|1574534810.981894781|00#| work_queue_worker[1] wq: tx to master: info tasks_running 0
2019/11/23 18:46:50.98 #|1574534810.982013284|00#| work_queue_worker[1] wq: tx to master: end
2019/11/23 18:46:50.98 #|1574534810.982569715|00#| work_queue_worker[1] wq: rx from master: get file-0-47cb1fb12cd980f00f1d09a756c7c0d6-create.err.15 1
2019/11/23 18:46:50.98 #|1574534810.982656447|00#| work_queue_worker[1] wq: tx to master: file file-0-47cb1fb12cd980f00f1d09a756c7c0d6-create.err.15 0
2019/11/23 18:46:50.98 #|1574534810.982782888|00#| work_queue_worker[1] wq: tx to master: end
2019/11/23 18:46:50.98 #|1574534810.983464422|00#| work_queue_worker[1] wq: rx from master: get file-0-ef3ebaa7253d9b32d621c7d462d1f15b-Corrected_ref.fasta.15 1
2019/11/23 18:46:50.98 #|1574534810.983562927|00#| work_queue_worker[1] wq: tx to master: file file-0-ef3ebaa7253d9b32d621c7d462d1f15b-Corrected_ref.fasta.15 1055000
2019/11/23 18:46:51.06 #|1574534811.61221289|00#| work_queue_worker[1] wq: tx to master: end
2019/11/23 18:46:51.08 #|1574534811.80424899|00#| work_queue_worker[1] wq: rx from master: kill 97
2019/11/23 18:46:51.37 #|1574534811.374747645|00#| work_queue_worker[1] wq: rx from master: put file-0-d53b7362d9ad27f7af3cd0cb7105a051-ref.fasta.4 1053000 0644 1
2019/11/23 18:46:51.37 #|1574534811.374932651|00#| work_queue_worker[1] wq: Putting file file-0-d53b7362d9ad27f7af3cd0cb7105a051-ref.fasta.4 into workspace
2019/11/23 18:46:51.63 #|1574534811.639748601|00#| work_queue_worker[1] wq: rx from master: task 108
2019/11/23 18:46:51.64 #|1574534811.640032641|00#| work_queue_worker[1] wq: rx from master: cmd 74
2019/11/23 18:46:51.64 #|1574534811.640251307|00#| work_queue_worker[1] wq: rx from master: python Create_Corrected_AllLRReads.py ref.fasta.4 corr.out 2> create.err.4
2019/11/23 18:46:51.64 #|1574534811.640520815|00#| work_queue_worker[1] wq: rx from master: category default
2019/11/23 18:46:51.64 #|1574534811.640757221|00#| work_queue_worker[1] wq: rx from master: cores 1
2019/11/23 18:46:51.64 #|1574534811.641023008|00#| work_queue_worker[1] wq: rx from master: memory 7749
2019/11/23 18:46:51.64 #|1574534811.641275776|00#| work_queue_worker[1] wq: rx from master: disk 182141
2019/11/23 18:46:51.64 #|1574534811.641533970|00#| work_queue_worker[1] wq: rx from master: gpus 0
2019/11/23 18:46:51.64 #|1574534811.641770027|00#| work_queue_worker[1] wq: rx from master: end_time 18446744073709551615
2019/11/23 18:46:51.64 #|1574534811.642051525|00#| work_queue_worker[1] wq: rx from master: wall_time 18446744073709551615
2019/11/23 18:46:51.64 #|1574534811.642314015|00#| work_queue_worker[1] wq: rx from master: env 7
2019/11/23 18:46:51.64 #|1574534811.642567511|00#| work_queue_worker[1] wq: rx from master: env 17
2019/11/23 18:46:51.64 #|1574534811.642809891|00#| work_queue_worker[1] wq: rx from master: infile file-0-048045060f61089a83cce204e6b8f151-corr.out corr.out 1
2019/11/23 18:46:51.64 #|1574534811.643094784|00#| work_queue_worker[1] wq: rx from master: infile file-0-d53b7362d9ad27f7af3cd0cb7105a051-ref.fasta.4 ref.fasta.4 1
2019/11/23 18:46:51.64 #|1574534811.643363741|00#| work_queue_worker[1] wq: rx from master: infile file-0-ddd728dc31a49bcd4cacae5676b4e7f7-Create_Corrected_AllLRReads.py Create_Corrected_AllLRReads.py 1
2019/11/23 18:46:51.64 #|1574534811.643628648|00#| work_queue_worker[1] wq: rx from master: outfile file-0-e6b72afc05214eedda0ecef5162d4c91-create.err.4 create.err.4 1
2019/11/23 18:46:51.64 #|1574534811.643847914|00#| work_queue_worker[1] wq: rx from master: outfile file-0-0251fcaf3fa2b2d38290aebd4b1388ee-Corrected_ref.fasta.4 Corrected_ref.fasta.4 1
2019/11/23 18:46:51.64 #|1574534811.644106390|00#| work_queue_worker[1] wq: rx from master: end
2019/11/23 18:46:51.64 #|1574534811.644399647|00#| work_queue_worker[1] wq: linking cache/file-0-048045060f61089a83cce204e6b8f151-corr.out to /tmp/worker-0-1/t.108/corr.out
2019/11/23 18:46:51.64 #|1574534811.644503066|00#| work_queue_worker[1] wq: linking cache/file-0-d53b7362d9ad27f7af3cd0cb7105a051-ref.fasta.4 to /tmp/worker-0-1/t.108/ref.fasta.4
2019/11/23 18:46:51.64 #|1574534811.644591761|00#| work_queue_worker[1] wq: linking cache/file-0-ddd728dc31a49bcd4cacae5676b4e7f7-Create_Corrected_AllLRReads.py to /tmp/worker-0-1/t.108/Create_Corrected_AllLRReads.py
2019/11/23 18:46:51.64 #|1574534811.644967124|00#| work_queue_worker[1] wq: started process 25: python Create_Corrected_AllLRReads.py ref.fasta.4 corr.out 2> create.err.4
2019/11/23 18:46:51.64 #|1574534811.645044343|00#| work_queue_worker[1] wq: tx to master: info tasks_running 1
2019/11/23 18:46:51.71 #|1574534811.714654203|00#| work_queue_worker[1] wq: task 108 (pid 25) exited normally with exit code 0
2019/11/23 18:46:51.71 #|1574534811.714687860|00#| work_queue_worker[1] wq: moving output file from /tmp/worker-0-1/t.108/create.err.4 to cache/file-0-e6b72afc05214eedda0ecef5162d4c91-create.err.4
2019/11/23 18:46:51.71 #|1574534811.714740423|00#| work_queue_worker[1] wq: moving output file from /tmp/worker-0-1/t.108/Corrected_ref.fasta.4 to cache/file-0-0251fcaf3fa2b2d38290aebd4b1388ee-Corrected_ref.fasta.4
2019/11/23 18:46:51.71 #|1574534811.714784181|00#| work_queue_worker[1] wq: tx to master: available_results
2019/11/23 18:46:51.82 #|1574534811.825565560|00#| work_queue_worker[1] wq: rx from master: send_results -1
2019/11/23 18:46:51.82 #|1574534811.825645454|00#| work_queue_worker[1] wq: tx to master: result 0 0 0 69968 108
2019/11/23 18:46:51.82 #|1574534811.825754624|00#| work_queue_worker[1] wq: tx to master: info tasks_running 0
2019/11/23 18:46:51.82 #|1574534811.825831076|00#| work_queue_worker[1] wq: tx to master: end
2019/11/23 18:46:51.82 #|1574534811.826424021|00#| work_queue_worker[1] wq: rx from master: get file-0-e6b72afc05214eedda0ecef5162d4c91-create.err.4 1
2019/11/23 18:46:51.82 #|1574534811.826502122|00#| work_queue_worker[1] wq: tx to master: file file-0-e6b72afc05214eedda0ecef5162d4c91-create.err.4 0
2019/11/23 18:46:51.82 #|1574534811.826611575|00#| work_queue_worker[1] wq: tx to master: end
2019/11/23 18:46:51.82 #|1574534811.827275211|00#| work_queue_worker[1] wq: rx from master: get file-0-0251fcaf3fa2b2d38290aebd4b1388ee-Corrected_ref.fasta.4 1
2019/11/23 18:46:51.82 #|1574534811.827343006|00#| work_queue_worker[1] wq: tx to master: file file-0-0251fcaf3fa2b2d38290aebd4b1388ee-Corrected_ref.fasta.4 1053000
2019/11/23 18:46:51.90 #|1574534811.903356923|00#| work_queue_worker[1] wq: tx to master: end
2019/11/23 18:46:51.92 #|1574534811.921047912|00#| work_queue_worker[1] wq: rx from master: kill 108
2019/11/23 18:46:52.26 #|1574534812.268083676|00#| work_queue_worker[1] wq: rx from master: release
2019/11/23 18:46:52.26 #|1574534812.268189014|00#| work_queue_worker[1] wq: released by master 10.0.132.2:1026.
2019/11/23 18:46:52.26 #|1574534812.268242737|00#| work_queue_worker[1] wq: cleaning workspace /tmp/worker-0-1
2019/11/23 18:46:52.32 #|1574534812.329811535|00#| work_queue_worker[1] wq: disconnecting from master 10.0.132.2:1026
2019/11/23 18:46:52.33 #|1574534812.330016536|00#| work_queue_worker[1] tcp: disconnected from 10.0.132.2 port 1026
2019/11/23 18:46:52.33 #|1574534812.330051690|00#| work_queue_worker[1] wq: killing all outstanding tasks
2019/11/23 18:46:52.33 #|1574534812.330100802|00#| work_queue_worker[1] wq: all data structures are clean
