2019/11/23 18:34:15.65 #|1574534055.658114194|00#| work_queue_worker[1] debug: /root/cctools/bin/work_queue_worker version 8.0.0 DEVELOPMENT (released 2019-11-14 15:35:16 +0000)
2019/11/23 18:34:15.65 #|1574534055.658150308|00#| work_queue_worker[1] debug: Built by root@7e9ecba79f43 on 2019-11-14 15:35:16 +0000
2019/11/23 18:34:15.65 #|1574534055.658159524|00#| work_queue_worker[1] debug: System: Linux 7e9ecba79f43 5.0.0-32-generic #34~18.04.2-Ubuntu SMP Thu Oct 10 10:36:02 UTC 2019 x86_64 x86_64 x86_64 GNU/Linux
2019/11/23 18:34:15.65 #|1574534055.658167688|00#| work_queue_worker[1] debug: Configuration: --prefix /root/cctools
2019/11/23 18:34:15.65 #|1574534055.658344791|00#| work_queue_worker[1] wq: WORK_QUEUE_SANDBOX set to /tmp/worker-0-1.
2019/11/23 18:34:15.65 #|1574534055.658854592|00#| work_queue_worker[1] debug: error reading disk usage on directory: ./cache.
2019/11/23 18:34:15.65 #|1574534055.658885348|00#| work_queue_worker[1] dns: looking up name master
2019/11/23 18:34:15.65 #|1574534055.659534733|00#| work_queue_worker[1] dns: master is 10.0.132.2
2019/11/23 18:34:15.65 #|1574534055.659569321|00#| work_queue_worker[1] tcp: connecting to 10.0.132.2 port 1026
2019/11/23 18:34:16.66 #|1574534056.666794944|00#| work_queue_worker[1] tcp: made connection to 10.0.132.2 port 1026
2019/11/23 18:34:16.66 #|1574534056.666838547|00#| work_queue_worker[1] wq: connected to master master:1026 via local address 10.0.132.13:46866
2019/11/23 18:34:16.66 #|1574534056.666847941|00#| work_queue_worker[1] wq: preparing workspace /tmp/worker-0-1
2019/11/23 18:34:16.66 #|1574534056.666995447|00#| work_queue_worker[1] dns: looking up name 911b7e336192
2019/11/23 18:34:16.66 #|1574534056.667057343|00#| work_queue_worker[1] dns: 911b7e336192 is 10.0.132.13
2019/11/23 18:34:16.66 #|1574534056.667069254|00#| work_queue_worker[1] dns: looking up addr 10.0.132.13
2019/11/23 18:34:16.66 #|1574534056.667094677|00#| work_queue_worker[1] dns: 10.0.132.13 is 911b7e336192
2019/11/23 18:34:16.66 #|1574534056.667104262|00#| work_queue_worker[1] dns: finding my hostname: uname = 911b7e336192, address = 10.0.132.13, hostname = 911b7e336192
2019/11/23 18:34:16.66 #|1574534056.667113416|00#| work_queue_worker[1] wq: tx to master: workqueue 8 911b7e336192 Linux x86_64 8.0.0
2019/11/23 18:34:16.66 #|1574534056.667171524|00#| work_queue_worker[1] wq: tx to master: info worker-id worker-4cc3dbaf96c912361a276b5901c6edf1
2019/11/23 18:34:16.66 #|1574534056.667211079|00#| work_queue_worker[1] wq: tx to master: alive
2019/11/23 18:34:16.66 #|1574534056.667245190|00#| work_queue_worker[1] wq: Sending resource description to master:
2019/11/23 18:34:16.66 #|1574534056.667256379|00#| work_queue_worker[1] wq:  workers      0 inuse      1 total      1 smallest      1 largest
2019/11/23 18:34:16.66 #|1574534056.667288519|00#| work_queue_worker[1] wq:     disk      0 inuse   2342 total   2342 smallest   2342 largest
2019/11/23 18:34:16.66 #|1574534056.667324895|00#| work_queue_worker[1] wq:   memory      0 inuse  11908 total  11908 smallest  11908 largest
2019/11/23 18:34:16.66 #|1574534056.667358608|00#| work_queue_worker[1] wq:     gpus      0 inuse      0 total      0 smallest      0 largest
2019/11/23 18:34:16.66 #|1574534056.667391385|00#| work_queue_worker[1] wq:    cores      0 inuse      1 total      1 smallest      1 largest
2019/11/23 18:34:16.66 #|1574534056.667440296|00#| work_queue_worker[1] wq: tx to master: info end_of_resource_update 0
2019/11/23 18:34:16.66 #|1574534056.667476651|00#| work_queue_worker[1] wq: tx to master: info tasks_running 0
2019/11/23 18:34:16.66 #|1574534056.667494902|00#| work_queue_worker[1] wq: working for master at 10.0.132.2:1026.
2019/11/23 18:36:02.77 #|1574534162.778800773|00#| work_queue_worker[1] wq: Failed to read from master.
2019/11/23 18:36:02.77 #|1574534162.778843634|00#| work_queue_worker[1] wq: cleaning workspace /tmp/worker-0-1
2019/11/23 18:36:02.77 #|1574534162.779069759|00#| work_queue_worker[1] wq: disconnecting from master 10.0.132.2:1026
2019/11/23 18:36:02.77 #|1574534162.779113490|00#| work_queue_worker[1] tcp: disconnected from 10.0.132.2 port 1026
2019/11/23 18:36:02.77 #|1574534162.779155346|00#| work_queue_worker[1] wq: killing all outstanding tasks
2019/11/23 18:36:02.77 #|1574534162.779180687|00#| work_queue_worker[1] wq: all data structures are clean
2019/11/23 18:36:08.77 #|1574534168.779887916|00#| work_queue_worker[1] debug: error reading disk usage on directory: ./cache.
2019/11/23 18:36:08.77 #|1574534168.779945864|00#| work_queue_worker[1] tcp: connecting to 10.0.132.2 port 1026
2019/11/23 18:36:08.78 #|1574534168.780168033|00#| work_queue_worker[1] tcp: made connection to 10.0.132.2 port 1026
2019/11/23 18:36:08.78 #|1574534168.780205132|00#| work_queue_worker[1] wq: connected to master master:1026 via local address 10.0.132.13:46906
2019/11/23 18:36:08.78 #|1574534168.780228144|00#| work_queue_worker[1] wq: preparing workspace /tmp/worker-0-1
2019/11/23 18:36:08.78 #|1574534168.780421732|00#| work_queue_worker[1] dns: finding my hostname: uname = 911b7e336192, address = 10.0.132.13, hostname = 911b7e336192
2019/11/23 18:36:08.78 #|1574534168.780450531|00#| work_queue_worker[1] wq: tx to master: workqueue 8 911b7e336192 Linux x86_64 8.0.0
2019/11/23 18:36:08.78 #|1574534168.780570339|00#| work_queue_worker[1] wq: tx to master: info worker-id worker-4cc3dbaf96c912361a276b5901c6edf1
2019/11/23 18:36:08.78 #|1574534168.780684445|00#| work_queue_worker[1] wq: tx to master: alive
2019/11/23 18:36:08.78 #|1574534168.780794514|00#| work_queue_worker[1] wq: Sending resource description to master:
2019/11/23 18:36:08.78 #|1574534168.780821993|00#| work_queue_worker[1] wq:  workers      0 inuse      1 total      1 smallest      1 largest
2019/11/23 18:36:08.78 #|1574534168.780930249|00#| work_queue_worker[1] wq:     disk      0 inuse   2223 total   2223 smallest   2223 largest
2019/11/23 18:36:08.78 #|1574534168.781042652|00#| work_queue_worker[1] wq:   memory      0 inuse  11908 total  11908 smallest  11908 largest
2019/11/23 18:36:08.78 #|1574534168.781154631|00#| work_queue_worker[1] wq:     gpus      0 inuse      0 total      0 smallest      0 largest
2019/11/23 18:36:08.78 #|1574534168.781266042|00#| work_queue_worker[1] wq:    cores      0 inuse      1 total      1 smallest      1 largest
2019/11/23 18:36:08.78 #|1574534168.781447628|00#| work_queue_worker[1] wq: tx to master: info end_of_resource_update 0
2019/11/23 18:36:08.78 #|1574534168.781558922|00#| work_queue_worker[1] wq: tx to master: info tasks_running 0
2019/11/23 18:36:08.78 #|1574534168.781669238|00#| work_queue_worker[1] wq: working for master at 10.0.132.2:1026.
2019/11/23 18:37:28.34 #|1574534248.343385627|00#| work_queue_worker[1] wq: rx from master: put file-0-c5ee5a022e0a239ae11f2cc3e034beda-query.fastq.4 2044000 0644 1
2019/11/23 18:37:28.34 #|1574534248.343439397|00#| work_queue_worker[1] wq: Putting file file-0-c5ee5a022e0a239ae11f2cc3e034beda-query.fastq.4 into workspace
2019/11/23 18:37:28.34 #|1574534248.347456481|00#| work_queue_worker[1] wq: rx from master: put file-0-971da570f958f7598fb58342dc472274-ref.fasta.sa 50000056 0644 1
2019/11/23 18:37:28.34 #|1574534248.347488767|00#| work_queue_worker[1] wq: Putting file file-0-971da570f958f7598fb58342dc472274-ref.fasta.sa into workspace
2019/11/23 18:37:28.41 #|1574534248.412981808|00#| work_queue_worker[1] wq: rx from master: put file-0-35f59a9883b4870b84f03717aff16002-ref.fasta.ann 5866697 0644 1
2019/11/23 18:37:28.41 #|1574534248.413017380|00#| work_queue_worker[1] wq: Putting file file-0-35f59a9883b4870b84f03717aff16002-ref.fasta.ann into workspace
2019/11/23 18:37:28.42 #|1574534248.420732377|00#| work_queue_worker[1] wq: rx from master: put file-0-1aba5e7adecebe065db19a405fb8bdf0-ref.fasta.amb 19 0644 1
2019/11/23 18:37:28.42 #|1574534248.420771315|00#| work_queue_worker[1] wq: Putting file file-0-1aba5e7adecebe065db19a405fb8bdf0-ref.fasta.amb into workspace
2019/11/23 18:37:28.42 #|1574534248.420855884|00#| work_queue_worker[1] wq: rx from master: put file-0-d4ff2b390cdd34b642d74a1cd1b59b97-ref.fasta.pac 25000002 0644 1
2019/11/23 18:37:28.42 #|1574534248.420876528|00#| work_queue_worker[1] wq: Putting file file-0-d4ff2b390cdd34b642d74a1cd1b59b97-ref.fasta.pac into workspace
2019/11/23 18:37:28.45 #|1574534248.452894571|00#| work_queue_worker[1] wq: rx from master: put file-0-0cadea4f68da3f941c5b5f0c963a59f8-ref.fasta.bwt 100000072 0644 1
2019/11/23 18:37:28.45 #|1574534248.452934699|00#| work_queue_worker[1] wq: Putting file file-0-0cadea4f68da3f941c5b5f0c963a59f8-ref.fasta.bwt into workspace
2019/11/23 18:37:28.58 #|1574534248.581727519|00#| work_queue_worker[1] wq: rx from master: put file-0-b08c3e9746692f64bcb9a448620c7967-ref.fasta 105477790 0644 1
2019/11/23 18:37:28.58 #|1574534248.581767933|00#| work_queue_worker[1] wq: Putting file file-0-b08c3e9746692f64bcb9a448620c7967-ref.fasta into workspace
2019/11/23 18:37:28.72 #|1574534248.720022638|00#| work_queue_worker[1] wq: rx from master: put file-0-a6be17d8a097bb9efd120be10bbc654c-bwa 1444312 0755 1
2019/11/23 18:37:28.72 #|1574534248.720058857|00#| work_queue_worker[1] wq: Putting file file-0-a6be17d8a097bb9efd120be10bbc654c-bwa into workspace
2019/11/23 18:37:28.72 #|1574534248.721576906|00#| work_queue_worker[1] wq: rx from master: task 6
2019/11/23 18:37:28.72 #|1574534248.721609340|00#| work_queue_worker[1] wq: rx from master: cmd 58
2019/11/23 18:37:28.72 #|1574534248.721623313|00#| work_queue_worker[1] wq: rx from master: ./bwa mem ref.fasta query.fastq.4 > Out.4.sam 2> mem.4.err
2019/11/23 18:37:28.72 #|1574534248.721632408|00#| work_queue_worker[1] wq: rx from master: category default
2019/11/23 18:37:28.72 #|1574534248.721642334|00#| work_queue_worker[1] wq: rx from master: cores 1
2019/11/23 18:37:28.72 #|1574534248.721652730|00#| work_queue_worker[1] wq: rx from master: memory 11908
2019/11/23 18:37:28.72 #|1574534248.721662766|00#| work_queue_worker[1] wq: rx from master: disk 2223
2019/11/23 18:37:28.72 #|1574534248.721672596|00#| work_queue_worker[1] wq: rx from master: gpus 0
2019/11/23 18:37:28.72 #|1574534248.721682699|00#| work_queue_worker[1] wq: rx from master: end_time 18446744073709551615
2019/11/23 18:37:28.72 #|1574534248.721693847|00#| work_queue_worker[1] wq: rx from master: wall_time 18446744073709551615
2019/11/23 18:37:28.72 #|1574534248.721704332|00#| work_queue_worker[1] wq: rx from master: env 7
2019/11/23 18:37:28.72 #|1574534248.721717230|00#| work_queue_worker[1] wq: rx from master: env 17
2019/11/23 18:37:28.72 #|1574534248.721729724|00#| work_queue_worker[1] wq: rx from master: infile file-0-c5ee5a022e0a239ae11f2cc3e034beda-query.fastq.4 query.fastq.4 1
2019/11/23 18:37:28.72 #|1574534248.721752905|00#| work_queue_worker[1] wq: rx from master: infile file-0-971da570f958f7598fb58342dc472274-ref.fasta.sa ref.fasta.sa 1
2019/11/23 18:37:28.72 #|1574534248.721771839|00#| work_queue_worker[1] wq: rx from master: infile file-0-35f59a9883b4870b84f03717aff16002-ref.fasta.ann ref.fasta.ann 1
2019/11/23 18:37:28.72 #|1574534248.721790572|00#| work_queue_worker[1] wq: rx from master: infile file-0-1aba5e7adecebe065db19a405fb8bdf0-ref.fasta.amb ref.fasta.amb 1
2019/11/23 18:37:28.72 #|1574534248.721809065|00#| work_queue_worker[1] wq: rx from master: infile file-0-d4ff2b390cdd34b642d74a1cd1b59b97-ref.fasta.pac ref.fasta.pac 1
2019/11/23 18:37:28.72 #|1574534248.721827876|00#| work_queue_worker[1] wq: rx from master: infile file-0-0cadea4f68da3f941c5b5f0c963a59f8-ref.fasta.bwt ref.fasta.bwt 1
2019/11/23 18:37:28.72 #|1574534248.721846393|00#| work_queue_worker[1] wq: rx from master: infile file-0-b08c3e9746692f64bcb9a448620c7967-ref.fasta ref.fasta 1
2019/11/23 18:37:28.72 #|1574534248.721863761|00#| work_queue_worker[1] wq: rx from master: infile file-0-a6be17d8a097bb9efd120be10bbc654c-bwa bwa 1
2019/11/23 18:37:28.72 #|1574534248.721881542|00#| work_queue_worker[1] wq: rx from master: outfile file-0-3658071a13d1b9697b3a2af7ff4bbbde-mem.4.err mem.4.err 1
2019/11/23 18:37:28.72 #|1574534248.721899716|00#| work_queue_worker[1] wq: rx from master: outfile file-0-1aaaa4a6080cbc532975cbd62f7898e9-Out.4.sam Out.4.sam 1
2019/11/23 18:37:28.72 #|1574534248.721917051|00#| work_queue_worker[1] wq: rx from master: end
2019/11/23 18:37:28.72 #|1574534248.722059274|00#| work_queue_worker[1] wq: linking cache/file-0-c5ee5a022e0a239ae11f2cc3e034beda-query.fastq.4 to /tmp/worker-0-1/t.6/query.fastq.4
2019/11/23 18:37:28.72 #|1574534248.722098354|00#| work_queue_worker[1] wq: linking cache/file-0-971da570f958f7598fb58342dc472274-ref.fasta.sa to /tmp/worker-0-1/t.6/ref.fasta.sa
2019/11/23 18:37:28.72 #|1574534248.722131445|00#| work_queue_worker[1] wq: linking cache/file-0-35f59a9883b4870b84f03717aff16002-ref.fasta.ann to /tmp/worker-0-1/t.6/ref.fasta.ann
2019/11/23 18:37:28.72 #|1574534248.722163997|00#| work_queue_worker[1] wq: linking cache/file-0-1aba5e7adecebe065db19a405fb8bdf0-ref.fasta.amb to /tmp/worker-0-1/t.6/ref.fasta.amb
2019/11/23 18:37:28.72 #|1574534248.722196214|00#| work_queue_worker[1] wq: linking cache/file-0-d4ff2b390cdd34b642d74a1cd1b59b97-ref.fasta.pac to /tmp/worker-0-1/t.6/ref.fasta.pac
2019/11/23 18:37:28.72 #|1574534248.722228256|00#| work_queue_worker[1] wq: linking cache/file-0-0cadea4f68da3f941c5b5f0c963a59f8-ref.fasta.bwt to /tmp/worker-0-1/t.6/ref.fasta.bwt
2019/11/23 18:37:28.72 #|1574534248.722260627|00#| work_queue_worker[1] wq: linking cache/file-0-b08c3e9746692f64bcb9a448620c7967-ref.fasta to /tmp/worker-0-1/t.6/ref.fasta
2019/11/23 18:37:28.72 #|1574534248.722292739|00#| work_queue_worker[1] wq: linking cache/file-0-a6be17d8a097bb9efd120be10bbc654c-bwa to /tmp/worker-0-1/t.6/bwa
2019/11/23 18:37:28.72 #|1574534248.722320772|00#| work_queue_worker[1] wq: Waiting task 6 has been forsaken.
2019/11/23 18:37:28.72 #|1574534248.722332036|00#| work_queue_worker[1] wq: tx to master: alive
2019/11/23 18:37:28.72 #|1574534248.722410082|00#| work_queue_worker[1] wq: Sending resource description to master:
2019/11/23 18:37:28.72 #|1574534248.722423716|00#| work_queue_worker[1] wq:  workers      0 inuse      1 total      1 smallest      1 largest
2019/11/23 18:37:28.72 #|1574534248.722475848|00#| work_queue_worker[1] wq:     disk      2 inuse    832 total    832 smallest    832 largest
2019/11/23 18:37:28.72 #|1574534248.722995074|00#| work_queue_worker[1] wq:   memory      0 inuse  11908 total  11908 smallest  11908 largest
2019/11/23 18:37:28.72 #|1574534248.723063337|00#| work_queue_worker[1] wq:     gpus      0 inuse      0 total      0 smallest      0 largest
2019/11/23 18:37:28.72 #|1574534248.723116883|00#| work_queue_worker[1] wq:    cores      0 inuse      1 total      1 smallest      1 largest
2019/11/23 18:37:28.72 #|1574534248.723198399|00#| work_queue_worker[1] wq: tx to master: info end_of_resource_update 0
2019/11/23 18:37:28.72 #|1574534248.723249715|00#| work_queue_worker[1] wq: tx to master: info tasks_running 0
2019/11/23 18:37:28.72 #|1574534248.723300787|00#| work_queue_worker[1] wq: tx to master: info tasks_running 0
2019/11/23 18:37:28.72 #|1574534248.723352342|00#| work_queue_worker[1] wq: tx to master: available_results
2019/11/23 18:37:28.74 #|1574534248.744067054|00#| work_queue_worker[1] wq: rx from master: send_results -1
2019/11/23 18:37:28.74 #|1574534248.744113982|00#| work_queue_worker[1] wq: tx to master: result 40 0 0 0 6
2019/11/23 18:37:28.74 #|1574534248.744183648|00#| work_queue_worker[1] wq: tx to master: info tasks_running 0
2019/11/23 18:37:28.74 #|1574534248.744233833|00#| work_queue_worker[1] wq: tx to master: end
2019/11/23 18:37:28.74 #|1574534248.744623109|00#| work_queue_worker[1] wq: rx from master: task 6
2019/11/23 18:37:28.74 #|1574534248.744644183|00#| work_queue_worker[1] wq: rx from master: cmd 58
2019/11/23 18:37:28.74 #|1574534248.744696438|00#| work_queue_worker[1] wq: rx from master: ./bwa mem ref.fasta query.fastq.4 > Out.4.sam 2> mem.4.err
2019/11/23 18:37:28.74 #|1574534248.744709356|00#| work_queue_worker[1] wq: rx from master: category default
2019/11/23 18:37:28.74 #|1574534248.744746074|00#| work_queue_worker[1] wq: rx from master: cores 1
2019/11/23 18:37:28.74 #|1574534248.744760111|00#| work_queue_worker[1] wq: rx from master: memory 11908
2019/11/23 18:37:28.74 #|1574534248.744772059|00#| work_queue_worker[1] wq: rx from master: disk 832
2019/11/23 18:37:28.74 #|1574534248.744809239|00#| work_queue_worker[1] wq: rx from master: gpus 0
2019/11/23 18:37:28.74 #|1574534248.744835081|00#| work_queue_worker[1] wq: rx from master: end_time 18446744073709551615
2019/11/23 18:37:28.74 #|1574534248.744920288|00#| work_queue_worker[1] wq: rx from master: wall_time 18446744073709551615
2019/11/23 18:37:28.74 #|1574534248.744971698|00#| work_queue_worker[1] wq: rx from master: env 7
2019/11/23 18:37:28.74 #|1574534248.744988623|00#| work_queue_worker[1] wq: rx from master: env 17
2019/11/23 18:37:28.74 #|1574534248.745002839|00#| work_queue_worker[1] wq: rx from master: infile file-0-c5ee5a022e0a239ae11f2cc3e034beda-query.fastq.4 query.fastq.4 1
2019/11/23 18:37:28.74 #|1574534248.745048609|00#| work_queue_worker[1] wq: rx from master: infile file-0-971da570f958f7598fb58342dc472274-ref.fasta.sa ref.fasta.sa 1
2019/11/23 18:37:28.74 #|1574534248.745075029|00#| work_queue_worker[1] wq: rx from master: infile file-0-35f59a9883b4870b84f03717aff16002-ref.fasta.ann ref.fasta.ann 1
2019/11/23 18:37:28.74 #|1574534248.745166276|00#| work_queue_worker[1] wq: rx from master: infile file-0-1aba5e7adecebe065db19a405fb8bdf0-ref.fasta.amb ref.fasta.amb 1
2019/11/23 18:37:28.74 #|1574534248.745228869|00#| work_queue_worker[1] wq: rx from master: infile file-0-d4ff2b390cdd34b642d74a1cd1b59b97-ref.fasta.pac ref.fasta.pac 1
2019/11/23 18:37:28.74 #|1574534248.745253263|00#| work_queue_worker[1] wq: rx from master: infile file-0-0cadea4f68da3f941c5b5f0c963a59f8-ref.fasta.bwt ref.fasta.bwt 1
2019/11/23 18:37:28.74 #|1574534248.745300610|00#| work_queue_worker[1] wq: rx from master: infile file-0-b08c3e9746692f64bcb9a448620c7967-ref.fasta ref.fasta 1
2019/11/23 18:37:28.74 #|1574534248.745324007|00#| work_queue_worker[1] wq: rx from master: infile file-0-a6be17d8a097bb9efd120be10bbc654c-bwa bwa 1
2019/11/23 18:37:28.74 #|1574534248.745367216|00#| work_queue_worker[1] wq: rx from master: outfile file-0-3658071a13d1b9697b3a2af7ff4bbbde-mem.4.err mem.4.err 1
2019/11/23 18:37:28.74 #|1574534248.745394960|00#| work_queue_worker[1] wq: rx from master: outfile file-0-1aaaa4a6080cbc532975cbd62f7898e9-Out.4.sam Out.4.sam 1
2019/11/23 18:37:28.74 #|1574534248.745425959|00#| work_queue_worker[1] wq: rx from master: end
2019/11/23 18:37:28.74 #|1574534248.745551564|00#| work_queue_worker[1] wq: linking cache/file-0-c5ee5a022e0a239ae11f2cc3e034beda-query.fastq.4 to /tmp/worker-0-1/t.6/query.fastq.4
2019/11/23 18:37:28.74 #|1574534248.745590005|00#| work_queue_worker[1] wq: linking cache/file-0-971da570f958f7598fb58342dc472274-ref.fasta.sa to /tmp/worker-0-1/t.6/ref.fasta.sa
2019/11/23 18:37:28.74 #|1574534248.745617089|00#| work_queue_worker[1] wq: linking cache/file-0-35f59a9883b4870b84f03717aff16002-ref.fasta.ann to /tmp/worker-0-1/t.6/ref.fasta.ann
2019/11/23 18:37:28.74 #|1574534248.745642526|00#| work_queue_worker[1] wq: linking cache/file-0-1aba5e7adecebe065db19a405fb8bdf0-ref.fasta.amb to /tmp/worker-0-1/t.6/ref.fasta.amb
2019/11/23 18:37:28.74 #|1574534248.745668288|00#| work_queue_worker[1] wq: linking cache/file-0-d4ff2b390cdd34b642d74a1cd1b59b97-ref.fasta.pac to /tmp/worker-0-1/t.6/ref.fasta.pac
2019/11/23 18:37:28.74 #|1574534248.745693573|00#| work_queue_worker[1] wq: linking cache/file-0-0cadea4f68da3f941c5b5f0c963a59f8-ref.fasta.bwt to /tmp/worker-0-1/t.6/ref.fasta.bwt
2019/11/23 18:37:28.74 #|1574534248.745718882|00#| work_queue_worker[1] wq: linking cache/file-0-b08c3e9746692f64bcb9a448620c7967-ref.fasta to /tmp/worker-0-1/t.6/ref.fasta
2019/11/23 18:37:28.74 #|1574534248.745744064|00#| work_queue_worker[1] wq: linking cache/file-0-a6be17d8a097bb9efd120be10bbc654c-bwa to /tmp/worker-0-1/t.6/bwa
2019/11/23 18:37:28.74 #|1574534248.746007968|00#| work_queue_worker[1] wq: started process 9: ./bwa mem ref.fasta query.fastq.4 > Out.4.sam 2> mem.4.err
2019/11/23 18:37:28.74 #|1574534248.746063178|00#| work_queue_worker[1] wq: tx to master: info tasks_running 1
2019/11/23 18:37:30.89 #|1574534250.890776763|00#| work_queue_worker[1] wq: task 6 (pid 9) exited normally with exit code 0
2019/11/23 18:37:30.89 #|1574534250.890808168|00#| work_queue_worker[1] wq: moving output file from /tmp/worker-0-1/t.6/mem.4.err to cache/file-0-3658071a13d1b9697b3a2af7ff4bbbde-mem.4.err
2019/11/23 18:37:30.89 #|1574534250.890890380|00#| work_queue_worker[1] wq: moving output file from /tmp/worker-0-1/t.6/Out.4.sam to cache/file-0-1aaaa4a6080cbc532975cbd62f7898e9-Out.4.sam
2019/11/23 18:37:30.89 #|1574534250.890926686|00#| work_queue_worker[1] wq: tx to master: available_results
2019/11/23 18:37:30.89 #|1574534250.891266935|00#| work_queue_worker[1] wq: rx from master: send_results -1
2019/11/23 18:37:30.89 #|1574534250.891305622|00#| work_queue_worker[1] wq: tx to master: result 0 0 0 2144991 6
2019/11/23 18:37:30.89 #|1574534250.891368412|00#| work_queue_worker[1] wq: tx to master: info tasks_running 0
2019/11/23 18:37:30.89 #|1574534250.891412625|00#| work_queue_worker[1] wq: tx to master: end
2019/11/23 18:37:30.91 #|1574534250.917491907|00#| work_queue_worker[1] wq: rx from master: get file-0-3658071a13d1b9697b3a2af7ff4bbbde-mem.4.err 1
2019/11/23 18:37:30.91 #|1574534250.917552186|00#| work_queue_worker[1] wq: tx to master: file file-0-3658071a13d1b9697b3a2af7ff4bbbde-mem.4.err 297
2019/11/23 18:37:30.91 #|1574534250.917673893|00#| work_queue_worker[1] wq: tx to master: end
2019/11/23 18:37:30.91 #|1574534250.917954713|00#| work_queue_worker[1] wq: rx from master: get file-0-1aaaa4a6080cbc532975cbd62f7898e9-Out.4.sam 1
2019/11/23 18:37:30.91 #|1574534250.917992139|00#| work_queue_worker[1] wq: tx to master: file file-0-1aaaa4a6080cbc532975cbd62f7898e9-Out.4.sam 7097025
2019/11/23 18:37:30.92 #|1574534250.926442191|00#| work_queue_worker[1] wq: tx to master: end
2019/11/23 18:37:30.92 #|1574534250.926631984|00#| work_queue_worker[1] wq: rx from master: kill 6
2019/11/23 18:37:47.82 #|1574534267.825794412|00#| work_queue_worker[1] wq: rx from master: put file-0-048045060f61089a83cce204e6b8f151-corr.out 0 0644 1
2019/11/23 18:37:47.82 #|1574534267.825836937|00#| work_queue_worker[1] wq: Putting file file-0-048045060f61089a83cce204e6b8f151-corr.out into workspace
2019/11/23 18:37:47.82 #|1574534267.825853557|00#| work_queue_worker[1] debug: Available disk space (0 MB) lower than threshold (0 MB).
2019/11/23 18:37:47.82 #|1574534267.825862580|00#| work_queue_worker[1] wq: Could not put file file-0-048045060f61089a83cce204e6b8f151-corr.out, not enough disk space (0 bytes needed)
2019/11/23 18:37:47.82 #|1574534267.825877364|00#| work_queue_worker[1] wq: cleaning workspace /tmp/worker-0-1
2019/11/23 18:37:47.89 #|1574534267.896430713|00#| work_queue_worker[1] wq: disconnecting from master 10.0.132.2:1026
2019/11/23 18:37:47.89 #|1574534267.896562800|00#| work_queue_worker[1] tcp: disconnected from 10.0.132.2 port 1026
2019/11/23 18:37:47.89 #|1574534267.896581801|00#| work_queue_worker[1] wq: killing all outstanding tasks
2019/11/23 18:37:47.89 #|1574534267.896597627|00#| work_queue_worker[1] wq: all data structures are clean
2019/11/23 18:37:53.89 #|1574534273.897165692|00#| work_queue_worker[1] debug: error reading disk usage on directory: ./cache.
2019/11/23 18:37:53.89 #|1574534273.897217361|00#| work_queue_worker[1] tcp: connecting to 10.0.132.2 port 1026
2019/11/23 18:37:53.89 #|1574534273.897397367|00#| work_queue_worker[1] tcp: made connection to 10.0.132.2 port 1026
2019/11/23 18:37:53.89 #|1574534273.897420837|00#| work_queue_worker[1] wq: connected to master master:1026 via local address 10.0.132.13:46932
2019/11/23 18:37:53.89 #|1574534273.897433070|00#| work_queue_worker[1] wq: preparing workspace /tmp/worker-0-1
2019/11/23 18:37:53.89 #|1574534273.897559396|00#| work_queue_worker[1] dns: finding my hostname: uname = 911b7e336192, address = 10.0.132.13, hostname = 911b7e336192
2019/11/23 18:37:53.89 #|1574534273.897575966|00#| work_queue_worker[1] wq: tx to master: workqueue 8 911b7e336192 Linux x86_64 8.0.0
2019/11/23 18:37:53.89 #|1574534273.897652551|00#| work_queue_worker[1] wq: tx to master: info worker-id worker-4cc3dbaf96c912361a276b5901c6edf1
2019/11/23 18:37:53.89 #|1574534273.897728838|00#| work_queue_worker[1] wq: tx to master: alive
2019/11/23 18:37:53.89 #|1574534273.897806405|00#| work_queue_worker[1] wq: Sending resource description to master:
2019/11/23 18:37:53.89 #|1574534273.897822015|00#| work_queue_worker[1] wq:  workers      0 inuse      1 total      1 smallest      1 largest
2019/11/23 18:37:53.89 #|1574534273.897882375|00#| work_queue_worker[1] wq:     disk      0 inuse   1755 total   1755 smallest   1755 largest
2019/11/23 18:37:53.89 #|1574534273.897948233|00#| work_queue_worker[1] wq:   memory      0 inuse  11908 total  11908 smallest  11908 largest
2019/11/23 18:37:53.89 #|1574534273.898017503|00#| work_queue_worker[1] wq:     gpus      0 inuse      0 total      0 smallest      0 largest
2019/11/23 18:37:53.89 #|1574534273.898081116|00#| work_queue_worker[1] wq:    cores      0 inuse      1 total      1 smallest      1 largest
2019/11/23 18:37:53.89 #|1574534273.898180982|00#| work_queue_worker[1] wq: tx to master: info end_of_resource_update 0
2019/11/23 18:37:53.89 #|1574534273.898253468|00#| work_queue_worker[1] wq: tx to master: info tasks_running 0
2019/11/23 18:37:53.89 #|1574534273.898316612|00#| work_queue_worker[1] wq: working for master at 10.0.132.2:1026.
2019/11/23 18:37:53.89 #|1574534273.899780408|00#| work_queue_worker[1] wq: rx from master: put file-0-048045060f61089a83cce204e6b8f151-corr.out 0 0644 1
2019/11/23 18:37:53.89 #|1574534273.899823284|00#| work_queue_worker[1] wq: Putting file file-0-048045060f61089a83cce204e6b8f151-corr.out into workspace
2019/11/23 18:37:53.89 #|1574534273.899937590|00#| work_queue_worker[1] wq: rx from master: put file-0-e2087ea59ad023a9a6b94da242aa400a-ref.fasta.99 1055002 0644 1
2019/11/23 18:37:53.89 #|1574534273.899975051|00#| work_queue_worker[1] wq: Putting file file-0-e2087ea59ad023a9a6b94da242aa400a-ref.fasta.99 into workspace
2019/11/23 18:37:53.90 #|1574534273.902086961|00#| work_queue_worker[1] wq: rx from master: put file-0-ddd728dc31a49bcd4cacae5676b4e7f7-Create_Corrected_AllLRReads.py 1402 0755 1
2019/11/23 18:37:53.90 #|1574534273.902120030|00#| work_queue_worker[1] wq: Putting file file-0-ddd728dc31a49bcd4cacae5676b4e7f7-Create_Corrected_AllLRReads.py into workspace
2019/11/23 18:37:53.90 #|1574534273.902190289|00#| work_queue_worker[1] wq: rx from master: task 13
2019/11/23 18:37:53.90 #|1574534273.902210737|00#| work_queue_worker[1] wq: rx from master: cmd 76
2019/11/23 18:37:53.90 #|1574534273.902224419|00#| work_queue_worker[1] wq: rx from master: python Create_Corrected_AllLRReads.py ref.fasta.99 corr.out 2> create.err.99
2019/11/23 18:37:53.90 #|1574534273.902234646|00#| work_queue_worker[1] wq: rx from master: category default
2019/11/23 18:37:53.90 #|1574534273.902245655|00#| work_queue_worker[1] wq: rx from master: cores 1
2019/11/23 18:37:53.90 #|1574534273.902257300|00#| work_queue_worker[1] wq: rx from master: memory 11908
2019/11/23 18:37:53.90 #|1574534273.902307165|00#| work_queue_worker[1] wq: rx from master: disk 1755
2019/11/23 18:37:53.90 #|1574534273.902324179|00#| work_queue_worker[1] wq: rx from master: gpus 0
2019/11/23 18:37:53.90 #|1574534273.902336309|00#| work_queue_worker[1] wq: rx from master: end_time 18446744073709551615
2019/11/23 18:37:53.90 #|1574534273.902349157|00#| work_queue_worker[1] wq: rx from master: wall_time 18446744073709551615
2019/11/23 18:37:53.90 #|1574534273.902360995|00#| work_queue_worker[1] wq: rx from master: env 7
2019/11/23 18:37:53.90 #|1574534273.902414579|00#| work_queue_worker[1] wq: rx from master: env 17
2019/11/23 18:37:53.90 #|1574534273.902436712|00#| work_queue_worker[1] wq: rx from master: infile file-0-048045060f61089a83cce204e6b8f151-corr.out corr.out 1
2019/11/23 18:37:53.90 #|1574534273.902497243|00#| work_queue_worker[1] wq: rx from master: infile file-0-e2087ea59ad023a9a6b94da242aa400a-ref.fasta.99 ref.fasta.99 1
2019/11/23 18:37:53.90 #|1574534273.902551958|00#| work_queue_worker[1] wq: rx from master: infile file-0-ddd728dc31a49bcd4cacae5676b4e7f7-Create_Corrected_AllLRReads.py Create_Corrected_AllLRReads.py 1
2019/11/23 18:37:53.90 #|1574534273.902626135|00#| work_queue_worker[1] wq: rx from master: outfile file-0-12a31870ee0b20c97a342723c14b134d-create.err.99 create.err.99 1
2019/11/23 18:37:53.90 #|1574534273.902667265|00#| work_queue_worker[1] wq: rx from master: outfile file-0-368be195bd983af01f03384c82747c0b-Corrected_ref.fasta.99 Corrected_ref.fasta.99 1
2019/11/23 18:37:53.90 #|1574534273.902723972|00#| work_queue_worker[1] wq: rx from master: end
2019/11/23 18:37:53.90 #|1574534273.902844504|00#| work_queue_worker[1] wq: linking cache/file-0-048045060f61089a83cce204e6b8f151-corr.out to /tmp/worker-0-1/t.13/corr.out
2019/11/23 18:37:53.90 #|1574534273.902894211|00#| work_queue_worker[1] wq: linking cache/file-0-e2087ea59ad023a9a6b94da242aa400a-ref.fasta.99 to /tmp/worker-0-1/t.13/ref.fasta.99
2019/11/23 18:37:53.90 #|1574534273.902932988|00#| work_queue_worker[1] wq: linking cache/file-0-ddd728dc31a49bcd4cacae5676b4e7f7-Create_Corrected_AllLRReads.py to /tmp/worker-0-1/t.13/Create_Corrected_AllLRReads.py
2019/11/23 18:37:53.90 #|1574534273.903156360|00#| work_queue_worker[1] wq: started process 15: python Create_Corrected_AllLRReads.py ref.fasta.99 corr.out 2> create.err.99
2019/11/23 18:37:53.90 #|1574534273.903194167|00#| work_queue_worker[1] wq: tx to master: info tasks_running 1
2019/11/23 18:37:53.97 #|1574534273.970682223|00#| work_queue_worker[1] wq: task 13 (pid 15) exited normally with exit code 0
2019/11/23 18:37:53.97 #|1574534273.970715550|00#| work_queue_worker[1] wq: moving output file from /tmp/worker-0-1/t.13/create.err.99 to cache/file-0-12a31870ee0b20c97a342723c14b134d-create.err.99
2019/11/23 18:37:53.97 #|1574534273.970783545|00#| work_queue_worker[1] wq: moving output file from /tmp/worker-0-1/t.13/Corrected_ref.fasta.99 to cache/file-0-368be195bd983af01f03384c82747c0b-Corrected_ref.fasta.99
2019/11/23 18:37:53.97 #|1574534273.970834664|00#| work_queue_worker[1] wq: tx to master: available_results
2019/11/23 18:37:53.97 #|1574534273.971110893|00#| work_queue_worker[1] wq: rx from master: send_results -1
2019/11/23 18:37:53.97 #|1574534273.971146847|00#| work_queue_worker[1] wq: tx to master: result 0 0 0 67709 13
2019/11/23 18:37:53.97 #|1574534273.971217511|00#| work_queue_worker[1] wq: tx to master: info tasks_running 0
2019/11/23 18:37:53.97 #|1574534273.971280640|00#| work_queue_worker[1] wq: tx to master: end
2019/11/23 18:37:53.97 #|1574534273.971615093|00#| work_queue_worker[1] wq: rx from master: get file-0-12a31870ee0b20c97a342723c14b134d-create.err.99 1
2019/11/23 18:37:53.97 #|1574534273.971653747|00#| work_queue_worker[1] wq: tx to master: file file-0-12a31870ee0b20c97a342723c14b134d-create.err.99 0
2019/11/23 18:37:53.97 #|1574534273.971725373|00#| work_queue_worker[1] wq: tx to master: end
2019/11/23 18:37:53.97 #|1574534273.972031912|00#| work_queue_worker[1] wq: rx from master: get file-0-368be195bd983af01f03384c82747c0b-Corrected_ref.fasta.99 1
2019/11/23 18:37:53.97 #|1574534273.972063006|00#| work_queue_worker[1] wq: tx to master: file file-0-368be195bd983af01f03384c82747c0b-Corrected_ref.fasta.99 1055002
2019/11/23 18:37:53.97 #|1574534273.973616792|00#| work_queue_worker[1] wq: tx to master: end
2019/11/23 18:37:53.97 #|1574534273.974891257|00#| work_queue_worker[1] wq: rx from master: kill 13
2019/11/23 18:37:54.73 #|1574534274.730664293|00#| work_queue_worker[1] wq: rx from master: release
2019/11/23 18:37:54.73 #|1574534274.730702629|00#| work_queue_worker[1] wq: released by master 10.0.132.2:1026.
2019/11/23 18:37:54.73 #|1574534274.730728058|00#| work_queue_worker[1] wq: cleaning workspace /tmp/worker-0-1
2019/11/23 18:37:54.73 #|1574534274.731384596|00#| work_queue_worker[1] wq: disconnecting from master 10.0.132.2:1026
2019/11/23 18:37:54.73 #|1574534274.731502880|00#| work_queue_worker[1] tcp: disconnected from 10.0.132.2 port 1026
2019/11/23 18:37:54.73 #|1574534274.731519656|00#| work_queue_worker[1] wq: killing all outstanding tasks
2019/11/23 18:37:54.73 #|1574534274.731536964|00#| work_queue_worker[1] wq: all data structures are clean
2019/11/23 18:37:55.73 #|1574534275.731725257|00#| work_queue_worker[1] tcp: connecting to 10.0.132.2 port 1026
