2019/11/26 13:46:34.53 work_queue_worker[1] debug: /home/cctools_BRUNO_bin/bin/work_queue_worker version 8.0.0 DEVELOPMENT (released 2019-11-06 16:35:57 +0000)
2019/11/26 13:46:34.53 work_queue_worker[1] debug: Built by root@2546322b0463 on 2019-11-06 16:35:57 +0000
2019/11/26 13:46:34.53 work_queue_worker[1] debug: System: Linux 2546322b0463 5.0.0-32-generic #34~18.04.2-Ubuntu SMP Thu Oct 10 10:36:02 UTC 2019 x86_64 x86_64 x86_64 GNU/Linux
2019/11/26 13:46:34.53 work_queue_worker[1] debug: Configuration: --prefix /home/cctools_BRUNO_bin
2019/11/26 13:46:34.53 work_queue_worker[1] wq: WORK_QUEUE_SANDBOX set to /tmp/worker-0-1.
2019/11/26 13:46:34.53 work_queue_worker[1] debug: error reading disk usage on directory: ./cache.
2019/11/26 13:46:34.53 work_queue_worker[1] dns: looking up name master
2019/11/26 13:46:34.54 work_queue_worker[1] dns: couldn't look up master: Name or service not known
2019/11/26 13:46:36.54 work_queue_worker[1] dns: looking up name master
2019/11/26 13:46:36.54 work_queue_worker[1] dns: couldn't look up master: Name or service not known
2019/11/26 13:46:38.54 work_queue_worker[1] dns: looking up name master
2019/11/26 13:46:38.54 work_queue_worker[1] dns: master is 10.0.230.17
2019/11/26 13:46:38.54 work_queue_worker[1] tcp: connecting to 10.0.230.17 port 1026
2019/11/26 13:46:38.54 work_queue_worker[1] tcp: made connection to 10.0.230.17 port 1026
2019/11/26 13:46:38.54 work_queue_worker[1] wq: connected to master master:1026 via local address 10.0.230.12:44174
2019/11/26 13:46:38.54 work_queue_worker[1] wq: preparing workspace /tmp/worker-0-1
2019/11/26 13:46:38.54 work_queue_worker[1] dns: looking up name 0dbe7cb862ac
2019/11/26 13:46:38.54 work_queue_worker[1] dns: 0dbe7cb862ac is 10.0.230.12
2019/11/26 13:46:38.54 work_queue_worker[1] dns: looking up addr 10.0.230.12
2019/11/26 13:46:38.54 work_queue_worker[1] dns: 10.0.230.12 is 0dbe7cb862ac
2019/11/26 13:46:38.54 work_queue_worker[1] dns: finding my hostname: uname = 0dbe7cb862ac, address = 10.0.230.12, hostname = 0dbe7cb862ac
2019/11/26 13:46:38.54 work_queue_worker[1] wq: tx to master: workqueue 8 0dbe7cb862ac Linux x86_64 8.0.0
2019/11/26 13:46:38.54 work_queue_worker[1] wq: tx to master: info worker-id worker-8bb29a3b6f34a5bc1cffe385d97290e6
2019/11/26 13:46:38.54 work_queue_worker[1] wq: tx to master: alive
2019/11/26 13:46:38.54 work_queue_worker[1] wq: Sending resource description to master:
2019/11/26 13:46:38.54 work_queue_worker[1] wq:  workers      0 inuse      1 total      1 smallest      1 largest
2019/11/26 13:46:38.54 work_queue_worker[1] wq:     disk      0 inuse   2495 total   2495 smallest   2495 largest
2019/11/26 13:46:38.54 work_queue_worker[1] wq:   memory      0 inuse  11908 total  11908 smallest  11908 largest
2019/11/26 13:46:38.54 work_queue_worker[1] wq:     gpus      0 inuse      0 total      0 smallest      0 largest
2019/11/26 13:46:38.54 work_queue_worker[1] wq:    cores      0 inuse      1 total      1 smallest      1 largest
2019/11/26 13:46:38.54 work_queue_worker[1] wq: tx to master: info end_of_resource_update 0
2019/11/26 13:46:38.54 work_queue_worker[1] wq: tx to master: info tasks_running 0
2019/11/26 13:46:38.54 work_queue_worker[1] wq: working for master at 10.0.230.17:1026.
2019/11/26 13:48:47.74 work_queue_worker[1] wq: rx from master: put file-0-c5ee5a022e0a239ae11f2cc3e034beda-query.fastq.4 2044000 0644 1
2019/11/26 13:48:47.74 work_queue_worker[1] wq: Putting file file-0-c5ee5a022e0a239ae11f2cc3e034beda-query.fastq.4 into workspace
2019/11/26 13:48:47.74 work_queue_worker[1] wq: Dir /cache already exists in cache
2019/11/26 13:48:47.75 work_queue_worker[1] wq: ****BRUNO***** cp BARRA: -> cp ./cache/file-0-c5ee5a022e0a239ae11f2cc3e034beda-query.fastq.4 /cache.
2019/11/26 13:48:47.75 work_queue_worker[1] wq: rx from master: put file-0-971da570f958f7598fb58342dc472274-ref.fasta.sa 50000056 0644 1
2019/11/26 13:48:47.75 work_queue_worker[1] wq: Putting file file-0-971da570f958f7598fb58342dc472274-ref.fasta.sa into workspace
2019/11/26 13:48:47.75 work_queue_worker[1] wq: Dir /cache already exists in cache
2019/11/26 13:48:47.83 work_queue_worker[1] wq: ****BRUNO***** cp BARRA: -> cp ./cache/file-0-971da570f958f7598fb58342dc472274-ref.fasta.sa /cache.
2019/11/26 13:48:47.89 work_queue_worker[1] wq: rx from master: put file-0-35f59a9883b4870b84f03717aff16002-ref.fasta.ann 5866697 0644 1
2019/11/26 13:48:47.89 work_queue_worker[1] wq: Putting file file-0-35f59a9883b4870b84f03717aff16002-ref.fasta.ann into workspace
2019/11/26 13:48:47.89 work_queue_worker[1] wq: Dir /cache already exists in cache
2019/11/26 13:48:47.90 work_queue_worker[1] wq: ****BRUNO***** cp BARRA: -> cp ./cache/file-0-35f59a9883b4870b84f03717aff16002-ref.fasta.ann /cache.
2019/11/26 13:48:47.91 work_queue_worker[1] wq: rx from master: put file-0-1aba5e7adecebe065db19a405fb8bdf0-ref.fasta.amb 19 0644 1
2019/11/26 13:48:47.92 work_queue_worker[1] wq: Putting file file-0-1aba5e7adecebe065db19a405fb8bdf0-ref.fasta.amb into workspace
2019/11/26 13:48:47.92 work_queue_worker[1] wq: Dir /cache already exists in cache
2019/11/26 13:48:47.92 work_queue_worker[1] wq: ****BRUNO***** cp BARRA: -> cp ./cache/file-0-1aba5e7adecebe065db19a405fb8bdf0-ref.fasta.amb /cache.
2019/11/26 13:48:47.92 work_queue_worker[1] wq: rx from master: put file-0-d4ff2b390cdd34b642d74a1cd1b59b97-ref.fasta.pac 25000002 0644 1
2019/11/26 13:48:47.92 work_queue_worker[1] wq: Putting file file-0-d4ff2b390cdd34b642d74a1cd1b59b97-ref.fasta.pac into workspace
2019/11/26 13:48:47.92 work_queue_worker[1] wq: Dir /cache already exists in cache
2019/11/26 13:48:47.95 work_queue_worker[1] wq: ****BRUNO***** cp BARRA: -> cp ./cache/file-0-d4ff2b390cdd34b642d74a1cd1b59b97-ref.fasta.pac /cache.
2019/11/26 13:48:47.99 work_queue_worker[1] wq: rx from master: put file-0-0cadea4f68da3f941c5b5f0c963a59f8-ref.fasta.bwt 100000072 0644 1
2019/11/26 13:48:47.99 work_queue_worker[1] wq: Putting file file-0-0cadea4f68da3f941c5b5f0c963a59f8-ref.fasta.bwt into workspace
2019/11/26 13:48:47.99 work_queue_worker[1] wq: Dir /cache already exists in cache
2019/11/26 13:48:48.13 work_queue_worker[1] wq: ****BRUNO***** cp BARRA: -> cp ./cache/file-0-0cadea4f68da3f941c5b5f0c963a59f8-ref.fasta.bwt /cache.
2019/11/26 13:48:50.80 work_queue_worker[1] wq: rx from master: put file-0-b08c3e9746692f64bcb9a448620c7967-ref.fasta 105477790 0644 1
2019/11/26 13:48:50.80 work_queue_worker[1] wq: Putting file file-0-b08c3e9746692f64bcb9a448620c7967-ref.fasta into workspace
2019/11/26 13:48:50.80 work_queue_worker[1] wq: Dir /cache already exists in cache
2019/11/26 13:48:50.95 work_queue_worker[1] wq: ****BRUNO***** cp BARRA: -> cp ./cache/file-0-b08c3e9746692f64bcb9a448620c7967-ref.fasta /cache.
2019/11/26 13:48:55.20 work_queue_worker[1] wq: rx from master: put file-0-a6be17d8a097bb9efd120be10bbc654c-bwa 1444312 0755 1
2019/11/26 13:48:55.20 work_queue_worker[1] wq: Putting file file-0-a6be17d8a097bb9efd120be10bbc654c-bwa into workspace
2019/11/26 13:48:55.20 work_queue_worker[1] wq: Dir /cache already exists in cache
2019/11/26 13:48:55.21 work_queue_worker[1] wq: ****BRUNO***** cp BARRA: -> cp ./cache/file-0-a6be17d8a097bb9efd120be10bbc654c-bwa /cache.
2019/11/26 13:48:55.27 work_queue_worker[1] wq: rx from master: task 6
2019/11/26 13:48:55.27 work_queue_worker[1] wq: rx from master: cmd 58
2019/11/26 13:48:55.27 work_queue_worker[1] wq: rx from master: ./bwa mem ref.fasta query.fastq.4 > Out.4.sam 2> mem.4.err
2019/11/26 13:48:55.27 work_queue_worker[1] wq: rx from master: category default
2019/11/26 13:48:55.27 work_queue_worker[1] wq: rx from master: cores 1
2019/11/26 13:48:55.27 work_queue_worker[1] wq: rx from master: memory 11908
2019/11/26 13:48:55.27 work_queue_worker[1] wq: rx from master: disk 2495
2019/11/26 13:48:55.27 work_queue_worker[1] wq: rx from master: gpus 0
2019/11/26 13:48:55.27 work_queue_worker[1] wq: rx from master: end_time 18446744073709551615
2019/11/26 13:48:55.27 work_queue_worker[1] wq: rx from master: wall_time 18446744073709551615
2019/11/26 13:48:55.27 work_queue_worker[1] wq: rx from master: env 7
2019/11/26 13:48:55.27 work_queue_worker[1] wq: rx from master: env 17
2019/11/26 13:48:55.27 work_queue_worker[1] wq: rx from master: infile file-0-c5ee5a022e0a239ae11f2cc3e034beda-query.fastq.4 query.fastq.4 1
2019/11/26 13:48:55.27 work_queue_worker[1] wq: rx from master: infile file-0-971da570f958f7598fb58342dc472274-ref.fasta.sa ref.fasta.sa 1
2019/11/26 13:48:55.27 work_queue_worker[1] wq: rx from master: infile file-0-35f59a9883b4870b84f03717aff16002-ref.fasta.ann ref.fasta.ann 1
2019/11/26 13:48:55.27 work_queue_worker[1] wq: rx from master: infile file-0-1aba5e7adecebe065db19a405fb8bdf0-ref.fasta.amb ref.fasta.amb 1
2019/11/26 13:48:55.27 work_queue_worker[1] wq: rx from master: infile file-0-d4ff2b390cdd34b642d74a1cd1b59b97-ref.fasta.pac ref.fasta.pac 1
2019/11/26 13:48:55.27 work_queue_worker[1] wq: rx from master: infile file-0-0cadea4f68da3f941c5b5f0c963a59f8-ref.fasta.bwt ref.fasta.bwt 1
2019/11/26 13:48:55.27 work_queue_worker[1] wq: rx from master: infile file-0-b08c3e9746692f64bcb9a448620c7967-ref.fasta ref.fasta 1
2019/11/26 13:48:55.27 work_queue_worker[1] wq: rx from master: infile file-0-a6be17d8a097bb9efd120be10bbc654c-bwa bwa 1
2019/11/26 13:48:55.27 work_queue_worker[1] wq: rx from master: outfile file-0-3658071a13d1b9697b3a2af7ff4bbbde-mem.4.err mem.4.err 1
2019/11/26 13:48:55.27 work_queue_worker[1] wq: rx from master: outfile file-0-1aaaa4a6080cbc532975cbd62f7898e9-Out.4.sam Out.4.sam 1
2019/11/26 13:48:55.27 work_queue_worker[1] wq: rx from master: end
2019/11/26 13:48:55.27 work_queue_worker[1] wq: tx to master: info cached_files file-0-ec2b61782898a8d0b03d68fc63e81229-query.fastq.5
2019/11/26 13:48:55.27 work_queue_worker[1] wq: tx to master: info cached_files file-0-6a3566a41d4cc2c0ac4ec7bfaab41382-query.fastq.6
2019/11/26 13:48:55.27 work_queue_worker[1] wq: tx to master: info cached_files file-0-d4ff2b390cdd34b642d74a1cd1b59b97-ref.fasta.pac
2019/11/26 13:48:55.27 work_queue_worker[1] wq: tx to master: info cached_files file-0-1aba5e7adecebe065db19a405fb8bdf0-ref.fasta.amb
2019/11/26 13:48:55.27 work_queue_worker[1] wq: tx to master: info cached_files file-0-b08c3e9746692f64bcb9a448620c7967-ref.fasta
2019/11/26 13:48:55.27 work_queue_worker[1] wq: tx to master: info cached_files file-0-ca460a46b92c00497c427b9d5c9ec7aa-query.fastq.2
2019/11/26 13:48:55.27 work_queue_worker[1] wq: tx to master: info cached_files file-0-c5ee5a022e0a239ae11f2cc3e034beda-query.fastq.4
2019/11/26 13:48:55.27 work_queue_worker[1] wq: tx to master: info cached_files file-0-6fc1453ebcb4c31e04f426871fd36430-query.fastq.7
2019/11/26 13:48:55.27 work_queue_worker[1] wq: tx to master: info cached_files file-0-0cadea4f68da3f941c5b5f0c963a59f8-ref.fasta.bwt
2019/11/26 13:48:55.27 work_queue_worker[1] wq: tx to master: info cached_files file-0-a6be17d8a097bb9efd120be10bbc654c-bwa
2019/11/26 13:48:55.27 work_queue_worker[1] wq: tx to master: info cached_files file-0-971da570f958f7598fb58342dc472274-ref.fasta.sa
2019/11/26 13:48:55.27 work_queue_worker[1] wq: tx to master: info cached_files file-0-f4e5d6ff9260756e956ec7c8817d32bf-query.fastq.8
2019/11/26 13:48:55.27 work_queue_worker[1] wq: tx to master: info cached_files file-0-cdcb812e1d4b3d86022e7dd488b06452-query.fastq.3
2019/11/26 13:48:55.27 work_queue_worker[1] wq: tx to master: info cached_files file-0-35f59a9883b4870b84f03717aff16002-ref.fasta.ann
2019/11/26 13:48:55.33 work_queue_worker[1] wq: linking cache/file-0-c5ee5a022e0a239ae11f2cc3e034beda-query.fastq.4 to /tmp/worker-0-1/t.6/query.fastq.4
2019/11/26 13:48:55.33 work_queue_worker[1] wq: linking cache/file-0-971da570f958f7598fb58342dc472274-ref.fasta.sa to /tmp/worker-0-1/t.6/ref.fasta.sa
2019/11/26 13:48:55.33 work_queue_worker[1] wq: linking cache/file-0-35f59a9883b4870b84f03717aff16002-ref.fasta.ann to /tmp/worker-0-1/t.6/ref.fasta.ann
2019/11/26 13:48:55.33 work_queue_worker[1] wq: linking cache/file-0-1aba5e7adecebe065db19a405fb8bdf0-ref.fasta.amb to /tmp/worker-0-1/t.6/ref.fasta.amb
2019/11/26 13:48:55.33 work_queue_worker[1] wq: linking cache/file-0-d4ff2b390cdd34b642d74a1cd1b59b97-ref.fasta.pac to /tmp/worker-0-1/t.6/ref.fasta.pac
2019/11/26 13:48:55.33 work_queue_worker[1] wq: linking cache/file-0-0cadea4f68da3f941c5b5f0c963a59f8-ref.fasta.bwt to /tmp/worker-0-1/t.6/ref.fasta.bwt
2019/11/26 13:48:55.33 work_queue_worker[1] wq: linking cache/file-0-b08c3e9746692f64bcb9a448620c7967-ref.fasta to /tmp/worker-0-1/t.6/ref.fasta
2019/11/26 13:48:55.33 work_queue_worker[1] wq: linking cache/file-0-a6be17d8a097bb9efd120be10bbc654c-bwa to /tmp/worker-0-1/t.6/bwa
2019/11/26 13:48:55.33 work_queue_worker[1] wq: Waiting task 6 has been forsaken.
2019/11/26 13:48:55.33 work_queue_worker[1] wq: tx to master: alive
2019/11/26 13:48:55.33 work_queue_worker[1] wq: Sending resource description to master:
2019/11/26 13:48:55.33 work_queue_worker[1] wq:  workers      0 inuse      1 total      1 smallest      1 largest
2019/11/26 13:48:55.33 work_queue_worker[1] wq:     disk    276 inuse   1652 total   1652 smallest   1652 largest
2019/11/26 13:48:55.33 work_queue_worker[1] wq:   memory      0 inuse  11908 total  11908 smallest  11908 largest
2019/11/26 13:48:55.33 work_queue_worker[1] wq:     gpus      0 inuse      0 total      0 smallest      0 largest
2019/11/26 13:48:55.33 work_queue_worker[1] wq:    cores      0 inuse      1 total      1 smallest      1 largest
2019/11/26 13:48:55.33 work_queue_worker[1] wq: tx to master: info end_of_resource_update 0
2019/11/26 13:48:55.33 work_queue_worker[1] wq: tx to master: info tasks_running 0
2019/11/26 13:48:55.33 work_queue_worker[1] wq: tx to master: info tasks_running 0
2019/11/26 13:48:55.33 work_queue_worker[1] wq: tx to master: available_results
2019/11/26 13:49:06.73 work_queue_worker[1] wq: rx from master: send_results -1
2019/11/26 13:49:06.73 work_queue_worker[1] wq: tx to master: result 40 0 0 0 6
2019/11/26 13:49:06.73 work_queue_worker[1] wq: tx to master: info tasks_running 0
2019/11/26 13:49:06.73 work_queue_worker[1] wq: tx to master: end
2019/11/26 13:49:29.69 work_queue_worker[1] wq: rx from master: put file-0-048045060f61089a83cce204e6b8f151-corr.out 0 0644 1
2019/11/26 13:49:29.69 work_queue_worker[1] wq: Putting file file-0-048045060f61089a83cce204e6b8f151-corr.out into workspace
2019/11/26 13:49:29.69 work_queue_worker[1] wq: Dir /cache already exists in cache
2019/11/26 13:49:29.69 work_queue_worker[1] wq: ****BRUNO***** cp BARRA: -> cp ./cache/file-0-048045060f61089a83cce204e6b8f151-corr.out /cache.
2019/11/26 13:49:29.70 work_queue_worker[1] wq: rx from master: put file-0-7c5feeaf69ccc86ea59ef0ec05f2de87-ref.fasta.90 1055000 0644 1
2019/11/26 13:49:29.70 work_queue_worker[1] wq: Putting file file-0-7c5feeaf69ccc86ea59ef0ec05f2de87-ref.fasta.90 into workspace
2019/11/26 13:49:29.70 work_queue_worker[1] wq: Dir /cache already exists in cache
2019/11/26 13:49:29.70 work_queue_worker[1] wq: ****BRUNO***** cp BARRA: -> cp ./cache/file-0-7c5feeaf69ccc86ea59ef0ec05f2de87-ref.fasta.90 /cache.
2019/11/26 13:49:29.70 work_queue_worker[1] wq: rx from master: put file-0-ddd728dc31a49bcd4cacae5676b4e7f7-Create_Corrected_AllLRReads.py 1402 0755 1
2019/11/26 13:49:29.70 work_queue_worker[1] wq: Putting file file-0-ddd728dc31a49bcd4cacae5676b4e7f7-Create_Corrected_AllLRReads.py into workspace
2019/11/26 13:49:29.70 work_queue_worker[1] wq: Dir /cache already exists in cache
2019/11/26 13:49:29.70 work_queue_worker[1] wq: ****BRUNO***** cp BARRA: -> cp ./cache/file-0-ddd728dc31a49bcd4cacae5676b4e7f7-Create_Corrected_AllLRReads.py /cache.
2019/11/26 13:49:29.70 work_queue_worker[1] wq: rx from master: task 22
2019/11/26 13:49:29.70 work_queue_worker[1] wq: rx from master: cmd 76
2019/11/26 13:49:29.70 work_queue_worker[1] wq: rx from master: python Create_Corrected_AllLRReads.py ref.fasta.90 corr.out 2> create.err.90
2019/11/26 13:49:29.70 work_queue_worker[1] wq: rx from master: category default
2019/11/26 13:49:29.70 work_queue_worker[1] wq: rx from master: cores 1
2019/11/26 13:49:29.70 work_queue_worker[1] wq: rx from master: memory 11908
2019/11/26 13:49:29.70 work_queue_worker[1] wq: rx from master: disk 1652
2019/11/26 13:49:29.70 work_queue_worker[1] wq: rx from master: gpus 0
2019/11/26 13:49:29.70 work_queue_worker[1] wq: rx from master: end_time 18446744073709551615
2019/11/26 13:49:29.70 work_queue_worker[1] wq: rx from master: wall_time 18446744073709551615
2019/11/26 13:49:29.70 work_queue_worker[1] wq: rx from master: env 7
2019/11/26 13:49:29.70 work_queue_worker[1] wq: rx from master: env 17
2019/11/26 13:49:29.70 work_queue_worker[1] wq: rx from master: infile file-0-048045060f61089a83cce204e6b8f151-corr.out corr.out 1
2019/11/26 13:49:29.70 work_queue_worker[1] wq: rx from master: infile file-0-7c5feeaf69ccc86ea59ef0ec05f2de87-ref.fasta.90 ref.fasta.90 1
2019/11/26 13:49:29.70 work_queue_worker[1] wq: rx from master: infile file-0-ddd728dc31a49bcd4cacae5676b4e7f7-Create_Corrected_AllLRReads.py Create_Corrected_AllLRReads.py 1
2019/11/26 13:49:29.70 work_queue_worker[1] wq: rx from master: outfile file-0-6357d0a0111c6eb91c2d8019db3ab379-create.err.90 create.err.90 1
2019/11/26 13:49:29.70 work_queue_worker[1] wq: rx from master: outfile file-0-fdf05fd329a08e4189946dcd85f9bb63-Corrected_ref.fasta.90 Corrected_ref.fasta.90 1
2019/11/26 13:49:29.70 work_queue_worker[1] wq: rx from master: end
2019/11/26 13:49:29.70 work_queue_worker[1] wq: tx to master: info cached_files file-0-ec2a8ddc7358fb1db3022befed687cc2-samtools
2019/11/26 13:49:29.70 work_queue_worker[1] wq: tx to master: info cached_files file-0-678ca30250569a1c64070583ea4b883b-ref.fasta.91
2019/11/26 13:49:29.70 work_queue_worker[1] wq: tx to master: info cached_files file-0-e2087ea59ad023a9a6b94da242aa400a-ref.fasta.99
2019/11/26 13:49:29.70 work_queue_worker[1] wq: tx to master: info cached_files file-0-11ac100e7c885c7ba05e6e81cabe3d13-ref.fasta.98
2019/11/26 13:49:29.70 work_queue_worker[1] wq: tx to master: info cached_files file-0-ddd728dc31a49bcd4cacae5676b4e7f7-Create_Corrected_AllLRReads.py
2019/11/26 13:49:29.70 work_queue_worker[1] wq: tx to master: info cached_files file-0-f193924bff0822cf0a6734e5978706e9-Out.bam
2019/11/26 13:49:29.70 work_queue_worker[1] wq: tx to master: info cached_files file-0-4980f39c2875c027dae7602880a2b656-ref.fasta.92
2019/11/26 13:49:29.70 work_queue_worker[1] wq: tx to master: info cached_files file-0-048045060f61089a83cce204e6b8f151-corr.out
2019/11/26 13:49:29.70 work_queue_worker[1] wq: tx to master: info cached_files file-0-7c5feeaf69ccc86ea59ef0ec05f2de87-ref.fasta.90
2019/11/26 13:49:29.70 work_queue_worker[1] wq: tx to master: info cached_files file-0-0f24a7a06e09ee83d231974ea7e8cb42-Out.sam
2019/11/26 13:49:29.70 work_queue_worker[1] wq: tx to master: info cached_files file-0-6ff7f7e5220a8cc8bb8326b3ed99cd8d-ref.fasta.97
2019/11/26 13:49:29.70 work_queue_worker[1] wq: tx to master: info cached_files file-0-bdb63e29446c6e8e27808af94d0bc963-query.fastq.9
2019/11/26 13:49:29.70 work_queue_worker[1] wq: tx to master: info cached_files file-0-2a278d767b3c1eecdf4ecc1907d928f1-ref.fasta.96
2019/11/26 13:49:29.71 work_queue_worker[1] wq: linking cache/file-0-048045060f61089a83cce204e6b8f151-corr.out to /tmp/worker-0-1/t.22/corr.out
2019/11/26 13:49:29.71 work_queue_worker[1] wq: linking cache/file-0-7c5feeaf69ccc86ea59ef0ec05f2de87-ref.fasta.90 to /tmp/worker-0-1/t.22/ref.fasta.90
2019/11/26 13:49:29.71 work_queue_worker[1] wq: linking cache/file-0-ddd728dc31a49bcd4cacae5676b4e7f7-Create_Corrected_AllLRReads.py to /tmp/worker-0-1/t.22/Create_Corrected_AllLRReads.py
2019/11/26 13:49:29.71 work_queue_worker[1] wq: started process 35: python Create_Corrected_AllLRReads.py ref.fasta.90 corr.out 2> create.err.90
2019/11/26 13:49:29.71 work_queue_worker[1] wq: tx to master: info tasks_running 1
2019/11/26 13:49:29.75 work_queue_worker[1] wq: task 22 (pid 35) exited normally with exit code 0
2019/11/26 13:49:29.75 work_queue_worker[1] wq: moving output file from /tmp/worker-0-1/t.22/create.err.90 to cache/file-0-6357d0a0111c6eb91c2d8019db3ab379-create.err.90
2019/11/26 13:49:29.75 work_queue_worker[1] wq: moving output file from /tmp/worker-0-1/t.22/Corrected_ref.fasta.90 to cache/file-0-fdf05fd329a08e4189946dcd85f9bb63-Corrected_ref.fasta.90
2019/11/26 13:49:29.75 work_queue_worker[1] wq: tx to master: available_results
2019/11/26 13:49:30.43 work_queue_worker[1] wq: rx from master: send_results -1
2019/11/26 13:49:30.43 work_queue_worker[1] wq: tx to master: result 0 0 0 42902 22
2019/11/26 13:49:30.43 work_queue_worker[1] wq: tx to master: info tasks_running 0
2019/11/26 13:49:30.43 work_queue_worker[1] wq: tx to master: end
2019/11/26 13:49:30.53 work_queue_worker[1] wq: rx from master: get file-0-6357d0a0111c6eb91c2d8019db3ab379-create.err.90 1
2019/11/26 13:49:30.53 work_queue_worker[1] wq: tx to master: file file-0-6357d0a0111c6eb91c2d8019db3ab379-create.err.90 0
2019/11/26 13:49:30.53 work_queue_worker[1] wq: tx to master: end
2019/11/26 13:49:30.53 work_queue_worker[1] wq: rx from master: get file-0-fdf05fd329a08e4189946dcd85f9bb63-Corrected_ref.fasta.90 1
2019/11/26 13:49:30.53 work_queue_worker[1] wq: tx to master: file file-0-fdf05fd329a08e4189946dcd85f9bb63-Corrected_ref.fasta.90 1055000
2019/11/26 13:49:30.54 work_queue_worker[1] wq: tx to master: end
2019/11/26 13:49:30.54 work_queue_worker[1] wq: rx from master: kill 22
2019/11/26 13:49:30.54 work_queue_worker[1] wq: ---- DELETING: /tmp/worker-0-1/t.22
2019/11/26 13:49:30.54 work_queue_worker[1] wq: rx from master: put file-0-9d36663bc9ba2664f9d818064c36dc63-ref.fasta.84 1055000 0644 1
2019/11/26 13:49:30.54 work_queue_worker[1] wq: Putting file file-0-9d36663bc9ba2664f9d818064c36dc63-ref.fasta.84 into workspace
2019/11/26 13:49:30.54 work_queue_worker[1] wq: Dir /cache already exists in cache
2019/11/26 13:49:30.54 work_queue_worker[1] wq: ****BRUNO***** cp BARRA: -> cp ./cache/file-0-9d36663bc9ba2664f9d818064c36dc63-ref.fasta.84 /cache.
2019/11/26 13:49:30.55 work_queue_worker[1] wq: rx from master: task 28
2019/11/26 13:49:30.55 work_queue_worker[1] wq: rx from master: cmd 76
2019/11/26 13:49:30.55 work_queue_worker[1] wq: rx from master: python Create_Corrected_AllLRReads.py ref.fasta.84 corr.out 2> create.err.84
2019/11/26 13:49:30.55 work_queue_worker[1] wq: rx from master: category default
2019/11/26 13:49:30.55 work_queue_worker[1] wq: rx from master: cores 1
2019/11/26 13:49:30.55 work_queue_worker[1] wq: rx from master: memory 11908
2019/11/26 13:49:30.55 work_queue_worker[1] wq: rx from master: disk 1652
2019/11/26 13:49:30.55 work_queue_worker[1] wq: rx from master: gpus 0
2019/11/26 13:49:30.55 work_queue_worker[1] wq: rx from master: end_time 18446744073709551615
2019/11/26 13:49:30.55 work_queue_worker[1] wq: rx from master: wall_time 18446744073709551615
2019/11/26 13:49:30.55 work_queue_worker[1] wq: rx from master: env 7
2019/11/26 13:49:30.55 work_queue_worker[1] wq: rx from master: env 17
2019/11/26 13:49:30.55 work_queue_worker[1] wq: rx from master: infile file-0-048045060f61089a83cce204e6b8f151-corr.out corr.out 1
2019/11/26 13:49:30.55 work_queue_worker[1] wq: rx from master: infile file-0-9d36663bc9ba2664f9d818064c36dc63-ref.fasta.84 ref.fasta.84 1
2019/11/26 13:49:30.55 work_queue_worker[1] wq: rx from master: infile file-0-ddd728dc31a49bcd4cacae5676b4e7f7-Create_Corrected_AllLRReads.py Create_Corrected_AllLRReads.py 1
2019/11/26 13:49:30.55 work_queue_worker[1] wq: rx from master: outfile file-0-57a07cacf053809c2053d2577abb2159-create.err.84 create.err.84 1
2019/11/26 13:49:30.55 work_queue_worker[1] wq: rx from master: outfile file-0-ebac8f02d2296fc70c44d2863ebce947-Corrected_ref.fasta.84 Corrected_ref.fasta.84 1
2019/11/26 13:49:30.55 work_queue_worker[1] wq: rx from master: end
2019/11/26 13:49:30.55 work_queue_worker[1] wq: tx to master: info cached_files file-0-47088b0540b60ccb8751dc65660d6bab-ref.fasta.85
2019/11/26 13:49:30.55 work_queue_worker[1] wq: tx to master: info cached_files file-0-043cd4a4ebc802faba77138ff12bc49b-ref.fasta.86
2019/11/26 13:49:30.55 work_queue_worker[1] wq: tx to master: info cached_files file-0-9d36663bc9ba2664f9d818064c36dc63-ref.fasta.84
2019/11/26 13:49:30.55 work_queue_worker[1] wq: linking cache/file-0-048045060f61089a83cce204e6b8f151-corr.out to /tmp/worker-0-1/t.28/corr.out
2019/11/26 13:49:30.55 work_queue_worker[1] wq: linking cache/file-0-9d36663bc9ba2664f9d818064c36dc63-ref.fasta.84 to /tmp/worker-0-1/t.28/ref.fasta.84
2019/11/26 13:49:30.55 work_queue_worker[1] wq: linking cache/file-0-ddd728dc31a49bcd4cacae5676b4e7f7-Create_Corrected_AllLRReads.py to /tmp/worker-0-1/t.28/Create_Corrected_AllLRReads.py
2019/11/26 13:49:30.55 work_queue_worker[1] wq: started process 41: python Create_Corrected_AllLRReads.py ref.fasta.84 corr.out 2> create.err.84
2019/11/26 13:49:30.55 work_queue_worker[1] wq: tx to master: info tasks_running 1
2019/11/26 13:49:30.59 work_queue_worker[1] wq: task 28 (pid 41) exited normally with exit code 0
2019/11/26 13:49:30.59 work_queue_worker[1] wq: moving output file from /tmp/worker-0-1/t.28/create.err.84 to cache/file-0-57a07cacf053809c2053d2577abb2159-create.err.84
2019/11/26 13:49:30.59 work_queue_worker[1] wq: moving output file from /tmp/worker-0-1/t.28/Corrected_ref.fasta.84 to cache/file-0-ebac8f02d2296fc70c44d2863ebce947-Corrected_ref.fasta.84
2019/11/26 13:49:30.59 work_queue_worker[1] wq: tx to master: available_results
2019/11/26 13:49:30.92 work_queue_worker[1] wq: rx from master: send_results -1
2019/11/26 13:49:30.92 work_queue_worker[1] wq: tx to master: result 0 0 0 41620 28
2019/11/26 13:49:30.92 work_queue_worker[1] wq: tx to master: info tasks_running 0
2019/11/26 13:49:30.92 work_queue_worker[1] wq: tx to master: end
2019/11/26 13:49:30.92 work_queue_worker[1] wq: rx from master: get file-0-57a07cacf053809c2053d2577abb2159-create.err.84 1
2019/11/26 13:49:30.92 work_queue_worker[1] wq: tx to master: file file-0-57a07cacf053809c2053d2577abb2159-create.err.84 0
2019/11/26 13:49:30.92 work_queue_worker[1] wq: tx to master: end
2019/11/26 13:49:30.92 work_queue_worker[1] wq: rx from master: get file-0-ebac8f02d2296fc70c44d2863ebce947-Corrected_ref.fasta.84 1
2019/11/26 13:49:30.92 work_queue_worker[1] wq: tx to master: file file-0-ebac8f02d2296fc70c44d2863ebce947-Corrected_ref.fasta.84 1055000
2019/11/26 13:49:30.92 work_queue_worker[1] wq: tx to master: end
2019/11/26 13:49:30.92 work_queue_worker[1] wq: rx from master: kill 28
2019/11/26 13:49:30.92 work_queue_worker[1] wq: ---- DELETING: /tmp/worker-0-1/t.28
2019/11/26 13:49:30.93 work_queue_worker[1] wq: rx from master: put file-0-ef3a6351196ab7a7f4d4e6aae1e0dab6-ref.fasta.80 1055000 0644 1
2019/11/26 13:49:30.93 work_queue_worker[1] wq: Putting file file-0-ef3a6351196ab7a7f4d4e6aae1e0dab6-ref.fasta.80 into workspace
2019/11/26 13:49:30.93 work_queue_worker[1] wq: Dir /cache already exists in cache
2019/11/26 13:49:30.93 work_queue_worker[1] wq: ****BRUNO***** cp BARRA: -> cp ./cache/file-0-ef3a6351196ab7a7f4d4e6aae1e0dab6-ref.fasta.80 /cache.
2019/11/26 13:49:30.93 work_queue_worker[1] wq: rx from master: task 32
2019/11/26 13:49:30.93 work_queue_worker[1] wq: rx from master: cmd 76
2019/11/26 13:49:30.93 work_queue_worker[1] wq: rx from master: python Create_Corrected_AllLRReads.py ref.fasta.80 corr.out 2> create.err.80
2019/11/26 13:49:30.93 work_queue_worker[1] wq: rx from master: category default
2019/11/26 13:49:30.93 work_queue_worker[1] wq: rx from master: cores 1
2019/11/26 13:49:30.93 work_queue_worker[1] wq: rx from master: memory 11908
2019/11/26 13:49:30.93 work_queue_worker[1] wq: rx from master: disk 1652
2019/11/26 13:49:30.93 work_queue_worker[1] wq: rx from master: gpus 0
2019/11/26 13:49:30.93 work_queue_worker[1] wq: rx from master: end_time 18446744073709551615
2019/11/26 13:49:30.93 work_queue_worker[1] wq: rx from master: wall_time 18446744073709551615
2019/11/26 13:49:30.93 work_queue_worker[1] wq: rx from master: env 7
2019/11/26 13:49:30.93 work_queue_worker[1] wq: rx from master: env 17
2019/11/26 13:49:30.93 work_queue_worker[1] wq: rx from master: infile file-0-048045060f61089a83cce204e6b8f151-corr.out corr.out 1
2019/11/26 13:49:30.93 work_queue_worker[1] wq: rx from master: infile file-0-ef3a6351196ab7a7f4d4e6aae1e0dab6-ref.fasta.80 ref.fasta.80 1
2019/11/26 13:49:30.93 work_queue_worker[1] wq: rx from master: infile file-0-ddd728dc31a49bcd4cacae5676b4e7f7-Create_Corrected_AllLRReads.py Create_Corrected_AllLRReads.py 1
2019/11/26 13:49:30.93 work_queue_worker[1] wq: rx from master: outfile file-0-4b6e7ad515e8d4caad09ced553c86377-create.err.80 create.err.80 1
2019/11/26 13:49:30.93 work_queue_worker[1] wq: rx from master: outfile file-0-1c2a505848d99d201a59740fcdc5be03-Corrected_ref.fasta.80 Corrected_ref.fasta.80 1
2019/11/26 13:49:30.93 work_queue_worker[1] wq: rx from master: end
2019/11/26 13:49:30.94 work_queue_worker[1] wq: tx to master: info cached_files file-0-bf3115c82377a77ae1e2edeca44e5a86-ref.fasta.83
2019/11/26 13:49:30.94 work_queue_worker[1] wq: tx to master: info cached_files file-0-ef3a6351196ab7a7f4d4e6aae1e0dab6-ref.fasta.80
2019/11/26 13:49:30.94 work_queue_worker[1] wq: tx to master: info cached_files file-0-c542de4a90195893e9d865e54f0520dc-ref.fasta.81
2019/11/26 13:49:30.94 work_queue_worker[1] wq: linking cache/file-0-048045060f61089a83cce204e6b8f151-corr.out to /tmp/worker-0-1/t.32/corr.out
2019/11/26 13:49:30.94 work_queue_worker[1] wq: linking cache/file-0-ef3a6351196ab7a7f4d4e6aae1e0dab6-ref.fasta.80 to /tmp/worker-0-1/t.32/ref.fasta.80
2019/11/26 13:49:30.94 work_queue_worker[1] wq: linking cache/file-0-ddd728dc31a49bcd4cacae5676b4e7f7-Create_Corrected_AllLRReads.py to /tmp/worker-0-1/t.32/Create_Corrected_AllLRReads.py
2019/11/26 13:49:30.94 work_queue_worker[1] wq: started process 47: python Create_Corrected_AllLRReads.py ref.fasta.80 corr.out 2> create.err.80
2019/11/26 13:49:30.94 work_queue_worker[1] wq: tx to master: info tasks_running 1
2019/11/26 13:49:31.01 work_queue_worker[1] wq: task 32 (pid 47) exited normally with exit code 0
2019/11/26 13:49:31.01 work_queue_worker[1] wq: moving output file from /tmp/worker-0-1/t.32/create.err.80 to cache/file-0-4b6e7ad515e8d4caad09ced553c86377-create.err.80
2019/11/26 13:49:31.01 work_queue_worker[1] wq: moving output file from /tmp/worker-0-1/t.32/Corrected_ref.fasta.80 to cache/file-0-1c2a505848d99d201a59740fcdc5be03-Corrected_ref.fasta.80
2019/11/26 13:49:31.01 work_queue_worker[1] wq: tx to master: available_results
2019/11/26 13:49:31.01 work_queue_worker[1] wq: rx from master: send_results -1
2019/11/26 13:49:31.01 work_queue_worker[1] wq: tx to master: result 0 0 0 66785 32
2019/11/26 13:49:31.01 work_queue_worker[1] wq: tx to master: info tasks_running 0
2019/11/26 13:49:31.01 work_queue_worker[1] wq: tx to master: end
2019/11/26 13:49:31.01 work_queue_worker[1] wq: rx from master: get file-0-4b6e7ad515e8d4caad09ced553c86377-create.err.80 1
2019/11/26 13:49:31.01 work_queue_worker[1] wq: tx to master: file file-0-4b6e7ad515e8d4caad09ced553c86377-create.err.80 0
2019/11/26 13:49:31.01 work_queue_worker[1] wq: tx to master: end
2019/11/26 13:49:31.01 work_queue_worker[1] wq: rx from master: get file-0-1c2a505848d99d201a59740fcdc5be03-Corrected_ref.fasta.80 1
2019/11/26 13:49:31.01 work_queue_worker[1] wq: tx to master: file file-0-1c2a505848d99d201a59740fcdc5be03-Corrected_ref.fasta.80 1055000
2019/11/26 13:49:31.01 work_queue_worker[1] wq: tx to master: end
2019/11/26 13:49:31.02 work_queue_worker[1] wq: rx from master: kill 32
2019/11/26 13:49:31.02 work_queue_worker[1] wq: ---- DELETING: /tmp/worker-0-1/t.32
2019/11/26 13:49:31.63 work_queue_worker[1] wq: rx from master: put file-0-ff77226fd2575eaf6d2aa2e8aded26af-ref.fasta.68 1055000 0644 1
2019/11/26 13:49:31.63 work_queue_worker[1] wq: Putting file file-0-ff77226fd2575eaf6d2aa2e8aded26af-ref.fasta.68 into workspace
2019/11/26 13:49:31.63 work_queue_worker[1] wq: Dir /cache already exists in cache
2019/11/26 13:49:31.63 work_queue_worker[1] wq: ****BRUNO***** cp BARRA: -> cp ./cache/file-0-ff77226fd2575eaf6d2aa2e8aded26af-ref.fasta.68 /cache.
2019/11/26 13:49:31.63 work_queue_worker[1] wq: rx from master: task 44
2019/11/26 13:49:31.63 work_queue_worker[1] wq: rx from master: cmd 76
2019/11/26 13:49:31.63 work_queue_worker[1] wq: rx from master: python Create_Corrected_AllLRReads.py ref.fasta.68 corr.out 2> create.err.68
2019/11/26 13:49:31.63 work_queue_worker[1] wq: rx from master: category default
2019/11/26 13:49:31.63 work_queue_worker[1] wq: rx from master: cores 1
2019/11/26 13:49:31.63 work_queue_worker[1] wq: rx from master: memory 11908
2019/11/26 13:49:31.63 work_queue_worker[1] wq: rx from master: disk 1652
2019/11/26 13:49:31.63 work_queue_worker[1] wq: rx from master: gpus 0
2019/11/26 13:49:31.63 work_queue_worker[1] wq: rx from master: end_time 18446744073709551615
2019/11/26 13:49:31.63 work_queue_worker[1] wq: rx from master: wall_time 18446744073709551615
2019/11/26 13:49:31.63 work_queue_worker[1] wq: rx from master: env 7
2019/11/26 13:49:31.63 work_queue_worker[1] wq: rx from master: env 17
2019/11/26 13:49:31.63 work_queue_worker[1] wq: rx from master: infile file-0-048045060f61089a83cce204e6b8f151-corr.out corr.out 1
2019/11/26 13:49:31.63 work_queue_worker[1] wq: rx from master: infile file-0-ff77226fd2575eaf6d2aa2e8aded26af-ref.fasta.68 ref.fasta.68 1
2019/11/26 13:49:31.63 work_queue_worker[1] wq: rx from master: infile file-0-ddd728dc31a49bcd4cacae5676b4e7f7-Create_Corrected_AllLRReads.py Create_Corrected_AllLRReads.py 1
2019/11/26 13:49:31.63 work_queue_worker[1] wq: rx from master: outfile file-0-1903eb789d283c9456f35913c5594894-create.err.68 create.err.68 1
2019/11/26 13:49:31.63 work_queue_worker[1] wq: rx from master: outfile file-0-f25f943a4d7d69cae5fc36392d32ad92-Corrected_ref.fasta.68 Corrected_ref.fasta.68 1
2019/11/26 13:49:31.63 work_queue_worker[1] wq: rx from master: end
2019/11/26 13:49:31.63 work_queue_worker[1] wq: tx to master: info cached_files file-0-d09d93464f183fb37458ff5a8a8a5612-ref.fasta.69
2019/11/26 13:49:31.63 work_queue_worker[1] wq: tx to master: info cached_files file-0-1b98e087a46ce99a2ffa4a9045e00f1c-ref.fasta.71
2019/11/26 13:49:31.63 work_queue_worker[1] wq: tx to master: info cached_files file-0-7ab30a43881e8e0cd0a3ea551fefd6f9-ref.fasta.78
2019/11/26 13:49:31.63 work_queue_worker[1] wq: tx to master: info cached_files file-0-a1b07747a9a300e5e67fd64459349a47-ref.fasta.72
2019/11/26 13:49:31.63 work_queue_worker[1] wq: tx to master: info cached_files file-0-1105f050d3b758ee27606aa952a93a39-ref.fasta.79
2019/11/26 13:49:31.63 work_queue_worker[1] wq: tx to master: info cached_files file-0-25a16fc2d472252b5fba2a0fe26d77ad-ref.fasta.73
2019/11/26 13:49:31.63 work_queue_worker[1] wq: tx to master: info cached_files file-0-ff77226fd2575eaf6d2aa2e8aded26af-ref.fasta.68
2019/11/26 13:49:31.63 work_queue_worker[1] wq: tx to master: info cached_files file-0-ebb823aa7f8ca0bee255225c31ab00f1-ref.fasta.76
2019/11/26 13:49:31.64 work_queue_worker[1] wq: linking cache/file-0-048045060f61089a83cce204e6b8f151-corr.out to /tmp/worker-0-1/t.44/corr.out
2019/11/26 13:49:31.64 work_queue_worker[1] wq: linking cache/file-0-ff77226fd2575eaf6d2aa2e8aded26af-ref.fasta.68 to /tmp/worker-0-1/t.44/ref.fasta.68
2019/11/26 13:49:31.64 work_queue_worker[1] wq: linking cache/file-0-ddd728dc31a49bcd4cacae5676b4e7f7-Create_Corrected_AllLRReads.py to /tmp/worker-0-1/t.44/Create_Corrected_AllLRReads.py
2019/11/26 13:49:31.64 work_queue_worker[1] wq: Waiting task 44 has been forsaken.
2019/11/26 13:49:31.64 work_queue_worker[1] wq: tx to master: alive
2019/11/26 13:49:31.64 work_queue_worker[1] wq: Sending resource description to master:
2019/11/26 13:49:31.64 work_queue_worker[1] wq:  workers      0 inuse      1 total      1 smallest      1 largest
2019/11/26 13:49:31.64 work_queue_worker[1] wq:     disk      4 inuse   1365 total   1365 smallest   1365 largest
2019/11/26 13:49:31.64 work_queue_worker[1] wq:   memory      0 inuse  11908 total  11908 smallest  11908 largest
2019/11/26 13:49:31.64 work_queue_worker[1] wq:     gpus      0 inuse      0 total      0 smallest      0 largest
2019/11/26 13:49:31.64 work_queue_worker[1] wq:    cores      0 inuse      1 total      1 smallest      1 largest
2019/11/26 13:49:31.64 work_queue_worker[1] wq: tx to master: info end_of_resource_update 0
2019/11/26 13:49:31.64 work_queue_worker[1] wq: tx to master: info tasks_running 0
2019/11/26 13:49:31.64 work_queue_worker[1] wq: tx to master: info tasks_running 0
2019/11/26 13:49:31.64 work_queue_worker[1] wq: tx to master: available_results
2019/11/26 13:49:31.68 work_queue_worker[1] wq: rx from master: send_results -1
2019/11/26 13:49:31.68 work_queue_worker[1] wq: tx to master: result 40 0 0 0 44
2019/11/26 13:49:31.68 work_queue_worker[1] wq: tx to master: info tasks_running 0
2019/11/26 13:49:31.68 work_queue_worker[1] wq: tx to master: end
2019/11/26 13:49:31.69 work_queue_worker[1] wq: rx from master: put file-0-5dddaa02cda0278338ee1a9573d0d495-ref.fasta.58 1055000 0644 1
2019/11/26 13:49:31.69 work_queue_worker[1] wq: Putting file file-0-5dddaa02cda0278338ee1a9573d0d495-ref.fasta.58 into workspace
2019/11/26 13:49:31.69 work_queue_worker[1] wq: Dir /cache already exists in cache
2019/11/26 13:49:31.69 work_queue_worker[1] wq: ****BRUNO***** cp BARRA: -> cp ./cache/file-0-5dddaa02cda0278338ee1a9573d0d495-ref.fasta.58 /cache.
2019/11/26 13:49:31.69 work_queue_worker[1] wq: rx from master: task 54
2019/11/26 13:49:31.69 work_queue_worker[1] wq: rx from master: cmd 76
2019/11/26 13:49:31.69 work_queue_worker[1] wq: rx from master: python Create_Corrected_AllLRReads.py ref.fasta.58 corr.out 2> create.err.58
2019/11/26 13:49:31.69 work_queue_worker[1] wq: rx from master: category default
2019/11/26 13:49:31.69 work_queue_worker[1] wq: rx from master: cores 1
2019/11/26 13:49:31.70 work_queue_worker[1] wq: rx from master: memory 11908
2019/11/26 13:49:31.70 work_queue_worker[1] wq: rx from master: disk 1365
2019/11/26 13:49:31.70 work_queue_worker[1] wq: rx from master: gpus 0
2019/11/26 13:49:31.70 work_queue_worker[1] wq: rx from master: end_time 18446744073709551615
2019/11/26 13:49:31.70 work_queue_worker[1] wq: rx from master: wall_time 18446744073709551615
2019/11/26 13:49:31.70 work_queue_worker[1] wq: rx from master: env 7
2019/11/26 13:49:31.70 work_queue_worker[1] wq: rx from master: env 17
2019/11/26 13:49:31.70 work_queue_worker[1] wq: rx from master: infile file-0-048045060f61089a83cce204e6b8f151-corr.out corr.out 1
2019/11/26 13:49:31.70 work_queue_worker[1] wq: rx from master: infile file-0-5dddaa02cda0278338ee1a9573d0d495-ref.fasta.58 ref.fasta.58 1
2019/11/26 13:49:31.70 work_queue_worker[1] wq: rx from master: infile file-0-ddd728dc31a49bcd4cacae5676b4e7f7-Create_Corrected_AllLRReads.py Create_Corrected_AllLRReads.py 1
2019/11/26 13:49:31.70 work_queue_worker[1] wq: rx from master: outfile file-0-81886c02fad3d174df51b9715d8bed2b-create.err.58 create.err.58 1
2019/11/26 13:49:31.70 work_queue_worker[1] wq: rx from master: outfile file-0-6e467db5c1520301a1137cab19a0fe91-Corrected_ref.fasta.58 Corrected_ref.fasta.58 1
2019/11/26 13:49:31.70 work_queue_worker[1] wq: rx from master: end
2019/11/26 13:49:31.70 work_queue_worker[1] wq: tx to master: info cached_files file-0-5dddaa02cda0278338ee1a9573d0d495-ref.fasta.58
2019/11/26 13:49:31.70 work_queue_worker[1] wq: tx to master: info cached_files file-0-ae4adfb40ce7d4699009d08e52d5a7fb-ref.fasta.59
2019/11/26 13:49:31.70 work_queue_worker[1] wq: tx to master: info cached_files file-0-b8b2cf1b96c384c3e1a11a8277300acb-ref.fasta.65
2019/11/26 13:49:31.70 work_queue_worker[1] wq: tx to master: info cached_files file-0-7c6b6de8591e484b855e5d604b284b7f-ref.fasta.62
2019/11/26 13:49:31.70 work_queue_worker[1] wq: tx to master: info cached_files file-0-bc1ca4a7d217f08f6cfed4b9fc896252-ref.fasta.67
2019/11/26 13:49:31.70 work_queue_worker[1] wq: tx to master: info cached_files file-0-79217875622aebfd0d7107090a612981-ref.fasta.66
2019/11/26 13:49:31.70 work_queue_worker[1] wq: tx to master: info cached_files file-0-6d9af94acc6e511419d1c4d938cdce58-ref.fasta.64
2019/11/26 13:49:31.70 work_queue_worker[1] wq: linking cache/file-0-048045060f61089a83cce204e6b8f151-corr.out to /tmp/worker-0-1/t.54/corr.out
2019/11/26 13:49:31.70 work_queue_worker[1] wq: linking cache/file-0-5dddaa02cda0278338ee1a9573d0d495-ref.fasta.58 to /tmp/worker-0-1/t.54/ref.fasta.58
2019/11/26 13:49:31.70 work_queue_worker[1] wq: linking cache/file-0-ddd728dc31a49bcd4cacae5676b4e7f7-Create_Corrected_AllLRReads.py to /tmp/worker-0-1/t.54/Create_Corrected_AllLRReads.py
2019/11/26 13:49:31.70 work_queue_worker[1] wq: started process 57: python Create_Corrected_AllLRReads.py ref.fasta.58 corr.out 2> create.err.58
2019/11/26 13:49:31.70 work_queue_worker[1] wq: tx to master: info tasks_running 1
2019/11/26 13:49:31.77 work_queue_worker[1] wq: task 54 (pid 57) exited normally with exit code 0
2019/11/26 13:49:31.77 work_queue_worker[1] wq: moving output file from /tmp/worker-0-1/t.54/create.err.58 to cache/file-0-81886c02fad3d174df51b9715d8bed2b-create.err.58
2019/11/26 13:49:31.77 work_queue_worker[1] wq: moving output file from /tmp/worker-0-1/t.54/Corrected_ref.fasta.58 to cache/file-0-6e467db5c1520301a1137cab19a0fe91-Corrected_ref.fasta.58
2019/11/26 13:49:31.77 work_queue_worker[1] wq: tx to master: available_results
2019/11/26 13:49:31.99 work_queue_worker[1] wq: rx from master: send_results -1
2019/11/26 13:49:31.99 work_queue_worker[1] wq: tx to master: result 0 0 0 67766 54
2019/11/26 13:49:31.99 work_queue_worker[1] wq: tx to master: info tasks_running 0
2019/11/26 13:49:31.99 work_queue_worker[1] wq: tx to master: end
2019/11/26 13:49:32.00 work_queue_worker[1] wq: rx from master: get file-0-81886c02fad3d174df51b9715d8bed2b-create.err.58 1
2019/11/26 13:49:32.00 work_queue_worker[1] wq: tx to master: file file-0-81886c02fad3d174df51b9715d8bed2b-create.err.58 0
2019/11/26 13:49:32.00 work_queue_worker[1] wq: tx to master: end
2019/11/26 13:49:32.00 work_queue_worker[1] wq: rx from master: get file-0-6e467db5c1520301a1137cab19a0fe91-Corrected_ref.fasta.58 1
2019/11/26 13:49:32.00 work_queue_worker[1] wq: tx to master: file file-0-6e467db5c1520301a1137cab19a0fe91-Corrected_ref.fasta.58 1055000
2019/11/26 13:49:32.00 work_queue_worker[1] wq: tx to master: end
2019/11/26 13:49:32.00 work_queue_worker[1] wq: rx from master: kill 54
2019/11/26 13:49:32.00 work_queue_worker[1] wq: ---- DELETING: /tmp/worker-0-1/t.54
2019/11/26 13:49:32.38 work_queue_worker[1] wq: rx from master: put file-0-9d4591a0309983c19547ae292f9fa39e-ref.fasta.49 1055000 0644 1
2019/11/26 13:49:32.39 work_queue_worker[1] wq: Putting file file-0-9d4591a0309983c19547ae292f9fa39e-ref.fasta.49 into workspace
2019/11/26 13:49:32.39 work_queue_worker[1] wq: Dir /cache already exists in cache
2019/11/26 13:49:32.39 work_queue_worker[1] wq: ****BRUNO***** cp BARRA: -> cp ./cache/file-0-9d4591a0309983c19547ae292f9fa39e-ref.fasta.49 /cache.
2019/11/26 13:49:32.39 work_queue_worker[1] wq: rx from master: task 63
2019/11/26 13:49:32.39 work_queue_worker[1] wq: rx from master: cmd 76
2019/11/26 13:49:32.39 work_queue_worker[1] wq: rx from master: python Create_Corrected_AllLRReads.py ref.fasta.49 corr.out 2> create.err.49
2019/11/26 13:49:32.39 work_queue_worker[1] wq: rx from master: category default
2019/11/26 13:49:32.39 work_queue_worker[1] wq: rx from master: cores 1
2019/11/26 13:49:32.39 work_queue_worker[1] wq: rx from master: memory 11908
2019/11/26 13:49:32.39 work_queue_worker[1] wq: rx from master: disk 1365
2019/11/26 13:49:32.39 work_queue_worker[1] wq: rx from master: gpus 0
2019/11/26 13:49:32.39 work_queue_worker[1] wq: rx from master: end_time 18446744073709551615
2019/11/26 13:49:32.39 work_queue_worker[1] wq: rx from master: wall_time 18446744073709551615
2019/11/26 13:49:32.39 work_queue_worker[1] wq: rx from master: env 7
2019/11/26 13:49:32.39 work_queue_worker[1] wq: rx from master: env 17
2019/11/26 13:49:32.39 work_queue_worker[1] wq: rx from master: infile file-0-048045060f61089a83cce204e6b8f151-corr.out corr.out 1
2019/11/26 13:49:32.39 work_queue_worker[1] wq: rx from master: infile file-0-9d4591a0309983c19547ae292f9fa39e-ref.fasta.49 ref.fasta.49 1
2019/11/26 13:49:32.39 work_queue_worker[1] wq: rx from master: infile file-0-ddd728dc31a49bcd4cacae5676b4e7f7-Create_Corrected_AllLRReads.py Create_Corrected_AllLRReads.py 1
2019/11/26 13:49:32.39 work_queue_worker[1] wq: rx from master: outfile file-0-c975a3d20ee97c47edcb1955fe9985ba-create.err.49 create.err.49 1
2019/11/26 13:49:32.39 work_queue_worker[1] wq: rx from master: outfile file-0-66abc865f4bc07dbb83b8e35cea66681-Corrected_ref.fasta.49 Corrected_ref.fasta.49 1
2019/11/26 13:49:32.39 work_queue_worker[1] wq: rx from master: end
2019/11/26 13:49:32.39 work_queue_worker[1] wq: tx to master: info cached_files file-0-12f74b83f5f1f0924035fede1ab30a10-ref.fasta.55
2019/11/26 13:49:32.39 work_queue_worker[1] wq: tx to master: info cached_files file-0-1e1985547bd185ddfff8586fb564cf05-ref.fasta.56
2019/11/26 13:49:32.39 work_queue_worker[1] wq: tx to master: info cached_files file-0-a63627e608d364336fb0c9b853994cba-ref.fasta.57
2019/11/26 13:49:32.39 work_queue_worker[1] wq: tx to master: info cached_files file-0-7ebb87a80850a1ade2cff2ceccf5129c-ref.fasta.51
2019/11/26 13:49:32.39 work_queue_worker[1] wq: tx to master: info cached_files file-0-9d4591a0309983c19547ae292f9fa39e-ref.fasta.49
2019/11/26 13:49:32.39 work_queue_worker[1] wq: tx to master: info cached_files file-0-5913a6d569285ed628a484e34fd3c8a4-ref.fasta.53
2019/11/26 13:49:32.39 work_queue_worker[1] wq: tx to master: info cached_files file-0-366d3c2c81ebc3be3a65de8f1315194f-ref.fasta.50
2019/11/26 13:49:32.39 work_queue_worker[1] wq: tx to master: info cached_files file-0-81e4285476e20b70ee543f40aa0fd6bc-ref.fasta.54
2019/11/26 13:49:32.40 work_queue_worker[1] wq: linking cache/file-0-048045060f61089a83cce204e6b8f151-corr.out to /tmp/worker-0-1/t.63/corr.out
2019/11/26 13:49:32.40 work_queue_worker[1] wq: linking cache/file-0-9d4591a0309983c19547ae292f9fa39e-ref.fasta.49 to /tmp/worker-0-1/t.63/ref.fasta.49
2019/11/26 13:49:32.40 work_queue_worker[1] wq: linking cache/file-0-ddd728dc31a49bcd4cacae5676b4e7f7-Create_Corrected_AllLRReads.py to /tmp/worker-0-1/t.63/Create_Corrected_AllLRReads.py
2019/11/26 13:49:32.40 work_queue_worker[1] wq: started process 63: python Create_Corrected_AllLRReads.py ref.fasta.49 corr.out 2> create.err.49
2019/11/26 13:49:32.40 work_queue_worker[1] wq: tx to master: info tasks_running 1
2019/11/26 13:49:32.45 work_queue_worker[1] wq: task 63 (pid 63) exited normally with exit code 0
2019/11/26 13:49:32.45 work_queue_worker[1] wq: moving output file from /tmp/worker-0-1/t.63/create.err.49 to cache/file-0-c975a3d20ee97c47edcb1955fe9985ba-create.err.49
2019/11/26 13:49:32.45 work_queue_worker[1] wq: moving output file from /tmp/worker-0-1/t.63/Corrected_ref.fasta.49 to cache/file-0-66abc865f4bc07dbb83b8e35cea66681-Corrected_ref.fasta.49
2019/11/26 13:49:32.45 work_queue_worker[1] wq: tx to master: available_results
2019/11/26 13:49:32.45 work_queue_worker[1] wq: rx from master: send_results -1
2019/11/26 13:49:32.45 work_queue_worker[1] wq: tx to master: result 0 0 0 51836 63
2019/11/26 13:49:32.45 work_queue_worker[1] wq: tx to master: info tasks_running 0
2019/11/26 13:49:32.45 work_queue_worker[1] wq: tx to master: end
2019/11/26 13:49:32.45 work_queue_worker[1] wq: rx from master: get file-0-c975a3d20ee97c47edcb1955fe9985ba-create.err.49 1
2019/11/26 13:49:32.45 work_queue_worker[1] wq: tx to master: file file-0-c975a3d20ee97c47edcb1955fe9985ba-create.err.49 0
2019/11/26 13:49:32.45 work_queue_worker[1] wq: tx to master: end
2019/11/26 13:49:32.45 work_queue_worker[1] wq: rx from master: get file-0-66abc865f4bc07dbb83b8e35cea66681-Corrected_ref.fasta.49 1
2019/11/26 13:49:32.45 work_queue_worker[1] wq: tx to master: file file-0-66abc865f4bc07dbb83b8e35cea66681-Corrected_ref.fasta.49 1055000
2019/11/26 13:49:32.46 work_queue_worker[1] wq: tx to master: end
2019/11/26 13:49:32.46 work_queue_worker[1] wq: rx from master: kill 63
2019/11/26 13:49:32.46 work_queue_worker[1] wq: ---- DELETING: /tmp/worker-0-1/t.63
2019/11/26 13:49:32.46 work_queue_worker[1] wq: rx from master: put file-0-11086871bd7c5a8d9ef50ddc34652dc4-ref.fasta.38 1055000 0644 1
2019/11/26 13:49:32.46 work_queue_worker[1] wq: Putting file file-0-11086871bd7c5a8d9ef50ddc34652dc4-ref.fasta.38 into workspace
2019/11/26 13:49:32.46 work_queue_worker[1] wq: Dir /cache already exists in cache
2019/11/26 13:49:32.46 work_queue_worker[1] wq: ****BRUNO***** cp BARRA: -> cp ./cache/file-0-11086871bd7c5a8d9ef50ddc34652dc4-ref.fasta.38 /cache.
2019/11/26 13:49:32.46 work_queue_worker[1] wq: rx from master: task 74
2019/11/26 13:49:32.46 work_queue_worker[1] wq: rx from master: cmd 76
2019/11/26 13:49:32.46 work_queue_worker[1] wq: rx from master: python Create_Corrected_AllLRReads.py ref.fasta.38 corr.out 2> create.err.38
2019/11/26 13:49:32.46 work_queue_worker[1] wq: rx from master: category default
2019/11/26 13:49:32.46 work_queue_worker[1] wq: rx from master: cores 1
2019/11/26 13:49:32.46 work_queue_worker[1] wq: rx from master: memory 11908
2019/11/26 13:49:32.46 work_queue_worker[1] wq: rx from master: disk 1365
2019/11/26 13:49:32.47 work_queue_worker[1] wq: rx from master: gpus 0
2019/11/26 13:49:32.47 work_queue_worker[1] wq: rx from master: end_time 18446744073709551615
2019/11/26 13:49:32.47 work_queue_worker[1] wq: rx from master: wall_time 18446744073709551615
2019/11/26 13:49:32.47 work_queue_worker[1] wq: rx from master: env 7
2019/11/26 13:49:32.47 work_queue_worker[1] wq: rx from master: env 17
2019/11/26 13:49:32.47 work_queue_worker[1] wq: rx from master: infile file-0-048045060f61089a83cce204e6b8f151-corr.out corr.out 1
2019/11/26 13:49:32.47 work_queue_worker[1] wq: rx from master: infile file-0-11086871bd7c5a8d9ef50ddc34652dc4-ref.fasta.38 ref.fasta.38 1
2019/11/26 13:49:32.47 work_queue_worker[1] wq: rx from master: infile file-0-ddd728dc31a49bcd4cacae5676b4e7f7-Create_Corrected_AllLRReads.py Create_Corrected_AllLRReads.py 1
2019/11/26 13:49:32.47 work_queue_worker[1] wq: rx from master: outfile file-0-acfa9f58eb709e7f3449374aa00c0ba4-create.err.38 create.err.38 1
2019/11/26 13:49:32.47 work_queue_worker[1] wq: rx from master: outfile file-0-442119aa1d0969ddd883641e4f256b8a-Corrected_ref.fasta.38 Corrected_ref.fasta.38 1
2019/11/26 13:49:32.47 work_queue_worker[1] wq: rx from master: end
2019/11/26 13:49:32.47 work_queue_worker[1] wq: tx to master: info cached_files file-0-1e2ccc2800e62719f71c768767d32c8d-ref.fasta.48
2019/11/26 13:49:32.47 work_queue_worker[1] wq: tx to master: info cached_files file-0-84b279ff5d2a74829bc89c2385228568-ref.fasta.41
2019/11/26 13:49:32.47 work_queue_worker[1] wq: tx to master: info cached_files file-0-2bcc686d6c516d8fbae85feb7f639cd2-ref.fasta.46
2019/11/26 13:49:32.47 work_queue_worker[1] wq: tx to master: info cached_files file-0-e1af37b18745ab00ff1aa35803e1fc31-ref.fasta.47
2019/11/26 13:49:32.47 work_queue_worker[1] wq: tx to master: info cached_files file-0-41edea45872db3a945653c38e454ef81-ref.fasta.45
2019/11/26 13:49:32.47 work_queue_worker[1] wq: tx to master: info cached_files file-0-11086871bd7c5a8d9ef50ddc34652dc4-ref.fasta.38
2019/11/26 13:49:32.47 work_queue_worker[1] wq: tx to master: info cached_files file-0-7649efd0db4ef988da69fb585788a4dd-ref.fasta.39
2019/11/26 13:49:32.47 work_queue_worker[1] wq: tx to master: info cached_files file-0-15ef306221695ea5170bb01e30ba54a8-ref.fasta.40
2019/11/26 13:49:32.47 work_queue_worker[1] wq: linking cache/file-0-048045060f61089a83cce204e6b8f151-corr.out to /tmp/worker-0-1/t.74/corr.out
2019/11/26 13:49:32.47 work_queue_worker[1] wq: linking cache/file-0-11086871bd7c5a8d9ef50ddc34652dc4-ref.fasta.38 to /tmp/worker-0-1/t.74/ref.fasta.38
2019/11/26 13:49:32.47 work_queue_worker[1] wq: linking cache/file-0-ddd728dc31a49bcd4cacae5676b4e7f7-Create_Corrected_AllLRReads.py to /tmp/worker-0-1/t.74/Create_Corrected_AllLRReads.py
2019/11/26 13:49:32.47 work_queue_worker[1] wq: started process 69: python Create_Corrected_AllLRReads.py ref.fasta.38 corr.out 2> create.err.38
2019/11/26 13:49:32.47 work_queue_worker[1] wq: tx to master: info tasks_running 1
2019/11/26 13:49:32.53 work_queue_worker[1] wq: task 74 (pid 69) exited normally with exit code 0
2019/11/26 13:49:32.53 work_queue_worker[1] wq: moving output file from /tmp/worker-0-1/t.74/create.err.38 to cache/file-0-acfa9f58eb709e7f3449374aa00c0ba4-create.err.38
2019/11/26 13:49:32.53 work_queue_worker[1] wq: moving output file from /tmp/worker-0-1/t.74/Corrected_ref.fasta.38 to cache/file-0-442119aa1d0969ddd883641e4f256b8a-Corrected_ref.fasta.38
2019/11/26 13:49:32.53 work_queue_worker[1] wq: tx to master: available_results
2019/11/26 13:49:32.93 work_queue_worker[1] wq: rx from master: send_results -1
2019/11/26 13:49:32.93 work_queue_worker[1] wq: tx to master: result 0 0 0 57635 74
2019/11/26 13:49:32.93 work_queue_worker[1] wq: tx to master: info tasks_running 0
2019/11/26 13:49:32.93 work_queue_worker[1] wq: tx to master: end
2019/11/26 13:49:33.02 work_queue_worker[1] wq: rx from master: get file-0-acfa9f58eb709e7f3449374aa00c0ba4-create.err.38 1
2019/11/26 13:49:33.02 work_queue_worker[1] wq: tx to master: file file-0-acfa9f58eb709e7f3449374aa00c0ba4-create.err.38 0
2019/11/26 13:49:33.02 work_queue_worker[1] wq: tx to master: end
2019/11/26 13:49:33.02 work_queue_worker[1] wq: rx from master: get file-0-442119aa1d0969ddd883641e4f256b8a-Corrected_ref.fasta.38 1
2019/11/26 13:49:33.02 work_queue_worker[1] wq: tx to master: file file-0-442119aa1d0969ddd883641e4f256b8a-Corrected_ref.fasta.38 1055000
2019/11/26 13:49:33.03 work_queue_worker[1] wq: tx to master: end
2019/11/26 13:49:33.03 work_queue_worker[1] wq: rx from master: kill 74
2019/11/26 13:49:33.03 work_queue_worker[1] wq: ---- DELETING: /tmp/worker-0-1/t.74
2019/11/26 13:49:33.09 work_queue_worker[1] wq: rx from master: put file-0-29fa986ab5c37e3666b795ceedf28f59-ref.fasta.36 1055000 0644 1
2019/11/26 13:49:33.09 work_queue_worker[1] wq: Putting file file-0-29fa986ab5c37e3666b795ceedf28f59-ref.fasta.36 into workspace
2019/11/26 13:49:33.09 work_queue_worker[1] wq: Dir /cache already exists in cache
2019/11/26 13:49:33.10 work_queue_worker[1] wq: ****BRUNO***** cp BARRA: -> cp ./cache/file-0-29fa986ab5c37e3666b795ceedf28f59-ref.fasta.36 /cache.
2019/11/26 13:49:33.10 work_queue_worker[1] wq: rx from master: task 76
2019/11/26 13:49:33.10 work_queue_worker[1] wq: rx from master: cmd 76
2019/11/26 13:49:33.10 work_queue_worker[1] wq: rx from master: python Create_Corrected_AllLRReads.py ref.fasta.36 corr.out 2> create.err.36
2019/11/26 13:49:33.10 work_queue_worker[1] wq: rx from master: category default
2019/11/26 13:49:33.10 work_queue_worker[1] wq: rx from master: cores 1
2019/11/26 13:49:33.10 work_queue_worker[1] wq: rx from master: memory 11908
2019/11/26 13:49:33.10 work_queue_worker[1] wq: rx from master: disk 1365
2019/11/26 13:49:33.10 work_queue_worker[1] wq: rx from master: gpus 0
2019/11/26 13:49:33.10 work_queue_worker[1] wq: rx from master: end_time 18446744073709551615
2019/11/26 13:49:33.10 work_queue_worker[1] wq: rx from master: wall_time 18446744073709551615
2019/11/26 13:49:33.10 work_queue_worker[1] wq: rx from master: env 7
2019/11/26 13:49:33.10 work_queue_worker[1] wq: rx from master: env 17
2019/11/26 13:49:33.10 work_queue_worker[1] wq: rx from master: infile file-0-048045060f61089a83cce204e6b8f151-corr.out corr.out 1
2019/11/26 13:49:33.10 work_queue_worker[1] wq: rx from master: infile file-0-29fa986ab5c37e3666b795ceedf28f59-ref.fasta.36 ref.fasta.36 1
2019/11/26 13:49:33.10 work_queue_worker[1] wq: rx from master: infile file-0-ddd728dc31a49bcd4cacae5676b4e7f7-Create_Corrected_AllLRReads.py Create_Corrected_AllLRReads.py 1
2019/11/26 13:49:33.10 work_queue_worker[1] wq: rx from master: outfile file-0-7b1c1a13f3aa2c9a7968e16142bdf911-create.err.36 create.err.36 1
2019/11/26 13:49:33.10 work_queue_worker[1] wq: rx from master: outfile file-0-81a0409beb51c969dcf64bb5fac1a2b1-Corrected_ref.fasta.36 Corrected_ref.fasta.36 1
2019/11/26 13:49:33.10 work_queue_worker[1] wq: rx from master: end
2019/11/26 13:49:33.10 work_queue_worker[1] wq: tx to master: info cached_files file-0-29fa986ab5c37e3666b795ceedf28f59-ref.fasta.36
2019/11/26 13:49:33.11 work_queue_worker[1] wq: linking cache/file-0-048045060f61089a83cce204e6b8f151-corr.out to /tmp/worker-0-1/t.76/corr.out
2019/11/26 13:49:33.11 work_queue_worker[1] wq: linking cache/file-0-29fa986ab5c37e3666b795ceedf28f59-ref.fasta.36 to /tmp/worker-0-1/t.76/ref.fasta.36
2019/11/26 13:49:33.11 work_queue_worker[1] wq: linking cache/file-0-ddd728dc31a49bcd4cacae5676b4e7f7-Create_Corrected_AllLRReads.py to /tmp/worker-0-1/t.76/Create_Corrected_AllLRReads.py
2019/11/26 13:49:33.11 work_queue_worker[1] wq: started process 75: python Create_Corrected_AllLRReads.py ref.fasta.36 corr.out 2> create.err.36
2019/11/26 13:49:33.11 work_queue_worker[1] wq: tx to master: info tasks_running 1
2019/11/26 13:49:33.18 work_queue_worker[1] wq: task 76 (pid 75) exited normally with exit code 0
2019/11/26 13:49:33.18 work_queue_worker[1] wq: moving output file from /tmp/worker-0-1/t.76/create.err.36 to cache/file-0-7b1c1a13f3aa2c9a7968e16142bdf911-create.err.36
2019/11/26 13:49:33.18 work_queue_worker[1] wq: moving output file from /tmp/worker-0-1/t.76/Corrected_ref.fasta.36 to cache/file-0-81a0409beb51c969dcf64bb5fac1a2b1-Corrected_ref.fasta.36
2019/11/26 13:49:33.18 work_queue_worker[1] wq: tx to master: available_results
2019/11/26 13:49:33.18 work_queue_worker[1] wq: rx from master: send_results -1
2019/11/26 13:49:33.18 work_queue_worker[1] wq: tx to master: result 0 0 0 66206 76
2019/11/26 13:49:33.18 work_queue_worker[1] wq: tx to master: info tasks_running 0
2019/11/26 13:49:33.18 work_queue_worker[1] wq: tx to master: end
2019/11/26 13:49:33.18 work_queue_worker[1] wq: rx from master: get file-0-7b1c1a13f3aa2c9a7968e16142bdf911-create.err.36 1
2019/11/26 13:49:33.18 work_queue_worker[1] wq: tx to master: file file-0-7b1c1a13f3aa2c9a7968e16142bdf911-create.err.36 0
2019/11/26 13:49:33.18 work_queue_worker[1] wq: tx to master: end
2019/11/26 13:49:33.18 work_queue_worker[1] wq: rx from master: get file-0-81a0409beb51c969dcf64bb5fac1a2b1-Corrected_ref.fasta.36 1
2019/11/26 13:49:33.18 work_queue_worker[1] wq: tx to master: file file-0-81a0409beb51c969dcf64bb5fac1a2b1-Corrected_ref.fasta.36 1055000
2019/11/26 13:49:33.19 work_queue_worker[1] wq: tx to master: end
2019/11/26 13:49:33.19 work_queue_worker[1] wq: rx from master: kill 76
2019/11/26 13:49:33.19 work_queue_worker[1] wq: ---- DELETING: /tmp/worker-0-1/t.76
2019/11/26 13:49:33.20 work_queue_worker[1] wq: rx from master: put file-0-17ddf63c75cb0ddda4648bacc86a279d-ref.fasta.26 1055000 0644 1
2019/11/26 13:49:33.20 work_queue_worker[1] wq: Putting file file-0-17ddf63c75cb0ddda4648bacc86a279d-ref.fasta.26 into workspace
2019/11/26 13:49:33.20 work_queue_worker[1] wq: Dir /cache already exists in cache
2019/11/26 13:49:33.20 work_queue_worker[1] wq: ****BRUNO***** cp BARRA: -> cp ./cache/file-0-17ddf63c75cb0ddda4648bacc86a279d-ref.fasta.26 /cache.
2019/11/26 13:49:33.21 work_queue_worker[1] wq: rx from master: task 86
2019/11/26 13:49:33.21 work_queue_worker[1] wq: rx from master: cmd 76
2019/11/26 13:49:33.21 work_queue_worker[1] wq: rx from master: python Create_Corrected_AllLRReads.py ref.fasta.26 corr.out 2> create.err.26
2019/11/26 13:49:33.21 work_queue_worker[1] wq: rx from master: category default
2019/11/26 13:49:33.21 work_queue_worker[1] wq: rx from master: cores 1
2019/11/26 13:49:33.21 work_queue_worker[1] wq: rx from master: memory 11908
2019/11/26 13:49:33.21 work_queue_worker[1] wq: rx from master: disk 1365
2019/11/26 13:49:33.21 work_queue_worker[1] wq: rx from master: gpus 0
2019/11/26 13:49:33.21 work_queue_worker[1] wq: rx from master: end_time 18446744073709551615
2019/11/26 13:49:33.21 work_queue_worker[1] wq: rx from master: wall_time 18446744073709551615
2019/11/26 13:49:33.21 work_queue_worker[1] wq: rx from master: env 7
2019/11/26 13:49:33.21 work_queue_worker[1] wq: rx from master: env 17
2019/11/26 13:49:33.21 work_queue_worker[1] wq: rx from master: infile file-0-048045060f61089a83cce204e6b8f151-corr.out corr.out 1
2019/11/26 13:49:33.21 work_queue_worker[1] wq: rx from master: infile file-0-17ddf63c75cb0ddda4648bacc86a279d-ref.fasta.26 ref.fasta.26 1
2019/11/26 13:49:33.21 work_queue_worker[1] wq: rx from master: infile file-0-ddd728dc31a49bcd4cacae5676b4e7f7-Create_Corrected_AllLRReads.py Create_Corrected_AllLRReads.py 1
2019/11/26 13:49:33.21 work_queue_worker[1] wq: rx from master: outfile file-0-b938cfef471c7914470cc2538c4dd148-create.err.26 create.err.26 1
2019/11/26 13:49:33.21 work_queue_worker[1] wq: rx from master: outfile file-0-5bc78da18023a80e9d5edb1c6eb97dea-Corrected_ref.fasta.26 Corrected_ref.fasta.26 1
2019/11/26 13:49:33.21 work_queue_worker[1] wq: rx from master: end
2019/11/26 13:49:33.21 work_queue_worker[1] wq: tx to master: info cached_files file-0-29436c2005b42ffca723272f188a24f3-ref.fasta.35
2019/11/26 13:49:33.21 work_queue_worker[1] wq: tx to master: info cached_files file-0-2074b572c8323b0fa32c1f74d40e6f33-ref.fasta.32
2019/11/26 13:49:33.21 work_queue_worker[1] wq: tx to master: info cached_files file-0-fba31afdf335011417a3240b50fb5f1d-ref.fasta.31
2019/11/26 13:49:33.21 work_queue_worker[1] wq: tx to master: info cached_files file-0-c63681d729e6b127a41a6905b7bf8cd3-ref.fasta.30
2019/11/26 13:49:33.21 work_queue_worker[1] wq: tx to master: info cached_files file-0-17ddf63c75cb0ddda4648bacc86a279d-ref.fasta.26
2019/11/26 13:49:33.21 work_queue_worker[1] wq: tx to master: info cached_files file-0-aa439a3e5adc17fce5c36008635edd3d-ref.fasta.33
2019/11/26 13:49:33.21 work_queue_worker[1] wq: tx to master: info cached_files file-0-4e6844944429687ec56a0ba20d350bc8-ref.fasta.34
2019/11/26 13:49:33.22 work_queue_worker[1] wq: linking cache/file-0-048045060f61089a83cce204e6b8f151-corr.out to /tmp/worker-0-1/t.86/corr.out
2019/11/26 13:49:33.22 work_queue_worker[1] wq: linking cache/file-0-17ddf63c75cb0ddda4648bacc86a279d-ref.fasta.26 to /tmp/worker-0-1/t.86/ref.fasta.26
2019/11/26 13:49:33.22 work_queue_worker[1] wq: linking cache/file-0-ddd728dc31a49bcd4cacae5676b4e7f7-Create_Corrected_AllLRReads.py to /tmp/worker-0-1/t.86/Create_Corrected_AllLRReads.py
2019/11/26 13:49:33.22 work_queue_worker[1] wq: started process 81: python Create_Corrected_AllLRReads.py ref.fasta.26 corr.out 2> create.err.26
2019/11/26 13:49:33.22 work_queue_worker[1] wq: tx to master: info tasks_running 1
2019/11/26 13:49:33.27 work_queue_worker[1] wq: task 86 (pid 81) exited normally with exit code 0
2019/11/26 13:49:33.27 work_queue_worker[1] wq: moving output file from /tmp/worker-0-1/t.86/create.err.26 to cache/file-0-b938cfef471c7914470cc2538c4dd148-create.err.26
2019/11/26 13:49:33.27 work_queue_worker[1] wq: moving output file from /tmp/worker-0-1/t.86/Corrected_ref.fasta.26 to cache/file-0-5bc78da18023a80e9d5edb1c6eb97dea-Corrected_ref.fasta.26
2019/11/26 13:49:33.27 work_queue_worker[1] wq: tx to master: available_results
2019/11/26 13:49:33.56 work_queue_worker[1] wq: rx from master: send_results -1
2019/11/26 13:49:33.56 work_queue_worker[1] wq: tx to master: result 0 0 0 49526 86
2019/11/26 13:49:33.56 work_queue_worker[1] wq: tx to master: info tasks_running 0
2019/11/26 13:49:33.56 work_queue_worker[1] wq: tx to master: end
2019/11/26 13:49:33.85 work_queue_worker[1] wq: rx from master: get file-0-b938cfef471c7914470cc2538c4dd148-create.err.26 1
2019/11/26 13:49:33.85 work_queue_worker[1] wq: tx to master: file file-0-b938cfef471c7914470cc2538c4dd148-create.err.26 0
2019/11/26 13:49:33.85 work_queue_worker[1] wq: tx to master: end
2019/11/26 13:49:33.85 work_queue_worker[1] wq: rx from master: get file-0-5bc78da18023a80e9d5edb1c6eb97dea-Corrected_ref.fasta.26 1
2019/11/26 13:49:33.85 work_queue_worker[1] wq: tx to master: file file-0-5bc78da18023a80e9d5edb1c6eb97dea-Corrected_ref.fasta.26 1055000
2019/11/26 13:49:33.85 work_queue_worker[1] wq: tx to master: end
2019/11/26 13:49:33.85 work_queue_worker[1] wq: rx from master: kill 86
2019/11/26 13:49:33.85 work_queue_worker[1] wq: ---- DELETING: /tmp/worker-0-1/t.86
2019/11/26 13:49:34.03 work_queue_worker[1] wq: rx from master: put file-0-8f17aa9e3e257f258b7505f485b7df21-ref.fasta.16 1055000 0644 1
2019/11/26 13:49:34.03 work_queue_worker[1] wq: Putting file file-0-8f17aa9e3e257f258b7505f485b7df21-ref.fasta.16 into workspace
2019/11/26 13:49:34.03 work_queue_worker[1] wq: Dir /cache already exists in cache
2019/11/26 13:49:34.03 work_queue_worker[1] wq: ****BRUNO***** cp BARRA: -> cp ./cache/file-0-8f17aa9e3e257f258b7505f485b7df21-ref.fasta.16 /cache.
2019/11/26 13:49:34.03 work_queue_worker[1] wq: rx from master: task 96
2019/11/26 13:49:34.03 work_queue_worker[1] wq: rx from master: cmd 76
2019/11/26 13:49:34.03 work_queue_worker[1] wq: rx from master: python Create_Corrected_AllLRReads.py ref.fasta.16 corr.out 2> create.err.16
2019/11/26 13:49:34.03 work_queue_worker[1] wq: rx from master: category default
2019/11/26 13:49:34.03 work_queue_worker[1] wq: rx from master: cores 1
2019/11/26 13:49:34.03 work_queue_worker[1] wq: rx from master: memory 11908
2019/11/26 13:49:34.03 work_queue_worker[1] wq: rx from master: disk 1365
2019/11/26 13:49:34.03 work_queue_worker[1] wq: rx from master: gpus 0
2019/11/26 13:49:34.03 work_queue_worker[1] wq: rx from master: end_time 18446744073709551615
2019/11/26 13:49:34.03 work_queue_worker[1] wq: rx from master: wall_time 18446744073709551615
2019/11/26 13:49:34.03 work_queue_worker[1] wq: rx from master: env 7
2019/11/26 13:49:34.03 work_queue_worker[1] wq: rx from master: env 17
2019/11/26 13:49:34.03 work_queue_worker[1] wq: rx from master: infile file-0-048045060f61089a83cce204e6b8f151-corr.out corr.out 1
2019/11/26 13:49:34.03 work_queue_worker[1] wq: rx from master: infile file-0-8f17aa9e3e257f258b7505f485b7df21-ref.fasta.16 ref.fasta.16 1
2019/11/26 13:49:34.03 work_queue_worker[1] wq: rx from master: infile file-0-ddd728dc31a49bcd4cacae5676b4e7f7-Create_Corrected_AllLRReads.py Create_Corrected_AllLRReads.py 1
2019/11/26 13:49:34.03 work_queue_worker[1] wq: rx from master: outfile file-0-fb19de90a4838d62aebd307b66852593-create.err.16 create.err.16 1
2019/11/26 13:49:34.03 work_queue_worker[1] wq: rx from master: outfile file-0-328affe93d4b1bb76c630c103003e092-Corrected_ref.fasta.16 Corrected_ref.fasta.16 1
2019/11/26 13:49:34.03 work_queue_worker[1] wq: rx from master: end
2019/11/26 13:49:34.03 work_queue_worker[1] wq: tx to master: info cached_files file-0-5b3b606ef2c77a0f099af1f26882e93e-ref.fasta.24
2019/11/26 13:49:34.03 work_queue_worker[1] wq: tx to master: info cached_files file-0-a1390e6a488a52d4a53323630be8883e-ref.fasta.25
2019/11/26 13:49:34.03 work_queue_worker[1] wq: tx to master: info cached_files file-0-0286d1afff057cca7ea08b4e14e8c883-ref.fasta.21
2019/11/26 13:49:34.03 work_queue_worker[1] wq: tx to master: info cached_files file-0-12470dc35ac3e9d7f02a76cc8a9c00ea-ref.fasta.19
2019/11/26 13:49:34.03 work_queue_worker[1] wq: tx to master: info cached_files file-0-be49a61a811f6f14a2896815f8aca4aa-ref.fasta.17
2019/11/26 13:49:34.03 work_queue_worker[1] wq: tx to master: info cached_files file-0-6255fe77cdaff2878a49d0145ff6776f-ref.fasta.23
2019/11/26 13:49:34.03 work_queue_worker[1] wq: tx to master: info cached_files file-0-8c12b2e81dd684a2bea395d788356753-ref.fasta.20
2019/11/26 13:49:34.04 work_queue_worker[1] wq: tx to master: info cached_files file-0-8c01ff49b1bac5dc2eea9e2a868b0a59-ref.fasta.15
2019/11/26 13:49:34.04 work_queue_worker[1] wq: tx to master: info cached_files file-0-8f17aa9e3e257f258b7505f485b7df21-ref.fasta.16
2019/11/26 13:49:34.04 work_queue_worker[1] wq: linking cache/file-0-048045060f61089a83cce204e6b8f151-corr.out to /tmp/worker-0-1/t.96/corr.out
2019/11/26 13:49:34.04 work_queue_worker[1] wq: linking cache/file-0-8f17aa9e3e257f258b7505f485b7df21-ref.fasta.16 to /tmp/worker-0-1/t.96/ref.fasta.16
2019/11/26 13:49:34.05 work_queue_worker[1] wq: linking cache/file-0-ddd728dc31a49bcd4cacae5676b4e7f7-Create_Corrected_AllLRReads.py to /tmp/worker-0-1/t.96/Create_Corrected_AllLRReads.py
2019/11/26 13:49:34.05 work_queue_worker[1] wq: started process 87: python Create_Corrected_AllLRReads.py ref.fasta.16 corr.out 2> create.err.16
2019/11/26 13:49:34.05 work_queue_worker[1] wq: tx to master: info tasks_running 1
2019/11/26 13:49:34.12 work_queue_worker[1] wq: task 96 (pid 87) exited normally with exit code 0
2019/11/26 13:49:34.12 work_queue_worker[1] wq: moving output file from /tmp/worker-0-1/t.96/create.err.16 to cache/file-0-fb19de90a4838d62aebd307b66852593-create.err.16
2019/11/26 13:49:34.12 work_queue_worker[1] wq: moving output file from /tmp/worker-0-1/t.96/Corrected_ref.fasta.16 to cache/file-0-328affe93d4b1bb76c630c103003e092-Corrected_ref.fasta.16
2019/11/26 13:49:34.12 work_queue_worker[1] wq: tx to master: available_results
2019/11/26 13:49:34.12 work_queue_worker[1] wq: rx from master: send_results -1
2019/11/26 13:49:34.12 work_queue_worker[1] wq: tx to master: result 0 0 0 70290 96
2019/11/26 13:49:34.12 work_queue_worker[1] wq: tx to master: info tasks_running 0
2019/11/26 13:49:34.12 work_queue_worker[1] wq: tx to master: end
2019/11/26 13:49:34.12 work_queue_worker[1] wq: rx from master: get file-0-fb19de90a4838d62aebd307b66852593-create.err.16 1
2019/11/26 13:49:34.12 work_queue_worker[1] wq: tx to master: file file-0-fb19de90a4838d62aebd307b66852593-create.err.16 0
2019/11/26 13:49:34.12 work_queue_worker[1] wq: tx to master: end
2019/11/26 13:49:34.12 work_queue_worker[1] wq: rx from master: get file-0-328affe93d4b1bb76c630c103003e092-Corrected_ref.fasta.16 1
2019/11/26 13:49:34.12 work_queue_worker[1] wq: tx to master: file file-0-328affe93d4b1bb76c630c103003e092-Corrected_ref.fasta.16 1055000
2019/11/26 13:49:34.12 work_queue_worker[1] wq: tx to master: end
2019/11/26 13:49:34.12 work_queue_worker[1] wq: rx from master: kill 96
2019/11/26 13:49:34.12 work_queue_worker[1] wq: ---- DELETING: /tmp/worker-0-1/t.96
2019/11/26 13:49:34.15 work_queue_worker[1] wq: rx from master: put file-0-de3fc56a129f0eca0565c07c2f6f5d65-ref.fasta.6 1053000 0644 1
2019/11/26 13:49:34.15 work_queue_worker[1] wq: Putting file file-0-de3fc56a129f0eca0565c07c2f6f5d65-ref.fasta.6 into workspace
2019/11/26 13:49:34.15 work_queue_worker[1] wq: Dir /cache already exists in cache
2019/11/26 13:49:34.15 work_queue_worker[1] wq: ****BRUNO***** cp BARRA: -> cp ./cache/file-0-de3fc56a129f0eca0565c07c2f6f5d65-ref.fasta.6 /cache.
2019/11/26 13:49:34.15 work_queue_worker[1] wq: rx from master: task 106
2019/11/26 13:49:34.15 work_queue_worker[1] wq: rx from master: cmd 74
2019/11/26 13:49:34.15 work_queue_worker[1] wq: rx from master: python Create_Corrected_AllLRReads.py ref.fasta.6 corr.out 2> create.err.6
2019/11/26 13:49:34.15 work_queue_worker[1] wq: rx from master: category default
2019/11/26 13:49:34.15 work_queue_worker[1] wq: rx from master: cores 1
2019/11/26 13:49:34.15 work_queue_worker[1] wq: rx from master: memory 11908
2019/11/26 13:49:34.15 work_queue_worker[1] wq: rx from master: disk 1365
2019/11/26 13:49:34.15 work_queue_worker[1] wq: rx from master: gpus 0
2019/11/26 13:49:34.15 work_queue_worker[1] wq: rx from master: end_time 18446744073709551615
2019/11/26 13:49:34.15 work_queue_worker[1] wq: rx from master: wall_time 18446744073709551615
2019/11/26 13:49:34.15 work_queue_worker[1] wq: rx from master: env 7
2019/11/26 13:49:34.15 work_queue_worker[1] wq: rx from master: env 17
2019/11/26 13:49:34.16 work_queue_worker[1] wq: rx from master: infile file-0-048045060f61089a83cce204e6b8f151-corr.out corr.out 1
2019/11/26 13:49:34.16 work_queue_worker[1] wq: rx from master: infile file-0-de3fc56a129f0eca0565c07c2f6f5d65-ref.fasta.6 ref.fasta.6 1
2019/11/26 13:49:34.16 work_queue_worker[1] wq: rx from master: infile file-0-ddd728dc31a49bcd4cacae5676b4e7f7-Create_Corrected_AllLRReads.py Create_Corrected_AllLRReads.py 1
2019/11/26 13:49:34.16 work_queue_worker[1] wq: rx from master: outfile file-0-3693a8343c0da0c3008eb1980eeea007-create.err.6 create.err.6 1
2019/11/26 13:49:34.16 work_queue_worker[1] wq: rx from master: outfile file-0-e09e39244ac6be53996a03428e00f96a-Corrected_ref.fasta.6 Corrected_ref.fasta.6 1
2019/11/26 13:49:34.16 work_queue_worker[1] wq: rx from master: end
2019/11/26 13:49:34.16 work_queue_worker[1] wq: tx to master: info cached_files file-0-595d6fd0783af5f1f9d6ac327ab7d0ae-ref.fasta.13
2019/11/26 13:49:34.16 work_queue_worker[1] wq: tx to master: info cached_files file-0-917a4e2b83f3c1cbe7ad084772249437-ref.fasta.12
2019/11/26 13:49:34.16 work_queue_worker[1] wq: tx to master: info cached_files file-0-40270ff4240d4ee0a2a2264053bee38d-ref.fasta.7
2019/11/26 13:49:34.16 work_queue_worker[1] wq: tx to master: info cached_files file-0-de3fc56a129f0eca0565c07c2f6f5d65-ref.fasta.6
2019/11/26 13:49:34.16 work_queue_worker[1] wq: tx to master: info cached_files file-0-721aaf1524a5dc2f36a94b49c3f5d86a-ref.fasta.14
2019/11/26 13:49:34.16 work_queue_worker[1] wq: tx to master: info cached_files file-0-0d93fd3812287dfef20102e293f224d9-ref.fasta.11
2019/11/26 13:49:34.16 work_queue_worker[1] wq: linking cache/file-0-048045060f61089a83cce204e6b8f151-corr.out to /tmp/worker-0-1/t.106/corr.out
2019/11/26 13:49:34.16 work_queue_worker[1] wq: linking cache/file-0-de3fc56a129f0eca0565c07c2f6f5d65-ref.fasta.6 to /tmp/worker-0-1/t.106/ref.fasta.6
2019/11/26 13:49:34.16 work_queue_worker[1] wq: linking cache/file-0-ddd728dc31a49bcd4cacae5676b4e7f7-Create_Corrected_AllLRReads.py to /tmp/worker-0-1/t.106/Create_Corrected_AllLRReads.py
2019/11/26 13:49:34.16 work_queue_worker[1] wq: started process 93: python Create_Corrected_AllLRReads.py ref.fasta.6 corr.out 2> create.err.6
2019/11/26 13:49:34.16 work_queue_worker[1] wq: tx to master: info tasks_running 1
2019/11/26 13:49:34.22 work_queue_worker[1] wq: task 106 (pid 93) exited normally with exit code 0
2019/11/26 13:49:34.22 work_queue_worker[1] wq: moving output file from /tmp/worker-0-1/t.106/create.err.6 to cache/file-0-3693a8343c0da0c3008eb1980eeea007-create.err.6
2019/11/26 13:49:34.22 work_queue_worker[1] wq: moving output file from /tmp/worker-0-1/t.106/Corrected_ref.fasta.6 to cache/file-0-e09e39244ac6be53996a03428e00f96a-Corrected_ref.fasta.6
2019/11/26 13:49:34.22 work_queue_worker[1] wq: tx to master: available_results
2019/11/26 13:49:34.22 work_queue_worker[1] wq: rx from master: send_results -1
2019/11/26 13:49:34.22 work_queue_worker[1] wq: tx to master: result 0 0 0 54763 106
2019/11/26 13:49:34.22 work_queue_worker[1] wq: tx to master: info tasks_running 0
2019/11/26 13:49:34.22 work_queue_worker[1] wq: tx to master: end
2019/11/26 13:49:34.22 work_queue_worker[1] wq: rx from master: get file-0-3693a8343c0da0c3008eb1980eeea007-create.err.6 1
2019/11/26 13:49:34.22 work_queue_worker[1] wq: tx to master: file file-0-3693a8343c0da0c3008eb1980eeea007-create.err.6 0
2019/11/26 13:49:34.22 work_queue_worker[1] wq: tx to master: end
2019/11/26 13:49:34.22 work_queue_worker[1] wq: rx from master: get file-0-e09e39244ac6be53996a03428e00f96a-Corrected_ref.fasta.6 1
2019/11/26 13:49:34.22 work_queue_worker[1] wq: tx to master: file file-0-e09e39244ac6be53996a03428e00f96a-Corrected_ref.fasta.6 1053000
2019/11/26 13:49:34.22 work_queue_worker[1] wq: tx to master: end
2019/11/26 13:49:34.22 work_queue_worker[1] wq: rx from master: kill 106
2019/11/26 13:49:34.22 work_queue_worker[1] wq: ---- DELETING: /tmp/worker-0-1/t.106
2019/11/26 13:49:34.22 work_queue_worker[1] wq: rx from master: put file-0-f6180873c6bcf6cfbbf9b9300d0d79ef-ref.fasta.0 1050786 0644 1
2019/11/26 13:49:34.22 work_queue_worker[1] wq: Putting file file-0-f6180873c6bcf6cfbbf9b9300d0d79ef-ref.fasta.0 into workspace
2019/11/26 13:49:34.22 work_queue_worker[1] wq: Dir /cache already exists in cache
2019/11/26 13:49:34.22 work_queue_worker[1] wq: ****BRUNO***** cp BARRA: -> cp ./cache/file-0-f6180873c6bcf6cfbbf9b9300d0d79ef-ref.fasta.0 /cache.
2019/11/26 13:49:34.23 work_queue_worker[1] wq: rx from master: task 112
2019/11/26 13:49:34.23 work_queue_worker[1] wq: rx from master: cmd 74
2019/11/26 13:49:34.23 work_queue_worker[1] wq: rx from master: python Create_Corrected_AllLRReads.py ref.fasta.0 corr.out 2> create.err.0
2019/11/26 13:49:34.23 work_queue_worker[1] wq: rx from master: category default
2019/11/26 13:49:34.23 work_queue_worker[1] wq: rx from master: cores 1
2019/11/26 13:49:34.23 work_queue_worker[1] wq: rx from master: memory 11908
2019/11/26 13:49:34.23 work_queue_worker[1] wq: rx from master: disk 1365
2019/11/26 13:49:34.23 work_queue_worker[1] wq: rx from master: gpus 0
2019/11/26 13:49:34.23 work_queue_worker[1] wq: rx from master: end_time 18446744073709551615
2019/11/26 13:49:34.23 work_queue_worker[1] wq: rx from master: wall_time 18446744073709551615
2019/11/26 13:49:34.23 work_queue_worker[1] wq: rx from master: env 7
2019/11/26 13:49:34.23 work_queue_worker[1] wq: rx from master: env 17
2019/11/26 13:49:34.23 work_queue_worker[1] wq: rx from master: infile file-0-048045060f61089a83cce204e6b8f151-corr.out corr.out 1
2019/11/26 13:49:34.23 work_queue_worker[1] wq: rx from master: infile file-0-f6180873c6bcf6cfbbf9b9300d0d79ef-ref.fasta.0 ref.fasta.0 1
2019/11/26 13:49:34.23 work_queue_worker[1] wq: rx from master: infile file-0-ddd728dc31a49bcd4cacae5676b4e7f7-Create_Corrected_AllLRReads.py Create_Corrected_AllLRReads.py 1
2019/11/26 13:49:34.23 work_queue_worker[1] wq: rx from master: outfile file-0-69f73f0f0fa7f0740772bb27f32edb72-create.err.0 create.err.0 1
2019/11/26 13:49:34.23 work_queue_worker[1] wq: rx from master: outfile file-0-41cb8bb33304fbd5324e0ffa7f5e1d5d-Corrected_ref.fasta.0 Corrected_ref.fasta.0 1
2019/11/26 13:49:34.23 work_queue_worker[1] wq: rx from master: end
2019/11/26 13:49:34.23 work_queue_worker[1] wq: tx to master: info cached_files file-0-0aa7fdc5df2e8aa834187cf07d905f1c-ref.fasta.3
2019/11/26 13:49:34.23 work_queue_worker[1] wq: tx to master: info cached_files file-0-c1c5b5005550a9e9b359d2cf9e2f8a9a-ref.fasta.1
2019/11/26 13:49:34.23 work_queue_worker[1] wq: tx to master: info cached_files file-0-9dbb72d8dd139e33c36e645da8581cc4-ref.fasta.2
2019/11/26 13:49:34.23 work_queue_worker[1] wq: tx to master: info cached_files file-0-4b44ee8dff46dd1aa4bb1511d9442a2e-ref.fasta.5
2019/11/26 13:49:34.23 work_queue_worker[1] wq: tx to master: info cached_files file-0-d53b7362d9ad27f7af3cd0cb7105a051-ref.fasta.4
2019/11/26 13:49:34.23 work_queue_worker[1] wq: tx to master: info cached_files file-0-f6180873c6bcf6cfbbf9b9300d0d79ef-ref.fasta.0
2019/11/26 13:49:34.24 work_queue_worker[1] wq: linking cache/file-0-048045060f61089a83cce204e6b8f151-corr.out to /tmp/worker-0-1/t.112/corr.out
2019/11/26 13:49:34.24 work_queue_worker[1] wq: linking cache/file-0-f6180873c6bcf6cfbbf9b9300d0d79ef-ref.fasta.0 to /tmp/worker-0-1/t.112/ref.fasta.0
2019/11/26 13:49:34.24 work_queue_worker[1] wq: linking cache/file-0-ddd728dc31a49bcd4cacae5676b4e7f7-Create_Corrected_AllLRReads.py to /tmp/worker-0-1/t.112/Create_Corrected_AllLRReads.py
2019/11/26 13:49:34.24 work_queue_worker[1] wq: started process 99: python Create_Corrected_AllLRReads.py ref.fasta.0 corr.out 2> create.err.0
2019/11/26 13:49:34.24 work_queue_worker[1] wq: tx to master: info tasks_running 1
2019/11/26 13:49:34.30 work_queue_worker[1] wq: task 112 (pid 99) exited normally with exit code 0
2019/11/26 13:49:34.30 work_queue_worker[1] wq: moving output file from /tmp/worker-0-1/t.112/create.err.0 to cache/file-0-69f73f0f0fa7f0740772bb27f32edb72-create.err.0
2019/11/26 13:49:34.30 work_queue_worker[1] wq: moving output file from /tmp/worker-0-1/t.112/Corrected_ref.fasta.0 to cache/file-0-41cb8bb33304fbd5324e0ffa7f5e1d5d-Corrected_ref.fasta.0
2019/11/26 13:49:34.31 work_queue_worker[1] wq: tx to master: available_results
2019/11/26 13:49:34.31 work_queue_worker[1] wq: rx from master: send_results -1
2019/11/26 13:49:34.31 work_queue_worker[1] wq: tx to master: result 0 0 0 58351 112
2019/11/26 13:49:34.31 work_queue_worker[1] wq: tx to master: info tasks_running 0
2019/11/26 13:49:34.31 work_queue_worker[1] wq: tx to master: end
2019/11/26 13:49:34.31 work_queue_worker[1] wq: rx from master: get file-0-69f73f0f0fa7f0740772bb27f32edb72-create.err.0 1
2019/11/26 13:49:34.31 work_queue_worker[1] wq: tx to master: file file-0-69f73f0f0fa7f0740772bb27f32edb72-create.err.0 0
2019/11/26 13:49:34.31 work_queue_worker[1] wq: tx to master: end
2019/11/26 13:49:34.31 work_queue_worker[1] wq: rx from master: get file-0-41cb8bb33304fbd5324e0ffa7f5e1d5d-Corrected_ref.fasta.0 1
2019/11/26 13:49:34.31 work_queue_worker[1] wq: tx to master: file file-0-41cb8bb33304fbd5324e0ffa7f5e1d5d-Corrected_ref.fasta.0 1050786
2019/11/26 13:49:34.32 work_queue_worker[1] wq: tx to master: end
2019/11/26 13:49:34.32 work_queue_worker[1] wq: rx from master: kill 112
2019/11/26 13:49:34.32 work_queue_worker[1] wq: ---- DELETING: /tmp/worker-0-1/t.112
2019/11/26 13:49:34.32 work_queue_worker[1] wq: rx from master: task 44
2019/11/26 13:49:34.32 work_queue_worker[1] wq: rx from master: cmd 76
2019/11/26 13:49:34.32 work_queue_worker[1] wq: rx from master: python Create_Corrected_AllLRReads.py ref.fasta.68 corr.out 2> create.err.68
2019/11/26 13:49:34.32 work_queue_worker[1] wq: rx from master: category default
2019/11/26 13:49:34.32 work_queue_worker[1] wq: rx from master: cores 1
2019/11/26 13:49:34.32 work_queue_worker[1] wq: rx from master: memory 11908
2019/11/26 13:49:34.32 work_queue_worker[1] wq: rx from master: disk 1365
2019/11/26 13:49:34.32 work_queue_worker[1] wq: rx from master: gpus 0
2019/11/26 13:49:34.32 work_queue_worker[1] wq: rx from master: end_time 18446744073709551615
2019/11/26 13:49:34.32 work_queue_worker[1] wq: rx from master: wall_time 18446744073709551615
2019/11/26 13:49:34.32 work_queue_worker[1] wq: rx from master: env 7
2019/11/26 13:49:34.32 work_queue_worker[1] wq: rx from master: env 17
2019/11/26 13:49:34.32 work_queue_worker[1] wq: rx from master: infile file-0-048045060f61089a83cce204e6b8f151-corr.out corr.out 1
2019/11/26 13:49:34.32 work_queue_worker[1] wq: rx from master: infile file-0-ff77226fd2575eaf6d2aa2e8aded26af-ref.fasta.68 ref.fasta.68 1
2019/11/26 13:49:34.32 work_queue_worker[1] wq: rx from master: infile file-0-ddd728dc31a49bcd4cacae5676b4e7f7-Create_Corrected_AllLRReads.py Create_Corrected_AllLRReads.py 1
2019/11/26 13:49:34.32 work_queue_worker[1] wq: rx from master: outfile file-0-1903eb789d283c9456f35913c5594894-create.err.68 create.err.68 1
2019/11/26 13:49:34.32 work_queue_worker[1] wq: rx from master: outfile file-0-f25f943a4d7d69cae5fc36392d32ad92-Corrected_ref.fasta.68 Corrected_ref.fasta.68 1
2019/11/26 13:49:34.32 work_queue_worker[1] wq: rx from master: end
2019/11/26 13:49:34.33 work_queue_worker[1] wq: linking cache/file-0-048045060f61089a83cce204e6b8f151-corr.out to /tmp/worker-0-1/t.44/corr.out
2019/11/26 13:49:34.33 work_queue_worker[1] wq: linking cache/file-0-ff77226fd2575eaf6d2aa2e8aded26af-ref.fasta.68 to /tmp/worker-0-1/t.44/ref.fasta.68
2019/11/26 13:49:34.33 work_queue_worker[1] wq: linking cache/file-0-ddd728dc31a49bcd4cacae5676b4e7f7-Create_Corrected_AllLRReads.py to /tmp/worker-0-1/t.44/Create_Corrected_AllLRReads.py
2019/11/26 13:49:34.33 work_queue_worker[1] wq: started process 103: python Create_Corrected_AllLRReads.py ref.fasta.68 corr.out 2> create.err.68
2019/11/26 13:49:34.33 work_queue_worker[1] wq: tx to master: info tasks_running 1
2019/11/26 13:49:34.38 work_queue_worker[1] wq: task 44 (pid 103) exited normally with exit code 0
2019/11/26 13:49:34.38 work_queue_worker[1] wq: moving output file from /tmp/worker-0-1/t.44/create.err.68 to cache/file-0-1903eb789d283c9456f35913c5594894-create.err.68
2019/11/26 13:49:34.38 work_queue_worker[1] wq: moving output file from /tmp/worker-0-1/t.44/Corrected_ref.fasta.68 to cache/file-0-f25f943a4d7d69cae5fc36392d32ad92-Corrected_ref.fasta.68
2019/11/26 13:49:34.38 work_queue_worker[1] wq: tx to master: available_results
2019/11/26 13:49:34.46 work_queue_worker[1] wq: rx from master: send_results -1
2019/11/26 13:49:34.46 work_queue_worker[1] wq: tx to master: result 0 0 0 46180 44
2019/11/26 13:49:34.46 work_queue_worker[1] wq: tx to master: info tasks_running 0
2019/11/26 13:49:34.46 work_queue_worker[1] wq: tx to master: end
2019/11/26 13:49:34.46 work_queue_worker[1] wq: rx from master: get file-0-1903eb789d283c9456f35913c5594894-create.err.68 1
2019/11/26 13:49:34.46 work_queue_worker[1] wq: tx to master: file file-0-1903eb789d283c9456f35913c5594894-create.err.68 0
2019/11/26 13:49:34.46 work_queue_worker[1] wq: tx to master: end
2019/11/26 13:49:34.46 work_queue_worker[1] wq: rx from master: get file-0-f25f943a4d7d69cae5fc36392d32ad92-Corrected_ref.fasta.68 1
2019/11/26 13:49:34.46 work_queue_worker[1] wq: tx to master: file file-0-f25f943a4d7d69cae5fc36392d32ad92-Corrected_ref.fasta.68 1055000
2019/11/26 13:49:34.46 work_queue_worker[1] wq: tx to master: end
2019/11/26 13:49:34.46 work_queue_worker[1] wq: rx from master: kill 44
2019/11/26 13:49:34.46 work_queue_worker[1] wq: ---- DELETING: /tmp/worker-0-1/t.44
2019/11/26 13:49:34.85 work_queue_worker[1] wq: rx from master: task 62
2019/11/26 13:49:34.85 work_queue_worker[1] wq: rx from master: cmd 76
2019/11/26 13:49:34.85 work_queue_worker[1] wq: rx from master: python Create_Corrected_AllLRReads.py ref.fasta.50 corr.out 2> create.err.50
2019/11/26 13:49:34.85 work_queue_worker[1] wq: rx from master: category default
2019/11/26 13:49:34.85 work_queue_worker[1] wq: rx from master: cores 1
2019/11/26 13:49:34.85 work_queue_worker[1] wq: rx from master: memory 11908
2019/11/26 13:49:34.85 work_queue_worker[1] wq: rx from master: disk 1365
2019/11/26 13:49:34.85 work_queue_worker[1] wq: rx from master: gpus 0
2019/11/26 13:49:34.85 work_queue_worker[1] wq: rx from master: end_time 18446744073709551615
2019/11/26 13:49:34.85 work_queue_worker[1] wq: rx from master: wall_time 18446744073709551615
2019/11/26 13:49:34.85 work_queue_worker[1] wq: rx from master: env 7
2019/11/26 13:49:34.85 work_queue_worker[1] wq: rx from master: env 17
2019/11/26 13:49:34.85 work_queue_worker[1] wq: rx from master: infile file-0-048045060f61089a83cce204e6b8f151-corr.out corr.out 1
2019/11/26 13:49:34.85 work_queue_worker[1] wq: rx from master: infile file-0-366d3c2c81ebc3be3a65de8f1315194f-ref.fasta.50 ref.fasta.50 1
2019/11/26 13:49:34.85 work_queue_worker[1] wq: rx from master: infile file-0-ddd728dc31a49bcd4cacae5676b4e7f7-Create_Corrected_AllLRReads.py Create_Corrected_AllLRReads.py 1
2019/11/26 13:49:34.85 work_queue_worker[1] wq: rx from master: outfile file-0-81c1f14c0a0e4ab0a74dc65d550f6832-create.err.50 create.err.50 1
2019/11/26 13:49:34.85 work_queue_worker[1] wq: rx from master: outfile file-0-89cda7ab4922f158796462c52c3163ef-Corrected_ref.fasta.50 Corrected_ref.fasta.50 1
2019/11/26 13:49:34.85 work_queue_worker[1] wq: rx from master: end
2019/11/26 13:49:34.86 work_queue_worker[1] wq: linking cache/file-0-048045060f61089a83cce204e6b8f151-corr.out to /tmp/worker-0-1/t.62/corr.out
2019/11/26 13:49:34.86 work_queue_worker[1] wq: linking cache/file-0-366d3c2c81ebc3be3a65de8f1315194f-ref.fasta.50 to /tmp/worker-0-1/t.62/ref.fasta.50
2019/11/26 13:49:34.86 work_queue_worker[1] wq: linking cache/file-0-ddd728dc31a49bcd4cacae5676b4e7f7-Create_Corrected_AllLRReads.py to /tmp/worker-0-1/t.62/Create_Corrected_AllLRReads.py
2019/11/26 13:49:34.86 work_queue_worker[1] wq: started process 107: python Create_Corrected_AllLRReads.py ref.fasta.50 corr.out 2> create.err.50
2019/11/26 13:49:34.86 work_queue_worker[1] wq: tx to master: info tasks_running 1
2019/11/26 13:49:34.91 work_queue_worker[1] wq: task 62 (pid 107) exited normally with exit code 0
2019/11/26 13:49:34.91 work_queue_worker[1] wq: moving output file from /tmp/worker-0-1/t.62/create.err.50 to cache/file-0-81c1f14c0a0e4ab0a74dc65d550f6832-create.err.50
2019/11/26 13:49:34.91 work_queue_worker[1] wq: moving output file from /tmp/worker-0-1/t.62/Corrected_ref.fasta.50 to cache/file-0-89cda7ab4922f158796462c52c3163ef-Corrected_ref.fasta.50
2019/11/26 13:49:34.91 work_queue_worker[1] wq: tx to master: available_results
2019/11/26 13:49:34.95 work_queue_worker[1] wq: rx from master: send_results -1
2019/11/26 13:49:34.95 work_queue_worker[1] wq: tx to master: result 0 0 0 47354 62
2019/11/26 13:49:34.96 work_queue_worker[1] wq: tx to master: info tasks_running 0
2019/11/26 13:49:34.96 work_queue_worker[1] wq: tx to master: end
2019/11/26 13:49:34.96 work_queue_worker[1] wq: rx from master: get file-0-81c1f14c0a0e4ab0a74dc65d550f6832-create.err.50 1
2019/11/26 13:49:34.96 work_queue_worker[1] wq: tx to master: file file-0-81c1f14c0a0e4ab0a74dc65d550f6832-create.err.50 0
2019/11/26 13:49:34.96 work_queue_worker[1] wq: tx to master: end
2019/11/26 13:49:34.96 work_queue_worker[1] wq: rx from master: get file-0-89cda7ab4922f158796462c52c3163ef-Corrected_ref.fasta.50 1
2019/11/26 13:49:34.96 work_queue_worker[1] wq: tx to master: file file-0-89cda7ab4922f158796462c52c3163ef-Corrected_ref.fasta.50 1055000
2019/11/26 13:49:34.96 work_queue_worker[1] wq: tx to master: end
2019/11/26 13:49:34.96 work_queue_worker[1] wq: rx from master: kill 62
2019/11/26 13:49:34.96 work_queue_worker[1] wq: ---- DELETING: /tmp/worker-0-1/t.62
2019/11/26 13:49:35.84 work_queue_worker[1] wq: rx from master: release
2019/11/26 13:49:35.84 work_queue_worker[1] wq: released by master 10.0.230.17:1026.
2019/11/26 13:49:35.84 work_queue_worker[1] wq: *********** BRUNO ******** NOT cleaning workspace /tmp/worker-0-1
2019/11/26 13:49:35.84 work_queue_worker[1] wq: disconnecting from master 10.0.230.17:1026
2019/11/26 13:49:35.84 work_queue_worker[1] tcp: disconnected from 10.0.230.17 port 1026
2019/11/26 13:49:35.84 work_queue_worker[1] wq: killing all outstanding tasks
2019/11/26 13:49:35.84 work_queue_worker[1] wq: ---- DELETING: /tmp/worker-0-1/t.6
2019/11/26 13:49:35.84 work_queue_worker[1] wq: all data structures are clean
2019/11/26 13:49:36.84 work_queue_worker[1] tcp: connecting to 10.0.230.17 port 1026
