2019/11/26 13:55:14.80 work_queue_worker[1] debug: /home/cctools_BRUNO_bin/bin/work_queue_worker version 8.0.0 DEVELOPMENT (released 2019-11-06 16:35:57 +0000)
2019/11/26 13:55:14.80 work_queue_worker[1] debug: Built by root@2546322b0463 on 2019-11-06 16:35:57 +0000
2019/11/26 13:55:14.80 work_queue_worker[1] debug: System: Linux 2546322b0463 5.0.0-32-generic #34~18.04.2-Ubuntu SMP Thu Oct 10 10:36:02 UTC 2019 x86_64 x86_64 x86_64 GNU/Linux
2019/11/26 13:55:14.80 work_queue_worker[1] debug: Configuration: --prefix /home/cctools_BRUNO_bin
2019/11/26 13:55:14.80 work_queue_worker[1] wq: WORK_QUEUE_SANDBOX set to /tmp/worker-0-1.
2019/11/26 13:55:14.80 work_queue_worker[1] debug: error reading disk usage on directory: ./cache.
2019/11/26 13:55:14.80 work_queue_worker[1] dns: looking up name master
2019/11/26 13:55:14.80 work_queue_worker[1] dns: couldn't look up master: Name or service not known
2019/11/26 13:55:16.80 work_queue_worker[1] dns: looking up name master
2019/11/26 13:55:16.80 work_queue_worker[1] dns: couldn't look up master: Name or service not known
2019/11/26 13:55:18.80 work_queue_worker[1] dns: looking up name master
2019/11/26 13:55:18.81 work_queue_worker[1] dns: couldn't look up master: Name or service not known
2019/11/26 13:55:20.81 work_queue_worker[1] debug: error reading disk usage on directory: ./cache.
2019/11/26 13:55:20.81 work_queue_worker[1] dns: looking up name master
2019/11/26 13:55:20.81 work_queue_worker[1] dns: couldn't look up master: Name or service not known
2019/11/26 13:55:22.81 work_queue_worker[1] dns: looking up name master
2019/11/26 13:55:22.81 work_queue_worker[1] dns: couldn't look up master: Name or service not known
2019/11/26 13:55:24.81 work_queue_worker[1] dns: looking up name master
2019/11/26 13:55:24.81 work_queue_worker[1] dns: master is 10.0.230.17
2019/11/26 13:55:24.81 work_queue_worker[1] tcp: connecting to 10.0.230.17 port 1026
2019/11/26 13:55:25.82 work_queue_worker[1] tcp: made connection to 10.0.230.17 port 1026
2019/11/26 13:55:25.82 work_queue_worker[1] wq: connected to master master:1026 via local address 10.0.230.4:44058
2019/11/26 13:55:25.82 work_queue_worker[1] wq: preparing workspace /tmp/worker-0-1
2019/11/26 13:55:25.82 work_queue_worker[1] dns: looking up name c4f601efd580
2019/11/26 13:55:25.82 work_queue_worker[1] dns: c4f601efd580 is 10.0.230.4
2019/11/26 13:55:25.82 work_queue_worker[1] dns: looking up addr 10.0.230.4
2019/11/26 13:55:25.82 work_queue_worker[1] dns: 10.0.230.4 is c4f601efd580
2019/11/26 13:55:25.82 work_queue_worker[1] dns: finding my hostname: uname = c4f601efd580, address = 10.0.230.4, hostname = c4f601efd580
2019/11/26 13:55:25.82 work_queue_worker[1] wq: tx to master: workqueue 8 c4f601efd580 Linux x86_64 8.0.0
2019/11/26 13:55:25.82 work_queue_worker[1] wq: tx to master: info worker-id worker-5441761386f7d8c23641ced166601ef5
2019/11/26 13:55:25.82 work_queue_worker[1] wq: tx to master: alive
2019/11/26 13:55:25.82 work_queue_worker[1] wq: Sending resource description to master:
2019/11/26 13:55:25.82 work_queue_worker[1] wq:  workers      0 inuse      1 total      1 smallest      1 largest
2019/11/26 13:55:25.83 work_queue_worker[1] wq:     disk      0 inuse 182997 total 182997 smallest 182997 largest
2019/11/26 13:55:25.83 work_queue_worker[1] wq:   memory      0 inuse   7749 total   7749 smallest   7749 largest
2019/11/26 13:55:25.83 work_queue_worker[1] wq:     gpus      0 inuse      0 total      0 smallest      0 largest
2019/11/26 13:55:25.83 work_queue_worker[1] wq:    cores      0 inuse      1 total      1 smallest      1 largest
2019/11/26 13:55:25.83 work_queue_worker[1] wq: tx to master: info end_of_resource_update 0
2019/11/26 13:55:25.83 work_queue_worker[1] wq: tx to master: info tasks_running 0
2019/11/26 13:55:25.83 work_queue_worker[1] wq: working for master at 10.0.230.17:1026.
2019/11/26 13:57:12.52 work_queue_worker[1] wq: Failed to read from master.
2019/11/26 13:57:12.52 work_queue_worker[1] wq: *********** BRUNO ******** NOT cleaning workspace /tmp/worker-0-1
2019/11/26 13:57:12.52 work_queue_worker[1] wq: disconnecting from master 10.0.230.17:1026
2019/11/26 13:57:12.52 work_queue_worker[1] tcp: disconnected from 10.0.230.17 port 1026
2019/11/26 13:57:12.52 work_queue_worker[1] wq: killing all outstanding tasks
2019/11/26 13:57:12.52 work_queue_worker[1] wq: all data structures are clean
2019/11/26 13:57:18.52 work_queue_worker[1] tcp: connecting to 10.0.230.17 port 1026
2019/11/26 13:57:18.80 work_queue_worker[1] tcp: made connection to 10.0.230.17 port 1026
2019/11/26 13:57:18.80 work_queue_worker[1] wq: connected to master master:1026 via local address 10.0.230.4:44086
2019/11/26 13:57:18.80 work_queue_worker[1] wq: preparing workspace /tmp/worker-0-1
2019/11/26 13:57:18.80 work_queue_worker[1] dns: finding my hostname: uname = c4f601efd580, address = 10.0.230.4, hostname = c4f601efd580
2019/11/26 13:57:18.80 work_queue_worker[1] wq: tx to master: workqueue 8 c4f601efd580 Linux x86_64 8.0.0
2019/11/26 13:57:18.80 work_queue_worker[1] wq: tx to master: info worker-id worker-5441761386f7d8c23641ced166601ef5
2019/11/26 13:57:18.80 work_queue_worker[1] wq: tx to master: info cached_files file-0-35f59a9883b4870b84f03717aff16002-ref.fasta.ann
2019/11/26 13:57:18.80 work_queue_worker[1] wq: tx to master: info cached_files file-0-bdb63e29446c6e8e27808af94d0bc963-query.fastq.9
2019/11/26 13:57:18.80 work_queue_worker[1] wq: tx to master: info cached_files file-0-0cadea4f68da3f941c5b5f0c963a59f8-ref.fasta.bwt
2019/11/26 13:57:18.80 work_queue_worker[1] wq: tx to master: info cached_files file-0-d4ff2b390cdd34b642d74a1cd1b59b97-ref.fasta.pac
2019/11/26 13:57:18.80 work_queue_worker[1] wq: tx to master: info cached_files file-0-971da570f958f7598fb58342dc472274-ref.fasta.sa
2019/11/26 13:57:18.80 work_queue_worker[1] wq: tx to master: info cached_files file-0-1aba5e7adecebe065db19a405fb8bdf0-ref.fasta.amb
2019/11/26 13:57:18.80 work_queue_worker[1] wq: tx to master: alive
2019/11/26 13:57:18.80 work_queue_worker[1] wq: Sending resource description to master:
2019/11/26 13:57:18.80 work_queue_worker[1] wq:  workers      0 inuse      1 total      1 smallest      1 largest
2019/11/26 13:57:18.80 work_queue_worker[1] wq:     disk      0 inuse 182625 total 182625 smallest 182625 largest
2019/11/26 13:57:18.80 work_queue_worker[1] wq:   memory      0 inuse   7749 total   7749 smallest   7749 largest
2019/11/26 13:57:18.80 work_queue_worker[1] wq:     gpus      0 inuse      0 total      0 smallest      0 largest
2019/11/26 13:57:18.80 work_queue_worker[1] wq:    cores      0 inuse      1 total      1 smallest      1 largest
2019/11/26 13:57:18.80 work_queue_worker[1] wq: tx to master: info end_of_resource_update 0
2019/11/26 13:57:18.80 work_queue_worker[1] wq: tx to master: info tasks_running 0
2019/11/26 13:57:18.80 work_queue_worker[1] wq: working for master at 10.0.230.17:1026.
2019/11/26 13:58:14.76 work_queue_worker[1] wq: rx from master: put file-0-048045060f61089a83cce204e6b8f151-corr.out 0 0644 1
2019/11/26 13:58:14.76 work_queue_worker[1] wq: Putting file file-0-048045060f61089a83cce204e6b8f151-corr.out into workspace
2019/11/26 13:58:14.76 work_queue_worker[1] wq: Dir /cache already exists in cache
2019/11/26 13:58:14.76 work_queue_worker[1] wq: ****BRUNO***** cp BARRA: -> cp ./cache/file-0-048045060f61089a83cce204e6b8f151-corr.out /cache.
2019/11/26 13:58:14.76 work_queue_worker[1] wq: rx from master: put file-0-d227f53ffa4906fec9c6df596e58665f-ref.fasta.89 1055000 0644 1
2019/11/26 13:58:14.76 work_queue_worker[1] wq: Putting file file-0-d227f53ffa4906fec9c6df596e58665f-ref.fasta.89 into workspace
2019/11/26 13:58:14.76 work_queue_worker[1] wq: Dir /cache already exists in cache
2019/11/26 13:58:15.11 work_queue_worker[1] wq: ****BRUNO***** cp BARRA: -> cp ./cache/file-0-d227f53ffa4906fec9c6df596e58665f-ref.fasta.89 /cache.
2019/11/26 13:58:15.12 work_queue_worker[1] wq: rx from master: put file-0-ddd728dc31a49bcd4cacae5676b4e7f7-Create_Corrected_AllLRReads.py 1402 0755 1
2019/11/26 13:58:15.12 work_queue_worker[1] wq: Putting file file-0-ddd728dc31a49bcd4cacae5676b4e7f7-Create_Corrected_AllLRReads.py into workspace
2019/11/26 13:58:15.12 work_queue_worker[1] wq: Dir /cache already exists in cache
2019/11/26 13:58:15.12 work_queue_worker[1] wq: ****BRUNO***** cp BARRA: -> cp ./cache/file-0-ddd728dc31a49bcd4cacae5676b4e7f7-Create_Corrected_AllLRReads.py /cache.
2019/11/26 13:58:15.12 work_queue_worker[1] wq: rx from master: task 23
2019/11/26 13:58:15.12 work_queue_worker[1] wq: rx from master: cmd 76
2019/11/26 13:58:15.12 work_queue_worker[1] wq: rx from master: python Create_Corrected_AllLRReads.py ref.fasta.89 corr.out 2> create.err.89
2019/11/26 13:58:15.12 work_queue_worker[1] wq: rx from master: category default
2019/11/26 13:58:15.12 work_queue_worker[1] wq: rx from master: cores 1
2019/11/26 13:58:15.12 work_queue_worker[1] wq: rx from master: memory 7749
2019/11/26 13:58:15.12 work_queue_worker[1] wq: rx from master: disk 182625
2019/11/26 13:58:15.12 work_queue_worker[1] wq: rx from master: gpus 0
2019/11/26 13:58:15.12 work_queue_worker[1] wq: rx from master: end_time 18446744073709551615
2019/11/26 13:58:15.12 work_queue_worker[1] wq: rx from master: wall_time 18446744073709551615
2019/11/26 13:58:15.12 work_queue_worker[1] wq: rx from master: env 7
2019/11/26 13:58:15.12 work_queue_worker[1] wq: rx from master: env 17
2019/11/26 13:58:15.12 work_queue_worker[1] wq: rx from master: infile file-0-048045060f61089a83cce204e6b8f151-corr.out corr.out 1
2019/11/26 13:58:15.12 work_queue_worker[1] wq: rx from master: infile file-0-d227f53ffa4906fec9c6df596e58665f-ref.fasta.89 ref.fasta.89 1
2019/11/26 13:58:15.12 work_queue_worker[1] wq: rx from master: infile file-0-ddd728dc31a49bcd4cacae5676b4e7f7-Create_Corrected_AllLRReads.py Create_Corrected_AllLRReads.py 1
2019/11/26 13:58:15.12 work_queue_worker[1] wq: rx from master: outfile file-0-054657e8f78fc0e80c99bd12930c6516-create.err.89 create.err.89 1
2019/11/26 13:58:15.12 work_queue_worker[1] wq: rx from master: outfile file-0-42bcf5e6aaa970b04b36214e6a1c7b2f-Corrected_ref.fasta.89 Corrected_ref.fasta.89 1
2019/11/26 13:58:15.12 work_queue_worker[1] wq: rx from master: end
2019/11/26 13:58:15.12 work_queue_worker[1] wq: tx to master: info cached_files file-0-7e84d12fe76710de61a1e1012d161708-ref.fasta.95
2019/11/26 13:58:15.12 work_queue_worker[1] wq: tx to master: info cached_files file-0-ef7d821ac8daa95f0be4ce10eeaeb3c6-ref.fasta.93
2019/11/26 13:58:15.12 work_queue_worker[1] wq: tx to master: info cached_files file-0-a6be17d8a097bb9efd120be10bbc654c-bwa
2019/11/26 13:58:15.12 work_queue_worker[1] wq: tx to master: info cached_files file-0-ddd728dc31a49bcd4cacae5676b4e7f7-Create_Corrected_AllLRReads.py
2019/11/26 13:58:15.12 work_queue_worker[1] wq: tx to master: info cached_files file-0-6fc1453ebcb4c31e04f426871fd36430-query.fastq.7
2019/11/26 13:58:15.12 work_queue_worker[1] wq: tx to master: info cached_files file-0-c5ee5a022e0a239ae11f2cc3e034beda-query.fastq.4
2019/11/26 13:58:15.12 work_queue_worker[1] wq: tx to master: info cached_files file-0-36be22101ef1efa255f72734945e7792-query.fastq.1
2019/11/26 13:58:15.12 work_queue_worker[1] wq: tx to master: info cached_files file-0-d227f53ffa4906fec9c6df596e58665f-ref.fasta.89
2019/11/26 13:58:15.12 work_queue_worker[1] wq: tx to master: info cached_files file-0-2dd01aa1d6ecd63ec055ab381d19f030-ref.fasta.94
2019/11/26 13:58:15.12 work_queue_worker[1] wq: tx to master: info cached_files file-0-6f85758c582abc1bb82cf0a8491389b5-query.fastq.0
2019/11/26 13:58:15.12 work_queue_worker[1] wq: tx to master: info cached_files file-0-b08c3e9746692f64bcb9a448620c7967-ref.fasta
2019/11/26 13:58:15.12 work_queue_worker[1] wq: tx to master: info cached_files file-0-048045060f61089a83cce204e6b8f151-corr.out
2019/11/26 13:58:15.12 work_queue_worker[1] wq: linking cache/file-0-048045060f61089a83cce204e6b8f151-corr.out to /tmp/worker-0-1/t.23/corr.out
2019/11/26 13:58:15.12 work_queue_worker[1] wq: linking cache/file-0-d227f53ffa4906fec9c6df596e58665f-ref.fasta.89 to /tmp/worker-0-1/t.23/ref.fasta.89
2019/11/26 13:58:15.12 work_queue_worker[1] wq: linking cache/file-0-ddd728dc31a49bcd4cacae5676b4e7f7-Create_Corrected_AllLRReads.py to /tmp/worker-0-1/t.23/Create_Corrected_AllLRReads.py
2019/11/26 13:58:15.12 work_queue_worker[1] wq: started process 17: python Create_Corrected_AllLRReads.py ref.fasta.89 corr.out 2> create.err.89
2019/11/26 13:58:15.12 work_queue_worker[1] wq: tx to master: info tasks_running 1
2019/11/26 13:58:15.17 work_queue_worker[1] wq: task 23 (pid 17) exited normally with exit code 0
2019/11/26 13:58:15.17 work_queue_worker[1] wq: moving output file from /tmp/worker-0-1/t.23/create.err.89 to cache/file-0-054657e8f78fc0e80c99bd12930c6516-create.err.89
2019/11/26 13:58:15.17 work_queue_worker[1] wq: moving output file from /tmp/worker-0-1/t.23/Corrected_ref.fasta.89 to cache/file-0-42bcf5e6aaa970b04b36214e6a1c7b2f-Corrected_ref.fasta.89
2019/11/26 13:58:15.17 work_queue_worker[1] wq: tx to master: available_results
2019/11/26 13:58:15.61 work_queue_worker[1] wq: rx from master: send_results -1
2019/11/26 13:58:15.61 work_queue_worker[1] wq: tx to master: result 0 0 0 47620 23
2019/11/26 13:58:15.61 work_queue_worker[1] wq: tx to master: info tasks_running 0
2019/11/26 13:58:15.61 work_queue_worker[1] wq: tx to master: end
2019/11/26 13:58:15.61 work_queue_worker[1] wq: rx from master: get file-0-054657e8f78fc0e80c99bd12930c6516-create.err.89 1
2019/11/26 13:58:15.61 work_queue_worker[1] wq: tx to master: file file-0-054657e8f78fc0e80c99bd12930c6516-create.err.89 0
2019/11/26 13:58:15.61 work_queue_worker[1] wq: tx to master: end
2019/11/26 13:58:15.61 work_queue_worker[1] wq: rx from master: get file-0-42bcf5e6aaa970b04b36214e6a1c7b2f-Corrected_ref.fasta.89 1
2019/11/26 13:58:15.61 work_queue_worker[1] wq: tx to master: file file-0-42bcf5e6aaa970b04b36214e6a1c7b2f-Corrected_ref.fasta.89 1055000
2019/11/26 13:58:15.69 work_queue_worker[1] wq: tx to master: end
2019/11/26 13:58:15.70 work_queue_worker[1] wq: rx from master: kill 23
2019/11/26 13:58:15.70 work_queue_worker[1] wq: ---- DELETING: /tmp/worker-0-1/t.23
2019/11/26 13:58:15.90 work_queue_worker[1] wq: rx from master: put file-0-d804d5ca9c60ae1de1c5a8ef6852f76c-ref.fasta.82 1055000 0644 1
2019/11/26 13:58:15.90 work_queue_worker[1] wq: Putting file file-0-d804d5ca9c60ae1de1c5a8ef6852f76c-ref.fasta.82 into workspace
2019/11/26 13:58:15.90 work_queue_worker[1] wq: Dir /cache already exists in cache
2019/11/26 13:58:15.99 work_queue_worker[1] wq: ****BRUNO***** cp BARRA: -> cp ./cache/file-0-d804d5ca9c60ae1de1c5a8ef6852f76c-ref.fasta.82 /cache.
2019/11/26 13:58:16.00 work_queue_worker[1] wq: rx from master: task 30
2019/11/26 13:58:16.00 work_queue_worker[1] wq: rx from master: cmd 76
2019/11/26 13:58:16.00 work_queue_worker[1] wq: rx from master: python Create_Corrected_AllLRReads.py ref.fasta.82 corr.out 2> create.err.82
2019/11/26 13:58:16.00 work_queue_worker[1] wq: rx from master: category default
2019/11/26 13:58:16.00 work_queue_worker[1] wq: rx from master: cores 1
2019/11/26 13:58:16.00 work_queue_worker[1] wq: rx from master: memory 7749
2019/11/26 13:58:16.00 work_queue_worker[1] wq: rx from master: disk 182625
2019/11/26 13:58:16.00 work_queue_worker[1] wq: rx from master: gpus 0
2019/11/26 13:58:16.00 work_queue_worker[1] wq: rx from master: end_time 18446744073709551615
2019/11/26 13:58:16.00 work_queue_worker[1] wq: rx from master: wall_time 18446744073709551615
2019/11/26 13:58:16.00 work_queue_worker[1] wq: rx from master: env 7
2019/11/26 13:58:16.00 work_queue_worker[1] wq: rx from master: env 17
2019/11/26 13:58:16.00 work_queue_worker[1] wq: rx from master: infile file-0-048045060f61089a83cce204e6b8f151-corr.out corr.out 1
2019/11/26 13:58:16.00 work_queue_worker[1] wq: rx from master: infile file-0-d804d5ca9c60ae1de1c5a8ef6852f76c-ref.fasta.82 ref.fasta.82 1
2019/11/26 13:58:16.00 work_queue_worker[1] wq: rx from master: infile file-0-ddd728dc31a49bcd4cacae5676b4e7f7-Create_Corrected_AllLRReads.py Create_Corrected_AllLRReads.py 1
2019/11/26 13:58:16.00 work_queue_worker[1] wq: rx from master: outfile file-0-0213dbcc605c692d9f07a80b88bb40ee-create.err.82 create.err.82 1
2019/11/26 13:58:16.00 work_queue_worker[1] wq: rx from master: outfile file-0-ac7ba46355aaa857adc3b27932bb6c74-Corrected_ref.fasta.82 Corrected_ref.fasta.82 1
2019/11/26 13:58:16.00 work_queue_worker[1] wq: rx from master: end
2019/11/26 13:58:16.00 work_queue_worker[1] wq: tx to master: info cached_files file-0-0200ff9e3f5dbb460563f55171b67d14-ref.fasta.87
2019/11/26 13:58:16.00 work_queue_worker[1] wq: tx to master: info cached_files file-0-d804d5ca9c60ae1de1c5a8ef6852f76c-ref.fasta.82
2019/11/26 13:58:16.00 work_queue_worker[1] wq: tx to master: info cached_files file-0-66a7c2298b067a1446520d30478331eb-ref.fasta.88
2019/11/26 13:58:16.01 work_queue_worker[1] wq: linking cache/file-0-048045060f61089a83cce204e6b8f151-corr.out to /tmp/worker-0-1/t.30/corr.out
2019/11/26 13:58:16.01 work_queue_worker[1] wq: linking cache/file-0-d804d5ca9c60ae1de1c5a8ef6852f76c-ref.fasta.82 to /tmp/worker-0-1/t.30/ref.fasta.82
2019/11/26 13:58:16.01 work_queue_worker[1] wq: linking cache/file-0-ddd728dc31a49bcd4cacae5676b4e7f7-Create_Corrected_AllLRReads.py to /tmp/worker-0-1/t.30/Create_Corrected_AllLRReads.py
2019/11/26 13:58:16.01 work_queue_worker[1] wq: started process 23: python Create_Corrected_AllLRReads.py ref.fasta.82 corr.out 2> create.err.82
2019/11/26 13:58:16.01 work_queue_worker[1] wq: tx to master: info tasks_running 1
2019/11/26 13:58:16.07 work_queue_worker[1] wq: task 30 (pid 23) exited normally with exit code 0
2019/11/26 13:58:16.07 work_queue_worker[1] wq: moving output file from /tmp/worker-0-1/t.30/create.err.82 to cache/file-0-0213dbcc605c692d9f07a80b88bb40ee-create.err.82
2019/11/26 13:58:16.07 work_queue_worker[1] wq: moving output file from /tmp/worker-0-1/t.30/Corrected_ref.fasta.82 to cache/file-0-ac7ba46355aaa857adc3b27932bb6c74-Corrected_ref.fasta.82
2019/11/26 13:58:16.07 work_queue_worker[1] wq: tx to master: available_results
2019/11/26 13:58:16.19 work_queue_worker[1] wq: rx from master: send_results -1
2019/11/26 13:58:16.19 work_queue_worker[1] wq: tx to master: result 0 0 0 62396 30
2019/11/26 13:58:16.19 work_queue_worker[1] wq: tx to master: info tasks_running 0
2019/11/26 13:58:16.19 work_queue_worker[1] wq: tx to master: end
2019/11/26 13:58:16.20 work_queue_worker[1] wq: rx from master: get file-0-0213dbcc605c692d9f07a80b88bb40ee-create.err.82 1
2019/11/26 13:58:16.20 work_queue_worker[1] wq: tx to master: file file-0-0213dbcc605c692d9f07a80b88bb40ee-create.err.82 0
2019/11/26 13:58:16.20 work_queue_worker[1] wq: tx to master: end
2019/11/26 13:58:16.20 work_queue_worker[1] wq: rx from master: get file-0-ac7ba46355aaa857adc3b27932bb6c74-Corrected_ref.fasta.82 1
2019/11/26 13:58:16.20 work_queue_worker[1] wq: tx to master: file file-0-ac7ba46355aaa857adc3b27932bb6c74-Corrected_ref.fasta.82 1055000
2019/11/26 13:58:16.28 work_queue_worker[1] wq: tx to master: end
2019/11/26 13:58:16.30 work_queue_worker[1] wq: rx from master: kill 30
2019/11/26 13:58:16.30 work_queue_worker[1] wq: ---- DELETING: /tmp/worker-0-1/t.30
2019/11/26 13:58:16.62 work_queue_worker[1] wq: rx from master: put file-0-abeb2727ca9c4091778edaeb15a7c5b1-ref.fasta.70 1055000 0644 1
2019/11/26 13:58:16.62 work_queue_worker[1] wq: Putting file file-0-abeb2727ca9c4091778edaeb15a7c5b1-ref.fasta.70 into workspace
2019/11/26 13:58:16.62 work_queue_worker[1] wq: Dir /cache already exists in cache
2019/11/26 13:58:16.73 work_queue_worker[1] wq: ****BRUNO***** cp BARRA: -> cp ./cache/file-0-abeb2727ca9c4091778edaeb15a7c5b1-ref.fasta.70 /cache.
2019/11/26 13:58:16.73 work_queue_worker[1] wq: rx from master: task 42
2019/11/26 13:58:16.73 work_queue_worker[1] wq: rx from master: cmd 76
2019/11/26 13:58:16.73 work_queue_worker[1] wq: rx from master: python Create_Corrected_AllLRReads.py ref.fasta.70 corr.out 2> create.err.70
2019/11/26 13:58:16.73 work_queue_worker[1] wq: rx from master: category default
2019/11/26 13:58:16.73 work_queue_worker[1] wq: rx from master: cores 1
2019/11/26 13:58:16.73 work_queue_worker[1] wq: rx from master: memory 7749
2019/11/26 13:58:16.73 work_queue_worker[1] wq: rx from master: disk 182625
2019/11/26 13:58:16.73 work_queue_worker[1] wq: rx from master: gpus 0
2019/11/26 13:58:16.73 work_queue_worker[1] wq: rx from master: end_time 18446744073709551615
2019/11/26 13:58:16.73 work_queue_worker[1] wq: rx from master: wall_time 18446744073709551615
2019/11/26 13:58:16.73 work_queue_worker[1] wq: rx from master: env 7
2019/11/26 13:58:16.74 work_queue_worker[1] wq: rx from master: env 17
2019/11/26 13:58:16.74 work_queue_worker[1] wq: rx from master: infile file-0-048045060f61089a83cce204e6b8f151-corr.out corr.out 1
2019/11/26 13:58:16.74 work_queue_worker[1] wq: rx from master: infile file-0-abeb2727ca9c4091778edaeb15a7c5b1-ref.fasta.70 ref.fasta.70 1
2019/11/26 13:58:16.74 work_queue_worker[1] wq: rx from master: infile file-0-ddd728dc31a49bcd4cacae5676b4e7f7-Create_Corrected_AllLRReads.py Create_Corrected_AllLRReads.py 1
2019/11/26 13:58:16.74 work_queue_worker[1] wq: rx from master: outfile file-0-ad7e219fdb919d508c85978cd933f02a-create.err.70 create.err.70 1
2019/11/26 13:58:16.74 work_queue_worker[1] wq: rx from master: outfile file-0-6c4e2ad68de484b0e0f069ab180eddad-Corrected_ref.fasta.70 Corrected_ref.fasta.70 1
2019/11/26 13:58:16.74 work_queue_worker[1] wq: rx from master: end
2019/11/26 13:58:16.74 work_queue_worker[1] wq: tx to master: info cached_files file-0-dc3757db948407bd7c6cc58ee6b04c2b-ref.fasta.75
2019/11/26 13:58:16.74 work_queue_worker[1] wq: tx to master: info cached_files file-0-a2792d718b5c0288a5eb7fae4c2221f6-ref.fasta.74
2019/11/26 13:58:16.74 work_queue_worker[1] wq: tx to master: info cached_files file-0-abeb2727ca9c4091778edaeb15a7c5b1-ref.fasta.70
2019/11/26 13:58:16.74 work_queue_worker[1] wq: tx to master: info cached_files file-0-42b180f996a16a7c4f6c17fd385de074-ref.fasta.77
2019/11/26 13:58:16.74 work_queue_worker[1] wq: linking cache/file-0-048045060f61089a83cce204e6b8f151-corr.out to /tmp/worker-0-1/t.42/corr.out
2019/11/26 13:58:16.74 work_queue_worker[1] wq: linking cache/file-0-abeb2727ca9c4091778edaeb15a7c5b1-ref.fasta.70 to /tmp/worker-0-1/t.42/ref.fasta.70
2019/11/26 13:58:16.74 work_queue_worker[1] wq: linking cache/file-0-ddd728dc31a49bcd4cacae5676b4e7f7-Create_Corrected_AllLRReads.py to /tmp/worker-0-1/t.42/Create_Corrected_AllLRReads.py
2019/11/26 13:58:16.74 work_queue_worker[1] wq: started process 29: python Create_Corrected_AllLRReads.py ref.fasta.70 corr.out 2> create.err.70
2019/11/26 13:58:16.74 work_queue_worker[1] wq: tx to master: info tasks_running 1
2019/11/26 13:58:16.80 work_queue_worker[1] wq: task 42 (pid 29) exited normally with exit code 0
2019/11/26 13:58:16.80 work_queue_worker[1] wq: moving output file from /tmp/worker-0-1/t.42/create.err.70 to cache/file-0-ad7e219fdb919d508c85978cd933f02a-create.err.70
2019/11/26 13:58:16.80 work_queue_worker[1] wq: moving output file from /tmp/worker-0-1/t.42/Corrected_ref.fasta.70 to cache/file-0-6c4e2ad68de484b0e0f069ab180eddad-Corrected_ref.fasta.70
2019/11/26 13:58:16.80 work_queue_worker[1] wq: tx to master: available_results
2019/11/26 13:58:16.92 work_queue_worker[1] wq: rx from master: send_results -1
2019/11/26 13:58:16.92 work_queue_worker[1] wq: tx to master: result 0 0 0 55604 42
2019/11/26 13:58:16.92 work_queue_worker[1] wq: tx to master: info tasks_running 0
2019/11/26 13:58:16.92 work_queue_worker[1] wq: tx to master: end
2019/11/26 13:58:16.92 work_queue_worker[1] wq: rx from master: get file-0-ad7e219fdb919d508c85978cd933f02a-create.err.70 1
2019/11/26 13:58:16.92 work_queue_worker[1] wq: tx to master: file file-0-ad7e219fdb919d508c85978cd933f02a-create.err.70 0
2019/11/26 13:58:16.92 work_queue_worker[1] wq: tx to master: end
2019/11/26 13:58:16.93 work_queue_worker[1] wq: rx from master: get file-0-6c4e2ad68de484b0e0f069ab180eddad-Corrected_ref.fasta.70 1
2019/11/26 13:58:16.93 work_queue_worker[1] wq: tx to master: file file-0-6c4e2ad68de484b0e0f069ab180eddad-Corrected_ref.fasta.70 1055000
2019/11/26 13:58:17.01 work_queue_worker[1] wq: tx to master: end
2019/11/26 13:58:17.05 work_queue_worker[1] wq: rx from master: kill 42
2019/11/26 13:58:17.05 work_queue_worker[1] wq: ---- DELETING: /tmp/worker-0-1/t.42
2019/11/26 13:58:17.37 work_queue_worker[1] wq: rx from master: put file-0-6b77758e715240c9b679c49306fe2944-ref.fasta.52 1055000 0644 1
2019/11/26 13:58:17.37 work_queue_worker[1] wq: Putting file file-0-6b77758e715240c9b679c49306fe2944-ref.fasta.52 into workspace
2019/11/26 13:58:17.37 work_queue_worker[1] wq: Dir /cache already exists in cache
2019/11/26 13:58:17.46 work_queue_worker[1] wq: ****BRUNO***** cp BARRA: -> cp ./cache/file-0-6b77758e715240c9b679c49306fe2944-ref.fasta.52 /cache.
2019/11/26 13:58:17.47 work_queue_worker[1] wq: rx from master: task 60
2019/11/26 13:58:17.47 work_queue_worker[1] wq: rx from master: cmd 76
2019/11/26 13:58:17.47 work_queue_worker[1] wq: rx from master: python Create_Corrected_AllLRReads.py ref.fasta.52 corr.out 2> create.err.52
2019/11/26 13:58:17.47 work_queue_worker[1] wq: rx from master: category default
2019/11/26 13:58:17.47 work_queue_worker[1] wq: rx from master: cores 1
2019/11/26 13:58:17.47 work_queue_worker[1] wq: rx from master: memory 7749
2019/11/26 13:58:17.47 work_queue_worker[1] wq: rx from master: disk 182625
2019/11/26 13:58:17.47 work_queue_worker[1] wq: rx from master: gpus 0
2019/11/26 13:58:17.47 work_queue_worker[1] wq: rx from master: end_time 18446744073709551615
2019/11/26 13:58:17.47 work_queue_worker[1] wq: rx from master: wall_time 18446744073709551615
2019/11/26 13:58:17.47 work_queue_worker[1] wq: rx from master: env 7
2019/11/26 13:58:17.47 work_queue_worker[1] wq: rx from master: env 17
2019/11/26 13:58:17.47 work_queue_worker[1] wq: rx from master: infile file-0-048045060f61089a83cce204e6b8f151-corr.out corr.out 1
2019/11/26 13:58:17.47 work_queue_worker[1] wq: rx from master: infile file-0-6b77758e715240c9b679c49306fe2944-ref.fasta.52 ref.fasta.52 1
2019/11/26 13:58:17.47 work_queue_worker[1] wq: rx from master: infile file-0-ddd728dc31a49bcd4cacae5676b4e7f7-Create_Corrected_AllLRReads.py Create_Corrected_AllLRReads.py 1
2019/11/26 13:58:17.47 work_queue_worker[1] wq: rx from master: outfile file-0-ca254a8599d50b75eb0328cc8dcf5d2c-create.err.52 create.err.52 1
2019/11/26 13:58:17.47 work_queue_worker[1] wq: rx from master: outfile file-0-a4a133c009ec38e610585b936fdd4f75-Corrected_ref.fasta.52 Corrected_ref.fasta.52 1
2019/11/26 13:58:17.47 work_queue_worker[1] wq: rx from master: end
2019/11/26 13:58:17.47 work_queue_worker[1] wq: tx to master: info cached_files file-0-d913049a4d72780e4307add72738d102-ref.fasta.60
2019/11/26 13:58:17.47 work_queue_worker[1] wq: tx to master: info cached_files file-0-6b77758e715240c9b679c49306fe2944-ref.fasta.52
2019/11/26 13:58:17.47 work_queue_worker[1] wq: tx to master: info cached_files file-0-9ae624b2bed16864dec7d9179e0d8396-ref.fasta.63
2019/11/26 13:58:17.47 work_queue_worker[1] wq: tx to master: info cached_files file-0-fa8b6c281c62434419601a5ed8923e8a-ref.fasta.61
2019/11/26 13:58:17.48 work_queue_worker[1] wq: linking cache/file-0-048045060f61089a83cce204e6b8f151-corr.out to /tmp/worker-0-1/t.60/corr.out
2019/11/26 13:58:17.48 work_queue_worker[1] wq: linking cache/file-0-6b77758e715240c9b679c49306fe2944-ref.fasta.52 to /tmp/worker-0-1/t.60/ref.fasta.52
2019/11/26 13:58:17.48 work_queue_worker[1] wq: linking cache/file-0-ddd728dc31a49bcd4cacae5676b4e7f7-Create_Corrected_AllLRReads.py to /tmp/worker-0-1/t.60/Create_Corrected_AllLRReads.py
2019/11/26 13:58:17.48 work_queue_worker[1] wq: started process 35: python Create_Corrected_AllLRReads.py ref.fasta.52 corr.out 2> create.err.52
2019/11/26 13:58:17.48 work_queue_worker[1] wq: tx to master: info tasks_running 1
2019/11/26 13:58:17.53 work_queue_worker[1] wq: task 60 (pid 35) exited normally with exit code 0
2019/11/26 13:58:17.53 work_queue_worker[1] wq: moving output file from /tmp/worker-0-1/t.60/create.err.52 to cache/file-0-ca254a8599d50b75eb0328cc8dcf5d2c-create.err.52
2019/11/26 13:58:17.53 work_queue_worker[1] wq: moving output file from /tmp/worker-0-1/t.60/Corrected_ref.fasta.52 to cache/file-0-a4a133c009ec38e610585b936fdd4f75-Corrected_ref.fasta.52
2019/11/26 13:58:17.53 work_queue_worker[1] wq: tx to master: available_results
2019/11/26 13:58:17.66 work_queue_worker[1] wq: rx from master: send_results -1
2019/11/26 13:58:17.66 work_queue_worker[1] wq: tx to master: result 0 0 0 49107 60
2019/11/26 13:58:17.66 work_queue_worker[1] wq: tx to master: info tasks_running 0
2019/11/26 13:58:17.66 work_queue_worker[1] wq: tx to master: end
2019/11/26 13:58:17.66 work_queue_worker[1] wq: rx from master: get file-0-ca254a8599d50b75eb0328cc8dcf5d2c-create.err.52 1
2019/11/26 13:58:17.66 work_queue_worker[1] wq: tx to master: file file-0-ca254a8599d50b75eb0328cc8dcf5d2c-create.err.52 0
2019/11/26 13:58:17.66 work_queue_worker[1] wq: tx to master: end
2019/11/26 13:58:17.67 work_queue_worker[1] wq: rx from master: get file-0-a4a133c009ec38e610585b936fdd4f75-Corrected_ref.fasta.52 1
2019/11/26 13:58:17.67 work_queue_worker[1] wq: tx to master: file file-0-a4a133c009ec38e610585b936fdd4f75-Corrected_ref.fasta.52 1055000
2019/11/26 13:58:17.75 work_queue_worker[1] wq: tx to master: end
2019/11/26 13:58:17.77 work_queue_worker[1] wq: rx from master: kill 60
2019/11/26 13:58:17.77 work_queue_worker[1] wq: ---- DELETING: /tmp/worker-0-1/t.60
2019/11/26 13:58:18.09 work_queue_worker[1] wq: rx from master: put file-0-c605fc0439959feae0390357f17419b2-ref.fasta.37 1055000 0644 1
2019/11/26 13:58:18.09 work_queue_worker[1] wq: Putting file file-0-c605fc0439959feae0390357f17419b2-ref.fasta.37 into workspace
2019/11/26 13:58:18.09 work_queue_worker[1] wq: Dir /cache already exists in cache
2019/11/26 13:58:18.18 work_queue_worker[1] wq: ****BRUNO***** cp BARRA: -> cp ./cache/file-0-c605fc0439959feae0390357f17419b2-ref.fasta.37 /cache.
2019/11/26 13:58:18.20 work_queue_worker[1] wq: rx from master: task 75
2019/11/26 13:58:18.20 work_queue_worker[1] wq: rx from master: cmd 76
2019/11/26 13:58:18.20 work_queue_worker[1] wq: rx from master: python Create_Corrected_AllLRReads.py ref.fasta.37 corr.out 2> create.err.37
2019/11/26 13:58:18.20 work_queue_worker[1] wq: rx from master: category default
2019/11/26 13:58:18.20 work_queue_worker[1] wq: rx from master: cores 1
2019/11/26 13:58:18.20 work_queue_worker[1] wq: rx from master: memory 7749
2019/11/26 13:58:18.20 work_queue_worker[1] wq: rx from master: disk 182625
2019/11/26 13:58:18.20 work_queue_worker[1] wq: rx from master: gpus 0
2019/11/26 13:58:18.20 work_queue_worker[1] wq: rx from master: end_time 18446744073709551615
2019/11/26 13:58:18.20 work_queue_worker[1] wq: rx from master: wall_time 18446744073709551615
2019/11/26 13:58:18.20 work_queue_worker[1] wq: rx from master: env 7
2019/11/26 13:58:18.20 work_queue_worker[1] wq: rx from master: env 17
2019/11/26 13:58:18.20 work_queue_worker[1] wq: rx from master: infile file-0-048045060f61089a83cce204e6b8f151-corr.out corr.out 1
2019/11/26 13:58:18.20 work_queue_worker[1] wq: rx from master: infile file-0-c605fc0439959feae0390357f17419b2-ref.fasta.37 ref.fasta.37 1
2019/11/26 13:58:18.20 work_queue_worker[1] wq: rx from master: infile file-0-ddd728dc31a49bcd4cacae5676b4e7f7-Create_Corrected_AllLRReads.py Create_Corrected_AllLRReads.py 1
2019/11/26 13:58:18.20 work_queue_worker[1] wq: rx from master: outfile file-0-cbde87290a67650f6667bc3af2be018f-create.err.37 create.err.37 1
2019/11/26 13:58:18.20 work_queue_worker[1] wq: rx from master: outfile file-0-d423e6aed7ceaf325978d672a6f9236a-Corrected_ref.fasta.37 Corrected_ref.fasta.37 1
2019/11/26 13:58:18.20 work_queue_worker[1] wq: rx from master: end
2019/11/26 13:58:18.20 work_queue_worker[1] wq: tx to master: info cached_files file-0-bf7186ae56998c8a87eced988339f1c6-ref.fasta.42
2019/11/26 13:58:18.20 work_queue_worker[1] wq: tx to master: info cached_files file-0-7509e4cb571ce79ae966eca79dc1dd5d-ref.fasta.43
2019/11/26 13:58:18.20 work_queue_worker[1] wq: tx to master: info cached_files file-0-b08bcaca0d4661ed0eebfe2af92bbce7-ref.fasta.44
2019/11/26 13:58:18.20 work_queue_worker[1] wq: tx to master: info cached_files file-0-c605fc0439959feae0390357f17419b2-ref.fasta.37
2019/11/26 13:58:18.21 work_queue_worker[1] wq: linking cache/file-0-048045060f61089a83cce204e6b8f151-corr.out to /tmp/worker-0-1/t.75/corr.out
2019/11/26 13:58:18.21 work_queue_worker[1] wq: linking cache/file-0-c605fc0439959feae0390357f17419b2-ref.fasta.37 to /tmp/worker-0-1/t.75/ref.fasta.37
2019/11/26 13:58:18.21 work_queue_worker[1] wq: linking cache/file-0-ddd728dc31a49bcd4cacae5676b4e7f7-Create_Corrected_AllLRReads.py to /tmp/worker-0-1/t.75/Create_Corrected_AllLRReads.py
2019/11/26 13:58:18.21 work_queue_worker[1] wq: started process 41: python Create_Corrected_AllLRReads.py ref.fasta.37 corr.out 2> create.err.37
2019/11/26 13:58:18.21 work_queue_worker[1] wq: tx to master: info tasks_running 1
2019/11/26 13:58:18.27 work_queue_worker[1] wq: task 75 (pid 41) exited normally with exit code 0
2019/11/26 13:58:18.27 work_queue_worker[1] wq: moving output file from /tmp/worker-0-1/t.75/create.err.37 to cache/file-0-cbde87290a67650f6667bc3af2be018f-create.err.37
2019/11/26 13:58:18.27 work_queue_worker[1] wq: moving output file from /tmp/worker-0-1/t.75/Corrected_ref.fasta.37 to cache/file-0-d423e6aed7ceaf325978d672a6f9236a-Corrected_ref.fasta.37
2019/11/26 13:58:18.27 work_queue_worker[1] wq: tx to master: available_results
2019/11/26 13:58:18.37 work_queue_worker[1] wq: rx from master: send_results -1
2019/11/26 13:58:18.37 work_queue_worker[1] wq: tx to master: result 0 0 0 57300 75
2019/11/26 13:58:18.37 work_queue_worker[1] wq: tx to master: info tasks_running 0
2019/11/26 13:58:18.37 work_queue_worker[1] wq: tx to master: end
2019/11/26 13:58:18.38 work_queue_worker[1] wq: rx from master: get file-0-cbde87290a67650f6667bc3af2be018f-create.err.37 1
2019/11/26 13:58:18.38 work_queue_worker[1] wq: tx to master: file file-0-cbde87290a67650f6667bc3af2be018f-create.err.37 0
2019/11/26 13:58:18.38 work_queue_worker[1] wq: tx to master: end
2019/11/26 13:58:18.40 work_queue_worker[1] wq: rx from master: get file-0-d423e6aed7ceaf325978d672a6f9236a-Corrected_ref.fasta.37 1
2019/11/26 13:58:18.40 work_queue_worker[1] wq: tx to master: file file-0-d423e6aed7ceaf325978d672a6f9236a-Corrected_ref.fasta.37 1055000
2019/11/26 13:58:18.49 work_queue_worker[1] wq: tx to master: end
2019/11/26 13:58:18.50 work_queue_worker[1] wq: rx from master: kill 75
2019/11/26 13:58:18.55 work_queue_worker[1] wq: ---- DELETING: /tmp/worker-0-1/t.75
2019/11/26 13:58:18.55 work_queue_worker[1] wq: rx from master: put file-0-6cf9f33a625212dc074b741ec59773a3-ref.fasta.22 1055000 0644 1
2019/11/26 13:58:18.55 work_queue_worker[1] wq: Putting file file-0-6cf9f33a625212dc074b741ec59773a3-ref.fasta.22 into workspace
2019/11/26 13:58:18.55 work_queue_worker[1] wq: Dir /cache already exists in cache
2019/11/26 13:58:18.62 work_queue_worker[1] wq: ****BRUNO***** cp BARRA: -> cp ./cache/file-0-6cf9f33a625212dc074b741ec59773a3-ref.fasta.22 /cache.
2019/11/26 13:58:18.63 work_queue_worker[1] wq: rx from master: task 90
2019/11/26 13:58:18.63 work_queue_worker[1] wq: rx from master: cmd 76
2019/11/26 13:58:18.63 work_queue_worker[1] wq: rx from master: python Create_Corrected_AllLRReads.py ref.fasta.22 corr.out 2> create.err.22
2019/11/26 13:58:18.63 work_queue_worker[1] wq: rx from master: category default
2019/11/26 13:58:18.63 work_queue_worker[1] wq: rx from master: cores 1
2019/11/26 13:58:18.63 work_queue_worker[1] wq: rx from master: memory 7749
2019/11/26 13:58:18.63 work_queue_worker[1] wq: rx from master: disk 182625
2019/11/26 13:58:18.63 work_queue_worker[1] wq: rx from master: gpus 0
2019/11/26 13:58:18.63 work_queue_worker[1] wq: rx from master: end_time 18446744073709551615
2019/11/26 13:58:18.63 work_queue_worker[1] wq: rx from master: wall_time 18446744073709551615
2019/11/26 13:58:18.63 work_queue_worker[1] wq: rx from master: env 7
2019/11/26 13:58:18.63 work_queue_worker[1] wq: rx from master: env 17
2019/11/26 13:58:18.63 work_queue_worker[1] wq: rx from master: infile file-0-048045060f61089a83cce204e6b8f151-corr.out corr.out 1
2019/11/26 13:58:18.63 work_queue_worker[1] wq: rx from master: infile file-0-6cf9f33a625212dc074b741ec59773a3-ref.fasta.22 ref.fasta.22 1
2019/11/26 13:58:18.63 work_queue_worker[1] wq: rx from master: infile file-0-ddd728dc31a49bcd4cacae5676b4e7f7-Create_Corrected_AllLRReads.py Create_Corrected_AllLRReads.py 1
2019/11/26 13:58:18.63 work_queue_worker[1] wq: rx from master: outfile file-0-2c24f53928f97cf8c7d05d5103e9fc74-create.err.22 create.err.22 1
2019/11/26 13:58:18.63 work_queue_worker[1] wq: rx from master: outfile file-0-0d3553fe067d8367e143a376f86e55b2-Corrected_ref.fasta.22 Corrected_ref.fasta.22 1
2019/11/26 13:58:18.63 work_queue_worker[1] wq: rx from master: end
2019/11/26 13:58:18.63 work_queue_worker[1] wq: tx to master: info cached_files file-0-6cf9f33a625212dc074b741ec59773a3-ref.fasta.22
2019/11/26 13:58:18.63 work_queue_worker[1] wq: tx to master: info cached_files file-0-4168598b82e1e2ebb63a7d86caf50185-ref.fasta.28
2019/11/26 13:58:18.63 work_queue_worker[1] wq: tx to master: info cached_files file-0-1ae7213b8b7cc4b7c0e10ebaeeca2ab9-ref.fasta.27
2019/11/26 13:58:18.63 work_queue_worker[1] wq: tx to master: info cached_files file-0-fb3ec5b7bc74b099f9b85fafce1dcdf1-ref.fasta.29
2019/11/26 13:58:18.64 work_queue_worker[1] wq: linking cache/file-0-048045060f61089a83cce204e6b8f151-corr.out to /tmp/worker-0-1/t.90/corr.out
2019/11/26 13:58:18.64 work_queue_worker[1] wq: linking cache/file-0-6cf9f33a625212dc074b741ec59773a3-ref.fasta.22 to /tmp/worker-0-1/t.90/ref.fasta.22
2019/11/26 13:58:18.64 work_queue_worker[1] wq: linking cache/file-0-ddd728dc31a49bcd4cacae5676b4e7f7-Create_Corrected_AllLRReads.py to /tmp/worker-0-1/t.90/Create_Corrected_AllLRReads.py
2019/11/26 13:58:18.64 work_queue_worker[1] wq: started process 47: python Create_Corrected_AllLRReads.py ref.fasta.22 corr.out 2> create.err.22
2019/11/26 13:58:18.64 work_queue_worker[1] wq: tx to master: info tasks_running 1
2019/11/26 13:58:18.69 work_queue_worker[1] wq: task 90 (pid 47) exited normally with exit code 0
2019/11/26 13:58:18.69 work_queue_worker[1] wq: moving output file from /tmp/worker-0-1/t.90/create.err.22 to cache/file-0-2c24f53928f97cf8c7d05d5103e9fc74-create.err.22
2019/11/26 13:58:18.69 work_queue_worker[1] wq: moving output file from /tmp/worker-0-1/t.90/Corrected_ref.fasta.22 to cache/file-0-0d3553fe067d8367e143a376f86e55b2-Corrected_ref.fasta.22
2019/11/26 13:58:18.69 work_queue_worker[1] wq: tx to master: available_results
2019/11/26 13:58:18.92 work_queue_worker[1] wq: rx from master: send_results -1
2019/11/26 13:58:18.92 work_queue_worker[1] wq: tx to master: result 0 0 0 49540 90
2019/11/26 13:58:18.92 work_queue_worker[1] wq: tx to master: info tasks_running 0
2019/11/26 13:58:18.92 work_queue_worker[1] wq: tx to master: end
2019/11/26 13:58:18.93 work_queue_worker[1] wq: rx from master: get file-0-2c24f53928f97cf8c7d05d5103e9fc74-create.err.22 1
2019/11/26 13:58:18.93 work_queue_worker[1] wq: tx to master: file file-0-2c24f53928f97cf8c7d05d5103e9fc74-create.err.22 0
2019/11/26 13:58:18.93 work_queue_worker[1] wq: tx to master: end
2019/11/26 13:58:18.93 work_queue_worker[1] wq: rx from master: get file-0-0d3553fe067d8367e143a376f86e55b2-Corrected_ref.fasta.22 1
2019/11/26 13:58:18.93 work_queue_worker[1] wq: tx to master: file file-0-0d3553fe067d8367e143a376f86e55b2-Corrected_ref.fasta.22 1055000
2019/11/26 13:58:19.00 work_queue_worker[1] wq: tx to master: end
2019/11/26 13:58:19.02 work_queue_worker[1] wq: rx from master: kill 90
2019/11/26 13:58:19.02 work_queue_worker[1] wq: ---- DELETING: /tmp/worker-0-1/t.90
2019/11/26 13:58:19.04 work_queue_worker[1] wq: rx from master: put file-0-2b408ecce6b0355d371c80b651c889f8-ref.fasta.18 1055000 0644 1
2019/11/26 13:58:19.04 work_queue_worker[1] wq: Putting file file-0-2b408ecce6b0355d371c80b651c889f8-ref.fasta.18 into workspace
2019/11/26 13:58:19.04 work_queue_worker[1] wq: Dir /cache already exists in cache
2019/11/26 13:58:19.34 work_queue_worker[1] wq: ****BRUNO***** cp BARRA: -> cp ./cache/file-0-2b408ecce6b0355d371c80b651c889f8-ref.fasta.18 /cache.
2019/11/26 13:58:19.34 work_queue_worker[1] wq: rx from master: task 94
2019/11/26 13:58:19.34 work_queue_worker[1] wq: rx from master: cmd 76
2019/11/26 13:58:19.34 work_queue_worker[1] wq: rx from master: python Create_Corrected_AllLRReads.py ref.fasta.18 corr.out 2> create.err.18
2019/11/26 13:58:19.34 work_queue_worker[1] wq: rx from master: category default
2019/11/26 13:58:19.35 work_queue_worker[1] wq: rx from master: cores 1
2019/11/26 13:58:19.35 work_queue_worker[1] wq: rx from master: memory 7749
2019/11/26 13:58:19.35 work_queue_worker[1] wq: rx from master: disk 182625
2019/11/26 13:58:19.35 work_queue_worker[1] wq: rx from master: gpus 0
2019/11/26 13:58:19.35 work_queue_worker[1] wq: rx from master: end_time 18446744073709551615
2019/11/26 13:58:19.35 work_queue_worker[1] wq: rx from master: wall_time 18446744073709551615
2019/11/26 13:58:19.35 work_queue_worker[1] wq: rx from master: env 7
2019/11/26 13:58:19.35 work_queue_worker[1] wq: rx from master: env 17
2019/11/26 13:58:19.35 work_queue_worker[1] wq: rx from master: infile file-0-048045060f61089a83cce204e6b8f151-corr.out corr.out 1
2019/11/26 13:58:19.35 work_queue_worker[1] wq: rx from master: infile file-0-2b408ecce6b0355d371c80b651c889f8-ref.fasta.18 ref.fasta.18 1
2019/11/26 13:58:19.35 work_queue_worker[1] wq: rx from master: infile file-0-ddd728dc31a49bcd4cacae5676b4e7f7-Create_Corrected_AllLRReads.py Create_Corrected_AllLRReads.py 1
2019/11/26 13:58:19.35 work_queue_worker[1] wq: rx from master: outfile file-0-595fb4693af43d75b1cbc82edbb69ac0-create.err.18 create.err.18 1
2019/11/26 13:58:19.35 work_queue_worker[1] wq: rx from master: outfile file-0-88d5d5079ab7eb98b74022c75a72ed72-Corrected_ref.fasta.18 Corrected_ref.fasta.18 1
2019/11/26 13:58:19.35 work_queue_worker[1] wq: rx from master: end
2019/11/26 13:58:19.35 work_queue_worker[1] wq: tx to master: info cached_files file-0-2b408ecce6b0355d371c80b651c889f8-ref.fasta.18
2019/11/26 13:58:19.35 work_queue_worker[1] wq: tx to master: info cached_files file-0-4cc40b4a6723ddd648f7b5efe2086e68-ref.fasta.8
2019/11/26 13:58:19.35 work_queue_worker[1] wq: linking cache/file-0-048045060f61089a83cce204e6b8f151-corr.out to /tmp/worker-0-1/t.94/corr.out
2019/11/26 13:58:19.35 work_queue_worker[1] wq: linking cache/file-0-2b408ecce6b0355d371c80b651c889f8-ref.fasta.18 to /tmp/worker-0-1/t.94/ref.fasta.18
2019/11/26 13:58:19.35 work_queue_worker[1] wq: linking cache/file-0-ddd728dc31a49bcd4cacae5676b4e7f7-Create_Corrected_AllLRReads.py to /tmp/worker-0-1/t.94/Create_Corrected_AllLRReads.py
2019/11/26 13:58:19.35 work_queue_worker[1] wq: started process 53: python Create_Corrected_AllLRReads.py ref.fasta.18 corr.out 2> create.err.18
2019/11/26 13:58:19.35 work_queue_worker[1] wq: tx to master: info tasks_running 1
2019/11/26 13:58:19.40 work_queue_worker[1] wq: task 94 (pid 53) exited normally with exit code 0
2019/11/26 13:58:19.40 work_queue_worker[1] wq: moving output file from /tmp/worker-0-1/t.94/create.err.18 to cache/file-0-595fb4693af43d75b1cbc82edbb69ac0-create.err.18
2019/11/26 13:58:19.40 work_queue_worker[1] wq: moving output file from /tmp/worker-0-1/t.94/Corrected_ref.fasta.18 to cache/file-0-88d5d5079ab7eb98b74022c75a72ed72-Corrected_ref.fasta.18
2019/11/26 13:58:19.40 work_queue_worker[1] wq: tx to master: available_results
2019/11/26 13:58:19.41 work_queue_worker[1] wq: rx from master: send_results -1
2019/11/26 13:58:19.41 work_queue_worker[1] wq: tx to master: result 0 0 0 51802 94
2019/11/26 13:58:19.41 work_queue_worker[1] wq: tx to master: info tasks_running 0
2019/11/26 13:58:19.41 work_queue_worker[1] wq: tx to master: end
2019/11/26 13:58:19.42 work_queue_worker[1] wq: rx from master: get file-0-595fb4693af43d75b1cbc82edbb69ac0-create.err.18 1
2019/11/26 13:58:19.42 work_queue_worker[1] wq: tx to master: file file-0-595fb4693af43d75b1cbc82edbb69ac0-create.err.18 0
2019/11/26 13:58:19.42 work_queue_worker[1] wq: tx to master: end
2019/11/26 13:58:19.42 work_queue_worker[1] wq: rx from master: get file-0-88d5d5079ab7eb98b74022c75a72ed72-Corrected_ref.fasta.18 1
2019/11/26 13:58:19.42 work_queue_worker[1] wq: tx to master: file file-0-88d5d5079ab7eb98b74022c75a72ed72-Corrected_ref.fasta.18 1055000
2019/11/26 13:58:19.49 work_queue_worker[1] wq: tx to master: end
2019/11/26 13:58:19.51 work_queue_worker[1] wq: rx from master: kill 94
2019/11/26 13:58:19.51 work_queue_worker[1] wq: ---- DELETING: /tmp/worker-0-1/t.94
2019/11/26 13:58:19.76 work_queue_worker[1] wq: rx from master: put file-0-bc1ca4a7d217f08f6cfed4b9fc896252-ref.fasta.67 1055000 0644 1
2019/11/26 13:58:19.76 work_queue_worker[1] wq: Putting file file-0-bc1ca4a7d217f08f6cfed4b9fc896252-ref.fasta.67 into workspace
2019/11/26 13:58:19.76 work_queue_worker[1] wq: Dir /cache already exists in cache
2019/11/26 13:58:19.85 work_queue_worker[1] wq: ****BRUNO***** cp BARRA: -> cp ./cache/file-0-bc1ca4a7d217f08f6cfed4b9fc896252-ref.fasta.67 /cache.
2019/11/26 13:58:19.86 work_queue_worker[1] wq: rx from master: task 45
2019/11/26 13:58:19.86 work_queue_worker[1] wq: rx from master: cmd 76
2019/11/26 13:58:19.86 work_queue_worker[1] wq: rx from master: python Create_Corrected_AllLRReads.py ref.fasta.67 corr.out 2> create.err.67
2019/11/26 13:58:19.86 work_queue_worker[1] wq: rx from master: category default
2019/11/26 13:58:19.86 work_queue_worker[1] wq: rx from master: cores 1
2019/11/26 13:58:19.86 work_queue_worker[1] wq: rx from master: memory 7749
2019/11/26 13:58:19.86 work_queue_worker[1] wq: rx from master: disk 182625
2019/11/26 13:58:19.86 work_queue_worker[1] wq: rx from master: gpus 0
2019/11/26 13:58:19.86 work_queue_worker[1] wq: rx from master: end_time 18446744073709551615
2019/11/26 13:58:19.86 work_queue_worker[1] wq: rx from master: wall_time 18446744073709551615
2019/11/26 13:58:19.86 work_queue_worker[1] wq: rx from master: env 7
2019/11/26 13:58:19.86 work_queue_worker[1] wq: rx from master: env 17
2019/11/26 13:58:19.86 work_queue_worker[1] wq: rx from master: infile file-0-048045060f61089a83cce204e6b8f151-corr.out corr.out 1
2019/11/26 13:58:19.86 work_queue_worker[1] wq: rx from master: infile file-0-bc1ca4a7d217f08f6cfed4b9fc896252-ref.fasta.67 ref.fasta.67 1
2019/11/26 13:58:19.86 work_queue_worker[1] wq: rx from master: infile file-0-ddd728dc31a49bcd4cacae5676b4e7f7-Create_Corrected_AllLRReads.py Create_Corrected_AllLRReads.py 1
2019/11/26 13:58:19.86 work_queue_worker[1] wq: rx from master: outfile file-0-4ba12b8ace67fcd816192a3a0ab4ab71-create.err.67 create.err.67 1
2019/11/26 13:58:19.86 work_queue_worker[1] wq: rx from master: outfile file-0-08caa705e78be4c10e0d8b165e57493f-Corrected_ref.fasta.67 Corrected_ref.fasta.67 1
2019/11/26 13:58:19.86 work_queue_worker[1] wq: rx from master: end
2019/11/26 13:58:19.86 work_queue_worker[1] wq: tx to master: info cached_files file-0-e1fd3d565f5a9462a45d8636a7a32668-ref.fasta.9
2019/11/26 13:58:19.86 work_queue_worker[1] wq: tx to master: info cached_files file-0-30475cdf029099342b775fc85202fe97-ref.fasta.10
2019/11/26 13:58:19.86 work_queue_worker[1] wq: tx to master: info cached_files file-0-bc1ca4a7d217f08f6cfed4b9fc896252-ref.fasta.67
2019/11/26 13:58:19.86 work_queue_worker[1] wq: linking cache/file-0-048045060f61089a83cce204e6b8f151-corr.out to /tmp/worker-0-1/t.45/corr.out
2019/11/26 13:58:19.86 work_queue_worker[1] wq: linking cache/file-0-bc1ca4a7d217f08f6cfed4b9fc896252-ref.fasta.67 to /tmp/worker-0-1/t.45/ref.fasta.67
2019/11/26 13:58:19.86 work_queue_worker[1] wq: linking cache/file-0-ddd728dc31a49bcd4cacae5676b4e7f7-Create_Corrected_AllLRReads.py to /tmp/worker-0-1/t.45/Create_Corrected_AllLRReads.py
2019/11/26 13:58:19.86 work_queue_worker[1] wq: started process 59: python Create_Corrected_AllLRReads.py ref.fasta.67 corr.out 2> create.err.67
2019/11/26 13:58:19.86 work_queue_worker[1] wq: tx to master: info tasks_running 1
2019/11/26 13:58:19.91 work_queue_worker[1] wq: task 45 (pid 59) exited normally with exit code 0
2019/11/26 13:58:19.91 work_queue_worker[1] wq: moving output file from /tmp/worker-0-1/t.45/create.err.67 to cache/file-0-4ba12b8ace67fcd816192a3a0ab4ab71-create.err.67
2019/11/26 13:58:19.91 work_queue_worker[1] wq: moving output file from /tmp/worker-0-1/t.45/Corrected_ref.fasta.67 to cache/file-0-08caa705e78be4c10e0d8b165e57493f-Corrected_ref.fasta.67
2019/11/26 13:58:19.91 work_queue_worker[1] wq: tx to master: available_results
2019/11/26 13:58:19.92 work_queue_worker[1] wq: rx from master: send_results -1
2019/11/26 13:58:19.92 work_queue_worker[1] wq: tx to master: result 0 0 0 48230 45
2019/11/26 13:58:19.92 work_queue_worker[1] wq: tx to master: info tasks_running 0
2019/11/26 13:58:19.92 work_queue_worker[1] wq: tx to master: end
2019/11/26 13:58:19.92 work_queue_worker[1] wq: rx from master: get file-0-4ba12b8ace67fcd816192a3a0ab4ab71-create.err.67 1
2019/11/26 13:58:19.92 work_queue_worker[1] wq: tx to master: file file-0-4ba12b8ace67fcd816192a3a0ab4ab71-create.err.67 0
2019/11/26 13:58:19.92 work_queue_worker[1] wq: tx to master: end
2019/11/26 13:58:19.92 work_queue_worker[1] wq: rx from master: get file-0-08caa705e78be4c10e0d8b165e57493f-Corrected_ref.fasta.67 1
2019/11/26 13:58:19.92 work_queue_worker[1] wq: tx to master: file file-0-08caa705e78be4c10e0d8b165e57493f-Corrected_ref.fasta.67 1055000
2019/11/26 13:58:19.99 work_queue_worker[1] wq: tx to master: end
2019/11/26 13:58:20.01 work_queue_worker[1] wq: rx from master: kill 45
2019/11/26 13:58:20.01 work_queue_worker[1] wq: ---- DELETING: /tmp/worker-0-1/t.45
2019/11/26 13:58:20.90 work_queue_worker[1] wq: rx from master: release
2019/11/26 13:58:20.90 work_queue_worker[1] wq: released by master 10.0.230.17:1026.
2019/11/26 13:58:20.90 work_queue_worker[1] wq: *********** BRUNO ******** NOT cleaning workspace /tmp/worker-0-1
2019/11/26 13:58:20.90 work_queue_worker[1] wq: disconnecting from master 10.0.230.17:1026
2019/11/26 13:58:20.90 work_queue_worker[1] tcp: disconnected from 10.0.230.17 port 1026
2019/11/26 13:58:20.90 work_queue_worker[1] wq: killing all outstanding tasks
2019/11/26 13:58:20.90 work_queue_worker[1] wq: all data structures are clean
2019/11/26 13:58:21.90 work_queue_worker[1] tcp: connecting to 10.0.230.17 port 1026
