2019/11/26 13:46:35.15 work_queue_worker[1] debug: /home/cctools_BRUNO_bin/bin/work_queue_worker version 8.0.0 DEVELOPMENT (released 2019-11-06 16:35:57 +0000)
2019/11/26 13:46:35.15 work_queue_worker[1] debug: Built by root@2546322b0463 on 2019-11-06 16:35:57 +0000
2019/11/26 13:46:35.15 work_queue_worker[1] debug: System: Linux 2546322b0463 5.0.0-32-generic #34~18.04.2-Ubuntu SMP Thu Oct 10 10:36:02 UTC 2019 x86_64 x86_64 x86_64 GNU/Linux
2019/11/26 13:46:35.15 work_queue_worker[1] debug: Configuration: --prefix /home/cctools_BRUNO_bin
2019/11/26 13:46:35.15 work_queue_worker[1] wq: WORK_QUEUE_SANDBOX set to /tmp/worker-0-1.
2019/11/26 13:46:35.15 work_queue_worker[1] debug: error reading disk usage on directory: ./cache.
2019/11/26 13:46:35.15 work_queue_worker[1] dns: looking up name master
2019/11/26 13:46:35.15 work_queue_worker[1] dns: couldn't look up master: Name or service not known
2019/11/26 13:46:37.15 work_queue_worker[1] dns: looking up name master
2019/11/26 13:46:37.15 work_queue_worker[1] dns: couldn't look up master: Name or service not known
2019/11/26 13:46:39.15 work_queue_worker[1] dns: looking up name master
2019/11/26 13:46:39.15 work_queue_worker[1] dns: master is 10.0.230.17
2019/11/26 13:46:39.15 work_queue_worker[1] tcp: connecting to 10.0.230.17 port 1026
2019/11/26 13:46:39.15 work_queue_worker[1] tcp: made connection to 10.0.230.17 port 1026
2019/11/26 13:46:39.15 work_queue_worker[1] wq: connected to master master:1026 via local address 10.0.230.14:59628
2019/11/26 13:46:39.15 work_queue_worker[1] wq: preparing workspace /tmp/worker-0-1
2019/11/26 13:46:39.15 work_queue_worker[1] dns: looking up name 325e75edbf53
2019/11/26 13:46:39.15 work_queue_worker[1] dns: 325e75edbf53 is 10.0.230.14
2019/11/26 13:46:39.15 work_queue_worker[1] dns: looking up addr 10.0.230.14
2019/11/26 13:46:39.15 work_queue_worker[1] dns: 10.0.230.14 is 325e75edbf53
2019/11/26 13:46:39.15 work_queue_worker[1] dns: finding my hostname: uname = 325e75edbf53, address = 10.0.230.14, hostname = 325e75edbf53
2019/11/26 13:46:39.15 work_queue_worker[1] wq: tx to master: workqueue 8 325e75edbf53 Linux x86_64 8.0.0
2019/11/26 13:46:39.15 work_queue_worker[1] wq: tx to master: info worker-id worker-c7dbf792d9a2d2adbc100d41a52aae50
2019/11/26 13:46:39.15 work_queue_worker[1] wq: tx to master: alive
2019/11/26 13:46:39.15 work_queue_worker[1] wq: Sending resource description to master:
2019/11/26 13:46:39.15 work_queue_worker[1] wq:  workers      0 inuse      1 total      1 smallest      1 largest
2019/11/26 13:46:39.15 work_queue_worker[1] wq:     disk      0 inuse   2495 total   2495 smallest   2495 largest
2019/11/26 13:46:39.15 work_queue_worker[1] wq:   memory      0 inuse  11908 total  11908 smallest  11908 largest
2019/11/26 13:46:39.15 work_queue_worker[1] wq:     gpus      0 inuse      0 total      0 smallest      0 largest
2019/11/26 13:46:39.15 work_queue_worker[1] wq:    cores      0 inuse      1 total      1 smallest      1 largest
2019/11/26 13:46:39.15 work_queue_worker[1] wq: tx to master: info end_of_resource_update 0
2019/11/26 13:46:39.15 work_queue_worker[1] wq: tx to master: info tasks_running 0
2019/11/26 13:46:39.15 work_queue_worker[1] wq: working for master at 10.0.230.17:1026.
2019/11/26 13:48:41.03 work_queue_worker[1] wq: rx from master: put file-0-6fc1453ebcb4c31e04f426871fd36430-query.fastq.7 2044000 0644 1
2019/11/26 13:48:41.03 work_queue_worker[1] wq: Putting file file-0-6fc1453ebcb4c31e04f426871fd36430-query.fastq.7 into workspace
2019/11/26 13:48:41.03 work_queue_worker[1] wq: Dir /cache already exists in cache
2019/11/26 13:48:41.03 work_queue_worker[1] wq: ****BRUNO***** cp BARRA: -> cp ./cache/file-0-6fc1453ebcb4c31e04f426871fd36430-query.fastq.7 /cache.
2019/11/26 13:48:41.04 work_queue_worker[1] wq: rx from master: put file-0-971da570f958f7598fb58342dc472274-ref.fasta.sa 50000056 0644 1
2019/11/26 13:48:41.04 work_queue_worker[1] wq: Putting file file-0-971da570f958f7598fb58342dc472274-ref.fasta.sa into workspace
2019/11/26 13:48:41.04 work_queue_worker[1] wq: Dir /cache already exists in cache
2019/11/26 13:48:41.11 work_queue_worker[1] wq: ****BRUNO***** cp BARRA: -> cp ./cache/file-0-971da570f958f7598fb58342dc472274-ref.fasta.sa /cache.
2019/11/26 13:48:41.17 work_queue_worker[1] wq: rx from master: put file-0-35f59a9883b4870b84f03717aff16002-ref.fasta.ann 5866697 0644 1
2019/11/26 13:48:41.17 work_queue_worker[1] wq: Putting file file-0-35f59a9883b4870b84f03717aff16002-ref.fasta.ann into workspace
2019/11/26 13:48:41.17 work_queue_worker[1] wq: Dir /cache already exists in cache
2019/11/26 13:48:41.18 work_queue_worker[1] wq: ****BRUNO***** cp BARRA: -> cp ./cache/file-0-35f59a9883b4870b84f03717aff16002-ref.fasta.ann /cache.
2019/11/26 13:48:41.19 work_queue_worker[1] wq: rx from master: put file-0-1aba5e7adecebe065db19a405fb8bdf0-ref.fasta.amb 19 0644 1
2019/11/26 13:48:41.19 work_queue_worker[1] wq: Putting file file-0-1aba5e7adecebe065db19a405fb8bdf0-ref.fasta.amb into workspace
2019/11/26 13:48:41.19 work_queue_worker[1] wq: Dir /cache already exists in cache
2019/11/26 13:48:41.19 work_queue_worker[1] wq: ****BRUNO***** cp BARRA: -> cp ./cache/file-0-1aba5e7adecebe065db19a405fb8bdf0-ref.fasta.amb /cache.
2019/11/26 13:48:41.19 work_queue_worker[1] wq: rx from master: put file-0-d4ff2b390cdd34b642d74a1cd1b59b97-ref.fasta.pac 25000002 0644 1
2019/11/26 13:48:41.19 work_queue_worker[1] wq: Putting file file-0-d4ff2b390cdd34b642d74a1cd1b59b97-ref.fasta.pac into workspace
2019/11/26 13:48:41.19 work_queue_worker[1] wq: Dir /cache already exists in cache
2019/11/26 13:48:41.23 work_queue_worker[1] wq: ****BRUNO***** cp BARRA: -> cp ./cache/file-0-d4ff2b390cdd34b642d74a1cd1b59b97-ref.fasta.pac /cache.
2019/11/26 13:48:41.26 work_queue_worker[1] wq: rx from master: put file-0-0cadea4f68da3f941c5b5f0c963a59f8-ref.fasta.bwt 100000072 0644 1
2019/11/26 13:48:41.26 work_queue_worker[1] wq: Putting file file-0-0cadea4f68da3f941c5b5f0c963a59f8-ref.fasta.bwt into workspace
2019/11/26 13:48:41.26 work_queue_worker[1] wq: Dir /cache already exists in cache
2019/11/26 13:48:41.40 work_queue_worker[1] wq: ****BRUNO***** cp BARRA: -> cp ./cache/file-0-0cadea4f68da3f941c5b5f0c963a59f8-ref.fasta.bwt /cache.
2019/11/26 13:48:41.53 work_queue_worker[1] wq: rx from master: put file-0-b08c3e9746692f64bcb9a448620c7967-ref.fasta 105477790 0644 1
2019/11/26 13:48:41.53 work_queue_worker[1] wq: Putting file file-0-b08c3e9746692f64bcb9a448620c7967-ref.fasta into workspace
2019/11/26 13:48:41.53 work_queue_worker[1] wq: Dir /cache already exists in cache
2019/11/26 13:48:41.67 work_queue_worker[1] wq: ****BRUNO***** cp BARRA: -> cp ./cache/file-0-b08c3e9746692f64bcb9a448620c7967-ref.fasta /cache.
2019/11/26 13:48:43.43 work_queue_worker[1] wq: rx from master: put file-0-a6be17d8a097bb9efd120be10bbc654c-bwa 1444312 0755 1
2019/11/26 13:48:43.43 work_queue_worker[1] wq: Putting file file-0-a6be17d8a097bb9efd120be10bbc654c-bwa into workspace
2019/11/26 13:48:43.43 work_queue_worker[1] wq: Dir /cache already exists in cache
2019/11/26 13:48:43.43 work_queue_worker[1] wq: ****BRUNO***** cp BARRA: -> cp ./cache/file-0-a6be17d8a097bb9efd120be10bbc654c-bwa /cache.
2019/11/26 13:48:43.78 work_queue_worker[1] wq: rx from master: task 3
2019/11/26 13:48:43.78 work_queue_worker[1] wq: rx from master: cmd 58
2019/11/26 13:48:43.78 work_queue_worker[1] wq: rx from master: ./bwa mem ref.fasta query.fastq.7 > Out.7.sam 2> mem.7.err
2019/11/26 13:48:43.78 work_queue_worker[1] wq: rx from master: category default
2019/11/26 13:48:43.78 work_queue_worker[1] wq: rx from master: cores 1
2019/11/26 13:48:43.78 work_queue_worker[1] wq: rx from master: memory 11908
2019/11/26 13:48:43.78 work_queue_worker[1] wq: rx from master: disk 2495
2019/11/26 13:48:43.78 work_queue_worker[1] wq: rx from master: gpus 0
2019/11/26 13:48:43.78 work_queue_worker[1] wq: rx from master: end_time 18446744073709551615
2019/11/26 13:48:43.78 work_queue_worker[1] wq: rx from master: wall_time 18446744073709551615
2019/11/26 13:48:43.78 work_queue_worker[1] wq: rx from master: env 7
2019/11/26 13:48:43.78 work_queue_worker[1] wq: rx from master: env 17
2019/11/26 13:48:43.78 work_queue_worker[1] wq: rx from master: infile file-0-6fc1453ebcb4c31e04f426871fd36430-query.fastq.7 query.fastq.7 1
2019/11/26 13:48:43.78 work_queue_worker[1] wq: rx from master: infile file-0-971da570f958f7598fb58342dc472274-ref.fasta.sa ref.fasta.sa 1
2019/11/26 13:48:43.78 work_queue_worker[1] wq: rx from master: infile file-0-35f59a9883b4870b84f03717aff16002-ref.fasta.ann ref.fasta.ann 1
2019/11/26 13:48:43.78 work_queue_worker[1] wq: rx from master: infile file-0-1aba5e7adecebe065db19a405fb8bdf0-ref.fasta.amb ref.fasta.amb 1
2019/11/26 13:48:43.78 work_queue_worker[1] wq: rx from master: infile file-0-d4ff2b390cdd34b642d74a1cd1b59b97-ref.fasta.pac ref.fasta.pac 1
2019/11/26 13:48:43.78 work_queue_worker[1] wq: rx from master: infile file-0-0cadea4f68da3f941c5b5f0c963a59f8-ref.fasta.bwt ref.fasta.bwt 1
2019/11/26 13:48:43.78 work_queue_worker[1] wq: rx from master: infile file-0-b08c3e9746692f64bcb9a448620c7967-ref.fasta ref.fasta 1
2019/11/26 13:48:43.78 work_queue_worker[1] wq: rx from master: infile file-0-a6be17d8a097bb9efd120be10bbc654c-bwa bwa 1
2019/11/26 13:48:43.78 work_queue_worker[1] wq: rx from master: outfile file-0-deffde5ad8cdb4cf91491c38860a1d72-mem.7.err mem.7.err 1
2019/11/26 13:48:43.78 work_queue_worker[1] wq: rx from master: outfile file-0-c450dc6d4d5da63e849c420e4cfcb2be-Out.7.sam Out.7.sam 1
2019/11/26 13:48:43.78 work_queue_worker[1] wq: rx from master: end
2019/11/26 13:48:43.78 work_queue_worker[1] wq: tx to master: info cached_files file-0-6a3566a41d4cc2c0ac4ec7bfaab41382-query.fastq.6
2019/11/26 13:48:43.78 work_queue_worker[1] wq: tx to master: info cached_files file-0-d4ff2b390cdd34b642d74a1cd1b59b97-ref.fasta.pac
2019/11/26 13:48:43.78 work_queue_worker[1] wq: tx to master: info cached_files file-0-1aba5e7adecebe065db19a405fb8bdf0-ref.fasta.amb
2019/11/26 13:48:43.78 work_queue_worker[1] wq: tx to master: info cached_files file-0-b08c3e9746692f64bcb9a448620c7967-ref.fasta
2019/11/26 13:48:43.79 work_queue_worker[1] wq: tx to master: info cached_files file-0-6fc1453ebcb4c31e04f426871fd36430-query.fastq.7
2019/11/26 13:48:43.79 work_queue_worker[1] wq: tx to master: info cached_files file-0-0cadea4f68da3f941c5b5f0c963a59f8-ref.fasta.bwt
2019/11/26 13:48:43.79 work_queue_worker[1] wq: tx to master: info cached_files file-0-a6be17d8a097bb9efd120be10bbc654c-bwa
2019/11/26 13:48:43.79 work_queue_worker[1] wq: tx to master: info cached_files file-0-971da570f958f7598fb58342dc472274-ref.fasta.sa
2019/11/26 13:48:43.79 work_queue_worker[1] wq: tx to master: info cached_files file-0-f4e5d6ff9260756e956ec7c8817d32bf-query.fastq.8
2019/11/26 13:48:43.79 work_queue_worker[1] wq: tx to master: info cached_files file-0-35f59a9883b4870b84f03717aff16002-ref.fasta.ann
2019/11/26 13:48:43.84 work_queue_worker[1] wq: linking cache/file-0-6fc1453ebcb4c31e04f426871fd36430-query.fastq.7 to /tmp/worker-0-1/t.3/query.fastq.7
2019/11/26 13:48:43.84 work_queue_worker[1] wq: linking cache/file-0-971da570f958f7598fb58342dc472274-ref.fasta.sa to /tmp/worker-0-1/t.3/ref.fasta.sa
2019/11/26 13:48:43.85 work_queue_worker[1] wq: linking cache/file-0-35f59a9883b4870b84f03717aff16002-ref.fasta.ann to /tmp/worker-0-1/t.3/ref.fasta.ann
2019/11/26 13:48:43.85 work_queue_worker[1] wq: linking cache/file-0-1aba5e7adecebe065db19a405fb8bdf0-ref.fasta.amb to /tmp/worker-0-1/t.3/ref.fasta.amb
2019/11/26 13:48:43.85 work_queue_worker[1] wq: linking cache/file-0-d4ff2b390cdd34b642d74a1cd1b59b97-ref.fasta.pac to /tmp/worker-0-1/t.3/ref.fasta.pac
2019/11/26 13:48:43.85 work_queue_worker[1] wq: linking cache/file-0-0cadea4f68da3f941c5b5f0c963a59f8-ref.fasta.bwt to /tmp/worker-0-1/t.3/ref.fasta.bwt
2019/11/26 13:48:43.85 work_queue_worker[1] wq: linking cache/file-0-b08c3e9746692f64bcb9a448620c7967-ref.fasta to /tmp/worker-0-1/t.3/ref.fasta
2019/11/26 13:48:43.85 work_queue_worker[1] wq: linking cache/file-0-a6be17d8a097bb9efd120be10bbc654c-bwa to /tmp/worker-0-1/t.3/bwa
2019/11/26 13:48:43.85 work_queue_worker[1] wq: Waiting task 3 has been forsaken.
2019/11/26 13:48:43.85 work_queue_worker[1] wq: tx to master: alive
2019/11/26 13:48:43.85 work_queue_worker[1] wq: Sending resource description to master:
2019/11/26 13:48:43.85 work_queue_worker[1] wq:  workers      0 inuse      1 total      1 smallest      1 largest
2019/11/26 13:48:43.85 work_queue_worker[1] wq:     disk      0 inuse   2202 total   2202 smallest   2202 largest
2019/11/26 13:48:43.85 work_queue_worker[1] wq:   memory      0 inuse  11908 total  11908 smallest  11908 largest
2019/11/26 13:48:43.85 work_queue_worker[1] wq:     gpus      0 inuse      0 total      0 smallest      0 largest
2019/11/26 13:48:43.85 work_queue_worker[1] wq:    cores      0 inuse      1 total      1 smallest      1 largest
2019/11/26 13:48:43.85 work_queue_worker[1] wq: tx to master: info end_of_resource_update 0
2019/11/26 13:48:43.85 work_queue_worker[1] wq: tx to master: info tasks_running 0
2019/11/26 13:48:43.85 work_queue_worker[1] wq: tx to master: info tasks_running 0
2019/11/26 13:48:43.85 work_queue_worker[1] wq: tx to master: available_results
2019/11/26 13:49:05.94 work_queue_worker[1] wq: rx from master: send_results -1
2019/11/26 13:49:05.94 work_queue_worker[1] wq: tx to master: result 40 0 0 0 3
2019/11/26 13:49:05.94 work_queue_worker[1] wq: tx to master: info tasks_running 0
2019/11/26 13:49:05.94 work_queue_worker[1] wq: tx to master: end
2019/11/26 13:49:05.94 work_queue_worker[1] wq: rx from master: task 2
2019/11/26 13:49:05.94 work_queue_worker[1] wq: rx from master: cmd 58
2019/11/26 13:49:05.94 work_queue_worker[1] wq: rx from master: ./bwa mem ref.fasta query.fastq.8 > Out.8.sam 2> mem.8.err
2019/11/26 13:49:05.94 work_queue_worker[1] wq: rx from master: category default
2019/11/26 13:49:05.94 work_queue_worker[1] wq: rx from master: cores 1
2019/11/26 13:49:05.94 work_queue_worker[1] wq: rx from master: memory 11908
2019/11/26 13:49:05.94 work_queue_worker[1] wq: rx from master: disk 2202
2019/11/26 13:49:05.94 work_queue_worker[1] wq: rx from master: gpus 0
2019/11/26 13:49:05.94 work_queue_worker[1] wq: rx from master: end_time 18446744073709551615
2019/11/26 13:49:05.94 work_queue_worker[1] wq: rx from master: wall_time 18446744073709551615
2019/11/26 13:49:05.94 work_queue_worker[1] wq: rx from master: env 7
2019/11/26 13:49:05.94 work_queue_worker[1] wq: rx from master: env 17
2019/11/26 13:49:05.94 work_queue_worker[1] wq: rx from master: infile file-0-f4e5d6ff9260756e956ec7c8817d32bf-query.fastq.8 query.fastq.8 1
2019/11/26 13:49:05.94 work_queue_worker[1] wq: rx from master: infile file-0-971da570f958f7598fb58342dc472274-ref.fasta.sa ref.fasta.sa 1
2019/11/26 13:49:05.94 work_queue_worker[1] wq: rx from master: infile file-0-35f59a9883b4870b84f03717aff16002-ref.fasta.ann ref.fasta.ann 1
2019/11/26 13:49:05.94 work_queue_worker[1] wq: rx from master: infile file-0-1aba5e7adecebe065db19a405fb8bdf0-ref.fasta.amb ref.fasta.amb 1
2019/11/26 13:49:05.94 work_queue_worker[1] wq: rx from master: infile file-0-d4ff2b390cdd34b642d74a1cd1b59b97-ref.fasta.pac ref.fasta.pac 1
2019/11/26 13:49:05.94 work_queue_worker[1] wq: rx from master: infile file-0-0cadea4f68da3f941c5b5f0c963a59f8-ref.fasta.bwt ref.fasta.bwt 1
2019/11/26 13:49:05.94 work_queue_worker[1] wq: rx from master: infile file-0-b08c3e9746692f64bcb9a448620c7967-ref.fasta ref.fasta 1
2019/11/26 13:49:05.94 work_queue_worker[1] wq: rx from master: infile file-0-a6be17d8a097bb9efd120be10bbc654c-bwa bwa 1
2019/11/26 13:49:05.94 work_queue_worker[1] wq: rx from master: outfile file-0-7878bff1ca186bbdc6284fee1c09d919-mem.8.err mem.8.err 1
2019/11/26 13:49:05.94 work_queue_worker[1] wq: rx from master: outfile file-0-a0fd94909e819a6022a67582ae1fffd8-Out.8.sam Out.8.sam 1
2019/11/26 13:49:05.94 work_queue_worker[1] wq: rx from master: end
2019/11/26 13:49:05.94 work_queue_worker[1] wq: tx to master: info cached_files file-0-ec2b61782898a8d0b03d68fc63e81229-query.fastq.5
2019/11/26 13:49:05.94 work_queue_worker[1] wq: tx to master: info cached_files file-0-ca460a46b92c00497c427b9d5c9ec7aa-query.fastq.2
2019/11/26 13:49:05.94 work_queue_worker[1] wq: tx to master: info cached_files file-0-c5ee5a022e0a239ae11f2cc3e034beda-query.fastq.4
2019/11/26 13:49:05.94 work_queue_worker[1] wq: tx to master: info cached_files file-0-cdcb812e1d4b3d86022e7dd488b06452-query.fastq.3
2019/11/26 13:49:05.94 work_queue_worker[1] wq: tx to master: info cached_files file-0-bdb63e29446c6e8e27808af94d0bc963-query.fastq.9
2019/11/26 13:49:05.94 work_queue_worker[1] wq: linking cache/file-0-f4e5d6ff9260756e956ec7c8817d32bf-query.fastq.8 to /tmp/worker-0-1/t.2/query.fastq.8
2019/11/26 13:49:05.94 work_queue_worker[1] wq: linking cache/file-0-971da570f958f7598fb58342dc472274-ref.fasta.sa to /tmp/worker-0-1/t.2/ref.fasta.sa
2019/11/26 13:49:05.94 work_queue_worker[1] wq: linking cache/file-0-35f59a9883b4870b84f03717aff16002-ref.fasta.ann to /tmp/worker-0-1/t.2/ref.fasta.ann
2019/11/26 13:49:05.94 work_queue_worker[1] wq: linking cache/file-0-1aba5e7adecebe065db19a405fb8bdf0-ref.fasta.amb to /tmp/worker-0-1/t.2/ref.fasta.amb
2019/11/26 13:49:05.94 work_queue_worker[1] wq: linking cache/file-0-d4ff2b390cdd34b642d74a1cd1b59b97-ref.fasta.pac to /tmp/worker-0-1/t.2/ref.fasta.pac
2019/11/26 13:49:05.94 work_queue_worker[1] wq: linking cache/file-0-0cadea4f68da3f941c5b5f0c963a59f8-ref.fasta.bwt to /tmp/worker-0-1/t.2/ref.fasta.bwt
2019/11/26 13:49:05.94 work_queue_worker[1] wq: linking cache/file-0-b08c3e9746692f64bcb9a448620c7967-ref.fasta to /tmp/worker-0-1/t.2/ref.fasta
2019/11/26 13:49:05.94 work_queue_worker[1] wq: linking cache/file-0-a6be17d8a097bb9efd120be10bbc654c-bwa to /tmp/worker-0-1/t.2/bwa
2019/11/26 13:49:05.94 work_queue_worker[1] wq: started process 29: ./bwa mem ref.fasta query.fastq.8 > Out.8.sam 2> mem.8.err
2019/11/26 13:49:05.94 work_queue_worker[1] wq: tx to master: info tasks_running 1
2019/11/26 13:49:07.56 work_queue_worker[1] wq: task 2 (pid 29) exited normally with exit code 0
2019/11/26 13:49:07.56 work_queue_worker[1] wq: moving output file from /tmp/worker-0-1/t.2/mem.8.err to cache/file-0-7878bff1ca186bbdc6284fee1c09d919-mem.8.err
2019/11/26 13:49:07.56 work_queue_worker[1] wq: moving output file from /tmp/worker-0-1/t.2/Out.8.sam to cache/file-0-a0fd94909e819a6022a67582ae1fffd8-Out.8.sam
2019/11/26 13:49:07.56 work_queue_worker[1] wq: tx to master: available_results
2019/11/26 13:49:16.45 work_queue_worker[1] wq: rx from master: send_results -1
2019/11/26 13:49:16.45 work_queue_worker[1] wq: tx to master: result 0 0 0 1616030 2
2019/11/26 13:49:16.45 work_queue_worker[1] wq: tx to master: info tasks_running 0
2019/11/26 13:49:16.45 work_queue_worker[1] wq: tx to master: end
2019/11/26 13:49:16.50 work_queue_worker[1] wq: rx from master: get file-0-7878bff1ca186bbdc6284fee1c09d919-mem.8.err 1
2019/11/26 13:49:16.50 work_queue_worker[1] wq: tx to master: file file-0-7878bff1ca186bbdc6284fee1c09d919-mem.8.err 535
2019/11/26 13:49:16.50 work_queue_worker[1] wq: tx to master: end
2019/11/26 13:49:16.50 work_queue_worker[1] wq: rx from master: get file-0-a0fd94909e819a6022a67582ae1fffd8-Out.8.sam 1
2019/11/26 13:49:16.50 work_queue_worker[1] wq: tx to master: file file-0-a0fd94909e819a6022a67582ae1fffd8-Out.8.sam 7089294
2019/11/26 13:49:16.51 work_queue_worker[1] wq: tx to master: end
2019/11/26 13:49:16.51 work_queue_worker[1] wq: rx from master: kill 2
2019/11/26 13:49:16.51 work_queue_worker[1] wq: ---- DELETING: /tmp/worker-0-1/t.2
2019/11/26 13:49:17.79 work_queue_worker[1] wq: rx from master: task 8
2019/11/26 13:49:17.79 work_queue_worker[1] wq: rx from master: cmd 58
2019/11/26 13:49:17.79 work_queue_worker[1] wq: rx from master: ./bwa mem ref.fasta query.fastq.2 > Out.2.sam 2> mem.2.err
2019/11/26 13:49:17.79 work_queue_worker[1] wq: rx from master: category default
2019/11/26 13:49:17.79 work_queue_worker[1] wq: rx from master: cores 1
2019/11/26 13:49:17.79 work_queue_worker[1] wq: rx from master: memory 11908
2019/11/26 13:49:17.79 work_queue_worker[1] wq: rx from master: disk 2202
2019/11/26 13:49:17.79 work_queue_worker[1] wq: rx from master: gpus 0
2019/11/26 13:49:17.79 work_queue_worker[1] wq: rx from master: end_time 18446744073709551615
2019/11/26 13:49:17.79 work_queue_worker[1] wq: rx from master: wall_time 18446744073709551615
2019/11/26 13:49:17.79 work_queue_worker[1] wq: rx from master: env 7
2019/11/26 13:49:17.79 work_queue_worker[1] wq: rx from master: env 17
2019/11/26 13:49:17.79 work_queue_worker[1] wq: rx from master: infile file-0-ca460a46b92c00497c427b9d5c9ec7aa-query.fastq.2 query.fastq.2 1
2019/11/26 13:49:17.79 work_queue_worker[1] wq: rx from master: infile file-0-971da570f958f7598fb58342dc472274-ref.fasta.sa ref.fasta.sa 1
2019/11/26 13:49:17.79 work_queue_worker[1] wq: rx from master: infile file-0-35f59a9883b4870b84f03717aff16002-ref.fasta.ann ref.fasta.ann 1
2019/11/26 13:49:17.79 work_queue_worker[1] wq: rx from master: infile file-0-1aba5e7adecebe065db19a405fb8bdf0-ref.fasta.amb ref.fasta.amb 1
2019/11/26 13:49:17.79 work_queue_worker[1] wq: rx from master: infile file-0-d4ff2b390cdd34b642d74a1cd1b59b97-ref.fasta.pac ref.fasta.pac 1
2019/11/26 13:49:17.79 work_queue_worker[1] wq: rx from master: infile file-0-0cadea4f68da3f941c5b5f0c963a59f8-ref.fasta.bwt ref.fasta.bwt 1
2019/11/26 13:49:17.79 work_queue_worker[1] wq: rx from master: infile file-0-b08c3e9746692f64bcb9a448620c7967-ref.fasta ref.fasta 1
2019/11/26 13:49:17.79 work_queue_worker[1] wq: rx from master: infile file-0-a6be17d8a097bb9efd120be10bbc654c-bwa bwa 1
2019/11/26 13:49:17.79 work_queue_worker[1] wq: rx from master: outfile file-0-730e573ef19149b34ec9475cd2ba239d-mem.2.err mem.2.err 1
2019/11/26 13:49:17.79 work_queue_worker[1] wq: rx from master: outfile file-0-f0aa8031066b5c6b6b1c1aff5e2012fc-Out.2.sam Out.2.sam 1
2019/11/26 13:49:17.79 work_queue_worker[1] wq: rx from master: end
2019/11/26 13:49:17.80 work_queue_worker[1] wq: linking cache/file-0-ca460a46b92c00497c427b9d5c9ec7aa-query.fastq.2 to /tmp/worker-0-1/t.8/query.fastq.2
2019/11/26 13:49:17.80 work_queue_worker[1] wq: linking cache/file-0-971da570f958f7598fb58342dc472274-ref.fasta.sa to /tmp/worker-0-1/t.8/ref.fasta.sa
2019/11/26 13:49:17.80 work_queue_worker[1] wq: linking cache/file-0-35f59a9883b4870b84f03717aff16002-ref.fasta.ann to /tmp/worker-0-1/t.8/ref.fasta.ann
2019/11/26 13:49:17.80 work_queue_worker[1] wq: linking cache/file-0-1aba5e7adecebe065db19a405fb8bdf0-ref.fasta.amb to /tmp/worker-0-1/t.8/ref.fasta.amb
2019/11/26 13:49:17.80 work_queue_worker[1] wq: linking cache/file-0-d4ff2b390cdd34b642d74a1cd1b59b97-ref.fasta.pac to /tmp/worker-0-1/t.8/ref.fasta.pac
2019/11/26 13:49:17.80 work_queue_worker[1] wq: linking cache/file-0-0cadea4f68da3f941c5b5f0c963a59f8-ref.fasta.bwt to /tmp/worker-0-1/t.8/ref.fasta.bwt
2019/11/26 13:49:17.80 work_queue_worker[1] wq: linking cache/file-0-b08c3e9746692f64bcb9a448620c7967-ref.fasta to /tmp/worker-0-1/t.8/ref.fasta
2019/11/26 13:49:17.80 work_queue_worker[1] wq: linking cache/file-0-a6be17d8a097bb9efd120be10bbc654c-bwa to /tmp/worker-0-1/t.8/bwa
2019/11/26 13:49:17.80 work_queue_worker[1] wq: started process 41: ./bwa mem ref.fasta query.fastq.2 > Out.2.sam 2> mem.2.err
2019/11/26 13:49:17.80 work_queue_worker[1] wq: tx to master: info tasks_running 1
2019/11/26 13:49:19.22 work_queue_worker[1] wq: task 8 (pid 41) exited normally with exit code 0
2019/11/26 13:49:19.22 work_queue_worker[1] wq: moving output file from /tmp/worker-0-1/t.8/mem.2.err to cache/file-0-730e573ef19149b34ec9475cd2ba239d-mem.2.err
2019/11/26 13:49:19.22 work_queue_worker[1] wq: moving output file from /tmp/worker-0-1/t.8/Out.2.sam to cache/file-0-f0aa8031066b5c6b6b1c1aff5e2012fc-Out.2.sam
2019/11/26 13:49:19.22 work_queue_worker[1] wq: tx to master: available_results
2019/11/26 13:49:19.22 work_queue_worker[1] wq: rx from master: send_results -1
2019/11/26 13:49:19.22 work_queue_worker[1] wq: tx to master: result 0 0 0 1417708 8
2019/11/26 13:49:19.22 work_queue_worker[1] wq: tx to master: info tasks_running 0
2019/11/26 13:49:19.22 work_queue_worker[1] wq: tx to master: end
2019/11/26 13:49:19.22 work_queue_worker[1] wq: rx from master: get file-0-730e573ef19149b34ec9475cd2ba239d-mem.2.err 1
2019/11/26 13:49:19.22 work_queue_worker[1] wq: tx to master: file file-0-730e573ef19149b34ec9475cd2ba239d-mem.2.err 297
2019/11/26 13:49:19.22 work_queue_worker[1] wq: tx to master: end
2019/11/26 13:49:19.22 work_queue_worker[1] wq: rx from master: get file-0-f0aa8031066b5c6b6b1c1aff5e2012fc-Out.2.sam 1
2019/11/26 13:49:19.22 work_queue_worker[1] wq: tx to master: file file-0-f0aa8031066b5c6b6b1c1aff5e2012fc-Out.2.sam 7097295
2019/11/26 13:49:19.23 work_queue_worker[1] wq: tx to master: end
2019/11/26 13:49:19.23 work_queue_worker[1] wq: rx from master: kill 8
2019/11/26 13:49:19.23 work_queue_worker[1] wq: ---- DELETING: /tmp/worker-0-1/t.8
2019/11/26 13:49:22.23 work_queue_worker[1] wq: rx from master: put file-0-f193924bff0822cf0a6734e5978706e9-Out.bam 11154014 0755 1
2019/11/26 13:49:22.23 work_queue_worker[1] wq: Putting file file-0-f193924bff0822cf0a6734e5978706e9-Out.bam into workspace
2019/11/26 13:49:22.23 work_queue_worker[1] wq: Dir /cache already exists in cache
2019/11/26 13:49:22.25 work_queue_worker[1] wq: ****BRUNO***** cp BARRA: -> cp ./cache/file-0-f193924bff0822cf0a6734e5978706e9-Out.bam /cache.
2019/11/26 13:49:22.26 work_queue_worker[1] wq: rx from master: put file-0-ec2a8ddc7358fb1db3022befed687cc2-samtools 1346700 0755 1
2019/11/26 13:49:22.26 work_queue_worker[1] wq: Putting file file-0-ec2a8ddc7358fb1db3022befed687cc2-samtools into workspace
2019/11/26 13:49:22.26 work_queue_worker[1] wq: Dir /cache already exists in cache
2019/11/26 13:49:22.26 work_queue_worker[1] wq: ****BRUNO***** cp BARRA: -> cp ./cache/file-0-ec2a8ddc7358fb1db3022befed687cc2-samtools /cache.
2019/11/26 13:49:22.27 work_queue_worker[1] wq: rx from master: task 12
2019/11/26 13:49:22.27 work_queue_worker[1] wq: rx from master: cmd 69
2019/11/26 13:49:22.27 work_queue_worker[1] wq: rx from master: ./samtools mpileup -s -f ref.fasta Out.bam > pileup.txt 2> pileup.err
2019/11/26 13:49:22.27 work_queue_worker[1] wq: rx from master: category default
2019/11/26 13:49:22.27 work_queue_worker[1] wq: rx from master: cores 1
2019/11/26 13:49:22.27 work_queue_worker[1] wq: rx from master: memory 11908
2019/11/26 13:49:22.27 work_queue_worker[1] wq: rx from master: disk 2202
2019/11/26 13:49:22.27 work_queue_worker[1] wq: rx from master: gpus 0
2019/11/26 13:49:22.27 work_queue_worker[1] wq: rx from master: end_time 18446744073709551615
2019/11/26 13:49:22.27 work_queue_worker[1] wq: rx from master: wall_time 18446744073709551615
2019/11/26 13:49:22.27 work_queue_worker[1] wq: rx from master: env 7
2019/11/26 13:49:22.27 work_queue_worker[1] wq: rx from master: env 17
2019/11/26 13:49:22.27 work_queue_worker[1] wq: rx from master: infile file-0-f193924bff0822cf0a6734e5978706e9-Out.bam Out.bam 1
2019/11/26 13:49:22.27 work_queue_worker[1] wq: rx from master: infile file-0-b08c3e9746692f64bcb9a448620c7967-ref.fasta ref.fasta 1
2019/11/26 13:49:22.27 work_queue_worker[1] wq: rx from master: infile file-0-ec2a8ddc7358fb1db3022befed687cc2-samtools samtools 1
2019/11/26 13:49:22.27 work_queue_worker[1] wq: rx from master: outfile file-0-e8324b85168e57519f5277a6d8ab05cf-pileup.err pileup.err 1
2019/11/26 13:49:22.27 work_queue_worker[1] wq: rx from master: outfile file-0-8d55648d78ce81969e4d3e04b1c1578c-ref.fasta.fai ref.fasta.fai 1
2019/11/26 13:49:22.27 work_queue_worker[1] wq: rx from master: outfile file-0-75aa09691f6a637fdb35bb765f5002a8-pileup.txt pileup.txt 1
2019/11/26 13:49:22.27 work_queue_worker[1] wq: rx from master: end
2019/11/26 13:49:22.27 work_queue_worker[1] wq: tx to master: info cached_files file-0-ec2a8ddc7358fb1db3022befed687cc2-samtools
2019/11/26 13:49:22.27 work_queue_worker[1] wq: tx to master: info cached_files file-0-f193924bff0822cf0a6734e5978706e9-Out.bam
2019/11/26 13:49:22.27 work_queue_worker[1] wq: tx to master: info cached_files file-0-0f24a7a06e09ee83d231974ea7e8cb42-Out.sam
2019/11/26 13:49:22.28 work_queue_worker[1] wq: linking cache/file-0-f193924bff0822cf0a6734e5978706e9-Out.bam to /tmp/worker-0-1/t.12/Out.bam
2019/11/26 13:49:22.28 work_queue_worker[1] wq: linking cache/file-0-b08c3e9746692f64bcb9a448620c7967-ref.fasta to /tmp/worker-0-1/t.12/ref.fasta
2019/11/26 13:49:22.28 work_queue_worker[1] wq: linking cache/file-0-ec2a8ddc7358fb1db3022befed687cc2-samtools to /tmp/worker-0-1/t.12/samtools
2019/11/26 13:49:22.28 work_queue_worker[1] wq: Waiting task 12 has been forsaken.
2019/11/26 13:49:22.28 work_queue_worker[1] wq: tx to master: alive
2019/11/26 13:49:22.28 work_queue_worker[1] wq: Sending resource description to master:
2019/11/26 13:49:22.28 work_queue_worker[1] wq:  workers      0 inuse      1 total      1 smallest      1 largest
2019/11/26 13:49:22.28 work_queue_worker[1] wq:     disk     25 inuse   2043 total   2043 smallest   2043 largest
2019/11/26 13:49:22.28 work_queue_worker[1] wq:   memory      0 inuse  11908 total  11908 smallest  11908 largest
2019/11/26 13:49:22.28 work_queue_worker[1] wq:     gpus      0 inuse      0 total      0 smallest      0 largest
2019/11/26 13:49:22.28 work_queue_worker[1] wq:    cores      0 inuse      1 total      1 smallest      1 largest
2019/11/26 13:49:22.28 work_queue_worker[1] wq: tx to master: info end_of_resource_update 0
2019/11/26 13:49:22.28 work_queue_worker[1] wq: tx to master: info tasks_running 0
2019/11/26 13:49:22.28 work_queue_worker[1] wq: tx to master: info tasks_running 0
2019/11/26 13:49:22.28 work_queue_worker[1] wq: tx to master: available_results
2019/11/26 13:49:22.28 work_queue_worker[1] wq: rx from master: send_results -1
2019/11/26 13:49:22.28 work_queue_worker[1] wq: tx to master: result 40 0 0 0 12
2019/11/26 13:49:22.28 work_queue_worker[1] wq: tx to master: info tasks_running 0
2019/11/26 13:49:22.28 work_queue_worker[1] wq: tx to master: end
2019/11/26 13:49:22.28 work_queue_worker[1] wq: rx from master: task 12
2019/11/26 13:49:22.28 work_queue_worker[1] wq: rx from master: cmd 69
2019/11/26 13:49:22.28 work_queue_worker[1] wq: rx from master: ./samtools mpileup -s -f ref.fasta Out.bam > pileup.txt 2> pileup.err
2019/11/26 13:49:22.28 work_queue_worker[1] wq: rx from master: category default
2019/11/26 13:49:22.28 work_queue_worker[1] wq: rx from master: cores 1
2019/11/26 13:49:22.28 work_queue_worker[1] wq: rx from master: memory 11908
2019/11/26 13:49:22.28 work_queue_worker[1] wq: rx from master: disk 2043
2019/11/26 13:49:22.28 work_queue_worker[1] wq: rx from master: gpus 0
2019/11/26 13:49:22.28 work_queue_worker[1] wq: rx from master: end_time 18446744073709551615
2019/11/26 13:49:22.28 work_queue_worker[1] wq: rx from master: wall_time 18446744073709551615
2019/11/26 13:49:22.28 work_queue_worker[1] wq: rx from master: env 7
2019/11/26 13:49:22.28 work_queue_worker[1] wq: rx from master: env 17
2019/11/26 13:49:22.28 work_queue_worker[1] wq: rx from master: infile file-0-f193924bff0822cf0a6734e5978706e9-Out.bam Out.bam 1
2019/11/26 13:49:22.28 work_queue_worker[1] wq: rx from master: infile file-0-b08c3e9746692f64bcb9a448620c7967-ref.fasta ref.fasta 1
2019/11/26 13:49:22.28 work_queue_worker[1] wq: rx from master: infile file-0-ec2a8ddc7358fb1db3022befed687cc2-samtools samtools 1
2019/11/26 13:49:22.28 work_queue_worker[1] wq: rx from master: outfile file-0-e8324b85168e57519f5277a6d8ab05cf-pileup.err pileup.err 1
2019/11/26 13:49:22.28 work_queue_worker[1] wq: rx from master: outfile file-0-8d55648d78ce81969e4d3e04b1c1578c-ref.fasta.fai ref.fasta.fai 1
2019/11/26 13:49:22.28 work_queue_worker[1] wq: rx from master: outfile file-0-75aa09691f6a637fdb35bb765f5002a8-pileup.txt pileup.txt 1
2019/11/26 13:49:22.28 work_queue_worker[1] wq: rx from master: end
2019/11/26 13:49:22.28 work_queue_worker[1] wq: linking cache/file-0-f193924bff0822cf0a6734e5978706e9-Out.bam to /tmp/worker-0-1/t.12/Out.bam
2019/11/26 13:49:22.28 work_queue_worker[1] wq: linking cache/file-0-b08c3e9746692f64bcb9a448620c7967-ref.fasta to /tmp/worker-0-1/t.12/ref.fasta
2019/11/26 13:49:22.28 work_queue_worker[1] wq: linking cache/file-0-ec2a8ddc7358fb1db3022befed687cc2-samtools to /tmp/worker-0-1/t.12/samtools
2019/11/26 13:49:22.28 work_queue_worker[1] wq: started process 55: ./samtools mpileup -s -f ref.fasta Out.bam > pileup.txt 2> pileup.err
2019/11/26 13:49:22.28 work_queue_worker[1] wq: tx to master: info tasks_running 1
2019/11/26 13:49:26.06 work_queue_worker[1] wq: task 12 (pid 55) exited normally with exit code 0
2019/11/26 13:49:26.06 work_queue_worker[1] wq: moving output file from /tmp/worker-0-1/t.12/pileup.err to cache/file-0-e8324b85168e57519f5277a6d8ab05cf-pileup.err
2019/11/26 13:49:26.06 work_queue_worker[1] wq: moving output file from /tmp/worker-0-1/t.12/ref.fasta.fai to cache/file-0-8d55648d78ce81969e4d3e04b1c1578c-ref.fasta.fai
2019/11/26 13:49:26.06 work_queue_worker[1] wq: moving output file from /tmp/worker-0-1/t.12/pileup.txt to cache/file-0-75aa09691f6a637fdb35bb765f5002a8-pileup.txt
2019/11/26 13:49:26.06 work_queue_worker[1] wq: tx to master: available_results
2019/11/26 13:49:26.06 work_queue_worker[1] wq: rx from master: send_results -1
2019/11/26 13:49:26.06 work_queue_worker[1] wq: tx to master: result 0 0 0 3774292 12
2019/11/26 13:49:26.06 work_queue_worker[1] wq: tx to master: info tasks_running 0
2019/11/26 13:49:26.06 work_queue_worker[1] wq: tx to master: end
2019/11/26 13:49:26.06 work_queue_worker[1] wq: rx from master: get file-0-e8324b85168e57519f5277a6d8ab05cf-pileup.err 1
2019/11/26 13:49:26.06 work_queue_worker[1] wq: tx to master: file file-0-e8324b85168e57519f5277a6d8ab05cf-pileup.err 108
2019/11/26 13:49:26.06 work_queue_worker[1] wq: tx to master: end
2019/11/26 13:49:26.06 work_queue_worker[1] wq: rx from master: get file-0-8d55648d78ce81969e4d3e04b1c1578c-ref.fasta.fai 1
2019/11/26 13:49:26.06 work_queue_worker[1] wq: tx to master: file file-0-8d55648d78ce81969e4d3e04b1c1578c-ref.fasta.fai 5472423
2019/11/26 13:49:26.07 work_queue_worker[1] wq: tx to master: end
2019/11/26 13:49:26.07 work_queue_worker[1] wq: rx from master: get file-0-75aa09691f6a637fdb35bb765f5002a8-pileup.txt 1
2019/11/26 13:49:26.07 work_queue_worker[1] wq: tx to master: file file-0-75aa09691f6a637fdb35bb765f5002a8-pileup.txt 230555591
2019/11/26 13:49:26.37 work_queue_worker[1] wq: tx to master: end
2019/11/26 13:49:26.37 work_queue_worker[1] wq: rx from master: kill 12
2019/11/26 13:49:26.37 work_queue_worker[1] wq: ---- DELETING: /tmp/worker-0-1/t.12
2019/11/26 13:49:29.68 work_queue_worker[1] wq: rx from master: put file-0-048045060f61089a83cce204e6b8f151-corr.out 0 0644 1
2019/11/26 13:49:29.68 work_queue_worker[1] wq: Putting file file-0-048045060f61089a83cce204e6b8f151-corr.out into workspace
2019/11/26 13:49:29.68 work_queue_worker[1] wq: Dir /cache already exists in cache
2019/11/26 13:49:29.68 work_queue_worker[1] wq: ****BRUNO***** cp BARRA: -> cp ./cache/file-0-048045060f61089a83cce204e6b8f151-corr.out /cache.
2019/11/26 13:49:29.68 work_queue_worker[1] wq: rx from master: put file-0-11ac100e7c885c7ba05e6e81cabe3d13-ref.fasta.98 1055000 0644 1
2019/11/26 13:49:29.68 work_queue_worker[1] wq: Putting file file-0-11ac100e7c885c7ba05e6e81cabe3d13-ref.fasta.98 into workspace
2019/11/26 13:49:29.68 work_queue_worker[1] wq: Dir /cache already exists in cache
2019/11/26 13:49:29.68 work_queue_worker[1] wq: ****BRUNO***** cp BARRA: -> cp ./cache/file-0-11ac100e7c885c7ba05e6e81cabe3d13-ref.fasta.98 /cache.
2019/11/26 13:49:29.69 work_queue_worker[1] wq: rx from master: put file-0-ddd728dc31a49bcd4cacae5676b4e7f7-Create_Corrected_AllLRReads.py 1402 0755 1
2019/11/26 13:49:29.69 work_queue_worker[1] wq: Putting file file-0-ddd728dc31a49bcd4cacae5676b4e7f7-Create_Corrected_AllLRReads.py into workspace
2019/11/26 13:49:29.69 work_queue_worker[1] wq: Dir /cache already exists in cache
2019/11/26 13:49:29.69 work_queue_worker[1] wq: ****BRUNO***** cp BARRA: -> cp ./cache/file-0-ddd728dc31a49bcd4cacae5676b4e7f7-Create_Corrected_AllLRReads.py /cache.
2019/11/26 13:49:29.69 work_queue_worker[1] wq: rx from master: task 14
2019/11/26 13:49:29.69 work_queue_worker[1] wq: rx from master: cmd 76
2019/11/26 13:49:29.69 work_queue_worker[1] wq: rx from master: python Create_Corrected_AllLRReads.py ref.fasta.98 corr.out 2> create.err.98
2019/11/26 13:49:29.69 work_queue_worker[1] wq: rx from master: category default
2019/11/26 13:49:29.69 work_queue_worker[1] wq: rx from master: cores 1
2019/11/26 13:49:29.69 work_queue_worker[1] wq: rx from master: memory 11908
2019/11/26 13:49:29.69 work_queue_worker[1] wq: rx from master: disk 2043
2019/11/26 13:49:29.69 work_queue_worker[1] wq: rx from master: gpus 0
2019/11/26 13:49:29.69 work_queue_worker[1] wq: rx from master: end_time 18446744073709551615
2019/11/26 13:49:29.69 work_queue_worker[1] wq: rx from master: wall_time 18446744073709551615
2019/11/26 13:49:29.69 work_queue_worker[1] wq: rx from master: env 7
2019/11/26 13:49:29.69 work_queue_worker[1] wq: rx from master: env 17
2019/11/26 13:49:29.69 work_queue_worker[1] wq: rx from master: infile file-0-048045060f61089a83cce204e6b8f151-corr.out corr.out 1
2019/11/26 13:49:29.69 work_queue_worker[1] wq: rx from master: infile file-0-11ac100e7c885c7ba05e6e81cabe3d13-ref.fasta.98 ref.fasta.98 1
2019/11/26 13:49:29.69 work_queue_worker[1] wq: rx from master: infile file-0-ddd728dc31a49bcd4cacae5676b4e7f7-Create_Corrected_AllLRReads.py Create_Corrected_AllLRReads.py 1
2019/11/26 13:49:29.69 work_queue_worker[1] wq: rx from master: outfile file-0-81af70a3a91e7b863b8c6f8507692725-create.err.98 create.err.98 1
2019/11/26 13:49:29.69 work_queue_worker[1] wq: rx from master: outfile file-0-32e124a98748c1cbc30db68693a75dae-Corrected_ref.fasta.98 Corrected_ref.fasta.98 1
2019/11/26 13:49:29.69 work_queue_worker[1] wq: rx from master: end
2019/11/26 13:49:29.69 work_queue_worker[1] wq: tx to master: info cached_files file-0-e2087ea59ad023a9a6b94da242aa400a-ref.fasta.99
2019/11/26 13:49:29.69 work_queue_worker[1] wq: tx to master: info cached_files file-0-11ac100e7c885c7ba05e6e81cabe3d13-ref.fasta.98
2019/11/26 13:49:29.69 work_queue_worker[1] wq: tx to master: info cached_files file-0-ddd728dc31a49bcd4cacae5676b4e7f7-Create_Corrected_AllLRReads.py
2019/11/26 13:49:29.69 work_queue_worker[1] wq: tx to master: info cached_files file-0-048045060f61089a83cce204e6b8f151-corr.out
2019/11/26 13:49:29.69 work_queue_worker[1] wq: tx to master: info cached_files file-0-6ff7f7e5220a8cc8bb8326b3ed99cd8d-ref.fasta.97
2019/11/26 13:49:29.69 work_queue_worker[1] wq: tx to master: info cached_files file-0-2a278d767b3c1eecdf4ecc1907d928f1-ref.fasta.96
2019/11/26 13:49:29.70 work_queue_worker[1] wq: linking cache/file-0-048045060f61089a83cce204e6b8f151-corr.out to /tmp/worker-0-1/t.14/corr.out
2019/11/26 13:49:29.70 work_queue_worker[1] wq: linking cache/file-0-11ac100e7c885c7ba05e6e81cabe3d13-ref.fasta.98 to /tmp/worker-0-1/t.14/ref.fasta.98
2019/11/26 13:49:29.70 work_queue_worker[1] wq: linking cache/file-0-ddd728dc31a49bcd4cacae5676b4e7f7-Create_Corrected_AllLRReads.py to /tmp/worker-0-1/t.14/Create_Corrected_AllLRReads.py
2019/11/26 13:49:29.70 work_queue_worker[1] wq: Waiting task 14 has been forsaken.
2019/11/26 13:49:29.70 work_queue_worker[1] wq: tx to master: alive
2019/11/26 13:49:29.70 work_queue_worker[1] wq: Sending resource description to master:
2019/11/26 13:49:29.70 work_queue_worker[1] wq:  workers      0 inuse      1 total      1 smallest      1 largest
2019/11/26 13:49:29.70 work_queue_worker[1] wq:     disk    239 inuse   1400 total   1400 smallest   1400 largest
2019/11/26 13:49:29.70 work_queue_worker[1] wq:   memory      0 inuse  11908 total  11908 smallest  11908 largest
2019/11/26 13:49:29.70 work_queue_worker[1] wq:     gpus      0 inuse      0 total      0 smallest      0 largest
2019/11/26 13:49:29.70 work_queue_worker[1] wq:    cores      0 inuse      1 total      1 smallest      1 largest
2019/11/26 13:49:29.70 work_queue_worker[1] wq: tx to master: info end_of_resource_update 0
2019/11/26 13:49:29.70 work_queue_worker[1] wq: tx to master: info tasks_running 0
2019/11/26 13:49:29.70 work_queue_worker[1] wq: tx to master: info tasks_running 0
2019/11/26 13:49:29.70 work_queue_worker[1] wq: tx to master: available_results
2019/11/26 13:49:30.43 work_queue_worker[1] wq: rx from master: send_results -1
2019/11/26 13:49:30.43 work_queue_worker[1] wq: tx to master: result 40 0 0 0 14
2019/11/26 13:49:30.43 work_queue_worker[1] wq: tx to master: info tasks_running 0
2019/11/26 13:49:30.43 work_queue_worker[1] wq: tx to master: end
2019/11/26 13:49:30.54 work_queue_worker[1] wq: rx from master: put file-0-47088b0540b60ccb8751dc65660d6bab-ref.fasta.85 1055000 0644 1
2019/11/26 13:49:30.54 work_queue_worker[1] wq: Putting file file-0-47088b0540b60ccb8751dc65660d6bab-ref.fasta.85 into workspace
2019/11/26 13:49:30.54 work_queue_worker[1] wq: Dir /cache already exists in cache
2019/11/26 13:49:30.54 work_queue_worker[1] wq: ****BRUNO***** cp BARRA: -> cp ./cache/file-0-47088b0540b60ccb8751dc65660d6bab-ref.fasta.85 /cache.
2019/11/26 13:49:30.54 work_queue_worker[1] wq: rx from master: task 27
2019/11/26 13:49:30.54 work_queue_worker[1] wq: rx from master: cmd 76
2019/11/26 13:49:30.54 work_queue_worker[1] wq: rx from master: python Create_Corrected_AllLRReads.py ref.fasta.85 corr.out 2> create.err.85
2019/11/26 13:49:30.54 work_queue_worker[1] wq: rx from master: category default
2019/11/26 13:49:30.54 work_queue_worker[1] wq: rx from master: cores 1
2019/11/26 13:49:30.54 work_queue_worker[1] wq: rx from master: memory 11908
2019/11/26 13:49:30.54 work_queue_worker[1] wq: rx from master: disk 1400
2019/11/26 13:49:30.54 work_queue_worker[1] wq: rx from master: gpus 0
2019/11/26 13:49:30.54 work_queue_worker[1] wq: rx from master: end_time 18446744073709551615
2019/11/26 13:49:30.54 work_queue_worker[1] wq: rx from master: wall_time 18446744073709551615
2019/11/26 13:49:30.54 work_queue_worker[1] wq: rx from master: env 7
2019/11/26 13:49:30.54 work_queue_worker[1] wq: rx from master: env 17
2019/11/26 13:49:30.54 work_queue_worker[1] wq: rx from master: infile file-0-048045060f61089a83cce204e6b8f151-corr.out corr.out 1
2019/11/26 13:49:30.54 work_queue_worker[1] wq: rx from master: infile file-0-47088b0540b60ccb8751dc65660d6bab-ref.fasta.85 ref.fasta.85 1
2019/11/26 13:49:30.54 work_queue_worker[1] wq: rx from master: infile file-0-ddd728dc31a49bcd4cacae5676b4e7f7-Create_Corrected_AllLRReads.py Create_Corrected_AllLRReads.py 1
2019/11/26 13:49:30.54 work_queue_worker[1] wq: rx from master: outfile file-0-1e860ada0b616a7954c5e9d1ee160435-create.err.85 create.err.85 1
2019/11/26 13:49:30.54 work_queue_worker[1] wq: rx from master: outfile file-0-11810b1778b8617f77aafa4c97c04ea5-Corrected_ref.fasta.85 Corrected_ref.fasta.85 1
2019/11/26 13:49:30.54 work_queue_worker[1] wq: rx from master: end
2019/11/26 13:49:30.54 work_queue_worker[1] wq: tx to master: info cached_files file-0-678ca30250569a1c64070583ea4b883b-ref.fasta.91
2019/11/26 13:49:30.54 work_queue_worker[1] wq: tx to master: info cached_files file-0-47088b0540b60ccb8751dc65660d6bab-ref.fasta.85
2019/11/26 13:49:30.54 work_queue_worker[1] wq: tx to master: info cached_files file-0-4980f39c2875c027dae7602880a2b656-ref.fasta.92
2019/11/26 13:49:30.54 work_queue_worker[1] wq: tx to master: info cached_files file-0-7c5feeaf69ccc86ea59ef0ec05f2de87-ref.fasta.90
2019/11/26 13:49:30.54 work_queue_worker[1] wq: tx to master: info cached_files file-0-043cd4a4ebc802faba77138ff12bc49b-ref.fasta.86
2019/11/26 13:49:30.55 work_queue_worker[1] wq: linking cache/file-0-048045060f61089a83cce204e6b8f151-corr.out to /tmp/worker-0-1/t.27/corr.out
2019/11/26 13:49:30.55 work_queue_worker[1] wq: linking cache/file-0-47088b0540b60ccb8751dc65660d6bab-ref.fasta.85 to /tmp/worker-0-1/t.27/ref.fasta.85
2019/11/26 13:49:30.55 work_queue_worker[1] wq: linking cache/file-0-ddd728dc31a49bcd4cacae5676b4e7f7-Create_Corrected_AllLRReads.py to /tmp/worker-0-1/t.27/Create_Corrected_AllLRReads.py
2019/11/26 13:49:30.55 work_queue_worker[1] wq: started process 69: python Create_Corrected_AllLRReads.py ref.fasta.85 corr.out 2> create.err.85
2019/11/26 13:49:30.55 work_queue_worker[1] wq: tx to master: info tasks_running 1
2019/11/26 13:49:30.60 work_queue_worker[1] wq: task 27 (pid 69) exited normally with exit code 0
2019/11/26 13:49:30.60 work_queue_worker[1] wq: moving output file from /tmp/worker-0-1/t.27/create.err.85 to cache/file-0-1e860ada0b616a7954c5e9d1ee160435-create.err.85
2019/11/26 13:49:30.60 work_queue_worker[1] wq: moving output file from /tmp/worker-0-1/t.27/Corrected_ref.fasta.85 to cache/file-0-11810b1778b8617f77aafa4c97c04ea5-Corrected_ref.fasta.85
2019/11/26 13:49:30.60 work_queue_worker[1] wq: tx to master: available_results
2019/11/26 13:49:30.92 work_queue_worker[1] wq: rx from master: send_results -1
2019/11/26 13:49:30.92 work_queue_worker[1] wq: tx to master: result 0 0 0 49698 27
2019/11/26 13:49:30.92 work_queue_worker[1] wq: tx to master: info tasks_running 0
2019/11/26 13:49:30.92 work_queue_worker[1] wq: tx to master: end
2019/11/26 13:49:30.92 work_queue_worker[1] wq: rx from master: get file-0-1e860ada0b616a7954c5e9d1ee160435-create.err.85 1
2019/11/26 13:49:30.92 work_queue_worker[1] wq: tx to master: file file-0-1e860ada0b616a7954c5e9d1ee160435-create.err.85 0
2019/11/26 13:49:30.92 work_queue_worker[1] wq: tx to master: end
2019/11/26 13:49:30.92 work_queue_worker[1] wq: rx from master: get file-0-11810b1778b8617f77aafa4c97c04ea5-Corrected_ref.fasta.85 1
2019/11/26 13:49:30.92 work_queue_worker[1] wq: tx to master: file file-0-11810b1778b8617f77aafa4c97c04ea5-Corrected_ref.fasta.85 1055000
2019/11/26 13:49:30.92 work_queue_worker[1] wq: tx to master: end
2019/11/26 13:49:30.93 work_queue_worker[1] wq: rx from master: kill 27
2019/11/26 13:49:30.93 work_queue_worker[1] wq: ---- DELETING: /tmp/worker-0-1/t.27
2019/11/26 13:49:30.94 work_queue_worker[1] wq: rx from master: put file-0-1105f050d3b758ee27606aa952a93a39-ref.fasta.79 1055000 0644 1
2019/11/26 13:49:30.94 work_queue_worker[1] wq: Putting file file-0-1105f050d3b758ee27606aa952a93a39-ref.fasta.79 into workspace
2019/11/26 13:49:30.94 work_queue_worker[1] wq: Dir /cache already exists in cache
2019/11/26 13:49:30.94 work_queue_worker[1] wq: ****BRUNO***** cp BARRA: -> cp ./cache/file-0-1105f050d3b758ee27606aa952a93a39-ref.fasta.79 /cache.
2019/11/26 13:49:30.94 work_queue_worker[1] wq: rx from master: task 33
2019/11/26 13:49:30.94 work_queue_worker[1] wq: rx from master: cmd 76
2019/11/26 13:49:30.94 work_queue_worker[1] wq: rx from master: python Create_Corrected_AllLRReads.py ref.fasta.79 corr.out 2> create.err.79
2019/11/26 13:49:30.94 work_queue_worker[1] wq: rx from master: category default
2019/11/26 13:49:30.94 work_queue_worker[1] wq: rx from master: cores 1
2019/11/26 13:49:30.94 work_queue_worker[1] wq: rx from master: memory 11908
2019/11/26 13:49:30.94 work_queue_worker[1] wq: rx from master: disk 1400
2019/11/26 13:49:30.94 work_queue_worker[1] wq: rx from master: gpus 0
2019/11/26 13:49:30.94 work_queue_worker[1] wq: rx from master: end_time 18446744073709551615
2019/11/26 13:49:30.94 work_queue_worker[1] wq: rx from master: wall_time 18446744073709551615
2019/11/26 13:49:30.94 work_queue_worker[1] wq: rx from master: env 7
2019/11/26 13:49:30.94 work_queue_worker[1] wq: rx from master: env 17
2019/11/26 13:49:30.94 work_queue_worker[1] wq: rx from master: infile file-0-048045060f61089a83cce204e6b8f151-corr.out corr.out 1
2019/11/26 13:49:30.94 work_queue_worker[1] wq: rx from master: infile file-0-1105f050d3b758ee27606aa952a93a39-ref.fasta.79 ref.fasta.79 1
2019/11/26 13:49:30.94 work_queue_worker[1] wq: rx from master: infile file-0-ddd728dc31a49bcd4cacae5676b4e7f7-Create_Corrected_AllLRReads.py Create_Corrected_AllLRReads.py 1
2019/11/26 13:49:30.94 work_queue_worker[1] wq: rx from master: outfile file-0-62164fe58c5000384c41a51bd3bcfc7b-create.err.79 create.err.79 1
2019/11/26 13:49:30.94 work_queue_worker[1] wq: rx from master: outfile file-0-5ce1cf93f1232ab6a2ba8d49011b5cd9-Corrected_ref.fasta.79 Corrected_ref.fasta.79 1
2019/11/26 13:49:30.94 work_queue_worker[1] wq: rx from master: end
2019/11/26 13:49:30.94 work_queue_worker[1] wq: tx to master: info cached_files file-0-7ab30a43881e8e0cd0a3ea551fefd6f9-ref.fasta.78
2019/11/26 13:49:30.94 work_queue_worker[1] wq: tx to master: info cached_files file-0-bf3115c82377a77ae1e2edeca44e5a86-ref.fasta.83
2019/11/26 13:49:30.94 work_queue_worker[1] wq: tx to master: info cached_files file-0-1105f050d3b758ee27606aa952a93a39-ref.fasta.79
2019/11/26 13:49:30.94 work_queue_worker[1] wq: tx to master: info cached_files file-0-ef3a6351196ab7a7f4d4e6aae1e0dab6-ref.fasta.80
2019/11/26 13:49:30.94 work_queue_worker[1] wq: tx to master: info cached_files file-0-c542de4a90195893e9d865e54f0520dc-ref.fasta.81
2019/11/26 13:49:30.94 work_queue_worker[1] wq: tx to master: info cached_files file-0-9d36663bc9ba2664f9d818064c36dc63-ref.fasta.84
2019/11/26 13:49:30.95 work_queue_worker[1] wq: linking cache/file-0-048045060f61089a83cce204e6b8f151-corr.out to /tmp/worker-0-1/t.33/corr.out
2019/11/26 13:49:30.95 work_queue_worker[1] wq: linking cache/file-0-1105f050d3b758ee27606aa952a93a39-ref.fasta.79 to /tmp/worker-0-1/t.33/ref.fasta.79
2019/11/26 13:49:30.95 work_queue_worker[1] wq: linking cache/file-0-ddd728dc31a49bcd4cacae5676b4e7f7-Create_Corrected_AllLRReads.py to /tmp/worker-0-1/t.33/Create_Corrected_AllLRReads.py
2019/11/26 13:49:30.95 work_queue_worker[1] wq: started process 75: python Create_Corrected_AllLRReads.py ref.fasta.79 corr.out 2> create.err.79
2019/11/26 13:49:30.95 work_queue_worker[1] wq: tx to master: info tasks_running 1
2019/11/26 13:49:31.02 work_queue_worker[1] wq: task 33 (pid 75) exited normally with exit code 0
2019/11/26 13:49:31.02 work_queue_worker[1] wq: moving output file from /tmp/worker-0-1/t.33/create.err.79 to cache/file-0-62164fe58c5000384c41a51bd3bcfc7b-create.err.79
2019/11/26 13:49:31.02 work_queue_worker[1] wq: moving output file from /tmp/worker-0-1/t.33/Corrected_ref.fasta.79 to cache/file-0-5ce1cf93f1232ab6a2ba8d49011b5cd9-Corrected_ref.fasta.79
2019/11/26 13:49:31.02 work_queue_worker[1] wq: tx to master: available_results
2019/11/26 13:49:31.25 work_queue_worker[1] wq: rx from master: send_results -1
2019/11/26 13:49:31.25 work_queue_worker[1] wq: tx to master: result 0 0 0 72988 33
2019/11/26 13:49:31.25 work_queue_worker[1] wq: tx to master: info tasks_running 0
2019/11/26 13:49:31.25 work_queue_worker[1] wq: tx to master: end
2019/11/26 13:49:31.25 work_queue_worker[1] wq: rx from master: get file-0-62164fe58c5000384c41a51bd3bcfc7b-create.err.79 1
2019/11/26 13:49:31.25 work_queue_worker[1] wq: tx to master: file file-0-62164fe58c5000384c41a51bd3bcfc7b-create.err.79 0
2019/11/26 13:49:31.25 work_queue_worker[1] wq: tx to master: end
2019/11/26 13:49:31.25 work_queue_worker[1] wq: rx from master: get file-0-5ce1cf93f1232ab6a2ba8d49011b5cd9-Corrected_ref.fasta.79 1
2019/11/26 13:49:31.25 work_queue_worker[1] wq: tx to master: file file-0-5ce1cf93f1232ab6a2ba8d49011b5cd9-Corrected_ref.fasta.79 1055000
2019/11/26 13:49:31.25 work_queue_worker[1] wq: tx to master: end
2019/11/26 13:49:31.25 work_queue_worker[1] wq: rx from master: kill 33
2019/11/26 13:49:31.25 work_queue_worker[1] wq: ---- DELETING: /tmp/worker-0-1/t.33
2019/11/26 13:49:31.63 work_queue_worker[1] wq: rx from master: put file-0-79217875622aebfd0d7107090a612981-ref.fasta.66 1055000 0644 1
2019/11/26 13:49:31.63 work_queue_worker[1] wq: Putting file file-0-79217875622aebfd0d7107090a612981-ref.fasta.66 into workspace
2019/11/26 13:49:31.63 work_queue_worker[1] wq: Dir /cache already exists in cache
2019/11/26 13:49:31.64 work_queue_worker[1] wq: ****BRUNO***** cp BARRA: -> cp ./cache/file-0-79217875622aebfd0d7107090a612981-ref.fasta.66 /cache.
2019/11/26 13:49:31.64 work_queue_worker[1] wq: rx from master: task 46
2019/11/26 13:49:31.64 work_queue_worker[1] wq: rx from master: cmd 76
2019/11/26 13:49:31.64 work_queue_worker[1] wq: rx from master: python Create_Corrected_AllLRReads.py ref.fasta.66 corr.out 2> create.err.66
2019/11/26 13:49:31.64 work_queue_worker[1] wq: rx from master: category default
2019/11/26 13:49:31.64 work_queue_worker[1] wq: rx from master: cores 1
2019/11/26 13:49:31.64 work_queue_worker[1] wq: rx from master: memory 11908
2019/11/26 13:49:31.64 work_queue_worker[1] wq: rx from master: disk 1400
2019/11/26 13:49:31.64 work_queue_worker[1] wq: rx from master: gpus 0
2019/11/26 13:49:31.64 work_queue_worker[1] wq: rx from master: end_time 18446744073709551615
2019/11/26 13:49:31.64 work_queue_worker[1] wq: rx from master: wall_time 18446744073709551615
2019/11/26 13:49:31.64 work_queue_worker[1] wq: rx from master: env 7
2019/11/26 13:49:31.64 work_queue_worker[1] wq: rx from master: env 17
2019/11/26 13:49:31.64 work_queue_worker[1] wq: rx from master: infile file-0-048045060f61089a83cce204e6b8f151-corr.out corr.out 1
2019/11/26 13:49:31.64 work_queue_worker[1] wq: rx from master: infile file-0-79217875622aebfd0d7107090a612981-ref.fasta.66 ref.fasta.66 1
2019/11/26 13:49:31.64 work_queue_worker[1] wq: rx from master: infile file-0-ddd728dc31a49bcd4cacae5676b4e7f7-Create_Corrected_AllLRReads.py Create_Corrected_AllLRReads.py 1
2019/11/26 13:49:31.64 work_queue_worker[1] wq: rx from master: outfile file-0-174768c4f30ec0b812ed087156b9a622-create.err.66 create.err.66 1
2019/11/26 13:49:31.64 work_queue_worker[1] wq: rx from master: outfile file-0-0eef74749c3a9c78a0dc134a00e67719-Corrected_ref.fasta.66 Corrected_ref.fasta.66 1
2019/11/26 13:49:31.64 work_queue_worker[1] wq: rx from master: end
2019/11/26 13:49:31.64 work_queue_worker[1] wq: tx to master: info cached_files file-0-d09d93464f183fb37458ff5a8a8a5612-ref.fasta.69
2019/11/26 13:49:31.64 work_queue_worker[1] wq: tx to master: info cached_files file-0-1b98e087a46ce99a2ffa4a9045e00f1c-ref.fasta.71
2019/11/26 13:49:31.64 work_queue_worker[1] wq: tx to master: info cached_files file-0-a1b07747a9a300e5e67fd64459349a47-ref.fasta.72
2019/11/26 13:49:31.64 work_queue_worker[1] wq: tx to master: info cached_files file-0-bc1ca4a7d217f08f6cfed4b9fc896252-ref.fasta.67
2019/11/26 13:49:31.64 work_queue_worker[1] wq: tx to master: info cached_files file-0-25a16fc2d472252b5fba2a0fe26d77ad-ref.fasta.73
2019/11/26 13:49:31.64 work_queue_worker[1] wq: tx to master: info cached_files file-0-ff77226fd2575eaf6d2aa2e8aded26af-ref.fasta.68
2019/11/26 13:49:31.64 work_queue_worker[1] wq: tx to master: info cached_files file-0-79217875622aebfd0d7107090a612981-ref.fasta.66
2019/11/26 13:49:31.64 work_queue_worker[1] wq: tx to master: info cached_files file-0-ebb823aa7f8ca0bee255225c31ab00f1-ref.fasta.76
2019/11/26 13:49:31.65 work_queue_worker[1] wq: linking cache/file-0-048045060f61089a83cce204e6b8f151-corr.out to /tmp/worker-0-1/t.46/corr.out
2019/11/26 13:49:31.65 work_queue_worker[1] wq: linking cache/file-0-79217875622aebfd0d7107090a612981-ref.fasta.66 to /tmp/worker-0-1/t.46/ref.fasta.66
2019/11/26 13:49:31.65 work_queue_worker[1] wq: linking cache/file-0-ddd728dc31a49bcd4cacae5676b4e7f7-Create_Corrected_AllLRReads.py to /tmp/worker-0-1/t.46/Create_Corrected_AllLRReads.py
2019/11/26 13:49:31.65 work_queue_worker[1] wq: started process 81: python Create_Corrected_AllLRReads.py ref.fasta.66 corr.out 2> create.err.66
2019/11/26 13:49:31.65 work_queue_worker[1] wq: tx to master: info tasks_running 1
2019/11/26 13:49:31.71 work_queue_worker[1] wq: task 46 (pid 81) exited normally with exit code 0
2019/11/26 13:49:31.71 work_queue_worker[1] wq: moving output file from /tmp/worker-0-1/t.46/create.err.66 to cache/file-0-174768c4f30ec0b812ed087156b9a622-create.err.66
2019/11/26 13:49:31.71 work_queue_worker[1] wq: moving output file from /tmp/worker-0-1/t.46/Corrected_ref.fasta.66 to cache/file-0-0eef74749c3a9c78a0dc134a00e67719-Corrected_ref.fasta.66
2019/11/26 13:49:31.71 work_queue_worker[1] wq: tx to master: available_results
2019/11/26 13:49:31.72 work_queue_worker[1] wq: rx from master: send_results -1
2019/11/26 13:49:31.72 work_queue_worker[1] wq: tx to master: result 0 0 0 69356 46
2019/11/26 13:49:31.72 work_queue_worker[1] wq: tx to master: info tasks_running 0
2019/11/26 13:49:31.72 work_queue_worker[1] wq: tx to master: end
2019/11/26 13:49:31.72 work_queue_worker[1] wq: rx from master: get file-0-174768c4f30ec0b812ed087156b9a622-create.err.66 1
2019/11/26 13:49:31.72 work_queue_worker[1] wq: tx to master: file file-0-174768c4f30ec0b812ed087156b9a622-create.err.66 0
2019/11/26 13:49:31.72 work_queue_worker[1] wq: tx to master: end
2019/11/26 13:49:31.72 work_queue_worker[1] wq: rx from master: get file-0-0eef74749c3a9c78a0dc134a00e67719-Corrected_ref.fasta.66 1
2019/11/26 13:49:31.72 work_queue_worker[1] wq: tx to master: file file-0-0eef74749c3a9c78a0dc134a00e67719-Corrected_ref.fasta.66 1055000
2019/11/26 13:49:31.72 work_queue_worker[1] wq: tx to master: end
2019/11/26 13:49:31.72 work_queue_worker[1] wq: rx from master: kill 46
2019/11/26 13:49:31.72 work_queue_worker[1] wq: ---- DELETING: /tmp/worker-0-1/t.46
2019/11/26 13:49:31.72 work_queue_worker[1] wq: rx from master: put file-0-12f74b83f5f1f0924035fede1ab30a10-ref.fasta.55 1055000 0644 1
2019/11/26 13:49:31.72 work_queue_worker[1] wq: Putting file file-0-12f74b83f5f1f0924035fede1ab30a10-ref.fasta.55 into workspace
2019/11/26 13:49:31.72 work_queue_worker[1] wq: Dir /cache already exists in cache
2019/11/26 13:49:31.72 work_queue_worker[1] wq: ****BRUNO***** cp BARRA: -> cp ./cache/file-0-12f74b83f5f1f0924035fede1ab30a10-ref.fasta.55 /cache.
2019/11/26 13:49:31.73 work_queue_worker[1] wq: rx from master: task 57
2019/11/26 13:49:31.73 work_queue_worker[1] wq: rx from master: cmd 76
2019/11/26 13:49:31.73 work_queue_worker[1] wq: rx from master: python Create_Corrected_AllLRReads.py ref.fasta.55 corr.out 2> create.err.55
2019/11/26 13:49:31.73 work_queue_worker[1] wq: rx from master: category default
2019/11/26 13:49:31.73 work_queue_worker[1] wq: rx from master: cores 1
2019/11/26 13:49:31.73 work_queue_worker[1] wq: rx from master: memory 11908
2019/11/26 13:49:31.73 work_queue_worker[1] wq: rx from master: disk 1400
2019/11/26 13:49:31.73 work_queue_worker[1] wq: rx from master: gpus 0
2019/11/26 13:49:31.73 work_queue_worker[1] wq: rx from master: end_time 18446744073709551615
2019/11/26 13:49:31.73 work_queue_worker[1] wq: rx from master: wall_time 18446744073709551615
2019/11/26 13:49:31.73 work_queue_worker[1] wq: rx from master: env 7
2019/11/26 13:49:31.73 work_queue_worker[1] wq: rx from master: env 17
2019/11/26 13:49:31.73 work_queue_worker[1] wq: rx from master: infile file-0-048045060f61089a83cce204e6b8f151-corr.out corr.out 1
2019/11/26 13:49:31.73 work_queue_worker[1] wq: rx from master: infile file-0-12f74b83f5f1f0924035fede1ab30a10-ref.fasta.55 ref.fasta.55 1
2019/11/26 13:49:31.73 work_queue_worker[1] wq: rx from master: infile file-0-ddd728dc31a49bcd4cacae5676b4e7f7-Create_Corrected_AllLRReads.py Create_Corrected_AllLRReads.py 1
2019/11/26 13:49:31.73 work_queue_worker[1] wq: rx from master: outfile file-0-2ee36e1830168f96652a8d1e2dd02f6b-create.err.55 create.err.55 1
2019/11/26 13:49:31.73 work_queue_worker[1] wq: rx from master: outfile file-0-682cc99b4a867188595833ffeb7a68cf-Corrected_ref.fasta.55 Corrected_ref.fasta.55 1
2019/11/26 13:49:31.73 work_queue_worker[1] wq: rx from master: end
2019/11/26 13:49:31.73 work_queue_worker[1] wq: tx to master: info cached_files file-0-12f74b83f5f1f0924035fede1ab30a10-ref.fasta.55
2019/11/26 13:49:31.73 work_queue_worker[1] wq: tx to master: info cached_files file-0-5dddaa02cda0278338ee1a9573d0d495-ref.fasta.58
2019/11/26 13:49:31.73 work_queue_worker[1] wq: tx to master: info cached_files file-0-1e1985547bd185ddfff8586fb564cf05-ref.fasta.56
2019/11/26 13:49:31.73 work_queue_worker[1] wq: tx to master: info cached_files file-0-ae4adfb40ce7d4699009d08e52d5a7fb-ref.fasta.59
2019/11/26 13:49:31.73 work_queue_worker[1] wq: tx to master: info cached_files file-0-a63627e608d364336fb0c9b853994cba-ref.fasta.57
2019/11/26 13:49:31.73 work_queue_worker[1] wq: tx to master: info cached_files file-0-b8b2cf1b96c384c3e1a11a8277300acb-ref.fasta.65
2019/11/26 13:49:31.73 work_queue_worker[1] wq: tx to master: info cached_files file-0-7c6b6de8591e484b855e5d604b284b7f-ref.fasta.62
2019/11/26 13:49:31.73 work_queue_worker[1] wq: tx to master: info cached_files file-0-6d9af94acc6e511419d1c4d938cdce58-ref.fasta.64
2019/11/26 13:49:31.74 work_queue_worker[1] wq: linking cache/file-0-048045060f61089a83cce204e6b8f151-corr.out to /tmp/worker-0-1/t.57/corr.out
2019/11/26 13:49:31.74 work_queue_worker[1] wq: linking cache/file-0-12f74b83f5f1f0924035fede1ab30a10-ref.fasta.55 to /tmp/worker-0-1/t.57/ref.fasta.55
2019/11/26 13:49:31.74 work_queue_worker[1] wq: linking cache/file-0-ddd728dc31a49bcd4cacae5676b4e7f7-Create_Corrected_AllLRReads.py to /tmp/worker-0-1/t.57/Create_Corrected_AllLRReads.py
2019/11/26 13:49:31.74 work_queue_worker[1] wq: started process 87: python Create_Corrected_AllLRReads.py ref.fasta.55 corr.out 2> create.err.55
2019/11/26 13:49:31.74 work_queue_worker[1] wq: tx to master: info tasks_running 1
2019/11/26 13:49:31.80 work_queue_worker[1] wq: task 57 (pid 87) exited normally with exit code 0
2019/11/26 13:49:31.80 work_queue_worker[1] wq: moving output file from /tmp/worker-0-1/t.57/create.err.55 to cache/file-0-2ee36e1830168f96652a8d1e2dd02f6b-create.err.55
2019/11/26 13:49:31.80 work_queue_worker[1] wq: moving output file from /tmp/worker-0-1/t.57/Corrected_ref.fasta.55 to cache/file-0-682cc99b4a867188595833ffeb7a68cf-Corrected_ref.fasta.55
2019/11/26 13:49:31.80 work_queue_worker[1] wq: tx to master: available_results
2019/11/26 13:49:32.01 work_queue_worker[1] wq: rx from master: send_results -1
2019/11/26 13:49:32.01 work_queue_worker[1] wq: tx to master: result 0 0 0 62713 57
2019/11/26 13:49:32.01 work_queue_worker[1] wq: tx to master: info tasks_running 0
2019/11/26 13:49:32.01 work_queue_worker[1] wq: tx to master: end
2019/11/26 13:49:32.01 work_queue_worker[1] wq: rx from master: get file-0-2ee36e1830168f96652a8d1e2dd02f6b-create.err.55 1
2019/11/26 13:49:32.01 work_queue_worker[1] wq: tx to master: file file-0-2ee36e1830168f96652a8d1e2dd02f6b-create.err.55 0
2019/11/26 13:49:32.01 work_queue_worker[1] wq: tx to master: end
2019/11/26 13:49:32.01 work_queue_worker[1] wq: rx from master: get file-0-682cc99b4a867188595833ffeb7a68cf-Corrected_ref.fasta.55 1
2019/11/26 13:49:32.01 work_queue_worker[1] wq: tx to master: file file-0-682cc99b4a867188595833ffeb7a68cf-Corrected_ref.fasta.55 1055000
2019/11/26 13:49:32.01 work_queue_worker[1] wq: tx to master: end
2019/11/26 13:49:32.01 work_queue_worker[1] wq: rx from master: kill 57
2019/11/26 13:49:32.01 work_queue_worker[1] wq: ---- DELETING: /tmp/worker-0-1/t.57
2019/11/26 13:49:32.39 work_queue_worker[1] wq: rx from master: put file-0-e1af37b18745ab00ff1aa35803e1fc31-ref.fasta.47 1055000 0644 1
2019/11/26 13:49:32.39 work_queue_worker[1] wq: Putting file file-0-e1af37b18745ab00ff1aa35803e1fc31-ref.fasta.47 into workspace
2019/11/26 13:49:32.39 work_queue_worker[1] wq: Dir /cache already exists in cache
2019/11/26 13:49:32.39 work_queue_worker[1] wq: ****BRUNO***** cp BARRA: -> cp ./cache/file-0-e1af37b18745ab00ff1aa35803e1fc31-ref.fasta.47 /cache.
2019/11/26 13:49:32.40 work_queue_worker[1] wq: rx from master: task 65
2019/11/26 13:49:32.40 work_queue_worker[1] wq: rx from master: cmd 76
2019/11/26 13:49:32.40 work_queue_worker[1] wq: rx from master: python Create_Corrected_AllLRReads.py ref.fasta.47 corr.out 2> create.err.47
2019/11/26 13:49:32.40 work_queue_worker[1] wq: rx from master: category default
2019/11/26 13:49:32.40 work_queue_worker[1] wq: rx from master: cores 1
2019/11/26 13:49:32.40 work_queue_worker[1] wq: rx from master: memory 11908
2019/11/26 13:49:32.40 work_queue_worker[1] wq: rx from master: disk 1400
2019/11/26 13:49:32.40 work_queue_worker[1] wq: rx from master: gpus 0
2019/11/26 13:49:32.40 work_queue_worker[1] wq: rx from master: end_time 18446744073709551615
2019/11/26 13:49:32.40 work_queue_worker[1] wq: rx from master: wall_time 18446744073709551615
2019/11/26 13:49:32.40 work_queue_worker[1] wq: rx from master: env 7
2019/11/26 13:49:32.40 work_queue_worker[1] wq: rx from master: env 17
2019/11/26 13:49:32.40 work_queue_worker[1] wq: rx from master: infile file-0-048045060f61089a83cce204e6b8f151-corr.out corr.out 1
2019/11/26 13:49:32.40 work_queue_worker[1] wq: rx from master: infile file-0-e1af37b18745ab00ff1aa35803e1fc31-ref.fasta.47 ref.fasta.47 1
2019/11/26 13:49:32.40 work_queue_worker[1] wq: rx from master: infile file-0-ddd728dc31a49bcd4cacae5676b4e7f7-Create_Corrected_AllLRReads.py Create_Corrected_AllLRReads.py 1
2019/11/26 13:49:32.40 work_queue_worker[1] wq: rx from master: outfile file-0-0e4c57d6fadbbf61856c1ac6e85aed21-create.err.47 create.err.47 1
2019/11/26 13:49:32.40 work_queue_worker[1] wq: rx from master: outfile file-0-8ac3216182ff51a953cb0cb508f59fc6-Corrected_ref.fasta.47 Corrected_ref.fasta.47 1
2019/11/26 13:49:32.40 work_queue_worker[1] wq: rx from master: end
2019/11/26 13:49:32.40 work_queue_worker[1] wq: tx to master: info cached_files file-0-1e2ccc2800e62719f71c768767d32c8d-ref.fasta.48
2019/11/26 13:49:32.40 work_queue_worker[1] wq: tx to master: info cached_files file-0-e1af37b18745ab00ff1aa35803e1fc31-ref.fasta.47
2019/11/26 13:49:32.40 work_queue_worker[1] wq: tx to master: info cached_files file-0-7ebb87a80850a1ade2cff2ceccf5129c-ref.fasta.51
2019/11/26 13:49:32.40 work_queue_worker[1] wq: tx to master: info cached_files file-0-9d4591a0309983c19547ae292f9fa39e-ref.fasta.49
2019/11/26 13:49:32.40 work_queue_worker[1] wq: tx to master: info cached_files file-0-5913a6d569285ed628a484e34fd3c8a4-ref.fasta.53
2019/11/26 13:49:32.40 work_queue_worker[1] wq: tx to master: info cached_files file-0-366d3c2c81ebc3be3a65de8f1315194f-ref.fasta.50
2019/11/26 13:49:32.40 work_queue_worker[1] wq: tx to master: info cached_files file-0-81e4285476e20b70ee543f40aa0fd6bc-ref.fasta.54
2019/11/26 13:49:32.40 work_queue_worker[1] wq: linking cache/file-0-048045060f61089a83cce204e6b8f151-corr.out to /tmp/worker-0-1/t.65/corr.out
2019/11/26 13:49:32.40 work_queue_worker[1] wq: linking cache/file-0-e1af37b18745ab00ff1aa35803e1fc31-ref.fasta.47 to /tmp/worker-0-1/t.65/ref.fasta.47
2019/11/26 13:49:32.40 work_queue_worker[1] wq: linking cache/file-0-ddd728dc31a49bcd4cacae5676b4e7f7-Create_Corrected_AllLRReads.py to /tmp/worker-0-1/t.65/Create_Corrected_AllLRReads.py
2019/11/26 13:49:32.40 work_queue_worker[1] wq: started process 93: python Create_Corrected_AllLRReads.py ref.fasta.47 corr.out 2> create.err.47
2019/11/26 13:49:32.40 work_queue_worker[1] wq: tx to master: info tasks_running 1
2019/11/26 13:49:32.47 work_queue_worker[1] wq: task 65 (pid 93) exited normally with exit code 0
2019/11/26 13:49:32.47 work_queue_worker[1] wq: moving output file from /tmp/worker-0-1/t.65/create.err.47 to cache/file-0-0e4c57d6fadbbf61856c1ac6e85aed21-create.err.47
2019/11/26 13:49:32.47 work_queue_worker[1] wq: moving output file from /tmp/worker-0-1/t.65/Corrected_ref.fasta.47 to cache/file-0-8ac3216182ff51a953cb0cb508f59fc6-Corrected_ref.fasta.47
2019/11/26 13:49:32.47 work_queue_worker[1] wq: tx to master: available_results
2019/11/26 13:49:32.47 work_queue_worker[1] wq: rx from master: send_results -1
2019/11/26 13:49:32.47 work_queue_worker[1] wq: tx to master: result 0 0 0 60482 65
2019/11/26 13:49:32.47 work_queue_worker[1] wq: tx to master: info tasks_running 0
2019/11/26 13:49:32.47 work_queue_worker[1] wq: tx to master: end
2019/11/26 13:49:32.71 work_queue_worker[1] wq: rx from master: get file-0-0e4c57d6fadbbf61856c1ac6e85aed21-create.err.47 1
2019/11/26 13:49:32.71 work_queue_worker[1] wq: tx to master: file file-0-0e4c57d6fadbbf61856c1ac6e85aed21-create.err.47 0
2019/11/26 13:49:32.71 work_queue_worker[1] wq: tx to master: end
2019/11/26 13:49:32.71 work_queue_worker[1] wq: rx from master: get file-0-8ac3216182ff51a953cb0cb508f59fc6-Corrected_ref.fasta.47 1
2019/11/26 13:49:32.71 work_queue_worker[1] wq: tx to master: file file-0-8ac3216182ff51a953cb0cb508f59fc6-Corrected_ref.fasta.47 1055000
2019/11/26 13:49:32.72 work_queue_worker[1] wq: tx to master: end
2019/11/26 13:49:32.72 work_queue_worker[1] wq: rx from master: kill 65
2019/11/26 13:49:32.72 work_queue_worker[1] wq: ---- DELETING: /tmp/worker-0-1/t.65
2019/11/26 13:49:33.11 work_queue_worker[1] wq: rx from master: put file-0-2074b572c8323b0fa32c1f74d40e6f33-ref.fasta.32 1055000 0644 1
2019/11/26 13:49:33.11 work_queue_worker[1] wq: Putting file file-0-2074b572c8323b0fa32c1f74d40e6f33-ref.fasta.32 into workspace
2019/11/26 13:49:33.11 work_queue_worker[1] wq: Dir /cache already exists in cache
2019/11/26 13:49:33.11 work_queue_worker[1] wq: ****BRUNO***** cp BARRA: -> cp ./cache/file-0-2074b572c8323b0fa32c1f74d40e6f33-ref.fasta.32 /cache.
2019/11/26 13:49:33.12 work_queue_worker[1] wq: rx from master: task 80
2019/11/26 13:49:33.12 work_queue_worker[1] wq: rx from master: cmd 76
2019/11/26 13:49:33.12 work_queue_worker[1] wq: rx from master: python Create_Corrected_AllLRReads.py ref.fasta.32 corr.out 2> create.err.32
2019/11/26 13:49:33.12 work_queue_worker[1] wq: rx from master: category default
2019/11/26 13:49:33.12 work_queue_worker[1] wq: rx from master: cores 1
2019/11/26 13:49:33.12 work_queue_worker[1] wq: rx from master: memory 11908
2019/11/26 13:49:33.12 work_queue_worker[1] wq: rx from master: disk 1400
2019/11/26 13:49:33.12 work_queue_worker[1] wq: rx from master: gpus 0
2019/11/26 13:49:33.12 work_queue_worker[1] wq: rx from master: end_time 18446744073709551615
2019/11/26 13:49:33.12 work_queue_worker[1] wq: rx from master: wall_time 18446744073709551615
2019/11/26 13:49:33.12 work_queue_worker[1] wq: rx from master: env 7
2019/11/26 13:49:33.12 work_queue_worker[1] wq: rx from master: env 17
2019/11/26 13:49:33.12 work_queue_worker[1] wq: rx from master: infile file-0-048045060f61089a83cce204e6b8f151-corr.out corr.out 1
2019/11/26 13:49:33.12 work_queue_worker[1] wq: rx from master: infile file-0-2074b572c8323b0fa32c1f74d40e6f33-ref.fasta.32 ref.fasta.32 1
2019/11/26 13:49:33.12 work_queue_worker[1] wq: rx from master: infile file-0-ddd728dc31a49bcd4cacae5676b4e7f7-Create_Corrected_AllLRReads.py Create_Corrected_AllLRReads.py 1
2019/11/26 13:49:33.12 work_queue_worker[1] wq: rx from master: outfile file-0-a048c89d0f4437a593ae089363d808c8-create.err.32 create.err.32 1
2019/11/26 13:49:33.12 work_queue_worker[1] wq: rx from master: outfile file-0-3759b4869df53b6242203f7d8452b450-Corrected_ref.fasta.32 Corrected_ref.fasta.32 1
2019/11/26 13:49:33.12 work_queue_worker[1] wq: rx from master: end
2019/11/26 13:49:33.12 work_queue_worker[1] wq: tx to master: info cached_files file-0-29436c2005b42ffca723272f188a24f3-ref.fasta.35
2019/11/26 13:49:33.12 work_queue_worker[1] wq: tx to master: info cached_files file-0-84b279ff5d2a74829bc89c2385228568-ref.fasta.41
2019/11/26 13:49:33.12 work_queue_worker[1] wq: tx to master: info cached_files file-0-2bcc686d6c516d8fbae85feb7f639cd2-ref.fasta.46
2019/11/26 13:49:33.12 work_queue_worker[1] wq: tx to master: info cached_files file-0-2074b572c8323b0fa32c1f74d40e6f33-ref.fasta.32
2019/11/26 13:49:33.12 work_queue_worker[1] wq: tx to master: info cached_files file-0-fba31afdf335011417a3240b50fb5f1d-ref.fasta.31
2019/11/26 13:49:33.12 work_queue_worker[1] wq: tx to master: info cached_files file-0-c63681d729e6b127a41a6905b7bf8cd3-ref.fasta.30
2019/11/26 13:49:33.12 work_queue_worker[1] wq: tx to master: info cached_files file-0-29fa986ab5c37e3666b795ceedf28f59-ref.fasta.36
2019/11/26 13:49:33.12 work_queue_worker[1] wq: tx to master: info cached_files file-0-41edea45872db3a945653c38e454ef81-ref.fasta.45
2019/11/26 13:49:33.12 work_queue_worker[1] wq: tx to master: info cached_files file-0-11086871bd7c5a8d9ef50ddc34652dc4-ref.fasta.38
2019/11/26 13:49:33.12 work_queue_worker[1] wq: tx to master: info cached_files file-0-7649efd0db4ef988da69fb585788a4dd-ref.fasta.39
2019/11/26 13:49:33.12 work_queue_worker[1] wq: tx to master: info cached_files file-0-aa439a3e5adc17fce5c36008635edd3d-ref.fasta.33
2019/11/26 13:49:33.12 work_queue_worker[1] wq: tx to master: info cached_files file-0-4e6844944429687ec56a0ba20d350bc8-ref.fasta.34
2019/11/26 13:49:33.12 work_queue_worker[1] wq: tx to master: info cached_files file-0-15ef306221695ea5170bb01e30ba54a8-ref.fasta.40
2019/11/26 13:49:33.13 work_queue_worker[1] wq: linking cache/file-0-048045060f61089a83cce204e6b8f151-corr.out to /tmp/worker-0-1/t.80/corr.out
2019/11/26 13:49:33.13 work_queue_worker[1] wq: linking cache/file-0-2074b572c8323b0fa32c1f74d40e6f33-ref.fasta.32 to /tmp/worker-0-1/t.80/ref.fasta.32
2019/11/26 13:49:33.13 work_queue_worker[1] wq: linking cache/file-0-ddd728dc31a49bcd4cacae5676b4e7f7-Create_Corrected_AllLRReads.py to /tmp/worker-0-1/t.80/Create_Corrected_AllLRReads.py
2019/11/26 13:49:33.13 work_queue_worker[1] wq: started process 99: python Create_Corrected_AllLRReads.py ref.fasta.32 corr.out 2> create.err.32
2019/11/26 13:49:33.13 work_queue_worker[1] wq: tx to master: info tasks_running 1
2019/11/26 13:49:33.19 work_queue_worker[1] wq: task 80 (pid 99) exited normally with exit code 0
2019/11/26 13:49:33.19 work_queue_worker[1] wq: moving output file from /tmp/worker-0-1/t.80/create.err.32 to cache/file-0-a048c89d0f4437a593ae089363d808c8-create.err.32
2019/11/26 13:49:33.19 work_queue_worker[1] wq: moving output file from /tmp/worker-0-1/t.80/Corrected_ref.fasta.32 to cache/file-0-3759b4869df53b6242203f7d8452b450-Corrected_ref.fasta.32
2019/11/26 13:49:33.19 work_queue_worker[1] wq: tx to master: available_results
2019/11/26 13:49:33.20 work_queue_worker[1] wq: rx from master: send_results -1
2019/11/26 13:49:33.20 work_queue_worker[1] wq: tx to master: result 0 0 0 60002 80
2019/11/26 13:49:33.20 work_queue_worker[1] wq: tx to master: info tasks_running 0
2019/11/26 13:49:33.20 work_queue_worker[1] wq: tx to master: end
2019/11/26 13:49:33.20 work_queue_worker[1] wq: rx from master: get file-0-a048c89d0f4437a593ae089363d808c8-create.err.32 1
2019/11/26 13:49:33.20 work_queue_worker[1] wq: tx to master: file file-0-a048c89d0f4437a593ae089363d808c8-create.err.32 0
2019/11/26 13:49:33.20 work_queue_worker[1] wq: tx to master: end
2019/11/26 13:49:33.20 work_queue_worker[1] wq: rx from master: get file-0-3759b4869df53b6242203f7d8452b450-Corrected_ref.fasta.32 1
2019/11/26 13:49:33.20 work_queue_worker[1] wq: tx to master: file file-0-3759b4869df53b6242203f7d8452b450-Corrected_ref.fasta.32 1055000
2019/11/26 13:49:33.20 work_queue_worker[1] wq: tx to master: end
2019/11/26 13:49:33.20 work_queue_worker[1] wq: rx from master: kill 80
2019/11/26 13:49:33.20 work_queue_worker[1] wq: ---- DELETING: /tmp/worker-0-1/t.80
2019/11/26 13:49:33.53 work_queue_worker[1] wq: rx from master: put file-0-12470dc35ac3e9d7f02a76cc8a9c00ea-ref.fasta.19 1055000 0644 1
2019/11/26 13:49:33.53 work_queue_worker[1] wq: Putting file file-0-12470dc35ac3e9d7f02a76cc8a9c00ea-ref.fasta.19 into workspace
2019/11/26 13:49:33.53 work_queue_worker[1] wq: Dir /cache already exists in cache
2019/11/26 13:49:33.53 work_queue_worker[1] wq: ****BRUNO***** cp BARRA: -> cp ./cache/file-0-12470dc35ac3e9d7f02a76cc8a9c00ea-ref.fasta.19 /cache.
2019/11/26 13:49:33.54 work_queue_worker[1] wq: rx from master: task 93
2019/11/26 13:49:33.54 work_queue_worker[1] wq: rx from master: cmd 76
2019/11/26 13:49:33.54 work_queue_worker[1] wq: rx from master: python Create_Corrected_AllLRReads.py ref.fasta.19 corr.out 2> create.err.19
2019/11/26 13:49:33.54 work_queue_worker[1] wq: rx from master: category default
2019/11/26 13:49:33.54 work_queue_worker[1] wq: rx from master: cores 1
2019/11/26 13:49:33.54 work_queue_worker[1] wq: rx from master: memory 11908
2019/11/26 13:49:33.54 work_queue_worker[1] wq: rx from master: disk 1400
2019/11/26 13:49:33.54 work_queue_worker[1] wq: rx from master: gpus 0
2019/11/26 13:49:33.54 work_queue_worker[1] wq: rx from master: end_time 18446744073709551615
2019/11/26 13:49:33.54 work_queue_worker[1] wq: rx from master: wall_time 18446744073709551615
2019/11/26 13:49:33.54 work_queue_worker[1] wq: rx from master: env 7
2019/11/26 13:49:33.54 work_queue_worker[1] wq: rx from master: env 17
2019/11/26 13:49:33.54 work_queue_worker[1] wq: rx from master: infile file-0-048045060f61089a83cce204e6b8f151-corr.out corr.out 1
2019/11/26 13:49:33.54 work_queue_worker[1] wq: rx from master: infile file-0-12470dc35ac3e9d7f02a76cc8a9c00ea-ref.fasta.19 ref.fasta.19 1
2019/11/26 13:49:33.54 work_queue_worker[1] wq: rx from master: infile file-0-ddd728dc31a49bcd4cacae5676b4e7f7-Create_Corrected_AllLRReads.py Create_Corrected_AllLRReads.py 1
2019/11/26 13:49:33.54 work_queue_worker[1] wq: rx from master: outfile file-0-0baf108b775df955ed74be0095b51bff-create.err.19 create.err.19 1
2019/11/26 13:49:33.54 work_queue_worker[1] wq: rx from master: outfile file-0-80c6cc865acf4579a1ad7f007e49cbd3-Corrected_ref.fasta.19 Corrected_ref.fasta.19 1
2019/11/26 13:49:33.54 work_queue_worker[1] wq: rx from master: end
2019/11/26 13:49:33.54 work_queue_worker[1] wq: tx to master: info cached_files file-0-5b3b606ef2c77a0f099af1f26882e93e-ref.fasta.24
2019/11/26 13:49:33.54 work_queue_worker[1] wq: tx to master: info cached_files file-0-a1390e6a488a52d4a53323630be8883e-ref.fasta.25
2019/11/26 13:49:33.54 work_queue_worker[1] wq: tx to master: info cached_files file-0-17ddf63c75cb0ddda4648bacc86a279d-ref.fasta.26
2019/11/26 13:49:33.54 work_queue_worker[1] wq: tx to master: info cached_files file-0-0286d1afff057cca7ea08b4e14e8c883-ref.fasta.21
2019/11/26 13:49:33.54 work_queue_worker[1] wq: tx to master: info cached_files file-0-12470dc35ac3e9d7f02a76cc8a9c00ea-ref.fasta.19
2019/11/26 13:49:33.54 work_queue_worker[1] wq: tx to master: info cached_files file-0-6255fe77cdaff2878a49d0145ff6776f-ref.fasta.23
2019/11/26 13:49:33.54 work_queue_worker[1] wq: tx to master: info cached_files file-0-8c12b2e81dd684a2bea395d788356753-ref.fasta.20
2019/11/26 13:49:33.55 work_queue_worker[1] wq: linking cache/file-0-048045060f61089a83cce204e6b8f151-corr.out to /tmp/worker-0-1/t.93/corr.out
2019/11/26 13:49:33.55 work_queue_worker[1] wq: linking cache/file-0-12470dc35ac3e9d7f02a76cc8a9c00ea-ref.fasta.19 to /tmp/worker-0-1/t.93/ref.fasta.19
2019/11/26 13:49:33.55 work_queue_worker[1] wq: linking cache/file-0-ddd728dc31a49bcd4cacae5676b4e7f7-Create_Corrected_AllLRReads.py to /tmp/worker-0-1/t.93/Create_Corrected_AllLRReads.py
2019/11/26 13:49:33.55 work_queue_worker[1] wq: started process 105: python Create_Corrected_AllLRReads.py ref.fasta.19 corr.out 2> create.err.19
2019/11/26 13:49:33.55 work_queue_worker[1] wq: tx to master: info tasks_running 1
2019/11/26 13:49:33.59 work_queue_worker[1] wq: task 93 (pid 105) exited normally with exit code 0
2019/11/26 13:49:33.59 work_queue_worker[1] wq: moving output file from /tmp/worker-0-1/t.93/create.err.19 to cache/file-0-0baf108b775df955ed74be0095b51bff-create.err.19
2019/11/26 13:49:33.59 work_queue_worker[1] wq: moving output file from /tmp/worker-0-1/t.93/Corrected_ref.fasta.19 to cache/file-0-80c6cc865acf4579a1ad7f007e49cbd3-Corrected_ref.fasta.19
2019/11/26 13:49:33.59 work_queue_worker[1] wq: tx to master: available_results
2019/11/26 13:49:33.97 work_queue_worker[1] wq: rx from master: send_results -1
2019/11/26 13:49:33.97 work_queue_worker[1] wq: tx to master: result 0 0 0 41502 93
2019/11/26 13:49:33.97 work_queue_worker[1] wq: tx to master: info tasks_running 0
2019/11/26 13:49:33.97 work_queue_worker[1] wq: tx to master: end
2019/11/26 13:49:33.97 work_queue_worker[1] wq: rx from master: get file-0-0baf108b775df955ed74be0095b51bff-create.err.19 1
2019/11/26 13:49:33.97 work_queue_worker[1] wq: tx to master: file file-0-0baf108b775df955ed74be0095b51bff-create.err.19 0
2019/11/26 13:49:33.97 work_queue_worker[1] wq: tx to master: end
2019/11/26 13:49:33.97 work_queue_worker[1] wq: rx from master: get file-0-80c6cc865acf4579a1ad7f007e49cbd3-Corrected_ref.fasta.19 1
2019/11/26 13:49:33.97 work_queue_worker[1] wq: tx to master: file file-0-80c6cc865acf4579a1ad7f007e49cbd3-Corrected_ref.fasta.19 1055000
2019/11/26 13:49:33.97 work_queue_worker[1] wq: tx to master: end
2019/11/26 13:49:33.98 work_queue_worker[1] wq: rx from master: kill 93
2019/11/26 13:49:33.98 work_queue_worker[1] wq: ---- DELETING: /tmp/worker-0-1/t.93
2019/11/26 13:49:34.04 work_queue_worker[1] wq: rx from master: put file-0-0d93fd3812287dfef20102e293f224d9-ref.fasta.11 1055000 0644 1
2019/11/26 13:49:34.04 work_queue_worker[1] wq: Putting file file-0-0d93fd3812287dfef20102e293f224d9-ref.fasta.11 into workspace
2019/11/26 13:49:34.04 work_queue_worker[1] wq: Dir /cache already exists in cache
2019/11/26 13:49:34.04 work_queue_worker[1] wq: ****BRUNO***** cp BARRA: -> cp ./cache/file-0-0d93fd3812287dfef20102e293f224d9-ref.fasta.11 /cache.
2019/11/26 13:49:34.05 work_queue_worker[1] wq: rx from master: task 101
2019/11/26 13:49:34.05 work_queue_worker[1] wq: rx from master: cmd 76
2019/11/26 13:49:34.05 work_queue_worker[1] wq: rx from master: python Create_Corrected_AllLRReads.py ref.fasta.11 corr.out 2> create.err.11
2019/11/26 13:49:34.05 work_queue_worker[1] wq: rx from master: category default
2019/11/26 13:49:34.05 work_queue_worker[1] wq: rx from master: cores 1
2019/11/26 13:49:34.05 work_queue_worker[1] wq: rx from master: memory 11908
2019/11/26 13:49:34.05 work_queue_worker[1] wq: rx from master: disk 1400
2019/11/26 13:49:34.05 work_queue_worker[1] wq: rx from master: gpus 0
2019/11/26 13:49:34.05 work_queue_worker[1] wq: rx from master: end_time 18446744073709551615
2019/11/26 13:49:34.05 work_queue_worker[1] wq: rx from master: wall_time 18446744073709551615
2019/11/26 13:49:34.05 work_queue_worker[1] wq: rx from master: env 7
2019/11/26 13:49:34.05 work_queue_worker[1] wq: rx from master: env 17
2019/11/26 13:49:34.05 work_queue_worker[1] wq: rx from master: infile file-0-048045060f61089a83cce204e6b8f151-corr.out corr.out 1
2019/11/26 13:49:34.05 work_queue_worker[1] wq: rx from master: infile file-0-0d93fd3812287dfef20102e293f224d9-ref.fasta.11 ref.fasta.11 1
2019/11/26 13:49:34.05 work_queue_worker[1] wq: rx from master: infile file-0-ddd728dc31a49bcd4cacae5676b4e7f7-Create_Corrected_AllLRReads.py Create_Corrected_AllLRReads.py 1
2019/11/26 13:49:34.05 work_queue_worker[1] wq: rx from master: outfile file-0-60f03c127c82c51ce45aee313704cba2-create.err.11 create.err.11 1
2019/11/26 13:49:34.05 work_queue_worker[1] wq: rx from master: outfile file-0-2e98d002169f1919fe880298d2242051-Corrected_ref.fasta.11 Corrected_ref.fasta.11 1
2019/11/26 13:49:34.05 work_queue_worker[1] wq: rx from master: end
2019/11/26 13:49:34.05 work_queue_worker[1] wq: tx to master: info cached_files file-0-595d6fd0783af5f1f9d6ac327ab7d0ae-ref.fasta.13
2019/11/26 13:49:34.05 work_queue_worker[1] wq: tx to master: info cached_files file-0-917a4e2b83f3c1cbe7ad084772249437-ref.fasta.12
2019/11/26 13:49:34.05 work_queue_worker[1] wq: tx to master: info cached_files file-0-be49a61a811f6f14a2896815f8aca4aa-ref.fasta.17
2019/11/26 13:49:34.05 work_queue_worker[1] wq: tx to master: info cached_files file-0-8c01ff49b1bac5dc2eea9e2a868b0a59-ref.fasta.15
2019/11/26 13:49:34.05 work_queue_worker[1] wq: tx to master: info cached_files file-0-8f17aa9e3e257f258b7505f485b7df21-ref.fasta.16
2019/11/26 13:49:34.05 work_queue_worker[1] wq: tx to master: info cached_files file-0-721aaf1524a5dc2f36a94b49c3f5d86a-ref.fasta.14
2019/11/26 13:49:34.05 work_queue_worker[1] wq: tx to master: info cached_files file-0-0d93fd3812287dfef20102e293f224d9-ref.fasta.11
2019/11/26 13:49:34.06 work_queue_worker[1] wq: linking cache/file-0-048045060f61089a83cce204e6b8f151-corr.out to /tmp/worker-0-1/t.101/corr.out
2019/11/26 13:49:34.06 work_queue_worker[1] wq: linking cache/file-0-0d93fd3812287dfef20102e293f224d9-ref.fasta.11 to /tmp/worker-0-1/t.101/ref.fasta.11
2019/11/26 13:49:34.06 work_queue_worker[1] wq: linking cache/file-0-ddd728dc31a49bcd4cacae5676b4e7f7-Create_Corrected_AllLRReads.py to /tmp/worker-0-1/t.101/Create_Corrected_AllLRReads.py
2019/11/26 13:49:34.06 work_queue_worker[1] wq: started process 111: python Create_Corrected_AllLRReads.py ref.fasta.11 corr.out 2> create.err.11
2019/11/26 13:49:34.06 work_queue_worker[1] wq: tx to master: info tasks_running 1
2019/11/26 13:49:34.12 work_queue_worker[1] wq: task 101 (pid 111) exited normally with exit code 0
2019/11/26 13:49:34.12 work_queue_worker[1] wq: moving output file from /tmp/worker-0-1/t.101/create.err.11 to cache/file-0-60f03c127c82c51ce45aee313704cba2-create.err.11
2019/11/26 13:49:34.12 work_queue_worker[1] wq: moving output file from /tmp/worker-0-1/t.101/Corrected_ref.fasta.11 to cache/file-0-2e98d002169f1919fe880298d2242051-Corrected_ref.fasta.11
2019/11/26 13:49:34.12 work_queue_worker[1] wq: tx to master: available_results
2019/11/26 13:49:34.13 work_queue_worker[1] wq: rx from master: send_results -1
2019/11/26 13:49:34.13 work_queue_worker[1] wq: tx to master: result 0 0 0 66442 101
2019/11/26 13:49:34.13 work_queue_worker[1] wq: tx to master: info tasks_running 0
2019/11/26 13:49:34.13 work_queue_worker[1] wq: tx to master: end
2019/11/26 13:49:34.14 work_queue_worker[1] wq: rx from master: get file-0-60f03c127c82c51ce45aee313704cba2-create.err.11 1
2019/11/26 13:49:34.14 work_queue_worker[1] wq: tx to master: file file-0-60f03c127c82c51ce45aee313704cba2-create.err.11 0
2019/11/26 13:49:34.14 work_queue_worker[1] wq: tx to master: end
2019/11/26 13:49:34.14 work_queue_worker[1] wq: rx from master: get file-0-2e98d002169f1919fe880298d2242051-Corrected_ref.fasta.11 1
2019/11/26 13:49:34.14 work_queue_worker[1] wq: tx to master: file file-0-2e98d002169f1919fe880298d2242051-Corrected_ref.fasta.11 1055000
2019/11/26 13:49:34.14 work_queue_worker[1] wq: tx to master: end
2019/11/26 13:49:34.15 work_queue_worker[1] wq: rx from master: kill 101
2019/11/26 13:49:34.15 work_queue_worker[1] wq: ---- DELETING: /tmp/worker-0-1/t.101
2019/11/26 13:49:34.17 work_queue_worker[1] wq: rx from master: put file-0-c1c5b5005550a9e9b359d2cf9e2f8a9a-ref.fasta.1 1053000 0644 1
2019/11/26 13:49:34.17 work_queue_worker[1] wq: Putting file file-0-c1c5b5005550a9e9b359d2cf9e2f8a9a-ref.fasta.1 into workspace
2019/11/26 13:49:34.17 work_queue_worker[1] wq: Dir /cache already exists in cache
2019/11/26 13:49:34.17 work_queue_worker[1] wq: ****BRUNO***** cp BARRA: -> cp ./cache/file-0-c1c5b5005550a9e9b359d2cf9e2f8a9a-ref.fasta.1 /cache.
2019/11/26 13:49:34.18 work_queue_worker[1] wq: rx from master: task 111
2019/11/26 13:49:34.18 work_queue_worker[1] wq: rx from master: cmd 74
2019/11/26 13:49:34.18 work_queue_worker[1] wq: rx from master: python Create_Corrected_AllLRReads.py ref.fasta.1 corr.out 2> create.err.1
2019/11/26 13:49:34.18 work_queue_worker[1] wq: rx from master: category default
2019/11/26 13:49:34.18 work_queue_worker[1] wq: rx from master: cores 1
2019/11/26 13:49:34.18 work_queue_worker[1] wq: rx from master: memory 11908
2019/11/26 13:49:34.18 work_queue_worker[1] wq: rx from master: disk 1400
2019/11/26 13:49:34.18 work_queue_worker[1] wq: rx from master: gpus 0
2019/11/26 13:49:34.18 work_queue_worker[1] wq: rx from master: end_time 18446744073709551615
2019/11/26 13:49:34.18 work_queue_worker[1] wq: rx from master: wall_time 18446744073709551615
2019/11/26 13:49:34.18 work_queue_worker[1] wq: rx from master: env 7
2019/11/26 13:49:34.18 work_queue_worker[1] wq: rx from master: env 17
2019/11/26 13:49:34.18 work_queue_worker[1] wq: rx from master: infile file-0-048045060f61089a83cce204e6b8f151-corr.out corr.out 1
2019/11/26 13:49:34.18 work_queue_worker[1] wq: rx from master: infile file-0-c1c5b5005550a9e9b359d2cf9e2f8a9a-ref.fasta.1 ref.fasta.1 1
2019/11/26 13:49:34.18 work_queue_worker[1] wq: rx from master: infile file-0-ddd728dc31a49bcd4cacae5676b4e7f7-Create_Corrected_AllLRReads.py Create_Corrected_AllLRReads.py 1
2019/11/26 13:49:34.18 work_queue_worker[1] wq: rx from master: outfile file-0-e450bc7d74f7b7d59a50d71da140ff31-create.err.1 create.err.1 1
2019/11/26 13:49:34.18 work_queue_worker[1] wq: rx from master: outfile file-0-0195ac7fa36ae63b32a79b48e5bc8469-Corrected_ref.fasta.1 Corrected_ref.fasta.1 1
2019/11/26 13:49:34.18 work_queue_worker[1] wq: rx from master: end
2019/11/26 13:49:34.18 work_queue_worker[1] wq: tx to master: info cached_files file-0-0aa7fdc5df2e8aa834187cf07d905f1c-ref.fasta.3
2019/11/26 13:49:34.18 work_queue_worker[1] wq: tx to master: info cached_files file-0-c1c5b5005550a9e9b359d2cf9e2f8a9a-ref.fasta.1
2019/11/26 13:49:34.18 work_queue_worker[1] wq: tx to master: info cached_files file-0-9dbb72d8dd139e33c36e645da8581cc4-ref.fasta.2
2019/11/26 13:49:34.18 work_queue_worker[1] wq: tx to master: info cached_files file-0-4b44ee8dff46dd1aa4bb1511d9442a2e-ref.fasta.5
2019/11/26 13:49:34.18 work_queue_worker[1] wq: tx to master: info cached_files file-0-40270ff4240d4ee0a2a2264053bee38d-ref.fasta.7
2019/11/26 13:49:34.18 work_queue_worker[1] wq: tx to master: info cached_files file-0-de3fc56a129f0eca0565c07c2f6f5d65-ref.fasta.6
2019/11/26 13:49:34.18 work_queue_worker[1] wq: tx to master: info cached_files file-0-d53b7362d9ad27f7af3cd0cb7105a051-ref.fasta.4
2019/11/26 13:49:34.19 work_queue_worker[1] wq: linking cache/file-0-048045060f61089a83cce204e6b8f151-corr.out to /tmp/worker-0-1/t.111/corr.out
2019/11/26 13:49:34.19 work_queue_worker[1] wq: linking cache/file-0-c1c5b5005550a9e9b359d2cf9e2f8a9a-ref.fasta.1 to /tmp/worker-0-1/t.111/ref.fasta.1
2019/11/26 13:49:34.19 work_queue_worker[1] wq: linking cache/file-0-ddd728dc31a49bcd4cacae5676b4e7f7-Create_Corrected_AllLRReads.py to /tmp/worker-0-1/t.111/Create_Corrected_AllLRReads.py
2019/11/26 13:49:34.19 work_queue_worker[1] wq: started process 117: python Create_Corrected_AllLRReads.py ref.fasta.1 corr.out 2> create.err.1
2019/11/26 13:49:34.19 work_queue_worker[1] wq: tx to master: info tasks_running 1
2019/11/26 13:49:34.25 work_queue_worker[1] wq: task 111 (pid 117) exited normally with exit code 0
2019/11/26 13:49:34.25 work_queue_worker[1] wq: moving output file from /tmp/worker-0-1/t.111/create.err.1 to cache/file-0-e450bc7d74f7b7d59a50d71da140ff31-create.err.1
2019/11/26 13:49:34.25 work_queue_worker[1] wq: moving output file from /tmp/worker-0-1/t.111/Corrected_ref.fasta.1 to cache/file-0-0195ac7fa36ae63b32a79b48e5bc8469-Corrected_ref.fasta.1
2019/11/26 13:49:34.25 work_queue_worker[1] wq: tx to master: available_results
2019/11/26 13:49:34.25 work_queue_worker[1] wq: rx from master: send_results -1
2019/11/26 13:49:34.25 work_queue_worker[1] wq: tx to master: result 0 0 0 60334 111
2019/11/26 13:49:34.25 work_queue_worker[1] wq: tx to master: info tasks_running 0
2019/11/26 13:49:34.25 work_queue_worker[1] wq: tx to master: end
2019/11/26 13:49:34.25 work_queue_worker[1] wq: rx from master: get file-0-e450bc7d74f7b7d59a50d71da140ff31-create.err.1 1
2019/11/26 13:49:34.25 work_queue_worker[1] wq: tx to master: file file-0-e450bc7d74f7b7d59a50d71da140ff31-create.err.1 0
2019/11/26 13:49:34.25 work_queue_worker[1] wq: tx to master: end
2019/11/26 13:49:34.25 work_queue_worker[1] wq: rx from master: get file-0-0195ac7fa36ae63b32a79b48e5bc8469-Corrected_ref.fasta.1 1
2019/11/26 13:49:34.25 work_queue_worker[1] wq: tx to master: file file-0-0195ac7fa36ae63b32a79b48e5bc8469-Corrected_ref.fasta.1 1053000
2019/11/26 13:49:34.25 work_queue_worker[1] wq: tx to master: end
2019/11/26 13:49:34.26 work_queue_worker[1] wq: rx from master: kill 111
2019/11/26 13:49:34.26 work_queue_worker[1] wq: ---- DELETING: /tmp/worker-0-1/t.111
2019/11/26 13:49:34.27 work_queue_worker[1] wq: rx from master: task 21
2019/11/26 13:49:34.27 work_queue_worker[1] wq: rx from master: cmd 76
2019/11/26 13:49:34.27 work_queue_worker[1] wq: rx from master: python Create_Corrected_AllLRReads.py ref.fasta.91 corr.out 2> create.err.91
2019/11/26 13:49:34.27 work_queue_worker[1] wq: rx from master: category default
2019/11/26 13:49:34.27 work_queue_worker[1] wq: rx from master: cores 1
2019/11/26 13:49:34.27 work_queue_worker[1] wq: rx from master: memory 11908
2019/11/26 13:49:34.27 work_queue_worker[1] wq: rx from master: disk 1400
2019/11/26 13:49:34.27 work_queue_worker[1] wq: rx from master: gpus 0
2019/11/26 13:49:34.27 work_queue_worker[1] wq: rx from master: end_time 18446744073709551615
2019/11/26 13:49:34.27 work_queue_worker[1] wq: rx from master: wall_time 18446744073709551615
2019/11/26 13:49:34.27 work_queue_worker[1] wq: rx from master: env 7
2019/11/26 13:49:34.27 work_queue_worker[1] wq: rx from master: env 17
2019/11/26 13:49:34.27 work_queue_worker[1] wq: rx from master: infile file-0-048045060f61089a83cce204e6b8f151-corr.out corr.out 1
2019/11/26 13:49:34.27 work_queue_worker[1] wq: rx from master: infile file-0-678ca30250569a1c64070583ea4b883b-ref.fasta.91 ref.fasta.91 1
2019/11/26 13:49:34.27 work_queue_worker[1] wq: rx from master: infile file-0-ddd728dc31a49bcd4cacae5676b4e7f7-Create_Corrected_AllLRReads.py Create_Corrected_AllLRReads.py 1
2019/11/26 13:49:34.27 work_queue_worker[1] wq: rx from master: outfile file-0-29e11c96333145debcf8fa686df17812-create.err.91 create.err.91 1
2019/11/26 13:49:34.27 work_queue_worker[1] wq: rx from master: outfile file-0-6b4865887181c85833228f10bd28d782-Corrected_ref.fasta.91 Corrected_ref.fasta.91 1
2019/11/26 13:49:34.27 work_queue_worker[1] wq: rx from master: end
2019/11/26 13:49:34.27 work_queue_worker[1] wq: tx to master: info cached_files file-0-f6180873c6bcf6cfbbf9b9300d0d79ef-ref.fasta.0
2019/11/26 13:49:34.28 work_queue_worker[1] wq: linking cache/file-0-048045060f61089a83cce204e6b8f151-corr.out to /tmp/worker-0-1/t.21/corr.out
2019/11/26 13:49:34.28 work_queue_worker[1] wq: linking cache/file-0-678ca30250569a1c64070583ea4b883b-ref.fasta.91 to /tmp/worker-0-1/t.21/ref.fasta.91
2019/11/26 13:49:34.28 work_queue_worker[1] wq: linking cache/file-0-ddd728dc31a49bcd4cacae5676b4e7f7-Create_Corrected_AllLRReads.py to /tmp/worker-0-1/t.21/Create_Corrected_AllLRReads.py
2019/11/26 13:49:34.28 work_queue_worker[1] wq: started process 121: python Create_Corrected_AllLRReads.py ref.fasta.91 corr.out 2> create.err.91
2019/11/26 13:49:34.28 work_queue_worker[1] wq: tx to master: info tasks_running 1
2019/11/26 13:49:34.35 work_queue_worker[1] wq: task 21 (pid 121) exited normally with exit code 0
2019/11/26 13:49:34.35 work_queue_worker[1] wq: moving output file from /tmp/worker-0-1/t.21/create.err.91 to cache/file-0-29e11c96333145debcf8fa686df17812-create.err.91
2019/11/26 13:49:34.35 work_queue_worker[1] wq: moving output file from /tmp/worker-0-1/t.21/Corrected_ref.fasta.91 to cache/file-0-6b4865887181c85833228f10bd28d782-Corrected_ref.fasta.91
2019/11/26 13:49:34.35 work_queue_worker[1] wq: tx to master: available_results
2019/11/26 13:49:34.35 work_queue_worker[1] wq: rx from master: send_results -1
2019/11/26 13:49:34.35 work_queue_worker[1] wq: tx to master: result 0 0 0 62894 21
2019/11/26 13:49:34.35 work_queue_worker[1] wq: tx to master: info tasks_running 0
2019/11/26 13:49:34.35 work_queue_worker[1] wq: tx to master: end
2019/11/26 13:49:34.36 work_queue_worker[1] wq: rx from master: get file-0-29e11c96333145debcf8fa686df17812-create.err.91 1
2019/11/26 13:49:34.36 work_queue_worker[1] wq: tx to master: file file-0-29e11c96333145debcf8fa686df17812-create.err.91 0
2019/11/26 13:49:34.36 work_queue_worker[1] wq: tx to master: end
2019/11/26 13:49:34.36 work_queue_worker[1] wq: rx from master: get file-0-6b4865887181c85833228f10bd28d782-Corrected_ref.fasta.91 1
2019/11/26 13:49:34.36 work_queue_worker[1] wq: tx to master: file file-0-6b4865887181c85833228f10bd28d782-Corrected_ref.fasta.91 1055000
2019/11/26 13:49:34.36 work_queue_worker[1] wq: tx to master: end
2019/11/26 13:49:34.36 work_queue_worker[1] wq: rx from master: kill 21
2019/11/26 13:49:34.36 work_queue_worker[1] wq: ---- DELETING: /tmp/worker-0-1/t.21
2019/11/26 13:49:35.83 work_queue_worker[1] wq: rx from master: release
2019/11/26 13:49:35.83 work_queue_worker[1] wq: released by master 10.0.230.17:1026.
2019/11/26 13:49:35.83 work_queue_worker[1] wq: *********** BRUNO ******** NOT cleaning workspace /tmp/worker-0-1
2019/11/26 13:49:35.83 work_queue_worker[1] wq: disconnecting from master 10.0.230.17:1026
2019/11/26 13:49:35.83 work_queue_worker[1] tcp: disconnected from 10.0.230.17 port 1026
2019/11/26 13:49:35.83 work_queue_worker[1] wq: killing all outstanding tasks
2019/11/26 13:49:35.83 work_queue_worker[1] wq: ---- DELETING: /tmp/worker-0-1/t.3
2019/11/26 13:49:35.83 work_queue_worker[1] wq: ---- DELETING: /tmp/worker-0-1/t.14
2019/11/26 13:49:35.83 work_queue_worker[1] wq: all data structures are clean
2019/11/26 13:49:36.83 work_queue_worker[1] tcp: connecting to 10.0.230.17 port 1026
