2019/11/22 19:27:57.28 #|1574450877.285249118|00#| work_queue_worker[1] debug: /root/cctools/bin/work_queue_worker version 8.0.0 DEVELOPMENT (released 2019-11-14 15:35:16 +0000)
2019/11/22 19:27:57.28 #|1574450877.285294988|00#| work_queue_worker[1] debug: Built by root@7e9ecba79f43 on 2019-11-14 15:35:16 +0000
2019/11/22 19:27:57.28 #|1574450877.285310209|00#| work_queue_worker[1] debug: System: Linux 7e9ecba79f43 5.0.0-32-generic #34~18.04.2-Ubuntu SMP Thu Oct 10 10:36:02 UTC 2019 x86_64 x86_64 x86_64 GNU/Linux
2019/11/22 19:27:57.28 #|1574450877.285323654|00#| work_queue_worker[1] debug: Configuration: --prefix /root/cctools
2019/11/22 19:27:57.28 #|1574450877.285566142|00#| work_queue_worker[1] wq: WORK_QUEUE_SANDBOX set to /tmp/worker-0-1.
2019/11/22 19:27:57.28 #|1574450877.286170032|00#| work_queue_worker[1] debug: error reading disk usage on directory: ./cache.
2019/11/22 19:27:57.28 #|1574450877.286208912|00#| work_queue_worker[1] dns: looking up name master
2019/11/22 19:27:57.28 #|1574450877.286986718|00#| work_queue_worker[1] dns: master is 10.0.102.2
2019/11/22 19:27:57.28 #|1574450877.287027780|00#| work_queue_worker[1] tcp: connecting to 10.0.102.2 port 1026
2019/11/22 19:27:57.28 #|1574450877.287285152|00#| work_queue_worker[1] tcp: made connection to 10.0.102.2 port 1026
2019/11/22 19:27:57.28 #|1574450877.287311933|00#| work_queue_worker[1] wq: connected to master master:1026 via local address 10.0.102.14:34694
2019/11/22 19:27:57.28 #|1574450877.287328802|00#| work_queue_worker[1] wq: preparing workspace /tmp/worker-0-1
2019/11/22 19:27:57.28 #|1574450877.287476509|00#| work_queue_worker[1] dns: looking up name af764d61bbac
2019/11/22 19:27:57.28 #|1574450877.287532785|00#| work_queue_worker[1] dns: af764d61bbac is 10.0.102.14
2019/11/22 19:27:57.28 #|1574450877.287552618|00#| work_queue_worker[1] dns: looking up addr 10.0.102.14
2019/11/22 19:27:57.28 #|1574450877.287591915|00#| work_queue_worker[1] dns: 10.0.102.14 is af764d61bbac
2019/11/22 19:27:57.28 #|1574450877.287610252|00#| work_queue_worker[1] dns: finding my hostname: uname = af764d61bbac, address = 10.0.102.14, hostname = af764d61bbac
2019/11/22 19:27:57.28 #|1574450877.287630660|00#| work_queue_worker[1] wq: tx to master: workqueue 8 af764d61bbac Linux x86_64 8.0.0
2019/11/22 19:27:57.28 #|1574450877.287700813|00#| work_queue_worker[1] wq: tx to master: info worker-id worker-fada429563ee4be547fdb690bff140a8
2019/11/22 19:27:57.28 #|1574450877.287762414|00#| work_queue_worker[1] wq: tx to master: alive
2019/11/22 19:27:57.28 #|1574450877.287822060|00#| work_queue_worker[1] wq: Sending resource description to master:
2019/11/22 19:27:57.28 #|1574450877.287841184|00#| work_queue_worker[1] wq:  workers      0 inuse      1 total      1 smallest      1 largest
2019/11/22 19:27:57.28 #|1574450877.287898799|00#| work_queue_worker[1] wq:     disk      0 inuse   2388 total   2388 smallest   2388 largest
2019/11/22 19:27:57.28 #|1574450877.287951392|00#| work_queue_worker[1] wq:   memory      0 inuse  11908 total  11908 smallest  11908 largest
2019/11/22 19:27:57.28 #|1574450877.288001514|00#| work_queue_worker[1] wq:     gpus      0 inuse      0 total      0 smallest      0 largest
2019/11/22 19:27:57.28 #|1574450877.288054707|00#| work_queue_worker[1] wq:    cores      0 inuse      1 total      1 smallest      1 largest
2019/11/22 19:27:57.28 #|1574450877.288149518|00#| work_queue_worker[1] wq: tx to master: info end_of_resource_update 0
2019/11/22 19:27:57.28 #|1574450877.288210288|00#| work_queue_worker[1] wq: tx to master: info tasks_running 0
2019/11/22 19:27:57.28 #|1574450877.288234795|00#| work_queue_worker[1] wq: working for master at 10.0.102.2:1026.
2019/11/22 19:29:45.30 #|1574450985.307000377|00#| work_queue_worker[1] wq: Failed to read from master.
2019/11/22 19:29:45.30 #|1574450985.307028900|00#| work_queue_worker[1] wq: cleaning workspace /tmp/worker-0-1
2019/11/22 19:29:45.30 #|1574450985.307152525|00#| work_queue_worker[1] wq: disconnecting from master 10.0.102.2:1026
2019/11/22 19:29:45.30 #|1574450985.307174511|00#| work_queue_worker[1] tcp: disconnected from 10.0.102.2 port 1026
2019/11/22 19:29:45.30 #|1574450985.307193749|00#| work_queue_worker[1] wq: killing all outstanding tasks
2019/11/22 19:29:45.30 #|1574450985.307203789|00#| work_queue_worker[1] wq: all data structures are clean
2019/11/22 19:29:51.30 #|1574450991.307569954|00#| work_queue_worker[1] debug: error reading disk usage on directory: ./cache.
2019/11/22 19:29:51.30 #|1574450991.307602382|00#| work_queue_worker[1] tcp: connecting to 10.0.102.2 port 1026
2019/11/22 19:29:51.30 #|1574450991.307732773|00#| work_queue_worker[1] tcp: made connection to 10.0.102.2 port 1026
2019/11/22 19:29:51.30 #|1574450991.307750603|00#| work_queue_worker[1] wq: connected to master master:1026 via local address 10.0.102.14:34732
2019/11/22 19:29:51.30 #|1574450991.307759687|00#| work_queue_worker[1] wq: preparing workspace /tmp/worker-0-1
2019/11/22 19:29:51.30 #|1574450991.307857415|00#| work_queue_worker[1] dns: finding my hostname: uname = af764d61bbac, address = 10.0.102.14, hostname = af764d61bbac
2019/11/22 19:29:51.30 #|1574450991.307870110|00#| work_queue_worker[1] wq: tx to master: workqueue 8 af764d61bbac Linux x86_64 8.0.0
2019/11/22 19:29:51.30 #|1574450991.307938041|00#| work_queue_worker[1] wq: tx to master: info worker-id worker-fada429563ee4be547fdb690bff140a8
2019/11/22 19:29:51.30 #|1574450991.307993410|00#| work_queue_worker[1] wq: tx to master: alive
2019/11/22 19:29:51.30 #|1574450991.308043729|00#| work_queue_worker[1] wq: Sending resource description to master:
2019/11/22 19:29:51.30 #|1574450991.308056391|00#| work_queue_worker[1] wq:  workers      0 inuse      1 total      1 smallest      1 largest
2019/11/22 19:29:51.30 #|1574450991.308103609|00#| work_queue_worker[1] wq:     disk      0 inuse   2388 total   2388 smallest   2388 largest
2019/11/22 19:29:51.30 #|1574450991.308153340|00#| work_queue_worker[1] wq:   memory      0 inuse  11908 total  11908 smallest  11908 largest
2019/11/22 19:29:51.30 #|1574450991.308211508|00#| work_queue_worker[1] wq:     gpus      0 inuse      0 total      0 smallest      0 largest
2019/11/22 19:29:51.30 #|1574450991.308261542|00#| work_queue_worker[1] wq:    cores      0 inuse      1 total      1 smallest      1 largest
2019/11/22 19:29:51.30 #|1574450991.308340107|00#| work_queue_worker[1] wq: tx to master: info end_of_resource_update 0
2019/11/22 19:29:51.30 #|1574450991.308389662|00#| work_queue_worker[1] wq: tx to master: info tasks_running 0
2019/11/22 19:29:51.30 #|1574450991.308448897|00#| work_queue_worker[1] wq: working for master at 10.0.102.2:1026.
2019/11/22 19:35:51.27 #|1574451351.272600782|00#| work_queue_worker[1] wq: rx from master: put file-0-25930e3036f13852cb0b29694bbab611-nt/taxdb.bti 14920392 0644 1
2019/11/22 19:35:51.27 #|1574451351.272671735|00#| work_queue_worker[1] wq: Putting file file-0-25930e3036f13852cb0b29694bbab611-nt/taxdb.bti into workspace
2019/11/22 19:35:51.30 #|1574451351.309228444|00#| work_queue_worker[1] wq: rx from master: put file-0-25930e3036f13852cb0b29694bbab611-nt/nt.nal 752 0644 1
2019/11/22 19:35:51.30 #|1574451351.309277020|00#| work_queue_worker[1] wq: Putting file file-0-25930e3036f13852cb0b29694bbab611-nt/nt.nal into workspace
2019/11/22 19:35:51.30 #|1574451351.309381514|00#| work_queue_worker[1] wq: rx from master: put file-0-25930e3036f13852cb0b29694bbab611-nt/nt.44.nni 27220 0644 1
2019/11/22 19:35:51.30 #|1574451351.309413109|00#| work_queue_worker[1] wq: Putting file file-0-25930e3036f13852cb0b29694bbab611-nt/nt.44.nni into workspace
2019/11/22 19:35:51.30 #|1574451351.309555964|00#| work_queue_worker[1] wq: rx from master: put file-0-25930e3036f13852cb0b29694bbab611-nt/nt.44.nog 3378248 0644 1
2019/11/22 19:35:51.30 #|1574451351.309589043|00#| work_queue_worker[1] wq: Putting file file-0-25930e3036f13852cb0b29694bbab611-nt/nt.44.nog into workspace
2019/11/22 19:35:51.31 #|1574451351.316105193|00#| work_queue_worker[1] wq: rx from master: put file-0-25930e3036f13852cb0b29694bbab611-nt/taxdb.btd 141628361 0644 1
2019/11/22 19:35:51.31 #|1574451351.316160155|00#| work_queue_worker[1] wq: Putting file file-0-25930e3036f13852cb0b29694bbab611-nt/taxdb.btd into workspace
2019/11/22 19:35:51.50 #|1574451351.506170967|00#| work_queue_worker[1] wq: rx from master: put file-0-25930e3036f13852cb0b29694bbab611-nt/nt.44.nhr 148534336 0644 1
2019/11/22 19:35:51.50 #|1574451351.506215508|00#| work_queue_worker[1] wq: Putting file file-0-25930e3036f13852cb0b29694bbab611-nt/nt.44.nhr into workspace
2019/11/22 19:35:51.69 #|1574451351.696892463|00#| work_queue_worker[1] wq: rx from master: put file-0-25930e3036f13852cb0b29694bbab611-nt/nt.44.nhi 338004 0644 1
2019/11/22 19:35:51.69 #|1574451351.696937368|00#| work_queue_worker[1] wq: Putting file file-0-25930e3036f13852cb0b29694bbab611-nt/nt.44.nhi into workspace
2019/11/22 19:35:51.69 #|1574451351.697469419|00#| work_queue_worker[1] wq: rx from master: put file-0-25930e3036f13852cb0b29694bbab611-nt/nt.44.nnd 6955488 0644 1
2019/11/22 19:35:51.69 #|1574451351.697494022|00#| work_queue_worker[1] wq: Putting file file-0-25930e3036f13852cb0b29694bbab611-nt/nt.44.nnd into workspace
2019/11/22 19:35:51.70 #|1574451351.706421802|00#| work_queue_worker[1] wq: rx from master: put file-0-25930e3036f13852cb0b29694bbab611-nt/nt.44.nhd 14869748 0644 1
2019/11/22 19:35:51.70 #|1574451351.706464825|00#| work_queue_worker[1] wq: Putting file file-0-25930e3036f13852cb0b29694bbab611-nt/nt.44.nhd into workspace
2019/11/22 19:35:51.72 #|1574451351.725756454|00#| work_queue_worker[1] wq: rx from master: put file-0-25930e3036f13852cb0b29694bbab611-nt/nt.44.nsq 974099786 0644 1
2019/11/22 19:35:51.72 #|1574451351.725800986|00#| work_queue_worker[1] wq: Putting file file-0-25930e3036f13852cb0b29694bbab611-nt/nt.44.nsq into workspace
2019/11/22 19:35:51.72 #|1574451351.725815026|00#| work_queue_worker[1] debug: File of size 928 MB will lower available disk space (879 MB) below threshold (0 MB).
2019/11/22 19:35:51.72 #|1574451351.725823897|00#| work_queue_worker[1] wq: Could not put file file-0-25930e3036f13852cb0b29694bbab611-nt/nt.44.nsq, not enough disk space (974099786 bytes needed)
2019/11/22 19:35:51.72 #|1574451351.725835488|00#| work_queue_worker[1] wq: cleaning workspace /tmp/worker-0-1
2019/11/22 19:35:51.78 #|1574451351.782403387|00#| work_queue_worker[1] wq: disconnecting from master 10.0.102.2:1026
2019/11/22 19:35:51.78 #|1574451351.782669105|00#| work_queue_worker[1] tcp: disconnected from 10.0.102.2 port 1026
2019/11/22 19:35:51.78 #|1574451351.782684460|00#| work_queue_worker[1] wq: killing all outstanding tasks
2019/11/22 19:35:51.78 #|1574451351.782695386|00#| work_queue_worker[1] wq: all data structures are clean
2019/11/22 19:35:57.78 #|1574451357.783153459|00#| work_queue_worker[1] debug: error reading disk usage on directory: ./cache.
2019/11/22 19:35:57.78 #|1574451357.783185230|00#| work_queue_worker[1] dns: looking up name master
2019/11/22 19:35:57.78 #|1574451357.783515917|00#| work_queue_worker[1] dns: master is 10.0.102.2
2019/11/22 19:35:57.78 #|1574451357.783550592|00#| work_queue_worker[1] tcp: connecting to 10.0.102.2 port 1026
2019/11/22 19:35:57.78 #|1574451357.783708356|00#| work_queue_worker[1] tcp: made connection to 10.0.102.2 port 1026
2019/11/22 19:35:57.78 #|1574451357.783726666|00#| work_queue_worker[1] wq: connected to master master:1026 via local address 10.0.102.14:34806
2019/11/22 19:35:57.78 #|1574451357.783736077|00#| work_queue_worker[1] wq: preparing workspace /tmp/worker-0-1
2019/11/22 19:35:57.78 #|1574451357.783846803|00#| work_queue_worker[1] dns: looking up name af764d61bbac
2019/11/22 19:35:57.78 #|1574451357.783878058|00#| work_queue_worker[1] dns: af764d61bbac is 10.0.102.14
2019/11/22 19:35:57.78 #|1574451357.783888900|00#| work_queue_worker[1] dns: looking up addr 10.0.102.14
2019/11/22 19:35:57.78 #|1574451357.783908787|00#| work_queue_worker[1] dns: 10.0.102.14 is af764d61bbac
2019/11/22 19:35:57.78 #|1574451357.783917957|00#| work_queue_worker[1] dns: finding my hostname: uname = af764d61bbac, address = 10.0.102.14, hostname = af764d61bbac
2019/11/22 19:35:57.78 #|1574451357.783927384|00#| work_queue_worker[1] wq: tx to master: workqueue 8 af764d61bbac Linux x86_64 8.0.0
2019/11/22 19:35:57.78 #|1574451357.784002865|00#| work_queue_worker[1] wq: tx to master: info worker-id worker-fada429563ee4be547fdb690bff140a8
2019/11/22 19:35:57.78 #|1574451357.784056859|00#| work_queue_worker[1] wq: tx to master: alive
2019/11/22 19:35:57.78 #|1574451357.784107306|00#| work_queue_worker[1] wq: Sending resource description to master:
2019/11/22 19:35:57.78 #|1574451357.784119900|00#| work_queue_worker[1] wq:  workers      0 inuse      1 total      1 smallest      1 largest
2019/11/22 19:35:57.78 #|1574451357.784168911|00#| work_queue_worker[1] wq:     disk      0 inuse   1110 total   1110 smallest   1110 largest
2019/11/22 19:35:57.78 #|1574451357.784219929|00#| work_queue_worker[1] wq:   memory      0 inuse  11908 total  11908 smallest  11908 largest
2019/11/22 19:35:57.78 #|1574451357.784270937|00#| work_queue_worker[1] wq:     gpus      0 inuse      0 total      0 smallest      0 largest
2019/11/22 19:35:57.78 #|1574451357.784321446|00#| work_queue_worker[1] wq:    cores      0 inuse      1 total      1 smallest      1 largest
2019/11/22 19:35:57.78 #|1574451357.784401784|00#| work_queue_worker[1] wq: tx to master: info end_of_resource_update 0
2019/11/22 19:35:57.78 #|1574451357.784452593|00#| work_queue_worker[1] wq: tx to master: info tasks_running 0
2019/11/22 19:35:57.78 #|1574451357.784503002|00#| work_queue_worker[1] wq: working for master at 10.0.102.2:1026.
2019/11/22 19:35:57.78 #|1574451357.786375289|00#| work_queue_worker[1] wq: rx from master: put file-0-25930e3036f13852cb0b29694bbab611-nt/taxdb.bti 14920392 0644 1
2019/11/22 19:35:57.78 #|1574451357.786412672|00#| work_queue_worker[1] wq: Putting file file-0-25930e3036f13852cb0b29694bbab611-nt/taxdb.bti into workspace
2019/11/22 19:35:57.81 #|1574451357.815849613|00#| work_queue_worker[1] wq: rx from master: put file-0-25930e3036f13852cb0b29694bbab611-nt/nt.nal 752 0644 1
2019/11/22 19:35:57.81 #|1574451357.815904651|00#| work_queue_worker[1] wq: Putting file file-0-25930e3036f13852cb0b29694bbab611-nt/nt.nal into workspace
2019/11/22 19:35:57.81 #|1574451357.816025529|00#| work_queue_worker[1] wq: rx from master: put file-0-25930e3036f13852cb0b29694bbab611-nt/nt.44.nni 27220 0644 1
2019/11/22 19:35:57.81 #|1574451357.816054161|00#| work_queue_worker[1] wq: Putting file file-0-25930e3036f13852cb0b29694bbab611-nt/nt.44.nni into workspace
2019/11/22 19:35:57.81 #|1574451357.816169562|00#| work_queue_worker[1] wq: rx from master: put file-0-25930e3036f13852cb0b29694bbab611-nt/nt.44.nog 3378248 0644 1
2019/11/22 19:35:57.81 #|1574451357.816199273|00#| work_queue_worker[1] wq: Putting file file-0-25930e3036f13852cb0b29694bbab611-nt/nt.44.nog into workspace
2019/11/22 19:35:57.82 #|1574451357.822213121|00#| work_queue_worker[1] wq: rx from master: put file-0-25930e3036f13852cb0b29694bbab611-nt/taxdb.btd 141628361 0644 1
2019/11/22 19:35:57.82 #|1574451357.822257964|00#| work_queue_worker[1] wq: Putting file file-0-25930e3036f13852cb0b29694bbab611-nt/taxdb.btd into workspace
2019/11/22 19:35:58.00 #|1574451358.6376743|00#| work_queue_worker[1] wq: rx from master: put file-0-25930e3036f13852cb0b29694bbab611-nt/nt.44.nhr 148534336 0644 1
2019/11/22 19:35:58.00 #|1574451358.6422881|00#| work_queue_worker[1] wq: Putting file file-0-25930e3036f13852cb0b29694bbab611-nt/nt.44.nhr into workspace
2019/11/22 19:35:58.19 #|1574451358.196636588|00#| work_queue_worker[1] wq: rx from master: put file-0-25930e3036f13852cb0b29694bbab611-nt/nt.44.nhi 338004 0644 1
2019/11/22 19:35:58.19 #|1574451358.196682298|00#| work_queue_worker[1] wq: Putting file file-0-25930e3036f13852cb0b29694bbab611-nt/nt.44.nhi into workspace
2019/11/22 19:35:58.19 #|1574451358.197239104|00#| work_queue_worker[1] wq: rx from master: put file-0-25930e3036f13852cb0b29694bbab611-nt/nt.44.nnd 6955488 0644 1
2019/11/22 19:35:58.19 #|1574451358.197263987|00#| work_queue_worker[1] wq: Putting file file-0-25930e3036f13852cb0b29694bbab611-nt/nt.44.nnd into workspace
2019/11/22 19:35:58.20 #|1574451358.206241656|00#| work_queue_worker[1] wq: rx from master: put file-0-25930e3036f13852cb0b29694bbab611-nt/nt.44.nhd 14869748 0644 1
2019/11/22 19:35:58.20 #|1574451358.206290808|00#| work_queue_worker[1] wq: Putting file file-0-25930e3036f13852cb0b29694bbab611-nt/nt.44.nhd into workspace
2019/11/22 19:35:58.22 #|1574451358.225390315|00#| work_queue_worker[1] wq: rx from master: put file-0-25930e3036f13852cb0b29694bbab611-nt/nt.44.nsq 974099786 0644 1
2019/11/22 19:35:58.22 #|1574451358.225435130|00#| work_queue_worker[1] wq: Putting file file-0-25930e3036f13852cb0b29694bbab611-nt/nt.44.nsq into workspace
2019/11/22 19:35:58.22 #|1574451358.225449173|00#| work_queue_worker[1] debug: File of size 928 MB will lower available disk space (879 MB) below threshold (0 MB).
2019/11/22 19:35:58.22 #|1574451358.225457986|00#| work_queue_worker[1] wq: Could not put file file-0-25930e3036f13852cb0b29694bbab611-nt/nt.44.nsq, not enough disk space (974099786 bytes needed)
2019/11/22 19:35:58.22 #|1574451358.225469796|00#| work_queue_worker[1] wq: cleaning workspace /tmp/worker-0-1
2019/11/22 19:35:58.28 #|1574451358.282115394|00#| work_queue_worker[1] wq: disconnecting from master 10.0.102.2:1026
2019/11/22 19:35:58.28 #|1574451358.282303980|00#| work_queue_worker[1] tcp: disconnected from 10.0.102.2 port 1026
2019/11/22 19:35:58.28 #|1574451358.282318588|00#| work_queue_worker[1] wq: killing all outstanding tasks
2019/11/22 19:35:58.28 #|1574451358.282329562|00#| work_queue_worker[1] wq: all data structures are clean
2019/11/22 19:36:04.28 #|1574451364.282828803|00#| work_queue_worker[1] debug: error reading disk usage on directory: ./cache.
2019/11/22 19:36:04.28 #|1574451364.282878976|00#| work_queue_worker[1] tcp: connecting to 10.0.102.2 port 1026
2019/11/22 19:36:04.28 #|1574451364.283063556|00#| work_queue_worker[1] tcp: made connection to 10.0.102.2 port 1026
2019/11/22 19:36:04.28 #|1574451364.283082585|00#| work_queue_worker[1] wq: connected to master master:1026 via local address 10.0.102.14:34820
2019/11/22 19:36:04.28 #|1574451364.283091923|00#| work_queue_worker[1] wq: preparing workspace /tmp/worker-0-1
2019/11/22 19:36:04.28 #|1574451364.283206232|00#| work_queue_worker[1] dns: finding my hostname: uname = af764d61bbac, address = 10.0.102.14, hostname = af764d61bbac
2019/11/22 19:36:04.28 #|1574451364.283219379|00#| work_queue_worker[1] wq: tx to master: workqueue 8 af764d61bbac Linux x86_64 8.0.0
2019/11/22 19:36:04.28 #|1574451364.283281992|00#| work_queue_worker[1] wq: tx to master: info worker-id worker-fada429563ee4be547fdb690bff140a8
2019/11/22 19:36:04.28 #|1574451364.283334750|00#| work_queue_worker[1] wq: tx to master: alive
2019/11/22 19:36:04.28 #|1574451364.283384535|00#| work_queue_worker[1] wq: Sending resource description to master:
2019/11/22 19:36:04.28 #|1574451364.283397011|00#| work_queue_worker[1] wq:  workers      0 inuse      1 total      1 smallest      1 largest
2019/11/22 19:36:04.28 #|1574451364.283443925|00#| work_queue_worker[1] wq:     disk      0 inuse   1095 total   1095 smallest   1095 largest
2019/11/22 19:36:04.28 #|1574451364.283492713|00#| work_queue_worker[1] wq:   memory      0 inuse  11908 total  11908 smallest  11908 largest
2019/11/22 19:36:04.28 #|1574451364.283542027|00#| work_queue_worker[1] wq:     gpus      0 inuse      0 total      0 smallest      0 largest
2019/11/22 19:36:04.28 #|1574451364.283590856|00#| work_queue_worker[1] wq:    cores      0 inuse      1 total      1 smallest      1 largest
2019/11/22 19:36:04.28 #|1574451364.283669094|00#| work_queue_worker[1] wq: tx to master: info end_of_resource_update 0
2019/11/22 19:36:04.28 #|1574451364.283718335|00#| work_queue_worker[1] wq: tx to master: info tasks_running 0
2019/11/22 19:36:04.28 #|1574451364.283766806|00#| work_queue_worker[1] wq: working for master at 10.0.102.2:1026.
2019/11/22 19:36:04.28 #|1574451364.285721973|00#| work_queue_worker[1] wq: rx from master: put file-0-25930e3036f13852cb0b29694bbab611-nt/taxdb.bti 14920392 0644 1
2019/11/22 19:36:04.28 #|1574451364.285763830|00#| work_queue_worker[1] wq: Putting file file-0-25930e3036f13852cb0b29694bbab611-nt/taxdb.bti into workspace
2019/11/22 19:36:04.30 #|1574451364.304655047|00#| work_queue_worker[1] wq: rx from master: put file-0-25930e3036f13852cb0b29694bbab611-nt/nt.nal 752 0644 1
2019/11/22 19:36:04.30 #|1574451364.304694769|00#| work_queue_worker[1] wq: Putting file file-0-25930e3036f13852cb0b29694bbab611-nt/nt.nal into workspace
2019/11/22 19:36:04.30 #|1574451364.304787023|00#| work_queue_worker[1] wq: rx from master: put file-0-25930e3036f13852cb0b29694bbab611-nt/nt.44.nni 27220 0644 1
2019/11/22 19:36:04.30 #|1574451364.304809035|00#| work_queue_worker[1] wq: Putting file file-0-25930e3036f13852cb0b29694bbab611-nt/nt.44.nni into workspace
2019/11/22 19:36:04.30 #|1574451364.305054171|00#| work_queue_worker[1] wq: rx from master: put file-0-25930e3036f13852cb0b29694bbab611-nt/nt.44.nog 3378248 0644 1
2019/11/22 19:36:04.30 #|1574451364.305081088|00#| work_queue_worker[1] wq: Putting file file-0-25930e3036f13852cb0b29694bbab611-nt/nt.44.nog into workspace
2019/11/22 19:36:04.30 #|1574451364.309932931|00#| work_queue_worker[1] wq: rx from master: put file-0-25930e3036f13852cb0b29694bbab611-nt/taxdb.btd 141628361 0644 1
2019/11/22 19:36:04.30 #|1574451364.309978169|00#| work_queue_worker[1] wq: Putting file file-0-25930e3036f13852cb0b29694bbab611-nt/taxdb.btd into workspace
2019/11/22 19:36:04.49 #|1574451364.491662592|00#| work_queue_worker[1] wq: rx from master: put file-0-25930e3036f13852cb0b29694bbab611-nt/nt.44.nhr 148534336 0644 1
2019/11/22 19:36:04.49 #|1574451364.491706841|00#| work_queue_worker[1] wq: Putting file file-0-25930e3036f13852cb0b29694bbab611-nt/nt.44.nhr into workspace
2019/11/22 19:36:04.68 #|1574451364.682008842|00#| work_queue_worker[1] wq: rx from master: put file-0-25930e3036f13852cb0b29694bbab611-nt/nt.44.nhi 338004 0644 1
2019/11/22 19:36:04.68 #|1574451364.682054459|00#| work_queue_worker[1] wq: Putting file file-0-25930e3036f13852cb0b29694bbab611-nt/nt.44.nhi into workspace
2019/11/22 19:36:04.68 #|1574451364.682632642|00#| work_queue_worker[1] wq: rx from master: put file-0-25930e3036f13852cb0b29694bbab611-nt/nt.44.nnd 6955488 0644 1
2019/11/22 19:36:04.68 #|1574451364.682658727|00#| work_queue_worker[1] wq: Putting file file-0-25930e3036f13852cb0b29694bbab611-nt/nt.44.nnd into workspace
2019/11/22 19:36:04.69 #|1574451364.691711895|00#| work_queue_worker[1] wq: rx from master: put file-0-25930e3036f13852cb0b29694bbab611-nt/nt.44.nhd 14869748 0644 1
2019/11/22 19:36:04.69 #|1574451364.691758122|00#| work_queue_worker[1] wq: Putting file file-0-25930e3036f13852cb0b29694bbab611-nt/nt.44.nhd into workspace
2019/11/22 19:36:04.71 #|1574451364.710851428|00#| work_queue_worker[1] wq: rx from master: put file-0-25930e3036f13852cb0b29694bbab611-nt/nt.44.nsq 974099786 0644 1
2019/11/22 19:36:04.71 #|1574451364.710897952|00#| work_queue_worker[1] wq: Putting file file-0-25930e3036f13852cb0b29694bbab611-nt/nt.44.nsq into workspace
2019/11/22 19:36:04.71 #|1574451364.710912192|00#| work_queue_worker[1] debug: File of size 928 MB will lower available disk space (879 MB) below threshold (0 MB).
2019/11/22 19:36:04.71 #|1574451364.710920956|00#| work_queue_worker[1] wq: Could not put file file-0-25930e3036f13852cb0b29694bbab611-nt/nt.44.nsq, not enough disk space (974099786 bytes needed)
2019/11/22 19:36:04.71 #|1574451364.710932716|00#| work_queue_worker[1] wq: cleaning workspace /tmp/worker-0-1
2019/11/22 19:36:04.76 #|1574451364.767743684|00#| work_queue_worker[1] wq: disconnecting from master 10.0.102.2:1026
2019/11/22 19:36:04.76 #|1574451364.767937024|00#| work_queue_worker[1] tcp: disconnected from 10.0.102.2 port 1026
2019/11/22 19:36:04.76 #|1574451364.767951807|00#| work_queue_worker[1] wq: killing all outstanding tasks
2019/11/22 19:36:04.76 #|1574451364.767962827|00#| work_queue_worker[1] wq: all data structures are clean
2019/11/22 19:36:10.76 #|1574451370.768408479|00#| work_queue_worker[1] debug: error reading disk usage on directory: ./cache.
2019/11/22 19:36:10.76 #|1574451370.768458321|00#| work_queue_worker[1] tcp: connecting to 10.0.102.2 port 1026
2019/11/22 19:36:10.76 #|1574451370.768640686|00#| work_queue_worker[1] tcp: made connection to 10.0.102.2 port 1026
2019/11/22 19:36:10.76 #|1574451370.768673541|00#| work_queue_worker[1] wq: connected to master master:1026 via local address 10.0.102.14:34834
2019/11/22 19:36:10.76 #|1574451370.768682960|00#| work_queue_worker[1] wq: preparing workspace /tmp/worker-0-1
2019/11/22 19:36:10.76 #|1574451370.768795331|00#| work_queue_worker[1] dns: finding my hostname: uname = af764d61bbac, address = 10.0.102.14, hostname = af764d61bbac
2019/11/22 19:36:10.76 #|1574451370.768808180|00#| work_queue_worker[1] wq: tx to master: workqueue 8 af764d61bbac Linux x86_64 8.0.0
2019/11/22 19:36:10.76 #|1574451370.768871475|00#| work_queue_worker[1] wq: tx to master: info worker-id worker-fada429563ee4be547fdb690bff140a8
2019/11/22 19:36:10.76 #|1574451370.768924487|00#| work_queue_worker[1] wq: tx to master: alive
2019/11/22 19:36:10.76 #|1574451370.768973714|00#| work_queue_worker[1] wq: Sending resource description to master:
2019/11/22 19:36:10.76 #|1574451370.768986034|00#| work_queue_worker[1] wq:  workers      0 inuse      1 total      1 smallest      1 largest
2019/11/22 19:36:10.76 #|1574451370.769033288|00#| work_queue_worker[1] wq:     disk      0 inuse    825 total    825 smallest    825 largest
2019/11/22 19:36:10.76 #|1574451370.769082784|00#| work_queue_worker[1] wq:   memory      0 inuse  11908 total  11908 smallest  11908 largest
2019/11/22 19:36:10.76 #|1574451370.769131627|00#| work_queue_worker[1] wq:     gpus      0 inuse      0 total      0 smallest      0 largest
2019/11/22 19:36:10.76 #|1574451370.769180596|00#| work_queue_worker[1] wq:    cores      0 inuse      1 total      1 smallest      1 largest
2019/11/22 19:36:10.76 #|1574451370.769258438|00#| work_queue_worker[1] wq: tx to master: info end_of_resource_update 0
2019/11/22 19:36:10.76 #|1574451370.769307656|00#| work_queue_worker[1] wq: tx to master: info tasks_running 0
2019/11/22 19:36:10.76 #|1574451370.769355587|00#| work_queue_worker[1] wq: working for master at 10.0.102.2:1026.
2019/11/22 19:36:10.81 #|1574451370.818796723|00#| work_queue_worker[1] wq: rx from master: put file-0-25930e3036f13852cb0b29694bbab611-nt/taxdb.bti 14920392 0644 1
2019/11/22 19:36:10.81 #|1574451370.818840896|00#| work_queue_worker[1] wq: Putting file file-0-25930e3036f13852cb0b29694bbab611-nt/taxdb.bti into workspace
2019/11/22 19:36:10.83 #|1574451370.839531271|00#| work_queue_worker[1] wq: rx from master: put file-0-25930e3036f13852cb0b29694bbab611-nt/nt.nal 752 0644 1
2019/11/22 19:36:10.83 #|1574451370.839574659|00#| work_queue_worker[1] wq: Putting file file-0-25930e3036f13852cb0b29694bbab611-nt/nt.nal into workspace
2019/11/22 19:36:10.83 #|1574451370.839665432|00#| work_queue_worker[1] wq: rx from master: put file-0-25930e3036f13852cb0b29694bbab611-nt/nt.44.nni 27220 0644 1
2019/11/22 19:36:10.83 #|1574451370.839687274|00#| work_queue_worker[1] wq: Putting file file-0-25930e3036f13852cb0b29694bbab611-nt/nt.44.nni into workspace
2019/11/22 19:36:10.83 #|1574451370.839866128|00#| work_queue_worker[1] wq: rx from master: put file-0-25930e3036f13852cb0b29694bbab611-nt/nt.44.nog 3378248 0644 1
2019/11/22 19:36:10.83 #|1574451370.839893295|00#| work_queue_worker[1] wq: Putting file file-0-25930e3036f13852cb0b29694bbab611-nt/nt.44.nog into workspace
2019/11/22 19:36:10.84 #|1574451370.844649778|00#| work_queue_worker[1] wq: rx from master: put file-0-25930e3036f13852cb0b29694bbab611-nt/taxdb.btd 141628361 0644 1
2019/11/22 19:36:10.84 #|1574451370.844693179|00#| work_queue_worker[1] wq: Putting file file-0-25930e3036f13852cb0b29694bbab611-nt/taxdb.btd into workspace
2019/11/22 19:36:11.02 #|1574451371.26741320|00#| work_queue_worker[1] wq: rx from master: put file-0-25930e3036f13852cb0b29694bbab611-nt/nt.44.nhr 148534336 0644 1
2019/11/22 19:36:11.02 #|1574451371.26787369|00#| work_queue_worker[1] wq: Putting file file-0-25930e3036f13852cb0b29694bbab611-nt/nt.44.nhr into workspace
2019/11/22 19:36:11.21 #|1574451371.217174999|00#| work_queue_worker[1] wq: rx from master: put file-0-25930e3036f13852cb0b29694bbab611-nt/nt.44.nhi 338004 0644 1
2019/11/22 19:36:11.21 #|1574451371.217226131|00#| work_queue_worker[1] wq: Putting file file-0-25930e3036f13852cb0b29694bbab611-nt/nt.44.nhi into workspace
2019/11/22 19:36:11.21 #|1574451371.217780523|00#| work_queue_worker[1] wq: rx from master: put file-0-25930e3036f13852cb0b29694bbab611-nt/nt.44.nnd 6955488 0644 1
2019/11/22 19:36:11.21 #|1574451371.217805330|00#| work_queue_worker[1] wq: Putting file file-0-25930e3036f13852cb0b29694bbab611-nt/nt.44.nnd into workspace
2019/11/22 19:36:11.22 #|1574451371.226838153|00#| work_queue_worker[1] wq: rx from master: put file-0-25930e3036f13852cb0b29694bbab611-nt/nt.44.nhd 14869748 0644 1
2019/11/22 19:36:11.22 #|1574451371.226884603|00#| work_queue_worker[1] wq: Putting file file-0-25930e3036f13852cb0b29694bbab611-nt/nt.44.nhd into workspace
2019/11/22 19:36:11.24 #|1574451371.245839223|00#| work_queue_worker[1] wq: rx from master: put file-0-25930e3036f13852cb0b29694bbab611-nt/nt.44.nsq 974099786 0644 1
2019/11/22 19:36:11.24 #|1574451371.245883754|00#| work_queue_worker[1] wq: Putting file file-0-25930e3036f13852cb0b29694bbab611-nt/nt.44.nsq into workspace
2019/11/22 19:36:11.24 #|1574451371.245897934|00#| work_queue_worker[1] debug: File of size 928 MB will lower available disk space (879 MB) below threshold (0 MB).
2019/11/22 19:36:11.24 #|1574451371.245906771|00#| work_queue_worker[1] wq: Could not put file file-0-25930e3036f13852cb0b29694bbab611-nt/nt.44.nsq, not enough disk space (974099786 bytes needed)
2019/11/22 19:36:11.24 #|1574451371.245918286|00#| work_queue_worker[1] wq: cleaning workspace /tmp/worker-0-1
2019/11/22 19:36:11.30 #|1574451371.302916894|00#| work_queue_worker[1] wq: disconnecting from master 10.0.102.2:1026
2019/11/22 19:36:11.30 #|1574451371.303107361|00#| work_queue_worker[1] tcp: disconnected from 10.0.102.2 port 1026
2019/11/22 19:36:11.30 #|1574451371.303122017|00#| work_queue_worker[1] wq: killing all outstanding tasks
2019/11/22 19:36:11.30 #|1574451371.303133050|00#| work_queue_worker[1] wq: all data structures are clean
2019/11/22 19:36:17.30 #|1574451377.303599640|00#| work_queue_worker[1] debug: error reading disk usage on directory: ./cache.
2019/11/22 19:36:17.30 #|1574451377.303648128|00#| work_queue_worker[1] tcp: connecting to 10.0.102.2 port 1026
2019/11/22 19:36:17.30 #|1574451377.303833185|00#| work_queue_worker[1] tcp: made connection to 10.0.102.2 port 1026
2019/11/22 19:36:17.30 #|1574451377.303857685|00#| work_queue_worker[1] wq: connected to master master:1026 via local address 10.0.102.14:34846
2019/11/22 19:36:17.30 #|1574451377.303871846|00#| work_queue_worker[1] wq: preparing workspace /tmp/worker-0-1
2019/11/22 19:36:17.30 #|1574451377.304021131|00#| work_queue_worker[1] dns: finding my hostname: uname = af764d61bbac, address = 10.0.102.14, hostname = af764d61bbac
2019/11/22 19:36:17.30 #|1574451377.304038754|00#| work_queue_worker[1] wq: tx to master: workqueue 8 af764d61bbac Linux x86_64 8.0.0
2019/11/22 19:36:17.30 #|1574451377.304123731|00#| work_queue_worker[1] wq: tx to master: info worker-id worker-fada429563ee4be547fdb690bff140a8
2019/11/22 19:36:17.30 #|1574451377.304199076|00#| work_queue_worker[1] wq: tx to master: alive
2019/11/22 19:36:17.30 #|1574451377.304268463|00#| work_queue_worker[1] wq: Sending resource description to master:
2019/11/22 19:36:17.30 #|1574451377.304285629|00#| work_queue_worker[1] wq:  workers      0 inuse      1 total      1 smallest      1 largest
2019/11/22 19:36:17.30 #|1574451377.304352483|00#| work_queue_worker[1] wq:     disk      0 inuse    792 total    792 smallest    792 largest
2019/11/22 19:36:17.30 #|1574451377.304422415|00#| work_queue_worker[1] wq:   memory      0 inuse  11908 total  11908 smallest  11908 largest
2019/11/22 19:36:17.30 #|1574451377.304492978|00#| work_queue_worker[1] wq:     gpus      0 inuse      0 total      0 smallest      0 largest
2019/11/22 19:36:17.30 #|1574451377.304563177|00#| work_queue_worker[1] wq:    cores      0 inuse      1 total      1 smallest      1 largest
2019/11/22 19:36:17.30 #|1574451377.304677463|00#| work_queue_worker[1] wq: tx to master: info end_of_resource_update 0
2019/11/22 19:36:17.30 #|1574451377.304761091|00#| work_queue_worker[1] wq: tx to master: info tasks_running 0
2019/11/22 19:36:17.30 #|1574451377.304829840|00#| work_queue_worker[1] wq: working for master at 10.0.102.2:1026.
2019/11/22 19:36:17.36 #|1574451377.360754225|00#| work_queue_worker[1] wq: rx from master: put file-0-25930e3036f13852cb0b29694bbab611-nt/taxdb.bti 14920392 0644 1
2019/11/22 19:36:17.36 #|1574451377.360798361|00#| work_queue_worker[1] wq: Putting file file-0-25930e3036f13852cb0b29694bbab611-nt/taxdb.bti into workspace
2019/11/22 19:36:17.38 #|1574451377.381607068|00#| work_queue_worker[1] wq: rx from master: put file-0-25930e3036f13852cb0b29694bbab611-nt/nt.nal 752 0644 1
2019/11/22 19:36:17.38 #|1574451377.381650342|00#| work_queue_worker[1] wq: Putting file file-0-25930e3036f13852cb0b29694bbab611-nt/nt.nal into workspace
2019/11/22 19:36:17.38 #|1574451377.381737885|00#| work_queue_worker[1] wq: rx from master: put file-0-25930e3036f13852cb0b29694bbab611-nt/nt.44.nni 27220 0644 1
2019/11/22 19:36:17.38 #|1574451377.381759428|00#| work_queue_worker[1] wq: Putting file file-0-25930e3036f13852cb0b29694bbab611-nt/nt.44.nni into workspace
2019/11/22 19:36:17.38 #|1574451377.381891442|00#| work_queue_worker[1] wq: rx from master: put file-0-25930e3036f13852cb0b29694bbab611-nt/nt.44.nog 3378248 0644 1
2019/11/22 19:36:17.38 #|1574451377.381915660|00#| work_queue_worker[1] wq: Putting file file-0-25930e3036f13852cb0b29694bbab611-nt/nt.44.nog into workspace
2019/11/22 19:36:17.38 #|1574451377.386585597|00#| work_queue_worker[1] wq: rx from master: put file-0-25930e3036f13852cb0b29694bbab611-nt/taxdb.btd 141628361 0644 1
2019/11/22 19:36:17.38 #|1574451377.386631264|00#| work_queue_worker[1] wq: Putting file file-0-25930e3036f13852cb0b29694bbab611-nt/taxdb.btd into workspace
2019/11/22 19:36:17.56 #|1574451377.568482890|00#| work_queue_worker[1] wq: rx from master: put file-0-25930e3036f13852cb0b29694bbab611-nt/nt.44.nhr 148534336 0644 1
2019/11/22 19:36:17.56 #|1574451377.568530883|00#| work_queue_worker[1] wq: Putting file file-0-25930e3036f13852cb0b29694bbab611-nt/nt.44.nhr into workspace
2019/11/22 19:36:17.75 #|1574451377.759298158|00#| work_queue_worker[1] wq: rx from master: put file-0-25930e3036f13852cb0b29694bbab611-nt/nt.44.nhi 338004 0644 1
2019/11/22 19:36:17.75 #|1574451377.759341668|00#| work_queue_worker[1] wq: Putting file file-0-25930e3036f13852cb0b29694bbab611-nt/nt.44.nhi into workspace
2019/11/22 19:36:17.75 #|1574451377.759879233|00#| work_queue_worker[1] wq: rx from master: put file-0-25930e3036f13852cb0b29694bbab611-nt/nt.44.nnd 6955488 0644 1
2019/11/22 19:36:17.75 #|1574451377.759904398|00#| work_queue_worker[1] wq: Putting file file-0-25930e3036f13852cb0b29694bbab611-nt/nt.44.nnd into workspace
2019/11/22 19:36:17.76 #|1574451377.768933381|00#| work_queue_worker[1] wq: rx from master: put file-0-25930e3036f13852cb0b29694bbab611-nt/nt.44.nhd 14869748 0644 1
2019/11/22 19:36:17.76 #|1574451377.768978502|00#| work_queue_worker[1] wq: Putting file file-0-25930e3036f13852cb0b29694bbab611-nt/nt.44.nhd into workspace
2019/11/22 19:36:17.78 #|1574451377.788138231|00#| work_queue_worker[1] wq: rx from master: put file-0-25930e3036f13852cb0b29694bbab611-nt/nt.44.nsq 974099786 0644 1
2019/11/22 19:36:17.78 #|1574451377.788185332|00#| work_queue_worker[1] wq: Putting file file-0-25930e3036f13852cb0b29694bbab611-nt/nt.44.nsq into workspace
2019/11/22 19:36:17.78 #|1574451377.788199155|00#| work_queue_worker[1] debug: File of size 928 MB will lower available disk space (879 MB) below threshold (0 MB).
2019/11/22 19:36:17.78 #|1574451377.788207915|00#| work_queue_worker[1] wq: Could not put file file-0-25930e3036f13852cb0b29694bbab611-nt/nt.44.nsq, not enough disk space (974099786 bytes needed)
2019/11/22 19:36:17.78 #|1574451377.788219817|00#| work_queue_worker[1] wq: cleaning workspace /tmp/worker-0-1
2019/11/22 19:36:17.84 #|1574451377.845103894|00#| work_queue_worker[1] wq: disconnecting from master 10.0.102.2:1026
2019/11/22 19:36:17.84 #|1574451377.845304051|00#| work_queue_worker[1] tcp: disconnected from 10.0.102.2 port 1026
2019/11/22 19:36:17.84 #|1574451377.845318425|00#| work_queue_worker[1] wq: killing all outstanding tasks
2019/11/22 19:36:17.84 #|1574451377.845329252|00#| work_queue_worker[1] wq: all data structures are clean
2019/11/22 19:36:23.84 #|1574451383.845801228|00#| work_queue_worker[1] debug: error reading disk usage on directory: ./cache.
2019/11/22 19:36:23.84 #|1574451383.845856171|00#| work_queue_worker[1] tcp: connecting to 10.0.102.2 port 1026
2019/11/22 19:36:23.84 #|1574451383.846043418|00#| work_queue_worker[1] tcp: made connection to 10.0.102.2 port 1026
2019/11/22 19:36:23.84 #|1574451383.846062553|00#| work_queue_worker[1] wq: connected to master master:1026 via local address 10.0.102.14:34860
2019/11/22 19:36:23.84 #|1574451383.846072449|00#| work_queue_worker[1] wq: preparing workspace /tmp/worker-0-1
2019/11/22 19:36:23.84 #|1574451383.846193975|00#| work_queue_worker[1] dns: finding my hostname: uname = af764d61bbac, address = 10.0.102.14, hostname = af764d61bbac
2019/11/22 19:36:23.84 #|1574451383.846213721|00#| work_queue_worker[1] wq: tx to master: workqueue 8 af764d61bbac Linux x86_64 8.0.0
2019/11/22 19:36:23.84 #|1574451383.846284252|00#| work_queue_worker[1] wq: tx to master: info worker-id worker-fada429563ee4be547fdb690bff140a8
2019/11/22 19:36:23.84 #|1574451383.846345815|00#| work_queue_worker[1] wq: tx to master: alive
2019/11/22 19:36:23.84 #|1574451383.846396899|00#| work_queue_worker[1] wq: Sending resource description to master:
2019/11/22 19:36:23.84 #|1574451383.846409657|00#| work_queue_worker[1] wq:  workers      0 inuse      1 total      1 smallest      1 largest
2019/11/22 19:36:23.84 #|1574451383.846457584|00#| work_queue_worker[1] wq:     disk      0 inuse   1012 total   1012 smallest   1012 largest
2019/11/22 19:36:23.84 #|1574451383.846521055|00#| work_queue_worker[1] wq:   memory      0 inuse  11908 total  11908 smallest  11908 largest
2019/11/22 19:36:23.84 #|1574451383.846577163|00#| work_queue_worker[1] wq:     gpus      0 inuse      0 total      0 smallest      0 largest
2019/11/22 19:36:23.84 #|1574451383.846628091|00#| work_queue_worker[1] wq:    cores      0 inuse      1 total      1 smallest      1 largest
2019/11/22 19:36:23.84 #|1574451383.846707179|00#| work_queue_worker[1] wq: tx to master: info end_of_resource_update 0
2019/11/22 19:36:23.84 #|1574451383.846757144|00#| work_queue_worker[1] wq: tx to master: info tasks_running 0
2019/11/22 19:36:23.84 #|1574451383.846807075|00#| work_queue_worker[1] wq: working for master at 10.0.102.2:1026.
2019/11/22 19:36:23.86 #|1574451383.863723858|00#| work_queue_worker[1] wq: rx from master: put file-0-25930e3036f13852cb0b29694bbab611-nt/taxdb.bti 14920392 0644 1
2019/11/22 19:36:23.86 #|1574451383.863769509|00#| work_queue_worker[1] wq: Putting file file-0-25930e3036f13852cb0b29694bbab611-nt/taxdb.bti into workspace
2019/11/22 19:36:23.88 #|1574451383.883390267|00#| work_queue_worker[1] wq: rx from master: put file-0-25930e3036f13852cb0b29694bbab611-nt/nt.nal 752 0644 1
2019/11/22 19:36:23.88 #|1574451383.883430475|00#| work_queue_worker[1] wq: Putting file file-0-25930e3036f13852cb0b29694bbab611-nt/nt.nal into workspace
2019/11/22 19:36:23.88 #|1574451383.883519081|00#| work_queue_worker[1] wq: rx from master: put file-0-25930e3036f13852cb0b29694bbab611-nt/nt.44.nni 27220 0644 1
2019/11/22 19:36:23.88 #|1574451383.883541189|00#| work_queue_worker[1] wq: Putting file file-0-25930e3036f13852cb0b29694bbab611-nt/nt.44.nni into workspace
2019/11/22 19:36:23.88 #|1574451383.883751461|00#| work_queue_worker[1] wq: rx from master: put file-0-25930e3036f13852cb0b29694bbab611-nt/nt.44.nog 3378248 0644 1
2019/11/22 19:36:23.88 #|1574451383.883778580|00#| work_queue_worker[1] wq: Putting file file-0-25930e3036f13852cb0b29694bbab611-nt/nt.44.nog into workspace
2019/11/22 19:36:23.88 #|1574451383.888123894|00#| work_queue_worker[1] wq: rx from master: put file-0-25930e3036f13852cb0b29694bbab611-nt/taxdb.btd 141628361 0644 1
2019/11/22 19:36:23.88 #|1574451383.888166939|00#| work_queue_worker[1] wq: Putting file file-0-25930e3036f13852cb0b29694bbab611-nt/taxdb.btd into workspace
2019/11/22 19:36:24.10 #|1574451384.104832108|00#| work_queue_worker[1] wq: rx from master: put file-0-25930e3036f13852cb0b29694bbab611-nt/nt.44.nhr 148534336 0644 1
2019/11/22 19:36:24.10 #|1574451384.104877526|00#| work_queue_worker[1] wq: Putting file file-0-25930e3036f13852cb0b29694bbab611-nt/nt.44.nhr into workspace
2019/11/22 19:36:24.29 #|1574451384.298095142|00#| work_queue_worker[1] wq: rx from master: put file-0-25930e3036f13852cb0b29694bbab611-nt/nt.44.nhi 338004 0644 1
2019/11/22 19:36:24.29 #|1574451384.298143542|00#| work_queue_worker[1] wq: Putting file file-0-25930e3036f13852cb0b29694bbab611-nt/nt.44.nhi into workspace
2019/11/22 19:36:24.29 #|1574451384.298713848|00#| work_queue_worker[1] wq: rx from master: put file-0-25930e3036f13852cb0b29694bbab611-nt/nt.44.nnd 6955488 0644 1
2019/11/22 19:36:24.29 #|1574451384.298738818|00#| work_queue_worker[1] wq: Putting file file-0-25930e3036f13852cb0b29694bbab611-nt/nt.44.nnd into workspace
2019/11/22 19:36:24.30 #|1574451384.307607352|00#| work_queue_worker[1] wq: rx from master: put file-0-25930e3036f13852cb0b29694bbab611-nt/nt.44.nhd 14869748 0644 1
2019/11/22 19:36:24.30 #|1574451384.307651664|00#| work_queue_worker[1] wq: Putting file file-0-25930e3036f13852cb0b29694bbab611-nt/nt.44.nhd into workspace
2019/11/22 19:36:24.32 #|1574451384.326834355|00#| work_queue_worker[1] wq: rx from master: put file-0-25930e3036f13852cb0b29694bbab611-nt/nt.44.nsq 974099786 0644 1
2019/11/22 19:36:24.32 #|1574451384.326878714|00#| work_queue_worker[1] wq: Putting file file-0-25930e3036f13852cb0b29694bbab611-nt/nt.44.nsq into workspace
2019/11/22 19:36:24.32 #|1574451384.326892005|00#| work_queue_worker[1] debug: File of size 928 MB will lower available disk space (879 MB) below threshold (0 MB).
2019/11/22 19:36:24.32 #|1574451384.326900510|00#| work_queue_worker[1] wq: Could not put file file-0-25930e3036f13852cb0b29694bbab611-nt/nt.44.nsq, not enough disk space (974099786 bytes needed)
2019/11/22 19:36:24.32 #|1574451384.326912169|00#| work_queue_worker[1] wq: cleaning workspace /tmp/worker-0-1
2019/11/22 19:36:24.38 #|1574451384.383674519|00#| work_queue_worker[1] wq: disconnecting from master 10.0.102.2:1026
2019/11/22 19:36:24.38 #|1574451384.383866588|00#| work_queue_worker[1] tcp: disconnected from 10.0.102.2 port 1026
2019/11/22 19:36:24.38 #|1574451384.383881017|00#| work_queue_worker[1] wq: killing all outstanding tasks
2019/11/22 19:36:24.38 #|1574451384.383892007|00#| work_queue_worker[1] wq: all data structures are clean
2019/11/22 19:36:30.38 #|1574451390.384355800|00#| work_queue_worker[1] debug: error reading disk usage on directory: ./cache.
2019/11/22 19:36:30.38 #|1574451390.384410112|00#| work_queue_worker[1] tcp: connecting to 10.0.102.2 port 1026
2019/11/22 19:36:30.38 #|1574451390.384604190|00#| work_queue_worker[1] tcp: made connection to 10.0.102.2 port 1026
2019/11/22 19:36:30.38 #|1574451390.384628043|00#| work_queue_worker[1] wq: connected to master master:1026 via local address 10.0.102.14:34872
2019/11/22 19:36:30.38 #|1574451390.384641587|00#| work_queue_worker[1] wq: preparing workspace /tmp/worker-0-1
2019/11/22 19:36:30.38 #|1574451390.384789521|00#| work_queue_worker[1] dns: finding my hostname: uname = af764d61bbac, address = 10.0.102.14, hostname = af764d61bbac
2019/11/22 19:36:30.38 #|1574451390.384807947|00#| work_queue_worker[1] wq: tx to master: workqueue 8 af764d61bbac Linux x86_64 8.0.0
2019/11/22 19:36:30.38 #|1574451390.384894673|00#| work_queue_worker[1] wq: tx to master: info worker-id worker-fada429563ee4be547fdb690bff140a8
2019/11/22 19:36:30.38 #|1574451390.384971065|00#| work_queue_worker[1] wq: tx to master: alive
2019/11/22 19:36:30.38 #|1574451390.385043639|00#| work_queue_worker[1] wq: Sending resource description to master:
2019/11/22 19:36:30.38 #|1574451390.385061071|00#| work_queue_worker[1] wq:  workers      0 inuse      1 total      1 smallest      1 largest
2019/11/22 19:36:30.38 #|1574451390.385146536|00#| work_queue_worker[1] wq:     disk      0 inuse   1094 total   1094 smallest   1094 largest
2019/11/22 19:36:30.38 #|1574451390.385216618|00#| work_queue_worker[1] wq:   memory      0 inuse  11908 total  11908 smallest  11908 largest
2019/11/22 19:36:30.38 #|1574451390.385293037|00#| work_queue_worker[1] wq:     gpus      0 inuse      0 total      0 smallest      0 largest
2019/11/22 19:36:30.38 #|1574451390.385365136|00#| work_queue_worker[1] wq:    cores      0 inuse      1 total      1 smallest      1 largest
2019/11/22 19:36:30.38 #|1574451390.385477553|00#| work_queue_worker[1] wq: tx to master: info end_of_resource_update 0
2019/11/22 19:36:30.38 #|1574451390.385553023|00#| work_queue_worker[1] wq: tx to master: info tasks_running 0
2019/11/22 19:36:30.38 #|1574451390.385622281|00#| work_queue_worker[1] wq: working for master at 10.0.102.2:1026.
2019/11/22 19:36:30.38 #|1574451390.386741372|00#| work_queue_worker[1] wq: rx from master: put file-0-25930e3036f13852cb0b29694bbab611-nt/taxdb.bti 14920392 0644 1
2019/11/22 19:36:30.38 #|1574451390.386787064|00#| work_queue_worker[1] wq: Putting file file-0-25930e3036f13852cb0b29694bbab611-nt/taxdb.bti into workspace
2019/11/22 19:36:30.41 #|1574451390.419155888|00#| work_queue_worker[1] wq: rx from master: put file-0-25930e3036f13852cb0b29694bbab611-nt/nt.nal 752 0644 1
2019/11/22 19:36:30.41 #|1574451390.419211846|00#| work_queue_worker[1] wq: Putting file file-0-25930e3036f13852cb0b29694bbab611-nt/nt.nal into workspace
2019/11/22 19:36:30.41 #|1574451390.419339356|00#| work_queue_worker[1] wq: rx from master: put file-0-25930e3036f13852cb0b29694bbab611-nt/nt.44.nni 27220 0644 1
2019/11/22 19:36:30.41 #|1574451390.419377252|00#| work_queue_worker[1] wq: Putting file file-0-25930e3036f13852cb0b29694bbab611-nt/nt.44.nni into workspace
2019/11/22 19:36:30.41 #|1574451390.419606819|00#| work_queue_worker[1] wq: rx from master: put file-0-25930e3036f13852cb0b29694bbab611-nt/nt.44.nog 3378248 0644 1
2019/11/22 19:36:30.41 #|1574451390.419647258|00#| work_queue_worker[1] wq: Putting file file-0-25930e3036f13852cb0b29694bbab611-nt/nt.44.nog into workspace
2019/11/22 19:36:30.42 #|1574451390.426582556|00#| work_queue_worker[1] wq: rx from master: put file-0-25930e3036f13852cb0b29694bbab611-nt/taxdb.btd 141628361 0644 1
2019/11/22 19:36:30.42 #|1574451390.426627415|00#| work_queue_worker[1] wq: Putting file file-0-25930e3036f13852cb0b29694bbab611-nt/taxdb.btd into workspace
2019/11/22 19:36:30.64 #|1574451390.640664436|00#| work_queue_worker[1] wq: rx from master: put file-0-25930e3036f13852cb0b29694bbab611-nt/nt.44.nhr 148534336 0644 1
2019/11/22 19:36:30.64 #|1574451390.640710990|00#| work_queue_worker[1] wq: Putting file file-0-25930e3036f13852cb0b29694bbab611-nt/nt.44.nhr into workspace
2019/11/22 19:36:30.86 #|1574451390.864176550|00#| work_queue_worker[1] wq: rx from master: put file-0-25930e3036f13852cb0b29694bbab611-nt/nt.44.nhi 338004 0644 1
2019/11/22 19:36:30.86 #|1574451390.864220500|00#| work_queue_worker[1] wq: Putting file file-0-25930e3036f13852cb0b29694bbab611-nt/nt.44.nhi into workspace
2019/11/22 19:36:30.86 #|1574451390.864969463|00#| work_queue_worker[1] wq: rx from master: put file-0-25930e3036f13852cb0b29694bbab611-nt/nt.44.nnd 6955488 0644 1
2019/11/22 19:36:30.86 #|1574451390.865008057|00#| work_queue_worker[1] wq: Putting file file-0-25930e3036f13852cb0b29694bbab611-nt/nt.44.nnd into workspace
2019/11/22 19:36:30.87 #|1574451390.875721621|00#| work_queue_worker[1] wq: rx from master: put file-0-25930e3036f13852cb0b29694bbab611-nt/nt.44.nhd 14869748 0644 1
2019/11/22 19:36:30.87 #|1574451390.875786176|00#| work_queue_worker[1] wq: Putting file file-0-25930e3036f13852cb0b29694bbab611-nt/nt.44.nhd into workspace
2019/11/22 19:36:30.89 #|1574451390.898035083|00#| work_queue_worker[1] wq: rx from master: put file-0-25930e3036f13852cb0b29694bbab611-nt/nt.44.nsq 974099786 0644 1
2019/11/22 19:36:30.89 #|1574451390.898101439|00#| work_queue_worker[1] wq: Putting file file-0-25930e3036f13852cb0b29694bbab611-nt/nt.44.nsq into workspace
2019/11/22 19:36:30.89 #|1574451390.898135529|00#| work_queue_worker[1] debug: File of size 928 MB will lower available disk space (879 MB) below threshold (0 MB).
2019/11/22 19:36:30.89 #|1574451390.898148902|00#| work_queue_worker[1] wq: Could not put file file-0-25930e3036f13852cb0b29694bbab611-nt/nt.44.nsq, not enough disk space (974099786 bytes needed)
2019/11/22 19:36:30.89 #|1574451390.898161800|00#| work_queue_worker[1] wq: cleaning workspace /tmp/worker-0-1
2019/11/22 19:36:30.95 #|1574451390.954948424|00#| work_queue_worker[1] wq: disconnecting from master 10.0.102.2:1026
2019/11/22 19:36:30.95 #|1574451390.955143159|00#| work_queue_worker[1] tcp: disconnected from 10.0.102.2 port 1026
2019/11/22 19:36:30.95 #|1574451390.955161803|00#| work_queue_worker[1] wq: killing all outstanding tasks
2019/11/22 19:36:30.95 #|1574451390.955177366|00#| work_queue_worker[1] wq: all data structures are clean
2019/11/22 19:36:36.95 #|1574451396.955601403|00#| work_queue_worker[1] debug: error reading disk usage on directory: ./cache.
2019/11/22 19:36:36.95 #|1574451396.955651110|00#| work_queue_worker[1] tcp: connecting to 10.0.102.2 port 1026
2019/11/22 19:36:36.95 #|1574451396.955837981|00#| work_queue_worker[1] tcp: made connection to 10.0.102.2 port 1026
2019/11/22 19:36:36.95 #|1574451396.955856780|00#| work_queue_worker[1] wq: connected to master master:1026 via local address 10.0.102.14:34886
2019/11/22 19:36:36.95 #|1574451396.955866257|00#| work_queue_worker[1] wq: preparing workspace /tmp/worker-0-1
2019/11/22 19:36:36.95 #|1574451396.955981618|00#| work_queue_worker[1] dns: finding my hostname: uname = af764d61bbac, address = 10.0.102.14, hostname = af764d61bbac
2019/11/22 19:36:36.95 #|1574451396.955995021|00#| work_queue_worker[1] wq: tx to master: workqueue 8 af764d61bbac Linux x86_64 8.0.0
2019/11/22 19:36:36.95 #|1574451396.956058610|00#| work_queue_worker[1] wq: tx to master: info worker-id worker-fada429563ee4be547fdb690bff140a8
2019/11/22 19:36:36.95 #|1574451396.956110070|00#| work_queue_worker[1] wq: tx to master: alive
2019/11/22 19:36:36.95 #|1574451396.956160569|00#| work_queue_worker[1] wq: Sending resource description to master:
2019/11/22 19:36:36.95 #|1574451396.956172619|00#| work_queue_worker[1] wq:  workers      0 inuse      1 total      1 smallest      1 largest
2019/11/22 19:36:36.95 #|1574451396.956219802|00#| work_queue_worker[1] wq:     disk      0 inuse   1094 total   1094 smallest   1094 largest
2019/11/22 19:36:36.95 #|1574451396.956269718|00#| work_queue_worker[1] wq:   memory      0 inuse  11908 total  11908 smallest  11908 largest
2019/11/22 19:36:36.95 #|1574451396.956318947|00#| work_queue_worker[1] wq:     gpus      0 inuse      0 total      0 smallest      0 largest
2019/11/22 19:36:36.95 #|1574451396.956368204|00#| work_queue_worker[1] wq:    cores      0 inuse      1 total      1 smallest      1 largest
2019/11/22 19:36:36.95 #|1574451396.956446369|00#| work_queue_worker[1] wq: tx to master: info end_of_resource_update 0
2019/11/22 19:36:36.95 #|1574451396.956495804|00#| work_queue_worker[1] wq: tx to master: info tasks_running 0
2019/11/22 19:36:36.95 #|1574451396.956544487|00#| work_queue_worker[1] wq: working for master at 10.0.102.2:1026.
2019/11/22 19:36:36.95 #|1574451396.957023669|00#| work_queue_worker[1] wq: rx from master: put file-0-25930e3036f13852cb0b29694bbab611-nt/taxdb.bti 14920392 0644 1
2019/11/22 19:36:36.95 #|1574451396.957063162|00#| work_queue_worker[1] wq: Putting file file-0-25930e3036f13852cb0b29694bbab611-nt/taxdb.bti into workspace
2019/11/22 19:36:36.97 #|1574451396.977491229|00#| work_queue_worker[1] wq: rx from master: put file-0-25930e3036f13852cb0b29694bbab611-nt/nt.nal 752 0644 1
2019/11/22 19:36:36.97 #|1574451396.977538209|00#| work_queue_worker[1] wq: Putting file file-0-25930e3036f13852cb0b29694bbab611-nt/nt.nal into workspace
2019/11/22 19:36:36.97 #|1574451396.977633525|00#| work_queue_worker[1] wq: rx from master: put file-0-25930e3036f13852cb0b29694bbab611-nt/nt.44.nni 27220 0644 1
2019/11/22 19:36:36.97 #|1574451396.977655390|00#| work_queue_worker[1] wq: Putting file file-0-25930e3036f13852cb0b29694bbab611-nt/nt.44.nni into workspace
2019/11/22 19:36:36.97 #|1574451396.977855034|00#| work_queue_worker[1] wq: rx from master: put file-0-25930e3036f13852cb0b29694bbab611-nt/nt.44.nog 3378248 0644 1
2019/11/22 19:36:36.97 #|1574451396.977880922|00#| work_queue_worker[1] wq: Putting file file-0-25930e3036f13852cb0b29694bbab611-nt/nt.44.nog into workspace
2019/11/22 19:36:36.98 #|1574451396.982320609|00#| work_queue_worker[1] wq: rx from master: put file-0-25930e3036f13852cb0b29694bbab611-nt/taxdb.btd 141628361 0644 1
2019/11/22 19:36:36.98 #|1574451396.982363595|00#| work_queue_worker[1] wq: Putting file file-0-25930e3036f13852cb0b29694bbab611-nt/taxdb.btd into workspace
2019/11/22 19:36:37.16 #|1574451397.165147754|00#| work_queue_worker[1] wq: rx from master: put file-0-25930e3036f13852cb0b29694bbab611-nt/nt.44.nhr 148534336 0644 1
2019/11/22 19:36:37.16 #|1574451397.165193854|00#| work_queue_worker[1] wq: Putting file file-0-25930e3036f13852cb0b29694bbab611-nt/nt.44.nhr into workspace
2019/11/22 19:36:37.35 #|1574451397.355791927|00#| work_queue_worker[1] wq: rx from master: put file-0-25930e3036f13852cb0b29694bbab611-nt/nt.44.nhi 338004 0644 1
2019/11/22 19:36:37.35 #|1574451397.355837437|00#| work_queue_worker[1] wq: Putting file file-0-25930e3036f13852cb0b29694bbab611-nt/nt.44.nhi into workspace
2019/11/22 19:36:37.35 #|1574451397.356329845|00#| work_queue_worker[1] wq: rx from master: put file-0-25930e3036f13852cb0b29694bbab611-nt/nt.44.nnd 6955488 0644 1
2019/11/22 19:36:37.35 #|1574451397.356353480|00#| work_queue_worker[1] wq: Putting file file-0-25930e3036f13852cb0b29694bbab611-nt/nt.44.nnd into workspace
2019/11/22 19:36:37.36 #|1574451397.365460621|00#| work_queue_worker[1] wq: rx from master: put file-0-25930e3036f13852cb0b29694bbab611-nt/nt.44.nhd 14869748 0644 1
2019/11/22 19:36:37.36 #|1574451397.365504924|00#| work_queue_worker[1] wq: Putting file file-0-25930e3036f13852cb0b29694bbab611-nt/nt.44.nhd into workspace
2019/11/22 19:36:37.38 #|1574451397.384657018|00#| work_queue_worker[1] wq: rx from master: put file-0-25930e3036f13852cb0b29694bbab611-nt/nt.44.nsq 974099786 0644 1
2019/11/22 19:36:37.38 #|1574451397.384703797|00#| work_queue_worker[1] wq: Putting file file-0-25930e3036f13852cb0b29694bbab611-nt/nt.44.nsq into workspace
2019/11/22 19:36:37.38 #|1574451397.384717894|00#| work_queue_worker[1] debug: File of size 928 MB will lower available disk space (879 MB) below threshold (0 MB).
2019/11/22 19:36:37.38 #|1574451397.384726606|00#| work_queue_worker[1] wq: Could not put file file-0-25930e3036f13852cb0b29694bbab611-nt/nt.44.nsq, not enough disk space (974099786 bytes needed)
2019/11/22 19:36:37.38 #|1574451397.384738435|00#| work_queue_worker[1] wq: cleaning workspace /tmp/worker-0-1
2019/11/22 19:36:37.44 #|1574451397.441500026|00#| work_queue_worker[1] wq: disconnecting from master 10.0.102.2:1026
2019/11/22 19:36:37.44 #|1574451397.441691728|00#| work_queue_worker[1] tcp: disconnected from 10.0.102.2 port 1026
2019/11/22 19:36:37.44 #|1574451397.441706298|00#| work_queue_worker[1] wq: killing all outstanding tasks
2019/11/22 19:36:37.44 #|1574451397.441717338|00#| work_queue_worker[1] wq: all data structures are clean
2019/11/22 19:36:43.44 #|1574451403.442245158|00#| work_queue_worker[1] debug: error reading disk usage on directory: ./cache.
2019/11/22 19:36:43.44 #|1574451403.442309011|00#| work_queue_worker[1] tcp: connecting to 10.0.102.2 port 1026
2019/11/22 19:36:43.44 #|1574451403.442567412|00#| work_queue_worker[1] tcp: made connection to 10.0.102.2 port 1026
2019/11/22 19:36:43.44 #|1574451403.442594201|00#| work_queue_worker[1] wq: connected to master master:1026 via local address 10.0.102.14:34900
2019/11/22 19:36:43.44 #|1574451403.442608324|00#| work_queue_worker[1] wq: preparing workspace /tmp/worker-0-1
2019/11/22 19:36:43.44 #|1574451403.442761469|00#| work_queue_worker[1] dns: finding my hostname: uname = af764d61bbac, address = 10.0.102.14, hostname = af764d61bbac
2019/11/22 19:36:43.44 #|1574451403.442779970|00#| work_queue_worker[1] wq: tx to master: workqueue 8 af764d61bbac Linux x86_64 8.0.0
2019/11/22 19:36:43.44 #|1574451403.442877985|00#| work_queue_worker[1] wq: tx to master: info worker-id worker-fada429563ee4be547fdb690bff140a8
2019/11/22 19:36:43.44 #|1574451403.442951864|00#| work_queue_worker[1] wq: tx to master: alive
2019/11/22 19:36:43.44 #|1574451403.443021381|00#| work_queue_worker[1] wq: Sending resource description to master:
2019/11/22 19:36:43.44 #|1574451403.443038425|00#| work_queue_worker[1] wq:  workers      0 inuse      1 total      1 smallest      1 largest
2019/11/22 19:36:43.44 #|1574451403.443107795|00#| work_queue_worker[1] wq:     disk      0 inuse    850 total    850 smallest    850 largest
2019/11/22 19:36:43.44 #|1574451403.443178658|00#| work_queue_worker[1] wq:   memory      0 inuse  11908 total  11908 smallest  11908 largest
2019/11/22 19:36:43.44 #|1574451403.443249603|00#| work_queue_worker[1] wq:     gpus      0 inuse      0 total      0 smallest      0 largest
2019/11/22 19:36:43.44 #|1574451403.443321086|00#| work_queue_worker[1] wq:    cores      0 inuse      1 total      1 smallest      1 largest
2019/11/22 19:36:43.44 #|1574451403.443436295|00#| work_queue_worker[1] wq: tx to master: info end_of_resource_update 0
2019/11/22 19:36:43.44 #|1574451403.443506840|00#| work_queue_worker[1] wq: tx to master: info tasks_running 0
2019/11/22 19:36:43.44 #|1574451403.443576339|00#| work_queue_worker[1] wq: working for master at 10.0.102.2:1026.
2019/11/22 19:36:43.48 #|1574451403.486881534|00#| work_queue_worker[1] wq: rx from master: put file-0-25930e3036f13852cb0b29694bbab611-nt/taxdb.bti 14920392 0644 1
2019/11/22 19:36:43.48 #|1574451403.486927310|00#| work_queue_worker[1] wq: Putting file file-0-25930e3036f13852cb0b29694bbab611-nt/taxdb.bti into workspace
2019/11/22 19:36:43.50 #|1574451403.508572908|00#| work_queue_worker[1] wq: rx from master: put file-0-25930e3036f13852cb0b29694bbab611-nt/nt.nal 752 0644 1
2019/11/22 19:36:43.50 #|1574451403.508617469|00#| work_queue_worker[1] wq: Putting file file-0-25930e3036f13852cb0b29694bbab611-nt/nt.nal into workspace
2019/11/22 19:36:43.50 #|1574451403.508708276|00#| work_queue_worker[1] wq: rx from master: put file-0-25930e3036f13852cb0b29694bbab611-nt/nt.44.nni 27220 0644 1
2019/11/22 19:36:43.50 #|1574451403.508729743|00#| work_queue_worker[1] wq: Putting file file-0-25930e3036f13852cb0b29694bbab611-nt/nt.44.nni into workspace
2019/11/22 19:36:43.50 #|1574451403.508869745|00#| work_queue_worker[1] wq: rx from master: put file-0-25930e3036f13852cb0b29694bbab611-nt/nt.44.nog 3378248 0644 1
2019/11/22 19:36:43.50 #|1574451403.508894711|00#| work_queue_worker[1] wq: Putting file file-0-25930e3036f13852cb0b29694bbab611-nt/nt.44.nog into workspace
2019/11/22 19:36:43.51 #|1574451403.513537155|00#| work_queue_worker[1] wq: rx from master: put file-0-25930e3036f13852cb0b29694bbab611-nt/taxdb.btd 141628361 0644 1
2019/11/22 19:36:43.51 #|1574451403.513579781|00#| work_queue_worker[1] wq: Putting file file-0-25930e3036f13852cb0b29694bbab611-nt/taxdb.btd into workspace
2019/11/22 19:36:43.69 #|1574451403.696042329|00#| work_queue_worker[1] wq: rx from master: put file-0-25930e3036f13852cb0b29694bbab611-nt/nt.44.nhr 148534336 0644 1
2019/11/22 19:36:43.69 #|1574451403.696091944|00#| work_queue_worker[1] wq: Putting file file-0-25930e3036f13852cb0b29694bbab611-nt/nt.44.nhr into workspace
2019/11/22 19:36:43.88 #|1574451403.886836192|00#| work_queue_worker[1] wq: rx from master: put file-0-25930e3036f13852cb0b29694bbab611-nt/nt.44.nhi 338004 0644 1
2019/11/22 19:36:43.88 #|1574451403.886880692|00#| work_queue_worker[1] wq: Putting file file-0-25930e3036f13852cb0b29694bbab611-nt/nt.44.nhi into workspace
2019/11/22 19:36:43.88 #|1574451403.887424935|00#| work_queue_worker[1] wq: rx from master: put file-0-25930e3036f13852cb0b29694bbab611-nt/nt.44.nnd 6955488 0644 1
2019/11/22 19:36:43.88 #|1574451403.887449791|00#| work_queue_worker[1] wq: Putting file file-0-25930e3036f13852cb0b29694bbab611-nt/nt.44.nnd into workspace
2019/11/22 19:36:43.89 #|1574451403.896519946|00#| work_queue_worker[1] wq: rx from master: put file-0-25930e3036f13852cb0b29694bbab611-nt/nt.44.nhd 14869748 0644 1
2019/11/22 19:36:43.89 #|1574451403.896564543|00#| work_queue_worker[1] wq: Putting file file-0-25930e3036f13852cb0b29694bbab611-nt/nt.44.nhd into workspace
2019/11/22 19:36:43.91 #|1574451403.915731164|00#| work_queue_worker[1] wq: rx from master: put file-0-25930e3036f13852cb0b29694bbab611-nt/nt.44.nsq 974099786 0644 1
2019/11/22 19:36:43.91 #|1574451403.915778551|00#| work_queue_worker[1] wq: Putting file file-0-25930e3036f13852cb0b29694bbab611-nt/nt.44.nsq into workspace
2019/11/22 19:36:43.91 #|1574451403.915792632|00#| work_queue_worker[1] debug: File of size 928 MB will lower available disk space (879 MB) below threshold (0 MB).
2019/11/22 19:36:43.91 #|1574451403.915801261|00#| work_queue_worker[1] wq: Could not put file file-0-25930e3036f13852cb0b29694bbab611-nt/nt.44.nsq, not enough disk space (974099786 bytes needed)
2019/11/22 19:36:43.91 #|1574451403.915813032|00#| work_queue_worker[1] wq: cleaning workspace /tmp/worker-0-1
2019/11/22 19:36:43.97 #|1574451403.972328630|00#| work_queue_worker[1] wq: disconnecting from master 10.0.102.2:1026
2019/11/22 19:36:43.97 #|1574451403.972516339|00#| work_queue_worker[1] tcp: disconnected from 10.0.102.2 port 1026
2019/11/22 19:36:43.97 #|1574451403.972530866|00#| work_queue_worker[1] wq: killing all outstanding tasks
2019/11/22 19:36:43.97 #|1574451403.972542105|00#| work_queue_worker[1] wq: all data structures are clean
2019/11/22 19:36:49.97 #|1574451409.973028130|00#| work_queue_worker[1] debug: error reading disk usage on directory: ./cache.
2019/11/22 19:36:49.97 #|1574451409.973082391|00#| work_queue_worker[1] tcp: connecting to 10.0.102.2 port 1026
2019/11/22 19:36:49.97 #|1574451409.973271051|00#| work_queue_worker[1] tcp: made connection to 10.0.102.2 port 1026
2019/11/22 19:36:49.97 #|1574451409.973289533|00#| work_queue_worker[1] wq: connected to master master:1026 via local address 10.0.102.14:34912
2019/11/22 19:36:49.97 #|1574451409.973298749|00#| work_queue_worker[1] wq: preparing workspace /tmp/worker-0-1
2019/11/22 19:36:49.97 #|1574451409.973410879|00#| work_queue_worker[1] dns: finding my hostname: uname = af764d61bbac, address = 10.0.102.14, hostname = af764d61bbac
2019/11/22 19:36:49.97 #|1574451409.973423786|00#| work_queue_worker[1] wq: tx to master: workqueue 8 af764d61bbac Linux x86_64 8.0.0
2019/11/22 19:36:49.97 #|1574451409.973488013|00#| work_queue_worker[1] wq: tx to master: info worker-id worker-fada429563ee4be547fdb690bff140a8
2019/11/22 19:36:49.97 #|1574451409.973541333|00#| work_queue_worker[1] wq: tx to master: alive
2019/11/22 19:36:49.97 #|1574451409.973590388|00#| work_queue_worker[1] wq: Sending resource description to master:
2019/11/22 19:36:49.97 #|1574451409.973602654|00#| work_queue_worker[1] wq:  workers      0 inuse      1 total      1 smallest      1 largest
2019/11/22 19:36:49.97 #|1574451409.973650123|00#| work_queue_worker[1] wq:     disk      0 inuse   1062 total   1062 smallest   1062 largest
2019/11/22 19:36:49.97 #|1574451409.973700087|00#| work_queue_worker[1] wq:   memory      0 inuse  11908 total  11908 smallest  11908 largest
2019/11/22 19:36:49.97 #|1574451409.973749498|00#| work_queue_worker[1] wq:     gpus      0 inuse      0 total      0 smallest      0 largest
2019/11/22 19:36:49.97 #|1574451409.973798085|00#| work_queue_worker[1] wq:    cores      0 inuse      1 total      1 smallest      1 largest
2019/11/22 19:36:49.97 #|1574451409.973874782|00#| work_queue_worker[1] wq: tx to master: info end_of_resource_update 0
2019/11/22 19:36:49.97 #|1574451409.973923402|00#| work_queue_worker[1] wq: tx to master: info tasks_running 0
2019/11/22 19:36:49.97 #|1574451409.973971640|00#| work_queue_worker[1] wq: working for master at 10.0.102.2:1026.
2019/11/22 19:36:49.98 #|1574451409.980364556|00#| work_queue_worker[1] wq: rx from master: put file-0-25930e3036f13852cb0b29694bbab611-nt/taxdb.bti 14920392 0644 1
2019/11/22 19:36:49.98 #|1574451409.980409549|00#| work_queue_worker[1] wq: Putting file file-0-25930e3036f13852cb0b29694bbab611-nt/taxdb.bti into workspace
2019/11/22 19:36:50.00 #|1574451410.664137|00#| work_queue_worker[1] wq: rx from master: put file-0-25930e3036f13852cb0b29694bbab611-nt/nt.nal 752 0644 1
2019/11/22 19:36:50.00 #|1574451410.708493|00#| work_queue_worker[1] wq: Putting file file-0-25930e3036f13852cb0b29694bbab611-nt/nt.nal into workspace
2019/11/22 19:36:50.00 #|1574451410.800114|00#| work_queue_worker[1] wq: rx from master: put file-0-25930e3036f13852cb0b29694bbab611-nt/nt.44.nni 27220 0644 1
2019/11/22 19:36:50.00 #|1574451410.822102|00#| work_queue_worker[1] wq: Putting file file-0-25930e3036f13852cb0b29694bbab611-nt/nt.44.nni into workspace
2019/11/22 19:36:50.00 #|1574451410.984694|00#| work_queue_worker[1] wq: rx from master: put file-0-25930e3036f13852cb0b29694bbab611-nt/nt.44.nog 3378248 0644 1
2019/11/22 19:36:50.00 #|1574451410.1010668|00#| work_queue_worker[1] wq: Putting file file-0-25930e3036f13852cb0b29694bbab611-nt/nt.44.nog into workspace
2019/11/22 19:36:50.00 #|1574451410.5873383|00#| work_queue_worker[1] wq: rx from master: put file-0-25930e3036f13852cb0b29694bbab611-nt/taxdb.btd 141628361 0644 1
2019/11/22 19:36:50.00 #|1574451410.5917112|00#| work_queue_worker[1] wq: Putting file file-0-25930e3036f13852cb0b29694bbab611-nt/taxdb.btd into workspace
2019/11/22 19:36:50.18 #|1574451410.187690770|00#| work_queue_worker[1] wq: rx from master: put file-0-25930e3036f13852cb0b29694bbab611-nt/nt.44.nhr 148534336 0644 1
2019/11/22 19:36:50.18 #|1574451410.187736421|00#| work_queue_worker[1] wq: Putting file file-0-25930e3036f13852cb0b29694bbab611-nt/nt.44.nhr into workspace
2019/11/22 19:36:50.37 #|1574451410.379073988|00#| work_queue_worker[1] wq: rx from master: put file-0-25930e3036f13852cb0b29694bbab611-nt/nt.44.nhi 338004 0644 1
2019/11/22 19:36:50.37 #|1574451410.379118613|00#| work_queue_worker[1] wq: Putting file file-0-25930e3036f13852cb0b29694bbab611-nt/nt.44.nhi into workspace
2019/11/22 19:36:50.37 #|1574451410.379648044|00#| work_queue_worker[1] wq: rx from master: put file-0-25930e3036f13852cb0b29694bbab611-nt/nt.44.nnd 6955488 0644 1
2019/11/22 19:36:50.37 #|1574451410.379672225|00#| work_queue_worker[1] wq: Putting file file-0-25930e3036f13852cb0b29694bbab611-nt/nt.44.nnd into workspace
2019/11/22 19:36:50.38 #|1574451410.388614398|00#| work_queue_worker[1] wq: rx from master: put file-0-25930e3036f13852cb0b29694bbab611-nt/nt.44.nhd 14869748 0644 1
2019/11/22 19:36:50.38 #|1574451410.388659595|00#| work_queue_worker[1] wq: Putting file file-0-25930e3036f13852cb0b29694bbab611-nt/nt.44.nhd into workspace
2019/11/22 19:36:50.40 #|1574451410.407799542|00#| work_queue_worker[1] wq: rx from master: put file-0-25930e3036f13852cb0b29694bbab611-nt/nt.44.nsq 974099786 0644 1
2019/11/22 19:36:50.40 #|1574451410.407844903|00#| work_queue_worker[1] wq: Putting file file-0-25930e3036f13852cb0b29694bbab611-nt/nt.44.nsq into workspace
2019/11/22 19:36:50.40 #|1574451410.407858598|00#| work_queue_worker[1] debug: File of size 928 MB will lower available disk space (879 MB) below threshold (0 MB).
2019/11/22 19:36:50.40 #|1574451410.407867269|00#| work_queue_worker[1] wq: Could not put file file-0-25930e3036f13852cb0b29694bbab611-nt/nt.44.nsq, not enough disk space (974099786 bytes needed)
2019/11/22 19:36:50.40 #|1574451410.407878898|00#| work_queue_worker[1] wq: cleaning workspace /tmp/worker-0-1
2019/11/22 19:36:50.46 #|1574451410.464517310|00#| work_queue_worker[1] wq: disconnecting from master 10.0.102.2:1026
2019/11/22 19:36:50.46 #|1574451410.464704992|00#| work_queue_worker[1] tcp: disconnected from 10.0.102.2 port 1026
2019/11/22 19:36:50.46 #|1574451410.464719285|00#| work_queue_worker[1] wq: killing all outstanding tasks
2019/11/22 19:36:50.46 #|1574451410.464730152|00#| work_queue_worker[1] wq: all data structures are clean
2019/11/22 19:36:56.46 #|1574451416.465202946|00#| work_queue_worker[1] debug: error reading disk usage on directory: ./cache.
2019/11/22 19:36:56.46 #|1574451416.465256632|00#| work_queue_worker[1] tcp: connecting to 10.0.102.2 port 1026
2019/11/22 19:36:56.46 #|1574451416.465465590|00#| work_queue_worker[1] tcp: made connection to 10.0.102.2 port 1026
2019/11/22 19:36:56.46 #|1574451416.465484380|00#| work_queue_worker[1] wq: connected to master master:1026 via local address 10.0.102.14:34926
2019/11/22 19:36:56.46 #|1574451416.465493757|00#| work_queue_worker[1] wq: preparing workspace /tmp/worker-0-1
2019/11/22 19:36:56.46 #|1574451416.465612619|00#| work_queue_worker[1] dns: finding my hostname: uname = af764d61bbac, address = 10.0.102.14, hostname = af764d61bbac
2019/11/22 19:36:56.46 #|1574451416.465625906|00#| work_queue_worker[1] wq: tx to master: workqueue 8 af764d61bbac Linux x86_64 8.0.0
2019/11/22 19:36:56.46 #|1574451416.465694223|00#| work_queue_worker[1] wq: tx to master: info worker-id worker-fada429563ee4be547fdb690bff140a8
2019/11/22 19:36:56.46 #|1574451416.465746432|00#| work_queue_worker[1] wq: tx to master: alive
2019/11/22 19:36:56.46 #|1574451416.465794992|00#| work_queue_worker[1] wq: Sending resource description to master:
2019/11/22 19:36:56.46 #|1574451416.465807450|00#| work_queue_worker[1] wq:  workers      0 inuse      1 total      1 smallest      1 largest
2019/11/22 19:36:56.46 #|1574451416.465854265|00#| work_queue_worker[1] wq:     disk      0 inuse   1094 total   1094 smallest   1094 largest
2019/11/22 19:36:56.46 #|1574451416.465907214|00#| work_queue_worker[1] wq:   memory      0 inuse  11908 total  11908 smallest  11908 largest
2019/11/22 19:36:56.46 #|1574451416.465956520|00#| work_queue_worker[1] wq:     gpus      0 inuse      0 total      0 smallest      0 largest
2019/11/22 19:36:56.46 #|1574451416.466008073|00#| work_queue_worker[1] wq:    cores      0 inuse      1 total      1 smallest      1 largest
2019/11/22 19:36:56.46 #|1574451416.466085044|00#| work_queue_worker[1] wq: tx to master: info end_of_resource_update 0
2019/11/22 19:36:56.46 #|1574451416.466137531|00#| work_queue_worker[1] wq: tx to master: info tasks_running 0
2019/11/22 19:36:56.46 #|1574451416.466186445|00#| work_queue_worker[1] wq: working for master at 10.0.102.2:1026.
2019/11/22 19:37:09.10 #|1574451429.103381844|00#| work_queue_worker[1] wq: rx from master: release
2019/11/22 19:37:09.10 #|1574451429.103410027|00#| work_queue_worker[1] wq: released by master 10.0.102.2:1026.
2019/11/22 19:37:09.10 #|1574451429.103427490|00#| work_queue_worker[1] wq: cleaning workspace /tmp/worker-0-1
2019/11/22 19:37:09.10 #|1574451429.103531322|00#| work_queue_worker[1] wq: disconnecting from master 10.0.102.2:1026
2019/11/22 19:37:09.10 #|1574451429.103608832|00#| work_queue_worker[1] tcp: disconnected from 10.0.102.2 port 1026
2019/11/22 19:37:09.10 #|1574451429.103623503|00#| work_queue_worker[1] wq: killing all outstanding tasks
2019/11/22 19:37:09.10 #|1574451429.103633667|00#| work_queue_worker[1] wq: all data structures are clean
2019/11/22 19:37:10.10 #|1574451430.103726931|00#| work_queue_worker[1] tcp: connecting to 10.0.102.2 port 1026
