2019/11/22 19:27:54.87 #|1574450874.871695303|00#| work_queue_worker[1] debug: /root/cctools/bin/work_queue_worker version 8.0.0 DEVELOPMENT (released 2019-11-14 15:35:16 +0000)
2019/11/22 19:27:54.87 #|1574450874.871736215|00#| work_queue_worker[1] debug: Built by root@7e9ecba79f43 on 2019-11-14 15:35:16 +0000
2019/11/22 19:27:54.87 #|1574450874.871750774|00#| work_queue_worker[1] debug: System: Linux 7e9ecba79f43 5.0.0-32-generic #34~18.04.2-Ubuntu SMP Thu Oct 10 10:36:02 UTC 2019 x86_64 x86_64 x86_64 GNU/Linux
2019/11/22 19:27:54.87 #|1574450874.871762673|00#| work_queue_worker[1] debug: Configuration: --prefix /root/cctools
2019/11/22 19:27:54.87 #|1574450874.871976842|00#| work_queue_worker[1] wq: WORK_QUEUE_SANDBOX set to /tmp/worker-0-1.
2019/11/22 19:27:54.87 #|1574450874.872578683|00#| work_queue_worker[1] debug: error reading disk usage on directory: ./cache.
2019/11/22 19:27:54.87 #|1574450874.872612186|00#| work_queue_worker[1] dns: looking up name master
2019/11/22 19:27:54.87 #|1574450874.873361720|00#| work_queue_worker[1] dns: master is 10.0.102.2
2019/11/22 19:27:54.87 #|1574450874.873403240|00#| work_queue_worker[1] tcp: connecting to 10.0.102.2 port 1026
2019/11/22 19:27:54.87 #|1574450874.873669393|00#| work_queue_worker[1] tcp: made connection to 10.0.102.2 port 1026
2019/11/22 19:27:54.87 #|1574450874.873694661|00#| work_queue_worker[1] wq: connected to master master:1026 via local address 10.0.102.12:33862
2019/11/22 19:27:54.87 #|1574450874.873708202|00#| work_queue_worker[1] wq: preparing workspace /tmp/worker-0-1
2019/11/22 19:27:54.87 #|1574450874.873850252|00#| work_queue_worker[1] dns: looking up name c6408a976632
2019/11/22 19:27:54.87 #|1574450874.873908868|00#| work_queue_worker[1] dns: c6408a976632 is 10.0.102.12
2019/11/22 19:27:54.87 #|1574450874.873926044|00#| work_queue_worker[1] dns: looking up addr 10.0.102.12
2019/11/22 19:27:54.87 #|1574450874.873967535|00#| work_queue_worker[1] dns: 10.0.102.12 is c6408a976632
2019/11/22 19:27:54.87 #|1574450874.873984472|00#| work_queue_worker[1] dns: finding my hostname: uname = c6408a976632, address = 10.0.102.12, hostname = c6408a976632
2019/11/22 19:27:54.87 #|1574450874.874002701|00#| work_queue_worker[1] wq: tx to master: workqueue 8 c6408a976632 Linux x86_64 8.0.0
2019/11/22 19:27:54.87 #|1574450874.874089218|00#| work_queue_worker[1] wq: tx to master: info worker-id worker-799eb1c04fefabbaa8cb00384678d08d
2019/11/22 19:27:54.87 #|1574450874.874172412|00#| work_queue_worker[1] wq: tx to master: alive
2019/11/22 19:27:54.87 #|1574450874.874247456|00#| work_queue_worker[1] wq: Sending resource description to master:
2019/11/22 19:27:54.87 #|1574450874.874264510|00#| work_queue_worker[1] wq:  workers      0 inuse      1 total      1 smallest      1 largest
2019/11/22 19:27:54.87 #|1574450874.874335353|00#| work_queue_worker[1] wq:     disk      0 inuse   2388 total   2388 smallest   2388 largest
2019/11/22 19:27:54.87 #|1574450874.874411184|00#| work_queue_worker[1] wq:   memory      0 inuse  11908 total  11908 smallest  11908 largest
2019/11/22 19:27:54.87 #|1574450874.874487179|00#| work_queue_worker[1] wq:     gpus      0 inuse      0 total      0 smallest      0 largest
2019/11/22 19:27:54.87 #|1574450874.874582122|00#| work_queue_worker[1] wq:    cores      0 inuse      1 total      1 smallest      1 largest
2019/11/22 19:27:54.87 #|1574450874.874708718|00#| work_queue_worker[1] wq: tx to master: info end_of_resource_update 0
2019/11/22 19:27:54.87 #|1574450874.874783659|00#| work_queue_worker[1] wq: tx to master: info tasks_running 0
2019/11/22 19:27:54.87 #|1574450874.874859069|00#| work_queue_worker[1] wq: working for master at 10.0.102.2:1026.
2019/11/22 19:31:48.80 #|1574451108.808916495|00#| work_queue_worker[1] wq: rx from master: put file-0-25930e3036f13852cb0b29694bbab611-nt/taxdb.bti 14920392 0644 1
2019/11/22 19:31:48.80 #|1574451108.808992262|00#| work_queue_worker[1] wq: Putting file file-0-25930e3036f13852cb0b29694bbab611-nt/taxdb.bti into workspace
2019/11/22 19:31:48.82 #|1574451108.829695501|00#| work_queue_worker[1] wq: rx from master: put file-0-25930e3036f13852cb0b29694bbab611-nt/nt.nal 752 0644 1
2019/11/22 19:31:48.82 #|1574451108.829744631|00#| work_queue_worker[1] wq: Putting file file-0-25930e3036f13852cb0b29694bbab611-nt/nt.nal into workspace
2019/11/22 19:31:48.82 #|1574451108.829840650|00#| work_queue_worker[1] wq: rx from master: put file-0-25930e3036f13852cb0b29694bbab611-nt/nt.44.nni 27220 0644 1
2019/11/22 19:31:48.82 #|1574451108.829862734|00#| work_queue_worker[1] wq: Putting file file-0-25930e3036f13852cb0b29694bbab611-nt/nt.44.nni into workspace
2019/11/22 19:31:48.83 #|1574451108.830126405|00#| work_queue_worker[1] wq: rx from master: put file-0-25930e3036f13852cb0b29694bbab611-nt/nt.44.nog 3378248 0644 1
2019/11/22 19:31:48.83 #|1574451108.830153616|00#| work_queue_worker[1] wq: Putting file file-0-25930e3036f13852cb0b29694bbab611-nt/nt.44.nog into workspace
2019/11/22 19:31:48.83 #|1574451108.835262020|00#| work_queue_worker[1] wq: rx from master: put file-0-25930e3036f13852cb0b29694bbab611-nt/taxdb.btd 141628361 0644 1
2019/11/22 19:31:48.83 #|1574451108.835311677|00#| work_queue_worker[1] wq: Putting file file-0-25930e3036f13852cb0b29694bbab611-nt/taxdb.btd into workspace
2019/11/22 19:31:49.02 #|1574451109.29080331|00#| work_queue_worker[1] wq: rx from master: put file-0-25930e3036f13852cb0b29694bbab611-nt/nt.44.nhr 148534336 0644 1
2019/11/22 19:31:49.02 #|1574451109.29134650|00#| work_queue_worker[1] wq: Putting file file-0-25930e3036f13852cb0b29694bbab611-nt/nt.44.nhr into workspace
2019/11/22 19:31:49.22 #|1574451109.227193068|00#| work_queue_worker[1] wq: rx from master: put file-0-25930e3036f13852cb0b29694bbab611-nt/nt.44.nhi 338004 0644 1
2019/11/22 19:31:49.22 #|1574451109.227237890|00#| work_queue_worker[1] wq: Putting file file-0-25930e3036f13852cb0b29694bbab611-nt/nt.44.nhi into workspace
2019/11/22 19:31:49.22 #|1574451109.227787638|00#| work_queue_worker[1] wq: rx from master: put file-0-25930e3036f13852cb0b29694bbab611-nt/nt.44.nnd 6955488 0644 1
2019/11/22 19:31:49.22 #|1574451109.227812050|00#| work_queue_worker[1] wq: Putting file file-0-25930e3036f13852cb0b29694bbab611-nt/nt.44.nnd into workspace
2019/11/22 19:31:49.23 #|1574451109.236815537|00#| work_queue_worker[1] wq: rx from master: put file-0-25930e3036f13852cb0b29694bbab611-nt/nt.44.nhd 14869748 0644 1
2019/11/22 19:31:49.23 #|1574451109.236859425|00#| work_queue_worker[1] wq: Putting file file-0-25930e3036f13852cb0b29694bbab611-nt/nt.44.nhd into workspace
2019/11/22 19:31:49.25 #|1574451109.255792573|00#| work_queue_worker[1] wq: rx from master: put file-0-25930e3036f13852cb0b29694bbab611-nt/nt.44.nsq 974099786 0644 1
2019/11/22 19:31:49.25 #|1574451109.255835781|00#| work_queue_worker[1] wq: Putting file file-0-25930e3036f13852cb0b29694bbab611-nt/nt.44.nsq into workspace
2019/11/22 19:31:50.50 #|1574451110.504584402|00#| work_queue_worker[1] wq: rx from master: put file-0-25930e3036f13852cb0b29694bbab611-nt/nt.44.nin 10134740 0644 1
2019/11/22 19:31:50.50 #|1574451110.504621346|00#| work_queue_worker[1] wq: Putting file file-0-25930e3036f13852cb0b29694bbab611-nt/nt.44.nin into workspace
2019/11/22 19:31:50.51 #|1574451110.519736096|00#| work_queue_worker[1] wq: rx from master: put file-0-25930e3036f13852cb0b29694bbab611-nt/nt.44.nsi 764650 0644 1
2019/11/22 19:31:50.51 #|1574451110.519784021|00#| work_queue_worker[1] wq: Putting file file-0-25930e3036f13852cb0b29694bbab611-nt/nt.44.nsi into workspace
2019/11/22 19:31:50.52 #|1574451110.521083855|00#| work_queue_worker[1] wq: rx from master: put file-0-25930e3036f13852cb0b29694bbab611-nt/nt.44.nsd 33299557 0644 1
2019/11/22 19:31:50.52 #|1574451110.521132613|00#| work_queue_worker[1] wq: Putting file file-0-25930e3036f13852cb0b29694bbab611-nt/nt.44.nsd into workspace
2019/11/22 19:31:50.56 #|1574451110.567882402|00#| work_queue_worker[1] wq: rx from master: put file-0-e12986ebc464dac7f0b0058f77809607-test.fasta.17 10120 0644 1
2019/11/22 19:31:50.56 #|1574451110.567922650|00#| work_queue_worker[1] wq: Putting file file-0-e12986ebc464dac7f0b0058f77809607-test.fasta.17 into workspace
2019/11/22 19:31:50.56 #|1574451110.568031464|00#| work_queue_worker[1] wq: rx from master: put file-0-daa9c57850b857b80eefebbca6aa18ce-blastall 7687410 0755 1
2019/11/22 19:31:50.56 #|1574451110.568058161|00#| work_queue_worker[1] wq: Putting file file-0-daa9c57850b857b80eefebbca6aa18ce-blastall into workspace
2019/11/22 19:31:50.57 #|1574451110.575893711|00#| work_queue_worker[1] wq: rx from master: task 3
2019/11/22 19:31:50.57 #|1574451110.575937138|00#| work_queue_worker[1] wq: rx from master: cmd 88
2019/11/22 19:31:50.57 #|1574451110.575950130|00#| work_queue_worker[1] wq: rx from master: ./blastall -p blastn -d nt/nt -i test.fasta.17 -o test.fasta.17.out 2> test.fasta.17.err
2019/11/22 19:31:50.57 #|1574451110.575958563|00#| work_queue_worker[1] wq: rx from master: category default
2019/11/22 19:31:50.57 #|1574451110.575967852|00#| work_queue_worker[1] wq: rx from master: cores 1
2019/11/22 19:31:50.57 #|1574451110.575977340|00#| work_queue_worker[1] wq: rx from master: memory 11908
2019/11/22 19:31:50.57 #|1574451110.575986337|00#| work_queue_worker[1] wq: rx from master: disk 2388
2019/11/22 19:31:50.57 #|1574451110.575995334|00#| work_queue_worker[1] wq: rx from master: gpus 0
2019/11/22 19:31:50.57 #|1574451110.576004637|00#| work_queue_worker[1] wq: rx from master: end_time 18446744073709551615
2019/11/22 19:31:50.57 #|1574451110.576014746|00#| work_queue_worker[1] wq: rx from master: wall_time 18446744073709551615
2019/11/22 19:31:50.57 #|1574451110.576024073|00#| work_queue_worker[1] wq: rx from master: env 7
2019/11/22 19:31:50.57 #|1574451110.576035797|00#| work_queue_worker[1] wq: rx from master: env 17
2019/11/22 19:31:50.57 #|1574451110.576046720|00#| work_queue_worker[1] wq: rx from master: infile file-0-25930e3036f13852cb0b29694bbab611-nt nt 1
2019/11/22 19:31:50.57 #|1574451110.576077923|00#| work_queue_worker[1] wq: rx from master: infile file-0-e12986ebc464dac7f0b0058f77809607-test.fasta.17 test.fasta.17 1
2019/11/22 19:31:50.57 #|1574451110.576096892|00#| work_queue_worker[1] wq: rx from master: infile file-0-daa9c57850b857b80eefebbca6aa18ce-blastall blastall 1
2019/11/22 19:31:50.57 #|1574451110.576113806|00#| work_queue_worker[1] wq: rx from master: outfile file-0-a129512727b8611dd481b510083b1e5a-test.fasta.17.err test.fasta.17.err 1
2019/11/22 19:31:50.57 #|1574451110.576131820|00#| work_queue_worker[1] wq: rx from master: outfile file-0-31cc3d9edc6c94c4f306d137aed5bbf6-test.fasta.17.out test.fasta.17.out 1
2019/11/22 19:31:50.57 #|1574451110.576149263|00#| work_queue_worker[1] wq: rx from master: end
2019/11/22 19:31:50.57 #|1574451110.576291341|00#| work_queue_worker[1] wq: linking cache/file-0-25930e3036f13852cb0b29694bbab611-nt to /tmp/worker-0-1/t.3/nt
2019/11/22 19:31:50.57 #|1574451110.576519477|00#| work_queue_worker[1] wq: linking cache/file-0-e12986ebc464dac7f0b0058f77809607-test.fasta.17 to /tmp/worker-0-1/t.3/test.fasta.17
2019/11/22 19:31:50.57 #|1574451110.576553666|00#| work_queue_worker[1] wq: linking cache/file-0-daa9c57850b857b80eefebbca6aa18ce-blastall to /tmp/worker-0-1/t.3/blastall
2019/11/22 19:31:50.57 #|1574451110.576581075|00#| work_queue_worker[1] wq: Waiting task 3 has been forsaken.
2019/11/22 19:31:50.57 #|1574451110.576592201|00#| work_queue_worker[1] wq: tx to master: alive
2019/11/22 19:31:50.57 #|1574451110.576662852|00#| work_queue_worker[1] wq: Sending resource description to master:
2019/11/22 19:31:50.57 #|1574451110.576675670|00#| work_queue_worker[1] wq:  workers      0 inuse      1 total      1 smallest      1 largest
2019/11/22 19:31:50.57 #|1574451110.576726661|00#| work_queue_worker[1] wq:     disk   1245 inuse   1144 total   1144 smallest   1144 largest
2019/11/22 19:31:50.57 #|1574451110.576776917|00#| work_queue_worker[1] wq:   memory      0 inuse  11908 total  11908 smallest  11908 largest
2019/11/22 19:31:50.57 #|1574451110.576826584|00#| work_queue_worker[1] wq:     gpus      0 inuse      0 total      0 smallest      0 largest
2019/11/22 19:31:50.57 #|1574451110.576875383|00#| work_queue_worker[1] wq:    cores      0 inuse      1 total      1 smallest      1 largest
2019/11/22 19:31:50.57 #|1574451110.576962941|00#| work_queue_worker[1] wq: tx to master: info end_of_resource_update 0
2019/11/22 19:31:50.57 #|1574451110.577012760|00#| work_queue_worker[1] wq: tx to master: info tasks_running 0
2019/11/22 19:31:50.57 #|1574451110.577062883|00#| work_queue_worker[1] wq: tx to master: info tasks_running 0
2019/11/22 19:31:50.57 #|1574451110.577112860|00#| work_queue_worker[1] wq: tx to master: available_results
2019/11/22 19:35:51.26 #|1574451351.262606789|00#| work_queue_worker[1] wq: rx from master: check
2019/11/22 19:35:51.26 #|1574451351.262638609|00#| work_queue_worker[1] wq: tx to master: alive
2019/11/22 19:35:51.26 #|1574451351.262732628|00#| work_queue_worker[1] wq: tx to master: info tasks_running 0
2019/11/22 19:35:51.26 #|1574451351.267854380|00#| work_queue_worker[1] wq: rx from master: send_results -1
2019/11/22 19:35:51.26 #|1574451351.267886292|00#| work_queue_worker[1] wq: tx to master: result 40 0 0 0 3
2019/11/22 19:35:51.26 #|1574451351.267949324|00#| work_queue_worker[1] wq: tx to master: info tasks_running 0
2019/11/22 19:35:51.26 #|1574451351.268012376|00#| work_queue_worker[1] wq: tx to master: end
2019/11/22 19:35:51.27 #|1574451351.270744117|00#| work_queue_worker[1] wq: rx from master: put file-0-396e442289ce14a42a6f16a9e7d1098a-test.fasta.10 10120 0644 1
2019/11/22 19:35:51.27 #|1574451351.270789980|00#| work_queue_worker[1] wq: Putting file file-0-396e442289ce14a42a6f16a9e7d1098a-test.fasta.10 into workspace
2019/11/22 19:35:51.27 #|1574451351.270940955|00#| work_queue_worker[1] wq: rx from master: task 10
2019/11/22 19:35:51.27 #|1574451351.271018476|00#| work_queue_worker[1] wq: rx from master: cmd 88
2019/11/22 19:35:51.27 #|1574451351.271040827|00#| work_queue_worker[1] wq: rx from master: ./blastall -p blastn -d nt/nt -i test.fasta.10 -o test.fasta.10.out 2> test.fasta.10.err
2019/11/22 19:35:51.27 #|1574451351.271115243|00#| work_queue_worker[1] wq: rx from master: category default
2019/11/22 19:35:51.27 #|1574451351.271138934|00#| work_queue_worker[1] wq: rx from master: cores 1
2019/11/22 19:35:51.27 #|1574451351.271220470|00#| work_queue_worker[1] wq: rx from master: memory 11908
2019/11/22 19:35:51.27 #|1574451351.271245470|00#| work_queue_worker[1] wq: rx from master: disk 1144
2019/11/22 19:35:51.27 #|1574451351.271322840|00#| work_queue_worker[1] wq: rx from master: gpus 0
2019/11/22 19:35:51.27 #|1574451351.271347789|00#| work_queue_worker[1] wq: rx from master: end_time 18446744073709551615
2019/11/22 19:35:51.27 #|1574451351.271427799|00#| work_queue_worker[1] wq: rx from master: wall_time 18446744073709551615
2019/11/22 19:35:51.27 #|1574451351.271453040|00#| work_queue_worker[1] wq: rx from master: env 7
2019/11/22 19:35:51.27 #|1574451351.271536711|00#| work_queue_worker[1] wq: rx from master: env 17
2019/11/22 19:35:51.27 #|1574451351.271566020|00#| work_queue_worker[1] wq: rx from master: infile file-0-25930e3036f13852cb0b29694bbab611-nt nt 1
2019/11/22 19:35:51.27 #|1574451351.271639139|00#| work_queue_worker[1] wq: rx from master: infile file-0-396e442289ce14a42a6f16a9e7d1098a-test.fasta.10 test.fasta.10 1
2019/11/22 19:35:51.27 #|1574451351.271677517|00#| work_queue_worker[1] wq: rx from master: infile file-0-daa9c57850b857b80eefebbca6aa18ce-blastall blastall 1
2019/11/22 19:35:51.27 #|1574451351.271742377|00#| work_queue_worker[1] wq: rx from master: outfile file-0-400c24b98082241c2985bbd9995eb1ac-test.fasta.10.err test.fasta.10.err 1
2019/11/22 19:35:51.27 #|1574451351.271780924|00#| work_queue_worker[1] wq: rx from master: outfile file-0-64d383240390d4f9cc137c625132db75-test.fasta.10.out test.fasta.10.out 1
2019/11/22 19:35:51.27 #|1574451351.271856616|00#| work_queue_worker[1] wq: rx from master: end
2019/11/22 19:35:51.27 #|1574451351.272013252|00#| work_queue_worker[1] wq: linking cache/file-0-25930e3036f13852cb0b29694bbab611-nt to /tmp/worker-0-1/t.10/nt
2019/11/22 19:35:51.27 #|1574451351.272377574|00#| work_queue_worker[1] wq: linking cache/file-0-396e442289ce14a42a6f16a9e7d1098a-test.fasta.10 to /tmp/worker-0-1/t.10/test.fasta.10
2019/11/22 19:35:51.27 #|1574451351.272438055|00#| work_queue_worker[1] wq: linking cache/file-0-daa9c57850b857b80eefebbca6aa18ce-blastall to /tmp/worker-0-1/t.10/blastall
2019/11/22 19:35:51.27 #|1574451351.272739562|00#| work_queue_worker[1] wq: started process 9: ./blastall -p blastn -d nt/nt -i test.fasta.10 -o test.fasta.10.out 2> test.fasta.10.err
2019/11/22 19:35:51.27 #|1574451351.272797210|00#| work_queue_worker[1] wq: tx to master: info tasks_running 1
2019/11/22 19:36:07.53 #|1574451367.534188610|00#| work_queue_worker[1] wq: task 10 (pid 9) exited normally with exit code 0
2019/11/22 19:36:07.53 #|1574451367.534223131|00#| work_queue_worker[1] wq: moving output file from /tmp/worker-0-1/t.10/test.fasta.10.err to cache/file-0-400c24b98082241c2985bbd9995eb1ac-test.fasta.10.err
2019/11/22 19:36:07.53 #|1574451367.534282459|00#| work_queue_worker[1] wq: moving output file from /tmp/worker-0-1/t.10/test.fasta.10.out to cache/file-0-64d383240390d4f9cc137c625132db75-test.fasta.10.out
2019/11/22 19:36:07.53 #|1574451367.534313488|00#| work_queue_worker[1] wq: tx to master: available_results
2019/11/22 19:36:07.53 #|1574451367.534620322|00#| work_queue_worker[1] wq: rx from master: send_results -1
2019/11/22 19:36:07.53 #|1574451367.534659866|00#| work_queue_worker[1] wq: tx to master: result 0 0 0 16261691 10
2019/11/22 19:36:07.53 #|1574451367.534718979|00#| work_queue_worker[1] wq: tx to master: info tasks_running 0
2019/11/22 19:36:07.53 #|1574451367.534766156|00#| work_queue_worker[1] wq: tx to master: end
2019/11/22 19:36:07.53 #|1574451367.535087484|00#| work_queue_worker[1] wq: rx from master: get file-0-400c24b98082241c2985bbd9995eb1ac-test.fasta.10.err 1
2019/11/22 19:36:07.53 #|1574451367.535127715|00#| work_queue_worker[1] wq: tx to master: file file-0-400c24b98082241c2985bbd9995eb1ac-test.fasta.10.err 0
2019/11/22 19:36:07.53 #|1574451367.535186507|00#| work_queue_worker[1] wq: tx to master: end
2019/11/22 19:36:07.53 #|1574451367.535511410|00#| work_queue_worker[1] wq: rx from master: get file-0-64d383240390d4f9cc137c625132db75-test.fasta.10.out 1
2019/11/22 19:36:07.53 #|1574451367.535547535|00#| work_queue_worker[1] wq: tx to master: file file-0-64d383240390d4f9cc137c625132db75-test.fasta.10.out 102868
2019/11/22 19:36:07.53 #|1574451367.535868990|00#| work_queue_worker[1] wq: tx to master: end
2019/11/22 19:36:07.53 #|1574451367.536090111|00#| work_queue_worker[1] wq: rx from master: kill 10
2019/11/22 19:36:07.56 #|1574451367.562355739|00#| work_queue_worker[1] wq: rx from master: put file-0-5d44d8f82cbb3f9ecaf466b060d01edb-test.fasta.11 10120 0644 1
2019/11/22 19:36:07.56 #|1574451367.562399493|00#| work_queue_worker[1] wq: Putting file file-0-5d44d8f82cbb3f9ecaf466b060d01edb-test.fasta.11 into workspace
2019/11/22 19:36:07.56 #|1574451367.562559375|00#| work_queue_worker[1] wq: rx from master: task 9
2019/11/22 19:36:07.56 #|1574451367.562583508|00#| work_queue_worker[1] wq: rx from master: cmd 88
2019/11/22 19:36:07.56 #|1574451367.562595803|00#| work_queue_worker[1] wq: rx from master: ./blastall -p blastn -d nt/nt -i test.fasta.11 -o test.fasta.11.out 2> test.fasta.11.err
2019/11/22 19:36:07.56 #|1574451367.562606428|00#| work_queue_worker[1] wq: rx from master: category default
2019/11/22 19:36:07.56 #|1574451367.562751018|00#| work_queue_worker[1] wq: rx from master: cores 1
2019/11/22 19:36:07.56 #|1574451367.562770215|00#| work_queue_worker[1] wq: rx from master: memory 11908
2019/11/22 19:36:07.56 #|1574451367.562811624|00#| work_queue_worker[1] wq: rx from master: disk 1144
2019/11/22 19:36:07.56 #|1574451367.562825714|00#| work_queue_worker[1] wq: rx from master: gpus 0
2019/11/22 19:36:07.56 #|1574451367.562859193|00#| work_queue_worker[1] wq: rx from master: end_time 18446744073709551615
2019/11/22 19:36:07.56 #|1574451367.562873472|00#| work_queue_worker[1] wq: rx from master: wall_time 18446744073709551615
2019/11/22 19:36:07.56 #|1574451367.562885528|00#| work_queue_worker[1] wq: rx from master: env 7
2019/11/22 19:36:07.56 #|1574451367.562921517|00#| work_queue_worker[1] wq: rx from master: env 17
2019/11/22 19:36:07.56 #|1574451367.562947837|00#| work_queue_worker[1] wq: rx from master: infile file-0-25930e3036f13852cb0b29694bbab611-nt nt 1
2019/11/22 19:36:07.56 #|1574451367.562998892|00#| work_queue_worker[1] wq: rx from master: infile file-0-5d44d8f82cbb3f9ecaf466b060d01edb-test.fasta.11 test.fasta.11 1
2019/11/22 19:36:07.56 #|1574451367.563024757|00#| work_queue_worker[1] wq: rx from master: infile file-0-daa9c57850b857b80eefebbca6aa18ce-blastall blastall 1
2019/11/22 19:36:07.56 #|1574451367.563065512|00#| work_queue_worker[1] wq: rx from master: outfile file-0-1ec6f60204ab1e932b38cec0b78303f1-test.fasta.11.err test.fasta.11.err 1
2019/11/22 19:36:07.56 #|1574451367.563091428|00#| work_queue_worker[1] wq: rx from master: outfile file-0-b2dcb7cd97b86e43787e05023fc40494-test.fasta.11.out test.fasta.11.out 1
2019/11/22 19:36:07.56 #|1574451367.563139393|00#| work_queue_worker[1] wq: rx from master: end
2019/11/22 19:36:07.56 #|1574451367.563251988|00#| work_queue_worker[1] wq: linking cache/file-0-25930e3036f13852cb0b29694bbab611-nt to /tmp/worker-0-1/t.9/nt
2019/11/22 19:36:07.56 #|1574451367.563471126|00#| work_queue_worker[1] wq: linking cache/file-0-5d44d8f82cbb3f9ecaf466b060d01edb-test.fasta.11 to /tmp/worker-0-1/t.9/test.fasta.11
2019/11/22 19:36:07.56 #|1574451367.563504630|00#| work_queue_worker[1] wq: linking cache/file-0-daa9c57850b857b80eefebbca6aa18ce-blastall to /tmp/worker-0-1/t.9/blastall
2019/11/22 19:36:07.56 #|1574451367.563699041|00#| work_queue_worker[1] wq: started process 11: ./blastall -p blastn -d nt/nt -i test.fasta.11 -o test.fasta.11.out 2> test.fasta.11.err
2019/11/22 19:36:07.56 #|1574451367.563734922|00#| work_queue_worker[1] wq: tx to master: info tasks_running 1
2019/11/22 19:36:22.01 #|1574451382.19300914|00#| work_queue_worker[1] wq: task 9 (pid 11) exited normally with exit code 0
2019/11/22 19:36:22.01 #|1574451382.19337526|00#| work_queue_worker[1] wq: moving output file from /tmp/worker-0-1/t.9/test.fasta.11.err to cache/file-0-1ec6f60204ab1e932b38cec0b78303f1-test.fasta.11.err
2019/11/22 19:36:22.01 #|1574451382.19854698|00#| work_queue_worker[1] wq: moving output file from /tmp/worker-0-1/t.9/test.fasta.11.out to cache/file-0-b2dcb7cd97b86e43787e05023fc40494-test.fasta.11.out
2019/11/22 19:36:22.02 #|1574451382.20151936|00#| work_queue_worker[1] wq: tx to master: available_results
2019/11/22 19:36:22.02 #|1574451382.20444536|00#| work_queue_worker[1] wq: rx from master: send_results -1
2019/11/22 19:36:22.02 #|1574451382.20476132|00#| work_queue_worker[1] wq: tx to master: result 0 0 0 14455764 9
2019/11/22 19:36:22.02 #|1574451382.20534792|00#| work_queue_worker[1] wq: tx to master: info tasks_running 0
2019/11/22 19:36:22.02 #|1574451382.20582083|00#| work_queue_worker[1] wq: tx to master: end
2019/11/22 19:36:22.02 #|1574451382.20875833|00#| work_queue_worker[1] wq: rx from master: get file-0-1ec6f60204ab1e932b38cec0b78303f1-test.fasta.11.err 1
2019/11/22 19:36:22.02 #|1574451382.20912935|00#| work_queue_worker[1] wq: tx to master: file file-0-1ec6f60204ab1e932b38cec0b78303f1-test.fasta.11.err 0
2019/11/22 19:36:22.02 #|1574451382.20965388|00#| work_queue_worker[1] wq: tx to master: end
2019/11/22 19:36:22.02 #|1574451382.21267636|00#| work_queue_worker[1] wq: rx from master: get file-0-b2dcb7cd97b86e43787e05023fc40494-test.fasta.11.out 1
2019/11/22 19:36:22.02 #|1574451382.21301185|00#| work_queue_worker[1] wq: tx to master: file file-0-b2dcb7cd97b86e43787e05023fc40494-test.fasta.11.out 44259
2019/11/22 19:36:22.02 #|1574451382.21547263|00#| work_queue_worker[1] wq: tx to master: end
2019/11/22 19:36:22.02 #|1574451382.21735951|00#| work_queue_worker[1] wq: rx from master: kill 9
2019/11/22 19:36:22.02 #|1574451382.22313553|00#| work_queue_worker[1] wq: rx from master: put file-0-0008645a00ac79d3f3bea1ddf871bace-test.fasta.15 10120 0644 1
2019/11/22 19:36:22.02 #|1574451382.22348143|00#| work_queue_worker[1] wq: Putting file file-0-0008645a00ac79d3f3bea1ddf871bace-test.fasta.15 into workspace
2019/11/22 19:36:22.02 #|1574451382.22434173|00#| work_queue_worker[1] wq: rx from master: task 5
2019/11/22 19:36:22.02 #|1574451382.22493067|00#| work_queue_worker[1] wq: rx from master: cmd 88
2019/11/22 19:36:22.02 #|1574451382.22580052|00#| work_queue_worker[1] wq: rx from master: ./blastall -p blastn -d nt/nt -i test.fasta.15 -o test.fasta.15.out 2> test.fasta.15.err
2019/11/22 19:36:22.02 #|1574451382.22595352|00#| work_queue_worker[1] wq: rx from master: category default
2019/11/22 19:36:22.02 #|1574451382.22629652|00#| work_queue_worker[1] wq: rx from master: cores 1
2019/11/22 19:36:22.02 #|1574451382.22643683|00#| work_queue_worker[1] wq: rx from master: memory 11908
2019/11/22 19:36:22.02 #|1574451382.22655387|00#| work_queue_worker[1] wq: rx from master: disk 1144
2019/11/22 19:36:22.02 #|1574451382.22736882|00#| work_queue_worker[1] wq: rx from master: gpus 0
2019/11/22 19:36:22.02 #|1574451382.22781252|00#| work_queue_worker[1] wq: rx from master: end_time 18446744073709551615
2019/11/22 19:36:22.02 #|1574451382.22795747|00#| work_queue_worker[1] wq: rx from master: wall_time 18446744073709551615
2019/11/22 19:36:22.02 #|1574451382.22807709|00#| work_queue_worker[1] wq: rx from master: env 7
2019/11/22 19:36:22.02 #|1574451382.22843467|00#| work_queue_worker[1] wq: rx from master: env 17
2019/11/22 19:36:22.02 #|1574451382.22861531|00#| work_queue_worker[1] wq: rx from master: infile file-0-25930e3036f13852cb0b29694bbab611-nt nt 1
2019/11/22 19:36:22.02 #|1574451382.22929520|00#| work_queue_worker[1] wq: rx from master: infile file-0-0008645a00ac79d3f3bea1ddf871bace-test.fasta.15 test.fasta.15 1
2019/11/22 19:36:22.02 #|1574451382.22958128|00#| work_queue_worker[1] wq: rx from master: infile file-0-daa9c57850b857b80eefebbca6aa18ce-blastall blastall 1
2019/11/22 19:36:22.02 #|1574451382.22999861|00#| work_queue_worker[1] wq: rx from master: outfile file-0-018f568daaa4c9813af138b9acc80300-test.fasta.15.err test.fasta.15.err 1
2019/11/22 19:36:22.02 #|1574451382.23026200|00#| work_queue_worker[1] wq: rx from master: outfile file-0-b230c590bc23b5b924df9e9d98a59cf3-test.fasta.15.out test.fasta.15.out 1
2019/11/22 19:36:22.02 #|1574451382.23070561|00#| work_queue_worker[1] wq: rx from master: end
2019/11/22 19:36:22.02 #|1574451382.23177056|00#| work_queue_worker[1] wq: linking cache/file-0-25930e3036f13852cb0b29694bbab611-nt to /tmp/worker-0-1/t.5/nt
2019/11/22 19:36:22.02 #|1574451382.23386481|00#| work_queue_worker[1] wq: linking cache/file-0-0008645a00ac79d3f3bea1ddf871bace-test.fasta.15 to /tmp/worker-0-1/t.5/test.fasta.15
2019/11/22 19:36:22.02 #|1574451382.23419789|00#| work_queue_worker[1] wq: linking cache/file-0-daa9c57850b857b80eefebbca6aa18ce-blastall to /tmp/worker-0-1/t.5/blastall
2019/11/22 19:36:22.02 #|1574451382.23601440|00#| work_queue_worker[1] wq: started process 13: ./blastall -p blastn -d nt/nt -i test.fasta.15 -o test.fasta.15.out 2> test.fasta.15.err
2019/11/22 19:36:22.02 #|1574451382.23635111|00#| work_queue_worker[1] wq: tx to master: info tasks_running 1
2019/11/22 19:36:36.23 #|1574451396.238851221|00#| work_queue_worker[1] wq: task 5 (pid 13) exited normally with exit code 0
2019/11/22 19:36:36.23 #|1574451396.238879333|00#| work_queue_worker[1] wq: moving output file from /tmp/worker-0-1/t.5/test.fasta.15.err to cache/file-0-018f568daaa4c9813af138b9acc80300-test.fasta.15.err
2019/11/22 19:36:36.23 #|1574451396.238938573|00#| work_queue_worker[1] wq: moving output file from /tmp/worker-0-1/t.5/test.fasta.15.out to cache/file-0-b230c590bc23b5b924df9e9d98a59cf3-test.fasta.15.out
2019/11/22 19:36:36.23 #|1574451396.238969598|00#| work_queue_worker[1] wq: tx to master: available_results
2019/11/22 19:36:36.23 #|1574451396.239275211|00#| work_queue_worker[1] wq: rx from master: send_results -1
2019/11/22 19:36:36.23 #|1574451396.239311856|00#| work_queue_worker[1] wq: tx to master: result 0 0 0 14215410 5
2019/11/22 19:36:36.23 #|1574451396.239371325|00#| work_queue_worker[1] wq: tx to master: info tasks_running 0
2019/11/22 19:36:36.23 #|1574451396.239418795|00#| work_queue_worker[1] wq: tx to master: end
2019/11/22 19:36:36.23 #|1574451396.239731985|00#| work_queue_worker[1] wq: rx from master: get file-0-018f568daaa4c9813af138b9acc80300-test.fasta.15.err 1
2019/11/22 19:36:36.23 #|1574451396.239782781|00#| work_queue_worker[1] wq: tx to master: file file-0-018f568daaa4c9813af138b9acc80300-test.fasta.15.err 0
2019/11/22 19:36:36.23 #|1574451396.239844591|00#| work_queue_worker[1] wq: tx to master: end
2019/11/22 19:36:36.24 #|1574451396.240166725|00#| work_queue_worker[1] wq: rx from master: get file-0-b230c590bc23b5b924df9e9d98a59cf3-test.fasta.15.out 1
2019/11/22 19:36:36.24 #|1574451396.240202460|00#| work_queue_worker[1] wq: tx to master: file file-0-b230c590bc23b5b924df9e9d98a59cf3-test.fasta.15.out 14251
2019/11/22 19:36:36.24 #|1574451396.240375814|00#| work_queue_worker[1] wq: tx to master: end
2019/11/22 19:36:36.24 #|1574451396.240544943|00#| work_queue_worker[1] wq: rx from master: kill 5
2019/11/22 19:36:36.24 #|1574451396.241194303|00#| work_queue_worker[1] wq: rx from master: put file-0-af4883bae18b8169ace09c1fbbe4e952-test.fasta.12 10120 0644 1
2019/11/22 19:36:36.24 #|1574451396.241222914|00#| work_queue_worker[1] wq: Putting file file-0-af4883bae18b8169ace09c1fbbe4e952-test.fasta.12 into workspace
2019/11/22 19:36:36.24 #|1574451396.241337024|00#| work_queue_worker[1] wq: rx from master: task 8
2019/11/22 19:36:36.24 #|1574451396.241354939|00#| work_queue_worker[1] wq: rx from master: cmd 88
2019/11/22 19:36:36.24 #|1574451396.241367413|00#| work_queue_worker[1] wq: rx from master: ./blastall -p blastn -d nt/nt -i test.fasta.12 -o test.fasta.12.out 2> test.fasta.12.err
2019/11/22 19:36:36.24 #|1574451396.241376106|00#| work_queue_worker[1] wq: rx from master: category default
2019/11/22 19:36:36.24 #|1574451396.241417597|00#| work_queue_worker[1] wq: rx from master: cores 1
2019/11/22 19:36:36.24 #|1574451396.241431754|00#| work_queue_worker[1] wq: rx from master: memory 11908
2019/11/22 19:36:36.24 #|1574451396.241441455|00#| work_queue_worker[1] wq: rx from master: disk 1144
2019/11/22 19:36:36.24 #|1574451396.241477566|00#| work_queue_worker[1] wq: rx from master: gpus 0
2019/11/22 19:36:36.24 #|1574451396.241491160|00#| work_queue_worker[1] wq: rx from master: end_time 18446744073709551615
2019/11/22 19:36:36.24 #|1574451396.241524613|00#| work_queue_worker[1] wq: rx from master: wall_time 18446744073709551615
2019/11/22 19:36:36.24 #|1574451396.241538031|00#| work_queue_worker[1] wq: rx from master: env 7
2019/11/22 19:36:36.24 #|1574451396.241552658|00#| work_queue_worker[1] wq: rx from master: env 17
2019/11/22 19:36:36.24 #|1574451396.241630585|00#| work_queue_worker[1] wq: rx from master: infile file-0-25930e3036f13852cb0b29694bbab611-nt nt 1
2019/11/22 19:36:36.24 #|1574451396.241693503|00#| work_queue_worker[1] wq: rx from master: infile file-0-af4883bae18b8169ace09c1fbbe4e952-test.fasta.12 test.fasta.12 1
2019/11/22 19:36:36.24 #|1574451396.241717620|00#| work_queue_worker[1] wq: rx from master: infile file-0-daa9c57850b857b80eefebbca6aa18ce-blastall blastall 1
2019/11/22 19:36:36.24 #|1574451396.241762828|00#| work_queue_worker[1] wq: rx from master: outfile file-0-95cba511760cf5607a658110dca9e4d2-test.fasta.12.err test.fasta.12.err 1
2019/11/22 19:36:36.24 #|1574451396.241787412|00#| work_queue_worker[1] wq: rx from master: outfile file-0-b023ebea6f17836ab62822f542cbcf46-test.fasta.12.out test.fasta.12.out 1
2019/11/22 19:36:36.24 #|1574451396.241807023|00#| work_queue_worker[1] wq: rx from master: end
2019/11/22 19:36:36.24 #|1574451396.241907570|00#| work_queue_worker[1] wq: linking cache/file-0-25930e3036f13852cb0b29694bbab611-nt to /tmp/worker-0-1/t.8/nt
2019/11/22 19:36:36.24 #|1574451396.242114841|00#| work_queue_worker[1] wq: linking cache/file-0-af4883bae18b8169ace09c1fbbe4e952-test.fasta.12 to /tmp/worker-0-1/t.8/test.fasta.12
2019/11/22 19:36:36.24 #|1574451396.242146931|00#| work_queue_worker[1] wq: linking cache/file-0-daa9c57850b857b80eefebbca6aa18ce-blastall to /tmp/worker-0-1/t.8/blastall
2019/11/22 19:36:36.24 #|1574451396.242318508|00#| work_queue_worker[1] wq: started process 15: ./blastall -p blastn -d nt/nt -i test.fasta.12 -o test.fasta.12.out 2> test.fasta.12.err
2019/11/22 19:36:36.24 #|1574451396.242359054|00#| work_queue_worker[1] wq: tx to master: info tasks_running 1
2019/11/22 19:36:50.82 #|1574451410.827074727|00#| work_queue_worker[1] wq: task 8 (pid 15) exited normally with exit code 0
2019/11/22 19:36:50.82 #|1574451410.827102658|00#| work_queue_worker[1] wq: moving output file from /tmp/worker-0-1/t.8/test.fasta.12.err to cache/file-0-95cba511760cf5607a658110dca9e4d2-test.fasta.12.err
2019/11/22 19:36:50.82 #|1574451410.827163229|00#| work_queue_worker[1] wq: moving output file from /tmp/worker-0-1/t.8/test.fasta.12.out to cache/file-0-b023ebea6f17836ab62822f542cbcf46-test.fasta.12.out
2019/11/22 19:36:50.82 #|1574451410.827196559|00#| work_queue_worker[1] wq: tx to master: available_results
2019/11/22 19:36:50.96 #|1574451410.967339016|00#| work_queue_worker[1] wq: rx from master: send_results -1
2019/11/22 19:36:50.96 #|1574451410.967375241|00#| work_queue_worker[1] wq: tx to master: result 0 0 0 14584906 8
2019/11/22 19:36:50.96 #|1574451410.967458854|00#| work_queue_worker[1] wq: tx to master: info tasks_running 0
2019/11/22 19:36:50.96 #|1574451410.967534524|00#| work_queue_worker[1] wq: tx to master: end
2019/11/22 19:36:50.96 #|1574451410.967727916|00#| work_queue_worker[1] wq: rx from master: get file-0-95cba511760cf5607a658110dca9e4d2-test.fasta.12.err 1
2019/11/22 19:36:50.96 #|1574451410.967756130|00#| work_queue_worker[1] wq: tx to master: file file-0-95cba511760cf5607a658110dca9e4d2-test.fasta.12.err 0
2019/11/22 19:36:50.96 #|1574451410.967810595|00#| work_queue_worker[1] wq: tx to master: end
2019/11/22 19:36:50.96 #|1574451410.968047197|00#| work_queue_worker[1] wq: rx from master: get file-0-b023ebea6f17836ab62822f542cbcf46-test.fasta.12.out 1
2019/11/22 19:36:50.96 #|1574451410.968070740|00#| work_queue_worker[1] wq: tx to master: file file-0-b023ebea6f17836ab62822f542cbcf46-test.fasta.12.out 34494
2019/11/22 19:36:50.96 #|1574451410.968378979|00#| work_queue_worker[1] wq: tx to master: end
2019/11/22 19:36:50.96 #|1574451410.968526584|00#| work_queue_worker[1] wq: rx from master: kill 8
2019/11/22 19:36:50.96 #|1574451410.969347392|00#| work_queue_worker[1] wq: rx from master: put file-0-3410183026126208c01eade572fb5bdf-test.fasta.8 10110 0644 1
2019/11/22 19:36:50.96 #|1574451410.969381412|00#| work_queue_worker[1] wq: Putting file file-0-3410183026126208c01eade572fb5bdf-test.fasta.8 into workspace
2019/11/22 19:36:50.96 #|1574451410.969497641|00#| work_queue_worker[1] wq: rx from master: task 12
2019/11/22 19:36:50.96 #|1574451410.969557984|00#| work_queue_worker[1] wq: rx from master: cmd 85
2019/11/22 19:36:50.96 #|1574451410.969580298|00#| work_queue_worker[1] wq: rx from master: ./blastall -p blastn -d nt/nt -i test.fasta.8 -o test.fasta.8.out 2> test.fasta.8.err
2019/11/22 19:36:50.96 #|1574451410.969600191|00#| work_queue_worker[1] wq: rx from master: category default
2019/11/22 19:36:50.96 #|1574451410.969651730|00#| work_queue_worker[1] wq: rx from master: cores 1
2019/11/22 19:36:50.96 #|1574451410.969675244|00#| work_queue_worker[1] wq: rx from master: memory 11908
2019/11/22 19:36:50.96 #|1574451410.969731191|00#| work_queue_worker[1] wq: rx from master: disk 1144
2019/11/22 19:36:50.96 #|1574451410.969756158|00#| work_queue_worker[1] wq: rx from master: gpus 0
2019/11/22 19:36:50.96 #|1574451410.969841532|00#| work_queue_worker[1] wq: rx from master: end_time 18446744073709551615
2019/11/22 19:36:50.96 #|1574451410.969867828|00#| work_queue_worker[1] wq: rx from master: wall_time 18446744073709551615
2019/11/22 19:36:50.96 #|1574451410.969949327|00#| work_queue_worker[1] wq: rx from master: env 7
2019/11/22 19:36:50.96 #|1574451410.969978907|00#| work_queue_worker[1] wq: rx from master: env 17
2019/11/22 19:36:50.97 #|1574451410.970066827|00#| work_queue_worker[1] wq: rx from master: infile file-0-25930e3036f13852cb0b29694bbab611-nt nt 1
2019/11/22 19:36:50.97 #|1574451410.970111049|00#| work_queue_worker[1] wq: rx from master: infile file-0-3410183026126208c01eade572fb5bdf-test.fasta.8 test.fasta.8 1
2019/11/22 19:36:50.97 #|1574451410.970187851|00#| work_queue_worker[1] wq: rx from master: infile file-0-daa9c57850b857b80eefebbca6aa18ce-blastall blastall 1
2019/11/22 19:36:50.97 #|1574451410.970225086|00#| work_queue_worker[1] wq: rx from master: outfile file-0-377034d337ce566c4f64a77efabc1f23-test.fasta.8.err test.fasta.8.err 1
2019/11/22 19:36:50.97 #|1574451410.970289531|00#| work_queue_worker[1] wq: rx from master: outfile file-0-599ca89112d700f3c1cc921c2abd9aaa-test.fasta.8.out test.fasta.8.out 1
2019/11/22 19:36:50.97 #|1574451410.970325574|00#| work_queue_worker[1] wq: rx from master: end
2019/11/22 19:36:50.97 #|1574451410.970466676|00#| work_queue_worker[1] wq: linking cache/file-0-25930e3036f13852cb0b29694bbab611-nt to /tmp/worker-0-1/t.12/nt
2019/11/22 19:36:50.97 #|1574451410.970729160|00#| work_queue_worker[1] wq: linking cache/file-0-3410183026126208c01eade572fb5bdf-test.fasta.8 to /tmp/worker-0-1/t.12/test.fasta.8
2019/11/22 19:36:50.97 #|1574451410.970763513|00#| work_queue_worker[1] wq: linking cache/file-0-daa9c57850b857b80eefebbca6aa18ce-blastall to /tmp/worker-0-1/t.12/blastall
2019/11/22 19:36:50.97 #|1574451410.970950553|00#| work_queue_worker[1] wq: started process 17: ./blastall -p blastn -d nt/nt -i test.fasta.8 -o test.fasta.8.out 2> test.fasta.8.err
2019/11/22 19:36:50.97 #|1574451410.970983107|00#| work_queue_worker[1] wq: tx to master: info tasks_running 1
2019/11/22 19:37:04.36 #|1574451424.362620341|00#| work_queue_worker[1] wq: task 12 (pid 17) exited normally with exit code 0
2019/11/22 19:37:04.36 #|1574451424.362647152|00#| work_queue_worker[1] wq: moving output file from /tmp/worker-0-1/t.12/test.fasta.8.err to cache/file-0-377034d337ce566c4f64a77efabc1f23-test.fasta.8.err
2019/11/22 19:37:04.36 #|1574451424.362708536|00#| work_queue_worker[1] wq: moving output file from /tmp/worker-0-1/t.12/test.fasta.8.out to cache/file-0-599ca89112d700f3c1cc921c2abd9aaa-test.fasta.8.out
2019/11/22 19:37:04.36 #|1574451424.362739971|00#| work_queue_worker[1] wq: tx to master: available_results
2019/11/22 19:37:04.36 #|1574451424.363056453|00#| work_queue_worker[1] wq: rx from master: send_results -1
2019/11/22 19:37:04.36 #|1574451424.363092846|00#| work_queue_worker[1] wq: tx to master: result 0 0 0 13391831 12
2019/11/22 19:37:04.36 #|1574451424.363152223|00#| work_queue_worker[1] wq: tx to master: info tasks_running 0
2019/11/22 19:37:04.36 #|1574451424.363202083|00#| work_queue_worker[1] wq: tx to master: end
2019/11/22 19:37:04.36 #|1574451424.363512432|00#| work_queue_worker[1] wq: rx from master: get file-0-377034d337ce566c4f64a77efabc1f23-test.fasta.8.err 1
2019/11/22 19:37:04.36 #|1574451424.363551698|00#| work_queue_worker[1] wq: tx to master: file file-0-377034d337ce566c4f64a77efabc1f23-test.fasta.8.err 0
2019/11/22 19:37:04.36 #|1574451424.363614825|00#| work_queue_worker[1] wq: tx to master: end
2019/11/22 19:37:04.36 #|1574451424.363939691|00#| work_queue_worker[1] wq: rx from master: get file-0-599ca89112d700f3c1cc921c2abd9aaa-test.fasta.8.out 1
2019/11/22 19:37:04.36 #|1574451424.363975553|00#| work_queue_worker[1] wq: tx to master: file file-0-599ca89112d700f3c1cc921c2abd9aaa-test.fasta.8.out 20887
2019/11/22 19:37:04.36 #|1574451424.364149462|00#| work_queue_worker[1] wq: tx to master: end
2019/11/22 19:37:04.36 #|1574451424.364323412|00#| work_queue_worker[1] wq: rx from master: kill 12
2019/11/22 19:37:09.10 #|1574451429.103062048|00#| work_queue_worker[1] wq: rx from master: release
2019/11/22 19:37:09.10 #|1574451429.103091165|00#| work_queue_worker[1] wq: released by master 10.0.102.2:1026.
2019/11/22 19:37:09.10 #|1574451429.103482086|00#| work_queue_worker[1] wq: cleaning workspace /tmp/worker-0-1
2019/11/22 19:37:09.30 #|1574451429.303366018|00#| work_queue_worker[1] wq: disconnecting from master 10.0.102.2:1026
2019/11/22 19:37:09.30 #|1574451429.303468705|00#| work_queue_worker[1] tcp: disconnected from 10.0.102.2 port 1026
2019/11/22 19:37:09.30 #|1574451429.303482392|00#| work_queue_worker[1] wq: killing all outstanding tasks
2019/11/22 19:37:09.30 #|1574451429.303529829|00#| work_queue_worker[1] wq: all data structures are clean
2019/11/22 19:37:10.30 #|1574451430.303690653|00#| work_queue_worker[1] dns: looking up name master
2019/11/22 19:37:10.30 #|1574451430.305472741|00#| work_queue_worker[1] dns: couldn't look up master: Name or service not known
