2019/11/22 19:36:49.54 #|1574451409.541051037|00#| work_queue_worker[1] debug: /root/cctools/bin/work_queue_worker version 8.0.0 DEVELOPMENT (released 2019-11-14 15:35:16 +0000)
2019/11/22 19:36:49.55 #|1574451409.551542753|00#| work_queue_worker[1] debug: Built by root@7e9ecba79f43 on 2019-11-14 15:35:16 +0000
2019/11/22 19:36:49.55 #|1574451409.551626153|00#| work_queue_worker[1] debug: System: Linux 7e9ecba79f43 5.0.0-32-generic #34~18.04.2-Ubuntu SMP Thu Oct 10 10:36:02 UTC 2019 x86_64 x86_64 x86_64 GNU/Linux
2019/11/22 19:36:49.55 #|1574451409.551640152|00#| work_queue_worker[1] debug: Configuration: --prefix /root/cctools
2019/11/22 19:36:49.55 #|1574451409.552095097|00#| work_queue_worker[1] wq: WORK_QUEUE_SANDBOX set to /tmp/worker-0-1.
2019/11/22 19:36:49.55 #|1574451409.553377177|00#| work_queue_worker[1] debug: error reading disk usage on directory: ./cache.
2019/11/22 19:36:49.55 #|1574451409.553411433|00#| work_queue_worker[1] dns: looking up name master
2019/11/22 19:36:49.55 #|1574451409.554488144|00#| work_queue_worker[1] dns: master is 10.0.102.2
2019/11/22 19:36:49.55 #|1574451409.554723298|00#| work_queue_worker[1] tcp: connecting to 10.0.102.2 port 1026
2019/11/22 19:36:49.55 #|1574451409.559340009|00#| work_queue_worker[1] tcp: made connection to 10.0.102.2 port 1026
2019/11/22 19:36:49.55 #|1574451409.559465471|00#| work_queue_worker[1] wq: connected to master master:1026 via local address 10.0.102.8:42216
2019/11/22 19:36:49.55 #|1574451409.559488455|00#| work_queue_worker[1] wq: preparing workspace /tmp/worker-0-1
2019/11/22 19:36:49.55 #|1574451409.559658253|00#| work_queue_worker[1] dns: looking up name 56700ed74d08
2019/11/22 19:36:49.55 #|1574451409.559731848|00#| work_queue_worker[1] dns: 56700ed74d08 is 10.0.102.8
2019/11/22 19:36:49.55 #|1574451409.559751376|00#| work_queue_worker[1] dns: looking up addr 10.0.102.8
2019/11/22 19:36:49.55 #|1574451409.559793971|00#| work_queue_worker[1] dns: 10.0.102.8 is 56700ed74d08
2019/11/22 19:36:49.55 #|1574451409.559810762|00#| work_queue_worker[1] dns: finding my hostname: uname = 56700ed74d08, address = 10.0.102.8, hostname = 56700ed74d08
2019/11/22 19:36:49.55 #|1574451409.559831670|00#| work_queue_worker[1] wq: tx to master: workqueue 8 56700ed74d08 Linux x86_64 8.0.0
2019/11/22 19:36:49.55 #|1574451409.559875223|00#| work_queue_worker[1] wq: tx to master: info worker-id worker-49102cc609b70b0baac8ccd0e7ca843f
2019/11/22 19:36:49.55 #|1574451409.559898155|00#| work_queue_worker[1] wq: tx to master: alive
2019/11/22 19:36:49.55 #|1574451409.559915802|00#| work_queue_worker[1] wq: Sending resource description to master:
2019/11/22 19:36:49.55 #|1574451409.559929291|00#| work_queue_worker[1] wq:  workers      0 inuse      1 total      1 smallest      1 largest
2019/11/22 19:36:49.55 #|1574451409.559944849|00#| work_queue_worker[1] wq:     disk      0 inuse 183133 total 183133 smallest 183133 largest
2019/11/22 19:36:49.55 #|1574451409.559963090|00#| work_queue_worker[1] wq:   memory      0 inuse   7749 total   7749 smallest   7749 largest
2019/11/22 19:36:49.55 #|1574451409.559981779|00#| work_queue_worker[1] wq:     gpus      0 inuse      0 total      0 smallest      0 largest
2019/11/22 19:36:49.55 #|1574451409.560000576|00#| work_queue_worker[1] wq:    cores      0 inuse      1 total      1 smallest      1 largest
2019/11/22 19:36:49.56 #|1574451409.560023068|00#| work_queue_worker[1] wq: tx to master: info end_of_resource_update 0
2019/11/22 19:36:49.56 #|1574451409.560041457|00#| work_queue_worker[1] wq: tx to master: info tasks_running 0
2019/11/22 19:36:49.56 #|1574451409.560056710|00#| work_queue_worker[1] wq: working for master at 10.0.102.2:1026.
2019/11/22 19:42:50.52 #|1574451770.523980887|00#| work_queue_worker[1] wq: rx from master: put file-0-25930e3036f13852cb0b29694bbab611-nt/taxdb.bti 14920392 0644 1
2019/11/22 19:42:50.52 #|1574451770.524397585|00#| work_queue_worker[1] wq: Putting file file-0-25930e3036f13852cb0b29694bbab611-nt/taxdb.bti into workspace
2019/11/22 19:42:51.83 #|1574451771.837805013|00#| work_queue_worker[1] wq: rx from master: put file-0-25930e3036f13852cb0b29694bbab611-nt/nt.nal 752 0644 1
2019/11/22 19:42:51.83 #|1574451771.837945738|00#| work_queue_worker[1] wq: Putting file file-0-25930e3036f13852cb0b29694bbab611-nt/nt.nal into workspace
2019/11/22 19:42:51.83 #|1574451771.838184115|00#| work_queue_worker[1] wq: rx from master: put file-0-25930e3036f13852cb0b29694bbab611-nt/nt.44.nni 27220 0644 1
2019/11/22 19:42:51.83 #|1574451771.838263941|00#| work_queue_worker[1] wq: Putting file file-0-25930e3036f13852cb0b29694bbab611-nt/nt.44.nni into workspace
2019/11/22 19:42:51.84 #|1574451771.840233974|00#| work_queue_worker[1] wq: rx from master: put file-0-25930e3036f13852cb0b29694bbab611-nt/nt.44.nog 3378248 0644 1
2019/11/22 19:42:51.84 #|1574451771.840277954|00#| work_queue_worker[1] wq: Putting file file-0-25930e3036f13852cb0b29694bbab611-nt/nt.44.nog into workspace
2019/11/22 19:42:52.13 #|1574451772.137809216|00#| work_queue_worker[1] wq: rx from master: put file-0-25930e3036f13852cb0b29694bbab611-nt/taxdb.btd 141628361 0644 1
2019/11/22 19:42:52.13 #|1574451772.137931455|00#| work_queue_worker[1] wq: Putting file file-0-25930e3036f13852cb0b29694bbab611-nt/taxdb.btd into workspace
2019/11/22 19:43:04.61 #|1574451784.618880538|00#| work_queue_worker[1] wq: rx from master: put file-0-25930e3036f13852cb0b29694bbab611-nt/nt.44.nhr 148534336 0644 1
2019/11/22 19:43:04.61 #|1574451784.619003946|00#| work_queue_worker[1] wq: Putting file file-0-25930e3036f13852cb0b29694bbab611-nt/nt.44.nhr into workspace
2019/11/22 19:43:17.73 #|1574451797.732438723|00#| work_queue_worker[1] wq: rx from master: put file-0-25930e3036f13852cb0b29694bbab611-nt/nt.44.nhi 338004 0644 1
2019/11/22 19:43:17.73 #|1574451797.732617035|00#| work_queue_worker[1] wq: Putting file file-0-25930e3036f13852cb0b29694bbab611-nt/nt.44.nhi into workspace
2019/11/22 19:43:17.74 #|1574451797.741408246|00#| work_queue_worker[1] wq: rx from master: put file-0-25930e3036f13852cb0b29694bbab611-nt/nt.44.nnd 6955488 0644 1
2019/11/22 19:43:17.74 #|1574451797.741521320|00#| work_queue_worker[1] wq: Putting file file-0-25930e3036f13852cb0b29694bbab611-nt/nt.44.nnd into workspace
2019/11/22 19:43:18.35 #|1574451798.354462186|00#| work_queue_worker[1] wq: rx from master: put file-0-25930e3036f13852cb0b29694bbab611-nt/nt.44.nhd 14869748 0644 1
2019/11/22 19:43:18.35 #|1574451798.354596525|00#| work_queue_worker[1] wq: Putting file file-0-25930e3036f13852cb0b29694bbab611-nt/nt.44.nhd into workspace
2019/11/22 19:43:19.66 #|1574451799.665595835|00#| work_queue_worker[1] wq: rx from master: put file-0-25930e3036f13852cb0b29694bbab611-nt/nt.44.nsq 974099786 0644 1
2019/11/22 19:43:19.66 #|1574451799.665711716|00#| work_queue_worker[1] wq: Putting file file-0-25930e3036f13852cb0b29694bbab611-nt/nt.44.nsq into workspace
2019/11/22 19:44:45.53 #|1574451885.539544915|00#| work_queue_worker[1] wq: rx from master: put file-0-25930e3036f13852cb0b29694bbab611-nt/nt.44.nin 10134740 0644 1
2019/11/22 19:44:45.54 #|1574451885.540607203|00#| work_queue_worker[1] wq: Putting file file-0-25930e3036f13852cb0b29694bbab611-nt/nt.44.nin into workspace
2019/11/22 19:44:46.43 #|1574451886.431333883|00#| work_queue_worker[1] wq: rx from master: put file-0-25930e3036f13852cb0b29694bbab611-nt/nt.44.nsi 764650 0644 1
2019/11/22 19:44:46.43 #|1574451886.431499971|00#| work_queue_worker[1] wq: Putting file file-0-25930e3036f13852cb0b29694bbab611-nt/nt.44.nsi into workspace
2019/11/22 19:44:46.49 #|1574451886.498785137|00#| work_queue_worker[1] wq: rx from master: put file-0-25930e3036f13852cb0b29694bbab611-nt/nt.44.nsd 33299557 0644 1
2019/11/22 19:44:46.49 #|1574451886.498868079|00#| work_queue_worker[1] wq: Putting file file-0-25930e3036f13852cb0b29694bbab611-nt/nt.44.nsd into workspace
2019/11/22 19:44:49.43 #|1574451889.434197790|00#| work_queue_worker[1] wq: rx from master: put file-0-e046ec692c0ced962d3265bfe7245360-test.fasta.14 10120 0644 1
2019/11/22 19:44:49.43 #|1574451889.434322177|00#| work_queue_worker[1] wq: Putting file file-0-e046ec692c0ced962d3265bfe7245360-test.fasta.14 into workspace
2019/11/22 19:44:49.43 #|1574451889.436907072|00#| work_queue_worker[1] wq: rx from master: put file-0-daa9c57850b857b80eefebbca6aa18ce-blastall 7687410 0755 1
2019/11/22 19:44:49.43 #|1574451889.437024781|00#| work_queue_worker[1] wq: Putting file file-0-daa9c57850b857b80eefebbca6aa18ce-blastall into workspace
2019/11/22 19:44:50.11 #|1574451890.112953891|00#| work_queue_worker[1] wq: rx from master: task 6
2019/11/22 19:44:50.11 #|1574451890.113042603|00#| work_queue_worker[1] wq: rx from master: cmd 88
2019/11/22 19:44:50.11 #|1574451890.113095904|00#| work_queue_worker[1] wq: rx from master: ./blastall -p blastn -d nt/nt -i test.fasta.14 -o test.fasta.14.out 2> test.fasta.14.err
2019/11/22 19:44:50.11 #|1574451890.113129677|00#| work_queue_worker[1] wq: rx from master: category default
2019/11/22 19:44:50.11 #|1574451890.113151569|00#| work_queue_worker[1] wq: rx from master: cores 1
2019/11/22 19:44:50.11 #|1574451890.113173205|00#| work_queue_worker[1] wq: rx from master: memory 7749
2019/11/22 19:44:50.11 #|1574451890.113194291|00#| work_queue_worker[1] wq: rx from master: disk 183133
2019/11/22 19:44:50.11 #|1574451890.113215166|00#| work_queue_worker[1] wq: rx from master: gpus 0
2019/11/22 19:44:50.11 #|1574451890.113236650|00#| work_queue_worker[1] wq: rx from master: end_time 18446744073709551615
2019/11/22 19:44:50.11 #|1574451890.113259467|00#| work_queue_worker[1] wq: rx from master: wall_time 18446744073709551615
2019/11/22 19:44:50.11 #|1574451890.113280898|00#| work_queue_worker[1] wq: rx from master: env 7
2019/11/22 19:44:50.11 #|1574451890.113306311|00#| work_queue_worker[1] wq: rx from master: env 17
2019/11/22 19:44:50.11 #|1574451890.113330819|00#| work_queue_worker[1] wq: rx from master: infile file-0-25930e3036f13852cb0b29694bbab611-nt nt 1
2019/11/22 19:44:50.11 #|1574451890.113452521|00#| work_queue_worker[1] wq: rx from master: infile file-0-e046ec692c0ced962d3265bfe7245360-test.fasta.14 test.fasta.14 1
2019/11/22 19:44:50.11 #|1574451890.113493091|00#| work_queue_worker[1] wq: rx from master: infile file-0-daa9c57850b857b80eefebbca6aa18ce-blastall blastall 1
2019/11/22 19:44:50.11 #|1574451890.113527513|00#| work_queue_worker[1] wq: rx from master: outfile file-0-5904a03317e7e6566913b82983b96829-test.fasta.14.err test.fasta.14.err 1
2019/11/22 19:44:50.11 #|1574451890.113564345|00#| work_queue_worker[1] wq: rx from master: outfile file-0-6e7fd2228b2f7120a5a28bea1aa8b41f-test.fasta.14.out test.fasta.14.out 1
2019/11/22 19:44:50.11 #|1574451890.113598220|00#| work_queue_worker[1] wq: rx from master: end
2019/11/22 19:44:50.11 #|1574451890.114263220|00#| work_queue_worker[1] wq: linking cache/file-0-25930e3036f13852cb0b29694bbab611-nt to /tmp/worker-0-1/t.6/nt
2019/11/22 19:44:50.11 #|1574451890.114683616|00#| work_queue_worker[1] wq: linking cache/file-0-e046ec692c0ced962d3265bfe7245360-test.fasta.14 to /tmp/worker-0-1/t.6/test.fasta.14
2019/11/22 19:44:50.11 #|1574451890.114745629|00#| work_queue_worker[1] wq: linking cache/file-0-daa9c57850b857b80eefebbca6aa18ce-blastall to /tmp/worker-0-1/t.6/blastall
2019/11/22 19:44:50.11 #|1574451890.114794387|00#| work_queue_worker[1] wq: Waiting task 6 has been forsaken.
2019/11/22 19:44:50.11 #|1574451890.114812704|00#| work_queue_worker[1] wq: tx to master: alive
2019/11/22 19:44:50.11 #|1574451890.114887284|00#| work_queue_worker[1] wq: Sending resource description to master:
2019/11/22 19:44:50.11 #|1574451890.114906488|00#| work_queue_worker[1] wq:  workers      0 inuse      1 total      1 smallest      1 largest
2019/11/22 19:44:50.11 #|1574451890.114968625|00#| work_queue_worker[1] wq:     disk   1294 inuse 179208 total 179208 smallest 179208 largest
2019/11/22 19:44:50.11 #|1574451890.115034807|00#| work_queue_worker[1] wq:   memory      0 inuse   7749 total   7749 smallest   7749 largest
2019/11/22 19:44:50.11 #|1574451890.115111618|00#| work_queue_worker[1] wq:     gpus      0 inuse      0 total      0 smallest      0 largest
2019/11/22 19:44:50.11 #|1574451890.115178349|00#| work_queue_worker[1] wq:    cores      0 inuse      1 total      1 smallest      1 largest
2019/11/22 19:44:50.11 #|1574451890.115281597|00#| work_queue_worker[1] wq: tx to master: info end_of_resource_update 0
2019/11/22 19:44:50.11 #|1574451890.115361001|00#| work_queue_worker[1] wq: tx to master: info tasks_running 0
2019/11/22 19:44:50.11 #|1574451890.115495275|00#| work_queue_worker[1] wq: tx to master: info tasks_running 0
2019/11/22 19:44:50.11 #|1574451890.115579458|00#| work_queue_worker[1] wq: tx to master: available_results
2019/11/22 19:44:50.27 #|1574451890.277051112|00#| work_queue_worker[1] wq: rx from master: check
2019/11/22 19:44:50.27 #|1574451890.277172219|00#| work_queue_worker[1] wq: tx to master: alive
2019/11/22 19:44:50.27 #|1574451890.277499671|00#| work_queue_worker[1] wq: tx to master: info tasks_running 0
2019/11/22 19:44:50.79 #|1574451890.797535219|00#| work_queue_worker[1] wq: rx from master: send_results -1
2019/11/22 19:44:50.79 #|1574451890.797668463|00#| work_queue_worker[1] wq: tx to master: result 40 0 0 0 6
2019/11/22 19:44:50.79 #|1574451890.797897587|00#| work_queue_worker[1] wq: tx to master: info tasks_running 0
2019/11/22 19:44:50.79 #|1574451890.798176481|00#| work_queue_worker[1] wq: tx to master: end
2019/11/22 19:44:52.90 #|1574451892.900693053|00#| work_queue_worker[1] wq: rx from master: put file-0-f7c60c99710a0f95199d7cf4150bb754-test.fasta.3 10110 0644 1
2019/11/22 19:44:52.90 #|1574451892.901327097|00#| work_queue_worker[1] wq: Putting file file-0-f7c60c99710a0f95199d7cf4150bb754-test.fasta.3 into workspace
2019/11/22 19:44:52.90 #|1574451892.902121569|00#| work_queue_worker[1] wq: rx from master: task 17
2019/11/22 19:44:52.90 #|1574451892.902169412|00#| work_queue_worker[1] wq: rx from master: cmd 85
2019/11/22 19:44:52.90 #|1574451892.902199287|00#| work_queue_worker[1] wq: rx from master: ./blastall -p blastn -d nt/nt -i test.fasta.3 -o test.fasta.3.out 2> test.fasta.3.err
2019/11/22 19:44:52.90 #|1574451892.902223108|00#| work_queue_worker[1] wq: rx from master: category default
2019/11/22 19:44:52.90 #|1574451892.902248182|00#| work_queue_worker[1] wq: rx from master: cores 1
2019/11/22 19:44:52.90 #|1574451892.902274168|00#| work_queue_worker[1] wq: rx from master: memory 7749
2019/11/22 19:44:52.90 #|1574451892.902299874|00#| work_queue_worker[1] wq: rx from master: disk 179208
2019/11/22 19:44:52.90 #|1574451892.902325468|00#| work_queue_worker[1] wq: rx from master: gpus 0
2019/11/22 19:44:52.90 #|1574451892.902351986|00#| work_queue_worker[1] wq: rx from master: end_time 18446744073709551615
2019/11/22 19:44:52.90 #|1574451892.902379782|00#| work_queue_worker[1] wq: rx from master: wall_time 18446744073709551615
2019/11/22 19:44:52.90 #|1574451892.902405846|00#| work_queue_worker[1] wq: rx from master: env 7
2019/11/22 19:44:52.90 #|1574451892.902727163|00#| work_queue_worker[1] wq: rx from master: env 17
2019/11/22 19:44:52.90 #|1574451892.902790360|00#| work_queue_worker[1] wq: rx from master: infile file-0-25930e3036f13852cb0b29694bbab611-nt nt 1
2019/11/22 19:44:52.90 #|1574451892.902843756|00#| work_queue_worker[1] wq: rx from master: infile file-0-f7c60c99710a0f95199d7cf4150bb754-test.fasta.3 test.fasta.3 1
2019/11/22 19:44:52.90 #|1574451892.902889243|00#| work_queue_worker[1] wq: rx from master: infile file-0-daa9c57850b857b80eefebbca6aa18ce-blastall blastall 1
2019/11/22 19:44:52.90 #|1574451892.902939207|00#| work_queue_worker[1] wq: rx from master: outfile file-0-302dccbdb24a28605e16f14de1f6102d-test.fasta.3.err test.fasta.3.err 1
2019/11/22 19:44:52.90 #|1574451892.902991427|00#| work_queue_worker[1] wq: rx from master: outfile file-0-caef36134f56070ec9bbb5a29c17bfcb-test.fasta.3.out test.fasta.3.out 1
2019/11/22 19:44:52.90 #|1574451892.903052519|00#| work_queue_worker[1] wq: rx from master: end
2019/11/22 19:44:52.90 #|1574451892.903332997|00#| work_queue_worker[1] wq: linking cache/file-0-25930e3036f13852cb0b29694bbab611-nt to /tmp/worker-0-1/t.17/nt
2019/11/22 19:44:52.90 #|1574451892.904033928|00#| work_queue_worker[1] wq: linking cache/file-0-f7c60c99710a0f95199d7cf4150bb754-test.fasta.3 to /tmp/worker-0-1/t.17/test.fasta.3
2019/11/22 19:44:52.90 #|1574451892.904159285|00#| work_queue_worker[1] wq: linking cache/file-0-daa9c57850b857b80eefebbca6aa18ce-blastall to /tmp/worker-0-1/t.17/blastall
2019/11/22 19:44:52.90 #|1574451892.904675681|00#| work_queue_worker[1] wq: started process 9: ./blastall -p blastn -d nt/nt -i test.fasta.3 -o test.fasta.3.out 2> test.fasta.3.err
2019/11/22 19:44:52.90 #|1574451892.904817225|00#| work_queue_worker[1] wq: tx to master: info tasks_running 1
2019/11/22 19:45:12.15 #|1574451912.155557443|00#| work_queue_worker[1] wq: task 17 (pid 9) exited normally with exit code 0
2019/11/22 19:45:12.15 #|1574451912.155753128|00#| work_queue_worker[1] wq: moving output file from /tmp/worker-0-1/t.17/test.fasta.3.err to cache/file-0-302dccbdb24a28605e16f14de1f6102d-test.fasta.3.err
2019/11/22 19:45:12.15 #|1574451912.155859614|00#| work_queue_worker[1] wq: moving output file from /tmp/worker-0-1/t.17/test.fasta.3.out to cache/file-0-caef36134f56070ec9bbb5a29c17bfcb-test.fasta.3.out
2019/11/22 19:45:12.15 #|1574451912.156215455|00#| work_queue_worker[1] wq: tx to master: available_results
2019/11/22 19:45:12.61 #|1574451912.612431444|00#| work_queue_worker[1] wq: rx from master: send_results -1
2019/11/22 19:45:12.61 #|1574451912.612472083|00#| work_queue_worker[1] wq: tx to master: result 0 0 0 19251447 17
2019/11/22 19:45:12.61 #|1574451912.612528144|00#| work_queue_worker[1] wq: tx to master: info tasks_running 0
2019/11/22 19:45:12.61 #|1574451912.612577745|00#| work_queue_worker[1] wq: tx to master: end
2019/11/22 19:45:12.61 #|1574451912.613046367|00#| work_queue_worker[1] wq: rx from master: get file-0-302dccbdb24a28605e16f14de1f6102d-test.fasta.3.err 1
2019/11/22 19:45:12.61 #|1574451912.613088222|00#| work_queue_worker[1] wq: tx to master: file file-0-302dccbdb24a28605e16f14de1f6102d-test.fasta.3.err 0
2019/11/22 19:45:12.61 #|1574451912.613143884|00#| work_queue_worker[1] wq: tx to master: end
2019/11/22 19:45:12.61 #|1574451912.613587981|00#| work_queue_worker[1] wq: rx from master: get file-0-caef36134f56070ec9bbb5a29c17bfcb-test.fasta.3.out 1
2019/11/22 19:45:12.61 #|1574451912.613619591|00#| work_queue_worker[1] wq: tx to master: file file-0-caef36134f56070ec9bbb5a29c17bfcb-test.fasta.3.out 24326
2019/11/22 19:45:12.61 #|1574451912.613743752|00#| work_queue_worker[1] wq: tx to master: end
2019/11/22 19:45:12.61 #|1574451912.616636485|00#| work_queue_worker[1] wq: rx from master: kill 17
2019/11/22 19:45:12.62 #|1574451912.623037148|00#| work_queue_worker[1] wq: rx from master: put file-0-3c684903ad7beb0f07c70d32ce209cf3-test.fasta.9 10111 0644 1
2019/11/22 19:45:12.62 #|1574451912.623091805|00#| work_queue_worker[1] wq: Putting file file-0-3c684903ad7beb0f07c70d32ce209cf3-test.fasta.9 into workspace
2019/11/22 19:45:12.62 #|1574451912.624218584|00#| work_queue_worker[1] wq: rx from master: task 11
2019/11/22 19:45:12.62 #|1574451912.624251128|00#| work_queue_worker[1] wq: rx from master: cmd 85
2019/11/22 19:45:12.62 #|1574451912.624270529|00#| work_queue_worker[1] wq: rx from master: ./blastall -p blastn -d nt/nt -i test.fasta.9 -o test.fasta.9.out 2> test.fasta.9.err
2019/11/22 19:45:12.62 #|1574451912.624285216|00#| work_queue_worker[1] wq: rx from master: category default
2019/11/22 19:45:12.62 #|1574451912.624301347|00#| work_queue_worker[1] wq: rx from master: cores 1
2019/11/22 19:45:12.62 #|1574451912.624317686|00#| work_queue_worker[1] wq: rx from master: memory 7749
2019/11/22 19:45:12.62 #|1574451912.624333520|00#| work_queue_worker[1] wq: rx from master: disk 179208
2019/11/22 19:45:12.62 #|1574451912.624353370|00#| work_queue_worker[1] wq: rx from master: gpus 0
2019/11/22 19:45:12.62 #|1574451912.624370781|00#| work_queue_worker[1] wq: rx from master: end_time 18446744073709551615
2019/11/22 19:45:12.62 #|1574451912.624388112|00#| work_queue_worker[1] wq: rx from master: wall_time 18446744073709551615
2019/11/22 19:45:12.62 #|1574451912.624404586|00#| work_queue_worker[1] wq: rx from master: env 7
2019/11/22 19:45:12.62 #|1574451912.624428838|00#| work_queue_worker[1] wq: rx from master: env 17
2019/11/22 19:45:12.62 #|1574451912.624454517|00#| work_queue_worker[1] wq: rx from master: infile file-0-25930e3036f13852cb0b29694bbab611-nt nt 1
2019/11/22 19:45:12.62 #|1574451912.624491501|00#| work_queue_worker[1] wq: rx from master: infile file-0-3c684903ad7beb0f07c70d32ce209cf3-test.fasta.9 test.fasta.9 1
2019/11/22 19:45:12.62 #|1574451912.625164763|00#| work_queue_worker[1] wq: rx from master: infile file-0-daa9c57850b857b80eefebbca6aa18ce-blastall blastall 1
2019/11/22 19:45:12.62 #|1574451912.625195344|00#| work_queue_worker[1] wq: rx from master: outfile file-0-8b8651ac4a310c9b2b1cb06061c67223-test.fasta.9.err test.fasta.9.err 1
2019/11/22 19:45:12.62 #|1574451912.625222512|00#| work_queue_worker[1] wq: rx from master: outfile file-0-8c8215651ccf820f581014d2a05d1c97-test.fasta.9.out test.fasta.9.out 1
2019/11/22 19:45:12.62 #|1574451912.625247729|00#| work_queue_worker[1] wq: rx from master: end
2019/11/22 19:45:12.62 #|1574451912.625417973|00#| work_queue_worker[1] wq: linking cache/file-0-25930e3036f13852cb0b29694bbab611-nt to /tmp/worker-0-1/t.11/nt
2019/11/22 19:45:12.62 #|1574451912.625781428|00#| work_queue_worker[1] wq: linking cache/file-0-3c684903ad7beb0f07c70d32ce209cf3-test.fasta.9 to /tmp/worker-0-1/t.11/test.fasta.9
2019/11/22 19:45:12.62 #|1574451912.625853184|00#| work_queue_worker[1] wq: linking cache/file-0-daa9c57850b857b80eefebbca6aa18ce-blastall to /tmp/worker-0-1/t.11/blastall
2019/11/22 19:45:12.62 #|1574451912.626074868|00#| work_queue_worker[1] wq: started process 11: ./blastall -p blastn -d nt/nt -i test.fasta.9 -o test.fasta.9.out 2> test.fasta.9.err
2019/11/22 19:45:12.62 #|1574451912.626123460|00#| work_queue_worker[1] wq: tx to master: info tasks_running 1
2019/11/22 19:45:32.42 #|1574451932.425554064|00#| work_queue_worker[1] wq: task 11 (pid 11) exited normally with exit code 0
2019/11/22 19:45:32.42 #|1574451932.425726670|00#| work_queue_worker[1] wq: moving output file from /tmp/worker-0-1/t.11/test.fasta.9.err to cache/file-0-8b8651ac4a310c9b2b1cb06061c67223-test.fasta.9.err
2019/11/22 19:45:32.42 #|1574451932.425823661|00#| work_queue_worker[1] wq: moving output file from /tmp/worker-0-1/t.11/test.fasta.9.out to cache/file-0-8c8215651ccf820f581014d2a05d1c97-test.fasta.9.out
2019/11/22 19:45:32.42 #|1574451932.426194080|00#| work_queue_worker[1] wq: tx to master: available_results
2019/11/22 19:45:32.42 #|1574451932.426727099|00#| work_queue_worker[1] wq: rx from master: send_results -1
2019/11/22 19:45:32.42 #|1574451932.426757927|00#| work_queue_worker[1] wq: tx to master: result 0 0 0 19799797 11
2019/11/22 19:45:32.42 #|1574451932.426804808|00#| work_queue_worker[1] wq: tx to master: info tasks_running 0
2019/11/22 19:45:32.42 #|1574451932.426851924|00#| work_queue_worker[1] wq: tx to master: end
2019/11/22 19:45:32.42 #|1574451932.427359208|00#| work_queue_worker[1] wq: rx from master: get file-0-8b8651ac4a310c9b2b1cb06061c67223-test.fasta.9.err 1
2019/11/22 19:45:32.42 #|1574451932.427451600|00#| work_queue_worker[1] wq: tx to master: file file-0-8b8651ac4a310c9b2b1cb06061c67223-test.fasta.9.err 0
2019/11/22 19:45:32.42 #|1574451932.427507931|00#| work_queue_worker[1] wq: tx to master: end
2019/11/22 19:45:32.42 #|1574451932.428038537|00#| work_queue_worker[1] wq: rx from master: get file-0-8c8215651ccf820f581014d2a05d1c97-test.fasta.9.out 1
2019/11/22 19:45:32.42 #|1574451932.428071111|00#| work_queue_worker[1] wq: tx to master: file file-0-8c8215651ccf820f581014d2a05d1c97-test.fasta.9.out 38743
2019/11/22 19:45:32.42 #|1574451932.428248946|00#| work_queue_worker[1] wq: tx to master: end
2019/11/22 19:45:32.43 #|1574451932.432333166|00#| work_queue_worker[1] wq: rx from master: kill 11
2019/11/22 19:45:32.43 #|1574451932.432953525|00#| work_queue_worker[1] wq: rx from master: put file-0-fc9a4f7caa888a46e12e2e1209ae754c-test.fasta.5 10110 0644 1
2019/11/22 19:45:32.43 #|1574451932.432989578|00#| work_queue_worker[1] wq: Putting file file-0-fc9a4f7caa888a46e12e2e1209ae754c-test.fasta.5 into workspace
2019/11/22 19:45:32.43 #|1574451932.434183184|00#| work_queue_worker[1] wq: rx from master: task 15
2019/11/22 19:45:32.43 #|1574451932.434219500|00#| work_queue_worker[1] wq: rx from master: cmd 85
2019/11/22 19:45:32.43 #|1574451932.434235855|00#| work_queue_worker[1] wq: rx from master: ./blastall -p blastn -d nt/nt -i test.fasta.5 -o test.fasta.5.out 2> test.fasta.5.err
2019/11/22 19:45:32.43 #|1574451932.434247951|00#| work_queue_worker[1] wq: rx from master: category default
2019/11/22 19:45:32.43 #|1574451932.434267182|00#| work_queue_worker[1] wq: rx from master: cores 1
2019/11/22 19:45:32.43 #|1574451932.434280957|00#| work_queue_worker[1] wq: rx from master: memory 7749
2019/11/22 19:45:32.43 #|1574451932.434294123|00#| work_queue_worker[1] wq: rx from master: disk 179208
2019/11/22 19:45:32.43 #|1574451932.434306967|00#| work_queue_worker[1] wq: rx from master: gpus 0
2019/11/22 19:45:32.43 #|1574451932.434320273|00#| work_queue_worker[1] wq: rx from master: end_time 18446744073709551615
2019/11/22 19:45:32.43 #|1574451932.434334782|00#| work_queue_worker[1] wq: rx from master: wall_time 18446744073709551615
2019/11/22 19:45:32.43 #|1574451932.434348202|00#| work_queue_worker[1] wq: rx from master: env 7
2019/11/22 19:45:32.43 #|1574451932.434364411|00#| work_queue_worker[1] wq: rx from master: env 17
2019/11/22 19:45:32.43 #|1574451932.434379627|00#| work_queue_worker[1] wq: rx from master: infile file-0-25930e3036f13852cb0b29694bbab611-nt nt 1
2019/11/22 19:45:32.43 #|1574451932.434409071|00#| work_queue_worker[1] wq: rx from master: infile file-0-fc9a4f7caa888a46e12e2e1209ae754c-test.fasta.5 test.fasta.5 1
2019/11/22 19:45:32.43 #|1574451932.434432072|00#| work_queue_worker[1] wq: rx from master: infile file-0-daa9c57850b857b80eefebbca6aa18ce-blastall blastall 1
2019/11/22 19:45:32.43 #|1574451932.434453711|00#| work_queue_worker[1] wq: rx from master: outfile file-0-a828eb0064de4217d91adefe024593ea-test.fasta.5.err test.fasta.5.err 1
2019/11/22 19:45:32.43 #|1574451932.434476642|00#| work_queue_worker[1] wq: rx from master: outfile file-0-fbd2f53190114c61134d5302430022bd-test.fasta.5.out test.fasta.5.out 1
2019/11/22 19:45:32.43 #|1574451932.434497972|00#| work_queue_worker[1] wq: rx from master: end
2019/11/22 19:45:32.43 #|1574451932.434640129|00#| work_queue_worker[1] wq: linking cache/file-0-25930e3036f13852cb0b29694bbab611-nt to /tmp/worker-0-1/t.15/nt
2019/11/22 19:45:32.43 #|1574451932.434964454|00#| work_queue_worker[1] wq: linking cache/file-0-fc9a4f7caa888a46e12e2e1209ae754c-test.fasta.5 to /tmp/worker-0-1/t.15/test.fasta.5
2019/11/22 19:45:32.43 #|1574451932.435009130|00#| work_queue_worker[1] wq: linking cache/file-0-daa9c57850b857b80eefebbca6aa18ce-blastall to /tmp/worker-0-1/t.15/blastall
2019/11/22 19:45:32.43 #|1574451932.435224190|00#| work_queue_worker[1] wq: started process 13: ./blastall -p blastn -d nt/nt -i test.fasta.5 -o test.fasta.5.out 2> test.fasta.5.err
2019/11/22 19:45:32.43 #|1574451932.435267479|00#| work_queue_worker[1] wq: tx to master: info tasks_running 1
2019/11/22 19:45:51.65 #|1574451951.653680766|00#| work_queue_worker[1] wq: task 15 (pid 13) exited normally with exit code 0
2019/11/22 19:45:51.65 #|1574451951.653725849|00#| work_queue_worker[1] wq: moving output file from /tmp/worker-0-1/t.15/test.fasta.5.err to cache/file-0-a828eb0064de4217d91adefe024593ea-test.fasta.5.err
2019/11/22 19:45:51.65 #|1574451951.653794525|00#| work_queue_worker[1] wq: moving output file from /tmp/worker-0-1/t.15/test.fasta.5.out to cache/file-0-fbd2f53190114c61134d5302430022bd-test.fasta.5.out
2019/11/22 19:45:51.65 #|1574451951.653889764|00#| work_queue_worker[1] wq: tx to master: available_results
2019/11/22 19:45:51.74 #|1574451951.742510882|00#| work_queue_worker[1] wq: rx from master: send_results -1
2019/11/22 19:45:51.74 #|1574451951.742554304|00#| work_queue_worker[1] wq: tx to master: result 0 0 0 19218648 15
2019/11/22 19:45:51.74 #|1574451951.742613622|00#| work_queue_worker[1] wq: tx to master: info tasks_running 0
2019/11/22 19:45:51.74 #|1574451951.742664152|00#| work_queue_worker[1] wq: tx to master: end
2019/11/22 19:45:51.74 #|1574451951.746767063|00#| work_queue_worker[1] wq: rx from master: get file-0-a828eb0064de4217d91adefe024593ea-test.fasta.5.err 1
2019/11/22 19:45:51.74 #|1574451951.746833287|00#| work_queue_worker[1] wq: tx to master: file file-0-a828eb0064de4217d91adefe024593ea-test.fasta.5.err 0
2019/11/22 19:45:51.74 #|1574451951.746900532|00#| work_queue_worker[1] wq: tx to master: end
2019/11/22 19:45:51.74 #|1574451951.747489051|00#| work_queue_worker[1] wq: rx from master: get file-0-fbd2f53190114c61134d5302430022bd-test.fasta.5.out 1
2019/11/22 19:45:51.74 #|1574451951.747524154|00#| work_queue_worker[1] wq: tx to master: file file-0-fbd2f53190114c61134d5302430022bd-test.fasta.5.out 26060
2019/11/22 19:45:51.74 #|1574451951.747671980|00#| work_queue_worker[1] wq: tx to master: end
2019/11/22 19:45:51.75 #|1574451951.750501564|00#| work_queue_worker[1] wq: rx from master: kill 15
2019/11/22 19:45:51.75 #|1574451951.752362115|00#| work_queue_worker[1] wq: rx from master: put file-0-c6fe59e7bc34ad592758fbf1affd35b3-test.fasta.6 10110 0644 1
2019/11/22 19:45:51.75 #|1574451951.752425895|00#| work_queue_worker[1] wq: Putting file file-0-c6fe59e7bc34ad592758fbf1affd35b3-test.fasta.6 into workspace
2019/11/22 19:45:51.75 #|1574451951.753297151|00#| work_queue_worker[1] wq: rx from master: task 14
2019/11/22 19:45:51.75 #|1574451951.753356171|00#| work_queue_worker[1] wq: rx from master: cmd 85
2019/11/22 19:45:51.75 #|1574451951.753392542|00#| work_queue_worker[1] wq: rx from master: ./blastall -p blastn -d nt/nt -i test.fasta.6 -o test.fasta.6.out 2> test.fasta.6.err
2019/11/22 19:45:51.75 #|1574451951.753409764|00#| work_queue_worker[1] wq: rx from master: category default
2019/11/22 19:45:51.75 #|1574451951.753424553|00#| work_queue_worker[1] wq: rx from master: cores 1
2019/11/22 19:45:51.75 #|1574451951.753439644|00#| work_queue_worker[1] wq: rx from master: memory 7749
2019/11/22 19:45:51.75 #|1574451951.753454980|00#| work_queue_worker[1] wq: rx from master: disk 179208
2019/11/22 19:45:51.75 #|1574451951.753470674|00#| work_queue_worker[1] wq: rx from master: gpus 0
2019/11/22 19:45:51.75 #|1574451951.753502607|00#| work_queue_worker[1] wq: rx from master: end_time 18446744073709551615
2019/11/22 19:45:51.75 #|1574451951.753522079|00#| work_queue_worker[1] wq: rx from master: wall_time 18446744073709551615
2019/11/22 19:45:51.75 #|1574451951.753538436|00#| work_queue_worker[1] wq: rx from master: env 7
2019/11/22 19:45:51.75 #|1574451951.753557119|00#| work_queue_worker[1] wq: rx from master: env 17
2019/11/22 19:45:51.75 #|1574451951.753576059|00#| work_queue_worker[1] wq: rx from master: infile file-0-25930e3036f13852cb0b29694bbab611-nt nt 1
2019/11/22 19:45:51.75 #|1574451951.753607251|00#| work_queue_worker[1] wq: rx from master: infile file-0-c6fe59e7bc34ad592758fbf1affd35b3-test.fasta.6 test.fasta.6 1
2019/11/22 19:45:51.75 #|1574451951.753633111|00#| work_queue_worker[1] wq: rx from master: infile file-0-daa9c57850b857b80eefebbca6aa18ce-blastall blastall 1
2019/11/22 19:45:51.75 #|1574451951.753658002|00#| work_queue_worker[1] wq: rx from master: outfile file-0-bd9fd21e69318adb97979b465eda0063-test.fasta.6.err test.fasta.6.err 1
2019/11/22 19:45:51.75 #|1574451951.753684068|00#| work_queue_worker[1] wq: rx from master: outfile file-0-a7dc44bc794b29fe719284fc40dc98e9-test.fasta.6.out test.fasta.6.out 1
2019/11/22 19:45:51.75 #|1574451951.753708992|00#| work_queue_worker[1] wq: rx from master: end
2019/11/22 19:45:51.75 #|1574451951.753851999|00#| work_queue_worker[1] wq: linking cache/file-0-25930e3036f13852cb0b29694bbab611-nt to /tmp/worker-0-1/t.14/nt
2019/11/22 19:45:51.75 #|1574451951.754236713|00#| work_queue_worker[1] wq: linking cache/file-0-c6fe59e7bc34ad592758fbf1affd35b3-test.fasta.6 to /tmp/worker-0-1/t.14/test.fasta.6
2019/11/22 19:45:51.75 #|1574451951.754322048|00#| work_queue_worker[1] wq: linking cache/file-0-daa9c57850b857b80eefebbca6aa18ce-blastall to /tmp/worker-0-1/t.14/blastall
2019/11/22 19:45:51.75 #|1574451951.754547445|00#| work_queue_worker[1] wq: started process 15: ./blastall -p blastn -d nt/nt -i test.fasta.6 -o test.fasta.6.out 2> test.fasta.6.err
2019/11/22 19:45:51.75 #|1574451951.754604082|00#| work_queue_worker[1] wq: tx to master: info tasks_running 1
2019/11/22 19:46:06.35 #|1574451966.351644919|00#| work_queue_worker[1] wq: task 14 (pid 15) exited normally with exit code 0
2019/11/22 19:46:06.35 #|1574451966.351683654|00#| work_queue_worker[1] wq: moving output file from /tmp/worker-0-1/t.14/test.fasta.6.err to cache/file-0-bd9fd21e69318adb97979b465eda0063-test.fasta.6.err
2019/11/22 19:46:06.35 #|1574451966.351747306|00#| work_queue_worker[1] wq: moving output file from /tmp/worker-0-1/t.14/test.fasta.6.out to cache/file-0-a7dc44bc794b29fe719284fc40dc98e9-test.fasta.6.out
2019/11/22 19:46:06.35 #|1574451966.352046312|00#| work_queue_worker[1] wq: tx to master: available_results
2019/11/22 19:46:06.35 #|1574451966.352559024|00#| work_queue_worker[1] wq: rx from master: send_results -1
2019/11/22 19:46:06.35 #|1574451966.352593054|00#| work_queue_worker[1] wq: tx to master: result 0 0 0 14597274 14
2019/11/22 19:46:06.35 #|1574451966.352645662|00#| work_queue_worker[1] wq: tx to master: info tasks_running 0
2019/11/22 19:46:06.35 #|1574451966.352684283|00#| work_queue_worker[1] wq: tx to master: end
2019/11/22 19:46:06.35 #|1574451966.353177493|00#| work_queue_worker[1] wq: rx from master: get file-0-bd9fd21e69318adb97979b465eda0063-test.fasta.6.err 1
2019/11/22 19:46:06.35 #|1574451966.353216344|00#| work_queue_worker[1] wq: tx to master: file file-0-bd9fd21e69318adb97979b465eda0063-test.fasta.6.err 0
2019/11/22 19:46:06.35 #|1574451966.353271230|00#| work_queue_worker[1] wq: tx to master: end
2019/11/22 19:46:06.35 #|1574451966.353757467|00#| work_queue_worker[1] wq: rx from master: get file-0-a7dc44bc794b29fe719284fc40dc98e9-test.fasta.6.out 1
2019/11/22 19:46:06.35 #|1574451966.353792354|00#| work_queue_worker[1] wq: tx to master: file file-0-a7dc44bc794b29fe719284fc40dc98e9-test.fasta.6.out 43688
2019/11/22 19:46:06.35 #|1574451966.353954732|00#| work_queue_worker[1] wq: tx to master: end
2019/11/22 19:46:06.35 #|1574451966.358586026|00#| work_queue_worker[1] wq: rx from master: kill 14
2019/11/22 19:46:08.11 #|1574451968.116430427|00#| work_queue_worker[1] wq: rx from master: release
2019/11/22 19:46:08.11 #|1574451968.116568004|00#| work_queue_worker[1] wq: released by master 10.0.102.2:1026.
2019/11/22 19:46:08.11 #|1574451968.116654749|00#| work_queue_worker[1] wq: cleaning workspace /tmp/worker-0-1
2019/11/22 19:46:08.33 #|1574451968.331743022|00#| work_queue_worker[1] wq: disconnecting from master 10.0.102.2:1026
2019/11/22 19:46:08.33 #|1574451968.331826182|00#| work_queue_worker[1] tcp: disconnected from 10.0.102.2 port 1026
2019/11/22 19:46:08.33 #|1574451968.331838217|00#| work_queue_worker[1] wq: killing all outstanding tasks
2019/11/22 19:46:08.33 #|1574451968.331864464|00#| work_queue_worker[1] wq: all data structures are clean
2019/11/22 19:46:09.33 #|1574451969.331955547|00#| work_queue_worker[1] dns: looking up name master
2019/11/22 19:46:09.33 #|1574451969.333542925|00#| work_queue_worker[1] dns: couldn't look up master: Name or service not known
