2019/11/22 19:27:57.63 #|1574450877.639185874|00#| work_queue_worker[1] debug: /root/cctools/bin/work_queue_worker version 8.0.0 DEVELOPMENT (released 2019-11-14 15:35:16 +0000)
2019/11/22 19:27:57.63 #|1574450877.639223140|00#| work_queue_worker[1] debug: Built by root@7e9ecba79f43 on 2019-11-14 15:35:16 +0000
2019/11/22 19:27:57.63 #|1574450877.639232971|00#| work_queue_worker[1] debug: System: Linux 7e9ecba79f43 5.0.0-32-generic #34~18.04.2-Ubuntu SMP Thu Oct 10 10:36:02 UTC 2019 x86_64 x86_64 x86_64 GNU/Linux
2019/11/22 19:27:57.63 #|1574450877.639241446|00#| work_queue_worker[1] debug: Configuration: --prefix /root/cctools
2019/11/22 19:27:57.63 #|1574450877.639415463|00#| work_queue_worker[1] wq: WORK_QUEUE_SANDBOX set to /tmp/worker-0-1.
2019/11/22 19:27:57.63 #|1574450877.639918065|00#| work_queue_worker[1] debug: error reading disk usage on directory: ./cache.
2019/11/22 19:27:57.63 #|1574450877.639948316|00#| work_queue_worker[1] dns: looking up name master
2019/11/22 19:27:57.64 #|1574450877.640628768|00#| work_queue_worker[1] dns: master is 10.0.102.2
2019/11/22 19:27:57.64 #|1574450877.640662175|00#| work_queue_worker[1] tcp: connecting to 10.0.102.2 port 1026
2019/11/22 19:27:58.65 #|1574450878.650792152|00#| work_queue_worker[1] tcp: made connection to 10.0.102.2 port 1026
2019/11/22 19:27:58.65 #|1574450878.650830784|00#| work_queue_worker[1] wq: connected to master master:1026 via local address 10.0.102.16:46380
2019/11/22 19:27:58.65 #|1574450878.650840975|00#| work_queue_worker[1] wq: preparing workspace /tmp/worker-0-1
2019/11/22 19:27:58.65 #|1574450878.650976489|00#| work_queue_worker[1] dns: looking up name 979bbbb5ab96
2019/11/22 19:27:58.65 #|1574450878.651033402|00#| work_queue_worker[1] dns: 979bbbb5ab96 is 10.0.102.16
2019/11/22 19:27:58.65 #|1574450878.651045833|00#| work_queue_worker[1] dns: looking up addr 10.0.102.16
2019/11/22 19:27:58.65 #|1574450878.651072501|00#| work_queue_worker[1] dns: 10.0.102.16 is 979bbbb5ab96
2019/11/22 19:27:58.65 #|1574450878.651082862|00#| work_queue_worker[1] dns: finding my hostname: uname = 979bbbb5ab96, address = 10.0.102.16, hostname = 979bbbb5ab96
2019/11/22 19:27:58.65 #|1574450878.651095995|00#| work_queue_worker[1] wq: tx to master: workqueue 8 979bbbb5ab96 Linux x86_64 8.0.0
2019/11/22 19:27:58.65 #|1574450878.651154149|00#| work_queue_worker[1] wq: tx to master: info worker-id worker-fada429563ee4be547fdb690bff140a8
2019/11/22 19:27:58.65 #|1574450878.651196464|00#| work_queue_worker[1] wq: tx to master: alive
2019/11/22 19:27:58.65 #|1574450878.651233550|00#| work_queue_worker[1] wq: Sending resource description to master:
2019/11/22 19:27:58.65 #|1574450878.651245634|00#| work_queue_worker[1] wq:  workers      0 inuse      1 total      1 smallest      1 largest
2019/11/22 19:27:58.65 #|1574450878.651280321|00#| work_queue_worker[1] wq:     disk      0 inuse   2388 total   2388 smallest   2388 largest
2019/11/22 19:27:58.65 #|1574450878.651317325|00#| work_queue_worker[1] wq:   memory      0 inuse  11908 total  11908 smallest  11908 largest
2019/11/22 19:27:58.65 #|1574450878.651354726|00#| work_queue_worker[1] wq:     gpus      0 inuse      0 total      0 smallest      0 largest
2019/11/22 19:27:58.65 #|1574450878.651391364|00#| work_queue_worker[1] wq:    cores      0 inuse      1 total      1 smallest      1 largest
2019/11/22 19:27:58.65 #|1574450878.651446179|00#| work_queue_worker[1] wq: tx to master: info end_of_resource_update 0
2019/11/22 19:27:58.65 #|1574450878.651483033|00#| work_queue_worker[1] wq: tx to master: info tasks_running 0
2019/11/22 19:27:58.65 #|1574450878.651498415|00#| work_queue_worker[1] wq: working for master at 10.0.102.2:1026.
2019/11/22 19:29:45.30 #|1574450985.306707951|00#| work_queue_worker[1] wq: Failed to read from master.
2019/11/22 19:29:45.30 #|1574450985.306756309|00#| work_queue_worker[1] wq: cleaning workspace /tmp/worker-0-1
2019/11/22 19:29:45.30 #|1574450985.306972603|00#| work_queue_worker[1] wq: disconnecting from master 10.0.102.2:1026
2019/11/22 19:29:45.30 #|1574450985.307003293|00#| work_queue_worker[1] tcp: disconnected from 10.0.102.2 port 1026
2019/11/22 19:29:45.30 #|1574450985.307037666|00#| work_queue_worker[1] wq: killing all outstanding tasks
2019/11/22 19:29:45.30 #|1574450985.307053813|00#| work_queue_worker[1] wq: all data structures are clean
2019/11/22 19:29:51.30 #|1574450991.307536505|00#| work_queue_worker[1] debug: error reading disk usage on directory: ./cache.
2019/11/22 19:29:51.30 #|1574450991.307581112|00#| work_queue_worker[1] tcp: connecting to 10.0.102.2 port 1026
2019/11/22 19:29:51.30 #|1574450991.307729252|00#| work_queue_worker[1] tcp: made connection to 10.0.102.2 port 1026
2019/11/22 19:29:51.30 #|1574450991.307782435|00#| work_queue_worker[1] wq: connected to master master:1026 via local address 10.0.102.16:46410
2019/11/22 19:29:51.30 #|1574450991.307800298|00#| work_queue_worker[1] wq: preparing workspace /tmp/worker-0-1
2019/11/22 19:29:51.30 #|1574450991.307926855|00#| work_queue_worker[1] dns: finding my hostname: uname = 979bbbb5ab96, address = 10.0.102.16, hostname = 979bbbb5ab96
2019/11/22 19:29:51.30 #|1574450991.307948796|00#| work_queue_worker[1] wq: tx to master: workqueue 8 979bbbb5ab96 Linux x86_64 8.0.0
2019/11/22 19:29:51.30 #|1574450991.308057021|00#| work_queue_worker[1] wq: tx to master: info worker-id worker-fada429563ee4be547fdb690bff140a8
2019/11/22 19:29:51.30 #|1574450991.308133402|00#| work_queue_worker[1] wq: tx to master: alive
2019/11/22 19:29:51.30 #|1574450991.308213639|00#| work_queue_worker[1] wq: Sending resource description to master:
2019/11/22 19:29:51.30 #|1574450991.308273897|00#| work_queue_worker[1] wq:  workers      0 inuse      1 total      1 smallest      1 largest
2019/11/22 19:29:51.30 #|1574450991.308357244|00#| work_queue_worker[1] wq:     disk      0 inuse   2388 total   2388 smallest   2388 largest
2019/11/22 19:29:51.30 #|1574450991.308434866|00#| work_queue_worker[1] wq:   memory      0 inuse  11908 total  11908 smallest  11908 largest
2019/11/22 19:29:51.30 #|1574450991.308534609|00#| work_queue_worker[1] wq:     gpus      0 inuse      0 total      0 smallest      0 largest
2019/11/22 19:29:51.30 #|1574450991.308614756|00#| work_queue_worker[1] wq:    cores      0 inuse      1 total      1 smallest      1 largest
2019/11/22 19:29:51.30 #|1574450991.308775465|00#| work_queue_worker[1] wq: tx to master: info end_of_resource_update 0
2019/11/22 19:29:51.30 #|1574450991.308830543|00#| work_queue_worker[1] wq: tx to master: info tasks_running 0
2019/11/22 19:29:51.30 #|1574450991.308878051|00#| work_queue_worker[1] wq: working for master at 10.0.102.2:1026.
2019/11/22 19:35:51.78 #|1574451351.784934296|00#| work_queue_worker[1] wq: rx from master: put file-0-25930e3036f13852cb0b29694bbab611-nt/taxdb.bti 14920392 0644 1
2019/11/22 19:35:51.78 #|1574451351.785029045|00#| work_queue_worker[1] wq: Putting file file-0-25930e3036f13852cb0b29694bbab611-nt/taxdb.bti into workspace
2019/11/22 19:35:51.81 #|1574451351.812364701|00#| work_queue_worker[1] wq: rx from master: put file-0-25930e3036f13852cb0b29694bbab611-nt/nt.nal 752 0644 1
2019/11/22 19:35:51.81 #|1574451351.812411996|00#| work_queue_worker[1] wq: Putting file file-0-25930e3036f13852cb0b29694bbab611-nt/nt.nal into workspace
2019/11/22 19:35:51.81 #|1574451351.812515539|00#| work_queue_worker[1] wq: rx from master: put file-0-25930e3036f13852cb0b29694bbab611-nt/nt.44.nni 27220 0644 1
2019/11/22 19:35:51.81 #|1574451351.812537764|00#| work_queue_worker[1] wq: Putting file file-0-25930e3036f13852cb0b29694bbab611-nt/nt.44.nni into workspace
2019/11/22 19:35:51.81 #|1574451351.812634489|00#| work_queue_worker[1] wq: rx from master: put file-0-25930e3036f13852cb0b29694bbab611-nt/nt.44.nog 3378248 0644 1
2019/11/22 19:35:51.81 #|1574451351.812657806|00#| work_queue_worker[1] wq: Putting file file-0-25930e3036f13852cb0b29694bbab611-nt/nt.44.nog into workspace
2019/11/22 19:35:51.81 #|1574451351.817037606|00#| work_queue_worker[1] wq: rx from master: put file-0-25930e3036f13852cb0b29694bbab611-nt/taxdb.btd 141628361 0644 1
2019/11/22 19:35:51.81 #|1574451351.817080394|00#| work_queue_worker[1] wq: Putting file file-0-25930e3036f13852cb0b29694bbab611-nt/taxdb.btd into workspace
2019/11/22 19:35:52.02 #|1574451352.26791680|00#| work_queue_worker[1] wq: rx from master: put file-0-25930e3036f13852cb0b29694bbab611-nt/nt.44.nhr 148534336 0644 1
2019/11/22 19:35:52.02 #|1574451352.26835931|00#| work_queue_worker[1] wq: Putting file file-0-25930e3036f13852cb0b29694bbab611-nt/nt.44.nhr into workspace
2019/11/22 19:35:52.25 #|1574451352.252408796|00#| work_queue_worker[1] wq: rx from master: put file-0-25930e3036f13852cb0b29694bbab611-nt/nt.44.nhi 338004 0644 1
2019/11/22 19:35:52.25 #|1574451352.252453344|00#| work_queue_worker[1] wq: Putting file file-0-25930e3036f13852cb0b29694bbab611-nt/nt.44.nhi into workspace
2019/11/22 19:35:52.25 #|1574451352.253123641|00#| work_queue_worker[1] wq: rx from master: put file-0-25930e3036f13852cb0b29694bbab611-nt/nt.44.nnd 6955488 0644 1
2019/11/22 19:35:52.25 #|1574451352.253149200|00#| work_queue_worker[1] wq: Putting file file-0-25930e3036f13852cb0b29694bbab611-nt/nt.44.nnd into workspace
2019/11/22 19:35:52.26 #|1574451352.263728257|00#| work_queue_worker[1] wq: rx from master: put file-0-25930e3036f13852cb0b29694bbab611-nt/nt.44.nhd 14869748 0644 1
2019/11/22 19:35:52.26 #|1574451352.263792078|00#| work_queue_worker[1] wq: Putting file file-0-25930e3036f13852cb0b29694bbab611-nt/nt.44.nhd into workspace
2019/11/22 19:35:52.28 #|1574451352.286269685|00#| work_queue_worker[1] wq: rx from master: put file-0-25930e3036f13852cb0b29694bbab611-nt/nt.44.nsq 974099786 0644 1
2019/11/22 19:35:52.28 #|1574451352.286323287|00#| work_queue_worker[1] wq: Putting file file-0-25930e3036f13852cb0b29694bbab611-nt/nt.44.nsq into workspace
2019/11/22 19:35:52.28 #|1574451352.286338063|00#| work_queue_worker[1] debug: File of size 928 MB will lower available disk space (879 MB) below threshold (0 MB).
2019/11/22 19:35:52.28 #|1574451352.286347076|00#| work_queue_worker[1] wq: Could not put file file-0-25930e3036f13852cb0b29694bbab611-nt/nt.44.nsq, not enough disk space (974099786 bytes needed)
2019/11/22 19:35:52.28 #|1574451352.286359283|00#| work_queue_worker[1] wq: cleaning workspace /tmp/worker-0-1
2019/11/22 19:35:52.34 #|1574451352.343834847|00#| work_queue_worker[1] wq: disconnecting from master 10.0.102.2:1026
2019/11/22 19:35:52.34 #|1574451352.344034457|00#| work_queue_worker[1] tcp: disconnected from 10.0.102.2 port 1026
2019/11/22 19:35:52.34 #|1574451352.344054190|00#| work_queue_worker[1] wq: killing all outstanding tasks
2019/11/22 19:35:52.34 #|1574451352.344069836|00#| work_queue_worker[1] wq: all data structures are clean
2019/11/22 19:35:58.34 #|1574451358.344516252|00#| work_queue_worker[1] debug: error reading disk usage on directory: ./cache.
2019/11/22 19:35:58.34 #|1574451358.344552398|00#| work_queue_worker[1] dns: looking up name master
2019/11/22 19:35:58.34 #|1574451358.344891206|00#| work_queue_worker[1] dns: master is 10.0.102.2
2019/11/22 19:35:58.34 #|1574451358.344923934|00#| work_queue_worker[1] tcp: connecting to 10.0.102.2 port 1026
2019/11/22 19:35:58.34 #|1574451358.345095139|00#| work_queue_worker[1] tcp: made connection to 10.0.102.2 port 1026
2019/11/22 19:35:58.34 #|1574451358.345113541|00#| work_queue_worker[1] wq: connected to master master:1026 via local address 10.0.102.16:46488
2019/11/22 19:35:58.34 #|1574451358.345122871|00#| work_queue_worker[1] wq: preparing workspace /tmp/worker-0-1
2019/11/22 19:35:58.34 #|1574451358.345235972|00#| work_queue_worker[1] dns: looking up name 979bbbb5ab96
2019/11/22 19:35:58.34 #|1574451358.345268186|00#| work_queue_worker[1] dns: 979bbbb5ab96 is 10.0.102.16
2019/11/22 19:35:58.34 #|1574451358.345279268|00#| work_queue_worker[1] dns: looking up addr 10.0.102.16
2019/11/22 19:35:58.34 #|1574451358.345299160|00#| work_queue_worker[1] dns: 10.0.102.16 is 979bbbb5ab96
2019/11/22 19:35:58.34 #|1574451358.345308417|00#| work_queue_worker[1] dns: finding my hostname: uname = 979bbbb5ab96, address = 10.0.102.16, hostname = 979bbbb5ab96
2019/11/22 19:35:58.34 #|1574451358.345318253|00#| work_queue_worker[1] wq: tx to master: workqueue 8 979bbbb5ab96 Linux x86_64 8.0.0
2019/11/22 19:35:58.34 #|1574451358.345394280|00#| work_queue_worker[1] wq: tx to master: info worker-id worker-fada429563ee4be547fdb690bff140a8
2019/11/22 19:35:58.34 #|1574451358.345447347|00#| work_queue_worker[1] wq: tx to master: alive
2019/11/22 19:35:58.34 #|1574451358.345495111|00#| work_queue_worker[1] wq: Sending resource description to master:
2019/11/22 19:35:58.34 #|1574451358.345507110|00#| work_queue_worker[1] wq:  workers      0 inuse      1 total      1 smallest      1 largest
2019/11/22 19:35:58.34 #|1574451358.345553626|00#| work_queue_worker[1] wq:     disk      0 inuse   1095 total   1095 smallest   1095 largest
2019/11/22 19:35:58.34 #|1574451358.345602024|00#| work_queue_worker[1] wq:   memory      0 inuse  11908 total  11908 smallest  11908 largest
2019/11/22 19:35:58.34 #|1574451358.345650670|00#| work_queue_worker[1] wq:     gpus      0 inuse      0 total      0 smallest      0 largest
2019/11/22 19:35:58.34 #|1574451358.345699244|00#| work_queue_worker[1] wq:    cores      0 inuse      1 total      1 smallest      1 largest
2019/11/22 19:35:58.34 #|1574451358.345776044|00#| work_queue_worker[1] wq: tx to master: info end_of_resource_update 0
2019/11/22 19:35:58.34 #|1574451358.345824395|00#| work_queue_worker[1] wq: tx to master: info tasks_running 0
2019/11/22 19:35:58.34 #|1574451358.345876568|00#| work_queue_worker[1] wq: working for master at 10.0.102.2:1026.
2019/11/22 19:35:58.34 #|1574451358.347862304|00#| work_queue_worker[1] wq: rx from master: put file-0-25930e3036f13852cb0b29694bbab611-nt/taxdb.bti 14920392 0644 1
2019/11/22 19:35:58.34 #|1574451358.347906183|00#| work_queue_worker[1] wq: Putting file file-0-25930e3036f13852cb0b29694bbab611-nt/taxdb.bti into workspace
2019/11/22 19:35:58.36 #|1574451358.368954408|00#| work_queue_worker[1] wq: rx from master: put file-0-25930e3036f13852cb0b29694bbab611-nt/nt.nal 752 0644 1
2019/11/22 19:35:58.36 #|1574451358.368998334|00#| work_queue_worker[1] wq: Putting file file-0-25930e3036f13852cb0b29694bbab611-nt/nt.nal into workspace
2019/11/22 19:35:58.36 #|1574451358.369088829|00#| work_queue_worker[1] wq: rx from master: put file-0-25930e3036f13852cb0b29694bbab611-nt/nt.44.nni 27220 0644 1
2019/11/22 19:35:58.36 #|1574451358.369110403|00#| work_queue_worker[1] wq: Putting file file-0-25930e3036f13852cb0b29694bbab611-nt/nt.44.nni into workspace
2019/11/22 19:35:58.36 #|1574451358.369209226|00#| work_queue_worker[1] wq: rx from master: put file-0-25930e3036f13852cb0b29694bbab611-nt/nt.44.nog 3378248 0644 1
2019/11/22 19:35:58.36 #|1574451358.369232530|00#| work_queue_worker[1] wq: Putting file file-0-25930e3036f13852cb0b29694bbab611-nt/nt.44.nog into workspace
2019/11/22 19:35:58.37 #|1574451358.373989612|00#| work_queue_worker[1] wq: rx from master: put file-0-25930e3036f13852cb0b29694bbab611-nt/taxdb.btd 141628361 0644 1
2019/11/22 19:35:58.37 #|1574451358.374032308|00#| work_queue_worker[1] wq: Putting file file-0-25930e3036f13852cb0b29694bbab611-nt/taxdb.btd into workspace
2019/11/22 19:35:58.55 #|1574451358.558255146|00#| work_queue_worker[1] wq: rx from master: put file-0-25930e3036f13852cb0b29694bbab611-nt/nt.44.nhr 148534336 0644 1
2019/11/22 19:35:58.55 #|1574451358.558302263|00#| work_queue_worker[1] wq: Putting file file-0-25930e3036f13852cb0b29694bbab611-nt/nt.44.nhr into workspace
2019/11/22 19:35:58.74 #|1574451358.749985846|00#| work_queue_worker[1] wq: rx from master: put file-0-25930e3036f13852cb0b29694bbab611-nt/nt.44.nhi 338004 0644 1
2019/11/22 19:35:58.75 #|1574451358.750033396|00#| work_queue_worker[1] wq: Putting file file-0-25930e3036f13852cb0b29694bbab611-nt/nt.44.nhi into workspace
2019/11/22 19:35:58.75 #|1574451358.750623063|00#| work_queue_worker[1] wq: rx from master: put file-0-25930e3036f13852cb0b29694bbab611-nt/nt.44.nnd 6955488 0644 1
2019/11/22 19:35:58.75 #|1574451358.750647859|00#| work_queue_worker[1] wq: Putting file file-0-25930e3036f13852cb0b29694bbab611-nt/nt.44.nnd into workspace
2019/11/22 19:35:58.75 #|1574451358.759629768|00#| work_queue_worker[1] wq: rx from master: put file-0-25930e3036f13852cb0b29694bbab611-nt/nt.44.nhd 14869748 0644 1
2019/11/22 19:35:58.75 #|1574451358.759678215|00#| work_queue_worker[1] wq: Putting file file-0-25930e3036f13852cb0b29694bbab611-nt/nt.44.nhd into workspace
2019/11/22 19:35:58.77 #|1574451358.778790856|00#| work_queue_worker[1] wq: rx from master: put file-0-25930e3036f13852cb0b29694bbab611-nt/nt.44.nsq 974099786 0644 1
2019/11/22 19:35:58.77 #|1574451358.778834719|00#| work_queue_worker[1] wq: Putting file file-0-25930e3036f13852cb0b29694bbab611-nt/nt.44.nsq into workspace
2019/11/22 19:35:58.77 #|1574451358.778848544|00#| work_queue_worker[1] debug: File of size 928 MB will lower available disk space (879 MB) below threshold (0 MB).
2019/11/22 19:35:58.77 #|1574451358.778857423|00#| work_queue_worker[1] wq: Could not put file file-0-25930e3036f13852cb0b29694bbab611-nt/nt.44.nsq, not enough disk space (974099786 bytes needed)
2019/11/22 19:35:58.77 #|1574451358.778868977|00#| work_queue_worker[1] wq: cleaning workspace /tmp/worker-0-1
2019/11/22 19:35:58.83 #|1574451358.835864972|00#| work_queue_worker[1] wq: disconnecting from master 10.0.102.2:1026
2019/11/22 19:35:58.83 #|1574451358.836029968|00#| work_queue_worker[1] tcp: disconnected from 10.0.102.2 port 1026
2019/11/22 19:35:58.83 #|1574451358.836046525|00#| work_queue_worker[1] wq: killing all outstanding tasks
2019/11/22 19:35:58.83 #|1574451358.836057219|00#| work_queue_worker[1] wq: all data structures are clean
2019/11/22 19:36:04.83 #|1574451364.836518908|00#| work_queue_worker[1] debug: error reading disk usage on directory: ./cache.
2019/11/22 19:36:04.83 #|1574451364.836581199|00#| work_queue_worker[1] tcp: connecting to 10.0.102.2 port 1026
2019/11/22 19:36:04.83 #|1574451364.836807819|00#| work_queue_worker[1] tcp: made connection to 10.0.102.2 port 1026
2019/11/22 19:36:04.83 #|1574451364.836832872|00#| work_queue_worker[1] wq: connected to master master:1026 via local address 10.0.102.16:46502
2019/11/22 19:36:04.83 #|1574451364.836846610|00#| work_queue_worker[1] wq: preparing workspace /tmp/worker-0-1
2019/11/22 19:36:04.83 #|1574451364.836992885|00#| work_queue_worker[1] dns: finding my hostname: uname = 979bbbb5ab96, address = 10.0.102.16, hostname = 979bbbb5ab96
2019/11/22 19:36:04.83 #|1574451364.837010560|00#| work_queue_worker[1] wq: tx to master: workqueue 8 979bbbb5ab96 Linux x86_64 8.0.0
2019/11/22 19:36:04.83 #|1574451364.837089124|00#| work_queue_worker[1] wq: tx to master: info worker-id worker-fada429563ee4be547fdb690bff140a8
2019/11/22 19:36:04.83 #|1574451364.837158754|00#| work_queue_worker[1] wq: tx to master: alive
2019/11/22 19:36:04.83 #|1574451364.837223359|00#| work_queue_worker[1] wq: Sending resource description to master:
2019/11/22 19:36:04.83 #|1574451364.837239666|00#| work_queue_worker[1] wq:  workers      0 inuse      1 total      1 smallest      1 largest
2019/11/22 19:36:04.83 #|1574451364.837303220|00#| work_queue_worker[1] wq:     disk      0 inuse   1095 total   1095 smallest   1095 largest
2019/11/22 19:36:04.83 #|1574451364.837368778|00#| work_queue_worker[1] wq:   memory      0 inuse  11908 total  11908 smallest  11908 largest
2019/11/22 19:36:04.83 #|1574451364.837440576|00#| work_queue_worker[1] wq:     gpus      0 inuse      0 total      0 smallest      0 largest
2019/11/22 19:36:04.83 #|1574451364.837514811|00#| work_queue_worker[1] wq:    cores      0 inuse      1 total      1 smallest      1 largest
2019/11/22 19:36:04.83 #|1574451364.837633094|00#| work_queue_worker[1] wq: tx to master: info end_of_resource_update 0
2019/11/22 19:36:04.83 #|1574451364.837706946|00#| work_queue_worker[1] wq: tx to master: info tasks_running 0
2019/11/22 19:36:04.83 #|1574451364.837778881|00#| work_queue_worker[1] wq: working for master at 10.0.102.2:1026.
2019/11/22 19:36:04.83 #|1574451364.839467618|00#| work_queue_worker[1] wq: rx from master: put file-0-25930e3036f13852cb0b29694bbab611-nt/taxdb.bti 14920392 0644 1
2019/11/22 19:36:04.83 #|1574451364.839511673|00#| work_queue_worker[1] wq: Putting file file-0-25930e3036f13852cb0b29694bbab611-nt/taxdb.bti into workspace
2019/11/22 19:36:04.87 #|1574451364.872787331|00#| work_queue_worker[1] wq: rx from master: put file-0-25930e3036f13852cb0b29694bbab611-nt/nt.nal 752 0644 1
2019/11/22 19:36:04.87 #|1574451364.872830950|00#| work_queue_worker[1] wq: Putting file file-0-25930e3036f13852cb0b29694bbab611-nt/nt.nal into workspace
2019/11/22 19:36:04.87 #|1574451364.872926572|00#| work_queue_worker[1] wq: rx from master: put file-0-25930e3036f13852cb0b29694bbab611-nt/nt.44.nni 27220 0644 1
2019/11/22 19:36:04.87 #|1574451364.872948316|00#| work_queue_worker[1] wq: Putting file file-0-25930e3036f13852cb0b29694bbab611-nt/nt.44.nni into workspace
2019/11/22 19:36:04.87 #|1574451364.873121157|00#| work_queue_worker[1] wq: rx from master: put file-0-25930e3036f13852cb0b29694bbab611-nt/nt.44.nog 3378248 0644 1
2019/11/22 19:36:04.87 #|1574451364.873147845|00#| work_queue_worker[1] wq: Putting file file-0-25930e3036f13852cb0b29694bbab611-nt/nt.44.nog into workspace
2019/11/22 19:36:04.87 #|1574451364.878468555|00#| work_queue_worker[1] wq: rx from master: put file-0-25930e3036f13852cb0b29694bbab611-nt/taxdb.btd 141628361 0644 1
2019/11/22 19:36:04.87 #|1574451364.878542706|00#| work_queue_worker[1] wq: Putting file file-0-25930e3036f13852cb0b29694bbab611-nt/taxdb.btd into workspace
2019/11/22 19:36:05.09 #|1574451365.95337226|00#| work_queue_worker[1] wq: rx from master: put file-0-25930e3036f13852cb0b29694bbab611-nt/nt.44.nhr 148534336 0644 1
2019/11/22 19:36:05.09 #|1574451365.95405479|00#| work_queue_worker[1] wq: Putting file file-0-25930e3036f13852cb0b29694bbab611-nt/nt.44.nhr into workspace
2019/11/22 19:36:05.31 #|1574451365.319556832|00#| work_queue_worker[1] wq: rx from master: put file-0-25930e3036f13852cb0b29694bbab611-nt/nt.44.nhi 338004 0644 1
2019/11/22 19:36:05.31 #|1574451365.319623431|00#| work_queue_worker[1] wq: Putting file file-0-25930e3036f13852cb0b29694bbab611-nt/nt.44.nhi into workspace
2019/11/22 19:36:05.32 #|1574451365.320201509|00#| work_queue_worker[1] wq: rx from master: put file-0-25930e3036f13852cb0b29694bbab611-nt/nt.44.nnd 6955488 0644 1
2019/11/22 19:36:05.32 #|1574451365.320226654|00#| work_queue_worker[1] wq: Putting file file-0-25930e3036f13852cb0b29694bbab611-nt/nt.44.nnd into workspace
2019/11/22 19:36:05.33 #|1574451365.330831592|00#| work_queue_worker[1] wq: rx from master: put file-0-25930e3036f13852cb0b29694bbab611-nt/nt.44.nhd 14869748 0644 1
2019/11/22 19:36:05.33 #|1574451365.330874464|00#| work_queue_worker[1] wq: Putting file file-0-25930e3036f13852cb0b29694bbab611-nt/nt.44.nhd into workspace
2019/11/22 19:36:05.35 #|1574451365.353499292|00#| work_queue_worker[1] wq: rx from master: put file-0-25930e3036f13852cb0b29694bbab611-nt/nt.44.nsq 974099786 0644 1
2019/11/22 19:36:05.35 #|1574451365.353544493|00#| work_queue_worker[1] wq: Putting file file-0-25930e3036f13852cb0b29694bbab611-nt/nt.44.nsq into workspace
2019/11/22 19:36:05.35 #|1574451365.353558833|00#| work_queue_worker[1] debug: File of size 928 MB will lower available disk space (879 MB) below threshold (0 MB).
2019/11/22 19:36:05.35 #|1574451365.353567830|00#| work_queue_worker[1] wq: Could not put file file-0-25930e3036f13852cb0b29694bbab611-nt/nt.44.nsq, not enough disk space (974099786 bytes needed)
2019/11/22 19:36:05.35 #|1574451365.353579509|00#| work_queue_worker[1] wq: cleaning workspace /tmp/worker-0-1
2019/11/22 19:36:05.41 #|1574451365.411503636|00#| work_queue_worker[1] wq: disconnecting from master 10.0.102.2:1026
2019/11/22 19:36:05.41 #|1574451365.411698309|00#| work_queue_worker[1] tcp: disconnected from 10.0.102.2 port 1026
2019/11/22 19:36:05.41 #|1574451365.411717572|00#| work_queue_worker[1] wq: killing all outstanding tasks
2019/11/22 19:36:05.41 #|1574451365.411733336|00#| work_queue_worker[1] wq: all data structures are clean
2019/11/22 19:36:11.41 #|1574451371.412202485|00#| work_queue_worker[1] debug: error reading disk usage on directory: ./cache.
2019/11/22 19:36:11.41 #|1574451371.412254588|00#| work_queue_worker[1] tcp: connecting to 10.0.102.2 port 1026
2019/11/22 19:36:11.41 #|1574451371.412449492|00#| work_queue_worker[1] tcp: made connection to 10.0.102.2 port 1026
2019/11/22 19:36:11.41 #|1574451371.412491642|00#| work_queue_worker[1] wq: connected to master master:1026 via local address 10.0.102.16:46516
2019/11/22 19:36:11.41 #|1574451371.412506419|00#| work_queue_worker[1] wq: preparing workspace /tmp/worker-0-1
2019/11/22 19:36:11.41 #|1574451371.412652976|00#| work_queue_worker[1] dns: finding my hostname: uname = 979bbbb5ab96, address = 10.0.102.16, hostname = 979bbbb5ab96
2019/11/22 19:36:11.41 #|1574451371.412670995|00#| work_queue_worker[1] wq: tx to master: workqueue 8 979bbbb5ab96 Linux x86_64 8.0.0
2019/11/22 19:36:11.41 #|1574451371.412754699|00#| work_queue_worker[1] wq: tx to master: info worker-id worker-fada429563ee4be547fdb690bff140a8
2019/11/22 19:36:11.41 #|1574451371.412827475|00#| work_queue_worker[1] wq: tx to master: alive
2019/11/22 19:36:11.41 #|1574451371.412903787|00#| work_queue_worker[1] wq: Sending resource description to master:
2019/11/22 19:36:11.41 #|1574451371.412919160|00#| work_queue_worker[1] wq:  workers      0 inuse      1 total      1 smallest      1 largest
2019/11/22 19:36:11.41 #|1574451371.412992832|00#| work_queue_worker[1] wq:     disk      0 inuse   1094 total   1094 smallest   1094 largest
2019/11/22 19:36:11.41 #|1574451371.413065278|00#| work_queue_worker[1] wq:   memory      0 inuse  11908 total  11908 smallest  11908 largest
2019/11/22 19:36:11.41 #|1574451371.413134585|00#| work_queue_worker[1] wq:     gpus      0 inuse      0 total      0 smallest      0 largest
2019/11/22 19:36:11.41 #|1574451371.413203172|00#| work_queue_worker[1] wq:    cores      0 inuse      1 total      1 smallest      1 largest
2019/11/22 19:36:11.41 #|1574451371.413321475|00#| work_queue_worker[1] wq: tx to master: info end_of_resource_update 0
2019/11/22 19:36:11.41 #|1574451371.413394269|00#| work_queue_worker[1] wq: tx to master: info tasks_running 0
2019/11/22 19:36:11.41 #|1574451371.413463444|00#| work_queue_worker[1] wq: working for master at 10.0.102.2:1026.
2019/11/22 19:36:11.41 #|1574451371.415299077|00#| work_queue_worker[1] wq: rx from master: put file-0-25930e3036f13852cb0b29694bbab611-nt/taxdb.bti 14920392 0644 1
2019/11/22 19:36:11.41 #|1574451371.415346226|00#| work_queue_worker[1] wq: Putting file file-0-25930e3036f13852cb0b29694bbab611-nt/taxdb.bti into workspace
2019/11/22 19:36:11.44 #|1574451371.446593346|00#| work_queue_worker[1] wq: rx from master: put file-0-25930e3036f13852cb0b29694bbab611-nt/nt.nal 752 0644 1
2019/11/22 19:36:11.44 #|1574451371.446657588|00#| work_queue_worker[1] wq: Putting file file-0-25930e3036f13852cb0b29694bbab611-nt/nt.nal into workspace
2019/11/22 19:36:11.44 #|1574451371.446784132|00#| work_queue_worker[1] wq: rx from master: put file-0-25930e3036f13852cb0b29694bbab611-nt/nt.44.nni 27220 0644 1
2019/11/22 19:36:11.44 #|1574451371.446808352|00#| work_queue_worker[1] wq: Putting file file-0-25930e3036f13852cb0b29694bbab611-nt/nt.44.nni into workspace
2019/11/22 19:36:11.44 #|1574451371.446984471|00#| work_queue_worker[1] wq: rx from master: put file-0-25930e3036f13852cb0b29694bbab611-nt/nt.44.nog 3378248 0644 1
2019/11/22 19:36:11.44 #|1574451371.447011763|00#| work_queue_worker[1] wq: Putting file file-0-25930e3036f13852cb0b29694bbab611-nt/nt.44.nog into workspace
2019/11/22 19:36:11.45 #|1574451371.452376954|00#| work_queue_worker[1] wq: rx from master: put file-0-25930e3036f13852cb0b29694bbab611-nt/taxdb.btd 141628361 0644 1
2019/11/22 19:36:11.45 #|1574451371.452420308|00#| work_queue_worker[1] wq: Putting file file-0-25930e3036f13852cb0b29694bbab611-nt/taxdb.btd into workspace
2019/11/22 19:36:11.66 #|1574451371.667259623|00#| work_queue_worker[1] wq: rx from master: put file-0-25930e3036f13852cb0b29694bbab611-nt/nt.44.nhr 148534336 0644 1
2019/11/22 19:36:11.66 #|1574451371.667304325|00#| work_queue_worker[1] wq: Putting file file-0-25930e3036f13852cb0b29694bbab611-nt/nt.44.nhr into workspace
2019/11/22 19:36:11.89 #|1574451371.890775511|00#| work_queue_worker[1] wq: rx from master: put file-0-25930e3036f13852cb0b29694bbab611-nt/nt.44.nhi 338004 0644 1
2019/11/22 19:36:11.89 #|1574451371.890833752|00#| work_queue_worker[1] wq: Putting file file-0-25930e3036f13852cb0b29694bbab611-nt/nt.44.nhi into workspace
2019/11/22 19:36:11.89 #|1574451371.891362942|00#| work_queue_worker[1] wq: rx from master: put file-0-25930e3036f13852cb0b29694bbab611-nt/nt.44.nnd 6955488 0644 1
2019/11/22 19:36:11.89 #|1574451371.891387368|00#| work_queue_worker[1] wq: Putting file file-0-25930e3036f13852cb0b29694bbab611-nt/nt.44.nnd into workspace
2019/11/22 19:36:11.90 #|1574451371.901980158|00#| work_queue_worker[1] wq: rx from master: put file-0-25930e3036f13852cb0b29694bbab611-nt/nt.44.nhd 14869748 0644 1
2019/11/22 19:36:11.90 #|1574451371.902032972|00#| work_queue_worker[1] wq: Putting file file-0-25930e3036f13852cb0b29694bbab611-nt/nt.44.nhd into workspace
2019/11/22 19:36:11.92 #|1574451371.924445903|00#| work_queue_worker[1] wq: rx from master: put file-0-25930e3036f13852cb0b29694bbab611-nt/nt.44.nsq 974099786 0644 1
2019/11/22 19:36:11.92 #|1574451371.924514813|00#| work_queue_worker[1] wq: Putting file file-0-25930e3036f13852cb0b29694bbab611-nt/nt.44.nsq into workspace
2019/11/22 19:36:11.92 #|1574451371.924545585|00#| work_queue_worker[1] debug: File of size 928 MB will lower available disk space (879 MB) below threshold (0 MB).
2019/11/22 19:36:11.92 #|1574451371.924563471|00#| work_queue_worker[1] wq: Could not put file file-0-25930e3036f13852cb0b29694bbab611-nt/nt.44.nsq, not enough disk space (974099786 bytes needed)
2019/11/22 19:36:11.92 #|1574451371.924586116|00#| work_queue_worker[1] wq: cleaning workspace /tmp/worker-0-1
2019/11/22 19:36:11.98 #|1574451371.981511049|00#| work_queue_worker[1] wq: disconnecting from master 10.0.102.2:1026
2019/11/22 19:36:11.98 #|1574451371.981709719|00#| work_queue_worker[1] tcp: disconnected from 10.0.102.2 port 1026
2019/11/22 19:36:11.98 #|1574451371.981729017|00#| work_queue_worker[1] wq: killing all outstanding tasks
2019/11/22 19:36:11.98 #|1574451371.981744576|00#| work_queue_worker[1] wq: all data structures are clean
2019/11/22 19:36:17.98 #|1574451377.982215147|00#| work_queue_worker[1] debug: error reading disk usage on directory: ./cache.
2019/11/22 19:36:17.98 #|1574451377.982268474|00#| work_queue_worker[1] tcp: connecting to 10.0.102.2 port 1026
2019/11/22 19:36:17.98 #|1574451377.982457832|00#| work_queue_worker[1] tcp: made connection to 10.0.102.2 port 1026
2019/11/22 19:36:17.98 #|1574451377.982476463|00#| work_queue_worker[1] wq: connected to master master:1026 via local address 10.0.102.16:46528
2019/11/22 19:36:17.98 #|1574451377.982485725|00#| work_queue_worker[1] wq: preparing workspace /tmp/worker-0-1
2019/11/22 19:36:17.98 #|1574451377.982618608|00#| work_queue_worker[1] dns: finding my hostname: uname = 979bbbb5ab96, address = 10.0.102.16, hostname = 979bbbb5ab96
2019/11/22 19:36:17.98 #|1574451377.982633183|00#| work_queue_worker[1] wq: tx to master: workqueue 8 979bbbb5ab96 Linux x86_64 8.0.0
2019/11/22 19:36:17.98 #|1574451377.982696775|00#| work_queue_worker[1] wq: tx to master: info worker-id worker-fada429563ee4be547fdb690bff140a8
2019/11/22 19:36:17.98 #|1574451377.982750277|00#| work_queue_worker[1] wq: tx to master: alive
2019/11/22 19:36:17.98 #|1574451377.982799113|00#| work_queue_worker[1] wq: Sending resource description to master:
2019/11/22 19:36:17.98 #|1574451377.982811215|00#| work_queue_worker[1] wq:  workers      0 inuse      1 total      1 smallest      1 largest
2019/11/22 19:36:17.98 #|1574451377.982857370|00#| work_queue_worker[1] wq:     disk      0 inuse   1094 total   1094 smallest   1094 largest
2019/11/22 19:36:17.98 #|1574451377.982906270|00#| work_queue_worker[1] wq:   memory      0 inuse  11908 total  11908 smallest  11908 largest
2019/11/22 19:36:17.98 #|1574451377.982954501|00#| work_queue_worker[1] wq:     gpus      0 inuse      0 total      0 smallest      0 largest
2019/11/22 19:36:17.98 #|1574451377.983002426|00#| work_queue_worker[1] wq:    cores      0 inuse      1 total      1 smallest      1 largest
2019/11/22 19:36:17.98 #|1574451377.983079260|00#| work_queue_worker[1] wq: tx to master: info end_of_resource_update 0
2019/11/22 19:36:17.98 #|1574451377.983143549|00#| work_queue_worker[1] wq: tx to master: info tasks_running 0
2019/11/22 19:36:17.98 #|1574451377.983192544|00#| work_queue_worker[1] wq: working for master at 10.0.102.2:1026.
2019/11/22 19:36:17.98 #|1574451377.984451812|00#| work_queue_worker[1] wq: rx from master: put file-0-25930e3036f13852cb0b29694bbab611-nt/taxdb.bti 14920392 0644 1
2019/11/22 19:36:17.98 #|1574451377.984491883|00#| work_queue_worker[1] wq: Putting file file-0-25930e3036f13852cb0b29694bbab611-nt/taxdb.bti into workspace
2019/11/22 19:36:18.00 #|1574451378.4779155|00#| work_queue_worker[1] wq: rx from master: put file-0-25930e3036f13852cb0b29694bbab611-nt/nt.nal 752 0644 1
2019/11/22 19:36:18.00 #|1574451378.4823420|00#| work_queue_worker[1] wq: Putting file file-0-25930e3036f13852cb0b29694bbab611-nt/nt.nal into workspace
2019/11/22 19:36:18.00 #|1574451378.4913301|00#| work_queue_worker[1] wq: rx from master: put file-0-25930e3036f13852cb0b29694bbab611-nt/nt.44.nni 27220 0644 1
2019/11/22 19:36:18.00 #|1574451378.4934694|00#| work_queue_worker[1] wq: Putting file file-0-25930e3036f13852cb0b29694bbab611-nt/nt.44.nni into workspace
2019/11/22 19:36:18.00 #|1574451378.5065966|00#| work_queue_worker[1] wq: rx from master: put file-0-25930e3036f13852cb0b29694bbab611-nt/nt.44.nog 3378248 0644 1
2019/11/22 19:36:18.00 #|1574451378.5090183|00#| work_queue_worker[1] wq: Putting file file-0-25930e3036f13852cb0b29694bbab611-nt/nt.44.nog into workspace
2019/11/22 19:36:18.00 #|1574451378.9858002|00#| work_queue_worker[1] wq: rx from master: put file-0-25930e3036f13852cb0b29694bbab611-nt/taxdb.btd 141628361 0644 1
2019/11/22 19:36:18.00 #|1574451378.9901391|00#| work_queue_worker[1] wq: Putting file file-0-25930e3036f13852cb0b29694bbab611-nt/taxdb.btd into workspace
2019/11/22 19:36:18.19 #|1574451378.193769459|00#| work_queue_worker[1] wq: rx from master: put file-0-25930e3036f13852cb0b29694bbab611-nt/nt.44.nhr 148534336 0644 1
2019/11/22 19:36:18.19 #|1574451378.193814540|00#| work_queue_worker[1] wq: Putting file file-0-25930e3036f13852cb0b29694bbab611-nt/nt.44.nhr into workspace
2019/11/22 19:36:18.38 #|1574451378.385729007|00#| work_queue_worker[1] wq: rx from master: put file-0-25930e3036f13852cb0b29694bbab611-nt/nt.44.nhi 338004 0644 1
2019/11/22 19:36:18.38 #|1574451378.385774120|00#| work_queue_worker[1] wq: Putting file file-0-25930e3036f13852cb0b29694bbab611-nt/nt.44.nhi into workspace
2019/11/22 19:36:18.38 #|1574451378.386303197|00#| work_queue_worker[1] wq: rx from master: put file-0-25930e3036f13852cb0b29694bbab611-nt/nt.44.nnd 6955488 0644 1
2019/11/22 19:36:18.38 #|1574451378.386327180|00#| work_queue_worker[1] wq: Putting file file-0-25930e3036f13852cb0b29694bbab611-nt/nt.44.nnd into workspace
2019/11/22 19:36:18.39 #|1574451378.395397661|00#| work_queue_worker[1] wq: rx from master: put file-0-25930e3036f13852cb0b29694bbab611-nt/nt.44.nhd 14869748 0644 1
2019/11/22 19:36:18.39 #|1574451378.395440473|00#| work_queue_worker[1] wq: Putting file file-0-25930e3036f13852cb0b29694bbab611-nt/nt.44.nhd into workspace
2019/11/22 19:36:18.41 #|1574451378.414634130|00#| work_queue_worker[1] wq: rx from master: put file-0-25930e3036f13852cb0b29694bbab611-nt/nt.44.nsq 974099786 0644 1
2019/11/22 19:36:18.41 #|1574451378.414678784|00#| work_queue_worker[1] wq: Putting file file-0-25930e3036f13852cb0b29694bbab611-nt/nt.44.nsq into workspace
2019/11/22 19:36:18.41 #|1574451378.414692731|00#| work_queue_worker[1] debug: File of size 928 MB will lower available disk space (879 MB) below threshold (0 MB).
2019/11/22 19:36:18.41 #|1574451378.414701428|00#| work_queue_worker[1] wq: Could not put file file-0-25930e3036f13852cb0b29694bbab611-nt/nt.44.nsq, not enough disk space (974099786 bytes needed)
2019/11/22 19:36:18.41 #|1574451378.414713191|00#| work_queue_worker[1] wq: cleaning workspace /tmp/worker-0-1
2019/11/22 19:36:18.47 #|1574451378.471986401|00#| work_queue_worker[1] wq: disconnecting from master 10.0.102.2:1026
2019/11/22 19:36:18.47 #|1574451378.472184531|00#| work_queue_worker[1] tcp: disconnected from 10.0.102.2 port 1026
2019/11/22 19:36:18.47 #|1574451378.472199312|00#| work_queue_worker[1] wq: killing all outstanding tasks
2019/11/22 19:36:18.47 #|1574451378.472210253|00#| work_queue_worker[1] wq: all data structures are clean
2019/11/22 19:36:24.47 #|1574451384.472678822|00#| work_queue_worker[1] debug: error reading disk usage on directory: ./cache.
2019/11/22 19:36:24.47 #|1574451384.472730925|00#| work_queue_worker[1] tcp: connecting to 10.0.102.2 port 1026
2019/11/22 19:36:24.47 #|1574451384.472921299|00#| work_queue_worker[1] tcp: made connection to 10.0.102.2 port 1026
2019/11/22 19:36:24.47 #|1574451384.472940149|00#| work_queue_worker[1] wq: connected to master master:1026 via local address 10.0.102.16:46542
2019/11/22 19:36:24.47 #|1574451384.472949948|00#| work_queue_worker[1] wq: preparing workspace /tmp/worker-0-1
2019/11/22 19:36:24.47 #|1574451384.473065406|00#| work_queue_worker[1] dns: finding my hostname: uname = 979bbbb5ab96, address = 10.0.102.16, hostname = 979bbbb5ab96
2019/11/22 19:36:24.47 #|1574451384.473078998|00#| work_queue_worker[1] wq: tx to master: workqueue 8 979bbbb5ab96 Linux x86_64 8.0.0
2019/11/22 19:36:24.47 #|1574451384.473142487|00#| work_queue_worker[1] wq: tx to master: info worker-id worker-fada429563ee4be547fdb690bff140a8
2019/11/22 19:36:24.47 #|1574451384.473196299|00#| work_queue_worker[1] wq: tx to master: alive
2019/11/22 19:36:24.47 #|1574451384.473245841|00#| work_queue_worker[1] wq: Sending resource description to master:
2019/11/22 19:36:24.47 #|1574451384.473258454|00#| work_queue_worker[1] wq:  workers      0 inuse      1 total      1 smallest      1 largest
2019/11/22 19:36:24.47 #|1574451384.473307423|00#| work_queue_worker[1] wq:     disk      0 inuse   1094 total   1094 smallest   1094 largest
2019/11/22 19:36:24.47 #|1574451384.473357721|00#| work_queue_worker[1] wq:   memory      0 inuse  11908 total  11908 smallest  11908 largest
2019/11/22 19:36:24.47 #|1574451384.473407310|00#| work_queue_worker[1] wq:     gpus      0 inuse      0 total      0 smallest      0 largest
2019/11/22 19:36:24.47 #|1574451384.473456328|00#| work_queue_worker[1] wq:    cores      0 inuse      1 total      1 smallest      1 largest
2019/11/22 19:36:24.47 #|1574451384.473533482|00#| work_queue_worker[1] wq: tx to master: info end_of_resource_update 0
2019/11/22 19:36:24.47 #|1574451384.473582693|00#| work_queue_worker[1] wq: tx to master: info tasks_running 0
2019/11/22 19:36:24.47 #|1574451384.473631160|00#| work_queue_worker[1] wq: working for master at 10.0.102.2:1026.
2019/11/22 19:36:24.47 #|1574451384.474794787|00#| work_queue_worker[1] wq: rx from master: put file-0-25930e3036f13852cb0b29694bbab611-nt/taxdb.bti 14920392 0644 1
2019/11/22 19:36:24.47 #|1574451384.474837037|00#| work_queue_worker[1] wq: Putting file file-0-25930e3036f13852cb0b29694bbab611-nt/taxdb.bti into workspace
2019/11/22 19:36:24.49 #|1574451384.499030571|00#| work_queue_worker[1] wq: rx from master: put file-0-25930e3036f13852cb0b29694bbab611-nt/nt.nal 752 0644 1
2019/11/22 19:36:24.49 #|1574451384.499077783|00#| work_queue_worker[1] wq: Putting file file-0-25930e3036f13852cb0b29694bbab611-nt/nt.nal into workspace
2019/11/22 19:36:24.49 #|1574451384.499174765|00#| work_queue_worker[1] wq: rx from master: put file-0-25930e3036f13852cb0b29694bbab611-nt/nt.44.nni 27220 0644 1
2019/11/22 19:36:24.49 #|1574451384.499196430|00#| work_queue_worker[1] wq: Putting file file-0-25930e3036f13852cb0b29694bbab611-nt/nt.44.nni into workspace
2019/11/22 19:36:24.49 #|1574451384.499413575|00#| work_queue_worker[1] wq: rx from master: put file-0-25930e3036f13852cb0b29694bbab611-nt/nt.44.nog 3378248 0644 1
2019/11/22 19:36:24.49 #|1574451384.499441408|00#| work_queue_worker[1] wq: Putting file file-0-25930e3036f13852cb0b29694bbab611-nt/nt.44.nog into workspace
2019/11/22 19:36:24.50 #|1574451384.504628212|00#| work_queue_worker[1] wq: rx from master: put file-0-25930e3036f13852cb0b29694bbab611-nt/taxdb.btd 141628361 0644 1
2019/11/22 19:36:24.50 #|1574451384.504680020|00#| work_queue_worker[1] wq: Putting file file-0-25930e3036f13852cb0b29694bbab611-nt/taxdb.btd into workspace
2019/11/22 19:36:24.69 #|1574451384.690574185|00#| work_queue_worker[1] wq: rx from master: put file-0-25930e3036f13852cb0b29694bbab611-nt/nt.44.nhr 148534336 0644 1
2019/11/22 19:36:24.69 #|1574451384.690623603|00#| work_queue_worker[1] wq: Putting file file-0-25930e3036f13852cb0b29694bbab611-nt/nt.44.nhr into workspace
2019/11/22 19:36:24.88 #|1574451384.882952731|00#| work_queue_worker[1] wq: rx from master: put file-0-25930e3036f13852cb0b29694bbab611-nt/nt.44.nhi 338004 0644 1
2019/11/22 19:36:24.88 #|1574451384.882997428|00#| work_queue_worker[1] wq: Putting file file-0-25930e3036f13852cb0b29694bbab611-nt/nt.44.nhi into workspace
2019/11/22 19:36:24.88 #|1574451384.883633493|00#| work_queue_worker[1] wq: rx from master: put file-0-25930e3036f13852cb0b29694bbab611-nt/nt.44.nnd 6955488 0644 1
2019/11/22 19:36:24.88 #|1574451384.883657600|00#| work_queue_worker[1] wq: Putting file file-0-25930e3036f13852cb0b29694bbab611-nt/nt.44.nnd into workspace
2019/11/22 19:36:24.89 #|1574451384.892618989|00#| work_queue_worker[1] wq: rx from master: put file-0-25930e3036f13852cb0b29694bbab611-nt/nt.44.nhd 14869748 0644 1
2019/11/22 19:36:24.89 #|1574451384.892664738|00#| work_queue_worker[1] wq: Putting file file-0-25930e3036f13852cb0b29694bbab611-nt/nt.44.nhd into workspace
2019/11/22 19:36:24.91 #|1574451384.911897623|00#| work_queue_worker[1] wq: rx from master: put file-0-25930e3036f13852cb0b29694bbab611-nt/nt.44.nsq 974099786 0644 1
2019/11/22 19:36:24.91 #|1574451384.911944524|00#| work_queue_worker[1] wq: Putting file file-0-25930e3036f13852cb0b29694bbab611-nt/nt.44.nsq into workspace
2019/11/22 19:36:24.91 #|1574451384.911958357|00#| work_queue_worker[1] debug: File of size 928 MB will lower available disk space (879 MB) below threshold (0 MB).
2019/11/22 19:36:24.91 #|1574451384.911967081|00#| work_queue_worker[1] wq: Could not put file file-0-25930e3036f13852cb0b29694bbab611-nt/nt.44.nsq, not enough disk space (974099786 bytes needed)
2019/11/22 19:36:24.91 #|1574451384.911978502|00#| work_queue_worker[1] wq: cleaning workspace /tmp/worker-0-1
2019/11/22 19:36:24.96 #|1574451384.969610433|00#| work_queue_worker[1] wq: disconnecting from master 10.0.102.2:1026
2019/11/22 19:36:24.96 #|1574451384.969762612|00#| work_queue_worker[1] tcp: disconnected from 10.0.102.2 port 1026
2019/11/22 19:36:24.96 #|1574451384.969777660|00#| work_queue_worker[1] wq: killing all outstanding tasks
2019/11/22 19:36:24.96 #|1574451384.969788503|00#| work_queue_worker[1] wq: all data structures are clean
2019/11/22 19:36:30.97 #|1574451390.970221660|00#| work_queue_worker[1] debug: error reading disk usage on directory: ./cache.
2019/11/22 19:36:30.97 #|1574451390.970270800|00#| work_queue_worker[1] tcp: connecting to 10.0.102.2 port 1026
2019/11/22 19:36:30.97 #|1574451390.970453744|00#| work_queue_worker[1] tcp: made connection to 10.0.102.2 port 1026
2019/11/22 19:36:30.97 #|1574451390.970472004|00#| work_queue_worker[1] wq: connected to master master:1026 via local address 10.0.102.16:46554
2019/11/22 19:36:30.97 #|1574451390.970481286|00#| work_queue_worker[1] wq: preparing workspace /tmp/worker-0-1
2019/11/22 19:36:30.97 #|1574451390.970627356|00#| work_queue_worker[1] dns: finding my hostname: uname = 979bbbb5ab96, address = 10.0.102.16, hostname = 979bbbb5ab96
2019/11/22 19:36:30.97 #|1574451390.970642204|00#| work_queue_worker[1] wq: tx to master: workqueue 8 979bbbb5ab96 Linux x86_64 8.0.0
2019/11/22 19:36:30.97 #|1574451390.970706303|00#| work_queue_worker[1] wq: tx to master: info worker-id worker-fada429563ee4be547fdb690bff140a8
2019/11/22 19:36:30.97 #|1574451390.970759555|00#| work_queue_worker[1] wq: tx to master: alive
2019/11/22 19:36:30.97 #|1574451390.970808261|00#| work_queue_worker[1] wq: Sending resource description to master:
2019/11/22 19:36:30.97 #|1574451390.970820248|00#| work_queue_worker[1] wq:  workers      0 inuse      1 total      1 smallest      1 largest
2019/11/22 19:36:30.97 #|1574451390.970882271|00#| work_queue_worker[1] wq:     disk      0 inuse   1094 total   1094 smallest   1094 largest
2019/11/22 19:36:30.97 #|1574451390.970932233|00#| work_queue_worker[1] wq:   memory      0 inuse  11908 total  11908 smallest  11908 largest
2019/11/22 19:36:30.97 #|1574451390.970981516|00#| work_queue_worker[1] wq:     gpus      0 inuse      0 total      0 smallest      0 largest
2019/11/22 19:36:30.97 #|1574451390.971030752|00#| work_queue_worker[1] wq:    cores      0 inuse      1 total      1 smallest      1 largest
2019/11/22 19:36:30.97 #|1574451390.971107678|00#| work_queue_worker[1] wq: tx to master: info end_of_resource_update 0
2019/11/22 19:36:30.97 #|1574451390.971156327|00#| work_queue_worker[1] wq: tx to master: info tasks_running 0
2019/11/22 19:36:30.97 #|1574451390.971204878|00#| work_queue_worker[1] wq: working for master at 10.0.102.2:1026.
2019/11/22 19:36:30.97 #|1574451390.972341159|00#| work_queue_worker[1] wq: rx from master: put file-0-25930e3036f13852cb0b29694bbab611-nt/taxdb.bti 14920392 0644 1
2019/11/22 19:36:30.97 #|1574451390.972380771|00#| work_queue_worker[1] wq: Putting file file-0-25930e3036f13852cb0b29694bbab611-nt/taxdb.bti into workspace
2019/11/22 19:36:30.99 #|1574451390.992921142|00#| work_queue_worker[1] wq: rx from master: put file-0-25930e3036f13852cb0b29694bbab611-nt/nt.nal 752 0644 1
2019/11/22 19:36:30.99 #|1574451390.992964308|00#| work_queue_worker[1] wq: Putting file file-0-25930e3036f13852cb0b29694bbab611-nt/nt.nal into workspace
2019/11/22 19:36:30.99 #|1574451390.993053617|00#| work_queue_worker[1] wq: rx from master: put file-0-25930e3036f13852cb0b29694bbab611-nt/nt.44.nni 27220 0644 1
2019/11/22 19:36:30.99 #|1574451390.993075223|00#| work_queue_worker[1] wq: Putting file file-0-25930e3036f13852cb0b29694bbab611-nt/nt.44.nni into workspace
2019/11/22 19:36:30.99 #|1574451390.993269519|00#| work_queue_worker[1] wq: rx from master: put file-0-25930e3036f13852cb0b29694bbab611-nt/nt.44.nog 3378248 0644 1
2019/11/22 19:36:30.99 #|1574451390.993295941|00#| work_queue_worker[1] wq: Putting file file-0-25930e3036f13852cb0b29694bbab611-nt/nt.44.nog into workspace
2019/11/22 19:36:30.99 #|1574451390.998000056|00#| work_queue_worker[1] wq: rx from master: put file-0-25930e3036f13852cb0b29694bbab611-nt/taxdb.btd 141628361 0644 1
2019/11/22 19:36:30.99 #|1574451390.998043457|00#| work_queue_worker[1] wq: Putting file file-0-25930e3036f13852cb0b29694bbab611-nt/taxdb.btd into workspace
2019/11/22 19:36:31.18 #|1574451391.186317178|00#| work_queue_worker[1] wq: rx from master: put file-0-25930e3036f13852cb0b29694bbab611-nt/nt.44.nhr 148534336 0644 1
2019/11/22 19:36:31.18 #|1574451391.186361106|00#| work_queue_worker[1] wq: Putting file file-0-25930e3036f13852cb0b29694bbab611-nt/nt.44.nhr into workspace
2019/11/22 19:36:31.37 #|1574451391.378359988|00#| work_queue_worker[1] wq: rx from master: put file-0-25930e3036f13852cb0b29694bbab611-nt/nt.44.nhi 338004 0644 1
2019/11/22 19:36:31.37 #|1574451391.378408323|00#| work_queue_worker[1] wq: Putting file file-0-25930e3036f13852cb0b29694bbab611-nt/nt.44.nhi into workspace
2019/11/22 19:36:31.37 #|1574451391.378961678|00#| work_queue_worker[1] wq: rx from master: put file-0-25930e3036f13852cb0b29694bbab611-nt/nt.44.nnd 6955488 0644 1
2019/11/22 19:36:31.37 #|1574451391.378987009|00#| work_queue_worker[1] wq: Putting file file-0-25930e3036f13852cb0b29694bbab611-nt/nt.44.nnd into workspace
2019/11/22 19:36:31.38 #|1574451391.388248692|00#| work_queue_worker[1] wq: rx from master: put file-0-25930e3036f13852cb0b29694bbab611-nt/nt.44.nhd 14869748 0644 1
2019/11/22 19:36:31.38 #|1574451391.388291274|00#| work_queue_worker[1] wq: Putting file file-0-25930e3036f13852cb0b29694bbab611-nt/nt.44.nhd into workspace
2019/11/22 19:36:31.40 #|1574451391.407544844|00#| work_queue_worker[1] wq: rx from master: put file-0-25930e3036f13852cb0b29694bbab611-nt/nt.44.nsq 974099786 0644 1
2019/11/22 19:36:31.40 #|1574451391.407590425|00#| work_queue_worker[1] wq: Putting file file-0-25930e3036f13852cb0b29694bbab611-nt/nt.44.nsq into workspace
2019/11/22 19:36:31.40 #|1574451391.407610497|00#| work_queue_worker[1] debug: File of size 928 MB will lower available disk space (879 MB) below threshold (0 MB).
2019/11/22 19:36:31.40 #|1574451391.407619466|00#| work_queue_worker[1] wq: Could not put file file-0-25930e3036f13852cb0b29694bbab611-nt/nt.44.nsq, not enough disk space (974099786 bytes needed)
2019/11/22 19:36:31.40 #|1574451391.407631364|00#| work_queue_worker[1] wq: cleaning workspace /tmp/worker-0-1
2019/11/22 19:36:31.46 #|1574451391.464380397|00#| work_queue_worker[1] wq: disconnecting from master 10.0.102.2:1026
2019/11/22 19:36:31.46 #|1574451391.464574511|00#| work_queue_worker[1] tcp: disconnected from 10.0.102.2 port 1026
2019/11/22 19:36:31.46 #|1574451391.464589066|00#| work_queue_worker[1] wq: killing all outstanding tasks
2019/11/22 19:36:31.46 #|1574451391.464599984|00#| work_queue_worker[1] wq: all data structures are clean
2019/11/22 19:36:37.46 #|1574451397.465053977|00#| work_queue_worker[1] debug: error reading disk usage on directory: ./cache.
2019/11/22 19:36:37.46 #|1574451397.465104740|00#| work_queue_worker[1] tcp: connecting to 10.0.102.2 port 1026
2019/11/22 19:36:37.46 #|1574451397.465298010|00#| work_queue_worker[1] tcp: made connection to 10.0.102.2 port 1026
2019/11/22 19:36:37.46 #|1574451397.465316685|00#| work_queue_worker[1] wq: connected to master master:1026 via local address 10.0.102.16:46568
2019/11/22 19:36:37.46 #|1574451397.465326067|00#| work_queue_worker[1] wq: preparing workspace /tmp/worker-0-1
2019/11/22 19:36:37.46 #|1574451397.465440239|00#| work_queue_worker[1] dns: finding my hostname: uname = 979bbbb5ab96, address = 10.0.102.16, hostname = 979bbbb5ab96
2019/11/22 19:36:37.46 #|1574451397.465453524|00#| work_queue_worker[1] wq: tx to master: workqueue 8 979bbbb5ab96 Linux x86_64 8.0.0
2019/11/22 19:36:37.46 #|1574451397.465515805|00#| work_queue_worker[1] wq: tx to master: info worker-id worker-fada429563ee4be547fdb690bff140a8
2019/11/22 19:36:37.46 #|1574451397.465567071|00#| work_queue_worker[1] wq: tx to master: alive
2019/11/22 19:36:37.46 #|1574451397.465617219|00#| work_queue_worker[1] wq: Sending resource description to master:
2019/11/22 19:36:37.46 #|1574451397.465629687|00#| work_queue_worker[1] wq:  workers      0 inuse      1 total      1 smallest      1 largest
2019/11/22 19:36:37.46 #|1574451397.465677628|00#| work_queue_worker[1] wq:     disk      0 inuse   1094 total   1094 smallest   1094 largest
2019/11/22 19:36:37.46 #|1574451397.465726963|00#| work_queue_worker[1] wq:   memory      0 inuse  11908 total  11908 smallest  11908 largest
2019/11/22 19:36:37.46 #|1574451397.465775896|00#| work_queue_worker[1] wq:     gpus      0 inuse      0 total      0 smallest      0 largest
2019/11/22 19:36:37.46 #|1574451397.465824081|00#| work_queue_worker[1] wq:    cores      0 inuse      1 total      1 smallest      1 largest
2019/11/22 19:36:37.46 #|1574451397.465901544|00#| work_queue_worker[1] wq: tx to master: info end_of_resource_update 0
2019/11/22 19:36:37.46 #|1574451397.465950576|00#| work_queue_worker[1] wq: tx to master: info tasks_running 0
2019/11/22 19:36:37.46 #|1574451397.465998731|00#| work_queue_worker[1] wq: working for master at 10.0.102.2:1026.
2019/11/22 19:36:37.46 #|1574451397.466428458|00#| work_queue_worker[1] wq: rx from master: put file-0-25930e3036f13852cb0b29694bbab611-nt/taxdb.bti 14920392 0644 1
2019/11/22 19:36:37.46 #|1574451397.466464454|00#| work_queue_worker[1] wq: Putting file file-0-25930e3036f13852cb0b29694bbab611-nt/taxdb.bti into workspace
2019/11/22 19:36:37.48 #|1574451397.486732279|00#| work_queue_worker[1] wq: rx from master: put file-0-25930e3036f13852cb0b29694bbab611-nt/nt.nal 752 0644 1
2019/11/22 19:36:37.48 #|1574451397.486775357|00#| work_queue_worker[1] wq: Putting file file-0-25930e3036f13852cb0b29694bbab611-nt/nt.nal into workspace
2019/11/22 19:36:37.48 #|1574451397.486868566|00#| work_queue_worker[1] wq: rx from master: put file-0-25930e3036f13852cb0b29694bbab611-nt/nt.44.nni 27220 0644 1
2019/11/22 19:36:37.48 #|1574451397.486889917|00#| work_queue_worker[1] wq: Putting file file-0-25930e3036f13852cb0b29694bbab611-nt/nt.44.nni into workspace
2019/11/22 19:36:37.48 #|1574451397.487102410|00#| work_queue_worker[1] wq: rx from master: put file-0-25930e3036f13852cb0b29694bbab611-nt/nt.44.nog 3378248 0644 1
2019/11/22 19:36:37.48 #|1574451397.487128068|00#| work_queue_worker[1] wq: Putting file file-0-25930e3036f13852cb0b29694bbab611-nt/nt.44.nog into workspace
2019/11/22 19:36:37.49 #|1574451397.491957598|00#| work_queue_worker[1] wq: rx from master: put file-0-25930e3036f13852cb0b29694bbab611-nt/taxdb.btd 141628361 0644 1
2019/11/22 19:36:37.49 #|1574451397.492001284|00#| work_queue_worker[1] wq: Putting file file-0-25930e3036f13852cb0b29694bbab611-nt/taxdb.btd into workspace
2019/11/22 19:36:37.67 #|1574451397.676390834|00#| work_queue_worker[1] wq: rx from master: put file-0-25930e3036f13852cb0b29694bbab611-nt/nt.44.nhr 148534336 0644 1
2019/11/22 19:36:37.67 #|1574451397.676438923|00#| work_queue_worker[1] wq: Putting file file-0-25930e3036f13852cb0b29694bbab611-nt/nt.44.nhr into workspace
2019/11/22 19:36:37.86 #|1574451397.868720781|00#| work_queue_worker[1] wq: rx from master: put file-0-25930e3036f13852cb0b29694bbab611-nt/nt.44.nhi 338004 0644 1
2019/11/22 19:36:37.86 #|1574451397.868765141|00#| work_queue_worker[1] wq: Putting file file-0-25930e3036f13852cb0b29694bbab611-nt/nt.44.nhi into workspace
2019/11/22 19:36:37.86 #|1574451397.869299919|00#| work_queue_worker[1] wq: rx from master: put file-0-25930e3036f13852cb0b29694bbab611-nt/nt.44.nnd 6955488 0644 1
2019/11/22 19:36:37.86 #|1574451397.869324076|00#| work_queue_worker[1] wq: Putting file file-0-25930e3036f13852cb0b29694bbab611-nt/nt.44.nnd into workspace
2019/11/22 19:36:37.87 #|1574451397.878290476|00#| work_queue_worker[1] wq: rx from master: put file-0-25930e3036f13852cb0b29694bbab611-nt/nt.44.nhd 14869748 0644 1
2019/11/22 19:36:37.87 #|1574451397.878334999|00#| work_queue_worker[1] wq: Putting file file-0-25930e3036f13852cb0b29694bbab611-nt/nt.44.nhd into workspace
2019/11/22 19:36:37.89 #|1574451397.897712886|00#| work_queue_worker[1] wq: rx from master: put file-0-25930e3036f13852cb0b29694bbab611-nt/nt.44.nsq 974099786 0644 1
2019/11/22 19:36:37.89 #|1574451397.897757290|00#| work_queue_worker[1] wq: Putting file file-0-25930e3036f13852cb0b29694bbab611-nt/nt.44.nsq into workspace
2019/11/22 19:36:37.89 #|1574451397.897771118|00#| work_queue_worker[1] debug: File of size 928 MB will lower available disk space (879 MB) below threshold (0 MB).
2019/11/22 19:36:37.89 #|1574451397.897780033|00#| work_queue_worker[1] wq: Could not put file file-0-25930e3036f13852cb0b29694bbab611-nt/nt.44.nsq, not enough disk space (974099786 bytes needed)
2019/11/22 19:36:37.89 #|1574451397.897791723|00#| work_queue_worker[1] wq: cleaning workspace /tmp/worker-0-1
2019/11/22 19:36:37.95 #|1574451397.955001711|00#| work_queue_worker[1] wq: disconnecting from master 10.0.102.2:1026
2019/11/22 19:36:37.95 #|1574451397.955190097|00#| work_queue_worker[1] tcp: disconnected from 10.0.102.2 port 1026
2019/11/22 19:36:37.95 #|1574451397.955204707|00#| work_queue_worker[1] wq: killing all outstanding tasks
2019/11/22 19:36:37.95 #|1574451397.955215486|00#| work_queue_worker[1] wq: all data structures are clean
2019/11/22 19:36:43.95 #|1574451403.955671995|00#| work_queue_worker[1] debug: error reading disk usage on directory: ./cache.
2019/11/22 19:36:43.95 #|1574451403.955736840|00#| work_queue_worker[1] tcp: connecting to 10.0.102.2 port 1026
2019/11/22 19:36:43.95 #|1574451403.955974589|00#| work_queue_worker[1] tcp: made connection to 10.0.102.2 port 1026
2019/11/22 19:36:43.95 #|1574451403.956001511|00#| work_queue_worker[1] wq: connected to master master:1026 via local address 10.0.102.16:46582
2019/11/22 19:36:43.95 #|1574451403.956017143|00#| work_queue_worker[1] wq: preparing workspace /tmp/worker-0-1
2019/11/22 19:36:43.95 #|1574451403.956171726|00#| work_queue_worker[1] dns: finding my hostname: uname = 979bbbb5ab96, address = 10.0.102.16, hostname = 979bbbb5ab96
2019/11/22 19:36:43.95 #|1574451403.956191455|00#| work_queue_worker[1] wq: tx to master: workqueue 8 979bbbb5ab96 Linux x86_64 8.0.0
2019/11/22 19:36:43.95 #|1574451403.956291693|00#| work_queue_worker[1] wq: tx to master: info worker-id worker-fada429563ee4be547fdb690bff140a8
2019/11/22 19:36:43.95 #|1574451403.956373386|00#| work_queue_worker[1] wq: tx to master: alive
2019/11/22 19:36:43.95 #|1574451403.956447965|00#| work_queue_worker[1] wq: Sending resource description to master:
2019/11/22 19:36:43.95 #|1574451403.956466264|00#| work_queue_worker[1] wq:  workers      0 inuse      1 total      1 smallest      1 largest
2019/11/22 19:36:43.95 #|1574451403.956541259|00#| work_queue_worker[1] wq:     disk      0 inuse    999 total    999 smallest    999 largest
2019/11/22 19:36:43.95 #|1574451403.956619835|00#| work_queue_worker[1] wq:   memory      0 inuse  11908 total  11908 smallest  11908 largest
2019/11/22 19:36:43.95 #|1574451403.956698946|00#| work_queue_worker[1] wq:     gpus      0 inuse      0 total      0 smallest      0 largest
2019/11/22 19:36:43.95 #|1574451403.956774558|00#| work_queue_worker[1] wq:    cores      0 inuse      1 total      1 smallest      1 largest
2019/11/22 19:36:43.95 #|1574451403.956900745|00#| work_queue_worker[1] wq: tx to master: info end_of_resource_update 0
2019/11/22 19:36:43.95 #|1574451403.956978657|00#| work_queue_worker[1] wq: tx to master: info tasks_running 0
2019/11/22 19:36:43.95 #|1574451403.957054485|00#| work_queue_worker[1] wq: working for master at 10.0.102.2:1026.
2019/11/22 19:36:43.97 #|1574451403.973993469|00#| work_queue_worker[1] wq: rx from master: put file-0-25930e3036f13852cb0b29694bbab611-nt/taxdb.bti 14920392 0644 1
2019/11/22 19:36:43.97 #|1574451403.974041975|00#| work_queue_worker[1] wq: Putting file file-0-25930e3036f13852cb0b29694bbab611-nt/taxdb.bti into workspace
2019/11/22 19:36:44.00 #|1574451404.1883261|00#| work_queue_worker[1] wq: rx from master: put file-0-25930e3036f13852cb0b29694bbab611-nt/nt.nal 752 0644 1
2019/11/22 19:36:44.00 #|1574451404.1938844|00#| work_queue_worker[1] wq: Putting file file-0-25930e3036f13852cb0b29694bbab611-nt/nt.nal into workspace
2019/11/22 19:36:44.00 #|1574451404.2048383|00#| work_queue_worker[1] wq: rx from master: put file-0-25930e3036f13852cb0b29694bbab611-nt/nt.44.nni 27220 0644 1
2019/11/22 19:36:44.00 #|1574451404.2081854|00#| work_queue_worker[1] wq: Putting file file-0-25930e3036f13852cb0b29694bbab611-nt/nt.44.nni into workspace
2019/11/22 19:36:44.00 #|1574451404.2203455|00#| work_queue_worker[1] wq: rx from master: put file-0-25930e3036f13852cb0b29694bbab611-nt/nt.44.nog 3378248 0644 1
2019/11/22 19:36:44.00 #|1574451404.2234420|00#| work_queue_worker[1] wq: Putting file file-0-25930e3036f13852cb0b29694bbab611-nt/nt.44.nog into workspace
2019/11/22 19:36:44.00 #|1574451404.8297984|00#| work_queue_worker[1] wq: rx from master: put file-0-25930e3036f13852cb0b29694bbab611-nt/taxdb.btd 141628361 0644 1
2019/11/22 19:36:44.00 #|1574451404.8347681|00#| work_queue_worker[1] wq: Putting file file-0-25930e3036f13852cb0b29694bbab611-nt/taxdb.btd into workspace
2019/11/22 19:36:44.19 #|1574451404.199356487|00#| work_queue_worker[1] wq: rx from master: put file-0-25930e3036f13852cb0b29694bbab611-nt/nt.44.nhr 148534336 0644 1
2019/11/22 19:36:44.19 #|1574451404.199400619|00#| work_queue_worker[1] wq: Putting file file-0-25930e3036f13852cb0b29694bbab611-nt/nt.44.nhr into workspace
2019/11/22 19:36:44.39 #|1574451404.391537151|00#| work_queue_worker[1] wq: rx from master: put file-0-25930e3036f13852cb0b29694bbab611-nt/nt.44.nhi 338004 0644 1
2019/11/22 19:36:44.39 #|1574451404.391580467|00#| work_queue_worker[1] wq: Putting file file-0-25930e3036f13852cb0b29694bbab611-nt/nt.44.nhi into workspace
2019/11/22 19:36:44.39 #|1574451404.392204897|00#| work_queue_worker[1] wq: rx from master: put file-0-25930e3036f13852cb0b29694bbab611-nt/nt.44.nnd 6955488 0644 1
2019/11/22 19:36:44.39 #|1574451404.392228970|00#| work_queue_worker[1] wq: Putting file file-0-25930e3036f13852cb0b29694bbab611-nt/nt.44.nnd into workspace
2019/11/22 19:36:44.40 #|1574451404.401276204|00#| work_queue_worker[1] wq: rx from master: put file-0-25930e3036f13852cb0b29694bbab611-nt/nt.44.nhd 14869748 0644 1
2019/11/22 19:36:44.40 #|1574451404.401325381|00#| work_queue_worker[1] wq: Putting file file-0-25930e3036f13852cb0b29694bbab611-nt/nt.44.nhd into workspace
2019/11/22 19:36:44.42 #|1574451404.420447059|00#| work_queue_worker[1] wq: rx from master: put file-0-25930e3036f13852cb0b29694bbab611-nt/nt.44.nsq 974099786 0644 1
2019/11/22 19:36:44.42 #|1574451404.420490751|00#| work_queue_worker[1] wq: Putting file file-0-25930e3036f13852cb0b29694bbab611-nt/nt.44.nsq into workspace
2019/11/22 19:36:44.42 #|1574451404.420504549|00#| work_queue_worker[1] debug: File of size 928 MB will lower available disk space (879 MB) below threshold (0 MB).
2019/11/22 19:36:44.42 #|1574451404.420513175|00#| work_queue_worker[1] wq: Could not put file file-0-25930e3036f13852cb0b29694bbab611-nt/nt.44.nsq, not enough disk space (974099786 bytes needed)
2019/11/22 19:36:44.42 #|1574451404.420524807|00#| work_queue_worker[1] wq: cleaning workspace /tmp/worker-0-1
2019/11/22 19:36:44.47 #|1574451404.477281880|00#| work_queue_worker[1] wq: disconnecting from master 10.0.102.2:1026
2019/11/22 19:36:44.47 #|1574451404.477473414|00#| work_queue_worker[1] tcp: disconnected from 10.0.102.2 port 1026
2019/11/22 19:36:44.47 #|1574451404.477487792|00#| work_queue_worker[1] wq: killing all outstanding tasks
2019/11/22 19:36:44.47 #|1574451404.477498590|00#| work_queue_worker[1] wq: all data structures are clean
2019/11/22 19:36:50.47 #|1574451410.477963152|00#| work_queue_worker[1] debug: error reading disk usage on directory: ./cache.
2019/11/22 19:36:50.47 #|1574451410.478013214|00#| work_queue_worker[1] tcp: connecting to 10.0.102.2 port 1026
2019/11/22 19:36:50.47 #|1574451410.478196490|00#| work_queue_worker[1] tcp: made connection to 10.0.102.2 port 1026
2019/11/22 19:36:50.47 #|1574451410.478214952|00#| work_queue_worker[1] wq: connected to master master:1026 via local address 10.0.102.16:46596
2019/11/22 19:36:50.47 #|1574451410.478224329|00#| work_queue_worker[1] wq: preparing workspace /tmp/worker-0-1
2019/11/22 19:36:50.47 #|1574451410.478336448|00#| work_queue_worker[1] dns: finding my hostname: uname = 979bbbb5ab96, address = 10.0.102.16, hostname = 979bbbb5ab96
2019/11/22 19:36:50.47 #|1574451410.478349708|00#| work_queue_worker[1] wq: tx to master: workqueue 8 979bbbb5ab96 Linux x86_64 8.0.0
2019/11/22 19:36:50.47 #|1574451410.478412045|00#| work_queue_worker[1] wq: tx to master: info worker-id worker-fada429563ee4be547fdb690bff140a8
2019/11/22 19:36:50.47 #|1574451410.478462603|00#| work_queue_worker[1] wq: tx to master: alive
2019/11/22 19:36:50.47 #|1574451410.478528926|00#| work_queue_worker[1] wq: Sending resource description to master:
2019/11/22 19:36:50.47 #|1574451410.478548623|00#| work_queue_worker[1] wq:  workers      0 inuse      1 total      1 smallest      1 largest
2019/11/22 19:36:50.47 #|1574451410.478618979|00#| work_queue_worker[1] wq:     disk      0 inuse   1094 total   1094 smallest   1094 largest
2019/11/22 19:36:50.47 #|1574451410.478681170|00#| work_queue_worker[1] wq:   memory      0 inuse  11908 total  11908 smallest  11908 largest
2019/11/22 19:36:50.47 #|1574451410.478731726|00#| work_queue_worker[1] wq:     gpus      0 inuse      0 total      0 smallest      0 largest
2019/11/22 19:36:50.47 #|1574451410.478779637|00#| work_queue_worker[1] wq:    cores      0 inuse      1 total      1 smallest      1 largest
2019/11/22 19:36:50.47 #|1574451410.478857064|00#| work_queue_worker[1] wq: tx to master: info end_of_resource_update 0
2019/11/22 19:36:50.47 #|1574451410.478905414|00#| work_queue_worker[1] wq: tx to master: info tasks_running 0
2019/11/22 19:36:50.47 #|1574451410.478953801|00#| work_queue_worker[1] wq: working for master at 10.0.102.2:1026.
2019/11/22 19:36:50.47 #|1574451410.479365634|00#| work_queue_worker[1] wq: rx from master: put file-0-25930e3036f13852cb0b29694bbab611-nt/taxdb.bti 14920392 0644 1
2019/11/22 19:36:50.47 #|1574451410.479404919|00#| work_queue_worker[1] wq: Putting file file-0-25930e3036f13852cb0b29694bbab611-nt/taxdb.bti into workspace
2019/11/22 19:36:50.49 #|1574451410.499429338|00#| work_queue_worker[1] wq: rx from master: put file-0-25930e3036f13852cb0b29694bbab611-nt/nt.nal 752 0644 1
2019/11/22 19:36:50.49 #|1574451410.499471703|00#| work_queue_worker[1] wq: Putting file file-0-25930e3036f13852cb0b29694bbab611-nt/nt.nal into workspace
2019/11/22 19:36:50.49 #|1574451410.499564548|00#| work_queue_worker[1] wq: rx from master: put file-0-25930e3036f13852cb0b29694bbab611-nt/nt.44.nni 27220 0644 1
2019/11/22 19:36:50.49 #|1574451410.499586579|00#| work_queue_worker[1] wq: Putting file file-0-25930e3036f13852cb0b29694bbab611-nt/nt.44.nni into workspace
2019/11/22 19:36:50.49 #|1574451410.499794950|00#| work_queue_worker[1] wq: rx from master: put file-0-25930e3036f13852cb0b29694bbab611-nt/nt.44.nog 3378248 0644 1
2019/11/22 19:36:50.49 #|1574451410.499820641|00#| work_queue_worker[1] wq: Putting file file-0-25930e3036f13852cb0b29694bbab611-nt/nt.44.nog into workspace
2019/11/22 19:36:50.50 #|1574451410.504665774|00#| work_queue_worker[1] wq: rx from master: put file-0-25930e3036f13852cb0b29694bbab611-nt/taxdb.btd 141628361 0644 1
2019/11/22 19:36:50.50 #|1574451410.504708665|00#| work_queue_worker[1] wq: Putting file file-0-25930e3036f13852cb0b29694bbab611-nt/taxdb.btd into workspace
2019/11/22 19:36:50.68 #|1574451410.688800315|00#| work_queue_worker[1] wq: rx from master: put file-0-25930e3036f13852cb0b29694bbab611-nt/nt.44.nhr 148534336 0644 1
2019/11/22 19:36:50.68 #|1574451410.688844367|00#| work_queue_worker[1] wq: Putting file file-0-25930e3036f13852cb0b29694bbab611-nt/nt.44.nhr into workspace
2019/11/22 19:36:50.88 #|1574451410.882582769|00#| work_queue_worker[1] wq: rx from master: put file-0-25930e3036f13852cb0b29694bbab611-nt/nt.44.nhi 338004 0644 1
2019/11/22 19:36:50.88 #|1574451410.882632873|00#| work_queue_worker[1] wq: Putting file file-0-25930e3036f13852cb0b29694bbab611-nt/nt.44.nhi into workspace
2019/11/22 19:36:50.88 #|1574451410.883153655|00#| work_queue_worker[1] wq: rx from master: put file-0-25930e3036f13852cb0b29694bbab611-nt/nt.44.nnd 6955488 0644 1
2019/11/22 19:36:50.88 #|1574451410.883178674|00#| work_queue_worker[1] wq: Putting file file-0-25930e3036f13852cb0b29694bbab611-nt/nt.44.nnd into workspace
2019/11/22 19:36:50.89 #|1574451410.891932551|00#| work_queue_worker[1] wq: rx from master: put file-0-25930e3036f13852cb0b29694bbab611-nt/nt.44.nhd 14869748 0644 1
2019/11/22 19:36:50.89 #|1574451410.891979515|00#| work_queue_worker[1] wq: Putting file file-0-25930e3036f13852cb0b29694bbab611-nt/nt.44.nhd into workspace
2019/11/22 19:36:50.91 #|1574451410.911146557|00#| work_queue_worker[1] wq: rx from master: put file-0-25930e3036f13852cb0b29694bbab611-nt/nt.44.nsq 974099786 0644 1
2019/11/22 19:36:50.91 #|1574451410.911190209|00#| work_queue_worker[1] wq: Putting file file-0-25930e3036f13852cb0b29694bbab611-nt/nt.44.nsq into workspace
2019/11/22 19:36:50.91 #|1574451410.911203534|00#| work_queue_worker[1] debug: File of size 928 MB will lower available disk space (878 MB) below threshold (0 MB).
2019/11/22 19:36:50.91 #|1574451410.911212107|00#| work_queue_worker[1] wq: Could not put file file-0-25930e3036f13852cb0b29694bbab611-nt/nt.44.nsq, not enough disk space (974099786 bytes needed)
2019/11/22 19:36:50.91 #|1574451410.911223077|00#| work_queue_worker[1] wq: cleaning workspace /tmp/worker-0-1
2019/11/22 19:36:50.96 #|1574451410.966620150|00#| work_queue_worker[1] wq: disconnecting from master 10.0.102.2:1026
2019/11/22 19:36:50.96 #|1574451410.966818892|00#| work_queue_worker[1] tcp: disconnected from 10.0.102.2 port 1026
2019/11/22 19:36:50.96 #|1574451410.966833384|00#| work_queue_worker[1] wq: killing all outstanding tasks
2019/11/22 19:36:50.96 #|1574451410.966844220|00#| work_queue_worker[1] wq: all data structures are clean
2019/11/22 19:36:56.96 #|1574451416.967315124|00#| work_queue_worker[1] debug: error reading disk usage on directory: ./cache.
2019/11/22 19:36:56.96 #|1574451416.967376317|00#| work_queue_worker[1] tcp: connecting to 10.0.102.2 port 1026
2019/11/22 19:36:56.96 #|1574451416.967639124|00#| work_queue_worker[1] tcp: made connection to 10.0.102.2 port 1026
2019/11/22 19:36:56.96 #|1574451416.967666209|00#| work_queue_worker[1] wq: connected to master master:1026 via local address 10.0.102.16:46608
2019/11/22 19:36:56.96 #|1574451416.967681870|00#| work_queue_worker[1] wq: preparing workspace /tmp/worker-0-1
2019/11/22 19:36:56.96 #|1574451416.967838604|00#| work_queue_worker[1] dns: finding my hostname: uname = 979bbbb5ab96, address = 10.0.102.16, hostname = 979bbbb5ab96
2019/11/22 19:36:56.96 #|1574451416.967860981|00#| work_queue_worker[1] wq: tx to master: workqueue 8 979bbbb5ab96 Linux x86_64 8.0.0
2019/11/22 19:36:56.96 #|1574451416.967954363|00#| work_queue_worker[1] wq: tx to master: info worker-id worker-fada429563ee4be547fdb690bff140a8
2019/11/22 19:36:56.96 #|1574451416.968029935|00#| work_queue_worker[1] wq: tx to master: alive
2019/11/22 19:36:56.96 #|1574451416.968100697|00#| work_queue_worker[1] wq: Sending resource description to master:
2019/11/22 19:36:56.96 #|1574451416.968118668|00#| work_queue_worker[1] wq:  workers      0 inuse      1 total      1 smallest      1 largest
2019/11/22 19:36:56.96 #|1574451416.968202295|00#| work_queue_worker[1] wq:     disk      0 inuse   1094 total   1094 smallest   1094 largest
2019/11/22 19:36:56.96 #|1574451416.968278191|00#| work_queue_worker[1] wq:   memory      0 inuse  11908 total  11908 smallest  11908 largest
2019/11/22 19:36:56.96 #|1574451416.968358037|00#| work_queue_worker[1] wq:     gpus      0 inuse      0 total      0 smallest      0 largest
2019/11/22 19:36:56.96 #|1574451416.968433078|00#| work_queue_worker[1] wq:    cores      0 inuse      1 total      1 smallest      1 largest
2019/11/22 19:36:56.96 #|1574451416.968573601|00#| work_queue_worker[1] wq: tx to master: info end_of_resource_update 0
2019/11/22 19:36:56.96 #|1574451416.968650127|00#| work_queue_worker[1] wq: tx to master: info tasks_running 0
2019/11/22 19:36:56.96 #|1574451416.968727551|00#| work_queue_worker[1] wq: working for master at 10.0.102.2:1026.
2019/11/22 19:37:09.10 #|1574451429.103596067|00#| work_queue_worker[1] wq: rx from master: release
2019/11/22 19:37:09.10 #|1574451429.103627494|00#| work_queue_worker[1] wq: released by master 10.0.102.2:1026.
2019/11/22 19:37:09.10 #|1574451429.103648987|00#| work_queue_worker[1] wq: cleaning workspace /tmp/worker-0-1
2019/11/22 19:37:09.10 #|1574451429.103804474|00#| work_queue_worker[1] wq: disconnecting from master 10.0.102.2:1026
2019/11/22 19:37:09.10 #|1574451429.103913301|00#| work_queue_worker[1] tcp: disconnected from 10.0.102.2 port 1026
2019/11/22 19:37:09.10 #|1574451429.103933263|00#| work_queue_worker[1] wq: killing all outstanding tasks
2019/11/22 19:37:09.10 #|1574451429.103948650|00#| work_queue_worker[1] wq: all data structures are clean
2019/11/22 19:37:10.10 #|1574451430.104091537|00#| work_queue_worker[1] tcp: connecting to 10.0.102.2 port 1026
