2019/11/22 19:36:49.54 #|1574451409.546114910|00#| work_queue_worker[1] debug: /root/cctools/bin/work_queue_worker version 8.0.0 DEVELOPMENT (released 2019-11-14 15:35:16 +0000)
2019/11/22 19:36:49.54 #|1574451409.546244949|00#| work_queue_worker[1] debug: Built by root@7e9ecba79f43 on 2019-11-14 15:35:16 +0000
2019/11/22 19:36:49.54 #|1574451409.546261170|00#| work_queue_worker[1] debug: System: Linux 7e9ecba79f43 5.0.0-32-generic #34~18.04.2-Ubuntu SMP Thu Oct 10 10:36:02 UTC 2019 x86_64 x86_64 x86_64 GNU/Linux
2019/11/22 19:36:49.54 #|1574451409.546273880|00#| work_queue_worker[1] debug: Configuration: --prefix /root/cctools
2019/11/22 19:36:49.54 #|1574451409.546493564|00#| work_queue_worker[1] wq: WORK_QUEUE_SANDBOX set to /tmp/worker-0-1.
2019/11/22 19:36:49.54 #|1574451409.547020682|00#| work_queue_worker[1] debug: error reading disk usage on directory: ./cache.
2019/11/22 19:36:49.54 #|1574451409.547065263|00#| work_queue_worker[1] dns: looking up name master
2019/11/22 19:36:49.54 #|1574451409.548166880|00#| work_queue_worker[1] dns: master is 10.0.102.2
2019/11/22 19:36:49.54 #|1574451409.548270147|00#| work_queue_worker[1] tcp: connecting to 10.0.102.2 port 1026
2019/11/22 19:36:49.55 #|1574451409.552710515|00#| work_queue_worker[1] tcp: made connection to 10.0.102.2 port 1026
2019/11/22 19:36:49.55 #|1574451409.552742692|00#| work_queue_worker[1] wq: connected to master master:1026 via local address 10.0.102.9:46634
2019/11/22 19:36:49.55 #|1574451409.552759982|00#| work_queue_worker[1] wq: preparing workspace /tmp/worker-0-1
2019/11/22 19:36:49.55 #|1574451409.552896705|00#| work_queue_worker[1] dns: looking up name 0dd26911bf98
2019/11/22 19:36:49.55 #|1574451409.552969407|00#| work_queue_worker[1] dns: 0dd26911bf98 is 10.0.102.9
2019/11/22 19:36:49.55 #|1574451409.552987775|00#| work_queue_worker[1] dns: looking up addr 10.0.102.9
2019/11/22 19:36:49.55 #|1574451409.553028610|00#| work_queue_worker[1] dns: 10.0.102.9 is 0dd26911bf98
2019/11/22 19:36:49.55 #|1574451409.553043879|00#| work_queue_worker[1] dns: finding my hostname: uname = 0dd26911bf98, address = 10.0.102.9, hostname = 0dd26911bf98
2019/11/22 19:36:49.55 #|1574451409.553058268|00#| work_queue_worker[1] wq: tx to master: workqueue 8 0dd26911bf98 Linux x86_64 8.0.0
2019/11/22 19:36:49.55 #|1574451409.553099152|00#| work_queue_worker[1] wq: tx to master: info worker-id worker-49102cc609b70b0baac8ccd0e7ca843f
2019/11/22 19:36:49.55 #|1574451409.553120172|00#| work_queue_worker[1] wq: tx to master: alive
2019/11/22 19:36:49.55 #|1574451409.553136377|00#| work_queue_worker[1] wq: Sending resource description to master:
2019/11/22 19:36:49.55 #|1574451409.553149277|00#| work_queue_worker[1] wq:  workers      0 inuse      1 total      1 smallest      1 largest
2019/11/22 19:36:49.55 #|1574451409.553166374|00#| work_queue_worker[1] wq:     disk      0 inuse 183133 total 183133 smallest 183133 largest
2019/11/22 19:36:49.55 #|1574451409.553182128|00#| work_queue_worker[1] wq:   memory      0 inuse   7749 total   7749 smallest   7749 largest
2019/11/22 19:36:49.55 #|1574451409.553198147|00#| work_queue_worker[1] wq:     gpus      0 inuse      0 total      0 smallest      0 largest
2019/11/22 19:36:49.55 #|1574451409.553214741|00#| work_queue_worker[1] wq:    cores      0 inuse      1 total      1 smallest      1 largest
2019/11/22 19:36:49.55 #|1574451409.553236459|00#| work_queue_worker[1] wq: tx to master: info end_of_resource_update 0
2019/11/22 19:36:49.55 #|1574451409.553255213|00#| work_queue_worker[1] wq: tx to master: info tasks_running 0
2019/11/22 19:36:49.55 #|1574451409.553274628|00#| work_queue_worker[1] wq: working for master at 10.0.102.2:1026.
2019/11/22 19:40:49.58 #|1574451649.589662726|00#| work_queue_worker[1] wq: rx from master: put file-0-25930e3036f13852cb0b29694bbab611-nt/taxdb.bti 14920392 0644 1
2019/11/22 19:40:49.59 #|1574451649.590646416|00#| work_queue_worker[1] wq: Putting file file-0-25930e3036f13852cb0b29694bbab611-nt/taxdb.bti into workspace
2019/11/22 19:40:50.92 #|1574451650.920058057|00#| work_queue_worker[1] wq: rx from master: put file-0-25930e3036f13852cb0b29694bbab611-nt/nt.nal 752 0644 1
2019/11/22 19:40:50.92 #|1574451650.920167649|00#| work_queue_worker[1] wq: Putting file file-0-25930e3036f13852cb0b29694bbab611-nt/nt.nal into workspace
2019/11/22 19:40:50.92 #|1574451650.920370963|00#| work_queue_worker[1] wq: rx from master: put file-0-25930e3036f13852cb0b29694bbab611-nt/nt.44.nni 27220 0644 1
2019/11/22 19:40:50.92 #|1574451650.920432957|00#| work_queue_worker[1] wq: Putting file file-0-25930e3036f13852cb0b29694bbab611-nt/nt.44.nni into workspace
2019/11/22 19:40:50.92 #|1574451650.920600250|00#| work_queue_worker[1] wq: rx from master: put file-0-25930e3036f13852cb0b29694bbab611-nt/nt.44.nog 3378248 0644 1
2019/11/22 19:40:50.92 #|1574451650.920652366|00#| work_queue_worker[1] wq: Putting file file-0-25930e3036f13852cb0b29694bbab611-nt/nt.44.nog into workspace
2019/11/22 19:40:51.20 #|1574451651.201641769|00#| work_queue_worker[1] wq: rx from master: put file-0-25930e3036f13852cb0b29694bbab611-nt/taxdb.btd 141628361 0644 1
2019/11/22 19:40:51.20 #|1574451651.201753855|00#| work_queue_worker[1] wq: Putting file file-0-25930e3036f13852cb0b29694bbab611-nt/taxdb.btd into workspace
2019/11/22 19:41:03.67 #|1574451663.678314350|00#| work_queue_worker[1] wq: rx from master: put file-0-25930e3036f13852cb0b29694bbab611-nt/nt.44.nhr 148534336 0644 1
2019/11/22 19:41:03.67 #|1574451663.678424036|00#| work_queue_worker[1] wq: Putting file file-0-25930e3036f13852cb0b29694bbab611-nt/nt.44.nhr into workspace
2019/11/22 19:41:16.78 #|1574451676.788092732|00#| work_queue_worker[1] wq: rx from master: put file-0-25930e3036f13852cb0b29694bbab611-nt/nt.44.nhi 338004 0644 1
2019/11/22 19:41:16.78 #|1574451676.788201206|00#| work_queue_worker[1] wq: Putting file file-0-25930e3036f13852cb0b29694bbab611-nt/nt.44.nhi into workspace
2019/11/22 19:41:16.79 #|1574451676.797229112|00#| work_queue_worker[1] wq: rx from master: put file-0-25930e3036f13852cb0b29694bbab611-nt/nt.44.nnd 6955488 0644 1
2019/11/22 19:41:16.79 #|1574451676.797336576|00#| work_queue_worker[1] wq: Putting file file-0-25930e3036f13852cb0b29694bbab611-nt/nt.44.nnd into workspace
2019/11/22 19:41:17.41 #|1574451677.410227278|00#| work_queue_worker[1] wq: rx from master: put file-0-25930e3036f13852cb0b29694bbab611-nt/nt.44.nhd 14869748 0644 1
2019/11/22 19:41:17.41 #|1574451677.410347838|00#| work_queue_worker[1] wq: Putting file file-0-25930e3036f13852cb0b29694bbab611-nt/nt.44.nhd into workspace
2019/11/22 19:41:18.72 #|1574451678.720749369|00#| work_queue_worker[1] wq: rx from master: put file-0-25930e3036f13852cb0b29694bbab611-nt/nt.44.nsq 974099786 0644 1
2019/11/22 19:41:18.72 #|1574451678.720870331|00#| work_queue_worker[1] wq: Putting file file-0-25930e3036f13852cb0b29694bbab611-nt/nt.44.nsq into workspace
2019/11/22 19:42:44.69 #|1574451764.691172078|00#| work_queue_worker[1] wq: rx from master: put file-0-25930e3036f13852cb0b29694bbab611-nt/nt.44.nin 10134740 0644 1
2019/11/22 19:42:44.69 #|1574451764.691288523|00#| work_queue_worker[1] wq: Putting file file-0-25930e3036f13852cb0b29694bbab611-nt/nt.44.nin into workspace
2019/11/22 19:42:45.58 #|1574451765.584111786|00#| work_queue_worker[1] wq: rx from master: put file-0-25930e3036f13852cb0b29694bbab611-nt/nt.44.nsi 764650 0644 1
2019/11/22 19:42:45.58 #|1574451765.584246649|00#| work_queue_worker[1] wq: Putting file file-0-25930e3036f13852cb0b29694bbab611-nt/nt.44.nsi into workspace
2019/11/22 19:42:45.65 #|1574451765.651653799|00#| work_queue_worker[1] wq: rx from master: put file-0-25930e3036f13852cb0b29694bbab611-nt/nt.44.nsd 33299557 0644 1
2019/11/22 19:42:45.65 #|1574451765.651775545|00#| work_queue_worker[1] wq: Putting file file-0-25930e3036f13852cb0b29694bbab611-nt/nt.44.nsd into workspace
2019/11/22 19:42:48.58 #|1574451768.587590318|00#| work_queue_worker[1] wq: rx from master: put file-0-e7f309af480f7b15cfe71180f5284818-test.fasta.16 10120 0644 1
2019/11/22 19:42:48.58 #|1574451768.587716313|00#| work_queue_worker[1] wq: Putting file file-0-e7f309af480f7b15cfe71180f5284818-test.fasta.16 into workspace
2019/11/22 19:42:48.58 #|1574451768.588321460|00#| work_queue_worker[1] wq: rx from master: put file-0-daa9c57850b857b80eefebbca6aa18ce-blastall 7687410 0755 1
2019/11/22 19:42:48.58 #|1574451768.588431335|00#| work_queue_worker[1] wq: Putting file file-0-daa9c57850b857b80eefebbca6aa18ce-blastall into workspace
2019/11/22 19:42:49.26 #|1574451769.266747186|00#| work_queue_worker[1] wq: rx from master: task 4
2019/11/22 19:42:49.26 #|1574451769.266832320|00#| work_queue_worker[1] wq: rx from master: cmd 88
2019/11/22 19:42:49.26 #|1574451769.266886989|00#| work_queue_worker[1] wq: rx from master: ./blastall -p blastn -d nt/nt -i test.fasta.16 -o test.fasta.16.out 2> test.fasta.16.err
2019/11/22 19:42:49.26 #|1574451769.266906919|00#| work_queue_worker[1] wq: rx from master: category default
2019/11/22 19:42:49.26 #|1574451769.266927340|00#| work_queue_worker[1] wq: rx from master: cores 1
2019/11/22 19:42:49.26 #|1574451769.266947898|00#| work_queue_worker[1] wq: rx from master: memory 7749
2019/11/22 19:42:49.26 #|1574451769.266967882|00#| work_queue_worker[1] wq: rx from master: disk 183133
2019/11/22 19:42:49.26 #|1574451769.266987655|00#| work_queue_worker[1] wq: rx from master: gpus 0
2019/11/22 19:42:49.26 #|1574451769.267007964|00#| work_queue_worker[1] wq: rx from master: end_time 18446744073709551615
2019/11/22 19:42:49.26 #|1574451769.267029411|00#| work_queue_worker[1] wq: rx from master: wall_time 18446744073709551615
2019/11/22 19:42:49.26 #|1574451769.267049558|00#| work_queue_worker[1] wq: rx from master: env 7
2019/11/22 19:42:49.26 #|1574451769.267073672|00#| work_queue_worker[1] wq: rx from master: env 17
2019/11/22 19:42:49.26 #|1574451769.267096784|00#| work_queue_worker[1] wq: rx from master: infile file-0-25930e3036f13852cb0b29694bbab611-nt nt 1
2019/11/22 19:42:49.26 #|1574451769.267134682|00#| work_queue_worker[1] wq: rx from master: infile file-0-e7f309af480f7b15cfe71180f5284818-test.fasta.16 test.fasta.16 1
2019/11/22 19:42:49.26 #|1574451769.267168958|00#| work_queue_worker[1] wq: rx from master: infile file-0-daa9c57850b857b80eefebbca6aa18ce-blastall blastall 1
2019/11/22 19:42:49.26 #|1574451769.267201085|00#| work_queue_worker[1] wq: rx from master: outfile file-0-49428ca6e9788cb4d3ba878e251f88c4-test.fasta.16.err test.fasta.16.err 1
2019/11/22 19:42:49.26 #|1574451769.267235718|00#| work_queue_worker[1] wq: rx from master: outfile file-0-6d79746b10289399b975e24593cae1b2-test.fasta.16.out test.fasta.16.out 1
2019/11/22 19:42:49.26 #|1574451769.267267996|00#| work_queue_worker[1] wq: rx from master: end
2019/11/22 19:42:49.26 #|1574451769.267534594|00#| work_queue_worker[1] wq: linking cache/file-0-25930e3036f13852cb0b29694bbab611-nt to /tmp/worker-0-1/t.4/nt
2019/11/22 19:42:49.26 #|1574451769.268002823|00#| work_queue_worker[1] wq: linking cache/file-0-e7f309af480f7b15cfe71180f5284818-test.fasta.16 to /tmp/worker-0-1/t.4/test.fasta.16
2019/11/22 19:42:49.26 #|1574451769.268072321|00#| work_queue_worker[1] wq: linking cache/file-0-daa9c57850b857b80eefebbca6aa18ce-blastall to /tmp/worker-0-1/t.4/blastall
2019/11/22 19:42:49.26 #|1574451769.268125862|00#| work_queue_worker[1] wq: Waiting task 4 has been forsaken.
2019/11/22 19:42:49.26 #|1574451769.268150945|00#| work_queue_worker[1] wq: tx to master: alive
2019/11/22 19:42:49.26 #|1574451769.268234776|00#| work_queue_worker[1] wq: Sending resource description to master:
2019/11/22 19:42:49.26 #|1574451769.268257440|00#| work_queue_worker[1] wq:  workers      0 inuse      1 total      1 smallest      1 largest
2019/11/22 19:42:49.26 #|1574451769.268337232|00#| work_queue_worker[1] wq:     disk   1294 inuse 180502 total 180502 smallest 180502 largest
2019/11/22 19:42:49.26 #|1574451769.268434270|00#| work_queue_worker[1] wq:   memory      0 inuse   7749 total   7749 smallest   7749 largest
2019/11/22 19:42:49.26 #|1574451769.268551277|00#| work_queue_worker[1] wq:     gpus      0 inuse      0 total      0 smallest      0 largest
2019/11/22 19:42:49.26 #|1574451769.268643868|00#| work_queue_worker[1] wq:    cores      0 inuse      1 total      1 smallest      1 largest
2019/11/22 19:42:49.26 #|1574451769.268810041|00#| work_queue_worker[1] wq: tx to master: info end_of_resource_update 0
2019/11/22 19:42:49.26 #|1574451769.268923810|00#| work_queue_worker[1] wq: tx to master: info tasks_running 0
2019/11/22 19:42:49.26 #|1574451769.269038601|00#| work_queue_worker[1] wq: tx to master: info tasks_running 0
2019/11/22 19:42:49.26 #|1574451769.269134379|00#| work_queue_worker[1] wq: tx to master: available_results
2019/11/22 19:44:50.27 #|1574451890.276845379|00#| work_queue_worker[1] wq: rx from master: check
2019/11/22 19:44:50.27 #|1574451890.277051239|00#| work_queue_worker[1] wq: tx to master: alive
2019/11/22 19:44:50.27 #|1574451890.277427810|00#| work_queue_worker[1] wq: tx to master: info tasks_running 0
2019/11/22 19:44:50.28 #|1574451890.283592527|00#| work_queue_worker[1] wq: rx from master: send_results -1
2019/11/22 19:44:50.28 #|1574451890.283713432|00#| work_queue_worker[1] wq: tx to master: result 40 0 0 0 4
2019/11/22 19:44:50.28 #|1574451890.283872797|00#| work_queue_worker[1] wq: tx to master: info tasks_running 0
2019/11/22 19:44:50.28 #|1574451890.284004398|00#| work_queue_worker[1] wq: tx to master: end
2019/11/22 19:44:51.84 #|1574451891.845451916|00#| work_queue_worker[1] wq: rx from master: put file-0-c6fe59e7bc34ad592758fbf1affd35b3-test.fasta.6 10110 0644 1
2019/11/22 19:44:51.84 #|1574451891.845706958|00#| work_queue_worker[1] wq: Putting file file-0-c6fe59e7bc34ad592758fbf1affd35b3-test.fasta.6 into workspace
2019/11/22 19:44:51.84 #|1574451891.846646107|00#| work_queue_worker[1] wq: rx from master: task 14
2019/11/22 19:44:51.84 #|1574451891.846744712|00#| work_queue_worker[1] wq: rx from master: cmd 85
2019/11/22 19:44:51.84 #|1574451891.846779629|00#| work_queue_worker[1] wq: rx from master: ./blastall -p blastn -d nt/nt -i test.fasta.6 -o test.fasta.6.out 2> test.fasta.6.err
2019/11/22 19:44:51.84 #|1574451891.846804078|00#| work_queue_worker[1] wq: rx from master: category default
2019/11/22 19:44:51.84 #|1574451891.846829626|00#| work_queue_worker[1] wq: rx from master: cores 1
2019/11/22 19:44:51.84 #|1574451891.846855388|00#| work_queue_worker[1] wq: rx from master: memory 7749
2019/11/22 19:44:51.84 #|1574451891.846880967|00#| work_queue_worker[1] wq: rx from master: disk 180502
2019/11/22 19:44:51.84 #|1574451891.846906345|00#| work_queue_worker[1] wq: rx from master: gpus 0
2019/11/22 19:44:51.84 #|1574451891.846932805|00#| work_queue_worker[1] wq: rx from master: end_time 18446744073709551615
2019/11/22 19:44:51.84 #|1574451891.846960432|00#| work_queue_worker[1] wq: rx from master: wall_time 18446744073709551615
2019/11/22 19:44:51.84 #|1574451891.846985994|00#| work_queue_worker[1] wq: rx from master: env 7
2019/11/22 19:44:51.84 #|1574451891.847016330|00#| work_queue_worker[1] wq: rx from master: env 17
2019/11/22 19:44:51.84 #|1574451891.847046445|00#| work_queue_worker[1] wq: rx from master: infile file-0-25930e3036f13852cb0b29694bbab611-nt nt 1
2019/11/22 19:44:51.84 #|1574451891.847093269|00#| work_queue_worker[1] wq: rx from master: infile file-0-c6fe59e7bc34ad592758fbf1affd35b3-test.fasta.6 test.fasta.6 1
2019/11/22 19:44:51.84 #|1574451891.847136207|00#| work_queue_worker[1] wq: rx from master: infile file-0-daa9c57850b857b80eefebbca6aa18ce-blastall blastall 1
2019/11/22 19:44:51.84 #|1574451891.847176315|00#| work_queue_worker[1] wq: rx from master: outfile file-0-bd9fd21e69318adb97979b465eda0063-test.fasta.6.err test.fasta.6.err 1
2019/11/22 19:44:51.84 #|1574451891.847220035|00#| work_queue_worker[1] wq: rx from master: outfile file-0-a7dc44bc794b29fe719284fc40dc98e9-test.fasta.6.out test.fasta.6.out 1
2019/11/22 19:44:51.84 #|1574451891.847272351|00#| work_queue_worker[1] wq: rx from master: end
2019/11/22 19:44:51.84 #|1574451891.847639259|00#| work_queue_worker[1] wq: linking cache/file-0-25930e3036f13852cb0b29694bbab611-nt to /tmp/worker-0-1/t.14/nt
2019/11/22 19:44:51.84 #|1574451891.848240777|00#| work_queue_worker[1] wq: linking cache/file-0-c6fe59e7bc34ad592758fbf1affd35b3-test.fasta.6 to /tmp/worker-0-1/t.14/test.fasta.6
2019/11/22 19:44:51.84 #|1574451891.848341711|00#| work_queue_worker[1] wq: linking cache/file-0-daa9c57850b857b80eefebbca6aa18ce-blastall to /tmp/worker-0-1/t.14/blastall
2019/11/22 19:44:51.84 #|1574451891.848411507|00#| work_queue_worker[1] wq: Waiting task 14 has been forsaken.
2019/11/22 19:44:51.84 #|1574451891.848437266|00#| work_queue_worker[1] wq: tx to master: alive
2019/11/22 19:44:51.84 #|1574451891.848545995|00#| work_queue_worker[1] wq: Sending resource description to master:
2019/11/22 19:44:51.84 #|1574451891.848574636|00#| work_queue_worker[1] wq:  workers      0 inuse      1 total      1 smallest      1 largest
2019/11/22 19:44:51.84 #|1574451891.848659815|00#| work_queue_worker[1] wq:     disk   1294 inuse 179265 total 179265 smallest 179265 largest
2019/11/22 19:44:51.84 #|1574451891.848740585|00#| work_queue_worker[1] wq:   memory      0 inuse   7749 total   7749 smallest   7749 largest
2019/11/22 19:44:51.84 #|1574451891.848819202|00#| work_queue_worker[1] wq:     gpus      0 inuse      0 total      0 smallest      0 largest
2019/11/22 19:44:51.84 #|1574451891.848898967|00#| work_queue_worker[1] wq:    cores      0 inuse      1 total      1 smallest      1 largest
2019/11/22 19:44:51.84 #|1574451891.849021825|00#| work_queue_worker[1] wq: tx to master: info end_of_resource_update 0
2019/11/22 19:44:51.84 #|1574451891.849098637|00#| work_queue_worker[1] wq: tx to master: info tasks_running 0
2019/11/22 19:44:51.84 #|1574451891.849183381|00#| work_queue_worker[1] wq: tx to master: info tasks_running 0
2019/11/22 19:44:51.84 #|1574451891.849263143|00#| work_queue_worker[1] wq: tx to master: available_results
2019/11/22 19:44:52.90 #|1574451892.906847145|00#| work_queue_worker[1] wq: rx from master: send_results -1
2019/11/22 19:44:52.90 #|1574451892.906952292|00#| work_queue_worker[1] wq: tx to master: result 40 0 0 0 14
2019/11/22 19:44:52.90 #|1574451892.907111800|00#| work_queue_worker[1] wq: tx to master: info tasks_running 0
2019/11/22 19:44:52.90 #|1574451892.907241593|00#| work_queue_worker[1] wq: tx to master: end
2019/11/22 19:44:52.90 #|1574451892.907837024|00#| work_queue_worker[1] wq: rx from master: put file-0-40fd5f960224a9a20c2e8e46163bd3bc-test.fasta.0 10101 0644 1
2019/11/22 19:44:52.90 #|1574451892.907943327|00#| work_queue_worker[1] wq: Putting file file-0-40fd5f960224a9a20c2e8e46163bd3bc-test.fasta.0 into workspace
2019/11/22 19:44:52.90 #|1574451892.909220671|00#| work_queue_worker[1] wq: rx from master: task 20
2019/11/22 19:44:52.90 #|1574451892.909289602|00#| work_queue_worker[1] wq: rx from master: cmd 85
2019/11/22 19:44:52.90 #|1574451892.909334675|00#| work_queue_worker[1] wq: rx from master: ./blastall -p blastn -d nt/nt -i test.fasta.0 -o test.fasta.0.out 2> test.fasta.0.err
2019/11/22 19:44:52.90 #|1574451892.909373410|00#| work_queue_worker[1] wq: rx from master: category default
2019/11/22 19:44:52.90 #|1574451892.909414494|00#| work_queue_worker[1] wq: rx from master: cores 1
2019/11/22 19:44:52.90 #|1574451892.909457749|00#| work_queue_worker[1] wq: rx from master: memory 7749
2019/11/22 19:44:52.90 #|1574451892.909500166|00#| work_queue_worker[1] wq: rx from master: disk 179265
2019/11/22 19:44:52.90 #|1574451892.909542380|00#| work_queue_worker[1] wq: rx from master: gpus 0
2019/11/22 19:44:52.90 #|1574451892.909585825|00#| work_queue_worker[1] wq: rx from master: end_time 18446744073709551615
2019/11/22 19:44:52.90 #|1574451892.909630895|00#| work_queue_worker[1] wq: rx from master: wall_time 18446744073709551615
2019/11/22 19:44:52.90 #|1574451892.909673312|00#| work_queue_worker[1] wq: rx from master: env 7
2019/11/22 19:44:52.90 #|1574451892.909721910|00#| work_queue_worker[1] wq: rx from master: env 17
2019/11/22 19:44:52.90 #|1574451892.909773183|00#| work_queue_worker[1] wq: rx from master: infile file-0-25930e3036f13852cb0b29694bbab611-nt nt 1
2019/11/22 19:44:52.90 #|1574451892.909844145|00#| work_queue_worker[1] wq: rx from master: infile file-0-40fd5f960224a9a20c2e8e46163bd3bc-test.fasta.0 test.fasta.0 1
2019/11/22 19:44:52.90 #|1574451892.909914312|00#| work_queue_worker[1] wq: rx from master: infile file-0-daa9c57850b857b80eefebbca6aa18ce-blastall blastall 1
2019/11/22 19:44:52.90 #|1574451892.909997282|00#| work_queue_worker[1] wq: rx from master: outfile file-0-d3c5f1deffb290ea5b83fcdb7aa44689-test.fasta.0.err test.fasta.0.err 1
2019/11/22 19:44:52.91 #|1574451892.910064445|00#| work_queue_worker[1] wq: rx from master: outfile file-0-19aaebb99ff439298563042059681cfe-test.fasta.0.out test.fasta.0.out 1
2019/11/22 19:44:52.91 #|1574451892.910752798|00#| work_queue_worker[1] wq: rx from master: end
2019/11/22 19:44:52.91 #|1574451892.911064321|00#| work_queue_worker[1] wq: linking cache/file-0-25930e3036f13852cb0b29694bbab611-nt to /tmp/worker-0-1/t.20/nt
2019/11/22 19:44:52.91 #|1574451892.911493934|00#| work_queue_worker[1] wq: linking cache/file-0-40fd5f960224a9a20c2e8e46163bd3bc-test.fasta.0 to /tmp/worker-0-1/t.20/test.fasta.0
2019/11/22 19:44:52.91 #|1574451892.911555926|00#| work_queue_worker[1] wq: linking cache/file-0-daa9c57850b857b80eefebbca6aa18ce-blastall to /tmp/worker-0-1/t.20/blastall
2019/11/22 19:44:52.91 #|1574451892.911807635|00#| work_queue_worker[1] wq: started process 9: ./blastall -p blastn -d nt/nt -i test.fasta.0 -o test.fasta.0.out 2> test.fasta.0.err
2019/11/22 19:44:52.91 #|1574451892.911864886|00#| work_queue_worker[1] wq: tx to master: info tasks_running 1
2019/11/22 19:45:12.36 #|1574451912.364168973|00#| work_queue_worker[1] wq: task 20 (pid 9) exited normally with exit code 0
2019/11/22 19:45:12.36 #|1574451912.364215169|00#| work_queue_worker[1] wq: moving output file from /tmp/worker-0-1/t.20/test.fasta.0.err to cache/file-0-d3c5f1deffb290ea5b83fcdb7aa44689-test.fasta.0.err
2019/11/22 19:45:12.36 #|1574451912.364615839|00#| work_queue_worker[1] wq: moving output file from /tmp/worker-0-1/t.20/test.fasta.0.out to cache/file-0-19aaebb99ff439298563042059681cfe-test.fasta.0.out
2019/11/22 19:45:12.36 #|1574451912.364884753|00#| work_queue_worker[1] wq: tx to master: available_results
2019/11/22 19:45:12.61 #|1574451912.611715004|00#| work_queue_worker[1] wq: rx from master: send_results -1
2019/11/22 19:45:12.61 #|1574451912.611788359|00#| work_queue_worker[1] wq: tx to master: result 0 0 0 19452541 20
2019/11/22 19:45:12.61 #|1574451912.611873241|00#| work_queue_worker[1] wq: tx to master: info tasks_running 0
2019/11/22 19:45:12.61 #|1574451912.611927701|00#| work_queue_worker[1] wq: tx to master: end
2019/11/22 19:45:12.61 #|1574451912.617175988|00#| work_queue_worker[1] wq: rx from master: get file-0-d3c5f1deffb290ea5b83fcdb7aa44689-test.fasta.0.err 1
2019/11/22 19:45:12.61 #|1574451912.617231329|00#| work_queue_worker[1] wq: tx to master: file file-0-d3c5f1deffb290ea5b83fcdb7aa44689-test.fasta.0.err 0
2019/11/22 19:45:12.61 #|1574451912.617300370|00#| work_queue_worker[1] wq: tx to master: end
2019/11/22 19:45:12.61 #|1574451912.617843296|00#| work_queue_worker[1] wq: rx from master: get file-0-19aaebb99ff439298563042059681cfe-test.fasta.0.out 1
2019/11/22 19:45:12.61 #|1574451912.617876659|00#| work_queue_worker[1] wq: tx to master: file file-0-19aaebb99ff439298563042059681cfe-test.fasta.0.out 42704
2019/11/22 19:45:12.61 #|1574451912.619277674|00#| work_queue_worker[1] wq: tx to master: end
2019/11/22 19:45:12.62 #|1574451912.622395285|00#| work_queue_worker[1] wq: rx from master: kill 20
2019/11/22 19:45:12.62 #|1574451912.624287067|00#| work_queue_worker[1] wq: rx from master: put file-0-e046ec692c0ced962d3265bfe7245360-test.fasta.14 10120 0644 1
2019/11/22 19:45:12.62 #|1574451912.624385764|00#| work_queue_worker[1] wq: Putting file file-0-e046ec692c0ced962d3265bfe7245360-test.fasta.14 into workspace
2019/11/22 19:45:12.62 #|1574451912.625219948|00#| work_queue_worker[1] wq: rx from master: task 6
2019/11/22 19:45:12.62 #|1574451912.625270506|00#| work_queue_worker[1] wq: rx from master: cmd 88
2019/11/22 19:45:12.62 #|1574451912.625310356|00#| work_queue_worker[1] wq: rx from master: ./blastall -p blastn -d nt/nt -i test.fasta.14 -o test.fasta.14.out 2> test.fasta.14.err
2019/11/22 19:45:12.62 #|1574451912.625327678|00#| work_queue_worker[1] wq: rx from master: category default
2019/11/22 19:45:12.62 #|1574451912.625349568|00#| work_queue_worker[1] wq: rx from master: cores 1
2019/11/22 19:45:12.62 #|1574451912.625364797|00#| work_queue_worker[1] wq: rx from master: memory 7749
2019/11/22 19:45:12.62 #|1574451912.625379109|00#| work_queue_worker[1] wq: rx from master: disk 179265
2019/11/22 19:45:12.62 #|1574451912.625393935|00#| work_queue_worker[1] wq: rx from master: gpus 0
2019/11/22 19:45:12.62 #|1574451912.625409056|00#| work_queue_worker[1] wq: rx from master: end_time 18446744073709551615
2019/11/22 19:45:12.62 #|1574451912.625424826|00#| work_queue_worker[1] wq: rx from master: wall_time 18446744073709551615
2019/11/22 19:45:12.62 #|1574451912.625440453|00#| work_queue_worker[1] wq: rx from master: env 7
2019/11/22 19:45:12.62 #|1574451912.625458222|00#| work_queue_worker[1] wq: rx from master: env 17
2019/11/22 19:45:12.62 #|1574451912.625476012|00#| work_queue_worker[1] wq: rx from master: infile file-0-25930e3036f13852cb0b29694bbab611-nt nt 1
2019/11/22 19:45:12.62 #|1574451912.625504064|00#| work_queue_worker[1] wq: rx from master: infile file-0-e046ec692c0ced962d3265bfe7245360-test.fasta.14 test.fasta.14 1
2019/11/22 19:45:12.62 #|1574451912.625529843|00#| work_queue_worker[1] wq: rx from master: infile file-0-daa9c57850b857b80eefebbca6aa18ce-blastall blastall 1
2019/11/22 19:45:12.62 #|1574451912.625554191|00#| work_queue_worker[1] wq: rx from master: outfile file-0-5904a03317e7e6566913b82983b96829-test.fasta.14.err test.fasta.14.err 1
2019/11/22 19:45:12.62 #|1574451912.625579870|00#| work_queue_worker[1] wq: rx from master: outfile file-0-6e7fd2228b2f7120a5a28bea1aa8b41f-test.fasta.14.out test.fasta.14.out 1
2019/11/22 19:45:12.62 #|1574451912.625604173|00#| work_queue_worker[1] wq: rx from master: end
2019/11/22 19:45:12.62 #|1574451912.625734856|00#| work_queue_worker[1] wq: linking cache/file-0-25930e3036f13852cb0b29694bbab611-nt to /tmp/worker-0-1/t.6/nt
2019/11/22 19:45:12.62 #|1574451912.626077138|00#| work_queue_worker[1] wq: linking cache/file-0-e046ec692c0ced962d3265bfe7245360-test.fasta.14 to /tmp/worker-0-1/t.6/test.fasta.14
2019/11/22 19:45:12.62 #|1574451912.626151479|00#| work_queue_worker[1] wq: linking cache/file-0-daa9c57850b857b80eefebbca6aa18ce-blastall to /tmp/worker-0-1/t.6/blastall
2019/11/22 19:45:12.62 #|1574451912.626383616|00#| work_queue_worker[1] wq: started process 11: ./blastall -p blastn -d nt/nt -i test.fasta.14 -o test.fasta.14.out 2> test.fasta.14.err
2019/11/22 19:45:12.62 #|1574451912.626428577|00#| work_queue_worker[1] wq: tx to master: info tasks_running 1
2019/11/22 19:45:31.91 #|1574451931.913015330|00#| work_queue_worker[1] wq: task 6 (pid 11) exited normally with exit code 0
2019/11/22 19:45:31.91 #|1574451931.913197545|00#| work_queue_worker[1] wq: moving output file from /tmp/worker-0-1/t.6/test.fasta.14.err to cache/file-0-5904a03317e7e6566913b82983b96829-test.fasta.14.err
2019/11/22 19:45:31.91 #|1574451931.913308513|00#| work_queue_worker[1] wq: moving output file from /tmp/worker-0-1/t.6/test.fasta.14.out to cache/file-0-6e7fd2228b2f7120a5a28bea1aa8b41f-test.fasta.14.out
2019/11/22 19:45:31.91 #|1574451931.913385916|00#| work_queue_worker[1] wq: tx to master: available_results
2019/11/22 19:45:32.11 #|1574451932.115678338|00#| work_queue_worker[1] wq: rx from master: send_results -1
2019/11/22 19:45:32.11 #|1574451932.115801226|00#| work_queue_worker[1] wq: tx to master: result 0 0 0 19286950 6
2019/11/22 19:45:32.11 #|1574451932.115898498|00#| work_queue_worker[1] wq: tx to master: info tasks_running 0
2019/11/22 19:45:32.11 #|1574451932.115950732|00#| work_queue_worker[1] wq: tx to master: end
2019/11/22 19:45:32.11 #|1574451932.116449247|00#| work_queue_worker[1] wq: rx from master: get file-0-5904a03317e7e6566913b82983b96829-test.fasta.14.err 1
2019/11/22 19:45:32.11 #|1574451932.116486089|00#| work_queue_worker[1] wq: tx to master: file file-0-5904a03317e7e6566913b82983b96829-test.fasta.14.err 0
2019/11/22 19:45:32.11 #|1574451932.116544148|00#| work_queue_worker[1] wq: tx to master: end
2019/11/22 19:45:32.11 #|1574451932.117016488|00#| work_queue_worker[1] wq: rx from master: get file-0-6e7fd2228b2f7120a5a28bea1aa8b41f-test.fasta.14.out 1
2019/11/22 19:45:32.11 #|1574451932.117051757|00#| work_queue_worker[1] wq: tx to master: file file-0-6e7fd2228b2f7120a5a28bea1aa8b41f-test.fasta.14.out 18451
2019/11/22 19:45:32.11 #|1574451932.117187583|00#| work_queue_worker[1] wq: tx to master: end
2019/11/22 19:45:32.11 #|1574451932.119553821|00#| work_queue_worker[1] wq: rx from master: kill 6
2019/11/22 19:45:32.12 #|1574451932.120325348|00#| work_queue_worker[1] wq: rx from master: put file-0-9f04d57561db456f4f47dcdca9feb103-test.fasta.7 10110 0644 1
2019/11/22 19:45:32.12 #|1574451932.120368434|00#| work_queue_worker[1] wq: Putting file file-0-9f04d57561db456f4f47dcdca9feb103-test.fasta.7 into workspace
2019/11/22 19:45:32.12 #|1574451932.121516914|00#| work_queue_worker[1] wq: rx from master: task 13
2019/11/22 19:45:32.12 #|1574451932.121551677|00#| work_queue_worker[1] wq: rx from master: cmd 85
2019/11/22 19:45:32.12 #|1574451932.121570576|00#| work_queue_worker[1] wq: rx from master: ./blastall -p blastn -d nt/nt -i test.fasta.7 -o test.fasta.7.out 2> test.fasta.7.err
2019/11/22 19:45:32.12 #|1574451932.121583794|00#| work_queue_worker[1] wq: rx from master: category default
2019/11/22 19:45:32.12 #|1574451932.121598071|00#| work_queue_worker[1] wq: rx from master: cores 1
2019/11/22 19:45:32.12 #|1574451932.121612747|00#| work_queue_worker[1] wq: rx from master: memory 7749
2019/11/22 19:45:32.12 #|1574451932.121627155|00#| work_queue_worker[1] wq: rx from master: disk 179265
2019/11/22 19:45:32.12 #|1574451932.121641437|00#| work_queue_worker[1] wq: rx from master: gpus 0
2019/11/22 19:45:32.12 #|1574451932.121656123|00#| work_queue_worker[1] wq: rx from master: end_time 18446744073709551615
2019/11/22 19:45:32.12 #|1574451932.121672196|00#| work_queue_worker[1] wq: rx from master: wall_time 18446744073709551615
2019/11/22 19:45:32.12 #|1574451932.121687032|00#| work_queue_worker[1] wq: rx from master: env 7
2019/11/22 19:45:32.12 #|1574451932.121704716|00#| work_queue_worker[1] wq: rx from master: env 17
2019/11/22 19:45:32.12 #|1574451932.121721709|00#| work_queue_worker[1] wq: rx from master: infile file-0-25930e3036f13852cb0b29694bbab611-nt nt 1
2019/11/22 19:45:32.12 #|1574451932.121782869|00#| work_queue_worker[1] wq: rx from master: infile file-0-9f04d57561db456f4f47dcdca9feb103-test.fasta.7 test.fasta.7 1
2019/11/22 19:45:32.12 #|1574451932.121811761|00#| work_queue_worker[1] wq: rx from master: infile file-0-daa9c57850b857b80eefebbca6aa18ce-blastall blastall 1
2019/11/22 19:45:32.12 #|1574451932.121836108|00#| work_queue_worker[1] wq: rx from master: outfile file-0-d08e27aac9e49582c455b76197081fb3-test.fasta.7.err test.fasta.7.err 1
2019/11/22 19:45:32.12 #|1574451932.121861735|00#| work_queue_worker[1] wq: rx from master: outfile file-0-c17c0db997ae1cdb7af1ea386e447bb4-test.fasta.7.out test.fasta.7.out 1
2019/11/22 19:45:32.12 #|1574451932.121886284|00#| work_queue_worker[1] wq: rx from master: end
2019/11/22 19:45:32.12 #|1574451932.122041020|00#| work_queue_worker[1] wq: linking cache/file-0-25930e3036f13852cb0b29694bbab611-nt to /tmp/worker-0-1/t.13/nt
2019/11/22 19:45:32.12 #|1574451932.122386589|00#| work_queue_worker[1] wq: linking cache/file-0-9f04d57561db456f4f47dcdca9feb103-test.fasta.7 to /tmp/worker-0-1/t.13/test.fasta.7
2019/11/22 19:45:32.12 #|1574451932.122436644|00#| work_queue_worker[1] wq: linking cache/file-0-daa9c57850b857b80eefebbca6aa18ce-blastall to /tmp/worker-0-1/t.13/blastall
2019/11/22 19:45:32.12 #|1574451932.122666776|00#| work_queue_worker[1] wq: started process 13: ./blastall -p blastn -d nt/nt -i test.fasta.7 -o test.fasta.7.out 2> test.fasta.7.err
2019/11/22 19:45:32.12 #|1574451932.122715612|00#| work_queue_worker[1] wq: tx to master: info tasks_running 1
2019/11/22 19:45:51.36 #|1574451951.369835628|00#| work_queue_worker[1] wq: task 13 (pid 13) exited normally with exit code 0
2019/11/22 19:45:51.37 #|1574451951.370015928|00#| work_queue_worker[1] wq: moving output file from /tmp/worker-0-1/t.13/test.fasta.7.err to cache/file-0-d08e27aac9e49582c455b76197081fb3-test.fasta.7.err
2019/11/22 19:45:51.37 #|1574451951.370129674|00#| work_queue_worker[1] wq: moving output file from /tmp/worker-0-1/t.13/test.fasta.7.out to cache/file-0-c17c0db997ae1cdb7af1ea386e447bb4-test.fasta.7.out
2019/11/22 19:45:51.37 #|1574451951.370208252|00#| work_queue_worker[1] wq: tx to master: available_results
2019/11/22 19:45:51.74 #|1574451951.741839522|00#| work_queue_worker[1] wq: rx from master: send_results -1
2019/11/22 19:45:51.74 #|1574451951.741908549|00#| work_queue_worker[1] wq: tx to master: result 0 0 0 19247506 13
2019/11/22 19:45:51.74 #|1574451951.741989999|00#| work_queue_worker[1] wq: tx to master: info tasks_running 0
2019/11/22 19:45:51.74 #|1574451951.742041045|00#| work_queue_worker[1] wq: tx to master: end
2019/11/22 19:45:51.74 #|1574451951.743134321|00#| work_queue_worker[1] wq: rx from master: get file-0-d08e27aac9e49582c455b76197081fb3-test.fasta.7.err 1
2019/11/22 19:45:51.74 #|1574451951.743180703|00#| work_queue_worker[1] wq: tx to master: file file-0-d08e27aac9e49582c455b76197081fb3-test.fasta.7.err 0
2019/11/22 19:45:51.74 #|1574451951.743240343|00#| work_queue_worker[1] wq: tx to master: end
2019/11/22 19:45:51.74 #|1574451951.743777712|00#| work_queue_worker[1] wq: rx from master: get file-0-c17c0db997ae1cdb7af1ea386e447bb4-test.fasta.7.out 1
2019/11/22 19:45:51.74 #|1574451951.743811457|00#| work_queue_worker[1] wq: tx to master: file file-0-c17c0db997ae1cdb7af1ea386e447bb4-test.fasta.7.out 20517
2019/11/22 19:45:51.74 #|1574451951.743946953|00#| work_queue_worker[1] wq: tx to master: end
2019/11/22 19:45:51.74 #|1574451951.746261407|00#| work_queue_worker[1] wq: rx from master: kill 13
2019/11/22 19:45:51.75 #|1574451951.751132113|00#| work_queue_worker[1] wq: rx from master: put file-0-861f258aeedab7469eb02fd8febc6d36-test.fasta.13 10120 0644 1
2019/11/22 19:45:51.75 #|1574451951.751185770|00#| work_queue_worker[1] wq: Putting file file-0-861f258aeedab7469eb02fd8febc6d36-test.fasta.13 into workspace
2019/11/22 19:45:51.75 #|1574451951.752313426|00#| work_queue_worker[1] wq: rx from master: task 7
2019/11/22 19:45:51.75 #|1574451951.752344804|00#| work_queue_worker[1] wq: rx from master: cmd 88
2019/11/22 19:45:51.75 #|1574451951.752364198|00#| work_queue_worker[1] wq: rx from master: ./blastall -p blastn -d nt/nt -i test.fasta.13 -o test.fasta.13.out 2> test.fasta.13.err
2019/11/22 19:45:51.75 #|1574451951.752377417|00#| work_queue_worker[1] wq: rx from master: category default
2019/11/22 19:45:51.75 #|1574451951.752392168|00#| work_queue_worker[1] wq: rx from master: cores 1
2019/11/22 19:45:51.75 #|1574451951.752407135|00#| work_queue_worker[1] wq: rx from master: memory 7749
2019/11/22 19:45:51.75 #|1574451951.752421488|00#| work_queue_worker[1] wq: rx from master: disk 179265
2019/11/22 19:45:51.75 #|1574451951.752436574|00#| work_queue_worker[1] wq: rx from master: gpus 0
2019/11/22 19:45:51.75 #|1574451951.752452538|00#| work_queue_worker[1] wq: rx from master: end_time 18446744073709551615
2019/11/22 19:45:51.75 #|1574451951.752468737|00#| work_queue_worker[1] wq: rx from master: wall_time 18446744073709551615
2019/11/22 19:45:51.75 #|1574451951.752484098|00#| work_queue_worker[1] wq: rx from master: env 7
2019/11/22 19:45:51.75 #|1574451951.752501467|00#| work_queue_worker[1] wq: rx from master: env 17
2019/11/22 19:45:51.75 #|1574451951.752518119|00#| work_queue_worker[1] wq: rx from master: infile file-0-25930e3036f13852cb0b29694bbab611-nt nt 1
2019/11/22 19:45:51.75 #|1574451951.752551270|00#| work_queue_worker[1] wq: rx from master: infile file-0-861f258aeedab7469eb02fd8febc6d36-test.fasta.13 test.fasta.13 1
2019/11/22 19:45:51.75 #|1574451951.752580615|00#| work_queue_worker[1] wq: rx from master: infile file-0-daa9c57850b857b80eefebbca6aa18ce-blastall blastall 1
2019/11/22 19:45:51.75 #|1574451951.752604786|00#| work_queue_worker[1] wq: rx from master: outfile file-0-a1e084cfb47df79ee8a2d374c2d9abba-test.fasta.13.err test.fasta.13.err 1
2019/11/22 19:45:51.75 #|1574451951.753294723|00#| work_queue_worker[1] wq: rx from master: outfile file-0-dc058f4294b64abb0a149cc97b0d5b94-test.fasta.13.out test.fasta.13.out 1
2019/11/22 19:45:51.75 #|1574451951.753324776|00#| work_queue_worker[1] wq: rx from master: end
2019/11/22 19:45:51.75 #|1574451951.753467054|00#| work_queue_worker[1] wq: linking cache/file-0-25930e3036f13852cb0b29694bbab611-nt to /tmp/worker-0-1/t.7/nt
2019/11/22 19:45:51.75 #|1574451951.753809557|00#| work_queue_worker[1] wq: linking cache/file-0-861f258aeedab7469eb02fd8febc6d36-test.fasta.13 to /tmp/worker-0-1/t.7/test.fasta.13
2019/11/22 19:45:51.75 #|1574451951.753863627|00#| work_queue_worker[1] wq: linking cache/file-0-daa9c57850b857b80eefebbca6aa18ce-blastall to /tmp/worker-0-1/t.7/blastall
2019/11/22 19:45:51.75 #|1574451951.754185826|00#| work_queue_worker[1] wq: started process 15: ./blastall -p blastn -d nt/nt -i test.fasta.13 -o test.fasta.13.out 2> test.fasta.13.err
2019/11/22 19:45:51.75 #|1574451951.754253412|00#| work_queue_worker[1] wq: tx to master: info tasks_running 1
2019/11/22 19:46:05.43 #|1574451965.438177025|00#| work_queue_worker[1] wq: task 7 (pid 15) exited normally with exit code 0
2019/11/22 19:46:05.43 #|1574451965.438216339|00#| work_queue_worker[1] wq: moving output file from /tmp/worker-0-1/t.7/test.fasta.13.err to cache/file-0-a1e084cfb47df79ee8a2d374c2d9abba-test.fasta.13.err
2019/11/22 19:46:05.43 #|1574451965.438289700|00#| work_queue_worker[1] wq: moving output file from /tmp/worker-0-1/t.7/test.fasta.13.out to cache/file-0-dc058f4294b64abb0a149cc97b0d5b94-test.fasta.13.out
2019/11/22 19:46:05.43 #|1574451965.438424685|00#| work_queue_worker[1] wq: tx to master: available_results
2019/11/22 19:46:05.43 #|1574451965.438941696|00#| work_queue_worker[1] wq: rx from master: send_results -1
2019/11/22 19:46:05.43 #|1574451965.438982347|00#| work_queue_worker[1] wq: tx to master: result 0 0 0 13684248 7
2019/11/22 19:46:05.43 #|1574451965.439035866|00#| work_queue_worker[1] wq: tx to master: info tasks_running 0
2019/11/22 19:46:05.43 #|1574451965.439083793|00#| work_queue_worker[1] wq: tx to master: end
2019/11/22 19:46:05.43 #|1574451965.439570864|00#| work_queue_worker[1] wq: rx from master: get file-0-a1e084cfb47df79ee8a2d374c2d9abba-test.fasta.13.err 1
2019/11/22 19:46:05.43 #|1574451965.439610020|00#| work_queue_worker[1] wq: tx to master: file file-0-a1e084cfb47df79ee8a2d374c2d9abba-test.fasta.13.err 0
2019/11/22 19:46:05.43 #|1574451965.439665217|00#| work_queue_worker[1] wq: tx to master: end
2019/11/22 19:46:05.44 #|1574451965.440132956|00#| work_queue_worker[1] wq: rx from master: get file-0-dc058f4294b64abb0a149cc97b0d5b94-test.fasta.13.out 1
2019/11/22 19:46:05.44 #|1574451965.440163958|00#| work_queue_worker[1] wq: tx to master: file file-0-dc058f4294b64abb0a149cc97b0d5b94-test.fasta.13.out 23659
2019/11/22 19:46:05.44 #|1574451965.440343527|00#| work_queue_worker[1] wq: tx to master: end
2019/11/22 19:46:05.44 #|1574451965.442922377|00#| work_queue_worker[1] wq: rx from master: kill 7
2019/11/22 19:46:08.11 #|1574451968.116013454|00#| work_queue_worker[1] wq: rx from master: release
2019/11/22 19:46:08.11 #|1574451968.116180584|00#| work_queue_worker[1] wq: released by master 10.0.102.2:1026.
2019/11/22 19:46:08.11 #|1574451968.117295335|00#| work_queue_worker[1] wq: cleaning workspace /tmp/worker-0-1
2019/11/22 19:46:08.32 #|1574451968.324904143|00#| work_queue_worker[1] wq: disconnecting from master 10.0.102.2:1026
2019/11/22 19:46:08.32 #|1574451968.325106042|00#| work_queue_worker[1] tcp: disconnected from 10.0.102.2 port 1026
2019/11/22 19:46:08.32 #|1574451968.325168239|00#| work_queue_worker[1] wq: killing all outstanding tasks
2019/11/22 19:46:08.32 #|1574451968.325246462|00#| work_queue_worker[1] wq: all data structures are clean
2019/11/22 19:46:09.32 #|1574451969.325392571|00#| work_queue_worker[1] dns: looking up name master
2019/11/22 19:46:09.32 #|1574451969.329004320|00#| work_queue_worker[1] dns: couldn't look up master: Name or service not known
