2019/11/22 19:37:41.14 #|1574451461.143233690|00#| work_queue_worker[1] debug: /root/cctools/bin/work_queue_worker version 8.0.0 DEVELOPMENT (released 2019-11-14 15:35:16 +0000)
2019/11/22 19:37:41.14 #|1574451461.143271839|00#| work_queue_worker[1] debug: Built by root@7e9ecba79f43 on 2019-11-14 15:35:16 +0000
2019/11/22 19:37:41.14 #|1574451461.143281442|00#| work_queue_worker[1] debug: System: Linux 7e9ecba79f43 5.0.0-32-generic #34~18.04.2-Ubuntu SMP Thu Oct 10 10:36:02 UTC 2019 x86_64 x86_64 x86_64 GNU/Linux
2019/11/22 19:37:41.14 #|1574451461.143289855|00#| work_queue_worker[1] debug: Configuration: --prefix /root/cctools
2019/11/22 19:37:41.14 #|1574451461.143467795|00#| work_queue_worker[1] wq: WORK_QUEUE_SANDBOX set to /tmp/worker-0-1.
2019/11/22 19:37:41.14 #|1574451461.143954566|00#| work_queue_worker[1] debug: error reading disk usage on directory: ./cache.
2019/11/22 19:37:41.14 #|1574451461.143982317|00#| work_queue_worker[1] dns: looking up name master
2019/11/22 19:37:41.14 #|1574451461.146090728|00#| work_queue_worker[1] dns: couldn't look up master: Name or service not known
2019/11/22 19:37:43.14 #|1574451463.146256003|00#| work_queue_worker[1] dns: looking up name master
2019/11/22 19:37:43.14 #|1574451463.146712979|00#| work_queue_worker[1] dns: master is 10.0.103.17
2019/11/22 19:37:43.14 #|1574451463.146750691|00#| work_queue_worker[1] tcp: connecting to 10.0.103.17 port 1026
2019/11/22 19:37:43.14 #|1574451463.146957463|00#| work_queue_worker[1] tcp: made connection to 10.0.103.17 port 1026
2019/11/22 19:37:43.14 #|1574451463.146978561|00#| work_queue_worker[1] wq: connected to master master:1026 via local address 10.0.103.14:50276
2019/11/22 19:37:43.14 #|1574451463.146988547|00#| work_queue_worker[1] wq: preparing workspace /tmp/worker-0-1
2019/11/22 19:37:43.14 #|1574451463.147139240|00#| work_queue_worker[1] dns: looking up name 4ab0bf057ec8
2019/11/22 19:37:43.14 #|1574451463.147187202|00#| work_queue_worker[1] dns: 4ab0bf057ec8 is 10.0.103.14
2019/11/22 19:37:43.14 #|1574451463.147199020|00#| work_queue_worker[1] dns: looking up addr 10.0.103.14
2019/11/22 19:37:43.14 #|1574451463.147225772|00#| work_queue_worker[1] dns: 10.0.103.14 is 4ab0bf057ec8
2019/11/22 19:37:43.14 #|1574451463.147236267|00#| work_queue_worker[1] dns: finding my hostname: uname = 4ab0bf057ec8, address = 10.0.103.14, hostname = 4ab0bf057ec8
2019/11/22 19:37:43.14 #|1574451463.147246288|00#| work_queue_worker[1] wq: tx to master: workqueue 8 4ab0bf057ec8 Linux x86_64 8.0.0
2019/11/22 19:37:43.14 #|1574451463.147312926|00#| work_queue_worker[1] wq: tx to master: info worker-id worker-77c6da40a6a62c9bf490c6d2386e00d6
2019/11/22 19:37:43.14 #|1574451463.147367929|00#| work_queue_worker[1] wq: tx to master: alive
2019/11/22 19:37:43.14 #|1574451463.147419777|00#| work_queue_worker[1] wq: Sending resource description to master:
2019/11/22 19:37:43.14 #|1574451463.147433276|00#| work_queue_worker[1] wq:  workers      0 inuse      1 total      1 smallest      1 largest
2019/11/22 19:37:43.14 #|1574451463.147483398|00#| work_queue_worker[1] wq:     disk      0 inuse   2389 total   2389 smallest   2389 largest
2019/11/22 19:37:43.14 #|1574451463.147535829|00#| work_queue_worker[1] wq:   memory      0 inuse  11908 total  11908 smallest  11908 largest
2019/11/22 19:37:43.14 #|1574451463.147589061|00#| work_queue_worker[1] wq:     gpus      0 inuse      0 total      0 smallest      0 largest
2019/11/22 19:37:43.14 #|1574451463.147641421|00#| work_queue_worker[1] wq:    cores      0 inuse      1 total      1 smallest      1 largest
2019/11/22 19:37:43.14 #|1574451463.147721526|00#| work_queue_worker[1] wq: tx to master: info end_of_resource_update 0
2019/11/22 19:37:43.14 #|1574451463.147772564|00#| work_queue_worker[1] wq: tx to master: info tasks_running 0
2019/11/22 19:37:43.14 #|1574451463.147823083|00#| work_queue_worker[1] wq: working for master at 10.0.103.17:1026.
2019/11/22 19:37:44.26 #|1574451464.269101332|00#| work_queue_worker[1] wq: rx from master: put file-0-25930e3036f13852cb0b29694bbab611-nt/taxdb.bti 14920392 0644 1
2019/11/22 19:37:44.26 #|1574451464.269193423|00#| work_queue_worker[1] wq: Putting file file-0-25930e3036f13852cb0b29694bbab611-nt/taxdb.bti into workspace
2019/11/22 19:37:44.30 #|1574451464.301606845|00#| work_queue_worker[1] wq: rx from master: put file-0-25930e3036f13852cb0b29694bbab611-nt/nt.nal 752 0644 1
2019/11/22 19:37:44.30 #|1574451464.301657785|00#| work_queue_worker[1] wq: Putting file file-0-25930e3036f13852cb0b29694bbab611-nt/nt.nal into workspace
2019/11/22 19:37:44.30 #|1574451464.301762431|00#| work_queue_worker[1] wq: rx from master: put file-0-25930e3036f13852cb0b29694bbab611-nt/nt.44.nni 27220 0644 1
2019/11/22 19:37:44.30 #|1574451464.301791041|00#| work_queue_worker[1] wq: Putting file file-0-25930e3036f13852cb0b29694bbab611-nt/nt.44.nni into workspace
2019/11/22 19:37:44.30 #|1574451464.301952678|00#| work_queue_worker[1] wq: rx from master: put file-0-25930e3036f13852cb0b29694bbab611-nt/nt.44.nog 3378248 0644 1
2019/11/22 19:37:44.30 #|1574451464.301984820|00#| work_queue_worker[1] wq: Putting file file-0-25930e3036f13852cb0b29694bbab611-nt/nt.44.nog into workspace
2019/11/22 19:37:44.30 #|1574451464.308469515|00#| work_queue_worker[1] wq: rx from master: put file-0-25930e3036f13852cb0b29694bbab611-nt/taxdb.btd 141628361 0644 1
2019/11/22 19:37:44.30 #|1574451464.308520660|00#| work_queue_worker[1] wq: Putting file file-0-25930e3036f13852cb0b29694bbab611-nt/taxdb.btd into workspace
2019/11/22 19:37:44.50 #|1574451464.504874640|00#| work_queue_worker[1] wq: rx from master: put file-0-25930e3036f13852cb0b29694bbab611-nt/nt.44.nhr 148534336 0644 1
2019/11/22 19:37:44.50 #|1574451464.504918157|00#| work_queue_worker[1] wq: Putting file file-0-25930e3036f13852cb0b29694bbab611-nt/nt.44.nhr into workspace
2019/11/22 19:37:44.69 #|1574451464.694831507|00#| work_queue_worker[1] wq: rx from master: put file-0-25930e3036f13852cb0b29694bbab611-nt/nt.44.nhi 338004 0644 1
2019/11/22 19:37:44.69 #|1574451464.694874257|00#| work_queue_worker[1] wq: Putting file file-0-25930e3036f13852cb0b29694bbab611-nt/nt.44.nhi into workspace
2019/11/22 19:37:44.69 #|1574451464.695393471|00#| work_queue_worker[1] wq: rx from master: put file-0-25930e3036f13852cb0b29694bbab611-nt/nt.44.nnd 6955488 0644 1
2019/11/22 19:37:44.69 #|1574451464.695417718|00#| work_queue_worker[1] wq: Putting file file-0-25930e3036f13852cb0b29694bbab611-nt/nt.44.nnd into workspace
2019/11/22 19:37:44.70 #|1574451464.704429711|00#| work_queue_worker[1] wq: rx from master: put file-0-25930e3036f13852cb0b29694bbab611-nt/nt.44.nhd 14869748 0644 1
2019/11/22 19:37:44.70 #|1574451464.704475802|00#| work_queue_worker[1] wq: Putting file file-0-25930e3036f13852cb0b29694bbab611-nt/nt.44.nhd into workspace
2019/11/22 19:37:44.72 #|1574451464.723783628|00#| work_queue_worker[1] wq: rx from master: put file-0-25930e3036f13852cb0b29694bbab611-nt/nt.44.nsq 974099786 0644 1
2019/11/22 19:37:44.72 #|1574451464.723827492|00#| work_queue_worker[1] wq: Putting file file-0-25930e3036f13852cb0b29694bbab611-nt/nt.44.nsq into workspace
2019/11/22 19:37:44.72 #|1574451464.723840979|00#| work_queue_worker[1] debug: File of size 928 MB will lower available disk space (879 MB) below threshold (0 MB).
2019/11/22 19:37:44.72 #|1574451464.723849705|00#| work_queue_worker[1] wq: Could not put file file-0-25930e3036f13852cb0b29694bbab611-nt/nt.44.nsq, not enough disk space (974099786 bytes needed)
2019/11/22 19:37:44.72 #|1574451464.723861529|00#| work_queue_worker[1] wq: cleaning workspace /tmp/worker-0-1
2019/11/22 19:37:44.77 #|1574451464.779497461|00#| work_queue_worker[1] wq: disconnecting from master 10.0.103.17:1026
2019/11/22 19:37:44.77 #|1574451464.779683578|00#| work_queue_worker[1] tcp: disconnected from 10.0.103.17 port 1026
2019/11/22 19:37:44.77 #|1574451464.779698313|00#| work_queue_worker[1] wq: killing all outstanding tasks
2019/11/22 19:37:44.77 #|1574451464.779709197|00#| work_queue_worker[1] wq: all data structures are clean
2019/11/22 19:37:50.78 #|1574451470.780171567|00#| work_queue_worker[1] debug: error reading disk usage on directory: ./cache.
2019/11/22 19:37:50.78 #|1574451470.780227226|00#| work_queue_worker[1] tcp: connecting to 10.0.103.17 port 1026
2019/11/22 19:37:50.78 #|1574451470.780415100|00#| work_queue_worker[1] tcp: made connection to 10.0.103.17 port 1026
2019/11/22 19:37:50.78 #|1574451470.780433698|00#| work_queue_worker[1] wq: connected to master master:1026 via local address 10.0.103.14:50290
2019/11/22 19:37:50.78 #|1574451470.780443347|00#| work_queue_worker[1] wq: preparing workspace /tmp/worker-0-1
2019/11/22 19:37:50.78 #|1574451470.780565477|00#| work_queue_worker[1] dns: finding my hostname: uname = 4ab0bf057ec8, address = 10.0.103.14, hostname = 4ab0bf057ec8
2019/11/22 19:37:50.78 #|1574451470.780579719|00#| work_queue_worker[1] wq: tx to master: workqueue 8 4ab0bf057ec8 Linux x86_64 8.0.0
2019/11/22 19:37:50.78 #|1574451470.780643869|00#| work_queue_worker[1] wq: tx to master: info worker-id worker-77c6da40a6a62c9bf490c6d2386e00d6
2019/11/22 19:37:50.78 #|1574451470.780696230|00#| work_queue_worker[1] wq: tx to master: alive
2019/11/22 19:37:50.78 #|1574451470.780744229|00#| work_queue_worker[1] wq: Sending resource description to master:
2019/11/22 19:37:50.78 #|1574451470.780756267|00#| work_queue_worker[1] wq:  workers      0 inuse      1 total      1 smallest      1 largest
2019/11/22 19:37:50.78 #|1574451470.780802448|00#| work_queue_worker[1] wq:     disk      0 inuse   1094 total   1094 smallest   1094 largest
2019/11/22 19:37:50.78 #|1574451470.780850950|00#| work_queue_worker[1] wq:   memory      0 inuse  11908 total  11908 smallest  11908 largest
2019/11/22 19:37:50.78 #|1574451470.780899279|00#| work_queue_worker[1] wq:     gpus      0 inuse      0 total      0 smallest      0 largest
2019/11/22 19:37:50.78 #|1574451470.780947848|00#| work_queue_worker[1] wq:    cores      0 inuse      1 total      1 smallest      1 largest
2019/11/22 19:37:50.78 #|1574451470.781023938|00#| work_queue_worker[1] wq: tx to master: info end_of_resource_update 0
2019/11/22 19:37:50.78 #|1574451470.781072254|00#| work_queue_worker[1] wq: tx to master: info tasks_running 0
2019/11/22 19:37:50.78 #|1574451470.781119726|00#| work_queue_worker[1] wq: working for master at 10.0.103.17:1026.
2019/11/22 19:43:59.18 #|1574451839.181432540|00#| work_queue_worker[1] wq: rx from master: put file-0-25930e3036f13852cb0b29694bbab611-nt/taxdb.bti 14920392 0644 1
2019/11/22 19:43:59.18 #|1574451839.181476451|00#| work_queue_worker[1] wq: Putting file file-0-25930e3036f13852cb0b29694bbab611-nt/taxdb.bti into workspace
2019/11/22 19:43:59.20 #|1574451839.203891095|00#| work_queue_worker[1] wq: rx from master: put file-0-25930e3036f13852cb0b29694bbab611-nt/nt.nal 752 0644 1
2019/11/22 19:43:59.20 #|1574451839.203934190|00#| work_queue_worker[1] wq: Putting file file-0-25930e3036f13852cb0b29694bbab611-nt/nt.nal into workspace
2019/11/22 19:43:59.20 #|1574451839.204038138|00#| work_queue_worker[1] wq: rx from master: put file-0-25930e3036f13852cb0b29694bbab611-nt/nt.44.nni 27220 0644 1
2019/11/22 19:43:59.20 #|1574451839.204061460|00#| work_queue_worker[1] wq: Putting file file-0-25930e3036f13852cb0b29694bbab611-nt/nt.44.nni into workspace
2019/11/22 19:43:59.20 #|1574451839.204230124|00#| work_queue_worker[1] wq: rx from master: put file-0-25930e3036f13852cb0b29694bbab611-nt/nt.44.nog 3378248 0644 1
2019/11/22 19:43:59.20 #|1574451839.204260626|00#| work_queue_worker[1] wq: Putting file file-0-25930e3036f13852cb0b29694bbab611-nt/nt.44.nog into workspace
2019/11/22 19:43:59.20 #|1574451839.209336026|00#| work_queue_worker[1] wq: rx from master: put file-0-25930e3036f13852cb0b29694bbab611-nt/taxdb.btd 141628361 0644 1
2019/11/22 19:43:59.20 #|1574451839.209389615|00#| work_queue_worker[1] wq: Putting file file-0-25930e3036f13852cb0b29694bbab611-nt/taxdb.btd into workspace
2019/11/22 19:43:59.40 #|1574451839.408940847|00#| work_queue_worker[1] wq: rx from master: put file-0-25930e3036f13852cb0b29694bbab611-nt/nt.44.nhr 148534336 0644 1
2019/11/22 19:43:59.40 #|1574451839.408988344|00#| work_queue_worker[1] wq: Putting file file-0-25930e3036f13852cb0b29694bbab611-nt/nt.44.nhr into workspace
2019/11/22 19:43:59.60 #|1574451839.605780232|00#| work_queue_worker[1] wq: rx from master: put file-0-25930e3036f13852cb0b29694bbab611-nt/nt.44.nhi 338004 0644 1
2019/11/22 19:43:59.60 #|1574451839.605824126|00#| work_queue_worker[1] wq: Putting file file-0-25930e3036f13852cb0b29694bbab611-nt/nt.44.nhi into workspace
2019/11/22 19:43:59.60 #|1574451839.606365473|00#| work_queue_worker[1] wq: rx from master: put file-0-25930e3036f13852cb0b29694bbab611-nt/nt.44.nnd 6955488 0644 1
2019/11/22 19:43:59.60 #|1574451839.606389938|00#| work_queue_worker[1] wq: Putting file file-0-25930e3036f13852cb0b29694bbab611-nt/nt.44.nnd into workspace
2019/11/22 19:43:59.61 #|1574451839.615521247|00#| work_queue_worker[1] wq: rx from master: put file-0-25930e3036f13852cb0b29694bbab611-nt/nt.44.nhd 14869748 0644 1
2019/11/22 19:43:59.61 #|1574451839.615563553|00#| work_queue_worker[1] wq: Putting file file-0-25930e3036f13852cb0b29694bbab611-nt/nt.44.nhd into workspace
2019/11/22 19:43:59.63 #|1574451839.634821556|00#| work_queue_worker[1] wq: rx from master: put file-0-25930e3036f13852cb0b29694bbab611-nt/nt.44.nsq 974099786 0644 1
2019/11/22 19:43:59.63 #|1574451839.634864858|00#| work_queue_worker[1] wq: Putting file file-0-25930e3036f13852cb0b29694bbab611-nt/nt.44.nsq into workspace
2019/11/22 19:43:59.63 #|1574451839.634878574|00#| work_queue_worker[1] debug: File of size 928 MB will lower available disk space (879 MB) below threshold (0 MB).
2019/11/22 19:43:59.63 #|1574451839.634887341|00#| work_queue_worker[1] wq: Could not put file file-0-25930e3036f13852cb0b29694bbab611-nt/nt.44.nsq, not enough disk space (974099786 bytes needed)
2019/11/22 19:43:59.63 #|1574451839.634899023|00#| work_queue_worker[1] wq: cleaning workspace /tmp/worker-0-1
2019/11/22 19:43:59.69 #|1574451839.690745062|00#| work_queue_worker[1] wq: disconnecting from master 10.0.103.17:1026
2019/11/22 19:43:59.69 #|1574451839.690932359|00#| work_queue_worker[1] tcp: disconnected from 10.0.103.17 port 1026
2019/11/22 19:43:59.69 #|1574451839.690946295|00#| work_queue_worker[1] wq: killing all outstanding tasks
2019/11/22 19:43:59.69 #|1574451839.690957146|00#| work_queue_worker[1] wq: all data structures are clean
2019/11/22 19:44:05.69 #|1574451845.691389578|00#| work_queue_worker[1] debug: error reading disk usage on directory: ./cache.
2019/11/22 19:44:05.69 #|1574451845.691432599|00#| work_queue_worker[1] dns: looking up name master
2019/11/22 19:44:05.69 #|1574451845.691821516|00#| work_queue_worker[1] dns: master is 10.0.103.17
2019/11/22 19:44:05.69 #|1574451845.691850094|00#| work_queue_worker[1] tcp: connecting to 10.0.103.17 port 1026
2019/11/22 19:44:05.69 #|1574451845.692020609|00#| work_queue_worker[1] tcp: made connection to 10.0.103.17 port 1026
2019/11/22 19:44:05.69 #|1574451845.692041430|00#| work_queue_worker[1] wq: connected to master master:1026 via local address 10.0.103.14:50374
2019/11/22 19:44:05.69 #|1574451845.692050996|00#| work_queue_worker[1] wq: preparing workspace /tmp/worker-0-1
2019/11/22 19:44:05.69 #|1574451845.692176511|00#| work_queue_worker[1] dns: looking up name 4ab0bf057ec8
2019/11/22 19:44:05.69 #|1574451845.692208861|00#| work_queue_worker[1] dns: 4ab0bf057ec8 is 10.0.103.14
2019/11/22 19:44:05.69 #|1574451845.692220297|00#| work_queue_worker[1] dns: looking up addr 10.0.103.14
2019/11/22 19:44:05.69 #|1574451845.692240846|00#| work_queue_worker[1] dns: 10.0.103.14 is 4ab0bf057ec8
2019/11/22 19:44:05.69 #|1574451845.692281786|00#| work_queue_worker[1] dns: finding my hostname: uname = 4ab0bf057ec8, address = 10.0.103.14, hostname = 4ab0bf057ec8
2019/11/22 19:44:05.69 #|1574451845.692292202|00#| work_queue_worker[1] wq: tx to master: workqueue 8 4ab0bf057ec8 Linux x86_64 8.0.0
2019/11/22 19:44:05.69 #|1574451845.692352572|00#| work_queue_worker[1] wq: tx to master: info worker-id worker-77c6da40a6a62c9bf490c6d2386e00d6
2019/11/22 19:44:05.69 #|1574451845.692405622|00#| work_queue_worker[1] wq: tx to master: alive
2019/11/22 19:44:05.69 #|1574451845.692456175|00#| work_queue_worker[1] wq: Sending resource description to master:
2019/11/22 19:44:05.69 #|1574451845.692479304|00#| work_queue_worker[1] wq:  workers      0 inuse      1 total      1 smallest      1 largest
2019/11/22 19:44:05.69 #|1574451845.692545556|00#| work_queue_worker[1] wq:     disk      0 inuse   1094 total   1094 smallest   1094 largest
2019/11/22 19:44:05.69 #|1574451845.692599512|00#| work_queue_worker[1] wq:   memory      0 inuse  11908 total  11908 smallest  11908 largest
2019/11/22 19:44:05.69 #|1574451845.692648427|00#| work_queue_worker[1] wq:     gpus      0 inuse      0 total      0 smallest      0 largest
2019/11/22 19:44:05.69 #|1574451845.692696815|00#| work_queue_worker[1] wq:    cores      0 inuse      1 total      1 smallest      1 largest
2019/11/22 19:44:05.69 #|1574451845.692791326|00#| work_queue_worker[1] wq: tx to master: info end_of_resource_update 0
2019/11/22 19:44:05.69 #|1574451845.692841348|00#| work_queue_worker[1] wq: tx to master: info tasks_running 0
2019/11/22 19:44:05.69 #|1574451845.692889528|00#| work_queue_worker[1] wq: working for master at 10.0.103.17:1026.
2019/11/22 19:46:01.67 #|1574451961.678089202|00#| work_queue_worker[1] wq: rx from master: put file-0-25930e3036f13852cb0b29694bbab611-nt/taxdb.bti 14920392 0644 1
2019/11/22 19:46:01.67 #|1574451961.678136094|00#| work_queue_worker[1] wq: Putting file file-0-25930e3036f13852cb0b29694bbab611-nt/taxdb.bti into workspace
2019/11/22 19:46:01.70 #|1574451961.708644825|00#| work_queue_worker[1] wq: rx from master: put file-0-25930e3036f13852cb0b29694bbab611-nt/nt.nal 752 0644 1
2019/11/22 19:46:01.70 #|1574451961.708709353|00#| work_queue_worker[1] wq: Putting file file-0-25930e3036f13852cb0b29694bbab611-nt/nt.nal into workspace
2019/11/22 19:46:01.70 #|1574451961.708851959|00#| work_queue_worker[1] wq: rx from master: put file-0-25930e3036f13852cb0b29694bbab611-nt/nt.44.nni 27220 0644 1
2019/11/22 19:46:01.70 #|1574451961.708889442|00#| work_queue_worker[1] wq: Putting file file-0-25930e3036f13852cb0b29694bbab611-nt/nt.44.nni into workspace
2019/11/22 19:46:01.70 #|1574451961.709208893|00#| work_queue_worker[1] wq: rx from master: put file-0-25930e3036f13852cb0b29694bbab611-nt/nt.44.nog 3378248 0644 1
2019/11/22 19:46:01.70 #|1574451961.709251635|00#| work_queue_worker[1] wq: Putting file file-0-25930e3036f13852cb0b29694bbab611-nt/nt.44.nog into workspace
2019/11/22 19:46:01.71 #|1574451961.714777266|00#| work_queue_worker[1] wq: rx from master: put file-0-25930e3036f13852cb0b29694bbab611-nt/taxdb.btd 141628361 0644 1
2019/11/22 19:46:01.71 #|1574451961.714821283|00#| work_queue_worker[1] wq: Putting file file-0-25930e3036f13852cb0b29694bbab611-nt/taxdb.btd into workspace
2019/11/22 19:46:01.90 #|1574451961.903485695|00#| work_queue_worker[1] wq: rx from master: put file-0-25930e3036f13852cb0b29694bbab611-nt/nt.44.nhr 148534336 0644 1
2019/11/22 19:46:01.90 #|1574451961.903530481|00#| work_queue_worker[1] wq: Putting file file-0-25930e3036f13852cb0b29694bbab611-nt/nt.44.nhr into workspace
2019/11/22 19:46:02.09 #|1574451962.95628379|00#| work_queue_worker[1] wq: rx from master: put file-0-25930e3036f13852cb0b29694bbab611-nt/nt.44.nhi 338004 0644 1
2019/11/22 19:46:02.09 #|1574451962.95673045|00#| work_queue_worker[1] wq: Putting file file-0-25930e3036f13852cb0b29694bbab611-nt/nt.44.nhi into workspace
2019/11/22 19:46:02.09 #|1574451962.96299359|00#| work_queue_worker[1] wq: rx from master: put file-0-25930e3036f13852cb0b29694bbab611-nt/nt.44.nnd 6955488 0644 1
2019/11/22 19:46:02.09 #|1574451962.96323699|00#| work_queue_worker[1] wq: Putting file file-0-25930e3036f13852cb0b29694bbab611-nt/nt.44.nnd into workspace
2019/11/22 19:46:02.10 #|1574451962.105411193|00#| work_queue_worker[1] wq: rx from master: put file-0-25930e3036f13852cb0b29694bbab611-nt/nt.44.nhd 14869748 0644 1
2019/11/22 19:46:02.10 #|1574451962.105458669|00#| work_queue_worker[1] wq: Putting file file-0-25930e3036f13852cb0b29694bbab611-nt/nt.44.nhd into workspace
2019/11/22 19:46:02.12 #|1574451962.124756129|00#| work_queue_worker[1] wq: rx from master: put file-0-25930e3036f13852cb0b29694bbab611-nt/nt.44.nsq 974099786 0644 1
2019/11/22 19:46:02.12 #|1574451962.124811531|00#| work_queue_worker[1] wq: Putting file file-0-25930e3036f13852cb0b29694bbab611-nt/nt.44.nsq into workspace
2019/11/22 19:46:02.12 #|1574451962.124826185|00#| work_queue_worker[1] debug: File of size 928 MB will lower available disk space (879 MB) below threshold (0 MB).
2019/11/22 19:46:02.12 #|1574451962.124835040|00#| work_queue_worker[1] wq: Could not put file file-0-25930e3036f13852cb0b29694bbab611-nt/nt.44.nsq, not enough disk space (974099786 bytes needed)
2019/11/22 19:46:02.12 #|1574451962.124847044|00#| work_queue_worker[1] wq: cleaning workspace /tmp/worker-0-1
2019/11/22 19:46:02.18 #|1574451962.184399372|00#| work_queue_worker[1] wq: disconnecting from master 10.0.103.17:1026
2019/11/22 19:46:02.18 #|1574451962.184591316|00#| work_queue_worker[1] tcp: disconnected from 10.0.103.17 port 1026
2019/11/22 19:46:02.18 #|1574451962.184605767|00#| work_queue_worker[1] wq: killing all outstanding tasks
2019/11/22 19:46:02.18 #|1574451962.184616885|00#| work_queue_worker[1] wq: all data structures are clean
2019/11/22 19:46:08.18 #|1574451968.185091458|00#| work_queue_worker[1] debug: error reading disk usage on directory: ./cache.
2019/11/22 19:46:08.18 #|1574451968.185143066|00#| work_queue_worker[1] tcp: connecting to 10.0.103.17 port 1026
2019/11/22 19:46:08.18 #|1574451968.185330430|00#| work_queue_worker[1] tcp: made connection to 10.0.103.17 port 1026
2019/11/22 19:46:08.18 #|1574451968.185349127|00#| work_queue_worker[1] wq: connected to master master:1026 via local address 10.0.103.14:50410
2019/11/22 19:46:08.18 #|1574451968.185358448|00#| work_queue_worker[1] wq: preparing workspace /tmp/worker-0-1
2019/11/22 19:46:08.18 #|1574451968.185472191|00#| work_queue_worker[1] dns: finding my hostname: uname = 4ab0bf057ec8, address = 10.0.103.14, hostname = 4ab0bf057ec8
2019/11/22 19:46:08.18 #|1574451968.185485659|00#| work_queue_worker[1] wq: tx to master: workqueue 8 4ab0bf057ec8 Linux x86_64 8.0.0
2019/11/22 19:46:08.18 #|1574451968.185547727|00#| work_queue_worker[1] wq: tx to master: info worker-id worker-77c6da40a6a62c9bf490c6d2386e00d6
2019/11/22 19:46:08.18 #|1574451968.185600245|00#| work_queue_worker[1] wq: tx to master: alive
2019/11/22 19:46:08.18 #|1574451968.185648432|00#| work_queue_worker[1] wq: Sending resource description to master:
2019/11/22 19:46:08.18 #|1574451968.185660506|00#| work_queue_worker[1] wq:  workers      0 inuse      1 total      1 smallest      1 largest
2019/11/22 19:46:08.18 #|1574451968.185707734|00#| work_queue_worker[1] wq:     disk      0 inuse   1094 total   1094 smallest   1094 largest
2019/11/22 19:46:08.18 #|1574451968.185755810|00#| work_queue_worker[1] wq:   memory      0 inuse  11908 total  11908 smallest  11908 largest
2019/11/22 19:46:08.18 #|1574451968.185805178|00#| work_queue_worker[1] wq:     gpus      0 inuse      0 total      0 smallest      0 largest
2019/11/22 19:46:08.18 #|1574451968.185853643|00#| work_queue_worker[1] wq:    cores      0 inuse      1 total      1 smallest      1 largest
2019/11/22 19:46:08.18 #|1574451968.185930450|00#| work_queue_worker[1] wq: tx to master: info end_of_resource_update 0
2019/11/22 19:46:08.18 #|1574451968.185979347|00#| work_queue_worker[1] wq: tx to master: info tasks_running 0
2019/11/22 19:46:08.18 #|1574451968.186027546|00#| work_queue_worker[1] wq: working for master at 10.0.103.17:1026.
2019/11/22 19:46:08.18 #|1574451968.188414792|00#| work_queue_worker[1] wq: rx from master: put file-0-25930e3036f13852cb0b29694bbab611-nt/taxdb.bti 14920392 0644 1
2019/11/22 19:46:08.18 #|1574451968.188456788|00#| work_queue_worker[1] wq: Putting file file-0-25930e3036f13852cb0b29694bbab611-nt/taxdb.bti into workspace
2019/11/22 19:46:08.20 #|1574451968.209639782|00#| work_queue_worker[1] wq: rx from master: put file-0-25930e3036f13852cb0b29694bbab611-nt/nt.nal 752 0644 1
2019/11/22 19:46:08.20 #|1574451968.209679980|00#| work_queue_worker[1] wq: Putting file file-0-25930e3036f13852cb0b29694bbab611-nt/nt.nal into workspace
2019/11/22 19:46:08.20 #|1574451968.209823812|00#| work_queue_worker[1] wq: rx from master: put file-0-25930e3036f13852cb0b29694bbab611-nt/nt.44.nni 27220 0644 1
2019/11/22 19:46:08.20 #|1574451968.209855772|00#| work_queue_worker[1] wq: Putting file file-0-25930e3036f13852cb0b29694bbab611-nt/nt.44.nni into workspace
2019/11/22 19:46:08.20 #|1574451968.209997648|00#| work_queue_worker[1] wq: rx from master: put file-0-25930e3036f13852cb0b29694bbab611-nt/nt.44.nog 3378248 0644 1
2019/11/22 19:46:08.21 #|1574451968.210023021|00#| work_queue_worker[1] wq: Putting file file-0-25930e3036f13852cb0b29694bbab611-nt/nt.44.nog into workspace
2019/11/22 19:46:08.21 #|1574451968.214346213|00#| work_queue_worker[1] wq: rx from master: put file-0-25930e3036f13852cb0b29694bbab611-nt/taxdb.btd 141628361 0644 1
2019/11/22 19:46:08.21 #|1574451968.214380192|00#| work_queue_worker[1] wq: Putting file file-0-25930e3036f13852cb0b29694bbab611-nt/taxdb.btd into workspace
2019/11/22 19:46:08.40 #|1574451968.407295368|00#| work_queue_worker[1] wq: rx from master: put file-0-25930e3036f13852cb0b29694bbab611-nt/nt.44.nhr 148534336 0644 1
2019/11/22 19:46:08.40 #|1574451968.407343894|00#| work_queue_worker[1] wq: Putting file file-0-25930e3036f13852cb0b29694bbab611-nt/nt.44.nhr into workspace
2019/11/22 19:46:08.59 #|1574451968.599942121|00#| work_queue_worker[1] wq: rx from master: put file-0-25930e3036f13852cb0b29694bbab611-nt/nt.44.nhi 338004 0644 1
2019/11/22 19:46:08.59 #|1574451968.599989075|00#| work_queue_worker[1] wq: Putting file file-0-25930e3036f13852cb0b29694bbab611-nt/nt.44.nhi into workspace
2019/11/22 19:46:08.60 #|1574451968.600519883|00#| work_queue_worker[1] wq: rx from master: put file-0-25930e3036f13852cb0b29694bbab611-nt/nt.44.nnd 6955488 0644 1
2019/11/22 19:46:08.60 #|1574451968.600543912|00#| work_queue_worker[1] wq: Putting file file-0-25930e3036f13852cb0b29694bbab611-nt/nt.44.nnd into workspace
2019/11/22 19:46:08.60 #|1574451968.609698392|00#| work_queue_worker[1] wq: rx from master: put file-0-25930e3036f13852cb0b29694bbab611-nt/nt.44.nhd 14869748 0644 1
2019/11/22 19:46:08.60 #|1574451968.609742563|00#| work_queue_worker[1] wq: Putting file file-0-25930e3036f13852cb0b29694bbab611-nt/nt.44.nhd into workspace
2019/11/22 19:46:08.62 #|1574451968.629058667|00#| work_queue_worker[1] wq: rx from master: put file-0-25930e3036f13852cb0b29694bbab611-nt/nt.44.nsq 974099786 0644 1
2019/11/22 19:46:08.62 #|1574451968.629106667|00#| work_queue_worker[1] wq: Putting file file-0-25930e3036f13852cb0b29694bbab611-nt/nt.44.nsq into workspace
2019/11/22 19:46:08.62 #|1574451968.629121000|00#| work_queue_worker[1] debug: File of size 928 MB will lower available disk space (879 MB) below threshold (0 MB).
2019/11/22 19:46:08.62 #|1574451968.629129675|00#| work_queue_worker[1] wq: Could not put file file-0-25930e3036f13852cb0b29694bbab611-nt/nt.44.nsq, not enough disk space (974099786 bytes needed)
2019/11/22 19:46:08.62 #|1574451968.629141674|00#| work_queue_worker[1] wq: cleaning workspace /tmp/worker-0-1
2019/11/22 19:46:08.68 #|1574451968.684519076|00#| work_queue_worker[1] wq: disconnecting from master 10.0.103.17:1026
2019/11/22 19:46:08.68 #|1574451968.684706483|00#| work_queue_worker[1] tcp: disconnected from 10.0.103.17 port 1026
2019/11/22 19:46:08.68 #|1574451968.684720600|00#| work_queue_worker[1] wq: killing all outstanding tasks
2019/11/22 19:46:08.68 #|1574451968.684731805|00#| work_queue_worker[1] wq: all data structures are clean
2019/11/22 19:46:14.68 #|1574451974.685204969|00#| work_queue_worker[1] debug: error reading disk usage on directory: ./cache.
2019/11/22 19:46:14.68 #|1574451974.685254586|00#| work_queue_worker[1] tcp: connecting to 10.0.103.17 port 1026
2019/11/22 19:46:14.68 #|1574451974.685410752|00#| work_queue_worker[1] tcp: made connection to 10.0.103.17 port 1026
2019/11/22 19:46:14.68 #|1574451974.685428987|00#| work_queue_worker[1] wq: connected to master master:1026 via local address 10.0.103.14:50424
2019/11/22 19:46:14.68 #|1574451974.685438389|00#| work_queue_worker[1] wq: preparing workspace /tmp/worker-0-1
2019/11/22 19:46:14.68 #|1574451974.685559135|00#| work_queue_worker[1] dns: finding my hostname: uname = 4ab0bf057ec8, address = 10.0.103.14, hostname = 4ab0bf057ec8
2019/11/22 19:46:14.68 #|1574451974.685581005|00#| work_queue_worker[1] wq: tx to master: workqueue 8 4ab0bf057ec8 Linux x86_64 8.0.0
2019/11/22 19:46:14.68 #|1574451974.685642053|00#| work_queue_worker[1] wq: tx to master: info worker-id worker-77c6da40a6a62c9bf490c6d2386e00d6
2019/11/22 19:46:14.68 #|1574451974.685695264|00#| work_queue_worker[1] wq: tx to master: alive
2019/11/22 19:46:14.68 #|1574451974.685744470|00#| work_queue_worker[1] wq: Sending resource description to master:
2019/11/22 19:46:14.68 #|1574451974.685756666|00#| work_queue_worker[1] wq:  workers      0 inuse      1 total      1 smallest      1 largest
2019/11/22 19:46:14.68 #|1574451974.685803695|00#| work_queue_worker[1] wq:     disk      0 inuse    788 total    788 smallest    788 largest
2019/11/22 19:46:14.68 #|1574451974.685853002|00#| work_queue_worker[1] wq:   memory      0 inuse  11908 total  11908 smallest  11908 largest
2019/11/22 19:46:14.68 #|1574451974.685901782|00#| work_queue_worker[1] wq:     gpus      0 inuse      0 total      0 smallest      0 largest
2019/11/22 19:46:14.68 #|1574451974.685951221|00#| work_queue_worker[1] wq:    cores      0 inuse      1 total      1 smallest      1 largest
2019/11/22 19:46:14.68 #|1574451974.686028141|00#| work_queue_worker[1] wq: tx to master: info end_of_resource_update 0
2019/11/22 19:46:14.68 #|1574451974.686077125|00#| work_queue_worker[1] wq: tx to master: info tasks_running 0
2019/11/22 19:46:14.68 #|1574451974.686125152|00#| work_queue_worker[1] wq: working for master at 10.0.103.17:1026.
2019/11/22 19:46:14.75 #|1574451974.758950317|00#| work_queue_worker[1] wq: rx from master: put file-0-25930e3036f13852cb0b29694bbab611-nt/taxdb.bti 14920392 0644 1
2019/11/22 19:46:14.75 #|1574451974.758995867|00#| work_queue_worker[1] wq: Putting file file-0-25930e3036f13852cb0b29694bbab611-nt/taxdb.bti into workspace
2019/11/22 19:46:14.78 #|1574451974.780536796|00#| work_queue_worker[1] wq: rx from master: put file-0-25930e3036f13852cb0b29694bbab611-nt/nt.nal 752 0644 1
2019/11/22 19:46:14.78 #|1574451974.780579033|00#| work_queue_worker[1] wq: Putting file file-0-25930e3036f13852cb0b29694bbab611-nt/nt.nal into workspace
2019/11/22 19:46:14.78 #|1574451974.780665523|00#| work_queue_worker[1] wq: rx from master: put file-0-25930e3036f13852cb0b29694bbab611-nt/nt.44.nni 27220 0644 1
2019/11/22 19:46:14.78 #|1574451974.780686647|00#| work_queue_worker[1] wq: Putting file file-0-25930e3036f13852cb0b29694bbab611-nt/nt.44.nni into workspace
2019/11/22 19:46:14.78 #|1574451974.780871988|00#| work_queue_worker[1] wq: rx from master: put file-0-25930e3036f13852cb0b29694bbab611-nt/nt.44.nog 3378248 0644 1
2019/11/22 19:46:14.78 #|1574451974.780898287|00#| work_queue_worker[1] wq: Putting file file-0-25930e3036f13852cb0b29694bbab611-nt/nt.44.nog into workspace
2019/11/22 19:46:14.78 #|1574451974.785634573|00#| work_queue_worker[1] wq: rx from master: put file-0-25930e3036f13852cb0b29694bbab611-nt/taxdb.btd 141628361 0644 1
2019/11/22 19:46:14.78 #|1574451974.785676124|00#| work_queue_worker[1] wq: Putting file file-0-25930e3036f13852cb0b29694bbab611-nt/taxdb.btd into workspace
2019/11/22 19:46:14.96 #|1574451974.969770213|00#| work_queue_worker[1] wq: rx from master: put file-0-25930e3036f13852cb0b29694bbab611-nt/nt.44.nhr 148534336 0644 1
2019/11/22 19:46:14.96 #|1574451974.969815101|00#| work_queue_worker[1] wq: Putting file file-0-25930e3036f13852cb0b29694bbab611-nt/nt.44.nhr into workspace
2019/11/22 19:46:15.16 #|1574451975.163136409|00#| work_queue_worker[1] wq: rx from master: put file-0-25930e3036f13852cb0b29694bbab611-nt/nt.44.nhi 338004 0644 1
2019/11/22 19:46:15.16 #|1574451975.163180050|00#| work_queue_worker[1] wq: Putting file file-0-25930e3036f13852cb0b29694bbab611-nt/nt.44.nhi into workspace
2019/11/22 19:46:15.16 #|1574451975.163734378|00#| work_queue_worker[1] wq: rx from master: put file-0-25930e3036f13852cb0b29694bbab611-nt/nt.44.nnd 6955488 0644 1
2019/11/22 19:46:15.16 #|1574451975.163758904|00#| work_queue_worker[1] wq: Putting file file-0-25930e3036f13852cb0b29694bbab611-nt/nt.44.nnd into workspace
2019/11/22 19:46:15.17 #|1574451975.172823644|00#| work_queue_worker[1] wq: rx from master: put file-0-25930e3036f13852cb0b29694bbab611-nt/nt.44.nhd 14869748 0644 1
2019/11/22 19:46:15.17 #|1574451975.172868293|00#| work_queue_worker[1] wq: Putting file file-0-25930e3036f13852cb0b29694bbab611-nt/nt.44.nhd into workspace
2019/11/22 19:46:15.19 #|1574451975.192092545|00#| work_queue_worker[1] wq: rx from master: put file-0-25930e3036f13852cb0b29694bbab611-nt/nt.44.nsq 974099786 0644 1
2019/11/22 19:46:15.19 #|1574451975.192137389|00#| work_queue_worker[1] wq: Putting file file-0-25930e3036f13852cb0b29694bbab611-nt/nt.44.nsq into workspace
2019/11/22 19:46:15.19 #|1574451975.192151818|00#| work_queue_worker[1] debug: File of size 928 MB will lower available disk space (879 MB) below threshold (0 MB).
2019/11/22 19:46:15.19 #|1574451975.192160882|00#| work_queue_worker[1] wq: Could not put file file-0-25930e3036f13852cb0b29694bbab611-nt/nt.44.nsq, not enough disk space (974099786 bytes needed)
2019/11/22 19:46:15.19 #|1574451975.192172771|00#| work_queue_worker[1] wq: cleaning workspace /tmp/worker-0-1
2019/11/22 19:46:15.24 #|1574451975.247793761|00#| work_queue_worker[1] wq: disconnecting from master 10.0.103.17:1026
2019/11/22 19:46:15.24 #|1574451975.247978690|00#| work_queue_worker[1] tcp: disconnected from 10.0.103.17 port 1026
2019/11/22 19:46:15.24 #|1574451975.247992840|00#| work_queue_worker[1] wq: killing all outstanding tasks
2019/11/22 19:46:15.24 #|1574451975.248003789|00#| work_queue_worker[1] wq: all data structures are clean
2019/11/22 19:46:21.24 #|1574451981.248415778|00#| work_queue_worker[1] debug: error reading disk usage on directory: ./cache.
2019/11/22 19:46:21.24 #|1574451981.248468964|00#| work_queue_worker[1] tcp: connecting to 10.0.103.17 port 1026
2019/11/22 19:46:21.24 #|1574451981.248656397|00#| work_queue_worker[1] tcp: made connection to 10.0.103.17 port 1026
2019/11/22 19:46:21.24 #|1574451981.248674731|00#| work_queue_worker[1] wq: connected to master master:1026 via local address 10.0.103.14:50438
2019/11/22 19:46:21.24 #|1574451981.248684136|00#| work_queue_worker[1] wq: preparing workspace /tmp/worker-0-1
2019/11/22 19:46:21.24 #|1574451981.248794854|00#| work_queue_worker[1] dns: finding my hostname: uname = 4ab0bf057ec8, address = 10.0.103.14, hostname = 4ab0bf057ec8
2019/11/22 19:46:21.24 #|1574451981.248807964|00#| work_queue_worker[1] wq: tx to master: workqueue 8 4ab0bf057ec8 Linux x86_64 8.0.0
2019/11/22 19:46:21.24 #|1574451981.248869903|00#| work_queue_worker[1] wq: tx to master: info worker-id worker-77c6da40a6a62c9bf490c6d2386e00d6
2019/11/22 19:46:21.24 #|1574451981.248922217|00#| work_queue_worker[1] wq: tx to master: alive
2019/11/22 19:46:21.24 #|1574451981.248969967|00#| work_queue_worker[1] wq: Sending resource description to master:
2019/11/22 19:46:21.24 #|1574451981.248982125|00#| work_queue_worker[1] wq:  workers      0 inuse      1 total      1 smallest      1 largest
2019/11/22 19:46:21.24 #|1574451981.249028151|00#| work_queue_worker[1] wq:     disk      0 inuse    870 total    870 smallest    870 largest
2019/11/22 19:46:21.24 #|1574451981.249076145|00#| work_queue_worker[1] wq:   memory      0 inuse  11908 total  11908 smallest  11908 largest
2019/11/22 19:46:21.24 #|1574451981.249124686|00#| work_queue_worker[1] wq:     gpus      0 inuse      0 total      0 smallest      0 largest
2019/11/22 19:46:21.24 #|1574451981.249172535|00#| work_queue_worker[1] wq:    cores      0 inuse      1 total      1 smallest      1 largest
2019/11/22 19:46:21.24 #|1574451981.249248296|00#| work_queue_worker[1] wq: tx to master: info end_of_resource_update 0
2019/11/22 19:46:21.24 #|1574451981.249296174|00#| work_queue_worker[1] wq: tx to master: info tasks_running 0
2019/11/22 19:46:21.24 #|1574451981.249343980|00#| work_queue_worker[1] wq: working for master at 10.0.103.17:1026.
2019/11/22 19:46:21.28 #|1574451981.289853246|00#| work_queue_worker[1] wq: rx from master: put file-0-25930e3036f13852cb0b29694bbab611-nt/taxdb.bti 14920392 0644 1
2019/11/22 19:46:21.28 #|1574451981.289897793|00#| work_queue_worker[1] wq: Putting file file-0-25930e3036f13852cb0b29694bbab611-nt/taxdb.bti into workspace
2019/11/22 19:46:21.31 #|1574451981.310846532|00#| work_queue_worker[1] wq: rx from master: put file-0-25930e3036f13852cb0b29694bbab611-nt/nt.nal 752 0644 1
2019/11/22 19:46:21.31 #|1574451981.310886372|00#| work_queue_worker[1] wq: Putting file file-0-25930e3036f13852cb0b29694bbab611-nt/nt.nal into workspace
2019/11/22 19:46:21.31 #|1574451981.310979361|00#| work_queue_worker[1] wq: rx from master: put file-0-25930e3036f13852cb0b29694bbab611-nt/nt.44.nni 27220 0644 1
2019/11/22 19:46:21.31 #|1574451981.311000735|00#| work_queue_worker[1] wq: Putting file file-0-25930e3036f13852cb0b29694bbab611-nt/nt.44.nni into workspace
2019/11/22 19:46:21.31 #|1574451981.311253416|00#| work_queue_worker[1] wq: rx from master: put file-0-25930e3036f13852cb0b29694bbab611-nt/nt.44.nog 3378248 0644 1
2019/11/22 19:46:21.31 #|1574451981.311279657|00#| work_queue_worker[1] wq: Putting file file-0-25930e3036f13852cb0b29694bbab611-nt/nt.44.nog into workspace
2019/11/22 19:46:21.31 #|1574451981.316552900|00#| work_queue_worker[1] wq: rx from master: put file-0-25930e3036f13852cb0b29694bbab611-nt/taxdb.btd 141628361 0644 1
2019/11/22 19:46:21.31 #|1574451981.316602465|00#| work_queue_worker[1] wq: Putting file file-0-25930e3036f13852cb0b29694bbab611-nt/taxdb.btd into workspace
2019/11/22 19:46:21.50 #|1574451981.503332403|00#| work_queue_worker[1] wq: rx from master: put file-0-25930e3036f13852cb0b29694bbab611-nt/nt.44.nhr 148534336 0644 1
2019/11/22 19:46:21.50 #|1574451981.503376898|00#| work_queue_worker[1] wq: Putting file file-0-25930e3036f13852cb0b29694bbab611-nt/nt.44.nhr into workspace
2019/11/22 19:46:21.69 #|1574451981.695134048|00#| work_queue_worker[1] wq: rx from master: put file-0-25930e3036f13852cb0b29694bbab611-nt/nt.44.nhi 338004 0644 1
2019/11/22 19:46:21.69 #|1574451981.695177624|00#| work_queue_worker[1] wq: Putting file file-0-25930e3036f13852cb0b29694bbab611-nt/nt.44.nhi into workspace
2019/11/22 19:46:21.69 #|1574451981.695701873|00#| work_queue_worker[1] wq: rx from master: put file-0-25930e3036f13852cb0b29694bbab611-nt/nt.44.nnd 6955488 0644 1
2019/11/22 19:46:21.69 #|1574451981.695725386|00#| work_queue_worker[1] wq: Putting file file-0-25930e3036f13852cb0b29694bbab611-nt/nt.44.nnd into workspace
2019/11/22 19:46:21.70 #|1574451981.704688119|00#| work_queue_worker[1] wq: rx from master: put file-0-25930e3036f13852cb0b29694bbab611-nt/nt.44.nhd 14869748 0644 1
2019/11/22 19:46:21.70 #|1574451981.704730604|00#| work_queue_worker[1] wq: Putting file file-0-25930e3036f13852cb0b29694bbab611-nt/nt.44.nhd into workspace
2019/11/22 19:46:21.72 #|1574451981.724053603|00#| work_queue_worker[1] wq: rx from master: put file-0-25930e3036f13852cb0b29694bbab611-nt/nt.44.nsq 974099786 0644 1
2019/11/22 19:46:21.72 #|1574451981.724095602|00#| work_queue_worker[1] wq: Putting file file-0-25930e3036f13852cb0b29694bbab611-nt/nt.44.nsq into workspace
2019/11/22 19:46:21.72 #|1574451981.724109309|00#| work_queue_worker[1] debug: File of size 928 MB will lower available disk space (879 MB) below threshold (0 MB).
2019/11/22 19:46:21.72 #|1574451981.724117955|00#| work_queue_worker[1] wq: Could not put file file-0-25930e3036f13852cb0b29694bbab611-nt/nt.44.nsq, not enough disk space (974099786 bytes needed)
2019/11/22 19:46:21.72 #|1574451981.724129354|00#| work_queue_worker[1] wq: cleaning workspace /tmp/worker-0-1
2019/11/22 19:46:21.77 #|1574451981.779369681|00#| work_queue_worker[1] wq: disconnecting from master 10.0.103.17:1026
2019/11/22 19:46:21.77 #|1574451981.779555734|00#| work_queue_worker[1] tcp: disconnected from 10.0.103.17 port 1026
2019/11/22 19:46:21.77 #|1574451981.779570406|00#| work_queue_worker[1] wq: killing all outstanding tasks
2019/11/22 19:46:21.77 #|1574451981.779581161|00#| work_queue_worker[1] wq: all data structures are clean
2019/11/22 19:46:27.78 #|1574451987.780021376|00#| work_queue_worker[1] debug: error reading disk usage on directory: ./cache.
2019/11/22 19:46:27.78 #|1574451987.780086411|00#| work_queue_worker[1] tcp: connecting to 10.0.103.17 port 1026
2019/11/22 19:46:27.78 #|1574451987.780320279|00#| work_queue_worker[1] tcp: made connection to 10.0.103.17 port 1026
2019/11/22 19:46:27.78 #|1574451987.780346047|00#| work_queue_worker[1] wq: connected to master master:1026 via local address 10.0.103.14:50450
2019/11/22 19:46:27.78 #|1574451987.780360562|00#| work_queue_worker[1] wq: preparing workspace /tmp/worker-0-1
2019/11/22 19:46:27.78 #|1574451987.780515469|00#| work_queue_worker[1] dns: finding my hostname: uname = 4ab0bf057ec8, address = 10.0.103.14, hostname = 4ab0bf057ec8
2019/11/22 19:46:27.78 #|1574451987.780534415|00#| work_queue_worker[1] wq: tx to master: workqueue 8 4ab0bf057ec8 Linux x86_64 8.0.0
2019/11/22 19:46:27.78 #|1574451987.780619355|00#| work_queue_worker[1] wq: tx to master: info worker-id worker-77c6da40a6a62c9bf490c6d2386e00d6
2019/11/22 19:46:27.78 #|1574451987.780695236|00#| work_queue_worker[1] wq: tx to master: alive
2019/11/22 19:46:27.78 #|1574451987.780771818|00#| work_queue_worker[1] wq: Sending resource description to master:
2019/11/22 19:46:27.78 #|1574451987.780789209|00#| work_queue_worker[1] wq:  workers      0 inuse      1 total      1 smallest      1 largest
2019/11/22 19:46:27.78 #|1574451987.780861186|00#| work_queue_worker[1] wq:     disk      0 inuse   1094 total   1094 smallest   1094 largest
2019/11/22 19:46:27.78 #|1574451987.780937412|00#| work_queue_worker[1] wq:   memory      0 inuse  11908 total  11908 smallest  11908 largest
2019/11/22 19:46:27.78 #|1574451987.781013450|00#| work_queue_worker[1] wq:     gpus      0 inuse      0 total      0 smallest      0 largest
2019/11/22 19:46:27.78 #|1574451987.781087797|00#| work_queue_worker[1] wq:    cores      0 inuse      1 total      1 smallest      1 largest
2019/11/22 19:46:27.78 #|1574451987.781213286|00#| work_queue_worker[1] wq: tx to master: info end_of_resource_update 0
2019/11/22 19:46:27.78 #|1574451987.781288931|00#| work_queue_worker[1] wq: tx to master: info tasks_running 0
2019/11/22 19:46:27.78 #|1574451987.781362831|00#| work_queue_worker[1] wq: working for master at 10.0.103.17:1026.
2019/11/22 19:46:27.78 #|1574451987.781841282|00#| work_queue_worker[1] wq: rx from master: put file-0-25930e3036f13852cb0b29694bbab611-nt/taxdb.bti 14920392 0644 1
2019/11/22 19:46:27.78 #|1574451987.781881110|00#| work_queue_worker[1] wq: Putting file file-0-25930e3036f13852cb0b29694bbab611-nt/taxdb.bti into workspace
2019/11/22 19:46:27.81 #|1574451987.815786993|00#| work_queue_worker[1] wq: rx from master: put file-0-25930e3036f13852cb0b29694bbab611-nt/nt.nal 752 0644 1
2019/11/22 19:46:27.81 #|1574451987.815829804|00#| work_queue_worker[1] wq: Putting file file-0-25930e3036f13852cb0b29694bbab611-nt/nt.nal into workspace
2019/11/22 19:46:27.81 #|1574451987.815922707|00#| work_queue_worker[1] wq: rx from master: put file-0-25930e3036f13852cb0b29694bbab611-nt/nt.44.nni 27220 0644 1
2019/11/22 19:46:27.81 #|1574451987.815943832|00#| work_queue_worker[1] wq: Putting file file-0-25930e3036f13852cb0b29694bbab611-nt/nt.44.nni into workspace
2019/11/22 19:46:27.81 #|1574451987.816103728|00#| work_queue_worker[1] wq: rx from master: put file-0-25930e3036f13852cb0b29694bbab611-nt/nt.44.nog 3378248 0644 1
2019/11/22 19:46:27.81 #|1574451987.816129927|00#| work_queue_worker[1] wq: Putting file file-0-25930e3036f13852cb0b29694bbab611-nt/nt.44.nog into workspace
2019/11/22 19:46:27.82 #|1574451987.822085451|00#| work_queue_worker[1] wq: rx from master: put file-0-25930e3036f13852cb0b29694bbab611-nt/taxdb.btd 141628361 0644 1
2019/11/22 19:46:27.82 #|1574451987.822129074|00#| work_queue_worker[1] wq: Putting file file-0-25930e3036f13852cb0b29694bbab611-nt/taxdb.btd into workspace
2019/11/22 19:46:28.03 #|1574451988.37052948|00#| work_queue_worker[1] wq: rx from master: put file-0-25930e3036f13852cb0b29694bbab611-nt/nt.44.nhr 148534336 0644 1
2019/11/22 19:46:28.03 #|1574451988.37097189|00#| work_queue_worker[1] wq: Putting file file-0-25930e3036f13852cb0b29694bbab611-nt/nt.44.nhr into workspace
2019/11/22 19:46:28.25 #|1574451988.258383420|00#| work_queue_worker[1] wq: rx from master: put file-0-25930e3036f13852cb0b29694bbab611-nt/nt.44.nhi 338004 0644 1
2019/11/22 19:46:28.25 #|1574451988.258427994|00#| work_queue_worker[1] wq: Putting file file-0-25930e3036f13852cb0b29694bbab611-nt/nt.44.nhi into workspace
2019/11/22 19:46:28.25 #|1574451988.259048375|00#| work_queue_worker[1] wq: rx from master: put file-0-25930e3036f13852cb0b29694bbab611-nt/nt.44.nnd 6955488 0644 1
2019/11/22 19:46:28.25 #|1574451988.259073111|00#| work_queue_worker[1] wq: Putting file file-0-25930e3036f13852cb0b29694bbab611-nt/nt.44.nnd into workspace
2019/11/22 19:46:28.26 #|1574451988.268123436|00#| work_queue_worker[1] wq: rx from master: put file-0-25930e3036f13852cb0b29694bbab611-nt/nt.44.nhd 14869748 0644 1
2019/11/22 19:46:28.26 #|1574451988.268172821|00#| work_queue_worker[1] wq: Putting file file-0-25930e3036f13852cb0b29694bbab611-nt/nt.44.nhd into workspace
2019/11/22 19:46:28.28 #|1574451988.287785815|00#| work_queue_worker[1] wq: rx from master: put file-0-25930e3036f13852cb0b29694bbab611-nt/nt.44.nsq 974099786 0644 1
2019/11/22 19:46:28.28 #|1574451988.287831781|00#| work_queue_worker[1] wq: Putting file file-0-25930e3036f13852cb0b29694bbab611-nt/nt.44.nsq into workspace
2019/11/22 19:46:28.28 #|1574451988.287845888|00#| work_queue_worker[1] debug: File of size 928 MB will lower available disk space (879 MB) below threshold (0 MB).
2019/11/22 19:46:28.28 #|1574451988.287854461|00#| work_queue_worker[1] wq: Could not put file file-0-25930e3036f13852cb0b29694bbab611-nt/nt.44.nsq, not enough disk space (974099786 bytes needed)
2019/11/22 19:46:28.28 #|1574451988.287866307|00#| work_queue_worker[1] wq: cleaning workspace /tmp/worker-0-1
2019/11/22 19:46:28.34 #|1574451988.344132930|00#| work_queue_worker[1] wq: disconnecting from master 10.0.103.17:1026
2019/11/22 19:46:28.34 #|1574451988.344324125|00#| work_queue_worker[1] tcp: disconnected from 10.0.103.17 port 1026
2019/11/22 19:46:28.34 #|1574451988.344338221|00#| work_queue_worker[1] wq: killing all outstanding tasks
2019/11/22 19:46:28.34 #|1574451988.344349057|00#| work_queue_worker[1] wq: all data structures are clean
2019/11/22 19:46:34.34 #|1574451994.344823931|00#| work_queue_worker[1] debug: error reading disk usage on directory: ./cache.
2019/11/22 19:46:34.34 #|1574451994.344889152|00#| work_queue_worker[1] tcp: connecting to 10.0.103.17 port 1026
2019/11/22 19:46:34.34 #|1574451994.345136479|00#| work_queue_worker[1] tcp: made connection to 10.0.103.17 port 1026
2019/11/22 19:46:34.34 #|1574451994.345163604|00#| work_queue_worker[1] wq: connected to master master:1026 via local address 10.0.103.14:50464
2019/11/22 19:46:34.34 #|1574451994.345179433|00#| work_queue_worker[1] wq: preparing workspace /tmp/worker-0-1
2019/11/22 19:46:34.34 #|1574451994.345335690|00#| work_queue_worker[1] dns: finding my hostname: uname = 4ab0bf057ec8, address = 10.0.103.14, hostname = 4ab0bf057ec8
2019/11/22 19:46:34.34 #|1574451994.345355657|00#| work_queue_worker[1] wq: tx to master: workqueue 8 4ab0bf057ec8 Linux x86_64 8.0.0
2019/11/22 19:46:34.34 #|1574451994.345441908|00#| work_queue_worker[1] wq: tx to master: info worker-id worker-77c6da40a6a62c9bf490c6d2386e00d6
2019/11/22 19:46:34.34 #|1574451994.345516794|00#| work_queue_worker[1] wq: tx to master: alive
2019/11/22 19:46:34.34 #|1574451994.345590561|00#| work_queue_worker[1] wq: Sending resource description to master:
2019/11/22 19:46:34.34 #|1574451994.345608943|00#| work_queue_worker[1] wq:  workers      0 inuse      1 total      1 smallest      1 largest
2019/11/22 19:46:34.34 #|1574451994.345680893|00#| work_queue_worker[1] wq:     disk      0 inuse   1094 total   1094 smallest   1094 largest
2019/11/22 19:46:34.34 #|1574451994.345756639|00#| work_queue_worker[1] wq:   memory      0 inuse  11908 total  11908 smallest  11908 largest
2019/11/22 19:46:34.34 #|1574451994.345830463|00#| work_queue_worker[1] wq:     gpus      0 inuse      0 total      0 smallest      0 largest
2019/11/22 19:46:34.34 #|1574451994.345922247|00#| work_queue_worker[1] wq:    cores      0 inuse      1 total      1 smallest      1 largest
2019/11/22 19:46:34.34 #|1574451994.346048890|00#| work_queue_worker[1] wq: tx to master: info end_of_resource_update 0
2019/11/22 19:46:34.34 #|1574451994.346136139|00#| work_queue_worker[1] wq: tx to master: info tasks_running 0
2019/11/22 19:46:34.34 #|1574451994.346211843|00#| work_queue_worker[1] wq: working for master at 10.0.103.17:1026.
2019/11/22 19:46:34.34 #|1574451994.346617805|00#| work_queue_worker[1] wq: rx from master: put file-0-25930e3036f13852cb0b29694bbab611-nt/taxdb.bti 14920392 0644 1
2019/11/22 19:46:34.34 #|1574451994.346661211|00#| work_queue_worker[1] wq: Putting file file-0-25930e3036f13852cb0b29694bbab611-nt/taxdb.bti into workspace
2019/11/22 19:46:34.37 #|1574451994.375882379|00#| work_queue_worker[1] wq: rx from master: put file-0-25930e3036f13852cb0b29694bbab611-nt/nt.nal 752 0644 1
2019/11/22 19:46:34.37 #|1574451994.375933460|00#| work_queue_worker[1] wq: Putting file file-0-25930e3036f13852cb0b29694bbab611-nt/nt.nal into workspace
2019/11/22 19:46:34.37 #|1574451994.376033334|00#| work_queue_worker[1] wq: rx from master: put file-0-25930e3036f13852cb0b29694bbab611-nt/nt.44.nni 27220 0644 1
2019/11/22 19:46:34.37 #|1574451994.376054762|00#| work_queue_worker[1] wq: Putting file file-0-25930e3036f13852cb0b29694bbab611-nt/nt.44.nni into workspace
2019/11/22 19:46:34.37 #|1574451994.376147791|00#| work_queue_worker[1] wq: rx from master: put file-0-25930e3036f13852cb0b29694bbab611-nt/nt.44.nog 3378248 0644 1
2019/11/22 19:46:34.37 #|1574451994.376170429|00#| work_queue_worker[1] wq: Putting file file-0-25930e3036f13852cb0b29694bbab611-nt/nt.44.nog into workspace
2019/11/22 19:46:34.38 #|1574451994.381391274|00#| work_queue_worker[1] wq: rx from master: put file-0-25930e3036f13852cb0b29694bbab611-nt/taxdb.btd 141628361 0644 1
2019/11/22 19:46:34.38 #|1574451994.381434165|00#| work_queue_worker[1] wq: Putting file file-0-25930e3036f13852cb0b29694bbab611-nt/taxdb.btd into workspace
2019/11/22 19:46:34.59 #|1574451994.596034773|00#| work_queue_worker[1] wq: rx from master: put file-0-25930e3036f13852cb0b29694bbab611-nt/nt.44.nhr 148534336 0644 1
2019/11/22 19:46:34.59 #|1574451994.596078071|00#| work_queue_worker[1] wq: Putting file file-0-25930e3036f13852cb0b29694bbab611-nt/nt.44.nhr into workspace
2019/11/22 19:46:34.82 #|1574451994.820606338|00#| work_queue_worker[1] wq: rx from master: put file-0-25930e3036f13852cb0b29694bbab611-nt/nt.44.nhi 338004 0644 1
2019/11/22 19:46:34.82 #|1574451994.820650161|00#| work_queue_worker[1] wq: Putting file file-0-25930e3036f13852cb0b29694bbab611-nt/nt.44.nhi into workspace
2019/11/22 19:46:34.82 #|1574451994.821235180|00#| work_queue_worker[1] wq: rx from master: put file-0-25930e3036f13852cb0b29694bbab611-nt/nt.44.nnd 6955488 0644 1
2019/11/22 19:46:34.82 #|1574451994.821274468|00#| work_queue_worker[1] wq: Putting file file-0-25930e3036f13852cb0b29694bbab611-nt/nt.44.nnd into workspace
2019/11/22 19:46:34.83 #|1574451994.832029654|00#| work_queue_worker[1] wq: rx from master: put file-0-25930e3036f13852cb0b29694bbab611-nt/nt.44.nhd 14869748 0644 1
2019/11/22 19:46:34.83 #|1574451994.832073620|00#| work_queue_worker[1] wq: Putting file file-0-25930e3036f13852cb0b29694bbab611-nt/nt.44.nhd into workspace
2019/11/22 19:46:34.85 #|1574451994.854862851|00#| work_queue_worker[1] wq: rx from master: put file-0-25930e3036f13852cb0b29694bbab611-nt/nt.44.nsq 974099786 0644 1
2019/11/22 19:46:34.85 #|1574451994.854906111|00#| work_queue_worker[1] wq: Putting file file-0-25930e3036f13852cb0b29694bbab611-nt/nt.44.nsq into workspace
2019/11/22 19:46:34.85 #|1574451994.854919847|00#| work_queue_worker[1] debug: File of size 928 MB will lower available disk space (879 MB) below threshold (0 MB).
2019/11/22 19:46:34.85 #|1574451994.854928603|00#| work_queue_worker[1] wq: Could not put file file-0-25930e3036f13852cb0b29694bbab611-nt/nt.44.nsq, not enough disk space (974099786 bytes needed)
2019/11/22 19:46:34.85 #|1574451994.854946190|00#| work_queue_worker[1] wq: cleaning workspace /tmp/worker-0-1
2019/11/22 19:46:34.91 #|1574451994.910796120|00#| work_queue_worker[1] wq: disconnecting from master 10.0.103.17:1026
2019/11/22 19:46:34.91 #|1574451994.910983497|00#| work_queue_worker[1] tcp: disconnected from 10.0.103.17 port 1026
2019/11/22 19:46:34.91 #|1574451994.911001949|00#| work_queue_worker[1] wq: killing all outstanding tasks
2019/11/22 19:46:34.91 #|1574451994.911017683|00#| work_queue_worker[1] wq: all data structures are clean
2019/11/22 19:46:40.91 #|1574452000.911447318|00#| work_queue_worker[1] debug: error reading disk usage on directory: ./cache.
2019/11/22 19:46:40.91 #|1574452000.911500064|00#| work_queue_worker[1] tcp: connecting to 10.0.103.17 port 1026
2019/11/22 19:46:40.91 #|1574452000.911693658|00#| work_queue_worker[1] tcp: made connection to 10.0.103.17 port 1026
2019/11/22 19:46:40.91 #|1574452000.911712256|00#| work_queue_worker[1] wq: connected to master master:1026 via local address 10.0.103.14:50478
2019/11/22 19:46:40.91 #|1574452000.911721765|00#| work_queue_worker[1] wq: preparing workspace /tmp/worker-0-1
2019/11/22 19:46:40.91 #|1574452000.911839559|00#| work_queue_worker[1] dns: finding my hostname: uname = 4ab0bf057ec8, address = 10.0.103.14, hostname = 4ab0bf057ec8
2019/11/22 19:46:40.91 #|1574452000.911852838|00#| work_queue_worker[1] wq: tx to master: workqueue 8 4ab0bf057ec8 Linux x86_64 8.0.0
2019/11/22 19:46:40.91 #|1574452000.911915751|00#| work_queue_worker[1] wq: tx to master: info worker-id worker-77c6da40a6a62c9bf490c6d2386e00d6
2019/11/22 19:46:40.91 #|1574452000.911967077|00#| work_queue_worker[1] wq: tx to master: alive
2019/11/22 19:46:40.91 #|1574452000.912016759|00#| work_queue_worker[1] wq: Sending resource description to master:
2019/11/22 19:46:40.91 #|1574452000.912028818|00#| work_queue_worker[1] wq:  workers      0 inuse      1 total      1 smallest      1 largest
2019/11/22 19:46:40.91 #|1574452000.912075612|00#| work_queue_worker[1] wq:     disk      0 inuse   1094 total   1094 smallest   1094 largest
2019/11/22 19:46:40.91 #|1574452000.912123942|00#| work_queue_worker[1] wq:   memory      0 inuse  11908 total  11908 smallest  11908 largest
2019/11/22 19:46:40.91 #|1574452000.912172177|00#| work_queue_worker[1] wq:     gpus      0 inuse      0 total      0 smallest      0 largest
2019/11/22 19:46:40.91 #|1574452000.912220246|00#| work_queue_worker[1] wq:    cores      0 inuse      1 total      1 smallest      1 largest
2019/11/22 19:46:40.91 #|1574452000.912297034|00#| work_queue_worker[1] wq: tx to master: info end_of_resource_update 0
2019/11/22 19:46:40.91 #|1574452000.912345720|00#| work_queue_worker[1] wq: tx to master: info tasks_running 0
2019/11/22 19:46:40.91 #|1574452000.912393098|00#| work_queue_worker[1] wq: working for master at 10.0.103.17:1026.
2019/11/22 19:46:40.91 #|1574452000.913027417|00#| work_queue_worker[1] wq: rx from master: put file-0-25930e3036f13852cb0b29694bbab611-nt/taxdb.bti 14920392 0644 1
2019/11/22 19:46:40.91 #|1574452000.913066583|00#| work_queue_worker[1] wq: Putting file file-0-25930e3036f13852cb0b29694bbab611-nt/taxdb.bti into workspace
2019/11/22 19:46:40.93 #|1574452000.933477943|00#| work_queue_worker[1] wq: rx from master: put file-0-25930e3036f13852cb0b29694bbab611-nt/nt.nal 752 0644 1
2019/11/22 19:46:40.93 #|1574452000.933520331|00#| work_queue_worker[1] wq: Putting file file-0-25930e3036f13852cb0b29694bbab611-nt/nt.nal into workspace
2019/11/22 19:46:40.93 #|1574452000.933608862|00#| work_queue_worker[1] wq: rx from master: put file-0-25930e3036f13852cb0b29694bbab611-nt/nt.44.nni 27220 0644 1
2019/11/22 19:46:40.93 #|1574452000.933629670|00#| work_queue_worker[1] wq: Putting file file-0-25930e3036f13852cb0b29694bbab611-nt/nt.44.nni into workspace
2019/11/22 19:46:40.93 #|1574452000.933757196|00#| work_queue_worker[1] wq: rx from master: put file-0-25930e3036f13852cb0b29694bbab611-nt/nt.44.nog 3378248 0644 1
2019/11/22 19:46:40.93 #|1574452000.933781171|00#| work_queue_worker[1] wq: Putting file file-0-25930e3036f13852cb0b29694bbab611-nt/nt.44.nog into workspace
2019/11/22 19:46:40.93 #|1574452000.938488697|00#| work_queue_worker[1] wq: rx from master: put file-0-25930e3036f13852cb0b29694bbab611-nt/taxdb.btd 141628361 0644 1
2019/11/22 19:46:40.93 #|1574452000.938557321|00#| work_queue_worker[1] wq: Putting file file-0-25930e3036f13852cb0b29694bbab611-nt/taxdb.btd into workspace
2019/11/22 19:46:41.12 #|1574452001.123143460|00#| work_queue_worker[1] wq: rx from master: put file-0-25930e3036f13852cb0b29694bbab611-nt/nt.44.nhr 148534336 0644 1
2019/11/22 19:46:41.12 #|1574452001.123188131|00#| work_queue_worker[1] wq: Putting file file-0-25930e3036f13852cb0b29694bbab611-nt/nt.44.nhr into workspace
2019/11/22 19:46:41.34 #|1574452001.340664492|00#| work_queue_worker[1] wq: rx from master: put file-0-25930e3036f13852cb0b29694bbab611-nt/nt.44.nhi 338004 0644 1
2019/11/22 19:46:41.34 #|1574452001.340728613|00#| work_queue_worker[1] wq: Putting file file-0-25930e3036f13852cb0b29694bbab611-nt/nt.44.nhi into workspace
2019/11/22 19:46:41.34 #|1574452001.341317957|00#| work_queue_worker[1] wq: rx from master: put file-0-25930e3036f13852cb0b29694bbab611-nt/nt.44.nnd 6955488 0644 1
2019/11/22 19:46:41.34 #|1574452001.341342749|00#| work_queue_worker[1] wq: Putting file file-0-25930e3036f13852cb0b29694bbab611-nt/nt.44.nnd into workspace
2019/11/22 19:46:41.35 #|1574452001.352209530|00#| work_queue_worker[1] wq: rx from master: put file-0-25930e3036f13852cb0b29694bbab611-nt/nt.44.nhd 14869748 0644 1
2019/11/22 19:46:41.35 #|1574452001.352254020|00#| work_queue_worker[1] wq: Putting file file-0-25930e3036f13852cb0b29694bbab611-nt/nt.44.nhd into workspace
2019/11/22 19:46:41.37 #|1574452001.374922685|00#| work_queue_worker[1] wq: rx from master: put file-0-25930e3036f13852cb0b29694bbab611-nt/nt.44.nsq 974099786 0644 1
2019/11/22 19:46:41.37 #|1574452001.374966180|00#| work_queue_worker[1] wq: Putting file file-0-25930e3036f13852cb0b29694bbab611-nt/nt.44.nsq into workspace
2019/11/22 19:46:41.37 #|1574452001.374980007|00#| work_queue_worker[1] debug: File of size 928 MB will lower available disk space (879 MB) below threshold (0 MB).
2019/11/22 19:46:41.37 #|1574452001.374988642|00#| work_queue_worker[1] wq: Could not put file file-0-25930e3036f13852cb0b29694bbab611-nt/nt.44.nsq, not enough disk space (974099786 bytes needed)
2019/11/22 19:46:41.37 #|1574452001.375000410|00#| work_queue_worker[1] wq: cleaning workspace /tmp/worker-0-1
2019/11/22 19:46:41.43 #|1574452001.431239326|00#| work_queue_worker[1] wq: disconnecting from master 10.0.103.17:1026
2019/11/22 19:46:41.43 #|1574452001.431425623|00#| work_queue_worker[1] tcp: disconnected from 10.0.103.17 port 1026
2019/11/22 19:46:41.43 #|1574452001.431443564|00#| work_queue_worker[1] wq: killing all outstanding tasks
2019/11/22 19:46:41.43 #|1574452001.431458967|00#| work_queue_worker[1] wq: all data structures are clean
2019/11/22 19:46:47.43 #|1574452007.431879407|00#| work_queue_worker[1] debug: error reading disk usage on directory: ./cache.
2019/11/22 19:46:47.43 #|1574452007.431934614|00#| work_queue_worker[1] tcp: connecting to 10.0.103.17 port 1026
2019/11/22 19:46:47.43 #|1574452007.432123338|00#| work_queue_worker[1] tcp: made connection to 10.0.103.17 port 1026
2019/11/22 19:46:47.43 #|1574452007.432142294|00#| work_queue_worker[1] wq: connected to master master:1026 via local address 10.0.103.14:50490
2019/11/22 19:46:47.43 #|1574452007.432152076|00#| work_queue_worker[1] wq: preparing workspace /tmp/worker-0-1
2019/11/22 19:46:47.43 #|1574452007.432266243|00#| work_queue_worker[1] dns: finding my hostname: uname = 4ab0bf057ec8, address = 10.0.103.14, hostname = 4ab0bf057ec8
2019/11/22 19:46:47.43 #|1574452007.432279984|00#| work_queue_worker[1] wq: tx to master: workqueue 8 4ab0bf057ec8 Linux x86_64 8.0.0
2019/11/22 19:46:47.43 #|1574452007.432346708|00#| work_queue_worker[1] wq: tx to master: info worker-id worker-77c6da40a6a62c9bf490c6d2386e00d6
2019/11/22 19:46:47.43 #|1574452007.432398772|00#| work_queue_worker[1] wq: tx to master: alive
2019/11/22 19:46:47.43 #|1574452007.432464450|00#| work_queue_worker[1] wq: Sending resource description to master:
2019/11/22 19:46:47.43 #|1574452007.432477012|00#| work_queue_worker[1] wq:  workers      0 inuse      1 total      1 smallest      1 largest
2019/11/22 19:46:47.43 #|1574452007.432527399|00#| work_queue_worker[1] wq:     disk      0 inuse   1094 total   1094 smallest   1094 largest
2019/11/22 19:46:47.43 #|1574452007.432580078|00#| work_queue_worker[1] wq:   memory      0 inuse  11908 total  11908 smallest  11908 largest
2019/11/22 19:46:47.43 #|1574452007.432632614|00#| work_queue_worker[1] wq:     gpus      0 inuse      0 total      0 smallest      0 largest
2019/11/22 19:46:47.43 #|1574452007.432684556|00#| work_queue_worker[1] wq:    cores      0 inuse      1 total      1 smallest      1 largest
2019/11/22 19:46:47.43 #|1574452007.432766379|00#| work_queue_worker[1] wq: tx to master: info end_of_resource_update 0
2019/11/22 19:46:47.43 #|1574452007.432818791|00#| work_queue_worker[1] wq: tx to master: info tasks_running 0
2019/11/22 19:46:47.43 #|1574452007.432867686|00#| work_queue_worker[1] wq: working for master at 10.0.103.17:1026.
2019/11/22 19:47:02.93 #|1574452022.933391442|00#| work_queue_worker[1] wq: rx from master: release
2019/11/22 19:47:02.93 #|1574452022.933417749|00#| work_queue_worker[1] wq: released by master 10.0.103.17:1026.
2019/11/22 19:47:02.93 #|1574452022.933437124|00#| work_queue_worker[1] wq: cleaning workspace /tmp/worker-0-1
2019/11/22 19:47:02.93 #|1574452022.933555451|00#| work_queue_worker[1] wq: disconnecting from master 10.0.103.17:1026
2019/11/22 19:47:02.93 #|1574452022.933654371|00#| work_queue_worker[1] tcp: disconnected from 10.0.103.17 port 1026
2019/11/22 19:47:02.93 #|1574452022.933674361|00#| work_queue_worker[1] wq: killing all outstanding tasks
2019/11/22 19:47:02.93 #|1574452022.933691650|00#| work_queue_worker[1] wq: all data structures are clean
2019/11/22 19:47:03.93 #|1574452023.933821244|00#| work_queue_worker[1] tcp: connecting to 10.0.103.17 port 1026
