2019/11/23 19:11:10.33 #|1574536270.332627968|00#| work_queue_worker[1] debug: /root/cctools/bin/work_queue_worker version 8.0.0 DEVELOPMENT (released 2019-11-14 15:35:16 +0000)
2019/11/23 19:11:10.33 #|1574536270.332851314|00#| work_queue_worker[1] debug: Built by root@7e9ecba79f43 on 2019-11-14 15:35:16 +0000
2019/11/23 19:11:10.33 #|1574536270.332950680|00#| work_queue_worker[1] debug: System: Linux 7e9ecba79f43 5.0.0-32-generic #34~18.04.2-Ubuntu SMP Thu Oct 10 10:36:02 UTC 2019 x86_64 x86_64 x86_64 GNU/Linux
2019/11/23 19:11:10.33 #|1574536270.332995722|00#| work_queue_worker[1] debug: Configuration: --prefix /root/cctools
2019/11/23 19:11:10.33 #|1574536270.333252455|00#| work_queue_worker[1] wq: WORK_QUEUE_SANDBOX set to /tmp/worker-0-1.
2019/11/23 19:11:10.33 #|1574536270.333840351|00#| work_queue_worker[1] debug: error reading disk usage on directory: ./cache.
2019/11/23 19:11:10.33 #|1574536270.333877592|00#| work_queue_worker[1] dns: looking up name master
2019/11/23 19:11:10.33 #|1574536270.334765575|00#| work_queue_worker[1] dns: master is 10.0.139.2
2019/11/23 19:11:10.33 #|1574536270.335579469|00#| work_queue_worker[1] tcp: connecting to 10.0.139.2 port 1026
2019/11/23 19:11:10.33 #|1574536270.336206943|00#| work_queue_worker[1] tcp: made connection to 10.0.139.2 port 1026
2019/11/23 19:11:10.33 #|1574536270.336234876|00#| work_queue_worker[1] wq: connected to master master:1026 via local address 10.0.139.7:50118
2019/11/23 19:11:10.33 #|1574536270.336274653|00#| work_queue_worker[1] wq: preparing workspace /tmp/worker-0-1
2019/11/23 19:11:10.33 #|1574536270.336522322|00#| work_queue_worker[1] dns: looking up name 6c089e075599
2019/11/23 19:11:10.33 #|1574536270.336619137|00#| work_queue_worker[1] dns: 6c089e075599 is 10.0.139.7
2019/11/23 19:11:10.33 #|1574536270.336637807|00#| work_queue_worker[1] dns: looking up addr 10.0.139.7
2019/11/23 19:11:10.33 #|1574536270.336706884|00#| work_queue_worker[1] dns: 10.0.139.7 is 6c089e075599
2019/11/23 19:11:10.33 #|1574536270.336724863|00#| work_queue_worker[1] dns: finding my hostname: uname = 6c089e075599, address = 10.0.139.7, hostname = 6c089e075599
2019/11/23 19:11:10.33 #|1574536270.336743567|00#| work_queue_worker[1] wq: tx to master: workqueue 8 6c089e075599 Linux x86_64 8.0.0
2019/11/23 19:11:10.33 #|1574536270.336870832|00#| work_queue_worker[1] wq: tx to master: info worker-id worker-5f72e8ccc33448b6bc6143410dc61514
2019/11/23 19:11:10.33 #|1574536270.336952339|00#| work_queue_worker[1] wq: tx to master: alive
2019/11/23 19:11:10.33 #|1574536270.337028469|00#| work_queue_worker[1] wq: Sending resource description to master:
2019/11/23 19:11:10.33 #|1574536270.337048805|00#| work_queue_worker[1] wq:  workers      0 inuse      1 total      1 smallest      1 largest
2019/11/23 19:11:10.33 #|1574536270.337127429|00#| work_queue_worker[1] wq:     disk      0 inuse 183064 total 183064 smallest 183064 largest
2019/11/23 19:11:10.33 #|1574536270.337203718|00#| work_queue_worker[1] wq:   memory      0 inuse   7749 total   7749 smallest   7749 largest
2019/11/23 19:11:10.33 #|1574536270.337256866|00#| work_queue_worker[1] wq:     gpus      0 inuse      0 total      0 smallest      0 largest
2019/11/23 19:11:10.33 #|1574536270.337333708|00#| work_queue_worker[1] wq:    cores      0 inuse      1 total      1 smallest      1 largest
2019/11/23 19:11:10.33 #|1574536270.337462846|00#| work_queue_worker[1] wq: tx to master: info end_of_resource_update 0
2019/11/23 19:11:10.33 #|1574536270.337539143|00#| work_queue_worker[1] wq: tx to master: info tasks_running 0
2019/11/23 19:11:10.33 #|1574536270.337592398|00#| work_queue_worker[1] wq: working for master at 10.0.139.2:1026.
2019/11/23 19:13:12.12 #|1574536392.128898519|00#| work_queue_worker[1] wq: rx from master: put file-0-6a3566a41d4cc2c0ac4ec7bfaab41382-query.fastq.6 2044000 0644 1
2019/11/23 19:13:12.12 #|1574536392.129068030|00#| work_queue_worker[1] wq: Putting file file-0-6a3566a41d4cc2c0ac4ec7bfaab41382-query.fastq.6 into workspace
2019/11/23 19:13:12.49 #|1574536392.491591750|00#| work_queue_worker[1] wq: rx from master: put file-0-971da570f958f7598fb58342dc472274-ref.fasta.sa 50000056 0644 1
2019/11/23 19:13:12.49 #|1574536392.491696088|00#| work_queue_worker[1] wq: Putting file file-0-971da570f958f7598fb58342dc472274-ref.fasta.sa into workspace
2019/11/23 19:13:17.03 #|1574536397.36474844|00#| work_queue_worker[1] wq: rx from master: put file-0-35f59a9883b4870b84f03717aff16002-ref.fasta.ann 5866697 0644 1
2019/11/23 19:13:17.03 #|1574536397.36669035|00#| work_queue_worker[1] wq: Putting file file-0-35f59a9883b4870b84f03717aff16002-ref.fasta.ann into workspace
2019/11/23 19:13:17.53 #|1574536397.531650275|00#| work_queue_worker[1] wq: rx from master: put file-0-1aba5e7adecebe065db19a405fb8bdf0-ref.fasta.amb 19 0644 1
2019/11/23 19:13:17.53 #|1574536397.531775620|00#| work_queue_worker[1] wq: Putting file file-0-1aba5e7adecebe065db19a405fb8bdf0-ref.fasta.amb into workspace
2019/11/23 19:13:17.53 #|1574536397.532011701|00#| work_queue_worker[1] wq: rx from master: put file-0-d4ff2b390cdd34b642d74a1cd1b59b97-ref.fasta.pac 25000002 0644 1
2019/11/23 19:13:17.53 #|1574536397.532091167|00#| work_queue_worker[1] wq: Putting file file-0-d4ff2b390cdd34b642d74a1cd1b59b97-ref.fasta.pac into workspace
2019/11/23 19:13:19.73 #|1574536399.734265452|00#| work_queue_worker[1] wq: rx from master: put file-0-0cadea4f68da3f941c5b5f0c963a59f8-ref.fasta.bwt 100000072 0644 1
2019/11/23 19:13:19.73 #|1574536399.734369205|00#| work_queue_worker[1] wq: Putting file file-0-0cadea4f68da3f941c5b5f0c963a59f8-ref.fasta.bwt into workspace
2019/11/23 19:13:28.54 #|1574536408.546697313|00#| work_queue_worker[1] wq: rx from master: put file-0-b08c3e9746692f64bcb9a448620c7967-ref.fasta 105477790 0644 1
2019/11/23 19:13:28.54 #|1574536408.546804380|00#| work_queue_worker[1] wq: Putting file file-0-b08c3e9746692f64bcb9a448620c7967-ref.fasta into workspace
2019/11/23 19:13:37.99 #|1574536417.993999904|00#| work_queue_worker[1] wq: rx from master: put file-0-a6be17d8a097bb9efd120be10bbc654c-bwa 1444312 0755 1
2019/11/23 19:13:37.99 #|1574536417.994096483|00#| work_queue_worker[1] wq: Putting file file-0-a6be17d8a097bb9efd120be10bbc654c-bwa into workspace
2019/11/23 19:13:38.24 #|1574536418.249679202|00#| work_queue_worker[1] wq: rx from master: task 4
2019/11/23 19:13:38.24 #|1574536418.249766122|00#| work_queue_worker[1] wq: rx from master: cmd 58
2019/11/23 19:13:38.24 #|1574536418.249819883|00#| work_queue_worker[1] wq: rx from master: ./bwa mem ref.fasta query.fastq.6 > Out.6.sam 2> mem.6.err
2019/11/23 19:13:38.24 #|1574536418.249863195|00#| work_queue_worker[1] wq: rx from master: category default
2019/11/23 19:13:38.24 #|1574536418.249887984|00#| work_queue_worker[1] wq: rx from master: cores 1
2019/11/23 19:13:38.24 #|1574536418.249921541|00#| work_queue_worker[1] wq: rx from master: memory 7749
2019/11/23 19:13:38.24 #|1574536418.249939695|00#| work_queue_worker[1] wq: rx from master: disk 183064
2019/11/23 19:13:38.24 #|1574536418.249957560|00#| work_queue_worker[1] wq: rx from master: gpus 0
2019/11/23 19:13:38.24 #|1574536418.249975674|00#| work_queue_worker[1] wq: rx from master: end_time 18446744073709551615
2019/11/23 19:13:38.25 #|1574536418.250011142|00#| work_queue_worker[1] wq: rx from master: wall_time 18446744073709551615
2019/11/23 19:13:38.25 #|1574536418.250043830|00#| work_queue_worker[1] wq: rx from master: env 7
2019/11/23 19:13:38.25 #|1574536418.250066366|00#| work_queue_worker[1] wq: rx from master: env 17
2019/11/23 19:13:38.25 #|1574536418.250101024|00#| work_queue_worker[1] wq: rx from master: infile file-0-6a3566a41d4cc2c0ac4ec7bfaab41382-query.fastq.6 query.fastq.6 1
2019/11/23 19:13:38.25 #|1574536418.250175044|00#| work_queue_worker[1] wq: rx from master: infile file-0-971da570f958f7598fb58342dc472274-ref.fasta.sa ref.fasta.sa 1
2019/11/23 19:13:38.25 #|1574536418.250205930|00#| work_queue_worker[1] wq: rx from master: infile file-0-35f59a9883b4870b84f03717aff16002-ref.fasta.ann ref.fasta.ann 1
2019/11/23 19:13:38.25 #|1574536418.250249366|00#| work_queue_worker[1] wq: rx from master: infile file-0-1aba5e7adecebe065db19a405fb8bdf0-ref.fasta.amb ref.fasta.amb 1
2019/11/23 19:13:38.25 #|1574536418.250304578|00#| work_queue_worker[1] wq: rx from master: infile file-0-d4ff2b390cdd34b642d74a1cd1b59b97-ref.fasta.pac ref.fasta.pac 1
2019/11/23 19:13:38.25 #|1574536418.250348306|00#| work_queue_worker[1] wq: rx from master: infile file-0-0cadea4f68da3f941c5b5f0c963a59f8-ref.fasta.bwt ref.fasta.bwt 1
2019/11/23 19:13:38.25 #|1574536418.250408566|00#| work_queue_worker[1] wq: rx from master: infile file-0-b08c3e9746692f64bcb9a448620c7967-ref.fasta ref.fasta 1
2019/11/23 19:13:38.25 #|1574536418.250437557|00#| work_queue_worker[1] wq: rx from master: infile file-0-a6be17d8a097bb9efd120be10bbc654c-bwa bwa 1
2019/11/23 19:13:38.25 #|1574536418.250465570|00#| work_queue_worker[1] wq: rx from master: outfile file-0-d8efdf305b5ec470231b1129c3286ec1-mem.6.err mem.6.err 1
2019/11/23 19:13:38.25 #|1574536418.250513000|00#| work_queue_worker[1] wq: rx from master: outfile file-0-e72c9cb95a264e932ca4b0a988983a76-Out.6.sam Out.6.sam 1
2019/11/23 19:13:38.25 #|1574536418.250553068|00#| work_queue_worker[1] wq: rx from master: end
2019/11/23 19:13:38.25 #|1574536418.250842461|00#| work_queue_worker[1] wq: linking cache/file-0-6a3566a41d4cc2c0ac4ec7bfaab41382-query.fastq.6 to /tmp/worker-0-1/t.4/query.fastq.6
2019/11/23 19:13:38.25 #|1574536418.250944228|00#| work_queue_worker[1] wq: linking cache/file-0-971da570f958f7598fb58342dc472274-ref.fasta.sa to /tmp/worker-0-1/t.4/ref.fasta.sa
2019/11/23 19:13:38.25 #|1574536418.251033679|00#| work_queue_worker[1] wq: linking cache/file-0-35f59a9883b4870b84f03717aff16002-ref.fasta.ann to /tmp/worker-0-1/t.4/ref.fasta.ann
2019/11/23 19:13:38.25 #|1574536418.251121565|00#| work_queue_worker[1] wq: linking cache/file-0-1aba5e7adecebe065db19a405fb8bdf0-ref.fasta.amb to /tmp/worker-0-1/t.4/ref.fasta.amb
2019/11/23 19:13:38.25 #|1574536418.251193651|00#| work_queue_worker[1] wq: linking cache/file-0-d4ff2b390cdd34b642d74a1cd1b59b97-ref.fasta.pac to /tmp/worker-0-1/t.4/ref.fasta.pac
2019/11/23 19:13:38.25 #|1574536418.251281351|00#| work_queue_worker[1] wq: linking cache/file-0-0cadea4f68da3f941c5b5f0c963a59f8-ref.fasta.bwt to /tmp/worker-0-1/t.4/ref.fasta.bwt
2019/11/23 19:13:38.25 #|1574536418.251343585|00#| work_queue_worker[1] wq: linking cache/file-0-b08c3e9746692f64bcb9a448620c7967-ref.fasta to /tmp/worker-0-1/t.4/ref.fasta
2019/11/23 19:13:38.25 #|1574536418.251452108|00#| work_queue_worker[1] wq: linking cache/file-0-a6be17d8a097bb9efd120be10bbc654c-bwa to /tmp/worker-0-1/t.4/bwa
2019/11/23 19:13:38.25 #|1574536418.251526424|00#| work_queue_worker[1] wq: Waiting task 4 has been forsaken.
2019/11/23 19:13:38.25 #|1574536418.251547038|00#| work_queue_worker[1] wq: tx to master: alive
2019/11/23 19:13:38.25 #|1574536418.251621297|00#| work_queue_worker[1] wq: Sending resource description to master:
2019/11/23 19:13:38.25 #|1574536418.251640788|00#| work_queue_worker[1] wq:  workers      0 inuse      1 total      1 smallest      1 largest
2019/11/23 19:13:38.25 #|1574536418.251698605|00#| work_queue_worker[1] wq:     disk    276 inuse 182685 total 182685 smallest 182685 largest
2019/11/23 19:13:38.25 #|1574536418.251756573|00#| work_queue_worker[1] wq:   memory      0 inuse   7749 total   7749 smallest   7749 largest
2019/11/23 19:13:38.25 #|1574536418.251823771|00#| work_queue_worker[1] wq:     gpus      0 inuse      0 total      0 smallest      0 largest
2019/11/23 19:13:38.25 #|1574536418.251910487|00#| work_queue_worker[1] wq:    cores      0 inuse      1 total      1 smallest      1 largest
2019/11/23 19:13:38.25 #|1574536418.252023696|00#| work_queue_worker[1] wq: tx to master: info end_of_resource_update 0
2019/11/23 19:13:38.25 #|1574536418.252110409|00#| work_queue_worker[1] wq: tx to master: info tasks_running 0
2019/11/23 19:13:38.25 #|1574536418.252178372|00#| work_queue_worker[1] wq: tx to master: info tasks_running 0
2019/11/23 19:13:38.25 #|1574536418.252266402|00#| work_queue_worker[1] wq: tx to master: available_results
2019/11/23 19:14:28.79 #|1574536468.794540771|00#| work_queue_worker[1] wq: rx from master: send_results -1
2019/11/23 19:14:28.79 #|1574536468.794632386|00#| work_queue_worker[1] wq: tx to master: result 40 0 0 0 4
2019/11/23 19:14:28.79 #|1574536468.794718493|00#| work_queue_worker[1] wq: tx to master: info tasks_running 0
2019/11/23 19:14:28.79 #|1574536468.794831317|00#| work_queue_worker[1] wq: tx to master: end
2019/11/23 19:14:49.23 #|1574536489.239804634|00#| work_queue_worker[1] wq: rx from master: put file-0-048045060f61089a83cce204e6b8f151-corr.out 0 0644 1
2019/11/23 19:14:49.23 #|1574536489.239904876|00#| work_queue_worker[1] wq: Putting file file-0-048045060f61089a83cce204e6b8f151-corr.out into workspace
2019/11/23 19:14:49.24 #|1574536489.240039794|00#| work_queue_worker[1] wq: rx from master: put file-0-4980f39c2875c027dae7602880a2b656-ref.fasta.92 1055000 0644 1
2019/11/23 19:14:49.24 #|1574536489.240092712|00#| work_queue_worker[1] wq: Putting file file-0-4980f39c2875c027dae7602880a2b656-ref.fasta.92 into workspace
2019/11/23 19:14:49.60 #|1574536489.603504560|00#| work_queue_worker[1] wq: rx from master: put file-0-ddd728dc31a49bcd4cacae5676b4e7f7-Create_Corrected_AllLRReads.py 1402 0755 1
2019/11/23 19:14:49.60 #|1574536489.603581152|00#| work_queue_worker[1] wq: Putting file file-0-ddd728dc31a49bcd4cacae5676b4e7f7-Create_Corrected_AllLRReads.py into workspace
2019/11/23 19:14:49.60 #|1574536489.603905530|00#| work_queue_worker[1] wq: rx from master: task 20
2019/11/23 19:14:49.60 #|1574536489.603942823|00#| work_queue_worker[1] wq: rx from master: cmd 76
2019/11/23 19:14:49.60 #|1574536489.603961805|00#| work_queue_worker[1] wq: rx from master: python Create_Corrected_AllLRReads.py ref.fasta.92 corr.out 2> create.err.92
2019/11/23 19:14:49.60 #|1574536489.603976421|00#| work_queue_worker[1] wq: rx from master: category default
2019/11/23 19:14:49.60 #|1574536489.603992332|00#| work_queue_worker[1] wq: rx from master: cores 1
2019/11/23 19:14:49.60 #|1574536489.604008296|00#| work_queue_worker[1] wq: rx from master: memory 7749
2019/11/23 19:14:49.60 #|1574536489.604023781|00#| work_queue_worker[1] wq: rx from master: disk 182685
2019/11/23 19:14:49.60 #|1574536489.604039113|00#| work_queue_worker[1] wq: rx from master: gpus 0
2019/11/23 19:14:49.60 #|1574536489.604055150|00#| work_queue_worker[1] wq: rx from master: end_time 18446744073709551615
2019/11/23 19:14:49.60 #|1574536489.604071921|00#| work_queue_worker[1] wq: rx from master: wall_time 18446744073709551615
2019/11/23 19:14:49.60 #|1574536489.604087767|00#| work_queue_worker[1] wq: rx from master: env 7
2019/11/23 19:14:49.60 #|1574536489.604106215|00#| work_queue_worker[1] wq: rx from master: env 17
2019/11/23 19:14:49.60 #|1574536489.604124695|00#| work_queue_worker[1] wq: rx from master: infile file-0-048045060f61089a83cce204e6b8f151-corr.out corr.out 1
2019/11/23 19:14:49.60 #|1574536489.604154283|00#| work_queue_worker[1] wq: rx from master: infile file-0-4980f39c2875c027dae7602880a2b656-ref.fasta.92 ref.fasta.92 1
2019/11/23 19:14:49.60 #|1574536489.604203659|00#| work_queue_worker[1] wq: rx from master: infile file-0-ddd728dc31a49bcd4cacae5676b4e7f7-Create_Corrected_AllLRReads.py Create_Corrected_AllLRReads.py 1
2019/11/23 19:14:49.60 #|1574536489.604270808|00#| work_queue_worker[1] wq: rx from master: outfile file-0-c382b06117dc57c7c2a747d0d7965340-create.err.92 create.err.92 1
2019/11/23 19:14:49.60 #|1574536489.604300151|00#| work_queue_worker[1] wq: rx from master: outfile file-0-78386749f9b37f6ac55181c941935a54-Corrected_ref.fasta.92 Corrected_ref.fasta.92 1
2019/11/23 19:14:49.60 #|1574536489.604326457|00#| work_queue_worker[1] wq: rx from master: end
2019/11/23 19:14:49.60 #|1574536489.604511335|00#| work_queue_worker[1] wq: linking cache/file-0-048045060f61089a83cce204e6b8f151-corr.out to /tmp/worker-0-1/t.20/corr.out
2019/11/23 19:14:49.60 #|1574536489.604576793|00#| work_queue_worker[1] wq: linking cache/file-0-4980f39c2875c027dae7602880a2b656-ref.fasta.92 to /tmp/worker-0-1/t.20/ref.fasta.92
2019/11/23 19:14:49.60 #|1574536489.604630359|00#| work_queue_worker[1] wq: linking cache/file-0-ddd728dc31a49bcd4cacae5676b4e7f7-Create_Corrected_AllLRReads.py to /tmp/worker-0-1/t.20/Create_Corrected_AllLRReads.py
2019/11/23 19:14:49.60 #|1574536489.604688793|00#| work_queue_worker[1] wq: Waiting task 20 has been forsaken.
2019/11/23 19:14:49.60 #|1574536489.604726336|00#| work_queue_worker[1] wq: tx to master: alive
2019/11/23 19:14:49.60 #|1574536489.604825830|00#| work_queue_worker[1] wq: Sending resource description to master:
2019/11/23 19:14:49.60 #|1574536489.604843990|00#| work_queue_worker[1] wq:  workers      0 inuse      1 total      1 smallest      1 largest
2019/11/23 19:14:49.60 #|1574536489.604922605|00#| work_queue_worker[1] wq:     disk    277 inuse 182233 total 182233 smallest 182233 largest
2019/11/23 19:14:49.60 #|1574536489.604986531|00#| work_queue_worker[1] wq:   memory      0 inuse   7749 total   7749 smallest   7749 largest
2019/11/23 19:14:49.60 #|1574536489.605063995|00#| work_queue_worker[1] wq:     gpus      0 inuse      0 total      0 smallest      0 largest
2019/11/23 19:14:49.60 #|1574536489.605113972|00#| work_queue_worker[1] wq:    cores      0 inuse      1 total      1 smallest      1 largest
2019/11/23 19:14:49.60 #|1574536489.605201769|00#| work_queue_worker[1] wq: tx to master: info end_of_resource_update 0
2019/11/23 19:14:49.60 #|1574536489.605270687|00#| work_queue_worker[1] wq: tx to master: info tasks_running 0
2019/11/23 19:14:49.60 #|1574536489.605332932|00#| work_queue_worker[1] wq: tx to master: info tasks_running 0
2019/11/23 19:14:49.60 #|1574536489.605407480|00#| work_queue_worker[1] wq: tx to master: available_results
2019/11/23 19:14:49.60 #|1574536489.605430273|00#| work_queue_worker[1] wq: rx from master: check
2019/11/23 19:14:49.60 #|1574536489.605452965|00#| work_queue_worker[1] wq: tx to master: alive
2019/11/23 19:14:49.60 #|1574536489.605479830|00#| work_queue_worker[1] wq: tx to master: info tasks_running 0
2019/11/23 19:14:49.64 #|1574536489.640100129|00#| work_queue_worker[1] wq: rx from master: send_results -1
2019/11/23 19:14:49.64 #|1574536489.640160831|00#| work_queue_worker[1] wq: tx to master: result 40 0 0 0 20
2019/11/23 19:14:49.64 #|1574536489.640234204|00#| work_queue_worker[1] wq: tx to master: info tasks_running 0
2019/11/23 19:14:49.64 #|1574536489.640272154|00#| work_queue_worker[1] wq: tx to master: end
2019/11/23 19:14:49.64 #|1574536489.644266103|00#| work_queue_worker[1] wq: rx from master: put file-0-81e4285476e20b70ee543f40aa0fd6bc-ref.fasta.54 1055000 0644 1
2019/11/23 19:14:49.64 #|1574536489.644320863|00#| work_queue_worker[1] wq: Putting file file-0-81e4285476e20b70ee543f40aa0fd6bc-ref.fasta.54 into workspace
2019/11/23 19:14:49.82 #|1574536489.821460213|00#| work_queue_worker[1] wq: rx from master: task 58
2019/11/23 19:14:49.82 #|1574536489.821652189|00#| work_queue_worker[1] wq: rx from master: cmd 76
2019/11/23 19:14:49.82 #|1574536489.821742404|00#| work_queue_worker[1] wq: rx from master: python Create_Corrected_AllLRReads.py ref.fasta.54 corr.out 2> create.err.54
2019/11/23 19:14:49.82 #|1574536489.821898103|00#| work_queue_worker[1] wq: rx from master: category default
2019/11/23 19:14:49.82 #|1574536489.821991290|00#| work_queue_worker[1] wq: rx from master: cores 1
2019/11/23 19:14:49.82 #|1574536489.822162842|00#| work_queue_worker[1] wq: rx from master: memory 7749
2019/11/23 19:14:49.82 #|1574536489.822307160|00#| work_queue_worker[1] wq: rx from master: disk 182233
2019/11/23 19:14:49.82 #|1574536489.822469184|00#| work_queue_worker[1] wq: rx from master: gpus 0
2019/11/23 19:14:49.82 #|1574536489.822580372|00#| work_queue_worker[1] wq: rx from master: end_time 18446744073709551615
2019/11/23 19:14:49.82 #|1574536489.822731331|00#| work_queue_worker[1] wq: rx from master: wall_time 18446744073709551615
2019/11/23 19:14:49.82 #|1574536489.822864160|00#| work_queue_worker[1] wq: rx from master: env 7
2019/11/23 19:14:49.82 #|1574536489.823024795|00#| work_queue_worker[1] wq: rx from master: env 17
2019/11/23 19:14:49.82 #|1574536489.823148485|00#| work_queue_worker[1] wq: rx from master: infile file-0-048045060f61089a83cce204e6b8f151-corr.out corr.out 1
2019/11/23 19:14:49.82 #|1574536489.823322938|00#| work_queue_worker[1] wq: rx from master: infile file-0-81e4285476e20b70ee543f40aa0fd6bc-ref.fasta.54 ref.fasta.54 1
2019/11/23 19:14:49.82 #|1574536489.823472570|00#| work_queue_worker[1] wq: rx from master: infile file-0-ddd728dc31a49bcd4cacae5676b4e7f7-Create_Corrected_AllLRReads.py Create_Corrected_AllLRReads.py 1
2019/11/23 19:14:49.82 #|1574536489.823644317|00#| work_queue_worker[1] wq: rx from master: outfile file-0-68cb1529d441f7faed37ea779bcc9782-create.err.54 create.err.54 1
2019/11/23 19:14:49.82 #|1574536489.823758574|00#| work_queue_worker[1] wq: rx from master: outfile file-0-1bae47673cec305828994fabbd5903db-Corrected_ref.fasta.54 Corrected_ref.fasta.54 1
2019/11/23 19:14:49.82 #|1574536489.823908390|00#| work_queue_worker[1] wq: rx from master: end
2019/11/23 19:14:49.82 #|1574536489.824264832|00#| work_queue_worker[1] wq: linking cache/file-0-048045060f61089a83cce204e6b8f151-corr.out to /tmp/worker-0-1/t.58/corr.out
2019/11/23 19:14:49.82 #|1574536489.824383784|00#| work_queue_worker[1] wq: linking cache/file-0-81e4285476e20b70ee543f40aa0fd6bc-ref.fasta.54 to /tmp/worker-0-1/t.58/ref.fasta.54
2019/11/23 19:14:49.82 #|1574536489.824487940|00#| work_queue_worker[1] wq: linking cache/file-0-ddd728dc31a49bcd4cacae5676b4e7f7-Create_Corrected_AllLRReads.py to /tmp/worker-0-1/t.58/Create_Corrected_AllLRReads.py
2019/11/23 19:14:49.82 #|1574536489.824869360|00#| work_queue_worker[1] wq: started process 9: python Create_Corrected_AllLRReads.py ref.fasta.54 corr.out 2> create.err.54
2019/11/23 19:14:49.82 #|1574536489.824975671|00#| work_queue_worker[1] wq: tx to master: info tasks_running 1
2019/11/23 19:14:49.90 #|1574536489.901795048|00#| work_queue_worker[1] wq: task 58 (pid 9) exited normally with exit code 0
2019/11/23 19:14:49.90 #|1574536489.901834125|00#| work_queue_worker[1] wq: moving output file from /tmp/worker-0-1/t.58/create.err.54 to cache/file-0-68cb1529d441f7faed37ea779bcc9782-create.err.54
2019/11/23 19:14:49.90 #|1574536489.901918499|00#| work_queue_worker[1] wq: moving output file from /tmp/worker-0-1/t.58/Corrected_ref.fasta.54 to cache/file-0-1bae47673cec305828994fabbd5903db-Corrected_ref.fasta.54
2019/11/23 19:14:49.90 #|1574536489.901959291|00#| work_queue_worker[1] wq: tx to master: available_results
2019/11/23 19:14:49.93 #|1574536489.931501541|00#| work_queue_worker[1] wq: rx from master: send_results -1
2019/11/23 19:14:49.93 #|1574536489.931571035|00#| work_queue_worker[1] wq: tx to master: result 0 0 0 77189 58
2019/11/23 19:14:49.93 #|1574536489.931669417|00#| work_queue_worker[1] wq: tx to master: info tasks_running 0
2019/11/23 19:14:49.93 #|1574536489.931755814|00#| work_queue_worker[1] wq: tx to master: end
2019/11/23 19:14:49.94 #|1574536489.947788579|00#| work_queue_worker[1] wq: rx from master: get file-0-68cb1529d441f7faed37ea779bcc9782-create.err.54 1
2019/11/23 19:14:49.94 #|1574536489.947964955|00#| work_queue_worker[1] wq: tx to master: file file-0-68cb1529d441f7faed37ea779bcc9782-create.err.54 0
2019/11/23 19:14:49.94 #|1574536489.948188576|00#| work_queue_worker[1] wq: tx to master: end
2019/11/23 19:14:49.94 #|1574536489.948998520|00#| work_queue_worker[1] wq: rx from master: get file-0-1bae47673cec305828994fabbd5903db-Corrected_ref.fasta.54 1
2019/11/23 19:14:49.94 #|1574536489.949124855|00#| work_queue_worker[1] wq: tx to master: file file-0-1bae47673cec305828994fabbd5903db-Corrected_ref.fasta.54 1055000
2019/11/23 19:14:50.03 #|1574536490.32537907|00#| work_queue_worker[1] wq: tx to master: end
2019/11/23 19:14:50.04 #|1574536490.43684407|00#| work_queue_worker[1] wq: rx from master: kill 58
2019/11/23 19:14:50.16 #|1574536490.166700182|00#| work_queue_worker[1] wq: rx from master: put file-0-b08bcaca0d4661ed0eebfe2af92bbce7-ref.fasta.44 1055000 0644 1
2019/11/23 19:14:50.16 #|1574536490.166818201|00#| work_queue_worker[1] wq: Putting file file-0-b08bcaca0d4661ed0eebfe2af92bbce7-ref.fasta.44 into workspace
2019/11/23 19:14:50.53 #|1574536490.531042547|00#| work_queue_worker[1] wq: rx from master: task 68
2019/11/23 19:14:50.53 #|1574536490.531225614|00#| work_queue_worker[1] wq: rx from master: cmd 76
2019/11/23 19:14:50.53 #|1574536490.531372524|00#| work_queue_worker[1] wq: rx from master: python Create_Corrected_AllLRReads.py ref.fasta.44 corr.out 2> create.err.44
2019/11/23 19:14:50.53 #|1574536490.532525328|00#| work_queue_worker[1] wq: rx from master: category default
2019/11/23 19:14:50.53 #|1574536490.532557537|00#| work_queue_worker[1] wq: rx from master: cores 1
2019/11/23 19:14:50.53 #|1574536490.532591353|00#| work_queue_worker[1] wq: rx from master: memory 7749
2019/11/23 19:14:50.53 #|1574536490.532616038|00#| work_queue_worker[1] wq: rx from master: disk 182233
2019/11/23 19:14:50.53 #|1574536490.532638903|00#| work_queue_worker[1] wq: rx from master: gpus 0
2019/11/23 19:14:50.53 #|1574536490.532662134|00#| work_queue_worker[1] wq: rx from master: end_time 18446744073709551615
2019/11/23 19:14:50.53 #|1574536490.532692037|00#| work_queue_worker[1] wq: rx from master: wall_time 18446744073709551615
2019/11/23 19:14:50.53 #|1574536490.532714318|00#| work_queue_worker[1] wq: rx from master: env 7
2019/11/23 19:14:50.53 #|1574536490.532740927|00#| work_queue_worker[1] wq: rx from master: env 17
2019/11/23 19:14:50.53 #|1574536490.532766880|00#| work_queue_worker[1] wq: rx from master: infile file-0-048045060f61089a83cce204e6b8f151-corr.out corr.out 1
2019/11/23 19:14:50.53 #|1574536490.532807972|00#| work_queue_worker[1] wq: rx from master: infile file-0-b08bcaca0d4661ed0eebfe2af92bbce7-ref.fasta.44 ref.fasta.44 1
2019/11/23 19:14:50.53 #|1574536490.532892095|00#| work_queue_worker[1] wq: rx from master: infile file-0-ddd728dc31a49bcd4cacae5676b4e7f7-Create_Corrected_AllLRReads.py Create_Corrected_AllLRReads.py 1
2019/11/23 19:14:50.53 #|1574536490.532977877|00#| work_queue_worker[1] wq: rx from master: outfile file-0-759c338e0bf5825807103627c2156716-create.err.44 create.err.44 1
2019/11/23 19:14:50.53 #|1574536490.533042510|00#| work_queue_worker[1] wq: rx from master: outfile file-0-72344f12ee6c9fa248d949b3076e36d0-Corrected_ref.fasta.44 Corrected_ref.fasta.44 1
2019/11/23 19:14:50.53 #|1574536490.533107598|00#| work_queue_worker[1] wq: rx from master: end
2019/11/23 19:14:50.53 #|1574536490.533271160|00#| work_queue_worker[1] wq: linking cache/file-0-048045060f61089a83cce204e6b8f151-corr.out to /tmp/worker-0-1/t.68/corr.out
2019/11/23 19:14:50.53 #|1574536490.533331514|00#| work_queue_worker[1] wq: linking cache/file-0-b08bcaca0d4661ed0eebfe2af92bbce7-ref.fasta.44 to /tmp/worker-0-1/t.68/ref.fasta.44
2019/11/23 19:14:50.53 #|1574536490.533387660|00#| work_queue_worker[1] wq: linking cache/file-0-ddd728dc31a49bcd4cacae5676b4e7f7-Create_Corrected_AllLRReads.py to /tmp/worker-0-1/t.68/Create_Corrected_AllLRReads.py
2019/11/23 19:14:50.53 #|1574536490.533605699|00#| work_queue_worker[1] wq: started process 11: python Create_Corrected_AllLRReads.py ref.fasta.44 corr.out 2> create.err.44
2019/11/23 19:14:50.53 #|1574536490.533672345|00#| work_queue_worker[1] wq: tx to master: info tasks_running 1
2019/11/23 19:14:50.59 #|1574536490.595646447|00#| work_queue_worker[1] wq: task 68 (pid 11) exited normally with exit code 0
2019/11/23 19:14:50.59 #|1574536490.595690895|00#| work_queue_worker[1] wq: moving output file from /tmp/worker-0-1/t.68/create.err.44 to cache/file-0-759c338e0bf5825807103627c2156716-create.err.44
2019/11/23 19:14:50.59 #|1574536490.595756314|00#| work_queue_worker[1] wq: moving output file from /tmp/worker-0-1/t.68/Corrected_ref.fasta.44 to cache/file-0-72344f12ee6c9fa248d949b3076e36d0-Corrected_ref.fasta.44
2019/11/23 19:14:50.59 #|1574536490.595797912|00#| work_queue_worker[1] wq: tx to master: available_results
2019/11/23 19:14:50.68 #|1574536490.684676471|00#| work_queue_worker[1] wq: rx from master: send_results -1
2019/11/23 19:14:50.68 #|1574536490.684778851|00#| work_queue_worker[1] wq: tx to master: result 0 0 0 62231 68
2019/11/23 19:14:50.68 #|1574536490.684917598|00#| work_queue_worker[1] wq: tx to master: info tasks_running 0
2019/11/23 19:14:50.68 #|1574536490.685007309|00#| work_queue_worker[1] wq: tx to master: end
2019/11/23 19:14:50.78 #|1574536490.783154694|00#| work_queue_worker[1] wq: rx from master: get file-0-759c338e0bf5825807103627c2156716-create.err.44 1
2019/11/23 19:14:50.78 #|1574536490.783259761|00#| work_queue_worker[1] wq: tx to master: file file-0-759c338e0bf5825807103627c2156716-create.err.44 0
2019/11/23 19:14:50.78 #|1574536490.783456942|00#| work_queue_worker[1] wq: tx to master: end
2019/11/23 19:14:50.78 #|1574536490.784032166|00#| work_queue_worker[1] wq: rx from master: get file-0-72344f12ee6c9fa248d949b3076e36d0-Corrected_ref.fasta.44 1
2019/11/23 19:14:50.78 #|1574536490.784112082|00#| work_queue_worker[1] wq: tx to master: file file-0-72344f12ee6c9fa248d949b3076e36d0-Corrected_ref.fasta.44 1055000
2019/11/23 19:14:50.86 #|1574536490.864200287|00#| work_queue_worker[1] wq: tx to master: end
2019/11/23 19:14:50.87 #|1574536490.877973699|00#| work_queue_worker[1] wq: rx from master: kill 68
2019/11/23 19:14:51.01 #|1574536491.10624356|00#| work_queue_worker[1] wq: rx from master: put file-0-d53b7362d9ad27f7af3cd0cb7105a051-ref.fasta.4 1053000 0644 1
2019/11/23 19:14:51.01 #|1574536491.10727298|00#| work_queue_worker[1] wq: Putting file file-0-d53b7362d9ad27f7af3cd0cb7105a051-ref.fasta.4 into workspace
2019/11/23 19:14:51.37 #|1574536491.373389802|00#| work_queue_worker[1] wq: rx from master: task 108
2019/11/23 19:14:51.37 #|1574536491.373570927|00#| work_queue_worker[1] wq: rx from master: cmd 74
2019/11/23 19:14:51.37 #|1574536491.373703379|00#| work_queue_worker[1] wq: rx from master: python Create_Corrected_AllLRReads.py ref.fasta.4 corr.out 2> create.err.4
2019/11/23 19:14:51.37 #|1574536491.373860302|00#| work_queue_worker[1] wq: rx from master: category default
2019/11/23 19:14:51.37 #|1574536491.374799432|00#| work_queue_worker[1] wq: rx from master: cores 1
2019/11/23 19:14:51.37 #|1574536491.374831493|00#| work_queue_worker[1] wq: rx from master: memory 7749
2019/11/23 19:14:51.37 #|1574536491.374866814|00#| work_queue_worker[1] wq: rx from master: disk 182233
2019/11/23 19:14:51.37 #|1574536491.374888491|00#| work_queue_worker[1] wq: rx from master: gpus 0
2019/11/23 19:14:51.37 #|1574536491.374912083|00#| work_queue_worker[1] wq: rx from master: end_time 18446744073709551615
2019/11/23 19:14:51.37 #|1574536491.374978956|00#| work_queue_worker[1] wq: rx from master: wall_time 18446744073709551615
2019/11/23 19:14:51.37 #|1574536491.375010462|00#| work_queue_worker[1] wq: rx from master: env 7
2019/11/23 19:14:51.37 #|1574536491.375037864|00#| work_queue_worker[1] wq: rx from master: env 17
2019/11/23 19:14:51.37 #|1574536491.375065398|00#| work_queue_worker[1] wq: rx from master: infile file-0-048045060f61089a83cce204e6b8f151-corr.out corr.out 1
2019/11/23 19:14:51.37 #|1574536491.375108039|00#| work_queue_worker[1] wq: rx from master: infile file-0-d53b7362d9ad27f7af3cd0cb7105a051-ref.fasta.4 ref.fasta.4 1
2019/11/23 19:14:51.37 #|1574536491.375151765|00#| work_queue_worker[1] wq: rx from master: infile file-0-ddd728dc31a49bcd4cacae5676b4e7f7-Create_Corrected_AllLRReads.py Create_Corrected_AllLRReads.py 1
2019/11/23 19:14:51.37 #|1574536491.375191189|00#| work_queue_worker[1] wq: rx from master: outfile file-0-e6b72afc05214eedda0ecef5162d4c91-create.err.4 create.err.4 1
2019/11/23 19:14:51.37 #|1574536491.375229462|00#| work_queue_worker[1] wq: rx from master: outfile file-0-0251fcaf3fa2b2d38290aebd4b1388ee-Corrected_ref.fasta.4 Corrected_ref.fasta.4 1
2019/11/23 19:14:51.37 #|1574536491.375266403|00#| work_queue_worker[1] wq: rx from master: end
2019/11/23 19:14:51.37 #|1574536491.375519732|00#| work_queue_worker[1] wq: linking cache/file-0-048045060f61089a83cce204e6b8f151-corr.out to /tmp/worker-0-1/t.108/corr.out
2019/11/23 19:14:51.37 #|1574536491.375632011|00#| work_queue_worker[1] wq: linking cache/file-0-d53b7362d9ad27f7af3cd0cb7105a051-ref.fasta.4 to /tmp/worker-0-1/t.108/ref.fasta.4
2019/11/23 19:14:51.37 #|1574536491.375724251|00#| work_queue_worker[1] wq: linking cache/file-0-ddd728dc31a49bcd4cacae5676b4e7f7-Create_Corrected_AllLRReads.py to /tmp/worker-0-1/t.108/Create_Corrected_AllLRReads.py
2019/11/23 19:14:51.37 #|1574536491.376027478|00#| work_queue_worker[1] wq: started process 13: python Create_Corrected_AllLRReads.py ref.fasta.4 corr.out 2> create.err.4
2019/11/23 19:14:51.37 #|1574536491.376118109|00#| work_queue_worker[1] wq: tx to master: info tasks_running 1
2019/11/23 19:14:51.43 #|1574536491.438288174|00#| work_queue_worker[1] wq: task 108 (pid 13) exited normally with exit code 0
2019/11/23 19:14:51.43 #|1574536491.438316688|00#| work_queue_worker[1] wq: moving output file from /tmp/worker-0-1/t.108/create.err.4 to cache/file-0-e6b72afc05214eedda0ecef5162d4c91-create.err.4
2019/11/23 19:14:51.43 #|1574536491.438369048|00#| work_queue_worker[1] wq: moving output file from /tmp/worker-0-1/t.108/Corrected_ref.fasta.4 to cache/file-0-0251fcaf3fa2b2d38290aebd4b1388ee-Corrected_ref.fasta.4
2019/11/23 19:14:51.43 #|1574536491.438420913|00#| work_queue_worker[1] wq: tx to master: available_results
2019/11/23 19:14:51.52 #|1574536491.524721122|00#| work_queue_worker[1] wq: rx from master: send_results -1
2019/11/23 19:14:51.52 #|1574536491.524822607|00#| work_queue_worker[1] wq: tx to master: result 0 0 0 62485 108
2019/11/23 19:14:51.52 #|1574536491.524959206|00#| work_queue_worker[1] wq: tx to master: info tasks_running 0
2019/11/23 19:14:51.52 #|1574536491.525049482|00#| work_queue_worker[1] wq: tx to master: end
2019/11/23 19:14:51.62 #|1574536491.623082215|00#| work_queue_worker[1] wq: rx from master: get file-0-e6b72afc05214eedda0ecef5162d4c91-create.err.4 1
2019/11/23 19:14:51.62 #|1574536491.623206869|00#| work_queue_worker[1] wq: tx to master: file file-0-e6b72afc05214eedda0ecef5162d4c91-create.err.4 0
2019/11/23 19:14:51.62 #|1574536491.623348330|00#| work_queue_worker[1] wq: tx to master: end
2019/11/23 19:14:51.62 #|1574536491.623971359|00#| work_queue_worker[1] wq: rx from master: get file-0-0251fcaf3fa2b2d38290aebd4b1388ee-Corrected_ref.fasta.4 1
2019/11/23 19:14:51.62 #|1574536491.624052344|00#| work_queue_worker[1] wq: tx to master: file file-0-0251fcaf3fa2b2d38290aebd4b1388ee-Corrected_ref.fasta.4 1053000
2019/11/23 19:14:51.70 #|1574536491.706826524|00#| work_queue_worker[1] wq: tx to master: end
2019/11/23 19:14:51.71 #|1574536491.718471829|00#| work_queue_worker[1] wq: rx from master: kill 108
2019/11/23 19:14:52.96 #|1574536492.968432949|00#| work_queue_worker[1] wq: rx from master: release
2019/11/23 19:14:52.96 #|1574536492.968607107|00#| work_queue_worker[1] wq: released by master 10.0.139.2:1026.
2019/11/23 19:14:52.96 #|1574536492.968936092|00#| work_queue_worker[1] wq: cleaning workspace /tmp/worker-0-1
2019/11/23 19:14:53.02 #|1574536493.24478726|00#| work_queue_worker[1] wq: disconnecting from master 10.0.139.2:1026
2019/11/23 19:14:53.02 #|1574536493.24551949|00#| work_queue_worker[1] tcp: disconnected from 10.0.139.2 port 1026
2019/11/23 19:14:53.02 #|1574536493.24577108|00#| work_queue_worker[1] wq: killing all outstanding tasks
2019/11/23 19:14:53.02 #|1574536493.24629668|00#| work_queue_worker[1] wq: all data structures are clean
2019/11/23 19:14:54.02 #|1574536494.24903671|00#| work_queue_worker[1] debug: error reading disk usage on directory: ./cache.
2019/11/23 19:14:54.02 #|1574536494.24973461|00#| work_queue_worker[1] tcp: connecting to 10.0.139.2 port 1026
