2019/11/23 19:11:10.54 #|1574536270.547067721|00#| work_queue_worker[1] debug: /root/cctools/bin/work_queue_worker version 8.0.0 DEVELOPMENT (released 2019-11-14 15:35:16 +0000)
2019/11/23 19:11:10.54 #|1574536270.547198679|00#| work_queue_worker[1] debug: Built by root@7e9ecba79f43 on 2019-11-14 15:35:16 +0000
2019/11/23 19:11:10.54 #|1574536270.547220957|00#| work_queue_worker[1] debug: System: Linux 7e9ecba79f43 5.0.0-32-generic #34~18.04.2-Ubuntu SMP Thu Oct 10 10:36:02 UTC 2019 x86_64 x86_64 x86_64 GNU/Linux
2019/11/23 19:11:10.54 #|1574536270.547235813|00#| work_queue_worker[1] debug: Configuration: --prefix /root/cctools
2019/11/23 19:11:10.54 #|1574536270.547480646|00#| work_queue_worker[1] wq: WORK_QUEUE_SANDBOX set to /tmp/worker-0-1.
2019/11/23 19:11:10.54 #|1574536270.547973601|00#| work_queue_worker[1] debug: error reading disk usage on directory: ./cache.
2019/11/23 19:11:10.54 #|1574536270.548011088|00#| work_queue_worker[1] dns: looking up name master
2019/11/23 19:11:10.54 #|1574536270.548917474|00#| work_queue_worker[1] dns: master is 10.0.139.2
2019/11/23 19:11:10.54 #|1574536270.548977799|00#| work_queue_worker[1] tcp: connecting to 10.0.139.2 port 1026
2019/11/23 19:11:10.54 #|1574536270.549502596|00#| work_queue_worker[1] tcp: made connection to 10.0.139.2 port 1026
2019/11/23 19:11:10.54 #|1574536270.549534776|00#| work_queue_worker[1] wq: connected to master master:1026 via local address 10.0.139.8:36066
2019/11/23 19:11:10.54 #|1574536270.549554354|00#| work_queue_worker[1] wq: preparing workspace /tmp/worker-0-1
2019/11/23 19:11:10.54 #|1574536270.549737886|00#| work_queue_worker[1] dns: looking up name 65a33cae72a7
2019/11/23 19:11:10.54 #|1574536270.549806180|00#| work_queue_worker[1] dns: 65a33cae72a7 is 10.0.139.8
2019/11/23 19:11:10.54 #|1574536270.549819653|00#| work_queue_worker[1] dns: looking up addr 10.0.139.8
2019/11/23 19:11:10.54 #|1574536270.549849320|00#| work_queue_worker[1] dns: 10.0.139.8 is 65a33cae72a7
2019/11/23 19:11:10.54 #|1574536270.549859580|00#| work_queue_worker[1] dns: finding my hostname: uname = 65a33cae72a7, address = 10.0.139.8, hostname = 65a33cae72a7
2019/11/23 19:11:10.54 #|1574536270.549872358|00#| work_queue_worker[1] wq: tx to master: workqueue 8 65a33cae72a7 Linux x86_64 8.0.0
2019/11/23 19:11:10.54 #|1574536270.549941741|00#| work_queue_worker[1] wq: tx to master: info worker-id worker-5f72e8ccc33448b6bc6143410dc61514
2019/11/23 19:11:10.54 #|1574536270.549978553|00#| work_queue_worker[1] wq: tx to master: alive
2019/11/23 19:11:10.55 #|1574536270.550014839|00#| work_queue_worker[1] wq: Sending resource description to master:
2019/11/23 19:11:10.55 #|1574536270.550033204|00#| work_queue_worker[1] wq:  workers      0 inuse      1 total      1 smallest      1 largest
2019/11/23 19:11:10.55 #|1574536270.550066075|00#| work_queue_worker[1] wq:     disk      0 inuse 183064 total 183064 smallest 183064 largest
2019/11/23 19:11:10.55 #|1574536270.550098510|00#| work_queue_worker[1] wq:   memory      0 inuse   7749 total   7749 smallest   7749 largest
2019/11/23 19:11:10.55 #|1574536270.550130427|00#| work_queue_worker[1] wq:     gpus      0 inuse      0 total      0 smallest      0 largest
2019/11/23 19:11:10.55 #|1574536270.550166234|00#| work_queue_worker[1] wq:    cores      0 inuse      1 total      1 smallest      1 largest
2019/11/23 19:11:10.55 #|1574536270.550243823|00#| work_queue_worker[1] wq: tx to master: info end_of_resource_update 0
2019/11/23 19:11:10.55 #|1574536270.550291955|00#| work_queue_worker[1] wq: tx to master: info tasks_running 0
2019/11/23 19:11:10.55 #|1574536270.550325263|00#| work_queue_worker[1] wq: working for master at 10.0.139.2:1026.
2019/11/23 19:13:37.68 #|1574536417.684743630|00#| work_queue_worker[1] wq: rx from master: put file-0-cdcb812e1d4b3d86022e7dd488b06452-query.fastq.3 2044000 0644 1
2019/11/23 19:13:37.68 #|1574536417.684891307|00#| work_queue_worker[1] wq: Putting file file-0-cdcb812e1d4b3d86022e7dd488b06452-query.fastq.3 into workspace
2019/11/23 19:13:38.04 #|1574536418.46659546|00#| work_queue_worker[1] wq: rx from master: put file-0-971da570f958f7598fb58342dc472274-ref.fasta.sa 50000056 0644 1
2019/11/23 19:13:38.04 #|1574536418.46786268|00#| work_queue_worker[1] wq: Putting file file-0-971da570f958f7598fb58342dc472274-ref.fasta.sa into workspace
2019/11/23 19:13:42.56 #|1574536422.568203870|00#| work_queue_worker[1] wq: rx from master: put file-0-35f59a9883b4870b84f03717aff16002-ref.fasta.ann 5866697 0644 1
2019/11/23 19:13:42.56 #|1574536422.568319388|00#| work_queue_worker[1] wq: Putting file file-0-35f59a9883b4870b84f03717aff16002-ref.fasta.ann into workspace
2019/11/23 19:13:43.06 #|1574536423.65292218|00#| work_queue_worker[1] wq: rx from master: put file-0-1aba5e7adecebe065db19a405fb8bdf0-ref.fasta.amb 19 0644 1
2019/11/23 19:13:43.06 #|1574536423.65410663|00#| work_queue_worker[1] wq: Putting file file-0-1aba5e7adecebe065db19a405fb8bdf0-ref.fasta.amb into workspace
2019/11/23 19:13:43.06 #|1574536423.65587461|00#| work_queue_worker[1] wq: rx from master: put file-0-d4ff2b390cdd34b642d74a1cd1b59b97-ref.fasta.pac 25000002 0644 1
2019/11/23 19:13:43.06 #|1574536423.65650177|00#| work_queue_worker[1] wq: Putting file file-0-d4ff2b390cdd34b642d74a1cd1b59b97-ref.fasta.pac into workspace
2019/11/23 19:13:45.26 #|1574536425.267474076|00#| work_queue_worker[1] wq: rx from master: put file-0-0cadea4f68da3f941c5b5f0c963a59f8-ref.fasta.bwt 100000072 0644 1
2019/11/23 19:13:45.26 #|1574536425.267592152|00#| work_queue_worker[1] wq: Putting file file-0-0cadea4f68da3f941c5b5f0c963a59f8-ref.fasta.bwt into workspace
2019/11/23 19:13:54.08 #|1574536434.80754144|00#| work_queue_worker[1] wq: rx from master: put file-0-b08c3e9746692f64bcb9a448620c7967-ref.fasta 105477790 0644 1
2019/11/23 19:13:54.08 #|1574536434.80847453|00#| work_queue_worker[1] wq: Putting file file-0-b08c3e9746692f64bcb9a448620c7967-ref.fasta into workspace
2019/11/23 19:14:03.54 #|1574536443.548437131|00#| work_queue_worker[1] wq: rx from master: put file-0-a6be17d8a097bb9efd120be10bbc654c-bwa 1444312 0755 1
2019/11/23 19:14:03.54 #|1574536443.548552533|00#| work_queue_worker[1] wq: Putting file file-0-a6be17d8a097bb9efd120be10bbc654c-bwa into workspace
2019/11/23 19:14:03.80 #|1574536443.804215218|00#| work_queue_worker[1] wq: rx from master: task 7
2019/11/23 19:14:03.80 #|1574536443.804313944|00#| work_queue_worker[1] wq: rx from master: cmd 58
2019/11/23 19:14:03.80 #|1574536443.804340898|00#| work_queue_worker[1] wq: rx from master: ./bwa mem ref.fasta query.fastq.3 > Out.3.sam 2> mem.3.err
2019/11/23 19:14:03.80 #|1574536443.804378181|00#| work_queue_worker[1] wq: rx from master: category default
2019/11/23 19:14:03.80 #|1574536443.804432724|00#| work_queue_worker[1] wq: rx from master: cores 1
2019/11/23 19:14:03.80 #|1574536443.804460916|00#| work_queue_worker[1] wq: rx from master: memory 7749
2019/11/23 19:14:03.80 #|1574536443.804510986|00#| work_queue_worker[1] wq: rx from master: disk 183064
2019/11/23 19:14:03.80 #|1574536443.804544519|00#| work_queue_worker[1] wq: rx from master: gpus 0
2019/11/23 19:14:03.80 #|1574536443.804566475|00#| work_queue_worker[1] wq: rx from master: end_time 18446744073709551615
2019/11/23 19:14:03.80 #|1574536443.804593900|00#| work_queue_worker[1] wq: rx from master: wall_time 18446744073709551615
2019/11/23 19:14:03.80 #|1574536443.804629374|00#| work_queue_worker[1] wq: rx from master: env 7
2019/11/23 19:14:03.80 #|1574536443.804668276|00#| work_queue_worker[1] wq: rx from master: env 17
2019/11/23 19:14:03.80 #|1574536443.804692768|00#| work_queue_worker[1] wq: rx from master: infile file-0-cdcb812e1d4b3d86022e7dd488b06452-query.fastq.3 query.fastq.3 1
2019/11/23 19:14:03.80 #|1574536443.804787999|00#| work_queue_worker[1] wq: rx from master: infile file-0-971da570f958f7598fb58342dc472274-ref.fasta.sa ref.fasta.sa 1
2019/11/23 19:14:03.80 #|1574536443.804829386|00#| work_queue_worker[1] wq: rx from master: infile file-0-35f59a9883b4870b84f03717aff16002-ref.fasta.ann ref.fasta.ann 1
2019/11/23 19:14:03.80 #|1574536443.804880838|00#| work_queue_worker[1] wq: rx from master: infile file-0-1aba5e7adecebe065db19a405fb8bdf0-ref.fasta.amb ref.fasta.amb 1
2019/11/23 19:14:03.80 #|1574536443.804937878|00#| work_queue_worker[1] wq: rx from master: infile file-0-d4ff2b390cdd34b642d74a1cd1b59b97-ref.fasta.pac ref.fasta.pac 1
2019/11/23 19:14:03.80 #|1574536443.805008332|00#| work_queue_worker[1] wq: rx from master: infile file-0-0cadea4f68da3f941c5b5f0c963a59f8-ref.fasta.bwt ref.fasta.bwt 1
2019/11/23 19:14:03.80 #|1574536443.805055258|00#| work_queue_worker[1] wq: rx from master: infile file-0-b08c3e9746692f64bcb9a448620c7967-ref.fasta ref.fasta 1
2019/11/23 19:14:03.80 #|1574536443.805105329|00#| work_queue_worker[1] wq: rx from master: infile file-0-a6be17d8a097bb9efd120be10bbc654c-bwa bwa 1
2019/11/23 19:14:03.80 #|1574536443.805145785|00#| work_queue_worker[1] wq: rx from master: outfile file-0-d86b3e96c438a1a208b38cae5dacaf2e-mem.3.err mem.3.err 1
2019/11/23 19:14:03.80 #|1574536443.805191760|00#| work_queue_worker[1] wq: rx from master: outfile file-0-afe424355297e6cf59385fab9a81c87e-Out.3.sam Out.3.sam 1
2019/11/23 19:14:03.80 #|1574536443.805256789|00#| work_queue_worker[1] wq: rx from master: end
2019/11/23 19:14:03.80 #|1574536443.805593938|00#| work_queue_worker[1] wq: linking cache/file-0-cdcb812e1d4b3d86022e7dd488b06452-query.fastq.3 to /tmp/worker-0-1/t.7/query.fastq.3
2019/11/23 19:14:03.80 #|1574536443.805709800|00#| work_queue_worker[1] wq: linking cache/file-0-971da570f958f7598fb58342dc472274-ref.fasta.sa to /tmp/worker-0-1/t.7/ref.fasta.sa
2019/11/23 19:14:03.80 #|1574536443.805814842|00#| work_queue_worker[1] wq: linking cache/file-0-35f59a9883b4870b84f03717aff16002-ref.fasta.ann to /tmp/worker-0-1/t.7/ref.fasta.ann
2019/11/23 19:14:03.80 #|1574536443.805909299|00#| work_queue_worker[1] wq: linking cache/file-0-1aba5e7adecebe065db19a405fb8bdf0-ref.fasta.amb to /tmp/worker-0-1/t.7/ref.fasta.amb
2019/11/23 19:14:03.80 #|1574536443.806023047|00#| work_queue_worker[1] wq: linking cache/file-0-d4ff2b390cdd34b642d74a1cd1b59b97-ref.fasta.pac to /tmp/worker-0-1/t.7/ref.fasta.pac
2019/11/23 19:14:03.80 #|1574536443.806111545|00#| work_queue_worker[1] wq: linking cache/file-0-0cadea4f68da3f941c5b5f0c963a59f8-ref.fasta.bwt to /tmp/worker-0-1/t.7/ref.fasta.bwt
2019/11/23 19:14:03.80 #|1574536443.806224326|00#| work_queue_worker[1] wq: linking cache/file-0-b08c3e9746692f64bcb9a448620c7967-ref.fasta to /tmp/worker-0-1/t.7/ref.fasta
2019/11/23 19:14:03.80 #|1574536443.806314024|00#| work_queue_worker[1] wq: linking cache/file-0-a6be17d8a097bb9efd120be10bbc654c-bwa to /tmp/worker-0-1/t.7/bwa
2019/11/23 19:14:03.80 #|1574536443.806397369|00#| work_queue_worker[1] wq: Waiting task 7 has been forsaken.
2019/11/23 19:14:03.80 #|1574536443.806422040|00#| work_queue_worker[1] wq: tx to master: alive
2019/11/23 19:14:03.80 #|1574536443.806540150|00#| work_queue_worker[1] wq: Sending resource description to master:
2019/11/23 19:14:03.80 #|1574536443.806564941|00#| work_queue_worker[1] wq:  workers      0 inuse      1 total      1 smallest      1 largest
2019/11/23 19:14:03.80 #|1574536443.806661777|00#| work_queue_worker[1] wq:     disk    276 inuse 182409 total 182409 smallest 182409 largest
2019/11/23 19:14:03.80 #|1574536443.806770364|00#| work_queue_worker[1] wq:   memory      0 inuse   7749 total   7749 smallest   7749 largest
2019/11/23 19:14:03.80 #|1574536443.806859306|00#| work_queue_worker[1] wq:     gpus      0 inuse      0 total      0 smallest      0 largest
2019/11/23 19:14:03.80 #|1574536443.806969329|00#| work_queue_worker[1] wq:    cores      0 inuse      1 total      1 smallest      1 largest
2019/11/23 19:14:03.80 #|1574536443.807103673|00#| work_queue_worker[1] wq: tx to master: info end_of_resource_update 0
2019/11/23 19:14:03.80 #|1574536443.807209382|00#| work_queue_worker[1] wq: tx to master: info tasks_running 0
2019/11/23 19:14:03.80 #|1574536443.807291722|00#| work_queue_worker[1] wq: tx to master: info tasks_running 0
2019/11/23 19:14:03.80 #|1574536443.807421951|00#| work_queue_worker[1] wq: tx to master: available_results
2019/11/23 19:14:28.80 #|1574536468.803554209|00#| work_queue_worker[1] wq: rx from master: send_results -1
2019/11/23 19:14:28.80 #|1574536468.803653191|00#| work_queue_worker[1] wq: tx to master: result 40 0 0 0 7
2019/11/23 19:14:28.80 #|1574536468.803783806|00#| work_queue_worker[1] wq: tx to master: info tasks_running 0
2019/11/23 19:14:28.80 #|1574536468.803865252|00#| work_queue_worker[1] wq: tx to master: end
2019/11/23 19:14:49.24 #|1574536489.244710005|00#| work_queue_worker[1] wq: rx from master: put file-0-048045060f61089a83cce204e6b8f151-corr.out 0 0644 1
2019/11/23 19:14:49.24 #|1574536489.244851211|00#| work_queue_worker[1] wq: Putting file file-0-048045060f61089a83cce204e6b8f151-corr.out into workspace
2019/11/23 19:14:49.24 #|1574536489.245179487|00#| work_queue_worker[1] wq: rx from master: put file-0-678ca30250569a1c64070583ea4b883b-ref.fasta.91 1055000 0644 1
2019/11/23 19:14:49.24 #|1574536489.245272106|00#| work_queue_worker[1] wq: Putting file file-0-678ca30250569a1c64070583ea4b883b-ref.fasta.91 into workspace
2019/11/23 19:14:49.60 #|1574536489.609730676|00#| work_queue_worker[1] wq: rx from master: put file-0-ddd728dc31a49bcd4cacae5676b4e7f7-Create_Corrected_AllLRReads.py 1402 0755 1
2019/11/23 19:14:49.60 #|1574536489.609812257|00#| work_queue_worker[1] wq: Putting file file-0-ddd728dc31a49bcd4cacae5676b4e7f7-Create_Corrected_AllLRReads.py into workspace
2019/11/23 19:14:49.60 #|1574536489.609972625|00#| work_queue_worker[1] wq: rx from master: task 21
2019/11/23 19:14:49.61 #|1574536489.610011714|00#| work_queue_worker[1] wq: rx from master: cmd 76
2019/11/23 19:14:49.61 #|1574536489.610036400|00#| work_queue_worker[1] wq: rx from master: python Create_Corrected_AllLRReads.py ref.fasta.91 corr.out 2> create.err.91
2019/11/23 19:14:49.61 #|1574536489.610046827|00#| work_queue_worker[1] wq: rx from master: category default
2019/11/23 19:14:49.61 #|1574536489.610058406|00#| work_queue_worker[1] wq: rx from master: cores 1
2019/11/23 19:14:49.61 #|1574536489.610070204|00#| work_queue_worker[1] wq: rx from master: memory 7749
2019/11/23 19:14:49.61 #|1574536489.610081615|00#| work_queue_worker[1] wq: rx from master: disk 182409
2019/11/23 19:14:49.61 #|1574536489.610092886|00#| work_queue_worker[1] wq: rx from master: gpus 0
2019/11/23 19:14:49.61 #|1574536489.610104799|00#| work_queue_worker[1] wq: rx from master: end_time 18446744073709551615
2019/11/23 19:14:49.61 #|1574536489.610117149|00#| work_queue_worker[1] wq: rx from master: wall_time 18446744073709551615
2019/11/23 19:14:49.61 #|1574536489.610128678|00#| work_queue_worker[1] wq: rx from master: env 7
2019/11/23 19:14:49.61 #|1574536489.610142881|00#| work_queue_worker[1] wq: rx from master: env 17
2019/11/23 19:14:49.61 #|1574536489.610156444|00#| work_queue_worker[1] wq: rx from master: infile file-0-048045060f61089a83cce204e6b8f151-corr.out corr.out 1
2019/11/23 19:14:49.61 #|1574536489.610179001|00#| work_queue_worker[1] wq: rx from master: infile file-0-678ca30250569a1c64070583ea4b883b-ref.fasta.91 ref.fasta.91 1
2019/11/23 19:14:49.61 #|1574536489.610201221|00#| work_queue_worker[1] wq: rx from master: infile file-0-ddd728dc31a49bcd4cacae5676b4e7f7-Create_Corrected_AllLRReads.py Create_Corrected_AllLRReads.py 1
2019/11/23 19:14:49.61 #|1574536489.610221502|00#| work_queue_worker[1] wq: rx from master: outfile file-0-29e11c96333145debcf8fa686df17812-create.err.91 create.err.91 1
2019/11/23 19:14:49.61 #|1574536489.610241553|00#| work_queue_worker[1] wq: rx from master: outfile file-0-6b4865887181c85833228f10bd28d782-Corrected_ref.fasta.91 Corrected_ref.fasta.91 1
2019/11/23 19:14:49.61 #|1574536489.610260439|00#| work_queue_worker[1] wq: rx from master: end
2019/11/23 19:14:49.61 #|1574536489.610404722|00#| work_queue_worker[1] wq: linking cache/file-0-048045060f61089a83cce204e6b8f151-corr.out to /tmp/worker-0-1/t.21/corr.out
2019/11/23 19:14:49.61 #|1574536489.610449900|00#| work_queue_worker[1] wq: linking cache/file-0-678ca30250569a1c64070583ea4b883b-ref.fasta.91 to /tmp/worker-0-1/t.21/ref.fasta.91
2019/11/23 19:14:49.61 #|1574536489.610488905|00#| work_queue_worker[1] wq: linking cache/file-0-ddd728dc31a49bcd4cacae5676b4e7f7-Create_Corrected_AllLRReads.py to /tmp/worker-0-1/t.21/Create_Corrected_AllLRReads.py
2019/11/23 19:14:49.61 #|1574536489.610526527|00#| work_queue_worker[1] wq: Waiting task 21 has been forsaken.
2019/11/23 19:14:49.61 #|1574536489.610538638|00#| work_queue_worker[1] wq: tx to master: alive
2019/11/23 19:14:49.61 #|1574536489.610595625|00#| work_queue_worker[1] wq: Sending resource description to master:
2019/11/23 19:14:49.61 #|1574536489.610608626|00#| work_queue_worker[1] wq:  workers      0 inuse      1 total      1 smallest      1 largest
2019/11/23 19:14:49.61 #|1574536489.610649758|00#| work_queue_worker[1] wq:     disk    277 inuse 182233 total 182233 smallest 182233 largest
2019/11/23 19:14:49.61 #|1574536489.610698079|00#| work_queue_worker[1] wq:   memory      0 inuse   7749 total   7749 smallest   7749 largest
2019/11/23 19:14:49.61 #|1574536489.610743327|00#| work_queue_worker[1] wq:     gpus      0 inuse      0 total      0 smallest      0 largest
2019/11/23 19:14:49.61 #|1574536489.610780066|00#| work_queue_worker[1] wq:    cores      0 inuse      1 total      1 smallest      1 largest
2019/11/23 19:14:49.61 #|1574536489.610835788|00#| work_queue_worker[1] wq: tx to master: info end_of_resource_update 0
2019/11/23 19:14:49.61 #|1574536489.610879354|00#| work_queue_worker[1] wq: tx to master: info tasks_running 0
2019/11/23 19:14:49.61 #|1574536489.610921251|00#| work_queue_worker[1] wq: tx to master: info tasks_running 0
2019/11/23 19:14:49.61 #|1574536489.610966301|00#| work_queue_worker[1] wq: tx to master: available_results
2019/11/23 19:14:49.61 #|1574536489.611010334|00#| work_queue_worker[1] wq: rx from master: check
2019/11/23 19:14:49.61 #|1574536489.611030120|00#| work_queue_worker[1] wq: tx to master: alive
2019/11/23 19:14:49.61 #|1574536489.611045376|00#| work_queue_worker[1] wq: tx to master: info tasks_running 0
2019/11/23 19:14:49.65 #|1574536489.651530264|00#| work_queue_worker[1] wq: rx from master: send_results -1
2019/11/23 19:14:49.65 #|1574536489.651582273|00#| work_queue_worker[1] wq: tx to master: result 40 0 0 0 21
2019/11/23 19:14:49.65 #|1574536489.651642768|00#| work_queue_worker[1] wq: tx to master: info tasks_running 0
2019/11/23 19:14:49.65 #|1574536489.651682618|00#| work_queue_worker[1] wq: tx to master: end
2019/11/23 19:14:49.65 #|1574536489.656811954|00#| work_queue_worker[1] wq: rx from master: put file-0-5913a6d569285ed628a484e34fd3c8a4-ref.fasta.53 1055000 0644 1
2019/11/23 19:14:49.65 #|1574536489.656855078|00#| work_queue_worker[1] wq: Putting file file-0-5913a6d569285ed628a484e34fd3c8a4-ref.fasta.53 into workspace
2019/11/23 19:14:49.83 #|1574536489.834636683|00#| work_queue_worker[1] wq: rx from master: task 59
2019/11/23 19:14:49.83 #|1574536489.834700140|00#| work_queue_worker[1] wq: rx from master: cmd 76
2019/11/23 19:14:49.83 #|1574536489.834749976|00#| work_queue_worker[1] wq: rx from master: python Create_Corrected_AllLRReads.py ref.fasta.53 corr.out 2> create.err.53
2019/11/23 19:14:49.83 #|1574536489.834765500|00#| work_queue_worker[1] wq: rx from master: category default
2019/11/23 19:14:49.83 #|1574536489.834779594|00#| work_queue_worker[1] wq: rx from master: cores 1
2019/11/23 19:14:49.83 #|1574536489.834800383|00#| work_queue_worker[1] wq: rx from master: memory 7749
2019/11/23 19:14:49.83 #|1574536489.834823123|00#| work_queue_worker[1] wq: rx from master: disk 182233
2019/11/23 19:14:49.83 #|1574536489.834890955|00#| work_queue_worker[1] wq: rx from master: gpus 0
2019/11/23 19:14:49.83 #|1574536489.834921524|00#| work_queue_worker[1] wq: rx from master: end_time 18446744073709551615
2019/11/23 19:14:49.83 #|1574536489.834948176|00#| work_queue_worker[1] wq: rx from master: wall_time 18446744073709551615
2019/11/23 19:14:49.83 #|1574536489.834974061|00#| work_queue_worker[1] wq: rx from master: env 7
2019/11/23 19:14:49.83 #|1574536489.835003410|00#| work_queue_worker[1] wq: rx from master: env 17
2019/11/23 19:14:49.83 #|1574536489.835025595|00#| work_queue_worker[1] wq: rx from master: infile file-0-048045060f61089a83cce204e6b8f151-corr.out corr.out 1
2019/11/23 19:14:49.83 #|1574536489.835061617|00#| work_queue_worker[1] wq: rx from master: infile file-0-5913a6d569285ed628a484e34fd3c8a4-ref.fasta.53 ref.fasta.53 1
2019/11/23 19:14:49.83 #|1574536489.835085555|00#| work_queue_worker[1] wq: rx from master: infile file-0-ddd728dc31a49bcd4cacae5676b4e7f7-Create_Corrected_AllLRReads.py Create_Corrected_AllLRReads.py 1
2019/11/23 19:14:49.83 #|1574536489.835109095|00#| work_queue_worker[1] wq: rx from master: outfile file-0-a2de61c2e6335e92613fdff2acdf63f5-create.err.53 create.err.53 1
2019/11/23 19:14:49.83 #|1574536489.835132021|00#| work_queue_worker[1] wq: rx from master: outfile file-0-4c4e163664dad5997cd468d2b937998f-Corrected_ref.fasta.53 Corrected_ref.fasta.53 1
2019/11/23 19:14:49.83 #|1574536489.835153716|00#| work_queue_worker[1] wq: rx from master: end
2019/11/23 19:14:49.83 #|1574536489.835315324|00#| work_queue_worker[1] wq: linking cache/file-0-048045060f61089a83cce204e6b8f151-corr.out to /tmp/worker-0-1/t.59/corr.out
2019/11/23 19:14:49.83 #|1574536489.835367442|00#| work_queue_worker[1] wq: linking cache/file-0-5913a6d569285ed628a484e34fd3c8a4-ref.fasta.53 to /tmp/worker-0-1/t.59/ref.fasta.53
2019/11/23 19:14:49.83 #|1574536489.835481752|00#| work_queue_worker[1] wq: linking cache/file-0-ddd728dc31a49bcd4cacae5676b4e7f7-Create_Corrected_AllLRReads.py to /tmp/worker-0-1/t.59/Create_Corrected_AllLRReads.py
2019/11/23 19:14:49.83 #|1574536489.835779483|00#| work_queue_worker[1] wq: started process 9: python Create_Corrected_AllLRReads.py ref.fasta.53 corr.out 2> create.err.53
2019/11/23 19:14:49.83 #|1574536489.835843640|00#| work_queue_worker[1] wq: tx to master: info tasks_running 1
2019/11/23 19:14:49.89 #|1574536489.896645189|00#| work_queue_worker[1] wq: task 59 (pid 9) exited normally with exit code 0
2019/11/23 19:14:49.89 #|1574536489.896674901|00#| work_queue_worker[1] wq: moving output file from /tmp/worker-0-1/t.59/create.err.53 to cache/file-0-a2de61c2e6335e92613fdff2acdf63f5-create.err.53
2019/11/23 19:14:49.89 #|1574536489.896725571|00#| work_queue_worker[1] wq: moving output file from /tmp/worker-0-1/t.59/Corrected_ref.fasta.53 to cache/file-0-4c4e163664dad5997cd468d2b937998f-Corrected_ref.fasta.53
2019/11/23 19:14:49.89 #|1574536489.896755353|00#| work_queue_worker[1] wq: tx to master: available_results
2019/11/23 19:14:49.93 #|1574536489.936214126|00#| work_queue_worker[1] wq: rx from master: send_results -1
2019/11/23 19:14:49.93 #|1574536489.936312362|00#| work_queue_worker[1] wq: tx to master: result 0 0 0 61070 59
2019/11/23 19:14:49.93 #|1574536489.936429172|00#| work_queue_worker[1] wq: tx to master: info tasks_running 0
2019/11/23 19:14:49.93 #|1574536489.936508862|00#| work_queue_worker[1] wq: tx to master: end
2019/11/23 19:14:50.04 #|1574536490.44875234|00#| work_queue_worker[1] wq: rx from master: get file-0-a2de61c2e6335e92613fdff2acdf63f5-create.err.53 1
2019/11/23 19:14:50.04 #|1574536490.44991343|00#| work_queue_worker[1] wq: tx to master: file file-0-a2de61c2e6335e92613fdff2acdf63f5-create.err.53 0
2019/11/23 19:14:50.04 #|1574536490.45128797|00#| work_queue_worker[1] wq: tx to master: end
2019/11/23 19:14:50.04 #|1574536490.45821316|00#| work_queue_worker[1] wq: rx from master: get file-0-4c4e163664dad5997cd468d2b937998f-Corrected_ref.fasta.53 1
2019/11/23 19:14:50.04 #|1574536490.45900350|00#| work_queue_worker[1] wq: tx to master: file file-0-4c4e163664dad5997cd468d2b937998f-Corrected_ref.fasta.53 1055000
2019/11/23 19:14:50.13 #|1574536490.130260019|00#| work_queue_worker[1] wq: tx to master: end
2019/11/23 19:14:50.14 #|1574536490.140317302|00#| work_queue_worker[1] wq: rx from master: kill 59
2019/11/23 19:14:50.16 #|1574536490.164905916|00#| work_queue_worker[1] wq: rx from master: put file-0-41edea45872db3a945653c38e454ef81-ref.fasta.45 1055000 0644 1
2019/11/23 19:14:50.16 #|1574536490.165051716|00#| work_queue_worker[1] wq: Putting file file-0-41edea45872db3a945653c38e454ef81-ref.fasta.45 into workspace
2019/11/23 19:14:50.52 #|1574536490.529264905|00#| work_queue_worker[1] wq: rx from master: task 67
2019/11/23 19:14:50.52 #|1574536490.529422955|00#| work_queue_worker[1] wq: rx from master: cmd 76
2019/11/23 19:14:50.52 #|1574536490.529765945|00#| work_queue_worker[1] wq: rx from master: python Create_Corrected_AllLRReads.py ref.fasta.45 corr.out 2> create.err.45
2019/11/23 19:14:50.52 #|1574536490.529940538|00#| work_queue_worker[1] wq: rx from master: category default
2019/11/23 19:14:50.53 #|1574536490.530235987|00#| work_queue_worker[1] wq: rx from master: cores 1
2019/11/23 19:14:50.53 #|1574536490.530445540|00#| work_queue_worker[1] wq: rx from master: memory 7749
2019/11/23 19:14:50.53 #|1574536490.530770749|00#| work_queue_worker[1] wq: rx from master: disk 182233
2019/11/23 19:14:50.53 #|1574536490.530896453|00#| work_queue_worker[1] wq: rx from master: gpus 0
2019/11/23 19:14:50.53 #|1574536490.531091136|00#| work_queue_worker[1] wq: rx from master: end_time 18446744073709551615
2019/11/23 19:14:50.53 #|1574536490.531202049|00#| work_queue_worker[1] wq: rx from master: wall_time 18446744073709551615
2019/11/23 19:14:50.53 #|1574536490.531450270|00#| work_queue_worker[1] wq: rx from master: env 7
2019/11/23 19:14:50.53 #|1574536490.531534529|00#| work_queue_worker[1] wq: rx from master: env 17
2019/11/23 19:14:50.53 #|1574536490.531703032|00#| work_queue_worker[1] wq: rx from master: infile file-0-048045060f61089a83cce204e6b8f151-corr.out corr.out 1
2019/11/23 19:14:50.53 #|1574536490.531761811|00#| work_queue_worker[1] wq: rx from master: infile file-0-41edea45872db3a945653c38e454ef81-ref.fasta.45 ref.fasta.45 1
2019/11/23 19:14:50.53 #|1574536490.531868208|00#| work_queue_worker[1] wq: rx from master: infile file-0-ddd728dc31a49bcd4cacae5676b4e7f7-Create_Corrected_AllLRReads.py Create_Corrected_AllLRReads.py 1
2019/11/23 19:14:50.53 #|1574536490.531920084|00#| work_queue_worker[1] wq: rx from master: outfile file-0-aa97035eca5e6ea0d2c32d6a8ee1e298-create.err.45 create.err.45 1
2019/11/23 19:14:50.53 #|1574536490.532040621|00#| work_queue_worker[1] wq: rx from master: outfile file-0-fe5175db8f451bb885cfb2453e0ace3d-Corrected_ref.fasta.45 Corrected_ref.fasta.45 1
2019/11/23 19:14:50.53 #|1574536490.532115686|00#| work_queue_worker[1] wq: rx from master: end
2019/11/23 19:14:50.53 #|1574536490.532359350|00#| work_queue_worker[1] wq: linking cache/file-0-048045060f61089a83cce204e6b8f151-corr.out to /tmp/worker-0-1/t.67/corr.out
2019/11/23 19:14:50.53 #|1574536490.532459114|00#| work_queue_worker[1] wq: linking cache/file-0-41edea45872db3a945653c38e454ef81-ref.fasta.45 to /tmp/worker-0-1/t.67/ref.fasta.45
2019/11/23 19:14:50.53 #|1574536490.532557679|00#| work_queue_worker[1] wq: linking cache/file-0-ddd728dc31a49bcd4cacae5676b4e7f7-Create_Corrected_AllLRReads.py to /tmp/worker-0-1/t.67/Create_Corrected_AllLRReads.py
2019/11/23 19:14:50.53 #|1574536490.532896175|00#| work_queue_worker[1] wq: started process 11: python Create_Corrected_AllLRReads.py ref.fasta.45 corr.out 2> create.err.45
2019/11/23 19:14:50.53 #|1574536490.532977882|00#| work_queue_worker[1] wq: tx to master: info tasks_running 1
2019/11/23 19:14:50.59 #|1574536490.594424186|00#| work_queue_worker[1] wq: task 67 (pid 11) exited normally with exit code 0
2019/11/23 19:14:50.59 #|1574536490.594470789|00#| work_queue_worker[1] wq: moving output file from /tmp/worker-0-1/t.67/create.err.45 to cache/file-0-aa97035eca5e6ea0d2c32d6a8ee1e298-create.err.45
2019/11/23 19:14:50.59 #|1574536490.594573048|00#| work_queue_worker[1] wq: moving output file from /tmp/worker-0-1/t.67/Corrected_ref.fasta.45 to cache/file-0-fe5175db8f451bb885cfb2453e0ace3d-Corrected_ref.fasta.45
2019/11/23 19:14:50.59 #|1574536490.594606513|00#| work_queue_worker[1] wq: tx to master: available_results
2019/11/23 19:14:50.68 #|1574536490.685566687|00#| work_queue_worker[1] wq: rx from master: send_results -1
2019/11/23 19:14:50.68 #|1574536490.685648143|00#| work_queue_worker[1] wq: tx to master: result 0 0 0 61792 67
2019/11/23 19:14:50.68 #|1574536490.685755355|00#| work_queue_worker[1] wq: tx to master: info tasks_running 0
2019/11/23 19:14:50.68 #|1574536490.685853894|00#| work_queue_worker[1] wq: tx to master: end
2019/11/23 19:14:50.68 #|1574536490.687287145|00#| work_queue_worker[1] wq: rx from master: get file-0-aa97035eca5e6ea0d2c32d6a8ee1e298-create.err.45 1
2019/11/23 19:14:50.68 #|1574536490.687369336|00#| work_queue_worker[1] wq: tx to master: file file-0-aa97035eca5e6ea0d2c32d6a8ee1e298-create.err.45 0
2019/11/23 19:14:50.68 #|1574536490.687538747|00#| work_queue_worker[1] wq: tx to master: end
2019/11/23 19:14:50.68 #|1574536490.688136252|00#| work_queue_worker[1] wq: rx from master: get file-0-fe5175db8f451bb885cfb2453e0ace3d-Corrected_ref.fasta.45 1
2019/11/23 19:14:50.68 #|1574536490.688196766|00#| work_queue_worker[1] wq: tx to master: file file-0-fe5175db8f451bb885cfb2453e0ace3d-Corrected_ref.fasta.45 1055000
2019/11/23 19:14:50.77 #|1574536490.770942197|00#| work_queue_worker[1] wq: tx to master: end
2019/11/23 19:14:50.78 #|1574536490.782206973|00#| work_queue_worker[1] wq: rx from master: kill 67
2019/11/23 19:14:51.00 #|1574536491.8895263|00#| work_queue_worker[1] wq: rx from master: put file-0-4b44ee8dff46dd1aa4bb1511d9442a2e-ref.fasta.5 1053000 0644 1
2019/11/23 19:14:51.00 #|1574536491.9221511|00#| work_queue_worker[1] wq: Putting file file-0-4b44ee8dff46dd1aa4bb1511d9442a2e-ref.fasta.5 into workspace
2019/11/23 19:14:51.37 #|1574536491.371313868|00#| work_queue_worker[1] wq: rx from master: task 107
2019/11/23 19:14:51.37 #|1574536491.371589312|00#| work_queue_worker[1] wq: rx from master: cmd 74
2019/11/23 19:14:51.37 #|1574536491.371824885|00#| work_queue_worker[1] wq: rx from master: python Create_Corrected_AllLRReads.py ref.fasta.5 corr.out 2> create.err.5
2019/11/23 19:14:51.37 #|1574536491.372096991|00#| work_queue_worker[1] wq: rx from master: category default
2019/11/23 19:14:51.37 #|1574536491.372347467|00#| work_queue_worker[1] wq: rx from master: cores 1
2019/11/23 19:14:51.37 #|1574536491.372587557|00#| work_queue_worker[1] wq: rx from master: memory 7749
2019/11/23 19:14:51.37 #|1574536491.372850897|00#| work_queue_worker[1] wq: rx from master: disk 182233
2019/11/23 19:14:51.37 #|1574536491.373115355|00#| work_queue_worker[1] wq: rx from master: gpus 0
2019/11/23 19:14:51.37 #|1574536491.373290373|00#| work_queue_worker[1] wq: rx from master: end_time 18446744073709551615
2019/11/23 19:14:51.37 #|1574536491.373418030|00#| work_queue_worker[1] wq: rx from master: wall_time 18446744073709551615
2019/11/23 19:14:51.37 #|1574536491.373549444|00#| work_queue_worker[1] wq: rx from master: env 7
2019/11/23 19:14:51.37 #|1574536491.373719259|00#| work_queue_worker[1] wq: rx from master: env 17
2019/11/23 19:14:51.37 #|1574536491.373897439|00#| work_queue_worker[1] wq: rx from master: infile file-0-048045060f61089a83cce204e6b8f151-corr.out corr.out 1
2019/11/23 19:14:51.37 #|1574536491.374041143|00#| work_queue_worker[1] wq: rx from master: infile file-0-4b44ee8dff46dd1aa4bb1511d9442a2e-ref.fasta.5 ref.fasta.5 1
2019/11/23 19:14:51.37 #|1574536491.374123303|00#| work_queue_worker[1] wq: rx from master: infile file-0-ddd728dc31a49bcd4cacae5676b4e7f7-Create_Corrected_AllLRReads.py Create_Corrected_AllLRReads.py 1
2019/11/23 19:14:51.37 #|1574536491.374198633|00#| work_queue_worker[1] wq: rx from master: outfile file-0-1673603f93ea775ece8f8e991bf725d5-create.err.5 create.err.5 1
2019/11/23 19:14:51.37 #|1574536491.374302507|00#| work_queue_worker[1] wq: rx from master: outfile file-0-35fd7fbdbb7bac5151cb841ee7d4234a-Corrected_ref.fasta.5 Corrected_ref.fasta.5 1
2019/11/23 19:14:51.37 #|1574536491.374381374|00#| work_queue_worker[1] wq: rx from master: end
2019/11/23 19:14:51.37 #|1574536491.374612659|00#| work_queue_worker[1] wq: linking cache/file-0-048045060f61089a83cce204e6b8f151-corr.out to /tmp/worker-0-1/t.107/corr.out
2019/11/23 19:14:51.37 #|1574536491.374742337|00#| work_queue_worker[1] wq: linking cache/file-0-4b44ee8dff46dd1aa4bb1511d9442a2e-ref.fasta.5 to /tmp/worker-0-1/t.107/ref.fasta.5
2019/11/23 19:14:51.37 #|1574536491.374928735|00#| work_queue_worker[1] wq: linking cache/file-0-ddd728dc31a49bcd4cacae5676b4e7f7-Create_Corrected_AllLRReads.py to /tmp/worker-0-1/t.107/Create_Corrected_AllLRReads.py
2019/11/23 19:14:51.37 #|1574536491.375330232|00#| work_queue_worker[1] wq: started process 13: python Create_Corrected_AllLRReads.py ref.fasta.5 corr.out 2> create.err.5
2019/11/23 19:14:51.37 #|1574536491.375435205|00#| work_queue_worker[1] wq: tx to master: info tasks_running 1
2019/11/23 19:14:51.43 #|1574536491.435494768|00#| work_queue_worker[1] wq: task 107 (pid 13) exited normally with exit code 0
2019/11/23 19:14:51.43 #|1574536491.435541487|00#| work_queue_worker[1] wq: moving output file from /tmp/worker-0-1/t.107/create.err.5 to cache/file-0-1673603f93ea775ece8f8e991bf725d5-create.err.5
2019/11/23 19:14:51.43 #|1574536491.435624299|00#| work_queue_worker[1] wq: moving output file from /tmp/worker-0-1/t.107/Corrected_ref.fasta.5 to cache/file-0-35fd7fbdbb7bac5151cb841ee7d4234a-Corrected_ref.fasta.5
2019/11/23 19:14:51.43 #|1574536491.435676501|00#| work_queue_worker[1] wq: tx to master: available_results
2019/11/23 19:14:51.52 #|1574536491.525563473|00#| work_queue_worker[1] wq: rx from master: send_results -1
2019/11/23 19:14:51.52 #|1574536491.525643576|00#| work_queue_worker[1] wq: tx to master: result 0 0 0 60416 107
2019/11/23 19:14:51.52 #|1574536491.525751619|00#| work_queue_worker[1] wq: tx to master: info tasks_running 0
2019/11/23 19:14:51.52 #|1574536491.525847749|00#| work_queue_worker[1] wq: tx to master: end
2019/11/23 19:14:51.52 #|1574536491.527259244|00#| work_queue_worker[1] wq: rx from master: get file-0-1673603f93ea775ece8f8e991bf725d5-create.err.5 1
2019/11/23 19:14:51.52 #|1574536491.527343453|00#| work_queue_worker[1] wq: tx to master: file file-0-1673603f93ea775ece8f8e991bf725d5-create.err.5 0
2019/11/23 19:14:51.52 #|1574536491.527509175|00#| work_queue_worker[1] wq: tx to master: end
2019/11/23 19:14:51.52 #|1574536491.528100115|00#| work_queue_worker[1] wq: rx from master: get file-0-35fd7fbdbb7bac5151cb841ee7d4234a-Corrected_ref.fasta.5 1
2019/11/23 19:14:51.52 #|1574536491.528161365|00#| work_queue_worker[1] wq: tx to master: file file-0-35fd7fbdbb7bac5151cb841ee7d4234a-Corrected_ref.fasta.5 1053000
2019/11/23 19:14:51.61 #|1574536491.612475425|00#| work_queue_worker[1] wq: tx to master: end
2019/11/23 19:14:51.62 #|1574536491.622265131|00#| work_queue_worker[1] wq: rx from master: kill 107
2019/11/23 19:14:52.96 #|1574536492.968978235|00#| work_queue_worker[1] wq: rx from master: release
2019/11/23 19:14:52.97 #|1574536492.972775343|00#| work_queue_worker[1] wq: released by master 10.0.139.2:1026.
2019/11/23 19:14:52.97 #|1574536492.972841114|00#| work_queue_worker[1] wq: cleaning workspace /tmp/worker-0-1
2019/11/23 19:14:53.01 #|1574536493.16418983|00#| work_queue_worker[1] wq: disconnecting from master 10.0.139.2:1026
2019/11/23 19:14:53.01 #|1574536493.16557769|00#| work_queue_worker[1] tcp: disconnected from 10.0.139.2 port 1026
2019/11/23 19:14:53.01 #|1574536493.16576592|00#| work_queue_worker[1] wq: killing all outstanding tasks
2019/11/23 19:14:53.01 #|1574536493.16636865|00#| work_queue_worker[1] wq: all data structures are clean
2019/11/23 19:14:54.03 #|1574536494.35575910|00#| work_queue_worker[1] debug: error reading disk usage on directory: ./cache.
2019/11/23 19:14:54.03 #|1574536494.35652925|00#| work_queue_worker[1] tcp: connecting to 10.0.139.2 port 1026
