2019/11/25 18:04:44.79 #|1574705084.793093112|00#| work_queue_worker[1] debug: /root/cctools/bin/work_queue_worker version 8.0.0 DEVELOPMENT (released 2019-11-14 15:35:16 +0000)
2019/11/25 18:04:44.79 #|1574705084.793229308|00#| work_queue_worker[1] debug: Built by root@7e9ecba79f43 on 2019-11-14 15:35:16 +0000
2019/11/25 18:04:44.79 #|1574705084.793248786|00#| work_queue_worker[1] debug: System: Linux 7e9ecba79f43 5.0.0-32-generic #34~18.04.2-Ubuntu SMP Thu Oct 10 10:36:02 UTC 2019 x86_64 x86_64 x86_64 GNU/Linux
2019/11/25 18:04:44.79 #|1574705084.793262603|00#| work_queue_worker[1] debug: Configuration: --prefix /root/cctools
2019/11/25 18:04:44.79 #|1574705084.793505978|00#| work_queue_worker[1] wq: WORK_QUEUE_SANDBOX set to /tmp/worker-0-1.
2019/11/25 18:04:44.79 #|1574705084.794064481|00#| work_queue_worker[1] debug: error reading disk usage on directory: ./cache.
2019/11/25 18:04:44.79 #|1574705084.794111074|00#| work_queue_worker[1] dns: looking up name master
2019/11/25 18:04:44.79 #|1574705084.794953539|00#| work_queue_worker[1] dns: master is 10.0.159.5
2019/11/25 18:04:44.79 #|1574705084.795085907|00#| work_queue_worker[1] tcp: connecting to 10.0.159.5 port 1026
2019/11/25 18:04:44.79 #|1574705084.795664244|00#| work_queue_worker[1] tcp: made connection to 10.0.159.5 port 1026
2019/11/25 18:04:44.79 #|1574705084.795699317|00#| work_queue_worker[1] wq: connected to master master:1026 via local address 10.0.159.8:47818
2019/11/25 18:04:44.79 #|1574705084.795714725|00#| work_queue_worker[1] wq: preparing workspace /tmp/worker-0-1
2019/11/25 18:04:44.79 #|1574705084.795893166|00#| work_queue_worker[1] dns: looking up name eac6e7474975
2019/11/25 18:04:44.79 #|1574705084.795965641|00#| work_queue_worker[1] dns: eac6e7474975 is 10.0.159.8
2019/11/25 18:04:44.79 #|1574705084.795985079|00#| work_queue_worker[1] dns: looking up addr 10.0.159.8
2019/11/25 18:04:44.79 #|1574705084.796036260|00#| work_queue_worker[1] dns: 10.0.159.8 is eac6e7474975
2019/11/25 18:04:44.79 #|1574705084.796054282|00#| work_queue_worker[1] dns: finding my hostname: uname = eac6e7474975, address = 10.0.159.8, hostname = eac6e7474975
2019/11/25 18:04:44.79 #|1574705084.796074221|00#| work_queue_worker[1] wq: tx to master: workqueue 8 eac6e7474975 Linux x86_64 8.0.0
2019/11/25 18:04:44.79 #|1574705084.796153154|00#| work_queue_worker[1] wq: tx to master: info worker-id worker-46922a768337f38a1c8fa6e9bf7fedf3
2019/11/25 18:04:44.79 #|1574705084.796216003|00#| work_queue_worker[1] wq: tx to master: alive
2019/11/25 18:04:44.79 #|1574705084.796287978|00#| work_queue_worker[1] wq: Sending resource description to master:
2019/11/25 18:04:44.79 #|1574705084.796310007|00#| work_queue_worker[1] wq:  workers      0 inuse      1 total      1 smallest      1 largest
2019/11/25 18:04:44.79 #|1574705084.796423400|00#| work_queue_worker[1] wq:     disk      0 inuse 183003 total 183003 smallest 183003 largest
2019/11/25 18:04:44.79 #|1574705084.796458323|00#| work_queue_worker[1] wq:   memory      0 inuse   7749 total   7749 smallest   7749 largest
2019/11/25 18:04:44.79 #|1574705084.796497449|00#| work_queue_worker[1] wq:     gpus      0 inuse      0 total      0 smallest      0 largest
2019/11/25 18:04:44.79 #|1574705084.796535705|00#| work_queue_worker[1] wq:    cores      0 inuse      4 total      4 smallest      4 largest
2019/11/25 18:04:44.79 #|1574705084.796684166|00#| work_queue_worker[1] wq: tx to master: info end_of_resource_update 0
2019/11/25 18:04:44.79 #|1574705084.796730508|00#| work_queue_worker[1] wq: tx to master: info tasks_running 0
2019/11/25 18:04:44.79 #|1574705084.796763818|00#| work_queue_worker[1] wq: working for master at 10.0.159.5:1026.
2019/11/25 18:04:45.67 #|1574705085.671571697|00#| work_queue_worker[1] wq: rx from master: put file-0-25930e3036f13852cb0b29694bbab611-nt/taxdb.bti 14920392 0644 1
2019/11/25 18:04:45.67 #|1574705085.671780414|00#| work_queue_worker[1] wq: Putting file file-0-25930e3036f13852cb0b29694bbab611-nt/taxdb.bti into workspace
2019/11/25 18:04:46.98 #|1574705086.984004855|00#| work_queue_worker[1] wq: rx from master: put file-0-25930e3036f13852cb0b29694bbab611-nt/nt.nal 752 0644 1
2019/11/25 18:04:46.98 #|1574705086.984129438|00#| work_queue_worker[1] wq: Putting file file-0-25930e3036f13852cb0b29694bbab611-nt/nt.nal into workspace
2019/11/25 18:04:46.98 #|1574705086.984396850|00#| work_queue_worker[1] wq: rx from master: put file-0-25930e3036f13852cb0b29694bbab611-nt/nt.44.nni 27220 0644 1
2019/11/25 18:04:46.98 #|1574705086.984468641|00#| work_queue_worker[1] wq: Putting file file-0-25930e3036f13852cb0b29694bbab611-nt/nt.44.nni into workspace
2019/11/25 18:04:46.98 #|1574705086.986386629|00#| work_queue_worker[1] wq: rx from master: put file-0-25930e3036f13852cb0b29694bbab611-nt/nt.44.nog 3378248 0644 1
2019/11/25 18:04:46.98 #|1574705086.986429666|00#| work_queue_worker[1] wq: Putting file file-0-25930e3036f13852cb0b29694bbab611-nt/nt.44.nog into workspace
2019/11/25 18:04:47.28 #|1574705087.283869268|00#| work_queue_worker[1] wq: rx from master: put file-0-25930e3036f13852cb0b29694bbab611-nt/taxdb.btd 141628361 0644 1
2019/11/25 18:04:47.28 #|1574705087.283968981|00#| work_queue_worker[1] wq: Putting file file-0-25930e3036f13852cb0b29694bbab611-nt/taxdb.btd into workspace
2019/11/25 18:04:57.65 #|1574705097.654665995|00#| work_queue_worker[1] wq: Failed to put file - file-0-25930e3036f13852cb0b29694bbab611-nt/taxdb.btd (Resource temporarily unavailable)
2019/11/25 18:04:57.67 #|1574705097.672273677|00#| work_queue_worker[1] wq: cleaning workspace /tmp/worker-0-1
2019/11/25 18:04:57.70 #|1574705097.701084058|00#| work_queue_worker[1] wq: disconnecting from master 10.0.159.5:1026
2019/11/25 18:04:57.70 #|1574705097.701179328|00#| work_queue_worker[1] tcp: disconnected from 10.0.159.5 port 1026
2019/11/25 18:04:57.70 #|1574705097.701196285|00#| work_queue_worker[1] wq: killing all outstanding tasks
2019/11/25 18:04:57.70 #|1574705097.701208406|00#| work_queue_worker[1] wq: all data structures are clean
2019/11/25 18:05:03.71 #|1574705103.719973528|00#| work_queue_worker[1] debug: error reading disk usage on directory: ./cache.
2019/11/25 18:05:03.72 #|1574705103.720196467|00#| work_queue_worker[1] tcp: connecting to 10.0.159.5 port 1026
2019/11/25 18:05:03.72 #|1574705103.721079257|00#| work_queue_worker[1] tcp: made connection to 10.0.159.5 port 1026
2019/11/25 18:05:03.72 #|1574705103.721168411|00#| work_queue_worker[1] wq: connected to master master:1026 via local address 10.0.159.8:47822
2019/11/25 18:05:03.72 #|1574705103.721207881|00#| work_queue_worker[1] wq: preparing workspace /tmp/worker-0-1
2019/11/25 18:05:03.72 #|1574705103.721489902|00#| work_queue_worker[1] dns: finding my hostname: uname = eac6e7474975, address = 10.0.159.8, hostname = eac6e7474975
2019/11/25 18:05:03.72 #|1574705103.721521277|00#| work_queue_worker[1] wq: tx to master: workqueue 8 eac6e7474975 Linux x86_64 8.0.0
2019/11/25 18:05:03.72 #|1574705103.721641496|00#| work_queue_worker[1] wq: tx to master: info worker-id worker-46922a768337f38a1c8fa6e9bf7fedf3
2019/11/25 18:05:03.72 #|1574705103.721727332|00#| work_queue_worker[1] wq: tx to master: alive
2019/11/25 18:05:03.72 #|1574705103.721805951|00#| work_queue_worker[1] wq: Sending resource description to master:
2019/11/25 18:05:03.72 #|1574705103.721833190|00#| work_queue_worker[1] wq:  workers      0 inuse      1 total      1 smallest      1 largest
2019/11/25 18:05:03.72 #|1574705103.721907874|00#| work_queue_worker[1] wq:     disk      0 inuse 183125 total 183125 smallest 183125 largest
2019/11/25 18:05:03.72 #|1574705103.721993757|00#| work_queue_worker[1] wq:   memory      0 inuse   7749 total   7749 smallest   7749 largest
2019/11/25 18:05:03.72 #|1574705103.722073536|00#| work_queue_worker[1] wq:     gpus      0 inuse      0 total      0 smallest      0 largest
2019/11/25 18:05:03.72 #|1574705103.722150642|00#| work_queue_worker[1] wq:    cores      0 inuse      4 total      4 smallest      4 largest
2019/11/25 18:05:03.72 #|1574705103.722268331|00#| work_queue_worker[1] wq: tx to master: info end_of_resource_update 0
2019/11/25 18:05:03.72 #|1574705103.722345274|00#| work_queue_worker[1] wq: tx to master: info tasks_running 0
2019/11/25 18:05:03.72 #|1574705103.722451653|00#| work_queue_worker[1] wq: working for master at 10.0.159.5:1026.
2019/11/25 18:05:03.72 #|1574705103.723378387|00#| work_queue_worker[1] wq: rx from master: put file-0-25930e3036f13852cb0b29694bbab611-nt/taxdb.bti 14920392 0644 1
2019/11/25 18:05:03.72 #|1574705103.723558987|00#| work_queue_worker[1] wq: Putting file file-0-25930e3036f13852cb0b29694bbab611-nt/taxdb.bti into workspace
2019/11/25 18:05:05.03 #|1574705105.37027139|00#| work_queue_worker[1] wq: rx from master: put file-0-25930e3036f13852cb0b29694bbab611-nt/nt.nal 752 0644 1
2019/11/25 18:05:05.03 #|1574705105.37142084|00#| work_queue_worker[1] wq: Putting file file-0-25930e3036f13852cb0b29694bbab611-nt/nt.nal into workspace
2019/11/25 18:05:05.03 #|1574705105.37385149|00#| work_queue_worker[1] wq: rx from master: put file-0-25930e3036f13852cb0b29694bbab611-nt/nt.44.nni 27220 0644 1
2019/11/25 18:05:05.03 #|1574705105.37468944|00#| work_queue_worker[1] wq: Putting file file-0-25930e3036f13852cb0b29694bbab611-nt/nt.44.nni into workspace
2019/11/25 18:05:05.03 #|1574705105.39419827|00#| work_queue_worker[1] wq: rx from master: put file-0-25930e3036f13852cb0b29694bbab611-nt/nt.44.nog 3378248 0644 1
2019/11/25 18:05:05.03 #|1574705105.39491601|00#| work_queue_worker[1] wq: Putting file file-0-25930e3036f13852cb0b29694bbab611-nt/nt.44.nog into workspace
2019/11/25 18:05:05.33 #|1574705105.336823256|00#| work_queue_worker[1] wq: rx from master: put file-0-25930e3036f13852cb0b29694bbab611-nt/taxdb.btd 141628361 0644 1
2019/11/25 18:05:05.33 #|1574705105.336935717|00#| work_queue_worker[1] wq: Putting file file-0-25930e3036f13852cb0b29694bbab611-nt/taxdb.btd into workspace
2019/11/25 18:05:17.83 #|1574705117.832078665|00#| work_queue_worker[1] wq: rx from master: put file-0-25930e3036f13852cb0b29694bbab611-nt/nt.44.nhr 148534336 0644 1
2019/11/25 18:05:17.83 #|1574705117.832176073|00#| work_queue_worker[1] wq: Putting file file-0-25930e3036f13852cb0b29694bbab611-nt/nt.44.nhr into workspace
2019/11/25 18:05:30.92 #|1574705130.920295376|00#| work_queue_worker[1] wq: rx from master: put file-0-25930e3036f13852cb0b29694bbab611-nt/nt.44.nhi 338004 0644 1
2019/11/25 18:05:30.92 #|1574705130.920433628|00#| work_queue_worker[1] wq: Putting file file-0-25930e3036f13852cb0b29694bbab611-nt/nt.44.nhi into workspace
2019/11/25 18:05:30.93 #|1574705130.932059646|00#| work_queue_worker[1] wq: rx from master: put file-0-25930e3036f13852cb0b29694bbab611-nt/nt.44.nnd 6955488 0644 1
2019/11/25 18:05:30.93 #|1574705130.932147274|00#| work_queue_worker[1] wq: Putting file file-0-25930e3036f13852cb0b29694bbab611-nt/nt.44.nnd into workspace
2019/11/25 18:05:31.54 #|1574705131.545051522|00#| work_queue_worker[1] wq: rx from master: put file-0-25930e3036f13852cb0b29694bbab611-nt/nt.44.nhd 14869748 0644 1
2019/11/25 18:05:31.54 #|1574705131.545183203|00#| work_queue_worker[1] wq: Putting file file-0-25930e3036f13852cb0b29694bbab611-nt/nt.44.nhd into workspace
2019/11/25 18:05:32.85 #|1574705132.855498863|00#| work_queue_worker[1] wq: rx from master: put file-0-25930e3036f13852cb0b29694bbab611-nt/nt.44.nsq 974099786 0644 1
2019/11/25 18:05:32.85 #|1574705132.855630662|00#| work_queue_worker[1] wq: Putting file file-0-25930e3036f13852cb0b29694bbab611-nt/nt.44.nsq into workspace
2019/11/25 18:06:58.71 #|1574705218.716211906|00#| work_queue_worker[1] wq: rx from master: put file-0-25930e3036f13852cb0b29694bbab611-nt/nt.44.nin 10134740 0644 1
2019/11/25 18:06:58.71 #|1574705218.716334546|00#| work_queue_worker[1] wq: Putting file file-0-25930e3036f13852cb0b29694bbab611-nt/nt.44.nin into workspace
2019/11/25 18:06:59.58 #|1574705219.588417271|00#| work_queue_worker[1] wq: rx from master: put file-0-25930e3036f13852cb0b29694bbab611-nt/nt.44.nsi 764650 0644 1
2019/11/25 18:06:59.58 #|1574705219.588533749|00#| work_queue_worker[1] wq: Putting file file-0-25930e3036f13852cb0b29694bbab611-nt/nt.44.nsi into workspace
2019/11/25 18:06:59.65 #|1574705219.655795261|00#| work_queue_worker[1] wq: rx from master: put file-0-25930e3036f13852cb0b29694bbab611-nt/nt.44.nsd 33299557 0644 1
2019/11/25 18:06:59.65 #|1574705219.655887354|00#| work_queue_worker[1] wq: Putting file file-0-25930e3036f13852cb0b29694bbab611-nt/nt.44.nsd into workspace
2019/11/25 18:07:02.59 #|1574705222.590170527|00#| work_queue_worker[1] wq: rx from master: put file-0-e7f309af480f7b15cfe71180f5284818-test.fasta.16 10120 0644 1
2019/11/25 18:07:02.59 #|1574705222.590291062|00#| work_queue_worker[1] wq: Putting file file-0-e7f309af480f7b15cfe71180f5284818-test.fasta.16 into workspace
2019/11/25 18:07:02.59 #|1574705222.591100242|00#| work_queue_worker[1] wq: rx from master: put file-0-daa9c57850b857b80eefebbca6aa18ce-blastall 7687410 0755 1
2019/11/25 18:07:02.59 #|1574705222.591189574|00#| work_queue_worker[1] wq: Putting file file-0-daa9c57850b857b80eefebbca6aa18ce-blastall into workspace
2019/11/25 18:07:03.28 #|1574705223.288486846|00#| work_queue_worker[1] wq: rx from master: task 4
2019/11/25 18:07:03.28 #|1574705223.288619930|00#| work_queue_worker[1] wq: rx from master: cmd 88
2019/11/25 18:07:03.28 #|1574705223.288669302|00#| work_queue_worker[1] wq: rx from master: ./blastall -p blastn -d nt/nt -i test.fasta.16 -o test.fasta.16.out 2> test.fasta.16.err
2019/11/25 18:07:03.28 #|1574705223.288694253|00#| work_queue_worker[1] wq: rx from master: category default
2019/11/25 18:07:03.28 #|1574705223.288719698|00#| work_queue_worker[1] wq: rx from master: cores 4
2019/11/25 18:07:03.28 #|1574705223.288745183|00#| work_queue_worker[1] wq: rx from master: memory 7749
2019/11/25 18:07:03.28 #|1574705223.288770524|00#| work_queue_worker[1] wq: rx from master: disk 183125
2019/11/25 18:07:03.28 #|1574705223.288795505|00#| work_queue_worker[1] wq: rx from master: gpus 0
2019/11/25 18:07:03.28 #|1574705223.288820956|00#| work_queue_worker[1] wq: rx from master: end_time 18446744073709551615
2019/11/25 18:07:03.28 #|1574705223.288848041|00#| work_queue_worker[1] wq: rx from master: wall_time 18446744073709551615
2019/11/25 18:07:03.28 #|1574705223.288873553|00#| work_queue_worker[1] wq: rx from master: env 7
2019/11/25 18:07:03.28 #|1574705223.288903925|00#| work_queue_worker[1] wq: rx from master: env 17
2019/11/25 18:07:03.28 #|1574705223.288933222|00#| work_queue_worker[1] wq: rx from master: infile file-0-25930e3036f13852cb0b29694bbab611-nt nt 1
2019/11/25 18:07:03.28 #|1574705223.288992922|00#| work_queue_worker[1] wq: rx from master: infile file-0-e7f309af480f7b15cfe71180f5284818-test.fasta.16 test.fasta.16 1
2019/11/25 18:07:03.28 #|1574705223.289036411|00#| work_queue_worker[1] wq: rx from master: infile file-0-daa9c57850b857b80eefebbca6aa18ce-blastall blastall 1
2019/11/25 18:07:03.28 #|1574705223.289077339|00#| work_queue_worker[1] wq: rx from master: outfile file-0-49428ca6e9788cb4d3ba878e251f88c4-test.fasta.16.err test.fasta.16.err 1
2019/11/25 18:07:03.28 #|1574705223.289120610|00#| work_queue_worker[1] wq: rx from master: outfile file-0-6d79746b10289399b975e24593cae1b2-test.fasta.16.out test.fasta.16.out 1
2019/11/25 18:07:03.28 #|1574705223.289161798|00#| work_queue_worker[1] wq: rx from master: end
2019/11/25 18:07:03.28 #|1574705223.289449291|00#| work_queue_worker[1] wq: linking cache/file-0-25930e3036f13852cb0b29694bbab611-nt to /tmp/worker-0-1/t.4/nt
2019/11/25 18:07:03.29 #|1574705223.290027987|00#| work_queue_worker[1] wq: linking cache/file-0-e7f309af480f7b15cfe71180f5284818-test.fasta.16 to /tmp/worker-0-1/t.4/test.fasta.16
2019/11/25 18:07:03.29 #|1574705223.290115313|00#| work_queue_worker[1] wq: linking cache/file-0-daa9c57850b857b80eefebbca6aa18ce-blastall to /tmp/worker-0-1/t.4/blastall
2019/11/25 18:07:03.29 #|1574705223.290184268|00#| work_queue_worker[1] wq: Waiting task 4 has been forsaken.
2019/11/25 18:07:03.29 #|1574705223.290211245|00#| work_queue_worker[1] wq: tx to master: alive
2019/11/25 18:07:03.29 #|1574705223.290349325|00#| work_queue_worker[1] wq: Sending resource description to master:
2019/11/25 18:07:03.29 #|1574705223.290378832|00#| work_queue_worker[1] wq:  workers      0 inuse      1 total      1 smallest      1 largest
2019/11/25 18:07:03.29 #|1574705223.290482402|00#| work_queue_worker[1] wq:     disk   1294 inuse 182954 total 182954 smallest 182954 largest
2019/11/25 18:07:03.29 #|1574705223.290563253|00#| work_queue_worker[1] wq:   memory      0 inuse   7749 total   7749 smallest   7749 largest
2019/11/25 18:07:03.29 #|1574705223.290641134|00#| work_queue_worker[1] wq:     gpus      0 inuse      0 total      0 smallest      0 largest
2019/11/25 18:07:03.29 #|1574705223.290718699|00#| work_queue_worker[1] wq:    cores      0 inuse      4 total      4 smallest      4 largest
2019/11/25 18:07:03.29 #|1574705223.290837115|00#| work_queue_worker[1] wq: tx to master: info end_of_resource_update 0
2019/11/25 18:07:03.29 #|1574705223.290913424|00#| work_queue_worker[1] wq: tx to master: info tasks_running 0
2019/11/25 18:07:03.29 #|1574705223.290990446|00#| work_queue_worker[1] wq: tx to master: info tasks_running 0
2019/11/25 18:07:03.29 #|1574705223.291067325|00#| work_queue_worker[1] wq: tx to master: available_results
2019/11/25 18:07:03.29 #|1574705223.292909033|00#| work_queue_worker[1] wq: rx from master: send_results -1
2019/11/25 18:07:03.29 #|1574705223.293028779|00#| work_queue_worker[1] wq: tx to master: result 40 0 0 0 4
2019/11/25 18:07:03.29 #|1574705223.293263536|00#| work_queue_worker[1] wq: tx to master: info tasks_running 0
2019/11/25 18:07:03.29 #|1574705223.293434536|00#| work_queue_worker[1] wq: tx to master: end
2019/11/25 18:07:03.29 #|1574705223.294297641|00#| work_queue_worker[1] wq: rx from master: put file-0-e046ec692c0ced962d3265bfe7245360-test.fasta.14 10120 0644 1
2019/11/25 18:07:03.29 #|1574705223.294401208|00#| work_queue_worker[1] wq: Putting file file-0-e046ec692c0ced962d3265bfe7245360-test.fasta.14 into workspace
2019/11/25 18:07:03.29 #|1574705223.295591915|00#| work_queue_worker[1] wq: rx from master: task 6
2019/11/25 18:07:03.29 #|1574705223.295638091|00#| work_queue_worker[1] wq: rx from master: cmd 88
2019/11/25 18:07:03.29 #|1574705223.295672188|00#| work_queue_worker[1] wq: rx from master: ./blastall -p blastn -d nt/nt -i test.fasta.14 -o test.fasta.14.out 2> test.fasta.14.err
2019/11/25 18:07:03.29 #|1574705223.295696130|00#| work_queue_worker[1] wq: rx from master: category default
2019/11/25 18:07:03.29 #|1574705223.295721498|00#| work_queue_worker[1] wq: rx from master: cores 4
2019/11/25 18:07:03.29 #|1574705223.295746886|00#| work_queue_worker[1] wq: rx from master: memory 7749
2019/11/25 18:07:03.29 #|1574705223.295772170|00#| work_queue_worker[1] wq: rx from master: disk 182954
2019/11/25 18:07:03.29 #|1574705223.295797034|00#| work_queue_worker[1] wq: rx from master: gpus 0
2019/11/25 18:07:03.29 #|1574705223.295874865|00#| work_queue_worker[1] wq: rx from master: end_time 18446744073709551615
2019/11/25 18:07:03.29 #|1574705223.295908876|00#| work_queue_worker[1] wq: rx from master: wall_time 18446744073709551615
2019/11/25 18:07:03.29 #|1574705223.295934959|00#| work_queue_worker[1] wq: rx from master: env 7
2019/11/25 18:07:03.29 #|1574705223.295966073|00#| work_queue_worker[1] wq: rx from master: env 17
2019/11/25 18:07:03.29 #|1574705223.295995781|00#| work_queue_worker[1] wq: rx from master: infile file-0-25930e3036f13852cb0b29694bbab611-nt nt 1
2019/11/25 18:07:03.29 #|1574705223.296042508|00#| work_queue_worker[1] wq: rx from master: infile file-0-e046ec692c0ced962d3265bfe7245360-test.fasta.14 test.fasta.14 1
2019/11/25 18:07:03.29 #|1574705223.296093895|00#| work_queue_worker[1] wq: rx from master: infile file-0-daa9c57850b857b80eefebbca6aa18ce-blastall blastall 1
2019/11/25 18:07:03.29 #|1574705223.296136105|00#| work_queue_worker[1] wq: rx from master: outfile file-0-5904a03317e7e6566913b82983b96829-test.fasta.14.err test.fasta.14.err 1
2019/11/25 18:07:03.29 #|1574705223.296180242|00#| work_queue_worker[1] wq: rx from master: outfile file-0-6e7fd2228b2f7120a5a28bea1aa8b41f-test.fasta.14.out test.fasta.14.out 1
2019/11/25 18:07:03.29 #|1574705223.296233845|00#| work_queue_worker[1] wq: rx from master: end
2019/11/25 18:07:03.29 #|1574705223.296484989|00#| work_queue_worker[1] wq: linking cache/file-0-25930e3036f13852cb0b29694bbab611-nt to /tmp/worker-0-1/t.6/nt
2019/11/25 18:07:03.29 #|1574705223.297084275|00#| work_queue_worker[1] wq: linking cache/file-0-e046ec692c0ced962d3265bfe7245360-test.fasta.14 to /tmp/worker-0-1/t.6/test.fasta.14
2019/11/25 18:07:03.29 #|1574705223.297172489|00#| work_queue_worker[1] wq: linking cache/file-0-daa9c57850b857b80eefebbca6aa18ce-blastall to /tmp/worker-0-1/t.6/blastall
2019/11/25 18:07:03.29 #|1574705223.297638614|00#| work_queue_worker[1] wq: started process 10: ./blastall -p blastn -d nt/nt -i test.fasta.14 -o test.fasta.14.out 2> test.fasta.14.err
2019/11/25 18:07:03.29 #|1574705223.297761800|00#| work_queue_worker[1] wq: tx to master: info tasks_running 1
2019/11/25 18:07:04.29 #|1574705224.299714945|00#| work_queue_worker[1] wq: rx from master: check
2019/11/25 18:07:04.29 #|1574705224.299776657|00#| work_queue_worker[1] wq: tx to master: alive
2019/11/25 18:07:04.29 #|1574705224.299853236|00#| work_queue_worker[1] wq: tx to master: info tasks_running 1
2019/11/25 18:07:12.74 #|1574705232.747297043|00#| work_queue_worker[1] wq: task 6 (pid 10) exited normally with exit code 0
2019/11/25 18:07:12.74 #|1574705232.747344072|00#| work_queue_worker[1] wq: moving output file from /tmp/worker-0-1/t.6/test.fasta.14.err to cache/file-0-5904a03317e7e6566913b82983b96829-test.fasta.14.err
2019/11/25 18:07:12.74 #|1574705232.747476755|00#| work_queue_worker[1] wq: moving output file from /tmp/worker-0-1/t.6/test.fasta.14.out to cache/file-0-6e7fd2228b2f7120a5a28bea1aa8b41f-test.fasta.14.out
2019/11/25 18:07:12.74 #|1574705232.747525744|00#| work_queue_worker[1] wq: tx to master: available_results
2019/11/25 18:07:12.74 #|1574705232.748089472|00#| work_queue_worker[1] wq: rx from master: send_results -1
2019/11/25 18:07:12.74 #|1574705232.748132809|00#| work_queue_worker[1] wq: tx to master: result 0 0 0 9450009 6
2019/11/25 18:07:12.74 #|1574705232.748204387|00#| work_queue_worker[1] wq: tx to master: info tasks_running 0
2019/11/25 18:07:12.74 #|1574705232.748264515|00#| work_queue_worker[1] wq: tx to master: end
2019/11/25 18:07:12.74 #|1574705232.748775164|00#| work_queue_worker[1] wq: rx from master: get file-0-5904a03317e7e6566913b82983b96829-test.fasta.14.err 1
2019/11/25 18:07:12.74 #|1574705232.748827332|00#| work_queue_worker[1] wq: tx to master: file file-0-5904a03317e7e6566913b82983b96829-test.fasta.14.err 0
2019/11/25 18:07:12.74 #|1574705232.748897867|00#| work_queue_worker[1] wq: tx to master: end
2019/11/25 18:07:12.74 #|1574705232.749389018|00#| work_queue_worker[1] wq: rx from master: get file-0-6e7fd2228b2f7120a5a28bea1aa8b41f-test.fasta.14.out 1
2019/11/25 18:07:12.74 #|1574705232.749433319|00#| work_queue_worker[1] wq: tx to master: file file-0-6e7fd2228b2f7120a5a28bea1aa8b41f-test.fasta.14.out 18451
2019/11/25 18:07:12.74 #|1574705232.749631553|00#| work_queue_worker[1] wq: tx to master: end
2019/11/25 18:07:12.75 #|1574705232.751779911|00#| work_queue_worker[1] wq: rx from master: kill 6
2019/11/25 18:07:12.75 #|1574705232.752570036|00#| work_queue_worker[1] wq: rx from master: put file-0-861f258aeedab7469eb02fd8febc6d36-test.fasta.13 10120 0644 1
2019/11/25 18:07:12.75 #|1574705232.752625537|00#| work_queue_worker[1] wq: Putting file file-0-861f258aeedab7469eb02fd8febc6d36-test.fasta.13 into workspace
2019/11/25 18:07:12.75 #|1574705232.753652575|00#| work_queue_worker[1] wq: rx from master: task 7
2019/11/25 18:07:12.75 #|1574705232.753697551|00#| work_queue_worker[1] wq: rx from master: cmd 88
2019/11/25 18:07:12.75 #|1574705232.753723087|00#| work_queue_worker[1] wq: rx from master: ./blastall -p blastn -d nt/nt -i test.fasta.13 -o test.fasta.13.out 2> test.fasta.13.err
2019/11/25 18:07:12.75 #|1574705232.753742281|00#| work_queue_worker[1] wq: rx from master: category default
2019/11/25 18:07:12.75 #|1574705232.753762023|00#| work_queue_worker[1] wq: rx from master: cores 4
2019/11/25 18:07:12.75 #|1574705232.753782432|00#| work_queue_worker[1] wq: rx from master: memory 7749
2019/11/25 18:07:12.75 #|1574705232.753802664|00#| work_queue_worker[1] wq: rx from master: disk 182954
2019/11/25 18:07:12.75 #|1574705232.753830690|00#| work_queue_worker[1] wq: rx from master: gpus 0
2019/11/25 18:07:12.75 #|1574705232.753851812|00#| work_queue_worker[1] wq: rx from master: end_time 18446744073709551615
2019/11/25 18:07:12.75 #|1574705232.753873586|00#| work_queue_worker[1] wq: rx from master: wall_time 18446744073709551615
2019/11/25 18:07:12.75 #|1574705232.753893799|00#| work_queue_worker[1] wq: rx from master: env 7
2019/11/25 18:07:12.75 #|1574705232.753917760|00#| work_queue_worker[1] wq: rx from master: env 17
2019/11/25 18:07:12.75 #|1574705232.753941581|00#| work_queue_worker[1] wq: rx from master: infile file-0-25930e3036f13852cb0b29694bbab611-nt nt 1
2019/11/25 18:07:12.75 #|1574705232.753985119|00#| work_queue_worker[1] wq: rx from master: infile file-0-861f258aeedab7469eb02fd8febc6d36-test.fasta.13 test.fasta.13 1
2019/11/25 18:07:12.75 #|1574705232.754020074|00#| work_queue_worker[1] wq: rx from master: infile file-0-daa9c57850b857b80eefebbca6aa18ce-blastall blastall 1
2019/11/25 18:07:12.75 #|1574705232.754053159|00#| work_queue_worker[1] wq: rx from master: outfile file-0-a1e084cfb47df79ee8a2d374c2d9abba-test.fasta.13.err test.fasta.13.err 1
2019/11/25 18:07:12.75 #|1574705232.754088114|00#| work_queue_worker[1] wq: rx from master: outfile file-0-dc058f4294b64abb0a149cc97b0d5b94-test.fasta.13.out test.fasta.13.out 1
2019/11/25 18:07:12.75 #|1574705232.754121513|00#| work_queue_worker[1] wq: rx from master: end
2019/11/25 18:07:12.75 #|1574705232.754321398|00#| work_queue_worker[1] wq: linking cache/file-0-25930e3036f13852cb0b29694bbab611-nt to /tmp/worker-0-1/t.7/nt
2019/11/25 18:07:12.75 #|1574705232.754783616|00#| work_queue_worker[1] wq: linking cache/file-0-861f258aeedab7469eb02fd8febc6d36-test.fasta.13 to /tmp/worker-0-1/t.7/test.fasta.13
2019/11/25 18:07:12.75 #|1574705232.754853378|00#| work_queue_worker[1] wq: linking cache/file-0-daa9c57850b857b80eefebbca6aa18ce-blastall to /tmp/worker-0-1/t.7/blastall
2019/11/25 18:07:12.75 #|1574705232.755157514|00#| work_queue_worker[1] wq: started process 12: ./blastall -p blastn -d nt/nt -i test.fasta.13 -o test.fasta.13.out 2> test.fasta.13.err
2019/11/25 18:07:12.75 #|1574705232.755218038|00#| work_queue_worker[1] wq: tx to master: info tasks_running 1
2019/11/25 18:07:22.22 #|1574705242.222639698|00#| work_queue_worker[1] wq: task 7 (pid 12) exited normally with exit code 0
2019/11/25 18:07:22.22 #|1574705242.222687780|00#| work_queue_worker[1] wq: moving output file from /tmp/worker-0-1/t.7/test.fasta.13.err to cache/file-0-a1e084cfb47df79ee8a2d374c2d9abba-test.fasta.13.err
2019/11/25 18:07:22.22 #|1574705242.222754881|00#| work_queue_worker[1] wq: moving output file from /tmp/worker-0-1/t.7/test.fasta.13.out to cache/file-0-dc058f4294b64abb0a149cc97b0d5b94-test.fasta.13.out
2019/11/25 18:07:22.24 #|1574705242.240241984|00#| work_queue_worker[1] wq: tx to master: available_results
2019/11/25 18:07:22.24 #|1574705242.240940016|00#| work_queue_worker[1] wq: rx from master: send_results -1
2019/11/25 18:07:22.24 #|1574705242.241026044|00#| work_queue_worker[1] wq: tx to master: result 0 0 0 9467736 7
2019/11/25 18:07:22.24 #|1574705242.241146261|00#| work_queue_worker[1] wq: tx to master: info tasks_running 0
2019/11/25 18:07:22.24 #|1574705242.241233547|00#| work_queue_worker[1] wq: tx to master: end
2019/11/25 18:07:22.24 #|1574705242.241762108|00#| work_queue_worker[1] wq: rx from master: get file-0-a1e084cfb47df79ee8a2d374c2d9abba-test.fasta.13.err 1
2019/11/25 18:07:22.24 #|1574705242.241841121|00#| work_queue_worker[1] wq: tx to master: file file-0-a1e084cfb47df79ee8a2d374c2d9abba-test.fasta.13.err 0
2019/11/25 18:07:22.24 #|1574705242.241952297|00#| work_queue_worker[1] wq: tx to master: end
2019/11/25 18:07:22.24 #|1574705242.242571211|00#| work_queue_worker[1] wq: rx from master: get file-0-dc058f4294b64abb0a149cc97b0d5b94-test.fasta.13.out 1
2019/11/25 18:07:22.24 #|1574705242.242639685|00#| work_queue_worker[1] wq: tx to master: file file-0-dc058f4294b64abb0a149cc97b0d5b94-test.fasta.13.out 23659
2019/11/25 18:07:22.24 #|1574705242.242955619|00#| work_queue_worker[1] wq: tx to master: end
2019/11/25 18:07:22.24 #|1574705242.245562155|00#| work_queue_worker[1] wq: rx from master: kill 7
2019/11/25 18:07:22.24 #|1574705242.246462714|00#| work_queue_worker[1] wq: rx from master: put file-0-5d44d8f82cbb3f9ecaf466b060d01edb-test.fasta.11 10120 0644 1
2019/11/25 18:07:22.24 #|1574705242.246531713|00#| work_queue_worker[1] wq: Putting file file-0-5d44d8f82cbb3f9ecaf466b060d01edb-test.fasta.11 into workspace
2019/11/25 18:07:22.24 #|1574705242.247252076|00#| work_queue_worker[1] wq: rx from master: task 9
2019/11/25 18:07:22.24 #|1574705242.247303137|00#| work_queue_worker[1] wq: rx from master: cmd 88
2019/11/25 18:07:22.24 #|1574705242.247333027|00#| work_queue_worker[1] wq: rx from master: ./blastall -p blastn -d nt/nt -i test.fasta.11 -o test.fasta.11.out 2> test.fasta.11.err
2019/11/25 18:07:22.24 #|1574705242.247355189|00#| work_queue_worker[1] wq: rx from master: category default
2019/11/25 18:07:22.24 #|1574705242.247378059|00#| work_queue_worker[1] wq: rx from master: cores 4
2019/11/25 18:07:22.24 #|1574705242.247492178|00#| work_queue_worker[1] wq: rx from master: memory 7749
2019/11/25 18:07:22.24 #|1574705242.247518253|00#| work_queue_worker[1] wq: rx from master: disk 182954
2019/11/25 18:07:22.24 #|1574705242.247541584|00#| work_queue_worker[1] wq: rx from master: gpus 0
2019/11/25 18:07:22.24 #|1574705242.247565451|00#| work_queue_worker[1] wq: rx from master: end_time 18446744073709551615
2019/11/25 18:07:22.24 #|1574705242.247590434|00#| work_queue_worker[1] wq: rx from master: wall_time 18446744073709551615
2019/11/25 18:07:22.24 #|1574705242.247613921|00#| work_queue_worker[1] wq: rx from master: env 7
2019/11/25 18:07:22.24 #|1574705242.247642257|00#| work_queue_worker[1] wq: rx from master: env 17
2019/11/25 18:07:22.24 #|1574705242.247669704|00#| work_queue_worker[1] wq: rx from master: infile file-0-25930e3036f13852cb0b29694bbab611-nt nt 1
2019/11/25 18:07:22.24 #|1574705242.247719263|00#| work_queue_worker[1] wq: rx from master: infile file-0-5d44d8f82cbb3f9ecaf466b060d01edb-test.fasta.11 test.fasta.11 1
2019/11/25 18:07:22.24 #|1574705242.247759589|00#| work_queue_worker[1] wq: rx from master: infile file-0-daa9c57850b857b80eefebbca6aa18ce-blastall blastall 1
2019/11/25 18:07:22.24 #|1574705242.247797350|00#| work_queue_worker[1] wq: rx from master: outfile file-0-1ec6f60204ab1e932b38cec0b78303f1-test.fasta.11.err test.fasta.11.err 1
2019/11/25 18:07:22.24 #|1574705242.247837858|00#| work_queue_worker[1] wq: rx from master: outfile file-0-b2dcb7cd97b86e43787e05023fc40494-test.fasta.11.out test.fasta.11.out 1
2019/11/25 18:07:22.24 #|1574705242.247876006|00#| work_queue_worker[1] wq: rx from master: end
2019/11/25 18:07:22.24 #|1574705242.248103887|00#| work_queue_worker[1] wq: linking cache/file-0-25930e3036f13852cb0b29694bbab611-nt to /tmp/worker-0-1/t.9/nt
2019/11/25 18:07:22.24 #|1574705242.248627887|00#| work_queue_worker[1] wq: linking cache/file-0-5d44d8f82cbb3f9ecaf466b060d01edb-test.fasta.11 to /tmp/worker-0-1/t.9/test.fasta.11
2019/11/25 18:07:22.24 #|1574705242.248708777|00#| work_queue_worker[1] wq: linking cache/file-0-daa9c57850b857b80eefebbca6aa18ce-blastall to /tmp/worker-0-1/t.9/blastall
2019/11/25 18:07:22.24 #|1574705242.249067549|00#| work_queue_worker[1] wq: started process 14: ./blastall -p blastn -d nt/nt -i test.fasta.11 -o test.fasta.11.out 2> test.fasta.11.err
2019/11/25 18:07:22.24 #|1574705242.249133179|00#| work_queue_worker[1] wq: tx to master: info tasks_running 1
2019/11/25 18:07:31.77 #|1574705251.774916053|00#| work_queue_worker[1] wq: task 9 (pid 14) exited normally with exit code 0
2019/11/25 18:07:31.77 #|1574705251.774960823|00#| work_queue_worker[1] wq: moving output file from /tmp/worker-0-1/t.9/test.fasta.11.err to cache/file-0-1ec6f60204ab1e932b38cec0b78303f1-test.fasta.11.err
2019/11/25 18:07:31.77 #|1574705251.775033923|00#| work_queue_worker[1] wq: moving output file from /tmp/worker-0-1/t.9/test.fasta.11.out to cache/file-0-b2dcb7cd97b86e43787e05023fc40494-test.fasta.11.out
2019/11/25 18:07:31.77 #|1574705251.775116614|00#| work_queue_worker[1] wq: tx to master: available_results
2019/11/25 18:07:31.77 #|1574705251.775730758|00#| work_queue_worker[1] wq: rx from master: send_results -1
2019/11/25 18:07:31.77 #|1574705251.775789045|00#| work_queue_worker[1] wq: tx to master: result 0 0 0 9526142 9
2019/11/25 18:07:31.77 #|1574705251.775893061|00#| work_queue_worker[1] wq: tx to master: info tasks_running 0
2019/11/25 18:07:31.77 #|1574705251.775961568|00#| work_queue_worker[1] wq: tx to master: end
2019/11/25 18:07:31.77 #|1574705251.776621485|00#| work_queue_worker[1] wq: rx from master: get file-0-1ec6f60204ab1e932b38cec0b78303f1-test.fasta.11.err 1
2019/11/25 18:07:31.77 #|1574705251.776683903|00#| work_queue_worker[1] wq: tx to master: file file-0-1ec6f60204ab1e932b38cec0b78303f1-test.fasta.11.err 0
2019/11/25 18:07:31.77 #|1574705251.776773694|00#| work_queue_worker[1] wq: tx to master: end
2019/11/25 18:07:31.77 #|1574705251.777356162|00#| work_queue_worker[1] wq: rx from master: get file-0-b2dcb7cd97b86e43787e05023fc40494-test.fasta.11.out 1
2019/11/25 18:07:31.77 #|1574705251.777412936|00#| work_queue_worker[1] wq: tx to master: file file-0-b2dcb7cd97b86e43787e05023fc40494-test.fasta.11.out 44259
2019/11/25 18:07:31.77 #|1574705251.777672348|00#| work_queue_worker[1] wq: tx to master: end
2019/11/25 18:07:31.78 #|1574705251.782359001|00#| work_queue_worker[1] wq: rx from master: kill 9
2019/11/25 18:07:31.78 #|1574705251.783053267|00#| work_queue_worker[1] wq: rx from master: put file-0-3c684903ad7beb0f07c70d32ce209cf3-test.fasta.9 10111 0644 1
2019/11/25 18:07:31.78 #|1574705251.783102630|00#| work_queue_worker[1] wq: Putting file file-0-3c684903ad7beb0f07c70d32ce209cf3-test.fasta.9 into workspace
2019/11/25 18:07:31.78 #|1574705251.784332322|00#| work_queue_worker[1] wq: rx from master: task 11
2019/11/25 18:07:31.78 #|1574705251.784375086|00#| work_queue_worker[1] wq: rx from master: cmd 85
2019/11/25 18:07:31.78 #|1574705251.784398761|00#| work_queue_worker[1] wq: rx from master: ./blastall -p blastn -d nt/nt -i test.fasta.9 -o test.fasta.9.out 2> test.fasta.9.err
2019/11/25 18:07:31.78 #|1574705251.784415897|00#| work_queue_worker[1] wq: rx from master: category default
2019/11/25 18:07:31.78 #|1574705251.784433542|00#| work_queue_worker[1] wq: rx from master: cores 4
2019/11/25 18:07:31.78 #|1574705251.784451570|00#| work_queue_worker[1] wq: rx from master: memory 7749
2019/11/25 18:07:31.78 #|1574705251.784469382|00#| work_queue_worker[1] wq: rx from master: disk 182954
2019/11/25 18:07:31.78 #|1574705251.784487003|00#| work_queue_worker[1] wq: rx from master: gpus 0
2019/11/25 18:07:31.78 #|1574705251.784505181|00#| work_queue_worker[1] wq: rx from master: end_time 18446744073709551615
2019/11/25 18:07:31.78 #|1574705251.784524208|00#| work_queue_worker[1] wq: rx from master: wall_time 18446744073709551615
2019/11/25 18:07:31.78 #|1574705251.784542167|00#| work_queue_worker[1] wq: rx from master: env 7
2019/11/25 18:07:31.78 #|1574705251.784563606|00#| work_queue_worker[1] wq: rx from master: env 17
2019/11/25 18:07:31.78 #|1574705251.784584906|00#| work_queue_worker[1] wq: rx from master: infile file-0-25930e3036f13852cb0b29694bbab611-nt nt 1
2019/11/25 18:07:31.78 #|1574705251.784621458|00#| work_queue_worker[1] wq: rx from master: infile file-0-3c684903ad7beb0f07c70d32ce209cf3-test.fasta.9 test.fasta.9 1
2019/11/25 18:07:31.78 #|1574705251.784652331|00#| work_queue_worker[1] wq: rx from master: infile file-0-daa9c57850b857b80eefebbca6aa18ce-blastall blastall 1
2019/11/25 18:07:31.78 #|1574705251.784681476|00#| work_queue_worker[1] wq: rx from master: outfile file-0-8b8651ac4a310c9b2b1cb06061c67223-test.fasta.9.err test.fasta.9.err 1
2019/11/25 18:07:31.78 #|1574705251.784712582|00#| work_queue_worker[1] wq: rx from master: outfile file-0-8c8215651ccf820f581014d2a05d1c97-test.fasta.9.out test.fasta.9.out 1
2019/11/25 18:07:31.78 #|1574705251.784741236|00#| work_queue_worker[1] wq: rx from master: end
2019/11/25 18:07:31.78 #|1574705251.784912920|00#| work_queue_worker[1] wq: linking cache/file-0-25930e3036f13852cb0b29694bbab611-nt to /tmp/worker-0-1/t.11/nt
2019/11/25 18:07:31.78 #|1574705251.785321394|00#| work_queue_worker[1] wq: linking cache/file-0-3c684903ad7beb0f07c70d32ce209cf3-test.fasta.9 to /tmp/worker-0-1/t.11/test.fasta.9
2019/11/25 18:07:31.78 #|1574705251.785382619|00#| work_queue_worker[1] wq: linking cache/file-0-daa9c57850b857b80eefebbca6aa18ce-blastall to /tmp/worker-0-1/t.11/blastall
2019/11/25 18:07:31.78 #|1574705251.785657155|00#| work_queue_worker[1] wq: started process 16: ./blastall -p blastn -d nt/nt -i test.fasta.9 -o test.fasta.9.out 2> test.fasta.9.err
2019/11/25 18:07:31.78 #|1574705251.785712682|00#| work_queue_worker[1] wq: tx to master: info tasks_running 1
2019/11/25 18:07:41.57 #|1574705261.572309555|00#| work_queue_worker[1] wq: task 11 (pid 16) exited normally with exit code 0
2019/11/25 18:07:41.57 #|1574705261.572357981|00#| work_queue_worker[1] wq: moving output file from /tmp/worker-0-1/t.11/test.fasta.9.err to cache/file-0-8b8651ac4a310c9b2b1cb06061c67223-test.fasta.9.err
2019/11/25 18:07:41.57 #|1574705261.572424262|00#| work_queue_worker[1] wq: moving output file from /tmp/worker-0-1/t.11/test.fasta.9.out to cache/file-0-8c8215651ccf820f581014d2a05d1c97-test.fasta.9.out
2019/11/25 18:07:41.59 #|1574705261.592277468|00#| work_queue_worker[1] wq: tx to master: available_results
2019/11/25 18:07:41.59 #|1574705261.592981742|00#| work_queue_worker[1] wq: rx from master: send_results -1
2019/11/25 18:07:41.59 #|1574705261.593067629|00#| work_queue_worker[1] wq: tx to master: result 0 0 0 9786887 11
2019/11/25 18:07:41.59 #|1574705261.593186327|00#| work_queue_worker[1] wq: tx to master: info tasks_running 0
2019/11/25 18:07:41.59 #|1574705261.593273544|00#| work_queue_worker[1] wq: tx to master: end
2019/11/25 18:07:41.59 #|1574705261.593824568|00#| work_queue_worker[1] wq: rx from master: get file-0-8b8651ac4a310c9b2b1cb06061c67223-test.fasta.9.err 1
2019/11/25 18:07:41.59 #|1574705261.593902701|00#| work_queue_worker[1] wq: tx to master: file file-0-8b8651ac4a310c9b2b1cb06061c67223-test.fasta.9.err 0
2019/11/25 18:07:41.59 #|1574705261.594014356|00#| work_queue_worker[1] wq: tx to master: end
2019/11/25 18:07:41.59 #|1574705261.594688989|00#| work_queue_worker[1] wq: rx from master: get file-0-8c8215651ccf820f581014d2a05d1c97-test.fasta.9.out 1
2019/11/25 18:07:41.59 #|1574705261.594757557|00#| work_queue_worker[1] wq: tx to master: file file-0-8c8215651ccf820f581014d2a05d1c97-test.fasta.9.out 38743
2019/11/25 18:07:41.59 #|1574705261.595097150|00#| work_queue_worker[1] wq: tx to master: end
2019/11/25 18:07:41.59 #|1574705261.599175090|00#| work_queue_worker[1] wq: rx from master: kill 11
2019/11/25 18:07:41.60 #|1574705261.600148697|00#| work_queue_worker[1] wq: rx from master: put file-0-3410183026126208c01eade572fb5bdf-test.fasta.8 10110 0644 1
2019/11/25 18:07:41.60 #|1574705261.600221344|00#| work_queue_worker[1] wq: Putting file file-0-3410183026126208c01eade572fb5bdf-test.fasta.8 into workspace
2019/11/25 18:07:41.60 #|1574705261.601008077|00#| work_queue_worker[1] wq: rx from master: task 12
2019/11/25 18:07:41.60 #|1574705261.601057187|00#| work_queue_worker[1] wq: rx from master: cmd 85
2019/11/25 18:07:41.60 #|1574705261.601084896|00#| work_queue_worker[1] wq: rx from master: ./blastall -p blastn -d nt/nt -i test.fasta.8 -o test.fasta.8.out 2> test.fasta.8.err
2019/11/25 18:07:41.60 #|1574705261.601105775|00#| work_queue_worker[1] wq: rx from master: category default
2019/11/25 18:07:41.60 #|1574705261.601127312|00#| work_queue_worker[1] wq: rx from master: cores 4
2019/11/25 18:07:41.60 #|1574705261.601149475|00#| work_queue_worker[1] wq: rx from master: memory 7749
2019/11/25 18:07:41.60 #|1574705261.601171300|00#| work_queue_worker[1] wq: rx from master: disk 182954
2019/11/25 18:07:41.60 #|1574705261.601192809|00#| work_queue_worker[1] wq: rx from master: gpus 0
2019/11/25 18:07:41.60 #|1574705261.601215070|00#| work_queue_worker[1] wq: rx from master: end_time 18446744073709551615
2019/11/25 18:07:41.60 #|1574705261.601238839|00#| work_queue_worker[1] wq: rx from master: wall_time 18446744073709551615
2019/11/25 18:07:41.60 #|1574705261.601270316|00#| work_queue_worker[1] wq: rx from master: env 7
2019/11/25 18:07:41.60 #|1574705261.601297058|00#| work_queue_worker[1] wq: rx from master: env 17
2019/11/25 18:07:41.60 #|1574705261.601322806|00#| work_queue_worker[1] wq: rx from master: infile file-0-25930e3036f13852cb0b29694bbab611-nt nt 1
2019/11/25 18:07:41.60 #|1574705261.601368581|00#| work_queue_worker[1] wq: rx from master: infile file-0-3410183026126208c01eade572fb5bdf-test.fasta.8 test.fasta.8 1
2019/11/25 18:07:41.60 #|1574705261.601405938|00#| work_queue_worker[1] wq: rx from master: infile file-0-daa9c57850b857b80eefebbca6aa18ce-blastall blastall 1
2019/11/25 18:07:41.60 #|1574705261.601440866|00#| work_queue_worker[1] wq: rx from master: outfile file-0-377034d337ce566c4f64a77efabc1f23-test.fasta.8.err test.fasta.8.err 1
2019/11/25 18:07:41.60 #|1574705261.601478126|00#| work_queue_worker[1] wq: rx from master: outfile file-0-599ca89112d700f3c1cc921c2abd9aaa-test.fasta.8.out test.fasta.8.out 1
2019/11/25 18:07:41.60 #|1574705261.601513690|00#| work_queue_worker[1] wq: rx from master: end
2019/11/25 18:07:41.60 #|1574705261.601719042|00#| work_queue_worker[1] wq: linking cache/file-0-25930e3036f13852cb0b29694bbab611-nt to /tmp/worker-0-1/t.12/nt
2019/11/25 18:07:41.60 #|1574705261.602206332|00#| work_queue_worker[1] wq: linking cache/file-0-3410183026126208c01eade572fb5bdf-test.fasta.8 to /tmp/worker-0-1/t.12/test.fasta.8
2019/11/25 18:07:41.60 #|1574705261.602280396|00#| work_queue_worker[1] wq: linking cache/file-0-daa9c57850b857b80eefebbca6aa18ce-blastall to /tmp/worker-0-1/t.12/blastall
2019/11/25 18:07:41.60 #|1574705261.602604868|00#| work_queue_worker[1] wq: started process 18: ./blastall -p blastn -d nt/nt -i test.fasta.8 -o test.fasta.8.out 2> test.fasta.8.err
2019/11/25 18:07:41.60 #|1574705261.602655432|00#| work_queue_worker[1] wq: tx to master: info tasks_running 1
2019/11/25 18:07:50.71 #|1574705270.715869057|00#| work_queue_worker[1] wq: task 12 (pid 18) exited normally with exit code 0
2019/11/25 18:07:50.71 #|1574705270.715936780|00#| work_queue_worker[1] wq: moving output file from /tmp/worker-0-1/t.12/test.fasta.8.err to cache/file-0-377034d337ce566c4f64a77efabc1f23-test.fasta.8.err
2019/11/25 18:07:50.71 #|1574705270.716032640|00#| work_queue_worker[1] wq: moving output file from /tmp/worker-0-1/t.12/test.fasta.8.out to cache/file-0-599ca89112d700f3c1cc921c2abd9aaa-test.fasta.8.out
2019/11/25 18:07:50.71 #|1574705270.716094076|00#| work_queue_worker[1] wq: tx to master: available_results
2019/11/25 18:07:50.71 #|1574705270.716617674|00#| work_queue_worker[1] wq: rx from master: send_results -1
2019/11/25 18:07:50.71 #|1574705270.716660960|00#| work_queue_worker[1] wq: tx to master: result 0 0 0 9113535 12
2019/11/25 18:07:50.71 #|1574705270.716725051|00#| work_queue_worker[1] wq: tx to master: info tasks_running 0
2019/11/25 18:07:50.71 #|1574705270.716783102|00#| work_queue_worker[1] wq: tx to master: end
2019/11/25 18:07:50.71 #|1574705270.717338268|00#| work_queue_worker[1] wq: rx from master: get file-0-377034d337ce566c4f64a77efabc1f23-test.fasta.8.err 1
2019/11/25 18:07:50.71 #|1574705270.717402212|00#| work_queue_worker[1] wq: tx to master: file file-0-377034d337ce566c4f64a77efabc1f23-test.fasta.8.err 0
2019/11/25 18:07:50.71 #|1574705270.717491468|00#| work_queue_worker[1] wq: tx to master: end
2019/11/25 18:07:50.71 #|1574705270.718129769|00#| work_queue_worker[1] wq: rx from master: get file-0-599ca89112d700f3c1cc921c2abd9aaa-test.fasta.8.out 1
2019/11/25 18:07:50.71 #|1574705270.718198779|00#| work_queue_worker[1] wq: tx to master: file file-0-599ca89112d700f3c1cc921c2abd9aaa-test.fasta.8.out 20887
2019/11/25 18:07:50.71 #|1574705270.718496564|00#| work_queue_worker[1] wq: tx to master: end
2019/11/25 18:07:50.72 #|1574705270.720822403|00#| work_queue_worker[1] wq: rx from master: kill 12
2019/11/25 18:07:50.72 #|1574705270.721637834|00#| work_queue_worker[1] wq: rx from master: put file-0-c6fe59e7bc34ad592758fbf1affd35b3-test.fasta.6 10110 0644 1
2019/11/25 18:07:50.72 #|1574705270.721714356|00#| work_queue_worker[1] wq: Putting file file-0-c6fe59e7bc34ad592758fbf1affd35b3-test.fasta.6 into workspace
2019/11/25 18:07:50.72 #|1574705270.722829865|00#| work_queue_worker[1] wq: rx from master: task 14
2019/11/25 18:07:50.72 #|1574705270.722873355|00#| work_queue_worker[1] wq: rx from master: cmd 85
2019/11/25 18:07:50.72 #|1574705270.722915548|00#| work_queue_worker[1] wq: rx from master: ./blastall -p blastn -d nt/nt -i test.fasta.6 -o test.fasta.6.out 2> test.fasta.6.err
2019/11/25 18:07:50.72 #|1574705270.722935158|00#| work_queue_worker[1] wq: rx from master: category default
2019/11/25 18:07:50.72 #|1574705270.722954434|00#| work_queue_worker[1] wq: rx from master: cores 4
2019/11/25 18:07:50.72 #|1574705270.722973452|00#| work_queue_worker[1] wq: rx from master: memory 7749
2019/11/25 18:07:50.72 #|1574705270.722992125|00#| work_queue_worker[1] wq: rx from master: disk 182954
2019/11/25 18:07:50.72 #|1574705270.723010552|00#| work_queue_worker[1] wq: rx from master: gpus 0
2019/11/25 18:07:50.72 #|1574705270.723029556|00#| work_queue_worker[1] wq: rx from master: end_time 18446744073709551615
2019/11/25 18:07:50.72 #|1574705270.723049787|00#| work_queue_worker[1] wq: rx from master: wall_time 18446744073709551615
2019/11/25 18:07:50.72 #|1574705270.723068770|00#| work_queue_worker[1] wq: rx from master: env 7
2019/11/25 18:07:50.72 #|1574705270.723135716|00#| work_queue_worker[1] wq: rx from master: env 17
2019/11/25 18:07:50.72 #|1574705270.723163917|00#| work_queue_worker[1] wq: rx from master: infile file-0-25930e3036f13852cb0b29694bbab611-nt nt 1
2019/11/25 18:07:50.72 #|1574705270.723205435|00#| work_queue_worker[1] wq: rx from master: infile file-0-c6fe59e7bc34ad592758fbf1affd35b3-test.fasta.6 test.fasta.6 1
2019/11/25 18:07:50.72 #|1574705270.723265264|00#| work_queue_worker[1] wq: rx from master: infile file-0-daa9c57850b857b80eefebbca6aa18ce-blastall blastall 1
2019/11/25 18:07:50.72 #|1574705270.723297653|00#| work_queue_worker[1] wq: rx from master: outfile file-0-bd9fd21e69318adb97979b465eda0063-test.fasta.6.err test.fasta.6.err 1
2019/11/25 18:07:50.72 #|1574705270.723330716|00#| work_queue_worker[1] wq: rx from master: outfile file-0-a7dc44bc794b29fe719284fc40dc98e9-test.fasta.6.out test.fasta.6.out 1
2019/11/25 18:07:50.72 #|1574705270.723361331|00#| work_queue_worker[1] wq: rx from master: end
2019/11/25 18:07:50.72 #|1574705270.723608962|00#| work_queue_worker[1] wq: linking cache/file-0-25930e3036f13852cb0b29694bbab611-nt to /tmp/worker-0-1/t.14/nt
2019/11/25 18:07:50.72 #|1574705270.724035957|00#| work_queue_worker[1] wq: linking cache/file-0-c6fe59e7bc34ad592758fbf1affd35b3-test.fasta.6 to /tmp/worker-0-1/t.14/test.fasta.6
2019/11/25 18:07:50.72 #|1574705270.724101770|00#| work_queue_worker[1] wq: linking cache/file-0-daa9c57850b857b80eefebbca6aa18ce-blastall to /tmp/worker-0-1/t.14/blastall
2019/11/25 18:07:50.72 #|1574705270.724386205|00#| work_queue_worker[1] wq: started process 20: ./blastall -p blastn -d nt/nt -i test.fasta.6 -o test.fasta.6.out 2> test.fasta.6.err
2019/11/25 18:07:50.72 #|1574705270.724435008|00#| work_queue_worker[1] wq: tx to master: info tasks_running 1
2019/11/25 18:08:00.48 #|1574705280.484579645|00#| work_queue_worker[1] wq: task 14 (pid 20) exited normally with exit code 0
2019/11/25 18:08:00.48 #|1574705280.484628435|00#| work_queue_worker[1] wq: moving output file from /tmp/worker-0-1/t.14/test.fasta.6.err to cache/file-0-bd9fd21e69318adb97979b465eda0063-test.fasta.6.err
2019/11/25 18:08:00.48 #|1574705280.484693769|00#| work_queue_worker[1] wq: moving output file from /tmp/worker-0-1/t.14/test.fasta.6.out to cache/file-0-a7dc44bc794b29fe719284fc40dc98e9-test.fasta.6.out
2019/11/25 18:08:00.50 #|1574705280.504372258|00#| work_queue_worker[1] wq: tx to master: available_results
2019/11/25 18:08:00.50 #|1574705280.505054756|00#| work_queue_worker[1] wq: rx from master: send_results -1
2019/11/25 18:08:00.50 #|1574705280.505139250|00#| work_queue_worker[1] wq: tx to master: result 0 0 0 9760433 14
2019/11/25 18:08:00.50 #|1574705280.505275959|00#| work_queue_worker[1] wq: tx to master: info tasks_running 0
2019/11/25 18:08:00.50 #|1574705280.505380735|00#| work_queue_worker[1] wq: tx to master: end
2019/11/25 18:08:00.50 #|1574705280.505866523|00#| work_queue_worker[1] wq: rx from master: get file-0-bd9fd21e69318adb97979b465eda0063-test.fasta.6.err 1
2019/11/25 18:08:00.50 #|1574705280.505949660|00#| work_queue_worker[1] wq: tx to master: file file-0-bd9fd21e69318adb97979b465eda0063-test.fasta.6.err 0
2019/11/25 18:08:00.50 #|1574705280.506059795|00#| work_queue_worker[1] wq: tx to master: end
2019/11/25 18:08:00.50 #|1574705280.506724346|00#| work_queue_worker[1] wq: rx from master: get file-0-a7dc44bc794b29fe719284fc40dc98e9-test.fasta.6.out 1
2019/11/25 18:08:00.50 #|1574705280.506779308|00#| work_queue_worker[1] wq: tx to master: file file-0-a7dc44bc794b29fe719284fc40dc98e9-test.fasta.6.out 43688
2019/11/25 18:08:00.50 #|1574705280.507153276|00#| work_queue_worker[1] wq: tx to master: end
2019/11/25 18:08:00.51 #|1574705280.511718827|00#| work_queue_worker[1] wq: rx from master: kill 14
2019/11/25 18:08:00.51 #|1574705280.512751176|00#| work_queue_worker[1] wq: rx from master: put file-0-c3a7eea4528f3888f4f96bb51f86b0ae-test.fasta.4 10110 0644 1
2019/11/25 18:08:00.51 #|1574705280.512844400|00#| work_queue_worker[1] wq: Putting file file-0-c3a7eea4528f3888f4f96bb51f86b0ae-test.fasta.4 into workspace
2019/11/25 18:08:00.51 #|1574705280.513606731|00#| work_queue_worker[1] wq: rx from master: task 16
2019/11/25 18:08:00.51 #|1574705280.513677826|00#| work_queue_worker[1] wq: rx from master: cmd 85
2019/11/25 18:08:00.51 #|1574705280.513707321|00#| work_queue_worker[1] wq: rx from master: ./blastall -p blastn -d nt/nt -i test.fasta.4 -o test.fasta.4.out 2> test.fasta.4.err
2019/11/25 18:08:00.51 #|1574705280.513729498|00#| work_queue_worker[1] wq: rx from master: category default
2019/11/25 18:08:00.51 #|1574705280.513752328|00#| work_queue_worker[1] wq: rx from master: cores 4
2019/11/25 18:08:00.51 #|1574705280.513775908|00#| work_queue_worker[1] wq: rx from master: memory 7749
2019/11/25 18:08:00.51 #|1574705280.513799248|00#| work_queue_worker[1] wq: rx from master: disk 182954
2019/11/25 18:08:00.51 #|1574705280.513822368|00#| work_queue_worker[1] wq: rx from master: gpus 0
2019/11/25 18:08:00.51 #|1574705280.513846380|00#| work_queue_worker[1] wq: rx from master: end_time 18446744073709551615
2019/11/25 18:08:00.51 #|1574705280.513871511|00#| work_queue_worker[1] wq: rx from master: wall_time 18446744073709551615
2019/11/25 18:08:00.51 #|1574705280.513895529|00#| work_queue_worker[1] wq: rx from master: env 7
2019/11/25 18:08:00.51 #|1574705280.513923926|00#| work_queue_worker[1] wq: rx from master: env 17
2019/11/25 18:08:00.51 #|1574705280.513950991|00#| work_queue_worker[1] wq: rx from master: infile file-0-25930e3036f13852cb0b29694bbab611-nt nt 1
2019/11/25 18:08:00.51 #|1574705280.513999036|00#| work_queue_worker[1] wq: rx from master: infile file-0-c3a7eea4528f3888f4f96bb51f86b0ae-test.fasta.4 test.fasta.4 1
2019/11/25 18:08:00.51 #|1574705280.514039887|00#| work_queue_worker[1] wq: rx from master: infile file-0-daa9c57850b857b80eefebbca6aa18ce-blastall blastall 1
2019/11/25 18:08:00.51 #|1574705280.514078504|00#| work_queue_worker[1] wq: rx from master: outfile file-0-18635fc52bb3486f8a2adce9d09bea64-test.fasta.4.err test.fasta.4.err 1
2019/11/25 18:08:00.51 #|1574705280.514119351|00#| work_queue_worker[1] wq: rx from master: outfile file-0-2ecda4a7153ec50ab6f3ee0f11be83e6-test.fasta.4.out test.fasta.4.out 1
2019/11/25 18:08:00.51 #|1574705280.514157287|00#| work_queue_worker[1] wq: rx from master: end
2019/11/25 18:08:00.51 #|1574705280.514370056|00#| work_queue_worker[1] wq: linking cache/file-0-25930e3036f13852cb0b29694bbab611-nt to /tmp/worker-0-1/t.16/nt
2019/11/25 18:08:00.51 #|1574705280.514886060|00#| work_queue_worker[1] wq: linking cache/file-0-c3a7eea4528f3888f4f96bb51f86b0ae-test.fasta.4 to /tmp/worker-0-1/t.16/test.fasta.4
2019/11/25 18:08:00.51 #|1574705280.514979196|00#| work_queue_worker[1] wq: linking cache/file-0-daa9c57850b857b80eefebbca6aa18ce-blastall to /tmp/worker-0-1/t.16/blastall
2019/11/25 18:08:00.51 #|1574705280.515328032|00#| work_queue_worker[1] wq: started process 22: ./blastall -p blastn -d nt/nt -i test.fasta.4 -o test.fasta.4.out 2> test.fasta.4.err
2019/11/25 18:08:00.51 #|1574705280.515473747|00#| work_queue_worker[1] wq: tx to master: info tasks_running 1
2019/11/25 18:08:09.86 #|1574705289.861606608|00#| work_queue_worker[1] wq: task 16 (pid 22) exited normally with exit code 0
2019/11/25 18:08:09.86 #|1574705289.861655777|00#| work_queue_worker[1] wq: moving output file from /tmp/worker-0-1/t.16/test.fasta.4.err to cache/file-0-18635fc52bb3486f8a2adce9d09bea64-test.fasta.4.err
2019/11/25 18:08:09.86 #|1574705289.861720707|00#| work_queue_worker[1] wq: moving output file from /tmp/worker-0-1/t.16/test.fasta.4.out to cache/file-0-2ecda4a7153ec50ab6f3ee0f11be83e6-test.fasta.4.out
2019/11/25 18:08:09.86 #|1574705289.861760469|00#| work_queue_worker[1] wq: tx to master: available_results
2019/11/25 18:08:09.86 #|1574705289.862245767|00#| work_queue_worker[1] wq: rx from master: send_results -1
2019/11/25 18:08:09.86 #|1574705289.862289244|00#| work_queue_worker[1] wq: tx to master: result 0 0 0 9346565 16
2019/11/25 18:08:09.86 #|1574705289.862349064|00#| work_queue_worker[1] wq: tx to master: info tasks_running 0
2019/11/25 18:08:09.86 #|1574705289.862402013|00#| work_queue_worker[1] wq: tx to master: end
2019/11/25 18:08:09.86 #|1574705289.862952784|00#| work_queue_worker[1] wq: rx from master: get file-0-18635fc52bb3486f8a2adce9d09bea64-test.fasta.4.err 1
2019/11/25 18:08:09.86 #|1574705289.863003672|00#| work_queue_worker[1] wq: tx to master: file file-0-18635fc52bb3486f8a2adce9d09bea64-test.fasta.4.err 0
2019/11/25 18:08:09.86 #|1574705289.863070719|00#| work_queue_worker[1] wq: tx to master: end
2019/11/25 18:08:09.86 #|1574705289.863590285|00#| work_queue_worker[1] wq: rx from master: get file-0-2ecda4a7153ec50ab6f3ee0f11be83e6-test.fasta.4.out 1
2019/11/25 18:08:09.86 #|1574705289.863649182|00#| work_queue_worker[1] wq: tx to master: file file-0-2ecda4a7153ec50ab6f3ee0f11be83e6-test.fasta.4.out 28822
2019/11/25 18:08:09.86 #|1574705289.863912162|00#| work_queue_worker[1] wq: tx to master: end
2019/11/25 18:08:09.86 #|1574705289.866967550|00#| work_queue_worker[1] wq: rx from master: kill 16
2019/11/25 18:08:09.89 #|1574705289.893774356|00#| work_queue_worker[1] wq: rx from master: put file-0-f7c60c99710a0f95199d7cf4150bb754-test.fasta.3 10110 0644 1
2019/11/25 18:08:09.89 #|1574705289.893990320|00#| work_queue_worker[1] wq: Putting file file-0-f7c60c99710a0f95199d7cf4150bb754-test.fasta.3 into workspace
2019/11/25 18:08:09.89 #|1574705289.894971556|00#| work_queue_worker[1] wq: rx from master: task 17
2019/11/25 18:08:09.89 #|1574705289.895077765|00#| work_queue_worker[1] wq: rx from master: cmd 85
2019/11/25 18:08:09.89 #|1574705289.895131657|00#| work_queue_worker[1] wq: rx from master: ./blastall -p blastn -d nt/nt -i test.fasta.3 -o test.fasta.3.out 2> test.fasta.3.err
2019/11/25 18:08:09.89 #|1574705289.895169575|00#| work_queue_worker[1] wq: rx from master: category default
2019/11/25 18:08:09.89 #|1574705289.895207424|00#| work_queue_worker[1] wq: rx from master: cores 4
2019/11/25 18:08:09.89 #|1574705289.895245409|00#| work_queue_worker[1] wq: rx from master: memory 7749
2019/11/25 18:08:09.89 #|1574705289.895280850|00#| work_queue_worker[1] wq: rx from master: disk 182954
2019/11/25 18:08:09.89 #|1574705289.895317895|00#| work_queue_worker[1] wq: rx from master: gpus 0
2019/11/25 18:08:09.89 #|1574705289.895355115|00#| work_queue_worker[1] wq: rx from master: end_time 18446744073709551615
2019/11/25 18:08:09.89 #|1574705289.895512714|00#| work_queue_worker[1] wq: rx from master: wall_time 18446744073709551615
2019/11/25 18:08:09.89 #|1574705289.895575323|00#| work_queue_worker[1] wq: rx from master: env 7
2019/11/25 18:08:09.89 #|1574705289.895608972|00#| work_queue_worker[1] wq: rx from master: env 17
2019/11/25 18:08:09.89 #|1574705289.895656425|00#| work_queue_worker[1] wq: rx from master: infile file-0-25930e3036f13852cb0b29694bbab611-nt nt 1
2019/11/25 18:08:09.89 #|1574705289.895710848|00#| work_queue_worker[1] wq: rx from master: infile file-0-f7c60c99710a0f95199d7cf4150bb754-test.fasta.3 test.fasta.3 1
2019/11/25 18:08:09.89 #|1574705289.895752035|00#| work_queue_worker[1] wq: rx from master: infile file-0-daa9c57850b857b80eefebbca6aa18ce-blastall blastall 1
2019/11/25 18:08:09.89 #|1574705289.895789381|00#| work_queue_worker[1] wq: rx from master: outfile file-0-302dccbdb24a28605e16f14de1f6102d-test.fasta.3.err test.fasta.3.err 1
2019/11/25 18:08:09.89 #|1574705289.895829923|00#| work_queue_worker[1] wq: rx from master: outfile file-0-caef36134f56070ec9bbb5a29c17bfcb-test.fasta.3.out test.fasta.3.out 1
2019/11/25 18:08:09.89 #|1574705289.895868063|00#| work_queue_worker[1] wq: rx from master: end
2019/11/25 18:08:09.89 #|1574705289.896128979|00#| work_queue_worker[1] wq: linking cache/file-0-25930e3036f13852cb0b29694bbab611-nt to /tmp/worker-0-1/t.17/nt
2019/11/25 18:08:09.89 #|1574705289.896665034|00#| work_queue_worker[1] wq: linking cache/file-0-f7c60c99710a0f95199d7cf4150bb754-test.fasta.3 to /tmp/worker-0-1/t.17/test.fasta.3
2019/11/25 18:08:09.89 #|1574705289.896746491|00#| work_queue_worker[1] wq: linking cache/file-0-daa9c57850b857b80eefebbca6aa18ce-blastall to /tmp/worker-0-1/t.17/blastall
2019/11/25 18:08:09.89 #|1574705289.897110168|00#| work_queue_worker[1] wq: started process 24: ./blastall -p blastn -d nt/nt -i test.fasta.3 -o test.fasta.3.out 2> test.fasta.3.err
2019/11/25 18:08:09.89 #|1574705289.897190410|00#| work_queue_worker[1] wq: tx to master: info tasks_running 1
2019/11/25 18:08:19.44 #|1574705299.445473848|00#| work_queue_worker[1] wq: task 17 (pid 24) exited normally with exit code 0
2019/11/25 18:08:19.44 #|1574705299.445525468|00#| work_queue_worker[1] wq: moving output file from /tmp/worker-0-1/t.17/test.fasta.3.err to cache/file-0-302dccbdb24a28605e16f14de1f6102d-test.fasta.3.err
2019/11/25 18:08:19.44 #|1574705299.445594748|00#| work_queue_worker[1] wq: moving output file from /tmp/worker-0-1/t.17/test.fasta.3.out to cache/file-0-caef36134f56070ec9bbb5a29c17bfcb-test.fasta.3.out
2019/11/25 18:08:19.46 #|1574705299.464289700|00#| work_queue_worker[1] wq: tx to master: available_results
2019/11/25 18:08:19.46 #|1574705299.464947435|00#| work_queue_worker[1] wq: rx from master: send_results -1
2019/11/25 18:08:19.46 #|1574705299.465023163|00#| work_queue_worker[1] wq: tx to master: result 0 0 0 9548664 17
2019/11/25 18:08:19.46 #|1574705299.465129784|00#| work_queue_worker[1] wq: tx to master: info tasks_running 0
2019/11/25 18:08:19.46 #|1574705299.465215367|00#| work_queue_worker[1] wq: tx to master: end
2019/11/25 18:08:19.46 #|1574705299.465708728|00#| work_queue_worker[1] wq: rx from master: get file-0-302dccbdb24a28605e16f14de1f6102d-test.fasta.3.err 1
2019/11/25 18:08:19.46 #|1574705299.465782433|00#| work_queue_worker[1] wq: tx to master: file file-0-302dccbdb24a28605e16f14de1f6102d-test.fasta.3.err 0
2019/11/25 18:08:19.46 #|1574705299.465879605|00#| work_queue_worker[1] wq: tx to master: end
2019/11/25 18:08:19.46 #|1574705299.466516441|00#| work_queue_worker[1] wq: rx from master: get file-0-caef36134f56070ec9bbb5a29c17bfcb-test.fasta.3.out 1
2019/11/25 18:08:19.46 #|1574705299.466581288|00#| work_queue_worker[1] wq: tx to master: file file-0-caef36134f56070ec9bbb5a29c17bfcb-test.fasta.3.out 24326
2019/11/25 18:08:19.46 #|1574705299.466908466|00#| work_queue_worker[1] wq: tx to master: end
2019/11/25 18:08:19.46 #|1574705299.469715742|00#| work_queue_worker[1] wq: rx from master: kill 17
2019/11/25 18:08:19.47 #|1574705299.470569461|00#| work_queue_worker[1] wq: rx from master: put file-0-21ce2e3623ee3a033739f28d47ebc2f3-test.fasta.1 10110 0644 1
2019/11/25 18:08:19.47 #|1574705299.470639702|00#| work_queue_worker[1] wq: Putting file file-0-21ce2e3623ee3a033739f28d47ebc2f3-test.fasta.1 into workspace
2019/11/25 18:08:19.47 #|1574705299.471578834|00#| work_queue_worker[1] wq: rx from master: task 19
2019/11/25 18:08:19.47 #|1574705299.471641572|00#| work_queue_worker[1] wq: rx from master: cmd 85
2019/11/25 18:08:19.47 #|1574705299.471671008|00#| work_queue_worker[1] wq: rx from master: ./blastall -p blastn -d nt/nt -i test.fasta.1 -o test.fasta.1.out 2> test.fasta.1.err
2019/11/25 18:08:19.47 #|1574705299.471692988|00#| work_queue_worker[1] wq: rx from master: category default
2019/11/25 18:08:19.47 #|1574705299.471716225|00#| work_queue_worker[1] wq: rx from master: cores 4
2019/11/25 18:08:19.47 #|1574705299.471740015|00#| work_queue_worker[1] wq: rx from master: memory 7749
2019/11/25 18:08:19.47 #|1574705299.471763373|00#| work_queue_worker[1] wq: rx from master: disk 182954
2019/11/25 18:08:19.47 #|1574705299.471786426|00#| work_queue_worker[1] wq: rx from master: gpus 0
2019/11/25 18:08:19.47 #|1574705299.471810231|00#| work_queue_worker[1] wq: rx from master: end_time 18446744073709551615
2019/11/25 18:08:19.47 #|1574705299.471835094|00#| work_queue_worker[1] wq: rx from master: wall_time 18446744073709551615
2019/11/25 18:08:19.47 #|1574705299.471858378|00#| work_queue_worker[1] wq: rx from master: env 7
2019/11/25 18:08:19.47 #|1574705299.471886300|00#| work_queue_worker[1] wq: rx from master: env 17
2019/11/25 18:08:19.47 #|1574705299.471914413|00#| work_queue_worker[1] wq: rx from master: infile file-0-25930e3036f13852cb0b29694bbab611-nt nt 1
2019/11/25 18:08:19.47 #|1574705299.471964756|00#| work_queue_worker[1] wq: rx from master: infile file-0-21ce2e3623ee3a033739f28d47ebc2f3-test.fasta.1 test.fasta.1 1
2019/11/25 18:08:19.47 #|1574705299.472005221|00#| work_queue_worker[1] wq: rx from master: infile file-0-daa9c57850b857b80eefebbca6aa18ce-blastall blastall 1
2019/11/25 18:08:19.47 #|1574705299.472043450|00#| work_queue_worker[1] wq: rx from master: outfile file-0-3ab9f1950a6d162e67ee5b12ea6e7807-test.fasta.1.err test.fasta.1.err 1
2019/11/25 18:08:19.47 #|1574705299.472084078|00#| work_queue_worker[1] wq: rx from master: outfile file-0-994988da6966ac76fa59fc30ca8c2cd9-test.fasta.1.out test.fasta.1.out 1
2019/11/25 18:08:19.47 #|1574705299.472121801|00#| work_queue_worker[1] wq: rx from master: end
2019/11/25 18:08:19.47 #|1574705299.472341392|00#| work_queue_worker[1] wq: linking cache/file-0-25930e3036f13852cb0b29694bbab611-nt to /tmp/worker-0-1/t.19/nt
2019/11/25 18:08:19.47 #|1574705299.472860606|00#| work_queue_worker[1] wq: linking cache/file-0-21ce2e3623ee3a033739f28d47ebc2f3-test.fasta.1 to /tmp/worker-0-1/t.19/test.fasta.1
2019/11/25 18:08:19.47 #|1574705299.472941353|00#| work_queue_worker[1] wq: linking cache/file-0-daa9c57850b857b80eefebbca6aa18ce-blastall to /tmp/worker-0-1/t.19/blastall
2019/11/25 18:08:19.47 #|1574705299.473283574|00#| work_queue_worker[1] wq: started process 26: ./blastall -p blastn -d nt/nt -i test.fasta.1 -o test.fasta.1.out 2> test.fasta.1.err
2019/11/25 18:08:19.47 #|1574705299.473353001|00#| work_queue_worker[1] wq: tx to master: info tasks_running 1
2019/11/25 18:08:28.94 #|1574705308.942163167|00#| work_queue_worker[1] wq: task 19 (pid 26) exited normally with exit code 0
2019/11/25 18:08:28.94 #|1574705308.942205637|00#| work_queue_worker[1] wq: moving output file from /tmp/worker-0-1/t.19/test.fasta.1.err to cache/file-0-3ab9f1950a6d162e67ee5b12ea6e7807-test.fasta.1.err
2019/11/25 18:08:28.94 #|1574705308.942271148|00#| work_queue_worker[1] wq: moving output file from /tmp/worker-0-1/t.19/test.fasta.1.out to cache/file-0-994988da6966ac76fa59fc30ca8c2cd9-test.fasta.1.out
2019/11/25 18:08:28.94 #|1574705308.942312636|00#| work_queue_worker[1] wq: tx to master: available_results
2019/11/25 18:08:28.94 #|1574705308.942816606|00#| work_queue_worker[1] wq: rx from master: send_results -1
2019/11/25 18:08:28.94 #|1574705308.942859850|00#| work_queue_worker[1] wq: tx to master: result 0 0 0 9469146 19
2019/11/25 18:08:28.94 #|1574705308.942949113|00#| work_queue_worker[1] wq: tx to master: info tasks_running 0
2019/11/25 18:08:28.94 #|1574705308.943015635|00#| work_queue_worker[1] wq: tx to master: end
2019/11/25 18:08:28.94 #|1574705308.943531920|00#| work_queue_worker[1] wq: rx from master: get file-0-3ab9f1950a6d162e67ee5b12ea6e7807-test.fasta.1.err 1
2019/11/25 18:08:28.94 #|1574705308.943602637|00#| work_queue_worker[1] wq: tx to master: file file-0-3ab9f1950a6d162e67ee5b12ea6e7807-test.fasta.1.err 0
2019/11/25 18:08:28.94 #|1574705308.943676523|00#| work_queue_worker[1] wq: tx to master: end
2019/11/25 18:08:28.94 #|1574705308.944263115|00#| work_queue_worker[1] wq: rx from master: get file-0-994988da6966ac76fa59fc30ca8c2cd9-test.fasta.1.out 1
2019/11/25 18:08:28.94 #|1574705308.944319121|00#| work_queue_worker[1] wq: tx to master: file file-0-994988da6966ac76fa59fc30ca8c2cd9-test.fasta.1.out 27543
2019/11/25 18:08:28.94 #|1574705308.944577769|00#| work_queue_worker[1] wq: tx to master: end
2019/11/25 18:08:28.94 #|1574705308.947668054|00#| work_queue_worker[1] wq: rx from master: kill 19
2019/11/25 18:08:28.94 #|1574705308.948387769|00#| work_queue_worker[1] wq: rx from master: put file-0-bd98410c4ed2bfaa95819f1849189081-test.fasta.18 10120 0644 1
2019/11/25 18:08:28.94 #|1574705308.948446341|00#| work_queue_worker[1] wq: Putting file file-0-bd98410c4ed2bfaa95819f1849189081-test.fasta.18 into workspace
2019/11/25 18:08:28.94 #|1574705308.949314956|00#| work_queue_worker[1] wq: rx from master: task 2
2019/11/25 18:08:28.94 #|1574705308.949365017|00#| work_queue_worker[1] wq: rx from master: cmd 88
2019/11/25 18:08:28.94 #|1574705308.949388899|00#| work_queue_worker[1] wq: rx from master: ./blastall -p blastn -d nt/nt -i test.fasta.18 -o test.fasta.18.out 2> test.fasta.18.err
2019/11/25 18:08:28.94 #|1574705308.949405969|00#| work_queue_worker[1] wq: rx from master: category default
2019/11/25 18:08:28.94 #|1574705308.949423526|00#| work_queue_worker[1] wq: rx from master: cores 4
2019/11/25 18:08:28.94 #|1574705308.949441810|00#| work_queue_worker[1] wq: rx from master: memory 7749
2019/11/25 18:08:28.94 #|1574705308.949459880|00#| work_queue_worker[1] wq: rx from master: disk 182954
2019/11/25 18:08:28.94 #|1574705308.949477742|00#| work_queue_worker[1] wq: rx from master: gpus 0
2019/11/25 18:08:28.94 #|1574705308.949496137|00#| work_queue_worker[1] wq: rx from master: end_time 18446744073709551615
2019/11/25 18:08:28.94 #|1574705308.949515641|00#| work_queue_worker[1] wq: rx from master: wall_time 18446744073709551615
2019/11/25 18:08:28.94 #|1574705308.949533792|00#| work_queue_worker[1] wq: rx from master: env 7
2019/11/25 18:08:28.94 #|1574705308.949555489|00#| work_queue_worker[1] wq: rx from master: env 17
2019/11/25 18:08:28.94 #|1574705308.949576313|00#| work_queue_worker[1] wq: rx from master: infile file-0-25930e3036f13852cb0b29694bbab611-nt nt 1
2019/11/25 18:08:28.94 #|1574705308.949614160|00#| work_queue_worker[1] wq: rx from master: infile file-0-bd98410c4ed2bfaa95819f1849189081-test.fasta.18 test.fasta.18 1
2019/11/25 18:08:28.94 #|1574705308.949645620|00#| work_queue_worker[1] wq: rx from master: infile file-0-daa9c57850b857b80eefebbca6aa18ce-blastall blastall 1
2019/11/25 18:08:28.94 #|1574705308.949674912|00#| work_queue_worker[1] wq: rx from master: outfile file-0-b3ca854c26233484c838ab6d3298229c-test.fasta.18.err test.fasta.18.err 1
2019/11/25 18:08:28.94 #|1574705308.949706040|00#| work_queue_worker[1] wq: rx from master: outfile file-0-c688af492b061abef62bf46ec43b64b2-test.fasta.18.out test.fasta.18.out 1
2019/11/25 18:08:28.94 #|1574705308.949735121|00#| work_queue_worker[1] wq: rx from master: end
2019/11/25 18:08:28.94 #|1574705308.949902269|00#| work_queue_worker[1] wq: linking cache/file-0-25930e3036f13852cb0b29694bbab611-nt to /tmp/worker-0-1/t.2/nt
2019/11/25 18:08:28.95 #|1574705308.950297634|00#| work_queue_worker[1] wq: linking cache/file-0-bd98410c4ed2bfaa95819f1849189081-test.fasta.18 to /tmp/worker-0-1/t.2/test.fasta.18
2019/11/25 18:08:28.95 #|1574705308.950359814|00#| work_queue_worker[1] wq: linking cache/file-0-daa9c57850b857b80eefebbca6aa18ce-blastall to /tmp/worker-0-1/t.2/blastall
2019/11/25 18:08:28.95 #|1574705308.950631307|00#| work_queue_worker[1] wq: started process 28: ./blastall -p blastn -d nt/nt -i test.fasta.18 -o test.fasta.18.out 2> test.fasta.18.err
2019/11/25 18:08:28.95 #|1574705308.950702323|00#| work_queue_worker[1] wq: tx to master: info tasks_running 1
2019/11/25 18:08:38.56 #|1574705318.567255325|00#| work_queue_worker[1] wq: task 2 (pid 28) exited normally with exit code 0
2019/11/25 18:08:38.56 #|1574705318.567298455|00#| work_queue_worker[1] wq: moving output file from /tmp/worker-0-1/t.2/test.fasta.18.err to cache/file-0-b3ca854c26233484c838ab6d3298229c-test.fasta.18.err
2019/11/25 18:08:38.56 #|1574705318.567361485|00#| work_queue_worker[1] wq: moving output file from /tmp/worker-0-1/t.2/test.fasta.18.out to cache/file-0-c688af492b061abef62bf46ec43b64b2-test.fasta.18.out
2019/11/25 18:08:38.58 #|1574705318.588351738|00#| work_queue_worker[1] wq: tx to master: available_results
2019/11/25 18:08:38.58 #|1574705318.589027177|00#| work_queue_worker[1] wq: rx from master: send_results -1
2019/11/25 18:08:38.58 #|1574705318.589100019|00#| work_queue_worker[1] wq: tx to master: result 0 0 0 9616851 2
2019/11/25 18:08:38.58 #|1574705318.589202127|00#| work_queue_worker[1] wq: tx to master: info tasks_running 0
2019/11/25 18:08:38.58 #|1574705318.589288930|00#| work_queue_worker[1] wq: tx to master: end
2019/11/25 18:08:38.58 #|1574705318.589839159|00#| work_queue_worker[1] wq: rx from master: get file-0-b3ca854c26233484c838ab6d3298229c-test.fasta.18.err 1
2019/11/25 18:08:38.58 #|1574705318.589910807|00#| work_queue_worker[1] wq: tx to master: file file-0-b3ca854c26233484c838ab6d3298229c-test.fasta.18.err 0
2019/11/25 18:08:38.58 #|1574705318.590007027|00#| work_queue_worker[1] wq: tx to master: end
2019/11/25 18:08:38.59 #|1574705318.590662094|00#| work_queue_worker[1] wq: rx from master: get file-0-c688af492b061abef62bf46ec43b64b2-test.fasta.18.out 1
2019/11/25 18:08:38.59 #|1574705318.590725132|00#| work_queue_worker[1] wq: tx to master: file file-0-c688af492b061abef62bf46ec43b64b2-test.fasta.18.out 40977
2019/11/25 18:08:38.59 #|1574705318.591027674|00#| work_queue_worker[1] wq: tx to master: end
2019/11/25 18:08:38.59 #|1574705318.595379345|00#| work_queue_worker[1] wq: rx from master: kill 2
2019/11/25 18:08:38.59 #|1574705318.596493218|00#| work_queue_worker[1] wq: rx from master: put file-0-91e2799df52756191dbca22d7b7cd23c-test.fasta.19 10120 0644 1
2019/11/25 18:08:38.59 #|1574705318.596580010|00#| work_queue_worker[1] wq: Putting file file-0-91e2799df52756191dbca22d7b7cd23c-test.fasta.19 into workspace
2019/11/25 18:08:38.59 #|1574705318.597358988|00#| work_queue_worker[1] wq: rx from master: task 1
2019/11/25 18:08:38.59 #|1574705318.597412917|00#| work_queue_worker[1] wq: rx from master: cmd 88
2019/11/25 18:08:38.59 #|1574705318.597442338|00#| work_queue_worker[1] wq: rx from master: ./blastall -p blastn -d nt/nt -i test.fasta.19 -o test.fasta.19.out 2> test.fasta.19.err
2019/11/25 18:08:38.59 #|1574705318.597464231|00#| work_queue_worker[1] wq: rx from master: category default
2019/11/25 18:08:38.59 #|1574705318.597487250|00#| work_queue_worker[1] wq: rx from master: cores 4
2019/11/25 18:08:38.59 #|1574705318.597510821|00#| work_queue_worker[1] wq: rx from master: memory 7749
2019/11/25 18:08:38.59 #|1574705318.597534191|00#| work_queue_worker[1] wq: rx from master: disk 182954
2019/11/25 18:08:38.59 #|1574705318.597557145|00#| work_queue_worker[1] wq: rx from master: gpus 0
2019/11/25 18:08:38.59 #|1574705318.597580873|00#| work_queue_worker[1] wq: rx from master: end_time 18446744073709551615
2019/11/25 18:08:38.59 #|1574705318.597606075|00#| work_queue_worker[1] wq: rx from master: wall_time 18446744073709551615
2019/11/25 18:08:38.59 #|1574705318.597629625|00#| work_queue_worker[1] wq: rx from master: env 7
2019/11/25 18:08:38.59 #|1574705318.597657784|00#| work_queue_worker[1] wq: rx from master: env 17
2019/11/25 18:08:38.59 #|1574705318.597684874|00#| work_queue_worker[1] wq: rx from master: infile file-0-25930e3036f13852cb0b29694bbab611-nt nt 1
2019/11/25 18:08:38.59 #|1574705318.597732083|00#| work_queue_worker[1] wq: rx from master: infile file-0-91e2799df52756191dbca22d7b7cd23c-test.fasta.19 test.fasta.19 1
2019/11/25 18:08:38.59 #|1574705318.597783638|00#| work_queue_worker[1] wq: rx from master: infile file-0-daa9c57850b857b80eefebbca6aa18ce-blastall blastall 1
2019/11/25 18:08:38.59 #|1574705318.597822743|00#| work_queue_worker[1] wq: rx from master: outfile file-0-8eab36096679637a447522c8eb5ec8c1-test.fasta.19.err test.fasta.19.err 1
2019/11/25 18:08:38.59 #|1574705318.597863673|00#| work_queue_worker[1] wq: rx from master: outfile file-0-9883c7748ac27d46878553d23e293154-test.fasta.19.out test.fasta.19.out 1
2019/11/25 18:08:38.59 #|1574705318.597901640|00#| work_queue_worker[1] wq: rx from master: end
2019/11/25 18:08:38.59 #|1574705318.598118588|00#| work_queue_worker[1] wq: linking cache/file-0-25930e3036f13852cb0b29694bbab611-nt to /tmp/worker-0-1/t.1/nt
2019/11/25 18:08:38.59 #|1574705318.598640509|00#| work_queue_worker[1] wq: linking cache/file-0-91e2799df52756191dbca22d7b7cd23c-test.fasta.19 to /tmp/worker-0-1/t.1/test.fasta.19
2019/11/25 18:08:38.59 #|1574705318.598721747|00#| work_queue_worker[1] wq: linking cache/file-0-daa9c57850b857b80eefebbca6aa18ce-blastall to /tmp/worker-0-1/t.1/blastall
2019/11/25 18:08:38.59 #|1574705318.599080024|00#| work_queue_worker[1] wq: started process 30: ./blastall -p blastn -d nt/nt -i test.fasta.19 -o test.fasta.19.out 2> test.fasta.19.err
2019/11/25 18:08:38.59 #|1574705318.599141045|00#| work_queue_worker[1] wq: tx to master: info tasks_running 1
2019/11/25 18:08:48.37 #|1574705328.378456800|00#| work_queue_worker[1] wq: task 1 (pid 30) exited normally with exit code 0
2019/11/25 18:08:48.37 #|1574705328.378499599|00#| work_queue_worker[1] wq: moving output file from /tmp/worker-0-1/t.1/test.fasta.19.err to cache/file-0-8eab36096679637a447522c8eb5ec8c1-test.fasta.19.err
2019/11/25 18:08:48.37 #|1574705328.378562471|00#| work_queue_worker[1] wq: moving output file from /tmp/worker-0-1/t.1/test.fasta.19.out to cache/file-0-9883c7748ac27d46878553d23e293154-test.fasta.19.out
2019/11/25 18:08:48.39 #|1574705328.396370987|00#| work_queue_worker[1] wq: tx to master: available_results
2019/11/25 18:08:48.39 #|1574705328.397048283|00#| work_queue_worker[1] wq: rx from master: send_results -1
2019/11/25 18:08:48.39 #|1574705328.397126920|00#| work_queue_worker[1] wq: tx to master: result 0 0 0 9779667 1
2019/11/25 18:08:48.39 #|1574705328.397221095|00#| work_queue_worker[1] wq: tx to master: info tasks_running 0
2019/11/25 18:08:48.39 #|1574705328.397321147|00#| work_queue_worker[1] wq: tx to master: end
2019/11/25 18:08:48.39 #|1574705328.397837105|00#| work_queue_worker[1] wq: rx from master: get file-0-8eab36096679637a447522c8eb5ec8c1-test.fasta.19.err 1
2019/11/25 18:08:48.39 #|1574705328.397914164|00#| work_queue_worker[1] wq: tx to master: file file-0-8eab36096679637a447522c8eb5ec8c1-test.fasta.19.err 0
2019/11/25 18:08:48.39 #|1574705328.398015145|00#| work_queue_worker[1] wq: tx to master: end
2019/11/25 18:08:48.39 #|1574705328.398630836|00#| work_queue_worker[1] wq: rx from master: get file-0-9883c7748ac27d46878553d23e293154-test.fasta.19.out 1
2019/11/25 18:08:48.39 #|1574705328.398698727|00#| work_queue_worker[1] wq: tx to master: file file-0-9883c7748ac27d46878553d23e293154-test.fasta.19.out 31186
2019/11/25 18:08:48.39 #|1574705328.399054019|00#| work_queue_worker[1] wq: tx to master: end
2019/11/25 18:08:48.40 #|1574705328.402282795|00#| work_queue_worker[1] wq: rx from master: kill 1
2019/11/25 18:08:53.34 #|1574705333.344300469|00#| work_queue_worker[1] wq: rx from master: release
2019/11/25 18:08:53.34 #|1574705333.344446883|00#| work_queue_worker[1] wq: released by master 10.0.159.5:1026.
2019/11/25 18:08:53.36 #|1574705333.364506594|00#| work_queue_worker[1] wq: cleaning workspace /tmp/worker-0-1
2019/11/25 18:08:53.52 #|1574705333.522895915|00#| work_queue_worker[1] wq: disconnecting from master 10.0.159.5:1026
2019/11/25 18:08:53.52 #|1574705333.523018528|00#| work_queue_worker[1] tcp: disconnected from 10.0.159.5 port 1026
2019/11/25 18:08:53.52 #|1574705333.523034346|00#| work_queue_worker[1] wq: killing all outstanding tasks
2019/11/25 18:08:53.52 #|1574705333.523078753|00#| work_queue_worker[1] wq: all data structures are clean
2019/11/25 18:08:54.52 #|1574705334.523370884|00#| work_queue_worker[1] tcp: connecting to 10.0.159.5 port 1026
