2019/11/22 20:16:22.40 #|1574453782.404323488|00#| work_queue_worker[1] debug: /root/cctools/bin/work_queue_worker version 8.0.0 DEVELOPMENT (released 2019-11-14 15:35:16 +0000)
2019/11/22 20:16:22.40 #|1574453782.404442195|00#| work_queue_worker[1] debug: Built by root@7e9ecba79f43 on 2019-11-14 15:35:16 +0000
2019/11/22 20:16:22.40 #|1574453782.404456128|00#| work_queue_worker[1] debug: System: Linux 7e9ecba79f43 5.0.0-32-generic #34~18.04.2-Ubuntu SMP Thu Oct 10 10:36:02 UTC 2019 x86_64 x86_64 x86_64 GNU/Linux
2019/11/22 20:16:22.40 #|1574453782.404465407|00#| work_queue_worker[1] debug: Configuration: --prefix /root/cctools
2019/11/22 20:16:22.40 #|1574453782.404656652|00#| work_queue_worker[1] wq: WORK_QUEUE_SANDBOX set to /tmp/worker-0-1.
2019/11/22 20:16:22.40 #|1574453782.405175609|00#| work_queue_worker[1] debug: error reading disk usage on directory: ./cache.
2019/11/22 20:16:22.40 #|1574453782.405222033|00#| work_queue_worker[1] dns: looking up name master
2019/11/22 20:16:22.40 #|1574453782.406041344|00#| work_queue_worker[1] dns: master is 10.0.106.11
2019/11/22 20:16:22.40 #|1574453782.406182025|00#| work_queue_worker[1] tcp: connecting to 10.0.106.11 port 1026
2019/11/22 20:16:22.41 #|1574453782.410656583|00#| work_queue_worker[1] tcp: made connection to 10.0.106.11 port 1026
2019/11/22 20:16:22.41 #|1574453782.410700352|00#| work_queue_worker[1] wq: connected to master master:1026 via local address 10.0.106.14:47892
2019/11/22 20:16:22.41 #|1574453782.410717612|00#| work_queue_worker[1] wq: preparing workspace /tmp/worker-0-1
2019/11/22 20:16:22.41 #|1574453782.410883212|00#| work_queue_worker[1] dns: looking up name 4cc2860d8949
2019/11/22 20:16:22.41 #|1574453782.410952106|00#| work_queue_worker[1] dns: 4cc2860d8949 is 10.0.106.14
2019/11/22 20:16:22.41 #|1574453782.410969594|00#| work_queue_worker[1] dns: looking up addr 10.0.106.14
2019/11/22 20:16:22.41 #|1574453782.411012076|00#| work_queue_worker[1] dns: 10.0.106.14 is 4cc2860d8949
2019/11/22 20:16:22.41 #|1574453782.411028332|00#| work_queue_worker[1] dns: finding my hostname: uname = 4cc2860d8949, address = 10.0.106.14, hostname = 4cc2860d8949
2019/11/22 20:16:22.41 #|1574453782.411047725|00#| work_queue_worker[1] wq: tx to master: workqueue 8 4cc2860d8949 Linux x86_64 8.0.0
2019/11/22 20:16:22.41 #|1574453782.411113475|00#| work_queue_worker[1] wq: tx to master: info worker-id worker-b6e630b2d3137bdfa1a75c91e61faa2d
2019/11/22 20:16:22.41 #|1574453782.411165333|00#| work_queue_worker[1] wq: tx to master: alive
2019/11/22 20:16:22.41 #|1574453782.411213384|00#| work_queue_worker[1] wq: Sending resource description to master:
2019/11/22 20:16:22.41 #|1574453782.411230768|00#| work_queue_worker[1] wq:  workers      0 inuse      1 total      1 smallest      1 largest
2019/11/22 20:16:22.41 #|1574453782.411278562|00#| work_queue_worker[1] wq:     disk      0 inuse 183119 total 183119 smallest 183119 largest
2019/11/22 20:16:22.41 #|1574453782.411780350|00#| work_queue_worker[1] wq:   memory      0 inuse   7749 total   7749 smallest   7749 largest
2019/11/22 20:16:22.41 #|1574453782.411832107|00#| work_queue_worker[1] wq:     gpus      0 inuse      0 total      0 smallest      0 largest
2019/11/22 20:16:22.41 #|1574453782.411875788|00#| work_queue_worker[1] wq:    cores      0 inuse      1 total      1 smallest      1 largest
2019/11/22 20:16:22.41 #|1574453782.411945283|00#| work_queue_worker[1] wq: tx to master: info end_of_resource_update 0
2019/11/22 20:16:22.41 #|1574453782.411986673|00#| work_queue_worker[1] wq: tx to master: info tasks_running 0
2019/11/22 20:16:22.41 #|1574453782.412005892|00#| work_queue_worker[1] wq: working for master at 10.0.106.11:1026.
2019/11/22 20:20:23.31 #|1574454023.317349808|00#| work_queue_worker[1] wq: rx from master: put file-0-25930e3036f13852cb0b29694bbab611-nt/taxdb.bti 14920392 0644 1
2019/11/22 20:20:23.31 #|1574454023.317838147|00#| work_queue_worker[1] wq: Putting file file-0-25930e3036f13852cb0b29694bbab611-nt/taxdb.bti into workspace
2019/11/22 20:20:24.63 #|1574454024.630755971|00#| work_queue_worker[1] wq: rx from master: put file-0-25930e3036f13852cb0b29694bbab611-nt/nt.nal 752 0644 1
2019/11/22 20:20:24.63 #|1574454024.630861216|00#| work_queue_worker[1] wq: Putting file file-0-25930e3036f13852cb0b29694bbab611-nt/nt.nal into workspace
2019/11/22 20:20:24.63 #|1574454024.630990890|00#| work_queue_worker[1] wq: rx from master: put file-0-25930e3036f13852cb0b29694bbab611-nt/nt.44.nni 27220 0644 1
2019/11/22 20:20:24.63 #|1574454024.631063541|00#| work_queue_worker[1] wq: Putting file file-0-25930e3036f13852cb0b29694bbab611-nt/nt.44.nni into workspace
2019/11/22 20:20:24.63 #|1574454024.633148740|00#| work_queue_worker[1] wq: rx from master: put file-0-25930e3036f13852cb0b29694bbab611-nt/nt.44.nog 3378248 0644 1
2019/11/22 20:20:24.63 #|1574454024.633213977|00#| work_queue_worker[1] wq: Putting file file-0-25930e3036f13852cb0b29694bbab611-nt/nt.44.nog into workspace
2019/11/22 20:20:24.93 #|1574454024.930627573|00#| work_queue_worker[1] wq: rx from master: put file-0-25930e3036f13852cb0b29694bbab611-nt/taxdb.btd 141628361 0644 1
2019/11/22 20:20:24.93 #|1574454024.930757608|00#| work_queue_worker[1] wq: Putting file file-0-25930e3036f13852cb0b29694bbab611-nt/taxdb.btd into workspace
2019/11/22 20:20:37.42 #|1574454037.424282545|00#| work_queue_worker[1] wq: rx from master: put file-0-25930e3036f13852cb0b29694bbab611-nt/nt.44.nhr 148534336 0644 1
2019/11/22 20:20:37.42 #|1574454037.424407382|00#| work_queue_worker[1] wq: Putting file file-0-25930e3036f13852cb0b29694bbab611-nt/nt.44.nhr into workspace
2019/11/22 20:20:50.51 #|1574454050.511823860|00#| work_queue_worker[1] wq: rx from master: put file-0-25930e3036f13852cb0b29694bbab611-nt/nt.44.nhi 338004 0644 1
2019/11/22 20:20:50.51 #|1574454050.511876097|00#| work_queue_worker[1] wq: Putting file file-0-25930e3036f13852cb0b29694bbab611-nt/nt.44.nhi into workspace
2019/11/22 20:20:50.52 #|1574454050.524053988|00#| work_queue_worker[1] wq: rx from master: put file-0-25930e3036f13852cb0b29694bbab611-nt/nt.44.nnd 6955488 0644 1
2019/11/22 20:20:50.52 #|1574454050.524122472|00#| work_queue_worker[1] wq: Putting file file-0-25930e3036f13852cb0b29694bbab611-nt/nt.44.nnd into workspace
2019/11/22 20:20:51.13 #|1574454051.136988681|00#| work_queue_worker[1] wq: rx from master: put file-0-25930e3036f13852cb0b29694bbab611-nt/nt.44.nhd 14869748 0644 1
2019/11/22 20:20:51.13 #|1574454051.137090939|00#| work_queue_worker[1] wq: Putting file file-0-25930e3036f13852cb0b29694bbab611-nt/nt.44.nhd into workspace
2019/11/22 20:20:52.44 #|1574454052.447534886|00#| work_queue_worker[1] wq: rx from master: put file-0-25930e3036f13852cb0b29694bbab611-nt/nt.44.nsq 974099786 0644 1
2019/11/22 20:20:52.44 #|1574454052.447684088|00#| work_queue_worker[1] wq: Putting file file-0-25930e3036f13852cb0b29694bbab611-nt/nt.44.nsq into workspace
2019/11/22 20:22:18.28 #|1574454138.285409861|00#| work_queue_worker[1] wq: rx from master: put file-0-25930e3036f13852cb0b29694bbab611-nt/nt.44.nin 10134740 0644 1
2019/11/22 20:22:18.28 #|1574454138.285545496|00#| work_queue_worker[1] wq: Putting file file-0-25930e3036f13852cb0b29694bbab611-nt/nt.44.nin into workspace
2019/11/22 20:22:19.17 #|1574454139.178071604|00#| work_queue_worker[1] wq: rx from master: put file-0-25930e3036f13852cb0b29694bbab611-nt/nt.44.nsi 764650 0644 1
2019/11/22 20:22:19.17 #|1574454139.178206423|00#| work_queue_worker[1] wq: Putting file file-0-25930e3036f13852cb0b29694bbab611-nt/nt.44.nsi into workspace
2019/11/22 20:22:19.24 #|1574454139.245365156|00#| work_queue_worker[1] wq: rx from master: put file-0-25930e3036f13852cb0b29694bbab611-nt/nt.44.nsd 33299557 0644 1
2019/11/22 20:22:19.24 #|1574454139.245483655|00#| work_queue_worker[1] wq: Putting file file-0-25930e3036f13852cb0b29694bbab611-nt/nt.44.nsd into workspace
2019/11/22 20:22:22.18 #|1574454142.180151437|00#| work_queue_worker[1] wq: rx from master: put file-0-861f258aeedab7469eb02fd8febc6d36-test.fasta.13 10120 0644 1
2019/11/22 20:22:22.18 #|1574454142.180287828|00#| work_queue_worker[1] wq: Putting file file-0-861f258aeedab7469eb02fd8febc6d36-test.fasta.13 into workspace
2019/11/22 20:22:22.18 #|1574454142.181133957|00#| work_queue_worker[1] wq: rx from master: put file-0-daa9c57850b857b80eefebbca6aa18ce-blastall 7687410 0755 1
2019/11/22 20:22:22.18 #|1574454142.181259835|00#| work_queue_worker[1] wq: Putting file file-0-daa9c57850b857b80eefebbca6aa18ce-blastall into workspace
2019/11/22 20:22:22.87 #|1574454142.876936962|00#| work_queue_worker[1] wq: rx from master: task 7
2019/11/22 20:22:22.87 #|1574454142.876998620|00#| work_queue_worker[1] wq: rx from master: cmd 88
2019/11/22 20:22:22.87 #|1574454142.877060384|00#| work_queue_worker[1] wq: rx from master: ./blastall -p blastn -d nt/nt -i test.fasta.13 -o test.fasta.13.out 2> test.fasta.13.err
2019/11/22 20:22:22.87 #|1574454142.877077628|00#| work_queue_worker[1] wq: rx from master: category default
2019/11/22 20:22:22.87 #|1574454142.877092712|00#| work_queue_worker[1] wq: rx from master: cores 1
2019/11/22 20:22:22.87 #|1574454142.877106846|00#| work_queue_worker[1] wq: rx from master: memory 7749
2019/11/22 20:22:22.87 #|1574454142.877130335|00#| work_queue_worker[1] wq: rx from master: disk 183119
2019/11/22 20:22:22.87 #|1574454142.877152824|00#| work_queue_worker[1] wq: rx from master: gpus 0
2019/11/22 20:22:22.87 #|1574454142.877182449|00#| work_queue_worker[1] wq: rx from master: end_time 18446744073709551615
2019/11/22 20:22:22.87 #|1574454142.877197990|00#| work_queue_worker[1] wq: rx from master: wall_time 18446744073709551615
2019/11/22 20:22:22.87 #|1574454142.877211723|00#| work_queue_worker[1] wq: rx from master: env 7
2019/11/22 20:22:22.87 #|1574454142.877228981|00#| work_queue_worker[1] wq: rx from master: env 17
2019/11/22 20:22:22.87 #|1574454142.877260853|00#| work_queue_worker[1] wq: rx from master: infile file-0-25930e3036f13852cb0b29694bbab611-nt nt 1
2019/11/22 20:22:22.87 #|1574454142.877315177|00#| work_queue_worker[1] wq: rx from master: infile file-0-861f258aeedab7469eb02fd8febc6d36-test.fasta.13 test.fasta.13 1
2019/11/22 20:22:22.87 #|1574454142.877340418|00#| work_queue_worker[1] wq: rx from master: infile file-0-daa9c57850b857b80eefebbca6aa18ce-blastall blastall 1
2019/11/22 20:22:22.87 #|1574454142.877391354|00#| work_queue_worker[1] wq: rx from master: outfile file-0-a1e084cfb47df79ee8a2d374c2d9abba-test.fasta.13.err test.fasta.13.err 1
2019/11/22 20:22:22.87 #|1574454142.877434699|00#| work_queue_worker[1] wq: rx from master: outfile file-0-dc058f4294b64abb0a149cc97b0d5b94-test.fasta.13.out test.fasta.13.out 1
2019/11/22 20:22:22.87 #|1574454142.877457715|00#| work_queue_worker[1] wq: rx from master: end
2019/11/22 20:22:22.87 #|1574454142.877707715|00#| work_queue_worker[1] wq: linking cache/file-0-25930e3036f13852cb0b29694bbab611-nt to /tmp/worker-0-1/t.7/nt
2019/11/22 20:22:22.87 #|1574454142.878203477|00#| work_queue_worker[1] wq: linking cache/file-0-861f258aeedab7469eb02fd8febc6d36-test.fasta.13 to /tmp/worker-0-1/t.7/test.fasta.13
2019/11/22 20:22:22.87 #|1574454142.878291380|00#| work_queue_worker[1] wq: linking cache/file-0-daa9c57850b857b80eefebbca6aa18ce-blastall to /tmp/worker-0-1/t.7/blastall
2019/11/22 20:22:22.87 #|1574454142.878342163|00#| work_queue_worker[1] wq: Waiting task 7 has been forsaken.
2019/11/22 20:22:22.87 #|1574454142.878366268|00#| work_queue_worker[1] wq: tx to master: alive
2019/11/22 20:22:22.87 #|1574454142.878444827|00#| work_queue_worker[1] wq: Sending resource description to master:
2019/11/22 20:22:22.87 #|1574454142.878460256|00#| work_queue_worker[1] wq:  workers      0 inuse      1 total      1 smallest      1 largest
2019/11/22 20:22:22.87 #|1574454142.878542982|00#| work_queue_worker[1] wq:     disk   1245 inuse 179587 total 179587 smallest 179587 largest
2019/11/22 20:22:22.87 #|1574454142.878606988|00#| work_queue_worker[1] wq:   memory      0 inuse   7749 total   7749 smallest   7749 largest
2019/11/22 20:22:22.87 #|1574454142.878672367|00#| work_queue_worker[1] wq:     gpus      0 inuse      0 total      0 smallest      0 largest
2019/11/22 20:22:22.87 #|1574454142.878732510|00#| work_queue_worker[1] wq:    cores      0 inuse      1 total      1 smallest      1 largest
2019/11/22 20:22:22.87 #|1574454142.878852472|00#| work_queue_worker[1] wq: tx to master: info end_of_resource_update 0
2019/11/22 20:22:22.87 #|1574454142.878922589|00#| work_queue_worker[1] wq: tx to master: info tasks_running 0
2019/11/22 20:22:22.87 #|1574454142.878979594|00#| work_queue_worker[1] wq: tx to master: info tasks_running 0
2019/11/22 20:22:22.87 #|1574454142.879048196|00#| work_queue_worker[1] wq: tx to master: available_results
2019/11/22 20:24:22.10 #|1574454262.103549592|00#| work_queue_worker[1] wq: rx from master: check
2019/11/22 20:24:22.10 #|1574454262.103608572|00#| work_queue_worker[1] wq: tx to master: alive
2019/11/22 20:24:22.10 #|1574454262.103735907|00#| work_queue_worker[1] wq: tx to master: info tasks_running 0
2019/11/22 20:24:22.62 #|1574454262.626639794|00#| work_queue_worker[1] wq: rx from master: send_results -1
2019/11/22 20:24:22.62 #|1574454262.626816187|00#| work_queue_worker[1] wq: tx to master: result 40 0 0 0 7
2019/11/22 20:24:22.62 #|1574454262.627041822|00#| work_queue_worker[1] wq: tx to master: info tasks_running 0
2019/11/22 20:24:22.62 #|1574454262.627223590|00#| work_queue_worker[1] wq: tx to master: end
2019/11/22 20:24:24.10 #|1574454264.106682520|00#| work_queue_worker[1] wq: rx from master: put file-0-c3a7eea4528f3888f4f96bb51f86b0ae-test.fasta.4 10110 0644 1
2019/11/22 20:24:24.10 #|1574454264.106872137|00#| work_queue_worker[1] wq: Putting file file-0-c3a7eea4528f3888f4f96bb51f86b0ae-test.fasta.4 into workspace
2019/11/22 20:24:24.10 #|1574454264.108382938|00#| work_queue_worker[1] wq: rx from master: task 16
2019/11/22 20:24:24.10 #|1574454264.108466091|00#| work_queue_worker[1] wq: rx from master: cmd 85
2019/11/22 20:24:24.10 #|1574454264.108497626|00#| work_queue_worker[1] wq: rx from master: ./blastall -p blastn -d nt/nt -i test.fasta.4 -o test.fasta.4.out 2> test.fasta.4.err
2019/11/22 20:24:24.10 #|1574454264.108521618|00#| work_queue_worker[1] wq: rx from master: category default
2019/11/22 20:24:24.10 #|1574454264.108547598|00#| work_queue_worker[1] wq: rx from master: cores 1
2019/11/22 20:24:24.10 #|1574454264.108573313|00#| work_queue_worker[1] wq: rx from master: memory 7749
2019/11/22 20:24:24.10 #|1574454264.108598855|00#| work_queue_worker[1] wq: rx from master: disk 179587
2019/11/22 20:24:24.10 #|1574454264.108624176|00#| work_queue_worker[1] wq: rx from master: gpus 0
2019/11/22 20:24:24.10 #|1574454264.108649878|00#| work_queue_worker[1] wq: rx from master: end_time 18446744073709551615
2019/11/22 20:24:24.10 #|1574454264.108676820|00#| work_queue_worker[1] wq: rx from master: wall_time 18446744073709551615
2019/11/22 20:24:24.10 #|1574454264.108702311|00#| work_queue_worker[1] wq: rx from master: env 7
2019/11/22 20:24:24.10 #|1574454264.108732089|00#| work_queue_worker[1] wq: rx from master: env 17
2019/11/22 20:24:24.10 #|1574454264.108762158|00#| work_queue_worker[1] wq: rx from master: infile file-0-25930e3036f13852cb0b29694bbab611-nt nt 1
2019/11/22 20:24:24.10 #|1574454264.108823348|00#| work_queue_worker[1] wq: rx from master: infile file-0-c3a7eea4528f3888f4f96bb51f86b0ae-test.fasta.4 test.fasta.4 1
2019/11/22 20:24:24.10 #|1574454264.108868387|00#| work_queue_worker[1] wq: rx from master: infile file-0-daa9c57850b857b80eefebbca6aa18ce-blastall blastall 1
2019/11/22 20:24:24.10 #|1574454264.108911171|00#| work_queue_worker[1] wq: rx from master: outfile file-0-18635fc52bb3486f8a2adce9d09bea64-test.fasta.4.err test.fasta.4.err 1
2019/11/22 20:24:24.10 #|1574454264.108966632|00#| work_queue_worker[1] wq: rx from master: outfile file-0-2ecda4a7153ec50ab6f3ee0f11be83e6-test.fasta.4.out test.fasta.4.out 1
2019/11/22 20:24:24.10 #|1574454264.109010729|00#| work_queue_worker[1] wq: rx from master: end
2019/11/22 20:24:24.10 #|1574454264.109296231|00#| work_queue_worker[1] wq: linking cache/file-0-25930e3036f13852cb0b29694bbab611-nt to /tmp/worker-0-1/t.16/nt
2019/11/22 20:24:24.10 #|1574454264.109871720|00#| work_queue_worker[1] wq: linking cache/file-0-c3a7eea4528f3888f4f96bb51f86b0ae-test.fasta.4 to /tmp/worker-0-1/t.16/test.fasta.4
2019/11/22 20:24:24.10 #|1574454264.109974230|00#| work_queue_worker[1] wq: linking cache/file-0-daa9c57850b857b80eefebbca6aa18ce-blastall to /tmp/worker-0-1/t.16/blastall
2019/11/22 20:24:24.11 #|1574454264.110044174|00#| work_queue_worker[1] wq: Waiting task 16 has been forsaken.
2019/11/22 20:24:24.11 #|1574454264.110071265|00#| work_queue_worker[1] wq: tx to master: alive
2019/11/22 20:24:24.11 #|1574454264.110175614|00#| work_queue_worker[1] wq: Sending resource description to master:
2019/11/22 20:24:24.11 #|1574454264.110203393|00#| work_queue_worker[1] wq:  workers      0 inuse      1 total      1 smallest      1 largest
2019/11/22 20:24:24.11 #|1574454264.110287760|00#| work_queue_worker[1] wq:     disk   1294 inuse 179242 total 179242 smallest 179242 largest
2019/11/22 20:24:24.11 #|1574454264.110370920|00#| work_queue_worker[1] wq:   memory      0 inuse   7749 total   7749 smallest   7749 largest
2019/11/22 20:24:24.11 #|1574454264.110460795|00#| work_queue_worker[1] wq:     gpus      0 inuse      0 total      0 smallest      0 largest
2019/11/22 20:24:24.11 #|1574454264.110544076|00#| work_queue_worker[1] wq:    cores      0 inuse      1 total      1 smallest      1 largest
2019/11/22 20:24:24.11 #|1574454264.110668225|00#| work_queue_worker[1] wq: tx to master: info end_of_resource_update 0
2019/11/22 20:24:24.11 #|1574454264.110747851|00#| work_queue_worker[1] wq: tx to master: info tasks_running 0
2019/11/22 20:24:24.11 #|1574454264.110826023|00#| work_queue_worker[1] wq: tx to master: info tasks_running 0
2019/11/22 20:24:24.11 #|1574454264.110905417|00#| work_queue_worker[1] wq: tx to master: available_results
2019/11/22 20:24:25.08 #|1574454265.82295446|00#| work_queue_worker[1] wq: rx from master: send_results -1
2019/11/22 20:24:25.08 #|1574454265.82336247|00#| work_queue_worker[1] wq: tx to master: result 40 0 0 0 16
2019/11/22 20:24:25.08 #|1574454265.82392204|00#| work_queue_worker[1] wq: tx to master: info tasks_running 0
2019/11/22 20:24:25.08 #|1574454265.82439761|00#| work_queue_worker[1] wq: tx to master: end
2019/11/22 20:24:25.08 #|1574454265.83117215|00#| work_queue_worker[1] wq: rx from master: put file-0-e046ec692c0ced962d3265bfe7245360-test.fasta.14 10120 0644 1
2019/11/22 20:24:25.08 #|1574454265.83163172|00#| work_queue_worker[1] wq: Putting file file-0-e046ec692c0ced962d3265bfe7245360-test.fasta.14 into workspace
2019/11/22 20:24:25.08 #|1574454265.84714592|00#| work_queue_worker[1] wq: rx from master: task 6
2019/11/22 20:24:25.08 #|1574454265.84753402|00#| work_queue_worker[1] wq: rx from master: cmd 88
2019/11/22 20:24:25.08 #|1574454265.84781060|00#| work_queue_worker[1] wq: rx from master: ./blastall -p blastn -d nt/nt -i test.fasta.14 -o test.fasta.14.out 2> test.fasta.14.err
2019/11/22 20:24:25.08 #|1574454265.84795489|00#| work_queue_worker[1] wq: rx from master: category default
2019/11/22 20:24:25.08 #|1574454265.84810397|00#| work_queue_worker[1] wq: rx from master: cores 1
2019/11/22 20:24:25.08 #|1574454265.84825371|00#| work_queue_worker[1] wq: rx from master: memory 7749
2019/11/22 20:24:25.08 #|1574454265.84840183|00#| work_queue_worker[1] wq: rx from master: disk 179242
2019/11/22 20:24:25.08 #|1574454265.84854708|00#| work_queue_worker[1] wq: rx from master: gpus 0
2019/11/22 20:24:25.08 #|1574454265.84869871|00#| work_queue_worker[1] wq: rx from master: end_time 18446744073709551615
2019/11/22 20:24:25.08 #|1574454265.84886000|00#| work_queue_worker[1] wq: rx from master: wall_time 18446744073709551615
2019/11/22 20:24:25.08 #|1574454265.84900976|00#| work_queue_worker[1] wq: rx from master: env 7
2019/11/22 20:24:25.08 #|1574454265.84918506|00#| work_queue_worker[1] wq: rx from master: env 17
2019/11/22 20:24:25.08 #|1574454265.84936106|00#| work_queue_worker[1] wq: rx from master: infile file-0-25930e3036f13852cb0b29694bbab611-nt nt 1
2019/11/22 20:24:25.08 #|1574454265.84963472|00#| work_queue_worker[1] wq: rx from master: infile file-0-e046ec692c0ced962d3265bfe7245360-test.fasta.14 test.fasta.14 1
2019/11/22 20:24:25.08 #|1574454265.84990230|00#| work_queue_worker[1] wq: rx from master: infile file-0-daa9c57850b857b80eefebbca6aa18ce-blastall blastall 1
2019/11/22 20:24:25.08 #|1574454265.85023726|00#| work_queue_worker[1] wq: rx from master: outfile file-0-5904a03317e7e6566913b82983b96829-test.fasta.14.err test.fasta.14.err 1
2019/11/22 20:24:25.08 #|1574454265.85051029|00#| work_queue_worker[1] wq: rx from master: outfile file-0-6e7fd2228b2f7120a5a28bea1aa8b41f-test.fasta.14.out test.fasta.14.out 1
2019/11/22 20:24:25.08 #|1574454265.85080306|00#| work_queue_worker[1] wq: rx from master: end
2019/11/22 20:24:25.08 #|1574454265.85234536|00#| work_queue_worker[1] wq: linking cache/file-0-25930e3036f13852cb0b29694bbab611-nt to /tmp/worker-0-1/t.6/nt
2019/11/22 20:24:25.08 #|1574454265.85610022|00#| work_queue_worker[1] wq: linking cache/file-0-e046ec692c0ced962d3265bfe7245360-test.fasta.14 to /tmp/worker-0-1/t.6/test.fasta.14
2019/11/22 20:24:25.08 #|1574454265.85678434|00#| work_queue_worker[1] wq: linking cache/file-0-daa9c57850b857b80eefebbca6aa18ce-blastall to /tmp/worker-0-1/t.6/blastall
2019/11/22 20:24:25.08 #|1574454265.85934161|00#| work_queue_worker[1] wq: started process 9: ./blastall -p blastn -d nt/nt -i test.fasta.14 -o test.fasta.14.out 2> test.fasta.14.err
2019/11/22 20:24:25.08 #|1574454265.86001565|00#| work_queue_worker[1] wq: tx to master: info tasks_running 1
2019/11/22 20:24:44.17 #|1574454284.170981861|00#| work_queue_worker[1] wq: task 6 (pid 9) exited normally with exit code 0
2019/11/22 20:24:44.17 #|1574454284.171195230|00#| work_queue_worker[1] wq: moving output file from /tmp/worker-0-1/t.6/test.fasta.14.err to cache/file-0-5904a03317e7e6566913b82983b96829-test.fasta.14.err
2019/11/22 20:24:44.17 #|1574454284.171345198|00#| work_queue_worker[1] wq: moving output file from /tmp/worker-0-1/t.6/test.fasta.14.out to cache/file-0-6e7fd2228b2f7120a5a28bea1aa8b41f-test.fasta.14.out
2019/11/22 20:24:44.17 #|1574454284.171495803|00#| work_queue_worker[1] wq: tx to master: available_results
2019/11/22 20:24:44.32 #|1574454284.325986594|00#| work_queue_worker[1] wq: rx from master: send_results -1
2019/11/22 20:24:44.32 #|1574454284.326048178|00#| work_queue_worker[1] wq: tx to master: result 0 0 0 19085418 6
2019/11/22 20:24:44.32 #|1574454284.326120379|00#| work_queue_worker[1] wq: tx to master: info tasks_running 0
2019/11/22 20:24:44.32 #|1574454284.326175878|00#| work_queue_worker[1] wq: tx to master: end
2019/11/22 20:24:44.32 #|1574454284.326679367|00#| work_queue_worker[1] wq: rx from master: get file-0-5904a03317e7e6566913b82983b96829-test.fasta.14.err 1
2019/11/22 20:24:44.32 #|1574454284.326723761|00#| work_queue_worker[1] wq: tx to master: file file-0-5904a03317e7e6566913b82983b96829-test.fasta.14.err 0
2019/11/22 20:24:44.32 #|1574454284.326783581|00#| work_queue_worker[1] wq: tx to master: end
2019/11/22 20:24:44.32 #|1574454284.327233828|00#| work_queue_worker[1] wq: rx from master: get file-0-6e7fd2228b2f7120a5a28bea1aa8b41f-test.fasta.14.out 1
2019/11/22 20:24:44.32 #|1574454284.327266247|00#| work_queue_worker[1] wq: tx to master: file file-0-6e7fd2228b2f7120a5a28bea1aa8b41f-test.fasta.14.out 18451
2019/11/22 20:24:44.32 #|1574454284.327461234|00#| work_queue_worker[1] wq: tx to master: end
2019/11/22 20:24:44.32 #|1574454284.329749734|00#| work_queue_worker[1] wq: rx from master: kill 6
2019/11/22 20:24:44.33 #|1574454284.336213870|00#| work_queue_worker[1] wq: rx from master: put file-0-3410183026126208c01eade572fb5bdf-test.fasta.8 10110 0644 1
2019/11/22 20:24:44.33 #|1574454284.336294754|00#| work_queue_worker[1] wq: Putting file file-0-3410183026126208c01eade572fb5bdf-test.fasta.8 into workspace
2019/11/22 20:24:44.33 #|1574454284.337119561|00#| work_queue_worker[1] wq: rx from master: task 12
2019/11/22 20:24:44.33 #|1574454284.337171847|00#| work_queue_worker[1] wq: rx from master: cmd 85
2019/11/22 20:24:44.33 #|1574454284.337196239|00#| work_queue_worker[1] wq: rx from master: ./blastall -p blastn -d nt/nt -i test.fasta.8 -o test.fasta.8.out 2> test.fasta.8.err
2019/11/22 20:24:44.33 #|1574454284.337209377|00#| work_queue_worker[1] wq: rx from master: category default
2019/11/22 20:24:44.33 #|1574454284.337230118|00#| work_queue_worker[1] wq: rx from master: cores 1
2019/11/22 20:24:44.33 #|1574454284.337274558|00#| work_queue_worker[1] wq: rx from master: memory 7749
2019/11/22 20:24:44.33 #|1574454284.337316056|00#| work_queue_worker[1] wq: rx from master: disk 179242
2019/11/22 20:24:44.33 #|1574454284.337332896|00#| work_queue_worker[1] wq: rx from master: gpus 0
2019/11/22 20:24:44.33 #|1574454284.337346968|00#| work_queue_worker[1] wq: rx from master: end_time 18446744073709551615
2019/11/22 20:24:44.33 #|1574454284.337361183|00#| work_queue_worker[1] wq: rx from master: wall_time 18446744073709551615
2019/11/22 20:24:44.33 #|1574454284.337374730|00#| work_queue_worker[1] wq: rx from master: env 7
2019/11/22 20:24:44.33 #|1574454284.337390551|00#| work_queue_worker[1] wq: rx from master: env 17
2019/11/22 20:24:44.33 #|1574454284.337406746|00#| work_queue_worker[1] wq: rx from master: infile file-0-25930e3036f13852cb0b29694bbab611-nt nt 1
2019/11/22 20:24:44.33 #|1574454284.337440973|00#| work_queue_worker[1] wq: rx from master: infile file-0-3410183026126208c01eade572fb5bdf-test.fasta.8 test.fasta.8 1
2019/11/22 20:24:44.33 #|1574454284.337465231|00#| work_queue_worker[1] wq: rx from master: infile file-0-daa9c57850b857b80eefebbca6aa18ce-blastall blastall 1
2019/11/22 20:24:44.33 #|1574454284.337488348|00#| work_queue_worker[1] wq: rx from master: outfile file-0-377034d337ce566c4f64a77efabc1f23-test.fasta.8.err test.fasta.8.err 1
2019/11/22 20:24:44.33 #|1574454284.337512030|00#| work_queue_worker[1] wq: rx from master: outfile file-0-599ca89112d700f3c1cc921c2abd9aaa-test.fasta.8.out test.fasta.8.out 1
2019/11/22 20:24:44.33 #|1574454284.337534961|00#| work_queue_worker[1] wq: rx from master: end
2019/11/22 20:24:44.33 #|1574454284.337675559|00#| work_queue_worker[1] wq: linking cache/file-0-25930e3036f13852cb0b29694bbab611-nt to /tmp/worker-0-1/t.12/nt
2019/11/22 20:24:44.33 #|1574454284.338008572|00#| work_queue_worker[1] wq: linking cache/file-0-3410183026126208c01eade572fb5bdf-test.fasta.8 to /tmp/worker-0-1/t.12/test.fasta.8
2019/11/22 20:24:44.33 #|1574454284.338070819|00#| work_queue_worker[1] wq: linking cache/file-0-daa9c57850b857b80eefebbca6aa18ce-blastall to /tmp/worker-0-1/t.12/blastall
2019/11/22 20:24:44.33 #|1574454284.338328488|00#| work_queue_worker[1] wq: started process 11: ./blastall -p blastn -d nt/nt -i test.fasta.8 -o test.fasta.8.out 2> test.fasta.8.err
2019/11/22 20:24:44.33 #|1574454284.338383186|00#| work_queue_worker[1] wq: tx to master: info tasks_running 1
2019/11/22 20:25:02.78 #|1574454302.782723182|00#| work_queue_worker[1] wq: task 12 (pid 11) exited normally with exit code 0
2019/11/22 20:25:02.78 #|1574454302.782910055|00#| work_queue_worker[1] wq: moving output file from /tmp/worker-0-1/t.12/test.fasta.8.err to cache/file-0-377034d337ce566c4f64a77efabc1f23-test.fasta.8.err
2019/11/22 20:25:02.78 #|1574454302.783033028|00#| work_queue_worker[1] wq: moving output file from /tmp/worker-0-1/t.12/test.fasta.8.out to cache/file-0-599ca89112d700f3c1cc921c2abd9aaa-test.fasta.8.out
2019/11/22 20:25:02.78 #|1574454302.783114523|00#| work_queue_worker[1] wq: tx to master: available_results
2019/11/22 20:25:02.88 #|1574454302.883580956|00#| work_queue_worker[1] wq: rx from master: send_results -1
2019/11/22 20:25:02.88 #|1574454302.883663050|00#| work_queue_worker[1] wq: tx to master: result 0 0 0 18444748 12
2019/11/22 20:25:02.88 #|1574454302.883743152|00#| work_queue_worker[1] wq: tx to master: info tasks_running 0
2019/11/22 20:25:02.88 #|1574454302.883796977|00#| work_queue_worker[1] wq: tx to master: end
2019/11/22 20:25:02.88 #|1574454302.884293425|00#| work_queue_worker[1] wq: rx from master: get file-0-377034d337ce566c4f64a77efabc1f23-test.fasta.8.err 1
2019/11/22 20:25:02.88 #|1574454302.884337012|00#| work_queue_worker[1] wq: tx to master: file file-0-377034d337ce566c4f64a77efabc1f23-test.fasta.8.err 0
2019/11/22 20:25:02.88 #|1574454302.884396535|00#| work_queue_worker[1] wq: tx to master: end
2019/11/22 20:25:02.88 #|1574454302.884936854|00#| work_queue_worker[1] wq: rx from master: get file-0-599ca89112d700f3c1cc921c2abd9aaa-test.fasta.8.out 1
2019/11/22 20:25:02.88 #|1574454302.884969923|00#| work_queue_worker[1] wq: tx to master: file file-0-599ca89112d700f3c1cc921c2abd9aaa-test.fasta.8.out 20887
2019/11/22 20:25:02.88 #|1574454302.885120304|00#| work_queue_worker[1] wq: tx to master: end
2019/11/22 20:25:02.88 #|1574454302.887487070|00#| work_queue_worker[1] wq: rx from master: kill 12
2019/11/22 20:25:02.88 #|1574454302.888124369|00#| work_queue_worker[1] wq: rx from master: put file-0-c6fe59e7bc34ad592758fbf1affd35b3-test.fasta.6 10110 0644 1
2019/11/22 20:25:02.88 #|1574454302.888166975|00#| work_queue_worker[1] wq: Putting file file-0-c6fe59e7bc34ad592758fbf1affd35b3-test.fasta.6 into workspace
2019/11/22 20:25:02.88 #|1574454302.889310138|00#| work_queue_worker[1] wq: rx from master: task 14
2019/11/22 20:25:02.88 #|1574454302.889341969|00#| work_queue_worker[1] wq: rx from master: cmd 85
2019/11/22 20:25:02.88 #|1574454302.889363575|00#| work_queue_worker[1] wq: rx from master: ./blastall -p blastn -d nt/nt -i test.fasta.6 -o test.fasta.6.out 2> test.fasta.6.err
2019/11/22 20:25:02.88 #|1574454302.889378233|00#| work_queue_worker[1] wq: rx from master: category default
2019/11/22 20:25:02.88 #|1574454302.889394066|00#| work_queue_worker[1] wq: rx from master: cores 1
2019/11/22 20:25:02.88 #|1574454302.889410169|00#| work_queue_worker[1] wq: rx from master: memory 7749
2019/11/22 20:25:02.88 #|1574454302.889426049|00#| work_queue_worker[1] wq: rx from master: disk 179242
2019/11/22 20:25:02.88 #|1574454302.889441893|00#| work_queue_worker[1] wq: rx from master: gpus 0
2019/11/22 20:25:02.88 #|1574454302.889457893|00#| work_queue_worker[1] wq: rx from master: end_time 18446744073709551615
2019/11/22 20:25:02.88 #|1574454302.889475150|00#| work_queue_worker[1] wq: rx from master: wall_time 18446744073709551615
2019/11/22 20:25:02.88 #|1574454302.889490789|00#| work_queue_worker[1] wq: rx from master: env 7
2019/11/22 20:25:02.88 #|1574454302.889509290|00#| work_queue_worker[1] wq: rx from master: env 17
2019/11/22 20:25:02.88 #|1574454302.889558962|00#| work_queue_worker[1] wq: rx from master: infile file-0-25930e3036f13852cb0b29694bbab611-nt nt 1
2019/11/22 20:25:02.88 #|1574454302.889595636|00#| work_queue_worker[1] wq: rx from master: infile file-0-c6fe59e7bc34ad592758fbf1affd35b3-test.fasta.6 test.fasta.6 1
2019/11/22 20:25:02.88 #|1574454302.889623984|00#| work_queue_worker[1] wq: rx from master: infile file-0-daa9c57850b857b80eefebbca6aa18ce-blastall blastall 1
2019/11/22 20:25:02.88 #|1574454302.889650692|00#| work_queue_worker[1] wq: rx from master: outfile file-0-bd9fd21e69318adb97979b465eda0063-test.fasta.6.err test.fasta.6.err 1
2019/11/22 20:25:02.88 #|1574454302.889677976|00#| work_queue_worker[1] wq: rx from master: outfile file-0-a7dc44bc794b29fe719284fc40dc98e9-test.fasta.6.out test.fasta.6.out 1
2019/11/22 20:25:02.88 #|1574454302.889704686|00#| work_queue_worker[1] wq: rx from master: end
2019/11/22 20:25:02.88 #|1574454302.889850641|00#| work_queue_worker[1] wq: linking cache/file-0-25930e3036f13852cb0b29694bbab611-nt to /tmp/worker-0-1/t.14/nt
2019/11/22 20:25:02.89 #|1574454302.890222671|00#| work_queue_worker[1] wq: linking cache/file-0-c6fe59e7bc34ad592758fbf1affd35b3-test.fasta.6 to /tmp/worker-0-1/t.14/test.fasta.6
2019/11/22 20:25:02.89 #|1574454302.890273940|00#| work_queue_worker[1] wq: linking cache/file-0-daa9c57850b857b80eefebbca6aa18ce-blastall to /tmp/worker-0-1/t.14/blastall
2019/11/22 20:25:02.89 #|1574454302.890502737|00#| work_queue_worker[1] wq: started process 13: ./blastall -p blastn -d nt/nt -i test.fasta.6 -o test.fasta.6.out 2> test.fasta.6.err
2019/11/22 20:25:02.89 #|1574454302.890547131|00#| work_queue_worker[1] wq: tx to master: info tasks_running 1
2019/11/22 20:25:22.33 #|1574454322.336986996|00#| work_queue_worker[1] wq: task 14 (pid 13) exited normally with exit code 0
2019/11/22 20:25:22.33 #|1574454322.337167057|00#| work_queue_worker[1] wq: moving output file from /tmp/worker-0-1/t.14/test.fasta.6.err to cache/file-0-bd9fd21e69318adb97979b465eda0063-test.fasta.6.err
2019/11/22 20:25:22.33 #|1574454322.337300485|00#| work_queue_worker[1] wq: moving output file from /tmp/worker-0-1/t.14/test.fasta.6.out to cache/file-0-a7dc44bc794b29fe719284fc40dc98e9-test.fasta.6.out
2019/11/22 20:25:22.35 #|1574454322.355840555|00#| work_queue_worker[1] wq: tx to master: available_results
2019/11/22 20:25:22.37 #|1574454322.373904700|00#| work_queue_worker[1] wq: rx from master: send_results -1
2019/11/22 20:25:22.37 #|1574454322.373965405|00#| work_queue_worker[1] wq: tx to master: result 0 0 0 19446814 14
2019/11/22 20:25:22.37 #|1574454322.374039113|00#| work_queue_worker[1] wq: tx to master: info tasks_running 0
2019/11/22 20:25:22.37 #|1574454322.374091385|00#| work_queue_worker[1] wq: tx to master: end
2019/11/22 20:25:22.37 #|1574454322.374552247|00#| work_queue_worker[1] wq: rx from master: get file-0-bd9fd21e69318adb97979b465eda0063-test.fasta.6.err 1
2019/11/22 20:25:22.37 #|1574454322.374594859|00#| work_queue_worker[1] wq: tx to master: file file-0-bd9fd21e69318adb97979b465eda0063-test.fasta.6.err 0
2019/11/22 20:25:22.37 #|1574454322.374653060|00#| work_queue_worker[1] wq: tx to master: end
2019/11/22 20:25:22.37 #|1574454322.375104888|00#| work_queue_worker[1] wq: rx from master: get file-0-a7dc44bc794b29fe719284fc40dc98e9-test.fasta.6.out 1
2019/11/22 20:25:22.37 #|1574454322.375138156|00#| work_queue_worker[1] wq: tx to master: file file-0-a7dc44bc794b29fe719284fc40dc98e9-test.fasta.6.out 43688
2019/11/22 20:25:22.37 #|1574454322.375356013|00#| work_queue_worker[1] wq: tx to master: end
2019/11/22 20:25:22.37 #|1574454322.379918362|00#| work_queue_worker[1] wq: rx from master: kill 14
2019/11/22 20:25:22.38 #|1574454322.380786340|00#| work_queue_worker[1] wq: rx from master: task 16
2019/11/22 20:25:22.38 #|1574454322.380816129|00#| work_queue_worker[1] wq: rx from master: cmd 85
2019/11/22 20:25:22.38 #|1574454322.380835823|00#| work_queue_worker[1] wq: rx from master: ./blastall -p blastn -d nt/nt -i test.fasta.4 -o test.fasta.4.out 2> test.fasta.4.err
2019/11/22 20:25:22.38 #|1574454322.380849562|00#| work_queue_worker[1] wq: rx from master: category default
2019/11/22 20:25:22.38 #|1574454322.380872405|00#| work_queue_worker[1] wq: rx from master: cores 1
2019/11/22 20:25:22.38 #|1574454322.380888916|00#| work_queue_worker[1] wq: rx from master: memory 7749
2019/11/22 20:25:22.38 #|1574454322.380904413|00#| work_queue_worker[1] wq: rx from master: disk 179242
2019/11/22 20:25:22.38 #|1574454322.380919816|00#| work_queue_worker[1] wq: rx from master: gpus 0
2019/11/22 20:25:22.38 #|1574454322.380935374|00#| work_queue_worker[1] wq: rx from master: end_time 18446744073709551615
2019/11/22 20:25:22.38 #|1574454322.381096900|00#| work_queue_worker[1] wq: rx from master: wall_time 18446744073709551615
2019/11/22 20:25:22.38 #|1574454322.381116091|00#| work_queue_worker[1] wq: rx from master: env 7
2019/11/22 20:25:22.38 #|1574454322.381135633|00#| work_queue_worker[1] wq: rx from master: env 17
2019/11/22 20:25:22.38 #|1574454322.381154212|00#| work_queue_worker[1] wq: rx from master: infile file-0-25930e3036f13852cb0b29694bbab611-nt nt 1
2019/11/22 20:25:22.38 #|1574454322.381187067|00#| work_queue_worker[1] wq: rx from master: infile file-0-c3a7eea4528f3888f4f96bb51f86b0ae-test.fasta.4 test.fasta.4 1
2019/11/22 20:25:22.38 #|1574454322.381214721|00#| work_queue_worker[1] wq: rx from master: infile file-0-daa9c57850b857b80eefebbca6aa18ce-blastall blastall 1
2019/11/22 20:25:22.38 #|1574454322.381240590|00#| work_queue_worker[1] wq: rx from master: outfile file-0-18635fc52bb3486f8a2adce9d09bea64-test.fasta.4.err test.fasta.4.err 1
2019/11/22 20:25:22.38 #|1574454322.381267602|00#| work_queue_worker[1] wq: rx from master: outfile file-0-2ecda4a7153ec50ab6f3ee0f11be83e6-test.fasta.4.out test.fasta.4.out 1
2019/11/22 20:25:22.38 #|1574454322.381293817|00#| work_queue_worker[1] wq: rx from master: end
2019/11/22 20:25:22.38 #|1574454322.381413461|00#| work_queue_worker[1] wq: linking cache/file-0-25930e3036f13852cb0b29694bbab611-nt to /tmp/worker-0-1/t.16/nt
2019/11/22 20:25:22.38 #|1574454322.381512272|00#| work_queue_worker[1] wq: linking cache/file-0-c3a7eea4528f3888f4f96bb51f86b0ae-test.fasta.4 to /tmp/worker-0-1/t.16/test.fasta.4
2019/11/22 20:25:22.38 #|1574454322.381559439|00#| work_queue_worker[1] wq: linking cache/file-0-daa9c57850b857b80eefebbca6aa18ce-blastall to /tmp/worker-0-1/t.16/blastall
2019/11/22 20:25:22.38 #|1574454322.381785195|00#| work_queue_worker[1] wq: started process 15: ./blastall -p blastn -d nt/nt -i test.fasta.4 -o test.fasta.4.out 2> test.fasta.4.err
2019/11/22 20:25:22.38 #|1574454322.381831216|00#| work_queue_worker[1] wq: tx to master: info tasks_running 1
2019/11/22 20:25:33.66 #|1574454333.664687958|00#| work_queue_worker[1] wq: task 16 (pid 15) exited normally with exit code 0
2019/11/22 20:25:33.66 #|1574454333.664724939|00#| work_queue_worker[1] wq: moving output file from /tmp/worker-0-1/t.16/test.fasta.4.err to cache/file-0-18635fc52bb3486f8a2adce9d09bea64-test.fasta.4.err
2019/11/22 20:25:33.66 #|1574454333.664790725|00#| work_queue_worker[1] wq: moving output file from /tmp/worker-0-1/t.16/test.fasta.4.out to cache/file-0-2ecda4a7153ec50ab6f3ee0f11be83e6-test.fasta.4.out
2019/11/22 20:25:33.66 #|1574454333.664834040|00#| work_queue_worker[1] wq: tx to master: available_results
2019/11/22 20:25:33.66 #|1574454333.665331899|00#| work_queue_worker[1] wq: rx from master: send_results -1
2019/11/22 20:25:33.66 #|1574454333.665366973|00#| work_queue_worker[1] wq: tx to master: result 0 0 0 11283091 16
2019/11/22 20:25:33.66 #|1574454333.665407832|00#| work_queue_worker[1] wq: tx to master: info tasks_running 0
2019/11/22 20:25:33.66 #|1574454333.665445301|00#| work_queue_worker[1] wq: tx to master: end
2019/11/22 20:25:33.66 #|1574454333.665912486|00#| work_queue_worker[1] wq: rx from master: get file-0-18635fc52bb3486f8a2adce9d09bea64-test.fasta.4.err 1
2019/11/22 20:25:33.66 #|1574454333.665940136|00#| work_queue_worker[1] wq: tx to master: file file-0-18635fc52bb3486f8a2adce9d09bea64-test.fasta.4.err 0
2019/11/22 20:25:33.66 #|1574454333.665979539|00#| work_queue_worker[1] wq: tx to master: end
2019/11/22 20:25:33.66 #|1574454333.666443240|00#| work_queue_worker[1] wq: rx from master: get file-0-2ecda4a7153ec50ab6f3ee0f11be83e6-test.fasta.4.out 1
2019/11/22 20:25:33.66 #|1574454333.666465448|00#| work_queue_worker[1] wq: tx to master: file file-0-2ecda4a7153ec50ab6f3ee0f11be83e6-test.fasta.4.out 28822
2019/11/22 20:25:33.66 #|1574454333.666604625|00#| work_queue_worker[1] wq: tx to master: end
2019/11/22 20:25:33.66 #|1574454333.669682024|00#| work_queue_worker[1] wq: rx from master: kill 16
2019/11/22 20:25:35.72 #|1574454335.727626075|00#| work_queue_worker[1] wq: rx from master: release
2019/11/22 20:25:35.72 #|1574454335.727672144|00#| work_queue_worker[1] wq: released by master 10.0.106.11:1026.
2019/11/22 20:25:35.72 #|1574454335.727692694|00#| work_queue_worker[1] wq: cleaning workspace /tmp/worker-0-1
2019/11/22 20:25:35.95 #|1574454335.951879400|00#| work_queue_worker[1] wq: disconnecting from master 10.0.106.11:1026
2019/11/22 20:25:35.95 #|1574454335.951946897|00#| work_queue_worker[1] tcp: disconnected from 10.0.106.11 port 1026
2019/11/22 20:25:35.95 #|1574454335.951971025|00#| work_queue_worker[1] wq: killing all outstanding tasks
2019/11/22 20:25:35.95 #|1574454335.951996299|00#| work_queue_worker[1] wq: all data structures are clean
