2019/11/27 12:25:49.22 work_queue_worker[1] debug: /home/cctools_BRUNO_bin/bin/work_queue_worker version 8.0.0 DEVELOPMENT (released 2019-11-06 16:35:57 +0000)
2019/11/27 12:25:49.22 work_queue_worker[1] debug: Built by root@2546322b0463 on 2019-11-06 16:35:57 +0000
2019/11/27 12:25:49.22 work_queue_worker[1] debug: System: Linux 2546322b0463 5.0.0-32-generic #34~18.04.2-Ubuntu SMP Thu Oct 10 10:36:02 UTC 2019 x86_64 x86_64 x86_64 GNU/Linux
2019/11/27 12:25:49.22 work_queue_worker[1] debug: Configuration: --prefix /home/cctools_BRUNO_bin
2019/11/27 12:25:49.22 work_queue_worker[1] wq: WORK_QUEUE_SANDBOX set to /tmp/worker-0-1.
2019/11/27 12:25:49.22 work_queue_worker[1] debug: error reading disk usage on directory: ./cache.
2019/11/27 12:25:49.22 work_queue_worker[1] dns: looking up name master
2019/11/27 12:25:49.22 work_queue_worker[1] dns: couldn't look up master: Name or service not known
2019/11/27 12:25:51.22 work_queue_worker[1] dns: looking up name master
2019/11/27 12:25:51.22 work_queue_worker[1] dns: master is 10.0.31.11
2019/11/27 12:25:51.22 work_queue_worker[1] tcp: connecting to 10.0.31.11 port 1026
2019/11/27 12:25:52.26 work_queue_worker[1] tcp: made connection to 10.0.31.11 port 1026
2019/11/27 12:25:52.26 work_queue_worker[1] wq: connected to master master:1026 via local address 10.0.31.16:39152
2019/11/27 12:25:52.26 work_queue_worker[1] wq: preparing workspace /tmp/worker-0-1
2019/11/27 12:25:52.26 work_queue_worker[1] dns: looking up name 65537023e6b1
2019/11/27 12:25:52.26 work_queue_worker[1] dns: 65537023e6b1 is 10.0.31.16
2019/11/27 12:25:52.26 work_queue_worker[1] dns: looking up addr 10.0.31.16
2019/11/27 12:25:52.26 work_queue_worker[1] dns: 10.0.31.16 is 65537023e6b1
2019/11/27 12:25:52.26 work_queue_worker[1] dns: finding my hostname: uname = 65537023e6b1, address = 10.0.31.16, hostname = 65537023e6b1
2019/11/27 12:25:52.26 work_queue_worker[1] wq: tx to master: workqueue 8 65537023e6b1 Linux x86_64 8.0.0
2019/11/27 12:25:52.26 work_queue_worker[1] wq: tx to master: info worker-id worker-c40e8e53268d0490dc2408c4827d292a
2019/11/27 12:25:52.26 work_queue_worker[1] wq: tx to master: alive
2019/11/27 12:25:52.26 work_queue_worker[1] wq: Sending resource description to master:
2019/11/27 12:25:52.26 work_queue_worker[1] wq:  workers      0 inuse      1 total      1 smallest      1 largest
2019/11/27 12:25:52.26 work_queue_worker[1] wq:     disk      0 inuse 182730 total 182730 smallest 182730 largest
2019/11/27 12:25:52.26 work_queue_worker[1] wq:   memory      0 inuse   7749 total   7749 smallest   7749 largest
2019/11/27 12:25:52.26 work_queue_worker[1] wq:     gpus      0 inuse      0 total      0 smallest      0 largest
2019/11/27 12:25:52.26 work_queue_worker[1] wq:    cores      0 inuse      1 total      1 smallest      1 largest
2019/11/27 12:25:52.26 work_queue_worker[1] wq: tx to master: info end_of_resource_update 0
2019/11/27 12:25:52.26 work_queue_worker[1] wq: tx to master: info tasks_running 0
2019/11/27 12:25:52.26 work_queue_worker[1] wq: working for master at 10.0.31.11:1026.
2019/11/27 12:28:08.08 work_queue_worker[1] wq: rx from master: put file-0-25930e3036f13852cb0b29694bbab611-nt/taxdb.bti 14920392 0644 1
2019/11/27 12:28:08.08 work_queue_worker[1] wq: Putting file file-0-25930e3036f13852cb0b29694bbab611-nt/taxdb.bti into workspace
2019/11/27 12:28:08.08 work_queue_worker[1] wq: Dir /cache/file-0-25930e3036f13852cb0b29694bbab611-nt already exists in cache
2019/11/27 12:28:09.61 work_queue_worker[1] wq: ****BRUNO***** cp BARRA: -> cp ./cache/file-0-25930e3036f13852cb0b29694bbab611-nt/taxdb.bti /cache/file-0-25930e3036f13852cb0b29694bbab611-nt.
2019/11/27 12:28:14.98 work_queue_worker[1] wq: rx from master: put file-0-25930e3036f13852cb0b29694bbab611-nt/nt.nal 752 0644 1
2019/11/27 12:28:14.98 work_queue_worker[1] wq: Putting file file-0-25930e3036f13852cb0b29694bbab611-nt/nt.nal into workspace
2019/11/27 12:28:14.98 work_queue_worker[1] wq: Dir /cache/file-0-25930e3036f13852cb0b29694bbab611-nt already exists in cache
2019/11/27 12:28:14.98 work_queue_worker[1] wq: ****BRUNO***** cp BARRA: -> cp ./cache/file-0-25930e3036f13852cb0b29694bbab611-nt/nt.nal /cache/file-0-25930e3036f13852cb0b29694bbab611-nt.
2019/11/27 12:28:15.98 work_queue_worker[1] wq: rx from master: put file-0-25930e3036f13852cb0b29694bbab611-nt/nt.44.nni 27220 0644 1
2019/11/27 12:28:15.98 work_queue_worker[1] wq: Putting file file-0-25930e3036f13852cb0b29694bbab611-nt/nt.44.nni into workspace
2019/11/27 12:28:15.98 work_queue_worker[1] wq: Dir /cache/file-0-25930e3036f13852cb0b29694bbab611-nt already exists in cache
2019/11/27 12:28:15.99 work_queue_worker[1] wq: ****BRUNO***** cp BARRA: -> cp ./cache/file-0-25930e3036f13852cb0b29694bbab611-nt/nt.44.nni /cache/file-0-25930e3036f13852cb0b29694bbab611-nt.
2019/11/27 12:28:16.01 work_queue_worker[1] wq: rx from master: put file-0-25930e3036f13852cb0b29694bbab611-nt/nt.44.nog 3378248 0644 1
2019/11/27 12:28:16.01 work_queue_worker[1] wq: Putting file file-0-25930e3036f13852cb0b29694bbab611-nt/nt.44.nog into workspace
2019/11/27 12:28:16.01 work_queue_worker[1] wq: Dir /cache/file-0-25930e3036f13852cb0b29694bbab611-nt already exists in cache
2019/11/27 12:28:16.11 work_queue_worker[1] wq: ****BRUNO***** cp BARRA: -> cp ./cache/file-0-25930e3036f13852cb0b29694bbab611-nt/nt.44.nog /cache/file-0-25930e3036f13852cb0b29694bbab611-nt.
2019/11/27 12:28:16.13 work_queue_worker[1] wq: rx from master: put file-0-25930e3036f13852cb0b29694bbab611-nt/taxdb.btd 141628361 0644 1
2019/11/27 12:28:16.13 work_queue_worker[1] wq: Putting file file-0-25930e3036f13852cb0b29694bbab611-nt/taxdb.btd into workspace
2019/11/27 12:28:16.13 work_queue_worker[1] wq: Dir /cache/file-0-25930e3036f13852cb0b29694bbab611-nt already exists in cache
2019/11/27 12:28:28.58 work_queue_worker[1] wq: ****BRUNO***** cp BARRA: -> cp ./cache/file-0-25930e3036f13852cb0b29694bbab611-nt/taxdb.btd /cache/file-0-25930e3036f13852cb0b29694bbab611-nt.
2019/11/27 12:28:37.06 work_queue_worker[1] wq: rx from master: put file-0-25930e3036f13852cb0b29694bbab611-nt/nt.44.nhr 148534336 0644 1
2019/11/27 12:28:37.06 work_queue_worker[1] wq: Putting file file-0-25930e3036f13852cb0b29694bbab611-nt/nt.44.nhr into workspace
2019/11/27 12:28:37.06 work_queue_worker[1] wq: Dir /cache/file-0-25930e3036f13852cb0b29694bbab611-nt already exists in cache
2019/11/27 12:28:49.76 work_queue_worker[1] wq: ****BRUNO***** cp BARRA: -> cp ./cache/file-0-25930e3036f13852cb0b29694bbab611-nt/nt.44.nhr /cache/file-0-25930e3036f13852cb0b29694bbab611-nt.
2019/11/27 12:28:50.22 work_queue_worker[1] wq: rx from master: put file-0-25930e3036f13852cb0b29694bbab611-nt/nt.44.nhi 338004 0644 1
2019/11/27 12:28:50.22 work_queue_worker[1] wq: Putting file file-0-25930e3036f13852cb0b29694bbab611-nt/nt.44.nhi into workspace
2019/11/27 12:28:50.22 work_queue_worker[1] wq: Dir /cache/file-0-25930e3036f13852cb0b29694bbab611-nt already exists in cache
2019/11/27 12:28:50.22 work_queue_worker[1] wq: ****BRUNO***** cp BARRA: -> cp ./cache/file-0-25930e3036f13852cb0b29694bbab611-nt/nt.44.nhi /cache/file-0-25930e3036f13852cb0b29694bbab611-nt.
2019/11/27 12:28:50.23 work_queue_worker[1] wq: rx from master: put file-0-25930e3036f13852cb0b29694bbab611-nt/nt.44.nnd 6955488 0644 1
2019/11/27 12:28:50.23 work_queue_worker[1] wq: Putting file file-0-25930e3036f13852cb0b29694bbab611-nt/nt.44.nnd into workspace
2019/11/27 12:28:50.23 work_queue_worker[1] wq: Dir /cache/file-0-25930e3036f13852cb0b29694bbab611-nt already exists in cache
2019/11/27 12:28:50.48 work_queue_worker[1] wq: ****BRUNO***** cp BARRA: -> cp ./cache/file-0-25930e3036f13852cb0b29694bbab611-nt/nt.44.nnd /cache/file-0-25930e3036f13852cb0b29694bbab611-nt.
2019/11/27 12:28:50.50 work_queue_worker[1] wq: rx from master: put file-0-25930e3036f13852cb0b29694bbab611-nt/nt.44.nhd 14869748 0644 1
2019/11/27 12:28:50.50 work_queue_worker[1] wq: Putting file file-0-25930e3036f13852cb0b29694bbab611-nt/nt.44.nhd into workspace
2019/11/27 12:28:50.50 work_queue_worker[1] wq: Dir /cache/file-0-25930e3036f13852cb0b29694bbab611-nt already exists in cache
2019/11/27 12:28:51.79 work_queue_worker[1] wq: ****BRUNO***** cp BARRA: -> cp ./cache/file-0-25930e3036f13852cb0b29694bbab611-nt/nt.44.nhd /cache/file-0-25930e3036f13852cb0b29694bbab611-nt.
2019/11/27 12:28:51.83 work_queue_worker[1] wq: rx from master: put file-0-25930e3036f13852cb0b29694bbab611-nt/nt.44.nsq 974099786 0644 1
2019/11/27 12:28:51.83 work_queue_worker[1] wq: Putting file file-0-25930e3036f13852cb0b29694bbab611-nt/nt.44.nsq into workspace
2019/11/27 12:28:51.83 work_queue_worker[1] wq: Dir /cache/file-0-25930e3036f13852cb0b29694bbab611-nt already exists in cache
2019/11/27 12:30:17.63 work_queue_worker[1] wq: ****BRUNO***** cp BARRA: -> cp ./cache/file-0-25930e3036f13852cb0b29694bbab611-nt/nt.44.nsq /cache/file-0-25930e3036f13852cb0b29694bbab611-nt.
2019/11/27 12:30:20.58 work_queue_worker[1] wq: rx from master: put file-0-25930e3036f13852cb0b29694bbab611-nt/nt.44.nin 10134740 0644 1
2019/11/27 12:30:20.58 work_queue_worker[1] wq: Putting file file-0-25930e3036f13852cb0b29694bbab611-nt/nt.44.nin into workspace
2019/11/27 12:30:20.58 work_queue_worker[1] wq: Dir /cache/file-0-25930e3036f13852cb0b29694bbab611-nt already exists in cache
2019/11/27 12:30:21.08 work_queue_worker[1] wq: ****BRUNO***** cp BARRA: -> cp ./cache/file-0-25930e3036f13852cb0b29694bbab611-nt/nt.44.nin /cache/file-0-25930e3036f13852cb0b29694bbab611-nt.
2019/11/27 12:30:21.11 work_queue_worker[1] wq: rx from master: put file-0-25930e3036f13852cb0b29694bbab611-nt/nt.44.nsi 764650 0644 1
2019/11/27 12:30:21.11 work_queue_worker[1] wq: Putting file file-0-25930e3036f13852cb0b29694bbab611-nt/nt.44.nsi into workspace
2019/11/27 12:30:21.11 work_queue_worker[1] wq: Dir /cache/file-0-25930e3036f13852cb0b29694bbab611-nt already exists in cache
2019/11/27 12:30:21.15 work_queue_worker[1] wq: ****BRUNO***** cp BARRA: -> cp ./cache/file-0-25930e3036f13852cb0b29694bbab611-nt/nt.44.nsi /cache/file-0-25930e3036f13852cb0b29694bbab611-nt.
2019/11/27 12:30:21.16 work_queue_worker[1] wq: rx from master: put file-0-25930e3036f13852cb0b29694bbab611-nt/nt.44.nsd 33299557 0644 1
2019/11/27 12:30:21.16 work_queue_worker[1] wq: Putting file file-0-25930e3036f13852cb0b29694bbab611-nt/nt.44.nsd into workspace
2019/11/27 12:30:21.16 work_queue_worker[1] wq: Dir /cache/file-0-25930e3036f13852cb0b29694bbab611-nt already exists in cache
2019/11/27 12:30:24.09 work_queue_worker[1] wq: ****BRUNO***** cp BARRA: -> cp ./cache/file-0-25930e3036f13852cb0b29694bbab611-nt/nt.44.nsd /cache/file-0-25930e3036f13852cb0b29694bbab611-nt.
2019/11/27 12:30:31.02 work_queue_worker[1] wq: rx from master: put file-0-91e2799df52756191dbca22d7b7cd23c-test.fasta.19 10120 0644 1
2019/11/27 12:30:31.02 work_queue_worker[1] wq: Putting file file-0-91e2799df52756191dbca22d7b7cd23c-test.fasta.19 into workspace
2019/11/27 12:30:31.02 work_queue_worker[1] wq: Dir /cache already exists in cache
2019/11/27 12:30:31.02 work_queue_worker[1] wq: ****BRUNO***** cp BARRA: -> cp ./cache/file-0-91e2799df52756191dbca22d7b7cd23c-test.fasta.19 /cache.
2019/11/27 12:30:31.02 work_queue_worker[1] wq: rx from master: put file-0-daa9c57850b857b80eefebbca6aa18ce-blastall 7687410 0755 1
2019/11/27 12:30:31.02 work_queue_worker[1] wq: Putting file file-0-daa9c57850b857b80eefebbca6aa18ce-blastall into workspace
2019/11/27 12:30:31.02 work_queue_worker[1] wq: Dir /cache already exists in cache
2019/11/27 12:30:31.61 work_queue_worker[1] wq: ****BRUNO***** cp BARRA: -> cp ./cache/file-0-daa9c57850b857b80eefebbca6aa18ce-blastall /cache.
2019/11/27 12:30:31.63 work_queue_worker[1] wq: rx from master: task 1
2019/11/27 12:30:31.63 work_queue_worker[1] wq: rx from master: cmd 88
2019/11/27 12:30:31.63 work_queue_worker[1] wq: rx from master: ./blastall -p blastn -d nt/nt -i test.fasta.19 -o test.fasta.19.out 2> test.fasta.19.err
2019/11/27 12:30:31.63 work_queue_worker[1] wq: rx from master: category default
2019/11/27 12:30:31.63 work_queue_worker[1] wq: rx from master: cores 1
2019/11/27 12:30:31.63 work_queue_worker[1] wq: rx from master: memory 7749
2019/11/27 12:30:31.63 work_queue_worker[1] wq: rx from master: disk 182730
2019/11/27 12:30:31.63 work_queue_worker[1] wq: rx from master: gpus 0
2019/11/27 12:30:31.63 work_queue_worker[1] wq: rx from master: end_time 18446744073709551615
2019/11/27 12:30:31.63 work_queue_worker[1] wq: rx from master: wall_time 18446744073709551615
2019/11/27 12:30:31.63 work_queue_worker[1] wq: rx from master: env 7
2019/11/27 12:30:31.63 work_queue_worker[1] wq: rx from master: env 17
2019/11/27 12:30:31.63 work_queue_worker[1] wq: rx from master: infile file-0-25930e3036f13852cb0b29694bbab611-nt nt 1
2019/11/27 12:30:31.63 work_queue_worker[1] wq: rx from master: infile file-0-91e2799df52756191dbca22d7b7cd23c-test.fasta.19 test.fasta.19 1
2019/11/27 12:30:31.63 work_queue_worker[1] wq: rx from master: infile file-0-daa9c57850b857b80eefebbca6aa18ce-blastall blastall 1
2019/11/27 12:30:31.63 work_queue_worker[1] wq: rx from master: outfile file-0-8eab36096679637a447522c8eb5ec8c1-test.fasta.19.err test.fasta.19.err 1
2019/11/27 12:30:31.63 work_queue_worker[1] wq: rx from master: outfile file-0-9883c7748ac27d46878553d23e293154-test.fasta.19.out test.fasta.19.out 1
2019/11/27 12:30:31.63 work_queue_worker[1] wq: rx from master: end
2019/11/27 12:30:31.63 work_queue_worker[1] wq: tx to master: info cached_files file-0-25930e3036f13852cb0b29694bbab611-nt
2019/11/27 12:30:31.63 work_queue_worker[1] wq: tx to master: info cached_files file-0-91e2799df52756191dbca22d7b7cd23c-test.fasta.19
2019/11/27 12:30:31.63 work_queue_worker[1] wq: tx to master: info cached_files file-0-44e691287a28f8fe43f6653302546d8f-test.fasta.2
2019/11/27 12:30:31.63 work_queue_worker[1] wq: tx to master: info cached_files file-0-daa9c57850b857b80eefebbca6aa18ce-blastall
2019/11/27 12:30:31.64 work_queue_worker[1] wq: linking cache/file-0-25930e3036f13852cb0b29694bbab611-nt to /tmp/worker-0-1/t.1/nt
2019/11/27 12:30:31.64 work_queue_worker[1] wq: linking cache/file-0-91e2799df52756191dbca22d7b7cd23c-test.fasta.19 to /tmp/worker-0-1/t.1/test.fasta.19
2019/11/27 12:30:31.64 work_queue_worker[1] wq: linking cache/file-0-daa9c57850b857b80eefebbca6aa18ce-blastall to /tmp/worker-0-1/t.1/blastall
2019/11/27 12:30:31.64 work_queue_worker[1] wq: Waiting task 1 has been forsaken.
2019/11/27 12:30:31.64 work_queue_worker[1] wq: tx to master: alive
2019/11/27 12:30:31.64 work_queue_worker[1] wq: Sending resource description to master:
2019/11/27 12:30:31.64 work_queue_worker[1] wq:  workers      0 inuse      1 total      1 smallest      1 largest
2019/11/27 12:30:31.64 work_queue_worker[1] wq:     disk   1287 inuse 179974 total 179974 smallest 179974 largest
2019/11/27 12:30:31.64 work_queue_worker[1] wq:   memory      0 inuse   7749 total   7749 smallest   7749 largest
2019/11/27 12:30:31.64 work_queue_worker[1] wq:     gpus      0 inuse      0 total      0 smallest      0 largest
2019/11/27 12:30:31.64 work_queue_worker[1] wq:    cores      0 inuse      1 total      1 smallest      1 largest
2019/11/27 12:30:31.64 work_queue_worker[1] wq: tx to master: info end_of_resource_update 0
2019/11/27 12:30:31.64 work_queue_worker[1] wq: tx to master: info tasks_running 0
2019/11/27 12:30:31.64 work_queue_worker[1] wq: tx to master: info tasks_running 0
2019/11/27 12:30:31.64 work_queue_worker[1] wq: tx to master: available_results
2019/11/27 12:32:33.89 work_queue_worker[1] wq: rx from master: check
2019/11/27 12:32:33.89 work_queue_worker[1] wq: tx to master: alive
2019/11/27 12:32:33.89 work_queue_worker[1] wq: tx to master: info tasks_running 0
2019/11/27 12:32:34.58 work_queue_worker[1] wq: rx from master: send_results -1
2019/11/27 12:32:34.58 work_queue_worker[1] wq: tx to master: result 40 0 0 0 1
2019/11/27 12:32:34.58 work_queue_worker[1] wq: tx to master: info tasks_running 0
2019/11/27 12:32:34.58 work_queue_worker[1] wq: tx to master: end
2019/11/27 12:32:34.61 work_queue_worker[1] wq: rx from master: put file-0-e7f309af480f7b15cfe71180f5284818-test.fasta.16 10120 0644 1
2019/11/27 12:32:34.61 work_queue_worker[1] wq: Putting file file-0-e7f309af480f7b15cfe71180f5284818-test.fasta.16 into workspace
2019/11/27 12:32:34.61 work_queue_worker[1] wq: Dir /cache already exists in cache
2019/11/27 12:32:34.61 work_queue_worker[1] wq: ****BRUNO***** cp BARRA: -> cp ./cache/file-0-e7f309af480f7b15cfe71180f5284818-test.fasta.16 /cache.
2019/11/27 12:32:34.61 work_queue_worker[1] wq: rx from master: task 4
2019/11/27 12:32:34.61 work_queue_worker[1] wq: rx from master: cmd 88
2019/11/27 12:32:34.61 work_queue_worker[1] wq: rx from master: ./blastall -p blastn -d nt/nt -i test.fasta.16 -o test.fasta.16.out 2> test.fasta.16.err
2019/11/27 12:32:34.61 work_queue_worker[1] wq: rx from master: category default
2019/11/27 12:32:34.61 work_queue_worker[1] wq: rx from master: cores 1
2019/11/27 12:32:34.61 work_queue_worker[1] wq: rx from master: memory 7749
2019/11/27 12:32:34.61 work_queue_worker[1] wq: rx from master: disk 179974
2019/11/27 12:32:34.61 work_queue_worker[1] wq: rx from master: gpus 0
2019/11/27 12:32:34.61 work_queue_worker[1] wq: rx from master: end_time 18446744073709551615
2019/11/27 12:32:34.61 work_queue_worker[1] wq: rx from master: wall_time 18446744073709551615
2019/11/27 12:32:34.61 work_queue_worker[1] wq: rx from master: env 7
2019/11/27 12:32:34.61 work_queue_worker[1] wq: rx from master: env 17
2019/11/27 12:32:34.61 work_queue_worker[1] wq: rx from master: infile file-0-25930e3036f13852cb0b29694bbab611-nt nt 1
2019/11/27 12:32:34.61 work_queue_worker[1] wq: rx from master: infile file-0-e7f309af480f7b15cfe71180f5284818-test.fasta.16 test.fasta.16 1
2019/11/27 12:32:34.61 work_queue_worker[1] wq: rx from master: infile file-0-daa9c57850b857b80eefebbca6aa18ce-blastall blastall 1
2019/11/27 12:32:34.61 work_queue_worker[1] wq: rx from master: outfile file-0-49428ca6e9788cb4d3ba878e251f88c4-test.fasta.16.err test.fasta.16.err 1
2019/11/27 12:32:34.61 work_queue_worker[1] wq: rx from master: outfile file-0-6d79746b10289399b975e24593cae1b2-test.fasta.16.out test.fasta.16.out 1
2019/11/27 12:32:34.61 work_queue_worker[1] wq: rx from master: end
2019/11/27 12:32:34.61 work_queue_worker[1] wq: tx to master: info cached_files file-0-e7f309af480f7b15cfe71180f5284818-test.fasta.16
2019/11/27 12:32:34.61 work_queue_worker[1] wq: tx to master: info cached_files file-0-c6fe59e7bc34ad592758fbf1affd35b3-test.fasta.6
2019/11/27 12:32:34.62 work_queue_worker[1] wq: tx to master: info cached_files file-0-9f04d57561db456f4f47dcdca9feb103-test.fasta.7
2019/11/27 12:32:37.76 work_queue_worker[1] wq: linking cache/file-0-25930e3036f13852cb0b29694bbab611-nt to /tmp/worker-0-1/t.4/nt
2019/11/27 12:32:37.76 work_queue_worker[1] wq: linking cache/file-0-e7f309af480f7b15cfe71180f5284818-test.fasta.16 to /tmp/worker-0-1/t.4/test.fasta.16
2019/11/27 12:32:37.76 work_queue_worker[1] wq: linking cache/file-0-daa9c57850b857b80eefebbca6aa18ce-blastall to /tmp/worker-0-1/t.4/blastall
2019/11/27 12:32:37.78 work_queue_worker[1] wq: Waiting task 4 has been forsaken.
2019/11/27 12:32:37.78 work_queue_worker[1] wq: tx to master: alive
2019/11/27 12:32:37.78 work_queue_worker[1] wq: Sending resource description to master:
2019/11/27 12:32:37.78 work_queue_worker[1] wq:  workers      0 inuse      1 total      1 smallest      1 largest
2019/11/27 12:32:37.78 work_queue_worker[1] wq:     disk   1287 inuse 178743 total 178743 smallest 178743 largest
2019/11/27 12:32:37.78 work_queue_worker[1] wq:   memory      0 inuse   7749 total   7749 smallest   7749 largest
2019/11/27 12:32:37.78 work_queue_worker[1] wq:     gpus      0 inuse      0 total      0 smallest      0 largest
2019/11/27 12:32:37.78 work_queue_worker[1] wq:    cores      0 inuse      1 total      1 smallest      1 largest
2019/11/27 12:32:37.78 work_queue_worker[1] wq: tx to master: info end_of_resource_update 0
2019/11/27 12:32:37.78 work_queue_worker[1] wq: tx to master: info tasks_running 0
2019/11/27 12:32:37.78 work_queue_worker[1] wq: tx to master: info tasks_running 0
2019/11/27 12:32:37.78 work_queue_worker[1] wq: tx to master: available_results
2019/11/27 12:32:37.78 work_queue_worker[1] wq: rx from master: send_results -1
2019/11/27 12:32:37.78 work_queue_worker[1] wq: tx to master: result 40 0 0 0 4
2019/11/27 12:32:37.78 work_queue_worker[1] wq: tx to master: info tasks_running 0
2019/11/27 12:32:37.78 work_queue_worker[1] wq: tx to master: end
2019/11/27 12:32:37.78 work_queue_worker[1] wq: rx from master: put file-0-861f258aeedab7469eb02fd8febc6d36-test.fasta.13 10120 0644 1
2019/11/27 12:32:37.78 work_queue_worker[1] wq: Putting file file-0-861f258aeedab7469eb02fd8febc6d36-test.fasta.13 into workspace
2019/11/27 12:32:37.78 work_queue_worker[1] wq: Dir /cache already exists in cache
2019/11/27 12:32:37.78 work_queue_worker[1] wq: ****BRUNO***** cp BARRA: -> cp ./cache/file-0-861f258aeedab7469eb02fd8febc6d36-test.fasta.13 /cache.
2019/11/27 12:32:37.79 work_queue_worker[1] wq: rx from master: task 7
2019/11/27 12:32:37.79 work_queue_worker[1] wq: rx from master: cmd 88
2019/11/27 12:32:37.79 work_queue_worker[1] wq: rx from master: ./blastall -p blastn -d nt/nt -i test.fasta.13 -o test.fasta.13.out 2> test.fasta.13.err
2019/11/27 12:32:37.79 work_queue_worker[1] wq: rx from master: category default
2019/11/27 12:32:37.79 work_queue_worker[1] wq: rx from master: cores 1
2019/11/27 12:32:37.79 work_queue_worker[1] wq: rx from master: memory 7749
2019/11/27 12:32:37.79 work_queue_worker[1] wq: rx from master: disk 178743
2019/11/27 12:32:37.79 work_queue_worker[1] wq: rx from master: gpus 0
2019/11/27 12:32:37.79 work_queue_worker[1] wq: rx from master: end_time 18446744073709551615
2019/11/27 12:32:37.79 work_queue_worker[1] wq: rx from master: wall_time 18446744073709551615
2019/11/27 12:32:37.79 work_queue_worker[1] wq: rx from master: env 7
2019/11/27 12:32:37.79 work_queue_worker[1] wq: rx from master: env 17
2019/11/27 12:32:37.79 work_queue_worker[1] wq: rx from master: infile file-0-25930e3036f13852cb0b29694bbab611-nt nt 1
2019/11/27 12:32:37.79 work_queue_worker[1] wq: rx from master: infile file-0-861f258aeedab7469eb02fd8febc6d36-test.fasta.13 test.fasta.13 1
2019/11/27 12:32:37.79 work_queue_worker[1] wq: rx from master: infile file-0-daa9c57850b857b80eefebbca6aa18ce-blastall blastall 1
2019/11/27 12:32:37.79 work_queue_worker[1] wq: rx from master: outfile file-0-a1e084cfb47df79ee8a2d374c2d9abba-test.fasta.13.err test.fasta.13.err 1
2019/11/27 12:32:37.79 work_queue_worker[1] wq: rx from master: outfile file-0-dc058f4294b64abb0a149cc97b0d5b94-test.fasta.13.out test.fasta.13.out 1
2019/11/27 12:32:37.79 work_queue_worker[1] wq: rx from master: end
2019/11/27 12:32:37.79 work_queue_worker[1] wq: tx to master: info cached_files file-0-0008645a00ac79d3f3bea1ddf871bace-test.fasta.15
2019/11/27 12:32:37.79 work_queue_worker[1] wq: tx to master: info cached_files file-0-e046ec692c0ced962d3265bfe7245360-test.fasta.14
2019/11/27 12:32:37.79 work_queue_worker[1] wq: tx to master: info cached_files file-0-861f258aeedab7469eb02fd8febc6d36-test.fasta.13
2019/11/27 12:32:37.79 work_queue_worker[1] wq: linking cache/file-0-25930e3036f13852cb0b29694bbab611-nt to /tmp/worker-0-1/t.7/nt
2019/11/27 12:32:37.79 work_queue_worker[1] wq: linking cache/file-0-861f258aeedab7469eb02fd8febc6d36-test.fasta.13 to /tmp/worker-0-1/t.7/test.fasta.13
2019/11/27 12:32:37.79 work_queue_worker[1] wq: linking cache/file-0-daa9c57850b857b80eefebbca6aa18ce-blastall to /tmp/worker-0-1/t.7/blastall
2019/11/27 12:32:37.79 work_queue_worker[1] wq: started process 49: ./blastall -p blastn -d nt/nt -i test.fasta.13 -o test.fasta.13.out 2> test.fasta.13.err
2019/11/27 12:32:37.79 work_queue_worker[1] wq: tx to master: info tasks_running 1
2019/11/27 12:32:55.74 work_queue_worker[1] wq: task 7 (pid 49) exited normally with exit code 0
2019/11/27 12:32:55.74 work_queue_worker[1] wq: moving output file from /tmp/worker-0-1/t.7/test.fasta.13.err to cache/file-0-a1e084cfb47df79ee8a2d374c2d9abba-test.fasta.13.err
2019/11/27 12:32:55.74 work_queue_worker[1] wq: moving output file from /tmp/worker-0-1/t.7/test.fasta.13.out to cache/file-0-dc058f4294b64abb0a149cc97b0d5b94-test.fasta.13.out
2019/11/27 12:32:55.74 work_queue_worker[1] wq: tx to master: available_results
2019/11/27 12:32:55.74 work_queue_worker[1] wq: rx from master: send_results -1
2019/11/27 12:32:55.74 work_queue_worker[1] wq: tx to master: result 0 0 0 17948759 7
2019/11/27 12:32:55.74 work_queue_worker[1] wq: tx to master: info tasks_running 0
2019/11/27 12:32:55.74 work_queue_worker[1] wq: tx to master: end
2019/11/27 12:32:55.74 work_queue_worker[1] wq: rx from master: get file-0-a1e084cfb47df79ee8a2d374c2d9abba-test.fasta.13.err 1
2019/11/27 12:32:55.74 work_queue_worker[1] wq: tx to master: file file-0-a1e084cfb47df79ee8a2d374c2d9abba-test.fasta.13.err 0
2019/11/27 12:32:55.74 work_queue_worker[1] wq: tx to master: end
2019/11/27 12:32:55.74 work_queue_worker[1] wq: rx from master: get file-0-dc058f4294b64abb0a149cc97b0d5b94-test.fasta.13.out 1
2019/11/27 12:32:55.74 work_queue_worker[1] wq: tx to master: file file-0-dc058f4294b64abb0a149cc97b0d5b94-test.fasta.13.out 23659
2019/11/27 12:32:55.74 work_queue_worker[1] wq: tx to master: end
2019/11/27 12:32:55.74 work_queue_worker[1] wq: rx from master: kill 7
2019/11/27 12:32:55.74 work_queue_worker[1] wq: ---- DELETING: /tmp/worker-0-1/t.7
2019/11/27 12:32:59.01 work_queue_worker[1] wq: rx from master: release
2019/11/27 12:32:59.01 work_queue_worker[1] wq: released by master 10.0.31.11:1026.
2019/11/27 12:32:59.01 work_queue_worker[1] wq: *********** BRUNO ******** NOT cleaning workspace /tmp/worker-0-1
2019/11/27 12:32:59.01 work_queue_worker[1] wq: disconnecting from master 10.0.31.11:1026
2019/11/27 12:32:59.01 work_queue_worker[1] tcp: disconnected from 10.0.31.11 port 1026
2019/11/27 12:32:59.01 work_queue_worker[1] wq: killing all outstanding tasks
2019/11/27 12:32:59.01 work_queue_worker[1] wq: ---- DELETING: /tmp/worker-0-1/t.1
2019/11/27 12:32:59.01 work_queue_worker[1] wq: ---- DELETING: /tmp/worker-0-1/t.4
2019/11/27 12:32:59.01 work_queue_worker[1] wq: all data structures are clean
2019/11/27 12:33:00.01 work_queue_worker[1] dns: looking up name master
2019/11/27 12:33:00.01 work_queue_worker[1] dns: couldn't look up master: Name or service not known
