2019/11/27 12:25:49.28 work_queue_worker[1] debug: /home/cctools_BRUNO_bin/bin/work_queue_worker version 8.0.0 DEVELOPMENT (released 2019-11-06 16:35:57 +0000)
2019/11/27 12:25:49.28 work_queue_worker[1] debug: Built by root@2546322b0463 on 2019-11-06 16:35:57 +0000
2019/11/27 12:25:49.28 work_queue_worker[1] debug: System: Linux 2546322b0463 5.0.0-32-generic #34~18.04.2-Ubuntu SMP Thu Oct 10 10:36:02 UTC 2019 x86_64 x86_64 x86_64 GNU/Linux
2019/11/27 12:25:49.28 work_queue_worker[1] debug: Configuration: --prefix /home/cctools_BRUNO_bin
2019/11/27 12:25:49.28 work_queue_worker[1] wq: WORK_QUEUE_SANDBOX set to /tmp/worker-0-1.
2019/11/27 12:25:49.28 work_queue_worker[1] debug: error reading disk usage on directory: ./cache.
2019/11/27 12:25:49.28 work_queue_worker[1] dns: looking up name master
2019/11/27 12:25:49.28 work_queue_worker[1] dns: couldn't look up master: Name or service not known
2019/11/27 12:25:51.28 work_queue_worker[1] dns: looking up name master
2019/11/27 12:25:51.28 work_queue_worker[1] dns: master is 10.0.31.11
2019/11/27 12:25:51.28 work_queue_worker[1] tcp: connecting to 10.0.31.11 port 1026
2019/11/27 12:25:52.29 work_queue_worker[1] tcp: made connection to 10.0.31.11 port 1026
2019/11/27 12:25:52.29 work_queue_worker[1] wq: connected to master master:1026 via local address 10.0.31.14:56232
2019/11/27 12:25:52.29 work_queue_worker[1] wq: preparing workspace /tmp/worker-0-1
2019/11/27 12:25:52.29 work_queue_worker[1] dns: looking up name c38d6ba4ef43
2019/11/27 12:25:52.29 work_queue_worker[1] dns: c38d6ba4ef43 is 10.0.31.14
2019/11/27 12:25:52.29 work_queue_worker[1] dns: looking up addr 10.0.31.14
2019/11/27 12:25:52.29 work_queue_worker[1] dns: 10.0.31.14 is c38d6ba4ef43
2019/11/27 12:25:52.29 work_queue_worker[1] dns: finding my hostname: uname = c38d6ba4ef43, address = 10.0.31.14, hostname = c38d6ba4ef43
2019/11/27 12:25:52.29 work_queue_worker[1] wq: tx to master: workqueue 8 c38d6ba4ef43 Linux x86_64 8.0.0
2019/11/27 12:25:52.29 work_queue_worker[1] wq: tx to master: info worker-id worker-c40e8e53268d0490dc2408c4827d292a
2019/11/27 12:25:52.29 work_queue_worker[1] wq: tx to master: alive
2019/11/27 12:25:52.29 work_queue_worker[1] wq: Sending resource description to master:
2019/11/27 12:25:52.29 work_queue_worker[1] wq:  workers      0 inuse      1 total      1 smallest      1 largest
2019/11/27 12:25:52.29 work_queue_worker[1] wq:     disk      0 inuse 182730 total 182730 smallest 182730 largest
2019/11/27 12:25:52.29 work_queue_worker[1] wq:   memory      0 inuse   7749 total   7749 smallest   7749 largest
2019/11/27 12:25:52.29 work_queue_worker[1] wq:     gpus      0 inuse      0 total      0 smallest      0 largest
2019/11/27 12:25:52.29 work_queue_worker[1] wq:    cores      0 inuse      1 total      1 smallest      1 largest
2019/11/27 12:25:52.29 work_queue_worker[1] wq: tx to master: info end_of_resource_update 0
2019/11/27 12:25:52.29 work_queue_worker[1] wq: tx to master: info tasks_running 0
2019/11/27 12:25:52.29 work_queue_worker[1] wq: working for master at 10.0.31.11:1026.
2019/11/27 12:26:07.97 work_queue_worker[1] wq: rx from master: put file-0-25930e3036f13852cb0b29694bbab611-nt/taxdb.bti 14920392 0644 1
2019/11/27 12:26:07.97 work_queue_worker[1] wq: Putting file file-0-25930e3036f13852cb0b29694bbab611-nt/taxdb.bti into workspace
2019/11/27 12:26:07.97 work_queue_worker[1] wq: Dir /cache/file-0-25930e3036f13852cb0b29694bbab611-nt already exists in cache
2019/11/27 12:26:09.61 work_queue_worker[1] wq: ****BRUNO***** cp BARRA: -> cp ./cache/file-0-25930e3036f13852cb0b29694bbab611-nt/taxdb.bti /cache/file-0-25930e3036f13852cb0b29694bbab611-nt.
2019/11/27 12:26:09.66 work_queue_worker[1] wq: rx from master: put file-0-25930e3036f13852cb0b29694bbab611-nt/nt.nal 752 0644 1
2019/11/27 12:26:09.66 work_queue_worker[1] wq: Putting file file-0-25930e3036f13852cb0b29694bbab611-nt/nt.nal into workspace
2019/11/27 12:26:09.66 work_queue_worker[1] wq: Dir /cache/file-0-25930e3036f13852cb0b29694bbab611-nt already exists in cache
2019/11/27 12:26:09.66 work_queue_worker[1] wq: ****BRUNO***** cp BARRA: -> cp ./cache/file-0-25930e3036f13852cb0b29694bbab611-nt/nt.nal /cache/file-0-25930e3036f13852cb0b29694bbab611-nt.
2019/11/27 12:26:09.67 work_queue_worker[1] wq: rx from master: put file-0-25930e3036f13852cb0b29694bbab611-nt/nt.44.nni 27220 0644 1
2019/11/27 12:26:09.67 work_queue_worker[1] wq: Putting file file-0-25930e3036f13852cb0b29694bbab611-nt/nt.44.nni into workspace
2019/11/27 12:26:09.67 work_queue_worker[1] wq: Dir /cache/file-0-25930e3036f13852cb0b29694bbab611-nt already exists in cache
2019/11/27 12:26:09.67 work_queue_worker[1] wq: ****BRUNO***** cp BARRA: -> cp ./cache/file-0-25930e3036f13852cb0b29694bbab611-nt/nt.44.nni /cache/file-0-25930e3036f13852cb0b29694bbab611-nt.
2019/11/27 12:26:09.67 work_queue_worker[1] wq: rx from master: put file-0-25930e3036f13852cb0b29694bbab611-nt/nt.44.nog 3378248 0644 1
2019/11/27 12:26:09.67 work_queue_worker[1] wq: Putting file file-0-25930e3036f13852cb0b29694bbab611-nt/nt.44.nog into workspace
2019/11/27 12:26:09.67 work_queue_worker[1] wq: Dir /cache/file-0-25930e3036f13852cb0b29694bbab611-nt already exists in cache
2019/11/27 12:26:09.91 work_queue_worker[1] wq: ****BRUNO***** cp BARRA: -> cp ./cache/file-0-25930e3036f13852cb0b29694bbab611-nt/nt.44.nog /cache/file-0-25930e3036f13852cb0b29694bbab611-nt.
2019/11/27 12:26:09.92 work_queue_worker[1] wq: rx from master: put file-0-25930e3036f13852cb0b29694bbab611-nt/taxdb.btd 141628361 0644 1
2019/11/27 12:26:09.92 work_queue_worker[1] wq: Putting file file-0-25930e3036f13852cb0b29694bbab611-nt/taxdb.btd into workspace
2019/11/27 12:26:09.92 work_queue_worker[1] wq: Dir /cache/file-0-25930e3036f13852cb0b29694bbab611-nt already exists in cache
2019/11/27 12:26:22.39 work_queue_worker[1] wq: ****BRUNO***** cp BARRA: -> cp ./cache/file-0-25930e3036f13852cb0b29694bbab611-nt/taxdb.btd /cache/file-0-25930e3036f13852cb0b29694bbab611-nt.
2019/11/27 12:26:22.50 work_queue_worker[1] wq: rx from master: put file-0-25930e3036f13852cb0b29694bbab611-nt/nt.44.nhr 148534336 0644 1
2019/11/27 12:26:22.50 work_queue_worker[1] wq: Putting file file-0-25930e3036f13852cb0b29694bbab611-nt/nt.44.nhr into workspace
2019/11/27 12:26:22.50 work_queue_worker[1] wq: Dir /cache/file-0-25930e3036f13852cb0b29694bbab611-nt already exists in cache
2019/11/27 12:26:35.48 work_queue_worker[1] wq: ****BRUNO***** cp BARRA: -> cp ./cache/file-0-25930e3036f13852cb0b29694bbab611-nt/nt.44.nhr /cache/file-0-25930e3036f13852cb0b29694bbab611-nt.
2019/11/27 12:26:35.61 work_queue_worker[1] wq: rx from master: put file-0-25930e3036f13852cb0b29694bbab611-nt/nt.44.nhi 338004 0644 1
2019/11/27 12:26:35.61 work_queue_worker[1] wq: Putting file file-0-25930e3036f13852cb0b29694bbab611-nt/nt.44.nhi into workspace
2019/11/27 12:26:35.61 work_queue_worker[1] wq: Dir /cache/file-0-25930e3036f13852cb0b29694bbab611-nt already exists in cache
2019/11/27 12:26:35.61 work_queue_worker[1] wq: ****BRUNO***** cp BARRA: -> cp ./cache/file-0-25930e3036f13852cb0b29694bbab611-nt/nt.44.nhi /cache/file-0-25930e3036f13852cb0b29694bbab611-nt.
2019/11/27 12:26:35.61 work_queue_worker[1] wq: rx from master: put file-0-25930e3036f13852cb0b29694bbab611-nt/nt.44.nnd 6955488 0644 1
2019/11/27 12:26:35.61 work_queue_worker[1] wq: Putting file file-0-25930e3036f13852cb0b29694bbab611-nt/nt.44.nnd into workspace
2019/11/27 12:26:35.61 work_queue_worker[1] wq: Dir /cache/file-0-25930e3036f13852cb0b29694bbab611-nt already exists in cache
2019/11/27 12:26:36.12 work_queue_worker[1] wq: ****BRUNO***** cp BARRA: -> cp ./cache/file-0-25930e3036f13852cb0b29694bbab611-nt/nt.44.nnd /cache/file-0-25930e3036f13852cb0b29694bbab611-nt.
2019/11/27 12:26:36.13 work_queue_worker[1] wq: rx from master: put file-0-25930e3036f13852cb0b29694bbab611-nt/nt.44.nhd 14869748 0644 1
2019/11/27 12:26:36.14 work_queue_worker[1] wq: Putting file file-0-25930e3036f13852cb0b29694bbab611-nt/nt.44.nhd into workspace
2019/11/27 12:26:36.14 work_queue_worker[1] wq: Dir /cache/file-0-25930e3036f13852cb0b29694bbab611-nt already exists in cache
2019/11/27 12:26:37.43 work_queue_worker[1] wq: ****BRUNO***** cp BARRA: -> cp ./cache/file-0-25930e3036f13852cb0b29694bbab611-nt/nt.44.nhd /cache/file-0-25930e3036f13852cb0b29694bbab611-nt.
2019/11/27 12:26:37.45 work_queue_worker[1] wq: rx from master: put file-0-25930e3036f13852cb0b29694bbab611-nt/nt.44.nsq 974099786 0644 1
2019/11/27 12:26:37.45 work_queue_worker[1] wq: Putting file file-0-25930e3036f13852cb0b29694bbab611-nt/nt.44.nsq into workspace
2019/11/27 12:26:37.45 work_queue_worker[1] wq: Dir /cache/file-0-25930e3036f13852cb0b29694bbab611-nt already exists in cache
2019/11/27 12:28:03.27 work_queue_worker[1] wq: ****BRUNO***** cp BARRA: -> cp ./cache/file-0-25930e3036f13852cb0b29694bbab611-nt/nt.44.nsq /cache/file-0-25930e3036f13852cb0b29694bbab611-nt.
2019/11/27 12:28:04.10 work_queue_worker[1] wq: rx from master: put file-0-25930e3036f13852cb0b29694bbab611-nt/nt.44.nin 10134740 0644 1
2019/11/27 12:28:04.10 work_queue_worker[1] wq: Putting file file-0-25930e3036f13852cb0b29694bbab611-nt/nt.44.nin into workspace
2019/11/27 12:28:04.10 work_queue_worker[1] wq: Dir /cache/file-0-25930e3036f13852cb0b29694bbab611-nt already exists in cache
2019/11/27 12:28:04.61 work_queue_worker[1] wq: ****BRUNO***** cp BARRA: -> cp ./cache/file-0-25930e3036f13852cb0b29694bbab611-nt/nt.44.nin /cache/file-0-25930e3036f13852cb0b29694bbab611-nt.
2019/11/27 12:28:04.63 work_queue_worker[1] wq: rx from master: put file-0-25930e3036f13852cb0b29694bbab611-nt/nt.44.nsi 764650 0644 1
2019/11/27 12:28:04.63 work_queue_worker[1] wq: Putting file file-0-25930e3036f13852cb0b29694bbab611-nt/nt.44.nsi into workspace
2019/11/27 12:28:04.63 work_queue_worker[1] wq: Dir /cache/file-0-25930e3036f13852cb0b29694bbab611-nt already exists in cache
2019/11/27 12:28:04.68 work_queue_worker[1] wq: ****BRUNO***** cp BARRA: -> cp ./cache/file-0-25930e3036f13852cb0b29694bbab611-nt/nt.44.nsi /cache/file-0-25930e3036f13852cb0b29694bbab611-nt.
2019/11/27 12:28:04.69 work_queue_worker[1] wq: rx from master: put file-0-25930e3036f13852cb0b29694bbab611-nt/nt.44.nsd 33299557 0644 1
2019/11/27 12:28:04.69 work_queue_worker[1] wq: Putting file file-0-25930e3036f13852cb0b29694bbab611-nt/nt.44.nsd into workspace
2019/11/27 12:28:04.69 work_queue_worker[1] wq: Dir /cache/file-0-25930e3036f13852cb0b29694bbab611-nt already exists in cache
2019/11/27 12:28:07.61 work_queue_worker[1] wq: ****BRUNO***** cp BARRA: -> cp ./cache/file-0-25930e3036f13852cb0b29694bbab611-nt/nt.44.nsd /cache/file-0-25930e3036f13852cb0b29694bbab611-nt.
2019/11/27 12:28:07.65 work_queue_worker[1] wq: rx from master: put file-0-44e691287a28f8fe43f6653302546d8f-test.fasta.2 10110 0644 1
2019/11/27 12:28:07.65 work_queue_worker[1] wq: Putting file file-0-44e691287a28f8fe43f6653302546d8f-test.fasta.2 into workspace
2019/11/27 12:28:07.65 work_queue_worker[1] wq: Dir /cache already exists in cache
2019/11/27 12:28:07.65 work_queue_worker[1] wq: ****BRUNO***** cp BARRA: -> cp ./cache/file-0-44e691287a28f8fe43f6653302546d8f-test.fasta.2 /cache.
2019/11/27 12:28:07.66 work_queue_worker[1] wq: rx from master: put file-0-daa9c57850b857b80eefebbca6aa18ce-blastall 7687410 0755 1
2019/11/27 12:28:07.66 work_queue_worker[1] wq: Putting file file-0-daa9c57850b857b80eefebbca6aa18ce-blastall into workspace
2019/11/27 12:28:07.66 work_queue_worker[1] wq: Dir /cache already exists in cache
2019/11/27 12:28:08.50 work_queue_worker[1] wq: ****BRUNO***** cp BARRA: -> cp ./cache/file-0-daa9c57850b857b80eefebbca6aa18ce-blastall /cache.
2019/11/27 12:28:08.51 work_queue_worker[1] wq: rx from master: task 18
2019/11/27 12:28:08.51 work_queue_worker[1] wq: rx from master: cmd 85
2019/11/27 12:28:08.51 work_queue_worker[1] wq: rx from master: ./blastall -p blastn -d nt/nt -i test.fasta.2 -o test.fasta.2.out 2> test.fasta.2.err
2019/11/27 12:28:08.51 work_queue_worker[1] wq: rx from master: category default
2019/11/27 12:28:08.51 work_queue_worker[1] wq: rx from master: cores 1
2019/11/27 12:28:08.51 work_queue_worker[1] wq: rx from master: memory 7749
2019/11/27 12:28:08.51 work_queue_worker[1] wq: rx from master: disk 182730
2019/11/27 12:28:08.51 work_queue_worker[1] wq: rx from master: gpus 0
2019/11/27 12:28:08.51 work_queue_worker[1] wq: rx from master: end_time 18446744073709551615
2019/11/27 12:28:08.51 work_queue_worker[1] wq: rx from master: wall_time 18446744073709551615
2019/11/27 12:28:08.51 work_queue_worker[1] wq: rx from master: env 7
2019/11/27 12:28:08.51 work_queue_worker[1] wq: rx from master: env 17
2019/11/27 12:28:08.51 work_queue_worker[1] wq: rx from master: infile file-0-25930e3036f13852cb0b29694bbab611-nt nt 1
2019/11/27 12:28:08.51 work_queue_worker[1] wq: rx from master: infile file-0-44e691287a28f8fe43f6653302546d8f-test.fasta.2 test.fasta.2 1
2019/11/27 12:28:08.51 work_queue_worker[1] wq: rx from master: infile file-0-daa9c57850b857b80eefebbca6aa18ce-blastall blastall 1
2019/11/27 12:28:08.51 work_queue_worker[1] wq: rx from master: outfile file-0-ebce3b3f9d6d56ee92ad0f680eacabb2-test.fasta.2.err test.fasta.2.err 1
2019/11/27 12:28:08.51 work_queue_worker[1] wq: rx from master: outfile file-0-6efdc0d3dafa140b6743f2b63849bb1e-test.fasta.2.out test.fasta.2.out 1
2019/11/27 12:28:08.51 work_queue_worker[1] wq: rx from master: end
2019/11/27 12:28:08.51 work_queue_worker[1] wq: tx to master: info cached_files file-0-25930e3036f13852cb0b29694bbab611-nt
2019/11/27 12:28:08.51 work_queue_worker[1] wq: tx to master: info cached_files file-0-44e691287a28f8fe43f6653302546d8f-test.fasta.2
2019/11/27 12:28:08.51 work_queue_worker[1] wq: tx to master: info cached_files file-0-daa9c57850b857b80eefebbca6aa18ce-blastall
2019/11/27 12:28:08.53 work_queue_worker[1] wq: linking cache/file-0-25930e3036f13852cb0b29694bbab611-nt to /tmp/worker-0-1/t.18/nt
2019/11/27 12:28:08.53 work_queue_worker[1] wq: linking cache/file-0-44e691287a28f8fe43f6653302546d8f-test.fasta.2 to /tmp/worker-0-1/t.18/test.fasta.2
2019/11/27 12:28:08.53 work_queue_worker[1] wq: linking cache/file-0-daa9c57850b857b80eefebbca6aa18ce-blastall to /tmp/worker-0-1/t.18/blastall
2019/11/27 12:28:08.53 work_queue_worker[1] wq: Waiting task 18 has been forsaken.
2019/11/27 12:28:08.53 work_queue_worker[1] wq: tx to master: alive
2019/11/27 12:28:08.53 work_queue_worker[1] wq: Sending resource description to master:
2019/11/27 12:28:08.53 work_queue_worker[1] wq:  workers      0 inuse      1 total      1 smallest      1 largest
2019/11/27 12:28:08.53 work_queue_worker[1] wq:     disk   1245 inuse 180416 total 180416 smallest 180416 largest
2019/11/27 12:28:08.53 work_queue_worker[1] wq:   memory      0 inuse   7749 total   7749 smallest   7749 largest
2019/11/27 12:28:08.53 work_queue_worker[1] wq:     gpus      0 inuse      0 total      0 smallest      0 largest
2019/11/27 12:28:08.53 work_queue_worker[1] wq:    cores      0 inuse      1 total      1 smallest      1 largest
2019/11/27 12:28:08.53 work_queue_worker[1] wq: tx to master: info end_of_resource_update 0
2019/11/27 12:28:08.53 work_queue_worker[1] wq: tx to master: info tasks_running 0
2019/11/27 12:28:08.53 work_queue_worker[1] wq: tx to master: info tasks_running 0
2019/11/27 12:28:08.53 work_queue_worker[1] wq: tx to master: available_results
2019/11/27 12:32:33.89 work_queue_worker[1] wq: rx from master: check
2019/11/27 12:32:33.89 work_queue_worker[1] wq: tx to master: alive
2019/11/27 12:32:33.89 work_queue_worker[1] wq: tx to master: info tasks_running 0
2019/11/27 12:32:34.54 work_queue_worker[1] wq: rx from master: send_results -1
2019/11/27 12:32:34.54 work_queue_worker[1] wq: tx to master: result 40 0 0 0 18
2019/11/27 12:32:34.54 work_queue_worker[1] wq: tx to master: info tasks_running 0
2019/11/27 12:32:34.54 work_queue_worker[1] wq: tx to master: end
2019/11/27 12:32:34.56 work_queue_worker[1] wq: rx from master: put file-0-c6fe59e7bc34ad592758fbf1affd35b3-test.fasta.6 10110 0644 1
2019/11/27 12:32:34.56 work_queue_worker[1] wq: Putting file file-0-c6fe59e7bc34ad592758fbf1affd35b3-test.fasta.6 into workspace
2019/11/27 12:32:34.56 work_queue_worker[1] wq: Dir /cache already exists in cache
2019/11/27 12:32:34.56 work_queue_worker[1] wq: ****BRUNO***** cp BARRA: -> cp ./cache/file-0-c6fe59e7bc34ad592758fbf1affd35b3-test.fasta.6 /cache.
2019/11/27 12:32:34.56 work_queue_worker[1] wq: rx from master: task 27
2019/11/27 12:32:34.56 work_queue_worker[1] wq: rx from master: cmd 85
2019/11/27 12:32:34.56 work_queue_worker[1] wq: rx from master: ./blastall -p blastn -d nt/nt -i test.fasta.6 -o test.fasta.6.out 2> test.fasta.6.err
2019/11/27 12:32:34.56 work_queue_worker[1] wq: rx from master: category default
2019/11/27 12:32:34.56 work_queue_worker[1] wq: rx from master: cores 1
2019/11/27 12:32:34.56 work_queue_worker[1] wq: rx from master: memory 7749
2019/11/27 12:32:34.56 work_queue_worker[1] wq: rx from master: disk 180416
2019/11/27 12:32:34.56 work_queue_worker[1] wq: rx from master: gpus 0
2019/11/27 12:32:34.56 work_queue_worker[1] wq: rx from master: end_time 18446744073709551615
2019/11/27 12:32:34.56 work_queue_worker[1] wq: rx from master: wall_time 18446744073709551615
2019/11/27 12:32:34.56 work_queue_worker[1] wq: rx from master: env 7
2019/11/27 12:32:34.56 work_queue_worker[1] wq: rx from master: env 17
2019/11/27 12:32:34.56 work_queue_worker[1] wq: rx from master: infile file-0-25930e3036f13852cb0b29694bbab611-nt nt 1
2019/11/27 12:32:34.56 work_queue_worker[1] wq: rx from master: infile file-0-c6fe59e7bc34ad592758fbf1affd35b3-test.fasta.6 test.fasta.6 1
2019/11/27 12:32:34.56 work_queue_worker[1] wq: rx from master: infile file-0-daa9c57850b857b80eefebbca6aa18ce-blastall blastall 1
2019/11/27 12:32:34.56 work_queue_worker[1] wq: rx from master: outfile file-0-bd9fd21e69318adb97979b465eda0063-test.fasta.6.err test.fasta.6.err 1
2019/11/27 12:32:34.56 work_queue_worker[1] wq: rx from master: outfile file-0-a7dc44bc794b29fe719284fc40dc98e9-test.fasta.6.out test.fasta.6.out 1
2019/11/27 12:32:34.56 work_queue_worker[1] wq: rx from master: end
2019/11/27 12:32:34.56 work_queue_worker[1] wq: tx to master: info cached_files file-0-c6fe59e7bc34ad592758fbf1affd35b3-test.fasta.6
2019/11/27 12:32:34.56 work_queue_worker[1] wq: tx to master: info cached_files file-0-91e2799df52756191dbca22d7b7cd23c-test.fasta.19
2019/11/27 12:32:34.56 work_queue_worker[1] wq: tx to master: info cached_files file-0-9f04d57561db456f4f47dcdca9feb103-test.fasta.7
2019/11/27 12:32:37.76 work_queue_worker[1] wq: linking cache/file-0-25930e3036f13852cb0b29694bbab611-nt to /tmp/worker-0-1/t.27/nt
2019/11/27 12:32:37.76 work_queue_worker[1] wq: linking cache/file-0-c6fe59e7bc34ad592758fbf1affd35b3-test.fasta.6 to /tmp/worker-0-1/t.27/test.fasta.6
2019/11/27 12:32:37.76 work_queue_worker[1] wq: linking cache/file-0-daa9c57850b857b80eefebbca6aa18ce-blastall to /tmp/worker-0-1/t.27/blastall
2019/11/27 12:32:37.76 work_queue_worker[1] wq: Waiting task 27 has been forsaken.
2019/11/27 12:32:37.76 work_queue_worker[1] wq: tx to master: alive
2019/11/27 12:32:37.76 work_queue_worker[1] wq: Sending resource description to master:
2019/11/27 12:32:37.76 work_queue_worker[1] wq:  workers      0 inuse      1 total      1 smallest      1 largest
2019/11/27 12:32:37.76 work_queue_worker[1] wq:     disk   1287 inuse 178737 total 178737 smallest 178737 largest
2019/11/27 12:32:37.76 work_queue_worker[1] wq:   memory      0 inuse   7749 total   7749 smallest   7749 largest
2019/11/27 12:32:37.76 work_queue_worker[1] wq:     gpus      0 inuse      0 total      0 smallest      0 largest
2019/11/27 12:32:37.76 work_queue_worker[1] wq:    cores      0 inuse      1 total      1 smallest      1 largest
2019/11/27 12:32:37.76 work_queue_worker[1] wq: tx to master: info end_of_resource_update 0
2019/11/27 12:32:37.76 work_queue_worker[1] wq: tx to master: info tasks_running 0
2019/11/27 12:32:37.76 work_queue_worker[1] wq: tx to master: info tasks_running 0
2019/11/27 12:32:37.76 work_queue_worker[1] wq: tx to master: available_results
2019/11/27 12:32:37.77 work_queue_worker[1] wq: rx from master: send_results -1
2019/11/27 12:32:37.77 work_queue_worker[1] wq: tx to master: result 40 0 0 0 27
2019/11/27 12:32:37.77 work_queue_worker[1] wq: tx to master: info tasks_running 0
2019/11/27 12:32:37.77 work_queue_worker[1] wq: tx to master: end
2019/11/27 12:32:37.77 work_queue_worker[1] wq: rx from master: put file-0-0008645a00ac79d3f3bea1ddf871bace-test.fasta.15 10120 0644 1
2019/11/27 12:32:37.77 work_queue_worker[1] wq: Putting file file-0-0008645a00ac79d3f3bea1ddf871bace-test.fasta.15 into workspace
2019/11/27 12:32:37.77 work_queue_worker[1] wq: Dir /cache already exists in cache
2019/11/27 12:32:37.77 work_queue_worker[1] wq: ****BRUNO***** cp BARRA: -> cp ./cache/file-0-0008645a00ac79d3f3bea1ddf871bace-test.fasta.15 /cache.
2019/11/27 12:32:37.77 work_queue_worker[1] wq: rx from master: task 5
2019/11/27 12:32:37.77 work_queue_worker[1] wq: rx from master: cmd 88
2019/11/27 12:32:37.77 work_queue_worker[1] wq: rx from master: ./blastall -p blastn -d nt/nt -i test.fasta.15 -o test.fasta.15.out 2> test.fasta.15.err
2019/11/27 12:32:37.77 work_queue_worker[1] wq: rx from master: category default
2019/11/27 12:32:37.77 work_queue_worker[1] wq: rx from master: cores 1
2019/11/27 12:32:37.77 work_queue_worker[1] wq: rx from master: memory 7749
2019/11/27 12:32:37.77 work_queue_worker[1] wq: rx from master: disk 178737
2019/11/27 12:32:37.77 work_queue_worker[1] wq: rx from master: gpus 0
2019/11/27 12:32:37.77 work_queue_worker[1] wq: rx from master: end_time 18446744073709551615
2019/11/27 12:32:37.77 work_queue_worker[1] wq: rx from master: wall_time 18446744073709551615
2019/11/27 12:32:37.77 work_queue_worker[1] wq: rx from master: env 7
2019/11/27 12:32:37.77 work_queue_worker[1] wq: rx from master: env 17
2019/11/27 12:32:37.77 work_queue_worker[1] wq: rx from master: infile file-0-25930e3036f13852cb0b29694bbab611-nt nt 1
2019/11/27 12:32:37.77 work_queue_worker[1] wq: rx from master: infile file-0-0008645a00ac79d3f3bea1ddf871bace-test.fasta.15 test.fasta.15 1
2019/11/27 12:32:37.77 work_queue_worker[1] wq: rx from master: infile file-0-daa9c57850b857b80eefebbca6aa18ce-blastall blastall 1
2019/11/27 12:32:37.77 work_queue_worker[1] wq: rx from master: outfile file-0-018f568daaa4c9813af138b9acc80300-test.fasta.15.err test.fasta.15.err 1
2019/11/27 12:32:37.77 work_queue_worker[1] wq: rx from master: outfile file-0-b230c590bc23b5b924df9e9d98a59cf3-test.fasta.15.out test.fasta.15.out 1
2019/11/27 12:32:37.77 work_queue_worker[1] wq: rx from master: end
2019/11/27 12:32:37.77 work_queue_worker[1] wq: tx to master: info cached_files file-0-e7f309af480f7b15cfe71180f5284818-test.fasta.16
2019/11/27 12:32:37.77 work_queue_worker[1] wq: tx to master: info cached_files file-0-0008645a00ac79d3f3bea1ddf871bace-test.fasta.15
2019/11/27 12:32:37.77 work_queue_worker[1] wq: linking cache/file-0-25930e3036f13852cb0b29694bbab611-nt to /tmp/worker-0-1/t.5/nt
2019/11/27 12:32:37.77 work_queue_worker[1] wq: linking cache/file-0-0008645a00ac79d3f3bea1ddf871bace-test.fasta.15 to /tmp/worker-0-1/t.5/test.fasta.15
2019/11/27 12:32:37.77 work_queue_worker[1] wq: linking cache/file-0-daa9c57850b857b80eefebbca6aa18ce-blastall to /tmp/worker-0-1/t.5/blastall
2019/11/27 12:32:37.77 work_queue_worker[1] wq: started process 49: ./blastall -p blastn -d nt/nt -i test.fasta.15 -o test.fasta.15.out 2> test.fasta.15.err
2019/11/27 12:32:37.77 work_queue_worker[1] wq: tx to master: info tasks_running 1
2019/11/27 12:32:55.57 work_queue_worker[1] wq: task 5 (pid 49) exited normally with exit code 0
2019/11/27 12:32:55.57 work_queue_worker[1] wq: moving output file from /tmp/worker-0-1/t.5/test.fasta.15.err to cache/file-0-018f568daaa4c9813af138b9acc80300-test.fasta.15.err
2019/11/27 12:32:55.57 work_queue_worker[1] wq: moving output file from /tmp/worker-0-1/t.5/test.fasta.15.out to cache/file-0-b230c590bc23b5b924df9e9d98a59cf3-test.fasta.15.out
2019/11/27 12:32:55.57 work_queue_worker[1] wq: tx to master: available_results
2019/11/27 12:32:55.57 work_queue_worker[1] wq: rx from master: send_results -1
2019/11/27 12:32:55.57 work_queue_worker[1] wq: tx to master: result 0 0 0 17792796 5
2019/11/27 12:32:55.57 work_queue_worker[1] wq: tx to master: info tasks_running 0
2019/11/27 12:32:55.57 work_queue_worker[1] wq: tx to master: end
2019/11/27 12:32:55.57 work_queue_worker[1] wq: rx from master: get file-0-018f568daaa4c9813af138b9acc80300-test.fasta.15.err 1
2019/11/27 12:32:55.57 work_queue_worker[1] wq: tx to master: file file-0-018f568daaa4c9813af138b9acc80300-test.fasta.15.err 0
2019/11/27 12:32:55.57 work_queue_worker[1] wq: tx to master: end
2019/11/27 12:32:55.57 work_queue_worker[1] wq: rx from master: get file-0-b230c590bc23b5b924df9e9d98a59cf3-test.fasta.15.out 1
2019/11/27 12:32:55.57 work_queue_worker[1] wq: tx to master: file file-0-b230c590bc23b5b924df9e9d98a59cf3-test.fasta.15.out 14251
2019/11/27 12:32:55.57 work_queue_worker[1] wq: tx to master: end
2019/11/27 12:32:55.57 work_queue_worker[1] wq: rx from master: kill 5
2019/11/27 12:32:55.57 work_queue_worker[1] wq: ---- DELETING: /tmp/worker-0-1/t.5
2019/11/27 12:32:59.01 work_queue_worker[1] wq: rx from master: release
2019/11/27 12:32:59.01 work_queue_worker[1] wq: released by master 10.0.31.11:1026.
2019/11/27 12:32:59.02 work_queue_worker[1] wq: *********** BRUNO ******** NOT cleaning workspace /tmp/worker-0-1
2019/11/27 12:32:59.02 work_queue_worker[1] wq: disconnecting from master 10.0.31.11:1026
2019/11/27 12:32:59.02 work_queue_worker[1] tcp: disconnected from 10.0.31.11 port 1026
2019/11/27 12:32:59.02 work_queue_worker[1] wq: killing all outstanding tasks
2019/11/27 12:32:59.02 work_queue_worker[1] wq: ---- DELETING: /tmp/worker-0-1/t.18
2019/11/27 12:32:59.02 work_queue_worker[1] wq: ---- DELETING: /tmp/worker-0-1/t.27
2019/11/27 12:32:59.02 work_queue_worker[1] wq: all data structures are clean
2019/11/27 12:33:00.02 work_queue_worker[1] dns: looking up name master
2019/11/27 12:33:00.03 work_queue_worker[1] dns: couldn't look up master: Name or service not known
