2019/11/26 14:16:15.80 work_queue_worker[1] debug: /home/cctools_BRUNO_bin/bin/work_queue_worker version 8.0.0 DEVELOPMENT (released 2019-11-06 16:35:57 +0000)
2019/11/26 14:16:15.80 work_queue_worker[1] debug: Built by root@2546322b0463 on 2019-11-06 16:35:57 +0000
2019/11/26 14:16:15.80 work_queue_worker[1] debug: System: Linux 2546322b0463 5.0.0-32-generic #34~18.04.2-Ubuntu SMP Thu Oct 10 10:36:02 UTC 2019 x86_64 x86_64 x86_64 GNU/Linux
2019/11/26 14:16:15.80 work_queue_worker[1] debug: Configuration: --prefix /home/cctools_BRUNO_bin
2019/11/26 14:16:15.80 work_queue_worker[1] wq: WORK_QUEUE_SANDBOX set to /tmp/worker-0-1.
2019/11/26 14:16:15.80 work_queue_worker[1] debug: error reading disk usage on directory: ./cache.
2019/11/26 14:16:15.80 work_queue_worker[1] dns: looking up name master
2019/11/26 14:16:15.80 work_queue_worker[1] dns: master is 10.0.237.2
2019/11/26 14:16:15.80 work_queue_worker[1] tcp: connecting to 10.0.237.2 port 1026
2019/11/26 14:16:16.82 work_queue_worker[1] tcp: made connection to 10.0.237.2 port 1026
2019/11/26 14:16:16.82 work_queue_worker[1] wq: connected to master master:1026 via local address 10.0.237.16:44698
2019/11/26 14:16:16.82 work_queue_worker[1] wq: preparing workspace /tmp/worker-0-1
2019/11/26 14:16:16.82 work_queue_worker[1] dns: looking up name 3beb00585ecc
2019/11/26 14:16:16.82 work_queue_worker[1] dns: 3beb00585ecc is 10.0.237.16
2019/11/26 14:16:16.82 work_queue_worker[1] dns: looking up addr 10.0.237.16
2019/11/26 14:16:16.82 work_queue_worker[1] dns: 10.0.237.16 is 3beb00585ecc
2019/11/26 14:16:16.82 work_queue_worker[1] dns: finding my hostname: uname = 3beb00585ecc, address = 10.0.237.16, hostname = 3beb00585ecc
2019/11/26 14:16:16.82 work_queue_worker[1] wq: tx to master: workqueue 8 3beb00585ecc Linux x86_64 8.0.0
2019/11/26 14:16:16.82 work_queue_worker[1] wq: tx to master: info worker-id worker-9cbed083b76e255cfe1a6c06e3434bee
2019/11/26 14:16:16.82 work_queue_worker[1] wq: tx to master: alive
2019/11/26 14:16:16.82 work_queue_worker[1] wq: Sending resource description to master:
2019/11/26 14:16:16.82 work_queue_worker[1] wq:  workers      0 inuse      1 total      1 smallest      1 largest
2019/11/26 14:16:16.82 work_queue_worker[1] wq:     disk      0 inuse   2319 total   2319 smallest   2319 largest
2019/11/26 14:16:16.82 work_queue_worker[1] wq:   memory      0 inuse  11908 total  11908 smallest  11908 largest
2019/11/26 14:16:16.82 work_queue_worker[1] wq:     gpus      0 inuse      0 total      0 smallest      0 largest
2019/11/26 14:16:16.82 work_queue_worker[1] wq:    cores      0 inuse      1 total      1 smallest      1 largest
2019/11/26 14:16:16.82 work_queue_worker[1] wq: tx to master: info end_of_resource_update 0
2019/11/26 14:16:16.82 work_queue_worker[1] wq: tx to master: info tasks_running 0
2019/11/26 14:16:16.82 work_queue_worker[1] wq: working for master at 10.0.237.2:1026.
2019/11/26 14:18:02.97 work_queue_worker[1] wq: Failed to read from master.
2019/11/26 14:18:02.97 work_queue_worker[1] wq: *********** BRUNO ******** NOT cleaning workspace /tmp/worker-0-1
2019/11/26 14:18:02.97 work_queue_worker[1] wq: disconnecting from master 10.0.237.2:1026
2019/11/26 14:18:02.97 work_queue_worker[1] tcp: disconnected from 10.0.237.2 port 1026
2019/11/26 14:18:02.97 work_queue_worker[1] wq: killing all outstanding tasks
2019/11/26 14:18:02.97 work_queue_worker[1] wq: all data structures are clean
2019/11/26 14:18:08.97 work_queue_worker[1] tcp: connecting to 10.0.237.2 port 1026
2019/11/26 14:18:08.97 work_queue_worker[1] tcp: made connection to 10.0.237.2 port 1026
2019/11/26 14:18:08.97 work_queue_worker[1] wq: connected to master master:1026 via local address 10.0.237.16:44736
2019/11/26 14:18:08.97 work_queue_worker[1] wq: preparing workspace /tmp/worker-0-1
2019/11/26 14:18:08.97 work_queue_worker[1] dns: finding my hostname: uname = 3beb00585ecc, address = 10.0.237.16, hostname = 3beb00585ecc
2019/11/26 14:18:08.97 work_queue_worker[1] wq: tx to master: workqueue 8 3beb00585ecc Linux x86_64 8.0.0
2019/11/26 14:18:08.97 work_queue_worker[1] wq: tx to master: info worker-id worker-9cbed083b76e255cfe1a6c06e3434bee
2019/11/26 14:18:08.97 work_queue_worker[1] wq: tx to master: alive
2019/11/26 14:18:08.97 work_queue_worker[1] wq: Sending resource description to master:
2019/11/26 14:18:08.97 work_queue_worker[1] wq:  workers      0 inuse      1 total      1 smallest      1 largest
2019/11/26 14:18:08.97 work_queue_worker[1] wq:     disk      0 inuse   2200 total   2200 smallest   2200 largest
2019/11/26 14:18:08.97 work_queue_worker[1] wq:   memory      0 inuse  11908 total  11908 smallest  11908 largest
2019/11/26 14:18:08.97 work_queue_worker[1] wq:     gpus      0 inuse      0 total      0 smallest      0 largest
2019/11/26 14:18:08.97 work_queue_worker[1] wq:    cores      0 inuse      1 total      1 smallest      1 largest
2019/11/26 14:18:08.97 work_queue_worker[1] wq: tx to master: info end_of_resource_update 0
2019/11/26 14:18:08.97 work_queue_worker[1] wq: tx to master: info tasks_running 0
2019/11/26 14:18:08.97 work_queue_worker[1] wq: working for master at 10.0.237.2:1026.
2019/11/26 14:19:04.60 work_queue_worker[1] wq: rx from master: put file-0-36be22101ef1efa255f72734945e7792-query.fastq.1 2044000 0644 1
2019/11/26 14:19:04.60 work_queue_worker[1] wq: Putting file file-0-36be22101ef1efa255f72734945e7792-query.fastq.1 into workspace
2019/11/26 14:19:04.60 work_queue_worker[1] wq: Dir /cache already exists in cache
2019/11/26 14:19:04.60 work_queue_worker[1] wq: ****BRUNO***** cp BARRA: -> cp ./cache/file-0-36be22101ef1efa255f72734945e7792-query.fastq.1 /cache.
2019/11/26 14:19:04.61 work_queue_worker[1] wq: rx from master: put file-0-971da570f958f7598fb58342dc472274-ref.fasta.sa 50000056 0644 1
2019/11/26 14:19:04.61 work_queue_worker[1] wq: Putting file file-0-971da570f958f7598fb58342dc472274-ref.fasta.sa into workspace
2019/11/26 14:19:04.61 work_queue_worker[1] wq: Dir /cache already exists in cache
2019/11/26 14:19:04.67 work_queue_worker[1] wq: ****BRUNO***** cp BARRA: -> cp ./cache/file-0-971da570f958f7598fb58342dc472274-ref.fasta.sa /cache.
2019/11/26 14:19:04.74 work_queue_worker[1] wq: rx from master: put file-0-35f59a9883b4870b84f03717aff16002-ref.fasta.ann 5866697 0644 1
2019/11/26 14:19:04.74 work_queue_worker[1] wq: Putting file file-0-35f59a9883b4870b84f03717aff16002-ref.fasta.ann into workspace
2019/11/26 14:19:04.74 work_queue_worker[1] wq: Dir /cache already exists in cache
2019/11/26 14:19:04.75 work_queue_worker[1] wq: ****BRUNO***** cp BARRA: -> cp ./cache/file-0-35f59a9883b4870b84f03717aff16002-ref.fasta.ann /cache.
2019/11/26 14:19:04.76 work_queue_worker[1] wq: rx from master: put file-0-1aba5e7adecebe065db19a405fb8bdf0-ref.fasta.amb 19 0644 1
2019/11/26 14:19:04.76 work_queue_worker[1] wq: Putting file file-0-1aba5e7adecebe065db19a405fb8bdf0-ref.fasta.amb into workspace
2019/11/26 14:19:04.76 work_queue_worker[1] wq: Dir /cache already exists in cache
2019/11/26 14:19:04.76 work_queue_worker[1] wq: ****BRUNO***** cp BARRA: -> cp ./cache/file-0-1aba5e7adecebe065db19a405fb8bdf0-ref.fasta.amb /cache.
2019/11/26 14:19:04.77 work_queue_worker[1] wq: rx from master: put file-0-d4ff2b390cdd34b642d74a1cd1b59b97-ref.fasta.pac 25000002 0644 1
2019/11/26 14:19:04.77 work_queue_worker[1] wq: Putting file file-0-d4ff2b390cdd34b642d74a1cd1b59b97-ref.fasta.pac into workspace
2019/11/26 14:19:04.77 work_queue_worker[1] wq: Dir /cache already exists in cache
2019/11/26 14:19:04.80 work_queue_worker[1] wq: ****BRUNO***** cp BARRA: -> cp ./cache/file-0-d4ff2b390cdd34b642d74a1cd1b59b97-ref.fasta.pac /cache.
2019/11/26 14:19:04.84 work_queue_worker[1] wq: rx from master: put file-0-0cadea4f68da3f941c5b5f0c963a59f8-ref.fasta.bwt 100000072 0644 1
2019/11/26 14:19:04.84 work_queue_worker[1] wq: Putting file file-0-0cadea4f68da3f941c5b5f0c963a59f8-ref.fasta.bwt into workspace
2019/11/26 14:19:04.84 work_queue_worker[1] wq: Dir /cache already exists in cache
2019/11/26 14:19:04.97 work_queue_worker[1] wq: ****BRUNO***** cp BARRA: -> cp ./cache/file-0-0cadea4f68da3f941c5b5f0c963a59f8-ref.fasta.bwt /cache.
2019/11/26 14:19:07.85 work_queue_worker[1] wq: rx from master: put file-0-b08c3e9746692f64bcb9a448620c7967-ref.fasta 105477790 0644 1
2019/11/26 14:19:07.85 work_queue_worker[1] wq: Putting file file-0-b08c3e9746692f64bcb9a448620c7967-ref.fasta into workspace
2019/11/26 14:19:07.85 work_queue_worker[1] wq: Dir /cache already exists in cache
2019/11/26 14:19:07.99 work_queue_worker[1] wq: ****BRUNO***** cp BARRA: -> cp ./cache/file-0-b08c3e9746692f64bcb9a448620c7967-ref.fasta /cache.
2019/11/26 14:19:11.01 work_queue_worker[1] wq: rx from master: put file-0-a6be17d8a097bb9efd120be10bbc654c-bwa 1444312 0755 1
2019/11/26 14:19:11.01 work_queue_worker[1] wq: Putting file file-0-a6be17d8a097bb9efd120be10bbc654c-bwa into workspace
2019/11/26 14:19:11.01 work_queue_worker[1] wq: Dir /cache already exists in cache
2019/11/26 14:19:11.01 work_queue_worker[1] wq: ****BRUNO***** cp BARRA: -> cp ./cache/file-0-a6be17d8a097bb9efd120be10bbc654c-bwa /cache.
2019/11/26 14:19:11.02 work_queue_worker[1] wq: rx from master: task 9
2019/11/26 14:19:11.02 work_queue_worker[1] wq: rx from master: cmd 58
2019/11/26 14:19:11.02 work_queue_worker[1] wq: rx from master: ./bwa mem ref.fasta query.fastq.1 > Out.1.sam 2> mem.1.err
2019/11/26 14:19:11.02 work_queue_worker[1] wq: rx from master: category default
2019/11/26 14:19:11.02 work_queue_worker[1] wq: rx from master: cores 1
2019/11/26 14:19:11.02 work_queue_worker[1] wq: rx from master: memory 11908
2019/11/26 14:19:11.02 work_queue_worker[1] wq: rx from master: disk 2200
2019/11/26 14:19:11.02 work_queue_worker[1] wq: rx from master: gpus 0
2019/11/26 14:19:11.02 work_queue_worker[1] wq: rx from master: end_time 18446744073709551615
2019/11/26 14:19:11.02 work_queue_worker[1] wq: rx from master: wall_time 18446744073709551615
2019/11/26 14:19:11.02 work_queue_worker[1] wq: rx from master: env 7
2019/11/26 14:19:11.02 work_queue_worker[1] wq: rx from master: env 17
2019/11/26 14:19:11.02 work_queue_worker[1] wq: rx from master: infile file-0-36be22101ef1efa255f72734945e7792-query.fastq.1 query.fastq.1 1
2019/11/26 14:19:11.02 work_queue_worker[1] wq: rx from master: infile file-0-971da570f958f7598fb58342dc472274-ref.fasta.sa ref.fasta.sa 1
2019/11/26 14:19:11.02 work_queue_worker[1] wq: rx from master: infile file-0-35f59a9883b4870b84f03717aff16002-ref.fasta.ann ref.fasta.ann 1
2019/11/26 14:19:11.02 work_queue_worker[1] wq: rx from master: infile file-0-1aba5e7adecebe065db19a405fb8bdf0-ref.fasta.amb ref.fasta.amb 1
2019/11/26 14:19:11.02 work_queue_worker[1] wq: rx from master: infile file-0-d4ff2b390cdd34b642d74a1cd1b59b97-ref.fasta.pac ref.fasta.pac 1
2019/11/26 14:19:11.02 work_queue_worker[1] wq: rx from master: infile file-0-0cadea4f68da3f941c5b5f0c963a59f8-ref.fasta.bwt ref.fasta.bwt 1
2019/11/26 14:19:11.02 work_queue_worker[1] wq: rx from master: infile file-0-b08c3e9746692f64bcb9a448620c7967-ref.fasta ref.fasta 1
2019/11/26 14:19:11.02 work_queue_worker[1] wq: rx from master: infile file-0-a6be17d8a097bb9efd120be10bbc654c-bwa bwa 1
2019/11/26 14:19:11.02 work_queue_worker[1] wq: rx from master: outfile file-0-6ce5695cd9ed6b47d03e8a8f1636ab45-mem.1.err mem.1.err 1
2019/11/26 14:19:11.02 work_queue_worker[1] wq: rx from master: outfile file-0-c49af255fef711106674026dc2a81b75-Out.1.sam Out.1.sam 1
2019/11/26 14:19:11.02 work_queue_worker[1] wq: rx from master: end
2019/11/26 14:19:11.02 work_queue_worker[1] wq: tx to master: info cached_files file-0-6a3566a41d4cc2c0ac4ec7bfaab41382-query.fastq.6
2019/11/26 14:19:11.02 work_queue_worker[1] wq: tx to master: info cached_files file-0-d4ff2b390cdd34b642d74a1cd1b59b97-ref.fasta.pac
2019/11/26 14:19:11.02 work_queue_worker[1] wq: tx to master: info cached_files file-0-1aba5e7adecebe065db19a405fb8bdf0-ref.fasta.amb
2019/11/26 14:19:11.02 work_queue_worker[1] wq: tx to master: info cached_files file-0-b08c3e9746692f64bcb9a448620c7967-ref.fasta
2019/11/26 14:19:11.02 work_queue_worker[1] wq: tx to master: info cached_files file-0-ca460a46b92c00497c427b9d5c9ec7aa-query.fastq.2
2019/11/26 14:19:11.02 work_queue_worker[1] wq: tx to master: info cached_files file-0-6fc1453ebcb4c31e04f426871fd36430-query.fastq.7
2019/11/26 14:19:11.02 work_queue_worker[1] wq: tx to master: info cached_files file-0-0cadea4f68da3f941c5b5f0c963a59f8-ref.fasta.bwt
2019/11/26 14:19:11.02 work_queue_worker[1] wq: tx to master: info cached_files file-0-a6be17d8a097bb9efd120be10bbc654c-bwa
2019/11/26 14:19:11.02 work_queue_worker[1] wq: tx to master: info cached_files file-0-971da570f958f7598fb58342dc472274-ref.fasta.sa
2019/11/26 14:19:11.02 work_queue_worker[1] wq: tx to master: info cached_files file-0-cdcb812e1d4b3d86022e7dd488b06452-query.fastq.3
2019/11/26 14:19:11.02 work_queue_worker[1] wq: tx to master: info cached_files file-0-6f85758c582abc1bb82cf0a8491389b5-query.fastq.0
2019/11/26 14:19:11.02 work_queue_worker[1] wq: tx to master: info cached_files file-0-36be22101ef1efa255f72734945e7792-query.fastq.1
2019/11/26 14:19:11.02 work_queue_worker[1] wq: tx to master: info cached_files file-0-35f59a9883b4870b84f03717aff16002-ref.fasta.ann
2019/11/26 14:19:11.08 work_queue_worker[1] wq: linking cache/file-0-36be22101ef1efa255f72734945e7792-query.fastq.1 to /tmp/worker-0-1/t.9/query.fastq.1
2019/11/26 14:19:11.08 work_queue_worker[1] wq: linking cache/file-0-971da570f958f7598fb58342dc472274-ref.fasta.sa to /tmp/worker-0-1/t.9/ref.fasta.sa
2019/11/26 14:19:11.08 work_queue_worker[1] wq: linking cache/file-0-35f59a9883b4870b84f03717aff16002-ref.fasta.ann to /tmp/worker-0-1/t.9/ref.fasta.ann
2019/11/26 14:19:11.08 work_queue_worker[1] wq: linking cache/file-0-1aba5e7adecebe065db19a405fb8bdf0-ref.fasta.amb to /tmp/worker-0-1/t.9/ref.fasta.amb
2019/11/26 14:19:11.08 work_queue_worker[1] wq: linking cache/file-0-d4ff2b390cdd34b642d74a1cd1b59b97-ref.fasta.pac to /tmp/worker-0-1/t.9/ref.fasta.pac
2019/11/26 14:19:11.08 work_queue_worker[1] wq: linking cache/file-0-0cadea4f68da3f941c5b5f0c963a59f8-ref.fasta.bwt to /tmp/worker-0-1/t.9/ref.fasta.bwt
2019/11/26 14:19:11.08 work_queue_worker[1] wq: linking cache/file-0-b08c3e9746692f64bcb9a448620c7967-ref.fasta to /tmp/worker-0-1/t.9/ref.fasta
2019/11/26 14:19:11.08 work_queue_worker[1] wq: linking cache/file-0-a6be17d8a097bb9efd120be10bbc654c-bwa to /tmp/worker-0-1/t.9/bwa
2019/11/26 14:19:11.08 work_queue_worker[1] wq: Waiting task 9 has been forsaken.
2019/11/26 14:19:11.08 work_queue_worker[1] wq: tx to master: alive
2019/11/26 14:19:11.08 work_queue_worker[1] wq: Sending resource description to master:
2019/11/26 14:19:11.08 work_queue_worker[1] wq:  workers      0 inuse      1 total      1 smallest      1 largest
2019/11/26 14:19:11.08 work_queue_worker[1] wq:     disk    276 inuse   1750 total   1750 smallest   1750 largest
2019/11/26 14:19:11.08 work_queue_worker[1] wq:   memory      0 inuse  11908 total  11908 smallest  11908 largest
2019/11/26 14:19:11.08 work_queue_worker[1] wq:     gpus      0 inuse      0 total      0 smallest      0 largest
2019/11/26 14:19:11.08 work_queue_worker[1] wq:    cores      0 inuse      1 total      1 smallest      1 largest
2019/11/26 14:19:11.08 work_queue_worker[1] wq: tx to master: info end_of_resource_update 0
2019/11/26 14:19:11.08 work_queue_worker[1] wq: tx to master: info tasks_running 0
2019/11/26 14:19:11.08 work_queue_worker[1] wq: tx to master: info tasks_running 0
2019/11/26 14:19:11.08 work_queue_worker[1] wq: tx to master: available_results
2019/11/26 14:19:14.68 work_queue_worker[1] wq: rx from master: send_results -1
2019/11/26 14:19:14.68 work_queue_worker[1] wq: tx to master: result 40 0 0 0 9
2019/11/26 14:19:14.68 work_queue_worker[1] wq: tx to master: info tasks_running 0
2019/11/26 14:19:14.68 work_queue_worker[1] wq: tx to master: end
2019/11/26 14:19:14.68 work_queue_worker[1] wq: rx from master: task 9
2019/11/26 14:19:14.68 work_queue_worker[1] wq: rx from master: cmd 58
2019/11/26 14:19:14.68 work_queue_worker[1] wq: rx from master: ./bwa mem ref.fasta query.fastq.1 > Out.1.sam 2> mem.1.err
2019/11/26 14:19:14.68 work_queue_worker[1] wq: rx from master: category default
2019/11/26 14:19:14.68 work_queue_worker[1] wq: rx from master: cores 1
2019/11/26 14:19:14.68 work_queue_worker[1] wq: rx from master: memory 11908
2019/11/26 14:19:14.68 work_queue_worker[1] wq: rx from master: disk 1750
2019/11/26 14:19:14.68 work_queue_worker[1] wq: rx from master: gpus 0
2019/11/26 14:19:14.68 work_queue_worker[1] wq: rx from master: end_time 18446744073709551615
2019/11/26 14:19:14.68 work_queue_worker[1] wq: rx from master: wall_time 18446744073709551615
2019/11/26 14:19:14.68 work_queue_worker[1] wq: rx from master: env 7
2019/11/26 14:19:14.68 work_queue_worker[1] wq: rx from master: env 17
2019/11/26 14:19:14.68 work_queue_worker[1] wq: rx from master: infile file-0-36be22101ef1efa255f72734945e7792-query.fastq.1 query.fastq.1 1
2019/11/26 14:19:14.68 work_queue_worker[1] wq: rx from master: infile file-0-971da570f958f7598fb58342dc472274-ref.fasta.sa ref.fasta.sa 1
2019/11/26 14:19:14.68 work_queue_worker[1] wq: rx from master: infile file-0-35f59a9883b4870b84f03717aff16002-ref.fasta.ann ref.fasta.ann 1
2019/11/26 14:19:14.68 work_queue_worker[1] wq: rx from master: infile file-0-1aba5e7adecebe065db19a405fb8bdf0-ref.fasta.amb ref.fasta.amb 1
2019/11/26 14:19:14.68 work_queue_worker[1] wq: rx from master: infile file-0-d4ff2b390cdd34b642d74a1cd1b59b97-ref.fasta.pac ref.fasta.pac 1
2019/11/26 14:19:14.68 work_queue_worker[1] wq: rx from master: infile file-0-0cadea4f68da3f941c5b5f0c963a59f8-ref.fasta.bwt ref.fasta.bwt 1
2019/11/26 14:19:14.68 work_queue_worker[1] wq: rx from master: infile file-0-b08c3e9746692f64bcb9a448620c7967-ref.fasta ref.fasta 1
2019/11/26 14:19:14.68 work_queue_worker[1] wq: rx from master: infile file-0-a6be17d8a097bb9efd120be10bbc654c-bwa bwa 1
2019/11/26 14:19:14.68 work_queue_worker[1] wq: rx from master: outfile file-0-6ce5695cd9ed6b47d03e8a8f1636ab45-mem.1.err mem.1.err 1
2019/11/26 14:19:14.68 work_queue_worker[1] wq: rx from master: outfile file-0-c49af255fef711106674026dc2a81b75-Out.1.sam Out.1.sam 1
2019/11/26 14:19:14.68 work_queue_worker[1] wq: rx from master: end
2019/11/26 14:19:14.68 work_queue_worker[1] wq: tx to master: info cached_files file-0-c5ee5a022e0a239ae11f2cc3e034beda-query.fastq.4
2019/11/26 14:19:14.68 work_queue_worker[1] wq: linking cache/file-0-36be22101ef1efa255f72734945e7792-query.fastq.1 to /tmp/worker-0-1/t.9/query.fastq.1
2019/11/26 14:19:14.68 work_queue_worker[1] wq: linking cache/file-0-971da570f958f7598fb58342dc472274-ref.fasta.sa to /tmp/worker-0-1/t.9/ref.fasta.sa
2019/11/26 14:19:14.68 work_queue_worker[1] wq: linking cache/file-0-35f59a9883b4870b84f03717aff16002-ref.fasta.ann to /tmp/worker-0-1/t.9/ref.fasta.ann
2019/11/26 14:19:14.68 work_queue_worker[1] wq: linking cache/file-0-1aba5e7adecebe065db19a405fb8bdf0-ref.fasta.amb to /tmp/worker-0-1/t.9/ref.fasta.amb
2019/11/26 14:19:14.68 work_queue_worker[1] wq: linking cache/file-0-d4ff2b390cdd34b642d74a1cd1b59b97-ref.fasta.pac to /tmp/worker-0-1/t.9/ref.fasta.pac
2019/11/26 14:19:14.68 work_queue_worker[1] wq: linking cache/file-0-0cadea4f68da3f941c5b5f0c963a59f8-ref.fasta.bwt to /tmp/worker-0-1/t.9/ref.fasta.bwt
2019/11/26 14:19:14.68 work_queue_worker[1] wq: linking cache/file-0-b08c3e9746692f64bcb9a448620c7967-ref.fasta to /tmp/worker-0-1/t.9/ref.fasta
2019/11/26 14:19:14.68 work_queue_worker[1] wq: linking cache/file-0-a6be17d8a097bb9efd120be10bbc654c-bwa to /tmp/worker-0-1/t.9/bwa
2019/11/26 14:19:14.68 work_queue_worker[1] wq: started process 29: ./bwa mem ref.fasta query.fastq.1 > Out.1.sam 2> mem.1.err
2019/11/26 14:19:14.68 work_queue_worker[1] wq: tx to master: info tasks_running 1
2019/11/26 14:19:17.18 work_queue_worker[1] wq: task 9 (pid 29) exited normally with exit code 0
2019/11/26 14:19:17.18 work_queue_worker[1] wq: moving output file from /tmp/worker-0-1/t.9/mem.1.err to cache/file-0-6ce5695cd9ed6b47d03e8a8f1636ab45-mem.1.err
2019/11/26 14:19:17.18 work_queue_worker[1] wq: moving output file from /tmp/worker-0-1/t.9/Out.1.sam to cache/file-0-c49af255fef711106674026dc2a81b75-Out.1.sam
2019/11/26 14:19:17.18 work_queue_worker[1] wq: tx to master: available_results
2019/11/26 14:19:17.81 work_queue_worker[1] wq: rx from master: send_results -1
2019/11/26 14:19:17.81 work_queue_worker[1] wq: tx to master: result 0 0 0 2500139 9
2019/11/26 14:19:17.81 work_queue_worker[1] wq: tx to master: info tasks_running 0
2019/11/26 14:19:17.81 work_queue_worker[1] wq: tx to master: end
2019/11/26 14:19:18.49 work_queue_worker[1] wq: rx from master: get file-0-6ce5695cd9ed6b47d03e8a8f1636ab45-mem.1.err 1
2019/11/26 14:19:18.49 work_queue_worker[1] wq: tx to master: file file-0-6ce5695cd9ed6b47d03e8a8f1636ab45-mem.1.err 297
2019/11/26 14:19:18.49 work_queue_worker[1] wq: tx to master: end
2019/11/26 14:19:18.49 work_queue_worker[1] wq: rx from master: get file-0-c49af255fef711106674026dc2a81b75-Out.1.sam 1
2019/11/26 14:19:18.49 work_queue_worker[1] wq: tx to master: file file-0-c49af255fef711106674026dc2a81b75-Out.1.sam 7097696
2019/11/26 14:19:18.49 work_queue_worker[1] wq: tx to master: end
2019/11/26 14:19:18.50 work_queue_worker[1] wq: rx from master: kill 9
2019/11/26 14:19:18.50 work_queue_worker[1] wq: ---- DELETING: /tmp/worker-0-1/t.9
2019/11/26 14:19:30.24 work_queue_worker[1] wq: rx from master: put file-0-048045060f61089a83cce204e6b8f151-corr.out 0 0644 1
2019/11/26 14:19:30.24 work_queue_worker[1] wq: Putting file file-0-048045060f61089a83cce204e6b8f151-corr.out into workspace
2019/11/26 14:19:30.24 work_queue_worker[1] wq: Dir /cache already exists in cache
2019/11/26 14:19:30.24 work_queue_worker[1] wq: ****BRUNO***** cp BARRA: -> cp ./cache/file-0-048045060f61089a83cce204e6b8f151-corr.out /cache.
2019/11/26 14:19:30.24 work_queue_worker[1] wq: rx from master: put file-0-2dd01aa1d6ecd63ec055ab381d19f030-ref.fasta.94 1055000 0644 1
2019/11/26 14:19:30.24 work_queue_worker[1] wq: Putting file file-0-2dd01aa1d6ecd63ec055ab381d19f030-ref.fasta.94 into workspace
2019/11/26 14:19:30.24 work_queue_worker[1] wq: Dir /cache already exists in cache
2019/11/26 14:19:30.24 work_queue_worker[1] wq: ****BRUNO***** cp BARRA: -> cp ./cache/file-0-2dd01aa1d6ecd63ec055ab381d19f030-ref.fasta.94 /cache.
2019/11/26 14:19:30.24 work_queue_worker[1] wq: rx from master: put file-0-ddd728dc31a49bcd4cacae5676b4e7f7-Create_Corrected_AllLRReads.py 1402 0755 1
2019/11/26 14:19:30.24 work_queue_worker[1] wq: Putting file file-0-ddd728dc31a49bcd4cacae5676b4e7f7-Create_Corrected_AllLRReads.py into workspace
2019/11/26 14:19:30.24 work_queue_worker[1] wq: Dir /cache already exists in cache
2019/11/26 14:19:30.25 work_queue_worker[1] wq: ****BRUNO***** cp BARRA: -> cp ./cache/file-0-ddd728dc31a49bcd4cacae5676b4e7f7-Create_Corrected_AllLRReads.py /cache.
2019/11/26 14:19:30.25 work_queue_worker[1] wq: rx from master: task 18
2019/11/26 14:19:30.25 work_queue_worker[1] wq: rx from master: cmd 76
2019/11/26 14:19:30.25 work_queue_worker[1] wq: rx from master: python Create_Corrected_AllLRReads.py ref.fasta.94 corr.out 2> create.err.94
2019/11/26 14:19:30.25 work_queue_worker[1] wq: rx from master: category default
2019/11/26 14:19:30.25 work_queue_worker[1] wq: rx from master: cores 1
2019/11/26 14:19:30.25 work_queue_worker[1] wq: rx from master: memory 11908
2019/11/26 14:19:30.25 work_queue_worker[1] wq: rx from master: disk 1750
2019/11/26 14:19:30.25 work_queue_worker[1] wq: rx from master: gpus 0
2019/11/26 14:19:30.25 work_queue_worker[1] wq: rx from master: end_time 18446744073709551615
2019/11/26 14:19:30.25 work_queue_worker[1] wq: rx from master: wall_time 18446744073709551615
2019/11/26 14:19:30.25 work_queue_worker[1] wq: rx from master: env 7
2019/11/26 14:19:30.25 work_queue_worker[1] wq: rx from master: env 17
2019/11/26 14:19:30.25 work_queue_worker[1] wq: rx from master: infile file-0-048045060f61089a83cce204e6b8f151-corr.out corr.out 1
2019/11/26 14:19:30.25 work_queue_worker[1] wq: rx from master: infile file-0-2dd01aa1d6ecd63ec055ab381d19f030-ref.fasta.94 ref.fasta.94 1
2019/11/26 14:19:30.25 work_queue_worker[1] wq: rx from master: infile file-0-ddd728dc31a49bcd4cacae5676b4e7f7-Create_Corrected_AllLRReads.py Create_Corrected_AllLRReads.py 1
2019/11/26 14:19:30.25 work_queue_worker[1] wq: rx from master: outfile file-0-e0f82e6a134c8c3e4f5d60248d78aa5a-create.err.94 create.err.94 1
2019/11/26 14:19:30.25 work_queue_worker[1] wq: rx from master: outfile file-0-4fbcb939e1a528429f280245d2634f18-Corrected_ref.fasta.94 Corrected_ref.fasta.94 1
2019/11/26 14:19:30.25 work_queue_worker[1] wq: rx from master: end
2019/11/26 14:19:30.25 work_queue_worker[1] wq: tx to master: info cached_files file-0-ec2a8ddc7358fb1db3022befed687cc2-samtools
2019/11/26 14:19:30.25 work_queue_worker[1] wq: tx to master: info cached_files file-0-e2087ea59ad023a9a6b94da242aa400a-ref.fasta.99
2019/11/26 14:19:30.25 work_queue_worker[1] wq: tx to master: info cached_files file-0-11ac100e7c885c7ba05e6e81cabe3d13-ref.fasta.98
2019/11/26 14:19:30.25 work_queue_worker[1] wq: tx to master: info cached_files file-0-2dd01aa1d6ecd63ec055ab381d19f030-ref.fasta.94
2019/11/26 14:19:30.25 work_queue_worker[1] wq: tx to master: info cached_files file-0-ddd728dc31a49bcd4cacae5676b4e7f7-Create_Corrected_AllLRReads.py
2019/11/26 14:19:30.25 work_queue_worker[1] wq: tx to master: info cached_files file-0-7e84d12fe76710de61a1e1012d161708-ref.fasta.95
2019/11/26 14:19:30.25 work_queue_worker[1] wq: tx to master: info cached_files file-0-048045060f61089a83cce204e6b8f151-corr.out
2019/11/26 14:19:30.25 work_queue_worker[1] wq: tx to master: info cached_files file-0-0f24a7a06e09ee83d231974ea7e8cb42-Out.sam
2019/11/26 14:19:30.25 work_queue_worker[1] wq: tx to master: info cached_files file-0-6ff7f7e5220a8cc8bb8326b3ed99cd8d-ref.fasta.97
2019/11/26 14:19:30.25 work_queue_worker[1] wq: tx to master: info cached_files file-0-2a278d767b3c1eecdf4ecc1907d928f1-ref.fasta.96
2019/11/26 14:19:30.25 work_queue_worker[1] wq: linking cache/file-0-048045060f61089a83cce204e6b8f151-corr.out to /tmp/worker-0-1/t.18/corr.out
2019/11/26 14:19:30.25 work_queue_worker[1] wq: linking cache/file-0-2dd01aa1d6ecd63ec055ab381d19f030-ref.fasta.94 to /tmp/worker-0-1/t.18/ref.fasta.94
2019/11/26 14:19:30.25 work_queue_worker[1] wq: linking cache/file-0-ddd728dc31a49bcd4cacae5676b4e7f7-Create_Corrected_AllLRReads.py to /tmp/worker-0-1/t.18/Create_Corrected_AllLRReads.py
2019/11/26 14:19:30.25 work_queue_worker[1] wq: Waiting task 18 has been forsaken.
2019/11/26 14:19:30.25 work_queue_worker[1] wq: tx to master: alive
2019/11/26 14:19:30.25 work_queue_worker[1] wq: Sending resource description to master:
2019/11/26 14:19:30.25 work_queue_worker[1] wq:  workers      0 inuse      1 total      1 smallest      1 largest
2019/11/26 14:19:30.25 work_queue_worker[1] wq:     disk      7 inuse   1594 total   1594 smallest   1594 largest
2019/11/26 14:19:30.25 work_queue_worker[1] wq:   memory      0 inuse  11908 total  11908 smallest  11908 largest
2019/11/26 14:19:30.25 work_queue_worker[1] wq:     gpus      0 inuse      0 total      0 smallest      0 largest
2019/11/26 14:19:30.25 work_queue_worker[1] wq:    cores      0 inuse      1 total      1 smallest      1 largest
2019/11/26 14:19:30.25 work_queue_worker[1] wq: tx to master: info end_of_resource_update 0
2019/11/26 14:19:30.25 work_queue_worker[1] wq: tx to master: info tasks_running 0
2019/11/26 14:19:30.25 work_queue_worker[1] wq: tx to master: info tasks_running 0
2019/11/26 14:19:30.25 work_queue_worker[1] wq: tx to master: available_results
2019/11/26 14:19:31.47 work_queue_worker[1] wq: rx from master: send_results -1
2019/11/26 14:19:31.47 work_queue_worker[1] wq: tx to master: result 40 0 0 0 18
2019/11/26 14:19:31.47 work_queue_worker[1] wq: tx to master: info tasks_running 0
2019/11/26 14:19:31.47 work_queue_worker[1] wq: tx to master: end
2019/11/26 14:19:31.86 work_queue_worker[1] wq: rx from master: put file-0-25a16fc2d472252b5fba2a0fe26d77ad-ref.fasta.73 1055000 0644 1
2019/11/26 14:19:31.86 work_queue_worker[1] wq: Putting file file-0-25a16fc2d472252b5fba2a0fe26d77ad-ref.fasta.73 into workspace
2019/11/26 14:19:31.86 work_queue_worker[1] wq: Dir /cache already exists in cache
2019/11/26 14:19:31.87 work_queue_worker[1] wq: ****BRUNO***** cp BARRA: -> cp ./cache/file-0-25a16fc2d472252b5fba2a0fe26d77ad-ref.fasta.73 /cache.
2019/11/26 14:19:31.87 work_queue_worker[1] wq: rx from master: task 39
2019/11/26 14:19:31.87 work_queue_worker[1] wq: rx from master: cmd 76
2019/11/26 14:19:31.87 work_queue_worker[1] wq: rx from master: python Create_Corrected_AllLRReads.py ref.fasta.73 corr.out 2> create.err.73
2019/11/26 14:19:31.87 work_queue_worker[1] wq: rx from master: category default
2019/11/26 14:19:31.87 work_queue_worker[1] wq: rx from master: cores 1
2019/11/26 14:19:31.87 work_queue_worker[1] wq: rx from master: memory 11908
2019/11/26 14:19:31.87 work_queue_worker[1] wq: rx from master: disk 1594
2019/11/26 14:19:31.87 work_queue_worker[1] wq: rx from master: gpus 0
2019/11/26 14:19:31.87 work_queue_worker[1] wq: rx from master: end_time 18446744073709551615
2019/11/26 14:19:31.87 work_queue_worker[1] wq: rx from master: wall_time 18446744073709551615
2019/11/26 14:19:31.87 work_queue_worker[1] wq: rx from master: env 7
2019/11/26 14:19:31.87 work_queue_worker[1] wq: rx from master: env 17
2019/11/26 14:19:31.87 work_queue_worker[1] wq: rx from master: infile file-0-048045060f61089a83cce204e6b8f151-corr.out corr.out 1
2019/11/26 14:19:31.87 work_queue_worker[1] wq: rx from master: infile file-0-25a16fc2d472252b5fba2a0fe26d77ad-ref.fasta.73 ref.fasta.73 1
2019/11/26 14:19:31.87 work_queue_worker[1] wq: rx from master: infile file-0-ddd728dc31a49bcd4cacae5676b4e7f7-Create_Corrected_AllLRReads.py Create_Corrected_AllLRReads.py 1
2019/11/26 14:19:31.87 work_queue_worker[1] wq: rx from master: outfile file-0-dfd7bd75c14e9dca81c4412429696b1f-create.err.73 create.err.73 1
2019/11/26 14:19:31.87 work_queue_worker[1] wq: rx from master: outfile file-0-919dd2028bc9a754b9bda57e1534e366-Corrected_ref.fasta.73 Corrected_ref.fasta.73 1
2019/11/26 14:19:31.87 work_queue_worker[1] wq: rx from master: end
2019/11/26 14:19:31.87 work_queue_worker[1] wq: tx to master: info cached_files file-0-42b180f996a16a7c4f6c17fd385de074-ref.fasta.77
2019/11/26 14:19:31.87 work_queue_worker[1] wq: tx to master: info cached_files file-0-7ab30a43881e8e0cd0a3ea551fefd6f9-ref.fasta.78
2019/11/26 14:19:31.87 work_queue_worker[1] wq: tx to master: info cached_files file-0-0200ff9e3f5dbb460563f55171b67d14-ref.fasta.87
2019/11/26 14:19:31.87 work_queue_worker[1] wq: tx to master: info cached_files file-0-dc3757db948407bd7c6cc58ee6b04c2b-ref.fasta.75
2019/11/26 14:19:31.87 work_queue_worker[1] wq: tx to master: info cached_files file-0-a2792d718b5c0288a5eb7fae4c2221f6-ref.fasta.74
2019/11/26 14:19:31.87 work_queue_worker[1] wq: tx to master: info cached_files file-0-7c5feeaf69ccc86ea59ef0ec05f2de87-ref.fasta.90
2019/11/26 14:19:31.87 work_queue_worker[1] wq: tx to master: info cached_files file-0-25a16fc2d472252b5fba2a0fe26d77ad-ref.fasta.73
2019/11/26 14:19:31.87 work_queue_worker[1] wq: tx to master: info cached_files file-0-d804d5ca9c60ae1de1c5a8ef6852f76c-ref.fasta.82
2019/11/26 14:19:31.87 work_queue_worker[1] wq: tx to master: info cached_files file-0-ef3a6351196ab7a7f4d4e6aae1e0dab6-ref.fasta.80
2019/11/26 14:19:31.87 work_queue_worker[1] wq: tx to master: info cached_files file-0-c542de4a90195893e9d865e54f0520dc-ref.fasta.81
2019/11/26 14:19:31.87 work_queue_worker[1] wq: tx to master: info cached_files file-0-9d36663bc9ba2664f9d818064c36dc63-ref.fasta.84
2019/11/26 14:19:31.87 work_queue_worker[1] wq: tx to master: info cached_files file-0-ebb823aa7f8ca0bee255225c31ab00f1-ref.fasta.76
2019/11/26 14:19:31.88 work_queue_worker[1] wq: linking cache/file-0-048045060f61089a83cce204e6b8f151-corr.out to /tmp/worker-0-1/t.39/corr.out
2019/11/26 14:19:31.88 work_queue_worker[1] wq: linking cache/file-0-25a16fc2d472252b5fba2a0fe26d77ad-ref.fasta.73 to /tmp/worker-0-1/t.39/ref.fasta.73
2019/11/26 14:19:31.88 work_queue_worker[1] wq: linking cache/file-0-ddd728dc31a49bcd4cacae5676b4e7f7-Create_Corrected_AllLRReads.py to /tmp/worker-0-1/t.39/Create_Corrected_AllLRReads.py
2019/11/26 14:19:31.88 work_queue_worker[1] wq: started process 47: python Create_Corrected_AllLRReads.py ref.fasta.73 corr.out 2> create.err.73
2019/11/26 14:19:31.88 work_queue_worker[1] wq: tx to master: info tasks_running 1
2019/11/26 14:19:31.95 work_queue_worker[1] wq: task 39 (pid 47) exited normally with exit code 0
2019/11/26 14:19:31.95 work_queue_worker[1] wq: moving output file from /tmp/worker-0-1/t.39/create.err.73 to cache/file-0-dfd7bd75c14e9dca81c4412429696b1f-create.err.73
2019/11/26 14:19:31.95 work_queue_worker[1] wq: moving output file from /tmp/worker-0-1/t.39/Corrected_ref.fasta.73 to cache/file-0-919dd2028bc9a754b9bda57e1534e366-Corrected_ref.fasta.73
2019/11/26 14:19:31.95 work_queue_worker[1] wq: tx to master: available_results
2019/11/26 14:19:32.25 work_queue_worker[1] wq: rx from master: send_results -1
2019/11/26 14:19:32.25 work_queue_worker[1] wq: tx to master: result 0 0 0 65986 39
2019/11/26 14:19:32.25 work_queue_worker[1] wq: tx to master: info tasks_running 0
2019/11/26 14:19:32.25 work_queue_worker[1] wq: tx to master: end
2019/11/26 14:19:32.27 work_queue_worker[1] wq: rx from master: get file-0-dfd7bd75c14e9dca81c4412429696b1f-create.err.73 1
2019/11/26 14:19:32.27 work_queue_worker[1] wq: tx to master: file file-0-dfd7bd75c14e9dca81c4412429696b1f-create.err.73 0
2019/11/26 14:19:32.27 work_queue_worker[1] wq: tx to master: end
2019/11/26 14:19:32.27 work_queue_worker[1] wq: rx from master: get file-0-919dd2028bc9a754b9bda57e1534e366-Corrected_ref.fasta.73 1
2019/11/26 14:19:32.27 work_queue_worker[1] wq: tx to master: file file-0-919dd2028bc9a754b9bda57e1534e366-Corrected_ref.fasta.73 1055000
2019/11/26 14:19:32.27 work_queue_worker[1] wq: tx to master: end
2019/11/26 14:19:32.27 work_queue_worker[1] wq: rx from master: kill 39
2019/11/26 14:19:32.27 work_queue_worker[1] wq: ---- DELETING: /tmp/worker-0-1/t.39
2019/11/26 14:19:32.65 work_queue_worker[1] wq: rx from master: put file-0-7c6b6de8591e484b855e5d604b284b7f-ref.fasta.62 1055000 0644 1
2019/11/26 14:19:32.65 work_queue_worker[1] wq: Putting file file-0-7c6b6de8591e484b855e5d604b284b7f-ref.fasta.62 into workspace
2019/11/26 14:19:32.65 work_queue_worker[1] wq: Dir /cache already exists in cache
2019/11/26 14:19:32.65 work_queue_worker[1] wq: ****BRUNO***** cp BARRA: -> cp ./cache/file-0-7c6b6de8591e484b855e5d604b284b7f-ref.fasta.62 /cache.
2019/11/26 14:19:32.66 work_queue_worker[1] wq: rx from master: task 50
2019/11/26 14:19:32.66 work_queue_worker[1] wq: rx from master: cmd 76
2019/11/26 14:19:32.66 work_queue_worker[1] wq: rx from master: python Create_Corrected_AllLRReads.py ref.fasta.62 corr.out 2> create.err.62
2019/11/26 14:19:32.66 work_queue_worker[1] wq: rx from master: category default
2019/11/26 14:19:32.66 work_queue_worker[1] wq: rx from master: cores 1
2019/11/26 14:19:32.66 work_queue_worker[1] wq: rx from master: memory 11908
2019/11/26 14:19:32.66 work_queue_worker[1] wq: rx from master: disk 1594
2019/11/26 14:19:32.66 work_queue_worker[1] wq: rx from master: gpus 0
2019/11/26 14:19:32.66 work_queue_worker[1] wq: rx from master: end_time 18446744073709551615
2019/11/26 14:19:32.66 work_queue_worker[1] wq: rx from master: wall_time 18446744073709551615
2019/11/26 14:19:32.66 work_queue_worker[1] wq: rx from master: env 7
2019/11/26 14:19:32.66 work_queue_worker[1] wq: rx from master: env 17
2019/11/26 14:19:32.66 work_queue_worker[1] wq: rx from master: infile file-0-048045060f61089a83cce204e6b8f151-corr.out corr.out 1
2019/11/26 14:19:32.66 work_queue_worker[1] wq: rx from master: infile file-0-7c6b6de8591e484b855e5d604b284b7f-ref.fasta.62 ref.fasta.62 1
2019/11/26 14:19:32.66 work_queue_worker[1] wq: rx from master: infile file-0-ddd728dc31a49bcd4cacae5676b4e7f7-Create_Corrected_AllLRReads.py Create_Corrected_AllLRReads.py 1
2019/11/26 14:19:32.66 work_queue_worker[1] wq: rx from master: outfile file-0-2ec75c26943aa8d07c69c7763c5aaefd-create.err.62 create.err.62 1
2019/11/26 14:19:32.66 work_queue_worker[1] wq: rx from master: outfile file-0-180be77863f797c853281db8208fe598-Corrected_ref.fasta.62 Corrected_ref.fasta.62 1
2019/11/26 14:19:32.66 work_queue_worker[1] wq: rx from master: end
2019/11/26 14:19:32.66 work_queue_worker[1] wq: tx to master: info cached_files file-0-d09d93464f183fb37458ff5a8a8a5612-ref.fasta.69
2019/11/26 14:19:32.66 work_queue_worker[1] wq: tx to master: info cached_files file-0-9ae624b2bed16864dec7d9179e0d8396-ref.fasta.63
2019/11/26 14:19:32.66 work_queue_worker[1] wq: tx to master: info cached_files file-0-b8b2cf1b96c384c3e1a11a8277300acb-ref.fasta.65
2019/11/26 14:19:32.66 work_queue_worker[1] wq: tx to master: info cached_files file-0-7c6b6de8591e484b855e5d604b284b7f-ref.fasta.62
2019/11/26 14:19:32.66 work_queue_worker[1] wq: tx to master: info cached_files file-0-bc1ca4a7d217f08f6cfed4b9fc896252-ref.fasta.67
2019/11/26 14:19:32.66 work_queue_worker[1] wq: tx to master: info cached_files file-0-79217875622aebfd0d7107090a612981-ref.fasta.66
2019/11/26 14:19:32.66 work_queue_worker[1] wq: tx to master: info cached_files file-0-6d9af94acc6e511419d1c4d938cdce58-ref.fasta.64
2019/11/26 14:19:32.66 work_queue_worker[1] wq: linking cache/file-0-048045060f61089a83cce204e6b8f151-corr.out to /tmp/worker-0-1/t.50/corr.out
2019/11/26 14:19:32.66 work_queue_worker[1] wq: linking cache/file-0-7c6b6de8591e484b855e5d604b284b7f-ref.fasta.62 to /tmp/worker-0-1/t.50/ref.fasta.62
2019/11/26 14:19:32.66 work_queue_worker[1] wq: linking cache/file-0-ddd728dc31a49bcd4cacae5676b4e7f7-Create_Corrected_AllLRReads.py to /tmp/worker-0-1/t.50/Create_Corrected_AllLRReads.py
2019/11/26 14:19:32.66 work_queue_worker[1] wq: started process 53: python Create_Corrected_AllLRReads.py ref.fasta.62 corr.out 2> create.err.62
2019/11/26 14:19:32.66 work_queue_worker[1] wq: tx to master: info tasks_running 1
2019/11/26 14:19:32.73 work_queue_worker[1] wq: task 50 (pid 53) exited normally with exit code 0
2019/11/26 14:19:32.73 work_queue_worker[1] wq: moving output file from /tmp/worker-0-1/t.50/create.err.62 to cache/file-0-2ec75c26943aa8d07c69c7763c5aaefd-create.err.62
2019/11/26 14:19:32.73 work_queue_worker[1] wq: moving output file from /tmp/worker-0-1/t.50/Corrected_ref.fasta.62 to cache/file-0-180be77863f797c853281db8208fe598-Corrected_ref.fasta.62
2019/11/26 14:19:32.73 work_queue_worker[1] wq: tx to master: available_results
2019/11/26 14:19:32.74 work_queue_worker[1] wq: rx from master: send_results -1
2019/11/26 14:19:32.74 work_queue_worker[1] wq: tx to master: result 0 0 0 69524 50
2019/11/26 14:19:32.74 work_queue_worker[1] wq: tx to master: info tasks_running 0
2019/11/26 14:19:32.74 work_queue_worker[1] wq: tx to master: end
2019/11/26 14:19:33.05 work_queue_worker[1] wq: rx from master: get file-0-2ec75c26943aa8d07c69c7763c5aaefd-create.err.62 1
2019/11/26 14:19:33.05 work_queue_worker[1] wq: tx to master: file file-0-2ec75c26943aa8d07c69c7763c5aaefd-create.err.62 0
2019/11/26 14:19:33.05 work_queue_worker[1] wq: tx to master: end
2019/11/26 14:19:33.05 work_queue_worker[1] wq: rx from master: get file-0-180be77863f797c853281db8208fe598-Corrected_ref.fasta.62 1
2019/11/26 14:19:33.05 work_queue_worker[1] wq: tx to master: file file-0-180be77863f797c853281db8208fe598-Corrected_ref.fasta.62 1055000
2019/11/26 14:19:33.05 work_queue_worker[1] wq: tx to master: end
2019/11/26 14:19:33.05 work_queue_worker[1] wq: rx from master: kill 50
2019/11/26 14:19:33.05 work_queue_worker[1] wq: ---- DELETING: /tmp/worker-0-1/t.50
2019/11/26 14:19:33.44 work_queue_worker[1] wq: rx from master: put file-0-e1af37b18745ab00ff1aa35803e1fc31-ref.fasta.47 1055000 0644 1
2019/11/26 14:19:33.44 work_queue_worker[1] wq: Putting file file-0-e1af37b18745ab00ff1aa35803e1fc31-ref.fasta.47 into workspace
2019/11/26 14:19:33.44 work_queue_worker[1] wq: Dir /cache already exists in cache
2019/11/26 14:19:33.45 work_queue_worker[1] wq: ****BRUNO***** cp BARRA: -> cp ./cache/file-0-e1af37b18745ab00ff1aa35803e1fc31-ref.fasta.47 /cache.
2019/11/26 14:19:33.45 work_queue_worker[1] wq: rx from master: task 65
2019/11/26 14:19:33.45 work_queue_worker[1] wq: rx from master: cmd 76
2019/11/26 14:19:33.45 work_queue_worker[1] wq: rx from master: python Create_Corrected_AllLRReads.py ref.fasta.47 corr.out 2> create.err.47
2019/11/26 14:19:33.45 work_queue_worker[1] wq: rx from master: category default
2019/11/26 14:19:33.45 work_queue_worker[1] wq: rx from master: cores 1
2019/11/26 14:19:33.45 work_queue_worker[1] wq: rx from master: memory 11908
2019/11/26 14:19:33.45 work_queue_worker[1] wq: rx from master: disk 1594
2019/11/26 14:19:33.45 work_queue_worker[1] wq: rx from master: gpus 0
2019/11/26 14:19:33.45 work_queue_worker[1] wq: rx from master: end_time 18446744073709551615
2019/11/26 14:19:33.45 work_queue_worker[1] wq: rx from master: wall_time 18446744073709551615
2019/11/26 14:19:33.45 work_queue_worker[1] wq: rx from master: env 7
2019/11/26 14:19:33.45 work_queue_worker[1] wq: rx from master: env 17
2019/11/26 14:19:33.45 work_queue_worker[1] wq: rx from master: infile file-0-048045060f61089a83cce204e6b8f151-corr.out corr.out 1
2019/11/26 14:19:33.45 work_queue_worker[1] wq: rx from master: infile file-0-e1af37b18745ab00ff1aa35803e1fc31-ref.fasta.47 ref.fasta.47 1
2019/11/26 14:19:33.45 work_queue_worker[1] wq: rx from master: infile file-0-ddd728dc31a49bcd4cacae5676b4e7f7-Create_Corrected_AllLRReads.py Create_Corrected_AllLRReads.py 1
2019/11/26 14:19:33.45 work_queue_worker[1] wq: rx from master: outfile file-0-0e4c57d6fadbbf61856c1ac6e85aed21-create.err.47 create.err.47 1
2019/11/26 14:19:33.45 work_queue_worker[1] wq: rx from master: outfile file-0-8ac3216182ff51a953cb0cb508f59fc6-Corrected_ref.fasta.47 Corrected_ref.fasta.47 1
2019/11/26 14:19:33.45 work_queue_worker[1] wq: rx from master: end
2019/11/26 14:19:33.45 work_queue_worker[1] wq: tx to master: info cached_files file-0-1e2ccc2800e62719f71c768767d32c8d-ref.fasta.48
2019/11/26 14:19:33.45 work_queue_worker[1] wq: tx to master: info cached_files file-0-12f74b83f5f1f0924035fede1ab30a10-ref.fasta.55
2019/11/26 14:19:33.45 work_queue_worker[1] wq: tx to master: info cached_files file-0-fa8b6c281c62434419601a5ed8923e8a-ref.fasta.61
2019/11/26 14:19:33.45 work_queue_worker[1] wq: tx to master: info cached_files file-0-e1af37b18745ab00ff1aa35803e1fc31-ref.fasta.47
2019/11/26 14:19:33.45 work_queue_worker[1] wq: tx to master: info cached_files file-0-1e1985547bd185ddfff8586fb564cf05-ref.fasta.56
2019/11/26 14:19:33.45 work_queue_worker[1] wq: tx to master: info cached_files file-0-a63627e608d364336fb0c9b853994cba-ref.fasta.57
2019/11/26 14:19:33.45 work_queue_worker[1] wq: tx to master: info cached_files file-0-7ebb87a80850a1ade2cff2ceccf5129c-ref.fasta.51
2019/11/26 14:19:33.45 work_queue_worker[1] wq: tx to master: info cached_files file-0-9d4591a0309983c19547ae292f9fa39e-ref.fasta.49
2019/11/26 14:19:33.45 work_queue_worker[1] wq: tx to master: info cached_files file-0-6b77758e715240c9b679c49306fe2944-ref.fasta.52
2019/11/26 14:19:33.45 work_queue_worker[1] wq: tx to master: info cached_files file-0-5913a6d569285ed628a484e34fd3c8a4-ref.fasta.53
2019/11/26 14:19:33.45 work_queue_worker[1] wq: tx to master: info cached_files file-0-366d3c2c81ebc3be3a65de8f1315194f-ref.fasta.50
2019/11/26 14:19:33.45 work_queue_worker[1] wq: linking cache/file-0-048045060f61089a83cce204e6b8f151-corr.out to /tmp/worker-0-1/t.65/corr.out
2019/11/26 14:19:33.45 work_queue_worker[1] wq: linking cache/file-0-e1af37b18745ab00ff1aa35803e1fc31-ref.fasta.47 to /tmp/worker-0-1/t.65/ref.fasta.47
2019/11/26 14:19:33.45 work_queue_worker[1] wq: linking cache/file-0-ddd728dc31a49bcd4cacae5676b4e7f7-Create_Corrected_AllLRReads.py to /tmp/worker-0-1/t.65/Create_Corrected_AllLRReads.py
2019/11/26 14:19:33.45 work_queue_worker[1] wq: Waiting task 65 has been forsaken.
2019/11/26 14:19:33.45 work_queue_worker[1] wq: tx to master: alive
2019/11/26 14:19:33.45 work_queue_worker[1] wq: Sending resource description to master:
2019/11/26 14:19:33.45 work_queue_worker[1] wq:  workers      0 inuse      1 total      1 smallest      1 largest
2019/11/26 14:19:33.45 work_queue_worker[1] wq:     disk      9 inuse   1324 total   1324 smallest   1324 largest
2019/11/26 14:19:33.45 work_queue_worker[1] wq:   memory      0 inuse  11908 total  11908 smallest  11908 largest
2019/11/26 14:19:33.45 work_queue_worker[1] wq:     gpus      0 inuse      0 total      0 smallest      0 largest
2019/11/26 14:19:33.45 work_queue_worker[1] wq:    cores      0 inuse      1 total      1 smallest      1 largest
2019/11/26 14:19:33.45 work_queue_worker[1] wq: tx to master: info end_of_resource_update 0
2019/11/26 14:19:33.45 work_queue_worker[1] wq: tx to master: info tasks_running 0
2019/11/26 14:19:33.45 work_queue_worker[1] wq: tx to master: info tasks_running 0
2019/11/26 14:19:33.45 work_queue_worker[1] wq: tx to master: available_results
2019/11/26 14:19:33.50 work_queue_worker[1] wq: rx from master: send_results -1
2019/11/26 14:19:33.50 work_queue_worker[1] wq: tx to master: result 40 0 0 0 65
2019/11/26 14:19:33.50 work_queue_worker[1] wq: tx to master: info tasks_running 0
2019/11/26 14:19:33.50 work_queue_worker[1] wq: tx to master: end
2019/11/26 14:19:33.51 work_queue_worker[1] wq: rx from master: put file-0-c605fc0439959feae0390357f17419b2-ref.fasta.37 1055000 0644 1
2019/11/26 14:19:33.51 work_queue_worker[1] wq: Putting file file-0-c605fc0439959feae0390357f17419b2-ref.fasta.37 into workspace
2019/11/26 14:19:33.51 work_queue_worker[1] wq: Dir /cache already exists in cache
2019/11/26 14:19:33.51 work_queue_worker[1] wq: ****BRUNO***** cp BARRA: -> cp ./cache/file-0-c605fc0439959feae0390357f17419b2-ref.fasta.37 /cache.
2019/11/26 14:19:33.51 work_queue_worker[1] wq: rx from master: task 75
2019/11/26 14:19:33.51 work_queue_worker[1] wq: rx from master: cmd 76
2019/11/26 14:19:33.51 work_queue_worker[1] wq: rx from master: python Create_Corrected_AllLRReads.py ref.fasta.37 corr.out 2> create.err.37
2019/11/26 14:19:33.51 work_queue_worker[1] wq: rx from master: category default
2019/11/26 14:19:33.51 work_queue_worker[1] wq: rx from master: cores 1
2019/11/26 14:19:33.51 work_queue_worker[1] wq: rx from master: memory 11908
2019/11/26 14:19:33.51 work_queue_worker[1] wq: rx from master: disk 1324
2019/11/26 14:19:33.51 work_queue_worker[1] wq: rx from master: gpus 0
2019/11/26 14:19:33.51 work_queue_worker[1] wq: rx from master: end_time 18446744073709551615
2019/11/26 14:19:33.51 work_queue_worker[1] wq: rx from master: wall_time 18446744073709551615
2019/11/26 14:19:33.51 work_queue_worker[1] wq: rx from master: env 7
2019/11/26 14:19:33.51 work_queue_worker[1] wq: rx from master: env 17
2019/11/26 14:19:33.51 work_queue_worker[1] wq: rx from master: infile file-0-048045060f61089a83cce204e6b8f151-corr.out corr.out 1
2019/11/26 14:19:33.51 work_queue_worker[1] wq: rx from master: infile file-0-c605fc0439959feae0390357f17419b2-ref.fasta.37 ref.fasta.37 1
2019/11/26 14:19:33.51 work_queue_worker[1] wq: rx from master: infile file-0-ddd728dc31a49bcd4cacae5676b4e7f7-Create_Corrected_AllLRReads.py Create_Corrected_AllLRReads.py 1
2019/11/26 14:19:33.51 work_queue_worker[1] wq: rx from master: outfile file-0-cbde87290a67650f6667bc3af2be018f-create.err.37 create.err.37 1
2019/11/26 14:19:33.51 work_queue_worker[1] wq: rx from master: outfile file-0-d423e6aed7ceaf325978d672a6f9236a-Corrected_ref.fasta.37 Corrected_ref.fasta.37 1
2019/11/26 14:19:33.51 work_queue_worker[1] wq: rx from master: end
2019/11/26 14:19:33.51 work_queue_worker[1] wq: tx to master: info cached_files file-0-84b279ff5d2a74829bc89c2385228568-ref.fasta.41
2019/11/26 14:19:33.52 work_queue_worker[1] wq: tx to master: info cached_files file-0-c605fc0439959feae0390357f17419b2-ref.fasta.37
2019/11/26 14:19:33.52 work_queue_worker[1] wq: tx to master: info cached_files file-0-7509e4cb571ce79ae966eca79dc1dd5d-ref.fasta.43
2019/11/26 14:19:33.52 work_queue_worker[1] wq: tx to master: info cached_files file-0-bf7186ae56998c8a87eced988339f1c6-ref.fasta.42
2019/11/26 14:19:33.52 work_queue_worker[1] wq: tx to master: info cached_files file-0-11086871bd7c5a8d9ef50ddc34652dc4-ref.fasta.38
2019/11/26 14:19:33.52 work_queue_worker[1] wq: tx to master: info cached_files file-0-7649efd0db4ef988da69fb585788a4dd-ref.fasta.39
2019/11/26 14:19:33.52 work_queue_worker[1] wq: tx to master: info cached_files file-0-15ef306221695ea5170bb01e30ba54a8-ref.fasta.40
2019/11/26 14:19:33.53 work_queue_worker[1] wq: linking cache/file-0-048045060f61089a83cce204e6b8f151-corr.out to /tmp/worker-0-1/t.75/corr.out
2019/11/26 14:19:33.53 work_queue_worker[1] wq: linking cache/file-0-c605fc0439959feae0390357f17419b2-ref.fasta.37 to /tmp/worker-0-1/t.75/ref.fasta.37
2019/11/26 14:19:33.53 work_queue_worker[1] wq: linking cache/file-0-ddd728dc31a49bcd4cacae5676b4e7f7-Create_Corrected_AllLRReads.py to /tmp/worker-0-1/t.75/Create_Corrected_AllLRReads.py
2019/11/26 14:19:33.53 work_queue_worker[1] wq: started process 63: python Create_Corrected_AllLRReads.py ref.fasta.37 corr.out 2> create.err.37
2019/11/26 14:19:33.53 work_queue_worker[1] wq: tx to master: info tasks_running 1
2019/11/26 14:19:33.57 work_queue_worker[1] wq: task 75 (pid 63) exited normally with exit code 0
2019/11/26 14:19:33.57 work_queue_worker[1] wq: moving output file from /tmp/worker-0-1/t.75/create.err.37 to cache/file-0-cbde87290a67650f6667bc3af2be018f-create.err.37
2019/11/26 14:19:33.57 work_queue_worker[1] wq: moving output file from /tmp/worker-0-1/t.75/Corrected_ref.fasta.37 to cache/file-0-d423e6aed7ceaf325978d672a6f9236a-Corrected_ref.fasta.37
2019/11/26 14:19:33.57 work_queue_worker[1] wq: tx to master: available_results
2019/11/26 14:19:34.12 work_queue_worker[1] wq: rx from master: send_results -1
2019/11/26 14:19:34.12 work_queue_worker[1] wq: tx to master: result 0 0 0 45665 75
2019/11/26 14:19:34.12 work_queue_worker[1] wq: tx to master: info tasks_running 0
2019/11/26 14:19:34.12 work_queue_worker[1] wq: tx to master: end
2019/11/26 14:19:34.23 work_queue_worker[1] wq: rx from master: get file-0-cbde87290a67650f6667bc3af2be018f-create.err.37 1
2019/11/26 14:19:34.23 work_queue_worker[1] wq: tx to master: file file-0-cbde87290a67650f6667bc3af2be018f-create.err.37 0
2019/11/26 14:19:34.23 work_queue_worker[1] wq: tx to master: end
2019/11/26 14:19:34.23 work_queue_worker[1] wq: rx from master: get file-0-d423e6aed7ceaf325978d672a6f9236a-Corrected_ref.fasta.37 1
2019/11/26 14:19:34.23 work_queue_worker[1] wq: tx to master: file file-0-d423e6aed7ceaf325978d672a6f9236a-Corrected_ref.fasta.37 1055000
2019/11/26 14:19:34.23 work_queue_worker[1] wq: tx to master: end
2019/11/26 14:19:34.23 work_queue_worker[1] wq: rx from master: kill 75
2019/11/26 14:19:34.23 work_queue_worker[1] wq: ---- DELETING: /tmp/worker-0-1/t.75
2019/11/26 14:19:34.40 work_queue_worker[1] wq: rx from master: put file-0-4168598b82e1e2ebb63a7d86caf50185-ref.fasta.28 1055000 0644 1
2019/11/26 14:19:34.40 work_queue_worker[1] wq: Putting file file-0-4168598b82e1e2ebb63a7d86caf50185-ref.fasta.28 into workspace
2019/11/26 14:19:34.40 work_queue_worker[1] wq: Dir /cache already exists in cache
2019/11/26 14:19:34.40 work_queue_worker[1] wq: ****BRUNO***** cp BARRA: -> cp ./cache/file-0-4168598b82e1e2ebb63a7d86caf50185-ref.fasta.28 /cache.
2019/11/26 14:19:34.41 work_queue_worker[1] wq: rx from master: task 84
2019/11/26 14:19:34.41 work_queue_worker[1] wq: rx from master: cmd 76
2019/11/26 14:19:34.41 work_queue_worker[1] wq: rx from master: python Create_Corrected_AllLRReads.py ref.fasta.28 corr.out 2> create.err.28
2019/11/26 14:19:34.41 work_queue_worker[1] wq: rx from master: category default
2019/11/26 14:19:34.41 work_queue_worker[1] wq: rx from master: cores 1
2019/11/26 14:19:34.41 work_queue_worker[1] wq: rx from master: memory 11908
2019/11/26 14:19:34.41 work_queue_worker[1] wq: rx from master: disk 1324
2019/11/26 14:19:34.41 work_queue_worker[1] wq: rx from master: gpus 0
2019/11/26 14:19:34.41 work_queue_worker[1] wq: rx from master: end_time 18446744073709551615
2019/11/26 14:19:34.41 work_queue_worker[1] wq: rx from master: wall_time 18446744073709551615
2019/11/26 14:19:34.41 work_queue_worker[1] wq: rx from master: env 7
2019/11/26 14:19:34.41 work_queue_worker[1] wq: rx from master: env 17
2019/11/26 14:19:34.41 work_queue_worker[1] wq: rx from master: infile file-0-048045060f61089a83cce204e6b8f151-corr.out corr.out 1
2019/11/26 14:19:34.41 work_queue_worker[1] wq: rx from master: infile file-0-4168598b82e1e2ebb63a7d86caf50185-ref.fasta.28 ref.fasta.28 1
2019/11/26 14:19:34.41 work_queue_worker[1] wq: rx from master: infile file-0-ddd728dc31a49bcd4cacae5676b4e7f7-Create_Corrected_AllLRReads.py Create_Corrected_AllLRReads.py 1
2019/11/26 14:19:34.41 work_queue_worker[1] wq: rx from master: outfile file-0-48eb587eae499d4e2ed59b5b7ac8e36e-create.err.28 create.err.28 1
2019/11/26 14:19:34.41 work_queue_worker[1] wq: rx from master: outfile file-0-7930662fe4b7784dbb357845bdc7c3e3-Corrected_ref.fasta.28 Corrected_ref.fasta.28 1
2019/11/26 14:19:34.41 work_queue_worker[1] wq: rx from master: end
2019/11/26 14:19:34.41 work_queue_worker[1] wq: tx to master: info cached_files file-0-fb3ec5b7bc74b099f9b85fafce1dcdf1-ref.fasta.29
2019/11/26 14:19:34.41 work_queue_worker[1] wq: tx to master: info cached_files file-0-2074b572c8323b0fa32c1f74d40e6f33-ref.fasta.32
2019/11/26 14:19:34.41 work_queue_worker[1] wq: tx to master: info cached_files file-0-fba31afdf335011417a3240b50fb5f1d-ref.fasta.31
2019/11/26 14:19:34.41 work_queue_worker[1] wq: tx to master: info cached_files file-0-c63681d729e6b127a41a6905b7bf8cd3-ref.fasta.30
2019/11/26 14:19:34.41 work_queue_worker[1] wq: tx to master: info cached_files file-0-4168598b82e1e2ebb63a7d86caf50185-ref.fasta.28
2019/11/26 14:19:34.41 work_queue_worker[1] wq: tx to master: info cached_files file-0-aa439a3e5adc17fce5c36008635edd3d-ref.fasta.33
2019/11/26 14:19:34.41 work_queue_worker[1] wq: tx to master: info cached_files file-0-4e6844944429687ec56a0ba20d350bc8-ref.fasta.34
2019/11/26 14:19:34.42 work_queue_worker[1] wq: linking cache/file-0-048045060f61089a83cce204e6b8f151-corr.out to /tmp/worker-0-1/t.84/corr.out
2019/11/26 14:19:34.42 work_queue_worker[1] wq: linking cache/file-0-4168598b82e1e2ebb63a7d86caf50185-ref.fasta.28 to /tmp/worker-0-1/t.84/ref.fasta.28
2019/11/26 14:19:34.42 work_queue_worker[1] wq: linking cache/file-0-ddd728dc31a49bcd4cacae5676b4e7f7-Create_Corrected_AllLRReads.py to /tmp/worker-0-1/t.84/Create_Corrected_AllLRReads.py
2019/11/26 14:19:34.42 work_queue_worker[1] wq: started process 69: python Create_Corrected_AllLRReads.py ref.fasta.28 corr.out 2> create.err.28
2019/11/26 14:19:34.42 work_queue_worker[1] wq: tx to master: info tasks_running 1
2019/11/26 14:19:34.49 work_queue_worker[1] wq: task 84 (pid 69) exited normally with exit code 0
2019/11/26 14:19:34.49 work_queue_worker[1] wq: moving output file from /tmp/worker-0-1/t.84/create.err.28 to cache/file-0-48eb587eae499d4e2ed59b5b7ac8e36e-create.err.28
2019/11/26 14:19:34.49 work_queue_worker[1] wq: moving output file from /tmp/worker-0-1/t.84/Corrected_ref.fasta.28 to cache/file-0-7930662fe4b7784dbb357845bdc7c3e3-Corrected_ref.fasta.28
2019/11/26 14:19:34.49 work_queue_worker[1] wq: tx to master: available_results
2019/11/26 14:19:34.50 work_queue_worker[1] wq: rx from master: send_results -1
2019/11/26 14:19:34.50 work_queue_worker[1] wq: tx to master: result 0 0 0 75950 84
2019/11/26 14:19:34.50 work_queue_worker[1] wq: tx to master: info tasks_running 0
2019/11/26 14:19:34.50 work_queue_worker[1] wq: tx to master: end
2019/11/26 14:19:34.50 work_queue_worker[1] wq: rx from master: get file-0-48eb587eae499d4e2ed59b5b7ac8e36e-create.err.28 1
2019/11/26 14:19:34.50 work_queue_worker[1] wq: tx to master: file file-0-48eb587eae499d4e2ed59b5b7ac8e36e-create.err.28 0
2019/11/26 14:19:34.50 work_queue_worker[1] wq: tx to master: end
2019/11/26 14:19:34.50 work_queue_worker[1] wq: rx from master: get file-0-7930662fe4b7784dbb357845bdc7c3e3-Corrected_ref.fasta.28 1
2019/11/26 14:19:34.50 work_queue_worker[1] wq: tx to master: file file-0-7930662fe4b7784dbb357845bdc7c3e3-Corrected_ref.fasta.28 1055000
2019/11/26 14:19:34.50 work_queue_worker[1] wq: tx to master: end
2019/11/26 14:19:34.50 work_queue_worker[1] wq: rx from master: kill 84
2019/11/26 14:19:34.50 work_queue_worker[1] wq: ---- DELETING: /tmp/worker-0-1/t.84
2019/11/26 14:19:34.51 work_queue_worker[1] wq: rx from master: put file-0-2b408ecce6b0355d371c80b651c889f8-ref.fasta.18 1055000 0644 1
2019/11/26 14:19:34.51 work_queue_worker[1] wq: Putting file file-0-2b408ecce6b0355d371c80b651c889f8-ref.fasta.18 into workspace
2019/11/26 14:19:34.51 work_queue_worker[1] wq: Dir /cache already exists in cache
2019/11/26 14:19:34.51 work_queue_worker[1] wq: ****BRUNO***** cp BARRA: -> cp ./cache/file-0-2b408ecce6b0355d371c80b651c889f8-ref.fasta.18 /cache.
2019/11/26 14:19:34.52 work_queue_worker[1] wq: rx from master: task 94
2019/11/26 14:19:34.52 work_queue_worker[1] wq: rx from master: cmd 76
2019/11/26 14:19:34.52 work_queue_worker[1] wq: rx from master: python Create_Corrected_AllLRReads.py ref.fasta.18 corr.out 2> create.err.18
2019/11/26 14:19:34.52 work_queue_worker[1] wq: rx from master: category default
2019/11/26 14:19:34.52 work_queue_worker[1] wq: rx from master: cores 1
2019/11/26 14:19:34.52 work_queue_worker[1] wq: rx from master: memory 11908
2019/11/26 14:19:34.52 work_queue_worker[1] wq: rx from master: disk 1324
2019/11/26 14:19:34.52 work_queue_worker[1] wq: rx from master: gpus 0
2019/11/26 14:19:34.52 work_queue_worker[1] wq: rx from master: end_time 18446744073709551615
2019/11/26 14:19:34.52 work_queue_worker[1] wq: rx from master: wall_time 18446744073709551615
2019/11/26 14:19:34.52 work_queue_worker[1] wq: rx from master: env 7
2019/11/26 14:19:34.52 work_queue_worker[1] wq: rx from master: env 17
2019/11/26 14:19:34.52 work_queue_worker[1] wq: rx from master: infile file-0-048045060f61089a83cce204e6b8f151-corr.out corr.out 1
2019/11/26 14:19:34.52 work_queue_worker[1] wq: rx from master: infile file-0-2b408ecce6b0355d371c80b651c889f8-ref.fasta.18 ref.fasta.18 1
2019/11/26 14:19:34.52 work_queue_worker[1] wq: rx from master: infile file-0-ddd728dc31a49bcd4cacae5676b4e7f7-Create_Corrected_AllLRReads.py Create_Corrected_AllLRReads.py 1
2019/11/26 14:19:34.52 work_queue_worker[1] wq: rx from master: outfile file-0-595fb4693af43d75b1cbc82edbb69ac0-create.err.18 create.err.18 1
2019/11/26 14:19:34.52 work_queue_worker[1] wq: rx from master: outfile file-0-88d5d5079ab7eb98b74022c75a72ed72-Corrected_ref.fasta.18 Corrected_ref.fasta.18 1
2019/11/26 14:19:34.52 work_queue_worker[1] wq: rx from master: end
2019/11/26 14:19:34.52 work_queue_worker[1] wq: tx to master: info cached_files file-0-2b408ecce6b0355d371c80b651c889f8-ref.fasta.18
2019/11/26 14:19:34.52 work_queue_worker[1] wq: tx to master: info cached_files file-0-5b3b606ef2c77a0f099af1f26882e93e-ref.fasta.24
2019/11/26 14:19:34.52 work_queue_worker[1] wq: tx to master: info cached_files file-0-0286d1afff057cca7ea08b4e14e8c883-ref.fasta.21
2019/11/26 14:19:34.52 work_queue_worker[1] wq: tx to master: info cached_files file-0-12470dc35ac3e9d7f02a76cc8a9c00ea-ref.fasta.19
2019/11/26 14:19:34.52 work_queue_worker[1] wq: tx to master: info cached_files file-0-6cf9f33a625212dc074b741ec59773a3-ref.fasta.22
2019/11/26 14:19:34.52 work_queue_worker[1] wq: tx to master: info cached_files file-0-6255fe77cdaff2878a49d0145ff6776f-ref.fasta.23
2019/11/26 14:19:34.52 work_queue_worker[1] wq: tx to master: info cached_files file-0-8c12b2e81dd684a2bea395d788356753-ref.fasta.20
2019/11/26 14:19:34.53 work_queue_worker[1] wq: linking cache/file-0-048045060f61089a83cce204e6b8f151-corr.out to /tmp/worker-0-1/t.94/corr.out
2019/11/26 14:19:34.53 work_queue_worker[1] wq: linking cache/file-0-2b408ecce6b0355d371c80b651c889f8-ref.fasta.18 to /tmp/worker-0-1/t.94/ref.fasta.18
2019/11/26 14:19:34.53 work_queue_worker[1] wq: linking cache/file-0-ddd728dc31a49bcd4cacae5676b4e7f7-Create_Corrected_AllLRReads.py to /tmp/worker-0-1/t.94/Create_Corrected_AllLRReads.py
2019/11/26 14:19:34.53 work_queue_worker[1] wq: started process 75: python Create_Corrected_AllLRReads.py ref.fasta.18 corr.out 2> create.err.18
2019/11/26 14:19:34.53 work_queue_worker[1] wq: tx to master: info tasks_running 1
2019/11/26 14:19:34.60 work_queue_worker[1] wq: task 94 (pid 75) exited normally with exit code 0
2019/11/26 14:19:34.60 work_queue_worker[1] wq: moving output file from /tmp/worker-0-1/t.94/create.err.18 to cache/file-0-595fb4693af43d75b1cbc82edbb69ac0-create.err.18
2019/11/26 14:19:34.60 work_queue_worker[1] wq: moving output file from /tmp/worker-0-1/t.94/Corrected_ref.fasta.18 to cache/file-0-88d5d5079ab7eb98b74022c75a72ed72-Corrected_ref.fasta.18
2019/11/26 14:19:34.60 work_queue_worker[1] wq: tx to master: available_results
2019/11/26 14:19:34.60 work_queue_worker[1] wq: rx from master: send_results -1
2019/11/26 14:19:34.60 work_queue_worker[1] wq: tx to master: result 0 0 0 73587 94
2019/11/26 14:19:34.60 work_queue_worker[1] wq: tx to master: info tasks_running 0
2019/11/26 14:19:34.60 work_queue_worker[1] wq: tx to master: end
2019/11/26 14:19:34.60 work_queue_worker[1] wq: rx from master: get file-0-595fb4693af43d75b1cbc82edbb69ac0-create.err.18 1
2019/11/26 14:19:34.60 work_queue_worker[1] wq: tx to master: file file-0-595fb4693af43d75b1cbc82edbb69ac0-create.err.18 0
2019/11/26 14:19:34.60 work_queue_worker[1] wq: tx to master: end
2019/11/26 14:19:34.60 work_queue_worker[1] wq: rx from master: get file-0-88d5d5079ab7eb98b74022c75a72ed72-Corrected_ref.fasta.18 1
2019/11/26 14:19:34.60 work_queue_worker[1] wq: tx to master: file file-0-88d5d5079ab7eb98b74022c75a72ed72-Corrected_ref.fasta.18 1055000
2019/11/26 14:19:34.60 work_queue_worker[1] wq: tx to master: end
2019/11/26 14:19:34.61 work_queue_worker[1] wq: rx from master: kill 94
2019/11/26 14:19:34.61 work_queue_worker[1] wq: ---- DELETING: /tmp/worker-0-1/t.94
2019/11/26 14:19:34.61 work_queue_worker[1] wq: rx from master: put file-0-0d93fd3812287dfef20102e293f224d9-ref.fasta.11 1055000 0644 1
2019/11/26 14:19:34.61 work_queue_worker[1] wq: Putting file file-0-0d93fd3812287dfef20102e293f224d9-ref.fasta.11 into workspace
2019/11/26 14:19:34.61 work_queue_worker[1] wq: Dir /cache already exists in cache
2019/11/26 14:19:34.61 work_queue_worker[1] wq: ****BRUNO***** cp BARRA: -> cp ./cache/file-0-0d93fd3812287dfef20102e293f224d9-ref.fasta.11 /cache.
2019/11/26 14:19:34.61 work_queue_worker[1] wq: rx from master: task 101
2019/11/26 14:19:34.61 work_queue_worker[1] wq: rx from master: cmd 76
2019/11/26 14:19:34.61 work_queue_worker[1] wq: rx from master: python Create_Corrected_AllLRReads.py ref.fasta.11 corr.out 2> create.err.11
2019/11/26 14:19:34.61 work_queue_worker[1] wq: rx from master: category default
2019/11/26 14:19:34.61 work_queue_worker[1] wq: rx from master: cores 1
2019/11/26 14:19:34.61 work_queue_worker[1] wq: rx from master: memory 11908
2019/11/26 14:19:34.61 work_queue_worker[1] wq: rx from master: disk 1324
2019/11/26 14:19:34.61 work_queue_worker[1] wq: rx from master: gpus 0
2019/11/26 14:19:34.61 work_queue_worker[1] wq: rx from master: end_time 18446744073709551615
2019/11/26 14:19:34.61 work_queue_worker[1] wq: rx from master: wall_time 18446744073709551615
2019/11/26 14:19:34.61 work_queue_worker[1] wq: rx from master: env 7
2019/11/26 14:19:34.61 work_queue_worker[1] wq: rx from master: env 17
2019/11/26 14:19:34.61 work_queue_worker[1] wq: rx from master: infile file-0-048045060f61089a83cce204e6b8f151-corr.out corr.out 1
2019/11/26 14:19:34.61 work_queue_worker[1] wq: rx from master: infile file-0-0d93fd3812287dfef20102e293f224d9-ref.fasta.11 ref.fasta.11 1
2019/11/26 14:19:34.61 work_queue_worker[1] wq: rx from master: infile file-0-ddd728dc31a49bcd4cacae5676b4e7f7-Create_Corrected_AllLRReads.py Create_Corrected_AllLRReads.py 1
2019/11/26 14:19:34.61 work_queue_worker[1] wq: rx from master: outfile file-0-60f03c127c82c51ce45aee313704cba2-create.err.11 create.err.11 1
2019/11/26 14:19:34.61 work_queue_worker[1] wq: rx from master: outfile file-0-2e98d002169f1919fe880298d2242051-Corrected_ref.fasta.11 Corrected_ref.fasta.11 1
2019/11/26 14:19:34.61 work_queue_worker[1] wq: rx from master: end
2019/11/26 14:19:34.61 work_queue_worker[1] wq: tx to master: info cached_files file-0-595d6fd0783af5f1f9d6ac327ab7d0ae-ref.fasta.13
2019/11/26 14:19:34.61 work_queue_worker[1] wq: tx to master: info cached_files file-0-917a4e2b83f3c1cbe7ad084772249437-ref.fasta.12
2019/11/26 14:19:34.61 work_queue_worker[1] wq: tx to master: info cached_files file-0-be49a61a811f6f14a2896815f8aca4aa-ref.fasta.17
2019/11/26 14:19:34.61 work_queue_worker[1] wq: tx to master: info cached_files file-0-8c01ff49b1bac5dc2eea9e2a868b0a59-ref.fasta.15
2019/11/26 14:19:34.61 work_queue_worker[1] wq: tx to master: info cached_files file-0-8f17aa9e3e257f258b7505f485b7df21-ref.fasta.16
2019/11/26 14:19:34.61 work_queue_worker[1] wq: tx to master: info cached_files file-0-721aaf1524a5dc2f36a94b49c3f5d86a-ref.fasta.14
2019/11/26 14:19:34.61 work_queue_worker[1] wq: tx to master: info cached_files file-0-0d93fd3812287dfef20102e293f224d9-ref.fasta.11
2019/11/26 14:19:34.62 work_queue_worker[1] wq: linking cache/file-0-048045060f61089a83cce204e6b8f151-corr.out to /tmp/worker-0-1/t.101/corr.out
2019/11/26 14:19:34.62 work_queue_worker[1] wq: linking cache/file-0-0d93fd3812287dfef20102e293f224d9-ref.fasta.11 to /tmp/worker-0-1/t.101/ref.fasta.11
2019/11/26 14:19:34.62 work_queue_worker[1] wq: linking cache/file-0-ddd728dc31a49bcd4cacae5676b4e7f7-Create_Corrected_AllLRReads.py to /tmp/worker-0-1/t.101/Create_Corrected_AllLRReads.py
2019/11/26 14:19:34.62 work_queue_worker[1] wq: started process 81: python Create_Corrected_AllLRReads.py ref.fasta.11 corr.out 2> create.err.11
2019/11/26 14:19:34.62 work_queue_worker[1] wq: tx to master: info tasks_running 1
2019/11/26 14:19:34.68 work_queue_worker[1] wq: task 101 (pid 81) exited normally with exit code 0
2019/11/26 14:19:34.68 work_queue_worker[1] wq: moving output file from /tmp/worker-0-1/t.101/create.err.11 to cache/file-0-60f03c127c82c51ce45aee313704cba2-create.err.11
2019/11/26 14:19:34.68 work_queue_worker[1] wq: moving output file from /tmp/worker-0-1/t.101/Corrected_ref.fasta.11 to cache/file-0-2e98d002169f1919fe880298d2242051-Corrected_ref.fasta.11
2019/11/26 14:19:34.68 work_queue_worker[1] wq: tx to master: available_results
2019/11/26 14:19:34.78 work_queue_worker[1] wq: rx from master: send_results -1
2019/11/26 14:19:34.78 work_queue_worker[1] wq: tx to master: result 0 0 0 55597 101
2019/11/26 14:19:34.78 work_queue_worker[1] wq: tx to master: info tasks_running 0
2019/11/26 14:19:34.78 work_queue_worker[1] wq: tx to master: end
2019/11/26 14:19:34.99 work_queue_worker[1] wq: rx from master: get file-0-60f03c127c82c51ce45aee313704cba2-create.err.11 1
2019/11/26 14:19:34.99 work_queue_worker[1] wq: tx to master: file file-0-60f03c127c82c51ce45aee313704cba2-create.err.11 0
2019/11/26 14:19:34.99 work_queue_worker[1] wq: tx to master: end
2019/11/26 14:19:34.99 work_queue_worker[1] wq: rx from master: get file-0-2e98d002169f1919fe880298d2242051-Corrected_ref.fasta.11 1
2019/11/26 14:19:34.99 work_queue_worker[1] wq: tx to master: file file-0-2e98d002169f1919fe880298d2242051-Corrected_ref.fasta.11 1055000
2019/11/26 14:19:34.99 work_queue_worker[1] wq: tx to master: end
2019/11/26 14:19:34.99 work_queue_worker[1] wq: rx from master: kill 101
2019/11/26 14:19:34.99 work_queue_worker[1] wq: ---- DELETING: /tmp/worker-0-1/t.101
2019/11/26 14:19:35.15 work_queue_worker[1] wq: rx from master: put file-0-9dbb72d8dd139e33c36e645da8581cc4-ref.fasta.2 1053000 0644 1
2019/11/26 14:19:35.15 work_queue_worker[1] wq: Putting file file-0-9dbb72d8dd139e33c36e645da8581cc4-ref.fasta.2 into workspace
2019/11/26 14:19:35.15 work_queue_worker[1] wq: Dir /cache already exists in cache
2019/11/26 14:19:35.15 work_queue_worker[1] wq: ****BRUNO***** cp BARRA: -> cp ./cache/file-0-9dbb72d8dd139e33c36e645da8581cc4-ref.fasta.2 /cache.
2019/11/26 14:19:35.16 work_queue_worker[1] wq: rx from master: task 110
2019/11/26 14:19:35.16 work_queue_worker[1] wq: rx from master: cmd 74
2019/11/26 14:19:35.16 work_queue_worker[1] wq: rx from master: python Create_Corrected_AllLRReads.py ref.fasta.2 corr.out 2> create.err.2
2019/11/26 14:19:35.16 work_queue_worker[1] wq: rx from master: category default
2019/11/26 14:19:35.16 work_queue_worker[1] wq: rx from master: cores 1
2019/11/26 14:19:35.16 work_queue_worker[1] wq: rx from master: memory 11908
2019/11/26 14:19:35.16 work_queue_worker[1] wq: rx from master: disk 1324
2019/11/26 14:19:35.16 work_queue_worker[1] wq: rx from master: gpus 0
2019/11/26 14:19:35.16 work_queue_worker[1] wq: rx from master: end_time 18446744073709551615
2019/11/26 14:19:35.16 work_queue_worker[1] wq: rx from master: wall_time 18446744073709551615
2019/11/26 14:19:35.16 work_queue_worker[1] wq: rx from master: env 7
2019/11/26 14:19:35.16 work_queue_worker[1] wq: rx from master: env 17
2019/11/26 14:19:35.16 work_queue_worker[1] wq: rx from master: infile file-0-048045060f61089a83cce204e6b8f151-corr.out corr.out 1
2019/11/26 14:19:35.16 work_queue_worker[1] wq: rx from master: infile file-0-9dbb72d8dd139e33c36e645da8581cc4-ref.fasta.2 ref.fasta.2 1
2019/11/26 14:19:35.16 work_queue_worker[1] wq: rx from master: infile file-0-ddd728dc31a49bcd4cacae5676b4e7f7-Create_Corrected_AllLRReads.py Create_Corrected_AllLRReads.py 1
2019/11/26 14:19:35.16 work_queue_worker[1] wq: rx from master: outfile file-0-c0065d50667100fc883ffe80f8c0ff3f-create.err.2 create.err.2 1
2019/11/26 14:19:35.16 work_queue_worker[1] wq: rx from master: outfile file-0-3523f46cd692ea4bb87df93d90de3659-Corrected_ref.fasta.2 Corrected_ref.fasta.2 1
2019/11/26 14:19:35.16 work_queue_worker[1] wq: rx from master: end
2019/11/26 14:19:35.16 work_queue_worker[1] wq: tx to master: info cached_files file-0-0aa7fdc5df2e8aa834187cf07d905f1c-ref.fasta.3
2019/11/26 14:19:35.16 work_queue_worker[1] wq: tx to master: info cached_files file-0-30475cdf029099342b775fc85202fe97-ref.fasta.10
2019/11/26 14:19:35.16 work_queue_worker[1] wq: tx to master: info cached_files file-0-9dbb72d8dd139e33c36e645da8581cc4-ref.fasta.2
2019/11/26 14:19:35.16 work_queue_worker[1] wq: tx to master: info cached_files file-0-4b44ee8dff46dd1aa4bb1511d9442a2e-ref.fasta.5
2019/11/26 14:19:35.16 work_queue_worker[1] wq: tx to master: info cached_files file-0-40270ff4240d4ee0a2a2264053bee38d-ref.fasta.7
2019/11/26 14:19:35.16 work_queue_worker[1] wq: tx to master: info cached_files file-0-de3fc56a129f0eca0565c07c2f6f5d65-ref.fasta.6
2019/11/26 14:19:35.16 work_queue_worker[1] wq: tx to master: info cached_files file-0-d53b7362d9ad27f7af3cd0cb7105a051-ref.fasta.4
2019/11/26 14:19:35.16 work_queue_worker[1] wq: tx to master: info cached_files file-0-e1fd3d565f5a9462a45d8636a7a32668-ref.fasta.9
2019/11/26 14:19:35.17 work_queue_worker[1] wq: linking cache/file-0-048045060f61089a83cce204e6b8f151-corr.out to /tmp/worker-0-1/t.110/corr.out
2019/11/26 14:19:35.17 work_queue_worker[1] wq: linking cache/file-0-9dbb72d8dd139e33c36e645da8581cc4-ref.fasta.2 to /tmp/worker-0-1/t.110/ref.fasta.2
2019/11/26 14:19:35.17 work_queue_worker[1] wq: linking cache/file-0-ddd728dc31a49bcd4cacae5676b4e7f7-Create_Corrected_AllLRReads.py to /tmp/worker-0-1/t.110/Create_Corrected_AllLRReads.py
2019/11/26 14:19:35.17 work_queue_worker[1] wq: started process 87: python Create_Corrected_AllLRReads.py ref.fasta.2 corr.out 2> create.err.2
2019/11/26 14:19:35.17 work_queue_worker[1] wq: tx to master: info tasks_running 1
2019/11/26 14:19:35.23 work_queue_worker[1] wq: task 110 (pid 87) exited normally with exit code 0
2019/11/26 14:19:35.23 work_queue_worker[1] wq: moving output file from /tmp/worker-0-1/t.110/create.err.2 to cache/file-0-c0065d50667100fc883ffe80f8c0ff3f-create.err.2
2019/11/26 14:19:35.23 work_queue_worker[1] wq: moving output file from /tmp/worker-0-1/t.110/Corrected_ref.fasta.2 to cache/file-0-3523f46cd692ea4bb87df93d90de3659-Corrected_ref.fasta.2
2019/11/26 14:19:35.23 work_queue_worker[1] wq: tx to master: available_results
2019/11/26 14:19:35.24 work_queue_worker[1] wq: rx from master: send_results -1
2019/11/26 14:19:35.24 work_queue_worker[1] wq: tx to master: result 0 0 0 65933 110
2019/11/26 14:19:35.24 work_queue_worker[1] wq: tx to master: info tasks_running 0
2019/11/26 14:19:35.24 work_queue_worker[1] wq: tx to master: end
2019/11/26 14:19:35.25 work_queue_worker[1] wq: rx from master: get file-0-c0065d50667100fc883ffe80f8c0ff3f-create.err.2 1
2019/11/26 14:19:35.25 work_queue_worker[1] wq: tx to master: file file-0-c0065d50667100fc883ffe80f8c0ff3f-create.err.2 0
2019/11/26 14:19:35.25 work_queue_worker[1] wq: tx to master: end
2019/11/26 14:19:35.25 work_queue_worker[1] wq: rx from master: get file-0-3523f46cd692ea4bb87df93d90de3659-Corrected_ref.fasta.2 1
2019/11/26 14:19:35.25 work_queue_worker[1] wq: tx to master: file file-0-3523f46cd692ea4bb87df93d90de3659-Corrected_ref.fasta.2 1053000
2019/11/26 14:19:35.25 work_queue_worker[1] wq: tx to master: end
2019/11/26 14:19:35.25 work_queue_worker[1] wq: rx from master: kill 110
2019/11/26 14:19:35.25 work_queue_worker[1] wq: ---- DELETING: /tmp/worker-0-1/t.110
2019/11/26 14:19:35.26 work_queue_worker[1] wq: rx from master: task 45
2019/11/26 14:19:35.26 work_queue_worker[1] wq: rx from master: cmd 76
2019/11/26 14:19:35.26 work_queue_worker[1] wq: rx from master: python Create_Corrected_AllLRReads.py ref.fasta.67 corr.out 2> create.err.67
2019/11/26 14:19:35.26 work_queue_worker[1] wq: rx from master: category default
2019/11/26 14:19:35.26 work_queue_worker[1] wq: rx from master: cores 1
2019/11/26 14:19:35.26 work_queue_worker[1] wq: rx from master: memory 11908
2019/11/26 14:19:35.26 work_queue_worker[1] wq: rx from master: disk 1324
2019/11/26 14:19:35.26 work_queue_worker[1] wq: rx from master: gpus 0
2019/11/26 14:19:35.26 work_queue_worker[1] wq: rx from master: end_time 18446744073709551615
2019/11/26 14:19:35.26 work_queue_worker[1] wq: rx from master: wall_time 18446744073709551615
2019/11/26 14:19:35.26 work_queue_worker[1] wq: rx from master: env 7
2019/11/26 14:19:35.26 work_queue_worker[1] wq: rx from master: env 17
2019/11/26 14:19:35.26 work_queue_worker[1] wq: rx from master: infile file-0-048045060f61089a83cce204e6b8f151-corr.out corr.out 1
2019/11/26 14:19:35.26 work_queue_worker[1] wq: rx from master: infile file-0-bc1ca4a7d217f08f6cfed4b9fc896252-ref.fasta.67 ref.fasta.67 1
2019/11/26 14:19:35.26 work_queue_worker[1] wq: rx from master: infile file-0-ddd728dc31a49bcd4cacae5676b4e7f7-Create_Corrected_AllLRReads.py Create_Corrected_AllLRReads.py 1
2019/11/26 14:19:35.26 work_queue_worker[1] wq: rx from master: outfile file-0-4ba12b8ace67fcd816192a3a0ab4ab71-create.err.67 create.err.67 1
2019/11/26 14:19:35.26 work_queue_worker[1] wq: rx from master: outfile file-0-08caa705e78be4c10e0d8b165e57493f-Corrected_ref.fasta.67 Corrected_ref.fasta.67 1
2019/11/26 14:19:35.26 work_queue_worker[1] wq: rx from master: end
2019/11/26 14:19:35.26 work_queue_worker[1] wq: tx to master: info cached_files file-0-c1c5b5005550a9e9b359d2cf9e2f8a9a-ref.fasta.1
2019/11/26 14:19:35.27 work_queue_worker[1] wq: linking cache/file-0-048045060f61089a83cce204e6b8f151-corr.out to /tmp/worker-0-1/t.45/corr.out
2019/11/26 14:19:35.27 work_queue_worker[1] wq: linking cache/file-0-bc1ca4a7d217f08f6cfed4b9fc896252-ref.fasta.67 to /tmp/worker-0-1/t.45/ref.fasta.67
2019/11/26 14:19:35.27 work_queue_worker[1] wq: linking cache/file-0-ddd728dc31a49bcd4cacae5676b4e7f7-Create_Corrected_AllLRReads.py to /tmp/worker-0-1/t.45/Create_Corrected_AllLRReads.py
2019/11/26 14:19:35.27 work_queue_worker[1] wq: started process 91: python Create_Corrected_AllLRReads.py ref.fasta.67 corr.out 2> create.err.67
2019/11/26 14:19:35.27 work_queue_worker[1] wq: tx to master: info tasks_running 1
2019/11/26 14:19:35.34 work_queue_worker[1] wq: task 45 (pid 91) exited normally with exit code 0
2019/11/26 14:19:35.34 work_queue_worker[1] wq: moving output file from /tmp/worker-0-1/t.45/create.err.67 to cache/file-0-4ba12b8ace67fcd816192a3a0ab4ab71-create.err.67
2019/11/26 14:19:35.34 work_queue_worker[1] wq: moving output file from /tmp/worker-0-1/t.45/Corrected_ref.fasta.67 to cache/file-0-08caa705e78be4c10e0d8b165e57493f-Corrected_ref.fasta.67
2019/11/26 14:19:35.34 work_queue_worker[1] wq: tx to master: available_results
2019/11/26 14:19:35.34 work_queue_worker[1] wq: rx from master: send_results -1
2019/11/26 14:19:35.34 work_queue_worker[1] wq: tx to master: result 0 0 0 67579 45
2019/11/26 14:19:35.34 work_queue_worker[1] wq: tx to master: info tasks_running 0
2019/11/26 14:19:35.34 work_queue_worker[1] wq: tx to master: end
2019/11/26 14:19:35.35 work_queue_worker[1] wq: rx from master: get file-0-4ba12b8ace67fcd816192a3a0ab4ab71-create.err.67 1
2019/11/26 14:19:35.35 work_queue_worker[1] wq: tx to master: file file-0-4ba12b8ace67fcd816192a3a0ab4ab71-create.err.67 0
2019/11/26 14:19:35.35 work_queue_worker[1] wq: tx to master: end
2019/11/26 14:19:35.35 work_queue_worker[1] wq: rx from master: get file-0-08caa705e78be4c10e0d8b165e57493f-Corrected_ref.fasta.67 1
2019/11/26 14:19:35.35 work_queue_worker[1] wq: tx to master: file file-0-08caa705e78be4c10e0d8b165e57493f-Corrected_ref.fasta.67 1055000
2019/11/26 14:19:35.35 work_queue_worker[1] wq: tx to master: end
2019/11/26 14:19:35.35 work_queue_worker[1] wq: rx from master: kill 45
2019/11/26 14:19:35.35 work_queue_worker[1] wq: ---- DELETING: /tmp/worker-0-1/t.45
2019/11/26 14:19:37.45 work_queue_worker[1] wq: rx from master: release
2019/11/26 14:19:37.45 work_queue_worker[1] wq: released by master 10.0.237.2:1026.
2019/11/26 14:19:37.45 work_queue_worker[1] wq: *********** BRUNO ******** NOT cleaning workspace /tmp/worker-0-1
2019/11/26 14:19:37.45 work_queue_worker[1] wq: disconnecting from master 10.0.237.2:1026
2019/11/26 14:19:37.45 work_queue_worker[1] tcp: disconnected from 10.0.237.2 port 1026
2019/11/26 14:19:37.45 work_queue_worker[1] wq: killing all outstanding tasks
2019/11/26 14:19:37.45 work_queue_worker[1] wq: ---- DELETING: /tmp/worker-0-1/t.18
2019/11/26 14:19:37.45 work_queue_worker[1] wq: ---- DELETING: /tmp/worker-0-1/t.65
2019/11/26 14:19:37.45 work_queue_worker[1] wq: all data structures are clean
2019/11/26 14:19:38.45 work_queue_worker[1] tcp: connecting to 10.0.237.2 port 1026
