2019/11/22 17:42:12.17 work_queue_worker[1] debug: /home/cctools_BRUNO_bin/bin/work_queue_worker version 8.0.0 DEVELOPMENT (released 2019-11-06 16:35:57 +0000)
2019/11/22 17:42:12.17 work_queue_worker[1] debug: Built by root@2546322b0463 on 2019-11-06 16:35:57 +0000
2019/11/22 17:42:12.17 work_queue_worker[1] debug: System: Linux 2546322b0463 5.0.0-32-generic #34~18.04.2-Ubuntu SMP Thu Oct 10 10:36:02 UTC 2019 x86_64 x86_64 x86_64 GNU/Linux
2019/11/22 17:42:12.17 work_queue_worker[1] debug: Configuration: --prefix /home/cctools_BRUNO_bin
2019/11/22 17:42:12.18 work_queue_worker[1] wq: WORK_QUEUE_SANDBOX set to /tmp/worker-0-1.
2019/11/22 17:42:12.18 work_queue_worker[1] debug: error reading disk usage on directory: ./cache.
2019/11/22 17:42:12.18 work_queue_worker[1] dns: looking up name master
2019/11/22 17:42:12.18 work_queue_worker[1] dns: master is 10.0.72.2
2019/11/22 17:42:12.18 work_queue_worker[1] tcp: connecting to 10.0.72.2 port 1026
2019/11/22 17:42:12.18 work_queue_worker[1] tcp: made connection to 10.0.72.2 port 1026
2019/11/22 17:42:12.18 work_queue_worker[1] wq: connected to master master:1026 via local address 10.0.72.7:37502
2019/11/22 17:42:12.18 work_queue_worker[1] wq: preparing workspace /tmp/worker-0-1
2019/11/22 17:42:12.18 work_queue_worker[1] dns: looking up name a43013a29afa
2019/11/22 17:42:12.18 work_queue_worker[1] dns: a43013a29afa is 10.0.72.7
2019/11/22 17:42:12.18 work_queue_worker[1] dns: looking up addr 10.0.72.7
2019/11/22 17:42:12.18 work_queue_worker[1] dns: 10.0.72.7 is a43013a29afa
2019/11/22 17:42:12.18 work_queue_worker[1] dns: finding my hostname: uname = a43013a29afa, address = 10.0.72.7, hostname = a43013a29afa
2019/11/22 17:42:12.18 work_queue_worker[1] wq: tx to master: workqueue 8 a43013a29afa Linux x86_64 8.0.0
2019/11/22 17:42:12.18 work_queue_worker[1] wq: tx to master: info worker-id worker-2eb601d6c7c2ac7976d911101cec0f36
2019/11/22 17:42:12.18 work_queue_worker[1] wq: tx to master: info cached_files file-0-4e6844944429687ec56a0ba20d350bc8-ref.fasta.34
2019/11/22 17:42:12.18 work_queue_worker[1] wq: tx to master: info cached_files file-0-7e84d12fe76710de61a1e1012d161708-ref.fasta.95
2019/11/22 17:42:12.18 work_queue_worker[1] wq: tx to master: info cached_files file-0-8c12b2e81dd684a2bea395d788356753-ref.fasta.20
2019/11/22 17:42:12.18 work_queue_worker[1] wq: tx to master: info cached_files file-0-11ac100e7c885c7ba05e6e81cabe3d13-ref.fasta.98
2019/11/22 17:42:12.18 work_queue_worker[1] wq: tx to master: info cached_files file-0-ef7d821ac8daa95f0be4ce10eeaeb3c6-ref.fasta.93
2019/11/22 17:42:12.18 work_queue_worker[1] wq: tx to master: info cached_files file-0-a6be17d8a097bb9efd120be10bbc654c-bwa
2019/11/22 17:42:12.18 work_queue_worker[1] wq: tx to master: info cached_files file-0-ec2a8ddc7358fb1db3022befed687cc2-samtools
2019/11/22 17:42:12.18 work_queue_worker[1] wq: tx to master: info cached_files file-0-79217875622aebfd0d7107090a612981-ref.fasta.66
2019/11/22 17:42:12.18 work_queue_worker[1] wq: tx to master: info cached_files file-0-35f59a9883b4870b84f03717aff16002-ref.fasta.ann
2019/11/22 17:42:12.18 work_queue_worker[1] wq: tx to master: info cached_files file-0-2b408ecce6b0355d371c80b651c889f8-ref.fasta.18
2019/11/22 17:42:12.18 work_queue_worker[1] wq: tx to master: info cached_files file-0-ddd728dc31a49bcd4cacae5676b4e7f7-Create_Corrected_AllLRReads.py
2019/11/22 17:42:12.18 work_queue_worker[1] wq: tx to master: info cached_files file-0-d913049a4d72780e4307add72738d102-ref.fasta.60
2019/11/22 17:42:12.18 work_queue_worker[1] wq: tx to master: info cached_files file-0-9dbb72d8dd139e33c36e645da8581cc4-ref.fasta.2
2019/11/22 17:42:12.18 work_queue_worker[1] wq: tx to master: info cached_files file-0-bf7186ae56998c8a87eced988339f1c6-ref.fasta.42
2019/11/22 17:42:12.18 work_queue_worker[1] wq: tx to master: info cached_files file-0-6fc1453ebcb4c31e04f426871fd36430-query.fastq.7
2019/11/22 17:42:12.18 work_queue_worker[1] wq: tx to master: info cached_files file-0-a63627e608d364336fb0c9b853994cba-ref.fasta.57
2019/11/22 17:42:12.18 work_queue_worker[1] wq: tx to master: info cached_files file-0-bdb63e29446c6e8e27808af94d0bc963-query.fastq.9
2019/11/22 17:42:12.18 work_queue_worker[1] wq: tx to master: info cached_files file-0-0cadea4f68da3f941c5b5f0c963a59f8-ref.fasta.bwt
2019/11/22 17:42:12.18 work_queue_worker[1] wq: tx to master: info cached_files file-0-6cf9f33a625212dc074b741ec59773a3-ref.fasta.22
2019/11/22 17:42:12.18 work_queue_worker[1] wq: tx to master: info cached_files file-0-0f24a7a06e09ee83d231974ea7e8cb42-Out.sam
2019/11/22 17:42:12.18 work_queue_worker[1] wq: tx to master: info cached_files file-0-a1390e6a488a52d4a53323630be8883e-ref.fasta.25
2019/11/22 17:42:12.18 work_queue_worker[1] wq: tx to master: info cached_files file-0-be49a61a811f6f14a2896815f8aca4aa-ref.fasta.17
2019/11/22 17:42:12.18 work_queue_worker[1] wq: tx to master: info cached_files file-0-0286d1afff057cca7ea08b4e14e8c883-ref.fasta.21
2019/11/22 17:42:12.18 work_queue_worker[1] wq: tx to master: info cached_files file-0-d804d5ca9c60ae1de1c5a8ef6852f76c-ref.fasta.82
2019/11/22 17:42:12.18 work_queue_worker[1] wq: tx to master: info cached_files file-0-4cc40b4a6723ddd648f7b5efe2086e68-ref.fasta.8
2019/11/22 17:42:12.18 work_queue_worker[1] wq: tx to master: info cached_files file-0-d09d93464f183fb37458ff5a8a8a5612-ref.fasta.69
2019/11/22 17:42:12.18 work_queue_worker[1] wq: tx to master: info cached_files file-0-678ca30250569a1c64070583ea4b883b-ref.fasta.91
2019/11/22 17:42:12.18 work_queue_worker[1] wq: tx to master: info cached_files file-0-41edea45872db3a945653c38e454ef81-ref.fasta.45
2019/11/22 17:42:12.18 work_queue_worker[1] wq: tx to master: info cached_files file-0-ef3a6351196ab7a7f4d4e6aae1e0dab6-ref.fasta.80
2019/11/22 17:42:12.18 work_queue_worker[1] wq: tx to master: info cached_files file-0-8f17aa9e3e257f258b7505f485b7df21-ref.fasta.16
2019/11/22 17:42:12.18 work_queue_worker[1] wq: tx to master: info cached_files file-0-30475cdf029099342b775fc85202fe97-ref.fasta.10
2019/11/22 17:42:12.18 work_queue_worker[1] wq: tx to master: info cached_files file-0-1105f050d3b758ee27606aa952a93a39-ref.fasta.79
2019/11/22 17:42:12.18 work_queue_worker[1] wq: tx to master: info cached_files file-0-fba31afdf335011417a3240b50fb5f1d-ref.fasta.31
2019/11/22 17:42:12.18 work_queue_worker[1] wq: tx to master: info cached_files file-0-c63681d729e6b127a41a6905b7bf8cd3-ref.fasta.30
2019/11/22 17:42:12.18 work_queue_worker[1] wq: tx to master: info cached_files file-0-bc1ca4a7d217f08f6cfed4b9fc896252-ref.fasta.67
2019/11/22 17:42:12.18 work_queue_worker[1] wq: tx to master: info cached_files file-0-de3fc56a129f0eca0565c07c2f6f5d65-ref.fasta.6
2019/11/22 17:42:12.18 work_queue_worker[1] wq: tx to master: info cached_files file-0-c542de4a90195893e9d865e54f0520dc-ref.fasta.81
2019/11/22 17:42:12.18 work_queue_worker[1] wq: tx to master: info cached_files file-0-dc3757db948407bd7c6cc58ee6b04c2b-ref.fasta.75
2019/11/22 17:42:12.18 work_queue_worker[1] wq: tx to master: info cached_files file-0-7509e4cb571ce79ae966eca79dc1dd5d-ref.fasta.43
2019/11/22 17:42:12.18 work_queue_worker[1] wq: tx to master: info cached_files file-0-a1b07747a9a300e5e67fd64459349a47-ref.fasta.72
2019/11/22 17:42:12.18 work_queue_worker[1] wq: tx to master: info cached_files file-0-6a3566a41d4cc2c0ac4ec7bfaab41382-query.fastq.6
2019/11/22 17:42:12.18 work_queue_worker[1] wq: tx to master: info cached_files file-0-2a278d767b3c1eecdf4ecc1907d928f1-ref.fasta.96
2019/11/22 17:42:12.18 work_queue_worker[1] wq: tx to master: info cached_files file-0-a2792d718b5c0288a5eb7fae4c2221f6-ref.fasta.74
2019/11/22 17:42:12.18 work_queue_worker[1] wq: tx to master: info cached_files file-0-12f74b83f5f1f0924035fede1ab30a10-ref.fasta.55
2019/11/22 17:42:12.18 work_queue_worker[1] wq: tx to master: info cached_files file-0-5dddaa02cda0278338ee1a9573d0d495-ref.fasta.58
2019/11/22 17:42:12.18 work_queue_worker[1] wq: tx to master: info cached_files file-0-b8b2cf1b96c384c3e1a11a8277300acb-ref.fasta.65
2019/11/22 17:42:12.18 work_queue_worker[1] wq: tx to master: info cached_files file-0-abeb2727ca9c4091778edaeb15a7c5b1-ref.fasta.70
2019/11/22 17:42:12.18 work_queue_worker[1] wq: tx to master: info cached_files file-0-1ae7213b8b7cc4b7c0e10ebaeeca2ab9-ref.fasta.27
2019/11/22 17:42:12.18 work_queue_worker[1] wq: tx to master: info cached_files file-0-d4ff2b390cdd34b642d74a1cd1b59b97-ref.fasta.pac
2019/11/22 17:42:12.18 work_queue_worker[1] wq: tx to master: info cached_files file-0-81e4285476e20b70ee543f40aa0fd6bc-ref.fasta.54
2019/11/22 17:42:12.18 work_queue_worker[1] wq: tx to master: info cached_files file-0-721aaf1524a5dc2f36a94b49c3f5d86a-ref.fasta.14
2019/11/22 17:42:12.18 work_queue_worker[1] wq: tx to master: info cached_files file-0-ff77226fd2575eaf6d2aa2e8aded26af-ref.fasta.68
2019/11/22 17:42:12.18 work_queue_worker[1] wq: tx to master: info cached_files file-0-bf3115c82377a77ae1e2edeca44e5a86-ref.fasta.83
2019/11/22 17:42:12.18 work_queue_worker[1] wq: tx to master: info cached_files file-0-6b77758e715240c9b679c49306fe2944-ref.fasta.52
2019/11/22 17:42:12.18 work_queue_worker[1] wq: tx to master: info cached_files file-0-7649efd0db4ef988da69fb585788a4dd-ref.fasta.39
2019/11/22 17:42:12.18 work_queue_worker[1] wq: tx to master: info cached_files file-0-e1af37b18745ab00ff1aa35803e1fc31-ref.fasta.47
2019/11/22 17:42:12.18 work_queue_worker[1] wq: tx to master: info cached_files file-0-366d3c2c81ebc3be3a65de8f1315194f-ref.fasta.50
2019/11/22 17:42:12.18 work_queue_worker[1] wq: tx to master: info cached_files file-0-40270ff4240d4ee0a2a2264053bee38d-ref.fasta.7
2019/11/22 17:42:12.18 work_queue_worker[1] wq: tx to master: info cached_files file-0-7c6b6de8591e484b855e5d604b284b7f-ref.fasta.62
2019/11/22 17:42:12.18 work_queue_worker[1] wq: tx to master: info cached_files file-0-5913a6d569285ed628a484e34fd3c8a4-ref.fasta.53
2019/11/22 17:42:12.18 work_queue_worker[1] wq: tx to master: info cached_files file-0-9ae624b2bed16864dec7d9179e0d8396-ref.fasta.63
2019/11/22 17:42:12.18 work_queue_worker[1] wq: tx to master: info cached_files file-0-595d6fd0783af5f1f9d6ac327ab7d0ae-ref.fasta.13
2019/11/22 17:42:12.18 work_queue_worker[1] wq: tx to master: info cached_files file-0-7ebb87a80850a1ade2cff2ceccf5129c-ref.fasta.51
2019/11/22 17:42:12.18 work_queue_worker[1] wq: tx to master: info cached_files file-0-fb3ec5b7bc74b099f9b85fafce1dcdf1-ref.fasta.29
2019/11/22 17:42:12.18 work_queue_worker[1] wq: tx to master: info cached_files file-0-29436c2005b42ffca723272f188a24f3-ref.fasta.35
2019/11/22 17:42:12.18 work_queue_worker[1] wq: tx to master: info cached_files file-0-25a16fc2d472252b5fba2a0fe26d77ad-ref.fasta.73
2019/11/22 17:42:12.18 work_queue_worker[1] wq: tx to master: info cached_files file-0-2bcc686d6c516d8fbae85feb7f639cd2-ref.fasta.46
2019/11/22 17:42:12.18 work_queue_worker[1] wq: tx to master: info cached_files file-0-0d93fd3812287dfef20102e293f224d9-ref.fasta.11
2019/11/22 17:42:12.18 work_queue_worker[1] wq: tx to master: info cached_files file-0-8c01ff49b1bac5dc2eea9e2a868b0a59-ref.fasta.15
2019/11/22 17:42:12.18 work_queue_worker[1] wq: tx to master: info cached_files file-0-2dd01aa1d6ecd63ec055ab381d19f030-ref.fasta.94
2019/11/22 17:42:12.18 work_queue_worker[1] wq: tx to master: info cached_files file-0-1e2ccc2800e62719f71c768767d32c8d-ref.fasta.48
2019/11/22 17:42:12.18 work_queue_worker[1] wq: tx to master: info cached_files file-0-7c5feeaf69ccc86ea59ef0ec05f2de87-ref.fasta.90
2019/11/22 17:42:12.18 work_queue_worker[1] wq: tx to master: info cached_files file-0-2074b572c8323b0fa32c1f74d40e6f33-ref.fasta.32
2019/11/22 17:42:12.18 work_queue_worker[1] wq: tx to master: info cached_files file-0-971da570f958f7598fb58342dc472274-ref.fasta.sa
2019/11/22 17:42:12.18 work_queue_worker[1] wq: tx to master: info cached_files file-0-1aba5e7adecebe065db19a405fb8bdf0-ref.fasta.amb
2019/11/22 17:42:12.18 work_queue_worker[1] wq: tx to master: info cached_files file-0-7ab30a43881e8e0cd0a3ea551fefd6f9-ref.fasta.78
2019/11/22 17:42:12.18 work_queue_worker[1] wq: tx to master: info cached_files file-0-9d4591a0309983c19547ae292f9fa39e-ref.fasta.49
2019/11/22 17:42:12.18 work_queue_worker[1] wq: tx to master: info cached_files file-0-12470dc35ac3e9d7f02a76cc8a9c00ea-ref.fasta.19
2019/11/22 17:42:12.18 work_queue_worker[1] wq: tx to master: info cached_files file-0-e2087ea59ad023a9a6b94da242aa400a-ref.fasta.99
2019/11/22 17:42:12.18 work_queue_worker[1] wq: tx to master: info cached_files file-0-6ff7f7e5220a8cc8bb8326b3ed99cd8d-ref.fasta.97
2019/11/22 17:42:12.18 work_queue_worker[1] wq: tx to master: info cached_files file-0-6f85758c582abc1bb82cf0a8491389b5-query.fastq.0
2019/11/22 17:42:12.18 work_queue_worker[1] wq: tx to master: info cached_files file-0-b08c3e9746692f64bcb9a448620c7967-ref.fasta
2019/11/22 17:42:12.18 work_queue_worker[1] wq: tx to master: info cached_files file-0-048045060f61089a83cce204e6b8f151-corr.out
2019/11/22 17:42:12.18 work_queue_worker[1] wq: tx to master: info cached_files file-0-f4e5d6ff9260756e956ec7c8817d32bf-query.fastq.8
2019/11/22 17:42:12.18 work_queue_worker[1] wq: tx to master: info cached_files file-0-4b44ee8dff46dd1aa4bb1511d9442a2e-ref.fasta.5
2019/11/22 17:42:12.18 work_queue_worker[1] wq: tx to master: info cached_files file-0-917a4e2b83f3c1cbe7ad084772249437-ref.fasta.12
2019/11/22 17:42:12.18 work_queue_worker[1] wq: tx to master: info cached_files file-0-ebb823aa7f8ca0bee255225c31ab00f1-ref.fasta.76
2019/11/22 17:42:12.18 work_queue_worker[1] wq: tx to master: info cached_files file-0-17ddf63c75cb0ddda4648bacc86a279d-ref.fasta.26
2019/11/22 17:42:12.18 work_queue_worker[1] wq: tx to master: info cached_files file-0-c1c5b5005550a9e9b359d2cf9e2f8a9a-ref.fasta.1
2019/11/22 17:42:12.18 work_queue_worker[1] wq: tx to master: info cached_files file-0-29fa986ab5c37e3666b795ceedf28f59-ref.fasta.36
2019/11/22 17:42:12.18 work_queue_worker[1] wq: tx to master: info cached_files file-0-84b279ff5d2a74829bc89c2385228568-ref.fasta.41
2019/11/22 17:42:12.18 work_queue_worker[1] wq: tx to master: info cached_files file-0-6d9af94acc6e511419d1c4d938cdce58-ref.fasta.64
2019/11/22 17:42:12.18 work_queue_worker[1] wq: tx to master: info cached_files file-0-b08bcaca0d4661ed0eebfe2af92bbce7-ref.fasta.44
2019/11/22 17:42:12.18 work_queue_worker[1] wq: tx to master: info cached_files file-0-4980f39c2875c027dae7602880a2b656-ref.fasta.92
2019/11/22 17:42:12.18 work_queue_worker[1] wq: tx to master: info cached_files file-0-c605fc0439959feae0390357f17419b2-ref.fasta.37
2019/11/22 17:42:12.18 work_queue_worker[1] wq: tx to master: info cached_files file-0-ae4adfb40ce7d4699009d08e52d5a7fb-ref.fasta.59
2019/11/22 17:42:12.18 work_queue_worker[1] wq: tx to master: info cached_files file-0-42b180f996a16a7c4f6c17fd385de074-ref.fasta.77
2019/11/22 17:42:12.18 work_queue_worker[1] wq: tx to master: info cached_files file-0-0aa7fdc5df2e8aa834187cf07d905f1c-ref.fasta.3
2019/11/22 17:42:12.18 work_queue_worker[1] wq: tx to master: info cached_files file-0-15ef306221695ea5170bb01e30ba54a8-ref.fasta.40
2019/11/22 17:42:12.18 work_queue_worker[1] wq: tx to master: info cached_files file-0-5b3b606ef2c77a0f099af1f26882e93e-ref.fasta.24
2019/11/22 17:42:12.18 work_queue_worker[1] wq: tx to master: alive
2019/11/22 17:42:12.18 work_queue_worker[1] wq: Sending resource description to master:
2019/11/22 17:42:12.18 work_queue_worker[1] wq:  workers      0 inuse      1 total      1 smallest      1 largest
2019/11/22 17:42:12.18 work_queue_worker[1] wq:     disk      0 inuse 182794 total 182794 smallest 182794 largest
2019/11/22 17:42:12.18 work_queue_worker[1] wq:   memory      0 inuse   7749 total   7749 smallest   7749 largest
2019/11/22 17:42:12.18 work_queue_worker[1] wq:     gpus      0 inuse      0 total      0 smallest      0 largest
2019/11/22 17:42:12.18 work_queue_worker[1] wq:    cores      0 inuse      1 total      1 smallest      1 largest
2019/11/22 17:42:12.18 work_queue_worker[1] wq: tx to master: info end_of_resource_update 0
2019/11/22 17:42:12.18 work_queue_worker[1] wq: tx to master: info tasks_running 0
2019/11/22 17:42:12.18 work_queue_worker[1] wq: working for master at 10.0.72.2:1026.
2019/11/22 17:43:53.16 work_queue_worker[1] wq: rx from master: task 3
2019/11/22 17:43:53.16 work_queue_worker[1] wq: rx from master: cmd 58
2019/11/22 17:43:53.16 work_queue_worker[1] wq: rx from master: ./bwa mem ref.fasta query.fastq.7 > Out.7.sam 2> mem.7.err
2019/11/22 17:43:53.16 work_queue_worker[1] wq: rx from master: category default
2019/11/22 17:43:53.16 work_queue_worker[1] wq: rx from master: cores 1
2019/11/22 17:43:53.16 work_queue_worker[1] wq: rx from master: memory 7749
2019/11/22 17:43:53.16 work_queue_worker[1] wq: rx from master: disk 182794
2019/11/22 17:43:53.16 work_queue_worker[1] wq: rx from master: gpus 0
2019/11/22 17:43:53.16 work_queue_worker[1] wq: rx from master: end_time 18446744073709551615
2019/11/22 17:43:53.16 work_queue_worker[1] wq: rx from master: wall_time 18446744073709551615
2019/11/22 17:43:53.16 work_queue_worker[1] wq: rx from master: env 7
2019/11/22 17:43:53.16 work_queue_worker[1] wq: rx from master: env 17
2019/11/22 17:43:53.16 work_queue_worker[1] wq: rx from master: infile file-0-6fc1453ebcb4c31e04f426871fd36430-query.fastq.7 query.fastq.7 1
2019/11/22 17:43:53.16 work_queue_worker[1] wq: rx from master: infile file-0-971da570f958f7598fb58342dc472274-ref.fasta.sa ref.fasta.sa 1
2019/11/22 17:43:53.16 work_queue_worker[1] wq: rx from master: infile file-0-35f59a9883b4870b84f03717aff16002-ref.fasta.ann ref.fasta.ann 1
2019/11/22 17:43:53.16 work_queue_worker[1] wq: rx from master: infile file-0-1aba5e7adecebe065db19a405fb8bdf0-ref.fasta.amb ref.fasta.amb 1
2019/11/22 17:43:53.16 work_queue_worker[1] wq: rx from master: infile file-0-d4ff2b390cdd34b642d74a1cd1b59b97-ref.fasta.pac ref.fasta.pac 1
2019/11/22 17:43:53.16 work_queue_worker[1] wq: rx from master: infile file-0-0cadea4f68da3f941c5b5f0c963a59f8-ref.fasta.bwt ref.fasta.bwt 1
2019/11/22 17:43:53.16 work_queue_worker[1] wq: rx from master: infile file-0-b08c3e9746692f64bcb9a448620c7967-ref.fasta ref.fasta 1
2019/11/22 17:43:53.16 work_queue_worker[1] wq: rx from master: infile file-0-a6be17d8a097bb9efd120be10bbc654c-bwa bwa 1
2019/11/22 17:43:53.16 work_queue_worker[1] wq: rx from master: outfile file-0-deffde5ad8cdb4cf91491c38860a1d72-mem.7.err mem.7.err 1
2019/11/22 17:43:53.16 work_queue_worker[1] wq: rx from master: outfile file-0-c450dc6d4d5da63e849c420e4cfcb2be-Out.7.sam Out.7.sam 1
2019/11/22 17:43:53.16 work_queue_worker[1] wq: rx from master: end
2019/11/22 17:43:53.17 work_queue_worker[1] wq: linking cache/file-0-6fc1453ebcb4c31e04f426871fd36430-query.fastq.7 to /tmp/worker-0-1/t.3/query.fastq.7
2019/11/22 17:43:53.17 work_queue_worker[1] wq: linking cache/file-0-971da570f958f7598fb58342dc472274-ref.fasta.sa to /tmp/worker-0-1/t.3/ref.fasta.sa
2019/11/22 17:43:53.17 work_queue_worker[1] wq: linking cache/file-0-35f59a9883b4870b84f03717aff16002-ref.fasta.ann to /tmp/worker-0-1/t.3/ref.fasta.ann
2019/11/22 17:43:53.17 work_queue_worker[1] wq: linking cache/file-0-1aba5e7adecebe065db19a405fb8bdf0-ref.fasta.amb to /tmp/worker-0-1/t.3/ref.fasta.amb
2019/11/22 17:43:53.17 work_queue_worker[1] wq: linking cache/file-0-d4ff2b390cdd34b642d74a1cd1b59b97-ref.fasta.pac to /tmp/worker-0-1/t.3/ref.fasta.pac
2019/11/22 17:43:53.17 work_queue_worker[1] wq: linking cache/file-0-0cadea4f68da3f941c5b5f0c963a59f8-ref.fasta.bwt to /tmp/worker-0-1/t.3/ref.fasta.bwt
2019/11/22 17:43:53.17 work_queue_worker[1] wq: linking cache/file-0-b08c3e9746692f64bcb9a448620c7967-ref.fasta to /tmp/worker-0-1/t.3/ref.fasta
2019/11/22 17:43:53.17 work_queue_worker[1] wq: linking cache/file-0-a6be17d8a097bb9efd120be10bbc654c-bwa to /tmp/worker-0-1/t.3/bwa
2019/11/22 17:43:53.17 work_queue_worker[1] wq: started process 11: ./bwa mem ref.fasta query.fastq.7 > Out.7.sam 2> mem.7.err
2019/11/22 17:43:53.17 work_queue_worker[1] wq: tx to master: info tasks_running 1
2019/11/22 17:43:54.82 work_queue_worker[1] wq: task 3 (pid 11) exited normally with exit code 0
2019/11/22 17:43:54.82 work_queue_worker[1] wq: moving output file from /tmp/worker-0-1/t.3/mem.7.err to cache/file-0-deffde5ad8cdb4cf91491c38860a1d72-mem.7.err
2019/11/22 17:43:54.82 work_queue_worker[1] wq: moving output file from /tmp/worker-0-1/t.3/Out.7.sam to cache/file-0-c450dc6d4d5da63e849c420e4cfcb2be-Out.7.sam
2019/11/22 17:43:54.82 work_queue_worker[1] wq: tx to master: available_results
2019/11/22 17:43:55.43 work_queue_worker[1] wq: rx from master: send_results -1
2019/11/22 17:43:55.43 work_queue_worker[1] wq: tx to master: result 0 0 0 1644968 3
2019/11/22 17:43:55.43 work_queue_worker[1] wq: tx to master: info tasks_running 0
2019/11/22 17:43:55.43 work_queue_worker[1] wq: tx to master: end
2019/11/22 17:43:56.11 work_queue_worker[1] wq: rx from master: get file-0-deffde5ad8cdb4cf91491c38860a1d72-mem.7.err 1
2019/11/22 17:43:56.11 work_queue_worker[1] wq: tx to master: file file-0-deffde5ad8cdb4cf91491c38860a1d72-mem.7.err 297
2019/11/22 17:43:56.11 work_queue_worker[1] wq: tx to master: end
2019/11/22 17:43:56.11 work_queue_worker[1] wq: rx from master: get file-0-c450dc6d4d5da63e849c420e4cfcb2be-Out.7.sam 1
2019/11/22 17:43:56.11 work_queue_worker[1] wq: tx to master: file file-0-c450dc6d4d5da63e849c420e4cfcb2be-Out.7.sam 7097689
2019/11/22 17:43:56.72 work_queue_worker[1] wq: tx to master: end
2019/11/22 17:43:56.73 work_queue_worker[1] wq: rx from master: kill 3
2019/11/22 17:43:56.73 work_queue_worker[1] wq: ---- DELETING: /tmp/worker-0-1/t.3
2019/11/22 17:44:08.53 work_queue_worker[1] wq: rx from master: task 17
2019/11/22 17:44:08.53 work_queue_worker[1] wq: rx from master: cmd 76
2019/11/22 17:44:08.53 work_queue_worker[1] wq: rx from master: python Create_Corrected_AllLRReads.py ref.fasta.95 corr.out 2> create.err.95
2019/11/22 17:44:08.53 work_queue_worker[1] wq: rx from master: category default
2019/11/22 17:44:08.53 work_queue_worker[1] wq: rx from master: cores 1
2019/11/22 17:44:08.53 work_queue_worker[1] wq: rx from master: memory 7749
2019/11/22 17:44:08.53 work_queue_worker[1] wq: rx from master: disk 182794
2019/11/22 17:44:08.53 work_queue_worker[1] wq: rx from master: gpus 0
2019/11/22 17:44:08.53 work_queue_worker[1] wq: rx from master: end_time 18446744073709551615
2019/11/22 17:44:08.53 work_queue_worker[1] wq: rx from master: wall_time 18446744073709551615
2019/11/22 17:44:08.53 work_queue_worker[1] wq: rx from master: env 7
2019/11/22 17:44:08.53 work_queue_worker[1] wq: rx from master: env 17
2019/11/22 17:44:08.53 work_queue_worker[1] wq: rx from master: infile file-0-048045060f61089a83cce204e6b8f151-corr.out corr.out 1
2019/11/22 17:44:08.53 work_queue_worker[1] wq: rx from master: infile file-0-7e84d12fe76710de61a1e1012d161708-ref.fasta.95 ref.fasta.95 1
2019/11/22 17:44:08.53 work_queue_worker[1] wq: rx from master: infile file-0-ddd728dc31a49bcd4cacae5676b4e7f7-Create_Corrected_AllLRReads.py Create_Corrected_AllLRReads.py 1
2019/11/22 17:44:08.53 work_queue_worker[1] wq: rx from master: outfile file-0-bdd2eb0caeb9adced89a5016cc60b763-create.err.95 create.err.95 1
2019/11/22 17:44:08.53 work_queue_worker[1] wq: rx from master: outfile file-0-ed277250e06d89d2f88b429376d61705-Corrected_ref.fasta.95 Corrected_ref.fasta.95 1
2019/11/22 17:44:08.53 work_queue_worker[1] wq: rx from master: end
2019/11/22 17:44:08.54 work_queue_worker[1] wq: linking cache/file-0-048045060f61089a83cce204e6b8f151-corr.out to /tmp/worker-0-1/t.17/corr.out
2019/11/22 17:44:08.54 work_queue_worker[1] wq: linking cache/file-0-7e84d12fe76710de61a1e1012d161708-ref.fasta.95 to /tmp/worker-0-1/t.17/ref.fasta.95
2019/11/22 17:44:08.54 work_queue_worker[1] wq: linking cache/file-0-ddd728dc31a49bcd4cacae5676b4e7f7-Create_Corrected_AllLRReads.py to /tmp/worker-0-1/t.17/Create_Corrected_AllLRReads.py
2019/11/22 17:44:08.54 work_queue_worker[1] wq: started process 19: python Create_Corrected_AllLRReads.py ref.fasta.95 corr.out 2> create.err.95
2019/11/22 17:44:08.54 work_queue_worker[1] wq: tx to master: info tasks_running 1
2019/11/22 17:44:08.60 work_queue_worker[1] wq: task 17 (pid 19) exited normally with exit code 0
2019/11/22 17:44:08.60 work_queue_worker[1] wq: moving output file from /tmp/worker-0-1/t.17/create.err.95 to cache/file-0-bdd2eb0caeb9adced89a5016cc60b763-create.err.95
2019/11/22 17:44:08.60 work_queue_worker[1] wq: moving output file from /tmp/worker-0-1/t.17/Corrected_ref.fasta.95 to cache/file-0-ed277250e06d89d2f88b429376d61705-Corrected_ref.fasta.95
2019/11/22 17:44:08.60 work_queue_worker[1] wq: tx to master: available_results
2019/11/22 17:44:08.60 work_queue_worker[1] wq: rx from master: send_results -1
2019/11/22 17:44:08.60 work_queue_worker[1] wq: tx to master: result 0 0 0 62137 17
2019/11/22 17:44:08.60 work_queue_worker[1] wq: tx to master: info tasks_running 0
2019/11/22 17:44:08.60 work_queue_worker[1] wq: tx to master: end
2019/11/22 17:44:08.61 work_queue_worker[1] wq: rx from master: get file-0-bdd2eb0caeb9adced89a5016cc60b763-create.err.95 1
2019/11/22 17:44:08.61 work_queue_worker[1] wq: tx to master: file file-0-bdd2eb0caeb9adced89a5016cc60b763-create.err.95 0
2019/11/22 17:44:08.61 work_queue_worker[1] wq: tx to master: end
2019/11/22 17:44:08.61 work_queue_worker[1] wq: rx from master: get file-0-ed277250e06d89d2f88b429376d61705-Corrected_ref.fasta.95 1
2019/11/22 17:44:08.61 work_queue_worker[1] wq: tx to master: file file-0-ed277250e06d89d2f88b429376d61705-Corrected_ref.fasta.95 1055000
2019/11/22 17:44:08.68 work_queue_worker[1] wq: tx to master: end
2019/11/22 17:44:08.70 work_queue_worker[1] wq: rx from master: kill 17
2019/11/22 17:44:08.70 work_queue_worker[1] wq: ---- DELETING: /tmp/worker-0-1/t.17
2019/11/22 17:44:09.18 work_queue_worker[1] wq: rx from master: put file-0-47088b0540b60ccb8751dc65660d6bab-ref.fasta.85 1055000 0644 1
2019/11/22 17:44:09.18 work_queue_worker[1] wq: Putting file file-0-47088b0540b60ccb8751dc65660d6bab-ref.fasta.85 into workspace
2019/11/22 17:44:09.18 work_queue_worker[1] wq: Dir /cache already exists in cache
2019/11/22 17:44:09.28 work_queue_worker[1] wq: ****BRUNO***** cp BARRA: -> cp ./cache/file-0-47088b0540b60ccb8751dc65660d6bab-ref.fasta.85 /cache.
2019/11/22 17:44:09.29 work_queue_worker[1] wq: rx from master: task 27
2019/11/22 17:44:09.29 work_queue_worker[1] wq: rx from master: cmd 76
2019/11/22 17:44:09.29 work_queue_worker[1] wq: rx from master: python Create_Corrected_AllLRReads.py ref.fasta.85 corr.out 2> create.err.85
2019/11/22 17:44:09.29 work_queue_worker[1] wq: rx from master: category default
2019/11/22 17:44:09.29 work_queue_worker[1] wq: rx from master: cores 1
2019/11/22 17:44:09.29 work_queue_worker[1] wq: rx from master: memory 7749
2019/11/22 17:44:09.29 work_queue_worker[1] wq: rx from master: disk 182794
2019/11/22 17:44:09.29 work_queue_worker[1] wq: rx from master: gpus 0
2019/11/22 17:44:09.29 work_queue_worker[1] wq: rx from master: end_time 18446744073709551615
2019/11/22 17:44:09.29 work_queue_worker[1] wq: rx from master: wall_time 18446744073709551615
2019/11/22 17:44:09.29 work_queue_worker[1] wq: rx from master: env 7
2019/11/22 17:44:09.29 work_queue_worker[1] wq: rx from master: env 17
2019/11/22 17:44:09.29 work_queue_worker[1] wq: rx from master: infile file-0-048045060f61089a83cce204e6b8f151-corr.out corr.out 1
2019/11/22 17:44:09.29 work_queue_worker[1] wq: rx from master: infile file-0-47088b0540b60ccb8751dc65660d6bab-ref.fasta.85 ref.fasta.85 1
2019/11/22 17:44:09.29 work_queue_worker[1] wq: rx from master: infile file-0-ddd728dc31a49bcd4cacae5676b4e7f7-Create_Corrected_AllLRReads.py Create_Corrected_AllLRReads.py 1
2019/11/22 17:44:09.29 work_queue_worker[1] wq: rx from master: outfile file-0-1e860ada0b616a7954c5e9d1ee160435-create.err.85 create.err.85 1
2019/11/22 17:44:09.29 work_queue_worker[1] wq: rx from master: outfile file-0-11810b1778b8617f77aafa4c97c04ea5-Corrected_ref.fasta.85 Corrected_ref.fasta.85 1
2019/11/22 17:44:09.29 work_queue_worker[1] wq: rx from master: end
2019/11/22 17:44:09.29 work_queue_worker[1] wq: tx to master: info cached_files file-0-0200ff9e3f5dbb460563f55171b67d14-ref.fasta.87
2019/11/22 17:44:09.29 work_queue_worker[1] wq: tx to master: info cached_files file-0-47088b0540b60ccb8751dc65660d6bab-ref.fasta.85
2019/11/22 17:44:09.29 work_queue_worker[1] wq: tx to master: info cached_files file-0-66a7c2298b067a1446520d30478331eb-ref.fasta.88
2019/11/22 17:44:09.30 work_queue_worker[1] wq: linking cache/file-0-048045060f61089a83cce204e6b8f151-corr.out to /tmp/worker-0-1/t.27/corr.out
2019/11/22 17:44:09.30 work_queue_worker[1] wq: linking cache/file-0-47088b0540b60ccb8751dc65660d6bab-ref.fasta.85 to /tmp/worker-0-1/t.27/ref.fasta.85
2019/11/22 17:44:09.30 work_queue_worker[1] wq: linking cache/file-0-ddd728dc31a49bcd4cacae5676b4e7f7-Create_Corrected_AllLRReads.py to /tmp/worker-0-1/t.27/Create_Corrected_AllLRReads.py
2019/11/22 17:44:09.30 work_queue_worker[1] wq: started process 25: python Create_Corrected_AllLRReads.py ref.fasta.85 corr.out 2> create.err.85
2019/11/22 17:44:09.30 work_queue_worker[1] wq: tx to master: info tasks_running 1
2019/11/22 17:44:09.35 work_queue_worker[1] wq: task 27 (pid 25) exited normally with exit code 0
2019/11/22 17:44:09.35 work_queue_worker[1] wq: moving output file from /tmp/worker-0-1/t.27/create.err.85 to cache/file-0-1e860ada0b616a7954c5e9d1ee160435-create.err.85
2019/11/22 17:44:09.35 work_queue_worker[1] wq: moving output file from /tmp/worker-0-1/t.27/Corrected_ref.fasta.85 to cache/file-0-11810b1778b8617f77aafa4c97c04ea5-Corrected_ref.fasta.85
2019/11/22 17:44:09.35 work_queue_worker[1] wq: tx to master: available_results
2019/11/22 17:44:09.48 work_queue_worker[1] wq: rx from master: send_results -1
2019/11/22 17:44:09.48 work_queue_worker[1] wq: tx to master: result 0 0 0 46776 27
2019/11/22 17:44:09.48 work_queue_worker[1] wq: tx to master: info tasks_running 0
2019/11/22 17:44:09.48 work_queue_worker[1] wq: tx to master: end
2019/11/22 17:44:09.48 work_queue_worker[1] wq: rx from master: get file-0-1e860ada0b616a7954c5e9d1ee160435-create.err.85 1
2019/11/22 17:44:09.48 work_queue_worker[1] wq: tx to master: file file-0-1e860ada0b616a7954c5e9d1ee160435-create.err.85 0
2019/11/22 17:44:09.48 work_queue_worker[1] wq: tx to master: end
2019/11/22 17:44:09.48 work_queue_worker[1] wq: rx from master: get file-0-11810b1778b8617f77aafa4c97c04ea5-Corrected_ref.fasta.85 1
2019/11/22 17:44:09.48 work_queue_worker[1] wq: tx to master: file file-0-11810b1778b8617f77aafa4c97c04ea5-Corrected_ref.fasta.85 1055000
2019/11/22 17:44:09.56 work_queue_worker[1] wq: tx to master: end
2019/11/22 17:44:09.57 work_queue_worker[1] wq: rx from master: kill 27
2019/11/22 17:44:09.57 work_queue_worker[1] wq: ---- DELETING: /tmp/worker-0-1/t.27
2019/11/22 17:44:09.89 work_queue_worker[1] wq: rx from master: task 37
2019/11/22 17:44:09.89 work_queue_worker[1] wq: rx from master: cmd 76
2019/11/22 17:44:09.89 work_queue_worker[1] wq: rx from master: python Create_Corrected_AllLRReads.py ref.fasta.75 corr.out 2> create.err.75
2019/11/22 17:44:09.89 work_queue_worker[1] wq: rx from master: category default
2019/11/22 17:44:09.89 work_queue_worker[1] wq: rx from master: cores 1
2019/11/22 17:44:09.89 work_queue_worker[1] wq: rx from master: memory 7749
2019/11/22 17:44:09.89 work_queue_worker[1] wq: rx from master: disk 182794
2019/11/22 17:44:09.89 work_queue_worker[1] wq: rx from master: gpus 0
2019/11/22 17:44:09.89 work_queue_worker[1] wq: rx from master: end_time 18446744073709551615
2019/11/22 17:44:09.89 work_queue_worker[1] wq: rx from master: wall_time 18446744073709551615
2019/11/22 17:44:09.89 work_queue_worker[1] wq: rx from master: env 7
2019/11/22 17:44:09.89 work_queue_worker[1] wq: rx from master: env 17
2019/11/22 17:44:09.89 work_queue_worker[1] wq: rx from master: infile file-0-048045060f61089a83cce204e6b8f151-corr.out corr.out 1
2019/11/22 17:44:09.89 work_queue_worker[1] wq: rx from master: infile file-0-dc3757db948407bd7c6cc58ee6b04c2b-ref.fasta.75 ref.fasta.75 1
2019/11/22 17:44:09.89 work_queue_worker[1] wq: rx from master: infile file-0-ddd728dc31a49bcd4cacae5676b4e7f7-Create_Corrected_AllLRReads.py Create_Corrected_AllLRReads.py 1
2019/11/22 17:44:09.89 work_queue_worker[1] wq: rx from master: outfile file-0-6334a832f67b92cf9ac2fae9e21a79b8-create.err.75 create.err.75 1
2019/11/22 17:44:09.89 work_queue_worker[1] wq: rx from master: outfile file-0-c211b71f456bab39d70c99fe3646fe58-Corrected_ref.fasta.75 Corrected_ref.fasta.75 1
2019/11/22 17:44:09.89 work_queue_worker[1] wq: rx from master: end
2019/11/22 17:44:09.90 work_queue_worker[1] wq: linking cache/file-0-048045060f61089a83cce204e6b8f151-corr.out to /tmp/worker-0-1/t.37/corr.out
2019/11/22 17:44:09.90 work_queue_worker[1] wq: linking cache/file-0-dc3757db948407bd7c6cc58ee6b04c2b-ref.fasta.75 to /tmp/worker-0-1/t.37/ref.fasta.75
2019/11/22 17:44:09.90 work_queue_worker[1] wq: linking cache/file-0-ddd728dc31a49bcd4cacae5676b4e7f7-Create_Corrected_AllLRReads.py to /tmp/worker-0-1/t.37/Create_Corrected_AllLRReads.py
2019/11/22 17:44:09.90 work_queue_worker[1] wq: started process 29: python Create_Corrected_AllLRReads.py ref.fasta.75 corr.out 2> create.err.75
2019/11/22 17:44:09.90 work_queue_worker[1] wq: tx to master: info tasks_running 1
2019/11/22 17:44:09.96 work_queue_worker[1] wq: task 37 (pid 29) exited normally with exit code 0
2019/11/22 17:44:09.96 work_queue_worker[1] wq: moving output file from /tmp/worker-0-1/t.37/create.err.75 to cache/file-0-6334a832f67b92cf9ac2fae9e21a79b8-create.err.75
2019/11/22 17:44:09.96 work_queue_worker[1] wq: moving output file from /tmp/worker-0-1/t.37/Corrected_ref.fasta.75 to cache/file-0-c211b71f456bab39d70c99fe3646fe58-Corrected_ref.fasta.75
2019/11/22 17:44:09.96 work_queue_worker[1] wq: tx to master: available_results
2019/11/22 17:44:10.07 work_queue_worker[1] wq: rx from master: send_results -1
2019/11/22 17:44:10.07 work_queue_worker[1] wq: tx to master: result 0 0 0 62531 37
2019/11/22 17:44:10.07 work_queue_worker[1] wq: tx to master: info tasks_running 0
2019/11/22 17:44:10.07 work_queue_worker[1] wq: tx to master: end
2019/11/22 17:44:10.17 work_queue_worker[1] wq: rx from master: get file-0-6334a832f67b92cf9ac2fae9e21a79b8-create.err.75 1
2019/11/22 17:44:10.17 work_queue_worker[1] wq: tx to master: file file-0-6334a832f67b92cf9ac2fae9e21a79b8-create.err.75 0
2019/11/22 17:44:10.17 work_queue_worker[1] wq: tx to master: end
2019/11/22 17:44:10.17 work_queue_worker[1] wq: rx from master: get file-0-c211b71f456bab39d70c99fe3646fe58-Corrected_ref.fasta.75 1
2019/11/22 17:44:10.17 work_queue_worker[1] wq: tx to master: file file-0-c211b71f456bab39d70c99fe3646fe58-Corrected_ref.fasta.75 1055000
2019/11/22 17:44:10.24 work_queue_worker[1] wq: tx to master: end
2019/11/22 17:44:10.26 work_queue_worker[1] wq: rx from master: kill 37
2019/11/22 17:44:10.26 work_queue_worker[1] wq: ---- DELETING: /tmp/worker-0-1/t.37
2019/11/22 17:44:10.38 work_queue_worker[1] wq: rx from master: task 47
2019/11/22 17:44:10.38 work_queue_worker[1] wq: rx from master: cmd 76
2019/11/22 17:44:10.38 work_queue_worker[1] wq: rx from master: python Create_Corrected_AllLRReads.py ref.fasta.65 corr.out 2> create.err.65
2019/11/22 17:44:10.38 work_queue_worker[1] wq: rx from master: category default
2019/11/22 17:44:10.38 work_queue_worker[1] wq: rx from master: cores 1
2019/11/22 17:44:10.38 work_queue_worker[1] wq: rx from master: memory 7749
2019/11/22 17:44:10.38 work_queue_worker[1] wq: rx from master: disk 182794
2019/11/22 17:44:10.38 work_queue_worker[1] wq: rx from master: gpus 0
2019/11/22 17:44:10.38 work_queue_worker[1] wq: rx from master: end_time 18446744073709551615
2019/11/22 17:44:10.38 work_queue_worker[1] wq: rx from master: wall_time 18446744073709551615
2019/11/22 17:44:10.38 work_queue_worker[1] wq: rx from master: env 7
2019/11/22 17:44:10.38 work_queue_worker[1] wq: rx from master: env 17
2019/11/22 17:44:10.38 work_queue_worker[1] wq: rx from master: infile file-0-048045060f61089a83cce204e6b8f151-corr.out corr.out 1
2019/11/22 17:44:10.38 work_queue_worker[1] wq: rx from master: infile file-0-b8b2cf1b96c384c3e1a11a8277300acb-ref.fasta.65 ref.fasta.65 1
2019/11/22 17:44:10.38 work_queue_worker[1] wq: rx from master: infile file-0-ddd728dc31a49bcd4cacae5676b4e7f7-Create_Corrected_AllLRReads.py Create_Corrected_AllLRReads.py 1
2019/11/22 17:44:10.38 work_queue_worker[1] wq: rx from master: outfile file-0-fdc3899794e51a7b43c5a6c6f4af3029-create.err.65 create.err.65 1
2019/11/22 17:44:10.38 work_queue_worker[1] wq: rx from master: outfile file-0-f0aa7b3db7a3910222f3ec406eca64fa-Corrected_ref.fasta.65 Corrected_ref.fasta.65 1
2019/11/22 17:44:10.38 work_queue_worker[1] wq: rx from master: end
2019/11/22 17:44:10.39 work_queue_worker[1] wq: linking cache/file-0-048045060f61089a83cce204e6b8f151-corr.out to /tmp/worker-0-1/t.47/corr.out
2019/11/22 17:44:10.39 work_queue_worker[1] wq: linking cache/file-0-b8b2cf1b96c384c3e1a11a8277300acb-ref.fasta.65 to /tmp/worker-0-1/t.47/ref.fasta.65
2019/11/22 17:44:10.39 work_queue_worker[1] wq: linking cache/file-0-ddd728dc31a49bcd4cacae5676b4e7f7-Create_Corrected_AllLRReads.py to /tmp/worker-0-1/t.47/Create_Corrected_AllLRReads.py
2019/11/22 17:44:10.39 work_queue_worker[1] wq: started process 33: python Create_Corrected_AllLRReads.py ref.fasta.65 corr.out 2> create.err.65
2019/11/22 17:44:10.39 work_queue_worker[1] wq: tx to master: info tasks_running 1
2019/11/22 17:44:10.46 work_queue_worker[1] wq: task 47 (pid 33) exited normally with exit code 0
2019/11/22 17:44:10.46 work_queue_worker[1] wq: moving output file from /tmp/worker-0-1/t.47/create.err.65 to cache/file-0-fdc3899794e51a7b43c5a6c6f4af3029-create.err.65
2019/11/22 17:44:10.46 work_queue_worker[1] wq: moving output file from /tmp/worker-0-1/t.47/Corrected_ref.fasta.65 to cache/file-0-f0aa7b3db7a3910222f3ec406eca64fa-Corrected_ref.fasta.65
2019/11/22 17:44:10.46 work_queue_worker[1] wq: tx to master: available_results
2019/11/22 17:44:10.55 work_queue_worker[1] wq: rx from master: send_results -1
2019/11/22 17:44:10.55 work_queue_worker[1] wq: tx to master: result 0 0 0 63575 47
2019/11/22 17:44:10.55 work_queue_worker[1] wq: tx to master: info tasks_running 0
2019/11/22 17:44:10.55 work_queue_worker[1] wq: tx to master: end
2019/11/22 17:44:10.65 work_queue_worker[1] wq: rx from master: get file-0-fdc3899794e51a7b43c5a6c6f4af3029-create.err.65 1
2019/11/22 17:44:10.65 work_queue_worker[1] wq: tx to master: file file-0-fdc3899794e51a7b43c5a6c6f4af3029-create.err.65 0
2019/11/22 17:44:10.65 work_queue_worker[1] wq: tx to master: end
2019/11/22 17:44:10.65 work_queue_worker[1] wq: rx from master: get file-0-f0aa7b3db7a3910222f3ec406eca64fa-Corrected_ref.fasta.65 1
2019/11/22 17:44:10.65 work_queue_worker[1] wq: tx to master: file file-0-f0aa7b3db7a3910222f3ec406eca64fa-Corrected_ref.fasta.65 1055000
2019/11/22 17:44:10.73 work_queue_worker[1] wq: tx to master: end
2019/11/22 17:44:10.75 work_queue_worker[1] wq: rx from master: kill 47
2019/11/22 17:44:10.75 work_queue_worker[1] wq: ---- DELETING: /tmp/worker-0-1/t.47
2019/11/22 17:44:10.93 work_queue_worker[1] wq: rx from master: task 57
2019/11/22 17:44:10.93 work_queue_worker[1] wq: rx from master: cmd 76
2019/11/22 17:44:10.93 work_queue_worker[1] wq: rx from master: python Create_Corrected_AllLRReads.py ref.fasta.55 corr.out 2> create.err.55
2019/11/22 17:44:10.93 work_queue_worker[1] wq: rx from master: category default
2019/11/22 17:44:10.93 work_queue_worker[1] wq: rx from master: cores 1
2019/11/22 17:44:10.93 work_queue_worker[1] wq: rx from master: memory 7749
2019/11/22 17:44:10.93 work_queue_worker[1] wq: rx from master: disk 182794
2019/11/22 17:44:10.93 work_queue_worker[1] wq: rx from master: gpus 0
2019/11/22 17:44:10.93 work_queue_worker[1] wq: rx from master: end_time 18446744073709551615
2019/11/22 17:44:10.93 work_queue_worker[1] wq: rx from master: wall_time 18446744073709551615
2019/11/22 17:44:10.93 work_queue_worker[1] wq: rx from master: env 7
2019/11/22 17:44:10.93 work_queue_worker[1] wq: rx from master: env 17
2019/11/22 17:44:10.93 work_queue_worker[1] wq: rx from master: infile file-0-048045060f61089a83cce204e6b8f151-corr.out corr.out 1
2019/11/22 17:44:10.93 work_queue_worker[1] wq: rx from master: infile file-0-12f74b83f5f1f0924035fede1ab30a10-ref.fasta.55 ref.fasta.55 1
2019/11/22 17:44:10.93 work_queue_worker[1] wq: rx from master: infile file-0-ddd728dc31a49bcd4cacae5676b4e7f7-Create_Corrected_AllLRReads.py Create_Corrected_AllLRReads.py 1
2019/11/22 17:44:10.93 work_queue_worker[1] wq: rx from master: outfile file-0-2ee36e1830168f96652a8d1e2dd02f6b-create.err.55 create.err.55 1
2019/11/22 17:44:10.93 work_queue_worker[1] wq: rx from master: outfile file-0-682cc99b4a867188595833ffeb7a68cf-Corrected_ref.fasta.55 Corrected_ref.fasta.55 1
2019/11/22 17:44:10.93 work_queue_worker[1] wq: rx from master: end
2019/11/22 17:44:10.95 work_queue_worker[1] wq: linking cache/file-0-048045060f61089a83cce204e6b8f151-corr.out to /tmp/worker-0-1/t.57/corr.out
2019/11/22 17:44:10.95 work_queue_worker[1] wq: linking cache/file-0-12f74b83f5f1f0924035fede1ab30a10-ref.fasta.55 to /tmp/worker-0-1/t.57/ref.fasta.55
2019/11/22 17:44:10.95 work_queue_worker[1] wq: linking cache/file-0-ddd728dc31a49bcd4cacae5676b4e7f7-Create_Corrected_AllLRReads.py to /tmp/worker-0-1/t.57/Create_Corrected_AllLRReads.py
2019/11/22 17:44:10.95 work_queue_worker[1] wq: started process 37: python Create_Corrected_AllLRReads.py ref.fasta.55 corr.out 2> create.err.55
2019/11/22 17:44:10.95 work_queue_worker[1] wq: tx to master: info tasks_running 1
2019/11/22 17:44:11.00 work_queue_worker[1] wq: task 57 (pid 37) exited normally with exit code 0
2019/11/22 17:44:11.00 work_queue_worker[1] wq: moving output file from /tmp/worker-0-1/t.57/create.err.55 to cache/file-0-2ee36e1830168f96652a8d1e2dd02f6b-create.err.55
2019/11/22 17:44:11.00 work_queue_worker[1] wq: moving output file from /tmp/worker-0-1/t.57/Corrected_ref.fasta.55 to cache/file-0-682cc99b4a867188595833ffeb7a68cf-Corrected_ref.fasta.55
2019/11/22 17:44:11.00 work_queue_worker[1] wq: tx to master: available_results
2019/11/22 17:44:11.04 work_queue_worker[1] wq: rx from master: send_results -1
2019/11/22 17:44:11.04 work_queue_worker[1] wq: tx to master: result 0 0 0 52869 57
2019/11/22 17:44:11.04 work_queue_worker[1] wq: tx to master: info tasks_running 0
2019/11/22 17:44:11.04 work_queue_worker[1] wq: tx to master: end
2019/11/22 17:44:11.04 work_queue_worker[1] wq: rx from master: get file-0-2ee36e1830168f96652a8d1e2dd02f6b-create.err.55 1
2019/11/22 17:44:11.04 work_queue_worker[1] wq: tx to master: file file-0-2ee36e1830168f96652a8d1e2dd02f6b-create.err.55 0
2019/11/22 17:44:11.04 work_queue_worker[1] wq: tx to master: end
2019/11/22 17:44:11.04 work_queue_worker[1] wq: rx from master: get file-0-682cc99b4a867188595833ffeb7a68cf-Corrected_ref.fasta.55 1
2019/11/22 17:44:11.04 work_queue_worker[1] wq: tx to master: file file-0-682cc99b4a867188595833ffeb7a68cf-Corrected_ref.fasta.55 1055000
2019/11/22 17:44:11.11 work_queue_worker[1] wq: tx to master: end
2019/11/22 17:44:11.14 work_queue_worker[1] wq: rx from master: kill 57
2019/11/22 17:44:11.14 work_queue_worker[1] wq: ---- DELETING: /tmp/worker-0-1/t.57
2019/11/22 17:44:11.24 work_queue_worker[1] wq: rx from master: task 62
2019/11/22 17:44:11.24 work_queue_worker[1] wq: rx from master: cmd 76
2019/11/22 17:44:11.24 work_queue_worker[1] wq: rx from master: python Create_Corrected_AllLRReads.py ref.fasta.50 corr.out 2> create.err.50
2019/11/22 17:44:11.24 work_queue_worker[1] wq: rx from master: category default
2019/11/22 17:44:11.24 work_queue_worker[1] wq: rx from master: cores 1
2019/11/22 17:44:11.24 work_queue_worker[1] wq: rx from master: memory 7749
2019/11/22 17:44:11.24 work_queue_worker[1] wq: rx from master: disk 182794
2019/11/22 17:44:11.24 work_queue_worker[1] wq: rx from master: gpus 0
2019/11/22 17:44:11.24 work_queue_worker[1] wq: rx from master: end_time 18446744073709551615
2019/11/22 17:44:11.24 work_queue_worker[1] wq: rx from master: wall_time 18446744073709551615
2019/11/22 17:44:11.24 work_queue_worker[1] wq: rx from master: env 7
2019/11/22 17:44:11.24 work_queue_worker[1] wq: rx from master: env 17
2019/11/22 17:44:11.24 work_queue_worker[1] wq: rx from master: infile file-0-048045060f61089a83cce204e6b8f151-corr.out corr.out 1
2019/11/22 17:44:11.24 work_queue_worker[1] wq: rx from master: infile file-0-366d3c2c81ebc3be3a65de8f1315194f-ref.fasta.50 ref.fasta.50 1
2019/11/22 17:44:11.24 work_queue_worker[1] wq: rx from master: infile file-0-ddd728dc31a49bcd4cacae5676b4e7f7-Create_Corrected_AllLRReads.py Create_Corrected_AllLRReads.py 1
2019/11/22 17:44:11.24 work_queue_worker[1] wq: rx from master: outfile file-0-81c1f14c0a0e4ab0a74dc65d550f6832-create.err.50 create.err.50 1
2019/11/22 17:44:11.24 work_queue_worker[1] wq: rx from master: outfile file-0-89cda7ab4922f158796462c52c3163ef-Corrected_ref.fasta.50 Corrected_ref.fasta.50 1
2019/11/22 17:44:11.24 work_queue_worker[1] wq: rx from master: end
2019/11/22 17:44:11.24 work_queue_worker[1] wq: tx to master: info cached_files file-0-1e1985547bd185ddfff8586fb564cf05-ref.fasta.56
2019/11/22 17:44:11.25 work_queue_worker[1] wq: linking cache/file-0-048045060f61089a83cce204e6b8f151-corr.out to /tmp/worker-0-1/t.62/corr.out
2019/11/22 17:44:11.25 work_queue_worker[1] wq: linking cache/file-0-366d3c2c81ebc3be3a65de8f1315194f-ref.fasta.50 to /tmp/worker-0-1/t.62/ref.fasta.50
2019/11/22 17:44:11.25 work_queue_worker[1] wq: linking cache/file-0-ddd728dc31a49bcd4cacae5676b4e7f7-Create_Corrected_AllLRReads.py to /tmp/worker-0-1/t.62/Create_Corrected_AllLRReads.py
2019/11/22 17:44:11.25 work_queue_worker[1] wq: started process 41: python Create_Corrected_AllLRReads.py ref.fasta.50 corr.out 2> create.err.50
2019/11/22 17:44:11.25 work_queue_worker[1] wq: tx to master: info tasks_running 1
2019/11/22 17:44:11.32 work_queue_worker[1] wq: task 62 (pid 41) exited normally with exit code 0
2019/11/22 17:44:11.32 work_queue_worker[1] wq: moving output file from /tmp/worker-0-1/t.62/create.err.50 to cache/file-0-81c1f14c0a0e4ab0a74dc65d550f6832-create.err.50
2019/11/22 17:44:11.32 work_queue_worker[1] wq: moving output file from /tmp/worker-0-1/t.62/Corrected_ref.fasta.50 to cache/file-0-89cda7ab4922f158796462c52c3163ef-Corrected_ref.fasta.50
2019/11/22 17:44:11.32 work_queue_worker[1] wq: tx to master: available_results
2019/11/22 17:44:11.32 work_queue_worker[1] wq: rx from master: send_results -1
2019/11/22 17:44:11.32 work_queue_worker[1] wq: tx to master: result 0 0 0 61876 62
2019/11/22 17:44:11.32 work_queue_worker[1] wq: tx to master: info tasks_running 0
2019/11/22 17:44:11.32 work_queue_worker[1] wq: tx to master: end
2019/11/22 17:44:11.51 work_queue_worker[1] wq: rx from master: get file-0-81c1f14c0a0e4ab0a74dc65d550f6832-create.err.50 1
2019/11/22 17:44:11.51 work_queue_worker[1] wq: tx to master: file file-0-81c1f14c0a0e4ab0a74dc65d550f6832-create.err.50 0
2019/11/22 17:44:11.51 work_queue_worker[1] wq: tx to master: end
2019/11/22 17:44:11.51 work_queue_worker[1] wq: rx from master: get file-0-89cda7ab4922f158796462c52c3163ef-Corrected_ref.fasta.50 1
2019/11/22 17:44:11.51 work_queue_worker[1] wq: tx to master: file file-0-89cda7ab4922f158796462c52c3163ef-Corrected_ref.fasta.50 1055000
2019/11/22 17:44:11.59 work_queue_worker[1] wq: tx to master: end
2019/11/22 17:44:11.61 work_queue_worker[1] wq: rx from master: kill 62
2019/11/22 17:44:11.61 work_queue_worker[1] wq: ---- DELETING: /tmp/worker-0-1/t.62
2019/11/22 17:44:11.72 work_queue_worker[1] wq: rx from master: task 72
2019/11/22 17:44:11.72 work_queue_worker[1] wq: rx from master: cmd 76
2019/11/22 17:44:11.72 work_queue_worker[1] wq: rx from master: python Create_Corrected_AllLRReads.py ref.fasta.40 corr.out 2> create.err.40
2019/11/22 17:44:11.72 work_queue_worker[1] wq: rx from master: category default
2019/11/22 17:44:11.72 work_queue_worker[1] wq: rx from master: cores 1
2019/11/22 17:44:11.72 work_queue_worker[1] wq: rx from master: memory 7749
2019/11/22 17:44:11.72 work_queue_worker[1] wq: rx from master: disk 182794
2019/11/22 17:44:11.72 work_queue_worker[1] wq: rx from master: gpus 0
2019/11/22 17:44:11.72 work_queue_worker[1] wq: rx from master: end_time 18446744073709551615
2019/11/22 17:44:11.72 work_queue_worker[1] wq: rx from master: wall_time 18446744073709551615
2019/11/22 17:44:11.72 work_queue_worker[1] wq: rx from master: env 7
2019/11/22 17:44:11.72 work_queue_worker[1] wq: rx from master: env 17
2019/11/22 17:44:11.72 work_queue_worker[1] wq: rx from master: infile file-0-048045060f61089a83cce204e6b8f151-corr.out corr.out 1
2019/11/22 17:44:11.72 work_queue_worker[1] wq: rx from master: infile file-0-15ef306221695ea5170bb01e30ba54a8-ref.fasta.40 ref.fasta.40 1
2019/11/22 17:44:11.72 work_queue_worker[1] wq: rx from master: infile file-0-ddd728dc31a49bcd4cacae5676b4e7f7-Create_Corrected_AllLRReads.py Create_Corrected_AllLRReads.py 1
2019/11/22 17:44:11.72 work_queue_worker[1] wq: rx from master: outfile file-0-224aa5f3967514b1b4c40758d271dc82-create.err.40 create.err.40 1
2019/11/22 17:44:11.72 work_queue_worker[1] wq: rx from master: outfile file-0-4c675ceba92f2495ec5f829d3fd7dc0f-Corrected_ref.fasta.40 Corrected_ref.fasta.40 1
2019/11/22 17:44:11.72 work_queue_worker[1] wq: rx from master: end
2019/11/22 17:44:11.74 work_queue_worker[1] wq: linking cache/file-0-048045060f61089a83cce204e6b8f151-corr.out to /tmp/worker-0-1/t.72/corr.out
2019/11/22 17:44:11.74 work_queue_worker[1] wq: linking cache/file-0-15ef306221695ea5170bb01e30ba54a8-ref.fasta.40 to /tmp/worker-0-1/t.72/ref.fasta.40
2019/11/22 17:44:11.74 work_queue_worker[1] wq: linking cache/file-0-ddd728dc31a49bcd4cacae5676b4e7f7-Create_Corrected_AllLRReads.py to /tmp/worker-0-1/t.72/Create_Corrected_AllLRReads.py
2019/11/22 17:44:11.74 work_queue_worker[1] wq: started process 45: python Create_Corrected_AllLRReads.py ref.fasta.40 corr.out 2> create.err.40
2019/11/22 17:44:11.74 work_queue_worker[1] wq: tx to master: info tasks_running 1
2019/11/22 17:44:11.80 work_queue_worker[1] wq: task 72 (pid 45) exited normally with exit code 0
2019/11/22 17:44:11.80 work_queue_worker[1] wq: moving output file from /tmp/worker-0-1/t.72/create.err.40 to cache/file-0-224aa5f3967514b1b4c40758d271dc82-create.err.40
2019/11/22 17:44:11.80 work_queue_worker[1] wq: moving output file from /tmp/worker-0-1/t.72/Corrected_ref.fasta.40 to cache/file-0-4c675ceba92f2495ec5f829d3fd7dc0f-Corrected_ref.fasta.40
2019/11/22 17:44:11.80 work_queue_worker[1] wq: tx to master: available_results
2019/11/22 17:44:11.80 work_queue_worker[1] wq: rx from master: send_results -1
2019/11/22 17:44:11.80 work_queue_worker[1] wq: tx to master: result 0 0 0 61838 72
2019/11/22 17:44:11.80 work_queue_worker[1] wq: tx to master: info tasks_running 0
2019/11/22 17:44:11.80 work_queue_worker[1] wq: tx to master: end
2019/11/22 17:44:12.00 work_queue_worker[1] wq: rx from master: get file-0-224aa5f3967514b1b4c40758d271dc82-create.err.40 1
2019/11/22 17:44:12.00 work_queue_worker[1] wq: tx to master: file file-0-224aa5f3967514b1b4c40758d271dc82-create.err.40 0
2019/11/22 17:44:12.00 work_queue_worker[1] wq: tx to master: end
2019/11/22 17:44:12.00 work_queue_worker[1] wq: rx from master: get file-0-4c675ceba92f2495ec5f829d3fd7dc0f-Corrected_ref.fasta.40 1
2019/11/22 17:44:12.00 work_queue_worker[1] wq: tx to master: file file-0-4c675ceba92f2495ec5f829d3fd7dc0f-Corrected_ref.fasta.40 1055000
2019/11/22 17:44:12.07 work_queue_worker[1] wq: tx to master: end
2019/11/22 17:44:12.09 work_queue_worker[1] wq: rx from master: kill 72
2019/11/22 17:44:12.09 work_queue_worker[1] wq: ---- DELETING: /tmp/worker-0-1/t.72
2019/11/22 17:44:12.20 work_queue_worker[1] wq: rx from master: task 82
2019/11/22 17:44:12.20 work_queue_worker[1] wq: rx from master: cmd 76
2019/11/22 17:44:12.20 work_queue_worker[1] wq: rx from master: python Create_Corrected_AllLRReads.py ref.fasta.30 corr.out 2> create.err.30
2019/11/22 17:44:12.20 work_queue_worker[1] wq: rx from master: category default
2019/11/22 17:44:12.20 work_queue_worker[1] wq: rx from master: cores 1
2019/11/22 17:44:12.20 work_queue_worker[1] wq: rx from master: memory 7749
2019/11/22 17:44:12.20 work_queue_worker[1] wq: rx from master: disk 182794
2019/11/22 17:44:12.20 work_queue_worker[1] wq: rx from master: gpus 0
2019/11/22 17:44:12.20 work_queue_worker[1] wq: rx from master: end_time 18446744073709551615
2019/11/22 17:44:12.20 work_queue_worker[1] wq: rx from master: wall_time 18446744073709551615
2019/11/22 17:44:12.20 work_queue_worker[1] wq: rx from master: env 7
2019/11/22 17:44:12.20 work_queue_worker[1] wq: rx from master: env 17
2019/11/22 17:44:12.20 work_queue_worker[1] wq: rx from master: infile file-0-048045060f61089a83cce204e6b8f151-corr.out corr.out 1
2019/11/22 17:44:12.20 work_queue_worker[1] wq: rx from master: infile file-0-c63681d729e6b127a41a6905b7bf8cd3-ref.fasta.30 ref.fasta.30 1
2019/11/22 17:44:12.20 work_queue_worker[1] wq: rx from master: infile file-0-ddd728dc31a49bcd4cacae5676b4e7f7-Create_Corrected_AllLRReads.py Create_Corrected_AllLRReads.py 1
2019/11/22 17:44:12.20 work_queue_worker[1] wq: rx from master: outfile file-0-f48d7f9ba16c46e3fd1b2ce2b4c4688d-create.err.30 create.err.30 1
2019/11/22 17:44:12.20 work_queue_worker[1] wq: rx from master: outfile file-0-383c890ca508ff514ed04ad9be49df6f-Corrected_ref.fasta.30 Corrected_ref.fasta.30 1
2019/11/22 17:44:12.20 work_queue_worker[1] wq: rx from master: end
2019/11/22 17:44:12.22 work_queue_worker[1] wq: linking cache/file-0-048045060f61089a83cce204e6b8f151-corr.out to /tmp/worker-0-1/t.82/corr.out
2019/11/22 17:44:12.22 work_queue_worker[1] wq: linking cache/file-0-c63681d729e6b127a41a6905b7bf8cd3-ref.fasta.30 to /tmp/worker-0-1/t.82/ref.fasta.30
2019/11/22 17:44:12.22 work_queue_worker[1] wq: linking cache/file-0-ddd728dc31a49bcd4cacae5676b4e7f7-Create_Corrected_AllLRReads.py to /tmp/worker-0-1/t.82/Create_Corrected_AllLRReads.py
2019/11/22 17:44:12.22 work_queue_worker[1] wq: started process 49: python Create_Corrected_AllLRReads.py ref.fasta.30 corr.out 2> create.err.30
2019/11/22 17:44:12.22 work_queue_worker[1] wq: tx to master: info tasks_running 1
2019/11/22 17:44:12.28 work_queue_worker[1] wq: task 82 (pid 49) exited normally with exit code 0
2019/11/22 17:44:12.28 work_queue_worker[1] wq: moving output file from /tmp/worker-0-1/t.82/create.err.30 to cache/file-0-f48d7f9ba16c46e3fd1b2ce2b4c4688d-create.err.30
2019/11/22 17:44:12.28 work_queue_worker[1] wq: moving output file from /tmp/worker-0-1/t.82/Corrected_ref.fasta.30 to cache/file-0-383c890ca508ff514ed04ad9be49df6f-Corrected_ref.fasta.30
2019/11/22 17:44:12.28 work_queue_worker[1] wq: tx to master: available_results
2019/11/22 17:44:12.38 work_queue_worker[1] wq: rx from master: send_results -1
2019/11/22 17:44:12.38 work_queue_worker[1] wq: tx to master: result 0 0 0 64916 82
2019/11/22 17:44:12.38 work_queue_worker[1] wq: tx to master: info tasks_running 0
2019/11/22 17:44:12.38 work_queue_worker[1] wq: tx to master: end
2019/11/22 17:44:12.57 work_queue_worker[1] wq: rx from master: get file-0-f48d7f9ba16c46e3fd1b2ce2b4c4688d-create.err.30 1
2019/11/22 17:44:12.57 work_queue_worker[1] wq: tx to master: file file-0-f48d7f9ba16c46e3fd1b2ce2b4c4688d-create.err.30 0
2019/11/22 17:44:12.57 work_queue_worker[1] wq: tx to master: end
2019/11/22 17:44:12.57 work_queue_worker[1] wq: rx from master: get file-0-383c890ca508ff514ed04ad9be49df6f-Corrected_ref.fasta.30 1
2019/11/22 17:44:12.57 work_queue_worker[1] wq: tx to master: file file-0-383c890ca508ff514ed04ad9be49df6f-Corrected_ref.fasta.30 1055000
2019/11/22 17:44:12.64 work_queue_worker[1] wq: tx to master: end
2019/11/22 17:44:12.67 work_queue_worker[1] wq: rx from master: kill 82
2019/11/22 17:44:12.67 work_queue_worker[1] wq: ---- DELETING: /tmp/worker-0-1/t.82
2019/11/22 17:44:12.68 work_queue_worker[1] wq: rx from master: task 92
2019/11/22 17:44:12.68 work_queue_worker[1] wq: rx from master: cmd 76
2019/11/22 17:44:12.68 work_queue_worker[1] wq: rx from master: python Create_Corrected_AllLRReads.py ref.fasta.20 corr.out 2> create.err.20
2019/11/22 17:44:12.68 work_queue_worker[1] wq: rx from master: category default
2019/11/22 17:44:12.68 work_queue_worker[1] wq: rx from master: cores 1
2019/11/22 17:44:12.68 work_queue_worker[1] wq: rx from master: memory 7749
2019/11/22 17:44:12.68 work_queue_worker[1] wq: rx from master: disk 182794
2019/11/22 17:44:12.68 work_queue_worker[1] wq: rx from master: gpus 0
2019/11/22 17:44:12.68 work_queue_worker[1] wq: rx from master: end_time 18446744073709551615
2019/11/22 17:44:12.68 work_queue_worker[1] wq: rx from master: wall_time 18446744073709551615
2019/11/22 17:44:12.68 work_queue_worker[1] wq: rx from master: env 7
2019/11/22 17:44:12.68 work_queue_worker[1] wq: rx from master: env 17
2019/11/22 17:44:12.68 work_queue_worker[1] wq: rx from master: infile file-0-048045060f61089a83cce204e6b8f151-corr.out corr.out 1
2019/11/22 17:44:12.68 work_queue_worker[1] wq: rx from master: infile file-0-8c12b2e81dd684a2bea395d788356753-ref.fasta.20 ref.fasta.20 1
2019/11/22 17:44:12.68 work_queue_worker[1] wq: rx from master: infile file-0-ddd728dc31a49bcd4cacae5676b4e7f7-Create_Corrected_AllLRReads.py Create_Corrected_AllLRReads.py 1
2019/11/22 17:44:12.68 work_queue_worker[1] wq: rx from master: outfile file-0-552f257d8dc3bcf01b40f4631a4115bd-create.err.20 create.err.20 1
2019/11/22 17:44:12.68 work_queue_worker[1] wq: rx from master: outfile file-0-acbeb6f0169946d34eed3b43d8c346c7-Corrected_ref.fasta.20 Corrected_ref.fasta.20 1
2019/11/22 17:44:12.68 work_queue_worker[1] wq: rx from master: end
2019/11/22 17:44:12.69 work_queue_worker[1] wq: linking cache/file-0-048045060f61089a83cce204e6b8f151-corr.out to /tmp/worker-0-1/t.92/corr.out
2019/11/22 17:44:12.69 work_queue_worker[1] wq: linking cache/file-0-8c12b2e81dd684a2bea395d788356753-ref.fasta.20 to /tmp/worker-0-1/t.92/ref.fasta.20
2019/11/22 17:44:12.69 work_queue_worker[1] wq: linking cache/file-0-ddd728dc31a49bcd4cacae5676b4e7f7-Create_Corrected_AllLRReads.py to /tmp/worker-0-1/t.92/Create_Corrected_AllLRReads.py
2019/11/22 17:44:12.69 work_queue_worker[1] wq: started process 53: python Create_Corrected_AllLRReads.py ref.fasta.20 corr.out 2> create.err.20
2019/11/22 17:44:12.69 work_queue_worker[1] wq: tx to master: info tasks_running 1
2019/11/22 17:44:12.76 work_queue_worker[1] wq: task 92 (pid 53) exited normally with exit code 0
2019/11/22 17:44:12.76 work_queue_worker[1] wq: moving output file from /tmp/worker-0-1/t.92/create.err.20 to cache/file-0-552f257d8dc3bcf01b40f4631a4115bd-create.err.20
2019/11/22 17:44:12.76 work_queue_worker[1] wq: moving output file from /tmp/worker-0-1/t.92/Corrected_ref.fasta.20 to cache/file-0-acbeb6f0169946d34eed3b43d8c346c7-Corrected_ref.fasta.20
2019/11/22 17:44:12.76 work_queue_worker[1] wq: tx to master: available_results
2019/11/22 17:44:12.76 work_queue_worker[1] wq: rx from master: send_results -1
2019/11/22 17:44:12.76 work_queue_worker[1] wq: tx to master: result 0 0 0 61999 92
2019/11/22 17:44:12.76 work_queue_worker[1] wq: tx to master: info tasks_running 0
2019/11/22 17:44:12.76 work_queue_worker[1] wq: tx to master: end
2019/11/22 17:44:12.95 work_queue_worker[1] wq: rx from master: get file-0-552f257d8dc3bcf01b40f4631a4115bd-create.err.20 1
2019/11/22 17:44:12.95 work_queue_worker[1] wq: tx to master: file file-0-552f257d8dc3bcf01b40f4631a4115bd-create.err.20 0
2019/11/22 17:44:12.95 work_queue_worker[1] wq: tx to master: end
2019/11/22 17:44:12.95 work_queue_worker[1] wq: rx from master: get file-0-acbeb6f0169946d34eed3b43d8c346c7-Corrected_ref.fasta.20 1
2019/11/22 17:44:12.95 work_queue_worker[1] wq: tx to master: file file-0-acbeb6f0169946d34eed3b43d8c346c7-Corrected_ref.fasta.20 1055000
2019/11/22 17:44:13.02 work_queue_worker[1] wq: tx to master: end
2019/11/22 17:44:13.05 work_queue_worker[1] wq: rx from master: kill 92
2019/11/22 17:44:13.05 work_queue_worker[1] wq: ---- DELETING: /tmp/worker-0-1/t.92
2019/11/22 17:44:13.16 work_queue_worker[1] wq: rx from master: task 102
2019/11/22 17:44:13.16 work_queue_worker[1] wq: rx from master: cmd 76
2019/11/22 17:44:13.16 work_queue_worker[1] wq: rx from master: python Create_Corrected_AllLRReads.py ref.fasta.10 corr.out 2> create.err.10
2019/11/22 17:44:13.16 work_queue_worker[1] wq: rx from master: category default
2019/11/22 17:44:13.16 work_queue_worker[1] wq: rx from master: cores 1
2019/11/22 17:44:13.16 work_queue_worker[1] wq: rx from master: memory 7749
2019/11/22 17:44:13.16 work_queue_worker[1] wq: rx from master: disk 182794
2019/11/22 17:44:13.16 work_queue_worker[1] wq: rx from master: gpus 0
2019/11/22 17:44:13.16 work_queue_worker[1] wq: rx from master: end_time 18446744073709551615
2019/11/22 17:44:13.16 work_queue_worker[1] wq: rx from master: wall_time 18446744073709551615
2019/11/22 17:44:13.16 work_queue_worker[1] wq: rx from master: env 7
2019/11/22 17:44:13.16 work_queue_worker[1] wq: rx from master: env 17
2019/11/22 17:44:13.16 work_queue_worker[1] wq: rx from master: infile file-0-048045060f61089a83cce204e6b8f151-corr.out corr.out 1
2019/11/22 17:44:13.16 work_queue_worker[1] wq: rx from master: infile file-0-30475cdf029099342b775fc85202fe97-ref.fasta.10 ref.fasta.10 1
2019/11/22 17:44:13.16 work_queue_worker[1] wq: rx from master: infile file-0-ddd728dc31a49bcd4cacae5676b4e7f7-Create_Corrected_AllLRReads.py Create_Corrected_AllLRReads.py 1
2019/11/22 17:44:13.16 work_queue_worker[1] wq: rx from master: outfile file-0-3067cbe02ab653d081376823d8b7c679-create.err.10 create.err.10 1
2019/11/22 17:44:13.16 work_queue_worker[1] wq: rx from master: outfile file-0-13f5e055f50315c592568711386332f4-Corrected_ref.fasta.10 Corrected_ref.fasta.10 1
2019/11/22 17:44:13.16 work_queue_worker[1] wq: rx from master: end
2019/11/22 17:44:13.17 work_queue_worker[1] wq: linking cache/file-0-048045060f61089a83cce204e6b8f151-corr.out to /tmp/worker-0-1/t.102/corr.out
2019/11/22 17:44:13.17 work_queue_worker[1] wq: linking cache/file-0-30475cdf029099342b775fc85202fe97-ref.fasta.10 to /tmp/worker-0-1/t.102/ref.fasta.10
2019/11/22 17:44:13.17 work_queue_worker[1] wq: linking cache/file-0-ddd728dc31a49bcd4cacae5676b4e7f7-Create_Corrected_AllLRReads.py to /tmp/worker-0-1/t.102/Create_Corrected_AllLRReads.py
2019/11/22 17:44:13.17 work_queue_worker[1] wq: started process 57: python Create_Corrected_AllLRReads.py ref.fasta.10 corr.out 2> create.err.10
2019/11/22 17:44:13.17 work_queue_worker[1] wq: tx to master: info tasks_running 1
2019/11/22 17:44:13.22 work_queue_worker[1] wq: task 102 (pid 57) exited normally with exit code 0
2019/11/22 17:44:13.22 work_queue_worker[1] wq: moving output file from /tmp/worker-0-1/t.102/create.err.10 to cache/file-0-3067cbe02ab653d081376823d8b7c679-create.err.10
2019/11/22 17:44:13.22 work_queue_worker[1] wq: moving output file from /tmp/worker-0-1/t.102/Corrected_ref.fasta.10 to cache/file-0-13f5e055f50315c592568711386332f4-Corrected_ref.fasta.10
2019/11/22 17:44:13.22 work_queue_worker[1] wq: tx to master: available_results
2019/11/22 17:44:13.23 work_queue_worker[1] wq: rx from master: send_results -1
2019/11/22 17:44:13.23 work_queue_worker[1] wq: tx to master: result 0 0 0 52497 102
2019/11/22 17:44:13.23 work_queue_worker[1] wq: tx to master: info tasks_running 0
2019/11/22 17:44:13.23 work_queue_worker[1] wq: tx to master: end
2019/11/22 17:44:13.44 work_queue_worker[1] wq: rx from master: get file-0-3067cbe02ab653d081376823d8b7c679-create.err.10 1
2019/11/22 17:44:13.44 work_queue_worker[1] wq: tx to master: file file-0-3067cbe02ab653d081376823d8b7c679-create.err.10 0
2019/11/22 17:44:13.44 work_queue_worker[1] wq: tx to master: end
2019/11/22 17:44:13.44 work_queue_worker[1] wq: rx from master: get file-0-13f5e055f50315c592568711386332f4-Corrected_ref.fasta.10 1
2019/11/22 17:44:13.44 work_queue_worker[1] wq: tx to master: file file-0-13f5e055f50315c592568711386332f4-Corrected_ref.fasta.10 1055000
2019/11/22 17:44:13.51 work_queue_worker[1] wq: tx to master: end
2019/11/22 17:44:13.54 work_queue_worker[1] wq: rx from master: kill 102
2019/11/22 17:44:13.54 work_queue_worker[1] wq: ---- DELETING: /tmp/worker-0-1/t.102
2019/11/22 17:44:13.64 work_queue_worker[1] wq: rx from master: put file-0-d53b7362d9ad27f7af3cd0cb7105a051-ref.fasta.4 1053000 0644 1
2019/11/22 17:44:13.64 work_queue_worker[1] wq: Putting file file-0-d53b7362d9ad27f7af3cd0cb7105a051-ref.fasta.4 into workspace
2019/11/22 17:44:13.64 work_queue_worker[1] wq: Dir /cache already exists in cache
2019/11/22 17:44:13.73 work_queue_worker[1] wq: ****BRUNO***** cp BARRA: -> cp ./cache/file-0-d53b7362d9ad27f7af3cd0cb7105a051-ref.fasta.4 /cache.
2019/11/22 17:44:13.74 work_queue_worker[1] wq: rx from master: task 108
2019/11/22 17:44:13.74 work_queue_worker[1] wq: rx from master: cmd 74
2019/11/22 17:44:13.74 work_queue_worker[1] wq: rx from master: python Create_Corrected_AllLRReads.py ref.fasta.4 corr.out 2> create.err.4
2019/11/22 17:44:13.74 work_queue_worker[1] wq: rx from master: category default
2019/11/22 17:44:13.74 work_queue_worker[1] wq: rx from master: cores 1
2019/11/22 17:44:13.74 work_queue_worker[1] wq: rx from master: memory 7749
2019/11/22 17:44:13.74 work_queue_worker[1] wq: rx from master: disk 182794
2019/11/22 17:44:13.74 work_queue_worker[1] wq: rx from master: gpus 0
2019/11/22 17:44:13.74 work_queue_worker[1] wq: rx from master: end_time 18446744073709551615
2019/11/22 17:44:13.74 work_queue_worker[1] wq: rx from master: wall_time 18446744073709551615
2019/11/22 17:44:13.74 work_queue_worker[1] wq: rx from master: env 7
2019/11/22 17:44:13.74 work_queue_worker[1] wq: rx from master: env 17
2019/11/22 17:44:13.74 work_queue_worker[1] wq: rx from master: infile file-0-048045060f61089a83cce204e6b8f151-corr.out corr.out 1
2019/11/22 17:44:13.74 work_queue_worker[1] wq: rx from master: infile file-0-d53b7362d9ad27f7af3cd0cb7105a051-ref.fasta.4 ref.fasta.4 1
2019/11/22 17:44:13.74 work_queue_worker[1] wq: rx from master: infile file-0-ddd728dc31a49bcd4cacae5676b4e7f7-Create_Corrected_AllLRReads.py Create_Corrected_AllLRReads.py 1
2019/11/22 17:44:13.74 work_queue_worker[1] wq: rx from master: outfile file-0-e6b72afc05214eedda0ecef5162d4c91-create.err.4 create.err.4 1
2019/11/22 17:44:13.74 work_queue_worker[1] wq: rx from master: outfile file-0-0251fcaf3fa2b2d38290aebd4b1388ee-Corrected_ref.fasta.4 Corrected_ref.fasta.4 1
2019/11/22 17:44:13.74 work_queue_worker[1] wq: rx from master: end
2019/11/22 17:44:13.74 work_queue_worker[1] wq: tx to master: info cached_files file-0-e1fd3d565f5a9462a45d8636a7a32668-ref.fasta.9
2019/11/22 17:44:13.74 work_queue_worker[1] wq: tx to master: info cached_files file-0-d53b7362d9ad27f7af3cd0cb7105a051-ref.fasta.4
2019/11/22 17:44:13.75 work_queue_worker[1] wq: linking cache/file-0-048045060f61089a83cce204e6b8f151-corr.out to /tmp/worker-0-1/t.108/corr.out
2019/11/22 17:44:13.75 work_queue_worker[1] wq: linking cache/file-0-d53b7362d9ad27f7af3cd0cb7105a051-ref.fasta.4 to /tmp/worker-0-1/t.108/ref.fasta.4
2019/11/22 17:44:13.75 work_queue_worker[1] wq: linking cache/file-0-ddd728dc31a49bcd4cacae5676b4e7f7-Create_Corrected_AllLRReads.py to /tmp/worker-0-1/t.108/Create_Corrected_AllLRReads.py
2019/11/22 17:44:13.75 work_queue_worker[1] wq: started process 63: python Create_Corrected_AllLRReads.py ref.fasta.4 corr.out 2> create.err.4
2019/11/22 17:44:13.75 work_queue_worker[1] wq: tx to master: info tasks_running 1
2019/11/22 17:44:13.80 work_queue_worker[1] wq: task 108 (pid 63) exited normally with exit code 0
2019/11/22 17:44:13.80 work_queue_worker[1] wq: moving output file from /tmp/worker-0-1/t.108/create.err.4 to cache/file-0-e6b72afc05214eedda0ecef5162d4c91-create.err.4
2019/11/22 17:44:13.80 work_queue_worker[1] wq: moving output file from /tmp/worker-0-1/t.108/Corrected_ref.fasta.4 to cache/file-0-0251fcaf3fa2b2d38290aebd4b1388ee-Corrected_ref.fasta.4
2019/11/22 17:44:13.80 work_queue_worker[1] wq: tx to master: available_results
2019/11/22 17:44:14.02 work_queue_worker[1] wq: rx from master: send_results -1
2019/11/22 17:44:14.02 work_queue_worker[1] wq: tx to master: result 0 0 0 49607 108
2019/11/22 17:44:14.02 work_queue_worker[1] wq: tx to master: info tasks_running 0
2019/11/22 17:44:14.02 work_queue_worker[1] wq: tx to master: end
2019/11/22 17:44:14.02 work_queue_worker[1] wq: rx from master: get file-0-e6b72afc05214eedda0ecef5162d4c91-create.err.4 1
2019/11/22 17:44:14.02 work_queue_worker[1] wq: tx to master: file file-0-e6b72afc05214eedda0ecef5162d4c91-create.err.4 0
2019/11/22 17:44:14.02 work_queue_worker[1] wq: tx to master: end
2019/11/22 17:44:14.02 work_queue_worker[1] wq: rx from master: get file-0-0251fcaf3fa2b2d38290aebd4b1388ee-Corrected_ref.fasta.4 1
2019/11/22 17:44:14.02 work_queue_worker[1] wq: tx to master: file file-0-0251fcaf3fa2b2d38290aebd4b1388ee-Corrected_ref.fasta.4 1053000
2019/11/22 17:44:14.08 work_queue_worker[1] wq: tx to master: end
2019/11/22 17:44:14.12 work_queue_worker[1] wq: rx from master: kill 108
2019/11/22 17:44:14.12 work_queue_worker[1] wq: ---- DELETING: /tmp/worker-0-1/t.108
2019/11/22 17:44:14.12 work_queue_worker[1] wq: rx from master: task 14
2019/11/22 17:44:14.12 work_queue_worker[1] wq: rx from master: cmd 76
2019/11/22 17:44:14.12 work_queue_worker[1] wq: rx from master: python Create_Corrected_AllLRReads.py ref.fasta.98 corr.out 2> create.err.98
2019/11/22 17:44:14.12 work_queue_worker[1] wq: rx from master: category default
2019/11/22 17:44:14.12 work_queue_worker[1] wq: rx from master: cores 1
2019/11/22 17:44:14.12 work_queue_worker[1] wq: rx from master: memory 7749
2019/11/22 17:44:14.12 work_queue_worker[1] wq: rx from master: disk 182794
2019/11/22 17:44:14.12 work_queue_worker[1] wq: rx from master: gpus 0
2019/11/22 17:44:14.12 work_queue_worker[1] wq: rx from master: end_time 18446744073709551615
2019/11/22 17:44:14.12 work_queue_worker[1] wq: rx from master: wall_time 18446744073709551615
2019/11/22 17:44:14.12 work_queue_worker[1] wq: rx from master: env 7
2019/11/22 17:44:14.12 work_queue_worker[1] wq: rx from master: env 17
2019/11/22 17:44:14.12 work_queue_worker[1] wq: rx from master: infile file-0-048045060f61089a83cce204e6b8f151-corr.out corr.out 1
2019/11/22 17:44:14.12 work_queue_worker[1] wq: rx from master: infile file-0-11ac100e7c885c7ba05e6e81cabe3d13-ref.fasta.98 ref.fasta.98 1
2019/11/22 17:44:14.12 work_queue_worker[1] wq: rx from master: infile file-0-ddd728dc31a49bcd4cacae5676b4e7f7-Create_Corrected_AllLRReads.py Create_Corrected_AllLRReads.py 1
2019/11/22 17:44:14.12 work_queue_worker[1] wq: rx from master: outfile file-0-81af70a3a91e7b863b8c6f8507692725-create.err.98 create.err.98 1
2019/11/22 17:44:14.12 work_queue_worker[1] wq: rx from master: outfile file-0-32e124a98748c1cbc30db68693a75dae-Corrected_ref.fasta.98 Corrected_ref.fasta.98 1
2019/11/22 17:44:14.12 work_queue_worker[1] wq: rx from master: end
2019/11/22 17:44:14.14 work_queue_worker[1] wq: linking cache/file-0-048045060f61089a83cce204e6b8f151-corr.out to /tmp/worker-0-1/t.14/corr.out
2019/11/22 17:44:14.14 work_queue_worker[1] wq: linking cache/file-0-11ac100e7c885c7ba05e6e81cabe3d13-ref.fasta.98 to /tmp/worker-0-1/t.14/ref.fasta.98
2019/11/22 17:44:14.14 work_queue_worker[1] wq: linking cache/file-0-ddd728dc31a49bcd4cacae5676b4e7f7-Create_Corrected_AllLRReads.py to /tmp/worker-0-1/t.14/Create_Corrected_AllLRReads.py
2019/11/22 17:44:14.14 work_queue_worker[1] wq: started process 67: python Create_Corrected_AllLRReads.py ref.fasta.98 corr.out 2> create.err.98
2019/11/22 17:44:14.14 work_queue_worker[1] wq: tx to master: info tasks_running 1
2019/11/22 17:44:14.20 work_queue_worker[1] wq: task 14 (pid 67) exited normally with exit code 0
2019/11/22 17:44:14.20 work_queue_worker[1] wq: moving output file from /tmp/worker-0-1/t.14/create.err.98 to cache/file-0-81af70a3a91e7b863b8c6f8507692725-create.err.98
2019/11/22 17:44:14.20 work_queue_worker[1] wq: moving output file from /tmp/worker-0-1/t.14/Corrected_ref.fasta.98 to cache/file-0-32e124a98748c1cbc30db68693a75dae-Corrected_ref.fasta.98
2019/11/22 17:44:14.20 work_queue_worker[1] wq: tx to master: available_results
2019/11/22 17:44:14.30 work_queue_worker[1] wq: rx from master: send_results -1
2019/11/22 17:44:14.30 work_queue_worker[1] wq: tx to master: result 0 0 0 63374 14
2019/11/22 17:44:14.30 work_queue_worker[1] wq: tx to master: info tasks_running 0
2019/11/22 17:44:14.30 work_queue_worker[1] wq: tx to master: end
2019/11/22 17:44:14.30 work_queue_worker[1] wq: rx from master: get file-0-81af70a3a91e7b863b8c6f8507692725-create.err.98 1
2019/11/22 17:44:14.30 work_queue_worker[1] wq: tx to master: file file-0-81af70a3a91e7b863b8c6f8507692725-create.err.98 0
2019/11/22 17:44:14.30 work_queue_worker[1] wq: tx to master: end
2019/11/22 17:44:14.30 work_queue_worker[1] wq: rx from master: get file-0-32e124a98748c1cbc30db68693a75dae-Corrected_ref.fasta.98 1
2019/11/22 17:44:14.30 work_queue_worker[1] wq: tx to master: file file-0-32e124a98748c1cbc30db68693a75dae-Corrected_ref.fasta.98 1055000
2019/11/22 17:44:14.36 work_queue_worker[1] wq: tx to master: end
2019/11/22 17:44:14.39 work_queue_worker[1] wq: rx from master: kill 14
2019/11/22 17:44:14.39 work_queue_worker[1] wq: ---- DELETING: /tmp/worker-0-1/t.14
2019/11/22 17:44:14.74 work_queue_worker[1] wq: rx from master: release
2019/11/22 17:44:14.74 work_queue_worker[1] wq: released by master 10.0.72.2:1026.
2019/11/22 17:44:14.74 work_queue_worker[1] wq: *********** BRUNO ******** NOT cleaning workspace /tmp/worker-0-1
2019/11/22 17:44:14.74 work_queue_worker[1] wq: disconnecting from master 10.0.72.2:1026
2019/11/22 17:44:14.74 work_queue_worker[1] tcp: disconnected from 10.0.72.2 port 1026
2019/11/22 17:44:14.74 work_queue_worker[1] wq: killing all outstanding tasks
2019/11/22 17:44:14.74 work_queue_worker[1] wq: all data structures are clean
2019/11/22 17:44:15.74 work_queue_worker[1] tcp: connecting to 10.0.72.2 port 1026
