2019/11/27 11:34:46.76 work_queue_worker[1] debug: /home/cctools_BRUNO_bin/bin/work_queue_worker version 8.0.0 DEVELOPMENT (released 2019-11-06 16:35:57 +0000)
2019/11/27 11:34:46.76 work_queue_worker[1] debug: Built by root@2546322b0463 on 2019-11-06 16:35:57 +0000
2019/11/27 11:34:46.76 work_queue_worker[1] debug: System: Linux 2546322b0463 5.0.0-32-generic #34~18.04.2-Ubuntu SMP Thu Oct 10 10:36:02 UTC 2019 x86_64 x86_64 x86_64 GNU/Linux
2019/11/27 11:34:46.76 work_queue_worker[1] debug: Configuration: --prefix /home/cctools_BRUNO_bin
2019/11/27 11:34:46.76 work_queue_worker[1] wq: WORK_QUEUE_SANDBOX set to /tmp/worker-0-1.
2019/11/27 11:34:46.76 work_queue_worker[1] debug: error reading disk usage on directory: ./cache.
2019/11/27 11:34:46.76 work_queue_worker[1] dns: looking up name master
2019/11/27 11:34:46.76 work_queue_worker[1] dns: couldn't look up master: Name or service not known
2019/11/27 11:34:48.76 work_queue_worker[1] dns: looking up name master
2019/11/27 11:34:48.77 work_queue_worker[1] dns: couldn't look up master: Name or service not known
2019/11/27 11:34:50.77 work_queue_worker[1] dns: looking up name master
2019/11/27 11:34:50.77 work_queue_worker[1] dns: couldn't look up master: Name or service not known
2019/11/27 11:34:52.77 work_queue_worker[1] debug: error reading disk usage on directory: ./cache.
2019/11/27 11:34:52.77 work_queue_worker[1] dns: looking up name master
2019/11/27 11:34:52.77 work_queue_worker[1] dns: couldn't look up master: Name or service not known
2019/11/27 11:34:54.77 work_queue_worker[1] dns: looking up name master
2019/11/27 11:34:54.77 work_queue_worker[1] dns: couldn't look up master: Name or service not known
2019/11/27 11:34:56.77 work_queue_worker[1] dns: looking up name master
2019/11/27 11:34:56.78 work_queue_worker[1] dns: master is 10.0.22.17
2019/11/27 11:34:56.78 work_queue_worker[1] tcp: connecting to 10.0.22.17 port 1026
2019/11/27 11:34:57.79 work_queue_worker[1] tcp: made connection to 10.0.22.17 port 1026
2019/11/27 11:34:57.79 work_queue_worker[1] wq: connected to master master:1026 via local address 10.0.22.6:54910
2019/11/27 11:34:57.79 work_queue_worker[1] wq: preparing workspace /tmp/worker-0-1
2019/11/27 11:34:57.81 work_queue_worker[1] dns: looking up name 3fe7a67130d6
2019/11/27 11:34:57.81 work_queue_worker[1] dns: 3fe7a67130d6 is 10.0.22.6
2019/11/27 11:34:57.81 work_queue_worker[1] dns: looking up addr 10.0.22.6
2019/11/27 11:34:57.81 work_queue_worker[1] dns: 10.0.22.6 is 3fe7a67130d6
2019/11/27 11:34:57.81 work_queue_worker[1] dns: finding my hostname: uname = 3fe7a67130d6, address = 10.0.22.6, hostname = 3fe7a67130d6
2019/11/27 11:34:57.81 work_queue_worker[1] wq: tx to master: workqueue 8 3fe7a67130d6 Linux x86_64 8.0.0
2019/11/27 11:34:57.81 work_queue_worker[1] wq: tx to master: info worker-id worker-f6b608133d76c4ea5d1a2b8c103ad570
2019/11/27 11:34:57.81 work_queue_worker[1] wq: tx to master: alive
2019/11/27 11:34:57.81 work_queue_worker[1] wq: Sending resource description to master:
2019/11/27 11:34:57.81 work_queue_worker[1] wq:  workers      0 inuse      1 total      1 smallest      1 largest
2019/11/27 11:34:57.81 work_queue_worker[1] wq:     disk      0 inuse 182748 total 182748 smallest 182748 largest
2019/11/27 11:34:57.81 work_queue_worker[1] wq:   memory      0 inuse   7749 total   7749 smallest   7749 largest
2019/11/27 11:34:57.81 work_queue_worker[1] wq:     gpus      0 inuse      0 total      0 smallest      0 largest
2019/11/27 11:34:57.81 work_queue_worker[1] wq:    cores      0 inuse      1 total      1 smallest      1 largest
2019/11/27 11:34:57.81 work_queue_worker[1] wq: tx to master: info end_of_resource_update 0
2019/11/27 11:34:57.81 work_queue_worker[1] wq: tx to master: info tasks_running 0
2019/11/27 11:34:57.81 work_queue_worker[1] wq: working for master at 10.0.22.17:1026.
2019/11/27 11:39:20.99 work_queue_worker[1] wq: rx from master: put file-0-25930e3036f13852cb0b29694bbab611-nt/taxdb.bti 14920392 0644 1
2019/11/27 11:39:20.99 work_queue_worker[1] wq: Putting file file-0-25930e3036f13852cb0b29694bbab611-nt/taxdb.bti into workspace
2019/11/27 11:39:22.65 work_queue_worker[1] wq: Dir /cache/file-0-25930e3036f13852cb0b29694bbab611-nt already exists in cache
2019/11/27 11:39:27.44 work_queue_worker[1] wq: ****BRUNO***** cp BARRA: -> cp ./cache/file-0-25930e3036f13852cb0b29694bbab611-nt/taxdb.bti /cache/file-0-25930e3036f13852cb0b29694bbab611-nt.
2019/11/27 11:39:27.59 work_queue_worker[1] wq: rx from master: put file-0-25930e3036f13852cb0b29694bbab611-nt/nt.nal 752 0644 1
2019/11/27 11:39:27.59 work_queue_worker[1] wq: Putting file file-0-25930e3036f13852cb0b29694bbab611-nt/nt.nal into workspace
2019/11/27 11:39:27.59 work_queue_worker[1] wq: Dir /cache/file-0-25930e3036f13852cb0b29694bbab611-nt already exists in cache
2019/11/27 11:39:27.59 work_queue_worker[1] wq: ****BRUNO***** cp BARRA: -> cp ./cache/file-0-25930e3036f13852cb0b29694bbab611-nt/nt.nal /cache/file-0-25930e3036f13852cb0b29694bbab611-nt.
2019/11/27 11:39:27.60 work_queue_worker[1] wq: rx from master: put file-0-25930e3036f13852cb0b29694bbab611-nt/nt.44.nni 27220 0644 1
2019/11/27 11:39:27.60 work_queue_worker[1] wq: Putting file file-0-25930e3036f13852cb0b29694bbab611-nt/nt.44.nni into workspace
2019/11/27 11:39:27.60 work_queue_worker[1] wq: Dir /cache/file-0-25930e3036f13852cb0b29694bbab611-nt already exists in cache
2019/11/27 11:39:27.60 work_queue_worker[1] wq: ****BRUNO***** cp BARRA: -> cp ./cache/file-0-25930e3036f13852cb0b29694bbab611-nt/nt.44.nni /cache/file-0-25930e3036f13852cb0b29694bbab611-nt.
2019/11/27 11:39:27.60 work_queue_worker[1] wq: rx from master: put file-0-25930e3036f13852cb0b29694bbab611-nt/nt.44.nog 3378248 0644 1
2019/11/27 11:39:27.60 work_queue_worker[1] wq: Putting file file-0-25930e3036f13852cb0b29694bbab611-nt/nt.44.nog into workspace
2019/11/27 11:39:27.60 work_queue_worker[1] wq: Dir /cache/file-0-25930e3036f13852cb0b29694bbab611-nt already exists in cache
2019/11/27 11:39:28.01 work_queue_worker[1] wq: ****BRUNO***** cp BARRA: -> cp ./cache/file-0-25930e3036f13852cb0b29694bbab611-nt/nt.44.nog /cache/file-0-25930e3036f13852cb0b29694bbab611-nt.
2019/11/27 11:39:28.03 work_queue_worker[1] wq: rx from master: put file-0-25930e3036f13852cb0b29694bbab611-nt/taxdb.btd 141628361 0644 1
2019/11/27 11:39:28.03 work_queue_worker[1] wq: Putting file file-0-25930e3036f13852cb0b29694bbab611-nt/taxdb.btd into workspace
2019/11/27 11:39:28.03 work_queue_worker[1] wq: Dir /cache/file-0-25930e3036f13852cb0b29694bbab611-nt already exists in cache
2019/11/27 11:39:40.55 work_queue_worker[1] wq: ****BRUNO***** cp BARRA: -> cp ./cache/file-0-25930e3036f13852cb0b29694bbab611-nt/taxdb.btd /cache/file-0-25930e3036f13852cb0b29694bbab611-nt.
2019/11/27 11:39:41.01 work_queue_worker[1] wq: rx from master: put file-0-25930e3036f13852cb0b29694bbab611-nt/nt.44.nhr 148534336 0644 1
2019/11/27 11:39:41.01 work_queue_worker[1] wq: Putting file file-0-25930e3036f13852cb0b29694bbab611-nt/nt.44.nhr into workspace
2019/11/27 11:39:41.01 work_queue_worker[1] wq: Dir /cache/file-0-25930e3036f13852cb0b29694bbab611-nt already exists in cache
2019/11/27 11:39:53.71 work_queue_worker[1] wq: ****BRUNO***** cp BARRA: -> cp ./cache/file-0-25930e3036f13852cb0b29694bbab611-nt/nt.44.nhr /cache/file-0-25930e3036f13852cb0b29694bbab611-nt.
2019/11/27 11:39:54.16 work_queue_worker[1] wq: rx from master: put file-0-25930e3036f13852cb0b29694bbab611-nt/nt.44.nhi 338004 0644 1
2019/11/27 11:39:54.16 work_queue_worker[1] wq: Putting file file-0-25930e3036f13852cb0b29694bbab611-nt/nt.44.nhi into workspace
2019/11/27 11:39:54.16 work_queue_worker[1] wq: Dir /cache/file-0-25930e3036f13852cb0b29694bbab611-nt already exists in cache
2019/11/27 11:39:54.16 work_queue_worker[1] wq: ****BRUNO***** cp BARRA: -> cp ./cache/file-0-25930e3036f13852cb0b29694bbab611-nt/nt.44.nhi /cache/file-0-25930e3036f13852cb0b29694bbab611-nt.
2019/11/27 11:39:54.16 work_queue_worker[1] wq: rx from master: put file-0-25930e3036f13852cb0b29694bbab611-nt/nt.44.nnd 6955488 0644 1
2019/11/27 11:39:54.16 work_queue_worker[1] wq: Putting file file-0-25930e3036f13852cb0b29694bbab611-nt/nt.44.nnd into workspace
2019/11/27 11:39:54.16 work_queue_worker[1] wq: Dir /cache/file-0-25930e3036f13852cb0b29694bbab611-nt already exists in cache
2019/11/27 11:39:54.42 work_queue_worker[1] wq: ****BRUNO***** cp BARRA: -> cp ./cache/file-0-25930e3036f13852cb0b29694bbab611-nt/nt.44.nnd /cache/file-0-25930e3036f13852cb0b29694bbab611-nt.
2019/11/27 11:39:54.43 work_queue_worker[1] wq: rx from master: put file-0-25930e3036f13852cb0b29694bbab611-nt/nt.44.nhd 14869748 0644 1
2019/11/27 11:39:54.43 work_queue_worker[1] wq: Putting file file-0-25930e3036f13852cb0b29694bbab611-nt/nt.44.nhd into workspace
2019/11/27 11:39:54.43 work_queue_worker[1] wq: Dir /cache/file-0-25930e3036f13852cb0b29694bbab611-nt already exists in cache
2019/11/27 11:39:55.73 work_queue_worker[1] wq: ****BRUNO***** cp BARRA: -> cp ./cache/file-0-25930e3036f13852cb0b29694bbab611-nt/nt.44.nhd /cache/file-0-25930e3036f13852cb0b29694bbab611-nt.
2019/11/27 11:39:58.02 work_queue_worker[1] wq: rx from master: put file-0-25930e3036f13852cb0b29694bbab611-nt/nt.44.nsq 974099786 0644 1
2019/11/27 11:39:58.93 work_queue_worker[1] wq: Putting file file-0-25930e3036f13852cb0b29694bbab611-nt/nt.44.nsq into workspace
2019/11/27 11:39:58.94 work_queue_worker[1] wq: Dir /cache/file-0-25930e3036f13852cb0b29694bbab611-nt already exists in cache
2019/11/27 11:41:25.31 work_queue_worker[1] wq: ****BRUNO***** cp BARRA: -> cp ./cache/file-0-25930e3036f13852cb0b29694bbab611-nt/nt.44.nsq /cache/file-0-25930e3036f13852cb0b29694bbab611-nt.
2019/11/27 11:41:28.13 work_queue_worker[1] wq: rx from master: put file-0-25930e3036f13852cb0b29694bbab611-nt/nt.44.nin 10134740 0644 1
2019/11/27 11:41:28.13 work_queue_worker[1] wq: Putting file file-0-25930e3036f13852cb0b29694bbab611-nt/nt.44.nin into workspace
2019/11/27 11:41:28.13 work_queue_worker[1] wq: Dir /cache/file-0-25930e3036f13852cb0b29694bbab611-nt already exists in cache
2019/11/27 11:41:28.64 work_queue_worker[1] wq: ****BRUNO***** cp BARRA: -> cp ./cache/file-0-25930e3036f13852cb0b29694bbab611-nt/nt.44.nin /cache/file-0-25930e3036f13852cb0b29694bbab611-nt.
2019/11/27 11:41:28.66 work_queue_worker[1] wq: rx from master: put file-0-25930e3036f13852cb0b29694bbab611-nt/nt.44.nsi 764650 0644 1
2019/11/27 11:41:28.66 work_queue_worker[1] wq: Putting file file-0-25930e3036f13852cb0b29694bbab611-nt/nt.44.nsi into workspace
2019/11/27 11:41:28.66 work_queue_worker[1] wq: Dir /cache/file-0-25930e3036f13852cb0b29694bbab611-nt already exists in cache
2019/11/27 11:41:28.71 work_queue_worker[1] wq: ****BRUNO***** cp BARRA: -> cp ./cache/file-0-25930e3036f13852cb0b29694bbab611-nt/nt.44.nsi /cache/file-0-25930e3036f13852cb0b29694bbab611-nt.
2019/11/27 11:41:28.72 work_queue_worker[1] wq: rx from master: put file-0-25930e3036f13852cb0b29694bbab611-nt/nt.44.nsd 33299557 0644 1
2019/11/27 11:41:28.72 work_queue_worker[1] wq: Putting file file-0-25930e3036f13852cb0b29694bbab611-nt/nt.44.nsd into workspace
2019/11/27 11:41:28.72 work_queue_worker[1] wq: Dir /cache/file-0-25930e3036f13852cb0b29694bbab611-nt already exists in cache
2019/11/27 11:41:31.64 work_queue_worker[1] wq: ****BRUNO***** cp BARRA: -> cp ./cache/file-0-25930e3036f13852cb0b29694bbab611-nt/nt.44.nsd /cache/file-0-25930e3036f13852cb0b29694bbab611-nt.
2019/11/27 11:41:31.73 work_queue_worker[1] wq: rx from master: put file-0-f7c60c99710a0f95199d7cf4150bb754-test.fasta.3 10110 0644 1
2019/11/27 11:41:31.73 work_queue_worker[1] wq: Putting file file-0-f7c60c99710a0f95199d7cf4150bb754-test.fasta.3 into workspace
2019/11/27 11:41:31.73 work_queue_worker[1] wq: Dir /cache already exists in cache
2019/11/27 11:41:31.73 work_queue_worker[1] wq: ****BRUNO***** cp BARRA: -> cp ./cache/file-0-f7c60c99710a0f95199d7cf4150bb754-test.fasta.3 /cache.
2019/11/27 11:41:31.74 work_queue_worker[1] wq: rx from master: put file-0-daa9c57850b857b80eefebbca6aa18ce-blastall 7687410 0755 1
2019/11/27 11:41:31.74 work_queue_worker[1] wq: Putting file file-0-daa9c57850b857b80eefebbca6aa18ce-blastall into workspace
2019/11/27 11:41:31.74 work_queue_worker[1] wq: Dir /cache already exists in cache
2019/11/27 11:41:32.33 work_queue_worker[1] wq: ****BRUNO***** cp BARRA: -> cp ./cache/file-0-daa9c57850b857b80eefebbca6aa18ce-blastall /cache.
2019/11/27 11:41:32.33 work_queue_worker[1] wq: rx from master: task 17
2019/11/27 11:41:32.33 work_queue_worker[1] wq: rx from master: cmd 85
2019/11/27 11:41:32.33 work_queue_worker[1] wq: rx from master: ./blastall -p blastn -d nt/nt -i test.fasta.3 -o test.fasta.3.out 2> test.fasta.3.err
2019/11/27 11:41:32.33 work_queue_worker[1] wq: rx from master: category default
2019/11/27 11:41:32.33 work_queue_worker[1] wq: rx from master: cores 1
2019/11/27 11:41:32.33 work_queue_worker[1] wq: rx from master: memory 7749
2019/11/27 11:41:32.33 work_queue_worker[1] wq: rx from master: disk 182748
2019/11/27 11:41:32.33 work_queue_worker[1] wq: rx from master: gpus 0
2019/11/27 11:41:32.33 work_queue_worker[1] wq: rx from master: end_time 18446744073709551615
2019/11/27 11:41:32.33 work_queue_worker[1] wq: rx from master: wall_time 18446744073709551615
2019/11/27 11:41:32.33 work_queue_worker[1] wq: rx from master: env 7
2019/11/27 11:41:32.33 work_queue_worker[1] wq: rx from master: env 17
2019/11/27 11:41:32.33 work_queue_worker[1] wq: rx from master: infile file-0-25930e3036f13852cb0b29694bbab611-nt nt 1
2019/11/27 11:41:32.33 work_queue_worker[1] wq: rx from master: infile file-0-f7c60c99710a0f95199d7cf4150bb754-test.fasta.3 test.fasta.3 1
2019/11/27 11:41:32.33 work_queue_worker[1] wq: rx from master: infile file-0-daa9c57850b857b80eefebbca6aa18ce-blastall blastall 1
2019/11/27 11:41:32.33 work_queue_worker[1] wq: rx from master: outfile file-0-302dccbdb24a28605e16f14de1f6102d-test.fasta.3.err test.fasta.3.err 1
2019/11/27 11:41:32.33 work_queue_worker[1] wq: rx from master: outfile file-0-caef36134f56070ec9bbb5a29c17bfcb-test.fasta.3.out test.fasta.3.out 1
2019/11/27 11:41:32.33 work_queue_worker[1] wq: rx from master: end
2019/11/27 11:41:32.33 work_queue_worker[1] wq: tx to master: info cached_files file-0-0008645a00ac79d3f3bea1ddf871bace-test.fasta.15
2019/11/27 11:41:32.33 work_queue_worker[1] wq: tx to master: info cached_files file-0-e046ec692c0ced962d3265bfe7245360-test.fasta.14
2019/11/27 11:41:32.33 work_queue_worker[1] wq: tx to master: info cached_files file-0-5d44d8f82cbb3f9ecaf466b060d01edb-test.fasta.11
2019/11/27 11:41:32.33 work_queue_worker[1] wq: tx to master: info cached_files file-0-f7c60c99710a0f95199d7cf4150bb754-test.fasta.3
2019/11/27 11:41:32.33 work_queue_worker[1] wq: tx to master: info cached_files file-0-25930e3036f13852cb0b29694bbab611-nt
2019/11/27 11:41:32.33 work_queue_worker[1] wq: tx to master: info cached_files file-0-396e442289ce14a42a6f16a9e7d1098a-test.fasta.10
2019/11/27 11:41:32.33 work_queue_worker[1] wq: tx to master: info cached_files file-0-3c684903ad7beb0f07c70d32ce209cf3-test.fasta.9
2019/11/27 11:41:32.33 work_queue_worker[1] wq: tx to master: info cached_files file-0-af4883bae18b8169ace09c1fbbe4e952-test.fasta.12
2019/11/27 11:41:32.33 work_queue_worker[1] wq: tx to master: info cached_files file-0-861f258aeedab7469eb02fd8febc6d36-test.fasta.13
2019/11/27 11:41:32.33 work_queue_worker[1] wq: tx to master: info cached_files file-0-daa9c57850b857b80eefebbca6aa18ce-blastall
2019/11/27 11:41:32.33 work_queue_worker[1] wq: tx to master: info cached_files file-0-9f04d57561db456f4f47dcdca9feb103-test.fasta.7
2019/11/27 11:41:32.33 work_queue_worker[1] wq: tx to master: info cached_files file-0-21ce2e3623ee3a033739f28d47ebc2f3-test.fasta.1
2019/11/27 11:41:32.34 work_queue_worker[1] wq: linking cache/file-0-25930e3036f13852cb0b29694bbab611-nt to /tmp/worker-0-1/t.17/nt
2019/11/27 11:41:32.34 work_queue_worker[1] wq: linking cache/file-0-f7c60c99710a0f95199d7cf4150bb754-test.fasta.3 to /tmp/worker-0-1/t.17/test.fasta.3
2019/11/27 11:41:32.34 work_queue_worker[1] wq: linking cache/file-0-daa9c57850b857b80eefebbca6aa18ce-blastall to /tmp/worker-0-1/t.17/blastall
2019/11/27 11:41:32.34 work_queue_worker[1] wq: Waiting task 17 has been forsaken.
2019/11/27 11:41:32.34 work_queue_worker[1] wq: tx to master: alive
2019/11/27 11:41:32.34 work_queue_worker[1] wq: Sending resource description to master:
2019/11/27 11:41:32.34 work_queue_worker[1] wq:  workers      0 inuse      1 total      1 smallest      1 largest
2019/11/27 11:41:32.34 work_queue_worker[1] wq:     disk   1245 inuse 177812 total 177812 smallest 177812 largest
2019/11/27 11:41:32.34 work_queue_worker[1] wq:   memory      0 inuse   7749 total   7749 smallest   7749 largest
2019/11/27 11:41:32.34 work_queue_worker[1] wq:     gpus      0 inuse      0 total      0 smallest      0 largest
2019/11/27 11:41:32.34 work_queue_worker[1] wq:    cores      0 inuse      1 total      1 smallest      1 largest
2019/11/27 11:41:32.34 work_queue_worker[1] wq: tx to master: info end_of_resource_update 0
2019/11/27 11:41:32.34 work_queue_worker[1] wq: tx to master: info tasks_running 0
2019/11/27 11:41:32.34 work_queue_worker[1] wq: tx to master: info tasks_running 0
2019/11/27 11:41:32.34 work_queue_worker[1] wq: tx to master: available_results
2019/11/27 11:41:32.34 work_queue_worker[1] wq: rx from master: check
2019/11/27 11:41:32.34 work_queue_worker[1] wq: tx to master: alive
2019/11/27 11:41:32.34 work_queue_worker[1] wq: tx to master: info tasks_running 0
2019/11/27 11:41:32.34 work_queue_worker[1] wq: rx from master: send_results -1
2019/11/27 11:41:32.34 work_queue_worker[1] wq: tx to master: result 40 0 0 0 17
2019/11/27 11:41:32.34 work_queue_worker[1] wq: tx to master: info tasks_running 0
2019/11/27 11:41:32.34 work_queue_worker[1] wq: tx to master: end
2019/11/27 11:41:32.34 work_queue_worker[1] wq: rx from master: task 22
2019/11/27 11:41:32.34 work_queue_worker[1] wq: rx from master: cmd 88
2019/11/27 11:41:32.34 work_queue_worker[1] wq: rx from master: ./blastall -p blastn -d nt/nt -i test.fasta.10 -o test.fasta.10.out 2> test.fasta.10.err
2019/11/27 11:41:32.34 work_queue_worker[1] wq: rx from master: category default
2019/11/27 11:41:32.34 work_queue_worker[1] wq: rx from master: cores 1
2019/11/27 11:41:32.34 work_queue_worker[1] wq: rx from master: memory 7749
2019/11/27 11:41:32.34 work_queue_worker[1] wq: rx from master: disk 177812
2019/11/27 11:41:32.34 work_queue_worker[1] wq: rx from master: gpus 0
2019/11/27 11:41:32.34 work_queue_worker[1] wq: rx from master: end_time 18446744073709551615
2019/11/27 11:41:32.34 work_queue_worker[1] wq: rx from master: wall_time 18446744073709551615
2019/11/27 11:41:32.34 work_queue_worker[1] wq: rx from master: env 7
2019/11/27 11:41:32.34 work_queue_worker[1] wq: rx from master: env 17
2019/11/27 11:41:32.34 work_queue_worker[1] wq: rx from master: infile file-0-25930e3036f13852cb0b29694bbab611-nt nt 1
2019/11/27 11:41:32.34 work_queue_worker[1] wq: rx from master: infile file-0-396e442289ce14a42a6f16a9e7d1098a-test.fasta.10 test.fasta.10 1
2019/11/27 11:41:32.34 work_queue_worker[1] wq: rx from master: infile file-0-daa9c57850b857b80eefebbca6aa18ce-blastall blastall 1
2019/11/27 11:41:32.34 work_queue_worker[1] wq: rx from master: outfile file-0-400c24b98082241c2985bbd9995eb1ac-test.fasta.10.err test.fasta.10.err 1
2019/11/27 11:41:32.34 work_queue_worker[1] wq: rx from master: outfile file-0-64d383240390d4f9cc137c625132db75-test.fasta.10.out test.fasta.10.out 1
2019/11/27 11:41:32.34 work_queue_worker[1] wq: rx from master: end
2019/11/27 11:41:32.35 work_queue_worker[1] wq: linking cache/file-0-25930e3036f13852cb0b29694bbab611-nt to /tmp/worker-0-1/t.22/nt
2019/11/27 11:41:32.35 work_queue_worker[1] wq: linking cache/file-0-396e442289ce14a42a6f16a9e7d1098a-test.fasta.10 to /tmp/worker-0-1/t.22/test.fasta.10
2019/11/27 11:41:32.35 work_queue_worker[1] wq: linking cache/file-0-daa9c57850b857b80eefebbca6aa18ce-blastall to /tmp/worker-0-1/t.22/blastall
2019/11/27 11:41:32.35 work_queue_worker[1] wq: started process 43: ./blastall -p blastn -d nt/nt -i test.fasta.10 -o test.fasta.10.out 2> test.fasta.10.err
2019/11/27 11:41:32.35 work_queue_worker[1] wq: tx to master: info tasks_running 1
2019/11/27 11:41:45.55 work_queue_worker[1] wq: task 22 (pid 43) exited normally with exit code 0
2019/11/27 11:41:45.55 work_queue_worker[1] wq: moving output file from /tmp/worker-0-1/t.22/test.fasta.10.err to cache/file-0-400c24b98082241c2985bbd9995eb1ac-test.fasta.10.err
2019/11/27 11:41:45.55 work_queue_worker[1] wq: moving output file from /tmp/worker-0-1/t.22/test.fasta.10.out to cache/file-0-64d383240390d4f9cc137c625132db75-test.fasta.10.out
2019/11/27 11:41:45.55 work_queue_worker[1] wq: tx to master: available_results
2019/11/27 11:41:45.55 work_queue_worker[1] wq: rx from master: send_results -1
2019/11/27 11:41:45.55 work_queue_worker[1] wq: tx to master: result 0 0 0 13202380 22
2019/11/27 11:41:45.55 work_queue_worker[1] wq: tx to master: info tasks_running 0
2019/11/27 11:41:45.55 work_queue_worker[1] wq: tx to master: end
2019/11/27 11:41:45.55 work_queue_worker[1] wq: rx from master: get file-0-400c24b98082241c2985bbd9995eb1ac-test.fasta.10.err 1
2019/11/27 11:41:45.55 work_queue_worker[1] wq: tx to master: file file-0-400c24b98082241c2985bbd9995eb1ac-test.fasta.10.err 0
2019/11/27 11:41:45.55 work_queue_worker[1] wq: tx to master: end
2019/11/27 11:41:45.55 work_queue_worker[1] wq: rx from master: get file-0-64d383240390d4f9cc137c625132db75-test.fasta.10.out 1
2019/11/27 11:41:45.55 work_queue_worker[1] wq: tx to master: file file-0-64d383240390d4f9cc137c625132db75-test.fasta.10.out 102868
2019/11/27 11:41:45.56 work_queue_worker[1] wq: tx to master: end
2019/11/27 11:41:45.56 work_queue_worker[1] wq: rx from master: kill 22
2019/11/27 11:41:45.56 work_queue_worker[1] wq: ---- DELETING: /tmp/worker-0-1/t.22
2019/11/27 11:41:56.86 work_queue_worker[1] wq: rx from master: release
2019/11/27 11:41:56.86 work_queue_worker[1] wq: released by master 10.0.22.17:1026.
2019/11/27 11:41:56.86 work_queue_worker[1] wq: *********** BRUNO ******** NOT cleaning workspace /tmp/worker-0-1
2019/11/27 11:41:56.86 work_queue_worker[1] wq: disconnecting from master 10.0.22.17:1026
2019/11/27 11:41:56.86 work_queue_worker[1] tcp: disconnected from 10.0.22.17 port 1026
2019/11/27 11:41:56.86 work_queue_worker[1] wq: killing all outstanding tasks
2019/11/27 11:41:56.86 work_queue_worker[1] wq: ---- DELETING: /tmp/worker-0-1/t.17
2019/11/27 11:41:56.86 work_queue_worker[1] wq: all data structures are clean
2019/11/27 11:41:57.86 work_queue_worker[1] dns: looking up name master
2019/11/27 11:41:57.86 work_queue_worker[1] dns: couldn't look up master: Name or service not known
2019/11/27 11:41:59.86 work_queue_worker[1] dns: looking up name master
2019/11/27 11:41:59.87 work_queue_worker[1] dns: couldn't look up master: Name or service not known
