2019/11/27 11:16:24.49 work_queue_worker[1] debug: /home/cctools_BRUNO_bin/bin/work_queue_worker version 8.0.0 DEVELOPMENT (released 2019-11-06 16:35:57 +0000)
2019/11/27 11:16:24.49 work_queue_worker[1] debug: Built by root@2546322b0463 on 2019-11-06 16:35:57 +0000
2019/11/27 11:16:24.49 work_queue_worker[1] debug: System: Linux 2546322b0463 5.0.0-32-generic #34~18.04.2-Ubuntu SMP Thu Oct 10 10:36:02 UTC 2019 x86_64 x86_64 x86_64 GNU/Linux
2019/11/27 11:16:24.49 work_queue_worker[1] debug: Configuration: --prefix /home/cctools_BRUNO_bin
2019/11/27 11:16:24.49 work_queue_worker[1] wq: WORK_QUEUE_SANDBOX set to /tmp/worker-0-1.
2019/11/27 11:16:24.50 work_queue_worker[1] debug: error reading disk usage on directory: ./cache.
2019/11/27 11:16:24.50 work_queue_worker[1] dns: looking up name master
2019/11/27 11:16:24.50 work_queue_worker[1] dns: couldn't look up master: Name or service not known
2019/11/27 11:16:26.50 work_queue_worker[1] dns: looking up name master
2019/11/27 11:16:26.50 work_queue_worker[1] dns: master is 10.0.21.8
2019/11/27 11:16:26.50 work_queue_worker[1] tcp: connecting to 10.0.21.8 port 1026
2019/11/27 11:16:26.50 work_queue_worker[1] tcp: made connection to 10.0.21.8 port 1026
2019/11/27 11:16:26.50 work_queue_worker[1] wq: connected to master master:1026 via local address 10.0.21.6:47046
2019/11/27 11:16:26.50 work_queue_worker[1] wq: preparing workspace /tmp/worker-0-1
2019/11/27 11:16:26.50 work_queue_worker[1] dns: looking up name 58a13848fb34
2019/11/27 11:16:26.50 work_queue_worker[1] dns: 58a13848fb34 is 10.0.21.6
2019/11/27 11:16:26.50 work_queue_worker[1] dns: looking up addr 10.0.21.6
2019/11/27 11:16:26.50 work_queue_worker[1] dns: 10.0.21.6 is 58a13848fb34
2019/11/27 11:16:26.50 work_queue_worker[1] dns: finding my hostname: uname = 58a13848fb34, address = 10.0.21.6, hostname = 58a13848fb34
2019/11/27 11:16:26.50 work_queue_worker[1] wq: tx to master: workqueue 8 58a13848fb34 Linux x86_64 8.0.0
2019/11/27 11:16:26.50 work_queue_worker[1] wq: tx to master: info worker-id worker-900a49103ae911d1b374dadc29ff7010
2019/11/27 11:16:26.50 work_queue_worker[1] wq: tx to master: alive
2019/11/27 11:16:26.50 work_queue_worker[1] wq: Sending resource description to master:
2019/11/27 11:16:26.50 work_queue_worker[1] wq:  workers      0 inuse      1 total      1 smallest      1 largest
2019/11/27 11:16:26.50 work_queue_worker[1] wq:     disk      0 inuse   2296 total   2296 smallest   2296 largest
2019/11/27 11:16:26.50 work_queue_worker[1] wq:   memory      0 inuse  11908 total  11908 smallest  11908 largest
2019/11/27 11:16:26.50 work_queue_worker[1] wq:     gpus      0 inuse      0 total      0 smallest      0 largest
2019/11/27 11:16:26.50 work_queue_worker[1] wq:    cores      0 inuse      7 total      7 smallest      7 largest
2019/11/27 11:16:26.50 work_queue_worker[1] wq: tx to master: info end_of_resource_update 0
2019/11/27 11:16:26.50 work_queue_worker[1] wq: tx to master: info tasks_running 0
2019/11/27 11:16:26.50 work_queue_worker[1] wq: working for master at 10.0.21.8:1026.
2019/11/27 11:16:26.50 work_queue_worker[1] wq: rx from master: put file-0-25930e3036f13852cb0b29694bbab611-nt/taxdb.bti 14920392 0644 1
2019/11/27 11:16:26.50 work_queue_worker[1] wq: Putting file file-0-25930e3036f13852cb0b29694bbab611-nt/taxdb.bti into workspace
2019/11/27 11:16:26.50 work_queue_worker[1] wq: Created directory - (cache/file-0-25930e3036f13852cb0b29694bbab611-nt)
2019/11/27 11:16:26.50 work_queue_worker[1] wq: ** created dir: -> /mkdir /cache/file-0-25930e3036f13852cb0b29694bbab611-nt
2019/11/27 11:16:26.52 work_queue_worker[1] wq: ****BRUNO***** cp BARRA: -> cp ./cache/file-0-25930e3036f13852cb0b29694bbab611-nt/taxdb.bti /cache/file-0-25930e3036f13852cb0b29694bbab611-nt.
2019/11/27 11:16:26.54 work_queue_worker[1] wq: rx from master: put file-0-25930e3036f13852cb0b29694bbab611-nt/nt.nal 752 0644 1
2019/11/27 11:16:26.54 work_queue_worker[1] wq: Putting file file-0-25930e3036f13852cb0b29694bbab611-nt/nt.nal into workspace
2019/11/27 11:16:26.54 work_queue_worker[1] wq: Dir /cache/file-0-25930e3036f13852cb0b29694bbab611-nt already exists in cache
2019/11/27 11:16:26.54 work_queue_worker[1] wq: ****BRUNO***** cp BARRA: -> cp ./cache/file-0-25930e3036f13852cb0b29694bbab611-nt/nt.nal /cache/file-0-25930e3036f13852cb0b29694bbab611-nt.
2019/11/27 11:16:26.55 work_queue_worker[1] wq: rx from master: put file-0-25930e3036f13852cb0b29694bbab611-nt/nt.44.nni 27220 0644 1
2019/11/27 11:16:26.55 work_queue_worker[1] wq: Putting file file-0-25930e3036f13852cb0b29694bbab611-nt/nt.44.nni into workspace
2019/11/27 11:16:26.55 work_queue_worker[1] wq: Dir /cache/file-0-25930e3036f13852cb0b29694bbab611-nt already exists in cache
2019/11/27 11:16:26.55 work_queue_worker[1] wq: ****BRUNO***** cp BARRA: -> cp ./cache/file-0-25930e3036f13852cb0b29694bbab611-nt/nt.44.nni /cache/file-0-25930e3036f13852cb0b29694bbab611-nt.
2019/11/27 11:16:26.55 work_queue_worker[1] wq: rx from master: put file-0-25930e3036f13852cb0b29694bbab611-nt/nt.44.nog 3378248 0644 1
2019/11/27 11:16:26.55 work_queue_worker[1] wq: Putting file file-0-25930e3036f13852cb0b29694bbab611-nt/nt.44.nog into workspace
2019/11/27 11:16:26.55 work_queue_worker[1] wq: Dir /cache/file-0-25930e3036f13852cb0b29694bbab611-nt already exists in cache
2019/11/27 11:16:26.56 work_queue_worker[1] wq: ****BRUNO***** cp BARRA: -> cp ./cache/file-0-25930e3036f13852cb0b29694bbab611-nt/nt.44.nog /cache/file-0-25930e3036f13852cb0b29694bbab611-nt.
2019/11/27 11:16:26.56 work_queue_worker[1] wq: rx from master: put file-0-25930e3036f13852cb0b29694bbab611-nt/taxdb.btd 141628361 0644 1
2019/11/27 11:16:26.56 work_queue_worker[1] wq: Putting file file-0-25930e3036f13852cb0b29694bbab611-nt/taxdb.btd into workspace
2019/11/27 11:16:26.56 work_queue_worker[1] wq: Dir /cache/file-0-25930e3036f13852cb0b29694bbab611-nt already exists in cache
2019/11/27 11:16:26.74 work_queue_worker[1] wq: ****BRUNO***** cp BARRA: -> cp ./cache/file-0-25930e3036f13852cb0b29694bbab611-nt/taxdb.btd /cache/file-0-25930e3036f13852cb0b29694bbab611-nt.
2019/11/27 11:16:26.88 work_queue_worker[1] wq: rx from master: put file-0-25930e3036f13852cb0b29694bbab611-nt/nt.44.nhr 148534336 0644 1
2019/11/27 11:16:26.88 work_queue_worker[1] wq: Putting file file-0-25930e3036f13852cb0b29694bbab611-nt/nt.44.nhr into workspace
2019/11/27 11:16:26.88 work_queue_worker[1] wq: Dir /cache/file-0-25930e3036f13852cb0b29694bbab611-nt already exists in cache
2019/11/27 11:16:27.07 work_queue_worker[1] wq: ****BRUNO***** cp BARRA: -> cp ./cache/file-0-25930e3036f13852cb0b29694bbab611-nt/nt.44.nhr /cache/file-0-25930e3036f13852cb0b29694bbab611-nt.
2019/11/27 11:16:27.21 work_queue_worker[1] wq: rx from master: put file-0-25930e3036f13852cb0b29694bbab611-nt/nt.44.nhi 338004 0644 1
2019/11/27 11:16:27.21 work_queue_worker[1] wq: Putting file file-0-25930e3036f13852cb0b29694bbab611-nt/nt.44.nhi into workspace
2019/11/27 11:16:27.21 work_queue_worker[1] wq: Dir /cache/file-0-25930e3036f13852cb0b29694bbab611-nt already exists in cache
2019/11/27 11:16:27.21 work_queue_worker[1] wq: ****BRUNO***** cp BARRA: -> cp ./cache/file-0-25930e3036f13852cb0b29694bbab611-nt/nt.44.nhi /cache/file-0-25930e3036f13852cb0b29694bbab611-nt.
2019/11/27 11:16:27.21 work_queue_worker[1] wq: rx from master: put file-0-25930e3036f13852cb0b29694bbab611-nt/nt.44.nnd 6955488 0644 1
2019/11/27 11:16:27.21 work_queue_worker[1] wq: Putting file file-0-25930e3036f13852cb0b29694bbab611-nt/nt.44.nnd into workspace
2019/11/27 11:16:27.21 work_queue_worker[1] wq: Dir /cache/file-0-25930e3036f13852cb0b29694bbab611-nt already exists in cache
2019/11/27 11:16:27.22 work_queue_worker[1] wq: ****BRUNO***** cp BARRA: -> cp ./cache/file-0-25930e3036f13852cb0b29694bbab611-nt/nt.44.nnd /cache/file-0-25930e3036f13852cb0b29694bbab611-nt.
2019/11/27 11:16:27.23 work_queue_worker[1] wq: rx from master: put file-0-25930e3036f13852cb0b29694bbab611-nt/nt.44.nhd 14869748 0644 1
2019/11/27 11:16:27.23 work_queue_worker[1] wq: Putting file file-0-25930e3036f13852cb0b29694bbab611-nt/nt.44.nhd into workspace
2019/11/27 11:16:27.23 work_queue_worker[1] wq: Dir /cache/file-0-25930e3036f13852cb0b29694bbab611-nt already exists in cache
2019/11/27 11:16:27.25 work_queue_worker[1] wq: ****BRUNO***** cp BARRA: -> cp ./cache/file-0-25930e3036f13852cb0b29694bbab611-nt/nt.44.nhd /cache/file-0-25930e3036f13852cb0b29694bbab611-nt.
2019/11/27 11:16:27.27 work_queue_worker[1] wq: rx from master: put file-0-25930e3036f13852cb0b29694bbab611-nt/nt.44.nsq 974099786 0644 1
2019/11/27 11:16:27.27 work_queue_worker[1] wq: Putting file file-0-25930e3036f13852cb0b29694bbab611-nt/nt.44.nsq into workspace
2019/11/27 11:16:27.27 work_queue_worker[1] wq: Dir /cache/file-0-25930e3036f13852cb0b29694bbab611-nt already exists in cache
2019/11/27 11:16:28.53 work_queue_worker[1] wq: ****BRUNO***** cp BARRA: -> cp ./cache/file-0-25930e3036f13852cb0b29694bbab611-nt/nt.44.nsq /cache/file-0-25930e3036f13852cb0b29694bbab611-nt.
2019/11/27 11:16:32.65 work_queue_worker[1] wq: rx from master: put file-0-25930e3036f13852cb0b29694bbab611-nt/nt.44.nin 10134740 0644 1
2019/11/27 11:16:32.65 work_queue_worker[1] wq: Putting file file-0-25930e3036f13852cb0b29694bbab611-nt/nt.44.nin into workspace
2019/11/27 11:16:32.65 work_queue_worker[1] wq: Dir /cache/file-0-25930e3036f13852cb0b29694bbab611-nt already exists in cache
2019/11/27 11:16:32.74 work_queue_worker[1] wq: ****BRUNO***** cp BARRA: -> cp ./cache/file-0-25930e3036f13852cb0b29694bbab611-nt/nt.44.nin /cache/file-0-25930e3036f13852cb0b29694bbab611-nt.
2019/11/27 11:16:32.81 work_queue_worker[1] wq: rx from master: put file-0-25930e3036f13852cb0b29694bbab611-nt/nt.44.nsi 764650 0644 1
2019/11/27 11:16:32.81 work_queue_worker[1] wq: Putting file file-0-25930e3036f13852cb0b29694bbab611-nt/nt.44.nsi into workspace
2019/11/27 11:16:32.81 work_queue_worker[1] wq: Dir /cache/file-0-25930e3036f13852cb0b29694bbab611-nt already exists in cache
2019/11/27 11:16:32.81 work_queue_worker[1] wq: ****BRUNO***** cp BARRA: -> cp ./cache/file-0-25930e3036f13852cb0b29694bbab611-nt/nt.44.nsi /cache/file-0-25930e3036f13852cb0b29694bbab611-nt.
2019/11/27 11:16:32.82 work_queue_worker[1] wq: rx from master: put file-0-25930e3036f13852cb0b29694bbab611-nt/nt.44.nsd 33299557 0644 1
2019/11/27 11:16:32.82 work_queue_worker[1] wq: Putting file file-0-25930e3036f13852cb0b29694bbab611-nt/nt.44.nsd into workspace
2019/11/27 11:16:32.82 work_queue_worker[1] wq: Dir /cache/file-0-25930e3036f13852cb0b29694bbab611-nt already exists in cache
2019/11/27 11:16:33.06 work_queue_worker[1] wq: ****BRUNO***** cp BARRA: -> cp ./cache/file-0-25930e3036f13852cb0b29694bbab611-nt/nt.44.nsd /cache/file-0-25930e3036f13852cb0b29694bbab611-nt.
2019/11/27 11:16:33.38 work_queue_worker[1] wq: rx from master: put file-0-91e2799df52756191dbca22d7b7cd23c-test.fasta.19 10120 0644 1
2019/11/27 11:16:33.38 work_queue_worker[1] wq: Putting file file-0-91e2799df52756191dbca22d7b7cd23c-test.fasta.19 into workspace
2019/11/27 11:16:33.38 work_queue_worker[1] wq: Dir /cache already exists in cache
2019/11/27 11:16:33.38 work_queue_worker[1] wq: ****BRUNO***** cp BARRA: -> cp ./cache/file-0-91e2799df52756191dbca22d7b7cd23c-test.fasta.19 /cache.
2019/11/27 11:16:33.38 work_queue_worker[1] wq: rx from master: put file-0-daa9c57850b857b80eefebbca6aa18ce-blastall 7687410 0755 1
2019/11/27 11:16:33.38 work_queue_worker[1] wq: Putting file file-0-daa9c57850b857b80eefebbca6aa18ce-blastall into workspace
2019/11/27 11:16:33.38 work_queue_worker[1] wq: Dir /cache already exists in cache
2019/11/27 11:16:33.39 work_queue_worker[1] wq: ****BRUNO***** cp BARRA: -> cp ./cache/file-0-daa9c57850b857b80eefebbca6aa18ce-blastall /cache.
2019/11/27 11:16:33.45 work_queue_worker[1] wq: rx from master: task 1
2019/11/27 11:16:33.45 work_queue_worker[1] wq: rx from master: cmd 88
2019/11/27 11:16:33.45 work_queue_worker[1] wq: rx from master: ./blastall -p blastn -d nt/nt -i test.fasta.19 -o test.fasta.19.out 2> test.fasta.19.err
2019/11/27 11:16:33.45 work_queue_worker[1] wq: rx from master: category default
2019/11/27 11:16:33.45 work_queue_worker[1] wq: rx from master: cores 7
2019/11/27 11:16:33.45 work_queue_worker[1] wq: rx from master: memory 11908
2019/11/27 11:16:33.45 work_queue_worker[1] wq: rx from master: disk 2296
2019/11/27 11:16:33.45 work_queue_worker[1] wq: rx from master: gpus 0
2019/11/27 11:16:33.45 work_queue_worker[1] wq: rx from master: end_time 18446744073709551615
2019/11/27 11:16:33.45 work_queue_worker[1] wq: rx from master: wall_time 18446744073709551615
2019/11/27 11:16:33.45 work_queue_worker[1] wq: rx from master: env 7
2019/11/27 11:16:33.45 work_queue_worker[1] wq: rx from master: env 17
2019/11/27 11:16:33.45 work_queue_worker[1] wq: rx from master: infile file-0-25930e3036f13852cb0b29694bbab611-nt nt 1
2019/11/27 11:16:33.45 work_queue_worker[1] wq: rx from master: infile file-0-91e2799df52756191dbca22d7b7cd23c-test.fasta.19 test.fasta.19 1
2019/11/27 11:16:33.45 work_queue_worker[1] wq: rx from master: infile file-0-daa9c57850b857b80eefebbca6aa18ce-blastall blastall 1
2019/11/27 11:16:33.45 work_queue_worker[1] wq: rx from master: outfile file-0-8eab36096679637a447522c8eb5ec8c1-test.fasta.19.err test.fasta.19.err 1
2019/11/27 11:16:33.45 work_queue_worker[1] wq: rx from master: outfile file-0-9883c7748ac27d46878553d23e293154-test.fasta.19.out test.fasta.19.out 1
2019/11/27 11:16:33.45 work_queue_worker[1] wq: rx from master: end
2019/11/27 11:16:33.45 work_queue_worker[1] wq: tx to master: info cached_files file-0-daa9c57850b857b80eefebbca6aa18ce-blastall
2019/11/27 11:16:33.45 work_queue_worker[1] wq: tx to master: info cached_files file-0-91e2799df52756191dbca22d7b7cd23c-test.fasta.19
2019/11/27 11:16:33.45 work_queue_worker[1] wq: tx to master: info cached_files file-0-25930e3036f13852cb0b29694bbab611-nt
2019/11/27 11:16:33.46 work_queue_worker[1] wq: linking cache/file-0-25930e3036f13852cb0b29694bbab611-nt to /tmp/worker-0-1/t.1/nt
2019/11/27 11:16:33.46 work_queue_worker[1] wq: linking cache/file-0-91e2799df52756191dbca22d7b7cd23c-test.fasta.19 to /tmp/worker-0-1/t.1/test.fasta.19
2019/11/27 11:16:33.46 work_queue_worker[1] wq: linking cache/file-0-daa9c57850b857b80eefebbca6aa18ce-blastall to /tmp/worker-0-1/t.1/blastall
2019/11/27 11:16:33.46 work_queue_worker[1] wq: Waiting task 1 has been forsaken.
2019/11/27 11:16:33.46 work_queue_worker[1] wq: tx to master: alive
2019/11/27 11:16:33.46 work_queue_worker[1] wq: Sending resource description to master:
2019/11/27 11:16:33.46 work_queue_worker[1] wq:  workers      0 inuse      1 total      1 smallest      1 largest
2019/11/27 11:16:33.46 work_queue_worker[1] wq:     disk   1245 inuse   1051 total   1051 smallest   1051 largest
2019/11/27 11:16:33.46 work_queue_worker[1] wq:   memory      0 inuse  11908 total  11908 smallest  11908 largest
2019/11/27 11:16:33.46 work_queue_worker[1] wq:     gpus      0 inuse      0 total      0 smallest      0 largest
2019/11/27 11:16:33.46 work_queue_worker[1] wq:    cores      0 inuse      7 total      7 smallest      7 largest
2019/11/27 11:16:33.46 work_queue_worker[1] wq: tx to master: info end_of_resource_update 0
2019/11/27 11:16:33.46 work_queue_worker[1] wq: tx to master: info tasks_running 0
2019/11/27 11:16:33.46 work_queue_worker[1] wq: tx to master: info tasks_running 0
2019/11/27 11:16:33.46 work_queue_worker[1] wq: tx to master: available_results
2019/11/27 11:16:44.08 work_queue_worker[1] wq: rx from master: send_results -1
2019/11/27 11:16:44.08 work_queue_worker[1] wq: tx to master: result 40 0 0 0 1
2019/11/27 11:16:44.08 work_queue_worker[1] wq: tx to master: info tasks_running 0
2019/11/27 11:16:44.08 work_queue_worker[1] wq: tx to master: end
2019/11/27 11:16:44.08 work_queue_worker[1] wq: rx from master: put file-0-e12986ebc464dac7f0b0058f77809607-test.fasta.17 10120 0644 1
2019/11/27 11:16:44.08 work_queue_worker[1] wq: Putting file file-0-e12986ebc464dac7f0b0058f77809607-test.fasta.17 into workspace
2019/11/27 11:16:44.08 work_queue_worker[1] wq: Dir /cache already exists in cache
2019/11/27 11:16:44.08 work_queue_worker[1] wq: ****BRUNO***** cp BARRA: -> cp ./cache/file-0-e12986ebc464dac7f0b0058f77809607-test.fasta.17 /cache.
2019/11/27 11:16:44.08 work_queue_worker[1] wq: rx from master: task 3
2019/11/27 11:16:44.08 work_queue_worker[1] wq: rx from master: cmd 88
2019/11/27 11:16:44.08 work_queue_worker[1] wq: rx from master: ./blastall -p blastn -d nt/nt -i test.fasta.17 -o test.fasta.17.out 2> test.fasta.17.err
2019/11/27 11:16:44.08 work_queue_worker[1] wq: rx from master: category default
2019/11/27 11:16:44.08 work_queue_worker[1] wq: rx from master: cores 7
2019/11/27 11:16:44.08 work_queue_worker[1] wq: rx from master: memory 11908
2019/11/27 11:16:44.08 work_queue_worker[1] wq: rx from master: disk 1051
2019/11/27 11:16:44.08 work_queue_worker[1] wq: rx from master: gpus 0
2019/11/27 11:16:44.08 work_queue_worker[1] wq: rx from master: end_time 18446744073709551615
2019/11/27 11:16:44.08 work_queue_worker[1] wq: rx from master: wall_time 18446744073709551615
2019/11/27 11:16:44.08 work_queue_worker[1] wq: rx from master: env 7
2019/11/27 11:16:44.08 work_queue_worker[1] wq: rx from master: env 17
2019/11/27 11:16:44.08 work_queue_worker[1] wq: rx from master: infile file-0-25930e3036f13852cb0b29694bbab611-nt nt 1
2019/11/27 11:16:44.08 work_queue_worker[1] wq: rx from master: infile file-0-e12986ebc464dac7f0b0058f77809607-test.fasta.17 test.fasta.17 1
2019/11/27 11:16:44.08 work_queue_worker[1] wq: rx from master: infile file-0-daa9c57850b857b80eefebbca6aa18ce-blastall blastall 1
2019/11/27 11:16:44.08 work_queue_worker[1] wq: rx from master: outfile file-0-a129512727b8611dd481b510083b1e5a-test.fasta.17.err test.fasta.17.err 1
2019/11/27 11:16:44.08 work_queue_worker[1] wq: rx from master: outfile file-0-31cc3d9edc6c94c4f306d137aed5bbf6-test.fasta.17.out test.fasta.17.out 1
2019/11/27 11:16:44.08 work_queue_worker[1] wq: rx from master: end
2019/11/27 11:16:44.08 work_queue_worker[1] wq: tx to master: info cached_files file-0-e12986ebc464dac7f0b0058f77809607-test.fasta.17
2019/11/27 11:16:44.08 work_queue_worker[1] wq: linking cache/file-0-25930e3036f13852cb0b29694bbab611-nt to /tmp/worker-0-1/t.3/nt
2019/11/27 11:16:44.08 work_queue_worker[1] wq: linking cache/file-0-e12986ebc464dac7f0b0058f77809607-test.fasta.17 to /tmp/worker-0-1/t.3/test.fasta.17
2019/11/27 11:16:44.08 work_queue_worker[1] wq: linking cache/file-0-daa9c57850b857b80eefebbca6aa18ce-blastall to /tmp/worker-0-1/t.3/blastall
2019/11/27 11:16:44.09 work_queue_worker[1] wq: started process 47: ./blastall -p blastn -d nt/nt -i test.fasta.17 -o test.fasta.17.out 2> test.fasta.17.err
2019/11/27 11:16:44.09 work_queue_worker[1] wq: tx to master: info tasks_running 1
2019/11/27 11:16:59.53 work_queue_worker[1] wq: task 3 (pid 47) exited normally with exit code 0
2019/11/27 11:16:59.53 work_queue_worker[1] wq: moving output file from /tmp/worker-0-1/t.3/test.fasta.17.err to cache/file-0-a129512727b8611dd481b510083b1e5a-test.fasta.17.err
2019/11/27 11:16:59.53 work_queue_worker[1] wq: moving output file from /tmp/worker-0-1/t.3/test.fasta.17.out to cache/file-0-31cc3d9edc6c94c4f306d137aed5bbf6-test.fasta.17.out
2019/11/27 11:16:59.53 work_queue_worker[1] wq: tx to master: available_results
2019/11/27 11:16:59.53 work_queue_worker[1] wq: rx from master: send_results -1
2019/11/27 11:16:59.54 work_queue_worker[1] wq: tx to master: result 0 0 0 15449519 3
2019/11/27 11:16:59.54 work_queue_worker[1] wq: tx to master: info tasks_running 0
2019/11/27 11:16:59.54 work_queue_worker[1] wq: tx to master: end
2019/11/27 11:16:59.54 work_queue_worker[1] wq: rx from master: get file-0-a129512727b8611dd481b510083b1e5a-test.fasta.17.err 1
2019/11/27 11:16:59.54 work_queue_worker[1] wq: tx to master: file file-0-a129512727b8611dd481b510083b1e5a-test.fasta.17.err 0
2019/11/27 11:16:59.54 work_queue_worker[1] wq: tx to master: end
2019/11/27 11:16:59.54 work_queue_worker[1] wq: rx from master: get file-0-31cc3d9edc6c94c4f306d137aed5bbf6-test.fasta.17.out 1
2019/11/27 11:16:59.54 work_queue_worker[1] wq: tx to master: file file-0-31cc3d9edc6c94c4f306d137aed5bbf6-test.fasta.17.out 142847
2019/11/27 11:16:59.54 work_queue_worker[1] wq: tx to master: end
2019/11/27 11:16:59.54 work_queue_worker[1] wq: rx from master: kill 3
2019/11/27 11:16:59.54 work_queue_worker[1] wq: ---- DELETING: /tmp/worker-0-1/t.3
2019/11/27 11:16:59.57 work_queue_worker[1] wq: rx from master: release
2019/11/27 11:16:59.57 work_queue_worker[1] wq: released by master 10.0.21.8:1026.
2019/11/27 11:16:59.57 work_queue_worker[1] wq: *********** BRUNO ******** NOT cleaning workspace /tmp/worker-0-1
2019/11/27 11:16:59.57 work_queue_worker[1] wq: disconnecting from master 10.0.21.8:1026
2019/11/27 11:16:59.58 work_queue_worker[1] tcp: disconnected from 10.0.21.8 port 1026
2019/11/27 11:16:59.58 work_queue_worker[1] wq: killing all outstanding tasks
2019/11/27 11:16:59.58 work_queue_worker[1] wq: ---- DELETING: /tmp/worker-0-1/t.1
2019/11/27 11:16:59.58 work_queue_worker[1] wq: all data structures are clean
2019/11/27 11:17:00.58 work_queue_worker[1] tcp: connecting to 10.0.21.8 port 1026
