2019/11/25 17:45:52.83 #|1574703952.830140006|00#| work_queue_worker[1] debug: /root/cctools/bin/work_queue_worker version 8.0.0 DEVELOPMENT (released 2019-11-14 15:35:16 +0000)
2019/11/25 17:45:52.83 #|1574703952.830181728|00#| work_queue_worker[1] debug: Built by root@7e9ecba79f43 on 2019-11-14 15:35:16 +0000
2019/11/25 17:45:52.83 #|1574703952.830199202|00#| work_queue_worker[1] debug: System: Linux 7e9ecba79f43 5.0.0-32-generic #34~18.04.2-Ubuntu SMP Thu Oct 10 10:36:02 UTC 2019 x86_64 x86_64 x86_64 GNU/Linux
2019/11/25 17:45:52.83 #|1574703952.830217931|00#| work_queue_worker[1] debug: Configuration: --prefix /root/cctools
2019/11/25 17:45:52.83 #|1574703952.830415353|00#| work_queue_worker[1] wq: WORK_QUEUE_SANDBOX set to /tmp/worker-0-1.
2019/11/25 17:45:52.83 #|1574703952.830923263|00#| work_queue_worker[1] debug: error reading disk usage on directory: ./cache.
2019/11/25 17:45:52.83 #|1574703952.830956373|00#| work_queue_worker[1] dns: looking up name master
2019/11/25 17:45:52.83 #|1574703952.833509314|00#| work_queue_worker[1] dns: couldn't look up master: Name or service not known
2019/11/25 17:45:54.83 #|1574703954.833694156|00#| work_queue_worker[1] dns: looking up name master
2019/11/25 17:45:54.83 #|1574703954.836474812|00#| work_queue_worker[1] dns: couldn't look up master: Name or service not known
2019/11/25 17:45:56.83 #|1574703956.836723207|00#| work_queue_worker[1] dns: looking up name master
2019/11/25 17:45:56.83 #|1574703956.839494068|00#| work_queue_worker[1] dns: couldn't look up master: Name or service not known
2019/11/25 17:45:58.85 #|1574703958.859934300|00#| work_queue_worker[1] debug: error reading disk usage on directory: ./cache.
2019/11/25 17:45:58.86 #|1574703958.860054682|00#| work_queue_worker[1] dns: looking up name master
2019/11/25 17:45:58.86 #|1574703958.862603120|00#| work_queue_worker[1] dns: couldn't look up master: Name or service not known
2019/11/25 17:46:00.86 #|1574703960.862826010|00#| work_queue_worker[1] dns: looking up name master
2019/11/25 17:46:00.86 #|1574703960.865558944|00#| work_queue_worker[1] dns: couldn't look up master: Name or service not known
2019/11/25 17:46:02.86 #|1574703962.865830931|00#| work_queue_worker[1] dns: looking up name master
2019/11/25 17:46:02.86 #|1574703962.866750660|00#| work_queue_worker[1] dns: master is 10.0.155.8
2019/11/25 17:46:02.86 #|1574703962.866926718|00#| work_queue_worker[1] tcp: connecting to 10.0.155.8 port 1026
2019/11/25 17:46:02.86 #|1574703962.867762027|00#| work_queue_worker[1] tcp: made connection to 10.0.155.8 port 1026
2019/11/25 17:46:02.86 #|1574703962.867843563|00#| work_queue_worker[1] wq: connected to master master:1026 via local address 10.0.155.3:59686
2019/11/25 17:46:02.86 #|1574703962.867883895|00#| work_queue_worker[1] wq: preparing workspace /tmp/worker-0-1
2019/11/25 17:46:02.86 #|1574703962.868255233|00#| work_queue_worker[1] dns: looking up name c968f2b7f553
2019/11/25 17:46:02.86 #|1574703962.868417401|00#| work_queue_worker[1] dns: c968f2b7f553 is 10.0.155.3
2019/11/25 17:46:02.86 #|1574703962.868464188|00#| work_queue_worker[1] dns: looking up addr 10.0.155.3
2019/11/25 17:46:02.86 #|1574703962.868537171|00#| work_queue_worker[1] dns: 10.0.155.3 is c968f2b7f553
2019/11/25 17:46:02.86 #|1574703962.868563992|00#| work_queue_worker[1] dns: finding my hostname: uname = c968f2b7f553, address = 10.0.155.3, hostname = c968f2b7f553
2019/11/25 17:46:02.86 #|1574703962.868588655|00#| work_queue_worker[1] wq: tx to master: workqueue 8 c968f2b7f553 Linux x86_64 8.0.0
2019/11/25 17:46:02.86 #|1574703962.868721428|00#| work_queue_worker[1] wq: tx to master: info worker-id worker-90bea94026d3d3fcf2e3cd9f473cc030
2019/11/25 17:46:02.86 #|1574703962.868810328|00#| work_queue_worker[1] wq: tx to master: alive
2019/11/25 17:46:02.86 #|1574703962.868890000|00#| work_queue_worker[1] wq: Sending resource description to master:
2019/11/25 17:46:02.86 #|1574703962.868917192|00#| work_queue_worker[1] wq:  workers      0 inuse      1 total      1 smallest      1 largest
2019/11/25 17:46:02.86 #|1574703962.869002214|00#| work_queue_worker[1] wq:     disk      0 inuse 183005 total 183005 smallest 183005 largest
2019/11/25 17:46:02.86 #|1574703962.869117593|00#| work_queue_worker[1] wq:   memory      0 inuse   7749 total   7749 smallest   7749 largest
2019/11/25 17:46:02.86 #|1574703962.869198161|00#| work_queue_worker[1] wq:     gpus      0 inuse      0 total      0 smallest      0 largest
2019/11/25 17:46:02.86 #|1574703962.869277268|00#| work_queue_worker[1] wq:    cores      0 inuse      4 total      4 smallest      4 largest
2019/11/25 17:46:02.86 #|1574703962.869395836|00#| work_queue_worker[1] wq: tx to master: info end_of_resource_update 0
2019/11/25 17:46:02.86 #|1574703962.869480740|00#| work_queue_worker[1] wq: tx to master: info tasks_running 0
2019/11/25 17:46:02.86 #|1574703962.869559086|00#| work_queue_worker[1] wq: working for master at 10.0.155.8:1026.
2019/11/25 17:46:03.80 #|1574703963.804456636|00#| work_queue_worker[1] wq: rx from master: put file-0-25930e3036f13852cb0b29694bbab611-nt/taxdb.bti 14920392 0644 1
2019/11/25 17:46:03.80 #|1574703963.804721258|00#| work_queue_worker[1] wq: Putting file file-0-25930e3036f13852cb0b29694bbab611-nt/taxdb.bti into workspace
2019/11/25 17:46:05.13 #|1574703965.136077324|00#| work_queue_worker[1] wq: rx from master: put file-0-25930e3036f13852cb0b29694bbab611-nt/nt.nal 752 0644 1
2019/11/25 17:46:05.13 #|1574703965.136168610|00#| work_queue_worker[1] wq: Putting file file-0-25930e3036f13852cb0b29694bbab611-nt/nt.nal into workspace
2019/11/25 17:46:05.13 #|1574703965.136356550|00#| work_queue_worker[1] wq: rx from master: put file-0-25930e3036f13852cb0b29694bbab611-nt/nt.44.nni 27220 0644 1
2019/11/25 17:46:05.13 #|1574703965.136416804|00#| work_queue_worker[1] wq: Putting file file-0-25930e3036f13852cb0b29694bbab611-nt/nt.44.nni into workspace
2019/11/25 17:46:05.13 #|1574703965.136588662|00#| work_queue_worker[1] wq: rx from master: put file-0-25930e3036f13852cb0b29694bbab611-nt/nt.44.nog 3378248 0644 1
2019/11/25 17:46:05.13 #|1574703965.136640759|00#| work_queue_worker[1] wq: Putting file file-0-25930e3036f13852cb0b29694bbab611-nt/nt.44.nog into workspace
2019/11/25 17:46:05.41 #|1574703965.417770045|00#| work_queue_worker[1] wq: rx from master: put file-0-25930e3036f13852cb0b29694bbab611-nt/taxdb.btd 141628361 0644 1
2019/11/25 17:46:05.41 #|1574703965.417875845|00#| work_queue_worker[1] wq: Putting file file-0-25930e3036f13852cb0b29694bbab611-nt/taxdb.btd into workspace
2019/11/25 17:46:14.85 #|1574703974.858111314|00#| work_queue_worker[1] wq: Failed to put file - file-0-25930e3036f13852cb0b29694bbab611-nt/taxdb.btd (Resource temporarily unavailable)
2019/11/25 17:46:14.87 #|1574703974.876169057|00#| work_queue_worker[1] wq: cleaning workspace /tmp/worker-0-1
2019/11/25 17:46:14.90 #|1574703974.904299757|00#| work_queue_worker[1] wq: disconnecting from master 10.0.155.8:1026
2019/11/25 17:46:14.90 #|1574703974.904435877|00#| work_queue_worker[1] tcp: disconnected from 10.0.155.8 port 1026
2019/11/25 17:46:14.90 #|1574703974.904453317|00#| work_queue_worker[1] wq: killing all outstanding tasks
2019/11/25 17:46:14.90 #|1574703974.904473980|00#| work_queue_worker[1] wq: all data structures are clean
2019/11/25 17:46:20.92 #|1574703980.923943446|00#| work_queue_worker[1] debug: error reading disk usage on directory: ./cache.
2019/11/25 17:46:20.92 #|1574703980.924106602|00#| work_queue_worker[1] tcp: connecting to 10.0.155.8 port 1026
2019/11/25 17:46:20.92 #|1574703980.924899080|00#| work_queue_worker[1] tcp: made connection to 10.0.155.8 port 1026
2019/11/25 17:46:20.92 #|1574703980.924990799|00#| work_queue_worker[1] wq: connected to master master:1026 via local address 10.0.155.3:59694
2019/11/25 17:46:20.92 #|1574703980.925021206|00#| work_queue_worker[1] wq: preparing workspace /tmp/worker-0-1
2019/11/25 17:46:20.92 #|1574703980.925294741|00#| work_queue_worker[1] dns: finding my hostname: uname = c968f2b7f553, address = 10.0.155.3, hostname = c968f2b7f553
2019/11/25 17:46:20.92 #|1574703980.925325340|00#| work_queue_worker[1] wq: tx to master: workqueue 8 c968f2b7f553 Linux x86_64 8.0.0
2019/11/25 17:46:20.92 #|1574703980.925454231|00#| work_queue_worker[1] wq: tx to master: info worker-id worker-90bea94026d3d3fcf2e3cd9f473cc030
2019/11/25 17:46:20.92 #|1574703980.925542660|00#| work_queue_worker[1] wq: tx to master: alive
2019/11/25 17:46:20.92 #|1574703980.925628339|00#| work_queue_worker[1] wq: Sending resource description to master:
2019/11/25 17:46:20.92 #|1574703980.925671682|00#| work_queue_worker[1] wq:  workers      0 inuse      1 total      1 smallest      1 largest
2019/11/25 17:46:20.92 #|1574703980.925781409|00#| work_queue_worker[1] wq:     disk      0 inuse 183125 total 183125 smallest 183125 largest
2019/11/25 17:46:20.92 #|1574703980.925878387|00#| work_queue_worker[1] wq:   memory      0 inuse   7749 total   7749 smallest   7749 largest
2019/11/25 17:46:20.92 #|1574703980.925996417|00#| work_queue_worker[1] wq:     gpus      0 inuse      0 total      0 smallest      0 largest
2019/11/25 17:46:20.92 #|1574703980.926102232|00#| work_queue_worker[1] wq:    cores      0 inuse      4 total      4 smallest      4 largest
2019/11/25 17:46:20.92 #|1574703980.926270473|00#| work_queue_worker[1] wq: tx to master: info end_of_resource_update 0
2019/11/25 17:46:20.92 #|1574703980.926384617|00#| work_queue_worker[1] wq: tx to master: info tasks_running 0
2019/11/25 17:46:20.92 #|1574703980.926502877|00#| work_queue_worker[1] wq: working for master at 10.0.155.8:1026.
2019/11/25 17:46:20.92 #|1574703980.927300684|00#| work_queue_worker[1] wq: rx from master: put file-0-25930e3036f13852cb0b29694bbab611-nt/taxdb.bti 14920392 0644 1
2019/11/25 17:46:20.92 #|1574703980.927493801|00#| work_queue_worker[1] wq: Putting file file-0-25930e3036f13852cb0b29694bbab611-nt/taxdb.bti into workspace
2019/11/25 17:46:22.24 #|1574703982.241131987|00#| work_queue_worker[1] wq: rx from master: put file-0-25930e3036f13852cb0b29694bbab611-nt/nt.nal 752 0644 1
2019/11/25 17:46:22.24 #|1574703982.241243985|00#| work_queue_worker[1] wq: Putting file file-0-25930e3036f13852cb0b29694bbab611-nt/nt.nal into workspace
2019/11/25 17:46:22.24 #|1574703982.241460040|00#| work_queue_worker[1] wq: rx from master: put file-0-25930e3036f13852cb0b29694bbab611-nt/nt.44.nni 27220 0644 1
2019/11/25 17:46:22.24 #|1574703982.241534154|00#| work_queue_worker[1] wq: Putting file file-0-25930e3036f13852cb0b29694bbab611-nt/nt.44.nni into workspace
2019/11/25 17:46:22.24 #|1574703982.243636664|00#| work_queue_worker[1] wq: rx from master: put file-0-25930e3036f13852cb0b29694bbab611-nt/nt.44.nog 3378248 0644 1
2019/11/25 17:46:22.24 #|1574703982.243718319|00#| work_queue_worker[1] wq: Putting file file-0-25930e3036f13852cb0b29694bbab611-nt/nt.44.nog into workspace
2019/11/25 17:46:22.54 #|1574703982.541074018|00#| work_queue_worker[1] wq: rx from master: put file-0-25930e3036f13852cb0b29694bbab611-nt/taxdb.btd 141628361 0644 1
2019/11/25 17:46:22.54 #|1574703982.541189127|00#| work_queue_worker[1] wq: Putting file file-0-25930e3036f13852cb0b29694bbab611-nt/taxdb.btd into workspace
2019/11/25 17:46:34.86 #|1574703994.862415389|00#| work_queue_worker[1] wq: Failed to put file - file-0-25930e3036f13852cb0b29694bbab611-nt/taxdb.btd (Connection reset by peer)
2019/11/25 17:46:34.88 #|1574703994.880135069|00#| work_queue_worker[1] wq: cleaning workspace /tmp/worker-0-1
2019/11/25 17:46:34.91 #|1574703994.916150462|00#| work_queue_worker[1] wq: disconnecting from master 10.0.155.8:1026
2019/11/25 17:46:34.91 #|1574703994.916200932|00#| work_queue_worker[1] tcp: disconnected from 10.0.155.8 port 1026
2019/11/25 17:46:34.91 #|1574703994.916213720|00#| work_queue_worker[1] wq: killing all outstanding tasks
2019/11/25 17:46:34.91 #|1574703994.916225197|00#| work_queue_worker[1] wq: all data structures are clean
2019/11/25 17:46:40.93 #|1574704000.935956979|00#| work_queue_worker[1] debug: error reading disk usage on directory: ./cache.
2019/11/25 17:46:40.93 #|1574704000.936106617|00#| work_queue_worker[1] tcp: connecting to 10.0.155.8 port 1026
2019/11/25 17:46:40.93 #|1574704000.936930286|00#| work_queue_worker[1] tcp: made connection to 10.0.155.8 port 1026
2019/11/25 17:46:40.93 #|1574704000.937047801|00#| work_queue_worker[1] wq: connected to master master:1026 via local address 10.0.155.3:59700
2019/11/25 17:46:40.93 #|1574704000.937077135|00#| work_queue_worker[1] wq: preparing workspace /tmp/worker-0-1
2019/11/25 17:46:40.93 #|1574704000.937341709|00#| work_queue_worker[1] dns: finding my hostname: uname = c968f2b7f553, address = 10.0.155.3, hostname = c968f2b7f553
2019/11/25 17:46:40.93 #|1574704000.937372176|00#| work_queue_worker[1] wq: tx to master: workqueue 8 c968f2b7f553 Linux x86_64 8.0.0
2019/11/25 17:46:40.93 #|1574704000.937478114|00#| work_queue_worker[1] wq: tx to master: info worker-id worker-90bea94026d3d3fcf2e3cd9f473cc030
2019/11/25 17:46:40.93 #|1574704000.937572216|00#| work_queue_worker[1] wq: tx to master: alive
2019/11/25 17:46:40.93 #|1574704000.937656054|00#| work_queue_worker[1] wq: Sending resource description to master:
2019/11/25 17:46:40.93 #|1574704000.937696874|00#| work_queue_worker[1] wq:  workers      0 inuse      1 total      1 smallest      1 largest
2019/11/25 17:46:40.93 #|1574704000.937810126|00#| work_queue_worker[1] wq:     disk      0 inuse 183156 total 183156 smallest 183156 largest
2019/11/25 17:46:40.93 #|1574704000.937912396|00#| work_queue_worker[1] wq:   memory      0 inuse   7749 total   7749 smallest   7749 largest
2019/11/25 17:46:40.93 #|1574704000.938029423|00#| work_queue_worker[1] wq:     gpus      0 inuse      0 total      0 smallest      0 largest
2019/11/25 17:46:40.93 #|1574704000.938121942|00#| work_queue_worker[1] wq:    cores      0 inuse      4 total      4 smallest      4 largest
2019/11/25 17:46:40.93 #|1574704000.938287888|00#| work_queue_worker[1] wq: tx to master: info end_of_resource_update 0
2019/11/25 17:46:40.93 #|1574704000.938393756|00#| work_queue_worker[1] wq: tx to master: info tasks_running 0
2019/11/25 17:46:40.93 #|1574704000.938505227|00#| work_queue_worker[1] wq: working for master at 10.0.155.8:1026.
2019/11/25 17:46:40.93 #|1574704000.939291413|00#| work_queue_worker[1] wq: rx from master: put file-0-25930e3036f13852cb0b29694bbab611-nt/taxdb.bti 14920392 0644 1
2019/11/25 17:46:40.93 #|1574704000.939473256|00#| work_queue_worker[1] wq: Putting file file-0-25930e3036f13852cb0b29694bbab611-nt/taxdb.bti into workspace
2019/11/25 17:46:42.25 #|1574704002.252839703|00#| work_queue_worker[1] wq: rx from master: put file-0-25930e3036f13852cb0b29694bbab611-nt/nt.nal 752 0644 1
2019/11/25 17:46:42.25 #|1574704002.252955896|00#| work_queue_worker[1] wq: Putting file file-0-25930e3036f13852cb0b29694bbab611-nt/nt.nal into workspace
2019/11/25 17:46:42.25 #|1574704002.253168788|00#| work_queue_worker[1] wq: rx from master: put file-0-25930e3036f13852cb0b29694bbab611-nt/nt.44.nni 27220 0644 1
2019/11/25 17:46:42.25 #|1574704002.253248863|00#| work_queue_worker[1] wq: Putting file file-0-25930e3036f13852cb0b29694bbab611-nt/nt.44.nni into workspace
2019/11/25 17:46:42.25 #|1574704002.255206499|00#| work_queue_worker[1] wq: rx from master: put file-0-25930e3036f13852cb0b29694bbab611-nt/nt.44.nog 3378248 0644 1
2019/11/25 17:46:42.25 #|1574704002.255275848|00#| work_queue_worker[1] wq: Putting file file-0-25930e3036f13852cb0b29694bbab611-nt/nt.44.nog into workspace
2019/11/25 17:46:42.55 #|1574704002.552729255|00#| work_queue_worker[1] wq: rx from master: put file-0-25930e3036f13852cb0b29694bbab611-nt/taxdb.btd 141628361 0644 1
2019/11/25 17:46:42.55 #|1574704002.552839159|00#| work_queue_worker[1] wq: Putting file file-0-25930e3036f13852cb0b29694bbab611-nt/taxdb.btd into workspace
2019/11/25 17:46:55.04 #|1574704015.48197087|00#| work_queue_worker[1] wq: rx from master: put file-0-25930e3036f13852cb0b29694bbab611-nt/nt.44.nhr 148534336 0644 1
2019/11/25 17:46:55.04 #|1574704015.48313565|00#| work_queue_worker[1] wq: Putting file file-0-25930e3036f13852cb0b29694bbab611-nt/nt.44.nhr into workspace
2019/11/25 17:47:08.13 #|1574704028.135990274|00#| work_queue_worker[1] wq: rx from master: put file-0-25930e3036f13852cb0b29694bbab611-nt/nt.44.nhi 338004 0644 1
2019/11/25 17:47:08.13 #|1574704028.136079649|00#| work_queue_worker[1] wq: Putting file file-0-25930e3036f13852cb0b29694bbab611-nt/nt.44.nhi into workspace
2019/11/25 17:47:08.14 #|1574704028.146850902|00#| work_queue_worker[1] wq: rx from master: put file-0-25930e3036f13852cb0b29694bbab611-nt/nt.44.nnd 6955488 0644 1
2019/11/25 17:47:08.14 #|1574704028.146927714|00#| work_queue_worker[1] wq: Putting file file-0-25930e3036f13852cb0b29694bbab611-nt/nt.44.nnd into workspace
2019/11/25 17:47:08.75 #|1574704028.759938002|00#| work_queue_worker[1] wq: rx from master: put file-0-25930e3036f13852cb0b29694bbab611-nt/nt.44.nhd 14869748 0644 1
2019/11/25 17:47:08.76 #|1574704028.760066654|00#| work_queue_worker[1] wq: Putting file file-0-25930e3036f13852cb0b29694bbab611-nt/nt.44.nhd into workspace
2019/11/25 17:47:10.07 #|1574704030.70542721|00#| work_queue_worker[1] wq: rx from master: put file-0-25930e3036f13852cb0b29694bbab611-nt/nt.44.nsq 974099786 0644 1
2019/11/25 17:47:10.07 #|1574704030.70646078|00#| work_queue_worker[1] wq: Putting file file-0-25930e3036f13852cb0b29694bbab611-nt/nt.44.nsq into workspace
2019/11/25 17:48:35.92 #|1574704115.928202975|00#| work_queue_worker[1] wq: rx from master: put file-0-25930e3036f13852cb0b29694bbab611-nt/nt.44.nin 10134740 0644 1
2019/11/25 17:48:35.92 #|1574704115.928344475|00#| work_queue_worker[1] wq: Putting file file-0-25930e3036f13852cb0b29694bbab611-nt/nt.44.nin into workspace
2019/11/25 17:48:36.80 #|1574704116.802397263|00#| work_queue_worker[1] wq: rx from master: put file-0-25930e3036f13852cb0b29694bbab611-nt/nt.44.nsi 764650 0644 1
2019/11/25 17:48:36.80 #|1574704116.802523317|00#| work_queue_worker[1] wq: Putting file file-0-25930e3036f13852cb0b29694bbab611-nt/nt.44.nsi into workspace
2019/11/25 17:48:36.86 #|1574704116.869687729|00#| work_queue_worker[1] wq: rx from master: put file-0-25930e3036f13852cb0b29694bbab611-nt/nt.44.nsd 33299557 0644 1
2019/11/25 17:48:36.86 #|1574704116.869820495|00#| work_queue_worker[1] wq: Putting file file-0-25930e3036f13852cb0b29694bbab611-nt/nt.44.nsd into workspace
2019/11/25 17:48:39.80 #|1574704119.804196866|00#| work_queue_worker[1] wq: rx from master: put file-0-e046ec692c0ced962d3265bfe7245360-test.fasta.14 10120 0644 1
2019/11/25 17:48:39.80 #|1574704119.804315416|00#| work_queue_worker[1] wq: Putting file file-0-e046ec692c0ced962d3265bfe7245360-test.fasta.14 into workspace
2019/11/25 17:48:39.80 #|1574704119.805149932|00#| work_queue_worker[1] wq: rx from master: put file-0-daa9c57850b857b80eefebbca6aa18ce-blastall 7687410 0755 1
2019/11/25 17:48:39.80 #|1574704119.805232653|00#| work_queue_worker[1] wq: Putting file file-0-daa9c57850b857b80eefebbca6aa18ce-blastall into workspace
2019/11/25 17:48:40.50 #|1574704120.500240716|00#| work_queue_worker[1] wq: rx from master: task 6
2019/11/25 17:48:40.50 #|1574704120.500362336|00#| work_queue_worker[1] wq: rx from master: cmd 88
2019/11/25 17:48:40.50 #|1574704120.500422522|00#| work_queue_worker[1] wq: rx from master: ./blastall -p blastn -d nt/nt -i test.fasta.14 -o test.fasta.14.out 2> test.fasta.14.err
2019/11/25 17:48:40.50 #|1574704120.500463806|00#| work_queue_worker[1] wq: rx from master: category default
2019/11/25 17:48:40.50 #|1574704120.500498762|00#| work_queue_worker[1] wq: rx from master: cores 4
2019/11/25 17:48:40.50 #|1574704120.500525362|00#| work_queue_worker[1] wq: rx from master: memory 7749
2019/11/25 17:48:40.50 #|1574704120.500547176|00#| work_queue_worker[1] wq: rx from master: disk 183156
2019/11/25 17:48:40.50 #|1574704120.500568802|00#| work_queue_worker[1] wq: rx from master: gpus 0
2019/11/25 17:48:40.50 #|1574704120.500591027|00#| work_queue_worker[1] wq: rx from master: end_time 18446744073709551615
2019/11/25 17:48:40.50 #|1574704120.500614701|00#| work_queue_worker[1] wq: rx from master: wall_time 18446744073709551615
2019/11/25 17:48:40.50 #|1574704120.500636814|00#| work_queue_worker[1] wq: rx from master: env 7
2019/11/25 17:48:40.50 #|1574704120.500663650|00#| work_queue_worker[1] wq: rx from master: env 17
2019/11/25 17:48:40.50 #|1574704120.500689386|00#| work_queue_worker[1] wq: rx from master: infile file-0-25930e3036f13852cb0b29694bbab611-nt nt 1
2019/11/25 17:48:40.50 #|1574704120.500752060|00#| work_queue_worker[1] wq: rx from master: infile file-0-e046ec692c0ced962d3265bfe7245360-test.fasta.14 test.fasta.14 1
2019/11/25 17:48:40.50 #|1574704120.500788924|00#| work_queue_worker[1] wq: rx from master: infile file-0-daa9c57850b857b80eefebbca6aa18ce-blastall blastall 1
2019/11/25 17:48:40.50 #|1574704120.500823463|00#| work_queue_worker[1] wq: rx from master: outfile file-0-5904a03317e7e6566913b82983b96829-test.fasta.14.err test.fasta.14.err 1
2019/11/25 17:48:40.50 #|1574704120.500860024|00#| work_queue_worker[1] wq: rx from master: outfile file-0-6e7fd2228b2f7120a5a28bea1aa8b41f-test.fasta.14.out test.fasta.14.out 1
2019/11/25 17:48:40.50 #|1574704120.500893974|00#| work_queue_worker[1] wq: rx from master: end
2019/11/25 17:48:40.50 #|1574704120.501154697|00#| work_queue_worker[1] wq: linking cache/file-0-25930e3036f13852cb0b29694bbab611-nt to /tmp/worker-0-1/t.6/nt
2019/11/25 17:48:40.50 #|1574704120.501651625|00#| work_queue_worker[1] wq: linking cache/file-0-e046ec692c0ced962d3265bfe7245360-test.fasta.14 to /tmp/worker-0-1/t.6/test.fasta.14
2019/11/25 17:48:40.50 #|1574704120.501726699|00#| work_queue_worker[1] wq: linking cache/file-0-daa9c57850b857b80eefebbca6aa18ce-blastall to /tmp/worker-0-1/t.6/blastall
2019/11/25 17:48:40.50 #|1574704120.501785694|00#| work_queue_worker[1] wq: Waiting task 6 has been forsaken.
2019/11/25 17:48:40.50 #|1574704120.501808558|00#| work_queue_worker[1] wq: tx to master: alive
2019/11/25 17:48:40.50 #|1574704120.501963388|00#| work_queue_worker[1] wq: Sending resource description to master:
2019/11/25 17:48:40.50 #|1574704120.501988194|00#| work_queue_worker[1] wq:  workers      0 inuse      1 total      1 smallest      1 largest
2019/11/25 17:48:40.50 #|1574704120.502078779|00#| work_queue_worker[1] wq:     disk   1294 inuse 182956 total 182956 smallest 182956 largest
2019/11/25 17:48:40.50 #|1574704120.502178885|00#| work_queue_worker[1] wq:   memory      0 inuse   7749 total   7749 smallest   7749 largest
2019/11/25 17:48:40.50 #|1574704120.502284285|00#| work_queue_worker[1] wq:     gpus      0 inuse      0 total      0 smallest      0 largest
2019/11/25 17:48:40.50 #|1574704120.502366155|00#| work_queue_worker[1] wq:    cores      0 inuse      4 total      4 smallest      4 largest
2019/11/25 17:48:40.50 #|1574704120.502545898|00#| work_queue_worker[1] wq: tx to master: info end_of_resource_update 0
2019/11/25 17:48:40.50 #|1574704120.502629524|00#| work_queue_worker[1] wq: tx to master: info tasks_running 0
2019/11/25 17:48:40.50 #|1574704120.502696497|00#| work_queue_worker[1] wq: tx to master: info tasks_running 0
2019/11/25 17:48:40.50 #|1574704120.502793301|00#| work_queue_worker[1] wq: tx to master: available_results
2019/11/25 17:48:40.50 #|1574704120.504278382|00#| work_queue_worker[1] wq: rx from master: send_results -1
2019/11/25 17:48:40.50 #|1574704120.504344539|00#| work_queue_worker[1] wq: tx to master: result 40 0 0 0 6
2019/11/25 17:48:40.50 #|1574704120.504455405|00#| work_queue_worker[1] wq: tx to master: info tasks_running 0
2019/11/25 17:48:40.50 #|1574704120.504554603|00#| work_queue_worker[1] wq: tx to master: end
2019/11/25 17:48:40.50 #|1574704120.505189105|00#| work_queue_worker[1] wq: rx from master: put file-0-af4883bae18b8169ace09c1fbbe4e952-test.fasta.12 10120 0644 1
2019/11/25 17:48:40.50 #|1574704120.505264061|00#| work_queue_worker[1] wq: Putting file file-0-af4883bae18b8169ace09c1fbbe4e952-test.fasta.12 into workspace
2019/11/25 17:48:40.50 #|1574704120.506449136|00#| work_queue_worker[1] wq: rx from master: task 8
2019/11/25 17:48:40.50 #|1574704120.506494971|00#| work_queue_worker[1] wq: rx from master: cmd 88
2019/11/25 17:48:40.50 #|1574704120.506531137|00#| work_queue_worker[1] wq: rx from master: ./blastall -p blastn -d nt/nt -i test.fasta.12 -o test.fasta.12.out 2> test.fasta.12.err
2019/11/25 17:48:40.50 #|1574704120.506609185|00#| work_queue_worker[1] wq: rx from master: category default
2019/11/25 17:48:40.50 #|1574704120.506644265|00#| work_queue_worker[1] wq: rx from master: cores 4
2019/11/25 17:48:40.50 #|1574704120.506697299|00#| work_queue_worker[1] wq: rx from master: memory 7749
2019/11/25 17:48:40.50 #|1574704120.506738716|00#| work_queue_worker[1] wq: rx from master: disk 182956
2019/11/25 17:48:40.50 #|1574704120.506835615|00#| work_queue_worker[1] wq: rx from master: gpus 0
2019/11/25 17:48:40.50 #|1574704120.506866297|00#| work_queue_worker[1] wq: rx from master: end_time 18446744073709551615
2019/11/25 17:48:40.50 #|1574704120.506891684|00#| work_queue_worker[1] wq: rx from master: wall_time 18446744073709551615
2019/11/25 17:48:40.50 #|1574704120.506924556|00#| work_queue_worker[1] wq: rx from master: env 7
2019/11/25 17:48:40.50 #|1574704120.506954088|00#| work_queue_worker[1] wq: rx from master: env 17
2019/11/25 17:48:40.50 #|1574704120.506980934|00#| work_queue_worker[1] wq: rx from master: infile file-0-25930e3036f13852cb0b29694bbab611-nt nt 1
2019/11/25 17:48:40.50 #|1574704120.507022537|00#| work_queue_worker[1] wq: rx from master: infile file-0-af4883bae18b8169ace09c1fbbe4e952-test.fasta.12 test.fasta.12 1
2019/11/25 17:48:40.50 #|1574704120.507061676|00#| work_queue_worker[1] wq: rx from master: infile file-0-daa9c57850b857b80eefebbca6aa18ce-blastall blastall 1
2019/11/25 17:48:40.50 #|1574704120.507098659|00#| work_queue_worker[1] wq: rx from master: outfile file-0-95cba511760cf5607a658110dca9e4d2-test.fasta.12.err test.fasta.12.err 1
2019/11/25 17:48:40.50 #|1574704120.507138568|00#| work_queue_worker[1] wq: rx from master: outfile file-0-b023ebea6f17836ab62822f542cbcf46-test.fasta.12.out test.fasta.12.out 1
2019/11/25 17:48:40.50 #|1574704120.507175486|00#| work_queue_worker[1] wq: rx from master: end
2019/11/25 17:48:40.50 #|1574704120.507483880|00#| work_queue_worker[1] wq: linking cache/file-0-25930e3036f13852cb0b29694bbab611-nt to /tmp/worker-0-1/t.8/nt
2019/11/25 17:48:40.50 #|1574704120.508051624|00#| work_queue_worker[1] wq: linking cache/file-0-af4883bae18b8169ace09c1fbbe4e952-test.fasta.12 to /tmp/worker-0-1/t.8/test.fasta.12
2019/11/25 17:48:40.50 #|1574704120.508132773|00#| work_queue_worker[1] wq: linking cache/file-0-daa9c57850b857b80eefebbca6aa18ce-blastall to /tmp/worker-0-1/t.8/blastall
2019/11/25 17:48:40.50 #|1574704120.508541766|00#| work_queue_worker[1] wq: started process 9: ./blastall -p blastn -d nt/nt -i test.fasta.12 -o test.fasta.12.out 2> test.fasta.12.err
2019/11/25 17:48:40.50 #|1574704120.508649455|00#| work_queue_worker[1] wq: tx to master: info tasks_running 1
2019/11/25 17:48:41.51 #|1574704121.510544325|00#| work_queue_worker[1] wq: rx from master: check
2019/11/25 17:48:41.51 #|1574704121.510598376|00#| work_queue_worker[1] wq: tx to master: alive
2019/11/25 17:48:41.51 #|1574704121.510673594|00#| work_queue_worker[1] wq: tx to master: info tasks_running 1
2019/11/25 17:48:50.15 #|1574704130.155950018|00#| work_queue_worker[1] wq: task 8 (pid 9) exited normally with exit code 0
2019/11/25 17:48:50.15 #|1574704130.156002418|00#| work_queue_worker[1] wq: moving output file from /tmp/worker-0-1/t.8/test.fasta.12.err to cache/file-0-95cba511760cf5607a658110dca9e4d2-test.fasta.12.err
2019/11/25 17:48:50.15 #|1574704130.156093837|00#| work_queue_worker[1] wq: moving output file from /tmp/worker-0-1/t.8/test.fasta.12.out to cache/file-0-b023ebea6f17836ab62822f542cbcf46-test.fasta.12.out
2019/11/25 17:48:50.15 #|1574704130.156153935|00#| work_queue_worker[1] wq: tx to master: available_results
2019/11/25 17:48:50.15 #|1574704130.156698604|00#| work_queue_worker[1] wq: rx from master: send_results -1
2019/11/25 17:48:50.15 #|1574704130.156739866|00#| work_queue_worker[1] wq: tx to master: result 0 0 0 9647731 8
2019/11/25 17:48:50.15 #|1574704130.156801052|00#| work_queue_worker[1] wq: tx to master: info tasks_running 0
2019/11/25 17:48:50.15 #|1574704130.156851735|00#| work_queue_worker[1] wq: tx to master: end
2019/11/25 17:48:50.15 #|1574704130.157378104|00#| work_queue_worker[1] wq: rx from master: get file-0-95cba511760cf5607a658110dca9e4d2-test.fasta.12.err 1
2019/11/25 17:48:50.15 #|1574704130.157440189|00#| work_queue_worker[1] wq: tx to master: file file-0-95cba511760cf5607a658110dca9e4d2-test.fasta.12.err 0
2019/11/25 17:48:50.15 #|1574704130.157507413|00#| work_queue_worker[1] wq: tx to master: end
2019/11/25 17:48:50.15 #|1574704130.158169137|00#| work_queue_worker[1] wq: rx from master: get file-0-b023ebea6f17836ab62822f542cbcf46-test.fasta.12.out 1
2019/11/25 17:48:50.15 #|1574704130.158221955|00#| work_queue_worker[1] wq: tx to master: file file-0-b023ebea6f17836ab62822f542cbcf46-test.fasta.12.out 34494
2019/11/25 17:48:50.15 #|1574704130.158406190|00#| work_queue_worker[1] wq: tx to master: end
2019/11/25 17:48:50.16 #|1574704130.162025275|00#| work_queue_worker[1] wq: rx from master: kill 8
2019/11/25 17:48:50.16 #|1574704130.162656942|00#| work_queue_worker[1] wq: rx from master: put file-0-5d44d8f82cbb3f9ecaf466b060d01edb-test.fasta.11 10120 0644 1
2019/11/25 17:48:50.16 #|1574704130.162698641|00#| work_queue_worker[1] wq: Putting file file-0-5d44d8f82cbb3f9ecaf466b060d01edb-test.fasta.11 into workspace
2019/11/25 17:48:50.16 #|1574704130.163881152|00#| work_queue_worker[1] wq: rx from master: task 9
2019/11/25 17:48:50.16 #|1574704130.163926405|00#| work_queue_worker[1] wq: rx from master: cmd 88
2019/11/25 17:48:50.16 #|1574704130.163953149|00#| work_queue_worker[1] wq: rx from master: ./blastall -p blastn -d nt/nt -i test.fasta.11 -o test.fasta.11.out 2> test.fasta.11.err
2019/11/25 17:48:50.16 #|1574704130.163967238|00#| work_queue_worker[1] wq: rx from master: category default
2019/11/25 17:48:50.16 #|1574704130.163981420|00#| work_queue_worker[1] wq: rx from master: cores 4
2019/11/25 17:48:50.16 #|1574704130.163996047|00#| work_queue_worker[1] wq: rx from master: memory 7749
2019/11/25 17:48:50.16 #|1574704130.164010189|00#| work_queue_worker[1] wq: rx from master: disk 182956
2019/11/25 17:48:50.16 #|1574704130.164024154|00#| work_queue_worker[1] wq: rx from master: gpus 0
2019/11/25 17:48:50.16 #|1574704130.164038703|00#| work_queue_worker[1] wq: rx from master: end_time 18446744073709551615
2019/11/25 17:48:50.16 #|1574704130.164054234|00#| work_queue_worker[1] wq: rx from master: wall_time 18446744073709551615
2019/11/25 17:48:50.16 #|1574704130.164068468|00#| work_queue_worker[1] wq: rx from master: env 7
2019/11/25 17:48:50.16 #|1574704130.164085664|00#| work_queue_worker[1] wq: rx from master: env 17
2019/11/25 17:48:50.16 #|1574704130.164102268|00#| work_queue_worker[1] wq: rx from master: infile file-0-25930e3036f13852cb0b29694bbab611-nt nt 1
2019/11/25 17:48:50.16 #|1574704130.164134254|00#| work_queue_worker[1] wq: rx from master: infile file-0-5d44d8f82cbb3f9ecaf466b060d01edb-test.fasta.11 test.fasta.11 1
2019/11/25 17:48:50.16 #|1574704130.164193941|00#| work_queue_worker[1] wq: rx from master: infile file-0-daa9c57850b857b80eefebbca6aa18ce-blastall blastall 1
2019/11/25 17:48:50.16 #|1574704130.164222162|00#| work_queue_worker[1] wq: rx from master: outfile file-0-1ec6f60204ab1e932b38cec0b78303f1-test.fasta.11.err test.fasta.11.err 1
2019/11/25 17:48:50.16 #|1574704130.164247107|00#| work_queue_worker[1] wq: rx from master: outfile file-0-b2dcb7cd97b86e43787e05023fc40494-test.fasta.11.out test.fasta.11.out 1
2019/11/25 17:48:50.16 #|1574704130.164275206|00#| work_queue_worker[1] wq: rx from master: end
2019/11/25 17:48:50.16 #|1574704130.164412588|00#| work_queue_worker[1] wq: linking cache/file-0-25930e3036f13852cb0b29694bbab611-nt to /tmp/worker-0-1/t.9/nt
2019/11/25 17:48:50.16 #|1574704130.164749774|00#| work_queue_worker[1] wq: linking cache/file-0-5d44d8f82cbb3f9ecaf466b060d01edb-test.fasta.11 to /tmp/worker-0-1/t.9/test.fasta.11
2019/11/25 17:48:50.16 #|1574704130.164799180|00#| work_queue_worker[1] wq: linking cache/file-0-daa9c57850b857b80eefebbca6aa18ce-blastall to /tmp/worker-0-1/t.9/blastall
2019/11/25 17:48:50.16 #|1574704130.165040711|00#| work_queue_worker[1] wq: started process 11: ./blastall -p blastn -d nt/nt -i test.fasta.11 -o test.fasta.11.out 2> test.fasta.11.err
2019/11/25 17:48:50.16 #|1574704130.165083223|00#| work_queue_worker[1] wq: tx to master: info tasks_running 1
2019/11/25 17:48:59.63 #|1574704139.638390310|00#| work_queue_worker[1] wq: task 9 (pid 11) exited normally with exit code 0
2019/11/25 17:48:59.63 #|1574704139.638441152|00#| work_queue_worker[1] wq: moving output file from /tmp/worker-0-1/t.9/test.fasta.11.err to cache/file-0-1ec6f60204ab1e932b38cec0b78303f1-test.fasta.11.err
2019/11/25 17:48:59.63 #|1574704139.638529432|00#| work_queue_worker[1] wq: moving output file from /tmp/worker-0-1/t.9/test.fasta.11.out to cache/file-0-b2dcb7cd97b86e43787e05023fc40494-test.fasta.11.out
2019/11/25 17:48:59.63 #|1574704139.638572906|00#| work_queue_worker[1] wq: tx to master: available_results
2019/11/25 17:48:59.63 #|1574704139.639114362|00#| work_queue_worker[1] wq: rx from master: send_results -1
2019/11/25 17:48:59.63 #|1574704139.639157454|00#| work_queue_worker[1] wq: tx to master: result 0 0 0 9473552 9
2019/11/25 17:48:59.63 #|1574704139.639224048|00#| work_queue_worker[1] wq: tx to master: info tasks_running 0
2019/11/25 17:48:59.63 #|1574704139.639282271|00#| work_queue_worker[1] wq: tx to master: end
2019/11/25 17:48:59.63 #|1574704139.639844325|00#| work_queue_worker[1] wq: rx from master: get file-0-1ec6f60204ab1e932b38cec0b78303f1-test.fasta.11.err 1
2019/11/25 17:48:59.63 #|1574704139.639903939|00#| work_queue_worker[1] wq: tx to master: file file-0-1ec6f60204ab1e932b38cec0b78303f1-test.fasta.11.err 0
2019/11/25 17:48:59.63 #|1574704139.639981711|00#| work_queue_worker[1] wq: tx to master: end
2019/11/25 17:48:59.64 #|1574704139.640593791|00#| work_queue_worker[1] wq: rx from master: get file-0-b2dcb7cd97b86e43787e05023fc40494-test.fasta.11.out 1
2019/11/25 17:48:59.64 #|1574704139.640649653|00#| work_queue_worker[1] wq: tx to master: file file-0-b2dcb7cd97b86e43787e05023fc40494-test.fasta.11.out 44259
2019/11/25 17:48:59.64 #|1574704139.640897542|00#| work_queue_worker[1] wq: tx to master: end
2019/11/25 17:48:59.64 #|1574704139.645477170|00#| work_queue_worker[1] wq: rx from master: kill 9
2019/11/25 17:48:59.64 #|1574704139.646157739|00#| work_queue_worker[1] wq: rx from master: put file-0-3c684903ad7beb0f07c70d32ce209cf3-test.fasta.9 10111 0644 1
2019/11/25 17:48:59.64 #|1574704139.646203133|00#| work_queue_worker[1] wq: Putting file file-0-3c684903ad7beb0f07c70d32ce209cf3-test.fasta.9 into workspace
2019/11/25 17:48:59.64 #|1574704139.647268595|00#| work_queue_worker[1] wq: rx from master: task 11
2019/11/25 17:48:59.64 #|1574704139.647303066|00#| work_queue_worker[1] wq: rx from master: cmd 85
2019/11/25 17:48:59.64 #|1574704139.647326971|00#| work_queue_worker[1] wq: rx from master: ./blastall -p blastn -d nt/nt -i test.fasta.9 -o test.fasta.9.out 2> test.fasta.9.err
2019/11/25 17:48:59.64 #|1574704139.647342512|00#| work_queue_worker[1] wq: rx from master: category default
2019/11/25 17:48:59.64 #|1574704139.647358765|00#| work_queue_worker[1] wq: rx from master: cores 4
2019/11/25 17:48:59.64 #|1574704139.647375403|00#| work_queue_worker[1] wq: rx from master: memory 7749
2019/11/25 17:48:59.64 #|1574704139.647432454|00#| work_queue_worker[1] wq: rx from master: disk 182956
2019/11/25 17:48:59.64 #|1574704139.647451282|00#| work_queue_worker[1] wq: rx from master: gpus 0
2019/11/25 17:48:59.64 #|1574704139.647468288|00#| work_queue_worker[1] wq: rx from master: end_time 18446744073709551615
2019/11/25 17:48:59.64 #|1574704139.647486092|00#| work_queue_worker[1] wq: rx from master: wall_time 18446744073709551615
2019/11/25 17:48:59.64 #|1574704139.647502738|00#| work_queue_worker[1] wq: rx from master: env 7
2019/11/25 17:48:59.64 #|1574704139.647522836|00#| work_queue_worker[1] wq: rx from master: env 17
2019/11/25 17:48:59.64 #|1574704139.647542285|00#| work_queue_worker[1] wq: rx from master: infile file-0-25930e3036f13852cb0b29694bbab611-nt nt 1
2019/11/25 17:48:59.64 #|1574704139.647577347|00#| work_queue_worker[1] wq: rx from master: infile file-0-3c684903ad7beb0f07c70d32ce209cf3-test.fasta.9 test.fasta.9 1
2019/11/25 17:48:59.64 #|1574704139.647605998|00#| work_queue_worker[1] wq: rx from master: infile file-0-daa9c57850b857b80eefebbca6aa18ce-blastall blastall 1
2019/11/25 17:48:59.64 #|1574704139.647650428|00#| work_queue_worker[1] wq: rx from master: outfile file-0-8b8651ac4a310c9b2b1cb06061c67223-test.fasta.9.err test.fasta.9.err 1
2019/11/25 17:48:59.64 #|1574704139.647680668|00#| work_queue_worker[1] wq: rx from master: outfile file-0-8c8215651ccf820f581014d2a05d1c97-test.fasta.9.out test.fasta.9.out 1
2019/11/25 17:48:59.64 #|1574704139.647707961|00#| work_queue_worker[1] wq: rx from master: end
2019/11/25 17:48:59.64 #|1574704139.647862658|00#| work_queue_worker[1] wq: linking cache/file-0-25930e3036f13852cb0b29694bbab611-nt to /tmp/worker-0-1/t.11/nt
2019/11/25 17:48:59.64 #|1574704139.648238617|00#| work_queue_worker[1] wq: linking cache/file-0-3c684903ad7beb0f07c70d32ce209cf3-test.fasta.9 to /tmp/worker-0-1/t.11/test.fasta.9
2019/11/25 17:48:59.64 #|1574704139.648297302|00#| work_queue_worker[1] wq: linking cache/file-0-daa9c57850b857b80eefebbca6aa18ce-blastall to /tmp/worker-0-1/t.11/blastall
2019/11/25 17:48:59.64 #|1574704139.648541132|00#| work_queue_worker[1] wq: started process 13: ./blastall -p blastn -d nt/nt -i test.fasta.9 -o test.fasta.9.out 2> test.fasta.9.err
2019/11/25 17:48:59.64 #|1574704139.648598953|00#| work_queue_worker[1] wq: tx to master: info tasks_running 1
2019/11/25 17:49:09.46 #|1574704149.464019836|00#| work_queue_worker[1] wq: task 11 (pid 13) exited normally with exit code 0
2019/11/25 17:49:09.46 #|1574704149.464063166|00#| work_queue_worker[1] wq: moving output file from /tmp/worker-0-1/t.11/test.fasta.9.err to cache/file-0-8b8651ac4a310c9b2b1cb06061c67223-test.fasta.9.err
2019/11/25 17:49:09.46 #|1574704149.464128856|00#| work_queue_worker[1] wq: moving output file from /tmp/worker-0-1/t.11/test.fasta.9.out to cache/file-0-8c8215651ccf820f581014d2a05d1c97-test.fasta.9.out
2019/11/25 17:49:09.46 #|1574704149.464541578|00#| work_queue_worker[1] wq: tx to master: available_results
2019/11/25 17:49:09.46 #|1574704149.465080204|00#| work_queue_worker[1] wq: rx from master: send_results -1
2019/11/25 17:49:09.46 #|1574704149.465130129|00#| work_queue_worker[1] wq: tx to master: result 0 0 0 9815684 11
2019/11/25 17:49:09.46 #|1574704149.465195355|00#| work_queue_worker[1] wq: tx to master: info tasks_running 0
2019/11/25 17:49:09.46 #|1574704149.465247040|00#| work_queue_worker[1] wq: tx to master: end
2019/11/25 17:49:09.46 #|1574704149.465819980|00#| work_queue_worker[1] wq: rx from master: get file-0-8b8651ac4a310c9b2b1cb06061c67223-test.fasta.9.err 1
2019/11/25 17:49:09.46 #|1574704149.465869498|00#| work_queue_worker[1] wq: tx to master: file file-0-8b8651ac4a310c9b2b1cb06061c67223-test.fasta.9.err 0
2019/11/25 17:49:09.46 #|1574704149.465928352|00#| work_queue_worker[1] wq: tx to master: end
2019/11/25 17:49:09.46 #|1574704149.466500112|00#| work_queue_worker[1] wq: rx from master: get file-0-8c8215651ccf820f581014d2a05d1c97-test.fasta.9.out 1
2019/11/25 17:49:09.46 #|1574704149.466541595|00#| work_queue_worker[1] wq: tx to master: file file-0-8c8215651ccf820f581014d2a05d1c97-test.fasta.9.out 38743
2019/11/25 17:49:09.46 #|1574704149.466792615|00#| work_queue_worker[1] wq: tx to master: end
2019/11/25 17:49:09.47 #|1574704149.470889825|00#| work_queue_worker[1] wq: rx from master: kill 11
2019/11/25 17:49:09.47 #|1574704149.471644505|00#| work_queue_worker[1] wq: rx from master: put file-0-9f04d57561db456f4f47dcdca9feb103-test.fasta.7 10110 0644 1
2019/11/25 17:49:09.47 #|1574704149.471697244|00#| work_queue_worker[1] wq: Putting file file-0-9f04d57561db456f4f47dcdca9feb103-test.fasta.7 into workspace
2019/11/25 17:49:09.47 #|1574704149.472619247|00#| work_queue_worker[1] wq: rx from master: task 13
2019/11/25 17:49:09.47 #|1574704149.472653674|00#| work_queue_worker[1] wq: rx from master: cmd 85
2019/11/25 17:49:09.47 #|1574704149.472686429|00#| work_queue_worker[1] wq: rx from master: ./blastall -p blastn -d nt/nt -i test.fasta.7 -o test.fasta.7.out 2> test.fasta.7.err
2019/11/25 17:49:09.47 #|1574704149.472704024|00#| work_queue_worker[1] wq: rx from master: category default
2019/11/25 17:49:09.47 #|1574704149.472730124|00#| work_queue_worker[1] wq: rx from master: cores 4
2019/11/25 17:49:09.47 #|1574704149.472748446|00#| work_queue_worker[1] wq: rx from master: memory 7749
2019/11/25 17:49:09.47 #|1574704149.472766037|00#| work_queue_worker[1] wq: rx from master: disk 182956
2019/11/25 17:49:09.47 #|1574704149.472783611|00#| work_queue_worker[1] wq: rx from master: gpus 0
2019/11/25 17:49:09.47 #|1574704149.472801725|00#| work_queue_worker[1] wq: rx from master: end_time 18446744073709551615
2019/11/25 17:49:09.47 #|1574704149.472820868|00#| work_queue_worker[1] wq: rx from master: wall_time 18446744073709551615
2019/11/25 17:49:09.47 #|1574704149.472838747|00#| work_queue_worker[1] wq: rx from master: env 7
2019/11/25 17:49:09.47 #|1574704149.472860134|00#| work_queue_worker[1] wq: rx from master: env 17
2019/11/25 17:49:09.47 #|1574704149.472880921|00#| work_queue_worker[1] wq: rx from master: infile file-0-25930e3036f13852cb0b29694bbab611-nt nt 1
2019/11/25 17:49:09.47 #|1574704149.472918375|00#| work_queue_worker[1] wq: rx from master: infile file-0-9f04d57561db456f4f47dcdca9feb103-test.fasta.7 test.fasta.7 1
2019/11/25 17:49:09.47 #|1574704149.472948760|00#| work_queue_worker[1] wq: rx from master: infile file-0-daa9c57850b857b80eefebbca6aa18ce-blastall blastall 1
2019/11/25 17:49:09.47 #|1574704149.472977959|00#| work_queue_worker[1] wq: rx from master: outfile file-0-d08e27aac9e49582c455b76197081fb3-test.fasta.7.err test.fasta.7.err 1
2019/11/25 17:49:09.47 #|1574704149.473008407|00#| work_queue_worker[1] wq: rx from master: outfile file-0-c17c0db997ae1cdb7af1ea386e447bb4-test.fasta.7.out test.fasta.7.out 1
2019/11/25 17:49:09.47 #|1574704149.473036848|00#| work_queue_worker[1] wq: rx from master: end
2019/11/25 17:49:09.47 #|1574704149.473199632|00#| work_queue_worker[1] wq: linking cache/file-0-25930e3036f13852cb0b29694bbab611-nt to /tmp/worker-0-1/t.13/nt
2019/11/25 17:49:09.47 #|1574704149.473600732|00#| work_queue_worker[1] wq: linking cache/file-0-9f04d57561db456f4f47dcdca9feb103-test.fasta.7 to /tmp/worker-0-1/t.13/test.fasta.7
2019/11/25 17:49:09.47 #|1574704149.473662341|00#| work_queue_worker[1] wq: linking cache/file-0-daa9c57850b857b80eefebbca6aa18ce-blastall to /tmp/worker-0-1/t.13/blastall
2019/11/25 17:49:09.47 #|1574704149.473937627|00#| work_queue_worker[1] wq: started process 15: ./blastall -p blastn -d nt/nt -i test.fasta.7 -o test.fasta.7.out 2> test.fasta.7.err
2019/11/25 17:49:09.47 #|1574704149.473984891|00#| work_queue_worker[1] wq: tx to master: info tasks_running 1
2019/11/25 17:49:18.93 #|1574704158.931552944|00#| work_queue_worker[1] wq: task 13 (pid 15) exited normally with exit code 0
2019/11/25 17:49:18.93 #|1574704158.931598830|00#| work_queue_worker[1] wq: moving output file from /tmp/worker-0-1/t.13/test.fasta.7.err to cache/file-0-d08e27aac9e49582c455b76197081fb3-test.fasta.7.err
2019/11/25 17:49:18.93 #|1574704158.931675856|00#| work_queue_worker[1] wq: moving output file from /tmp/worker-0-1/t.13/test.fasta.7.out to cache/file-0-c17c0db997ae1cdb7af1ea386e447bb4-test.fasta.7.out
2019/11/25 17:49:18.93 #|1574704158.931750055|00#| work_queue_worker[1] wq: tx to master: available_results
2019/11/25 17:49:18.93 #|1574704158.932285300|00#| work_queue_worker[1] wq: rx from master: send_results -1
2019/11/25 17:49:18.93 #|1574704158.932341442|00#| work_queue_worker[1] wq: tx to master: result 0 0 0 9457849 13
2019/11/25 17:49:18.93 #|1574704158.932433563|00#| work_queue_worker[1] wq: tx to master: info tasks_running 0
2019/11/25 17:49:18.93 #|1574704158.932490315|00#| work_queue_worker[1] wq: tx to master: end
2019/11/25 17:49:18.93 #|1574704158.932970182|00#| work_queue_worker[1] wq: rx from master: get file-0-d08e27aac9e49582c455b76197081fb3-test.fasta.7.err 1
2019/11/25 17:49:18.93 #|1574704158.933024074|00#| work_queue_worker[1] wq: tx to master: file file-0-d08e27aac9e49582c455b76197081fb3-test.fasta.7.err 0
2019/11/25 17:49:18.93 #|1574704158.933089439|00#| work_queue_worker[1] wq: tx to master: end
2019/11/25 17:49:18.93 #|1574704158.933701015|00#| work_queue_worker[1] wq: rx from master: get file-0-c17c0db997ae1cdb7af1ea386e447bb4-test.fasta.7.out 1
2019/11/25 17:49:18.93 #|1574704158.933749604|00#| work_queue_worker[1] wq: tx to master: file file-0-c17c0db997ae1cdb7af1ea386e447bb4-test.fasta.7.out 20517
2019/11/25 17:49:18.93 #|1574704158.933954365|00#| work_queue_worker[1] wq: tx to master: end
2019/11/25 17:49:18.93 #|1574704158.936275421|00#| work_queue_worker[1] wq: rx from master: kill 13
2019/11/25 17:49:18.93 #|1574704158.937024807|00#| work_queue_worker[1] wq: rx from master: put file-0-c6fe59e7bc34ad592758fbf1affd35b3-test.fasta.6 10110 0644 1
2019/11/25 17:49:18.93 #|1574704158.937069679|00#| work_queue_worker[1] wq: Putting file file-0-c6fe59e7bc34ad592758fbf1affd35b3-test.fasta.6 into workspace
2019/11/25 17:49:18.93 #|1574704158.938158672|00#| work_queue_worker[1] wq: rx from master: task 14
2019/11/25 17:49:18.93 #|1574704158.938191646|00#| work_queue_worker[1] wq: rx from master: cmd 85
2019/11/25 17:49:18.93 #|1574704158.938216663|00#| work_queue_worker[1] wq: rx from master: ./blastall -p blastn -d nt/nt -i test.fasta.6 -o test.fasta.6.out 2> test.fasta.6.err
2019/11/25 17:49:18.93 #|1574704158.938231610|00#| work_queue_worker[1] wq: rx from master: category default
2019/11/25 17:49:18.93 #|1574704158.938247135|00#| work_queue_worker[1] wq: rx from master: cores 4
2019/11/25 17:49:18.93 #|1574704158.938263093|00#| work_queue_worker[1] wq: rx from master: memory 7749
2019/11/25 17:49:18.93 #|1574704158.938278735|00#| work_queue_worker[1] wq: rx from master: disk 182956
2019/11/25 17:49:18.93 #|1574704158.938294271|00#| work_queue_worker[1] wq: rx from master: gpus 0
2019/11/25 17:49:18.93 #|1574704158.938310438|00#| work_queue_worker[1] wq: rx from master: end_time 18446744073709551615
2019/11/25 17:49:18.93 #|1574704158.938327427|00#| work_queue_worker[1] wq: rx from master: wall_time 18446744073709551615
2019/11/25 17:49:18.93 #|1574704158.938343385|00#| work_queue_worker[1] wq: rx from master: env 7
2019/11/25 17:49:18.93 #|1574704158.938362343|00#| work_queue_worker[1] wq: rx from master: env 17
2019/11/25 17:49:18.93 #|1574704158.938380936|00#| work_queue_worker[1] wq: rx from master: infile file-0-25930e3036f13852cb0b29694bbab611-nt nt 1
2019/11/25 17:49:18.93 #|1574704158.938415594|00#| work_queue_worker[1] wq: rx from master: infile file-0-c6fe59e7bc34ad592758fbf1affd35b3-test.fasta.6 test.fasta.6 1
2019/11/25 17:49:18.93 #|1574704158.938443290|00#| work_queue_worker[1] wq: rx from master: infile file-0-daa9c57850b857b80eefebbca6aa18ce-blastall blastall 1
2019/11/25 17:49:18.93 #|1574704158.938468744|00#| work_queue_worker[1] wq: rx from master: outfile file-0-bd9fd21e69318adb97979b465eda0063-test.fasta.6.err test.fasta.6.err 1
2019/11/25 17:49:18.93 #|1574704158.938495749|00#| work_queue_worker[1] wq: rx from master: outfile file-0-a7dc44bc794b29fe719284fc40dc98e9-test.fasta.6.out test.fasta.6.out 1
2019/11/25 17:49:18.93 #|1574704158.938521056|00#| work_queue_worker[1] wq: rx from master: end
2019/11/25 17:49:18.93 #|1574704158.938670607|00#| work_queue_worker[1] wq: linking cache/file-0-25930e3036f13852cb0b29694bbab611-nt to /tmp/worker-0-1/t.14/nt
2019/11/25 17:49:18.93 #|1574704158.939027793|00#| work_queue_worker[1] wq: linking cache/file-0-c6fe59e7bc34ad592758fbf1affd35b3-test.fasta.6 to /tmp/worker-0-1/t.14/test.fasta.6
2019/11/25 17:49:18.93 #|1574704158.939083071|00#| work_queue_worker[1] wq: linking cache/file-0-daa9c57850b857b80eefebbca6aa18ce-blastall to /tmp/worker-0-1/t.14/blastall
2019/11/25 17:49:18.93 #|1574704158.939332594|00#| work_queue_worker[1] wq: started process 17: ./blastall -p blastn -d nt/nt -i test.fasta.6 -o test.fasta.6.out 2> test.fasta.6.err
2019/11/25 17:49:18.93 #|1574704158.939424007|00#| work_queue_worker[1] wq: tx to master: info tasks_running 1
2019/11/25 17:49:28.73 #|1574704168.736697225|00#| work_queue_worker[1] wq: task 14 (pid 17) exited normally with exit code 0
2019/11/25 17:49:28.73 #|1574704168.736746261|00#| work_queue_worker[1] wq: moving output file from /tmp/worker-0-1/t.14/test.fasta.6.err to cache/file-0-bd9fd21e69318adb97979b465eda0063-test.fasta.6.err
2019/11/25 17:49:28.73 #|1574704168.736827258|00#| work_queue_worker[1] wq: moving output file from /tmp/worker-0-1/t.14/test.fasta.6.out to cache/file-0-a7dc44bc794b29fe719284fc40dc98e9-test.fasta.6.out
2019/11/25 17:49:28.75 #|1574704168.756359056|00#| work_queue_worker[1] wq: tx to master: available_results
2019/11/25 17:49:28.75 #|1574704168.757041505|00#| work_queue_worker[1] wq: rx from master: send_results -1
2019/11/25 17:49:28.75 #|1574704168.757141139|00#| work_queue_worker[1] wq: tx to master: result 0 0 0 9797584 14
2019/11/25 17:49:28.75 #|1574704168.757243653|00#| work_queue_worker[1] wq: tx to master: info tasks_running 0
2019/11/25 17:49:28.75 #|1574704168.757323240|00#| work_queue_worker[1] wq: tx to master: end
2019/11/25 17:49:28.75 #|1574704168.757847174|00#| work_queue_worker[1] wq: rx from master: get file-0-bd9fd21e69318adb97979b465eda0063-test.fasta.6.err 1
2019/11/25 17:49:28.75 #|1574704168.757923065|00#| work_queue_worker[1] wq: tx to master: file file-0-bd9fd21e69318adb97979b465eda0063-test.fasta.6.err 0
2019/11/25 17:49:28.75 #|1574704168.758025006|00#| work_queue_worker[1] wq: tx to master: end
2019/11/25 17:49:28.75 #|1574704168.758677834|00#| work_queue_worker[1] wq: rx from master: get file-0-a7dc44bc794b29fe719284fc40dc98e9-test.fasta.6.out 1
2019/11/25 17:49:28.75 #|1574704168.758744520|00#| work_queue_worker[1] wq: tx to master: file file-0-a7dc44bc794b29fe719284fc40dc98e9-test.fasta.6.out 43688
2019/11/25 17:49:28.75 #|1574704168.759073724|00#| work_queue_worker[1] wq: tx to master: end
2019/11/25 17:49:28.76 #|1574704168.763633956|00#| work_queue_worker[1] wq: rx from master: kill 14
2019/11/25 17:49:28.76 #|1574704168.764625612|00#| work_queue_worker[1] wq: rx from master: put file-0-c3a7eea4528f3888f4f96bb51f86b0ae-test.fasta.4 10110 0644 1
2019/11/25 17:49:28.76 #|1574704168.764696969|00#| work_queue_worker[1] wq: Putting file file-0-c3a7eea4528f3888f4f96bb51f86b0ae-test.fasta.4 into workspace
2019/11/25 17:49:28.76 #|1574704168.765454857|00#| work_queue_worker[1] wq: rx from master: task 16
2019/11/25 17:49:28.76 #|1574704168.765499032|00#| work_queue_worker[1] wq: rx from master: cmd 85
2019/11/25 17:49:28.76 #|1574704168.765533560|00#| work_queue_worker[1] wq: rx from master: ./blastall -p blastn -d nt/nt -i test.fasta.4 -o test.fasta.4.out 2> test.fasta.4.err
2019/11/25 17:49:28.76 #|1574704168.765560110|00#| work_queue_worker[1] wq: rx from master: category default
2019/11/25 17:49:28.76 #|1574704168.765583484|00#| work_queue_worker[1] wq: rx from master: cores 4
2019/11/25 17:49:28.76 #|1574704168.765606817|00#| work_queue_worker[1] wq: rx from master: memory 7749
2019/11/25 17:49:28.76 #|1574704168.765629607|00#| work_queue_worker[1] wq: rx from master: disk 182956
2019/11/25 17:49:28.76 #|1574704168.765652275|00#| work_queue_worker[1] wq: rx from master: gpus 0
2019/11/25 17:49:28.76 #|1574704168.765675629|00#| work_queue_worker[1] wq: rx from master: end_time 18446744073709551615
2019/11/25 17:49:28.76 #|1574704168.765700329|00#| work_queue_worker[1] wq: rx from master: wall_time 18446744073709551615
2019/11/25 17:49:28.76 #|1574704168.765723505|00#| work_queue_worker[1] wq: rx from master: env 7
2019/11/25 17:49:28.76 #|1574704168.765751526|00#| work_queue_worker[1] wq: rx from master: env 17
2019/11/25 17:49:28.76 #|1574704168.765778677|00#| work_queue_worker[1] wq: rx from master: infile file-0-25930e3036f13852cb0b29694bbab611-nt nt 1
2019/11/25 17:49:28.76 #|1574704168.765826180|00#| work_queue_worker[1] wq: rx from master: infile file-0-c3a7eea4528f3888f4f96bb51f86b0ae-test.fasta.4 test.fasta.4 1
2019/11/25 17:49:28.76 #|1574704168.765865728|00#| work_queue_worker[1] wq: rx from master: infile file-0-daa9c57850b857b80eefebbca6aa18ce-blastall blastall 1
2019/11/25 17:49:28.76 #|1574704168.765903393|00#| work_queue_worker[1] wq: rx from master: outfile file-0-18635fc52bb3486f8a2adce9d09bea64-test.fasta.4.err test.fasta.4.err 1
2019/11/25 17:49:28.76 #|1574704168.765943679|00#| work_queue_worker[1] wq: rx from master: outfile file-0-2ecda4a7153ec50ab6f3ee0f11be83e6-test.fasta.4.out test.fasta.4.out 1
2019/11/25 17:49:28.76 #|1574704168.765993235|00#| work_queue_worker[1] wq: rx from master: end
2019/11/25 17:49:28.76 #|1574704168.766205810|00#| work_queue_worker[1] wq: linking cache/file-0-25930e3036f13852cb0b29694bbab611-nt to /tmp/worker-0-1/t.16/nt
2019/11/25 17:49:28.76 #|1574704168.766721113|00#| work_queue_worker[1] wq: linking cache/file-0-c3a7eea4528f3888f4f96bb51f86b0ae-test.fasta.4 to /tmp/worker-0-1/t.16/test.fasta.4
2019/11/25 17:49:28.76 #|1574704168.766802613|00#| work_queue_worker[1] wq: linking cache/file-0-daa9c57850b857b80eefebbca6aa18ce-blastall to /tmp/worker-0-1/t.16/blastall
2019/11/25 17:49:28.76 #|1574704168.767165669|00#| work_queue_worker[1] wq: started process 19: ./blastall -p blastn -d nt/nt -i test.fasta.4 -o test.fasta.4.out 2> test.fasta.4.err
2019/11/25 17:49:28.76 #|1574704168.767224662|00#| work_queue_worker[1] wq: tx to master: info tasks_running 1
2019/11/25 17:49:38.11 #|1574704178.114780215|00#| work_queue_worker[1] wq: task 16 (pid 19) exited normally with exit code 0
2019/11/25 17:49:38.11 #|1574704178.114821509|00#| work_queue_worker[1] wq: moving output file from /tmp/worker-0-1/t.16/test.fasta.4.err to cache/file-0-18635fc52bb3486f8a2adce9d09bea64-test.fasta.4.err
2019/11/25 17:49:38.11 #|1574704178.114885805|00#| work_queue_worker[1] wq: moving output file from /tmp/worker-0-1/t.16/test.fasta.4.out to cache/file-0-2ecda4a7153ec50ab6f3ee0f11be83e6-test.fasta.4.out
2019/11/25 17:49:38.13 #|1574704178.132041313|00#| work_queue_worker[1] wq: tx to master: available_results
2019/11/25 17:49:38.13 #|1574704178.132681749|00#| work_queue_worker[1] wq: rx from master: send_results -1
2019/11/25 17:49:38.13 #|1574704178.132743590|00#| work_queue_worker[1] wq: tx to master: result 0 0 0 9347909 16
2019/11/25 17:49:38.13 #|1574704178.132814635|00#| work_queue_worker[1] wq: tx to master: info tasks_running 0
2019/11/25 17:49:38.13 #|1574704178.132866243|00#| work_queue_worker[1] wq: tx to master: end
2019/11/25 17:49:38.13 #|1574704178.133451785|00#| work_queue_worker[1] wq: rx from master: get file-0-18635fc52bb3486f8a2adce9d09bea64-test.fasta.4.err 1
2019/11/25 17:49:38.13 #|1574704178.133504946|00#| work_queue_worker[1] wq: tx to master: file file-0-18635fc52bb3486f8a2adce9d09bea64-test.fasta.4.err 0
2019/11/25 17:49:38.13 #|1574704178.133579992|00#| work_queue_worker[1] wq: tx to master: end
2019/11/25 17:49:38.13 #|1574704178.134161457|00#| work_queue_worker[1] wq: rx from master: get file-0-2ecda4a7153ec50ab6f3ee0f11be83e6-test.fasta.4.out 1
2019/11/25 17:49:38.13 #|1574704178.134221379|00#| work_queue_worker[1] wq: tx to master: file file-0-2ecda4a7153ec50ab6f3ee0f11be83e6-test.fasta.4.out 28822
2019/11/25 17:49:38.13 #|1574704178.134505596|00#| work_queue_worker[1] wq: tx to master: end
2019/11/25 17:49:38.13 #|1574704178.137591884|00#| work_queue_worker[1] wq: rx from master: kill 16
2019/11/25 17:49:38.13 #|1574704178.138367476|00#| work_queue_worker[1] wq: rx from master: put file-0-44e691287a28f8fe43f6653302546d8f-test.fasta.2 10110 0644 1
2019/11/25 17:49:38.13 #|1574704178.138421703|00#| work_queue_worker[1] wq: Putting file file-0-44e691287a28f8fe43f6653302546d8f-test.fasta.2 into workspace
2019/11/25 17:49:38.13 #|1574704178.139376259|00#| work_queue_worker[1] wq: rx from master: task 18
2019/11/25 17:49:38.13 #|1574704178.139487170|00#| work_queue_worker[1] wq: rx from master: cmd 85
2019/11/25 17:49:38.13 #|1574704178.139517339|00#| work_queue_worker[1] wq: rx from master: ./blastall -p blastn -d nt/nt -i test.fasta.2 -o test.fasta.2.out 2> test.fasta.2.err
2019/11/25 17:49:38.13 #|1574704178.139535615|00#| work_queue_worker[1] wq: rx from master: category default
2019/11/25 17:49:38.13 #|1574704178.139554441|00#| work_queue_worker[1] wq: rx from master: cores 4
2019/11/25 17:49:38.13 #|1574704178.139573600|00#| work_queue_worker[1] wq: rx from master: memory 7749
2019/11/25 17:49:38.13 #|1574704178.139592533|00#| work_queue_worker[1] wq: rx from master: disk 182956
2019/11/25 17:49:38.13 #|1574704178.139620011|00#| work_queue_worker[1] wq: rx from master: gpus 0
2019/11/25 17:49:38.13 #|1574704178.139639566|00#| work_queue_worker[1] wq: rx from master: end_time 18446744073709551615
2019/11/25 17:49:38.13 #|1574704178.139659827|00#| work_queue_worker[1] wq: rx from master: wall_time 18446744073709551615
2019/11/25 17:49:38.13 #|1574704178.139678698|00#| work_queue_worker[1] wq: rx from master: env 7
2019/11/25 17:49:38.13 #|1574704178.139701299|00#| work_queue_worker[1] wq: rx from master: env 17
2019/11/25 17:49:38.13 #|1574704178.139723117|00#| work_queue_worker[1] wq: rx from master: infile file-0-25930e3036f13852cb0b29694bbab611-nt nt 1
2019/11/25 17:49:38.13 #|1574704178.139764087|00#| work_queue_worker[1] wq: rx from master: infile file-0-44e691287a28f8fe43f6653302546d8f-test.fasta.2 test.fasta.2 1
2019/11/25 17:49:38.13 #|1574704178.139796521|00#| work_queue_worker[1] wq: rx from master: infile file-0-daa9c57850b857b80eefebbca6aa18ce-blastall blastall 1
2019/11/25 17:49:38.13 #|1574704178.139826487|00#| work_queue_worker[1] wq: rx from master: outfile file-0-ebce3b3f9d6d56ee92ad0f680eacabb2-test.fasta.2.err test.fasta.2.err 1
2019/11/25 17:49:38.13 #|1574704178.139858889|00#| work_queue_worker[1] wq: rx from master: outfile file-0-6efdc0d3dafa140b6743f2b63849bb1e-test.fasta.2.out test.fasta.2.out 1
2019/11/25 17:49:38.13 #|1574704178.139889239|00#| work_queue_worker[1] wq: rx from master: end
2019/11/25 17:49:38.14 #|1574704178.140073126|00#| work_queue_worker[1] wq: linking cache/file-0-25930e3036f13852cb0b29694bbab611-nt to /tmp/worker-0-1/t.18/nt
2019/11/25 17:49:38.14 #|1574704178.140506032|00#| work_queue_worker[1] wq: linking cache/file-0-44e691287a28f8fe43f6653302546d8f-test.fasta.2 to /tmp/worker-0-1/t.18/test.fasta.2
2019/11/25 17:49:38.14 #|1574704178.140571299|00#| work_queue_worker[1] wq: linking cache/file-0-daa9c57850b857b80eefebbca6aa18ce-blastall to /tmp/worker-0-1/t.18/blastall
2019/11/25 17:49:38.14 #|1574704178.140846015|00#| work_queue_worker[1] wq: started process 21: ./blastall -p blastn -d nt/nt -i test.fasta.2 -o test.fasta.2.out 2> test.fasta.2.err
2019/11/25 17:49:38.14 #|1574704178.140908321|00#| work_queue_worker[1] wq: tx to master: info tasks_running 1
2019/11/25 17:49:47.45 #|1574704187.453070072|00#| work_queue_worker[1] wq: task 18 (pid 21) exited normally with exit code 0
2019/11/25 17:49:47.45 #|1574704187.453120051|00#| work_queue_worker[1] wq: moving output file from /tmp/worker-0-1/t.18/test.fasta.2.err to cache/file-0-ebce3b3f9d6d56ee92ad0f680eacabb2-test.fasta.2.err
2019/11/25 17:49:47.45 #|1574704187.453184150|00#| work_queue_worker[1] wq: moving output file from /tmp/worker-0-1/t.18/test.fasta.2.out to cache/file-0-6efdc0d3dafa140b6743f2b63849bb1e-test.fasta.2.out
2019/11/25 17:49:47.45 #|1574704187.453223854|00#| work_queue_worker[1] wq: tx to master: available_results
2019/11/25 17:49:47.45 #|1574704187.453812632|00#| work_queue_worker[1] wq: rx from master: send_results -1
2019/11/25 17:49:47.45 #|1574704187.453876826|00#| work_queue_worker[1] wq: tx to master: result 0 0 0 9312457 18
2019/11/25 17:49:47.45 #|1574704187.453963507|00#| work_queue_worker[1] wq: tx to master: info tasks_running 0
2019/11/25 17:49:47.45 #|1574704187.454017713|00#| work_queue_worker[1] wq: tx to master: end
2019/11/25 17:49:47.45 #|1574704187.454691487|00#| work_queue_worker[1] wq: rx from master: get file-0-ebce3b3f9d6d56ee92ad0f680eacabb2-test.fasta.2.err 1
2019/11/25 17:49:47.45 #|1574704187.454743408|00#| work_queue_worker[1] wq: tx to master: file file-0-ebce3b3f9d6d56ee92ad0f680eacabb2-test.fasta.2.err 0
2019/11/25 17:49:47.45 #|1574704187.454816778|00#| work_queue_worker[1] wq: tx to master: end
2019/11/25 17:49:47.46 #|1574704187.469817727|00#| work_queue_worker[1] wq: rx from master: get file-0-6efdc0d3dafa140b6743f2b63849bb1e-test.fasta.2.out 1
2019/11/25 17:49:47.46 #|1574704187.469928252|00#| work_queue_worker[1] wq: tx to master: file file-0-6efdc0d3dafa140b6743f2b63849bb1e-test.fasta.2.out 18765
2019/11/25 17:49:47.47 #|1574704187.470384737|00#| work_queue_worker[1] wq: tx to master: end
2019/11/25 17:49:47.47 #|1574704187.472748370|00#| work_queue_worker[1] wq: rx from master: kill 18
2019/11/25 17:49:47.53 #|1574704187.538211898|00#| work_queue_worker[1] wq: rx from master: put file-0-21ce2e3623ee3a033739f28d47ebc2f3-test.fasta.1 10110 0644 1
2019/11/25 17:49:47.53 #|1574704187.538383296|00#| work_queue_worker[1] wq: Putting file file-0-21ce2e3623ee3a033739f28d47ebc2f3-test.fasta.1 into workspace
2019/11/25 17:49:47.53 #|1574704187.539129077|00#| work_queue_worker[1] wq: rx from master: task 19
2019/11/25 17:49:47.53 #|1574704187.539187952|00#| work_queue_worker[1] wq: rx from master: cmd 85
2019/11/25 17:49:47.53 #|1574704187.539221248|00#| work_queue_worker[1] wq: rx from master: ./blastall -p blastn -d nt/nt -i test.fasta.1 -o test.fasta.1.out 2> test.fasta.1.err
2019/11/25 17:49:47.53 #|1574704187.539244651|00#| work_queue_worker[1] wq: rx from master: category default
2019/11/25 17:49:47.53 #|1574704187.539269755|00#| work_queue_worker[1] wq: rx from master: cores 4
2019/11/25 17:49:47.53 #|1574704187.539294919|00#| work_queue_worker[1] wq: rx from master: memory 7749
2019/11/25 17:49:47.53 #|1574704187.539319519|00#| work_queue_worker[1] wq: rx from master: disk 182956
2019/11/25 17:49:47.53 #|1574704187.539344015|00#| work_queue_worker[1] wq: rx from master: gpus 0
2019/11/25 17:49:47.53 #|1574704187.539369386|00#| work_queue_worker[1] wq: rx from master: end_time 18446744073709551615
2019/11/25 17:49:47.53 #|1574704187.539481167|00#| work_queue_worker[1] wq: rx from master: wall_time 18446744073709551615
2019/11/25 17:49:47.53 #|1574704187.539516953|00#| work_queue_worker[1] wq: rx from master: env 7
2019/11/25 17:49:47.53 #|1574704187.539549725|00#| work_queue_worker[1] wq: rx from master: env 17
2019/11/25 17:49:47.53 #|1574704187.539579186|00#| work_queue_worker[1] wq: rx from master: infile file-0-25930e3036f13852cb0b29694bbab611-nt nt 1
2019/11/25 17:49:47.53 #|1574704187.539633129|00#| work_queue_worker[1] wq: rx from master: infile file-0-21ce2e3623ee3a033739f28d47ebc2f3-test.fasta.1 test.fasta.1 1
2019/11/25 17:49:47.53 #|1574704187.539676318|00#| work_queue_worker[1] wq: rx from master: infile file-0-daa9c57850b857b80eefebbca6aa18ce-blastall blastall 1
2019/11/25 17:49:47.53 #|1574704187.539716616|00#| work_queue_worker[1] wq: rx from master: outfile file-0-3ab9f1950a6d162e67ee5b12ea6e7807-test.fasta.1.err test.fasta.1.err 1
2019/11/25 17:49:47.53 #|1574704187.539759902|00#| work_queue_worker[1] wq: rx from master: outfile file-0-994988da6966ac76fa59fc30ca8c2cd9-test.fasta.1.out test.fasta.1.out 1
2019/11/25 17:49:47.53 #|1574704187.539800140|00#| work_queue_worker[1] wq: rx from master: end
2019/11/25 17:49:47.54 #|1574704187.540051290|00#| work_queue_worker[1] wq: linking cache/file-0-25930e3036f13852cb0b29694bbab611-nt to /tmp/worker-0-1/t.19/nt
2019/11/25 17:49:47.54 #|1574704187.540629421|00#| work_queue_worker[1] wq: linking cache/file-0-21ce2e3623ee3a033739f28d47ebc2f3-test.fasta.1 to /tmp/worker-0-1/t.19/test.fasta.1
2019/11/25 17:49:47.54 #|1574704187.540716364|00#| work_queue_worker[1] wq: linking cache/file-0-daa9c57850b857b80eefebbca6aa18ce-blastall to /tmp/worker-0-1/t.19/blastall
2019/11/25 17:49:47.54 #|1574704187.541080879|00#| work_queue_worker[1] wq: started process 23: ./blastall -p blastn -d nt/nt -i test.fasta.1 -o test.fasta.1.out 2> test.fasta.1.err
2019/11/25 17:49:47.54 #|1574704187.541156117|00#| work_queue_worker[1] wq: tx to master: info tasks_running 1
2019/11/25 17:49:57.01 #|1574704197.18212000|00#| work_queue_worker[1] wq: task 19 (pid 23) exited normally with exit code 0
2019/11/25 17:49:57.01 #|1574704197.18267414|00#| work_queue_worker[1] wq: moving output file from /tmp/worker-0-1/t.19/test.fasta.1.err to cache/file-0-3ab9f1950a6d162e67ee5b12ea6e7807-test.fasta.1.err
2019/11/25 17:49:57.01 #|1574704197.18365888|00#| work_queue_worker[1] wq: moving output file from /tmp/worker-0-1/t.19/test.fasta.1.out to cache/file-0-994988da6966ac76fa59fc30ca8c2cd9-test.fasta.1.out
2019/11/25 17:49:57.03 #|1574704197.36394672|00#| work_queue_worker[1] wq: tx to master: available_results
2019/11/25 17:49:57.03 #|1574704197.37134794|00#| work_queue_worker[1] wq: rx from master: send_results -1
2019/11/25 17:49:57.03 #|1574704197.37218828|00#| work_queue_worker[1] wq: tx to master: result 0 0 0 9477426 19
2019/11/25 17:49:57.03 #|1574704197.37321864|00#| work_queue_worker[1] wq: tx to master: info tasks_running 0
2019/11/25 17:49:57.03 #|1574704197.37398505|00#| work_queue_worker[1] wq: tx to master: end
2019/11/25 17:49:57.03 #|1574704197.37988562|00#| work_queue_worker[1] wq: rx from master: get file-0-3ab9f1950a6d162e67ee5b12ea6e7807-test.fasta.1.err 1
2019/11/25 17:49:57.03 #|1574704197.38066715|00#| work_queue_worker[1] wq: tx to master: file file-0-3ab9f1950a6d162e67ee5b12ea6e7807-test.fasta.1.err 0
2019/11/25 17:49:57.03 #|1574704197.38177459|00#| work_queue_worker[1] wq: tx to master: end
2019/11/25 17:49:57.03 #|1574704197.38831688|00#| work_queue_worker[1] wq: rx from master: get file-0-994988da6966ac76fa59fc30ca8c2cd9-test.fasta.1.out 1
2019/11/25 17:49:57.03 #|1574704197.38900073|00#| work_queue_worker[1] wq: tx to master: file file-0-994988da6966ac76fa59fc30ca8c2cd9-test.fasta.1.out 27543
2019/11/25 17:49:57.03 #|1574704197.39220739|00#| work_queue_worker[1] wq: tx to master: end
2019/11/25 17:49:57.04 #|1574704197.42333139|00#| work_queue_worker[1] wq: rx from master: kill 19
2019/11/25 17:49:57.04 #|1574704197.43229470|00#| work_queue_worker[1] wq: rx from master: put file-0-bd98410c4ed2bfaa95819f1849189081-test.fasta.18 10120 0644 1
2019/11/25 17:49:57.04 #|1574704197.43285579|00#| work_queue_worker[1] wq: Putting file file-0-bd98410c4ed2bfaa95819f1849189081-test.fasta.18 into workspace
2019/11/25 17:49:57.04 #|1574704197.44122815|00#| work_queue_worker[1] wq: rx from master: task 2
2019/11/25 17:49:57.04 #|1574704197.44175464|00#| work_queue_worker[1] wq: rx from master: cmd 88
2019/11/25 17:49:57.04 #|1574704197.44206988|00#| work_queue_worker[1] wq: rx from master: ./blastall -p blastn -d nt/nt -i test.fasta.18 -o test.fasta.18.out 2> test.fasta.18.err
2019/11/25 17:49:57.04 #|1574704197.44228937|00#| work_queue_worker[1] wq: rx from master: category default
2019/11/25 17:49:57.04 #|1574704197.44251549|00#| work_queue_worker[1] wq: rx from master: cores 4
2019/11/25 17:49:57.04 #|1574704197.44274706|00#| work_queue_worker[1] wq: rx from master: memory 7749
2019/11/25 17:49:57.04 #|1574704197.44297867|00#| work_queue_worker[1] wq: rx from master: disk 182956
2019/11/25 17:49:57.04 #|1574704197.44320556|00#| work_queue_worker[1] wq: rx from master: gpus 0
2019/11/25 17:49:57.04 #|1574704197.44344040|00#| work_queue_worker[1] wq: rx from master: end_time 18446744073709551615
2019/11/25 17:49:57.04 #|1574704197.44368749|00#| work_queue_worker[1] wq: rx from master: wall_time 18446744073709551615
2019/11/25 17:49:57.04 #|1574704197.44391869|00#| work_queue_worker[1] wq: rx from master: env 7
2019/11/25 17:49:57.04 #|1574704197.44419400|00#| work_queue_worker[1] wq: rx from master: env 17
2019/11/25 17:49:57.04 #|1574704197.44446255|00#| work_queue_worker[1] wq: rx from master: infile file-0-25930e3036f13852cb0b29694bbab611-nt nt 1
2019/11/25 17:49:57.04 #|1574704197.44494741|00#| work_queue_worker[1] wq: rx from master: infile file-0-bd98410c4ed2bfaa95819f1849189081-test.fasta.18 test.fasta.18 1
2019/11/25 17:49:57.04 #|1574704197.44534685|00#| work_queue_worker[1] wq: rx from master: infile file-0-daa9c57850b857b80eefebbca6aa18ce-blastall blastall 1
2019/11/25 17:49:57.04 #|1574704197.44571927|00#| work_queue_worker[1] wq: rx from master: outfile file-0-b3ca854c26233484c838ab6d3298229c-test.fasta.18.err test.fasta.18.err 1
2019/11/25 17:49:57.04 #|1574704197.44611664|00#| work_queue_worker[1] wq: rx from master: outfile file-0-c688af492b061abef62bf46ec43b64b2-test.fasta.18.out test.fasta.18.out 1
2019/11/25 17:49:57.04 #|1574704197.44648721|00#| work_queue_worker[1] wq: rx from master: end
2019/11/25 17:49:57.04 #|1574704197.44884209|00#| work_queue_worker[1] wq: linking cache/file-0-25930e3036f13852cb0b29694bbab611-nt to /tmp/worker-0-1/t.2/nt
2019/11/25 17:49:57.04 #|1574704197.45424135|00#| work_queue_worker[1] wq: linking cache/file-0-bd98410c4ed2bfaa95819f1849189081-test.fasta.18 to /tmp/worker-0-1/t.2/test.fasta.18
2019/11/25 17:49:57.04 #|1574704197.45504269|00#| work_queue_worker[1] wq: linking cache/file-0-daa9c57850b857b80eefebbca6aa18ce-blastall to /tmp/worker-0-1/t.2/blastall
2019/11/25 17:49:57.04 #|1574704197.45851195|00#| work_queue_worker[1] wq: started process 25: ./blastall -p blastn -d nt/nt -i test.fasta.18 -o test.fasta.18.out 2> test.fasta.18.err
2019/11/25 17:49:57.04 #|1574704197.45903031|00#| work_queue_worker[1] wq: tx to master: info tasks_running 1
2019/11/25 17:50:06.68 #|1574704206.683259146|00#| work_queue_worker[1] wq: task 2 (pid 25) exited normally with exit code 0
2019/11/25 17:50:06.68 #|1574704206.683299790|00#| work_queue_worker[1] wq: moving output file from /tmp/worker-0-1/t.2/test.fasta.18.err to cache/file-0-b3ca854c26233484c838ab6d3298229c-test.fasta.18.err
2019/11/25 17:50:06.68 #|1574704206.683363867|00#| work_queue_worker[1] wq: moving output file from /tmp/worker-0-1/t.2/test.fasta.18.out to cache/file-0-c688af492b061abef62bf46ec43b64b2-test.fasta.18.out
2019/11/25 17:50:06.68 #|1574704206.683494151|00#| work_queue_worker[1] wq: tx to master: available_results
2019/11/25 17:50:06.68 #|1574704206.684129839|00#| work_queue_worker[1] wq: rx from master: send_results -1
2019/11/25 17:50:06.68 #|1574704206.684196898|00#| work_queue_worker[1] wq: tx to master: result 0 0 0 9637687 2
2019/11/25 17:50:06.68 #|1574704206.684306202|00#| work_queue_worker[1] wq: tx to master: info tasks_running 0
2019/11/25 17:50:06.68 #|1574704206.684373331|00#| work_queue_worker[1] wq: tx to master: end
2019/11/25 17:50:06.68 #|1574704206.684923405|00#| work_queue_worker[1] wq: rx from master: get file-0-b3ca854c26233484c838ab6d3298229c-test.fasta.18.err 1
2019/11/25 17:50:06.68 #|1574704206.684989651|00#| work_queue_worker[1] wq: tx to master: file file-0-b3ca854c26233484c838ab6d3298229c-test.fasta.18.err 0
2019/11/25 17:50:06.68 #|1574704206.685085375|00#| work_queue_worker[1] wq: tx to master: end
2019/11/25 17:50:06.68 #|1574704206.685756419|00#| work_queue_worker[1] wq: rx from master: get file-0-c688af492b061abef62bf46ec43b64b2-test.fasta.18.out 1
2019/11/25 17:50:06.68 #|1574704206.685821665|00#| work_queue_worker[1] wq: tx to master: file file-0-c688af492b061abef62bf46ec43b64b2-test.fasta.18.out 40977
2019/11/25 17:50:06.68 #|1574704206.686123417|00#| work_queue_worker[1] wq: tx to master: end
2019/11/25 17:50:06.69 #|1574704206.690448258|00#| work_queue_worker[1] wq: rx from master: kill 2
2019/11/25 17:50:06.69 #|1574704206.691198652|00#| work_queue_worker[1] wq: rx from master: put file-0-e7f309af480f7b15cfe71180f5284818-test.fasta.16 10120 0644 1
2019/11/25 17:50:06.69 #|1574704206.691250736|00#| work_queue_worker[1] wq: Putting file file-0-e7f309af480f7b15cfe71180f5284818-test.fasta.16 into workspace
2019/11/25 17:50:06.69 #|1574704206.692255459|00#| work_queue_worker[1] wq: rx from master: task 4
2019/11/25 17:50:06.69 #|1574704206.692296082|00#| work_queue_worker[1] wq: rx from master: cmd 88
2019/11/25 17:50:06.69 #|1574704206.692321923|00#| work_queue_worker[1] wq: rx from master: ./blastall -p blastn -d nt/nt -i test.fasta.16 -o test.fasta.16.out 2> test.fasta.16.err
2019/11/25 17:50:06.69 #|1574704206.692339884|00#| work_queue_worker[1] wq: rx from master: category default
2019/11/25 17:50:06.69 #|1574704206.692358306|00#| work_queue_worker[1] wq: rx from master: cores 4
2019/11/25 17:50:06.69 #|1574704206.692376986|00#| work_queue_worker[1] wq: rx from master: memory 7749
2019/11/25 17:50:06.69 #|1574704206.692395729|00#| work_queue_worker[1] wq: rx from master: disk 182956
2019/11/25 17:50:06.69 #|1574704206.692414467|00#| work_queue_worker[1] wq: rx from master: gpus 0
2019/11/25 17:50:06.69 #|1574704206.692433874|00#| work_queue_worker[1] wq: rx from master: end_time 18446744073709551615
2019/11/25 17:50:06.69 #|1574704206.692454183|00#| work_queue_worker[1] wq: rx from master: wall_time 18446744073709551615
2019/11/25 17:50:06.69 #|1574704206.692481127|00#| work_queue_worker[1] wq: rx from master: env 7
2019/11/25 17:50:06.69 #|1574704206.692503994|00#| work_queue_worker[1] wq: rx from master: env 17
2019/11/25 17:50:06.69 #|1574704206.692526079|00#| work_queue_worker[1] wq: rx from master: infile file-0-25930e3036f13852cb0b29694bbab611-nt nt 1
2019/11/25 17:50:06.69 #|1574704206.692564112|00#| work_queue_worker[1] wq: rx from master: infile file-0-e7f309af480f7b15cfe71180f5284818-test.fasta.16 test.fasta.16 1
2019/11/25 17:50:06.69 #|1574704206.692596257|00#| work_queue_worker[1] wq: rx from master: infile file-0-daa9c57850b857b80eefebbca6aa18ce-blastall blastall 1
2019/11/25 17:50:06.69 #|1574704206.692626241|00#| work_queue_worker[1] wq: rx from master: outfile file-0-49428ca6e9788cb4d3ba878e251f88c4-test.fasta.16.err test.fasta.16.err 1
2019/11/25 17:50:06.69 #|1574704206.692658187|00#| work_queue_worker[1] wq: rx from master: outfile file-0-6d79746b10289399b975e24593cae1b2-test.fasta.16.out test.fasta.16.out 1
2019/11/25 17:50:06.69 #|1574704206.692688999|00#| work_queue_worker[1] wq: rx from master: end
2019/11/25 17:50:06.69 #|1574704206.692870051|00#| work_queue_worker[1] wq: linking cache/file-0-25930e3036f13852cb0b29694bbab611-nt to /tmp/worker-0-1/t.4/nt
2019/11/25 17:50:06.69 #|1574704206.693294066|00#| work_queue_worker[1] wq: linking cache/file-0-e7f309af480f7b15cfe71180f5284818-test.fasta.16 to /tmp/worker-0-1/t.4/test.fasta.16
2019/11/25 17:50:06.69 #|1574704206.693359018|00#| work_queue_worker[1] wq: linking cache/file-0-daa9c57850b857b80eefebbca6aa18ce-blastall to /tmp/worker-0-1/t.4/blastall
2019/11/25 17:50:06.69 #|1574704206.693648371|00#| work_queue_worker[1] wq: started process 27: ./blastall -p blastn -d nt/nt -i test.fasta.16 -o test.fasta.16.out 2> test.fasta.16.err
2019/11/25 17:50:06.69 #|1574704206.693710473|00#| work_queue_worker[1] wq: tx to master: info tasks_running 1
2019/11/25 17:50:16.29 #|1574704216.291838508|00#| work_queue_worker[1] wq: task 4 (pid 27) exited normally with exit code 0
2019/11/25 17:50:16.29 #|1574704216.291886183|00#| work_queue_worker[1] wq: moving output file from /tmp/worker-0-1/t.4/test.fasta.16.err to cache/file-0-49428ca6e9788cb4d3ba878e251f88c4-test.fasta.16.err
2019/11/25 17:50:16.29 #|1574704216.291953705|00#| work_queue_worker[1] wq: moving output file from /tmp/worker-0-1/t.4/test.fasta.16.out to cache/file-0-6d79746b10289399b975e24593cae1b2-test.fasta.16.out
2019/11/25 17:50:16.31 #|1574704216.312421144|00#| work_queue_worker[1] wq: tx to master: available_results
2019/11/25 17:50:16.31 #|1574704216.313121417|00#| work_queue_worker[1] wq: rx from master: send_results -1
2019/11/25 17:50:16.31 #|1574704216.313212673|00#| work_queue_worker[1] wq: tx to master: result 0 0 0 9598437 4
2019/11/25 17:50:16.31 #|1574704216.313325300|00#| work_queue_worker[1] wq: tx to master: info tasks_running 0
2019/11/25 17:50:16.31 #|1574704216.313418484|00#| work_queue_worker[1] wq: tx to master: end
2019/11/25 17:50:16.31 #|1574704216.313930027|00#| work_queue_worker[1] wq: rx from master: get file-0-49428ca6e9788cb4d3ba878e251f88c4-test.fasta.16.err 1
2019/11/25 17:50:16.31 #|1574704216.314006790|00#| work_queue_worker[1] wq: tx to master: file file-0-49428ca6e9788cb4d3ba878e251f88c4-test.fasta.16.err 0
2019/11/25 17:50:16.31 #|1574704216.314108242|00#| work_queue_worker[1] wq: tx to master: end
2019/11/25 17:50:16.31 #|1574704216.314720814|00#| work_queue_worker[1] wq: rx from master: get file-0-6d79746b10289399b975e24593cae1b2-test.fasta.16.out 1
2019/11/25 17:50:16.31 #|1574704216.314787411|00#| work_queue_worker[1] wq: tx to master: file file-0-6d79746b10289399b975e24593cae1b2-test.fasta.16.out 21904
2019/11/25 17:50:16.31 #|1574704216.315126859|00#| work_queue_worker[1] wq: tx to master: end
2019/11/25 17:50:16.31 #|1574704216.317697790|00#| work_queue_worker[1] wq: rx from master: kill 4
2019/11/25 17:50:29.42 #|1574704229.422633013|00#| work_queue_worker[1] wq: rx from master: release
2019/11/25 17:50:29.42 #|1574704229.422772391|00#| work_queue_worker[1] wq: released by master 10.0.155.8:1026.
2019/11/25 17:50:29.42 #|1574704229.422899767|00#| work_queue_worker[1] wq: cleaning workspace /tmp/worker-0-1
2019/11/25 17:50:29.58 #|1574704229.582833222|00#| work_queue_worker[1] wq: disconnecting from master 10.0.155.8:1026
2019/11/25 17:50:29.58 #|1574704229.582952473|00#| work_queue_worker[1] tcp: disconnected from 10.0.155.8 port 1026
2019/11/25 17:50:29.58 #|1574704229.582975787|00#| work_queue_worker[1] wq: killing all outstanding tasks
2019/11/25 17:50:29.58 #|1574704229.583017893|00#| work_queue_worker[1] wq: all data structures are clean
2019/11/25 17:50:30.58 #|1574704230.583277860|00#| work_queue_worker[1] tcp: connecting to 10.0.155.8 port 1026
