2019/11/22 19:47:38.75 #|1574452058.756739155|00#| work_queue_worker[1] debug: /root/cctools/bin/work_queue_worker version 8.0.0 DEVELOPMENT (released 2019-11-14 15:35:16 +0000)
2019/11/22 19:47:38.75 #|1574452058.756777736|00#| work_queue_worker[1] debug: Built by root@7e9ecba79f43 on 2019-11-14 15:35:16 +0000
2019/11/22 19:47:38.75 #|1574452058.756788638|00#| work_queue_worker[1] debug: System: Linux 7e9ecba79f43 5.0.0-32-generic #34~18.04.2-Ubuntu SMP Thu Oct 10 10:36:02 UTC 2019 x86_64 x86_64 x86_64 GNU/Linux
2019/11/22 19:47:38.75 #|1574452058.756796996|00#| work_queue_worker[1] debug: Configuration: --prefix /root/cctools
2019/11/22 19:47:38.75 #|1574452058.756982668|00#| work_queue_worker[1] wq: WORK_QUEUE_SANDBOX set to /tmp/worker-0-1.
2019/11/22 19:47:38.75 #|1574452058.757488783|00#| work_queue_worker[1] debug: error reading disk usage on directory: ./cache.
2019/11/22 19:47:38.75 #|1574452058.757527907|00#| work_queue_worker[1] dns: looking up name master
2019/11/22 19:47:38.75 #|1574452058.758193743|00#| work_queue_worker[1] dns: master is 10.0.104.2
2019/11/22 19:47:38.75 #|1574452058.758229215|00#| work_queue_worker[1] tcp: connecting to 10.0.104.2 port 1026
2019/11/22 19:47:39.77 #|1574452059.770756477|00#| work_queue_worker[1] tcp: made connection to 10.0.104.2 port 1026
2019/11/22 19:47:39.77 #|1574452059.770791337|00#| work_queue_worker[1] wq: connected to master master:1026 via local address 10.0.104.14:39120
2019/11/22 19:47:39.77 #|1574452059.770801582|00#| work_queue_worker[1] wq: preparing workspace /tmp/worker-0-1
2019/11/22 19:47:39.77 #|1574452059.770944627|00#| work_queue_worker[1] dns: looking up name 20b2b5d1f65f
2019/11/22 19:47:39.77 #|1574452059.771008081|00#| work_queue_worker[1] dns: 20b2b5d1f65f is 10.0.104.14
2019/11/22 19:47:39.77 #|1574452059.771020727|00#| work_queue_worker[1] dns: looking up addr 10.0.104.14
2019/11/22 19:47:39.77 #|1574452059.771048080|00#| work_queue_worker[1] dns: 10.0.104.14 is 20b2b5d1f65f
2019/11/22 19:47:39.77 #|1574452059.771058609|00#| work_queue_worker[1] dns: finding my hostname: uname = 20b2b5d1f65f, address = 10.0.104.14, hostname = 20b2b5d1f65f
2019/11/22 19:47:39.77 #|1574452059.771068574|00#| work_queue_worker[1] wq: tx to master: workqueue 8 20b2b5d1f65f Linux x86_64 8.0.0
2019/11/22 19:47:39.77 #|1574452059.771120889|00#| work_queue_worker[1] wq: tx to master: info worker-id worker-4afeff9088447e3b7642b4a0e7ec6827
2019/11/22 19:47:39.77 #|1574452059.771160687|00#| work_queue_worker[1] wq: tx to master: alive
2019/11/22 19:47:39.77 #|1574452059.771196773|00#| work_queue_worker[1] wq: Sending resource description to master:
2019/11/22 19:47:39.77 #|1574452059.771208392|00#| work_queue_worker[1] wq:  workers      0 inuse      1 total      1 smallest      1 largest
2019/11/22 19:47:39.77 #|1574452059.771242488|00#| work_queue_worker[1] wq:     disk      0 inuse   2388 total   2388 smallest   2388 largest
2019/11/22 19:47:39.77 #|1574452059.771278425|00#| work_queue_worker[1] wq:   memory      0 inuse  11908 total  11908 smallest  11908 largest
2019/11/22 19:47:39.77 #|1574452059.771314219|00#| work_queue_worker[1] wq:     gpus      0 inuse      0 total      0 smallest      0 largest
2019/11/22 19:47:39.77 #|1574452059.771349844|00#| work_queue_worker[1] wq:    cores      0 inuse      1 total      1 smallest      1 largest
2019/11/22 19:47:39.77 #|1574452059.771403884|00#| work_queue_worker[1] wq: tx to master: info end_of_resource_update 0
2019/11/22 19:47:39.77 #|1574452059.771439963|00#| work_queue_worker[1] wq: tx to master: info tasks_running 0
2019/11/22 19:47:39.77 #|1574452059.771455204|00#| work_queue_worker[1] wq: working for master at 10.0.104.2:1026.
2019/11/22 19:49:27.00 #|1574452167.2756232|00#| work_queue_worker[1] wq: Failed to read from master.
2019/11/22 19:49:27.00 #|1574452167.2797527|00#| work_queue_worker[1] wq: cleaning workspace /tmp/worker-0-1
2019/11/22 19:49:27.00 #|1574452167.2941506|00#| work_queue_worker[1] wq: disconnecting from master 10.0.104.2:1026
2019/11/22 19:49:27.00 #|1574452167.2965076|00#| work_queue_worker[1] tcp: disconnected from 10.0.104.2 port 1026
2019/11/22 19:49:27.00 #|1574452167.2994095|00#| work_queue_worker[1] wq: killing all outstanding tasks
2019/11/22 19:49:27.00 #|1574452167.3008700|00#| work_queue_worker[1] wq: all data structures are clean
2019/11/22 19:49:33.00 #|1574452173.3456344|00#| work_queue_worker[1] debug: error reading disk usage on directory: ./cache.
2019/11/22 19:49:33.00 #|1574452173.3501550|00#| work_queue_worker[1] tcp: connecting to 10.0.104.2 port 1026
2019/11/22 19:49:33.00 #|1574452173.3679269|00#| work_queue_worker[1] tcp: made connection to 10.0.104.2 port 1026
2019/11/22 19:49:33.00 #|1574452173.3697801|00#| work_queue_worker[1] wq: connected to master master:1026 via local address 10.0.104.14:39150
2019/11/22 19:49:33.00 #|1574452173.3707121|00#| work_queue_worker[1] wq: preparing workspace /tmp/worker-0-1
2019/11/22 19:49:33.00 #|1574452173.3808890|00#| work_queue_worker[1] dns: finding my hostname: uname = 20b2b5d1f65f, address = 10.0.104.14, hostname = 20b2b5d1f65f
2019/11/22 19:49:33.00 #|1574452173.3822644|00#| work_queue_worker[1] wq: tx to master: workqueue 8 20b2b5d1f65f Linux x86_64 8.0.0
2019/11/22 19:49:33.00 #|1574452173.3912237|00#| work_queue_worker[1] wq: tx to master: info worker-id worker-4afeff9088447e3b7642b4a0e7ec6827
2019/11/22 19:49:33.00 #|1574452173.3968345|00#| work_queue_worker[1] wq: tx to master: alive
2019/11/22 19:49:33.00 #|1574452173.4017927|00#| work_queue_worker[1] wq: Sending resource description to master:
2019/11/22 19:49:33.00 #|1574452173.4030167|00#| work_queue_worker[1] wq:  workers      0 inuse      1 total      1 smallest      1 largest
2019/11/22 19:49:33.00 #|1574452173.4077004|00#| work_queue_worker[1] wq:     disk      0 inuse   1095 total   1095 smallest   1095 largest
2019/11/22 19:49:33.00 #|1574452173.4151666|00#| work_queue_worker[1] wq:   memory      0 inuse  11908 total  11908 smallest  11908 largest
2019/11/22 19:49:33.00 #|1574452173.4202757|00#| work_queue_worker[1] wq:     gpus      0 inuse      0 total      0 smallest      0 largest
2019/11/22 19:49:33.00 #|1574452173.4252287|00#| work_queue_worker[1] wq:    cores      0 inuse      1 total      1 smallest      1 largest
2019/11/22 19:49:33.00 #|1574452173.4356051|00#| work_queue_worker[1] wq: tx to master: info end_of_resource_update 0
2019/11/22 19:49:33.00 #|1574452173.4409710|00#| work_queue_worker[1] wq: tx to master: info tasks_running 0
2019/11/22 19:49:33.00 #|1574452173.4462167|00#| work_queue_worker[1] wq: working for master at 10.0.104.2:1026.
2019/11/22 19:55:32.79 #|1574452532.799709718|00#| work_queue_worker[1] wq: rx from master: put file-0-25930e3036f13852cb0b29694bbab611-nt/taxdb.bti 14920392 0644 1
2019/11/22 19:55:32.79 #|1574452532.799778985|00#| work_queue_worker[1] wq: Putting file file-0-25930e3036f13852cb0b29694bbab611-nt/taxdb.bti into workspace
2019/11/22 19:55:32.82 #|1574452532.820295440|00#| work_queue_worker[1] wq: rx from master: put file-0-25930e3036f13852cb0b29694bbab611-nt/nt.nal 752 0644 1
2019/11/22 19:55:32.82 #|1574452532.820342352|00#| work_queue_worker[1] wq: Putting file file-0-25930e3036f13852cb0b29694bbab611-nt/nt.nal into workspace
2019/11/22 19:55:32.82 #|1574452532.820445323|00#| work_queue_worker[1] wq: rx from master: put file-0-25930e3036f13852cb0b29694bbab611-nt/nt.44.nni 27220 0644 1
2019/11/22 19:55:32.82 #|1574452532.820469003|00#| work_queue_worker[1] wq: Putting file file-0-25930e3036f13852cb0b29694bbab611-nt/nt.44.nni into workspace
2019/11/22 19:55:32.82 #|1574452532.820684573|00#| work_queue_worker[1] wq: rx from master: put file-0-25930e3036f13852cb0b29694bbab611-nt/nt.44.nog 3378248 0644 1
2019/11/22 19:55:32.82 #|1574452532.820712062|00#| work_queue_worker[1] wq: Putting file file-0-25930e3036f13852cb0b29694bbab611-nt/nt.44.nog into workspace
2019/11/22 19:55:32.82 #|1574452532.825645239|00#| work_queue_worker[1] wq: rx from master: put file-0-25930e3036f13852cb0b29694bbab611-nt/taxdb.btd 141628361 0644 1
2019/11/22 19:55:32.82 #|1574452532.825687957|00#| work_queue_worker[1] wq: Putting file file-0-25930e3036f13852cb0b29694bbab611-nt/taxdb.btd into workspace
2019/11/22 19:55:33.00 #|1574452533.8909177|00#| work_queue_worker[1] wq: rx from master: put file-0-25930e3036f13852cb0b29694bbab611-nt/nt.44.nhr 148534336 0644 1
2019/11/22 19:55:33.00 #|1574452533.8945763|00#| work_queue_worker[1] wq: Putting file file-0-25930e3036f13852cb0b29694bbab611-nt/nt.44.nhr into workspace
2019/11/22 19:55:33.21 #|1574452533.211783175|00#| work_queue_worker[1] wq: rx from master: put file-0-25930e3036f13852cb0b29694bbab611-nt/nt.44.nhi 338004 0644 1
2019/11/22 19:55:33.21 #|1574452533.211846107|00#| work_queue_worker[1] wq: Putting file file-0-25930e3036f13852cb0b29694bbab611-nt/nt.44.nhi into workspace
2019/11/22 19:55:33.21 #|1574452533.212461511|00#| work_queue_worker[1] wq: rx from master: put file-0-25930e3036f13852cb0b29694bbab611-nt/nt.44.nnd 6955488 0644 1
2019/11/22 19:55:33.21 #|1574452533.212486408|00#| work_queue_worker[1] wq: Putting file file-0-25930e3036f13852cb0b29694bbab611-nt/nt.44.nnd into workspace
2019/11/22 19:55:33.22 #|1574452533.223137978|00#| work_queue_worker[1] wq: rx from master: put file-0-25930e3036f13852cb0b29694bbab611-nt/nt.44.nhd 14869748 0644 1
2019/11/22 19:55:33.22 #|1574452533.223197317|00#| work_queue_worker[1] wq: Putting file file-0-25930e3036f13852cb0b29694bbab611-nt/nt.44.nhd into workspace
2019/11/22 19:55:33.24 #|1574452533.245614750|00#| work_queue_worker[1] wq: rx from master: put file-0-25930e3036f13852cb0b29694bbab611-nt/nt.44.nsq 974099786 0644 1
2019/11/22 19:55:33.24 #|1574452533.245659519|00#| work_queue_worker[1] wq: Putting file file-0-25930e3036f13852cb0b29694bbab611-nt/nt.44.nsq into workspace
2019/11/22 19:55:33.24 #|1574452533.245673327|00#| work_queue_worker[1] debug: File of size 928 MB will lower available disk space (879 MB) below threshold (0 MB).
2019/11/22 19:55:33.24 #|1574452533.245682216|00#| work_queue_worker[1] wq: Could not put file file-0-25930e3036f13852cb0b29694bbab611-nt/nt.44.nsq, not enough disk space (974099786 bytes needed)
2019/11/22 19:55:33.24 #|1574452533.245693949|00#| work_queue_worker[1] wq: cleaning workspace /tmp/worker-0-1
2019/11/22 19:55:33.30 #|1574452533.301382575|00#| work_queue_worker[1] wq: disconnecting from master 10.0.104.2:1026
2019/11/22 19:55:33.30 #|1574452533.301577800|00#| work_queue_worker[1] tcp: disconnected from 10.0.104.2 port 1026
2019/11/22 19:55:33.30 #|1574452533.301597228|00#| work_queue_worker[1] wq: killing all outstanding tasks
2019/11/22 19:55:33.30 #|1574452533.301613233|00#| work_queue_worker[1] wq: all data structures are clean
2019/11/22 19:55:39.30 #|1574452539.302070752|00#| work_queue_worker[1] debug: error reading disk usage on directory: ./cache.
2019/11/22 19:55:39.30 #|1574452539.302105232|00#| work_queue_worker[1] dns: looking up name master
2019/11/22 19:55:39.30 #|1574452539.302434552|00#| work_queue_worker[1] dns: master is 10.0.104.2
2019/11/22 19:55:39.30 #|1574452539.302465602|00#| work_queue_worker[1] tcp: connecting to 10.0.104.2 port 1026
2019/11/22 19:55:39.30 #|1574452539.304354531|00#| work_queue_worker[1] tcp: made connection to 10.0.104.2 port 1026
2019/11/22 19:55:39.30 #|1574452539.304382910|00#| work_queue_worker[1] wq: connected to master master:1026 via local address 10.0.104.14:39236
2019/11/22 19:55:39.30 #|1574452539.304392480|00#| work_queue_worker[1] wq: preparing workspace /tmp/worker-0-1
2019/11/22 19:55:39.30 #|1574452539.304515862|00#| work_queue_worker[1] dns: looking up name 20b2b5d1f65f
2019/11/22 19:55:39.30 #|1574452539.304558081|00#| work_queue_worker[1] dns: 20b2b5d1f65f is 10.0.104.14
2019/11/22 19:55:39.30 #|1574452539.304569525|00#| work_queue_worker[1] dns: looking up addr 10.0.104.14
2019/11/22 19:55:39.30 #|1574452539.304589547|00#| work_queue_worker[1] dns: 10.0.104.14 is 20b2b5d1f65f
2019/11/22 19:55:39.30 #|1574452539.304598749|00#| work_queue_worker[1] dns: finding my hostname: uname = 20b2b5d1f65f, address = 10.0.104.14, hostname = 20b2b5d1f65f
2019/11/22 19:55:39.30 #|1574452539.304608454|00#| work_queue_worker[1] wq: tx to master: workqueue 8 20b2b5d1f65f Linux x86_64 8.0.0
2019/11/22 19:55:39.30 #|1574452539.304739540|00#| work_queue_worker[1] wq: tx to master: info worker-id worker-4afeff9088447e3b7642b4a0e7ec6827
2019/11/22 19:55:39.30 #|1574452539.304815704|00#| work_queue_worker[1] wq: tx to master: alive
2019/11/22 19:55:39.30 #|1574452539.304888241|00#| work_queue_worker[1] wq: Sending resource description to master:
2019/11/22 19:55:39.30 #|1574452539.304905647|00#| work_queue_worker[1] wq:  workers      0 inuse      1 total      1 smallest      1 largest
2019/11/22 19:55:39.30 #|1574452539.304972487|00#| work_queue_worker[1] wq:     disk      0 inuse   1248 total   1248 smallest   1248 largest
2019/11/22 19:55:39.30 #|1574452539.305040785|00#| work_queue_worker[1] wq:   memory      0 inuse  11908 total  11908 smallest  11908 largest
2019/11/22 19:55:39.30 #|1574452539.305108977|00#| work_queue_worker[1] wq:     gpus      0 inuse      0 total      0 smallest      0 largest
2019/11/22 19:55:39.30 #|1574452539.305180406|00#| work_queue_worker[1] wq:    cores      0 inuse      1 total      1 smallest      1 largest
2019/11/22 19:55:39.30 #|1574452539.305296283|00#| work_queue_worker[1] wq: tx to master: info end_of_resource_update 0
2019/11/22 19:55:39.30 #|1574452539.305365473|00#| work_queue_worker[1] wq: tx to master: info tasks_running 0
2019/11/22 19:55:39.30 #|1574452539.305432517|00#| work_queue_worker[1] wq: working for master at 10.0.104.2:1026.
2019/11/22 19:55:39.30 #|1574452539.307307152|00#| work_queue_worker[1] wq: rx from master: put file-0-25930e3036f13852cb0b29694bbab611-nt/taxdb.bti 14920392 0644 1
2019/11/22 19:55:39.30 #|1574452539.307357250|00#| work_queue_worker[1] wq: Putting file file-0-25930e3036f13852cb0b29694bbab611-nt/taxdb.bti into workspace
2019/11/22 19:55:39.33 #|1574452539.338053199|00#| work_queue_worker[1] wq: rx from master: put file-0-25930e3036f13852cb0b29694bbab611-nt/nt.nal 752 0644 1
2019/11/22 19:55:39.33 #|1574452539.338117160|00#| work_queue_worker[1] wq: Putting file file-0-25930e3036f13852cb0b29694bbab611-nt/nt.nal into workspace
2019/11/22 19:55:39.33 #|1574452539.338237362|00#| work_queue_worker[1] wq: rx from master: put file-0-25930e3036f13852cb0b29694bbab611-nt/nt.44.nni 27220 0644 1
2019/11/22 19:55:39.33 #|1574452539.338260274|00#| work_queue_worker[1] wq: Putting file file-0-25930e3036f13852cb0b29694bbab611-nt/nt.44.nni into workspace
2019/11/22 19:55:39.33 #|1574452539.338355069|00#| work_queue_worker[1] wq: rx from master: put file-0-25930e3036f13852cb0b29694bbab611-nt/nt.44.nog 3378248 0644 1
2019/11/22 19:55:39.33 #|1574452539.338378057|00#| work_queue_worker[1] wq: Putting file file-0-25930e3036f13852cb0b29694bbab611-nt/nt.44.nog into workspace
2019/11/22 19:55:39.34 #|1574452539.343706122|00#| work_queue_worker[1] wq: rx from master: put file-0-25930e3036f13852cb0b29694bbab611-nt/taxdb.btd 141628361 0644 1
2019/11/22 19:55:39.34 #|1574452539.343749728|00#| work_queue_worker[1] wq: Putting file file-0-25930e3036f13852cb0b29694bbab611-nt/taxdb.btd into workspace
2019/11/22 19:55:39.56 #|1574452539.564757309|00#| work_queue_worker[1] wq: rx from master: put file-0-25930e3036f13852cb0b29694bbab611-nt/nt.44.nhr 148534336 0644 1
2019/11/22 19:55:39.56 #|1574452539.564800585|00#| work_queue_worker[1] wq: Putting file file-0-25930e3036f13852cb0b29694bbab611-nt/nt.44.nhr into workspace
2019/11/22 19:55:39.78 #|1574452539.788473173|00#| work_queue_worker[1] wq: rx from master: put file-0-25930e3036f13852cb0b29694bbab611-nt/nt.44.nhi 338004 0644 1
2019/11/22 19:55:39.78 #|1574452539.788517787|00#| work_queue_worker[1] wq: Putting file file-0-25930e3036f13852cb0b29694bbab611-nt/nt.44.nhi into workspace
2019/11/22 19:55:39.78 #|1574452539.789082670|00#| work_queue_worker[1] wq: rx from master: put file-0-25930e3036f13852cb0b29694bbab611-nt/nt.44.nnd 6955488 0644 1
2019/11/22 19:55:39.78 #|1574452539.789121392|00#| work_queue_worker[1] wq: Putting file file-0-25930e3036f13852cb0b29694bbab611-nt/nt.44.nnd into workspace
2019/11/22 19:55:39.79 #|1574452539.799640626|00#| work_queue_worker[1] wq: rx from master: put file-0-25930e3036f13852cb0b29694bbab611-nt/nt.44.nhd 14869748 0644 1
2019/11/22 19:55:39.79 #|1574452539.799689807|00#| work_queue_worker[1] wq: Putting file file-0-25930e3036f13852cb0b29694bbab611-nt/nt.44.nhd into workspace
2019/11/22 19:55:39.82 #|1574452539.821023938|00#| work_queue_worker[1] wq: rx from master: put file-0-25930e3036f13852cb0b29694bbab611-nt/nt.44.nsq 974099786 0644 1
2019/11/22 19:55:39.82 #|1574452539.821069094|00#| work_queue_worker[1] wq: Putting file file-0-25930e3036f13852cb0b29694bbab611-nt/nt.44.nsq into workspace
2019/11/22 19:55:39.82 #|1574452539.821082891|00#| work_queue_worker[1] debug: File of size 928 MB will lower available disk space (879 MB) below threshold (0 MB).
2019/11/22 19:55:39.82 #|1574452539.821091705|00#| work_queue_worker[1] wq: Could not put file file-0-25930e3036f13852cb0b29694bbab611-nt/nt.44.nsq, not enough disk space (974099786 bytes needed)
2019/11/22 19:55:39.82 #|1574452539.821103379|00#| work_queue_worker[1] wq: cleaning workspace /tmp/worker-0-1
2019/11/22 19:55:39.87 #|1574452539.876577141|00#| work_queue_worker[1] wq: disconnecting from master 10.0.104.2:1026
2019/11/22 19:55:39.87 #|1574452539.876767603|00#| work_queue_worker[1] tcp: disconnected from 10.0.104.2 port 1026
2019/11/22 19:55:39.87 #|1574452539.876782470|00#| work_queue_worker[1] wq: killing all outstanding tasks
2019/11/22 19:55:39.87 #|1574452539.876793530|00#| work_queue_worker[1] wq: all data structures are clean
2019/11/22 19:55:45.87 #|1574452545.877221667|00#| work_queue_worker[1] debug: error reading disk usage on directory: ./cache.
2019/11/22 19:55:45.87 #|1574452545.877266780|00#| work_queue_worker[1] tcp: connecting to 10.0.104.2 port 1026
2019/11/22 19:55:45.87 #|1574452545.877442344|00#| work_queue_worker[1] tcp: made connection to 10.0.104.2 port 1026
2019/11/22 19:55:45.87 #|1574452545.877459871|00#| work_queue_worker[1] wq: connected to master master:1026 via local address 10.0.104.14:39250
2019/11/22 19:55:45.87 #|1574452545.877468596|00#| work_queue_worker[1] wq: preparing workspace /tmp/worker-0-1
2019/11/22 19:55:45.87 #|1574452545.877578379|00#| work_queue_worker[1] dns: finding my hostname: uname = 20b2b5d1f65f, address = 10.0.104.14, hostname = 20b2b5d1f65f
2019/11/22 19:55:45.87 #|1574452545.877591109|00#| work_queue_worker[1] wq: tx to master: workqueue 8 20b2b5d1f65f Linux x86_64 8.0.0
2019/11/22 19:55:45.87 #|1574452545.877649843|00#| work_queue_worker[1] wq: tx to master: info worker-id worker-4afeff9088447e3b7642b4a0e7ec6827
2019/11/22 19:55:45.87 #|1574452545.877699342|00#| work_queue_worker[1] wq: tx to master: alive
2019/11/22 19:55:45.87 #|1574452545.877745221|00#| work_queue_worker[1] wq: Sending resource description to master:
2019/11/22 19:55:45.87 #|1574452545.877756595|00#| work_queue_worker[1] wq:  workers      0 inuse      1 total      1 smallest      1 largest
2019/11/22 19:55:45.87 #|1574452545.877801216|00#| work_queue_worker[1] wq:     disk      0 inuse   1095 total   1095 smallest   1095 largest
2019/11/22 19:55:45.87 #|1574452545.877847322|00#| work_queue_worker[1] wq:   memory      0 inuse  11908 total  11908 smallest  11908 largest
2019/11/22 19:55:45.87 #|1574452545.877893747|00#| work_queue_worker[1] wq:     gpus      0 inuse      0 total      0 smallest      0 largest
2019/11/22 19:55:45.87 #|1574452545.877939675|00#| work_queue_worker[1] wq:    cores      0 inuse      1 total      1 smallest      1 largest
2019/11/22 19:55:45.87 #|1574452545.878011736|00#| work_queue_worker[1] wq: tx to master: info end_of_resource_update 0
2019/11/22 19:55:45.87 #|1574452545.878057880|00#| work_queue_worker[1] wq: tx to master: info tasks_running 0
2019/11/22 19:55:45.87 #|1574452545.878103529|00#| work_queue_worker[1] wq: working for master at 10.0.104.2:1026.
2019/11/22 19:55:45.88 #|1574452545.887803762|00#| work_queue_worker[1] wq: rx from master: put file-0-25930e3036f13852cb0b29694bbab611-nt/taxdb.bti 14920392 0644 1
2019/11/22 19:55:45.88 #|1574452545.887849278|00#| work_queue_worker[1] wq: Putting file file-0-25930e3036f13852cb0b29694bbab611-nt/taxdb.bti into workspace
2019/11/22 19:55:45.90 #|1574452545.908326080|00#| work_queue_worker[1] wq: rx from master: put file-0-25930e3036f13852cb0b29694bbab611-nt/nt.nal 752 0644 1
2019/11/22 19:55:45.90 #|1574452545.908375461|00#| work_queue_worker[1] wq: Putting file file-0-25930e3036f13852cb0b29694bbab611-nt/nt.nal into workspace
2019/11/22 19:55:45.90 #|1574452545.908469863|00#| work_queue_worker[1] wq: rx from master: put file-0-25930e3036f13852cb0b29694bbab611-nt/nt.44.nni 27220 0644 1
2019/11/22 19:55:45.90 #|1574452545.908491364|00#| work_queue_worker[1] wq: Putting file file-0-25930e3036f13852cb0b29694bbab611-nt/nt.44.nni into workspace
2019/11/22 19:55:45.90 #|1574452545.908690964|00#| work_queue_worker[1] wq: rx from master: put file-0-25930e3036f13852cb0b29694bbab611-nt/nt.44.nog 3378248 0644 1
2019/11/22 19:55:45.90 #|1574452545.908717670|00#| work_queue_worker[1] wq: Putting file file-0-25930e3036f13852cb0b29694bbab611-nt/nt.44.nog into workspace
2019/11/22 19:55:45.91 #|1574452545.913592796|00#| work_queue_worker[1] wq: rx from master: put file-0-25930e3036f13852cb0b29694bbab611-nt/taxdb.btd 141628361 0644 1
2019/11/22 19:55:45.91 #|1574452545.913636835|00#| work_queue_worker[1] wq: Putting file file-0-25930e3036f13852cb0b29694bbab611-nt/taxdb.btd into workspace
2019/11/22 19:55:46.09 #|1574452546.96214797|00#| work_queue_worker[1] wq: rx from master: put file-0-25930e3036f13852cb0b29694bbab611-nt/nt.44.nhr 148534336 0644 1
2019/11/22 19:55:46.09 #|1574452546.96260905|00#| work_queue_worker[1] wq: Putting file file-0-25930e3036f13852cb0b29694bbab611-nt/nt.44.nhr into workspace
2019/11/22 19:55:46.28 #|1574452546.289031561|00#| work_queue_worker[1] wq: rx from master: put file-0-25930e3036f13852cb0b29694bbab611-nt/nt.44.nhi 338004 0644 1
2019/11/22 19:55:46.28 #|1574452546.289076110|00#| work_queue_worker[1] wq: Putting file file-0-25930e3036f13852cb0b29694bbab611-nt/nt.44.nhi into workspace
2019/11/22 19:55:46.28 #|1574452546.289622147|00#| work_queue_worker[1] wq: rx from master: put file-0-25930e3036f13852cb0b29694bbab611-nt/nt.44.nnd 6955488 0644 1
2019/11/22 19:55:46.28 #|1574452546.289646895|00#| work_queue_worker[1] wq: Putting file file-0-25930e3036f13852cb0b29694bbab611-nt/nt.44.nnd into workspace
2019/11/22 19:55:46.29 #|1574452546.298777255|00#| work_queue_worker[1] wq: rx from master: put file-0-25930e3036f13852cb0b29694bbab611-nt/nt.44.nhd 14869748 0644 1
2019/11/22 19:55:46.29 #|1574452546.298821464|00#| work_queue_worker[1] wq: Putting file file-0-25930e3036f13852cb0b29694bbab611-nt/nt.44.nhd into workspace
2019/11/22 19:55:46.31 #|1574452546.318079557|00#| work_queue_worker[1] wq: rx from master: put file-0-25930e3036f13852cb0b29694bbab611-nt/nt.44.nsq 974099786 0644 1
2019/11/22 19:55:46.31 #|1574452546.318124652|00#| work_queue_worker[1] wq: Putting file file-0-25930e3036f13852cb0b29694bbab611-nt/nt.44.nsq into workspace
2019/11/22 19:55:46.31 #|1574452546.318138664|00#| work_queue_worker[1] debug: File of size 928 MB will lower available disk space (879 MB) below threshold (0 MB).
2019/11/22 19:55:46.31 #|1574452546.318147532|00#| work_queue_worker[1] wq: Could not put file file-0-25930e3036f13852cb0b29694bbab611-nt/nt.44.nsq, not enough disk space (974099786 bytes needed)
2019/11/22 19:55:46.31 #|1574452546.318159242|00#| work_queue_worker[1] wq: cleaning workspace /tmp/worker-0-1
2019/11/22 19:55:46.37 #|1574452546.374012718|00#| work_queue_worker[1] wq: disconnecting from master 10.0.104.2:1026
2019/11/22 19:55:46.37 #|1574452546.374197609|00#| work_queue_worker[1] tcp: disconnected from 10.0.104.2 port 1026
2019/11/22 19:55:46.37 #|1574452546.374211985|00#| work_queue_worker[1] wq: killing all outstanding tasks
2019/11/22 19:55:46.37 #|1574452546.374222933|00#| work_queue_worker[1] wq: all data structures are clean
2019/11/22 19:55:52.37 #|1574452552.374700267|00#| work_queue_worker[1] debug: error reading disk usage on directory: ./cache.
2019/11/22 19:55:52.37 #|1574452552.374748322|00#| work_queue_worker[1] tcp: connecting to 10.0.104.2 port 1026
2019/11/22 19:55:52.37 #|1574452552.374943282|00#| work_queue_worker[1] tcp: made connection to 10.0.104.2 port 1026
2019/11/22 19:55:52.37 #|1574452552.374985957|00#| work_queue_worker[1] wq: connected to master master:1026 via local address 10.0.104.14:39264
2019/11/22 19:55:52.37 #|1574452552.375001346|00#| work_queue_worker[1] wq: preparing workspace /tmp/worker-0-1
2019/11/22 19:55:52.37 #|1574452552.375147531|00#| work_queue_worker[1] dns: finding my hostname: uname = 20b2b5d1f65f, address = 10.0.104.14, hostname = 20b2b5d1f65f
2019/11/22 19:55:52.37 #|1574452552.375166574|00#| work_queue_worker[1] wq: tx to master: workqueue 8 20b2b5d1f65f Linux x86_64 8.0.0
2019/11/22 19:55:52.37 #|1574452552.375252716|00#| work_queue_worker[1] wq: tx to master: info worker-id worker-4afeff9088447e3b7642b4a0e7ec6827
2019/11/22 19:55:52.37 #|1574452552.375329429|00#| work_queue_worker[1] wq: tx to master: alive
2019/11/22 19:55:52.37 #|1574452552.375405036|00#| work_queue_worker[1] wq: Sending resource description to master:
2019/11/22 19:55:52.37 #|1574452552.375422824|00#| work_queue_worker[1] wq:  workers      0 inuse      1 total      1 smallest      1 largest
2019/11/22 19:55:52.37 #|1574452552.375496728|00#| work_queue_worker[1] wq:     disk      0 inuse   1095 total   1095 smallest   1095 largest
2019/11/22 19:55:52.37 #|1574452552.375574322|00#| work_queue_worker[1] wq:   memory      0 inuse  11908 total  11908 smallest  11908 largest
2019/11/22 19:55:52.37 #|1574452552.375650596|00#| work_queue_worker[1] wq:     gpus      0 inuse      0 total      0 smallest      0 largest
2019/11/22 19:55:52.37 #|1574452552.375726552|00#| work_queue_worker[1] wq:    cores      0 inuse      1 total      1 smallest      1 largest
2019/11/22 19:55:52.37 #|1574452552.375850884|00#| work_queue_worker[1] wq: tx to master: info end_of_resource_update 0
2019/11/22 19:55:52.37 #|1574452552.375926587|00#| work_queue_worker[1] wq: tx to master: info tasks_running 0
2019/11/22 19:55:52.37 #|1574452552.376002312|00#| work_queue_worker[1] wq: working for master at 10.0.104.2:1026.
2019/11/22 19:55:52.37 #|1574452552.377212698|00#| work_queue_worker[1] wq: rx from master: put file-0-25930e3036f13852cb0b29694bbab611-nt/taxdb.bti 14920392 0644 1
2019/11/22 19:55:52.37 #|1574452552.377254394|00#| work_queue_worker[1] wq: Putting file file-0-25930e3036f13852cb0b29694bbab611-nt/taxdb.bti into workspace
2019/11/22 19:55:52.40 #|1574452552.409797521|00#| work_queue_worker[1] wq: rx from master: put file-0-25930e3036f13852cb0b29694bbab611-nt/nt.nal 752 0644 1
2019/11/22 19:55:52.40 #|1574452552.409851363|00#| work_queue_worker[1] wq: Putting file file-0-25930e3036f13852cb0b29694bbab611-nt/nt.nal into workspace
2019/11/22 19:55:52.40 #|1574452552.409961901|00#| work_queue_worker[1] wq: rx from master: put file-0-25930e3036f13852cb0b29694bbab611-nt/nt.44.nni 27220 0644 1
2019/11/22 19:55:52.40 #|1574452552.409992687|00#| work_queue_worker[1] wq: Putting file file-0-25930e3036f13852cb0b29694bbab611-nt/nt.44.nni into workspace
2019/11/22 19:55:52.41 #|1574452552.410204825|00#| work_queue_worker[1] wq: rx from master: put file-0-25930e3036f13852cb0b29694bbab611-nt/nt.44.nog 3378248 0644 1
2019/11/22 19:55:52.41 #|1574452552.410239059|00#| work_queue_worker[1] wq: Putting file file-0-25930e3036f13852cb0b29694bbab611-nt/nt.44.nog into workspace
2019/11/22 19:55:52.41 #|1574452552.417181228|00#| work_queue_worker[1] wq: rx from master: put file-0-25930e3036f13852cb0b29694bbab611-nt/taxdb.btd 141628361 0644 1
2019/11/22 19:55:52.41 #|1574452552.417234050|00#| work_queue_worker[1] wq: Putting file file-0-25930e3036f13852cb0b29694bbab611-nt/taxdb.btd into workspace
2019/11/22 19:55:52.63 #|1574452552.631908832|00#| work_queue_worker[1] wq: rx from master: put file-0-25930e3036f13852cb0b29694bbab611-nt/nt.44.nhr 148534336 0644 1
2019/11/22 19:55:52.63 #|1574452552.631953825|00#| work_queue_worker[1] wq: Putting file file-0-25930e3036f13852cb0b29694bbab611-nt/nt.44.nhr into workspace
2019/11/22 19:55:52.85 #|1574452552.855619670|00#| work_queue_worker[1] wq: rx from master: put file-0-25930e3036f13852cb0b29694bbab611-nt/nt.44.nhi 338004 0644 1
2019/11/22 19:55:52.85 #|1574452552.855678996|00#| work_queue_worker[1] wq: Putting file file-0-25930e3036f13852cb0b29694bbab611-nt/nt.44.nhi into workspace
2019/11/22 19:55:52.85 #|1574452552.856202969|00#| work_queue_worker[1] wq: rx from master: put file-0-25930e3036f13852cb0b29694bbab611-nt/nt.44.nnd 6955488 0644 1
2019/11/22 19:55:52.85 #|1574452552.856227794|00#| work_queue_worker[1] wq: Putting file file-0-25930e3036f13852cb0b29694bbab611-nt/nt.44.nnd into workspace
2019/11/22 19:55:52.86 #|1574452552.866243658|00#| work_queue_worker[1] wq: rx from master: put file-0-25930e3036f13852cb0b29694bbab611-nt/nt.44.nhd 14869748 0644 1
2019/11/22 19:55:52.86 #|1574452552.866288731|00#| work_queue_worker[1] wq: Putting file file-0-25930e3036f13852cb0b29694bbab611-nt/nt.44.nhd into workspace
2019/11/22 19:55:52.88 #|1574452552.885432365|00#| work_queue_worker[1] wq: rx from master: put file-0-25930e3036f13852cb0b29694bbab611-nt/nt.44.nsq 974099786 0644 1
2019/11/22 19:55:52.88 #|1574452552.885475916|00#| work_queue_worker[1] wq: Putting file file-0-25930e3036f13852cb0b29694bbab611-nt/nt.44.nsq into workspace
2019/11/22 19:55:52.88 #|1574452552.885489548|00#| work_queue_worker[1] debug: File of size 928 MB will lower available disk space (879 MB) below threshold (0 MB).
2019/11/22 19:55:52.88 #|1574452552.885498274|00#| work_queue_worker[1] wq: Could not put file file-0-25930e3036f13852cb0b29694bbab611-nt/nt.44.nsq, not enough disk space (974099786 bytes needed)
2019/11/22 19:55:52.88 #|1574452552.885509860|00#| work_queue_worker[1] wq: cleaning workspace /tmp/worker-0-1
2019/11/22 19:55:52.94 #|1574452552.941237157|00#| work_queue_worker[1] wq: disconnecting from master 10.0.104.2:1026
2019/11/22 19:55:52.94 #|1574452552.941429694|00#| work_queue_worker[1] tcp: disconnected from 10.0.104.2 port 1026
2019/11/22 19:55:52.94 #|1574452552.941444000|00#| work_queue_worker[1] wq: killing all outstanding tasks
2019/11/22 19:55:52.94 #|1574452552.941455419|00#| work_queue_worker[1] wq: all data structures are clean
2019/11/22 19:55:58.94 #|1574452558.941894967|00#| work_queue_worker[1] debug: error reading disk usage on directory: ./cache.
2019/11/22 19:55:58.94 #|1574452558.941944773|00#| work_queue_worker[1] tcp: connecting to 10.0.104.2 port 1026
2019/11/22 19:55:58.94 #|1574452558.942135796|00#| work_queue_worker[1] tcp: made connection to 10.0.104.2 port 1026
2019/11/22 19:55:58.94 #|1574452558.942159647|00#| work_queue_worker[1] wq: connected to master master:1026 via local address 10.0.104.14:39276
2019/11/22 19:55:58.94 #|1574452558.942174002|00#| work_queue_worker[1] wq: preparing workspace /tmp/worker-0-1
2019/11/22 19:55:58.94 #|1574452558.942324253|00#| work_queue_worker[1] dns: finding my hostname: uname = 20b2b5d1f65f, address = 10.0.104.14, hostname = 20b2b5d1f65f
2019/11/22 19:55:58.94 #|1574452558.942342209|00#| work_queue_worker[1] wq: tx to master: workqueue 8 20b2b5d1f65f Linux x86_64 8.0.0
2019/11/22 19:55:58.94 #|1574452558.942425166|00#| work_queue_worker[1] wq: tx to master: info worker-id worker-4afeff9088447e3b7642b4a0e7ec6827
2019/11/22 19:55:58.94 #|1574452558.942502189|00#| work_queue_worker[1] wq: tx to master: alive
2019/11/22 19:55:58.94 #|1574452558.942597375|00#| work_queue_worker[1] wq: Sending resource description to master:
2019/11/22 19:55:58.94 #|1574452558.942615889|00#| work_queue_worker[1] wq:  workers      0 inuse      1 total      1 smallest      1 largest
2019/11/22 19:55:58.94 #|1574452558.942682929|00#| work_queue_worker[1] wq:     disk      0 inuse   1094 total   1094 smallest   1094 largest
2019/11/22 19:55:58.94 #|1574452558.942752493|00#| work_queue_worker[1] wq:   memory      0 inuse  11908 total  11908 smallest  11908 largest
2019/11/22 19:55:58.94 #|1574452558.942827122|00#| work_queue_worker[1] wq:     gpus      0 inuse      0 total      0 smallest      0 largest
2019/11/22 19:55:58.94 #|1574452558.942900352|00#| work_queue_worker[1] wq:    cores      0 inuse      1 total      1 smallest      1 largest
2019/11/22 19:55:58.94 #|1574452558.943016177|00#| work_queue_worker[1] wq: tx to master: info end_of_resource_update 0
2019/11/22 19:55:58.94 #|1574452558.943108262|00#| work_queue_worker[1] wq: tx to master: info tasks_running 0
2019/11/22 19:55:58.94 #|1574452558.943181392|00#| work_queue_worker[1] wq: working for master at 10.0.104.2:1026.
2019/11/22 19:55:58.94 #|1574452558.944387311|00#| work_queue_worker[1] wq: rx from master: put file-0-25930e3036f13852cb0b29694bbab611-nt/taxdb.bti 14920392 0644 1
2019/11/22 19:55:58.94 #|1574452558.944433493|00#| work_queue_worker[1] wq: Putting file file-0-25930e3036f13852cb0b29694bbab611-nt/taxdb.bti into workspace
2019/11/22 19:55:58.97 #|1574452558.975260489|00#| work_queue_worker[1] wq: rx from master: put file-0-25930e3036f13852cb0b29694bbab611-nt/nt.nal 752 0644 1
2019/11/22 19:55:58.97 #|1574452558.975304725|00#| work_queue_worker[1] wq: Putting file file-0-25930e3036f13852cb0b29694bbab611-nt/nt.nal into workspace
2019/11/22 19:55:58.97 #|1574452558.975392213|00#| work_queue_worker[1] wq: rx from master: put file-0-25930e3036f13852cb0b29694bbab611-nt/nt.44.nni 27220 0644 1
2019/11/22 19:55:58.97 #|1574452558.975413575|00#| work_queue_worker[1] wq: Putting file file-0-25930e3036f13852cb0b29694bbab611-nt/nt.44.nni into workspace
2019/11/22 19:55:58.97 #|1574452558.975542134|00#| work_queue_worker[1] wq: rx from master: put file-0-25930e3036f13852cb0b29694bbab611-nt/nt.44.nog 3378248 0644 1
2019/11/22 19:55:58.97 #|1574452558.975566572|00#| work_queue_worker[1] wq: Putting file file-0-25930e3036f13852cb0b29694bbab611-nt/nt.44.nog into workspace
2019/11/22 19:55:58.98 #|1574452558.980817839|00#| work_queue_worker[1] wq: rx from master: put file-0-25930e3036f13852cb0b29694bbab611-nt/taxdb.btd 141628361 0644 1
2019/11/22 19:55:58.98 #|1574452558.980861139|00#| work_queue_worker[1] wq: Putting file file-0-25930e3036f13852cb0b29694bbab611-nt/taxdb.btd into workspace
2019/11/22 19:55:59.19 #|1574452559.198034836|00#| work_queue_worker[1] wq: rx from master: put file-0-25930e3036f13852cb0b29694bbab611-nt/nt.44.nhr 148534336 0644 1
2019/11/22 19:55:59.19 #|1574452559.198080012|00#| work_queue_worker[1] wq: Putting file file-0-25930e3036f13852cb0b29694bbab611-nt/nt.44.nhr into workspace
2019/11/22 19:55:59.42 #|1574452559.421675618|00#| work_queue_worker[1] wq: rx from master: put file-0-25930e3036f13852cb0b29694bbab611-nt/nt.44.nhi 338004 0644 1
2019/11/22 19:55:59.42 #|1574452559.421741867|00#| work_queue_worker[1] wq: Putting file file-0-25930e3036f13852cb0b29694bbab611-nt/nt.44.nhi into workspace
2019/11/22 19:55:59.42 #|1574452559.422322850|00#| work_queue_worker[1] wq: rx from master: put file-0-25930e3036f13852cb0b29694bbab611-nt/nt.44.nnd 6955488 0644 1
2019/11/22 19:55:59.42 #|1574452559.422347133|00#| work_queue_worker[1] wq: Putting file file-0-25930e3036f13852cb0b29694bbab611-nt/nt.44.nnd into workspace
2019/11/22 19:55:59.43 #|1574452559.433123532|00#| work_queue_worker[1] wq: rx from master: put file-0-25930e3036f13852cb0b29694bbab611-nt/nt.44.nhd 14869748 0644 1
2019/11/22 19:55:59.43 #|1574452559.433163214|00#| work_queue_worker[1] wq: Putting file file-0-25930e3036f13852cb0b29694bbab611-nt/nt.44.nhd into workspace
2019/11/22 19:55:59.45 #|1574452559.452475657|00#| work_queue_worker[1] wq: rx from master: put file-0-25930e3036f13852cb0b29694bbab611-nt/nt.44.nsq 974099786 0644 1
2019/11/22 19:55:59.45 #|1574452559.452520142|00#| work_queue_worker[1] wq: Putting file file-0-25930e3036f13852cb0b29694bbab611-nt/nt.44.nsq into workspace
2019/11/22 19:55:59.45 #|1574452559.452533464|00#| work_queue_worker[1] debug: File of size 928 MB will lower available disk space (879 MB) below threshold (0 MB).
2019/11/22 19:55:59.45 #|1574452559.452542242|00#| work_queue_worker[1] wq: Could not put file file-0-25930e3036f13852cb0b29694bbab611-nt/nt.44.nsq, not enough disk space (974099786 bytes needed)
2019/11/22 19:55:59.45 #|1574452559.452553884|00#| work_queue_worker[1] wq: cleaning workspace /tmp/worker-0-1
2019/11/22 19:55:59.50 #|1574452559.508050189|00#| work_queue_worker[1] wq: disconnecting from master 10.0.104.2:1026
2019/11/22 19:55:59.50 #|1574452559.508235157|00#| work_queue_worker[1] tcp: disconnected from 10.0.104.2 port 1026
2019/11/22 19:55:59.50 #|1574452559.508262191|00#| work_queue_worker[1] wq: killing all outstanding tasks
2019/11/22 19:55:59.50 #|1574452559.508273371|00#| work_queue_worker[1] wq: all data structures are clean
2019/11/22 19:56:05.50 #|1574452565.508739720|00#| work_queue_worker[1] debug: error reading disk usage on directory: ./cache.
2019/11/22 19:56:05.50 #|1574452565.508799703|00#| work_queue_worker[1] tcp: connecting to 10.0.104.2 port 1026
2019/11/22 19:56:05.50 #|1574452565.509040448|00#| work_queue_worker[1] tcp: made connection to 10.0.104.2 port 1026
2019/11/22 19:56:05.50 #|1574452565.509067254|00#| work_queue_worker[1] wq: connected to master master:1026 via local address 10.0.104.14:39290
2019/11/22 19:56:05.50 #|1574452565.509082080|00#| work_queue_worker[1] wq: preparing workspace /tmp/worker-0-1
2019/11/22 19:56:05.50 #|1574452565.509245037|00#| work_queue_worker[1] dns: finding my hostname: uname = 20b2b5d1f65f, address = 10.0.104.14, hostname = 20b2b5d1f65f
2019/11/22 19:56:05.50 #|1574452565.509264239|00#| work_queue_worker[1] wq: tx to master: workqueue 8 20b2b5d1f65f Linux x86_64 8.0.0
2019/11/22 19:56:05.50 #|1574452565.509351281|00#| work_queue_worker[1] wq: tx to master: info worker-id worker-4afeff9088447e3b7642b4a0e7ec6827
2019/11/22 19:56:05.50 #|1574452565.509428490|00#| work_queue_worker[1] wq: tx to master: alive
2019/11/22 19:56:05.50 #|1574452565.509504220|00#| work_queue_worker[1] wq: Sending resource description to master:
2019/11/22 19:56:05.50 #|1574452565.509522259|00#| work_queue_worker[1] wq:  workers      0 inuse      1 total      1 smallest      1 largest
2019/11/22 19:56:05.50 #|1574452565.509594546|00#| work_queue_worker[1] wq:     disk      0 inuse   1094 total   1094 smallest   1094 largest
2019/11/22 19:56:05.50 #|1574452565.509671659|00#| work_queue_worker[1] wq:   memory      0 inuse  11908 total  11908 smallest  11908 largest
2019/11/22 19:56:05.50 #|1574452565.509750181|00#| work_queue_worker[1] wq:     gpus      0 inuse      0 total      0 smallest      0 largest
2019/11/22 19:56:05.50 #|1574452565.509829567|00#| work_queue_worker[1] wq:    cores      0 inuse      1 total      1 smallest      1 largest
2019/11/22 19:56:05.50 #|1574452565.509954414|00#| work_queue_worker[1] wq: tx to master: info end_of_resource_update 0
2019/11/22 19:56:05.51 #|1574452565.510031156|00#| work_queue_worker[1] wq: tx to master: info tasks_running 0
2019/11/22 19:56:05.51 #|1574452565.510107024|00#| work_queue_worker[1] wq: working for master at 10.0.104.2:1026.
2019/11/22 19:56:05.51 #|1574452565.510925106|00#| work_queue_worker[1] wq: rx from master: put file-0-25930e3036f13852cb0b29694bbab611-nt/taxdb.bti 14920392 0644 1
2019/11/22 19:56:05.51 #|1574452565.510968798|00#| work_queue_worker[1] wq: Putting file file-0-25930e3036f13852cb0b29694bbab611-nt/taxdb.bti into workspace
2019/11/22 19:56:05.54 #|1574452565.542422655|00#| work_queue_worker[1] wq: rx from master: put file-0-25930e3036f13852cb0b29694bbab611-nt/nt.nal 752 0644 1
2019/11/22 19:56:05.54 #|1574452565.542481493|00#| work_queue_worker[1] wq: Putting file file-0-25930e3036f13852cb0b29694bbab611-nt/nt.nal into workspace
2019/11/22 19:56:05.54 #|1574452565.542610113|00#| work_queue_worker[1] wq: rx from master: put file-0-25930e3036f13852cb0b29694bbab611-nt/nt.44.nni 27220 0644 1
2019/11/22 19:56:05.54 #|1574452565.542647972|00#| work_queue_worker[1] wq: Putting file file-0-25930e3036f13852cb0b29694bbab611-nt/nt.44.nni into workspace
2019/11/22 19:56:05.54 #|1574452565.542774343|00#| work_queue_worker[1] wq: rx from master: put file-0-25930e3036f13852cb0b29694bbab611-nt/nt.44.nog 3378248 0644 1
2019/11/22 19:56:05.54 #|1574452565.542807070|00#| work_queue_worker[1] wq: Putting file file-0-25930e3036f13852cb0b29694bbab611-nt/nt.44.nog into workspace
2019/11/22 19:56:05.54 #|1574452565.549667348|00#| work_queue_worker[1] wq: rx from master: put file-0-25930e3036f13852cb0b29694bbab611-nt/taxdb.btd 141628361 0644 1
2019/11/22 19:56:05.54 #|1574452565.549720788|00#| work_queue_worker[1] wq: Putting file file-0-25930e3036f13852cb0b29694bbab611-nt/taxdb.btd into workspace
2019/11/22 19:56:05.73 #|1574452565.737071436|00#| work_queue_worker[1] wq: rx from master: put file-0-25930e3036f13852cb0b29694bbab611-nt/nt.44.nhr 148534336 0644 1
2019/11/22 19:56:05.73 #|1574452565.737117793|00#| work_queue_worker[1] wq: Putting file file-0-25930e3036f13852cb0b29694bbab611-nt/nt.44.nhr into workspace
2019/11/22 19:56:05.92 #|1574452565.928524555|00#| work_queue_worker[1] wq: rx from master: put file-0-25930e3036f13852cb0b29694bbab611-nt/nt.44.nhi 338004 0644 1
2019/11/22 19:56:05.92 #|1574452565.928570382|00#| work_queue_worker[1] wq: Putting file file-0-25930e3036f13852cb0b29694bbab611-nt/nt.44.nhi into workspace
2019/11/22 19:56:05.92 #|1574452565.929117044|00#| work_queue_worker[1] wq: rx from master: put file-0-25930e3036f13852cb0b29694bbab611-nt/nt.44.nnd 6955488 0644 1
2019/11/22 19:56:05.92 #|1574452565.929143166|00#| work_queue_worker[1] wq: Putting file file-0-25930e3036f13852cb0b29694bbab611-nt/nt.44.nnd into workspace
2019/11/22 19:56:05.93 #|1574452565.938230719|00#| work_queue_worker[1] wq: rx from master: put file-0-25930e3036f13852cb0b29694bbab611-nt/nt.44.nhd 14869748 0644 1
2019/11/22 19:56:05.93 #|1574452565.938277727|00#| work_queue_worker[1] wq: Putting file file-0-25930e3036f13852cb0b29694bbab611-nt/nt.44.nhd into workspace
2019/11/22 19:56:05.95 #|1574452565.957529251|00#| work_queue_worker[1] wq: rx from master: put file-0-25930e3036f13852cb0b29694bbab611-nt/nt.44.nsq 974099786 0644 1
2019/11/22 19:56:05.95 #|1574452565.957576882|00#| work_queue_worker[1] wq: Putting file file-0-25930e3036f13852cb0b29694bbab611-nt/nt.44.nsq into workspace
2019/11/22 19:56:05.95 #|1574452565.957591064|00#| work_queue_worker[1] debug: File of size 928 MB will lower available disk space (879 MB) below threshold (0 MB).
2019/11/22 19:56:05.95 #|1574452565.957600168|00#| work_queue_worker[1] wq: Could not put file file-0-25930e3036f13852cb0b29694bbab611-nt/nt.44.nsq, not enough disk space (974099786 bytes needed)
2019/11/22 19:56:05.95 #|1574452565.957612076|00#| work_queue_worker[1] wq: cleaning workspace /tmp/worker-0-1
2019/11/22 19:56:06.01 #|1574452566.13178081|00#| work_queue_worker[1] wq: disconnecting from master 10.0.104.2:1026
2019/11/22 19:56:06.01 #|1574452566.13372238|00#| work_queue_worker[1] tcp: disconnected from 10.0.104.2 port 1026
2019/11/22 19:56:06.01 #|1574452566.13387035|00#| work_queue_worker[1] wq: killing all outstanding tasks
2019/11/22 19:56:06.01 #|1574452566.13398104|00#| work_queue_worker[1] wq: all data structures are clean
2019/11/22 19:56:12.01 #|1574452572.13866856|00#| work_queue_worker[1] debug: error reading disk usage on directory: ./cache.
2019/11/22 19:56:12.01 #|1574452572.13922914|00#| work_queue_worker[1] tcp: connecting to 10.0.104.2 port 1026
2019/11/22 19:56:12.01 #|1574452572.14109519|00#| work_queue_worker[1] tcp: made connection to 10.0.104.2 port 1026
2019/11/22 19:56:12.01 #|1574452572.14128463|00#| work_queue_worker[1] wq: connected to master master:1026 via local address 10.0.104.14:39304
2019/11/22 19:56:12.01 #|1574452572.14138125|00#| work_queue_worker[1] wq: preparing workspace /tmp/worker-0-1
2019/11/22 19:56:12.01 #|1574452572.14253666|00#| work_queue_worker[1] dns: finding my hostname: uname = 20b2b5d1f65f, address = 10.0.104.14, hostname = 20b2b5d1f65f
2019/11/22 19:56:12.01 #|1574452572.14267321|00#| work_queue_worker[1] wq: tx to master: workqueue 8 20b2b5d1f65f Linux x86_64 8.0.0
2019/11/22 19:56:12.01 #|1574452572.14329934|00#| work_queue_worker[1] wq: tx to master: info worker-id worker-4afeff9088447e3b7642b4a0e7ec6827
2019/11/22 19:56:12.01 #|1574452572.14383628|00#| work_queue_worker[1] wq: tx to master: alive
2019/11/22 19:56:12.01 #|1574452572.14433360|00#| work_queue_worker[1] wq: Sending resource description to master:
2019/11/22 19:56:12.01 #|1574452572.14446145|00#| work_queue_worker[1] wq:  workers      0 inuse      1 total      1 smallest      1 largest
2019/11/22 19:56:12.01 #|1574452572.14492724|00#| work_queue_worker[1] wq:     disk      0 inuse   1099 total   1099 smallest   1099 largest
2019/11/22 19:56:12.01 #|1574452572.14573173|00#| work_queue_worker[1] wq:   memory      0 inuse  11908 total  11908 smallest  11908 largest
2019/11/22 19:56:12.01 #|1574452572.14624889|00#| work_queue_worker[1] wq:     gpus      0 inuse      0 total      0 smallest      0 largest
2019/11/22 19:56:12.01 #|1574452572.14673965|00#| work_queue_worker[1] wq:    cores      0 inuse      1 total      1 smallest      1 largest
2019/11/22 19:56:12.01 #|1574452572.14751276|00#| work_queue_worker[1] wq: tx to master: info end_of_resource_update 0
2019/11/22 19:56:12.01 #|1574452572.14800465|00#| work_queue_worker[1] wq: tx to master: info tasks_running 0
2019/11/22 19:56:12.01 #|1574452572.14848635|00#| work_queue_worker[1] wq: working for master at 10.0.104.2:1026.
2019/11/22 19:56:12.01 #|1574452572.16548724|00#| work_queue_worker[1] wq: rx from master: put file-0-25930e3036f13852cb0b29694bbab611-nt/taxdb.bti 14920392 0644 1
2019/11/22 19:56:12.01 #|1574452572.16592682|00#| work_queue_worker[1] wq: Putting file file-0-25930e3036f13852cb0b29694bbab611-nt/taxdb.bti into workspace
2019/11/22 19:56:12.03 #|1574452572.36534182|00#| work_queue_worker[1] wq: rx from master: put file-0-25930e3036f13852cb0b29694bbab611-nt/nt.nal 752 0644 1
2019/11/22 19:56:12.03 #|1574452572.36576554|00#| work_queue_worker[1] wq: Putting file file-0-25930e3036f13852cb0b29694bbab611-nt/nt.nal into workspace
2019/11/22 19:56:12.03 #|1574452572.36672927|00#| work_queue_worker[1] wq: rx from master: put file-0-25930e3036f13852cb0b29694bbab611-nt/nt.44.nni 27220 0644 1
2019/11/22 19:56:12.03 #|1574452572.36694608|00#| work_queue_worker[1] wq: Putting file file-0-25930e3036f13852cb0b29694bbab611-nt/nt.44.nni into workspace
2019/11/22 19:56:12.03 #|1574452572.36860353|00#| work_queue_worker[1] wq: rx from master: put file-0-25930e3036f13852cb0b29694bbab611-nt/nt.44.nog 3378248 0644 1
2019/11/22 19:56:12.03 #|1574452572.36888126|00#| work_queue_worker[1] wq: Putting file file-0-25930e3036f13852cb0b29694bbab611-nt/nt.44.nog into workspace
2019/11/22 19:56:12.04 #|1574452572.41195782|00#| work_queue_worker[1] wq: rx from master: put file-0-25930e3036f13852cb0b29694bbab611-nt/taxdb.btd 141628361 0644 1
2019/11/22 19:56:12.04 #|1574452572.41232704|00#| work_queue_worker[1] wq: Putting file file-0-25930e3036f13852cb0b29694bbab611-nt/taxdb.btd into workspace
2019/11/22 19:56:12.26 #|1574452572.261460194|00#| work_queue_worker[1] wq: rx from master: put file-0-25930e3036f13852cb0b29694bbab611-nt/nt.44.nhr 148534336 0644 1
2019/11/22 19:56:12.26 #|1574452572.261507015|00#| work_queue_worker[1] wq: Putting file file-0-25930e3036f13852cb0b29694bbab611-nt/nt.44.nhr into workspace
2019/11/22 19:56:12.45 #|1574452572.453140265|00#| work_queue_worker[1] wq: rx from master: put file-0-25930e3036f13852cb0b29694bbab611-nt/nt.44.nhi 338004 0644 1
2019/11/22 19:56:12.45 #|1574452572.453185474|00#| work_queue_worker[1] wq: Putting file file-0-25930e3036f13852cb0b29694bbab611-nt/nt.44.nhi into workspace
2019/11/22 19:56:12.45 #|1574452572.453761832|00#| work_queue_worker[1] wq: rx from master: put file-0-25930e3036f13852cb0b29694bbab611-nt/nt.44.nnd 6955488 0644 1
2019/11/22 19:56:12.45 #|1574452572.453786277|00#| work_queue_worker[1] wq: Putting file file-0-25930e3036f13852cb0b29694bbab611-nt/nt.44.nnd into workspace
2019/11/22 19:56:12.46 #|1574452572.462739291|00#| work_queue_worker[1] wq: rx from master: put file-0-25930e3036f13852cb0b29694bbab611-nt/nt.44.nhd 14869748 0644 1
2019/11/22 19:56:12.46 #|1574452572.462782575|00#| work_queue_worker[1] wq: Putting file file-0-25930e3036f13852cb0b29694bbab611-nt/nt.44.nhd into workspace
2019/11/22 19:56:12.48 #|1574452572.482035668|00#| work_queue_worker[1] wq: rx from master: put file-0-25930e3036f13852cb0b29694bbab611-nt/nt.44.nsq 974099786 0644 1
2019/11/22 19:56:12.48 #|1574452572.482080317|00#| work_queue_worker[1] wq: Putting file file-0-25930e3036f13852cb0b29694bbab611-nt/nt.44.nsq into workspace
2019/11/22 19:56:12.48 #|1574452572.482094104|00#| work_queue_worker[1] debug: File of size 928 MB will lower available disk space (883 MB) below threshold (0 MB).
2019/11/22 19:56:12.48 #|1574452572.482110768|00#| work_queue_worker[1] wq: Could not put file file-0-25930e3036f13852cb0b29694bbab611-nt/nt.44.nsq, not enough disk space (974099786 bytes needed)
2019/11/22 19:56:12.48 #|1574452572.482123082|00#| work_queue_worker[1] wq: cleaning workspace /tmp/worker-0-1
2019/11/22 19:56:12.53 #|1574452572.538563385|00#| work_queue_worker[1] wq: disconnecting from master 10.0.104.2:1026
2019/11/22 19:56:12.53 #|1574452572.538750962|00#| work_queue_worker[1] tcp: disconnected from 10.0.104.2 port 1026
2019/11/22 19:56:12.53 #|1574452572.538765308|00#| work_queue_worker[1] wq: killing all outstanding tasks
2019/11/22 19:56:12.53 #|1574452572.538776379|00#| work_queue_worker[1] wq: all data structures are clean
2019/11/22 19:56:18.53 #|1574452578.539236877|00#| work_queue_worker[1] debug: error reading disk usage on directory: ./cache.
2019/11/22 19:56:18.53 #|1574452578.539288029|00#| work_queue_worker[1] tcp: connecting to 10.0.104.2 port 1026
2019/11/22 19:56:18.53 #|1574452578.539473487|00#| work_queue_worker[1] tcp: made connection to 10.0.104.2 port 1026
2019/11/22 19:56:18.53 #|1574452578.539491963|00#| work_queue_worker[1] wq: connected to master master:1026 via local address 10.0.104.14:39316
2019/11/22 19:56:18.53 #|1574452578.539501283|00#| work_queue_worker[1] wq: preparing workspace /tmp/worker-0-1
2019/11/22 19:56:18.53 #|1574452578.539615216|00#| work_queue_worker[1] dns: finding my hostname: uname = 20b2b5d1f65f, address = 10.0.104.14, hostname = 20b2b5d1f65f
2019/11/22 19:56:18.53 #|1574452578.539628422|00#| work_queue_worker[1] wq: tx to master: workqueue 8 20b2b5d1f65f Linux x86_64 8.0.0
2019/11/22 19:56:18.53 #|1574452578.539691776|00#| work_queue_worker[1] wq: tx to master: info worker-id worker-4afeff9088447e3b7642b4a0e7ec6827
2019/11/22 19:56:18.53 #|1574452578.539742610|00#| work_queue_worker[1] wq: tx to master: alive
2019/11/22 19:56:18.53 #|1574452578.539792810|00#| work_queue_worker[1] wq: Sending resource description to master:
2019/11/22 19:56:18.53 #|1574452578.539804826|00#| work_queue_worker[1] wq:  workers      0 inuse      1 total      1 smallest      1 largest
2019/11/22 19:56:18.53 #|1574452578.539851939|00#| work_queue_worker[1] wq:     disk      0 inuse   1098 total   1098 smallest   1098 largest
2019/11/22 19:56:18.53 #|1574452578.539901331|00#| work_queue_worker[1] wq:   memory      0 inuse  11908 total  11908 smallest  11908 largest
2019/11/22 19:56:18.53 #|1574452578.539950427|00#| work_queue_worker[1] wq:     gpus      0 inuse      0 total      0 smallest      0 largest
2019/11/22 19:56:18.53 #|1574452578.539998543|00#| work_queue_worker[1] wq:    cores      0 inuse      1 total      1 smallest      1 largest
2019/11/22 19:56:18.54 #|1574452578.540074659|00#| work_queue_worker[1] wq: tx to master: info end_of_resource_update 0
2019/11/22 19:56:18.54 #|1574452578.540123044|00#| work_queue_worker[1] wq: tx to master: info tasks_running 0
2019/11/22 19:56:18.54 #|1574452578.540171464|00#| work_queue_worker[1] wq: working for master at 10.0.104.2:1026.
2019/11/22 19:56:18.54 #|1574452578.541126881|00#| work_queue_worker[1] wq: rx from master: put file-0-25930e3036f13852cb0b29694bbab611-nt/taxdb.bti 14920392 0644 1
2019/11/22 19:56:18.54 #|1574452578.541166647|00#| work_queue_worker[1] wq: Putting file file-0-25930e3036f13852cb0b29694bbab611-nt/taxdb.bti into workspace
2019/11/22 19:56:18.56 #|1574452578.562004665|00#| work_queue_worker[1] wq: rx from master: put file-0-25930e3036f13852cb0b29694bbab611-nt/nt.nal 752 0644 1
2019/11/22 19:56:18.56 #|1574452578.562044550|00#| work_queue_worker[1] wq: Putting file file-0-25930e3036f13852cb0b29694bbab611-nt/nt.nal into workspace
2019/11/22 19:56:18.56 #|1574452578.562161545|00#| work_queue_worker[1] wq: rx from master: put file-0-25930e3036f13852cb0b29694bbab611-nt/nt.44.nni 27220 0644 1
2019/11/22 19:56:18.56 #|1574452578.562184542|00#| work_queue_worker[1] wq: Putting file file-0-25930e3036f13852cb0b29694bbab611-nt/nt.44.nni into workspace
2019/11/22 19:56:18.56 #|1574452578.562323022|00#| work_queue_worker[1] wq: rx from master: put file-0-25930e3036f13852cb0b29694bbab611-nt/nt.44.nog 3378248 0644 1
2019/11/22 19:56:18.56 #|1574452578.562347956|00#| work_queue_worker[1] wq: Putting file file-0-25930e3036f13852cb0b29694bbab611-nt/nt.44.nog into workspace
2019/11/22 19:56:18.56 #|1574452578.566773933|00#| work_queue_worker[1] wq: rx from master: put file-0-25930e3036f13852cb0b29694bbab611-nt/taxdb.btd 141628361 0644 1
2019/11/22 19:56:18.56 #|1574452578.566808963|00#| work_queue_worker[1] wq: Putting file file-0-25930e3036f13852cb0b29694bbab611-nt/taxdb.btd into workspace
2019/11/22 19:56:18.75 #|1574452578.752682182|00#| work_queue_worker[1] wq: rx from master: put file-0-25930e3036f13852cb0b29694bbab611-nt/nt.44.nhr 148534336 0644 1
2019/11/22 19:56:18.75 #|1574452578.752729492|00#| work_queue_worker[1] wq: Putting file file-0-25930e3036f13852cb0b29694bbab611-nt/nt.44.nhr into workspace
2019/11/22 19:56:18.94 #|1574452578.945461106|00#| work_queue_worker[1] wq: rx from master: put file-0-25930e3036f13852cb0b29694bbab611-nt/nt.44.nhi 338004 0644 1
2019/11/22 19:56:18.94 #|1574452578.945509978|00#| work_queue_worker[1] wq: Putting file file-0-25930e3036f13852cb0b29694bbab611-nt/nt.44.nhi into workspace
2019/11/22 19:56:18.94 #|1574452578.946076410|00#| work_queue_worker[1] wq: rx from master: put file-0-25930e3036f13852cb0b29694bbab611-nt/nt.44.nnd 6955488 0644 1
2019/11/22 19:56:18.94 #|1574452578.946101023|00#| work_queue_worker[1] wq: Putting file file-0-25930e3036f13852cb0b29694bbab611-nt/nt.44.nnd into workspace
2019/11/22 19:56:18.95 #|1574452578.955169099|00#| work_queue_worker[1] wq: rx from master: put file-0-25930e3036f13852cb0b29694bbab611-nt/nt.44.nhd 14869748 0644 1
2019/11/22 19:56:18.95 #|1574452578.955213629|00#| work_queue_worker[1] wq: Putting file file-0-25930e3036f13852cb0b29694bbab611-nt/nt.44.nhd into workspace
2019/11/22 19:56:18.97 #|1574452578.974426786|00#| work_queue_worker[1] wq: rx from master: put file-0-25930e3036f13852cb0b29694bbab611-nt/nt.44.nsq 974099786 0644 1
2019/11/22 19:56:18.97 #|1574452578.974471642|00#| work_queue_worker[1] wq: Putting file file-0-25930e3036f13852cb0b29694bbab611-nt/nt.44.nsq into workspace
2019/11/22 19:56:18.97 #|1574452578.974485580|00#| work_queue_worker[1] debug: File of size 928 MB will lower available disk space (883 MB) below threshold (0 MB).
2019/11/22 19:56:18.97 #|1574452578.974494167|00#| work_queue_worker[1] wq: Could not put file file-0-25930e3036f13852cb0b29694bbab611-nt/nt.44.nsq, not enough disk space (974099786 bytes needed)
2019/11/22 19:56:18.97 #|1574452578.974505738|00#| work_queue_worker[1] wq: cleaning workspace /tmp/worker-0-1
2019/11/22 19:56:19.03 #|1574452579.31157416|00#| work_queue_worker[1] wq: disconnecting from master 10.0.104.2:1026
2019/11/22 19:56:19.03 #|1574452579.31348369|00#| work_queue_worker[1] tcp: disconnected from 10.0.104.2 port 1026
2019/11/22 19:56:19.03 #|1574452579.31363038|00#| work_queue_worker[1] wq: killing all outstanding tasks
2019/11/22 19:56:19.03 #|1574452579.31374256|00#| work_queue_worker[1] wq: all data structures are clean
2019/11/22 19:56:25.03 #|1574452585.31781567|00#| work_queue_worker[1] debug: error reading disk usage on directory: ./cache.
2019/11/22 19:56:25.03 #|1574452585.31832930|00#| work_queue_worker[1] tcp: connecting to 10.0.104.2 port 1026
2019/11/22 19:56:25.03 #|1574452585.32020129|00#| work_queue_worker[1] tcp: made connection to 10.0.104.2 port 1026
2019/11/22 19:56:25.03 #|1574452585.32038742|00#| work_queue_worker[1] wq: connected to master master:1026 via local address 10.0.104.14:39330
2019/11/22 19:56:25.03 #|1574452585.32048328|00#| work_queue_worker[1] wq: preparing workspace /tmp/worker-0-1
2019/11/22 19:56:25.03 #|1574452585.32163095|00#| work_queue_worker[1] dns: finding my hostname: uname = 20b2b5d1f65f, address = 10.0.104.14, hostname = 20b2b5d1f65f
2019/11/22 19:56:25.03 #|1574452585.32176443|00#| work_queue_worker[1] wq: tx to master: workqueue 8 20b2b5d1f65f Linux x86_64 8.0.0
2019/11/22 19:56:25.03 #|1574452585.32251642|00#| work_queue_worker[1] wq: tx to master: info worker-id worker-4afeff9088447e3b7642b4a0e7ec6827
2019/11/22 19:56:25.03 #|1574452585.32304126|00#| work_queue_worker[1] wq: tx to master: alive
2019/11/22 19:56:25.03 #|1574452585.32352773|00#| work_queue_worker[1] wq: Sending resource description to master:
2019/11/22 19:56:25.03 #|1574452585.32364921|00#| work_queue_worker[1] wq:  workers      0 inuse      1 total      1 smallest      1 largest
2019/11/22 19:56:25.03 #|1574452585.32411175|00#| work_queue_worker[1] wq:     disk      0 inuse    886 total    886 smallest    886 largest
2019/11/22 19:56:25.03 #|1574452585.32459866|00#| work_queue_worker[1] wq:   memory      0 inuse  11908 total  11908 smallest  11908 largest
2019/11/22 19:56:25.03 #|1574452585.32508793|00#| work_queue_worker[1] wq:     gpus      0 inuse      0 total      0 smallest      0 largest
2019/11/22 19:56:25.03 #|1574452585.32557303|00#| work_queue_worker[1] wq:    cores      0 inuse      1 total      1 smallest      1 largest
2019/11/22 19:56:25.03 #|1574452585.32634523|00#| work_queue_worker[1] wq: tx to master: info end_of_resource_update 0
2019/11/22 19:56:25.03 #|1574452585.32682940|00#| work_queue_worker[1] wq: tx to master: info tasks_running 0
2019/11/22 19:56:25.03 #|1574452585.32730912|00#| work_queue_worker[1] wq: working for master at 10.0.104.2:1026.
2019/11/22 19:56:25.07 #|1574452585.71290448|00#| work_queue_worker[1] wq: rx from master: put file-0-25930e3036f13852cb0b29694bbab611-nt/taxdb.bti 14920392 0644 1
2019/11/22 19:56:25.07 #|1574452585.71335661|00#| work_queue_worker[1] wq: Putting file file-0-25930e3036f13852cb0b29694bbab611-nt/taxdb.bti into workspace
2019/11/22 19:56:25.09 #|1574452585.94329147|00#| work_queue_worker[1] wq: rx from master: put file-0-25930e3036f13852cb0b29694bbab611-nt/nt.nal 752 0644 1
2019/11/22 19:56:25.09 #|1574452585.94373734|00#| work_queue_worker[1] wq: Putting file file-0-25930e3036f13852cb0b29694bbab611-nt/nt.nal into workspace
2019/11/22 19:56:25.09 #|1574452585.94461811|00#| work_queue_worker[1] wq: rx from master: put file-0-25930e3036f13852cb0b29694bbab611-nt/nt.44.nni 27220 0644 1
2019/11/22 19:56:25.09 #|1574452585.94483207|00#| work_queue_worker[1] wq: Putting file file-0-25930e3036f13852cb0b29694bbab611-nt/nt.44.nni into workspace
2019/11/22 19:56:25.09 #|1574452585.94640444|00#| work_queue_worker[1] wq: rx from master: put file-0-25930e3036f13852cb0b29694bbab611-nt/nt.44.nog 3378248 0644 1
2019/11/22 19:56:25.09 #|1574452585.94666562|00#| work_queue_worker[1] wq: Putting file file-0-25930e3036f13852cb0b29694bbab611-nt/nt.44.nog into workspace
2019/11/22 19:56:25.09 #|1574452585.99421918|00#| work_queue_worker[1] wq: rx from master: put file-0-25930e3036f13852cb0b29694bbab611-nt/taxdb.btd 141628361 0644 1
2019/11/22 19:56:25.09 #|1574452585.99465054|00#| work_queue_worker[1] wq: Putting file file-0-25930e3036f13852cb0b29694bbab611-nt/taxdb.btd into workspace
2019/11/22 19:56:25.28 #|1574452585.281262790|00#| work_queue_worker[1] wq: rx from master: put file-0-25930e3036f13852cb0b29694bbab611-nt/nt.44.nhr 148534336 0644 1
2019/11/22 19:56:25.28 #|1574452585.281308761|00#| work_queue_worker[1] wq: Putting file file-0-25930e3036f13852cb0b29694bbab611-nt/nt.44.nhr into workspace
2019/11/22 19:56:25.47 #|1574452585.471260366|00#| work_queue_worker[1] wq: rx from master: put file-0-25930e3036f13852cb0b29694bbab611-nt/nt.44.nhi 338004 0644 1
2019/11/22 19:56:25.47 #|1574452585.471307111|00#| work_queue_worker[1] wq: Putting file file-0-25930e3036f13852cb0b29694bbab611-nt/nt.44.nhi into workspace
2019/11/22 19:56:25.47 #|1574452585.471852216|00#| work_queue_worker[1] wq: rx from master: put file-0-25930e3036f13852cb0b29694bbab611-nt/nt.44.nnd 6955488 0644 1
2019/11/22 19:56:25.47 #|1574452585.471876571|00#| work_queue_worker[1] wq: Putting file file-0-25930e3036f13852cb0b29694bbab611-nt/nt.44.nnd into workspace
2019/11/22 19:56:25.48 #|1574452585.480780961|00#| work_queue_worker[1] wq: rx from master: put file-0-25930e3036f13852cb0b29694bbab611-nt/nt.44.nhd 14869748 0644 1
2019/11/22 19:56:25.48 #|1574452585.480830942|00#| work_queue_worker[1] wq: Putting file file-0-25930e3036f13852cb0b29694bbab611-nt/nt.44.nhd into workspace
2019/11/22 19:56:25.50 #|1574452585.500568814|00#| work_queue_worker[1] wq: rx from master: put file-0-25930e3036f13852cb0b29694bbab611-nt/nt.44.nsq 974099786 0644 1
2019/11/22 19:56:25.50 #|1574452585.500613244|00#| work_queue_worker[1] wq: Putting file file-0-25930e3036f13852cb0b29694bbab611-nt/nt.44.nsq into workspace
2019/11/22 19:56:25.50 #|1574452585.500627287|00#| work_queue_worker[1] debug: File of size 928 MB will lower available disk space (883 MB) below threshold (0 MB).
2019/11/22 19:56:25.50 #|1574452585.500636159|00#| work_queue_worker[1] wq: Could not put file file-0-25930e3036f13852cb0b29694bbab611-nt/nt.44.nsq, not enough disk space (974099786 bytes needed)
2019/11/22 19:56:25.50 #|1574452585.500647849|00#| work_queue_worker[1] wq: cleaning workspace /tmp/worker-0-1
2019/11/22 19:56:25.55 #|1574452585.557565306|00#| work_queue_worker[1] wq: disconnecting from master 10.0.104.2:1026
2019/11/22 19:56:25.55 #|1574452585.557758867|00#| work_queue_worker[1] tcp: disconnected from 10.0.104.2 port 1026
2019/11/22 19:56:25.55 #|1574452585.557773325|00#| work_queue_worker[1] wq: killing all outstanding tasks
2019/11/22 19:56:25.55 #|1574452585.557784271|00#| work_queue_worker[1] wq: all data structures are clean
2019/11/22 19:56:31.55 #|1574452591.558234488|00#| work_queue_worker[1] debug: error reading disk usage on directory: ./cache.
2019/11/22 19:56:31.55 #|1574452591.558287676|00#| work_queue_worker[1] tcp: connecting to 10.0.104.2 port 1026
2019/11/22 19:56:31.55 #|1574452591.558468711|00#| work_queue_worker[1] tcp: made connection to 10.0.104.2 port 1026
2019/11/22 19:56:31.55 #|1574452591.558487082|00#| work_queue_worker[1] wq: connected to master master:1026 via local address 10.0.104.14:39342
2019/11/22 19:56:31.55 #|1574452591.558496461|00#| work_queue_worker[1] wq: preparing workspace /tmp/worker-0-1
2019/11/22 19:56:31.55 #|1574452591.558648053|00#| work_queue_worker[1] dns: finding my hostname: uname = 20b2b5d1f65f, address = 10.0.104.14, hostname = 20b2b5d1f65f
2019/11/22 19:56:31.55 #|1574452591.558662788|00#| work_queue_worker[1] wq: tx to master: workqueue 8 20b2b5d1f65f Linux x86_64 8.0.0
2019/11/22 19:56:31.55 #|1574452591.558726414|00#| work_queue_worker[1] wq: tx to master: info worker-id worker-4afeff9088447e3b7642b4a0e7ec6827
2019/11/22 19:56:31.55 #|1574452591.558778570|00#| work_queue_worker[1] wq: tx to master: alive
2019/11/22 19:56:31.55 #|1574452591.558826306|00#| work_queue_worker[1] wq: Sending resource description to master:
2019/11/22 19:56:31.55 #|1574452591.558838364|00#| work_queue_worker[1] wq:  workers      0 inuse      1 total      1 smallest      1 largest
2019/11/22 19:56:31.55 #|1574452591.558885128|00#| work_queue_worker[1] wq:     disk      0 inuse   1046 total   1046 smallest   1046 largest
2019/11/22 19:56:31.55 #|1574452591.558933730|00#| work_queue_worker[1] wq:   memory      0 inuse  11908 total  11908 smallest  11908 largest
2019/11/22 19:56:31.55 #|1574452591.558982128|00#| work_queue_worker[1] wq:     gpus      0 inuse      0 total      0 smallest      0 largest
2019/11/22 19:56:31.55 #|1574452591.559030092|00#| work_queue_worker[1] wq:    cores      0 inuse      1 total      1 smallest      1 largest
2019/11/22 19:56:31.55 #|1574452591.559106800|00#| work_queue_worker[1] wq: tx to master: info end_of_resource_update 0
2019/11/22 19:56:31.55 #|1574452591.559154948|00#| work_queue_worker[1] wq: tx to master: info tasks_running 0
2019/11/22 19:56:31.55 #|1574452591.559202219|00#| work_queue_worker[1] wq: working for master at 10.0.104.2:1026.
2019/11/22 19:56:31.57 #|1574452591.576921767|00#| work_queue_worker[1] wq: rx from master: put file-0-25930e3036f13852cb0b29694bbab611-nt/taxdb.bti 14920392 0644 1
2019/11/22 19:56:31.57 #|1574452591.576964860|00#| work_queue_worker[1] wq: Putting file file-0-25930e3036f13852cb0b29694bbab611-nt/taxdb.bti into workspace
2019/11/22 19:56:31.59 #|1574452591.596905298|00#| work_queue_worker[1] wq: rx from master: put file-0-25930e3036f13852cb0b29694bbab611-nt/nt.nal 752 0644 1
2019/11/22 19:56:31.59 #|1574452591.596946223|00#| work_queue_worker[1] wq: Putting file file-0-25930e3036f13852cb0b29694bbab611-nt/nt.nal into workspace
2019/11/22 19:56:31.59 #|1574452591.597047493|00#| work_queue_worker[1] wq: rx from master: put file-0-25930e3036f13852cb0b29694bbab611-nt/nt.44.nni 27220 0644 1
2019/11/22 19:56:31.59 #|1574452591.597069695|00#| work_queue_worker[1] wq: Putting file file-0-25930e3036f13852cb0b29694bbab611-nt/nt.44.nni into workspace
2019/11/22 19:56:31.59 #|1574452591.597154834|00#| work_queue_worker[1] wq: rx from master: put file-0-25930e3036f13852cb0b29694bbab611-nt/nt.44.nog 3378248 0644 1
2019/11/22 19:56:31.59 #|1574452591.597178025|00#| work_queue_worker[1] wq: Putting file file-0-25930e3036f13852cb0b29694bbab611-nt/nt.44.nog into workspace
2019/11/22 19:56:31.60 #|1574452591.601538461|00#| work_queue_worker[1] wq: rx from master: put file-0-25930e3036f13852cb0b29694bbab611-nt/taxdb.btd 141628361 0644 1
2019/11/22 19:56:31.60 #|1574452591.601576179|00#| work_queue_worker[1] wq: Putting file file-0-25930e3036f13852cb0b29694bbab611-nt/taxdb.btd into workspace
2019/11/22 19:56:31.78 #|1574452591.784527852|00#| work_queue_worker[1] wq: rx from master: put file-0-25930e3036f13852cb0b29694bbab611-nt/nt.44.nhr 148534336 0644 1
2019/11/22 19:56:31.78 #|1574452591.784572726|00#| work_queue_worker[1] wq: Putting file file-0-25930e3036f13852cb0b29694bbab611-nt/nt.44.nhr into workspace
2019/11/22 19:56:31.97 #|1574452591.976149265|00#| work_queue_worker[1] wq: rx from master: put file-0-25930e3036f13852cb0b29694bbab611-nt/nt.44.nhi 338004 0644 1
2019/11/22 19:56:31.97 #|1574452591.976194220|00#| work_queue_worker[1] wq: Putting file file-0-25930e3036f13852cb0b29694bbab611-nt/nt.44.nhi into workspace
2019/11/22 19:56:31.97 #|1574452591.976734801|00#| work_queue_worker[1] wq: rx from master: put file-0-25930e3036f13852cb0b29694bbab611-nt/nt.44.nnd 6955488 0644 1
2019/11/22 19:56:31.97 #|1574452591.976759051|00#| work_queue_worker[1] wq: Putting file file-0-25930e3036f13852cb0b29694bbab611-nt/nt.44.nnd into workspace
2019/11/22 19:56:31.98 #|1574452591.985704700|00#| work_queue_worker[1] wq: rx from master: put file-0-25930e3036f13852cb0b29694bbab611-nt/nt.44.nhd 14869748 0644 1
2019/11/22 19:56:31.98 #|1574452591.985752909|00#| work_queue_worker[1] wq: Putting file file-0-25930e3036f13852cb0b29694bbab611-nt/nt.44.nhd into workspace
2019/11/22 19:56:32.00 #|1574452592.4921336|00#| work_queue_worker[1] wq: rx from master: put file-0-25930e3036f13852cb0b29694bbab611-nt/nt.44.nsq 974099786 0644 1
2019/11/22 19:56:32.00 #|1574452592.4966440|00#| work_queue_worker[1] wq: Putting file file-0-25930e3036f13852cb0b29694bbab611-nt/nt.44.nsq into workspace
2019/11/22 19:56:32.00 #|1574452592.4980651|00#| work_queue_worker[1] debug: File of size 928 MB will lower available disk space (883 MB) below threshold (0 MB).
2019/11/22 19:56:32.00 #|1574452592.4989316|00#| work_queue_worker[1] wq: Could not put file file-0-25930e3036f13852cb0b29694bbab611-nt/nt.44.nsq, not enough disk space (974099786 bytes needed)
2019/11/22 19:56:32.00 #|1574452592.5001170|00#| work_queue_worker[1] wq: cleaning workspace /tmp/worker-0-1
2019/11/22 19:56:32.06 #|1574452592.62284077|00#| work_queue_worker[1] wq: disconnecting from master 10.0.104.2:1026
2019/11/22 19:56:32.06 #|1574452592.62474718|00#| work_queue_worker[1] tcp: disconnected from 10.0.104.2 port 1026
2019/11/22 19:56:32.06 #|1574452592.62489390|00#| work_queue_worker[1] wq: killing all outstanding tasks
2019/11/22 19:56:32.06 #|1574452592.62500389|00#| work_queue_worker[1] wq: all data structures are clean
2019/11/22 19:56:38.06 #|1574452598.62969021|00#| work_queue_worker[1] debug: error reading disk usage on directory: ./cache.
2019/11/22 19:56:38.06 #|1574452598.63021139|00#| work_queue_worker[1] tcp: connecting to 10.0.104.2 port 1026
2019/11/22 19:56:38.06 #|1574452598.63208984|00#| work_queue_worker[1] tcp: made connection to 10.0.104.2 port 1026
2019/11/22 19:56:38.06 #|1574452598.63241380|00#| work_queue_worker[1] wq: connected to master master:1026 via local address 10.0.104.14:39356
2019/11/22 19:56:38.06 #|1574452598.63251080|00#| work_queue_worker[1] wq: preparing workspace /tmp/worker-0-1
2019/11/22 19:56:38.06 #|1574452598.63366691|00#| work_queue_worker[1] dns: finding my hostname: uname = 20b2b5d1f65f, address = 10.0.104.14, hostname = 20b2b5d1f65f
2019/11/22 19:56:38.06 #|1574452598.63380019|00#| work_queue_worker[1] wq: tx to master: workqueue 8 20b2b5d1f65f Linux x86_64 8.0.0
2019/11/22 19:56:38.06 #|1574452598.63446934|00#| work_queue_worker[1] wq: tx to master: info worker-id worker-4afeff9088447e3b7642b4a0e7ec6827
2019/11/22 19:56:38.06 #|1574452598.63499710|00#| work_queue_worker[1] wq: tx to master: alive
2019/11/22 19:56:38.06 #|1574452598.63548506|00#| work_queue_worker[1] wq: Sending resource description to master:
2019/11/22 19:56:38.06 #|1574452598.63560960|00#| work_queue_worker[1] wq:  workers      0 inuse      1 total      1 smallest      1 largest
2019/11/22 19:56:38.06 #|1574452598.63608482|00#| work_queue_worker[1] wq:     disk      0 inuse   1098 total   1098 smallest   1098 largest
2019/11/22 19:56:38.06 #|1574452598.63657654|00#| work_queue_worker[1] wq:   memory      0 inuse  11908 total  11908 smallest  11908 largest
2019/11/22 19:56:38.06 #|1574452598.63709670|00#| work_queue_worker[1] wq:     gpus      0 inuse      0 total      0 smallest      0 largest
2019/11/22 19:56:38.06 #|1574452598.63759431|00#| work_queue_worker[1] wq:    cores      0 inuse      1 total      1 smallest      1 largest
2019/11/22 19:56:38.06 #|1574452598.63841758|00#| work_queue_worker[1] wq: tx to master: info end_of_resource_update 0
2019/11/22 19:56:38.06 #|1574452598.63894318|00#| work_queue_worker[1] wq: tx to master: info tasks_running 0
2019/11/22 19:56:38.06 #|1574452598.63942488|00#| work_queue_worker[1] wq: working for master at 10.0.104.2:1026.
2019/11/22 19:56:48.87 #|1574452608.877401188|00#| work_queue_worker[1] wq: rx from master: release
2019/11/22 19:56:48.87 #|1574452608.877429265|00#| work_queue_worker[1] wq: released by master 10.0.104.2:1026.
2019/11/22 19:56:48.87 #|1574452608.877454033|00#| work_queue_worker[1] wq: cleaning workspace /tmp/worker-0-1
2019/11/22 19:56:48.87 #|1574452608.877595008|00#| work_queue_worker[1] wq: disconnecting from master 10.0.104.2:1026
2019/11/22 19:56:48.87 #|1574452608.877669531|00#| work_queue_worker[1] tcp: disconnected from 10.0.104.2 port 1026
2019/11/22 19:56:48.87 #|1574452608.877686061|00#| work_queue_worker[1] wq: killing all outstanding tasks
2019/11/22 19:56:48.87 #|1574452608.877696289|00#| work_queue_worker[1] wq: all data structures are clean
2019/11/22 19:56:49.87 #|1574452609.877807411|00#| work_queue_worker[1] tcp: connecting to 10.0.104.2 port 1026
2019/11/22 19:56:52.34 #|1574452612.346872400|00#| work_queue_worker[1] tcp: connection to 10.0.104.2 port 1026 failed (No route to host)
