2019/11/23 18:30:21.46 #|1574533821.461868402|00#| work_queue_worker[1] debug: /root/cctools/bin/work_queue_worker version 8.0.0 DEVELOPMENT (released 2019-11-14 15:35:16 +0000)
2019/11/23 18:30:21.46 #|1574533821.461901876|00#| work_queue_worker[1] debug: Built by root@7e9ecba79f43 on 2019-11-14 15:35:16 +0000
2019/11/23 18:30:21.46 #|1574533821.461911414|00#| work_queue_worker[1] debug: System: Linux 7e9ecba79f43 5.0.0-32-generic #34~18.04.2-Ubuntu SMP Thu Oct 10 10:36:02 UTC 2019 x86_64 x86_64 x86_64 GNU/Linux
2019/11/23 18:30:21.46 #|1574533821.461919804|00#| work_queue_worker[1] debug: Configuration: --prefix /root/cctools
2019/11/23 18:30:21.46 #|1574533821.462087304|00#| work_queue_worker[1] wq: WORK_QUEUE_SANDBOX set to /tmp/worker-0-1.
2019/11/23 18:30:21.46 #|1574533821.462609699|00#| work_queue_worker[1] debug: error reading disk usage on directory: ./cache.
2019/11/23 18:30:21.46 #|1574533821.462646622|00#| work_queue_worker[1] dns: looking up name master
2019/11/23 18:30:21.46 #|1574533821.464855328|00#| work_queue_worker[1] dns: couldn't look up master: Name or service not known
2019/11/23 18:30:23.46 #|1574533823.465014738|00#| work_queue_worker[1] dns: looking up name master
2019/11/23 18:30:23.46 #|1574533823.466934760|00#| work_queue_worker[1] dns: couldn't look up master: Name or service not known
2019/11/23 18:30:25.46 #|1574533825.467111753|00#| work_queue_worker[1] dns: looking up name master
2019/11/23 18:30:25.46 #|1574533825.467462893|00#| work_queue_worker[1] dns: master is 10.0.131.11
2019/11/23 18:30:25.46 #|1574533825.467510371|00#| work_queue_worker[1] tcp: connecting to 10.0.131.11 port 1026
2019/11/23 18:30:25.46 #|1574533825.467791609|00#| work_queue_worker[1] tcp: made connection to 10.0.131.11 port 1026
2019/11/23 18:30:25.46 #|1574533825.467818433|00#| work_queue_worker[1] wq: connected to master master:1026 via local address 10.0.131.3:54742
2019/11/23 18:30:25.46 #|1574533825.467832555|00#| work_queue_worker[1] wq: preparing workspace /tmp/worker-0-1
2019/11/23 18:30:25.46 #|1574533825.467998969|00#| work_queue_worker[1] dns: looking up name dffa23bb74dd
2019/11/23 18:30:25.46 #|1574533825.468057344|00#| work_queue_worker[1] dns: dffa23bb74dd is 10.0.131.3
2019/11/23 18:30:25.46 #|1574533825.468075034|00#| work_queue_worker[1] dns: looking up addr 10.0.131.3
2019/11/23 18:30:25.46 #|1574533825.468112252|00#| work_queue_worker[1] dns: 10.0.131.3 is dffa23bb74dd
2019/11/23 18:30:25.46 #|1574533825.468128142|00#| work_queue_worker[1] dns: finding my hostname: uname = dffa23bb74dd, address = 10.0.131.3, hostname = dffa23bb74dd
2019/11/23 18:30:25.46 #|1574533825.468146354|00#| work_queue_worker[1] wq: tx to master: workqueue 8 dffa23bb74dd Linux x86_64 8.0.0
2019/11/23 18:30:25.46 #|1574533825.468239153|00#| work_queue_worker[1] wq: tx to master: info worker-id worker-1ef84d727799b2fda8d3d3223b93edfc
2019/11/23 18:30:25.46 #|1574533825.468315075|00#| work_queue_worker[1] wq: tx to master: alive
2019/11/23 18:30:25.46 #|1574533825.468385498|00#| work_queue_worker[1] wq: Sending resource description to master:
2019/11/23 18:30:25.46 #|1574533825.468402800|00#| work_queue_worker[1] wq:  workers      0 inuse      1 total      1 smallest      1 largest
2019/11/23 18:30:25.46 #|1574533825.468471005|00#| work_queue_worker[1] wq:     disk      0 inuse   2516 total   2516 smallest   2516 largest
2019/11/23 18:30:25.46 #|1574533825.468541625|00#| work_queue_worker[1] wq:   memory      0 inuse  11908 total  11908 smallest  11908 largest
2019/11/23 18:30:25.46 #|1574533825.468612397|00#| work_queue_worker[1] wq:     gpus      0 inuse      0 total      0 smallest      0 largest
2019/11/23 18:30:25.46 #|1574533825.468682555|00#| work_queue_worker[1] wq:    cores      0 inuse      1 total      1 smallest      1 largest
2019/11/23 18:30:25.46 #|1574533825.468794766|00#| work_queue_worker[1] wq: tx to master: info end_of_resource_update 0
2019/11/23 18:30:25.46 #|1574533825.468865138|00#| work_queue_worker[1] wq: tx to master: info tasks_running 0
2019/11/23 18:30:25.46 #|1574533825.468934958|00#| work_queue_worker[1] wq: working for master at 10.0.131.11:1026.
2019/11/23 18:32:52.27 #|1574533972.271351827|00#| work_queue_worker[1] wq: rx from master: put file-0-6a3566a41d4cc2c0ac4ec7bfaab41382-query.fastq.6 2044000 0644 1
2019/11/23 18:32:52.27 #|1574533972.271420045|00#| work_queue_worker[1] wq: Putting file file-0-6a3566a41d4cc2c0ac4ec7bfaab41382-query.fastq.6 into workspace
2019/11/23 18:32:52.27 #|1574533972.275482739|00#| work_queue_worker[1] wq: rx from master: put file-0-971da570f958f7598fb58342dc472274-ref.fasta.sa 50000056 0644 1
2019/11/23 18:32:52.27 #|1574533972.275521862|00#| work_queue_worker[1] wq: Putting file file-0-971da570f958f7598fb58342dc472274-ref.fasta.sa into workspace
2019/11/23 18:32:52.34 #|1574533972.345354042|00#| work_queue_worker[1] wq: rx from master: put file-0-35f59a9883b4870b84f03717aff16002-ref.fasta.ann 5866697 0644 1
2019/11/23 18:32:52.34 #|1574533972.345390663|00#| work_queue_worker[1] wq: Putting file file-0-35f59a9883b4870b84f03717aff16002-ref.fasta.ann into workspace
2019/11/23 18:32:52.35 #|1574533972.353428276|00#| work_queue_worker[1] wq: rx from master: put file-0-1aba5e7adecebe065db19a405fb8bdf0-ref.fasta.amb 19 0644 1
2019/11/23 18:32:52.35 #|1574533972.353468980|00#| work_queue_worker[1] wq: Putting file file-0-1aba5e7adecebe065db19a405fb8bdf0-ref.fasta.amb into workspace
2019/11/23 18:32:52.35 #|1574533972.353553432|00#| work_queue_worker[1] wq: rx from master: put file-0-d4ff2b390cdd34b642d74a1cd1b59b97-ref.fasta.pac 25000002 0644 1
2019/11/23 18:32:52.35 #|1574533972.353574301|00#| work_queue_worker[1] wq: Putting file file-0-d4ff2b390cdd34b642d74a1cd1b59b97-ref.fasta.pac into workspace
2019/11/23 18:32:52.38 #|1574533972.387217494|00#| work_queue_worker[1] wq: rx from master: put file-0-0cadea4f68da3f941c5b5f0c963a59f8-ref.fasta.bwt 100000072 0644 1
2019/11/23 18:32:52.38 #|1574533972.387262684|00#| work_queue_worker[1] wq: Putting file file-0-0cadea4f68da3f941c5b5f0c963a59f8-ref.fasta.bwt into workspace
2019/11/23 18:32:52.52 #|1574533972.520972562|00#| work_queue_worker[1] wq: rx from master: put file-0-b08c3e9746692f64bcb9a448620c7967-ref.fasta 105477790 0644 1
2019/11/23 18:32:52.52 #|1574533972.521016445|00#| work_queue_worker[1] wq: Putting file file-0-b08c3e9746692f64bcb9a448620c7967-ref.fasta into workspace
2019/11/23 18:32:52.65 #|1574533972.659622938|00#| work_queue_worker[1] wq: rx from master: put file-0-a6be17d8a097bb9efd120be10bbc654c-bwa 1444312 0755 1
2019/11/23 18:32:52.65 #|1574533972.659654392|00#| work_queue_worker[1] wq: Putting file file-0-a6be17d8a097bb9efd120be10bbc654c-bwa into workspace
2019/11/23 18:32:52.66 #|1574533972.661215380|00#| work_queue_worker[1] wq: rx from master: task 4
2019/11/23 18:32:52.66 #|1574533972.661255577|00#| work_queue_worker[1] wq: rx from master: cmd 58
2019/11/23 18:32:52.66 #|1574533972.661270273|00#| work_queue_worker[1] wq: rx from master: ./bwa mem ref.fasta query.fastq.6 > Out.6.sam 2> mem.6.err
2019/11/23 18:32:52.66 #|1574533972.661279486|00#| work_queue_worker[1] wq: rx from master: category default
2019/11/23 18:32:52.66 #|1574533972.661290052|00#| work_queue_worker[1] wq: rx from master: cores 1
2019/11/23 18:32:52.66 #|1574533972.661300542|00#| work_queue_worker[1] wq: rx from master: memory 11908
2019/11/23 18:32:52.66 #|1574533972.661311028|00#| work_queue_worker[1] wq: rx from master: disk 2516
2019/11/23 18:32:52.66 #|1574533972.661321344|00#| work_queue_worker[1] wq: rx from master: gpus 0
2019/11/23 18:32:52.66 #|1574533972.661332032|00#| work_queue_worker[1] wq: rx from master: end_time 18446744073709551615
2019/11/23 18:32:52.66 #|1574533972.661343665|00#| work_queue_worker[1] wq: rx from master: wall_time 18446744073709551615
2019/11/23 18:32:52.66 #|1574533972.661354431|00#| work_queue_worker[1] wq: rx from master: env 7
2019/11/23 18:32:52.66 #|1574533972.661367923|00#| work_queue_worker[1] wq: rx from master: env 17
2019/11/23 18:32:52.66 #|1574533972.661380844|00#| work_queue_worker[1] wq: rx from master: infile file-0-6a3566a41d4cc2c0ac4ec7bfaab41382-query.fastq.6 query.fastq.6 1
2019/11/23 18:32:52.66 #|1574533972.661404493|00#| work_queue_worker[1] wq: rx from master: infile file-0-971da570f958f7598fb58342dc472274-ref.fasta.sa ref.fasta.sa 1
2019/11/23 18:32:52.66 #|1574533972.661432594|00#| work_queue_worker[1] wq: rx from master: infile file-0-35f59a9883b4870b84f03717aff16002-ref.fasta.ann ref.fasta.ann 1
2019/11/23 18:32:52.66 #|1574533972.661451528|00#| work_queue_worker[1] wq: rx from master: infile file-0-1aba5e7adecebe065db19a405fb8bdf0-ref.fasta.amb ref.fasta.amb 1
2019/11/23 18:32:52.66 #|1574533972.661469736|00#| work_queue_worker[1] wq: rx from master: infile file-0-d4ff2b390cdd34b642d74a1cd1b59b97-ref.fasta.pac ref.fasta.pac 1
2019/11/23 18:32:52.66 #|1574533972.661488033|00#| work_queue_worker[1] wq: rx from master: infile file-0-0cadea4f68da3f941c5b5f0c963a59f8-ref.fasta.bwt ref.fasta.bwt 1
2019/11/23 18:32:52.66 #|1574533972.661506126|00#| work_queue_worker[1] wq: rx from master: infile file-0-b08c3e9746692f64bcb9a448620c7967-ref.fasta ref.fasta 1
2019/11/23 18:32:52.66 #|1574533972.661523732|00#| work_queue_worker[1] wq: rx from master: infile file-0-a6be17d8a097bb9efd120be10bbc654c-bwa bwa 1
2019/11/23 18:32:52.66 #|1574533972.661540943|00#| work_queue_worker[1] wq: rx from master: outfile file-0-d8efdf305b5ec470231b1129c3286ec1-mem.6.err mem.6.err 1
2019/11/23 18:32:52.66 #|1574533972.661558621|00#| work_queue_worker[1] wq: rx from master: outfile file-0-e72c9cb95a264e932ca4b0a988983a76-Out.6.sam Out.6.sam 1
2019/11/23 18:32:52.66 #|1574533972.661575392|00#| work_queue_worker[1] wq: rx from master: end
2019/11/23 18:32:52.66 #|1574533972.661704984|00#| work_queue_worker[1] wq: linking cache/file-0-6a3566a41d4cc2c0ac4ec7bfaab41382-query.fastq.6 to /tmp/worker-0-1/t.4/query.fastq.6
2019/11/23 18:32:52.66 #|1574533972.661743308|00#| work_queue_worker[1] wq: linking cache/file-0-971da570f958f7598fb58342dc472274-ref.fasta.sa to /tmp/worker-0-1/t.4/ref.fasta.sa
2019/11/23 18:32:52.66 #|1574533972.661776426|00#| work_queue_worker[1] wq: linking cache/file-0-35f59a9883b4870b84f03717aff16002-ref.fasta.ann to /tmp/worker-0-1/t.4/ref.fasta.ann
2019/11/23 18:32:52.66 #|1574533972.661808572|00#| work_queue_worker[1] wq: linking cache/file-0-1aba5e7adecebe065db19a405fb8bdf0-ref.fasta.amb to /tmp/worker-0-1/t.4/ref.fasta.amb
2019/11/23 18:32:52.66 #|1574533972.661841033|00#| work_queue_worker[1] wq: linking cache/file-0-d4ff2b390cdd34b642d74a1cd1b59b97-ref.fasta.pac to /tmp/worker-0-1/t.4/ref.fasta.pac
2019/11/23 18:32:52.66 #|1574533972.661872326|00#| work_queue_worker[1] wq: linking cache/file-0-0cadea4f68da3f941c5b5f0c963a59f8-ref.fasta.bwt to /tmp/worker-0-1/t.4/ref.fasta.bwt
2019/11/23 18:32:52.66 #|1574533972.661904249|00#| work_queue_worker[1] wq: linking cache/file-0-b08c3e9746692f64bcb9a448620c7967-ref.fasta to /tmp/worker-0-1/t.4/ref.fasta
2019/11/23 18:32:52.66 #|1574533972.661935827|00#| work_queue_worker[1] wq: linking cache/file-0-a6be17d8a097bb9efd120be10bbc654c-bwa to /tmp/worker-0-1/t.4/bwa
2019/11/23 18:32:52.66 #|1574533972.661963745|00#| work_queue_worker[1] wq: Waiting task 4 has been forsaken.
2019/11/23 18:32:52.66 #|1574533972.661974939|00#| work_queue_worker[1] wq: tx to master: alive
2019/11/23 18:32:52.66 #|1574533972.662043407|00#| work_queue_worker[1] wq: Sending resource description to master:
2019/11/23 18:32:52.66 #|1574533972.662057053|00#| work_queue_worker[1] wq:  workers      0 inuse      1 total      1 smallest      1 largest
2019/11/23 18:32:52.66 #|1574533972.662108913|00#| work_queue_worker[1] wq:     disk      0 inuse   1947 total   1947 smallest   1947 largest
2019/11/23 18:32:52.66 #|1574533972.662160808|00#| work_queue_worker[1] wq:   memory      0 inuse  11908 total  11908 smallest  11908 largest
2019/11/23 18:32:52.66 #|1574533972.662211796|00#| work_queue_worker[1] wq:     gpus      0 inuse      0 total      0 smallest      0 largest
2019/11/23 18:32:52.66 #|1574533972.662262156|00#| work_queue_worker[1] wq:    cores      0 inuse      1 total      1 smallest      1 largest
2019/11/23 18:32:52.66 #|1574533972.662343533|00#| work_queue_worker[1] wq: tx to master: info end_of_resource_update 0
2019/11/23 18:32:52.66 #|1574533972.662403718|00#| work_queue_worker[1] wq: tx to master: info tasks_running 0
2019/11/23 18:32:52.66 #|1574533972.662455326|00#| work_queue_worker[1] wq: tx to master: info tasks_running 0
2019/11/23 18:32:52.66 #|1574533972.662522807|00#| work_queue_worker[1] wq: tx to master: available_results
2019/11/23 18:32:53.40 #|1574533973.405723869|00#| work_queue_worker[1] wq: rx from master: send_results -1
2019/11/23 18:32:53.40 #|1574533973.405763867|00#| work_queue_worker[1] wq: tx to master: result 40 0 0 0 4
2019/11/23 18:32:53.40 #|1574533973.405861752|00#| work_queue_worker[1] wq: tx to master: info tasks_running 0
2019/11/23 18:32:53.40 #|1574533973.405925222|00#| work_queue_worker[1] wq: tx to master: end
2019/11/23 18:32:54.18 #|1574533974.187129225|00#| work_queue_worker[1] wq: rx from master: put file-0-f4e5d6ff9260756e956ec7c8817d32bf-query.fastq.8 2044002 0644 1
2019/11/23 18:32:54.18 #|1574533974.187182523|00#| work_queue_worker[1] wq: Putting file file-0-f4e5d6ff9260756e956ec7c8817d32bf-query.fastq.8 into workspace
2019/11/23 18:32:54.19 #|1574533974.194198657|00#| work_queue_worker[1] wq: rx from master: task 2
2019/11/23 18:32:54.19 #|1574533974.194227372|00#| work_queue_worker[1] wq: rx from master: cmd 58
2019/11/23 18:32:54.19 #|1574533974.194250978|00#| work_queue_worker[1] wq: rx from master: ./bwa mem ref.fasta query.fastq.8 > Out.8.sam 2> mem.8.err
2019/11/23 18:32:54.19 #|1574533974.194267411|00#| work_queue_worker[1] wq: rx from master: category default
2019/11/23 18:32:54.19 #|1574533974.194283892|00#| work_queue_worker[1] wq: rx from master: cores 1
2019/11/23 18:32:54.19 #|1574533974.194300935|00#| work_queue_worker[1] wq: rx from master: memory 11908
2019/11/23 18:32:54.19 #|1574533974.194317869|00#| work_queue_worker[1] wq: rx from master: disk 1947
2019/11/23 18:32:54.19 #|1574533974.194332890|00#| work_queue_worker[1] wq: rx from master: gpus 0
2019/11/23 18:32:54.19 #|1574533974.194349823|00#| work_queue_worker[1] wq: rx from master: end_time 18446744073709551615
2019/11/23 18:32:54.19 #|1574533974.194368541|00#| work_queue_worker[1] wq: rx from master: wall_time 18446744073709551615
2019/11/23 18:32:54.19 #|1574533974.194386450|00#| work_queue_worker[1] wq: rx from master: env 7
2019/11/23 18:32:54.19 #|1574533974.194406654|00#| work_queue_worker[1] wq: rx from master: env 17
2019/11/23 18:32:54.19 #|1574533974.194428260|00#| work_queue_worker[1] wq: rx from master: infile file-0-f4e5d6ff9260756e956ec7c8817d32bf-query.fastq.8 query.fastq.8 1
2019/11/23 18:32:54.19 #|1574533974.194460136|00#| work_queue_worker[1] wq: rx from master: infile file-0-971da570f958f7598fb58342dc472274-ref.fasta.sa ref.fasta.sa 1
2019/11/23 18:32:54.19 #|1574533974.194491879|00#| work_queue_worker[1] wq: rx from master: infile file-0-35f59a9883b4870b84f03717aff16002-ref.fasta.ann ref.fasta.ann 1
2019/11/23 18:32:54.19 #|1574533974.194535166|00#| work_queue_worker[1] wq: rx from master: infile file-0-1aba5e7adecebe065db19a405fb8bdf0-ref.fasta.amb ref.fasta.amb 1
2019/11/23 18:32:54.19 #|1574533974.194570728|00#| work_queue_worker[1] wq: rx from master: infile file-0-d4ff2b390cdd34b642d74a1cd1b59b97-ref.fasta.pac ref.fasta.pac 1
2019/11/23 18:32:54.19 #|1574533974.194602884|00#| work_queue_worker[1] wq: rx from master: infile file-0-0cadea4f68da3f941c5b5f0c963a59f8-ref.fasta.bwt ref.fasta.bwt 1
2019/11/23 18:32:54.19 #|1574533974.194634256|00#| work_queue_worker[1] wq: rx from master: infile file-0-b08c3e9746692f64bcb9a448620c7967-ref.fasta ref.fasta 1
2019/11/23 18:32:54.19 #|1574533974.194664475|00#| work_queue_worker[1] wq: rx from master: infile file-0-a6be17d8a097bb9efd120be10bbc654c-bwa bwa 1
2019/11/23 18:32:54.19 #|1574533974.194693861|00#| work_queue_worker[1] wq: rx from master: outfile file-0-7878bff1ca186bbdc6284fee1c09d919-mem.8.err mem.8.err 1
2019/11/23 18:32:54.19 #|1574533974.194724993|00#| work_queue_worker[1] wq: rx from master: outfile file-0-a0fd94909e819a6022a67582ae1fffd8-Out.8.sam Out.8.sam 1
2019/11/23 18:32:54.19 #|1574533974.194754505|00#| work_queue_worker[1] wq: rx from master: end
2019/11/23 18:32:54.19 #|1574533974.194920104|00#| work_queue_worker[1] wq: linking cache/file-0-f4e5d6ff9260756e956ec7c8817d32bf-query.fastq.8 to /tmp/worker-0-1/t.2/query.fastq.8
2019/11/23 18:32:54.19 #|1574533974.194980500|00#| work_queue_worker[1] wq: linking cache/file-0-971da570f958f7598fb58342dc472274-ref.fasta.sa to /tmp/worker-0-1/t.2/ref.fasta.sa
2019/11/23 18:32:54.19 #|1574533974.195041522|00#| work_queue_worker[1] wq: linking cache/file-0-35f59a9883b4870b84f03717aff16002-ref.fasta.ann to /tmp/worker-0-1/t.2/ref.fasta.ann
2019/11/23 18:32:54.19 #|1574533974.195099981|00#| work_queue_worker[1] wq: linking cache/file-0-1aba5e7adecebe065db19a405fb8bdf0-ref.fasta.amb to /tmp/worker-0-1/t.2/ref.fasta.amb
2019/11/23 18:32:54.19 #|1574533974.195159454|00#| work_queue_worker[1] wq: linking cache/file-0-d4ff2b390cdd34b642d74a1cd1b59b97-ref.fasta.pac to /tmp/worker-0-1/t.2/ref.fasta.pac
2019/11/23 18:32:54.19 #|1574533974.195221007|00#| work_queue_worker[1] wq: linking cache/file-0-0cadea4f68da3f941c5b5f0c963a59f8-ref.fasta.bwt to /tmp/worker-0-1/t.2/ref.fasta.bwt
2019/11/23 18:32:54.19 #|1574533974.195281243|00#| work_queue_worker[1] wq: linking cache/file-0-b08c3e9746692f64bcb9a448620c7967-ref.fasta to /tmp/worker-0-1/t.2/ref.fasta
2019/11/23 18:32:54.19 #|1574533974.195342858|00#| work_queue_worker[1] wq: linking cache/file-0-a6be17d8a097bb9efd120be10bbc654c-bwa to /tmp/worker-0-1/t.2/bwa
2019/11/23 18:32:54.19 #|1574533974.195649322|00#| work_queue_worker[1] wq: started process 9: ./bwa mem ref.fasta query.fastq.8 > Out.8.sam 2> mem.8.err
2019/11/23 18:32:54.19 #|1574533974.195701872|00#| work_queue_worker[1] wq: tx to master: info tasks_running 1
2019/11/23 18:32:56.71 #|1574533976.710263505|00#| work_queue_worker[1] wq: task 2 (pid 9) exited normally with exit code 0
2019/11/23 18:32:56.71 #|1574533976.710302618|00#| work_queue_worker[1] wq: moving output file from /tmp/worker-0-1/t.2/mem.8.err to cache/file-0-7878bff1ca186bbdc6284fee1c09d919-mem.8.err
2019/11/23 18:32:56.71 #|1574533976.710375839|00#| work_queue_worker[1] wq: moving output file from /tmp/worker-0-1/t.2/Out.8.sam to cache/file-0-a0fd94909e819a6022a67582ae1fffd8-Out.8.sam
2019/11/23 18:32:56.71 #|1574533976.710797474|00#| work_queue_worker[1] wq: tx to master: available_results
2019/11/23 18:33:19.72 #|1574533999.728105874|00#| work_queue_worker[1] wq: rx from master: send_results -1
2019/11/23 18:33:19.72 #|1574533999.728157939|00#| work_queue_worker[1] wq: tx to master: result 0 0 0 2514848 2
2019/11/23 18:33:19.72 #|1574533999.728273228|00#| work_queue_worker[1] wq: tx to master: info tasks_running 0
2019/11/23 18:33:19.72 #|1574533999.728357805|00#| work_queue_worker[1] wq: tx to master: end
2019/11/23 18:33:20.42 #|1574534000.423406011|00#| work_queue_worker[1] wq: rx from master: get file-0-7878bff1ca186bbdc6284fee1c09d919-mem.8.err 1
2019/11/23 18:33:20.42 #|1574534000.423463789|00#| work_queue_worker[1] wq: tx to master: file file-0-7878bff1ca186bbdc6284fee1c09d919-mem.8.err 535
2019/11/23 18:33:20.42 #|1574534000.423641251|00#| work_queue_worker[1] wq: tx to master: end
2019/11/23 18:33:20.42 #|1574534000.423901496|00#| work_queue_worker[1] wq: rx from master: get file-0-a0fd94909e819a6022a67582ae1fffd8-Out.8.sam 1
2019/11/23 18:33:20.42 #|1574534000.423947850|00#| work_queue_worker[1] wq: tx to master: file file-0-a0fd94909e819a6022a67582ae1fffd8-Out.8.sam 7089294
2019/11/23 18:33:20.43 #|1574534000.431544399|00#| work_queue_worker[1] wq: tx to master: end
2019/11/23 18:33:20.43 #|1574534000.434698551|00#| work_queue_worker[1] wq: rx from master: kill 2
2019/11/23 18:33:20.45 #|1574534000.450372815|00#| work_queue_worker[1] wq: rx from master: task 4
2019/11/23 18:33:20.45 #|1574534000.450402841|00#| work_queue_worker[1] wq: rx from master: cmd 58
2019/11/23 18:33:20.45 #|1574534000.450445033|00#| work_queue_worker[1] wq: rx from master: ./bwa mem ref.fasta query.fastq.6 > Out.6.sam 2> mem.6.err
2019/11/23 18:33:20.45 #|1574534000.450457849|00#| work_queue_worker[1] wq: rx from master: category default
2019/11/23 18:33:20.45 #|1574534000.450479298|00#| work_queue_worker[1] wq: rx from master: cores 1
2019/11/23 18:33:20.45 #|1574534000.450540503|00#| work_queue_worker[1] wq: rx from master: memory 11908
2019/11/23 18:33:20.45 #|1574534000.450562763|00#| work_queue_worker[1] wq: rx from master: disk 1947
2019/11/23 18:33:20.45 #|1574534000.450575850|00#| work_queue_worker[1] wq: rx from master: gpus 0
2019/11/23 18:33:20.45 #|1574534000.450632396|00#| work_queue_worker[1] wq: rx from master: end_time 18446744073709551615
2019/11/23 18:33:20.45 #|1574534000.450651472|00#| work_queue_worker[1] wq: rx from master: wall_time 18446744073709551615
2019/11/23 18:33:20.45 #|1574534000.450733809|00#| work_queue_worker[1] wq: rx from master: env 7
2019/11/23 18:33:20.45 #|1574534000.450783501|00#| work_queue_worker[1] wq: rx from master: env 17
2019/11/23 18:33:20.45 #|1574534000.450801240|00#| work_queue_worker[1] wq: rx from master: infile file-0-6a3566a41d4cc2c0ac4ec7bfaab41382-query.fastq.6 query.fastq.6 1
2019/11/23 18:33:20.45 #|1574534000.450852483|00#| work_queue_worker[1] wq: rx from master: infile file-0-971da570f958f7598fb58342dc472274-ref.fasta.sa ref.fasta.sa 1
2019/11/23 18:33:20.45 #|1574534000.450877411|00#| work_queue_worker[1] wq: rx from master: infile file-0-35f59a9883b4870b84f03717aff16002-ref.fasta.ann ref.fasta.ann 1
2019/11/23 18:33:20.45 #|1574534000.450898588|00#| work_queue_worker[1] wq: rx from master: infile file-0-1aba5e7adecebe065db19a405fb8bdf0-ref.fasta.amb ref.fasta.amb 1
2019/11/23 18:33:20.45 #|1574534000.450941135|00#| work_queue_worker[1] wq: rx from master: infile file-0-d4ff2b390cdd34b642d74a1cd1b59b97-ref.fasta.pac ref.fasta.pac 1
2019/11/23 18:33:20.45 #|1574534000.450967346|00#| work_queue_worker[1] wq: rx from master: infile file-0-0cadea4f68da3f941c5b5f0c963a59f8-ref.fasta.bwt ref.fasta.bwt 1
2019/11/23 18:33:20.45 #|1574534000.451010379|00#| work_queue_worker[1] wq: rx from master: infile file-0-b08c3e9746692f64bcb9a448620c7967-ref.fasta ref.fasta 1
2019/11/23 18:33:20.45 #|1574534000.451035430|00#| work_queue_worker[1] wq: rx from master: infile file-0-a6be17d8a097bb9efd120be10bbc654c-bwa bwa 1
2019/11/23 18:33:20.45 #|1574534000.451099839|00#| work_queue_worker[1] wq: rx from master: outfile file-0-d8efdf305b5ec470231b1129c3286ec1-mem.6.err mem.6.err 1
2019/11/23 18:33:20.45 #|1574534000.451128950|00#| work_queue_worker[1] wq: rx from master: outfile file-0-e72c9cb95a264e932ca4b0a988983a76-Out.6.sam Out.6.sam 1
2019/11/23 18:33:20.45 #|1574534000.451174837|00#| work_queue_worker[1] wq: rx from master: end
2019/11/23 18:33:20.45 #|1574534000.451283430|00#| work_queue_worker[1] wq: linking cache/file-0-6a3566a41d4cc2c0ac4ec7bfaab41382-query.fastq.6 to /tmp/worker-0-1/t.4/query.fastq.6
2019/11/23 18:33:20.45 #|1574534000.451319763|00#| work_queue_worker[1] wq: linking cache/file-0-971da570f958f7598fb58342dc472274-ref.fasta.sa to /tmp/worker-0-1/t.4/ref.fasta.sa
2019/11/23 18:33:20.45 #|1574534000.451346234|00#| work_queue_worker[1] wq: linking cache/file-0-35f59a9883b4870b84f03717aff16002-ref.fasta.ann to /tmp/worker-0-1/t.4/ref.fasta.ann
2019/11/23 18:33:20.45 #|1574534000.451371423|00#| work_queue_worker[1] wq: linking cache/file-0-1aba5e7adecebe065db19a405fb8bdf0-ref.fasta.amb to /tmp/worker-0-1/t.4/ref.fasta.amb
2019/11/23 18:33:20.45 #|1574534000.451396627|00#| work_queue_worker[1] wq: linking cache/file-0-d4ff2b390cdd34b642d74a1cd1b59b97-ref.fasta.pac to /tmp/worker-0-1/t.4/ref.fasta.pac
2019/11/23 18:33:20.45 #|1574534000.451421741|00#| work_queue_worker[1] wq: linking cache/file-0-0cadea4f68da3f941c5b5f0c963a59f8-ref.fasta.bwt to /tmp/worker-0-1/t.4/ref.fasta.bwt
2019/11/23 18:33:20.45 #|1574534000.451446734|00#| work_queue_worker[1] wq: linking cache/file-0-b08c3e9746692f64bcb9a448620c7967-ref.fasta to /tmp/worker-0-1/t.4/ref.fasta
2019/11/23 18:33:20.45 #|1574534000.451471995|00#| work_queue_worker[1] wq: linking cache/file-0-a6be17d8a097bb9efd120be10bbc654c-bwa to /tmp/worker-0-1/t.4/bwa
2019/11/23 18:33:20.45 #|1574534000.451495125|00#| work_queue_worker[1] wq: Waiting task 4 has been forsaken.
2019/11/23 18:33:20.45 #|1574534000.451512203|00#| work_queue_worker[1] wq: tx to master: alive
2019/11/23 18:33:20.45 #|1574534000.451556540|00#| work_queue_worker[1] wq: Sending resource description to master:
2019/11/23 18:33:20.45 #|1574534000.451569379|00#| work_queue_worker[1] wq:  workers      0 inuse      1 total      1 smallest      1 largest
2019/11/23 18:33:20.45 #|1574534000.451607123|00#| work_queue_worker[1] wq:     disk    286 inuse    826 total    826 smallest    826 largest
2019/11/23 18:33:20.45 #|1574534000.451645923|00#| work_queue_worker[1] wq:   memory      0 inuse  11908 total  11908 smallest  11908 largest
2019/11/23 18:33:20.45 #|1574534000.451684169|00#| work_queue_worker[1] wq:     gpus      0 inuse      0 total      0 smallest      0 largest
2019/11/23 18:33:20.45 #|1574534000.451721881|00#| work_queue_worker[1] wq:    cores      0 inuse      1 total      1 smallest      1 largest
2019/11/23 18:33:20.45 #|1574534000.451778387|00#| work_queue_worker[1] wq: tx to master: info end_of_resource_update 0
2019/11/23 18:33:20.45 #|1574534000.451816091|00#| work_queue_worker[1] wq: tx to master: info tasks_running 0
2019/11/23 18:33:20.45 #|1574534000.451852983|00#| work_queue_worker[1] wq: tx to master: info tasks_running 0
2019/11/23 18:33:20.45 #|1574534000.451890511|00#| work_queue_worker[1] wq: tx to master: available_results
2019/11/23 18:33:20.47 #|1574534000.471419451|00#| work_queue_worker[1] wq: rx from master: send_results -1
2019/11/23 18:33:20.47 #|1574534000.471469847|00#| work_queue_worker[1] wq: tx to master: result 40 0 0 0 4
2019/11/23 18:33:20.47 #|1574534000.471577215|00#| work_queue_worker[1] wq: tx to master: info tasks_running 0
2019/11/23 18:33:20.47 #|1574534000.471652462|00#| work_queue_worker[1] wq: tx to master: end
2019/11/23 18:33:20.47 #|1574534000.472006905|00#| work_queue_worker[1] wq: rx from master: task 4
2019/11/23 18:33:20.47 #|1574534000.472091529|00#| work_queue_worker[1] wq: rx from master: cmd 58
2019/11/23 18:33:20.47 #|1574534000.472157662|00#| work_queue_worker[1] wq: rx from master: ./bwa mem ref.fasta query.fastq.6 > Out.6.sam 2> mem.6.err
2019/11/23 18:33:20.47 #|1574534000.472178501|00#| work_queue_worker[1] wq: rx from master: category default
2019/11/23 18:33:20.47 #|1574534000.472199338|00#| work_queue_worker[1] wq: rx from master: cores 1
2019/11/23 18:33:20.47 #|1574534000.472262999|00#| work_queue_worker[1] wq: rx from master: memory 11908
2019/11/23 18:33:20.47 #|1574534000.472301480|00#| work_queue_worker[1] wq: rx from master: disk 826
2019/11/23 18:33:20.47 #|1574534000.472364671|00#| work_queue_worker[1] wq: rx from master: gpus 0
2019/11/23 18:33:20.47 #|1574534000.472432299|00#| work_queue_worker[1] wq: rx from master: end_time 18446744073709551615
2019/11/23 18:33:20.47 #|1574534000.472458109|00#| work_queue_worker[1] wq: rx from master: wall_time 18446744073709551615
2019/11/23 18:33:20.47 #|1574534000.472481043|00#| work_queue_worker[1] wq: rx from master: env 7
2019/11/23 18:33:20.47 #|1574534000.472559557|00#| work_queue_worker[1] wq: rx from master: env 17
2019/11/23 18:33:20.47 #|1574534000.472634455|00#| work_queue_worker[1] wq: rx from master: infile file-0-6a3566a41d4cc2c0ac4ec7bfaab41382-query.fastq.6 query.fastq.6 1
2019/11/23 18:33:20.47 #|1574534000.472680164|00#| work_queue_worker[1] wq: rx from master: infile file-0-971da570f958f7598fb58342dc472274-ref.fasta.sa ref.fasta.sa 1
2019/11/23 18:33:20.47 #|1574534000.472765590|00#| work_queue_worker[1] wq: rx from master: infile file-0-35f59a9883b4870b84f03717aff16002-ref.fasta.ann ref.fasta.ann 1
2019/11/23 18:33:20.47 #|1574534000.472807015|00#| work_queue_worker[1] wq: rx from master: infile file-0-1aba5e7adecebe065db19a405fb8bdf0-ref.fasta.amb ref.fasta.amb 1
2019/11/23 18:33:20.47 #|1574534000.472840805|00#| work_queue_worker[1] wq: rx from master: infile file-0-d4ff2b390cdd34b642d74a1cd1b59b97-ref.fasta.pac ref.fasta.pac 1
2019/11/23 18:33:20.47 #|1574534000.472917025|00#| work_queue_worker[1] wq: rx from master: infile file-0-0cadea4f68da3f941c5b5f0c963a59f8-ref.fasta.bwt ref.fasta.bwt 1
2019/11/23 18:33:20.47 #|1574534000.472970595|00#| work_queue_worker[1] wq: rx from master: infile file-0-b08c3e9746692f64bcb9a448620c7967-ref.fasta ref.fasta 1
2019/11/23 18:33:20.47 #|1574534000.473013653|00#| work_queue_worker[1] wq: rx from master: infile file-0-a6be17d8a097bb9efd120be10bbc654c-bwa bwa 1
2019/11/23 18:33:20.47 #|1574534000.473049243|00#| work_queue_worker[1] wq: rx from master: outfile file-0-d8efdf305b5ec470231b1129c3286ec1-mem.6.err mem.6.err 1
2019/11/23 18:33:20.47 #|1574534000.473128800|00#| work_queue_worker[1] wq: rx from master: outfile file-0-e72c9cb95a264e932ca4b0a988983a76-Out.6.sam Out.6.sam 1
2019/11/23 18:33:20.47 #|1574534000.473167816|00#| work_queue_worker[1] wq: rx from master: end
2019/11/23 18:33:20.47 #|1574534000.473356145|00#| work_queue_worker[1] wq: linking cache/file-0-6a3566a41d4cc2c0ac4ec7bfaab41382-query.fastq.6 to /tmp/worker-0-1/t.4/query.fastq.6
2019/11/23 18:33:20.47 #|1574534000.473421441|00#| work_queue_worker[1] wq: linking cache/file-0-971da570f958f7598fb58342dc472274-ref.fasta.sa to /tmp/worker-0-1/t.4/ref.fasta.sa
2019/11/23 18:33:20.47 #|1574534000.473476407|00#| work_queue_worker[1] wq: linking cache/file-0-35f59a9883b4870b84f03717aff16002-ref.fasta.ann to /tmp/worker-0-1/t.4/ref.fasta.ann
2019/11/23 18:33:20.47 #|1574534000.473556185|00#| work_queue_worker[1] wq: linking cache/file-0-1aba5e7adecebe065db19a405fb8bdf0-ref.fasta.amb to /tmp/worker-0-1/t.4/ref.fasta.amb
2019/11/23 18:33:20.47 #|1574534000.473605774|00#| work_queue_worker[1] wq: linking cache/file-0-d4ff2b390cdd34b642d74a1cd1b59b97-ref.fasta.pac to /tmp/worker-0-1/t.4/ref.fasta.pac
2019/11/23 18:33:20.47 #|1574534000.473652675|00#| work_queue_worker[1] wq: linking cache/file-0-0cadea4f68da3f941c5b5f0c963a59f8-ref.fasta.bwt to /tmp/worker-0-1/t.4/ref.fasta.bwt
2019/11/23 18:33:20.47 #|1574534000.473699151|00#| work_queue_worker[1] wq: linking cache/file-0-b08c3e9746692f64bcb9a448620c7967-ref.fasta to /tmp/worker-0-1/t.4/ref.fasta
2019/11/23 18:33:20.47 #|1574534000.473755023|00#| work_queue_worker[1] wq: linking cache/file-0-a6be17d8a097bb9efd120be10bbc654c-bwa to /tmp/worker-0-1/t.4/bwa
2019/11/23 18:33:20.47 #|1574534000.474046443|00#| work_queue_worker[1] wq: started process 19: ./bwa mem ref.fasta query.fastq.6 > Out.6.sam 2> mem.6.err
2019/11/23 18:33:20.47 #|1574534000.474099316|00#| work_queue_worker[1] wq: tx to master: info tasks_running 1
2019/11/23 18:33:22.16 #|1574534002.162058451|00#| work_queue_worker[1] wq: task 4 (pid 19) exited normally with exit code 0
2019/11/23 18:33:22.16 #|1574534002.162094417|00#| work_queue_worker[1] wq: moving output file from /tmp/worker-0-1/t.4/mem.6.err to cache/file-0-d8efdf305b5ec470231b1129c3286ec1-mem.6.err
2019/11/23 18:33:22.16 #|1574534002.162167854|00#| work_queue_worker[1] wq: moving output file from /tmp/worker-0-1/t.4/Out.6.sam to cache/file-0-e72c9cb95a264e932ca4b0a988983a76-Out.6.sam
2019/11/23 18:33:22.16 #|1574534002.164551119|00#| work_queue_worker[1] wq: tx to master: available_results
2019/11/23 18:33:22.18 #|1574534002.182499921|00#| work_queue_worker[1] wq: rx from master: send_results -1
2019/11/23 18:33:22.18 #|1574534002.182553719|00#| work_queue_worker[1] wq: tx to master: result 0 0 0 1688251 4
2019/11/23 18:33:22.18 #|1574534002.182618610|00#| work_queue_worker[1] wq: tx to master: info tasks_running 0
2019/11/23 18:33:22.18 #|1574534002.182663015|00#| work_queue_worker[1] wq: tx to master: end
2019/11/23 18:33:22.18 #|1574534002.182918099|00#| work_queue_worker[1] wq: rx from master: get file-0-d8efdf305b5ec470231b1129c3286ec1-mem.6.err 1
2019/11/23 18:33:22.18 #|1574534002.182956033|00#| work_queue_worker[1] wq: tx to master: file file-0-d8efdf305b5ec470231b1129c3286ec1-mem.6.err 297
2019/11/23 18:33:22.18 #|1574534002.183046561|00#| work_queue_worker[1] wq: tx to master: end
2019/11/23 18:33:22.18 #|1574534002.183310090|00#| work_queue_worker[1] wq: rx from master: get file-0-e72c9cb95a264e932ca4b0a988983a76-Out.6.sam 1
2019/11/23 18:33:22.18 #|1574534002.183355961|00#| work_queue_worker[1] wq: tx to master: file file-0-e72c9cb95a264e932ca4b0a988983a76-Out.6.sam 7096640
2019/11/23 18:33:22.19 #|1574534002.190042392|00#| work_queue_worker[1] wq: tx to master: end
2019/11/23 18:33:22.19 #|1574534002.192162315|00#| work_queue_worker[1] wq: rx from master: kill 4
2019/11/23 18:33:29.50 #|1574534009.506935909|00#| work_queue_worker[1] wq: rx from master: put file-0-f193924bff0822cf0a6734e5978706e9-Out.bam 11154014 0755 1
2019/11/23 18:33:29.50 #|1574534009.506979122|00#| work_queue_worker[1] wq: Putting file file-0-f193924bff0822cf0a6734e5978706e9-Out.bam into workspace
2019/11/23 18:33:29.52 #|1574534009.520695405|00#| work_queue_worker[1] wq: rx from master: put file-0-ec2a8ddc7358fb1db3022befed687cc2-samtools 1346700 0755 1
2019/11/23 18:33:29.52 #|1574534009.520732613|00#| work_queue_worker[1] wq: Putting file file-0-ec2a8ddc7358fb1db3022befed687cc2-samtools into workspace
2019/11/23 18:33:29.52 #|1574534009.522022524|00#| work_queue_worker[1] wq: rx from master: task 12
2019/11/23 18:33:29.52 #|1574534009.522044520|00#| work_queue_worker[1] wq: rx from master: cmd 69
2019/11/23 18:33:29.52 #|1574534009.522056948|00#| work_queue_worker[1] wq: rx from master: ./samtools mpileup -s -f ref.fasta Out.bam > pileup.txt 2> pileup.err
2019/11/23 18:33:29.52 #|1574534009.522065863|00#| work_queue_worker[1] wq: rx from master: category default
2019/11/23 18:33:29.52 #|1574534009.522075916|00#| work_queue_worker[1] wq: rx from master: cores 1
2019/11/23 18:33:29.52 #|1574534009.522086304|00#| work_queue_worker[1] wq: rx from master: memory 11908
2019/11/23 18:33:29.52 #|1574534009.522096333|00#| work_queue_worker[1] wq: rx from master: disk 826
2019/11/23 18:33:29.52 #|1574534009.522106185|00#| work_queue_worker[1] wq: rx from master: gpus 0
2019/11/23 18:33:29.52 #|1574534009.522116488|00#| work_queue_worker[1] wq: rx from master: end_time 18446744073709551615
2019/11/23 18:33:29.52 #|1574534009.522127781|00#| work_queue_worker[1] wq: rx from master: wall_time 18446744073709551615
2019/11/23 18:33:29.52 #|1574534009.522138107|00#| work_queue_worker[1] wq: rx from master: env 7
2019/11/23 18:33:29.52 #|1574534009.522151246|00#| work_queue_worker[1] wq: rx from master: env 17
2019/11/23 18:33:29.52 #|1574534009.522163964|00#| work_queue_worker[1] wq: rx from master: infile file-0-f193924bff0822cf0a6734e5978706e9-Out.bam Out.bam 1
2019/11/23 18:33:29.52 #|1574534009.522187407|00#| work_queue_worker[1] wq: rx from master: infile file-0-b08c3e9746692f64bcb9a448620c7967-ref.fasta ref.fasta 1
2019/11/23 18:33:29.52 #|1574534009.522205928|00#| work_queue_worker[1] wq: rx from master: infile file-0-ec2a8ddc7358fb1db3022befed687cc2-samtools samtools 1
2019/11/23 18:33:29.52 #|1574534009.522223584|00#| work_queue_worker[1] wq: rx from master: outfile file-0-e8324b85168e57519f5277a6d8ab05cf-pileup.err pileup.err 1
2019/11/23 18:33:29.52 #|1574534009.522242052|00#| work_queue_worker[1] wq: rx from master: outfile file-0-8d55648d78ce81969e4d3e04b1c1578c-ref.fasta.fai ref.fasta.fai 1
2019/11/23 18:33:29.52 #|1574534009.522260654|00#| work_queue_worker[1] wq: rx from master: outfile file-0-75aa09691f6a637fdb35bb765f5002a8-pileup.txt pileup.txt 1
2019/11/23 18:33:29.52 #|1574534009.522278574|00#| work_queue_worker[1] wq: rx from master: end
2019/11/23 18:33:29.52 #|1574534009.522388466|00#| work_queue_worker[1] wq: linking cache/file-0-f193924bff0822cf0a6734e5978706e9-Out.bam to /tmp/worker-0-1/t.12/Out.bam
2019/11/23 18:33:29.52 #|1574534009.522425215|00#| work_queue_worker[1] wq: linking cache/file-0-b08c3e9746692f64bcb9a448620c7967-ref.fasta to /tmp/worker-0-1/t.12/ref.fasta
2019/11/23 18:33:29.52 #|1574534009.522459626|00#| work_queue_worker[1] wq: linking cache/file-0-ec2a8ddc7358fb1db3022befed687cc2-samtools to /tmp/worker-0-1/t.12/samtools
2019/11/23 18:33:29.52 #|1574534009.522487615|00#| work_queue_worker[1] wq: Waiting task 12 has been forsaken.
2019/11/23 18:33:29.52 #|1574534009.522499021|00#| work_queue_worker[1] wq: tx to master: alive
2019/11/23 18:33:29.52 #|1574534009.522563537|00#| work_queue_worker[1] wq: Sending resource description to master:
2019/11/23 18:33:29.52 #|1574534009.522587636|00#| work_queue_worker[1] wq:  workers      0 inuse      1 total      1 smallest      1 largest
2019/11/23 18:33:29.52 #|1574534009.522631194|00#| work_queue_worker[1] wq:     disk    292 inuse    682 total    682 smallest    682 largest
2019/11/23 18:33:29.52 #|1574534009.522674096|00#| work_queue_worker[1] wq:   memory      0 inuse  11908 total  11908 smallest  11908 largest
2019/11/23 18:33:29.52 #|1574534009.522712970|00#| work_queue_worker[1] wq:     gpus      0 inuse      0 total      0 smallest      0 largest
2019/11/23 18:33:29.52 #|1574534009.522749347|00#| work_queue_worker[1] wq:    cores      0 inuse      1 total      1 smallest      1 largest
2019/11/23 18:33:29.52 #|1574534009.522804558|00#| work_queue_worker[1] wq: tx to master: info end_of_resource_update 0
2019/11/23 18:33:29.52 #|1574534009.522843547|00#| work_queue_worker[1] wq: tx to master: info tasks_running 0
2019/11/23 18:33:29.52 #|1574534009.522881187|00#| work_queue_worker[1] wq: tx to master: info tasks_running 0
2019/11/23 18:33:29.52 #|1574534009.522921263|00#| work_queue_worker[1] wq: tx to master: available_results
2019/11/23 18:33:29.52 #|1574534009.523205418|00#| work_queue_worker[1] wq: rx from master: send_results -1
2019/11/23 18:33:29.52 #|1574534009.523235882|00#| work_queue_worker[1] wq: tx to master: result 40 0 0 0 12
2019/11/23 18:33:29.52 #|1574534009.523296992|00#| work_queue_worker[1] wq: tx to master: info tasks_running 0
2019/11/23 18:33:29.52 #|1574534009.523340873|00#| work_queue_worker[1] wq: tx to master: end
2019/11/23 18:33:29.52 #|1574534009.523659943|00#| work_queue_worker[1] wq: rx from master: task 12
2019/11/23 18:33:29.52 #|1574534009.523681279|00#| work_queue_worker[1] wq: rx from master: cmd 69
2019/11/23 18:33:29.52 #|1574534009.523692717|00#| work_queue_worker[1] wq: rx from master: ./samtools mpileup -s -f ref.fasta Out.bam > pileup.txt 2> pileup.err
2019/11/23 18:33:29.52 #|1574534009.523705455|00#| work_queue_worker[1] wq: rx from master: category default
2019/11/23 18:33:29.52 #|1574534009.523746838|00#| work_queue_worker[1] wq: rx from master: cores 1
2019/11/23 18:33:29.52 #|1574534009.523763406|00#| work_queue_worker[1] wq: rx from master: memory 11908
2019/11/23 18:33:29.52 #|1574534009.523798015|00#| work_queue_worker[1] wq: rx from master: disk 682
2019/11/23 18:33:29.52 #|1574534009.523814001|00#| work_queue_worker[1] wq: rx from master: gpus 0
2019/11/23 18:33:29.52 #|1574534009.523921492|00#| work_queue_worker[1] wq: rx from master: end_time 18446744073709551615
2019/11/23 18:33:29.52 #|1574534009.523973612|00#| work_queue_worker[1] wq: rx from master: wall_time 18446744073709551615
2019/11/23 18:33:29.52 #|1574534009.523989603|00#| work_queue_worker[1] wq: rx from master: env 7
2019/11/23 18:33:29.52 #|1574534009.524028228|00#| work_queue_worker[1] wq: rx from master: env 17
2019/11/23 18:33:29.52 #|1574534009.524045688|00#| work_queue_worker[1] wq: rx from master: infile file-0-f193924bff0822cf0a6734e5978706e9-Out.bam Out.bam 1
2019/11/23 18:33:29.52 #|1574534009.524091176|00#| work_queue_worker[1] wq: rx from master: infile file-0-b08c3e9746692f64bcb9a448620c7967-ref.fasta ref.fasta 1
2019/11/23 18:33:29.52 #|1574534009.524114760|00#| work_queue_worker[1] wq: rx from master: infile file-0-ec2a8ddc7358fb1db3022befed687cc2-samtools samtools 1
2019/11/23 18:33:29.52 #|1574534009.524134750|00#| work_queue_worker[1] wq: rx from master: outfile file-0-e8324b85168e57519f5277a6d8ab05cf-pileup.err pileup.err 1
2019/11/23 18:33:29.52 #|1574534009.524177900|00#| work_queue_worker[1] wq: rx from master: outfile file-0-8d55648d78ce81969e4d3e04b1c1578c-ref.fasta.fai ref.fasta.fai 1
2019/11/23 18:33:29.52 #|1574534009.524204047|00#| work_queue_worker[1] wq: rx from master: outfile file-0-75aa09691f6a637fdb35bb765f5002a8-pileup.txt pileup.txt 1
2019/11/23 18:33:29.52 #|1574534009.524248885|00#| work_queue_worker[1] wq: rx from master: end
2019/11/23 18:33:29.52 #|1574534009.524331658|00#| work_queue_worker[1] wq: linking cache/file-0-f193924bff0822cf0a6734e5978706e9-Out.bam to /tmp/worker-0-1/t.12/Out.bam
2019/11/23 18:33:29.52 #|1574534009.524373511|00#| work_queue_worker[1] wq: linking cache/file-0-b08c3e9746692f64bcb9a448620c7967-ref.fasta to /tmp/worker-0-1/t.12/ref.fasta
2019/11/23 18:33:29.52 #|1574534009.524400010|00#| work_queue_worker[1] wq: linking cache/file-0-ec2a8ddc7358fb1db3022befed687cc2-samtools to /tmp/worker-0-1/t.12/samtools
2019/11/23 18:33:29.52 #|1574534009.524574659|00#| work_queue_worker[1] wq: started process 25: ./samtools mpileup -s -f ref.fasta Out.bam > pileup.txt 2> pileup.err
2019/11/23 18:33:29.52 #|1574534009.524608069|00#| work_queue_worker[1] wq: tx to master: info tasks_running 1
2019/11/23 18:33:33.48 #|1574534013.481174686|00#| work_queue_worker[1] wq: task 12 (pid 25) exited normally with exit code 0
2019/11/23 18:33:33.48 #|1574534013.481213790|00#| work_queue_worker[1] wq: moving output file from /tmp/worker-0-1/t.12/pileup.err to cache/file-0-e8324b85168e57519f5277a6d8ab05cf-pileup.err
2019/11/23 18:33:33.48 #|1574534013.481284295|00#| work_queue_worker[1] wq: moving output file from /tmp/worker-0-1/t.12/ref.fasta.fai to cache/file-0-8d55648d78ce81969e4d3e04b1c1578c-ref.fasta.fai
2019/11/23 18:33:33.48 #|1574534013.481326109|00#| work_queue_worker[1] wq: moving output file from /tmp/worker-0-1/t.12/pileup.txt to cache/file-0-75aa09691f6a637fdb35bb765f5002a8-pileup.txt
2019/11/23 18:33:33.48 #|1574534013.481757528|00#| work_queue_worker[1] wq: tx to master: available_results
2019/11/23 18:33:33.48 #|1574534013.482142680|00#| work_queue_worker[1] wq: rx from master: send_results -1
2019/11/23 18:33:33.48 #|1574534013.482183798|00#| work_queue_worker[1] wq: tx to master: result 0 0 0 3956762 12
2019/11/23 18:33:33.48 #|1574534013.482258451|00#| work_queue_worker[1] wq: tx to master: info tasks_running 0
2019/11/23 18:33:33.48 #|1574534013.482318471|00#| work_queue_worker[1] wq: tx to master: end
2019/11/23 18:33:33.48 #|1574534013.482765070|00#| work_queue_worker[1] wq: rx from master: get file-0-e8324b85168e57519f5277a6d8ab05cf-pileup.err 1
2019/11/23 18:33:33.48 #|1574534013.482813348|00#| work_queue_worker[1] wq: tx to master: file file-0-e8324b85168e57519f5277a6d8ab05cf-pileup.err 108
2019/11/23 18:33:33.48 #|1574534013.482938151|00#| work_queue_worker[1] wq: tx to master: end
2019/11/23 18:33:33.48 #|1574534013.483365481|00#| work_queue_worker[1] wq: rx from master: get file-0-8d55648d78ce81969e4d3e04b1c1578c-ref.fasta.fai 1
2019/11/23 18:33:33.48 #|1574534013.483410932|00#| work_queue_worker[1] wq: tx to master: file file-0-8d55648d78ce81969e4d3e04b1c1578c-ref.fasta.fai 5472423
2019/11/23 18:33:33.49 #|1574534013.490772999|00#| work_queue_worker[1] wq: tx to master: end
2019/11/23 18:33:33.49 #|1574534013.492996928|00#| work_queue_worker[1] wq: rx from master: get file-0-75aa09691f6a637fdb35bb765f5002a8-pileup.txt 1
2019/11/23 18:33:33.49 #|1574534013.493044633|00#| work_queue_worker[1] wq: tx to master: file file-0-75aa09691f6a637fdb35bb765f5002a8-pileup.txt 230555591
2019/11/23 18:33:33.78 #|1574534013.785294764|00#| work_queue_worker[1] wq: tx to master: end
2019/11/23 18:33:33.79 #|1574534013.792225670|00#| work_queue_worker[1] wq: rx from master: kill 12
2019/11/23 18:33:37.08 #|1574534017.82716005|00#| work_queue_worker[1] wq: rx from master: put file-0-048045060f61089a83cce204e6b8f151-corr.out 0 0644 1
2019/11/23 18:33:37.08 #|1574534017.82759603|00#| work_queue_worker[1] wq: Putting file file-0-048045060f61089a83cce204e6b8f151-corr.out into workspace
2019/11/23 18:33:37.08 #|1574534017.82779916|00#| work_queue_worker[1] debug: Available disk space (0 MB) lower than threshold (0 MB).
2019/11/23 18:33:37.08 #|1574534017.82794222|00#| work_queue_worker[1] wq: Could not put file file-0-048045060f61089a83cce204e6b8f151-corr.out, not enough disk space (0 bytes needed)
2019/11/23 18:33:37.08 #|1574534017.82815706|00#| work_queue_worker[1] wq: cleaning workspace /tmp/worker-0-1
2019/11/23 18:33:37.18 #|1574534017.185335522|00#| work_queue_worker[1] wq: disconnecting from master 10.0.131.11:1026
2019/11/23 18:33:37.18 #|1574534017.185421347|00#| work_queue_worker[1] tcp: disconnected from 10.0.131.11 port 1026
2019/11/23 18:33:37.18 #|1574534017.185439623|00#| work_queue_worker[1] wq: killing all outstanding tasks
2019/11/23 18:33:37.18 #|1574534017.185450755|00#| work_queue_worker[1] wq: all data structures are clean
2019/11/23 18:33:43.18 #|1574534023.185958012|00#| work_queue_worker[1] debug: error reading disk usage on directory: ./cache.
2019/11/23 18:33:43.18 #|1574534023.185992354|00#| work_queue_worker[1] tcp: connecting to 10.0.131.11 port 1026
