2019/11/22 19:08:33.05 #|1574449713.56209918|00#| work_queue_worker[1] debug: /root/cctools/bin/work_queue_worker version 8.0.0 DEVELOPMENT (released 2019-11-14 15:35:16 +0000)
2019/11/22 19:08:33.05 #|1574449713.56244740|00#| work_queue_worker[1] debug: Built by root@7e9ecba79f43 on 2019-11-14 15:35:16 +0000
2019/11/22 19:08:33.05 #|1574449713.56254471|00#| work_queue_worker[1] debug: System: Linux 7e9ecba79f43 5.0.0-32-generic #34~18.04.2-Ubuntu SMP Thu Oct 10 10:36:02 UTC 2019 x86_64 x86_64 x86_64 GNU/Linux
2019/11/22 19:08:33.05 #|1574449713.56262984|00#| work_queue_worker[1] debug: Configuration: --prefix /root/cctools
2019/11/22 19:08:33.05 #|1574449713.56428536|00#| work_queue_worker[1] wq: WORK_QUEUE_SANDBOX set to /tmp/worker-0-1.
2019/11/22 19:08:33.05 #|1574449713.56893657|00#| work_queue_worker[1] debug: error reading disk usage on directory: ./cache.
2019/11/22 19:08:33.05 #|1574449713.56923706|00#| work_queue_worker[1] dns: looking up name master
2019/11/22 19:08:33.05 #|1574449713.57544348|00#| work_queue_worker[1] dns: master is 10.0.100.2
2019/11/22 19:08:33.05 #|1574449713.57578928|00#| work_queue_worker[1] tcp: connecting to 10.0.100.2 port 1026
2019/11/22 19:08:33.05 #|1574449713.57777438|00#| work_queue_worker[1] tcp: made connection to 10.0.100.2 port 1026
2019/11/22 19:08:33.05 #|1574449713.57797177|00#| work_queue_worker[1] wq: connected to master master:1026 via local address 10.0.100.16:49610
2019/11/22 19:08:33.05 #|1574449713.57807022|00#| work_queue_worker[1] wq: preparing workspace /tmp/worker-0-1
2019/11/22 19:08:33.05 #|1574449713.57911731|00#| work_queue_worker[1] dns: looking up name 10692c93ad3f
2019/11/22 19:08:33.05 #|1574449713.57952978|00#| work_queue_worker[1] dns: 10692c93ad3f is 10.0.100.16
2019/11/22 19:08:33.05 #|1574449713.57965059|00#| work_queue_worker[1] dns: looking up addr 10.0.100.16
2019/11/22 19:08:33.05 #|1574449713.57994435|00#| work_queue_worker[1] dns: 10.0.100.16 is 10692c93ad3f
2019/11/22 19:08:33.05 #|1574449713.58005146|00#| work_queue_worker[1] dns: finding my hostname: uname = 10692c93ad3f, address = 10.0.100.16, hostname = 10692c93ad3f
2019/11/22 19:08:33.05 #|1574449713.58017458|00#| work_queue_worker[1] wq: tx to master: workqueue 8 10692c93ad3f Linux x86_64 8.0.0
2019/11/22 19:08:33.05 #|1574449713.58084900|00#| work_queue_worker[1] wq: tx to master: info worker-id worker-ee14b9343b4e1e059d3ceac1f2f819ee
2019/11/22 19:08:33.05 #|1574449713.58140293|00#| work_queue_worker[1] wq: tx to master: alive
2019/11/22 19:08:33.05 #|1574449713.58190885|00#| work_queue_worker[1] wq: Sending resource description to master:
2019/11/22 19:08:33.05 #|1574449713.58203459|00#| work_queue_worker[1] wq:  workers      0 inuse      1 total      1 smallest      1 largest
2019/11/22 19:08:33.05 #|1574449713.58251811|00#| work_queue_worker[1] wq:     disk      0 inuse   2388 total   2388 smallest   2388 largest
2019/11/22 19:08:33.05 #|1574449713.58302538|00#| work_queue_worker[1] wq:   memory      0 inuse  11908 total  11908 smallest  11908 largest
2019/11/22 19:08:33.05 #|1574449713.58352399|00#| work_queue_worker[1] wq:     gpus      0 inuse      0 total      0 smallest      0 largest
2019/11/22 19:08:33.05 #|1574449713.58402416|00#| work_queue_worker[1] wq:    cores      0 inuse      1 total      1 smallest      1 largest
2019/11/22 19:08:33.05 #|1574449713.58482483|00#| work_queue_worker[1] wq: tx to master: info end_of_resource_update 0
2019/11/22 19:08:33.05 #|1574449713.58560340|00#| work_queue_worker[1] wq: tx to master: info tasks_running 0
2019/11/22 19:08:33.05 #|1574449713.58586229|00#| work_queue_worker[1] wq: working for master at 10.0.100.2:1026.
2019/11/22 19:12:25.43 #|1574449945.431208826|00#| work_queue_worker[1] wq: rx from master: put file-0-25930e3036f13852cb0b29694bbab611-nt/taxdb.bti 14920392 0644 1
2019/11/22 19:12:25.43 #|1574449945.431326536|00#| work_queue_worker[1] wq: Putting file file-0-25930e3036f13852cb0b29694bbab611-nt/taxdb.bti into workspace
2019/11/22 19:12:25.45 #|1574449945.452058510|00#| work_queue_worker[1] wq: rx from master: put file-0-25930e3036f13852cb0b29694bbab611-nt/nt.nal 752 0644 1
2019/11/22 19:12:25.45 #|1574449945.452104381|00#| work_queue_worker[1] wq: Putting file file-0-25930e3036f13852cb0b29694bbab611-nt/nt.nal into workspace
2019/11/22 19:12:25.45 #|1574449945.452206622|00#| work_queue_worker[1] wq: rx from master: put file-0-25930e3036f13852cb0b29694bbab611-nt/nt.44.nni 27220 0644 1
2019/11/22 19:12:25.45 #|1574449945.452228767|00#| work_queue_worker[1] wq: Putting file file-0-25930e3036f13852cb0b29694bbab611-nt/nt.44.nni into workspace
2019/11/22 19:12:25.45 #|1574449945.452503646|00#| work_queue_worker[1] wq: rx from master: put file-0-25930e3036f13852cb0b29694bbab611-nt/nt.44.nog 3378248 0644 1
2019/11/22 19:12:25.45 #|1574449945.452531086|00#| work_queue_worker[1] wq: Putting file file-0-25930e3036f13852cb0b29694bbab611-nt/nt.44.nog into workspace
2019/11/22 19:12:25.45 #|1574449945.457416053|00#| work_queue_worker[1] wq: rx from master: put file-0-25930e3036f13852cb0b29694bbab611-nt/taxdb.btd 141628361 0644 1
2019/11/22 19:12:25.45 #|1574449945.457463844|00#| work_queue_worker[1] wq: Putting file file-0-25930e3036f13852cb0b29694bbab611-nt/taxdb.btd into workspace
2019/11/22 19:12:25.64 #|1574449945.643224768|00#| work_queue_worker[1] wq: rx from master: put file-0-25930e3036f13852cb0b29694bbab611-nt/nt.44.nhr 148534336 0644 1
2019/11/22 19:12:25.64 #|1574449945.643267758|00#| work_queue_worker[1] wq: Putting file file-0-25930e3036f13852cb0b29694bbab611-nt/nt.44.nhr into workspace
2019/11/22 19:12:25.83 #|1574449945.835586678|00#| work_queue_worker[1] wq: rx from master: put file-0-25930e3036f13852cb0b29694bbab611-nt/nt.44.nhi 338004 0644 1
2019/11/22 19:12:25.83 #|1574449945.835630190|00#| work_queue_worker[1] wq: Putting file file-0-25930e3036f13852cb0b29694bbab611-nt/nt.44.nhi into workspace
2019/11/22 19:12:25.83 #|1574449945.836170185|00#| work_queue_worker[1] wq: rx from master: put file-0-25930e3036f13852cb0b29694bbab611-nt/nt.44.nnd 6955488 0644 1
2019/11/22 19:12:25.83 #|1574449945.836194424|00#| work_queue_worker[1] wq: Putting file file-0-25930e3036f13852cb0b29694bbab611-nt/nt.44.nnd into workspace
2019/11/22 19:12:25.84 #|1574449945.845209903|00#| work_queue_worker[1] wq: rx from master: put file-0-25930e3036f13852cb0b29694bbab611-nt/nt.44.nhd 14869748 0644 1
2019/11/22 19:12:25.84 #|1574449945.845252984|00#| work_queue_worker[1] wq: Putting file file-0-25930e3036f13852cb0b29694bbab611-nt/nt.44.nhd into workspace
2019/11/22 19:12:25.86 #|1574449945.864146655|00#| work_queue_worker[1] wq: rx from master: put file-0-25930e3036f13852cb0b29694bbab611-nt/nt.44.nsq 974099786 0644 1
2019/11/22 19:12:25.86 #|1574449945.864188832|00#| work_queue_worker[1] wq: Putting file file-0-25930e3036f13852cb0b29694bbab611-nt/nt.44.nsq into workspace
2019/11/22 19:12:27.10 #|1574449947.106805803|00#| work_queue_worker[1] wq: rx from master: put file-0-25930e3036f13852cb0b29694bbab611-nt/nt.44.nin 10134740 0644 1
2019/11/22 19:12:27.10 #|1574449947.106849745|00#| work_queue_worker[1] wq: Putting file file-0-25930e3036f13852cb0b29694bbab611-nt/nt.44.nin into workspace
2019/11/22 19:12:27.11 #|1574449947.120010823|00#| work_queue_worker[1] wq: rx from master: put file-0-25930e3036f13852cb0b29694bbab611-nt/nt.44.nsi 764650 0644 1
2019/11/22 19:12:27.12 #|1574449947.120054206|00#| work_queue_worker[1] wq: Putting file file-0-25930e3036f13852cb0b29694bbab611-nt/nt.44.nsi into workspace
2019/11/22 19:12:27.12 #|1574449947.121090016|00#| work_queue_worker[1] wq: rx from master: put file-0-25930e3036f13852cb0b29694bbab611-nt/nt.44.nsd 33299557 0644 1
2019/11/22 19:12:27.12 #|1574449947.121113859|00#| work_queue_worker[1] wq: Putting file file-0-25930e3036f13852cb0b29694bbab611-nt/nt.44.nsd into workspace
2019/11/22 19:12:27.16 #|1574449947.164018986|00#| work_queue_worker[1] wq: rx from master: put file-0-e12986ebc464dac7f0b0058f77809607-test.fasta.17 10120 0644 1
2019/11/22 19:12:27.16 #|1574449947.164063386|00#| work_queue_worker[1] wq: Putting file file-0-e12986ebc464dac7f0b0058f77809607-test.fasta.17 into workspace
2019/11/22 19:12:27.16 #|1574449947.164180197|00#| work_queue_worker[1] wq: rx from master: put file-0-daa9c57850b857b80eefebbca6aa18ce-blastall 7687410 0755 1
2019/11/22 19:12:27.16 #|1574449947.164209127|00#| work_queue_worker[1] wq: Putting file file-0-daa9c57850b857b80eefebbca6aa18ce-blastall into workspace
2019/11/22 19:12:27.17 #|1574449947.172135650|00#| work_queue_worker[1] wq: rx from master: task 3
2019/11/22 19:12:27.17 #|1574449947.172181686|00#| work_queue_worker[1] wq: rx from master: cmd 88
2019/11/22 19:12:27.17 #|1574449947.172195313|00#| work_queue_worker[1] wq: rx from master: ./blastall -p blastn -d nt/nt -i test.fasta.17 -o test.fasta.17.out 2> test.fasta.17.err
2019/11/22 19:12:27.17 #|1574449947.172203606|00#| work_queue_worker[1] wq: rx from master: category default
2019/11/22 19:12:27.17 #|1574449947.172213047|00#| work_queue_worker[1] wq: rx from master: cores 1
2019/11/22 19:12:27.17 #|1574449947.172222954|00#| work_queue_worker[1] wq: rx from master: memory 11908
2019/11/22 19:12:27.17 #|1574449947.172232476|00#| work_queue_worker[1] wq: rx from master: disk 2388
2019/11/22 19:12:27.17 #|1574449947.172241815|00#| work_queue_worker[1] wq: rx from master: gpus 0
2019/11/22 19:12:27.17 #|1574449947.172251630|00#| work_queue_worker[1] wq: rx from master: end_time 18446744073709551615
2019/11/22 19:12:27.17 #|1574449947.172262388|00#| work_queue_worker[1] wq: rx from master: wall_time 18446744073709551615
2019/11/22 19:12:27.17 #|1574449947.172272289|00#| work_queue_worker[1] wq: rx from master: env 7
2019/11/22 19:12:27.17 #|1574449947.172284826|00#| work_queue_worker[1] wq: rx from master: env 17
2019/11/22 19:12:27.17 #|1574449947.172296543|00#| work_queue_worker[1] wq: rx from master: infile file-0-25930e3036f13852cb0b29694bbab611-nt nt 1
2019/11/22 19:12:27.17 #|1574449947.172317688|00#| work_queue_worker[1] wq: rx from master: infile file-0-e12986ebc464dac7f0b0058f77809607-test.fasta.17 test.fasta.17 1
2019/11/22 19:12:27.17 #|1574449947.172335670|00#| work_queue_worker[1] wq: rx from master: infile file-0-daa9c57850b857b80eefebbca6aa18ce-blastall blastall 1
2019/11/22 19:12:27.17 #|1574449947.172351940|00#| work_queue_worker[1] wq: rx from master: outfile file-0-a129512727b8611dd481b510083b1e5a-test.fasta.17.err test.fasta.17.err 1
2019/11/22 19:12:27.17 #|1574449947.172369577|00#| work_queue_worker[1] wq: rx from master: outfile file-0-31cc3d9edc6c94c4f306d137aed5bbf6-test.fasta.17.out test.fasta.17.out 1
2019/11/22 19:12:27.17 #|1574449947.172386502|00#| work_queue_worker[1] wq: rx from master: end
2019/11/22 19:12:27.17 #|1574449947.172519863|00#| work_queue_worker[1] wq: linking cache/file-0-25930e3036f13852cb0b29694bbab611-nt to /tmp/worker-0-1/t.3/nt
2019/11/22 19:12:27.17 #|1574449947.172751454|00#| work_queue_worker[1] wq: linking cache/file-0-e12986ebc464dac7f0b0058f77809607-test.fasta.17 to /tmp/worker-0-1/t.3/test.fasta.17
2019/11/22 19:12:27.17 #|1574449947.172786876|00#| work_queue_worker[1] wq: linking cache/file-0-daa9c57850b857b80eefebbca6aa18ce-blastall to /tmp/worker-0-1/t.3/blastall
2019/11/22 19:12:27.17 #|1574449947.173016651|00#| work_queue_worker[1] wq: started process 9: ./blastall -p blastn -d nt/nt -i test.fasta.17 -o test.fasta.17.out 2> test.fasta.17.err
2019/11/22 19:12:27.17 #|1574449947.173049575|00#| work_queue_worker[1] wq: tx to master: info tasks_running 1
2019/11/22 19:12:44.20 #|1574449964.201665244|00#| work_queue_worker[1] wq: task 3 (pid 9) exited normally with exit code 0
2019/11/22 19:12:44.20 #|1574449964.201699586|00#| work_queue_worker[1] wq: moving output file from /tmp/worker-0-1/t.3/test.fasta.17.err to cache/file-0-a129512727b8611dd481b510083b1e5a-test.fasta.17.err
2019/11/22 19:12:44.20 #|1574449964.201761129|00#| work_queue_worker[1] wq: moving output file from /tmp/worker-0-1/t.3/test.fasta.17.out to cache/file-0-31cc3d9edc6c94c4f306d137aed5bbf6-test.fasta.17.out
2019/11/22 19:12:44.20 #|1574449964.201793468|00#| work_queue_worker[1] wq: tx to master: available_results
2019/11/22 19:14:28.41 #|1574450068.416385645|00#| work_queue_worker[1] wq: rx from master: send_results -1
2019/11/22 19:14:28.41 #|1574450068.416445807|00#| work_queue_worker[1] wq: tx to master: result 0 0 0 17028848 3
2019/11/22 19:14:28.41 #|1574450068.416531781|00#| work_queue_worker[1] wq: tx to master: info tasks_running 0
2019/11/22 19:14:28.41 #|1574450068.416594956|00#| work_queue_worker[1] wq: tx to master: end
2019/11/22 19:14:28.41 #|1574450068.416830493|00#| work_queue_worker[1] wq: rx from master: get file-0-a129512727b8611dd481b510083b1e5a-test.fasta.17.err 1
2019/11/22 19:14:28.41 #|1574450068.416866149|00#| work_queue_worker[1] wq: tx to master: file file-0-a129512727b8611dd481b510083b1e5a-test.fasta.17.err 0
2019/11/22 19:14:28.41 #|1574450068.416920060|00#| work_queue_worker[1] wq: tx to master: end
2019/11/22 19:14:28.41 #|1574450068.417229374|00#| work_queue_worker[1] wq: rx from master: get file-0-31cc3d9edc6c94c4f306d137aed5bbf6-test.fasta.17.out 1
2019/11/22 19:14:28.41 #|1574450068.417260539|00#| work_queue_worker[1] wq: tx to master: file file-0-31cc3d9edc6c94c4f306d137aed5bbf6-test.fasta.17.out 142847
2019/11/22 19:14:28.41 #|1574450068.417599678|00#| work_queue_worker[1] wq: tx to master: end
2019/11/22 19:14:28.41 #|1574450068.417845037|00#| work_queue_worker[1] wq: rx from master: kill 3
2019/11/22 19:14:28.44 #|1574450068.442444449|00#| work_queue_worker[1] wq: rx from master: put file-0-e046ec692c0ced962d3265bfe7245360-test.fasta.14 10120 0644 1
2019/11/22 19:14:28.44 #|1574450068.442490133|00#| work_queue_worker[1] wq: Putting file file-0-e046ec692c0ced962d3265bfe7245360-test.fasta.14 into workspace
2019/11/22 19:14:28.44 #|1574450068.442702676|00#| work_queue_worker[1] wq: rx from master: task 6
2019/11/22 19:14:28.44 #|1574450068.442733895|00#| work_queue_worker[1] wq: rx from master: cmd 88
2019/11/22 19:14:28.44 #|1574450068.442754917|00#| work_queue_worker[1] wq: rx from master: ./blastall -p blastn -d nt/nt -i test.fasta.14 -o test.fasta.14.out 2> test.fasta.14.err
2019/11/22 19:14:28.44 #|1574450068.443534092|00#| work_queue_worker[1] wq: rx from master: category default
2019/11/22 19:14:28.44 #|1574450068.443551220|00#| work_queue_worker[1] wq: rx from master: cores 1
2019/11/22 19:14:28.44 #|1574450068.443561130|00#| work_queue_worker[1] wq: rx from master: memory 11908
2019/11/22 19:14:28.44 #|1574450068.443570272|00#| work_queue_worker[1] wq: rx from master: disk 2388
2019/11/22 19:14:28.44 #|1574450068.443578980|00#| work_queue_worker[1] wq: rx from master: gpus 0
2019/11/22 19:14:28.44 #|1574450068.443619174|00#| work_queue_worker[1] wq: rx from master: end_time 18446744073709551615
2019/11/22 19:14:28.44 #|1574450068.443633803|00#| work_queue_worker[1] wq: rx from master: wall_time 18446744073709551615
2019/11/22 19:14:28.44 #|1574450068.443643177|00#| work_queue_worker[1] wq: rx from master: env 7
2019/11/22 19:14:28.44 #|1574450068.443656384|00#| work_queue_worker[1] wq: rx from master: env 17
2019/11/22 19:14:28.44 #|1574450068.443672362|00#| work_queue_worker[1] wq: rx from master: infile file-0-25930e3036f13852cb0b29694bbab611-nt nt 1
2019/11/22 19:14:28.44 #|1574450068.443696610|00#| work_queue_worker[1] wq: rx from master: infile file-0-e046ec692c0ced962d3265bfe7245360-test.fasta.14 test.fasta.14 1
2019/11/22 19:14:28.44 #|1574450068.443718000|00#| work_queue_worker[1] wq: rx from master: infile file-0-daa9c57850b857b80eefebbca6aa18ce-blastall blastall 1
2019/11/22 19:14:28.44 #|1574450068.443751868|00#| work_queue_worker[1] wq: rx from master: outfile file-0-5904a03317e7e6566913b82983b96829-test.fasta.14.err test.fasta.14.err 1
2019/11/22 19:14:28.44 #|1574450068.443771242|00#| work_queue_worker[1] wq: rx from master: outfile file-0-6e7fd2228b2f7120a5a28bea1aa8b41f-test.fasta.14.out test.fasta.14.out 1
2019/11/22 19:14:28.44 #|1574450068.443787618|00#| work_queue_worker[1] wq: rx from master: end
2019/11/22 19:14:28.44 #|1574450068.443890352|00#| work_queue_worker[1] wq: linking cache/file-0-25930e3036f13852cb0b29694bbab611-nt to /tmp/worker-0-1/t.6/nt
2019/11/22 19:14:28.44 #|1574450068.444117766|00#| work_queue_worker[1] wq: linking cache/file-0-e046ec692c0ced962d3265bfe7245360-test.fasta.14 to /tmp/worker-0-1/t.6/test.fasta.14
2019/11/22 19:14:28.44 #|1574450068.444162186|00#| work_queue_worker[1] wq: linking cache/file-0-daa9c57850b857b80eefebbca6aa18ce-blastall to /tmp/worker-0-1/t.6/blastall
2019/11/22 19:14:28.44 #|1574450068.444353237|00#| work_queue_worker[1] wq: started process 11: ./blastall -p blastn -d nt/nt -i test.fasta.14 -o test.fasta.14.out 2> test.fasta.14.err
2019/11/22 19:14:28.44 #|1574450068.444385866|00#| work_queue_worker[1] wq: tx to master: info tasks_running 1
2019/11/22 19:14:42.74 #|1574450082.743293327|00#| work_queue_worker[1] wq: task 6 (pid 11) exited normally with exit code 0
2019/11/22 19:14:42.74 #|1574450082.743325112|00#| work_queue_worker[1] wq: moving output file from /tmp/worker-0-1/t.6/test.fasta.14.err to cache/file-0-5904a03317e7e6566913b82983b96829-test.fasta.14.err
2019/11/22 19:14:42.74 #|1574450082.743381400|00#| work_queue_worker[1] wq: moving output file from /tmp/worker-0-1/t.6/test.fasta.14.out to cache/file-0-6e7fd2228b2f7120a5a28bea1aa8b41f-test.fasta.14.out
2019/11/22 19:14:42.74 #|1574450082.743411357|00#| work_queue_worker[1] wq: tx to master: available_results
2019/11/22 19:16:31.01 #|1574450191.16244362|00#| work_queue_worker[1] wq: rx from master: send_results -1
2019/11/22 19:16:31.01 #|1574450191.16289855|00#| work_queue_worker[1] wq: tx to master: result 0 0 0 14299105 6
2019/11/22 19:16:31.01 #|1574450191.16375674|00#| work_queue_worker[1] wq: tx to master: info tasks_running 0
2019/11/22 19:16:31.01 #|1574450191.16433473|00#| work_queue_worker[1] wq: tx to master: end
2019/11/22 19:16:31.01 #|1574450191.16660391|00#| work_queue_worker[1] wq: rx from master: get file-0-5904a03317e7e6566913b82983b96829-test.fasta.14.err 1
2019/11/22 19:16:31.01 #|1574450191.16702746|00#| work_queue_worker[1] wq: tx to master: file file-0-5904a03317e7e6566913b82983b96829-test.fasta.14.err 0
2019/11/22 19:16:31.01 #|1574450191.16755073|00#| work_queue_worker[1] wq: tx to master: end
2019/11/22 19:16:31.01 #|1574450191.17048727|00#| work_queue_worker[1] wq: rx from master: get file-0-6e7fd2228b2f7120a5a28bea1aa8b41f-test.fasta.14.out 1
2019/11/22 19:16:31.01 #|1574450191.17083167|00#| work_queue_worker[1] wq: tx to master: file file-0-6e7fd2228b2f7120a5a28bea1aa8b41f-test.fasta.14.out 18451
2019/11/22 19:16:31.01 #|1574450191.17239410|00#| work_queue_worker[1] wq: tx to master: end
2019/11/22 19:16:31.01 #|1574450191.17403057|00#| work_queue_worker[1] wq: rx from master: kill 6
2019/11/22 19:16:31.04 #|1574450191.49391158|00#| work_queue_worker[1] wq: rx from master: put file-0-5d44d8f82cbb3f9ecaf466b060d01edb-test.fasta.11 10120 0644 1
2019/11/22 19:16:31.04 #|1574450191.49438472|00#| work_queue_worker[1] wq: Putting file file-0-5d44d8f82cbb3f9ecaf466b060d01edb-test.fasta.11 into workspace
2019/11/22 19:16:31.04 #|1574450191.49633006|00#| work_queue_worker[1] wq: rx from master: task 9
2019/11/22 19:16:31.04 #|1574450191.49719955|00#| work_queue_worker[1] wq: rx from master: cmd 88
2019/11/22 19:16:31.04 #|1574450191.49743639|00#| work_queue_worker[1] wq: rx from master: ./blastall -p blastn -d nt/nt -i test.fasta.11 -o test.fasta.11.out 2> test.fasta.11.err
2019/11/22 19:16:31.04 #|1574450191.49818304|00#| work_queue_worker[1] wq: rx from master: category default
2019/11/22 19:16:31.04 #|1574450191.49842287|00#| work_queue_worker[1] wq: rx from master: cores 1
2019/11/22 19:16:31.04 #|1574450191.49924994|00#| work_queue_worker[1] wq: rx from master: memory 11908
2019/11/22 19:16:31.04 #|1574450191.49950211|00#| work_queue_worker[1] wq: rx from master: disk 2388
2019/11/22 19:16:31.05 #|1574450191.50029952|00#| work_queue_worker[1] wq: rx from master: gpus 0
2019/11/22 19:16:31.05 #|1574450191.50055288|00#| work_queue_worker[1] wq: rx from master: end_time 18446744073709551615
2019/11/22 19:16:31.05 #|1574450191.50136527|00#| work_queue_worker[1] wq: rx from master: wall_time 18446744073709551615
2019/11/22 19:16:31.05 #|1574450191.50162263|00#| work_queue_worker[1] wq: rx from master: env 7
2019/11/22 19:16:31.05 #|1574450191.50245605|00#| work_queue_worker[1] wq: rx from master: env 17
2019/11/22 19:16:31.05 #|1574450191.50284227|00#| work_queue_worker[1] wq: rx from master: infile file-0-25930e3036f13852cb0b29694bbab611-nt nt 1
2019/11/22 19:16:31.05 #|1574450191.50356547|00#| work_queue_worker[1] wq: rx from master: infile file-0-5d44d8f82cbb3f9ecaf466b060d01edb-test.fasta.11 test.fasta.11 1
2019/11/22 19:16:31.05 #|1574450191.50394652|00#| work_queue_worker[1] wq: rx from master: infile file-0-daa9c57850b857b80eefebbca6aa18ce-blastall blastall 1
2019/11/22 19:16:31.05 #|1574450191.50461375|00#| work_queue_worker[1] wq: rx from master: outfile file-0-1ec6f60204ab1e932b38cec0b78303f1-test.fasta.11.err test.fasta.11.err 1
2019/11/22 19:16:31.05 #|1574450191.50500561|00#| work_queue_worker[1] wq: rx from master: outfile file-0-b2dcb7cd97b86e43787e05023fc40494-test.fasta.11.out test.fasta.11.out 1
2019/11/22 19:16:31.05 #|1574450191.50641128|00#| work_queue_worker[1] wq: rx from master: end
2019/11/22 19:16:31.05 #|1574450191.50800590|00#| work_queue_worker[1] wq: linking cache/file-0-25930e3036f13852cb0b29694bbab611-nt to /tmp/worker-0-1/t.9/nt
2019/11/22 19:16:31.05 #|1574450191.51147088|00#| work_queue_worker[1] wq: linking cache/file-0-5d44d8f82cbb3f9ecaf466b060d01edb-test.fasta.11 to /tmp/worker-0-1/t.9/test.fasta.11
2019/11/22 19:16:31.05 #|1574450191.51207139|00#| work_queue_worker[1] wq: linking cache/file-0-daa9c57850b857b80eefebbca6aa18ce-blastall to /tmp/worker-0-1/t.9/blastall
2019/11/22 19:16:31.05 #|1574450191.51493693|00#| work_queue_worker[1] wq: started process 13: ./blastall -p blastn -d nt/nt -i test.fasta.11 -o test.fasta.11.out 2> test.fasta.11.err
2019/11/22 19:16:31.05 #|1574450191.51549301|00#| work_queue_worker[1] wq: tx to master: info tasks_running 1
2019/11/22 19:16:31.53 #|1574450191.537415518|00#| work_queue_worker[1] wq: rx from master: check
2019/11/22 19:16:31.53 #|1574450191.537449288|00#| work_queue_worker[1] wq: tx to master: alive
2019/11/22 19:16:31.53 #|1574450191.537553808|00#| work_queue_worker[1] wq: tx to master: info tasks_running 1
2019/11/22 19:16:45.58 #|1574450205.580122604|00#| work_queue_worker[1] wq: task 9 (pid 13) exited normally with exit code 0
2019/11/22 19:16:45.58 #|1574450205.580157882|00#| work_queue_worker[1] wq: moving output file from /tmp/worker-0-1/t.9/test.fasta.11.err to cache/file-0-1ec6f60204ab1e932b38cec0b78303f1-test.fasta.11.err
2019/11/22 19:16:45.58 #|1574450205.580250925|00#| work_queue_worker[1] wq: moving output file from /tmp/worker-0-1/t.9/test.fasta.11.out to cache/file-0-b2dcb7cd97b86e43787e05023fc40494-test.fasta.11.out
2019/11/22 19:16:45.58 #|1574450205.580305552|00#| work_queue_worker[1] wq: tx to master: available_results
2019/11/22 19:16:45.69 #|1574450205.699857471|00#| work_queue_worker[1] wq: rx from master: send_results -1
2019/11/22 19:16:45.69 #|1574450205.699892818|00#| work_queue_worker[1] wq: tx to master: result 0 0 0 14528853 9
2019/11/22 19:16:45.69 #|1574450205.699977788|00#| work_queue_worker[1] wq: tx to master: info tasks_running 0
2019/11/22 19:16:45.70 #|1574450205.700033250|00#| work_queue_worker[1] wq: tx to master: end
2019/11/22 19:16:45.70 #|1574450205.700302938|00#| work_queue_worker[1] wq: rx from master: get file-0-1ec6f60204ab1e932b38cec0b78303f1-test.fasta.11.err 1
2019/11/22 19:16:45.70 #|1574450205.700345815|00#| work_queue_worker[1] wq: tx to master: file file-0-1ec6f60204ab1e932b38cec0b78303f1-test.fasta.11.err 0
2019/11/22 19:16:45.70 #|1574450205.700404586|00#| work_queue_worker[1] wq: tx to master: end
2019/11/22 19:16:45.70 #|1574450205.700709541|00#| work_queue_worker[1] wq: rx from master: get file-0-b2dcb7cd97b86e43787e05023fc40494-test.fasta.11.out 1
2019/11/22 19:16:45.70 #|1574450205.700745515|00#| work_queue_worker[1] wq: tx to master: file file-0-b2dcb7cd97b86e43787e05023fc40494-test.fasta.11.out 44259
2019/11/22 19:16:45.70 #|1574450205.700974602|00#| work_queue_worker[1] wq: tx to master: end
2019/11/22 19:16:45.70 #|1574450205.701187152|00#| work_queue_worker[1] wq: rx from master: kill 9
2019/11/22 19:16:45.70 #|1574450205.701768333|00#| work_queue_worker[1] wq: rx from master: put file-0-9f04d57561db456f4f47dcdca9feb103-test.fasta.7 10110 0644 1
2019/11/22 19:16:45.70 #|1574450205.701813248|00#| work_queue_worker[1] wq: Putting file file-0-9f04d57561db456f4f47dcdca9feb103-test.fasta.7 into workspace
2019/11/22 19:16:45.70 #|1574450205.701934794|00#| work_queue_worker[1] wq: rx from master: task 13
2019/11/22 19:16:45.70 #|1574450205.701955772|00#| work_queue_worker[1] wq: rx from master: cmd 85
2019/11/22 19:16:45.70 #|1574450205.701996694|00#| work_queue_worker[1] wq: rx from master: ./blastall -p blastn -d nt/nt -i test.fasta.7 -o test.fasta.7.out 2> test.fasta.7.err
2019/11/22 19:16:45.70 #|1574450205.702008510|00#| work_queue_worker[1] wq: rx from master: category default
2019/11/22 19:16:45.70 #|1574450205.702041479|00#| work_queue_worker[1] wq: rx from master: cores 1
2019/11/22 19:16:45.70 #|1574450205.702054645|00#| work_queue_worker[1] wq: rx from master: memory 11908
2019/11/22 19:16:45.70 #|1574450205.702066108|00#| work_queue_worker[1] wq: rx from master: disk 2388
2019/11/22 19:16:45.70 #|1574450205.702143718|00#| work_queue_worker[1] wq: rx from master: gpus 0
2019/11/22 19:16:45.70 #|1574450205.702187798|00#| work_queue_worker[1] wq: rx from master: end_time 18446744073709551615
2019/11/22 19:16:45.70 #|1574450205.702201906|00#| work_queue_worker[1] wq: rx from master: wall_time 18446744073709551615
2019/11/22 19:16:45.70 #|1574450205.702213823|00#| work_queue_worker[1] wq: rx from master: env 7
2019/11/22 19:16:45.70 #|1574450205.702252425|00#| work_queue_worker[1] wq: rx from master: env 17
2019/11/22 19:16:45.70 #|1574450205.702270795|00#| work_queue_worker[1] wq: rx from master: infile file-0-25930e3036f13852cb0b29694bbab611-nt nt 1
2019/11/22 19:16:45.70 #|1574450205.702359138|00#| work_queue_worker[1] wq: rx from master: infile file-0-9f04d57561db456f4f47dcdca9feb103-test.fasta.7 test.fasta.7 1
2019/11/22 19:16:45.70 #|1574450205.702413725|00#| work_queue_worker[1] wq: rx from master: infile file-0-daa9c57850b857b80eefebbca6aa18ce-blastall blastall 1
2019/11/22 19:16:45.70 #|1574450205.702435394|00#| work_queue_worker[1] wq: rx from master: outfile file-0-d08e27aac9e49582c455b76197081fb3-test.fasta.7.err test.fasta.7.err 1
2019/11/22 19:16:45.70 #|1574450205.702490188|00#| work_queue_worker[1] wq: rx from master: outfile file-0-c17c0db997ae1cdb7af1ea386e447bb4-test.fasta.7.out test.fasta.7.out 1
2019/11/22 19:16:45.70 #|1574450205.702542400|00#| work_queue_worker[1] wq: rx from master: end
2019/11/22 19:16:45.70 #|1574450205.702650965|00#| work_queue_worker[1] wq: linking cache/file-0-25930e3036f13852cb0b29694bbab611-nt to /tmp/worker-0-1/t.13/nt
2019/11/22 19:16:45.70 #|1574450205.702859395|00#| work_queue_worker[1] wq: linking cache/file-0-9f04d57561db456f4f47dcdca9feb103-test.fasta.7 to /tmp/worker-0-1/t.13/test.fasta.7
2019/11/22 19:16:45.70 #|1574450205.702892995|00#| work_queue_worker[1] wq: linking cache/file-0-daa9c57850b857b80eefebbca6aa18ce-blastall to /tmp/worker-0-1/t.13/blastall
2019/11/22 19:16:45.70 #|1574450205.703073249|00#| work_queue_worker[1] wq: started process 15: ./blastall -p blastn -d nt/nt -i test.fasta.7 -o test.fasta.7.out 2> test.fasta.7.err
2019/11/22 19:16:45.70 #|1574450205.703106433|00#| work_queue_worker[1] wq: tx to master: info tasks_running 1
2019/11/22 19:17:00.18 #|1574450220.188847687|00#| work_queue_worker[1] wq: task 13 (pid 15) exited normally with exit code 0
2019/11/22 19:17:00.18 #|1574450220.188873484|00#| work_queue_worker[1] wq: moving output file from /tmp/worker-0-1/t.13/test.fasta.7.err to cache/file-0-d08e27aac9e49582c455b76197081fb3-test.fasta.7.err
2019/11/22 19:17:00.18 #|1574450220.188931199|00#| work_queue_worker[1] wq: moving output file from /tmp/worker-0-1/t.13/test.fasta.7.out to cache/file-0-c17c0db997ae1cdb7af1ea386e447bb4-test.fasta.7.out
2019/11/22 19:17:00.18 #|1574450220.189236863|00#| work_queue_worker[1] wq: tx to master: available_results
2019/11/22 19:17:00.18 #|1574450220.189543699|00#| work_queue_worker[1] wq: rx from master: send_results -1
2019/11/22 19:17:00.18 #|1574450220.189582307|00#| work_queue_worker[1] wq: tx to master: result 0 0 0 14485931 13
2019/11/22 19:17:00.18 #|1574450220.189648721|00#| work_queue_worker[1] wq: tx to master: info tasks_running 0
2019/11/22 19:17:00.18 #|1574450220.189697425|00#| work_queue_worker[1] wq: tx to master: end
2019/11/22 19:17:00.18 #|1574450220.189966046|00#| work_queue_worker[1] wq: rx from master: get file-0-d08e27aac9e49582c455b76197081fb3-test.fasta.7.err 1
2019/11/22 19:17:00.18 #|1574450220.190005162|00#| work_queue_worker[1] wq: tx to master: file file-0-d08e27aac9e49582c455b76197081fb3-test.fasta.7.err 0
2019/11/22 19:17:00.19 #|1574450220.190058402|00#| work_queue_worker[1] wq: tx to master: end
2019/11/22 19:17:00.19 #|1574450220.190325659|00#| work_queue_worker[1] wq: rx from master: get file-0-c17c0db997ae1cdb7af1ea386e447bb4-test.fasta.7.out 1
2019/11/22 19:17:00.19 #|1574450220.190359427|00#| work_queue_worker[1] wq: tx to master: file file-0-c17c0db997ae1cdb7af1ea386e447bb4-test.fasta.7.out 20517
2019/11/22 19:17:00.19 #|1574450220.190562013|00#| work_queue_worker[1] wq: tx to master: end
2019/11/22 19:17:00.19 #|1574450220.190828225|00#| work_queue_worker[1] wq: rx from master: kill 13
2019/11/22 19:17:00.19 #|1574450220.191420578|00#| work_queue_worker[1] wq: rx from master: put file-0-f7c60c99710a0f95199d7cf4150bb754-test.fasta.3 10110 0644 1
2019/11/22 19:17:00.19 #|1574450220.191450117|00#| work_queue_worker[1] wq: Putting file file-0-f7c60c99710a0f95199d7cf4150bb754-test.fasta.3 into workspace
2019/11/22 19:17:00.19 #|1574450220.191570581|00#| work_queue_worker[1] wq: rx from master: task 17
2019/11/22 19:17:00.19 #|1574450220.191589632|00#| work_queue_worker[1] wq: rx from master: cmd 85
2019/11/22 19:17:00.19 #|1574450220.191601368|00#| work_queue_worker[1] wq: rx from master: ./blastall -p blastn -d nt/nt -i test.fasta.3 -o test.fasta.3.out 2> test.fasta.3.err
2019/11/22 19:17:00.19 #|1574450220.191642710|00#| work_queue_worker[1] wq: rx from master: category default
2019/11/22 19:17:00.19 #|1574450220.191656466|00#| work_queue_worker[1] wq: rx from master: cores 1
2019/11/22 19:17:00.19 #|1574450220.191666622|00#| work_queue_worker[1] wq: rx from master: memory 11908
2019/11/22 19:17:00.19 #|1574450220.191703139|00#| work_queue_worker[1] wq: rx from master: disk 2388
2019/11/22 19:17:00.19 #|1574450220.191717285|00#| work_queue_worker[1] wq: rx from master: gpus 0
2019/11/22 19:17:00.19 #|1574450220.191730172|00#| work_queue_worker[1] wq: rx from master: end_time 18446744073709551615
2019/11/22 19:17:00.19 #|1574450220.191763588|00#| work_queue_worker[1] wq: rx from master: wall_time 18446744073709551615
2019/11/22 19:17:00.19 #|1574450220.191779324|00#| work_queue_worker[1] wq: rx from master: env 7
2019/11/22 19:17:00.19 #|1574450220.191863752|00#| work_queue_worker[1] wq: rx from master: env 17
2019/11/22 19:17:00.19 #|1574450220.191911279|00#| work_queue_worker[1] wq: rx from master: infile file-0-25930e3036f13852cb0b29694bbab611-nt nt 1
2019/11/22 19:17:00.19 #|1574450220.191939702|00#| work_queue_worker[1] wq: rx from master: infile file-0-f7c60c99710a0f95199d7cf4150bb754-test.fasta.3 test.fasta.3 1
2019/11/22 19:17:00.19 #|1574450220.191982404|00#| work_queue_worker[1] wq: rx from master: infile file-0-daa9c57850b857b80eefebbca6aa18ce-blastall blastall 1
2019/11/22 19:17:00.19 #|1574450220.192004280|00#| work_queue_worker[1] wq: rx from master: outfile file-0-302dccbdb24a28605e16f14de1f6102d-test.fasta.3.err test.fasta.3.err 1
2019/11/22 19:17:00.19 #|1574450220.192049658|00#| work_queue_worker[1] wq: rx from master: outfile file-0-caef36134f56070ec9bbb5a29c17bfcb-test.fasta.3.out test.fasta.3.out 1
2019/11/22 19:17:00.19 #|1574450220.192072687|00#| work_queue_worker[1] wq: rx from master: end
2019/11/22 19:17:00.19 #|1574450220.192175642|00#| work_queue_worker[1] wq: linking cache/file-0-25930e3036f13852cb0b29694bbab611-nt to /tmp/worker-0-1/t.17/nt
2019/11/22 19:17:00.19 #|1574450220.192386757|00#| work_queue_worker[1] wq: linking cache/file-0-f7c60c99710a0f95199d7cf4150bb754-test.fasta.3 to /tmp/worker-0-1/t.17/test.fasta.3
2019/11/22 19:17:00.19 #|1574450220.192426020|00#| work_queue_worker[1] wq: linking cache/file-0-daa9c57850b857b80eefebbca6aa18ce-blastall to /tmp/worker-0-1/t.17/blastall
2019/11/22 19:17:00.19 #|1574450220.192598816|00#| work_queue_worker[1] wq: started process 17: ./blastall -p blastn -d nt/nt -i test.fasta.3 -o test.fasta.3.out 2> test.fasta.3.err
2019/11/22 19:17:00.19 #|1574450220.192631788|00#| work_queue_worker[1] wq: tx to master: info tasks_running 1
2019/11/22 19:17:14.47 #|1574450234.470360834|00#| work_queue_worker[1] wq: task 17 (pid 17) exited normally with exit code 0
2019/11/22 19:17:14.47 #|1574450234.470393829|00#| work_queue_worker[1] wq: moving output file from /tmp/worker-0-1/t.17/test.fasta.3.err to cache/file-0-302dccbdb24a28605e16f14de1f6102d-test.fasta.3.err
2019/11/22 19:17:14.47 #|1574450234.470455626|00#| work_queue_worker[1] wq: moving output file from /tmp/worker-0-1/t.17/test.fasta.3.out to cache/file-0-caef36134f56070ec9bbb5a29c17bfcb-test.fasta.3.out
2019/11/22 19:17:14.47 #|1574450234.470487414|00#| work_queue_worker[1] wq: tx to master: available_results
2019/11/22 19:17:14.47 #|1574450234.470841973|00#| work_queue_worker[1] wq: rx from master: send_results -1
2019/11/22 19:17:14.47 #|1574450234.470880818|00#| work_queue_worker[1] wq: tx to master: result 0 0 0 14277917 17
2019/11/22 19:17:14.47 #|1574450234.470937878|00#| work_queue_worker[1] wq: tx to master: info tasks_running 0
2019/11/22 19:17:14.47 #|1574450234.470984972|00#| work_queue_worker[1] wq: tx to master: end
2019/11/22 19:17:14.47 #|1574450234.471298398|00#| work_queue_worker[1] wq: rx from master: get file-0-302dccbdb24a28605e16f14de1f6102d-test.fasta.3.err 1
2019/11/22 19:17:14.47 #|1574450234.471338404|00#| work_queue_worker[1] wq: tx to master: file file-0-302dccbdb24a28605e16f14de1f6102d-test.fasta.3.err 0
2019/11/22 19:17:14.47 #|1574450234.471397473|00#| work_queue_worker[1] wq: tx to master: end
2019/11/22 19:17:14.47 #|1574450234.471714866|00#| work_queue_worker[1] wq: rx from master: get file-0-caef36134f56070ec9bbb5a29c17bfcb-test.fasta.3.out 1
2019/11/22 19:17:14.47 #|1574450234.471750557|00#| work_queue_worker[1] wq: tx to master: file file-0-caef36134f56070ec9bbb5a29c17bfcb-test.fasta.3.out 24326
2019/11/22 19:17:14.47 #|1574450234.471977347|00#| work_queue_worker[1] wq: tx to master: end
2019/11/22 19:17:14.47 #|1574450234.472183167|00#| work_queue_worker[1] wq: rx from master: kill 17
2019/11/22 19:17:14.47 #|1574450234.472819883|00#| work_queue_worker[1] wq: rx from master: put file-0-c3a7eea4528f3888f4f96bb51f86b0ae-test.fasta.4 10110 0644 1
2019/11/22 19:17:14.47 #|1574450234.472849067|00#| work_queue_worker[1] wq: Putting file file-0-c3a7eea4528f3888f4f96bb51f86b0ae-test.fasta.4 into workspace
2019/11/22 19:17:14.47 #|1574450234.472989578|00#| work_queue_worker[1] wq: rx from master: task 16
2019/11/22 19:17:14.47 #|1574450234.473010670|00#| work_queue_worker[1] wq: rx from master: cmd 85
2019/11/22 19:17:14.47 #|1574450234.473022552|00#| work_queue_worker[1] wq: rx from master: ./blastall -p blastn -d nt/nt -i test.fasta.4 -o test.fasta.4.out 2> test.fasta.4.err
2019/11/22 19:17:14.47 #|1574450234.473031244|00#| work_queue_worker[1] wq: rx from master: category default
2019/11/22 19:17:14.47 #|1574450234.473040564|00#| work_queue_worker[1] wq: rx from master: cores 1
2019/11/22 19:17:14.47 #|1574450234.473050617|00#| work_queue_worker[1] wq: rx from master: memory 11908
2019/11/22 19:17:14.47 #|1574450234.473087171|00#| work_queue_worker[1] wq: rx from master: disk 2388
2019/11/22 19:17:14.47 #|1574450234.473101141|00#| work_queue_worker[1] wq: rx from master: gpus 0
2019/11/22 19:17:14.47 #|1574450234.473111523|00#| work_queue_worker[1] wq: rx from master: end_time 18446744073709551615
2019/11/22 19:17:14.47 #|1574450234.473145384|00#| work_queue_worker[1] wq: rx from master: wall_time 18446744073709551615
2019/11/22 19:17:14.47 #|1574450234.473159481|00#| work_queue_worker[1] wq: rx from master: env 7
2019/11/22 19:17:14.47 #|1574450234.473174582|00#| work_queue_worker[1] wq: rx from master: env 17
2019/11/22 19:17:14.47 #|1574450234.473217909|00#| work_queue_worker[1] wq: rx from master: infile file-0-25930e3036f13852cb0b29694bbab611-nt nt 1
2019/11/22 19:17:14.47 #|1574450234.473248550|00#| work_queue_worker[1] wq: rx from master: infile file-0-c3a7eea4528f3888f4f96bb51f86b0ae-test.fasta.4 test.fasta.4 1
2019/11/22 19:17:14.47 #|1574450234.473290563|00#| work_queue_worker[1] wq: rx from master: infile file-0-daa9c57850b857b80eefebbca6aa18ce-blastall blastall 1
2019/11/22 19:17:14.47 #|1574450234.473314458|00#| work_queue_worker[1] wq: rx from master: outfile file-0-18635fc52bb3486f8a2adce9d09bea64-test.fasta.4.err test.fasta.4.err 1
2019/11/22 19:17:14.47 #|1574450234.473355775|00#| work_queue_worker[1] wq: rx from master: outfile file-0-2ecda4a7153ec50ab6f3ee0f11be83e6-test.fasta.4.out test.fasta.4.out 1
2019/11/22 19:17:14.47 #|1574450234.473379994|00#| work_queue_worker[1] wq: rx from master: end
2019/11/22 19:17:14.47 #|1574450234.473483480|00#| work_queue_worker[1] wq: linking cache/file-0-25930e3036f13852cb0b29694bbab611-nt to /tmp/worker-0-1/t.16/nt
2019/11/22 19:17:14.47 #|1574450234.473699792|00#| work_queue_worker[1] wq: linking cache/file-0-c3a7eea4528f3888f4f96bb51f86b0ae-test.fasta.4 to /tmp/worker-0-1/t.16/test.fasta.4
2019/11/22 19:17:14.47 #|1574450234.473732389|00#| work_queue_worker[1] wq: linking cache/file-0-daa9c57850b857b80eefebbca6aa18ce-blastall to /tmp/worker-0-1/t.16/blastall
2019/11/22 19:17:14.47 #|1574450234.473758315|00#| work_queue_worker[1] wq: Waiting task 16 has been forsaken.
2019/11/22 19:17:14.47 #|1574450234.473768259|00#| work_queue_worker[1] wq: tx to master: alive
2019/11/22 19:17:14.47 #|1574450234.473814927|00#| work_queue_worker[1] wq: Sending resource description to master:
2019/11/22 19:17:14.47 #|1574450234.473831608|00#| work_queue_worker[1] wq:  workers      0 inuse      1 total      1 smallest      1 largest
2019/11/22 19:17:14.47 #|1574450234.473869190|00#| work_queue_worker[1] wq:     disk   1295 inuse   2253 total   2253 smallest   2253 largest
2019/11/22 19:17:14.47 #|1574450234.473905575|00#| work_queue_worker[1] wq:   memory      0 inuse  11908 total  11908 smallest  11908 largest
2019/11/22 19:17:14.47 #|1574450234.473944507|00#| work_queue_worker[1] wq:     gpus      0 inuse      0 total      0 smallest      0 largest
2019/11/22 19:17:14.47 #|1574450234.473982141|00#| work_queue_worker[1] wq:    cores      0 inuse      1 total      1 smallest      1 largest
2019/11/22 19:17:14.47 #|1574450234.474039199|00#| work_queue_worker[1] wq: tx to master: info end_of_resource_update 0
2019/11/22 19:17:14.47 #|1574450234.474075862|00#| work_queue_worker[1] wq: tx to master: info tasks_running 0
2019/11/22 19:17:14.47 #|1574450234.474111644|00#| work_queue_worker[1] wq: tx to master: info tasks_running 0
2019/11/22 19:17:14.47 #|1574450234.474147242|00#| work_queue_worker[1] wq: tx to master: available_results
2019/11/22 19:17:14.47 #|1574450234.474524615|00#| work_queue_worker[1] wq: rx from master: send_results -1
2019/11/22 19:17:14.47 #|1574450234.474559113|00#| work_queue_worker[1] wq: tx to master: result 40 0 0 0 16
2019/11/22 19:17:14.47 #|1574450234.474614651|00#| work_queue_worker[1] wq: tx to master: info tasks_running 0
2019/11/22 19:17:14.47 #|1574450234.474655362|00#| work_queue_worker[1] wq: tx to master: end
2019/11/22 19:17:14.47 #|1574450234.474988924|00#| work_queue_worker[1] wq: rx from master: put file-0-861f258aeedab7469eb02fd8febc6d36-test.fasta.13 10120 0644 1
2019/11/22 19:17:14.47 #|1574450234.475015940|00#| work_queue_worker[1] wq: Putting file file-0-861f258aeedab7469eb02fd8febc6d36-test.fasta.13 into workspace
2019/11/22 19:17:14.47 #|1574450234.475121397|00#| work_queue_worker[1] wq: rx from master: task 7
2019/11/22 19:17:14.47 #|1574450234.475139246|00#| work_queue_worker[1] wq: rx from master: cmd 88
2019/11/22 19:17:14.47 #|1574450234.475149654|00#| work_queue_worker[1] wq: rx from master: ./blastall -p blastn -d nt/nt -i test.fasta.13 -o test.fasta.13.out 2> test.fasta.13.err
2019/11/22 19:17:14.47 #|1574450234.475157995|00#| work_queue_worker[1] wq: rx from master: category default
2019/11/22 19:17:14.47 #|1574450234.475199218|00#| work_queue_worker[1] wq: rx from master: cores 1
2019/11/22 19:17:14.47 #|1574450234.475213103|00#| work_queue_worker[1] wq: rx from master: memory 11908
2019/11/22 19:17:14.47 #|1574450234.475222808|00#| work_queue_worker[1] wq: rx from master: disk 2253
2019/11/22 19:17:14.47 #|1574450234.475234265|00#| work_queue_worker[1] wq: rx from master: gpus 0
2019/11/22 19:17:14.47 #|1574450234.475266068|00#| work_queue_worker[1] wq: rx from master: end_time 18446744073709551615
2019/11/22 19:17:14.47 #|1574450234.475281787|00#| work_queue_worker[1] wq: rx from master: wall_time 18446744073709551615
2019/11/22 19:17:14.47 #|1574450234.475385310|00#| work_queue_worker[1] wq: rx from master: env 7
2019/11/22 19:17:14.47 #|1574450234.475437247|00#| work_queue_worker[1] wq: rx from master: env 17
2019/11/22 19:17:14.47 #|1574450234.475455077|00#| work_queue_worker[1] wq: rx from master: infile file-0-25930e3036f13852cb0b29694bbab611-nt nt 1
2019/11/22 19:17:14.47 #|1574450234.475501494|00#| work_queue_worker[1] wq: rx from master: infile file-0-861f258aeedab7469eb02fd8febc6d36-test.fasta.13 test.fasta.13 1
2019/11/22 19:17:14.47 #|1574450234.475525277|00#| work_queue_worker[1] wq: rx from master: infile file-0-daa9c57850b857b80eefebbca6aa18ce-blastall blastall 1
2019/11/22 19:17:14.47 #|1574450234.475570072|00#| work_queue_worker[1] wq: rx from master: outfile file-0-a1e084cfb47df79ee8a2d374c2d9abba-test.fasta.13.err test.fasta.13.err 1
2019/11/22 19:17:14.47 #|1574450234.475594031|00#| work_queue_worker[1] wq: rx from master: outfile file-0-dc058f4294b64abb0a149cc97b0d5b94-test.fasta.13.out test.fasta.13.out 1
2019/11/22 19:17:14.47 #|1574450234.475613499|00#| work_queue_worker[1] wq: rx from master: end
2019/11/22 19:17:14.47 #|1574450234.475714757|00#| work_queue_worker[1] wq: linking cache/file-0-25930e3036f13852cb0b29694bbab611-nt to /tmp/worker-0-1/t.7/nt
2019/11/22 19:17:14.47 #|1574450234.475913573|00#| work_queue_worker[1] wq: linking cache/file-0-861f258aeedab7469eb02fd8febc6d36-test.fasta.13 to /tmp/worker-0-1/t.7/test.fasta.13
2019/11/22 19:17:14.47 #|1574450234.475947672|00#| work_queue_worker[1] wq: linking cache/file-0-daa9c57850b857b80eefebbca6aa18ce-blastall to /tmp/worker-0-1/t.7/blastall
2019/11/22 19:17:14.47 #|1574450234.476119831|00#| work_queue_worker[1] wq: started process 19: ./blastall -p blastn -d nt/nt -i test.fasta.13 -o test.fasta.13.out 2> test.fasta.13.err
2019/11/22 19:17:14.47 #|1574450234.476153037|00#| work_queue_worker[1] wq: tx to master: info tasks_running 1
2019/11/22 19:17:28.77 #|1574450248.775964460|00#| work_queue_worker[1] wq: task 7 (pid 19) exited normally with exit code 0
2019/11/22 19:17:28.77 #|1574450248.775989642|00#| work_queue_worker[1] wq: moving output file from /tmp/worker-0-1/t.7/test.fasta.13.err to cache/file-0-a1e084cfb47df79ee8a2d374c2d9abba-test.fasta.13.err
2019/11/22 19:17:28.77 #|1574450248.776046425|00#| work_queue_worker[1] wq: moving output file from /tmp/worker-0-1/t.7/test.fasta.13.out to cache/file-0-dc058f4294b64abb0a149cc97b0d5b94-test.fasta.13.out
2019/11/22 19:17:28.77 #|1574450248.776076365|00#| work_queue_worker[1] wq: tx to master: available_results
2019/11/22 19:17:28.77 #|1574450248.776378022|00#| work_queue_worker[1] wq: rx from master: send_results -1
2019/11/22 19:17:28.77 #|1574450248.776414853|00#| work_queue_worker[1] wq: tx to master: result 0 0 0 14299991 7
2019/11/22 19:17:28.77 #|1574450248.776472466|00#| work_queue_worker[1] wq: tx to master: info tasks_running 0
2019/11/22 19:17:28.77 #|1574450248.776520034|00#| work_queue_worker[1] wq: tx to master: end
2019/11/22 19:17:28.77 #|1574450248.776836246|00#| work_queue_worker[1] wq: rx from master: get file-0-a1e084cfb47df79ee8a2d374c2d9abba-test.fasta.13.err 1
2019/11/22 19:17:28.77 #|1574450248.776875228|00#| work_queue_worker[1] wq: tx to master: file file-0-a1e084cfb47df79ee8a2d374c2d9abba-test.fasta.13.err 0
2019/11/22 19:17:28.77 #|1574450248.776933677|00#| work_queue_worker[1] wq: tx to master: end
2019/11/22 19:17:28.77 #|1574450248.777228440|00#| work_queue_worker[1] wq: rx from master: get file-0-dc058f4294b64abb0a149cc97b0d5b94-test.fasta.13.out 1
2019/11/22 19:17:28.77 #|1574450248.777262043|00#| work_queue_worker[1] wq: tx to master: file file-0-dc058f4294b64abb0a149cc97b0d5b94-test.fasta.13.out 23659
2019/11/22 19:17:28.77 #|1574450248.777446006|00#| work_queue_worker[1] wq: tx to master: end
2019/11/22 19:17:28.77 #|1574450248.777621155|00#| work_queue_worker[1] wq: rx from master: kill 7
2019/11/22 19:17:28.77 #|1574450248.778168952|00#| work_queue_worker[1] wq: rx from master: task 16
2019/11/22 19:17:28.77 #|1574450248.778246893|00#| work_queue_worker[1] wq: rx from master: cmd 85
2019/11/22 19:17:28.77 #|1574450248.778269924|00#| work_queue_worker[1] wq: rx from master: ./blastall -p blastn -d nt/nt -i test.fasta.4 -o test.fasta.4.out 2> test.fasta.4.err
2019/11/22 19:17:28.77 #|1574450248.778282826|00#| work_queue_worker[1] wq: rx from master: category default
2019/11/22 19:17:28.77 #|1574450248.778333174|00#| work_queue_worker[1] wq: rx from master: cores 1
2019/11/22 19:17:28.77 #|1574450248.778353601|00#| work_queue_worker[1] wq: rx from master: memory 11908
2019/11/22 19:17:28.77 #|1574450248.778367678|00#| work_queue_worker[1] wq: rx from master: disk 2253
2019/11/22 19:17:28.77 #|1574450248.778418076|00#| work_queue_worker[1] wq: rx from master: gpus 0
2019/11/22 19:17:28.77 #|1574450248.778437716|00#| work_queue_worker[1] wq: rx from master: end_time 18446744073709551615
2019/11/22 19:17:28.77 #|1574450248.778489631|00#| work_queue_worker[1] wq: rx from master: wall_time 18446744073709551615
2019/11/22 19:17:28.77 #|1574450248.778531611|00#| work_queue_worker[1] wq: rx from master: env 7
2019/11/22 19:17:28.77 #|1574450248.778602368|00#| work_queue_worker[1] wq: rx from master: env 17
2019/11/22 19:17:28.77 #|1574450248.778627560|00#| work_queue_worker[1] wq: rx from master: infile file-0-25930e3036f13852cb0b29694bbab611-nt nt 1
2019/11/22 19:17:28.77 #|1574450248.778661205|00#| work_queue_worker[1] wq: rx from master: infile file-0-c3a7eea4528f3888f4f96bb51f86b0ae-test.fasta.4 test.fasta.4 1
2019/11/22 19:17:28.77 #|1574450248.778728506|00#| work_queue_worker[1] wq: rx from master: infile file-0-daa9c57850b857b80eefebbca6aa18ce-blastall blastall 1
2019/11/22 19:17:28.77 #|1574450248.778760327|00#| work_queue_worker[1] wq: rx from master: outfile file-0-18635fc52bb3486f8a2adce9d09bea64-test.fasta.4.err test.fasta.4.err 1
2019/11/22 19:17:28.77 #|1574450248.778790646|00#| work_queue_worker[1] wq: rx from master: outfile file-0-2ecda4a7153ec50ab6f3ee0f11be83e6-test.fasta.4.out test.fasta.4.out 1
2019/11/22 19:17:28.77 #|1574450248.778820663|00#| work_queue_worker[1] wq: rx from master: end
2019/11/22 19:17:28.77 #|1574450248.778942158|00#| work_queue_worker[1] wq: linking cache/file-0-25930e3036f13852cb0b29694bbab611-nt to /tmp/worker-0-1/t.16/nt
2019/11/22 19:17:28.77 #|1574450248.779020834|00#| work_queue_worker[1] wq: linking cache/file-0-c3a7eea4528f3888f4f96bb51f86b0ae-test.fasta.4 to /tmp/worker-0-1/t.16/test.fasta.4
2019/11/22 19:17:28.77 #|1574450248.779064893|00#| work_queue_worker[1] wq: linking cache/file-0-daa9c57850b857b80eefebbca6aa18ce-blastall to /tmp/worker-0-1/t.16/blastall
2019/11/22 19:17:28.77 #|1574450248.779280374|00#| work_queue_worker[1] wq: started process 21: ./blastall -p blastn -d nt/nt -i test.fasta.4 -o test.fasta.4.out 2> test.fasta.4.err
2019/11/22 19:17:28.77 #|1574450248.779326109|00#| work_queue_worker[1] wq: tx to master: info tasks_running 1
2019/11/22 19:17:42.34 #|1574450262.341255872|00#| work_queue_worker[1] wq: task 16 (pid 21) exited normally with exit code 0
2019/11/22 19:17:42.34 #|1574450262.341287034|00#| work_queue_worker[1] wq: moving output file from /tmp/worker-0-1/t.16/test.fasta.4.err to cache/file-0-18635fc52bb3486f8a2adce9d09bea64-test.fasta.4.err
2019/11/22 19:17:42.34 #|1574450262.341347167|00#| work_queue_worker[1] wq: moving output file from /tmp/worker-0-1/t.16/test.fasta.4.out to cache/file-0-2ecda4a7153ec50ab6f3ee0f11be83e6-test.fasta.4.out
2019/11/22 19:17:42.34 #|1574450262.341387446|00#| work_queue_worker[1] wq: tx to master: available_results
2019/11/22 19:17:42.34 #|1574450262.341679225|00#| work_queue_worker[1] wq: rx from master: send_results -1
2019/11/22 19:17:42.34 #|1574450262.341712376|00#| work_queue_worker[1] wq: tx to master: result 0 0 0 13562155 16
2019/11/22 19:17:42.34 #|1574450262.341767050|00#| work_queue_worker[1] wq: tx to master: info tasks_running 0
2019/11/22 19:17:42.34 #|1574450262.341816486|00#| work_queue_worker[1] wq: tx to master: end
2019/11/22 19:17:42.34 #|1574450262.342082587|00#| work_queue_worker[1] wq: rx from master: get file-0-18635fc52bb3486f8a2adce9d09bea64-test.fasta.4.err 1
2019/11/22 19:17:42.34 #|1574450262.342120983|00#| work_queue_worker[1] wq: tx to master: file file-0-18635fc52bb3486f8a2adce9d09bea64-test.fasta.4.err 0
2019/11/22 19:17:42.34 #|1574450262.342173045|00#| work_queue_worker[1] wq: tx to master: end
2019/11/22 19:17:42.34 #|1574450262.342441219|00#| work_queue_worker[1] wq: rx from master: get file-0-2ecda4a7153ec50ab6f3ee0f11be83e6-test.fasta.4.out 1
2019/11/22 19:17:42.34 #|1574450262.342471304|00#| work_queue_worker[1] wq: tx to master: file file-0-2ecda4a7153ec50ab6f3ee0f11be83e6-test.fasta.4.out 28822
2019/11/22 19:17:42.34 #|1574450262.342585106|00#| work_queue_worker[1] wq: tx to master: end
2019/11/22 19:17:42.34 #|1574450262.342981739|00#| work_queue_worker[1] wq: rx from master: kill 16
2019/11/22 19:17:42.42 #|1574450262.427728901|00#| work_queue_worker[1] wq: rx from master: release
2019/11/22 19:17:42.42 #|1574450262.427755176|00#| work_queue_worker[1] wq: released by master 10.0.100.2:1026.
2019/11/22 19:17:42.42 #|1574450262.427769972|00#| work_queue_worker[1] wq: cleaning workspace /tmp/worker-0-1
2019/11/22 19:17:42.62 #|1574450262.628529875|00#| work_queue_worker[1] wq: disconnecting from master 10.0.100.2:1026
2019/11/22 19:17:42.62 #|1574450262.628612447|00#| work_queue_worker[1] tcp: disconnected from 10.0.100.2 port 1026
2019/11/22 19:17:42.62 #|1574450262.628625496|00#| work_queue_worker[1] wq: killing all outstanding tasks
2019/11/22 19:17:42.62 #|1574450262.628636674|00#| work_queue_worker[1] wq: all data structures are clean
2019/11/22 19:17:43.62 #|1574450263.628991669|00#| work_queue_worker[1] debug: error reading disk usage on directory: ./cache.
2019/11/22 19:17:43.62 #|1574450263.629031972|00#| work_queue_worker[1] dns: looking up name master
2019/11/22 19:17:43.63 #|1574450263.630668799|00#| work_queue_worker[1] dns: couldn't look up master: Name or service not known
