2019/11/25 17:42:07.75 #|1574703727.756622195|00#| work_queue_worker[1] debug: /root/cctools/bin/work_queue_worker version 8.0.0 DEVELOPMENT (released 2019-11-14 15:35:16 +0000)
2019/11/25 17:42:07.75 #|1574703727.756657727|00#| work_queue_worker[1] debug: Built by root@7e9ecba79f43 on 2019-11-14 15:35:16 +0000
2019/11/25 17:42:07.75 #|1574703727.756668064|00#| work_queue_worker[1] debug: System: Linux 7e9ecba79f43 5.0.0-32-generic #34~18.04.2-Ubuntu SMP Thu Oct 10 10:36:02 UTC 2019 x86_64 x86_64 x86_64 GNU/Linux
2019/11/25 17:42:07.75 #|1574703727.756676700|00#| work_queue_worker[1] debug: Configuration: --prefix /root/cctools
2019/11/25 17:42:07.75 #|1574703727.756833236|00#| work_queue_worker[1] wq: WORK_QUEUE_SANDBOX set to /tmp/worker-0-1.
2019/11/25 17:42:07.75 #|1574703727.757264966|00#| work_queue_worker[1] debug: error reading disk usage on directory: ./cache.
2019/11/25 17:42:07.75 #|1574703727.757293825|00#| work_queue_worker[1] dns: looking up name master
2019/11/25 17:42:07.75 #|1574703727.757927917|00#| work_queue_worker[1] dns: master is 10.0.156.2
2019/11/25 17:42:07.75 #|1574703727.757958736|00#| work_queue_worker[1] tcp: connecting to 10.0.156.2 port 1026
2019/11/25 17:42:07.75 #|1574703727.758160666|00#| work_queue_worker[1] tcp: made connection to 10.0.156.2 port 1026
2019/11/25 17:42:07.75 #|1574703727.758180257|00#| work_queue_worker[1] wq: connected to master master:1026 via local address 10.0.156.9:37714
2019/11/25 17:42:07.75 #|1574703727.758189928|00#| work_queue_worker[1] wq: preparing workspace /tmp/worker-0-1
2019/11/25 17:42:07.75 #|1574703727.758291631|00#| work_queue_worker[1] dns: looking up name 32f42fb1306a
2019/11/25 17:42:07.75 #|1574703727.758332227|00#| work_queue_worker[1] dns: 32f42fb1306a is 10.0.156.9
2019/11/25 17:42:07.75 #|1574703727.758344371|00#| work_queue_worker[1] dns: looking up addr 10.0.156.9
2019/11/25 17:42:07.75 #|1574703727.758369544|00#| work_queue_worker[1] dns: 10.0.156.9 is 32f42fb1306a
2019/11/25 17:42:07.75 #|1574703727.758380196|00#| work_queue_worker[1] dns: finding my hostname: uname = 32f42fb1306a, address = 10.0.156.9, hostname = 32f42fb1306a
2019/11/25 17:42:07.75 #|1574703727.758390004|00#| work_queue_worker[1] wq: tx to master: workqueue 8 32f42fb1306a Linux x86_64 8.0.0
2019/11/25 17:42:07.75 #|1574703727.758459169|00#| work_queue_worker[1] wq: tx to master: info worker-id worker-73302d283797a8e9fab1723ec899facb
2019/11/25 17:42:07.75 #|1574703727.758533639|00#| work_queue_worker[1] wq: tx to master: alive
2019/11/25 17:42:07.75 #|1574703727.758609977|00#| work_queue_worker[1] wq: Sending resource description to master:
2019/11/25 17:42:07.75 #|1574703727.758625363|00#| work_queue_worker[1] wq:  workers      0 inuse      1 total      1 smallest      1 largest
2019/11/25 17:42:07.75 #|1574703727.758682124|00#| work_queue_worker[1] wq:     disk      0 inuse   2524 total   2524 smallest   2524 largest
2019/11/25 17:42:07.75 #|1574703727.758741344|00#| work_queue_worker[1] wq:   memory      0 inuse  11908 total  11908 smallest  11908 largest
2019/11/25 17:42:07.75 #|1574703727.758799638|00#| work_queue_worker[1] wq:     gpus      0 inuse      0 total      0 smallest      0 largest
2019/11/25 17:42:07.75 #|1574703727.758857743|00#| work_queue_worker[1] wq:    cores      0 inuse      7 total      7 smallest      7 largest
2019/11/25 17:42:07.75 #|1574703727.758951548|00#| work_queue_worker[1] wq: tx to master: info end_of_resource_update 0
2019/11/25 17:42:07.75 #|1574703727.759010472|00#| work_queue_worker[1] wq: tx to master: info tasks_running 0
2019/11/25 17:42:07.75 #|1574703727.759068097|00#| work_queue_worker[1] wq: working for master at 10.0.156.2:1026.
2019/11/25 17:44:02.26 #|1574703842.262886212|00#| work_queue_worker[1] wq: rx from master: put file-0-25930e3036f13852cb0b29694bbab611-nt/taxdb.bti 14920392 0644 1
2019/11/25 17:44:02.26 #|1574703842.262980063|00#| work_queue_worker[1] wq: Putting file file-0-25930e3036f13852cb0b29694bbab611-nt/taxdb.bti into workspace
2019/11/25 17:44:02.28 #|1574703842.286736827|00#| work_queue_worker[1] wq: rx from master: put file-0-25930e3036f13852cb0b29694bbab611-nt/nt.nal 752 0644 1
2019/11/25 17:44:02.28 #|1574703842.286777644|00#| work_queue_worker[1] wq: Putting file file-0-25930e3036f13852cb0b29694bbab611-nt/nt.nal into workspace
2019/11/25 17:44:02.28 #|1574703842.286856907|00#| work_queue_worker[1] wq: rx from master: put file-0-25930e3036f13852cb0b29694bbab611-nt/nt.44.nni 27220 0644 1
2019/11/25 17:44:02.28 #|1574703842.286878843|00#| work_queue_worker[1] wq: Putting file file-0-25930e3036f13852cb0b29694bbab611-nt/nt.44.nni into workspace
2019/11/25 17:44:02.28 #|1574703842.287134866|00#| work_queue_worker[1] wq: rx from master: put file-0-25930e3036f13852cb0b29694bbab611-nt/nt.44.nog 3378248 0644 1
2019/11/25 17:44:02.28 #|1574703842.287162413|00#| work_queue_worker[1] wq: Putting file file-0-25930e3036f13852cb0b29694bbab611-nt/nt.44.nog into workspace
2019/11/25 17:44:02.29 #|1574703842.291921360|00#| work_queue_worker[1] wq: rx from master: put file-0-25930e3036f13852cb0b29694bbab611-nt/taxdb.btd 141628361 0644 1
2019/11/25 17:44:02.29 #|1574703842.291961970|00#| work_queue_worker[1] wq: Putting file file-0-25930e3036f13852cb0b29694bbab611-nt/taxdb.btd into workspace
2019/11/25 17:44:02.47 #|1574703842.475350246|00#| work_queue_worker[1] wq: rx from master: put file-0-25930e3036f13852cb0b29694bbab611-nt/nt.44.nhr 148534336 0644 1
2019/11/25 17:44:02.47 #|1574703842.475397391|00#| work_queue_worker[1] wq: Putting file file-0-25930e3036f13852cb0b29694bbab611-nt/nt.44.nhr into workspace
2019/11/25 17:44:02.66 #|1574703842.667877693|00#| work_queue_worker[1] wq: rx from master: put file-0-25930e3036f13852cb0b29694bbab611-nt/nt.44.nhi 338004 0644 1
2019/11/25 17:44:02.66 #|1574703842.667921774|00#| work_queue_worker[1] wq: Putting file file-0-25930e3036f13852cb0b29694bbab611-nt/nt.44.nhi into workspace
2019/11/25 17:44:02.66 #|1574703842.668473520|00#| work_queue_worker[1] wq: rx from master: put file-0-25930e3036f13852cb0b29694bbab611-nt/nt.44.nnd 6955488 0644 1
2019/11/25 17:44:02.66 #|1574703842.668499267|00#| work_queue_worker[1] wq: Putting file file-0-25930e3036f13852cb0b29694bbab611-nt/nt.44.nnd into workspace
2019/11/25 17:44:02.67 #|1574703842.677602750|00#| work_queue_worker[1] wq: rx from master: put file-0-25930e3036f13852cb0b29694bbab611-nt/nt.44.nhd 14869748 0644 1
2019/11/25 17:44:02.67 #|1574703842.677647727|00#| work_queue_worker[1] wq: Putting file file-0-25930e3036f13852cb0b29694bbab611-nt/nt.44.nhd into workspace
2019/11/25 17:44:02.69 #|1574703842.697012194|00#| work_queue_worker[1] wq: rx from master: put file-0-25930e3036f13852cb0b29694bbab611-nt/nt.44.nsq 974099786 0644 1
2019/11/25 17:44:02.69 #|1574703842.697058804|00#| work_queue_worker[1] wq: Putting file file-0-25930e3036f13852cb0b29694bbab611-nt/nt.44.nsq into workspace
2019/11/25 17:44:03.95 #|1574703843.951529181|00#| work_queue_worker[1] wq: rx from master: put file-0-25930e3036f13852cb0b29694bbab611-nt/nt.44.nin 10134740 0644 1
2019/11/25 17:44:03.95 #|1574703843.951577453|00#| work_queue_worker[1] wq: Putting file file-0-25930e3036f13852cb0b29694bbab611-nt/nt.44.nin into workspace
2019/11/25 17:44:03.96 #|1574703843.964828791|00#| work_queue_worker[1] wq: rx from master: put file-0-25930e3036f13852cb0b29694bbab611-nt/nt.44.nsi 764650 0644 1
2019/11/25 17:44:03.96 #|1574703843.964876448|00#| work_queue_worker[1] wq: Putting file file-0-25930e3036f13852cb0b29694bbab611-nt/nt.44.nsi into workspace
2019/11/25 17:44:03.96 #|1574703843.965921879|00#| work_queue_worker[1] wq: rx from master: put file-0-25930e3036f13852cb0b29694bbab611-nt/nt.44.nsd 33299557 0644 1
2019/11/25 17:44:03.96 #|1574703843.965947887|00#| work_queue_worker[1] wq: Putting file file-0-25930e3036f13852cb0b29694bbab611-nt/nt.44.nsd into workspace
2019/11/25 17:44:04.00 #|1574703844.9045903|00#| work_queue_worker[1] wq: rx from master: put file-0-bd98410c4ed2bfaa95819f1849189081-test.fasta.18 10120 0644 1
2019/11/25 17:44:04.00 #|1574703844.9088042|00#| work_queue_worker[1] wq: Putting file file-0-bd98410c4ed2bfaa95819f1849189081-test.fasta.18 into workspace
2019/11/25 17:44:04.00 #|1574703844.9194435|00#| work_queue_worker[1] wq: rx from master: put file-0-daa9c57850b857b80eefebbca6aa18ce-blastall 7687410 0755 1
2019/11/25 17:44:04.00 #|1574703844.9223452|00#| work_queue_worker[1] wq: Putting file file-0-daa9c57850b857b80eefebbca6aa18ce-blastall into workspace
2019/11/25 17:44:04.01 #|1574703844.16998878|00#| work_queue_worker[1] wq: rx from master: task 2
2019/11/25 17:44:04.01 #|1574703844.17043595|00#| work_queue_worker[1] wq: rx from master: cmd 88
2019/11/25 17:44:04.01 #|1574703844.17059954|00#| work_queue_worker[1] wq: rx from master: ./blastall -p blastn -d nt/nt -i test.fasta.18 -o test.fasta.18.out 2> test.fasta.18.err
2019/11/25 17:44:04.01 #|1574703844.17069142|00#| work_queue_worker[1] wq: rx from master: category default
2019/11/25 17:44:04.01 #|1574703844.17079333|00#| work_queue_worker[1] wq: rx from master: cores 7
2019/11/25 17:44:04.01 #|1574703844.17089405|00#| work_queue_worker[1] wq: rx from master: memory 11908
2019/11/25 17:44:04.01 #|1574703844.17099274|00#| work_queue_worker[1] wq: rx from master: disk 2524
2019/11/25 17:44:04.01 #|1574703844.17109047|00#| work_queue_worker[1] wq: rx from master: gpus 0
2019/11/25 17:44:04.01 #|1574703844.17118979|00#| work_queue_worker[1] wq: rx from master: end_time 18446744073709551615
2019/11/25 17:44:04.01 #|1574703844.17129927|00#| work_queue_worker[1] wq: rx from master: wall_time 18446744073709551615
2019/11/25 17:44:04.01 #|1574703844.17139890|00#| work_queue_worker[1] wq: rx from master: env 7
2019/11/25 17:44:04.01 #|1574703844.17152718|00#| work_queue_worker[1] wq: rx from master: env 17
2019/11/25 17:44:04.01 #|1574703844.17164720|00#| work_queue_worker[1] wq: rx from master: infile file-0-25930e3036f13852cb0b29694bbab611-nt nt 1
2019/11/25 17:44:04.01 #|1574703844.17186115|00#| work_queue_worker[1] wq: rx from master: infile file-0-bd98410c4ed2bfaa95819f1849189081-test.fasta.18 test.fasta.18 1
2019/11/25 17:44:04.01 #|1574703844.17204587|00#| work_queue_worker[1] wq: rx from master: infile file-0-daa9c57850b857b80eefebbca6aa18ce-blastall blastall 1
2019/11/25 17:44:04.01 #|1574703844.17221757|00#| work_queue_worker[1] wq: rx from master: outfile file-0-b3ca854c26233484c838ab6d3298229c-test.fasta.18.err test.fasta.18.err 1
2019/11/25 17:44:04.01 #|1574703844.17244486|00#| work_queue_worker[1] wq: rx from master: outfile file-0-c688af492b061abef62bf46ec43b64b2-test.fasta.18.out test.fasta.18.out 1
2019/11/25 17:44:04.01 #|1574703844.17262854|00#| work_queue_worker[1] wq: rx from master: end
2019/11/25 17:44:04.01 #|1574703844.17402557|00#| work_queue_worker[1] wq: linking cache/file-0-25930e3036f13852cb0b29694bbab611-nt to /tmp/worker-0-1/t.2/nt
2019/11/25 17:44:04.01 #|1574703844.17638080|00#| work_queue_worker[1] wq: linking cache/file-0-bd98410c4ed2bfaa95819f1849189081-test.fasta.18 to /tmp/worker-0-1/t.2/test.fasta.18
2019/11/25 17:44:04.01 #|1574703844.17673304|00#| work_queue_worker[1] wq: linking cache/file-0-daa9c57850b857b80eefebbca6aa18ce-blastall to /tmp/worker-0-1/t.2/blastall
2019/11/25 17:44:04.01 #|1574703844.17885943|00#| work_queue_worker[1] wq: started process 10: ./blastall -p blastn -d nt/nt -i test.fasta.18 -o test.fasta.18.out 2> test.fasta.18.err
2019/11/25 17:44:04.01 #|1574703844.17925918|00#| work_queue_worker[1] wq: tx to master: info tasks_running 1
2019/11/25 17:44:18.15 #|1574703858.159384253|00#| work_queue_worker[1] wq: task 2 (pid 10) exited normally with exit code 0
2019/11/25 17:44:18.15 #|1574703858.159426354|00#| work_queue_worker[1] wq: moving output file from /tmp/worker-0-1/t.2/test.fasta.18.err to cache/file-0-b3ca854c26233484c838ab6d3298229c-test.fasta.18.err
2019/11/25 17:44:18.15 #|1574703858.159495176|00#| work_queue_worker[1] wq: moving output file from /tmp/worker-0-1/t.2/test.fasta.18.out to cache/file-0-c688af492b061abef62bf46ec43b64b2-test.fasta.18.out
2019/11/25 17:44:18.15 #|1574703858.159527410|00#| work_queue_worker[1] wq: tx to master: available_results
2019/11/25 17:44:18.20 #|1574703858.202203761|00#| work_queue_worker[1] wq: rx from master: send_results -1
2019/11/25 17:44:18.20 #|1574703858.202253654|00#| work_queue_worker[1] wq: tx to master: result 0 0 0 14141687 2
2019/11/25 17:44:18.20 #|1574703858.202373732|00#| work_queue_worker[1] wq: tx to master: info tasks_running 0
2019/11/25 17:44:18.20 #|1574703858.202452837|00#| work_queue_worker[1] wq: tx to master: end
2019/11/25 17:44:18.20 #|1574703858.202855020|00#| work_queue_worker[1] wq: rx from master: get file-0-b3ca854c26233484c838ab6d3298229c-test.fasta.18.err 1
2019/11/25 17:44:18.20 #|1574703858.202903086|00#| work_queue_worker[1] wq: tx to master: file file-0-b3ca854c26233484c838ab6d3298229c-test.fasta.18.err 0
2019/11/25 17:44:18.20 #|1574703858.202987351|00#| work_queue_worker[1] wq: tx to master: end
2019/11/25 17:44:18.20 #|1574703858.203436257|00#| work_queue_worker[1] wq: rx from master: get file-0-c688af492b061abef62bf46ec43b64b2-test.fasta.18.out 1
2019/11/25 17:44:18.20 #|1574703858.203481623|00#| work_queue_worker[1] wq: tx to master: file file-0-c688af492b061abef62bf46ec43b64b2-test.fasta.18.out 40977
2019/11/25 17:44:18.20 #|1574703858.203793750|00#| work_queue_worker[1] wq: tx to master: end
2019/11/25 17:44:18.20 #|1574703858.204048076|00#| work_queue_worker[1] wq: rx from master: kill 2
2019/11/25 17:44:18.20 #|1574703858.204966920|00#| work_queue_worker[1] wq: rx from master: put file-0-e12986ebc464dac7f0b0058f77809607-test.fasta.17 10120 0644 1
2019/11/25 17:44:18.20 #|1574703858.205008102|00#| work_queue_worker[1] wq: Putting file file-0-e12986ebc464dac7f0b0058f77809607-test.fasta.17 into workspace
2019/11/25 17:44:18.20 #|1574703858.205163696|00#| work_queue_worker[1] wq: rx from master: task 3
2019/11/25 17:44:18.20 #|1574703858.205189280|00#| work_queue_worker[1] wq: rx from master: cmd 88
2019/11/25 17:44:18.20 #|1574703858.205207667|00#| work_queue_worker[1] wq: rx from master: ./blastall -p blastn -d nt/nt -i test.fasta.17 -o test.fasta.17.out 2> test.fasta.17.err
2019/11/25 17:44:18.20 #|1574703858.205259918|00#| work_queue_worker[1] wq: rx from master: category default
2019/11/25 17:44:18.20 #|1574703858.205279089|00#| work_queue_worker[1] wq: rx from master: cores 7
2019/11/25 17:44:18.20 #|1574703858.205294669|00#| work_queue_worker[1] wq: rx from master: memory 11908
2019/11/25 17:44:18.20 #|1574703858.205313758|00#| work_queue_worker[1] wq: rx from master: disk 2524
2019/11/25 17:44:18.20 #|1574703858.205360659|00#| work_queue_worker[1] wq: rx from master: gpus 0
2019/11/25 17:44:18.20 #|1574703858.205383101|00#| work_queue_worker[1] wq: rx from master: end_time 18446744073709551615
2019/11/25 17:44:18.20 #|1574703858.205454588|00#| work_queue_worker[1] wq: rx from master: wall_time 18446744073709551615
2019/11/25 17:44:18.20 #|1574703858.205479815|00#| work_queue_worker[1] wq: rx from master: env 7
2019/11/25 17:44:18.20 #|1574703858.205585229|00#| work_queue_worker[1] wq: rx from master: env 17
2019/11/25 17:44:18.20 #|1574703858.205616302|00#| work_queue_worker[1] wq: rx from master: infile file-0-25930e3036f13852cb0b29694bbab611-nt nt 1
2019/11/25 17:44:18.20 #|1574703858.205692427|00#| work_queue_worker[1] wq: rx from master: infile file-0-e12986ebc464dac7f0b0058f77809607-test.fasta.17 test.fasta.17 1
2019/11/25 17:44:18.20 #|1574703858.205761952|00#| work_queue_worker[1] wq: rx from master: infile file-0-daa9c57850b857b80eefebbca6aa18ce-blastall blastall 1
2019/11/25 17:44:18.20 #|1574703858.205795274|00#| work_queue_worker[1] wq: rx from master: outfile file-0-a129512727b8611dd481b510083b1e5a-test.fasta.17.err test.fasta.17.err 1
2019/11/25 17:44:18.20 #|1574703858.205860989|00#| work_queue_worker[1] wq: rx from master: outfile file-0-31cc3d9edc6c94c4f306d137aed5bbf6-test.fasta.17.out test.fasta.17.out 1
2019/11/25 17:44:18.20 #|1574703858.205895390|00#| work_queue_worker[1] wq: rx from master: end
2019/11/25 17:44:18.20 #|1574703858.206037173|00#| work_queue_worker[1] wq: linking cache/file-0-25930e3036f13852cb0b29694bbab611-nt to /tmp/worker-0-1/t.3/nt
2019/11/25 17:44:18.20 #|1574703858.206352261|00#| work_queue_worker[1] wq: linking cache/file-0-e12986ebc464dac7f0b0058f77809607-test.fasta.17 to /tmp/worker-0-1/t.3/test.fasta.17
2019/11/25 17:44:18.20 #|1574703858.206411097|00#| work_queue_worker[1] wq: linking cache/file-0-daa9c57850b857b80eefebbca6aa18ce-blastall to /tmp/worker-0-1/t.3/blastall
2019/11/25 17:44:18.20 #|1574703858.206719336|00#| work_queue_worker[1] wq: started process 12: ./blastall -p blastn -d nt/nt -i test.fasta.17 -o test.fasta.17.out 2> test.fasta.17.err
2019/11/25 17:44:18.20 #|1574703858.206765857|00#| work_queue_worker[1] wq: tx to master: info tasks_running 1
2019/11/25 17:44:33.71 #|1574703873.711405631|00#| work_queue_worker[1] wq: task 3 (pid 12) exited normally with exit code 0
2019/11/25 17:44:33.71 #|1574703873.711441742|00#| work_queue_worker[1] wq: moving output file from /tmp/worker-0-1/t.3/test.fasta.17.err to cache/file-0-a129512727b8611dd481b510083b1e5a-test.fasta.17.err
2019/11/25 17:44:33.71 #|1574703873.711514792|00#| work_queue_worker[1] wq: moving output file from /tmp/worker-0-1/t.3/test.fasta.17.out to cache/file-0-31cc3d9edc6c94c4f306d137aed5bbf6-test.fasta.17.out
2019/11/25 17:44:33.71 #|1574703873.711559455|00#| work_queue_worker[1] wq: tx to master: available_results
2019/11/25 17:44:33.71 #|1574703873.711863305|00#| work_queue_worker[1] wq: rx from master: send_results -1
2019/11/25 17:44:33.71 #|1574703873.711907956|00#| work_queue_worker[1] wq: tx to master: result 0 0 0 15504957 3
2019/11/25 17:44:33.71 #|1574703873.711988298|00#| work_queue_worker[1] wq: tx to master: info tasks_running 0
2019/11/25 17:44:33.71 #|1574703873.712076052|00#| work_queue_worker[1] wq: tx to master: end
2019/11/25 17:44:33.71 #|1574703873.712464898|00#| work_queue_worker[1] wq: rx from master: get file-0-a129512727b8611dd481b510083b1e5a-test.fasta.17.err 1
2019/11/25 17:44:33.71 #|1574703873.712503472|00#| work_queue_worker[1] wq: tx to master: file file-0-a129512727b8611dd481b510083b1e5a-test.fasta.17.err 0
2019/11/25 17:44:33.71 #|1574703873.712583072|00#| work_queue_worker[1] wq: tx to master: end
2019/11/25 17:44:33.71 #|1574703873.712919975|00#| work_queue_worker[1] wq: rx from master: get file-0-31cc3d9edc6c94c4f306d137aed5bbf6-test.fasta.17.out 1
2019/11/25 17:44:33.71 #|1574703873.712954531|00#| work_queue_worker[1] wq: tx to master: file file-0-31cc3d9edc6c94c4f306d137aed5bbf6-test.fasta.17.out 142847
2019/11/25 17:44:33.71 #|1574703873.713840345|00#| work_queue_worker[1] wq: tx to master: end
2019/11/25 17:44:33.71 #|1574703873.714102323|00#| work_queue_worker[1] wq: rx from master: kill 3
2019/11/25 17:44:33.71 #|1574703873.715422054|00#| work_queue_worker[1] wq: rx from master: put file-0-e046ec692c0ced962d3265bfe7245360-test.fasta.14 10120 0644 1
2019/11/25 17:44:33.71 #|1574703873.715479387|00#| work_queue_worker[1] wq: Putting file file-0-e046ec692c0ced962d3265bfe7245360-test.fasta.14 into workspace
2019/11/25 17:44:33.71 #|1574703873.715748367|00#| work_queue_worker[1] wq: rx from master: task 6
2019/11/25 17:44:33.71 #|1574703873.715786078|00#| work_queue_worker[1] wq: rx from master: cmd 88
2019/11/25 17:44:33.71 #|1574703873.715869690|00#| work_queue_worker[1] wq: rx from master: ./blastall -p blastn -d nt/nt -i test.fasta.14 -o test.fasta.14.out 2> test.fasta.14.err
2019/11/25 17:44:33.71 #|1574703873.715897604|00#| work_queue_worker[1] wq: rx from master: category default
2019/11/25 17:44:33.71 #|1574703873.715926551|00#| work_queue_worker[1] wq: rx from master: cores 7
2019/11/25 17:44:33.71 #|1574703873.716018415|00#| work_queue_worker[1] wq: rx from master: memory 11908
2019/11/25 17:44:33.71 #|1574703873.716053924|00#| work_queue_worker[1] wq: rx from master: disk 2524
2019/11/25 17:44:33.71 #|1574703873.716187466|00#| work_queue_worker[1] wq: rx from master: gpus 0
2019/11/25 17:44:33.71 #|1574703873.716226445|00#| work_queue_worker[1] wq: rx from master: end_time 18446744073709551615
2019/11/25 17:44:33.71 #|1574703873.716340909|00#| work_queue_worker[1] wq: rx from master: wall_time 18446744073709551615
2019/11/25 17:44:33.71 #|1574703873.716378767|00#| work_queue_worker[1] wq: rx from master: env 7
2019/11/25 17:44:33.71 #|1574703873.716512840|00#| work_queue_worker[1] wq: rx from master: env 17
2019/11/25 17:44:33.71 #|1574703873.716569865|00#| work_queue_worker[1] wq: rx from master: infile file-0-25930e3036f13852cb0b29694bbab611-nt nt 1
2019/11/25 17:44:33.71 #|1574703873.716677164|00#| work_queue_worker[1] wq: rx from master: infile file-0-e046ec692c0ced962d3265bfe7245360-test.fasta.14 test.fasta.14 1
2019/11/25 17:44:33.71 #|1574703873.716736202|00#| work_queue_worker[1] wq: rx from master: infile file-0-daa9c57850b857b80eefebbca6aa18ce-blastall blastall 1
2019/11/25 17:44:33.71 #|1574703873.716837623|00#| work_queue_worker[1] wq: rx from master: outfile file-0-5904a03317e7e6566913b82983b96829-test.fasta.14.err test.fasta.14.err 1
2019/11/25 17:44:33.71 #|1574703873.716897991|00#| work_queue_worker[1] wq: rx from master: outfile file-0-6e7fd2228b2f7120a5a28bea1aa8b41f-test.fasta.14.out test.fasta.14.out 1
2019/11/25 17:44:33.71 #|1574703873.717005180|00#| work_queue_worker[1] wq: rx from master: end
2019/11/25 17:44:33.71 #|1574703873.717216348|00#| work_queue_worker[1] wq: linking cache/file-0-25930e3036f13852cb0b29694bbab611-nt to /tmp/worker-0-1/t.6/nt
2019/11/25 17:44:33.71 #|1574703873.717646680|00#| work_queue_worker[1] wq: linking cache/file-0-e046ec692c0ced962d3265bfe7245360-test.fasta.14 to /tmp/worker-0-1/t.6/test.fasta.14
2019/11/25 17:44:33.71 #|1574703873.717697330|00#| work_queue_worker[1] wq: linking cache/file-0-daa9c57850b857b80eefebbca6aa18ce-blastall to /tmp/worker-0-1/t.6/blastall
2019/11/25 17:44:33.71 #|1574703873.717921518|00#| work_queue_worker[1] wq: started process 14: ./blastall -p blastn -d nt/nt -i test.fasta.14 -o test.fasta.14.out 2> test.fasta.14.err
2019/11/25 17:44:33.71 #|1574703873.717968543|00#| work_queue_worker[1] wq: tx to master: info tasks_running 1
2019/11/25 17:44:47.26 #|1574703887.269152886|00#| work_queue_worker[1] wq: task 6 (pid 14) exited normally with exit code 0
2019/11/25 17:44:47.26 #|1574703887.269188425|00#| work_queue_worker[1] wq: moving output file from /tmp/worker-0-1/t.6/test.fasta.14.err to cache/file-0-5904a03317e7e6566913b82983b96829-test.fasta.14.err
2019/11/25 17:44:47.26 #|1574703887.269261108|00#| work_queue_worker[1] wq: moving output file from /tmp/worker-0-1/t.6/test.fasta.14.out to cache/file-0-6e7fd2228b2f7120a5a28bea1aa8b41f-test.fasta.14.out
2019/11/25 17:44:47.26 #|1574703887.269306196|00#| work_queue_worker[1] wq: tx to master: available_results
2019/11/25 17:44:47.26 #|1574703887.269665756|00#| work_queue_worker[1] wq: rx from master: send_results -1
2019/11/25 17:44:47.26 #|1574703887.269709919|00#| work_queue_worker[1] wq: tx to master: result 0 0 0 13551416 6
2019/11/25 17:44:47.26 #|1574703887.269785169|00#| work_queue_worker[1] wq: tx to master: info tasks_running 0
2019/11/25 17:44:47.26 #|1574703887.269844602|00#| work_queue_worker[1] wq: tx to master: end
2019/11/25 17:44:47.27 #|1574703887.270219631|00#| work_queue_worker[1] wq: rx from master: get file-0-5904a03317e7e6566913b82983b96829-test.fasta.14.err 1
2019/11/25 17:44:47.27 #|1574703887.270264460|00#| work_queue_worker[1] wq: tx to master: file file-0-5904a03317e7e6566913b82983b96829-test.fasta.14.err 0
2019/11/25 17:44:47.27 #|1574703887.270338759|00#| work_queue_worker[1] wq: tx to master: end
2019/11/25 17:44:47.27 #|1574703887.270732453|00#| work_queue_worker[1] wq: rx from master: get file-0-6e7fd2228b2f7120a5a28bea1aa8b41f-test.fasta.14.out 1
2019/11/25 17:44:47.27 #|1574703887.270776321|00#| work_queue_worker[1] wq: tx to master: file file-0-6e7fd2228b2f7120a5a28bea1aa8b41f-test.fasta.14.out 18451
2019/11/25 17:44:47.27 #|1574703887.271027620|00#| work_queue_worker[1] wq: tx to master: end
2019/11/25 17:44:47.27 #|1574703887.271293753|00#| work_queue_worker[1] wq: rx from master: kill 6
2019/11/25 17:44:47.27 #|1574703887.272261924|00#| work_queue_worker[1] wq: rx from master: put file-0-5d44d8f82cbb3f9ecaf466b060d01edb-test.fasta.11 10120 0644 1
2019/11/25 17:44:47.27 #|1574703887.272304225|00#| work_queue_worker[1] wq: Putting file file-0-5d44d8f82cbb3f9ecaf466b060d01edb-test.fasta.11 into workspace
2019/11/25 17:44:47.27 #|1574703887.272472299|00#| work_queue_worker[1] wq: rx from master: task 9
2019/11/25 17:44:47.27 #|1574703887.272498243|00#| work_queue_worker[1] wq: rx from master: cmd 88
2019/11/25 17:44:47.27 #|1574703887.272516582|00#| work_queue_worker[1] wq: rx from master: ./blastall -p blastn -d nt/nt -i test.fasta.11 -o test.fasta.11.out 2> test.fasta.11.err
2019/11/25 17:44:47.27 #|1574703887.272529424|00#| work_queue_worker[1] wq: rx from master: category default
2019/11/25 17:44:47.27 #|1574703887.272543249|00#| work_queue_worker[1] wq: rx from master: cores 7
2019/11/25 17:44:47.27 #|1574703887.272557806|00#| work_queue_worker[1] wq: rx from master: memory 11908
2019/11/25 17:44:47.27 #|1574703887.272572030|00#| work_queue_worker[1] wq: rx from master: disk 2524
2019/11/25 17:44:47.27 #|1574703887.272626296|00#| work_queue_worker[1] wq: rx from master: gpus 0
2019/11/25 17:44:47.27 #|1574703887.272646803|00#| work_queue_worker[1] wq: rx from master: end_time 18446744073709551615
2019/11/25 17:44:47.27 #|1574703887.272663432|00#| work_queue_worker[1] wq: rx from master: wall_time 18446744073709551615
2019/11/25 17:44:47.27 #|1574703887.272710968|00#| work_queue_worker[1] wq: rx from master: env 7
2019/11/25 17:44:47.27 #|1574703887.272733920|00#| work_queue_worker[1] wq: rx from master: env 17
2019/11/25 17:44:47.27 #|1574703887.272754419|00#| work_queue_worker[1] wq: rx from master: infile file-0-25930e3036f13852cb0b29694bbab611-nt nt 1
2019/11/25 17:44:47.27 #|1574703887.272831476|00#| work_queue_worker[1] wq: rx from master: infile file-0-5d44d8f82cbb3f9ecaf466b060d01edb-test.fasta.11 test.fasta.11 1
2019/11/25 17:44:47.27 #|1574703887.272870092|00#| work_queue_worker[1] wq: rx from master: infile file-0-daa9c57850b857b80eefebbca6aa18ce-blastall blastall 1
2019/11/25 17:44:47.27 #|1574703887.272931235|00#| work_queue_worker[1] wq: rx from master: outfile file-0-1ec6f60204ab1e932b38cec0b78303f1-test.fasta.11.err test.fasta.11.err 1
2019/11/25 17:44:47.27 #|1574703887.272969344|00#| work_queue_worker[1] wq: rx from master: outfile file-0-b2dcb7cd97b86e43787e05023fc40494-test.fasta.11.out test.fasta.11.out 1
2019/11/25 17:44:47.27 #|1574703887.273034566|00#| work_queue_worker[1] wq: rx from master: end
2019/11/25 17:44:47.27 #|1574703887.273180936|00#| work_queue_worker[1] wq: linking cache/file-0-25930e3036f13852cb0b29694bbab611-nt to /tmp/worker-0-1/t.9/nt
2019/11/25 17:44:47.27 #|1574703887.273488023|00#| work_queue_worker[1] wq: linking cache/file-0-5d44d8f82cbb3f9ecaf466b060d01edb-test.fasta.11 to /tmp/worker-0-1/t.9/test.fasta.11
2019/11/25 17:44:47.27 #|1574703887.273537234|00#| work_queue_worker[1] wq: linking cache/file-0-daa9c57850b857b80eefebbca6aa18ce-blastall to /tmp/worker-0-1/t.9/blastall
2019/11/25 17:44:47.27 #|1574703887.273758061|00#| work_queue_worker[1] wq: started process 16: ./blastall -p blastn -d nt/nt -i test.fasta.11 -o test.fasta.11.out 2> test.fasta.11.err
2019/11/25 17:44:47.27 #|1574703887.273801992|00#| work_queue_worker[1] wq: tx to master: info tasks_running 1
2019/11/25 17:45:00.72 #|1574703900.728440810|00#| work_queue_worker[1] wq: task 9 (pid 16) exited normally with exit code 0
2019/11/25 17:45:00.72 #|1574703900.728484146|00#| work_queue_worker[1] wq: moving output file from /tmp/worker-0-1/t.9/test.fasta.11.err to cache/file-0-1ec6f60204ab1e932b38cec0b78303f1-test.fasta.11.err
2019/11/25 17:45:00.72 #|1574703900.728555066|00#| work_queue_worker[1] wq: moving output file from /tmp/worker-0-1/t.9/test.fasta.11.out to cache/file-0-b2dcb7cd97b86e43787e05023fc40494-test.fasta.11.out
2019/11/25 17:45:00.72 #|1574703900.728601405|00#| work_queue_worker[1] wq: tx to master: available_results
2019/11/25 17:45:00.72 #|1574703900.729008643|00#| work_queue_worker[1] wq: rx from master: send_results -1
2019/11/25 17:45:00.72 #|1574703900.729055249|00#| work_queue_worker[1] wq: tx to master: result 0 0 0 13454875 9
2019/11/25 17:45:00.72 #|1574703900.729139546|00#| work_queue_worker[1] wq: tx to master: info tasks_running 0
2019/11/25 17:45:00.72 #|1574703900.729207581|00#| work_queue_worker[1] wq: tx to master: end
2019/11/25 17:45:00.72 #|1574703900.729654240|00#| work_queue_worker[1] wq: rx from master: get file-0-1ec6f60204ab1e932b38cec0b78303f1-test.fasta.11.err 1
2019/11/25 17:45:00.72 #|1574703900.729703666|00#| work_queue_worker[1] wq: tx to master: file file-0-1ec6f60204ab1e932b38cec0b78303f1-test.fasta.11.err 0
2019/11/25 17:45:00.72 #|1574703900.729789188|00#| work_queue_worker[1] wq: tx to master: end
2019/11/25 17:45:00.73 #|1574703900.730148487|00#| work_queue_worker[1] wq: rx from master: get file-0-b2dcb7cd97b86e43787e05023fc40494-test.fasta.11.out 1
2019/11/25 17:45:00.73 #|1574703900.730189538|00#| work_queue_worker[1] wq: tx to master: file file-0-b2dcb7cd97b86e43787e05023fc40494-test.fasta.11.out 44259
2019/11/25 17:45:00.73 #|1574703900.730591434|00#| work_queue_worker[1] wq: tx to master: end
2019/11/25 17:45:00.73 #|1574703900.730881059|00#| work_queue_worker[1] wq: rx from master: kill 9
2019/11/25 17:45:00.73 #|1574703900.731734911|00#| work_queue_worker[1] wq: rx from master: put file-0-3c684903ad7beb0f07c70d32ce209cf3-test.fasta.9 10111 0644 1
2019/11/25 17:45:00.73 #|1574703900.731778187|00#| work_queue_worker[1] wq: Putting file file-0-3c684903ad7beb0f07c70d32ce209cf3-test.fasta.9 into workspace
2019/11/25 17:45:00.73 #|1574703900.731952151|00#| work_queue_worker[1] wq: rx from master: task 11
2019/11/25 17:45:00.73 #|1574703900.731978933|00#| work_queue_worker[1] wq: rx from master: cmd 85
2019/11/25 17:45:00.73 #|1574703900.732036773|00#| work_queue_worker[1] wq: rx from master: ./blastall -p blastn -d nt/nt -i test.fasta.9 -o test.fasta.9.out 2> test.fasta.9.err
2019/11/25 17:45:00.73 #|1574703900.732054635|00#| work_queue_worker[1] wq: rx from master: category default
2019/11/25 17:45:00.73 #|1574703900.732069434|00#| work_queue_worker[1] wq: rx from master: cores 7
2019/11/25 17:45:00.73 #|1574703900.732087491|00#| work_queue_worker[1] wq: rx from master: memory 11908
2019/11/25 17:45:00.73 #|1574703900.732134442|00#| work_queue_worker[1] wq: rx from master: disk 2524
2019/11/25 17:45:00.73 #|1574703900.732156559|00#| work_queue_worker[1] wq: rx from master: gpus 0
2019/11/25 17:45:00.73 #|1574703900.732265535|00#| work_queue_worker[1] wq: rx from master: end_time 18446744073709551615
2019/11/25 17:45:00.73 #|1574703900.732293586|00#| work_queue_worker[1] wq: rx from master: wall_time 18446744073709551615
2019/11/25 17:45:00.73 #|1574703900.732343917|00#| work_queue_worker[1] wq: rx from master: env 7
2019/11/25 17:45:00.73 #|1574703900.732369859|00#| work_queue_worker[1] wq: rx from master: env 17
2019/11/25 17:45:00.73 #|1574703900.732453293|00#| work_queue_worker[1] wq: rx from master: infile file-0-25930e3036f13852cb0b29694bbab611-nt nt 1
2019/11/25 17:45:00.73 #|1574703900.732499052|00#| work_queue_worker[1] wq: rx from master: infile file-0-3c684903ad7beb0f07c70d32ce209cf3-test.fasta.9 test.fasta.9 1
2019/11/25 17:45:00.73 #|1574703900.732568319|00#| work_queue_worker[1] wq: rx from master: infile file-0-daa9c57850b857b80eefebbca6aa18ce-blastall blastall 1
2019/11/25 17:45:00.73 #|1574703900.732605565|00#| work_queue_worker[1] wq: rx from master: outfile file-0-8b8651ac4a310c9b2b1cb06061c67223-test.fasta.9.err test.fasta.9.err 1
2019/11/25 17:45:00.73 #|1574703900.732672538|00#| work_queue_worker[1] wq: rx from master: outfile file-0-8c8215651ccf820f581014d2a05d1c97-test.fasta.9.out test.fasta.9.out 1
2019/11/25 17:45:00.73 #|1574703900.732709829|00#| work_queue_worker[1] wq: rx from master: end
2019/11/25 17:45:00.73 #|1574703900.732852164|00#| work_queue_worker[1] wq: linking cache/file-0-25930e3036f13852cb0b29694bbab611-nt to /tmp/worker-0-1/t.11/nt
2019/11/25 17:45:00.73 #|1574703900.733159718|00#| work_queue_worker[1] wq: linking cache/file-0-3c684903ad7beb0f07c70d32ce209cf3-test.fasta.9 to /tmp/worker-0-1/t.11/test.fasta.9
2019/11/25 17:45:00.73 #|1574703900.733208796|00#| work_queue_worker[1] wq: linking cache/file-0-daa9c57850b857b80eefebbca6aa18ce-blastall to /tmp/worker-0-1/t.11/blastall
2019/11/25 17:45:00.73 #|1574703900.733429596|00#| work_queue_worker[1] wq: started process 18: ./blastall -p blastn -d nt/nt -i test.fasta.9 -o test.fasta.9.out 2> test.fasta.9.err
2019/11/25 17:45:00.73 #|1574703900.733488709|00#| work_queue_worker[1] wq: tx to master: info tasks_running 1
2019/11/25 17:45:14.81 #|1574703914.812804143|00#| work_queue_worker[1] wq: task 11 (pid 18) exited normally with exit code 0
2019/11/25 17:45:14.81 #|1574703914.812841132|00#| work_queue_worker[1] wq: moving output file from /tmp/worker-0-1/t.11/test.fasta.9.err to cache/file-0-8b8651ac4a310c9b2b1cb06061c67223-test.fasta.9.err
2019/11/25 17:45:14.81 #|1574703914.812913161|00#| work_queue_worker[1] wq: moving output file from /tmp/worker-0-1/t.11/test.fasta.9.out to cache/file-0-8c8215651ccf820f581014d2a05d1c97-test.fasta.9.out
2019/11/25 17:45:14.81 #|1574703914.812958300|00#| work_queue_worker[1] wq: tx to master: available_results
2019/11/25 17:45:14.81 #|1574703914.813299830|00#| work_queue_worker[1] wq: rx from master: send_results -1
2019/11/25 17:45:14.81 #|1574703914.813337486|00#| work_queue_worker[1] wq: tx to master: result 0 0 0 14079562 11
2019/11/25 17:45:14.81 #|1574703914.813409396|00#| work_queue_worker[1] wq: tx to master: info tasks_running 0
2019/11/25 17:45:14.81 #|1574703914.813472699|00#| work_queue_worker[1] wq: tx to master: end
2019/11/25 17:45:14.81 #|1574703914.813860895|00#| work_queue_worker[1] wq: rx from master: get file-0-8b8651ac4a310c9b2b1cb06061c67223-test.fasta.9.err 1
2019/11/25 17:45:14.81 #|1574703914.813897279|00#| work_queue_worker[1] wq: tx to master: file file-0-8b8651ac4a310c9b2b1cb06061c67223-test.fasta.9.err 0
2019/11/25 17:45:14.81 #|1574703914.813967132|00#| work_queue_worker[1] wq: tx to master: end
2019/11/25 17:45:14.81 #|1574703914.814316897|00#| work_queue_worker[1] wq: rx from master: get file-0-8c8215651ccf820f581014d2a05d1c97-test.fasta.9.out 1
2019/11/25 17:45:14.81 #|1574703914.814348611|00#| work_queue_worker[1] wq: tx to master: file file-0-8c8215651ccf820f581014d2a05d1c97-test.fasta.9.out 38743
2019/11/25 17:45:14.81 #|1574703914.814616516|00#| work_queue_worker[1] wq: tx to master: end
2019/11/25 17:45:14.81 #|1574703914.815035741|00#| work_queue_worker[1] wq: rx from master: kill 11
2019/11/25 17:45:14.81 #|1574703914.815924355|00#| work_queue_worker[1] wq: rx from master: put file-0-9f04d57561db456f4f47dcdca9feb103-test.fasta.7 10110 0644 1
2019/11/25 17:45:14.81 #|1574703914.815965003|00#| work_queue_worker[1] wq: Putting file file-0-9f04d57561db456f4f47dcdca9feb103-test.fasta.7 into workspace
2019/11/25 17:45:14.81 #|1574703914.816122940|00#| work_queue_worker[1] wq: rx from master: task 13
2019/11/25 17:45:14.81 #|1574703914.816148479|00#| work_queue_worker[1] wq: rx from master: cmd 85
2019/11/25 17:45:14.81 #|1574703914.816205792|00#| work_queue_worker[1] wq: rx from master: ./blastall -p blastn -d nt/nt -i test.fasta.7 -o test.fasta.7.out 2> test.fasta.7.err
2019/11/25 17:45:14.81 #|1574703914.816223229|00#| work_queue_worker[1] wq: rx from master: category default
2019/11/25 17:45:14.81 #|1574703914.816238074|00#| work_queue_worker[1] wq: rx from master: cores 7
2019/11/25 17:45:14.81 #|1574703914.816286797|00#| work_queue_worker[1] wq: rx from master: memory 11908
2019/11/25 17:45:14.81 #|1574703914.816309591|00#| work_queue_worker[1] wq: rx from master: disk 2524
2019/11/25 17:45:14.81 #|1574703914.816327290|00#| work_queue_worker[1] wq: rx from master: gpus 0
2019/11/25 17:45:14.81 #|1574703914.816405633|00#| work_queue_worker[1] wq: rx from master: end_time 18446744073709551615
2019/11/25 17:45:14.81 #|1574703914.816432722|00#| work_queue_worker[1] wq: rx from master: wall_time 18446744073709551615
2019/11/25 17:45:14.81 #|1574703914.816505049|00#| work_queue_worker[1] wq: rx from master: env 7
2019/11/25 17:45:14.81 #|1574703914.816533496|00#| work_queue_worker[1] wq: rx from master: env 17
2019/11/25 17:45:14.81 #|1574703914.816750033|00#| work_queue_worker[1] wq: rx from master: infile file-0-25930e3036f13852cb0b29694bbab611-nt nt 1
2019/11/25 17:45:14.81 #|1574703914.816800954|00#| work_queue_worker[1] wq: rx from master: infile file-0-9f04d57561db456f4f47dcdca9feb103-test.fasta.7 test.fasta.7 1
2019/11/25 17:45:14.81 #|1574703914.816843985|00#| work_queue_worker[1] wq: rx from master: infile file-0-daa9c57850b857b80eefebbca6aa18ce-blastall blastall 1
2019/11/25 17:45:14.81 #|1574703914.816914885|00#| work_queue_worker[1] wq: rx from master: outfile file-0-d08e27aac9e49582c455b76197081fb3-test.fasta.7.err test.fasta.7.err 1
2019/11/25 17:45:14.81 #|1574703914.816951571|00#| work_queue_worker[1] wq: rx from master: outfile file-0-c17c0db997ae1cdb7af1ea386e447bb4-test.fasta.7.out test.fasta.7.out 1
2019/11/25 17:45:14.81 #|1574703914.816978805|00#| work_queue_worker[1] wq: rx from master: end
2019/11/25 17:45:14.81 #|1574703914.817130460|00#| work_queue_worker[1] wq: linking cache/file-0-25930e3036f13852cb0b29694bbab611-nt to /tmp/worker-0-1/t.13/nt
2019/11/25 17:45:14.81 #|1574703914.817436034|00#| work_queue_worker[1] wq: linking cache/file-0-9f04d57561db456f4f47dcdca9feb103-test.fasta.7 to /tmp/worker-0-1/t.13/test.fasta.7
2019/11/25 17:45:14.81 #|1574703914.817488762|00#| work_queue_worker[1] wq: linking cache/file-0-daa9c57850b857b80eefebbca6aa18ce-blastall to /tmp/worker-0-1/t.13/blastall
2019/11/25 17:45:14.81 #|1574703914.817717169|00#| work_queue_worker[1] wq: started process 20: ./blastall -p blastn -d nt/nt -i test.fasta.7 -o test.fasta.7.out 2> test.fasta.7.err
2019/11/25 17:45:14.81 #|1574703914.817762777|00#| work_queue_worker[1] wq: tx to master: info tasks_running 1
2019/11/25 17:45:28.25 #|1574703928.259995038|00#| work_queue_worker[1] wq: task 13 (pid 20) exited normally with exit code 0
2019/11/25 17:45:28.26 #|1574703928.260030002|00#| work_queue_worker[1] wq: moving output file from /tmp/worker-0-1/t.13/test.fasta.7.err to cache/file-0-d08e27aac9e49582c455b76197081fb3-test.fasta.7.err
2019/11/25 17:45:28.26 #|1574703928.260101734|00#| work_queue_worker[1] wq: moving output file from /tmp/worker-0-1/t.13/test.fasta.7.out to cache/file-0-c17c0db997ae1cdb7af1ea386e447bb4-test.fasta.7.out
2019/11/25 17:45:28.26 #|1574703928.260148332|00#| work_queue_worker[1] wq: tx to master: available_results
2019/11/25 17:45:28.26 #|1574703928.260545333|00#| work_queue_worker[1] wq: rx from master: send_results -1
2019/11/25 17:45:28.26 #|1574703928.260590517|00#| work_queue_worker[1] wq: tx to master: result 0 0 0 13442464 13
2019/11/25 17:45:28.26 #|1574703928.260674269|00#| work_queue_worker[1] wq: tx to master: info tasks_running 0
2019/11/25 17:45:28.26 #|1574703928.260736749|00#| work_queue_worker[1] wq: tx to master: end
2019/11/25 17:45:28.26 #|1574703928.261175724|00#| work_queue_worker[1] wq: rx from master: get file-0-d08e27aac9e49582c455b76197081fb3-test.fasta.7.err 1
2019/11/25 17:45:28.26 #|1574703928.261224469|00#| work_queue_worker[1] wq: tx to master: file file-0-d08e27aac9e49582c455b76197081fb3-test.fasta.7.err 0
2019/11/25 17:45:28.26 #|1574703928.261310139|00#| work_queue_worker[1] wq: tx to master: end
2019/11/25 17:45:28.26 #|1574703928.261763065|00#| work_queue_worker[1] wq: rx from master: get file-0-c17c0db997ae1cdb7af1ea386e447bb4-test.fasta.7.out 1
2019/11/25 17:45:28.26 #|1574703928.261808046|00#| work_queue_worker[1] wq: tx to master: file file-0-c17c0db997ae1cdb7af1ea386e447bb4-test.fasta.7.out 20517
2019/11/25 17:45:28.26 #|1574703928.262063340|00#| work_queue_worker[1] wq: tx to master: end
2019/11/25 17:45:28.26 #|1574703928.262305721|00#| work_queue_worker[1] wq: rx from master: kill 13
2019/11/25 17:45:28.26 #|1574703928.265417973|00#| work_queue_worker[1] wq: rx from master: put file-0-c3a7eea4528f3888f4f96bb51f86b0ae-test.fasta.4 10110 0644 1
2019/11/25 17:45:28.26 #|1574703928.265463799|00#| work_queue_worker[1] wq: Putting file file-0-c3a7eea4528f3888f4f96bb51f86b0ae-test.fasta.4 into workspace
2019/11/25 17:45:28.26 #|1574703928.265633626|00#| work_queue_worker[1] wq: rx from master: task 16
2019/11/25 17:45:28.26 #|1574703928.265660487|00#| work_queue_worker[1] wq: rx from master: cmd 85
2019/11/25 17:45:28.26 #|1574703928.265678862|00#| work_queue_worker[1] wq: rx from master: ./blastall -p blastn -d nt/nt -i test.fasta.4 -o test.fasta.4.out 2> test.fasta.4.err
2019/11/25 17:45:28.26 #|1574703928.265739027|00#| work_queue_worker[1] wq: rx from master: category default
2019/11/25 17:45:28.26 #|1574703928.265758501|00#| work_queue_worker[1] wq: rx from master: cores 7
2019/11/25 17:45:28.26 #|1574703928.265774113|00#| work_queue_worker[1] wq: rx from master: memory 11908
2019/11/25 17:45:28.26 #|1574703928.265791130|00#| work_queue_worker[1] wq: rx from master: disk 2524
2019/11/25 17:45:28.26 #|1574703928.265838001|00#| work_queue_worker[1] wq: rx from master: gpus 0
2019/11/25 17:45:28.26 #|1574703928.265860460|00#| work_queue_worker[1] wq: rx from master: end_time 18446744073709551615
2019/11/25 17:45:28.26 #|1574703928.265960937|00#| work_queue_worker[1] wq: rx from master: wall_time 18446744073709551615
2019/11/25 17:45:28.26 #|1574703928.265987716|00#| work_queue_worker[1] wq: rx from master: env 7
2019/11/25 17:45:28.26 #|1574703928.266042444|00#| work_queue_worker[1] wq: rx from master: env 17
2019/11/25 17:45:28.26 #|1574703928.266068605|00#| work_queue_worker[1] wq: rx from master: infile file-0-25930e3036f13852cb0b29694bbab611-nt nt 1
2019/11/25 17:45:28.26 #|1574703928.266138115|00#| work_queue_worker[1] wq: rx from master: infile file-0-c3a7eea4528f3888f4f96bb51f86b0ae-test.fasta.4 test.fasta.4 1
2019/11/25 17:45:28.26 #|1574703928.266175544|00#| work_queue_worker[1] wq: rx from master: infile file-0-daa9c57850b857b80eefebbca6aa18ce-blastall blastall 1
2019/11/25 17:45:28.26 #|1574703928.266240374|00#| work_queue_worker[1] wq: rx from master: outfile file-0-18635fc52bb3486f8a2adce9d09bea64-test.fasta.4.err test.fasta.4.err 1
2019/11/25 17:45:28.26 #|1574703928.266279408|00#| work_queue_worker[1] wq: rx from master: outfile file-0-2ecda4a7153ec50ab6f3ee0f11be83e6-test.fasta.4.out test.fasta.4.out 1
2019/11/25 17:45:28.26 #|1574703928.266348073|00#| work_queue_worker[1] wq: rx from master: end
2019/11/25 17:45:28.26 #|1574703928.266494945|00#| work_queue_worker[1] wq: linking cache/file-0-25930e3036f13852cb0b29694bbab611-nt to /tmp/worker-0-1/t.16/nt
2019/11/25 17:45:28.26 #|1574703928.266851207|00#| work_queue_worker[1] wq: linking cache/file-0-c3a7eea4528f3888f4f96bb51f86b0ae-test.fasta.4 to /tmp/worker-0-1/t.16/test.fasta.4
2019/11/25 17:45:28.26 #|1574703928.266902168|00#| work_queue_worker[1] wq: linking cache/file-0-daa9c57850b857b80eefebbca6aa18ce-blastall to /tmp/worker-0-1/t.16/blastall
2019/11/25 17:45:28.26 #|1574703928.267136980|00#| work_queue_worker[1] wq: started process 22: ./blastall -p blastn -d nt/nt -i test.fasta.4 -o test.fasta.4.out 2> test.fasta.4.err
2019/11/25 17:45:28.26 #|1574703928.267182458|00#| work_queue_worker[1] wq: tx to master: info tasks_running 1
2019/11/25 17:45:41.41 #|1574703941.416366014|00#| work_queue_worker[1] wq: task 16 (pid 22) exited normally with exit code 0
2019/11/25 17:45:41.41 #|1574703941.416403940|00#| work_queue_worker[1] wq: moving output file from /tmp/worker-0-1/t.16/test.fasta.4.err to cache/file-0-18635fc52bb3486f8a2adce9d09bea64-test.fasta.4.err
2019/11/25 17:45:41.41 #|1574703941.416477825|00#| work_queue_worker[1] wq: moving output file from /tmp/worker-0-1/t.16/test.fasta.4.out to cache/file-0-2ecda4a7153ec50ab6f3ee0f11be83e6-test.fasta.4.out
2019/11/25 17:45:41.41 #|1574703941.416523806|00#| work_queue_worker[1] wq: tx to master: available_results
2019/11/25 17:45:41.41 #|1574703941.416913635|00#| work_queue_worker[1] wq: rx from master: send_results -1
2019/11/25 17:45:41.41 #|1574703941.416959771|00#| work_queue_worker[1] wq: tx to master: result 0 0 0 13149427 16
2019/11/25 17:45:41.41 #|1574703941.417043725|00#| work_queue_worker[1] wq: tx to master: info tasks_running 0
2019/11/25 17:45:41.41 #|1574703941.417106956|00#| work_queue_worker[1] wq: tx to master: end
2019/11/25 17:45:41.41 #|1574703941.417525721|00#| work_queue_worker[1] wq: rx from master: get file-0-18635fc52bb3486f8a2adce9d09bea64-test.fasta.4.err 1
2019/11/25 17:45:41.41 #|1574703941.417571867|00#| work_queue_worker[1] wq: tx to master: file file-0-18635fc52bb3486f8a2adce9d09bea64-test.fasta.4.err 0
2019/11/25 17:45:41.41 #|1574703941.417660256|00#| work_queue_worker[1] wq: tx to master: end
2019/11/25 17:45:41.41 #|1574703941.418022386|00#| work_queue_worker[1] wq: rx from master: get file-0-2ecda4a7153ec50ab6f3ee0f11be83e6-test.fasta.4.out 1
2019/11/25 17:45:41.41 #|1574703941.418062852|00#| work_queue_worker[1] wq: tx to master: file file-0-2ecda4a7153ec50ab6f3ee0f11be83e6-test.fasta.4.out 28822
2019/11/25 17:45:41.41 #|1574703941.418385258|00#| work_queue_worker[1] wq: tx to master: end
2019/11/25 17:45:41.41 #|1574703941.418665843|00#| work_queue_worker[1] wq: rx from master: kill 16
2019/11/25 17:45:41.41 #|1574703941.419510445|00#| work_queue_worker[1] wq: rx from master: put file-0-44e691287a28f8fe43f6653302546d8f-test.fasta.2 10110 0644 1
2019/11/25 17:45:41.41 #|1574703941.419565576|00#| work_queue_worker[1] wq: Putting file file-0-44e691287a28f8fe43f6653302546d8f-test.fasta.2 into workspace
2019/11/25 17:45:41.41 #|1574703941.419790530|00#| work_queue_worker[1] wq: rx from master: task 18
2019/11/25 17:45:41.41 #|1574703941.419828349|00#| work_queue_worker[1] wq: rx from master: cmd 85
2019/11/25 17:45:41.41 #|1574703941.419909709|00#| work_queue_worker[1] wq: rx from master: ./blastall -p blastn -d nt/nt -i test.fasta.2 -o test.fasta.2.out 2> test.fasta.2.err
2019/11/25 17:45:41.41 #|1574703941.419934133|00#| work_queue_worker[1] wq: rx from master: category default
2019/11/25 17:45:41.41 #|1574703941.419965444|00#| work_queue_worker[1] wq: rx from master: cores 7
2019/11/25 17:45:41.42 #|1574703941.420044804|00#| work_queue_worker[1] wq: rx from master: memory 11908
2019/11/25 17:45:41.42 #|1574703941.420081168|00#| work_queue_worker[1] wq: rx from master: disk 2524
2019/11/25 17:45:41.42 #|1574703941.420166062|00#| work_queue_worker[1] wq: rx from master: gpus 0
2019/11/25 17:45:41.42 #|1574703941.420205113|00#| work_queue_worker[1] wq: rx from master: end_time 18446744073709551615
2019/11/25 17:45:41.42 #|1574703941.420341148|00#| work_queue_worker[1] wq: rx from master: wall_time 18446744073709551615
2019/11/25 17:45:41.42 #|1574703941.420379810|00#| work_queue_worker[1] wq: rx from master: env 7
2019/11/25 17:45:41.42 #|1574703941.420506105|00#| work_queue_worker[1] wq: rx from master: env 17
2019/11/25 17:45:41.42 #|1574703941.420551584|00#| work_queue_worker[1] wq: rx from master: infile file-0-25930e3036f13852cb0b29694bbab611-nt nt 1
2019/11/25 17:45:41.42 #|1574703941.420691204|00#| work_queue_worker[1] wq: rx from master: infile file-0-44e691287a28f8fe43f6653302546d8f-test.fasta.2 test.fasta.2 1
2019/11/25 17:45:41.42 #|1574703941.420751784|00#| work_queue_worker[1] wq: rx from master: infile file-0-daa9c57850b857b80eefebbca6aa18ce-blastall blastall 1
2019/11/25 17:45:41.42 #|1574703941.420852543|00#| work_queue_worker[1] wq: rx from master: outfile file-0-ebce3b3f9d6d56ee92ad0f680eacabb2-test.fasta.2.err test.fasta.2.err 1
2019/11/25 17:45:41.42 #|1574703941.420913551|00#| work_queue_worker[1] wq: rx from master: outfile file-0-6efdc0d3dafa140b6743f2b63849bb1e-test.fasta.2.out test.fasta.2.out 1
2019/11/25 17:45:41.42 #|1574703941.421018934|00#| work_queue_worker[1] wq: rx from master: end
2019/11/25 17:45:41.42 #|1574703941.421230007|00#| work_queue_worker[1] wq: linking cache/file-0-25930e3036f13852cb0b29694bbab611-nt to /tmp/worker-0-1/t.18/nt
2019/11/25 17:45:41.42 #|1574703941.421582919|00#| work_queue_worker[1] wq: linking cache/file-0-44e691287a28f8fe43f6653302546d8f-test.fasta.2 to /tmp/worker-0-1/t.18/test.fasta.2
2019/11/25 17:45:41.42 #|1574703941.421633900|00#| work_queue_worker[1] wq: linking cache/file-0-daa9c57850b857b80eefebbca6aa18ce-blastall to /tmp/worker-0-1/t.18/blastall
2019/11/25 17:45:41.42 #|1574703941.421860470|00#| work_queue_worker[1] wq: started process 24: ./blastall -p blastn -d nt/nt -i test.fasta.2 -o test.fasta.2.out 2> test.fasta.2.err
2019/11/25 17:45:41.42 #|1574703941.421904981|00#| work_queue_worker[1] wq: tx to master: info tasks_running 1
2019/11/25 17:45:54.64 #|1574703954.641415577|00#| work_queue_worker[1] wq: task 18 (pid 24) exited normally with exit code 0
2019/11/25 17:45:54.64 #|1574703954.641464436|00#| work_queue_worker[1] wq: moving output file from /tmp/worker-0-1/t.18/test.fasta.2.err to cache/file-0-ebce3b3f9d6d56ee92ad0f680eacabb2-test.fasta.2.err
2019/11/25 17:45:54.64 #|1574703954.641537836|00#| work_queue_worker[1] wq: moving output file from /tmp/worker-0-1/t.18/test.fasta.2.out to cache/file-0-6efdc0d3dafa140b6743f2b63849bb1e-test.fasta.2.out
2019/11/25 17:45:54.64 #|1574703954.641584444|00#| work_queue_worker[1] wq: tx to master: available_results
2019/11/25 17:45:54.64 #|1574703954.641928042|00#| work_queue_worker[1] wq: rx from master: send_results -1
2019/11/25 17:45:54.64 #|1574703954.641972223|00#| work_queue_worker[1] wq: tx to master: result 0 0 0 13219756 18
2019/11/25 17:45:54.64 #|1574703954.642046670|00#| work_queue_worker[1] wq: tx to master: info tasks_running 0
2019/11/25 17:45:54.64 #|1574703954.642105863|00#| work_queue_worker[1] wq: tx to master: end
2019/11/25 17:45:54.64 #|1574703954.642481377|00#| work_queue_worker[1] wq: rx from master: get file-0-ebce3b3f9d6d56ee92ad0f680eacabb2-test.fasta.2.err 1
2019/11/25 17:45:54.64 #|1574703954.642542690|00#| work_queue_worker[1] wq: tx to master: file file-0-ebce3b3f9d6d56ee92ad0f680eacabb2-test.fasta.2.err 0
2019/11/25 17:45:54.64 #|1574703954.642620592|00#| work_queue_worker[1] wq: tx to master: end
2019/11/25 17:45:54.64 #|1574703954.643053639|00#| work_queue_worker[1] wq: rx from master: get file-0-6efdc0d3dafa140b6743f2b63849bb1e-test.fasta.2.out 1
2019/11/25 17:45:54.64 #|1574703954.643099050|00#| work_queue_worker[1] wq: tx to master: file file-0-6efdc0d3dafa140b6743f2b63849bb1e-test.fasta.2.out 18765
2019/11/25 17:45:54.64 #|1574703954.643345317|00#| work_queue_worker[1] wq: tx to master: end
2019/11/25 17:45:54.64 #|1574703954.643611312|00#| work_queue_worker[1] wq: rx from master: kill 18
2019/11/25 17:46:02.65 #|1574703962.653272458|00#| work_queue_worker[1] wq: rx from master: check
2019/11/25 17:46:02.65 #|1574703962.653313001|00#| work_queue_worker[1] wq: tx to master: alive
2019/11/25 17:46:02.65 #|1574703962.653393791|00#| work_queue_worker[1] wq: tx to master: info tasks_running 0
2019/11/25 17:46:04.26 #|1574703964.263280632|00#| work_queue_worker[1] wq: rx from master: release
2019/11/25 17:46:04.26 #|1574703964.263318293|00#| work_queue_worker[1] wq: released by master 10.0.156.2:1026.
2019/11/25 17:46:04.26 #|1574703964.263807641|00#| work_queue_worker[1] wq: cleaning workspace /tmp/worker-0-1
2019/11/25 17:46:04.47 #|1574703964.475546969|00#| work_queue_worker[1] wq: disconnecting from master 10.0.156.2:1026
2019/11/25 17:46:04.47 #|1574703964.475634308|00#| work_queue_worker[1] tcp: disconnected from 10.0.156.2 port 1026
2019/11/25 17:46:04.47 #|1574703964.475647796|00#| work_queue_worker[1] wq: killing all outstanding tasks
2019/11/25 17:46:04.47 #|1574703964.475659537|00#| work_queue_worker[1] wq: all data structures are clean
2019/11/25 17:46:05.47 #|1574703965.475851613|00#| work_queue_worker[1] tcp: connecting to 10.0.156.2 port 1026
