2019/11/26 14:07:25.22 work_queue_worker[1] debug: /home/cctools_BRUNO_bin/bin/work_queue_worker version 8.0.0 DEVELOPMENT (released 2019-11-06 16:35:57 +0000)
2019/11/26 14:07:25.22 work_queue_worker[1] debug: Built by root@2546322b0463 on 2019-11-06 16:35:57 +0000
2019/11/26 14:07:25.22 work_queue_worker[1] debug: System: Linux 2546322b0463 5.0.0-32-generic #34~18.04.2-Ubuntu SMP Thu Oct 10 10:36:02 UTC 2019 x86_64 x86_64 x86_64 GNU/Linux
2019/11/26 14:07:25.22 work_queue_worker[1] debug: Configuration: --prefix /home/cctools_BRUNO_bin
2019/11/26 14:07:25.22 work_queue_worker[1] wq: WORK_QUEUE_SANDBOX set to /tmp/worker-0-1.
2019/11/26 14:07:25.22 work_queue_worker[1] debug: error reading disk usage on directory: ./cache.
2019/11/26 14:07:25.22 work_queue_worker[1] dns: looking up name master
2019/11/26 14:07:25.22 work_queue_worker[1] dns: master is 10.0.235.2
2019/11/26 14:07:25.22 work_queue_worker[1] tcp: connecting to 10.0.235.2 port 1026
2019/11/26 14:07:25.22 work_queue_worker[1] tcp: made connection to 10.0.235.2 port 1026
2019/11/26 14:07:25.22 work_queue_worker[1] wq: connected to master master:1026 via local address 10.0.235.16:57680
2019/11/26 14:07:25.22 work_queue_worker[1] wq: preparing workspace /tmp/worker-0-1
2019/11/26 14:07:25.22 work_queue_worker[1] dns: looking up name 1405147953a8
2019/11/26 14:07:25.22 work_queue_worker[1] dns: 1405147953a8 is 10.0.235.16
2019/11/26 14:07:25.22 work_queue_worker[1] dns: looking up addr 10.0.235.16
2019/11/26 14:07:25.22 work_queue_worker[1] dns: 10.0.235.16 is 1405147953a8
2019/11/26 14:07:25.22 work_queue_worker[1] dns: finding my hostname: uname = 1405147953a8, address = 10.0.235.16, hostname = 1405147953a8
2019/11/26 14:07:25.22 work_queue_worker[1] wq: tx to master: workqueue 8 1405147953a8 Linux x86_64 8.0.0
2019/11/26 14:07:25.22 work_queue_worker[1] wq: tx to master: info worker-id worker-cc8c179fa05b20c9e4720c12ea143884
2019/11/26 14:07:25.22 work_queue_worker[1] wq: tx to master: alive
2019/11/26 14:07:25.22 work_queue_worker[1] wq: Sending resource description to master:
2019/11/26 14:07:25.22 work_queue_worker[1] wq:  workers      0 inuse      1 total      1 smallest      1 largest
2019/11/26 14:07:25.22 work_queue_worker[1] wq:     disk      0 inuse   2319 total   2319 smallest   2319 largest
2019/11/26 14:07:25.22 work_queue_worker[1] wq:   memory      0 inuse  11908 total  11908 smallest  11908 largest
2019/11/26 14:07:25.22 work_queue_worker[1] wq:     gpus      0 inuse      0 total      0 smallest      0 largest
2019/11/26 14:07:25.22 work_queue_worker[1] wq:    cores      0 inuse      1 total      1 smallest      1 largest
2019/11/26 14:07:25.22 work_queue_worker[1] wq: tx to master: info end_of_resource_update 0
2019/11/26 14:07:25.22 work_queue_worker[1] wq: tx to master: info tasks_running 0
2019/11/26 14:07:25.22 work_queue_worker[1] wq: working for master at 10.0.235.2:1026.
2019/11/26 14:09:12.53 work_queue_worker[1] wq: Failed to read from master.
2019/11/26 14:09:12.53 work_queue_worker[1] wq: *********** BRUNO ******** NOT cleaning workspace /tmp/worker-0-1
2019/11/26 14:09:12.53 work_queue_worker[1] wq: disconnecting from master 10.0.235.2:1026
2019/11/26 14:09:12.53 work_queue_worker[1] tcp: disconnected from 10.0.235.2 port 1026
2019/11/26 14:09:12.53 work_queue_worker[1] wq: killing all outstanding tasks
2019/11/26 14:09:12.53 work_queue_worker[1] wq: all data structures are clean
2019/11/26 14:09:18.53 work_queue_worker[1] tcp: connecting to 10.0.235.2 port 1026
2019/11/26 14:09:18.53 work_queue_worker[1] tcp: made connection to 10.0.235.2 port 1026
2019/11/26 14:09:18.54 work_queue_worker[1] wq: connected to master master:1026 via local address 10.0.235.16:57716
2019/11/26 14:09:18.54 work_queue_worker[1] wq: preparing workspace /tmp/worker-0-1
2019/11/26 14:09:18.54 work_queue_worker[1] dns: finding my hostname: uname = 1405147953a8, address = 10.0.235.16, hostname = 1405147953a8
2019/11/26 14:09:18.54 work_queue_worker[1] wq: tx to master: workqueue 8 1405147953a8 Linux x86_64 8.0.0
2019/11/26 14:09:18.54 work_queue_worker[1] wq: tx to master: info worker-id worker-cc8c179fa05b20c9e4720c12ea143884
2019/11/26 14:09:18.54 work_queue_worker[1] wq: tx to master: alive
2019/11/26 14:09:18.54 work_queue_worker[1] wq: Sending resource description to master:
2019/11/26 14:09:18.54 work_queue_worker[1] wq:  workers      0 inuse      1 total      1 smallest      1 largest
2019/11/26 14:09:18.54 work_queue_worker[1] wq:     disk      0 inuse   2200 total   2200 smallest   2200 largest
2019/11/26 14:09:18.54 work_queue_worker[1] wq:   memory      0 inuse  11908 total  11908 smallest  11908 largest
2019/11/26 14:09:18.54 work_queue_worker[1] wq:     gpus      0 inuse      0 total      0 smallest      0 largest
2019/11/26 14:09:18.54 work_queue_worker[1] wq:    cores      0 inuse      1 total      1 smallest      1 largest
2019/11/26 14:09:18.54 work_queue_worker[1] wq: tx to master: info end_of_resource_update 0
2019/11/26 14:09:18.54 work_queue_worker[1] wq: tx to master: info tasks_running 0
2019/11/26 14:09:18.54 work_queue_worker[1] wq: working for master at 10.0.235.2:1026.
2019/11/26 14:10:36.87 work_queue_worker[1] wq: rx from master: put file-0-ca460a46b92c00497c427b9d5c9ec7aa-query.fastq.2 2044000 0644 1
2019/11/26 14:10:36.87 work_queue_worker[1] wq: Putting file file-0-ca460a46b92c00497c427b9d5c9ec7aa-query.fastq.2 into workspace
2019/11/26 14:10:36.87 work_queue_worker[1] wq: Dir /cache already exists in cache
2019/11/26 14:10:36.88 work_queue_worker[1] wq: ****BRUNO***** cp BARRA: -> cp ./cache/file-0-ca460a46b92c00497c427b9d5c9ec7aa-query.fastq.2 /cache.
2019/11/26 14:10:36.89 work_queue_worker[1] wq: rx from master: put file-0-971da570f958f7598fb58342dc472274-ref.fasta.sa 50000056 0644 1
2019/11/26 14:10:36.89 work_queue_worker[1] wq: Putting file file-0-971da570f958f7598fb58342dc472274-ref.fasta.sa into workspace
2019/11/26 14:10:36.89 work_queue_worker[1] wq: Dir /cache already exists in cache
2019/11/26 14:10:36.97 work_queue_worker[1] wq: ****BRUNO***** cp BARRA: -> cp ./cache/file-0-971da570f958f7598fb58342dc472274-ref.fasta.sa /cache.
2019/11/26 14:10:37.03 work_queue_worker[1] wq: rx from master: put file-0-35f59a9883b4870b84f03717aff16002-ref.fasta.ann 5866697 0644 1
2019/11/26 14:10:37.03 work_queue_worker[1] wq: Putting file file-0-35f59a9883b4870b84f03717aff16002-ref.fasta.ann into workspace
2019/11/26 14:10:37.03 work_queue_worker[1] wq: Dir /cache already exists in cache
2019/11/26 14:10:37.04 work_queue_worker[1] wq: ****BRUNO***** cp BARRA: -> cp ./cache/file-0-35f59a9883b4870b84f03717aff16002-ref.fasta.ann /cache.
2019/11/26 14:10:37.05 work_queue_worker[1] wq: rx from master: put file-0-1aba5e7adecebe065db19a405fb8bdf0-ref.fasta.amb 19 0644 1
2019/11/26 14:10:37.05 work_queue_worker[1] wq: Putting file file-0-1aba5e7adecebe065db19a405fb8bdf0-ref.fasta.amb into workspace
2019/11/26 14:10:37.05 work_queue_worker[1] wq: Dir /cache already exists in cache
2019/11/26 14:10:37.05 work_queue_worker[1] wq: ****BRUNO***** cp BARRA: -> cp ./cache/file-0-1aba5e7adecebe065db19a405fb8bdf0-ref.fasta.amb /cache.
2019/11/26 14:10:37.06 work_queue_worker[1] wq: rx from master: put file-0-d4ff2b390cdd34b642d74a1cd1b59b97-ref.fasta.pac 25000002 0644 1
2019/11/26 14:10:37.06 work_queue_worker[1] wq: Putting file file-0-d4ff2b390cdd34b642d74a1cd1b59b97-ref.fasta.pac into workspace
2019/11/26 14:10:37.06 work_queue_worker[1] wq: Dir /cache already exists in cache
2019/11/26 14:10:37.09 work_queue_worker[1] wq: ****BRUNO***** cp BARRA: -> cp ./cache/file-0-d4ff2b390cdd34b642d74a1cd1b59b97-ref.fasta.pac /cache.
2019/11/26 14:10:37.29 work_queue_worker[1] wq: rx from master: put file-0-0cadea4f68da3f941c5b5f0c963a59f8-ref.fasta.bwt 100000072 0644 1
2019/11/26 14:10:37.29 work_queue_worker[1] wq: Putting file file-0-0cadea4f68da3f941c5b5f0c963a59f8-ref.fasta.bwt into workspace
2019/11/26 14:10:37.29 work_queue_worker[1] wq: Dir /cache already exists in cache
2019/11/26 14:10:37.43 work_queue_worker[1] wq: ****BRUNO***** cp BARRA: -> cp ./cache/file-0-0cadea4f68da3f941c5b5f0c963a59f8-ref.fasta.bwt /cache.
2019/11/26 14:10:39.29 work_queue_worker[1] wq: rx from master: put file-0-b08c3e9746692f64bcb9a448620c7967-ref.fasta 105477790 0644 1
2019/11/26 14:10:39.29 work_queue_worker[1] wq: Putting file file-0-b08c3e9746692f64bcb9a448620c7967-ref.fasta into workspace
2019/11/26 14:10:39.29 work_queue_worker[1] wq: Dir /cache already exists in cache
2019/11/26 14:10:39.44 work_queue_worker[1] wq: ****BRUNO***** cp BARRA: -> cp ./cache/file-0-b08c3e9746692f64bcb9a448620c7967-ref.fasta /cache.
2019/11/26 14:10:42.69 work_queue_worker[1] wq: rx from master: put file-0-a6be17d8a097bb9efd120be10bbc654c-bwa 1444312 0755 1
2019/11/26 14:10:42.69 work_queue_worker[1] wq: Putting file file-0-a6be17d8a097bb9efd120be10bbc654c-bwa into workspace
2019/11/26 14:10:42.69 work_queue_worker[1] wq: Dir /cache already exists in cache
2019/11/26 14:10:42.70 work_queue_worker[1] wq: ****BRUNO***** cp BARRA: -> cp ./cache/file-0-a6be17d8a097bb9efd120be10bbc654c-bwa /cache.
2019/11/26 14:10:42.70 work_queue_worker[1] wq: rx from master: task 8
2019/11/26 14:10:42.70 work_queue_worker[1] wq: rx from master: cmd 58
2019/11/26 14:10:42.70 work_queue_worker[1] wq: rx from master: ./bwa mem ref.fasta query.fastq.2 > Out.2.sam 2> mem.2.err
2019/11/26 14:10:42.70 work_queue_worker[1] wq: rx from master: category default
2019/11/26 14:10:42.70 work_queue_worker[1] wq: rx from master: cores 1
2019/11/26 14:10:42.70 work_queue_worker[1] wq: rx from master: memory 11908
2019/11/26 14:10:42.70 work_queue_worker[1] wq: rx from master: disk 2200
2019/11/26 14:10:42.70 work_queue_worker[1] wq: rx from master: gpus 0
2019/11/26 14:10:42.70 work_queue_worker[1] wq: rx from master: end_time 18446744073709551615
2019/11/26 14:10:42.70 work_queue_worker[1] wq: rx from master: wall_time 18446744073709551615
2019/11/26 14:10:42.70 work_queue_worker[1] wq: rx from master: env 7
2019/11/26 14:10:42.70 work_queue_worker[1] wq: rx from master: env 17
2019/11/26 14:10:42.70 work_queue_worker[1] wq: rx from master: infile file-0-ca460a46b92c00497c427b9d5c9ec7aa-query.fastq.2 query.fastq.2 1
2019/11/26 14:10:42.70 work_queue_worker[1] wq: rx from master: infile file-0-971da570f958f7598fb58342dc472274-ref.fasta.sa ref.fasta.sa 1
2019/11/26 14:10:42.70 work_queue_worker[1] wq: rx from master: infile file-0-35f59a9883b4870b84f03717aff16002-ref.fasta.ann ref.fasta.ann 1
2019/11/26 14:10:42.70 work_queue_worker[1] wq: rx from master: infile file-0-1aba5e7adecebe065db19a405fb8bdf0-ref.fasta.amb ref.fasta.amb 1
2019/11/26 14:10:42.70 work_queue_worker[1] wq: rx from master: infile file-0-d4ff2b390cdd34b642d74a1cd1b59b97-ref.fasta.pac ref.fasta.pac 1
2019/11/26 14:10:42.70 work_queue_worker[1] wq: rx from master: infile file-0-0cadea4f68da3f941c5b5f0c963a59f8-ref.fasta.bwt ref.fasta.bwt 1
2019/11/26 14:10:42.70 work_queue_worker[1] wq: rx from master: infile file-0-b08c3e9746692f64bcb9a448620c7967-ref.fasta ref.fasta 1
2019/11/26 14:10:42.70 work_queue_worker[1] wq: rx from master: infile file-0-a6be17d8a097bb9efd120be10bbc654c-bwa bwa 1
2019/11/26 14:10:42.70 work_queue_worker[1] wq: rx from master: outfile file-0-730e573ef19149b34ec9475cd2ba239d-mem.2.err mem.2.err 1
2019/11/26 14:10:42.70 work_queue_worker[1] wq: rx from master: outfile file-0-f0aa8031066b5c6b6b1c1aff5e2012fc-Out.2.sam Out.2.sam 1
2019/11/26 14:10:42.70 work_queue_worker[1] wq: rx from master: end
2019/11/26 14:10:42.70 work_queue_worker[1] wq: tx to master: info cached_files file-0-6a3566a41d4cc2c0ac4ec7bfaab41382-query.fastq.6
2019/11/26 14:10:42.70 work_queue_worker[1] wq: tx to master: info cached_files file-0-d4ff2b390cdd34b642d74a1cd1b59b97-ref.fasta.pac
2019/11/26 14:10:42.70 work_queue_worker[1] wq: tx to master: info cached_files file-0-1aba5e7adecebe065db19a405fb8bdf0-ref.fasta.amb
2019/11/26 14:10:42.70 work_queue_worker[1] wq: tx to master: info cached_files file-0-b08c3e9746692f64bcb9a448620c7967-ref.fasta
2019/11/26 14:10:42.70 work_queue_worker[1] wq: tx to master: info cached_files file-0-ca460a46b92c00497c427b9d5c9ec7aa-query.fastq.2
2019/11/26 14:10:42.70 work_queue_worker[1] wq: tx to master: info cached_files file-0-6fc1453ebcb4c31e04f426871fd36430-query.fastq.7
2019/11/26 14:10:42.70 work_queue_worker[1] wq: tx to master: info cached_files file-0-0cadea4f68da3f941c5b5f0c963a59f8-ref.fasta.bwt
2019/11/26 14:10:42.70 work_queue_worker[1] wq: tx to master: info cached_files file-0-a6be17d8a097bb9efd120be10bbc654c-bwa
2019/11/26 14:10:42.70 work_queue_worker[1] wq: tx to master: info cached_files file-0-971da570f958f7598fb58342dc472274-ref.fasta.sa
2019/11/26 14:10:42.70 work_queue_worker[1] wq: tx to master: info cached_files file-0-cdcb812e1d4b3d86022e7dd488b06452-query.fastq.3
2019/11/26 14:10:42.70 work_queue_worker[1] wq: tx to master: info cached_files file-0-36be22101ef1efa255f72734945e7792-query.fastq.1
2019/11/26 14:10:42.70 work_queue_worker[1] wq: tx to master: info cached_files file-0-35f59a9883b4870b84f03717aff16002-ref.fasta.ann
2019/11/26 14:10:42.76 work_queue_worker[1] wq: linking cache/file-0-ca460a46b92c00497c427b9d5c9ec7aa-query.fastq.2 to /tmp/worker-0-1/t.8/query.fastq.2
2019/11/26 14:10:42.76 work_queue_worker[1] wq: linking cache/file-0-971da570f958f7598fb58342dc472274-ref.fasta.sa to /tmp/worker-0-1/t.8/ref.fasta.sa
2019/11/26 14:10:42.76 work_queue_worker[1] wq: linking cache/file-0-35f59a9883b4870b84f03717aff16002-ref.fasta.ann to /tmp/worker-0-1/t.8/ref.fasta.ann
2019/11/26 14:10:42.76 work_queue_worker[1] wq: linking cache/file-0-1aba5e7adecebe065db19a405fb8bdf0-ref.fasta.amb to /tmp/worker-0-1/t.8/ref.fasta.amb
2019/11/26 14:10:42.76 work_queue_worker[1] wq: linking cache/file-0-d4ff2b390cdd34b642d74a1cd1b59b97-ref.fasta.pac to /tmp/worker-0-1/t.8/ref.fasta.pac
2019/11/26 14:10:42.76 work_queue_worker[1] wq: linking cache/file-0-0cadea4f68da3f941c5b5f0c963a59f8-ref.fasta.bwt to /tmp/worker-0-1/t.8/ref.fasta.bwt
2019/11/26 14:10:42.76 work_queue_worker[1] wq: linking cache/file-0-b08c3e9746692f64bcb9a448620c7967-ref.fasta to /tmp/worker-0-1/t.8/ref.fasta
2019/11/26 14:10:42.76 work_queue_worker[1] wq: linking cache/file-0-a6be17d8a097bb9efd120be10bbc654c-bwa to /tmp/worker-0-1/t.8/bwa
2019/11/26 14:10:42.76 work_queue_worker[1] wq: Waiting task 8 has been forsaken.
2019/11/26 14:10:42.76 work_queue_worker[1] wq: tx to master: alive
2019/11/26 14:10:42.76 work_queue_worker[1] wq: Sending resource description to master:
2019/11/26 14:10:42.76 work_queue_worker[1] wq:  workers      0 inuse      1 total      1 smallest      1 largest
2019/11/26 14:10:42.76 work_queue_worker[1] wq:     disk    175 inuse   2026 total   2026 smallest   2026 largest
2019/11/26 14:10:42.76 work_queue_worker[1] wq:   memory      0 inuse  11908 total  11908 smallest  11908 largest
2019/11/26 14:10:42.76 work_queue_worker[1] wq:     gpus      0 inuse      0 total      0 smallest      0 largest
2019/11/26 14:10:42.76 work_queue_worker[1] wq:    cores      0 inuse      1 total      1 smallest      1 largest
2019/11/26 14:10:42.76 work_queue_worker[1] wq: tx to master: info end_of_resource_update 0
2019/11/26 14:10:42.76 work_queue_worker[1] wq: tx to master: info tasks_running 0
2019/11/26 14:10:42.76 work_queue_worker[1] wq: tx to master: info tasks_running 0
2019/11/26 14:10:42.76 work_queue_worker[1] wq: tx to master: available_results
2019/11/26 14:10:51.71 work_queue_worker[1] wq: rx from master: send_results -1
2019/11/26 14:10:51.71 work_queue_worker[1] wq: tx to master: result 40 0 0 0 8
2019/11/26 14:10:51.71 work_queue_worker[1] wq: tx to master: info tasks_running 0
2019/11/26 14:10:51.71 work_queue_worker[1] wq: tx to master: end
2019/11/26 14:10:51.71 work_queue_worker[1] wq: rx from master: task 8
2019/11/26 14:10:51.71 work_queue_worker[1] wq: rx from master: cmd 58
2019/11/26 14:10:51.71 work_queue_worker[1] wq: rx from master: ./bwa mem ref.fasta query.fastq.2 > Out.2.sam 2> mem.2.err
2019/11/26 14:10:51.71 work_queue_worker[1] wq: rx from master: category default
2019/11/26 14:10:51.71 work_queue_worker[1] wq: rx from master: cores 1
2019/11/26 14:10:51.71 work_queue_worker[1] wq: rx from master: memory 11908
2019/11/26 14:10:51.71 work_queue_worker[1] wq: rx from master: disk 2026
2019/11/26 14:10:51.71 work_queue_worker[1] wq: rx from master: gpus 0
2019/11/26 14:10:51.71 work_queue_worker[1] wq: rx from master: end_time 18446744073709551615
2019/11/26 14:10:51.71 work_queue_worker[1] wq: rx from master: wall_time 18446744073709551615
2019/11/26 14:10:51.71 work_queue_worker[1] wq: rx from master: env 7
2019/11/26 14:10:51.71 work_queue_worker[1] wq: rx from master: env 17
2019/11/26 14:10:51.71 work_queue_worker[1] wq: rx from master: infile file-0-ca460a46b92c00497c427b9d5c9ec7aa-query.fastq.2 query.fastq.2 1
2019/11/26 14:10:51.71 work_queue_worker[1] wq: rx from master: infile file-0-971da570f958f7598fb58342dc472274-ref.fasta.sa ref.fasta.sa 1
2019/11/26 14:10:51.71 work_queue_worker[1] wq: rx from master: infile file-0-35f59a9883b4870b84f03717aff16002-ref.fasta.ann ref.fasta.ann 1
2019/11/26 14:10:51.71 work_queue_worker[1] wq: rx from master: infile file-0-1aba5e7adecebe065db19a405fb8bdf0-ref.fasta.amb ref.fasta.amb 1
2019/11/26 14:10:51.71 work_queue_worker[1] wq: rx from master: infile file-0-d4ff2b390cdd34b642d74a1cd1b59b97-ref.fasta.pac ref.fasta.pac 1
2019/11/26 14:10:51.71 work_queue_worker[1] wq: rx from master: infile file-0-0cadea4f68da3f941c5b5f0c963a59f8-ref.fasta.bwt ref.fasta.bwt 1
2019/11/26 14:10:51.71 work_queue_worker[1] wq: rx from master: infile file-0-b08c3e9746692f64bcb9a448620c7967-ref.fasta ref.fasta 1
2019/11/26 14:10:51.71 work_queue_worker[1] wq: rx from master: infile file-0-a6be17d8a097bb9efd120be10bbc654c-bwa bwa 1
2019/11/26 14:10:51.71 work_queue_worker[1] wq: rx from master: outfile file-0-730e573ef19149b34ec9475cd2ba239d-mem.2.err mem.2.err 1
2019/11/26 14:10:51.71 work_queue_worker[1] wq: rx from master: outfile file-0-f0aa8031066b5c6b6b1c1aff5e2012fc-Out.2.sam Out.2.sam 1
2019/11/26 14:10:51.71 work_queue_worker[1] wq: rx from master: end
2019/11/26 14:10:51.71 work_queue_worker[1] wq: tx to master: info cached_files file-0-6f85758c582abc1bb82cf0a8491389b5-query.fastq.0
2019/11/26 14:10:51.71 work_queue_worker[1] wq: linking cache/file-0-ca460a46b92c00497c427b9d5c9ec7aa-query.fastq.2 to /tmp/worker-0-1/t.8/query.fastq.2
2019/11/26 14:10:51.71 work_queue_worker[1] wq: linking cache/file-0-971da570f958f7598fb58342dc472274-ref.fasta.sa to /tmp/worker-0-1/t.8/ref.fasta.sa
2019/11/26 14:10:51.71 work_queue_worker[1] wq: linking cache/file-0-35f59a9883b4870b84f03717aff16002-ref.fasta.ann to /tmp/worker-0-1/t.8/ref.fasta.ann
2019/11/26 14:10:51.71 work_queue_worker[1] wq: linking cache/file-0-1aba5e7adecebe065db19a405fb8bdf0-ref.fasta.amb to /tmp/worker-0-1/t.8/ref.fasta.amb
2019/11/26 14:10:51.71 work_queue_worker[1] wq: linking cache/file-0-d4ff2b390cdd34b642d74a1cd1b59b97-ref.fasta.pac to /tmp/worker-0-1/t.8/ref.fasta.pac
2019/11/26 14:10:51.71 work_queue_worker[1] wq: linking cache/file-0-0cadea4f68da3f941c5b5f0c963a59f8-ref.fasta.bwt to /tmp/worker-0-1/t.8/ref.fasta.bwt
2019/11/26 14:10:51.71 work_queue_worker[1] wq: linking cache/file-0-b08c3e9746692f64bcb9a448620c7967-ref.fasta to /tmp/worker-0-1/t.8/ref.fasta
2019/11/26 14:10:51.71 work_queue_worker[1] wq: linking cache/file-0-a6be17d8a097bb9efd120be10bbc654c-bwa to /tmp/worker-0-1/t.8/bwa
2019/11/26 14:10:51.71 work_queue_worker[1] wq: started process 29: ./bwa mem ref.fasta query.fastq.2 > Out.2.sam 2> mem.2.err
2019/11/26 14:10:51.71 work_queue_worker[1] wq: tx to master: info tasks_running 1
2019/11/26 14:10:53.64 work_queue_worker[1] wq: task 8 (pid 29) exited normally with exit code 0
2019/11/26 14:10:53.64 work_queue_worker[1] wq: moving output file from /tmp/worker-0-1/t.8/mem.2.err to cache/file-0-730e573ef19149b34ec9475cd2ba239d-mem.2.err
2019/11/26 14:10:53.64 work_queue_worker[1] wq: moving output file from /tmp/worker-0-1/t.8/Out.2.sam to cache/file-0-f0aa8031066b5c6b6b1c1aff5e2012fc-Out.2.sam
2019/11/26 14:10:53.64 work_queue_worker[1] wq: tx to master: available_results
2019/11/26 14:10:54.16 work_queue_worker[1] wq: rx from master: send_results -1
2019/11/26 14:10:54.16 work_queue_worker[1] wq: tx to master: result 0 0 0 1929694 8
2019/11/26 14:10:54.16 work_queue_worker[1] wq: tx to master: info tasks_running 0
2019/11/26 14:10:54.16 work_queue_worker[1] wq: tx to master: end
2019/11/26 14:10:54.20 work_queue_worker[1] wq: rx from master: get file-0-730e573ef19149b34ec9475cd2ba239d-mem.2.err 1
2019/11/26 14:10:54.20 work_queue_worker[1] wq: tx to master: file file-0-730e573ef19149b34ec9475cd2ba239d-mem.2.err 297
2019/11/26 14:10:54.20 work_queue_worker[1] wq: tx to master: end
2019/11/26 14:10:54.20 work_queue_worker[1] wq: rx from master: get file-0-f0aa8031066b5c6b6b1c1aff5e2012fc-Out.2.sam 1
2019/11/26 14:10:54.20 work_queue_worker[1] wq: tx to master: file file-0-f0aa8031066b5c6b6b1c1aff5e2012fc-Out.2.sam 7097295
2019/11/26 14:10:54.21 work_queue_worker[1] wq: tx to master: end
2019/11/26 14:10:54.21 work_queue_worker[1] wq: rx from master: kill 8
2019/11/26 14:10:54.21 work_queue_worker[1] wq: ---- DELETING: /tmp/worker-0-1/t.8
2019/11/26 14:11:04.60 work_queue_worker[1] wq: rx from master: put file-0-048045060f61089a83cce204e6b8f151-corr.out 0 0644 1
2019/11/26 14:11:04.60 work_queue_worker[1] wq: Putting file file-0-048045060f61089a83cce204e6b8f151-corr.out into workspace
2019/11/26 14:11:04.60 work_queue_worker[1] wq: Dir /cache already exists in cache
2019/11/26 14:11:04.60 work_queue_worker[1] wq: ****BRUNO***** cp BARRA: -> cp ./cache/file-0-048045060f61089a83cce204e6b8f151-corr.out /cache.
2019/11/26 14:11:04.60 work_queue_worker[1] wq: rx from master: put file-0-6ff7f7e5220a8cc8bb8326b3ed99cd8d-ref.fasta.97 1055000 0644 1
2019/11/26 14:11:04.60 work_queue_worker[1] wq: Putting file file-0-6ff7f7e5220a8cc8bb8326b3ed99cd8d-ref.fasta.97 into workspace
2019/11/26 14:11:04.60 work_queue_worker[1] wq: Dir /cache already exists in cache
2019/11/26 14:11:04.60 work_queue_worker[1] wq: ****BRUNO***** cp BARRA: -> cp ./cache/file-0-6ff7f7e5220a8cc8bb8326b3ed99cd8d-ref.fasta.97 /cache.
2019/11/26 14:11:04.61 work_queue_worker[1] wq: rx from master: put file-0-ddd728dc31a49bcd4cacae5676b4e7f7-Create_Corrected_AllLRReads.py 1402 0755 1
2019/11/26 14:11:04.61 work_queue_worker[1] wq: Putting file file-0-ddd728dc31a49bcd4cacae5676b4e7f7-Create_Corrected_AllLRReads.py into workspace
2019/11/26 14:11:04.61 work_queue_worker[1] wq: Dir /cache already exists in cache
2019/11/26 14:11:04.61 work_queue_worker[1] wq: ****BRUNO***** cp BARRA: -> cp ./cache/file-0-ddd728dc31a49bcd4cacae5676b4e7f7-Create_Corrected_AllLRReads.py /cache.
2019/11/26 14:11:04.61 work_queue_worker[1] wq: rx from master: task 15
2019/11/26 14:11:04.61 work_queue_worker[1] wq: rx from master: cmd 76
2019/11/26 14:11:04.61 work_queue_worker[1] wq: rx from master: python Create_Corrected_AllLRReads.py ref.fasta.97 corr.out 2> create.err.97
2019/11/26 14:11:04.61 work_queue_worker[1] wq: rx from master: category default
2019/11/26 14:11:04.61 work_queue_worker[1] wq: rx from master: cores 1
2019/11/26 14:11:04.61 work_queue_worker[1] wq: rx from master: memory 11908
2019/11/26 14:11:04.61 work_queue_worker[1] wq: rx from master: disk 2026
2019/11/26 14:11:04.61 work_queue_worker[1] wq: rx from master: gpus 0
2019/11/26 14:11:04.61 work_queue_worker[1] wq: rx from master: end_time 18446744073709551615
2019/11/26 14:11:04.61 work_queue_worker[1] wq: rx from master: wall_time 18446744073709551615
2019/11/26 14:11:04.61 work_queue_worker[1] wq: rx from master: env 7
2019/11/26 14:11:04.61 work_queue_worker[1] wq: rx from master: env 17
2019/11/26 14:11:04.61 work_queue_worker[1] wq: rx from master: infile file-0-048045060f61089a83cce204e6b8f151-corr.out corr.out 1
2019/11/26 14:11:04.61 work_queue_worker[1] wq: rx from master: infile file-0-6ff7f7e5220a8cc8bb8326b3ed99cd8d-ref.fasta.97 ref.fasta.97 1
2019/11/26 14:11:04.61 work_queue_worker[1] wq: rx from master: infile file-0-ddd728dc31a49bcd4cacae5676b4e7f7-Create_Corrected_AllLRReads.py Create_Corrected_AllLRReads.py 1
2019/11/26 14:11:04.61 work_queue_worker[1] wq: rx from master: outfile file-0-340a298f9567c8f4e62f342f16a5bb24-create.err.97 create.err.97 1
2019/11/26 14:11:04.61 work_queue_worker[1] wq: rx from master: outfile file-0-74a4bb6570ab57e6427858fe9d57114b-Corrected_ref.fasta.97 Corrected_ref.fasta.97 1
2019/11/26 14:11:04.61 work_queue_worker[1] wq: rx from master: end
2019/11/26 14:11:04.61 work_queue_worker[1] wq: tx to master: info cached_files file-0-ec2a8ddc7358fb1db3022befed687cc2-samtools
2019/11/26 14:11:04.61 work_queue_worker[1] wq: tx to master: info cached_files file-0-e2087ea59ad023a9a6b94da242aa400a-ref.fasta.99
2019/11/26 14:11:04.61 work_queue_worker[1] wq: tx to master: info cached_files file-0-11ac100e7c885c7ba05e6e81cabe3d13-ref.fasta.98
2019/11/26 14:11:04.61 work_queue_worker[1] wq: tx to master: info cached_files file-0-ddd728dc31a49bcd4cacae5676b4e7f7-Create_Corrected_AllLRReads.py
2019/11/26 14:11:04.61 work_queue_worker[1] wq: tx to master: info cached_files file-0-048045060f61089a83cce204e6b8f151-corr.out
2019/11/26 14:11:04.61 work_queue_worker[1] wq: tx to master: info cached_files file-0-0f24a7a06e09ee83d231974ea7e8cb42-Out.sam
2019/11/26 14:11:04.61 work_queue_worker[1] wq: tx to master: info cached_files file-0-6ff7f7e5220a8cc8bb8326b3ed99cd8d-ref.fasta.97
2019/11/26 14:11:04.61 work_queue_worker[1] wq: tx to master: info cached_files file-0-2a278d767b3c1eecdf4ecc1907d928f1-ref.fasta.96
2019/11/26 14:11:04.61 work_queue_worker[1] wq: linking cache/file-0-048045060f61089a83cce204e6b8f151-corr.out to /tmp/worker-0-1/t.15/corr.out
2019/11/26 14:11:04.61 work_queue_worker[1] wq: linking cache/file-0-6ff7f7e5220a8cc8bb8326b3ed99cd8d-ref.fasta.97 to /tmp/worker-0-1/t.15/ref.fasta.97
2019/11/26 14:11:04.61 work_queue_worker[1] wq: linking cache/file-0-ddd728dc31a49bcd4cacae5676b4e7f7-Create_Corrected_AllLRReads.py to /tmp/worker-0-1/t.15/Create_Corrected_AllLRReads.py
2019/11/26 14:11:04.61 work_queue_worker[1] wq: Waiting task 15 has been forsaken.
2019/11/26 14:11:04.61 work_queue_worker[1] wq: tx to master: alive
2019/11/26 14:11:04.61 work_queue_worker[1] wq: Sending resource description to master:
2019/11/26 14:11:04.61 work_queue_worker[1] wq:  workers      0 inuse      1 total      1 smallest      1 largest
2019/11/26 14:11:04.61 work_queue_worker[1] wq:     disk      7 inuse   1457 total   1457 smallest   1457 largest
2019/11/26 14:11:04.61 work_queue_worker[1] wq:   memory      0 inuse  11908 total  11908 smallest  11908 largest
2019/11/26 14:11:04.61 work_queue_worker[1] wq:     gpus      0 inuse      0 total      0 smallest      0 largest
2019/11/26 14:11:04.61 work_queue_worker[1] wq:    cores      0 inuse      1 total      1 smallest      1 largest
2019/11/26 14:11:04.61 work_queue_worker[1] wq: tx to master: info end_of_resource_update 0
2019/11/26 14:11:04.61 work_queue_worker[1] wq: tx to master: info tasks_running 0
2019/11/26 14:11:04.61 work_queue_worker[1] wq: tx to master: info tasks_running 0
2019/11/26 14:11:04.61 work_queue_worker[1] wq: tx to master: available_results
2019/11/26 14:11:04.66 work_queue_worker[1] wq: rx from master: send_results -1
2019/11/26 14:11:04.66 work_queue_worker[1] wq: tx to master: result 40 0 0 0 15
2019/11/26 14:11:04.66 work_queue_worker[1] wq: tx to master: info tasks_running 0
2019/11/26 14:11:04.66 work_queue_worker[1] wq: tx to master: end
2019/11/26 14:11:04.67 work_queue_worker[1] wq: rx from master: put file-0-043cd4a4ebc802faba77138ff12bc49b-ref.fasta.86 1055000 0644 1
2019/11/26 14:11:04.67 work_queue_worker[1] wq: Putting file file-0-043cd4a4ebc802faba77138ff12bc49b-ref.fasta.86 into workspace
2019/11/26 14:11:04.67 work_queue_worker[1] wq: Dir /cache already exists in cache
2019/11/26 14:11:04.67 work_queue_worker[1] wq: ****BRUNO***** cp BARRA: -> cp ./cache/file-0-043cd4a4ebc802faba77138ff12bc49b-ref.fasta.86 /cache.
2019/11/26 14:11:04.67 work_queue_worker[1] wq: rx from master: task 26
2019/11/26 14:11:04.67 work_queue_worker[1] wq: rx from master: cmd 76
2019/11/26 14:11:04.67 work_queue_worker[1] wq: rx from master: python Create_Corrected_AllLRReads.py ref.fasta.86 corr.out 2> create.err.86
2019/11/26 14:11:04.67 work_queue_worker[1] wq: rx from master: category default
2019/11/26 14:11:04.67 work_queue_worker[1] wq: rx from master: cores 1
2019/11/26 14:11:04.67 work_queue_worker[1] wq: rx from master: memory 11908
2019/11/26 14:11:04.67 work_queue_worker[1] wq: rx from master: disk 1457
2019/11/26 14:11:04.67 work_queue_worker[1] wq: rx from master: gpus 0
2019/11/26 14:11:04.67 work_queue_worker[1] wq: rx from master: end_time 18446744073709551615
2019/11/26 14:11:04.67 work_queue_worker[1] wq: rx from master: wall_time 18446744073709551615
2019/11/26 14:11:04.67 work_queue_worker[1] wq: rx from master: env 7
2019/11/26 14:11:04.67 work_queue_worker[1] wq: rx from master: env 17
2019/11/26 14:11:04.67 work_queue_worker[1] wq: rx from master: infile file-0-048045060f61089a83cce204e6b8f151-corr.out corr.out 1
2019/11/26 14:11:04.67 work_queue_worker[1] wq: rx from master: infile file-0-043cd4a4ebc802faba77138ff12bc49b-ref.fasta.86 ref.fasta.86 1
2019/11/26 14:11:04.67 work_queue_worker[1] wq: rx from master: infile file-0-ddd728dc31a49bcd4cacae5676b4e7f7-Create_Corrected_AllLRReads.py Create_Corrected_AllLRReads.py 1
2019/11/26 14:11:04.67 work_queue_worker[1] wq: rx from master: outfile file-0-b5b0e5864b09fb0eb016523ba6281110-create.err.86 create.err.86 1
2019/11/26 14:11:04.67 work_queue_worker[1] wq: rx from master: outfile file-0-220bd94eea5e88999216cdf924ef0cee-Corrected_ref.fasta.86 Corrected_ref.fasta.86 1
2019/11/26 14:11:04.67 work_queue_worker[1] wq: rx from master: end
2019/11/26 14:11:04.67 work_queue_worker[1] wq: tx to master: info cached_files file-0-678ca30250569a1c64070583ea4b883b-ref.fasta.91
2019/11/26 14:11:04.67 work_queue_worker[1] wq: tx to master: info cached_files file-0-0200ff9e3f5dbb460563f55171b67d14-ref.fasta.87
2019/11/26 14:11:04.67 work_queue_worker[1] wq: tx to master: info cached_files file-0-2dd01aa1d6ecd63ec055ab381d19f030-ref.fasta.94
2019/11/26 14:11:04.67 work_queue_worker[1] wq: tx to master: info cached_files file-0-7e84d12fe76710de61a1e1012d161708-ref.fasta.95
2019/11/26 14:11:04.67 work_queue_worker[1] wq: tx to master: info cached_files file-0-66a7c2298b067a1446520d30478331eb-ref.fasta.88
2019/11/26 14:11:04.67 work_queue_worker[1] wq: tx to master: info cached_files file-0-043cd4a4ebc802faba77138ff12bc49b-ref.fasta.86
2019/11/26 14:11:04.68 work_queue_worker[1] wq: linking cache/file-0-048045060f61089a83cce204e6b8f151-corr.out to /tmp/worker-0-1/t.26/corr.out
2019/11/26 14:11:04.68 work_queue_worker[1] wq: linking cache/file-0-043cd4a4ebc802faba77138ff12bc49b-ref.fasta.86 to /tmp/worker-0-1/t.26/ref.fasta.86
2019/11/26 14:11:04.68 work_queue_worker[1] wq: linking cache/file-0-ddd728dc31a49bcd4cacae5676b4e7f7-Create_Corrected_AllLRReads.py to /tmp/worker-0-1/t.26/Create_Corrected_AllLRReads.py
2019/11/26 14:11:04.68 work_queue_worker[1] wq: started process 47: python Create_Corrected_AllLRReads.py ref.fasta.86 corr.out 2> create.err.86
2019/11/26 14:11:04.68 work_queue_worker[1] wq: tx to master: info tasks_running 1
2019/11/26 14:11:04.75 work_queue_worker[1] wq: task 26 (pid 47) exited normally with exit code 0
2019/11/26 14:11:04.75 work_queue_worker[1] wq: moving output file from /tmp/worker-0-1/t.26/create.err.86 to cache/file-0-b5b0e5864b09fb0eb016523ba6281110-create.err.86
2019/11/26 14:11:04.75 work_queue_worker[1] wq: moving output file from /tmp/worker-0-1/t.26/Corrected_ref.fasta.86 to cache/file-0-220bd94eea5e88999216cdf924ef0cee-Corrected_ref.fasta.86
2019/11/26 14:11:04.75 work_queue_worker[1] wq: tx to master: available_results
2019/11/26 14:11:04.75 work_queue_worker[1] wq: rx from master: send_results -1
2019/11/26 14:11:04.75 work_queue_worker[1] wq: tx to master: result 0 0 0 67888 26
2019/11/26 14:11:04.75 work_queue_worker[1] wq: tx to master: info tasks_running 0
2019/11/26 14:11:04.75 work_queue_worker[1] wq: tx to master: end
2019/11/26 14:11:04.75 work_queue_worker[1] wq: rx from master: get file-0-b5b0e5864b09fb0eb016523ba6281110-create.err.86 1
2019/11/26 14:11:04.75 work_queue_worker[1] wq: tx to master: file file-0-b5b0e5864b09fb0eb016523ba6281110-create.err.86 0
2019/11/26 14:11:04.75 work_queue_worker[1] wq: tx to master: end
2019/11/26 14:11:04.75 work_queue_worker[1] wq: rx from master: get file-0-220bd94eea5e88999216cdf924ef0cee-Corrected_ref.fasta.86 1
2019/11/26 14:11:04.75 work_queue_worker[1] wq: tx to master: file file-0-220bd94eea5e88999216cdf924ef0cee-Corrected_ref.fasta.86 1055000
2019/11/26 14:11:04.75 work_queue_worker[1] wq: tx to master: end
2019/11/26 14:11:04.75 work_queue_worker[1] wq: rx from master: kill 26
2019/11/26 14:11:04.75 work_queue_worker[1] wq: ---- DELETING: /tmp/worker-0-1/t.26
2019/11/26 14:11:04.76 work_queue_worker[1] wq: rx from master: put file-0-1105f050d3b758ee27606aa952a93a39-ref.fasta.79 1055000 0644 1
2019/11/26 14:11:04.76 work_queue_worker[1] wq: Putting file file-0-1105f050d3b758ee27606aa952a93a39-ref.fasta.79 into workspace
2019/11/26 14:11:04.76 work_queue_worker[1] wq: Dir /cache already exists in cache
2019/11/26 14:11:04.76 work_queue_worker[1] wq: ****BRUNO***** cp BARRA: -> cp ./cache/file-0-1105f050d3b758ee27606aa952a93a39-ref.fasta.79 /cache.
2019/11/26 14:11:04.76 work_queue_worker[1] wq: rx from master: task 33
2019/11/26 14:11:04.76 work_queue_worker[1] wq: rx from master: cmd 76
2019/11/26 14:11:04.76 work_queue_worker[1] wq: rx from master: python Create_Corrected_AllLRReads.py ref.fasta.79 corr.out 2> create.err.79
2019/11/26 14:11:04.76 work_queue_worker[1] wq: rx from master: category default
2019/11/26 14:11:04.76 work_queue_worker[1] wq: rx from master: cores 1
2019/11/26 14:11:04.76 work_queue_worker[1] wq: rx from master: memory 11908
2019/11/26 14:11:04.76 work_queue_worker[1] wq: rx from master: disk 1457
2019/11/26 14:11:04.76 work_queue_worker[1] wq: rx from master: gpus 0
2019/11/26 14:11:04.76 work_queue_worker[1] wq: rx from master: end_time 18446744073709551615
2019/11/26 14:11:04.76 work_queue_worker[1] wq: rx from master: wall_time 18446744073709551615
2019/11/26 14:11:04.76 work_queue_worker[1] wq: rx from master: env 7
2019/11/26 14:11:04.76 work_queue_worker[1] wq: rx from master: env 17
2019/11/26 14:11:04.76 work_queue_worker[1] wq: rx from master: infile file-0-048045060f61089a83cce204e6b8f151-corr.out corr.out 1
2019/11/26 14:11:04.76 work_queue_worker[1] wq: rx from master: infile file-0-1105f050d3b758ee27606aa952a93a39-ref.fasta.79 ref.fasta.79 1
2019/11/26 14:11:04.77 work_queue_worker[1] wq: rx from master: infile file-0-ddd728dc31a49bcd4cacae5676b4e7f7-Create_Corrected_AllLRReads.py Create_Corrected_AllLRReads.py 1
2019/11/26 14:11:04.77 work_queue_worker[1] wq: rx from master: outfile file-0-62164fe58c5000384c41a51bd3bcfc7b-create.err.79 create.err.79 1
2019/11/26 14:11:04.77 work_queue_worker[1] wq: rx from master: outfile file-0-5ce1cf93f1232ab6a2ba8d49011b5cd9-Corrected_ref.fasta.79 Corrected_ref.fasta.79 1
2019/11/26 14:11:04.77 work_queue_worker[1] wq: rx from master: end
2019/11/26 14:11:04.77 work_queue_worker[1] wq: tx to master: info cached_files file-0-bf3115c82377a77ae1e2edeca44e5a86-ref.fasta.83
2019/11/26 14:11:04.77 work_queue_worker[1] wq: tx to master: info cached_files file-0-47088b0540b60ccb8751dc65660d6bab-ref.fasta.85
2019/11/26 14:11:04.77 work_queue_worker[1] wq: tx to master: info cached_files file-0-1105f050d3b758ee27606aa952a93a39-ref.fasta.79
2019/11/26 14:11:04.77 work_queue_worker[1] wq: tx to master: info cached_files file-0-d804d5ca9c60ae1de1c5a8ef6852f76c-ref.fasta.82
2019/11/26 14:11:04.77 work_queue_worker[1] wq: tx to master: info cached_files file-0-ef3a6351196ab7a7f4d4e6aae1e0dab6-ref.fasta.80
2019/11/26 14:11:04.77 work_queue_worker[1] wq: tx to master: info cached_files file-0-c542de4a90195893e9d865e54f0520dc-ref.fasta.81
2019/11/26 14:11:04.77 work_queue_worker[1] wq: tx to master: info cached_files file-0-9d36663bc9ba2664f9d818064c36dc63-ref.fasta.84
2019/11/26 14:11:04.77 work_queue_worker[1] wq: linking cache/file-0-048045060f61089a83cce204e6b8f151-corr.out to /tmp/worker-0-1/t.33/corr.out
2019/11/26 14:11:04.77 work_queue_worker[1] wq: linking cache/file-0-1105f050d3b758ee27606aa952a93a39-ref.fasta.79 to /tmp/worker-0-1/t.33/ref.fasta.79
2019/11/26 14:11:04.77 work_queue_worker[1] wq: linking cache/file-0-ddd728dc31a49bcd4cacae5676b4e7f7-Create_Corrected_AllLRReads.py to /tmp/worker-0-1/t.33/Create_Corrected_AllLRReads.py
2019/11/26 14:11:04.77 work_queue_worker[1] wq: started process 53: python Create_Corrected_AllLRReads.py ref.fasta.79 corr.out 2> create.err.79
2019/11/26 14:11:04.77 work_queue_worker[1] wq: tx to master: info tasks_running 1
2019/11/26 14:11:04.83 work_queue_worker[1] wq: task 33 (pid 53) exited normally with exit code 0
2019/11/26 14:11:04.83 work_queue_worker[1] wq: moving output file from /tmp/worker-0-1/t.33/create.err.79 to cache/file-0-62164fe58c5000384c41a51bd3bcfc7b-create.err.79
2019/11/26 14:11:04.83 work_queue_worker[1] wq: moving output file from /tmp/worker-0-1/t.33/Corrected_ref.fasta.79 to cache/file-0-5ce1cf93f1232ab6a2ba8d49011b5cd9-Corrected_ref.fasta.79
2019/11/26 14:11:04.83 work_queue_worker[1] wq: tx to master: available_results
2019/11/26 14:11:04.84 work_queue_worker[1] wq: rx from master: send_results -1
2019/11/26 14:11:04.84 work_queue_worker[1] wq: tx to master: result 0 0 0 60313 33
2019/11/26 14:11:04.84 work_queue_worker[1] wq: tx to master: info tasks_running 0
2019/11/26 14:11:04.84 work_queue_worker[1] wq: tx to master: end
2019/11/26 14:11:04.84 work_queue_worker[1] wq: rx from master: get file-0-62164fe58c5000384c41a51bd3bcfc7b-create.err.79 1
2019/11/26 14:11:04.84 work_queue_worker[1] wq: tx to master: file file-0-62164fe58c5000384c41a51bd3bcfc7b-create.err.79 0
2019/11/26 14:11:04.84 work_queue_worker[1] wq: tx to master: end
2019/11/26 14:11:04.84 work_queue_worker[1] wq: rx from master: get file-0-5ce1cf93f1232ab6a2ba8d49011b5cd9-Corrected_ref.fasta.79 1
2019/11/26 14:11:04.84 work_queue_worker[1] wq: tx to master: file file-0-5ce1cf93f1232ab6a2ba8d49011b5cd9-Corrected_ref.fasta.79 1055000
2019/11/26 14:11:04.84 work_queue_worker[1] wq: tx to master: end
2019/11/26 14:11:04.84 work_queue_worker[1] wq: rx from master: kill 33
2019/11/26 14:11:04.84 work_queue_worker[1] wq: ---- DELETING: /tmp/worker-0-1/t.33
2019/11/26 14:11:04.84 work_queue_worker[1] wq: rx from master: put file-0-a1b07747a9a300e5e67fd64459349a47-ref.fasta.72 1055000 0644 1
2019/11/26 14:11:04.84 work_queue_worker[1] wq: Putting file file-0-a1b07747a9a300e5e67fd64459349a47-ref.fasta.72 into workspace
2019/11/26 14:11:04.84 work_queue_worker[1] wq: Dir /cache already exists in cache
2019/11/26 14:11:04.84 work_queue_worker[1] wq: ****BRUNO***** cp BARRA: -> cp ./cache/file-0-a1b07747a9a300e5e67fd64459349a47-ref.fasta.72 /cache.
2019/11/26 14:11:04.85 work_queue_worker[1] wq: rx from master: task 40
2019/11/26 14:11:04.85 work_queue_worker[1] wq: rx from master: cmd 76
2019/11/26 14:11:04.85 work_queue_worker[1] wq: rx from master: python Create_Corrected_AllLRReads.py ref.fasta.72 corr.out 2> create.err.72
2019/11/26 14:11:04.85 work_queue_worker[1] wq: rx from master: category default
2019/11/26 14:11:04.85 work_queue_worker[1] wq: rx from master: cores 1
2019/11/26 14:11:04.85 work_queue_worker[1] wq: rx from master: memory 11908
2019/11/26 14:11:04.85 work_queue_worker[1] wq: rx from master: disk 1457
2019/11/26 14:11:04.85 work_queue_worker[1] wq: rx from master: gpus 0
2019/11/26 14:11:04.85 work_queue_worker[1] wq: rx from master: end_time 18446744073709551615
2019/11/26 14:11:04.85 work_queue_worker[1] wq: rx from master: wall_time 18446744073709551615
2019/11/26 14:11:04.85 work_queue_worker[1] wq: rx from master: env 7
2019/11/26 14:11:04.85 work_queue_worker[1] wq: rx from master: env 17
2019/11/26 14:11:04.85 work_queue_worker[1] wq: rx from master: infile file-0-048045060f61089a83cce204e6b8f151-corr.out corr.out 1
2019/11/26 14:11:04.85 work_queue_worker[1] wq: rx from master: infile file-0-a1b07747a9a300e5e67fd64459349a47-ref.fasta.72 ref.fasta.72 1
2019/11/26 14:11:04.85 work_queue_worker[1] wq: rx from master: infile file-0-ddd728dc31a49bcd4cacae5676b4e7f7-Create_Corrected_AllLRReads.py Create_Corrected_AllLRReads.py 1
2019/11/26 14:11:04.85 work_queue_worker[1] wq: rx from master: outfile file-0-6f32f5cbb1ce990ff7772ce7715c3b51-create.err.72 create.err.72 1
2019/11/26 14:11:04.85 work_queue_worker[1] wq: rx from master: outfile file-0-41d1dfe28d35e21e64901603f8b6ea00-Corrected_ref.fasta.72 Corrected_ref.fasta.72 1
2019/11/26 14:11:04.85 work_queue_worker[1] wq: rx from master: end
2019/11/26 14:11:04.85 work_queue_worker[1] wq: tx to master: info cached_files file-0-42b180f996a16a7c4f6c17fd385de074-ref.fasta.77
2019/11/26 14:11:04.85 work_queue_worker[1] wq: tx to master: info cached_files file-0-7ab30a43881e8e0cd0a3ea551fefd6f9-ref.fasta.78
2019/11/26 14:11:04.85 work_queue_worker[1] wq: tx to master: info cached_files file-0-a1b07747a9a300e5e67fd64459349a47-ref.fasta.72
2019/11/26 14:11:04.85 work_queue_worker[1] wq: tx to master: info cached_files file-0-dc3757db948407bd7c6cc58ee6b04c2b-ref.fasta.75
2019/11/26 14:11:04.85 work_queue_worker[1] wq: tx to master: info cached_files file-0-a2792d718b5c0288a5eb7fae4c2221f6-ref.fasta.74
2019/11/26 14:11:04.85 work_queue_worker[1] wq: tx to master: info cached_files file-0-25a16fc2d472252b5fba2a0fe26d77ad-ref.fasta.73
2019/11/26 14:11:04.85 work_queue_worker[1] wq: tx to master: info cached_files file-0-ebb823aa7f8ca0bee255225c31ab00f1-ref.fasta.76
2019/11/26 14:11:04.85 work_queue_worker[1] wq: linking cache/file-0-048045060f61089a83cce204e6b8f151-corr.out to /tmp/worker-0-1/t.40/corr.out
2019/11/26 14:11:04.85 work_queue_worker[1] wq: linking cache/file-0-a1b07747a9a300e5e67fd64459349a47-ref.fasta.72 to /tmp/worker-0-1/t.40/ref.fasta.72
2019/11/26 14:11:04.85 work_queue_worker[1] wq: linking cache/file-0-ddd728dc31a49bcd4cacae5676b4e7f7-Create_Corrected_AllLRReads.py to /tmp/worker-0-1/t.40/Create_Corrected_AllLRReads.py
2019/11/26 14:11:04.85 work_queue_worker[1] wq: started process 59: python Create_Corrected_AllLRReads.py ref.fasta.72 corr.out 2> create.err.72
2019/11/26 14:11:04.85 work_queue_worker[1] wq: tx to master: info tasks_running 1
2019/11/26 14:11:04.90 work_queue_worker[1] wq: task 40 (pid 59) exited normally with exit code 0
2019/11/26 14:11:04.90 work_queue_worker[1] wq: moving output file from /tmp/worker-0-1/t.40/create.err.72 to cache/file-0-6f32f5cbb1ce990ff7772ce7715c3b51-create.err.72
2019/11/26 14:11:04.90 work_queue_worker[1] wq: moving output file from /tmp/worker-0-1/t.40/Corrected_ref.fasta.72 to cache/file-0-41d1dfe28d35e21e64901603f8b6ea00-Corrected_ref.fasta.72
2019/11/26 14:11:04.90 work_queue_worker[1] wq: tx to master: available_results
2019/11/26 14:11:04.90 work_queue_worker[1] wq: rx from master: send_results -1
2019/11/26 14:11:04.90 work_queue_worker[1] wq: tx to master: result 0 0 0 49151 40
2019/11/26 14:11:04.90 work_queue_worker[1] wq: tx to master: info tasks_running 0
2019/11/26 14:11:04.90 work_queue_worker[1] wq: tx to master: end
2019/11/26 14:11:04.90 work_queue_worker[1] wq: rx from master: get file-0-6f32f5cbb1ce990ff7772ce7715c3b51-create.err.72 1
2019/11/26 14:11:04.90 work_queue_worker[1] wq: tx to master: file file-0-6f32f5cbb1ce990ff7772ce7715c3b51-create.err.72 0
2019/11/26 14:11:04.90 work_queue_worker[1] wq: tx to master: end
2019/11/26 14:11:04.90 work_queue_worker[1] wq: rx from master: get file-0-41d1dfe28d35e21e64901603f8b6ea00-Corrected_ref.fasta.72 1
2019/11/26 14:11:04.90 work_queue_worker[1] wq: tx to master: file file-0-41d1dfe28d35e21e64901603f8b6ea00-Corrected_ref.fasta.72 1055000
2019/11/26 14:11:04.91 work_queue_worker[1] wq: tx to master: end
2019/11/26 14:11:04.91 work_queue_worker[1] wq: rx from master: kill 40
2019/11/26 14:11:04.91 work_queue_worker[1] wq: ---- DELETING: /tmp/worker-0-1/t.40
2019/11/26 14:11:04.91 work_queue_worker[1] wq: rx from master: put file-0-ff77226fd2575eaf6d2aa2e8aded26af-ref.fasta.68 1055000 0644 1
2019/11/26 14:11:04.91 work_queue_worker[1] wq: Putting file file-0-ff77226fd2575eaf6d2aa2e8aded26af-ref.fasta.68 into workspace
2019/11/26 14:11:04.91 work_queue_worker[1] wq: Dir /cache already exists in cache
2019/11/26 14:11:04.91 work_queue_worker[1] wq: ****BRUNO***** cp BARRA: -> cp ./cache/file-0-ff77226fd2575eaf6d2aa2e8aded26af-ref.fasta.68 /cache.
2019/11/26 14:11:04.91 work_queue_worker[1] wq: rx from master: task 44
2019/11/26 14:11:04.91 work_queue_worker[1] wq: rx from master: cmd 76
2019/11/26 14:11:04.91 work_queue_worker[1] wq: rx from master: python Create_Corrected_AllLRReads.py ref.fasta.68 corr.out 2> create.err.68
2019/11/26 14:11:04.91 work_queue_worker[1] wq: rx from master: category default
2019/11/26 14:11:04.91 work_queue_worker[1] wq: rx from master: cores 1
2019/11/26 14:11:04.91 work_queue_worker[1] wq: rx from master: memory 11908
2019/11/26 14:11:04.91 work_queue_worker[1] wq: rx from master: disk 1457
2019/11/26 14:11:04.91 work_queue_worker[1] wq: rx from master: gpus 0
2019/11/26 14:11:04.91 work_queue_worker[1] wq: rx from master: end_time 18446744073709551615
2019/11/26 14:11:04.91 work_queue_worker[1] wq: rx from master: wall_time 18446744073709551615
2019/11/26 14:11:04.91 work_queue_worker[1] wq: rx from master: env 7
2019/11/26 14:11:04.91 work_queue_worker[1] wq: rx from master: env 17
2019/11/26 14:11:04.91 work_queue_worker[1] wq: rx from master: infile file-0-048045060f61089a83cce204e6b8f151-corr.out corr.out 1
2019/11/26 14:11:04.91 work_queue_worker[1] wq: rx from master: infile file-0-ff77226fd2575eaf6d2aa2e8aded26af-ref.fasta.68 ref.fasta.68 1
2019/11/26 14:11:04.91 work_queue_worker[1] wq: rx from master: infile file-0-ddd728dc31a49bcd4cacae5676b4e7f7-Create_Corrected_AllLRReads.py Create_Corrected_AllLRReads.py 1
2019/11/26 14:11:04.91 work_queue_worker[1] wq: rx from master: outfile file-0-1903eb789d283c9456f35913c5594894-create.err.68 create.err.68 1
2019/11/26 14:11:04.91 work_queue_worker[1] wq: rx from master: outfile file-0-f25f943a4d7d69cae5fc36392d32ad92-Corrected_ref.fasta.68 Corrected_ref.fasta.68 1
2019/11/26 14:11:04.91 work_queue_worker[1] wq: rx from master: end
2019/11/26 14:11:04.91 work_queue_worker[1] wq: tx to master: info cached_files file-0-d09d93464f183fb37458ff5a8a8a5612-ref.fasta.69
2019/11/26 14:11:04.91 work_queue_worker[1] wq: tx to master: info cached_files file-0-1b98e087a46ce99a2ffa4a9045e00f1c-ref.fasta.71
2019/11/26 14:11:04.91 work_queue_worker[1] wq: tx to master: info cached_files file-0-bc1ca4a7d217f08f6cfed4b9fc896252-ref.fasta.67
2019/11/26 14:11:04.91 work_queue_worker[1] wq: tx to master: info cached_files file-0-ff77226fd2575eaf6d2aa2e8aded26af-ref.fasta.68
2019/11/26 14:11:04.91 work_queue_worker[1] wq: tx to master: info cached_files file-0-abeb2727ca9c4091778edaeb15a7c5b1-ref.fasta.70
2019/11/26 14:11:04.92 work_queue_worker[1] wq: linking cache/file-0-048045060f61089a83cce204e6b8f151-corr.out to /tmp/worker-0-1/t.44/corr.out
2019/11/26 14:11:04.92 work_queue_worker[1] wq: linking cache/file-0-ff77226fd2575eaf6d2aa2e8aded26af-ref.fasta.68 to /tmp/worker-0-1/t.44/ref.fasta.68
2019/11/26 14:11:04.92 work_queue_worker[1] wq: linking cache/file-0-ddd728dc31a49bcd4cacae5676b4e7f7-Create_Corrected_AllLRReads.py to /tmp/worker-0-1/t.44/Create_Corrected_AllLRReads.py
2019/11/26 14:11:04.92 work_queue_worker[1] wq: started process 65: python Create_Corrected_AllLRReads.py ref.fasta.68 corr.out 2> create.err.68
2019/11/26 14:11:04.92 work_queue_worker[1] wq: tx to master: info tasks_running 1
2019/11/26 14:11:04.98 work_queue_worker[1] wq: task 44 (pid 65) exited normally with exit code 0
2019/11/26 14:11:04.98 work_queue_worker[1] wq: moving output file from /tmp/worker-0-1/t.44/create.err.68 to cache/file-0-1903eb789d283c9456f35913c5594894-create.err.68
2019/11/26 14:11:04.98 work_queue_worker[1] wq: moving output file from /tmp/worker-0-1/t.44/Corrected_ref.fasta.68 to cache/file-0-f25f943a4d7d69cae5fc36392d32ad92-Corrected_ref.fasta.68
2019/11/26 14:11:04.98 work_queue_worker[1] wq: tx to master: available_results
2019/11/26 14:11:05.08 work_queue_worker[1] wq: rx from master: send_results -1
2019/11/26 14:11:05.08 work_queue_worker[1] wq: tx to master: result 0 0 0 61237 44
2019/11/26 14:11:05.08 work_queue_worker[1] wq: tx to master: info tasks_running 0
2019/11/26 14:11:05.08 work_queue_worker[1] wq: tx to master: end
2019/11/26 14:11:05.29 work_queue_worker[1] wq: rx from master: get file-0-1903eb789d283c9456f35913c5594894-create.err.68 1
2019/11/26 14:11:05.29 work_queue_worker[1] wq: tx to master: file file-0-1903eb789d283c9456f35913c5594894-create.err.68 0
2019/11/26 14:11:05.29 work_queue_worker[1] wq: tx to master: end
2019/11/26 14:11:05.29 work_queue_worker[1] wq: rx from master: get file-0-f25f943a4d7d69cae5fc36392d32ad92-Corrected_ref.fasta.68 1
2019/11/26 14:11:05.29 work_queue_worker[1] wq: tx to master: file file-0-f25f943a4d7d69cae5fc36392d32ad92-Corrected_ref.fasta.68 1055000
2019/11/26 14:11:05.29 work_queue_worker[1] wq: tx to master: end
2019/11/26 14:11:05.29 work_queue_worker[1] wq: rx from master: kill 44
2019/11/26 14:11:05.29 work_queue_worker[1] wq: ---- DELETING: /tmp/worker-0-1/t.44
2019/11/26 14:11:05.40 work_queue_worker[1] wq: rx from master: put file-0-7c6b6de8591e484b855e5d604b284b7f-ref.fasta.62 1055000 0644 1
2019/11/26 14:11:05.40 work_queue_worker[1] wq: Putting file file-0-7c6b6de8591e484b855e5d604b284b7f-ref.fasta.62 into workspace
2019/11/26 14:11:05.40 work_queue_worker[1] wq: Dir /cache already exists in cache
2019/11/26 14:11:05.41 work_queue_worker[1] wq: ****BRUNO***** cp BARRA: -> cp ./cache/file-0-7c6b6de8591e484b855e5d604b284b7f-ref.fasta.62 /cache.
2019/11/26 14:11:05.41 work_queue_worker[1] wq: rx from master: task 50
2019/11/26 14:11:05.41 work_queue_worker[1] wq: rx from master: cmd 76
2019/11/26 14:11:05.41 work_queue_worker[1] wq: rx from master: python Create_Corrected_AllLRReads.py ref.fasta.62 corr.out 2> create.err.62
2019/11/26 14:11:05.41 work_queue_worker[1] wq: rx from master: category default
2019/11/26 14:11:05.41 work_queue_worker[1] wq: rx from master: cores 1
2019/11/26 14:11:05.41 work_queue_worker[1] wq: rx from master: memory 11908
2019/11/26 14:11:05.41 work_queue_worker[1] wq: rx from master: disk 1457
2019/11/26 14:11:05.41 work_queue_worker[1] wq: rx from master: gpus 0
2019/11/26 14:11:05.41 work_queue_worker[1] wq: rx from master: end_time 18446744073709551615
2019/11/26 14:11:05.41 work_queue_worker[1] wq: rx from master: wall_time 18446744073709551615
2019/11/26 14:11:05.41 work_queue_worker[1] wq: rx from master: env 7
2019/11/26 14:11:05.41 work_queue_worker[1] wq: rx from master: env 17
2019/11/26 14:11:05.41 work_queue_worker[1] wq: rx from master: infile file-0-048045060f61089a83cce204e6b8f151-corr.out corr.out 1
2019/11/26 14:11:05.41 work_queue_worker[1] wq: rx from master: infile file-0-7c6b6de8591e484b855e5d604b284b7f-ref.fasta.62 ref.fasta.62 1
2019/11/26 14:11:05.41 work_queue_worker[1] wq: rx from master: infile file-0-ddd728dc31a49bcd4cacae5676b4e7f7-Create_Corrected_AllLRReads.py Create_Corrected_AllLRReads.py 1
2019/11/26 14:11:05.41 work_queue_worker[1] wq: rx from master: outfile file-0-2ec75c26943aa8d07c69c7763c5aaefd-create.err.62 create.err.62 1
2019/11/26 14:11:05.41 work_queue_worker[1] wq: rx from master: outfile file-0-180be77863f797c853281db8208fe598-Corrected_ref.fasta.62 Corrected_ref.fasta.62 1
2019/11/26 14:11:05.41 work_queue_worker[1] wq: rx from master: end
2019/11/26 14:11:05.41 work_queue_worker[1] wq: tx to master: info cached_files file-0-9ae624b2bed16864dec7d9179e0d8396-ref.fasta.63
2019/11/26 14:11:05.41 work_queue_worker[1] wq: tx to master: info cached_files file-0-b8b2cf1b96c384c3e1a11a8277300acb-ref.fasta.65
2019/11/26 14:11:05.41 work_queue_worker[1] wq: tx to master: info cached_files file-0-7c6b6de8591e484b855e5d604b284b7f-ref.fasta.62
2019/11/26 14:11:05.41 work_queue_worker[1] wq: tx to master: info cached_files file-0-79217875622aebfd0d7107090a612981-ref.fasta.66
2019/11/26 14:11:05.41 work_queue_worker[1] wq: tx to master: info cached_files file-0-6d9af94acc6e511419d1c4d938cdce58-ref.fasta.64
2019/11/26 14:11:05.42 work_queue_worker[1] wq: linking cache/file-0-048045060f61089a83cce204e6b8f151-corr.out to /tmp/worker-0-1/t.50/corr.out
2019/11/26 14:11:05.42 work_queue_worker[1] wq: linking cache/file-0-7c6b6de8591e484b855e5d604b284b7f-ref.fasta.62 to /tmp/worker-0-1/t.50/ref.fasta.62
2019/11/26 14:11:05.42 work_queue_worker[1] wq: linking cache/file-0-ddd728dc31a49bcd4cacae5676b4e7f7-Create_Corrected_AllLRReads.py to /tmp/worker-0-1/t.50/Create_Corrected_AllLRReads.py
2019/11/26 14:11:05.42 work_queue_worker[1] wq: started process 71: python Create_Corrected_AllLRReads.py ref.fasta.62 corr.out 2> create.err.62
2019/11/26 14:11:05.42 work_queue_worker[1] wq: tx to master: info tasks_running 1
2019/11/26 14:11:05.49 work_queue_worker[1] wq: task 50 (pid 71) exited normally with exit code 0
2019/11/26 14:11:05.49 work_queue_worker[1] wq: moving output file from /tmp/worker-0-1/t.50/create.err.62 to cache/file-0-2ec75c26943aa8d07c69c7763c5aaefd-create.err.62
2019/11/26 14:11:05.49 work_queue_worker[1] wq: moving output file from /tmp/worker-0-1/t.50/Corrected_ref.fasta.62 to cache/file-0-180be77863f797c853281db8208fe598-Corrected_ref.fasta.62
2019/11/26 14:11:05.49 work_queue_worker[1] wq: tx to master: available_results
2019/11/26 14:11:05.49 work_queue_worker[1] wq: rx from master: send_results -1
2019/11/26 14:11:05.49 work_queue_worker[1] wq: tx to master: result 0 0 0 66989 50
2019/11/26 14:11:05.49 work_queue_worker[1] wq: tx to master: info tasks_running 0
2019/11/26 14:11:05.49 work_queue_worker[1] wq: tx to master: end
2019/11/26 14:11:05.49 work_queue_worker[1] wq: rx from master: get file-0-2ec75c26943aa8d07c69c7763c5aaefd-create.err.62 1
2019/11/26 14:11:05.49 work_queue_worker[1] wq: tx to master: file file-0-2ec75c26943aa8d07c69c7763c5aaefd-create.err.62 0
2019/11/26 14:11:05.49 work_queue_worker[1] wq: tx to master: end
2019/11/26 14:11:05.49 work_queue_worker[1] wq: rx from master: get file-0-180be77863f797c853281db8208fe598-Corrected_ref.fasta.62 1
2019/11/26 14:11:05.49 work_queue_worker[1] wq: tx to master: file file-0-180be77863f797c853281db8208fe598-Corrected_ref.fasta.62 1055000
2019/11/26 14:11:05.49 work_queue_worker[1] wq: tx to master: end
2019/11/26 14:11:05.49 work_queue_worker[1] wq: rx from master: kill 50
2019/11/26 14:11:05.49 work_queue_worker[1] wq: ---- DELETING: /tmp/worker-0-1/t.50
2019/11/26 14:11:05.51 work_queue_worker[1] wq: rx from master: put file-0-7ebb87a80850a1ade2cff2ceccf5129c-ref.fasta.51 1055000 0644 1
2019/11/26 14:11:05.51 work_queue_worker[1] wq: Putting file file-0-7ebb87a80850a1ade2cff2ceccf5129c-ref.fasta.51 into workspace
2019/11/26 14:11:05.51 work_queue_worker[1] wq: Dir /cache already exists in cache
2019/11/26 14:11:05.51 work_queue_worker[1] wq: ****BRUNO***** cp BARRA: -> cp ./cache/file-0-7ebb87a80850a1ade2cff2ceccf5129c-ref.fasta.51 /cache.
2019/11/26 14:11:05.51 work_queue_worker[1] wq: rx from master: task 61
2019/11/26 14:11:05.51 work_queue_worker[1] wq: rx from master: cmd 76
2019/11/26 14:11:05.51 work_queue_worker[1] wq: rx from master: python Create_Corrected_AllLRReads.py ref.fasta.51 corr.out 2> create.err.51
2019/11/26 14:11:05.51 work_queue_worker[1] wq: rx from master: category default
2019/11/26 14:11:05.51 work_queue_worker[1] wq: rx from master: cores 1
2019/11/26 14:11:05.51 work_queue_worker[1] wq: rx from master: memory 11908
2019/11/26 14:11:05.51 work_queue_worker[1] wq: rx from master: disk 1457
2019/11/26 14:11:05.51 work_queue_worker[1] wq: rx from master: gpus 0
2019/11/26 14:11:05.51 work_queue_worker[1] wq: rx from master: end_time 18446744073709551615
2019/11/26 14:11:05.51 work_queue_worker[1] wq: rx from master: wall_time 18446744073709551615
2019/11/26 14:11:05.51 work_queue_worker[1] wq: rx from master: env 7
2019/11/26 14:11:05.51 work_queue_worker[1] wq: rx from master: env 17
2019/11/26 14:11:05.51 work_queue_worker[1] wq: rx from master: infile file-0-048045060f61089a83cce204e6b8f151-corr.out corr.out 1
2019/11/26 14:11:05.51 work_queue_worker[1] wq: rx from master: infile file-0-7ebb87a80850a1ade2cff2ceccf5129c-ref.fasta.51 ref.fasta.51 1
2019/11/26 14:11:05.51 work_queue_worker[1] wq: rx from master: infile file-0-ddd728dc31a49bcd4cacae5676b4e7f7-Create_Corrected_AllLRReads.py Create_Corrected_AllLRReads.py 1
2019/11/26 14:11:05.51 work_queue_worker[1] wq: rx from master: outfile file-0-166d3f2898c6efa3cafef7cc4dc5fdf6-create.err.51 create.err.51 1
2019/11/26 14:11:05.51 work_queue_worker[1] wq: rx from master: outfile file-0-7ad01229a3420680a9ab94979d462c77-Corrected_ref.fasta.51 Corrected_ref.fasta.51 1
2019/11/26 14:11:05.51 work_queue_worker[1] wq: rx from master: end
2019/11/26 14:11:05.51 work_queue_worker[1] wq: tx to master: info cached_files file-0-fa8b6c281c62434419601a5ed8923e8a-ref.fasta.61
2019/11/26 14:11:05.51 work_queue_worker[1] wq: tx to master: info cached_files file-0-5dddaa02cda0278338ee1a9573d0d495-ref.fasta.58
2019/11/26 14:11:05.51 work_queue_worker[1] wq: tx to master: info cached_files file-0-d913049a4d72780e4307add72738d102-ref.fasta.60
2019/11/26 14:11:05.51 work_queue_worker[1] wq: tx to master: info cached_files file-0-ae4adfb40ce7d4699009d08e52d5a7fb-ref.fasta.59
2019/11/26 14:11:05.51 work_queue_worker[1] wq: tx to master: info cached_files file-0-7ebb87a80850a1ade2cff2ceccf5129c-ref.fasta.51
2019/11/26 14:11:05.51 work_queue_worker[1] wq: tx to master: info cached_files file-0-6b77758e715240c9b679c49306fe2944-ref.fasta.52
2019/11/26 14:11:05.51 work_queue_worker[1] wq: tx to master: info cached_files file-0-5913a6d569285ed628a484e34fd3c8a4-ref.fasta.53
2019/11/26 14:11:05.52 work_queue_worker[1] wq: linking cache/file-0-048045060f61089a83cce204e6b8f151-corr.out to /tmp/worker-0-1/t.61/corr.out
2019/11/26 14:11:05.52 work_queue_worker[1] wq: linking cache/file-0-7ebb87a80850a1ade2cff2ceccf5129c-ref.fasta.51 to /tmp/worker-0-1/t.61/ref.fasta.51
2019/11/26 14:11:05.52 work_queue_worker[1] wq: linking cache/file-0-ddd728dc31a49bcd4cacae5676b4e7f7-Create_Corrected_AllLRReads.py to /tmp/worker-0-1/t.61/Create_Corrected_AllLRReads.py
2019/11/26 14:11:05.52 work_queue_worker[1] wq: started process 77: python Create_Corrected_AllLRReads.py ref.fasta.51 corr.out 2> create.err.51
2019/11/26 14:11:05.52 work_queue_worker[1] wq: tx to master: info tasks_running 1
2019/11/26 14:11:05.58 work_queue_worker[1] wq: task 61 (pid 77) exited normally with exit code 0
2019/11/26 14:11:05.58 work_queue_worker[1] wq: moving output file from /tmp/worker-0-1/t.61/create.err.51 to cache/file-0-166d3f2898c6efa3cafef7cc4dc5fdf6-create.err.51
2019/11/26 14:11:05.58 work_queue_worker[1] wq: moving output file from /tmp/worker-0-1/t.61/Corrected_ref.fasta.51 to cache/file-0-7ad01229a3420680a9ab94979d462c77-Corrected_ref.fasta.51
2019/11/26 14:11:05.58 work_queue_worker[1] wq: tx to master: available_results
2019/11/26 14:11:05.59 work_queue_worker[1] wq: rx from master: send_results -1
2019/11/26 14:11:05.59 work_queue_worker[1] wq: tx to master: result 0 0 0 61690 61
2019/11/26 14:11:05.59 work_queue_worker[1] wq: tx to master: info tasks_running 0
2019/11/26 14:11:05.59 work_queue_worker[1] wq: tx to master: end
2019/11/26 14:11:05.59 work_queue_worker[1] wq: rx from master: get file-0-166d3f2898c6efa3cafef7cc4dc5fdf6-create.err.51 1
2019/11/26 14:11:05.59 work_queue_worker[1] wq: tx to master: file file-0-166d3f2898c6efa3cafef7cc4dc5fdf6-create.err.51 0
2019/11/26 14:11:05.59 work_queue_worker[1] wq: tx to master: end
2019/11/26 14:11:05.59 work_queue_worker[1] wq: rx from master: get file-0-7ad01229a3420680a9ab94979d462c77-Corrected_ref.fasta.51 1
2019/11/26 14:11:05.59 work_queue_worker[1] wq: tx to master: file file-0-7ad01229a3420680a9ab94979d462c77-Corrected_ref.fasta.51 1055000
2019/11/26 14:11:05.59 work_queue_worker[1] wq: tx to master: end
2019/11/26 14:11:05.59 work_queue_worker[1] wq: rx from master: kill 61
2019/11/26 14:11:05.59 work_queue_worker[1] wq: ---- DELETING: /tmp/worker-0-1/t.61
2019/11/26 14:11:05.59 work_queue_worker[1] wq: rx from master: put file-0-b08bcaca0d4661ed0eebfe2af92bbce7-ref.fasta.44 1055000 0644 1
2019/11/26 14:11:05.59 work_queue_worker[1] wq: Putting file file-0-b08bcaca0d4661ed0eebfe2af92bbce7-ref.fasta.44 into workspace
2019/11/26 14:11:05.59 work_queue_worker[1] wq: Dir /cache already exists in cache
2019/11/26 14:11:05.59 work_queue_worker[1] wq: ****BRUNO***** cp BARRA: -> cp ./cache/file-0-b08bcaca0d4661ed0eebfe2af92bbce7-ref.fasta.44 /cache.
2019/11/26 14:11:05.60 work_queue_worker[1] wq: rx from master: task 68
2019/11/26 14:11:05.60 work_queue_worker[1] wq: rx from master: cmd 76
2019/11/26 14:11:05.60 work_queue_worker[1] wq: rx from master: python Create_Corrected_AllLRReads.py ref.fasta.44 corr.out 2> create.err.44
2019/11/26 14:11:05.60 work_queue_worker[1] wq: rx from master: category default
2019/11/26 14:11:05.60 work_queue_worker[1] wq: rx from master: cores 1
2019/11/26 14:11:05.60 work_queue_worker[1] wq: rx from master: memory 11908
2019/11/26 14:11:05.60 work_queue_worker[1] wq: rx from master: disk 1457
2019/11/26 14:11:05.60 work_queue_worker[1] wq: rx from master: gpus 0
2019/11/26 14:11:05.60 work_queue_worker[1] wq: rx from master: end_time 18446744073709551615
2019/11/26 14:11:05.60 work_queue_worker[1] wq: rx from master: wall_time 18446744073709551615
2019/11/26 14:11:05.60 work_queue_worker[1] wq: rx from master: env 7
2019/11/26 14:11:05.60 work_queue_worker[1] wq: rx from master: env 17
2019/11/26 14:11:05.60 work_queue_worker[1] wq: rx from master: infile file-0-048045060f61089a83cce204e6b8f151-corr.out corr.out 1
2019/11/26 14:11:05.60 work_queue_worker[1] wq: rx from master: infile file-0-b08bcaca0d4661ed0eebfe2af92bbce7-ref.fasta.44 ref.fasta.44 1
2019/11/26 14:11:05.60 work_queue_worker[1] wq: rx from master: infile file-0-ddd728dc31a49bcd4cacae5676b4e7f7-Create_Corrected_AllLRReads.py Create_Corrected_AllLRReads.py 1
2019/11/26 14:11:05.60 work_queue_worker[1] wq: rx from master: outfile file-0-759c338e0bf5825807103627c2156716-create.err.44 create.err.44 1
2019/11/26 14:11:05.60 work_queue_worker[1] wq: rx from master: outfile file-0-72344f12ee6c9fa248d949b3076e36d0-Corrected_ref.fasta.44 Corrected_ref.fasta.44 1
2019/11/26 14:11:05.60 work_queue_worker[1] wq: rx from master: end
2019/11/26 14:11:05.60 work_queue_worker[1] wq: tx to master: info cached_files file-0-1e2ccc2800e62719f71c768767d32c8d-ref.fasta.48
2019/11/26 14:11:05.60 work_queue_worker[1] wq: tx to master: info cached_files file-0-2bcc686d6c516d8fbae85feb7f639cd2-ref.fasta.46
2019/11/26 14:11:05.60 work_queue_worker[1] wq: tx to master: info cached_files file-0-e1af37b18745ab00ff1aa35803e1fc31-ref.fasta.47
2019/11/26 14:11:05.60 work_queue_worker[1] wq: tx to master: info cached_files file-0-9d4591a0309983c19547ae292f9fa39e-ref.fasta.49
2019/11/26 14:11:05.60 work_queue_worker[1] wq: tx to master: info cached_files file-0-41edea45872db3a945653c38e454ef81-ref.fasta.45
2019/11/26 14:11:05.61 work_queue_worker[1] wq: tx to master: info cached_files file-0-366d3c2c81ebc3be3a65de8f1315194f-ref.fasta.50
2019/11/26 14:11:05.61 work_queue_worker[1] wq: tx to master: info cached_files file-0-b08bcaca0d4661ed0eebfe2af92bbce7-ref.fasta.44
2019/11/26 14:11:05.62 work_queue_worker[1] wq: linking cache/file-0-048045060f61089a83cce204e6b8f151-corr.out to /tmp/worker-0-1/t.68/corr.out
2019/11/26 14:11:05.62 work_queue_worker[1] wq: linking cache/file-0-b08bcaca0d4661ed0eebfe2af92bbce7-ref.fasta.44 to /tmp/worker-0-1/t.68/ref.fasta.44
2019/11/26 14:11:05.62 work_queue_worker[1] wq: linking cache/file-0-ddd728dc31a49bcd4cacae5676b4e7f7-Create_Corrected_AllLRReads.py to /tmp/worker-0-1/t.68/Create_Corrected_AllLRReads.py
2019/11/26 14:11:05.62 work_queue_worker[1] wq: started process 83: python Create_Corrected_AllLRReads.py ref.fasta.44 corr.out 2> create.err.44
2019/11/26 14:11:05.62 work_queue_worker[1] wq: tx to master: info tasks_running 1
2019/11/26 14:11:05.69 work_queue_worker[1] wq: task 68 (pid 83) exited normally with exit code 0
2019/11/26 14:11:05.69 work_queue_worker[1] wq: moving output file from /tmp/worker-0-1/t.68/create.err.44 to cache/file-0-759c338e0bf5825807103627c2156716-create.err.44
2019/11/26 14:11:05.69 work_queue_worker[1] wq: moving output file from /tmp/worker-0-1/t.68/Corrected_ref.fasta.44 to cache/file-0-72344f12ee6c9fa248d949b3076e36d0-Corrected_ref.fasta.44
2019/11/26 14:11:05.69 work_queue_worker[1] wq: tx to master: available_results
2019/11/26 14:11:05.69 work_queue_worker[1] wq: rx from master: send_results -1
2019/11/26 14:11:05.69 work_queue_worker[1] wq: tx to master: result 0 0 0 68565 68
2019/11/26 14:11:05.69 work_queue_worker[1] wq: tx to master: info tasks_running 0
2019/11/26 14:11:05.69 work_queue_worker[1] wq: tx to master: end
2019/11/26 14:11:05.69 work_queue_worker[1] wq: rx from master: get file-0-759c338e0bf5825807103627c2156716-create.err.44 1
2019/11/26 14:11:05.69 work_queue_worker[1] wq: tx to master: file file-0-759c338e0bf5825807103627c2156716-create.err.44 0
2019/11/26 14:11:05.69 work_queue_worker[1] wq: tx to master: end
2019/11/26 14:11:05.69 work_queue_worker[1] wq: rx from master: get file-0-72344f12ee6c9fa248d949b3076e36d0-Corrected_ref.fasta.44 1
2019/11/26 14:11:05.69 work_queue_worker[1] wq: tx to master: file file-0-72344f12ee6c9fa248d949b3076e36d0-Corrected_ref.fasta.44 1055000
2019/11/26 14:11:05.69 work_queue_worker[1] wq: tx to master: end
2019/11/26 14:11:05.69 work_queue_worker[1] wq: rx from master: kill 68
2019/11/26 14:11:05.69 work_queue_worker[1] wq: ---- DELETING: /tmp/worker-0-1/t.68
2019/11/26 14:11:05.69 work_queue_worker[1] wq: rx from master: put file-0-c605fc0439959feae0390357f17419b2-ref.fasta.37 1055000 0644 1
2019/11/26 14:11:05.69 work_queue_worker[1] wq: Putting file file-0-c605fc0439959feae0390357f17419b2-ref.fasta.37 into workspace
2019/11/26 14:11:05.69 work_queue_worker[1] wq: Dir /cache already exists in cache
2019/11/26 14:11:05.70 work_queue_worker[1] wq: ****BRUNO***** cp BARRA: -> cp ./cache/file-0-c605fc0439959feae0390357f17419b2-ref.fasta.37 /cache.
2019/11/26 14:11:05.70 work_queue_worker[1] wq: rx from master: task 75
2019/11/26 14:11:05.70 work_queue_worker[1] wq: rx from master: cmd 76
2019/11/26 14:11:05.70 work_queue_worker[1] wq: rx from master: python Create_Corrected_AllLRReads.py ref.fasta.37 corr.out 2> create.err.37
2019/11/26 14:11:05.70 work_queue_worker[1] wq: rx from master: category default
2019/11/26 14:11:05.70 work_queue_worker[1] wq: rx from master: cores 1
2019/11/26 14:11:05.70 work_queue_worker[1] wq: rx from master: memory 11908
2019/11/26 14:11:05.70 work_queue_worker[1] wq: rx from master: disk 1457
2019/11/26 14:11:05.70 work_queue_worker[1] wq: rx from master: gpus 0
2019/11/26 14:11:05.70 work_queue_worker[1] wq: rx from master: end_time 18446744073709551615
2019/11/26 14:11:05.70 work_queue_worker[1] wq: rx from master: wall_time 18446744073709551615
2019/11/26 14:11:05.70 work_queue_worker[1] wq: rx from master: env 7
2019/11/26 14:11:05.70 work_queue_worker[1] wq: rx from master: env 17
2019/11/26 14:11:05.70 work_queue_worker[1] wq: rx from master: infile file-0-048045060f61089a83cce204e6b8f151-corr.out corr.out 1
2019/11/26 14:11:05.70 work_queue_worker[1] wq: rx from master: infile file-0-c605fc0439959feae0390357f17419b2-ref.fasta.37 ref.fasta.37 1
2019/11/26 14:11:05.70 work_queue_worker[1] wq: rx from master: infile file-0-ddd728dc31a49bcd4cacae5676b4e7f7-Create_Corrected_AllLRReads.py Create_Corrected_AllLRReads.py 1
2019/11/26 14:11:05.70 work_queue_worker[1] wq: rx from master: outfile file-0-cbde87290a67650f6667bc3af2be018f-create.err.37 create.err.37 1
2019/11/26 14:11:05.70 work_queue_worker[1] wq: rx from master: outfile file-0-d423e6aed7ceaf325978d672a6f9236a-Corrected_ref.fasta.37 Corrected_ref.fasta.37 1
2019/11/26 14:11:05.70 work_queue_worker[1] wq: rx from master: end
2019/11/26 14:11:05.70 work_queue_worker[1] wq: tx to master: info cached_files file-0-84b279ff5d2a74829bc89c2385228568-ref.fasta.41
2019/11/26 14:11:05.70 work_queue_worker[1] wq: tx to master: info cached_files file-0-c605fc0439959feae0390357f17419b2-ref.fasta.37
2019/11/26 14:11:05.70 work_queue_worker[1] wq: tx to master: info cached_files file-0-7509e4cb571ce79ae966eca79dc1dd5d-ref.fasta.43
2019/11/26 14:11:05.70 work_queue_worker[1] wq: tx to master: info cached_files file-0-bf7186ae56998c8a87eced988339f1c6-ref.fasta.42
2019/11/26 14:11:05.70 work_queue_worker[1] wq: tx to master: info cached_files file-0-11086871bd7c5a8d9ef50ddc34652dc4-ref.fasta.38
2019/11/26 14:11:05.70 work_queue_worker[1] wq: tx to master: info cached_files file-0-7649efd0db4ef988da69fb585788a4dd-ref.fasta.39
2019/11/26 14:11:05.70 work_queue_worker[1] wq: tx to master: info cached_files file-0-15ef306221695ea5170bb01e30ba54a8-ref.fasta.40
2019/11/26 14:11:05.71 work_queue_worker[1] wq: linking cache/file-0-048045060f61089a83cce204e6b8f151-corr.out to /tmp/worker-0-1/t.75/corr.out
2019/11/26 14:11:05.71 work_queue_worker[1] wq: linking cache/file-0-c605fc0439959feae0390357f17419b2-ref.fasta.37 to /tmp/worker-0-1/t.75/ref.fasta.37
2019/11/26 14:11:05.71 work_queue_worker[1] wq: linking cache/file-0-ddd728dc31a49bcd4cacae5676b4e7f7-Create_Corrected_AllLRReads.py to /tmp/worker-0-1/t.75/Create_Corrected_AllLRReads.py
2019/11/26 14:11:05.71 work_queue_worker[1] wq: started process 89: python Create_Corrected_AllLRReads.py ref.fasta.37 corr.out 2> create.err.37
2019/11/26 14:11:05.71 work_queue_worker[1] wq: tx to master: info tasks_running 1
2019/11/26 14:11:05.78 work_queue_worker[1] wq: task 75 (pid 89) exited normally with exit code 0
2019/11/26 14:11:05.78 work_queue_worker[1] wq: moving output file from /tmp/worker-0-1/t.75/create.err.37 to cache/file-0-cbde87290a67650f6667bc3af2be018f-create.err.37
2019/11/26 14:11:05.78 work_queue_worker[1] wq: moving output file from /tmp/worker-0-1/t.75/Corrected_ref.fasta.37 to cache/file-0-d423e6aed7ceaf325978d672a6f9236a-Corrected_ref.fasta.37
2019/11/26 14:11:05.78 work_queue_worker[1] wq: tx to master: available_results
2019/11/26 14:11:05.87 work_queue_worker[1] wq: rx from master: send_results -1
2019/11/26 14:11:05.87 work_queue_worker[1] wq: tx to master: result 0 0 0 69075 75
2019/11/26 14:11:05.87 work_queue_worker[1] wq: tx to master: info tasks_running 0
2019/11/26 14:11:05.87 work_queue_worker[1] wq: tx to master: end
2019/11/26 14:11:05.97 work_queue_worker[1] wq: rx from master: get file-0-cbde87290a67650f6667bc3af2be018f-create.err.37 1
2019/11/26 14:11:05.97 work_queue_worker[1] wq: tx to master: file file-0-cbde87290a67650f6667bc3af2be018f-create.err.37 0
2019/11/26 14:11:05.97 work_queue_worker[1] wq: tx to master: end
2019/11/26 14:11:05.97 work_queue_worker[1] wq: rx from master: get file-0-d423e6aed7ceaf325978d672a6f9236a-Corrected_ref.fasta.37 1
2019/11/26 14:11:05.97 work_queue_worker[1] wq: tx to master: file file-0-d423e6aed7ceaf325978d672a6f9236a-Corrected_ref.fasta.37 1055000
2019/11/26 14:11:05.97 work_queue_worker[1] wq: tx to master: end
2019/11/26 14:11:05.97 work_queue_worker[1] wq: rx from master: kill 75
2019/11/26 14:11:05.97 work_queue_worker[1] wq: ---- DELETING: /tmp/worker-0-1/t.75
2019/11/26 14:11:06.20 work_queue_worker[1] wq: rx from master: put file-0-4168598b82e1e2ebb63a7d86caf50185-ref.fasta.28 1055000 0644 1
2019/11/26 14:11:06.20 work_queue_worker[1] wq: Putting file file-0-4168598b82e1e2ebb63a7d86caf50185-ref.fasta.28 into workspace
2019/11/26 14:11:06.20 work_queue_worker[1] wq: Dir /cache already exists in cache
2019/11/26 14:11:06.20 work_queue_worker[1] wq: ****BRUNO***** cp BARRA: -> cp ./cache/file-0-4168598b82e1e2ebb63a7d86caf50185-ref.fasta.28 /cache.
2019/11/26 14:11:06.20 work_queue_worker[1] wq: rx from master: task 84
2019/11/26 14:11:06.20 work_queue_worker[1] wq: rx from master: cmd 76
2019/11/26 14:11:06.20 work_queue_worker[1] wq: rx from master: python Create_Corrected_AllLRReads.py ref.fasta.28 corr.out 2> create.err.28
2019/11/26 14:11:06.20 work_queue_worker[1] wq: rx from master: category default
2019/11/26 14:11:06.20 work_queue_worker[1] wq: rx from master: cores 1
2019/11/26 14:11:06.20 work_queue_worker[1] wq: rx from master: memory 11908
2019/11/26 14:11:06.20 work_queue_worker[1] wq: rx from master: disk 1457
2019/11/26 14:11:06.20 work_queue_worker[1] wq: rx from master: gpus 0
2019/11/26 14:11:06.20 work_queue_worker[1] wq: rx from master: end_time 18446744073709551615
2019/11/26 14:11:06.20 work_queue_worker[1] wq: rx from master: wall_time 18446744073709551615
2019/11/26 14:11:06.20 work_queue_worker[1] wq: rx from master: env 7
2019/11/26 14:11:06.20 work_queue_worker[1] wq: rx from master: env 17
2019/11/26 14:11:06.20 work_queue_worker[1] wq: rx from master: infile file-0-048045060f61089a83cce204e6b8f151-corr.out corr.out 1
2019/11/26 14:11:06.20 work_queue_worker[1] wq: rx from master: infile file-0-4168598b82e1e2ebb63a7d86caf50185-ref.fasta.28 ref.fasta.28 1
2019/11/26 14:11:06.20 work_queue_worker[1] wq: rx from master: infile file-0-ddd728dc31a49bcd4cacae5676b4e7f7-Create_Corrected_AllLRReads.py Create_Corrected_AllLRReads.py 1
2019/11/26 14:11:06.20 work_queue_worker[1] wq: rx from master: outfile file-0-48eb587eae499d4e2ed59b5b7ac8e36e-create.err.28 create.err.28 1
2019/11/26 14:11:06.20 work_queue_worker[1] wq: rx from master: outfile file-0-7930662fe4b7784dbb357845bdc7c3e3-Corrected_ref.fasta.28 Corrected_ref.fasta.28 1
2019/11/26 14:11:06.20 work_queue_worker[1] wq: rx from master: end
2019/11/26 14:11:06.20 work_queue_worker[1] wq: tx to master: info cached_files file-0-29436c2005b42ffca723272f188a24f3-ref.fasta.35
2019/11/26 14:11:06.20 work_queue_worker[1] wq: tx to master: info cached_files file-0-fb3ec5b7bc74b099f9b85fafce1dcdf1-ref.fasta.29
2019/11/26 14:11:06.20 work_queue_worker[1] wq: tx to master: info cached_files file-0-1ae7213b8b7cc4b7c0e10ebaeeca2ab9-ref.fasta.27
2019/11/26 14:11:06.20 work_queue_worker[1] wq: tx to master: info cached_files file-0-2074b572c8323b0fa32c1f74d40e6f33-ref.fasta.32
2019/11/26 14:11:06.20 work_queue_worker[1] wq: tx to master: info cached_files file-0-fba31afdf335011417a3240b50fb5f1d-ref.fasta.31
2019/11/26 14:11:06.20 work_queue_worker[1] wq: tx to master: info cached_files file-0-c63681d729e6b127a41a6905b7bf8cd3-ref.fasta.30
2019/11/26 14:11:06.20 work_queue_worker[1] wq: tx to master: info cached_files file-0-4168598b82e1e2ebb63a7d86caf50185-ref.fasta.28
2019/11/26 14:11:06.20 work_queue_worker[1] wq: tx to master: info cached_files file-0-29fa986ab5c37e3666b795ceedf28f59-ref.fasta.36
2019/11/26 14:11:06.20 work_queue_worker[1] wq: tx to master: info cached_files file-0-aa439a3e5adc17fce5c36008635edd3d-ref.fasta.33
2019/11/26 14:11:06.21 work_queue_worker[1] wq: tx to master: info cached_files file-0-4e6844944429687ec56a0ba20d350bc8-ref.fasta.34
2019/11/26 14:11:06.22 work_queue_worker[1] wq: linking cache/file-0-048045060f61089a83cce204e6b8f151-corr.out to /tmp/worker-0-1/t.84/corr.out
2019/11/26 14:11:06.22 work_queue_worker[1] wq: linking cache/file-0-4168598b82e1e2ebb63a7d86caf50185-ref.fasta.28 to /tmp/worker-0-1/t.84/ref.fasta.28
2019/11/26 14:11:06.22 work_queue_worker[1] wq: linking cache/file-0-ddd728dc31a49bcd4cacae5676b4e7f7-Create_Corrected_AllLRReads.py to /tmp/worker-0-1/t.84/Create_Corrected_AllLRReads.py
2019/11/26 14:11:06.22 work_queue_worker[1] wq: started process 95: python Create_Corrected_AllLRReads.py ref.fasta.28 corr.out 2> create.err.28
2019/11/26 14:11:06.22 work_queue_worker[1] wq: tx to master: info tasks_running 1
2019/11/26 14:11:06.29 work_queue_worker[1] wq: task 84 (pid 95) exited normally with exit code 0
2019/11/26 14:11:06.29 work_queue_worker[1] wq: moving output file from /tmp/worker-0-1/t.84/create.err.28 to cache/file-0-48eb587eae499d4e2ed59b5b7ac8e36e-create.err.28
2019/11/26 14:11:06.29 work_queue_worker[1] wq: moving output file from /tmp/worker-0-1/t.84/Corrected_ref.fasta.28 to cache/file-0-7930662fe4b7784dbb357845bdc7c3e3-Corrected_ref.fasta.28
2019/11/26 14:11:06.29 work_queue_worker[1] wq: tx to master: available_results
2019/11/26 14:11:06.29 work_queue_worker[1] wq: rx from master: send_results -1
2019/11/26 14:11:06.29 work_queue_worker[1] wq: tx to master: result 0 0 0 69635 84
2019/11/26 14:11:06.29 work_queue_worker[1] wq: tx to master: info tasks_running 0
2019/11/26 14:11:06.29 work_queue_worker[1] wq: tx to master: end
2019/11/26 14:11:06.29 work_queue_worker[1] wq: rx from master: get file-0-48eb587eae499d4e2ed59b5b7ac8e36e-create.err.28 1
2019/11/26 14:11:06.29 work_queue_worker[1] wq: tx to master: file file-0-48eb587eae499d4e2ed59b5b7ac8e36e-create.err.28 0
2019/11/26 14:11:06.29 work_queue_worker[1] wq: tx to master: end
2019/11/26 14:11:06.29 work_queue_worker[1] wq: rx from master: get file-0-7930662fe4b7784dbb357845bdc7c3e3-Corrected_ref.fasta.28 1
2019/11/26 14:11:06.29 work_queue_worker[1] wq: tx to master: file file-0-7930662fe4b7784dbb357845bdc7c3e3-Corrected_ref.fasta.28 1055000
2019/11/26 14:11:06.29 work_queue_worker[1] wq: tx to master: end
2019/11/26 14:11:06.30 work_queue_worker[1] wq: rx from master: kill 84
2019/11/26 14:11:06.30 work_queue_worker[1] wq: ---- DELETING: /tmp/worker-0-1/t.84
2019/11/26 14:11:06.31 work_queue_worker[1] wq: rx from master: put file-0-be49a61a811f6f14a2896815f8aca4aa-ref.fasta.17 1055000 0644 1
2019/11/26 14:11:06.31 work_queue_worker[1] wq: Putting file file-0-be49a61a811f6f14a2896815f8aca4aa-ref.fasta.17 into workspace
2019/11/26 14:11:06.31 work_queue_worker[1] wq: Dir /cache already exists in cache
2019/11/26 14:11:06.31 work_queue_worker[1] wq: ****BRUNO***** cp BARRA: -> cp ./cache/file-0-be49a61a811f6f14a2896815f8aca4aa-ref.fasta.17 /cache.
2019/11/26 14:11:06.32 work_queue_worker[1] wq: rx from master: task 95
2019/11/26 14:11:06.32 work_queue_worker[1] wq: rx from master: cmd 76
2019/11/26 14:11:06.32 work_queue_worker[1] wq: rx from master: python Create_Corrected_AllLRReads.py ref.fasta.17 corr.out 2> create.err.17
2019/11/26 14:11:06.32 work_queue_worker[1] wq: rx from master: category default
2019/11/26 14:11:06.32 work_queue_worker[1] wq: rx from master: cores 1
2019/11/26 14:11:06.32 work_queue_worker[1] wq: rx from master: memory 11908
2019/11/26 14:11:06.32 work_queue_worker[1] wq: rx from master: disk 1457
2019/11/26 14:11:06.32 work_queue_worker[1] wq: rx from master: gpus 0
2019/11/26 14:11:06.32 work_queue_worker[1] wq: rx from master: end_time 18446744073709551615
2019/11/26 14:11:06.32 work_queue_worker[1] wq: rx from master: wall_time 18446744073709551615
2019/11/26 14:11:06.32 work_queue_worker[1] wq: rx from master: env 7
2019/11/26 14:11:06.32 work_queue_worker[1] wq: rx from master: env 17
2019/11/26 14:11:06.32 work_queue_worker[1] wq: rx from master: infile file-0-048045060f61089a83cce204e6b8f151-corr.out corr.out 1
2019/11/26 14:11:06.32 work_queue_worker[1] wq: rx from master: infile file-0-be49a61a811f6f14a2896815f8aca4aa-ref.fasta.17 ref.fasta.17 1
2019/11/26 14:11:06.32 work_queue_worker[1] wq: rx from master: infile file-0-ddd728dc31a49bcd4cacae5676b4e7f7-Create_Corrected_AllLRReads.py Create_Corrected_AllLRReads.py 1
2019/11/26 14:11:06.32 work_queue_worker[1] wq: rx from master: outfile file-0-73c691b00f2c79424694792a3555a34a-create.err.17 create.err.17 1
2019/11/26 14:11:06.32 work_queue_worker[1] wq: rx from master: outfile file-0-cee3a2c2b567ed6c8bf3cbd6fe89ca46-Corrected_ref.fasta.17 Corrected_ref.fasta.17 1
2019/11/26 14:11:06.32 work_queue_worker[1] wq: rx from master: end
2019/11/26 14:11:06.32 work_queue_worker[1] wq: tx to master: info cached_files file-0-2b408ecce6b0355d371c80b651c889f8-ref.fasta.18
2019/11/26 14:11:06.32 work_queue_worker[1] wq: tx to master: info cached_files file-0-5b3b606ef2c77a0f099af1f26882e93e-ref.fasta.24
2019/11/26 14:11:06.32 work_queue_worker[1] wq: tx to master: info cached_files file-0-a1390e6a488a52d4a53323630be8883e-ref.fasta.25
2019/11/26 14:11:06.32 work_queue_worker[1] wq: tx to master: info cached_files file-0-17ddf63c75cb0ddda4648bacc86a279d-ref.fasta.26
2019/11/26 14:11:06.32 work_queue_worker[1] wq: tx to master: info cached_files file-0-12470dc35ac3e9d7f02a76cc8a9c00ea-ref.fasta.19
2019/11/26 14:11:06.32 work_queue_worker[1] wq: tx to master: info cached_files file-0-be49a61a811f6f14a2896815f8aca4aa-ref.fasta.17
2019/11/26 14:11:06.33 work_queue_worker[1] wq: linking cache/file-0-048045060f61089a83cce204e6b8f151-corr.out to /tmp/worker-0-1/t.95/corr.out
2019/11/26 14:11:06.33 work_queue_worker[1] wq: linking cache/file-0-be49a61a811f6f14a2896815f8aca4aa-ref.fasta.17 to /tmp/worker-0-1/t.95/ref.fasta.17
2019/11/26 14:11:06.33 work_queue_worker[1] wq: linking cache/file-0-ddd728dc31a49bcd4cacae5676b4e7f7-Create_Corrected_AllLRReads.py to /tmp/worker-0-1/t.95/Create_Corrected_AllLRReads.py
2019/11/26 14:11:06.33 work_queue_worker[1] wq: started process 101: python Create_Corrected_AllLRReads.py ref.fasta.17 corr.out 2> create.err.17
2019/11/26 14:11:06.33 work_queue_worker[1] wq: tx to master: info tasks_running 1
2019/11/26 14:11:06.40 work_queue_worker[1] wq: task 95 (pid 101) exited normally with exit code 0
2019/11/26 14:11:06.40 work_queue_worker[1] wq: moving output file from /tmp/worker-0-1/t.95/create.err.17 to cache/file-0-73c691b00f2c79424694792a3555a34a-create.err.17
2019/11/26 14:11:06.40 work_queue_worker[1] wq: moving output file from /tmp/worker-0-1/t.95/Corrected_ref.fasta.17 to cache/file-0-cee3a2c2b567ed6c8bf3cbd6fe89ca46-Corrected_ref.fasta.17
2019/11/26 14:11:06.40 work_queue_worker[1] wq: tx to master: available_results
2019/11/26 14:11:06.40 work_queue_worker[1] wq: rx from master: send_results -1
2019/11/26 14:11:06.40 work_queue_worker[1] wq: tx to master: result 0 0 0 67699 95
2019/11/26 14:11:06.40 work_queue_worker[1] wq: tx to master: info tasks_running 0
2019/11/26 14:11:06.40 work_queue_worker[1] wq: tx to master: end
2019/11/26 14:11:06.40 work_queue_worker[1] wq: rx from master: get file-0-73c691b00f2c79424694792a3555a34a-create.err.17 1
2019/11/26 14:11:06.40 work_queue_worker[1] wq: tx to master: file file-0-73c691b00f2c79424694792a3555a34a-create.err.17 0
2019/11/26 14:11:06.40 work_queue_worker[1] wq: tx to master: end
2019/11/26 14:11:06.40 work_queue_worker[1] wq: rx from master: get file-0-cee3a2c2b567ed6c8bf3cbd6fe89ca46-Corrected_ref.fasta.17 1
2019/11/26 14:11:06.40 work_queue_worker[1] wq: tx to master: file file-0-cee3a2c2b567ed6c8bf3cbd6fe89ca46-Corrected_ref.fasta.17 1055000
2019/11/26 14:11:06.41 work_queue_worker[1] wq: tx to master: end
2019/11/26 14:11:06.41 work_queue_worker[1] wq: rx from master: kill 95
2019/11/26 14:11:06.41 work_queue_worker[1] wq: ---- DELETING: /tmp/worker-0-1/t.95
2019/11/26 14:11:06.42 work_queue_worker[1] wq: rx from master: put file-0-30475cdf029099342b775fc85202fe97-ref.fasta.10 1055000 0644 1
2019/11/26 14:11:06.42 work_queue_worker[1] wq: Putting file file-0-30475cdf029099342b775fc85202fe97-ref.fasta.10 into workspace
2019/11/26 14:11:06.42 work_queue_worker[1] wq: Dir /cache already exists in cache
2019/11/26 14:11:06.42 work_queue_worker[1] wq: ****BRUNO***** cp BARRA: -> cp ./cache/file-0-30475cdf029099342b775fc85202fe97-ref.fasta.10 /cache.
2019/11/26 14:11:06.43 work_queue_worker[1] wq: rx from master: task 102
2019/11/26 14:11:06.43 work_queue_worker[1] wq: rx from master: cmd 76
2019/11/26 14:11:06.43 work_queue_worker[1] wq: rx from master: python Create_Corrected_AllLRReads.py ref.fasta.10 corr.out 2> create.err.10
2019/11/26 14:11:06.43 work_queue_worker[1] wq: rx from master: category default
2019/11/26 14:11:06.43 work_queue_worker[1] wq: rx from master: cores 1
2019/11/26 14:11:06.43 work_queue_worker[1] wq: rx from master: memory 11908
2019/11/26 14:11:06.43 work_queue_worker[1] wq: rx from master: disk 1457
2019/11/26 14:11:06.43 work_queue_worker[1] wq: rx from master: gpus 0
2019/11/26 14:11:06.43 work_queue_worker[1] wq: rx from master: end_time 18446744073709551615
2019/11/26 14:11:06.43 work_queue_worker[1] wq: rx from master: wall_time 18446744073709551615
2019/11/26 14:11:06.43 work_queue_worker[1] wq: rx from master: env 7
2019/11/26 14:11:06.43 work_queue_worker[1] wq: rx from master: env 17
2019/11/26 14:11:06.43 work_queue_worker[1] wq: rx from master: infile file-0-048045060f61089a83cce204e6b8f151-corr.out corr.out 1
2019/11/26 14:11:06.43 work_queue_worker[1] wq: rx from master: infile file-0-30475cdf029099342b775fc85202fe97-ref.fasta.10 ref.fasta.10 1
2019/11/26 14:11:06.43 work_queue_worker[1] wq: rx from master: infile file-0-ddd728dc31a49bcd4cacae5676b4e7f7-Create_Corrected_AllLRReads.py Create_Corrected_AllLRReads.py 1
2019/11/26 14:11:06.43 work_queue_worker[1] wq: rx from master: outfile file-0-3067cbe02ab653d081376823d8b7c679-create.err.10 create.err.10 1
2019/11/26 14:11:06.43 work_queue_worker[1] wq: rx from master: outfile file-0-13f5e055f50315c592568711386332f4-Corrected_ref.fasta.10 Corrected_ref.fasta.10 1
2019/11/26 14:11:06.43 work_queue_worker[1] wq: rx from master: end
2019/11/26 14:11:06.43 work_queue_worker[1] wq: tx to master: info cached_files file-0-595d6fd0783af5f1f9d6ac327ab7d0ae-ref.fasta.13
2019/11/26 14:11:06.43 work_queue_worker[1] wq: tx to master: info cached_files file-0-30475cdf029099342b775fc85202fe97-ref.fasta.10
2019/11/26 14:11:06.43 work_queue_worker[1] wq: tx to master: info cached_files file-0-917a4e2b83f3c1cbe7ad084772249437-ref.fasta.12
2019/11/26 14:11:06.43 work_queue_worker[1] wq: tx to master: info cached_files file-0-8c01ff49b1bac5dc2eea9e2a868b0a59-ref.fasta.15
2019/11/26 14:11:06.43 work_queue_worker[1] wq: tx to master: info cached_files file-0-8f17aa9e3e257f258b7505f485b7df21-ref.fasta.16
2019/11/26 14:11:06.43 work_queue_worker[1] wq: tx to master: info cached_files file-0-721aaf1524a5dc2f36a94b49c3f5d86a-ref.fasta.14
2019/11/26 14:11:06.43 work_queue_worker[1] wq: tx to master: info cached_files file-0-0d93fd3812287dfef20102e293f224d9-ref.fasta.11
2019/11/26 14:11:06.45 work_queue_worker[1] wq: linking cache/file-0-048045060f61089a83cce204e6b8f151-corr.out to /tmp/worker-0-1/t.102/corr.out
2019/11/26 14:11:06.45 work_queue_worker[1] wq: linking cache/file-0-30475cdf029099342b775fc85202fe97-ref.fasta.10 to /tmp/worker-0-1/t.102/ref.fasta.10
2019/11/26 14:11:06.45 work_queue_worker[1] wq: linking cache/file-0-ddd728dc31a49bcd4cacae5676b4e7f7-Create_Corrected_AllLRReads.py to /tmp/worker-0-1/t.102/Create_Corrected_AllLRReads.py
2019/11/26 14:11:06.45 work_queue_worker[1] wq: started process 107: python Create_Corrected_AllLRReads.py ref.fasta.10 corr.out 2> create.err.10
2019/11/26 14:11:06.45 work_queue_worker[1] wq: tx to master: info tasks_running 1
2019/11/26 14:11:06.52 work_queue_worker[1] wq: task 102 (pid 107) exited normally with exit code 0
2019/11/26 14:11:06.52 work_queue_worker[1] wq: moving output file from /tmp/worker-0-1/t.102/create.err.10 to cache/file-0-3067cbe02ab653d081376823d8b7c679-create.err.10
2019/11/26 14:11:06.52 work_queue_worker[1] wq: moving output file from /tmp/worker-0-1/t.102/Corrected_ref.fasta.10 to cache/file-0-13f5e055f50315c592568711386332f4-Corrected_ref.fasta.10
2019/11/26 14:11:06.52 work_queue_worker[1] wq: tx to master: available_results
2019/11/26 14:11:06.53 work_queue_worker[1] wq: rx from master: send_results -1
2019/11/26 14:11:06.53 work_queue_worker[1] wq: tx to master: result 0 0 0 73716 102
2019/11/26 14:11:06.53 work_queue_worker[1] wq: tx to master: info tasks_running 0
2019/11/26 14:11:06.53 work_queue_worker[1] wq: tx to master: end
2019/11/26 14:11:06.53 work_queue_worker[1] wq: rx from master: get file-0-3067cbe02ab653d081376823d8b7c679-create.err.10 1
2019/11/26 14:11:06.53 work_queue_worker[1] wq: tx to master: file file-0-3067cbe02ab653d081376823d8b7c679-create.err.10 0
2019/11/26 14:11:06.53 work_queue_worker[1] wq: tx to master: end
2019/11/26 14:11:06.53 work_queue_worker[1] wq: rx from master: get file-0-13f5e055f50315c592568711386332f4-Corrected_ref.fasta.10 1
2019/11/26 14:11:06.53 work_queue_worker[1] wq: tx to master: file file-0-13f5e055f50315c592568711386332f4-Corrected_ref.fasta.10 1055000
2019/11/26 14:11:06.53 work_queue_worker[1] wq: tx to master: end
2019/11/26 14:11:06.53 work_queue_worker[1] wq: rx from master: kill 102
2019/11/26 14:11:06.53 work_queue_worker[1] wq: ---- DELETING: /tmp/worker-0-1/t.102
2019/11/26 14:11:06.53 work_queue_worker[1] wq: rx from master: put file-0-9dbb72d8dd139e33c36e645da8581cc4-ref.fasta.2 1053000 0644 1
2019/11/26 14:11:06.53 work_queue_worker[1] wq: Putting file file-0-9dbb72d8dd139e33c36e645da8581cc4-ref.fasta.2 into workspace
2019/11/26 14:11:06.53 work_queue_worker[1] wq: Dir /cache already exists in cache
2019/11/26 14:11:06.53 work_queue_worker[1] wq: ****BRUNO***** cp BARRA: -> cp ./cache/file-0-9dbb72d8dd139e33c36e645da8581cc4-ref.fasta.2 /cache.
2019/11/26 14:11:06.54 work_queue_worker[1] wq: rx from master: task 110
2019/11/26 14:11:06.54 work_queue_worker[1] wq: rx from master: cmd 74
2019/11/26 14:11:06.54 work_queue_worker[1] wq: rx from master: python Create_Corrected_AllLRReads.py ref.fasta.2 corr.out 2> create.err.2
2019/11/26 14:11:06.54 work_queue_worker[1] wq: rx from master: category default
2019/11/26 14:11:06.54 work_queue_worker[1] wq: rx from master: cores 1
2019/11/26 14:11:06.54 work_queue_worker[1] wq: rx from master: memory 11908
2019/11/26 14:11:06.54 work_queue_worker[1] wq: rx from master: disk 1457
2019/11/26 14:11:06.54 work_queue_worker[1] wq: rx from master: gpus 0
2019/11/26 14:11:06.54 work_queue_worker[1] wq: rx from master: end_time 18446744073709551615
2019/11/26 14:11:06.54 work_queue_worker[1] wq: rx from master: wall_time 18446744073709551615
2019/11/26 14:11:06.54 work_queue_worker[1] wq: rx from master: env 7
2019/11/26 14:11:06.54 work_queue_worker[1] wq: rx from master: env 17
2019/11/26 14:11:06.54 work_queue_worker[1] wq: rx from master: infile file-0-048045060f61089a83cce204e6b8f151-corr.out corr.out 1
2019/11/26 14:11:06.54 work_queue_worker[1] wq: rx from master: infile file-0-9dbb72d8dd139e33c36e645da8581cc4-ref.fasta.2 ref.fasta.2 1
2019/11/26 14:11:06.54 work_queue_worker[1] wq: rx from master: infile file-0-ddd728dc31a49bcd4cacae5676b4e7f7-Create_Corrected_AllLRReads.py Create_Corrected_AllLRReads.py 1
2019/11/26 14:11:06.54 work_queue_worker[1] wq: rx from master: outfile file-0-c0065d50667100fc883ffe80f8c0ff3f-create.err.2 create.err.2 1
2019/11/26 14:11:06.54 work_queue_worker[1] wq: rx from master: outfile file-0-3523f46cd692ea4bb87df93d90de3659-Corrected_ref.fasta.2 Corrected_ref.fasta.2 1
2019/11/26 14:11:06.54 work_queue_worker[1] wq: rx from master: end
2019/11/26 14:11:06.54 work_queue_worker[1] wq: tx to master: info cached_files file-0-0aa7fdc5df2e8aa834187cf07d905f1c-ref.fasta.3
2019/11/26 14:11:06.54 work_queue_worker[1] wq: tx to master: info cached_files file-0-4cc40b4a6723ddd648f7b5efe2086e68-ref.fasta.8
2019/11/26 14:11:06.54 work_queue_worker[1] wq: tx to master: info cached_files file-0-9dbb72d8dd139e33c36e645da8581cc4-ref.fasta.2
2019/11/26 14:11:06.54 work_queue_worker[1] wq: tx to master: info cached_files file-0-4b44ee8dff46dd1aa4bb1511d9442a2e-ref.fasta.5
2019/11/26 14:11:06.54 work_queue_worker[1] wq: tx to master: info cached_files file-0-40270ff4240d4ee0a2a2264053bee38d-ref.fasta.7
2019/11/26 14:11:06.54 work_queue_worker[1] wq: tx to master: info cached_files file-0-de3fc56a129f0eca0565c07c2f6f5d65-ref.fasta.6
2019/11/26 14:11:06.54 work_queue_worker[1] wq: tx to master: info cached_files file-0-d53b7362d9ad27f7af3cd0cb7105a051-ref.fasta.4
2019/11/26 14:11:06.54 work_queue_worker[1] wq: tx to master: info cached_files file-0-e1fd3d565f5a9462a45d8636a7a32668-ref.fasta.9
2019/11/26 14:11:06.55 work_queue_worker[1] wq: linking cache/file-0-048045060f61089a83cce204e6b8f151-corr.out to /tmp/worker-0-1/t.110/corr.out
2019/11/26 14:11:06.55 work_queue_worker[1] wq: linking cache/file-0-9dbb72d8dd139e33c36e645da8581cc4-ref.fasta.2 to /tmp/worker-0-1/t.110/ref.fasta.2
2019/11/26 14:11:06.55 work_queue_worker[1] wq: linking cache/file-0-ddd728dc31a49bcd4cacae5676b4e7f7-Create_Corrected_AllLRReads.py to /tmp/worker-0-1/t.110/Create_Corrected_AllLRReads.py
2019/11/26 14:11:06.55 work_queue_worker[1] wq: started process 113: python Create_Corrected_AllLRReads.py ref.fasta.2 corr.out 2> create.err.2
2019/11/26 14:11:06.55 work_queue_worker[1] wq: tx to master: info tasks_running 1
2019/11/26 14:11:06.60 work_queue_worker[1] wq: task 110 (pid 113) exited normally with exit code 0
2019/11/26 14:11:06.60 work_queue_worker[1] wq: moving output file from /tmp/worker-0-1/t.110/create.err.2 to cache/file-0-c0065d50667100fc883ffe80f8c0ff3f-create.err.2
2019/11/26 14:11:06.60 work_queue_worker[1] wq: moving output file from /tmp/worker-0-1/t.110/Corrected_ref.fasta.2 to cache/file-0-3523f46cd692ea4bb87df93d90de3659-Corrected_ref.fasta.2
2019/11/26 14:11:06.60 work_queue_worker[1] wq: tx to master: available_results
2019/11/26 14:11:06.88 work_queue_worker[1] wq: rx from master: send_results -1
2019/11/26 14:11:06.88 work_queue_worker[1] wq: tx to master: result 0 0 0 50130 110
2019/11/26 14:11:06.88 work_queue_worker[1] wq: tx to master: info tasks_running 0
2019/11/26 14:11:06.88 work_queue_worker[1] wq: tx to master: end
2019/11/26 14:11:06.88 work_queue_worker[1] wq: rx from master: get file-0-c0065d50667100fc883ffe80f8c0ff3f-create.err.2 1
2019/11/26 14:11:06.88 work_queue_worker[1] wq: tx to master: file file-0-c0065d50667100fc883ffe80f8c0ff3f-create.err.2 0
2019/11/26 14:11:06.88 work_queue_worker[1] wq: tx to master: end
2019/11/26 14:11:06.88 work_queue_worker[1] wq: rx from master: get file-0-3523f46cd692ea4bb87df93d90de3659-Corrected_ref.fasta.2 1
2019/11/26 14:11:06.88 work_queue_worker[1] wq: tx to master: file file-0-3523f46cd692ea4bb87df93d90de3659-Corrected_ref.fasta.2 1053000
2019/11/26 14:11:06.88 work_queue_worker[1] wq: tx to master: end
2019/11/26 14:11:06.88 work_queue_worker[1] wq: rx from master: kill 110
2019/11/26 14:11:06.88 work_queue_worker[1] wq: ---- DELETING: /tmp/worker-0-1/t.110
2019/11/26 14:11:07.00 work_queue_worker[1] wq: rx from master: task 17
2019/11/26 14:11:07.00 work_queue_worker[1] wq: rx from master: cmd 76
2019/11/26 14:11:07.00 work_queue_worker[1] wq: rx from master: python Create_Corrected_AllLRReads.py ref.fasta.95 corr.out 2> create.err.95
2019/11/26 14:11:07.00 work_queue_worker[1] wq: rx from master: category default
2019/11/26 14:11:07.00 work_queue_worker[1] wq: rx from master: cores 1
2019/11/26 14:11:07.00 work_queue_worker[1] wq: rx from master: memory 11908
2019/11/26 14:11:07.00 work_queue_worker[1] wq: rx from master: disk 1457
2019/11/26 14:11:07.00 work_queue_worker[1] wq: rx from master: gpus 0
2019/11/26 14:11:07.00 work_queue_worker[1] wq: rx from master: end_time 18446744073709551615
2019/11/26 14:11:07.00 work_queue_worker[1] wq: rx from master: wall_time 18446744073709551615
2019/11/26 14:11:07.00 work_queue_worker[1] wq: rx from master: env 7
2019/11/26 14:11:07.00 work_queue_worker[1] wq: rx from master: env 17
2019/11/26 14:11:07.00 work_queue_worker[1] wq: rx from master: infile file-0-048045060f61089a83cce204e6b8f151-corr.out corr.out 1
2019/11/26 14:11:07.00 work_queue_worker[1] wq: rx from master: infile file-0-7e84d12fe76710de61a1e1012d161708-ref.fasta.95 ref.fasta.95 1
2019/11/26 14:11:07.00 work_queue_worker[1] wq: rx from master: infile file-0-ddd728dc31a49bcd4cacae5676b4e7f7-Create_Corrected_AllLRReads.py Create_Corrected_AllLRReads.py 1
2019/11/26 14:11:07.00 work_queue_worker[1] wq: rx from master: outfile file-0-bdd2eb0caeb9adced89a5016cc60b763-create.err.95 create.err.95 1
2019/11/26 14:11:07.00 work_queue_worker[1] wq: rx from master: outfile file-0-ed277250e06d89d2f88b429376d61705-Corrected_ref.fasta.95 Corrected_ref.fasta.95 1
2019/11/26 14:11:07.00 work_queue_worker[1] wq: rx from master: end
2019/11/26 14:11:07.00 work_queue_worker[1] wq: tx to master: info cached_files file-0-c1c5b5005550a9e9b359d2cf9e2f8a9a-ref.fasta.1
2019/11/26 14:11:07.00 work_queue_worker[1] wq: tx to master: info cached_files file-0-f6180873c6bcf6cfbbf9b9300d0d79ef-ref.fasta.0
2019/11/26 14:11:07.01 work_queue_worker[1] wq: linking cache/file-0-048045060f61089a83cce204e6b8f151-corr.out to /tmp/worker-0-1/t.17/corr.out
2019/11/26 14:11:07.01 work_queue_worker[1] wq: linking cache/file-0-7e84d12fe76710de61a1e1012d161708-ref.fasta.95 to /tmp/worker-0-1/t.17/ref.fasta.95
2019/11/26 14:11:07.01 work_queue_worker[1] wq: linking cache/file-0-ddd728dc31a49bcd4cacae5676b4e7f7-Create_Corrected_AllLRReads.py to /tmp/worker-0-1/t.17/Create_Corrected_AllLRReads.py
2019/11/26 14:11:07.01 work_queue_worker[1] wq: started process 117: python Create_Corrected_AllLRReads.py ref.fasta.95 corr.out 2> create.err.95
2019/11/26 14:11:07.01 work_queue_worker[1] wq: tx to master: info tasks_running 1
2019/11/26 14:11:07.05 work_queue_worker[1] wq: task 17 (pid 117) exited normally with exit code 0
2019/11/26 14:11:07.05 work_queue_worker[1] wq: moving output file from /tmp/worker-0-1/t.17/create.err.95 to cache/file-0-bdd2eb0caeb9adced89a5016cc60b763-create.err.95
2019/11/26 14:11:07.05 work_queue_worker[1] wq: moving output file from /tmp/worker-0-1/t.17/Corrected_ref.fasta.95 to cache/file-0-ed277250e06d89d2f88b429376d61705-Corrected_ref.fasta.95
2019/11/26 14:11:07.05 work_queue_worker[1] wq: tx to master: available_results
2019/11/26 14:11:07.05 work_queue_worker[1] wq: rx from master: send_results -1
2019/11/26 14:11:07.05 work_queue_worker[1] wq: tx to master: result 0 0 0 41454 17
2019/11/26 14:11:07.05 work_queue_worker[1] wq: tx to master: info tasks_running 0
2019/11/26 14:11:07.05 work_queue_worker[1] wq: tx to master: end
2019/11/26 14:11:07.05 work_queue_worker[1] wq: rx from master: get file-0-bdd2eb0caeb9adced89a5016cc60b763-create.err.95 1
2019/11/26 14:11:07.05 work_queue_worker[1] wq: tx to master: file file-0-bdd2eb0caeb9adced89a5016cc60b763-create.err.95 0
2019/11/26 14:11:07.05 work_queue_worker[1] wq: tx to master: end
2019/11/26 14:11:07.05 work_queue_worker[1] wq: rx from master: get file-0-ed277250e06d89d2f88b429376d61705-Corrected_ref.fasta.95 1
2019/11/26 14:11:07.05 work_queue_worker[1] wq: tx to master: file file-0-ed277250e06d89d2f88b429376d61705-Corrected_ref.fasta.95 1055000
2019/11/26 14:11:07.05 work_queue_worker[1] wq: tx to master: end
2019/11/26 14:11:07.05 work_queue_worker[1] wq: rx from master: kill 17
2019/11/26 14:11:07.05 work_queue_worker[1] wq: ---- DELETING: /tmp/worker-0-1/t.17
2019/11/26 14:11:08.60 work_queue_worker[1] wq: rx from master: release
2019/11/26 14:11:08.60 work_queue_worker[1] wq: released by master 10.0.235.2:1026.
2019/11/26 14:11:08.60 work_queue_worker[1] wq: *********** BRUNO ******** NOT cleaning workspace /tmp/worker-0-1
2019/11/26 14:11:08.60 work_queue_worker[1] wq: disconnecting from master 10.0.235.2:1026
2019/11/26 14:11:08.60 work_queue_worker[1] tcp: disconnected from 10.0.235.2 port 1026
2019/11/26 14:11:08.60 work_queue_worker[1] wq: killing all outstanding tasks
2019/11/26 14:11:08.60 work_queue_worker[1] wq: ---- DELETING: /tmp/worker-0-1/t.15
2019/11/26 14:11:08.60 work_queue_worker[1] wq: all data structures are clean
2019/11/26 14:11:09.60 work_queue_worker[1] tcp: connecting to 10.0.235.2 port 1026
