2019/11/25 18:04:56.51 #|1574705096.510721841|00#| work_queue_worker[1] debug: /root/cctools/bin/work_queue_worker version 8.0.0 DEVELOPMENT (released 2019-11-14 15:35:16 +0000)
2019/11/25 18:04:56.51 #|1574705096.510758412|00#| work_queue_worker[1] debug: Built by root@7e9ecba79f43 on 2019-11-14 15:35:16 +0000
2019/11/25 18:04:56.51 #|1574705096.510769476|00#| work_queue_worker[1] debug: System: Linux 7e9ecba79f43 5.0.0-32-generic #34~18.04.2-Ubuntu SMP Thu Oct 10 10:36:02 UTC 2019 x86_64 x86_64 x86_64 GNU/Linux
2019/11/25 18:04:56.51 #|1574705096.510778918|00#| work_queue_worker[1] debug: Configuration: --prefix /root/cctools
2019/11/25 18:04:56.51 #|1574705096.510956947|00#| work_queue_worker[1] wq: WORK_QUEUE_SANDBOX set to /tmp/worker-0-1.
2019/11/25 18:04:56.51 #|1574705096.511450160|00#| work_queue_worker[1] debug: error reading disk usage on directory: ./cache.
2019/11/25 18:04:56.51 #|1574705096.511480909|00#| work_queue_worker[1] dns: looking up name master
2019/11/25 18:04:56.51 #|1574705096.513647381|00#| work_queue_worker[1] dns: couldn't look up master: Name or service not known
2019/11/25 18:04:58.51 #|1574705098.513798358|00#| work_queue_worker[1] dns: looking up name master
2019/11/25 18:04:58.51 #|1574705098.515922973|00#| work_queue_worker[1] dns: couldn't look up master: Name or service not known
2019/11/25 18:05:00.51 #|1574705100.516086492|00#| work_queue_worker[1] dns: looking up name master
2019/11/25 18:05:00.51 #|1574705100.516462779|00#| work_queue_worker[1] dns: master is 10.0.161.8
2019/11/25 18:05:00.51 #|1574705100.516510749|00#| work_queue_worker[1] tcp: connecting to 10.0.161.8 port 1026
2019/11/25 18:05:00.51 #|1574705100.516770370|00#| work_queue_worker[1] tcp: made connection to 10.0.161.8 port 1026
2019/11/25 18:05:00.51 #|1574705100.516797149|00#| work_queue_worker[1] wq: connected to master master:1026 via local address 10.0.161.6:40582
2019/11/25 18:05:00.51 #|1574705100.516815169|00#| work_queue_worker[1] wq: preparing workspace /tmp/worker-0-1
2019/11/25 18:05:00.51 #|1574705100.516987505|00#| work_queue_worker[1] dns: looking up name f77c428c399b
2019/11/25 18:05:00.51 #|1574705100.517042615|00#| work_queue_worker[1] dns: f77c428c399b is 10.0.161.6
2019/11/25 18:05:00.51 #|1574705100.517060007|00#| work_queue_worker[1] dns: looking up addr 10.0.161.6
2019/11/25 18:05:00.51 #|1574705100.517096684|00#| work_queue_worker[1] dns: 10.0.161.6 is f77c428c399b
2019/11/25 18:05:00.51 #|1574705100.517112036|00#| work_queue_worker[1] dns: finding my hostname: uname = f77c428c399b, address = 10.0.161.6, hostname = f77c428c399b
2019/11/25 18:05:00.51 #|1574705100.517130687|00#| work_queue_worker[1] wq: tx to master: workqueue 8 f77c428c399b Linux x86_64 8.0.0
2019/11/25 18:05:00.51 #|1574705100.517221247|00#| work_queue_worker[1] wq: tx to master: info worker-id worker-f8843561079342e5e5972226eb5cdffb
2019/11/25 18:05:00.51 #|1574705100.517300404|00#| work_queue_worker[1] wq: tx to master: alive
2019/11/25 18:05:00.51 #|1574705100.517372039|00#| work_queue_worker[1] wq: Sending resource description to master:
2019/11/25 18:05:00.51 #|1574705100.517389653|00#| work_queue_worker[1] wq:  workers      0 inuse      1 total      1 smallest      1 largest
2019/11/25 18:05:00.51 #|1574705100.517457666|00#| work_queue_worker[1] wq:     disk      0 inuse   2524 total   2524 smallest   2524 largest
2019/11/25 18:05:00.51 #|1574705100.517529068|00#| work_queue_worker[1] wq:   memory      0 inuse  11908 total  11908 smallest  11908 largest
2019/11/25 18:05:00.51 #|1574705100.517600311|00#| work_queue_worker[1] wq:     gpus      0 inuse      0 total      0 smallest      0 largest
2019/11/25 18:05:00.51 #|1574705100.517670923|00#| work_queue_worker[1] wq:    cores      0 inuse      7 total      7 smallest      7 largest
2019/11/25 18:05:00.51 #|1574705100.517783567|00#| work_queue_worker[1] wq: tx to master: info end_of_resource_update 0
2019/11/25 18:05:00.51 #|1574705100.517854632|00#| work_queue_worker[1] wq: tx to master: info tasks_running 0
2019/11/25 18:05:00.51 #|1574705100.517925054|00#| work_queue_worker[1] wq: working for master at 10.0.161.8:1026.
2019/11/25 18:06:58.68 #|1574705218.688331831|00#| work_queue_worker[1] wq: rx from master: put file-0-25930e3036f13852cb0b29694bbab611-nt/taxdb.bti 14920392 0644 1
2019/11/25 18:06:58.68 #|1574705218.688422128|00#| work_queue_worker[1] wq: Putting file file-0-25930e3036f13852cb0b29694bbab611-nt/taxdb.bti into workspace
2019/11/25 18:06:58.70 #|1574705218.709596102|00#| work_queue_worker[1] wq: rx from master: put file-0-25930e3036f13852cb0b29694bbab611-nt/nt.nal 752 0644 1
2019/11/25 18:06:58.70 #|1574705218.709635832|00#| work_queue_worker[1] wq: Putting file file-0-25930e3036f13852cb0b29694bbab611-nt/nt.nal into workspace
2019/11/25 18:06:58.70 #|1574705218.709728358|00#| work_queue_worker[1] wq: rx from master: put file-0-25930e3036f13852cb0b29694bbab611-nt/nt.44.nni 27220 0644 1
2019/11/25 18:06:58.70 #|1574705218.709751573|00#| work_queue_worker[1] wq: Putting file file-0-25930e3036f13852cb0b29694bbab611-nt/nt.44.nni into workspace
2019/11/25 18:06:58.70 #|1574705218.709999591|00#| work_queue_worker[1] wq: rx from master: put file-0-25930e3036f13852cb0b29694bbab611-nt/nt.44.nog 3378248 0644 1
2019/11/25 18:06:58.71 #|1574705218.710027980|00#| work_queue_worker[1] wq: Putting file file-0-25930e3036f13852cb0b29694bbab611-nt/nt.44.nog into workspace
2019/11/25 18:06:58.71 #|1574705218.715131531|00#| work_queue_worker[1] wq: rx from master: put file-0-25930e3036f13852cb0b29694bbab611-nt/taxdb.btd 141628361 0644 1
2019/11/25 18:06:58.71 #|1574705218.715171315|00#| work_queue_worker[1] wq: Putting file file-0-25930e3036f13852cb0b29694bbab611-nt/taxdb.btd into workspace
2019/11/25 18:06:58.90 #|1574705218.900764887|00#| work_queue_worker[1] wq: rx from master: put file-0-25930e3036f13852cb0b29694bbab611-nt/nt.44.nhr 148534336 0644 1
2019/11/25 18:06:58.90 #|1574705218.900809611|00#| work_queue_worker[1] wq: Putting file file-0-25930e3036f13852cb0b29694bbab611-nt/nt.44.nhr into workspace
2019/11/25 18:06:59.09 #|1574705219.92344191|00#| work_queue_worker[1] wq: rx from master: put file-0-25930e3036f13852cb0b29694bbab611-nt/nt.44.nhi 338004 0644 1
2019/11/25 18:06:59.09 #|1574705219.92389300|00#| work_queue_worker[1] wq: Putting file file-0-25930e3036f13852cb0b29694bbab611-nt/nt.44.nhi into workspace
2019/11/25 18:06:59.09 #|1574705219.92930634|00#| work_queue_worker[1] wq: rx from master: put file-0-25930e3036f13852cb0b29694bbab611-nt/nt.44.nnd 6955488 0644 1
2019/11/25 18:06:59.09 #|1574705219.92956055|00#| work_queue_worker[1] wq: Putting file file-0-25930e3036f13852cb0b29694bbab611-nt/nt.44.nnd into workspace
2019/11/25 18:06:59.10 #|1574705219.101954403|00#| work_queue_worker[1] wq: rx from master: put file-0-25930e3036f13852cb0b29694bbab611-nt/nt.44.nhd 14869748 0644 1
2019/11/25 18:06:59.10 #|1574705219.101997974|00#| work_queue_worker[1] wq: Putting file file-0-25930e3036f13852cb0b29694bbab611-nt/nt.44.nhd into workspace
2019/11/25 18:06:59.12 #|1574705219.121095368|00#| work_queue_worker[1] wq: rx from master: put file-0-25930e3036f13852cb0b29694bbab611-nt/nt.44.nsq 974099786 0644 1
2019/11/25 18:06:59.12 #|1574705219.121139104|00#| work_queue_worker[1] wq: Putting file file-0-25930e3036f13852cb0b29694bbab611-nt/nt.44.nsq into workspace
2019/11/25 18:07:01.62 #|1574705221.627089306|00#| work_queue_worker[1] wq: rx from master: put file-0-25930e3036f13852cb0b29694bbab611-nt/nt.44.nin 10134740 0644 1
2019/11/25 18:07:01.62 #|1574705221.627154181|00#| work_queue_worker[1] wq: Putting file file-0-25930e3036f13852cb0b29694bbab611-nt/nt.44.nin into workspace
2019/11/25 18:07:01.64 #|1574705221.641711402|00#| work_queue_worker[1] wq: rx from master: put file-0-25930e3036f13852cb0b29694bbab611-nt/nt.44.nsi 764650 0644 1
2019/11/25 18:07:01.64 #|1574705221.641757342|00#| work_queue_worker[1] wq: Putting file file-0-25930e3036f13852cb0b29694bbab611-nt/nt.44.nsi into workspace
2019/11/25 18:07:01.64 #|1574705221.642959180|00#| work_queue_worker[1] wq: rx from master: put file-0-25930e3036f13852cb0b29694bbab611-nt/nt.44.nsd 33299557 0644 1
2019/11/25 18:07:01.64 #|1574705221.642986917|00#| work_queue_worker[1] wq: Putting file file-0-25930e3036f13852cb0b29694bbab611-nt/nt.44.nsd into workspace
2019/11/25 18:07:01.68 #|1574705221.689333947|00#| work_queue_worker[1] wq: rx from master: put file-0-bd98410c4ed2bfaa95819f1849189081-test.fasta.18 10120 0644 1
2019/11/25 18:07:01.68 #|1574705221.689375329|00#| work_queue_worker[1] wq: Putting file file-0-bd98410c4ed2bfaa95819f1849189081-test.fasta.18 into workspace
2019/11/25 18:07:01.68 #|1574705221.689474940|00#| work_queue_worker[1] wq: rx from master: put file-0-daa9c57850b857b80eefebbca6aa18ce-blastall 7687410 0755 1
2019/11/25 18:07:01.68 #|1574705221.689496334|00#| work_queue_worker[1] wq: Putting file file-0-daa9c57850b857b80eefebbca6aa18ce-blastall into workspace
2019/11/25 18:07:01.69 #|1574705221.697643389|00#| work_queue_worker[1] wq: rx from master: task 2
2019/11/25 18:07:01.69 #|1574705221.697679713|00#| work_queue_worker[1] wq: rx from master: cmd 88
2019/11/25 18:07:01.69 #|1574705221.697696394|00#| work_queue_worker[1] wq: rx from master: ./blastall -p blastn -d nt/nt -i test.fasta.18 -o test.fasta.18.out 2> test.fasta.18.err
2019/11/25 18:07:01.69 #|1574705221.697705424|00#| work_queue_worker[1] wq: rx from master: category default
2019/11/25 18:07:01.69 #|1574705221.697715467|00#| work_queue_worker[1] wq: rx from master: cores 7
2019/11/25 18:07:01.69 #|1574705221.697725463|00#| work_queue_worker[1] wq: rx from master: memory 11908
2019/11/25 18:07:01.69 #|1574705221.697735196|00#| work_queue_worker[1] wq: rx from master: disk 2524
2019/11/25 18:07:01.69 #|1574705221.697744687|00#| work_queue_worker[1] wq: rx from master: gpus 0
2019/11/25 18:07:01.69 #|1574705221.697754717|00#| work_queue_worker[1] wq: rx from master: end_time 18446744073709551615
2019/11/25 18:07:01.69 #|1574705221.697765678|00#| work_queue_worker[1] wq: rx from master: wall_time 18446744073709551615
2019/11/25 18:07:01.69 #|1574705221.697775546|00#| work_queue_worker[1] wq: rx from master: env 7
2019/11/25 18:07:01.69 #|1574705221.697788294|00#| work_queue_worker[1] wq: rx from master: env 17
2019/11/25 18:07:01.69 #|1574705221.697800209|00#| work_queue_worker[1] wq: rx from master: infile file-0-25930e3036f13852cb0b29694bbab611-nt nt 1
2019/11/25 18:07:01.69 #|1574705221.697828301|00#| work_queue_worker[1] wq: rx from master: infile file-0-bd98410c4ed2bfaa95819f1849189081-test.fasta.18 test.fasta.18 1
2019/11/25 18:07:01.69 #|1574705221.697847529|00#| work_queue_worker[1] wq: rx from master: infile file-0-daa9c57850b857b80eefebbca6aa18ce-blastall blastall 1
2019/11/25 18:07:01.69 #|1574705221.697864831|00#| work_queue_worker[1] wq: rx from master: outfile file-0-b3ca854c26233484c838ab6d3298229c-test.fasta.18.err test.fasta.18.err 1
2019/11/25 18:07:01.69 #|1574705221.697883274|00#| work_queue_worker[1] wq: rx from master: outfile file-0-c688af492b061abef62bf46ec43b64b2-test.fasta.18.out test.fasta.18.out 1
2019/11/25 18:07:01.69 #|1574705221.697901280|00#| work_queue_worker[1] wq: rx from master: end
2019/11/25 18:07:01.69 #|1574705221.698038097|00#| work_queue_worker[1] wq: linking cache/file-0-25930e3036f13852cb0b29694bbab611-nt to /tmp/worker-0-1/t.2/nt
2019/11/25 18:07:01.69 #|1574705221.698272748|00#| work_queue_worker[1] wq: linking cache/file-0-bd98410c4ed2bfaa95819f1849189081-test.fasta.18 to /tmp/worker-0-1/t.2/test.fasta.18
2019/11/25 18:07:01.69 #|1574705221.698308032|00#| work_queue_worker[1] wq: linking cache/file-0-daa9c57850b857b80eefebbca6aa18ce-blastall to /tmp/worker-0-1/t.2/blastall
2019/11/25 18:07:01.69 #|1574705221.698338046|00#| work_queue_worker[1] wq: Waiting task 2 has been forsaken.
2019/11/25 18:07:01.69 #|1574705221.698349236|00#| work_queue_worker[1] wq: tx to master: alive
2019/11/25 18:07:01.69 #|1574705221.698427785|00#| work_queue_worker[1] wq: Sending resource description to master:
2019/11/25 18:07:01.69 #|1574705221.698441474|00#| work_queue_worker[1] wq:  workers      0 inuse      1 total      1 smallest      1 largest
2019/11/25 18:07:01.69 #|1574705221.698492064|00#| work_queue_worker[1] wq:     disk   1245 inuse   1279 total   1279 smallest   1279 largest
2019/11/25 18:07:01.69 #|1574705221.698568395|00#| work_queue_worker[1] wq:   memory      0 inuse  11908 total  11908 smallest  11908 largest
2019/11/25 18:07:01.69 #|1574705221.698621436|00#| work_queue_worker[1] wq:     gpus      0 inuse      0 total      0 smallest      0 largest
2019/11/25 18:07:01.69 #|1574705221.698671708|00#| work_queue_worker[1] wq:    cores      0 inuse      7 total      7 smallest      7 largest
2019/11/25 18:07:01.69 #|1574705221.698739979|00#| work_queue_worker[1] wq: tx to master: info end_of_resource_update 0
2019/11/25 18:07:01.69 #|1574705221.698795000|00#| work_queue_worker[1] wq: tx to master: info tasks_running 0
2019/11/25 18:07:01.69 #|1574705221.698846360|00#| work_queue_worker[1] wq: tx to master: info tasks_running 0
2019/11/25 18:07:01.69 #|1574705221.698896678|00#| work_queue_worker[1] wq: tx to master: available_results
2019/11/25 18:07:01.70 #|1574705221.700792657|00#| work_queue_worker[1] wq: rx from master: send_results -1
2019/11/25 18:07:01.70 #|1574705221.700832863|00#| work_queue_worker[1] wq: tx to master: result 40 0 0 0 2
2019/11/25 18:07:01.70 #|1574705221.700909888|00#| work_queue_worker[1] wq: tx to master: info tasks_running 0
2019/11/25 18:07:01.70 #|1574705221.700965577|00#| work_queue_worker[1] wq: tx to master: end
2019/11/25 18:07:01.70 #|1574705221.701381577|00#| work_queue_worker[1] wq: rx from master: put file-0-e12986ebc464dac7f0b0058f77809607-test.fasta.17 10120 0644 1
2019/11/25 18:07:01.70 #|1574705221.701421578|00#| work_queue_worker[1] wq: Putting file file-0-e12986ebc464dac7f0b0058f77809607-test.fasta.17 into workspace
2019/11/25 18:07:01.70 #|1574705221.701554817|00#| work_queue_worker[1] wq: rx from master: task 3
2019/11/25 18:07:01.70 #|1574705221.701602615|00#| work_queue_worker[1] wq: rx from master: cmd 88
2019/11/25 18:07:01.70 #|1574705221.701618113|00#| work_queue_worker[1] wq: rx from master: ./blastall -p blastn -d nt/nt -i test.fasta.17 -o test.fasta.17.out 2> test.fasta.17.err
2019/11/25 18:07:01.70 #|1574705221.701626978|00#| work_queue_worker[1] wq: rx from master: category default
2019/11/25 18:07:01.70 #|1574705221.701660857|00#| work_queue_worker[1] wq: rx from master: cores 7
2019/11/25 18:07:01.70 #|1574705221.701674645|00#| work_queue_worker[1] wq: rx from master: memory 11908
2019/11/25 18:07:01.70 #|1574705221.701686548|00#| work_queue_worker[1] wq: rx from master: disk 1279
2019/11/25 18:07:01.70 #|1574705221.701775609|00#| work_queue_worker[1] wq: rx from master: gpus 0
2019/11/25 18:07:01.70 #|1574705221.701830372|00#| work_queue_worker[1] wq: rx from master: end_time 18446744073709551615
2019/11/25 18:07:01.70 #|1574705221.701848681|00#| work_queue_worker[1] wq: rx from master: wall_time 18446744073709551615
2019/11/25 18:07:01.70 #|1574705221.701865498|00#| work_queue_worker[1] wq: rx from master: env 7
2019/11/25 18:07:01.70 #|1574705221.701953111|00#| work_queue_worker[1] wq: rx from master: env 17
2019/11/25 18:07:01.70 #|1574705221.701982457|00#| work_queue_worker[1] wq: rx from master: infile file-0-25930e3036f13852cb0b29694bbab611-nt nt 1
2019/11/25 18:07:01.70 #|1574705221.702039652|00#| work_queue_worker[1] wq: rx from master: infile file-0-e12986ebc464dac7f0b0058f77809607-test.fasta.17 test.fasta.17 1
2019/11/25 18:07:01.70 #|1574705221.702065901|00#| work_queue_worker[1] wq: rx from master: infile file-0-daa9c57850b857b80eefebbca6aa18ce-blastall blastall 1
2019/11/25 18:07:01.70 #|1574705221.702107436|00#| work_queue_worker[1] wq: rx from master: outfile file-0-a129512727b8611dd481b510083b1e5a-test.fasta.17.err test.fasta.17.err 1
2019/11/25 18:07:01.70 #|1574705221.702133163|00#| work_queue_worker[1] wq: rx from master: outfile file-0-31cc3d9edc6c94c4f306d137aed5bbf6-test.fasta.17.out test.fasta.17.out 1
2019/11/25 18:07:01.70 #|1574705221.702183347|00#| work_queue_worker[1] wq: rx from master: end
2019/11/25 18:07:01.70 #|1574705221.702288310|00#| work_queue_worker[1] wq: linking cache/file-0-25930e3036f13852cb0b29694bbab611-nt to /tmp/worker-0-1/t.3/nt
2019/11/25 18:07:01.70 #|1574705221.702497235|00#| work_queue_worker[1] wq: linking cache/file-0-e12986ebc464dac7f0b0058f77809607-test.fasta.17 to /tmp/worker-0-1/t.3/test.fasta.17
2019/11/25 18:07:01.70 #|1574705221.702554525|00#| work_queue_worker[1] wq: linking cache/file-0-daa9c57850b857b80eefebbca6aa18ce-blastall to /tmp/worker-0-1/t.3/blastall
2019/11/25 18:07:01.70 #|1574705221.702746547|00#| work_queue_worker[1] wq: started process 9: ./blastall -p blastn -d nt/nt -i test.fasta.17 -o test.fasta.17.out 2> test.fasta.17.err
2019/11/25 18:07:01.70 #|1574705221.702781064|00#| work_queue_worker[1] wq: tx to master: info tasks_running 1
2019/11/25 18:07:17.30 #|1574705237.304022640|00#| work_queue_worker[1] wq: task 3 (pid 9) exited normally with exit code 0
2019/11/25 18:07:17.30 #|1574705237.304065556|00#| work_queue_worker[1] wq: moving output file from /tmp/worker-0-1/t.3/test.fasta.17.err to cache/file-0-a129512727b8611dd481b510083b1e5a-test.fasta.17.err
2019/11/25 18:07:17.30 #|1574705237.304141104|00#| work_queue_worker[1] wq: moving output file from /tmp/worker-0-1/t.3/test.fasta.17.out to cache/file-0-31cc3d9edc6c94c4f306d137aed5bbf6-test.fasta.17.out
2019/11/25 18:07:17.30 #|1574705237.304186692|00#| work_queue_worker[1] wq: tx to master: available_results
2019/11/25 18:07:17.30 #|1574705237.304589545|00#| work_queue_worker[1] wq: rx from master: send_results -1
2019/11/25 18:07:17.30 #|1574705237.304635316|00#| work_queue_worker[1] wq: tx to master: result 0 0 0 15601446 3
2019/11/25 18:07:17.30 #|1574705237.304718528|00#| work_queue_worker[1] wq: tx to master: info tasks_running 0
2019/11/25 18:07:17.30 #|1574705237.304779663|00#| work_queue_worker[1] wq: tx to master: end
2019/11/25 18:07:17.30 #|1574705237.305256472|00#| work_queue_worker[1] wq: rx from master: get file-0-a129512727b8611dd481b510083b1e5a-test.fasta.17.err 1
2019/11/25 18:07:17.30 #|1574705237.305305082|00#| work_queue_worker[1] wq: tx to master: file file-0-a129512727b8611dd481b510083b1e5a-test.fasta.17.err 0
2019/11/25 18:07:17.30 #|1574705237.305390394|00#| work_queue_worker[1] wq: tx to master: end
2019/11/25 18:07:17.30 #|1574705237.305781160|00#| work_queue_worker[1] wq: rx from master: get file-0-31cc3d9edc6c94c4f306d137aed5bbf6-test.fasta.17.out 1
2019/11/25 18:07:17.30 #|1574705237.305823306|00#| work_queue_worker[1] wq: tx to master: file file-0-31cc3d9edc6c94c4f306d137aed5bbf6-test.fasta.17.out 142847
2019/11/25 18:07:17.30 #|1574705237.306322454|00#| work_queue_worker[1] wq: tx to master: end
2019/11/25 18:07:17.30 #|1574705237.306672774|00#| work_queue_worker[1] wq: rx from master: kill 3
2019/11/25 18:07:17.30 #|1574705237.307666259|00#| work_queue_worker[1] wq: rx from master: put file-0-0008645a00ac79d3f3bea1ddf871bace-test.fasta.15 10120 0644 1
2019/11/25 18:07:17.30 #|1574705237.307708695|00#| work_queue_worker[1] wq: Putting file file-0-0008645a00ac79d3f3bea1ddf871bace-test.fasta.15 into workspace
2019/11/25 18:07:17.30 #|1574705237.307863774|00#| work_queue_worker[1] wq: rx from master: task 5
2019/11/25 18:07:17.30 #|1574705237.307890563|00#| work_queue_worker[1] wq: rx from master: cmd 88
2019/11/25 18:07:17.30 #|1574705237.307908993|00#| work_queue_worker[1] wq: rx from master: ./blastall -p blastn -d nt/nt -i test.fasta.15 -o test.fasta.15.out 2> test.fasta.15.err
2019/11/25 18:07:17.30 #|1574705237.307967718|00#| work_queue_worker[1] wq: rx from master: category default
2019/11/25 18:07:17.30 #|1574705237.307988480|00#| work_queue_worker[1] wq: rx from master: cores 7
2019/11/25 18:07:17.30 #|1574705237.308037411|00#| work_queue_worker[1] wq: rx from master: memory 11908
2019/11/25 18:07:17.30 #|1574705237.308057267|00#| work_queue_worker[1] wq: rx from master: disk 1279
2019/11/25 18:07:17.30 #|1574705237.308075362|00#| work_queue_worker[1] wq: rx from master: gpus 0
2019/11/25 18:07:17.30 #|1574705237.308120718|00#| work_queue_worker[1] wq: rx from master: end_time 18446744073709551615
2019/11/25 18:07:17.30 #|1574705237.308144402|00#| work_queue_worker[1] wq: rx from master: wall_time 18446744073709551615
2019/11/25 18:07:17.30 #|1574705237.308321405|00#| work_queue_worker[1] wq: rx from master: env 7
2019/11/25 18:07:17.30 #|1574705237.308364949|00#| work_queue_worker[1] wq: rx from master: env 17
2019/11/25 18:07:17.30 #|1574705237.308427032|00#| work_queue_worker[1] wq: rx from master: infile file-0-25930e3036f13852cb0b29694bbab611-nt nt 1
2019/11/25 18:07:17.30 #|1574705237.308468068|00#| work_queue_worker[1] wq: rx from master: infile file-0-0008645a00ac79d3f3bea1ddf871bace-test.fasta.15 test.fasta.15 1
2019/11/25 18:07:17.30 #|1574705237.308534508|00#| work_queue_worker[1] wq: rx from master: infile file-0-daa9c57850b857b80eefebbca6aa18ce-blastall blastall 1
2019/11/25 18:07:17.30 #|1574705237.308568114|00#| work_queue_worker[1] wq: rx from master: outfile file-0-018f568daaa4c9813af138b9acc80300-test.fasta.15.err test.fasta.15.err 1
2019/11/25 18:07:17.30 #|1574705237.308597338|00#| work_queue_worker[1] wq: rx from master: outfile file-0-b230c590bc23b5b924df9e9d98a59cf3-test.fasta.15.out test.fasta.15.out 1
2019/11/25 18:07:17.30 #|1574705237.308627800|00#| work_queue_worker[1] wq: rx from master: end
2019/11/25 18:07:17.30 #|1574705237.308773527|00#| work_queue_worker[1] wq: linking cache/file-0-25930e3036f13852cb0b29694bbab611-nt to /tmp/worker-0-1/t.5/nt
2019/11/25 18:07:17.30 #|1574705237.309079521|00#| work_queue_worker[1] wq: linking cache/file-0-0008645a00ac79d3f3bea1ddf871bace-test.fasta.15 to /tmp/worker-0-1/t.5/test.fasta.15
2019/11/25 18:07:17.30 #|1574705237.309128659|00#| work_queue_worker[1] wq: linking cache/file-0-daa9c57850b857b80eefebbca6aa18ce-blastall to /tmp/worker-0-1/t.5/blastall
2019/11/25 18:07:17.30 #|1574705237.309356731|00#| work_queue_worker[1] wq: started process 11: ./blastall -p blastn -d nt/nt -i test.fasta.15 -o test.fasta.15.out 2> test.fasta.15.err
2019/11/25 18:07:17.30 #|1574705237.309402395|00#| work_queue_worker[1] wq: tx to master: info tasks_running 1
2019/11/25 18:07:30.71 #|1574705250.713322968|00#| work_queue_worker[1] wq: task 5 (pid 11) exited normally with exit code 0
2019/11/25 18:07:30.71 #|1574705250.713358319|00#| work_queue_worker[1] wq: moving output file from /tmp/worker-0-1/t.5/test.fasta.15.err to cache/file-0-018f568daaa4c9813af138b9acc80300-test.fasta.15.err
2019/11/25 18:07:30.71 #|1574705250.713427232|00#| work_queue_worker[1] wq: moving output file from /tmp/worker-0-1/t.5/test.fasta.15.out to cache/file-0-b230c590bc23b5b924df9e9d98a59cf3-test.fasta.15.out
2019/11/25 18:07:30.71 #|1574705250.713473127|00#| work_queue_worker[1] wq: tx to master: available_results
2019/11/25 18:07:30.71 #|1574705250.713839007|00#| work_queue_worker[1] wq: rx from master: send_results -1
2019/11/25 18:07:30.71 #|1574705250.713884213|00#| work_queue_worker[1] wq: tx to master: result 0 0 0 13404153 5
2019/11/25 18:07:30.71 #|1574705250.713957405|00#| work_queue_worker[1] wq: tx to master: info tasks_running 0
2019/11/25 18:07:30.71 #|1574705250.714015971|00#| work_queue_worker[1] wq: tx to master: end
2019/11/25 18:07:30.71 #|1574705250.714347222|00#| work_queue_worker[1] wq: rx from master: get file-0-018f568daaa4c9813af138b9acc80300-test.fasta.15.err 1
2019/11/25 18:07:30.71 #|1574705250.714394727|00#| work_queue_worker[1] wq: tx to master: file file-0-018f568daaa4c9813af138b9acc80300-test.fasta.15.err 0
2019/11/25 18:07:30.71 #|1574705250.714468800|00#| work_queue_worker[1] wq: tx to master: end
2019/11/25 18:07:30.71 #|1574705250.714880910|00#| work_queue_worker[1] wq: rx from master: get file-0-b230c590bc23b5b924df9e9d98a59cf3-test.fasta.15.out 1
2019/11/25 18:07:30.71 #|1574705250.714928566|00#| work_queue_worker[1] wq: tx to master: file file-0-b230c590bc23b5b924df9e9d98a59cf3-test.fasta.15.out 14251
2019/11/25 18:07:30.71 #|1574705250.715173155|00#| work_queue_worker[1] wq: tx to master: end
2019/11/25 18:07:30.71 #|1574705250.715384559|00#| work_queue_worker[1] wq: rx from master: kill 5
2019/11/25 18:07:30.71 #|1574705250.716118641|00#| work_queue_worker[1] wq: rx from master: put file-0-861f258aeedab7469eb02fd8febc6d36-test.fasta.13 10120 0644 1
2019/11/25 18:07:30.71 #|1574705250.716150352|00#| work_queue_worker[1] wq: Putting file file-0-861f258aeedab7469eb02fd8febc6d36-test.fasta.13 into workspace
2019/11/25 18:07:30.71 #|1574705250.716305315|00#| work_queue_worker[1] wq: rx from master: task 7
2019/11/25 18:07:30.71 #|1574705250.716326842|00#| work_queue_worker[1] wq: rx from master: cmd 88
2019/11/25 18:07:30.71 #|1574705250.716338835|00#| work_queue_worker[1] wq: rx from master: ./blastall -p blastn -d nt/nt -i test.fasta.13 -o test.fasta.13.out 2> test.fasta.13.err
2019/11/25 18:07:30.71 #|1574705250.716347796|00#| work_queue_worker[1] wq: rx from master: category default
2019/11/25 18:07:30.71 #|1574705250.716357186|00#| work_queue_worker[1] wq: rx from master: cores 7
2019/11/25 18:07:30.71 #|1574705250.716367232|00#| work_queue_worker[1] wq: rx from master: memory 11908
2019/11/25 18:07:30.71 #|1574705250.716377134|00#| work_queue_worker[1] wq: rx from master: disk 1279
2019/11/25 18:07:30.71 #|1574705250.716386807|00#| work_queue_worker[1] wq: rx from master: gpus 0
2019/11/25 18:07:30.71 #|1574705250.716396988|00#| work_queue_worker[1] wq: rx from master: end_time 18446744073709551615
2019/11/25 18:07:30.71 #|1574705250.716407946|00#| work_queue_worker[1] wq: rx from master: wall_time 18446744073709551615
2019/11/25 18:07:30.71 #|1574705250.716417874|00#| work_queue_worker[1] wq: rx from master: env 7
2019/11/25 18:07:30.71 #|1574705250.716455861|00#| work_queue_worker[1] wq: rx from master: env 17
2019/11/25 18:07:30.71 #|1574705250.716473525|00#| work_queue_worker[1] wq: rx from master: infile file-0-25930e3036f13852cb0b29694bbab611-nt nt 1
2019/11/25 18:07:30.71 #|1574705250.716498239|00#| work_queue_worker[1] wq: rx from master: infile file-0-861f258aeedab7469eb02fd8febc6d36-test.fasta.13 test.fasta.13 1
2019/11/25 18:07:30.71 #|1574705250.716517532|00#| work_queue_worker[1] wq: rx from master: infile file-0-daa9c57850b857b80eefebbca6aa18ce-blastall blastall 1
2019/11/25 18:07:30.71 #|1574705250.716563569|00#| work_queue_worker[1] wq: rx from master: outfile file-0-a1e084cfb47df79ee8a2d374c2d9abba-test.fasta.13.err test.fasta.13.err 1
2019/11/25 18:07:30.71 #|1574705250.716589316|00#| work_queue_worker[1] wq: rx from master: outfile file-0-dc058f4294b64abb0a149cc97b0d5b94-test.fasta.13.out test.fasta.13.out 1
2019/11/25 18:07:30.71 #|1574705250.716607851|00#| work_queue_worker[1] wq: rx from master: end
2019/11/25 18:07:30.71 #|1574705250.716714032|00#| work_queue_worker[1] wq: linking cache/file-0-25930e3036f13852cb0b29694bbab611-nt to /tmp/worker-0-1/t.7/nt
2019/11/25 18:07:30.71 #|1574705250.716975863|00#| work_queue_worker[1] wq: linking cache/file-0-861f258aeedab7469eb02fd8febc6d36-test.fasta.13 to /tmp/worker-0-1/t.7/test.fasta.13
2019/11/25 18:07:30.71 #|1574705250.717025762|00#| work_queue_worker[1] wq: linking cache/file-0-daa9c57850b857b80eefebbca6aa18ce-blastall to /tmp/worker-0-1/t.7/blastall
2019/11/25 18:07:30.71 #|1574705250.717245649|00#| work_queue_worker[1] wq: started process 13: ./blastall -p blastn -d nt/nt -i test.fasta.13 -o test.fasta.13.out 2> test.fasta.13.err
2019/11/25 18:07:30.71 #|1574705250.717292180|00#| work_queue_worker[1] wq: tx to master: info tasks_running 1
2019/11/25 18:07:44.20 #|1574705264.209727972|00#| work_queue_worker[1] wq: task 7 (pid 13) exited normally with exit code 0
2019/11/25 18:07:44.20 #|1574705264.209763210|00#| work_queue_worker[1] wq: moving output file from /tmp/worker-0-1/t.7/test.fasta.13.err to cache/file-0-a1e084cfb47df79ee8a2d374c2d9abba-test.fasta.13.err
2019/11/25 18:07:44.20 #|1574705264.209837105|00#| work_queue_worker[1] wq: moving output file from /tmp/worker-0-1/t.7/test.fasta.13.out to cache/file-0-dc058f4294b64abb0a149cc97b0d5b94-test.fasta.13.out
2019/11/25 18:07:44.20 #|1574705264.209882501|00#| work_queue_worker[1] wq: tx to master: available_results
2019/11/25 18:07:44.21 #|1574705264.210203892|00#| work_queue_worker[1] wq: rx from master: send_results -1
2019/11/25 18:07:44.21 #|1574705264.210246703|00#| work_queue_worker[1] wq: tx to master: result 0 0 0 13492667 7
2019/11/25 18:07:44.21 #|1574705264.210322701|00#| work_queue_worker[1] wq: tx to master: info tasks_running 0
2019/11/25 18:07:44.21 #|1574705264.210400000|00#| work_queue_worker[1] wq: tx to master: end
2019/11/25 18:07:44.21 #|1574705264.210811381|00#| work_queue_worker[1] wq: rx from master: get file-0-a1e084cfb47df79ee8a2d374c2d9abba-test.fasta.13.err 1
2019/11/25 18:07:44.21 #|1574705264.210860509|00#| work_queue_worker[1] wq: tx to master: file file-0-a1e084cfb47df79ee8a2d374c2d9abba-test.fasta.13.err 0
2019/11/25 18:07:44.21 #|1574705264.210945594|00#| work_queue_worker[1] wq: tx to master: end
2019/11/25 18:07:44.21 #|1574705264.211389193|00#| work_queue_worker[1] wq: rx from master: get file-0-dc058f4294b64abb0a149cc97b0d5b94-test.fasta.13.out 1
2019/11/25 18:07:44.21 #|1574705264.211434524|00#| work_queue_worker[1] wq: tx to master: file file-0-dc058f4294b64abb0a149cc97b0d5b94-test.fasta.13.out 23659
2019/11/25 18:07:44.21 #|1574705264.211733003|00#| work_queue_worker[1] wq: tx to master: end
2019/11/25 18:07:44.21 #|1574705264.212005721|00#| work_queue_worker[1] wq: rx from master: kill 7
2019/11/25 18:07:44.21 #|1574705264.212962375|00#| work_queue_worker[1] wq: rx from master: put file-0-396e442289ce14a42a6f16a9e7d1098a-test.fasta.10 10120 0644 1
2019/11/25 18:07:44.21 #|1574705264.213004646|00#| work_queue_worker[1] wq: Putting file file-0-396e442289ce14a42a6f16a9e7d1098a-test.fasta.10 into workspace
2019/11/25 18:07:44.21 #|1574705264.213160448|00#| work_queue_worker[1] wq: rx from master: task 10
2019/11/25 18:07:44.21 #|1574705264.213187312|00#| work_queue_worker[1] wq: rx from master: cmd 88
2019/11/25 18:07:44.21 #|1574705264.213204741|00#| work_queue_worker[1] wq: rx from master: ./blastall -p blastn -d nt/nt -i test.fasta.10 -o test.fasta.10.out 2> test.fasta.10.err
2019/11/25 18:07:44.21 #|1574705264.213262574|00#| work_queue_worker[1] wq: rx from master: category default
2019/11/25 18:07:44.21 #|1574705264.213282703|00#| work_queue_worker[1] wq: rx from master: cores 7
2019/11/25 18:07:44.21 #|1574705264.213330712|00#| work_queue_worker[1] wq: rx from master: memory 11908
2019/11/25 18:07:44.21 #|1574705264.213350123|00#| work_queue_worker[1] wq: rx from master: disk 1279
2019/11/25 18:07:44.21 #|1574705264.213367623|00#| work_queue_worker[1] wq: rx from master: gpus 0
2019/11/25 18:07:44.21 #|1574705264.213412799|00#| work_queue_worker[1] wq: rx from master: end_time 18446744073709551615
2019/11/25 18:07:44.21 #|1574705264.213436495|00#| work_queue_worker[1] wq: rx from master: wall_time 18446744073709551615
2019/11/25 18:07:44.21 #|1574705264.213543889|00#| work_queue_worker[1] wq: rx from master: env 7
2019/11/25 18:07:44.21 #|1574705264.213573975|00#| work_queue_worker[1] wq: rx from master: env 17
2019/11/25 18:07:44.21 #|1574705264.213632223|00#| work_queue_worker[1] wq: rx from master: infile file-0-25930e3036f13852cb0b29694bbab611-nt nt 1
2019/11/25 18:07:44.21 #|1574705264.213676454|00#| work_queue_worker[1] wq: rx from master: infile file-0-396e442289ce14a42a6f16a9e7d1098a-test.fasta.10 test.fasta.10 1
2019/11/25 18:07:44.21 #|1574705264.213743172|00#| work_queue_worker[1] wq: rx from master: infile file-0-daa9c57850b857b80eefebbca6aa18ce-blastall blastall 1
2019/11/25 18:07:44.21 #|1574705264.213779393|00#| work_queue_worker[1] wq: rx from master: outfile file-0-400c24b98082241c2985bbd9995eb1ac-test.fasta.10.err test.fasta.10.err 1
2019/11/25 18:07:44.21 #|1574705264.213839599|00#| work_queue_worker[1] wq: rx from master: outfile file-0-64d383240390d4f9cc137c625132db75-test.fasta.10.out test.fasta.10.out 1
2019/11/25 18:07:44.21 #|1574705264.213876215|00#| work_queue_worker[1] wq: rx from master: end
2019/11/25 18:07:44.21 #|1574705264.214022737|00#| work_queue_worker[1] wq: linking cache/file-0-25930e3036f13852cb0b29694bbab611-nt to /tmp/worker-0-1/t.10/nt
2019/11/25 18:07:44.21 #|1574705264.214336606|00#| work_queue_worker[1] wq: linking cache/file-0-396e442289ce14a42a6f16a9e7d1098a-test.fasta.10 to /tmp/worker-0-1/t.10/test.fasta.10
2019/11/25 18:07:44.21 #|1574705264.214386184|00#| work_queue_worker[1] wq: linking cache/file-0-daa9c57850b857b80eefebbca6aa18ce-blastall to /tmp/worker-0-1/t.10/blastall
2019/11/25 18:07:44.21 #|1574705264.214635203|00#| work_queue_worker[1] wq: started process 15: ./blastall -p blastn -d nt/nt -i test.fasta.10 -o test.fasta.10.out 2> test.fasta.10.err
2019/11/25 18:07:44.21 #|1574705264.214683284|00#| work_queue_worker[1] wq: tx to master: info tasks_running 1
2019/11/25 18:07:59.31 #|1574705279.314305455|00#| work_queue_worker[1] wq: task 10 (pid 15) exited normally with exit code 0
2019/11/25 18:07:59.31 #|1574705279.314347485|00#| work_queue_worker[1] wq: moving output file from /tmp/worker-0-1/t.10/test.fasta.10.err to cache/file-0-400c24b98082241c2985bbd9995eb1ac-test.fasta.10.err
2019/11/25 18:07:59.31 #|1574705279.314420751|00#| work_queue_worker[1] wq: moving output file from /tmp/worker-0-1/t.10/test.fasta.10.out to cache/file-0-64d383240390d4f9cc137c625132db75-test.fasta.10.out
2019/11/25 18:07:59.31 #|1574705279.314464269|00#| work_queue_worker[1] wq: tx to master: available_results
2019/11/25 18:07:59.31 #|1574705279.314877387|00#| work_queue_worker[1] wq: rx from master: send_results -1
2019/11/25 18:07:59.31 #|1574705279.314925891|00#| work_queue_worker[1] wq: tx to master: result 0 0 0 15099875 10
2019/11/25 18:07:59.31 #|1574705279.315011076|00#| work_queue_worker[1] wq: tx to master: info tasks_running 0
2019/11/25 18:07:59.31 #|1574705279.315071258|00#| work_queue_worker[1] wq: tx to master: end
2019/11/25 18:07:59.31 #|1574705279.315558241|00#| work_queue_worker[1] wq: rx from master: get file-0-400c24b98082241c2985bbd9995eb1ac-test.fasta.10.err 1
2019/11/25 18:07:59.31 #|1574705279.315607127|00#| work_queue_worker[1] wq: tx to master: file file-0-400c24b98082241c2985bbd9995eb1ac-test.fasta.10.err 0
2019/11/25 18:07:59.31 #|1574705279.315693708|00#| work_queue_worker[1] wq: tx to master: end
2019/11/25 18:07:59.31 #|1574705279.316140050|00#| work_queue_worker[1] wq: rx from master: get file-0-64d383240390d4f9cc137c625132db75-test.fasta.10.out 1
2019/11/25 18:07:59.31 #|1574705279.316183384|00#| work_queue_worker[1] wq: tx to master: file file-0-64d383240390d4f9cc137c625132db75-test.fasta.10.out 102868
2019/11/25 18:07:59.31 #|1574705279.316614111|00#| work_queue_worker[1] wq: tx to master: end
2019/11/25 18:07:59.31 #|1574705279.316934920|00#| work_queue_worker[1] wq: rx from master: kill 10
2019/11/25 18:07:59.31 #|1574705279.317853084|00#| work_queue_worker[1] wq: rx from master: put file-0-3410183026126208c01eade572fb5bdf-test.fasta.8 10110 0644 1
2019/11/25 18:07:59.31 #|1574705279.317892624|00#| work_queue_worker[1] wq: Putting file file-0-3410183026126208c01eade572fb5bdf-test.fasta.8 into workspace
2019/11/25 18:07:59.31 #|1574705279.318043742|00#| work_queue_worker[1] wq: rx from master: task 12
2019/11/25 18:07:59.31 #|1574705279.318069050|00#| work_queue_worker[1] wq: rx from master: cmd 85
2019/11/25 18:07:59.31 #|1574705279.318086141|00#| work_queue_worker[1] wq: rx from master: ./blastall -p blastn -d nt/nt -i test.fasta.8 -o test.fasta.8.out 2> test.fasta.8.err
2019/11/25 18:07:59.31 #|1574705279.318140473|00#| work_queue_worker[1] wq: rx from master: category default
2019/11/25 18:07:59.31 #|1574705279.318159900|00#| work_queue_worker[1] wq: rx from master: cores 7
2019/11/25 18:07:59.31 #|1574705279.318174694|00#| work_queue_worker[1] wq: rx from master: memory 11908
2019/11/25 18:07:59.31 #|1574705279.318220560|00#| work_queue_worker[1] wq: rx from master: disk 1279
2019/11/25 18:07:59.31 #|1574705279.318239393|00#| work_queue_worker[1] wq: rx from master: gpus 0
2019/11/25 18:07:59.31 #|1574705279.318256567|00#| work_queue_worker[1] wq: rx from master: end_time 18446744073709551615
2019/11/25 18:07:59.31 #|1574705279.318300175|00#| work_queue_worker[1] wq: rx from master: wall_time 18446744073709551615
2019/11/25 18:07:59.31 #|1574705279.318321423|00#| work_queue_worker[1] wq: rx from master: env 7
2019/11/25 18:07:59.31 #|1574705279.318425427|00#| work_queue_worker[1] wq: rx from master: env 17
2019/11/25 18:07:59.31 #|1574705279.318456561|00#| work_queue_worker[1] wq: rx from master: infile file-0-25930e3036f13852cb0b29694bbab611-nt nt 1
2019/11/25 18:07:59.31 #|1574705279.318557324|00#| work_queue_worker[1] wq: rx from master: infile file-0-3410183026126208c01eade572fb5bdf-test.fasta.8 test.fasta.8 1
2019/11/25 18:07:59.31 #|1574705279.318595995|00#| work_queue_worker[1] wq: rx from master: infile file-0-daa9c57850b857b80eefebbca6aa18ce-blastall blastall 1
2019/11/25 18:07:59.31 #|1574705279.318760400|00#| work_queue_worker[1] wq: rx from master: outfile file-0-377034d337ce566c4f64a77efabc1f23-test.fasta.8.err test.fasta.8.err 1
2019/11/25 18:07:59.31 #|1574705279.318845856|00#| work_queue_worker[1] wq: rx from master: outfile file-0-599ca89112d700f3c1cc921c2abd9aaa-test.fasta.8.out test.fasta.8.out 1
2019/11/25 18:07:59.31 #|1574705279.318880215|00#| work_queue_worker[1] wq: rx from master: end
2019/11/25 18:07:59.31 #|1574705279.319016732|00#| work_queue_worker[1] wq: linking cache/file-0-25930e3036f13852cb0b29694bbab611-nt to /tmp/worker-0-1/t.12/nt
2019/11/25 18:07:59.31 #|1574705279.319303938|00#| work_queue_worker[1] wq: linking cache/file-0-3410183026126208c01eade572fb5bdf-test.fasta.8 to /tmp/worker-0-1/t.12/test.fasta.8
2019/11/25 18:07:59.31 #|1574705279.319349986|00#| work_queue_worker[1] wq: linking cache/file-0-daa9c57850b857b80eefebbca6aa18ce-blastall to /tmp/worker-0-1/t.12/blastall
2019/11/25 18:07:59.31 #|1574705279.319569490|00#| work_queue_worker[1] wq: started process 17: ./blastall -p blastn -d nt/nt -i test.fasta.8 -o test.fasta.8.out 2> test.fasta.8.err
2019/11/25 18:07:59.31 #|1574705279.319614255|00#| work_queue_worker[1] wq: tx to master: info tasks_running 1
2019/11/25 18:08:12.20 #|1574705292.203539151|00#| work_queue_worker[1] wq: task 12 (pid 17) exited normally with exit code 0
2019/11/25 18:08:12.20 #|1574705292.203579655|00#| work_queue_worker[1] wq: moving output file from /tmp/worker-0-1/t.12/test.fasta.8.err to cache/file-0-377034d337ce566c4f64a77efabc1f23-test.fasta.8.err
2019/11/25 18:08:12.20 #|1574705292.203650020|00#| work_queue_worker[1] wq: moving output file from /tmp/worker-0-1/t.12/test.fasta.8.out to cache/file-0-599ca89112d700f3c1cc921c2abd9aaa-test.fasta.8.out
2019/11/25 18:08:12.20 #|1574705292.203695771|00#| work_queue_worker[1] wq: tx to master: available_results
2019/11/25 18:08:12.20 #|1574705292.204096674|00#| work_queue_worker[1] wq: rx from master: send_results -1
2019/11/25 18:08:12.20 #|1574705292.204141560|00#| work_queue_worker[1] wq: tx to master: result 0 0 0 12884160 12
2019/11/25 18:08:12.20 #|1574705292.204224147|00#| work_queue_worker[1] wq: tx to master: info tasks_running 0
2019/11/25 18:08:12.20 #|1574705292.204286250|00#| work_queue_worker[1] wq: tx to master: end
2019/11/25 18:08:12.20 #|1574705292.204758323|00#| work_queue_worker[1] wq: rx from master: get file-0-377034d337ce566c4f64a77efabc1f23-test.fasta.8.err 1
2019/11/25 18:08:12.20 #|1574705292.204806571|00#| work_queue_worker[1] wq: tx to master: file file-0-377034d337ce566c4f64a77efabc1f23-test.fasta.8.err 0
2019/11/25 18:08:12.20 #|1574705292.204891063|00#| work_queue_worker[1] wq: tx to master: end
2019/11/25 18:08:12.20 #|1574705292.205318631|00#| work_queue_worker[1] wq: rx from master: get file-0-599ca89112d700f3c1cc921c2abd9aaa-test.fasta.8.out 1
2019/11/25 18:08:12.20 #|1574705292.205364102|00#| work_queue_worker[1] wq: tx to master: file file-0-599ca89112d700f3c1cc921c2abd9aaa-test.fasta.8.out 20887
2019/11/25 18:08:12.20 #|1574705292.205597863|00#| work_queue_worker[1] wq: tx to master: end
2019/11/25 18:08:12.20 #|1574705292.205815113|00#| work_queue_worker[1] wq: rx from master: kill 12
2019/11/25 18:08:12.20 #|1574705292.206715672|00#| work_queue_worker[1] wq: rx from master: put file-0-fc9a4f7caa888a46e12e2e1209ae754c-test.fasta.5 10110 0644 1
2019/11/25 18:08:12.20 #|1574705292.206756796|00#| work_queue_worker[1] wq: Putting file file-0-fc9a4f7caa888a46e12e2e1209ae754c-test.fasta.5 into workspace
2019/11/25 18:08:12.20 #|1574705292.206899813|00#| work_queue_worker[1] wq: rx from master: task 15
2019/11/25 18:08:12.20 #|1574705292.206925296|00#| work_queue_worker[1] wq: rx from master: cmd 85
2019/11/25 18:08:12.20 #|1574705292.206949119|00#| work_queue_worker[1] wq: rx from master: ./blastall -p blastn -d nt/nt -i test.fasta.5 -o test.fasta.5.out 2> test.fasta.5.err
2019/11/25 18:08:12.20 #|1574705292.206999065|00#| work_queue_worker[1] wq: rx from master: category default
2019/11/25 18:08:12.20 #|1574705292.207017411|00#| work_queue_worker[1] wq: rx from master: cores 7
2019/11/25 18:08:12.20 #|1574705292.207031700|00#| work_queue_worker[1] wq: rx from master: memory 11908
2019/11/25 18:08:12.20 #|1574705292.207047812|00#| work_queue_worker[1] wq: rx from master: disk 1279
2019/11/25 18:08:12.20 #|1574705292.207090322|00#| work_queue_worker[1] wq: rx from master: gpus 0
2019/11/25 18:08:12.20 #|1574705292.207111272|00#| work_queue_worker[1] wq: rx from master: end_time 18446744073709551615
2019/11/25 18:08:12.20 #|1574705292.207267217|00#| work_queue_worker[1] wq: rx from master: wall_time 18446744073709551615
2019/11/25 18:08:12.20 #|1574705292.207332280|00#| work_queue_worker[1] wq: rx from master: env 7
2019/11/25 18:08:12.20 #|1574705292.207356303|00#| work_queue_worker[1] wq: rx from master: env 17
2019/11/25 18:08:12.20 #|1574705292.207376962|00#| work_queue_worker[1] wq: rx from master: infile file-0-25930e3036f13852cb0b29694bbab611-nt nt 1
2019/11/25 18:08:12.20 #|1574705292.207448634|00#| work_queue_worker[1] wq: rx from master: infile file-0-fc9a4f7caa888a46e12e2e1209ae754c-test.fasta.5 test.fasta.5 1
2019/11/25 18:08:12.20 #|1574705292.207513703|00#| work_queue_worker[1] wq: rx from master: infile file-0-daa9c57850b857b80eefebbca6aa18ce-blastall blastall 1
2019/11/25 18:08:12.20 #|1574705292.207544960|00#| work_queue_worker[1] wq: rx from master: outfile file-0-a828eb0064de4217d91adefe024593ea-test.fasta.5.err test.fasta.5.err 1
2019/11/25 18:08:12.20 #|1574705292.207606274|00#| work_queue_worker[1] wq: rx from master: outfile file-0-fbd2f53190114c61134d5302430022bd-test.fasta.5.out test.fasta.5.out 1
2019/11/25 18:08:12.20 #|1574705292.207639059|00#| work_queue_worker[1] wq: rx from master: end
2019/11/25 18:08:12.20 #|1574705292.207780370|00#| work_queue_worker[1] wq: linking cache/file-0-25930e3036f13852cb0b29694bbab611-nt to /tmp/worker-0-1/t.15/nt
2019/11/25 18:08:12.20 #|1574705292.208069342|00#| work_queue_worker[1] wq: linking cache/file-0-fc9a4f7caa888a46e12e2e1209ae754c-test.fasta.5 to /tmp/worker-0-1/t.15/test.fasta.5
2019/11/25 18:08:12.20 #|1574705292.208115714|00#| work_queue_worker[1] wq: linking cache/file-0-daa9c57850b857b80eefebbca6aa18ce-blastall to /tmp/worker-0-1/t.15/blastall
2019/11/25 18:08:12.20 #|1574705292.208328545|00#| work_queue_worker[1] wq: started process 19: ./blastall -p blastn -d nt/nt -i test.fasta.5 -o test.fasta.5.out 2> test.fasta.5.err
2019/11/25 18:08:12.20 #|1574705292.208368885|00#| work_queue_worker[1] wq: tx to master: info tasks_running 1
2019/11/25 18:08:25.74 #|1574705305.743481418|00#| work_queue_worker[1] wq: task 15 (pid 19) exited normally with exit code 0
2019/11/25 18:08:25.74 #|1574705305.743520119|00#| work_queue_worker[1] wq: moving output file from /tmp/worker-0-1/t.15/test.fasta.5.err to cache/file-0-a828eb0064de4217d91adefe024593ea-test.fasta.5.err
2019/11/25 18:08:25.74 #|1574705305.743590521|00#| work_queue_worker[1] wq: moving output file from /tmp/worker-0-1/t.15/test.fasta.5.out to cache/file-0-fbd2f53190114c61134d5302430022bd-test.fasta.5.out
2019/11/25 18:08:25.74 #|1574705305.743637850|00#| work_queue_worker[1] wq: tx to master: available_results
2019/11/25 18:08:25.74 #|1574705305.744031483|00#| work_queue_worker[1] wq: rx from master: send_results -1
2019/11/25 18:08:25.74 #|1574705305.744076512|00#| work_queue_worker[1] wq: tx to master: result 0 0 0 13535333 15
2019/11/25 18:08:25.74 #|1574705305.744159154|00#| work_queue_worker[1] wq: tx to master: info tasks_running 0
2019/11/25 18:08:25.74 #|1574705305.744221189|00#| work_queue_worker[1] wq: tx to master: end
2019/11/25 18:08:25.74 #|1574705305.744678510|00#| work_queue_worker[1] wq: rx from master: get file-0-a828eb0064de4217d91adefe024593ea-test.fasta.5.err 1
2019/11/25 18:08:25.74 #|1574705305.744738751|00#| work_queue_worker[1] wq: tx to master: file file-0-a828eb0064de4217d91adefe024593ea-test.fasta.5.err 0
2019/11/25 18:08:25.74 #|1574705305.744823538|00#| work_queue_worker[1] wq: tx to master: end
2019/11/25 18:08:25.74 #|1574705305.745233613|00#| work_queue_worker[1] wq: rx from master: get file-0-fbd2f53190114c61134d5302430022bd-test.fasta.5.out 1
2019/11/25 18:08:25.74 #|1574705305.745279014|00#| work_queue_worker[1] wq: tx to master: file file-0-fbd2f53190114c61134d5302430022bd-test.fasta.5.out 26060
2019/11/25 18:08:25.74 #|1574705305.745552542|00#| work_queue_worker[1] wq: tx to master: end
2019/11/25 18:08:25.74 #|1574705305.745787753|00#| work_queue_worker[1] wq: rx from master: kill 15
2019/11/25 18:08:25.74 #|1574705305.746824077|00#| work_queue_worker[1] wq: rx from master: put file-0-f7c60c99710a0f95199d7cf4150bb754-test.fasta.3 10110 0644 1
2019/11/25 18:08:25.74 #|1574705305.746867973|00#| work_queue_worker[1] wq: Putting file file-0-f7c60c99710a0f95199d7cf4150bb754-test.fasta.3 into workspace
2019/11/25 18:08:25.74 #|1574705305.747024175|00#| work_queue_worker[1] wq: rx from master: task 17
2019/11/25 18:08:25.74 #|1574705305.747051814|00#| work_queue_worker[1] wq: rx from master: cmd 85
2019/11/25 18:08:25.74 #|1574705305.747069741|00#| work_queue_worker[1] wq: rx from master: ./blastall -p blastn -d nt/nt -i test.fasta.3 -o test.fasta.3.out 2> test.fasta.3.err
2019/11/25 18:08:25.74 #|1574705305.747082793|00#| work_queue_worker[1] wq: rx from master: category default
2019/11/25 18:08:25.74 #|1574705305.747096825|00#| work_queue_worker[1] wq: rx from master: cores 7
2019/11/25 18:08:25.74 #|1574705305.747156597|00#| work_queue_worker[1] wq: rx from master: memory 11908
2019/11/25 18:08:25.74 #|1574705305.747177734|00#| work_queue_worker[1] wq: rx from master: disk 1279
2019/11/25 18:08:25.74 #|1574705305.747224538|00#| work_queue_worker[1] wq: rx from master: gpus 0
2019/11/25 18:08:25.74 #|1574705305.747244302|00#| work_queue_worker[1] wq: rx from master: end_time 18446744073709551615
2019/11/25 18:08:25.74 #|1574705305.747263724|00#| work_queue_worker[1] wq: rx from master: wall_time 18446744073709551615
2019/11/25 18:08:25.74 #|1574705305.747309197|00#| work_queue_worker[1] wq: rx from master: env 7
2019/11/25 18:08:25.74 #|1574705305.747334571|00#| work_queue_worker[1] wq: rx from master: env 17
2019/11/25 18:08:25.74 #|1574705305.747485138|00#| work_queue_worker[1] wq: rx from master: infile file-0-25930e3036f13852cb0b29694bbab611-nt nt 1
2019/11/25 18:08:25.74 #|1574705305.747575118|00#| work_queue_worker[1] wq: rx from master: infile file-0-f7c60c99710a0f95199d7cf4150bb754-test.fasta.3 test.fasta.3 1
2019/11/25 18:08:25.74 #|1574705305.747612271|00#| work_queue_worker[1] wq: rx from master: infile file-0-daa9c57850b857b80eefebbca6aa18ce-blastall blastall 1
2019/11/25 18:08:25.74 #|1574705305.747679936|00#| work_queue_worker[1] wq: rx from master: outfile file-0-302dccbdb24a28605e16f14de1f6102d-test.fasta.3.err test.fasta.3.err 1
2019/11/25 18:08:25.74 #|1574705305.747716395|00#| work_queue_worker[1] wq: rx from master: outfile file-0-caef36134f56070ec9bbb5a29c17bfcb-test.fasta.3.out test.fasta.3.out 1
2019/11/25 18:08:25.74 #|1574705305.747747444|00#| work_queue_worker[1] wq: rx from master: end
2019/11/25 18:08:25.74 #|1574705305.747897859|00#| work_queue_worker[1] wq: linking cache/file-0-25930e3036f13852cb0b29694bbab611-nt to /tmp/worker-0-1/t.17/nt
2019/11/25 18:08:25.74 #|1574705305.748208685|00#| work_queue_worker[1] wq: linking cache/file-0-f7c60c99710a0f95199d7cf4150bb754-test.fasta.3 to /tmp/worker-0-1/t.17/test.fasta.3
2019/11/25 18:08:25.74 #|1574705305.748257576|00#| work_queue_worker[1] wq: linking cache/file-0-daa9c57850b857b80eefebbca6aa18ce-blastall to /tmp/worker-0-1/t.17/blastall
2019/11/25 18:08:25.74 #|1574705305.748479898|00#| work_queue_worker[1] wq: started process 21: ./blastall -p blastn -d nt/nt -i test.fasta.3 -o test.fasta.3.out 2> test.fasta.3.err
2019/11/25 18:08:25.74 #|1574705305.748526001|00#| work_queue_worker[1] wq: tx to master: info tasks_running 1
2019/11/25 18:08:39.22 #|1574705319.225560812|00#| work_queue_worker[1] wq: task 17 (pid 21) exited normally with exit code 0
2019/11/25 18:08:39.22 #|1574705319.225596948|00#| work_queue_worker[1] wq: moving output file from /tmp/worker-0-1/t.17/test.fasta.3.err to cache/file-0-302dccbdb24a28605e16f14de1f6102d-test.fasta.3.err
2019/11/25 18:08:39.22 #|1574705319.225671468|00#| work_queue_worker[1] wq: moving output file from /tmp/worker-0-1/t.17/test.fasta.3.out to cache/file-0-caef36134f56070ec9bbb5a29c17bfcb-test.fasta.3.out
2019/11/25 18:08:39.22 #|1574705319.225717916|00#| work_queue_worker[1] wq: tx to master: available_results
2019/11/25 18:08:39.22 #|1574705319.226091833|00#| work_queue_worker[1] wq: rx from master: send_results -1
2019/11/25 18:08:39.22 #|1574705319.226135224|00#| work_queue_worker[1] wq: tx to master: result 0 0 0 13477269 17
2019/11/25 18:08:39.22 #|1574705319.226210361|00#| work_queue_worker[1] wq: tx to master: info tasks_running 0
2019/11/25 18:08:39.22 #|1574705319.226269537|00#| work_queue_worker[1] wq: tx to master: end
2019/11/25 18:08:39.22 #|1574705319.226709178|00#| work_queue_worker[1] wq: rx from master: get file-0-302dccbdb24a28605e16f14de1f6102d-test.fasta.3.err 1
2019/11/25 18:08:39.22 #|1574705319.226759464|00#| work_queue_worker[1] wq: tx to master: file file-0-302dccbdb24a28605e16f14de1f6102d-test.fasta.3.err 0
2019/11/25 18:08:39.22 #|1574705319.226845461|00#| work_queue_worker[1] wq: tx to master: end
2019/11/25 18:08:39.22 #|1574705319.227259314|00#| work_queue_worker[1] wq: rx from master: get file-0-caef36134f56070ec9bbb5a29c17bfcb-test.fasta.3.out 1
2019/11/25 18:08:39.22 #|1574705319.227301485|00#| work_queue_worker[1] wq: tx to master: file file-0-caef36134f56070ec9bbb5a29c17bfcb-test.fasta.3.out 24326
2019/11/25 18:08:39.22 #|1574705319.227613346|00#| work_queue_worker[1] wq: tx to master: end
2019/11/25 18:08:39.22 #|1574705319.227878367|00#| work_queue_worker[1] wq: rx from master: kill 17
2019/11/25 18:08:39.22 #|1574705319.228783725|00#| work_queue_worker[1] wq: rx from master: put file-0-21ce2e3623ee3a033739f28d47ebc2f3-test.fasta.1 10110 0644 1
2019/11/25 18:08:39.22 #|1574705319.228825149|00#| work_queue_worker[1] wq: Putting file file-0-21ce2e3623ee3a033739f28d47ebc2f3-test.fasta.1 into workspace
2019/11/25 18:08:39.22 #|1574705319.228976246|00#| work_queue_worker[1] wq: rx from master: task 19
2019/11/25 18:08:39.22 #|1574705319.229003922|00#| work_queue_worker[1] wq: rx from master: cmd 85
2019/11/25 18:08:39.22 #|1574705319.229021862|00#| work_queue_worker[1] wq: rx from master: ./blastall -p blastn -d nt/nt -i test.fasta.1 -o test.fasta.1.out 2> test.fasta.1.err
2019/11/25 18:08:39.22 #|1574705319.229079212|00#| work_queue_worker[1] wq: rx from master: category default
2019/11/25 18:08:39.22 #|1574705319.229099694|00#| work_queue_worker[1] wq: rx from master: cores 7
2019/11/25 18:08:39.22 #|1574705319.229147755|00#| work_queue_worker[1] wq: rx from master: memory 11908
2019/11/25 18:08:39.22 #|1574705319.229167786|00#| work_queue_worker[1] wq: rx from master: disk 1279
2019/11/25 18:08:39.22 #|1574705319.229185781|00#| work_queue_worker[1] wq: rx from master: gpus 0
2019/11/25 18:08:39.22 #|1574705319.229231054|00#| work_queue_worker[1] wq: rx from master: end_time 18446744073709551615
2019/11/25 18:08:39.22 #|1574705319.229254663|00#| work_queue_worker[1] wq: rx from master: wall_time 18446744073709551615
2019/11/25 18:08:39.22 #|1574705319.229385706|00#| work_queue_worker[1] wq: rx from master: env 7
2019/11/25 18:08:39.22 #|1574705319.229449829|00#| work_queue_worker[1] wq: rx from master: env 17
2019/11/25 18:08:39.22 #|1574705319.229473811|00#| work_queue_worker[1] wq: rx from master: infile file-0-25930e3036f13852cb0b29694bbab611-nt nt 1
2019/11/25 18:08:39.22 #|1574705319.229512629|00#| work_queue_worker[1] wq: rx from master: infile file-0-21ce2e3623ee3a033739f28d47ebc2f3-test.fasta.1 test.fasta.1 1
2019/11/25 18:08:39.22 #|1574705319.229580272|00#| work_queue_worker[1] wq: rx from master: infile file-0-daa9c57850b857b80eefebbca6aa18ce-blastall blastall 1
2019/11/25 18:08:39.22 #|1574705319.229659351|00#| work_queue_worker[1] wq: rx from master: outfile file-0-3ab9f1950a6d162e67ee5b12ea6e7807-test.fasta.1.err test.fasta.1.err 1
2019/11/25 18:08:39.22 #|1574705319.229694590|00#| work_queue_worker[1] wq: rx from master: outfile file-0-994988da6966ac76fa59fc30ca8c2cd9-test.fasta.1.out test.fasta.1.out 1
2019/11/25 18:08:39.22 #|1574705319.229725494|00#| work_queue_worker[1] wq: rx from master: end
2019/11/25 18:08:39.22 #|1574705319.229871049|00#| work_queue_worker[1] wq: linking cache/file-0-25930e3036f13852cb0b29694bbab611-nt to /tmp/worker-0-1/t.19/nt
2019/11/25 18:08:39.23 #|1574705319.230186923|00#| work_queue_worker[1] wq: linking cache/file-0-21ce2e3623ee3a033739f28d47ebc2f3-test.fasta.1 to /tmp/worker-0-1/t.19/test.fasta.1
2019/11/25 18:08:39.23 #|1574705319.230236049|00#| work_queue_worker[1] wq: linking cache/file-0-daa9c57850b857b80eefebbca6aa18ce-blastall to /tmp/worker-0-1/t.19/blastall
2019/11/25 18:08:39.23 #|1574705319.230459481|00#| work_queue_worker[1] wq: started process 23: ./blastall -p blastn -d nt/nt -i test.fasta.1 -o test.fasta.1.out 2> test.fasta.1.err
2019/11/25 18:08:39.23 #|1574705319.230506014|00#| work_queue_worker[1] wq: tx to master: info tasks_running 1
2019/11/25 18:08:52.96 #|1574705332.967003684|00#| work_queue_worker[1] wq: task 19 (pid 23) exited normally with exit code 0
2019/11/25 18:08:52.96 #|1574705332.967044497|00#| work_queue_worker[1] wq: moving output file from /tmp/worker-0-1/t.19/test.fasta.1.err to cache/file-0-3ab9f1950a6d162e67ee5b12ea6e7807-test.fasta.1.err
2019/11/25 18:08:52.96 #|1574705332.967118785|00#| work_queue_worker[1] wq: moving output file from /tmp/worker-0-1/t.19/test.fasta.1.out to cache/file-0-994988da6966ac76fa59fc30ca8c2cd9-test.fasta.1.out
2019/11/25 18:08:52.96 #|1574705332.967165143|00#| work_queue_worker[1] wq: tx to master: available_results
2019/11/25 18:08:52.96 #|1574705332.967564631|00#| work_queue_worker[1] wq: rx from master: send_results -1
2019/11/25 18:08:52.96 #|1574705332.967609762|00#| work_queue_worker[1] wq: tx to master: result 0 0 0 13736736 19
2019/11/25 18:08:52.96 #|1574705332.967692479|00#| work_queue_worker[1] wq: tx to master: info tasks_running 0
2019/11/25 18:08:52.96 #|1574705332.967754747|00#| work_queue_worker[1] wq: tx to master: end
2019/11/25 18:08:52.96 #|1574705332.968197072|00#| work_queue_worker[1] wq: rx from master: get file-0-3ab9f1950a6d162e67ee5b12ea6e7807-test.fasta.1.err 1
2019/11/25 18:08:52.96 #|1574705332.968245215|00#| work_queue_worker[1] wq: tx to master: file file-0-3ab9f1950a6d162e67ee5b12ea6e7807-test.fasta.1.err 0
2019/11/25 18:08:52.96 #|1574705332.968330112|00#| work_queue_worker[1] wq: tx to master: end
2019/11/25 18:08:52.96 #|1574705332.968784726|00#| work_queue_worker[1] wq: rx from master: get file-0-994988da6966ac76fa59fc30ca8c2cd9-test.fasta.1.out 1
2019/11/25 18:08:52.96 #|1574705332.968830289|00#| work_queue_worker[1] wq: tx to master: file file-0-994988da6966ac76fa59fc30ca8c2cd9-test.fasta.1.out 27543
2019/11/25 18:08:52.96 #|1574705332.969136438|00#| work_queue_worker[1] wq: tx to master: end
2019/11/25 18:08:52.96 #|1574705332.969416206|00#| work_queue_worker[1] wq: rx from master: kill 19
2019/11/25 18:08:58.97 #|1574705338.976914699|00#| work_queue_worker[1] wq: rx from master: check
2019/11/25 18:08:58.97 #|1574705338.976956050|00#| work_queue_worker[1] wq: tx to master: alive
2019/11/25 18:08:58.97 #|1574705338.977035927|00#| work_queue_worker[1] wq: tx to master: info tasks_running 0
2019/11/25 18:08:59.40 #|1574705339.408700813|00#| work_queue_worker[1] wq: rx from master: release
2019/11/25 18:08:59.40 #|1574705339.408738762|00#| work_queue_worker[1] wq: released by master 10.0.161.8:1026.
2019/11/25 18:08:59.40 #|1574705339.408763808|00#| work_queue_worker[1] wq: cleaning workspace /tmp/worker-0-1
2019/11/25 18:08:59.62 #|1574705339.627022783|00#| work_queue_worker[1] wq: disconnecting from master 10.0.161.8:1026
2019/11/25 18:08:59.62 #|1574705339.627115264|00#| work_queue_worker[1] tcp: disconnected from 10.0.161.8 port 1026
2019/11/25 18:08:59.62 #|1574705339.627137841|00#| work_queue_worker[1] wq: killing all outstanding tasks
2019/11/25 18:08:59.62 #|1574705339.627172502|00#| work_queue_worker[1] wq: all data structures are clean
2019/11/25 18:09:00.62 #|1574705340.627351976|00#| work_queue_worker[1] tcp: connecting to 10.0.161.8 port 1026
