2019/11/27 12:17:00.75 work_queue_worker[1] debug: /home/cctools_BRUNO_bin/bin/work_queue_worker version 8.0.0 DEVELOPMENT (released 2019-11-06 16:35:57 +0000)
2019/11/27 12:17:00.75 work_queue_worker[1] debug: Built by root@2546322b0463 on 2019-11-06 16:35:57 +0000
2019/11/27 12:17:00.75 work_queue_worker[1] debug: System: Linux 2546322b0463 5.0.0-32-generic #34~18.04.2-Ubuntu SMP Thu Oct 10 10:36:02 UTC 2019 x86_64 x86_64 x86_64 GNU/Linux
2019/11/27 12:17:00.75 work_queue_worker[1] debug: Configuration: --prefix /home/cctools_BRUNO_bin
2019/11/27 12:17:00.75 work_queue_worker[1] wq: WORK_QUEUE_SANDBOX set to /tmp/worker-0-1.
2019/11/27 12:17:00.75 work_queue_worker[1] debug: error reading disk usage on directory: ./cache.
2019/11/27 12:17:00.75 work_queue_worker[1] dns: looking up name master
2019/11/27 12:17:00.75 work_queue_worker[1] dns: master is 10.0.29.2
2019/11/27 12:17:00.75 work_queue_worker[1] tcp: connecting to 10.0.29.2 port 1026
2019/11/27 12:17:00.76 work_queue_worker[1] tcp: made connection to 10.0.29.2 port 1026
2019/11/27 12:17:00.76 work_queue_worker[1] wq: connected to master master:1026 via local address 10.0.29.6:34130
2019/11/27 12:17:00.76 work_queue_worker[1] wq: preparing workspace /tmp/worker-0-1
2019/11/27 12:17:00.76 work_queue_worker[1] dns: looking up name fed101bb693b
2019/11/27 12:17:00.76 work_queue_worker[1] dns: fed101bb693b is 10.0.29.6
2019/11/27 12:17:00.76 work_queue_worker[1] dns: looking up addr 10.0.29.6
2019/11/27 12:17:00.76 work_queue_worker[1] dns: 10.0.29.6 is fed101bb693b
2019/11/27 12:17:00.76 work_queue_worker[1] dns: finding my hostname: uname = fed101bb693b, address = 10.0.29.6, hostname = fed101bb693b
2019/11/27 12:17:00.76 work_queue_worker[1] wq: tx to master: workqueue 8 fed101bb693b Linux x86_64 8.0.0
2019/11/27 12:17:00.76 work_queue_worker[1] wq: tx to master: info worker-id worker-188a3bd5020f0f93691d0ebb06b3f7b1
2019/11/27 12:17:00.76 work_queue_worker[1] wq: tx to master: info cached_files file-0-25930e3036f13852cb0b29694bbab611-nt
2019/11/27 12:17:00.76 work_queue_worker[1] wq: tx to master: alive
2019/11/27 12:17:00.76 work_queue_worker[1] wq: Sending resource description to master:
2019/11/27 12:17:00.76 work_queue_worker[1] wq:  workers      0 inuse      1 total      1 smallest      1 largest
2019/11/27 12:17:00.76 work_queue_worker[1] wq:     disk      0 inuse 182728 total 182728 smallest 182728 largest
2019/11/27 12:17:00.76 work_queue_worker[1] wq:   memory      0 inuse   7749 total   7749 smallest   7749 largest
2019/11/27 12:17:00.76 work_queue_worker[1] wq:     gpus      0 inuse      0 total      0 smallest      0 largest
2019/11/27 12:17:00.76 work_queue_worker[1] wq:    cores      0 inuse      1 total      1 smallest      1 largest
2019/11/27 12:17:00.76 work_queue_worker[1] wq: tx to master: info end_of_resource_update 0
2019/11/27 12:17:00.76 work_queue_worker[1] wq: tx to master: info tasks_running 0
2019/11/27 12:17:00.76 work_queue_worker[1] wq: working for master at 10.0.29.2:1026.
2019/11/27 12:19:16.04 work_queue_worker[1] wq: rx from master: put file-0-0008645a00ac79d3f3bea1ddf871bace-test.fasta.15 10120 0644 1
2019/11/27 12:19:16.04 work_queue_worker[1] wq: Putting file file-0-0008645a00ac79d3f3bea1ddf871bace-test.fasta.15 into workspace
2019/11/27 12:19:16.04 work_queue_worker[1] wq: Dir /cache already exists in cache
2019/11/27 12:19:16.05 work_queue_worker[1] wq: ****BRUNO***** cp BARRA: -> cp ./cache/file-0-0008645a00ac79d3f3bea1ddf871bace-test.fasta.15 /cache.
2019/11/27 12:19:16.05 work_queue_worker[1] wq: rx from master: put file-0-daa9c57850b857b80eefebbca6aa18ce-blastall 7687410 0755 1
2019/11/27 12:19:16.05 work_queue_worker[1] wq: Putting file file-0-daa9c57850b857b80eefebbca6aa18ce-blastall into workspace
2019/11/27 12:19:16.05 work_queue_worker[1] wq: Dir /cache already exists in cache
2019/11/27 12:19:16.72 work_queue_worker[1] wq: ****BRUNO***** cp BARRA: -> cp ./cache/file-0-daa9c57850b857b80eefebbca6aa18ce-blastall /cache.
2019/11/27 12:19:16.74 work_queue_worker[1] wq: rx from master: task 5
2019/11/27 12:19:16.74 work_queue_worker[1] wq: rx from master: cmd 88
2019/11/27 12:19:16.74 work_queue_worker[1] wq: rx from master: ./blastall -p blastn -d nt/nt -i test.fasta.15 -o test.fasta.15.out 2> test.fasta.15.err
2019/11/27 12:19:16.74 work_queue_worker[1] wq: rx from master: category default
2019/11/27 12:19:16.74 work_queue_worker[1] wq: rx from master: cores 1
2019/11/27 12:19:16.74 work_queue_worker[1] wq: rx from master: memory 7749
2019/11/27 12:19:16.74 work_queue_worker[1] wq: rx from master: disk 182728
2019/11/27 12:19:16.74 work_queue_worker[1] wq: rx from master: gpus 0
2019/11/27 12:19:16.74 work_queue_worker[1] wq: rx from master: end_time 18446744073709551615
2019/11/27 12:19:16.74 work_queue_worker[1] wq: rx from master: wall_time 18446744073709551615
2019/11/27 12:19:16.74 work_queue_worker[1] wq: rx from master: env 7
2019/11/27 12:19:16.74 work_queue_worker[1] wq: rx from master: env 17
2019/11/27 12:19:16.74 work_queue_worker[1] wq: rx from master: infile file-0-25930e3036f13852cb0b29694bbab611-nt nt 1
2019/11/27 12:19:16.74 work_queue_worker[1] wq: rx from master: infile file-0-0008645a00ac79d3f3bea1ddf871bace-test.fasta.15 test.fasta.15 1
2019/11/27 12:19:16.74 work_queue_worker[1] wq: rx from master: infile file-0-daa9c57850b857b80eefebbca6aa18ce-blastall blastall 1
2019/11/27 12:19:16.74 work_queue_worker[1] wq: rx from master: outfile file-0-018f568daaa4c9813af138b9acc80300-test.fasta.15.err test.fasta.15.err 1
2019/11/27 12:19:16.74 work_queue_worker[1] wq: rx from master: outfile file-0-b230c590bc23b5b924df9e9d98a59cf3-test.fasta.15.out test.fasta.15.out 1
2019/11/27 12:19:16.74 work_queue_worker[1] wq: rx from master: end
2019/11/27 12:19:16.74 work_queue_worker[1] wq: tx to master: info cached_files file-0-0008645a00ac79d3f3bea1ddf871bace-test.fasta.15
2019/11/27 12:19:16.74 work_queue_worker[1] wq: tx to master: info cached_files file-0-91e2799df52756191dbca22d7b7cd23c-test.fasta.19
2019/11/27 12:19:16.74 work_queue_worker[1] wq: tx to master: info cached_files file-0-e12986ebc464dac7f0b0058f77809607-test.fasta.17
2019/11/27 12:19:16.75 work_queue_worker[1] wq: tx to master: info cached_files file-0-daa9c57850b857b80eefebbca6aa18ce-blastall
2019/11/27 12:19:16.75 work_queue_worker[1] wq: linking cache/file-0-25930e3036f13852cb0b29694bbab611-nt to /tmp/worker-0-1/t.5/nt
2019/11/27 12:19:16.75 work_queue_worker[1] wq: linking cache/file-0-0008645a00ac79d3f3bea1ddf871bace-test.fasta.15 to /tmp/worker-0-1/t.5/test.fasta.15
2019/11/27 12:19:16.75 work_queue_worker[1] wq: linking cache/file-0-daa9c57850b857b80eefebbca6aa18ce-blastall to /tmp/worker-0-1/t.5/blastall
2019/11/27 12:19:16.75 work_queue_worker[1] wq: Waiting task 5 has been forsaken.
2019/11/27 12:19:16.75 work_queue_worker[1] wq: tx to master: alive
2019/11/27 12:19:16.75 work_queue_worker[1] wq: Sending resource description to master:
2019/11/27 12:19:16.75 work_queue_worker[1] wq:  workers      0 inuse      1 total      1 smallest      1 largest
2019/11/27 12:19:16.75 work_queue_worker[1] wq:     disk      0 inuse 180153 total 180153 smallest 180153 largest
2019/11/27 12:19:16.75 work_queue_worker[1] wq:   memory      0 inuse   7749 total   7749 smallest   7749 largest
2019/11/27 12:19:16.75 work_queue_worker[1] wq:     gpus      0 inuse      0 total      0 smallest      0 largest
2019/11/27 12:19:16.75 work_queue_worker[1] wq:    cores      0 inuse      1 total      1 smallest      1 largest
2019/11/27 12:19:16.75 work_queue_worker[1] wq: tx to master: info end_of_resource_update 0
2019/11/27 12:19:16.75 work_queue_worker[1] wq: tx to master: info tasks_running 0
2019/11/27 12:19:16.75 work_queue_worker[1] wq: tx to master: info tasks_running 0
2019/11/27 12:19:16.75 work_queue_worker[1] wq: tx to master: available_results
2019/11/27 12:19:25.64 work_queue_worker[1] wq: rx from master: send_results -1
2019/11/27 12:19:25.64 work_queue_worker[1] wq: tx to master: result 40 0 0 0 5
2019/11/27 12:19:25.64 work_queue_worker[1] wq: tx to master: info tasks_running 0
2019/11/27 12:19:25.64 work_queue_worker[1] wq: tx to master: end
2019/11/27 12:19:25.64 work_queue_worker[1] wq: rx from master: put file-0-3410183026126208c01eade572fb5bdf-test.fasta.8 10110 0644 1
2019/11/27 12:19:25.64 work_queue_worker[1] wq: Putting file file-0-3410183026126208c01eade572fb5bdf-test.fasta.8 into workspace
2019/11/27 12:19:25.64 work_queue_worker[1] wq: Dir /cache already exists in cache
2019/11/27 12:19:25.64 work_queue_worker[1] wq: ****BRUNO***** cp BARRA: -> cp ./cache/file-0-3410183026126208c01eade572fb5bdf-test.fasta.8 /cache.
2019/11/27 12:19:25.65 work_queue_worker[1] wq: rx from master: task 12
2019/11/27 12:19:25.65 work_queue_worker[1] wq: rx from master: cmd 85
2019/11/27 12:19:25.65 work_queue_worker[1] wq: rx from master: ./blastall -p blastn -d nt/nt -i test.fasta.8 -o test.fasta.8.out 2> test.fasta.8.err
2019/11/27 12:19:25.65 work_queue_worker[1] wq: rx from master: category default
2019/11/27 12:19:25.65 work_queue_worker[1] wq: rx from master: cores 1
2019/11/27 12:19:25.65 work_queue_worker[1] wq: rx from master: memory 7749
2019/11/27 12:19:25.65 work_queue_worker[1] wq: rx from master: disk 180153
2019/11/27 12:19:25.65 work_queue_worker[1] wq: rx from master: gpus 0
2019/11/27 12:19:25.65 work_queue_worker[1] wq: rx from master: end_time 18446744073709551615
2019/11/27 12:19:25.65 work_queue_worker[1] wq: rx from master: wall_time 18446744073709551615
2019/11/27 12:19:25.65 work_queue_worker[1] wq: rx from master: env 7
2019/11/27 12:19:25.65 work_queue_worker[1] wq: rx from master: env 17
2019/11/27 12:19:25.65 work_queue_worker[1] wq: rx from master: infile file-0-25930e3036f13852cb0b29694bbab611-nt nt 1
2019/11/27 12:19:25.65 work_queue_worker[1] wq: rx from master: infile file-0-3410183026126208c01eade572fb5bdf-test.fasta.8 test.fasta.8 1
2019/11/27 12:19:25.65 work_queue_worker[1] wq: rx from master: infile file-0-daa9c57850b857b80eefebbca6aa18ce-blastall blastall 1
2019/11/27 12:19:25.65 work_queue_worker[1] wq: rx from master: outfile file-0-377034d337ce566c4f64a77efabc1f23-test.fasta.8.err test.fasta.8.err 1
2019/11/27 12:19:25.65 work_queue_worker[1] wq: rx from master: outfile file-0-599ca89112d700f3c1cc921c2abd9aaa-test.fasta.8.out test.fasta.8.out 1
2019/11/27 12:19:25.65 work_queue_worker[1] wq: rx from master: end
2019/11/27 12:19:25.65 work_queue_worker[1] wq: tx to master: info cached_files file-0-396e442289ce14a42a6f16a9e7d1098a-test.fasta.10
2019/11/27 12:19:25.65 work_queue_worker[1] wq: tx to master: info cached_files file-0-3410183026126208c01eade572fb5bdf-test.fasta.8
2019/11/27 12:19:25.65 work_queue_worker[1] wq: tx to master: info cached_files file-0-861f258aeedab7469eb02fd8febc6d36-test.fasta.13
2019/11/27 12:19:25.65 work_queue_worker[1] wq: linking cache/file-0-25930e3036f13852cb0b29694bbab611-nt to /tmp/worker-0-1/t.12/nt
2019/11/27 12:19:25.65 work_queue_worker[1] wq: linking cache/file-0-3410183026126208c01eade572fb5bdf-test.fasta.8 to /tmp/worker-0-1/t.12/test.fasta.8
2019/11/27 12:19:25.65 work_queue_worker[1] wq: linking cache/file-0-daa9c57850b857b80eefebbca6aa18ce-blastall to /tmp/worker-0-1/t.12/blastall
2019/11/27 12:19:25.65 work_queue_worker[1] wq: started process 19: ./blastall -p blastn -d nt/nt -i test.fasta.8 -o test.fasta.8.out 2> test.fasta.8.err
2019/11/27 12:19:25.65 work_queue_worker[1] wq: tx to master: info tasks_running 1
2019/11/27 12:19:42.51 work_queue_worker[1] wq: task 12 (pid 19) exited normally with exit code 0
2019/11/27 12:19:42.51 work_queue_worker[1] wq: moving output file from /tmp/worker-0-1/t.12/test.fasta.8.err to cache/file-0-377034d337ce566c4f64a77efabc1f23-test.fasta.8.err
2019/11/27 12:19:42.51 work_queue_worker[1] wq: moving output file from /tmp/worker-0-1/t.12/test.fasta.8.out to cache/file-0-599ca89112d700f3c1cc921c2abd9aaa-test.fasta.8.out
2019/11/27 12:19:42.51 work_queue_worker[1] wq: tx to master: available_results
2019/11/27 12:19:42.51 work_queue_worker[1] wq: rx from master: send_results -1
2019/11/27 12:19:42.51 work_queue_worker[1] wq: tx to master: result 0 0 0 16854931 12
2019/11/27 12:19:42.51 work_queue_worker[1] wq: tx to master: info tasks_running 0
2019/11/27 12:19:42.51 work_queue_worker[1] wq: tx to master: end
2019/11/27 12:19:42.51 work_queue_worker[1] wq: rx from master: get file-0-377034d337ce566c4f64a77efabc1f23-test.fasta.8.err 1
2019/11/27 12:19:42.51 work_queue_worker[1] wq: tx to master: file file-0-377034d337ce566c4f64a77efabc1f23-test.fasta.8.err 0
2019/11/27 12:19:42.51 work_queue_worker[1] wq: tx to master: end
2019/11/27 12:19:42.51 work_queue_worker[1] wq: rx from master: get file-0-599ca89112d700f3c1cc921c2abd9aaa-test.fasta.8.out 1
2019/11/27 12:19:42.51 work_queue_worker[1] wq: tx to master: file file-0-599ca89112d700f3c1cc921c2abd9aaa-test.fasta.8.out 20887
2019/11/27 12:19:42.51 work_queue_worker[1] wq: tx to master: end
2019/11/27 12:19:42.51 work_queue_worker[1] wq: rx from master: kill 12
2019/11/27 12:19:42.51 work_queue_worker[1] wq: ---- DELETING: /tmp/worker-0-1/t.12
2019/11/27 12:19:50.03 work_queue_worker[1] wq: rx from master: release
2019/11/27 12:19:50.03 work_queue_worker[1] wq: released by master 10.0.29.2:1026.
2019/11/27 12:19:50.03 work_queue_worker[1] wq: *********** BRUNO ******** NOT cleaning workspace /tmp/worker-0-1
2019/11/27 12:19:50.03 work_queue_worker[1] wq: disconnecting from master 10.0.29.2:1026
2019/11/27 12:19:50.03 work_queue_worker[1] tcp: disconnected from 10.0.29.2 port 1026
2019/11/27 12:19:50.03 work_queue_worker[1] wq: killing all outstanding tasks
2019/11/27 12:19:50.03 work_queue_worker[1] wq: ---- DELETING: /tmp/worker-0-1/t.5
2019/11/27 12:19:50.03 work_queue_worker[1] wq: all data structures are clean
2019/11/27 12:19:51.03 work_queue_worker[1] tcp: connecting to 10.0.29.2 port 1026
