2019/11/27 12:17:00.26 work_queue_worker[1] debug: /home/cctools_BRUNO_bin/bin/work_queue_worker version 8.0.0 DEVELOPMENT (released 2019-11-06 16:35:57 +0000)
2019/11/27 12:17:00.26 work_queue_worker[1] debug: Built by root@2546322b0463 on 2019-11-06 16:35:57 +0000
2019/11/27 12:17:00.26 work_queue_worker[1] debug: System: Linux 2546322b0463 5.0.0-32-generic #34~18.04.2-Ubuntu SMP Thu Oct 10 10:36:02 UTC 2019 x86_64 x86_64 x86_64 GNU/Linux
2019/11/27 12:17:00.26 work_queue_worker[1] debug: Configuration: --prefix /home/cctools_BRUNO_bin
2019/11/27 12:17:00.26 work_queue_worker[1] wq: WORK_QUEUE_SANDBOX set to /tmp/worker-0-1.
2019/11/27 12:17:00.26 work_queue_worker[1] debug: error reading disk usage on directory: ./cache.
2019/11/27 12:17:00.26 work_queue_worker[1] dns: looking up name master
2019/11/27 12:17:00.26 work_queue_worker[1] dns: master is 10.0.29.2
2019/11/27 12:17:00.26 work_queue_worker[1] tcp: connecting to 10.0.29.2 port 1026
2019/11/27 12:17:00.26 work_queue_worker[1] tcp: made connection to 10.0.29.2 port 1026
2019/11/27 12:17:00.26 work_queue_worker[1] wq: connected to master master:1026 via local address 10.0.29.8:39118
2019/11/27 12:17:00.26 work_queue_worker[1] wq: preparing workspace /tmp/worker-0-1
2019/11/27 12:17:00.26 work_queue_worker[1] dns: looking up name 6ab032809239
2019/11/27 12:17:00.26 work_queue_worker[1] dns: 6ab032809239 is 10.0.29.8
2019/11/27 12:17:00.26 work_queue_worker[1] dns: looking up addr 10.0.29.8
2019/11/27 12:17:00.26 work_queue_worker[1] dns: 10.0.29.8 is 6ab032809239
2019/11/27 12:17:00.26 work_queue_worker[1] dns: finding my hostname: uname = 6ab032809239, address = 10.0.29.8, hostname = 6ab032809239
2019/11/27 12:17:00.26 work_queue_worker[1] wq: tx to master: workqueue 8 6ab032809239 Linux x86_64 8.0.0
2019/11/27 12:17:00.26 work_queue_worker[1] wq: tx to master: info worker-id worker-188a3bd5020f0f93691d0ebb06b3f7b1
2019/11/27 12:17:00.26 work_queue_worker[1] wq: tx to master: alive
2019/11/27 12:17:00.26 work_queue_worker[1] wq: Sending resource description to master:
2019/11/27 12:17:00.26 work_queue_worker[1] wq:  workers      0 inuse      1 total      1 smallest      1 largest
2019/11/27 12:17:00.26 work_queue_worker[1] wq:     disk      0 inuse 182733 total 182733 smallest 182733 largest
2019/11/27 12:17:00.26 work_queue_worker[1] wq:   memory      0 inuse   7749 total   7749 smallest   7749 largest
2019/11/27 12:17:00.26 work_queue_worker[1] wq:     gpus      0 inuse      0 total      0 smallest      0 largest
2019/11/27 12:17:00.26 work_queue_worker[1] wq:    cores      0 inuse      1 total      1 smallest      1 largest
2019/11/27 12:17:00.26 work_queue_worker[1] wq: tx to master: info end_of_resource_update 0
2019/11/27 12:17:00.26 work_queue_worker[1] wq: tx to master: info tasks_running 0
2019/11/27 12:17:00.26 work_queue_worker[1] wq: working for master at 10.0.29.2:1026.
2019/11/27 12:17:00.26 work_queue_worker[1] wq: rx from master: put file-0-25930e3036f13852cb0b29694bbab611-nt/taxdb.bti 14920392 0644 1
2019/11/27 12:17:00.26 work_queue_worker[1] wq: Putting file file-0-25930e3036f13852cb0b29694bbab611-nt/taxdb.bti into workspace
2019/11/27 12:17:00.26 work_queue_worker[1] wq: Created directory - (cache/file-0-25930e3036f13852cb0b29694bbab611-nt)
2019/11/27 12:17:00.26 work_queue_worker[1] wq: ** created dir: -> /mkdir /cache/file-0-25930e3036f13852cb0b29694bbab611-nt
2019/11/27 12:17:01.58 work_queue_worker[1] wq: ****BRUNO***** cp BARRA: -> cp ./cache/file-0-25930e3036f13852cb0b29694bbab611-nt/taxdb.bti /cache/file-0-25930e3036f13852cb0b29694bbab611-nt.
2019/11/27 12:17:01.60 work_queue_worker[1] wq: rx from master: put file-0-25930e3036f13852cb0b29694bbab611-nt/nt.nal 752 0644 1
2019/11/27 12:17:01.60 work_queue_worker[1] wq: Putting file file-0-25930e3036f13852cb0b29694bbab611-nt/nt.nal into workspace
2019/11/27 12:17:01.60 work_queue_worker[1] wq: Dir /cache/file-0-25930e3036f13852cb0b29694bbab611-nt already exists in cache
2019/11/27 12:17:01.60 work_queue_worker[1] wq: ****BRUNO***** cp BARRA: -> cp ./cache/file-0-25930e3036f13852cb0b29694bbab611-nt/nt.nal /cache/file-0-25930e3036f13852cb0b29694bbab611-nt.
2019/11/27 12:17:01.61 work_queue_worker[1] wq: rx from master: put file-0-25930e3036f13852cb0b29694bbab611-nt/nt.44.nni 27220 0644 1
2019/11/27 12:17:01.61 work_queue_worker[1] wq: Putting file file-0-25930e3036f13852cb0b29694bbab611-nt/nt.44.nni into workspace
2019/11/27 12:17:01.61 work_queue_worker[1] wq: Dir /cache/file-0-25930e3036f13852cb0b29694bbab611-nt already exists in cache
2019/11/27 12:17:01.61 work_queue_worker[1] wq: ****BRUNO***** cp BARRA: -> cp ./cache/file-0-25930e3036f13852cb0b29694bbab611-nt/nt.44.nni /cache/file-0-25930e3036f13852cb0b29694bbab611-nt.
2019/11/27 12:17:01.61 work_queue_worker[1] wq: rx from master: put file-0-25930e3036f13852cb0b29694bbab611-nt/nt.44.nog 3378248 0644 1
2019/11/27 12:17:01.61 work_queue_worker[1] wq: Putting file file-0-25930e3036f13852cb0b29694bbab611-nt/nt.44.nog into workspace
2019/11/27 12:17:01.61 work_queue_worker[1] wq: Dir /cache/file-0-25930e3036f13852cb0b29694bbab611-nt already exists in cache
2019/11/27 12:17:01.88 work_queue_worker[1] wq: ****BRUNO***** cp BARRA: -> cp ./cache/file-0-25930e3036f13852cb0b29694bbab611-nt/nt.44.nog /cache/file-0-25930e3036f13852cb0b29694bbab611-nt.
2019/11/27 12:17:01.89 work_queue_worker[1] wq: rx from master: put file-0-25930e3036f13852cb0b29694bbab611-nt/taxdb.btd 141628361 0644 1
2019/11/27 12:17:01.89 work_queue_worker[1] wq: Putting file file-0-25930e3036f13852cb0b29694bbab611-nt/taxdb.btd into workspace
2019/11/27 12:17:01.89 work_queue_worker[1] wq: Dir /cache/file-0-25930e3036f13852cb0b29694bbab611-nt already exists in cache
2019/11/27 12:17:14.36 work_queue_worker[1] wq: ****BRUNO***** cp BARRA: -> cp ./cache/file-0-25930e3036f13852cb0b29694bbab611-nt/taxdb.btd /cache/file-0-25930e3036f13852cb0b29694bbab611-nt.
2019/11/27 12:17:14.49 work_queue_worker[1] wq: rx from master: put file-0-25930e3036f13852cb0b29694bbab611-nt/nt.44.nhr 148534336 0644 1
2019/11/27 12:17:14.49 work_queue_worker[1] wq: Putting file file-0-25930e3036f13852cb0b29694bbab611-nt/nt.44.nhr into workspace
2019/11/27 12:17:14.49 work_queue_worker[1] wq: Dir /cache/file-0-25930e3036f13852cb0b29694bbab611-nt already exists in cache
2019/11/27 12:17:27.45 work_queue_worker[1] wq: ****BRUNO***** cp BARRA: -> cp ./cache/file-0-25930e3036f13852cb0b29694bbab611-nt/nt.44.nhr /cache/file-0-25930e3036f13852cb0b29694bbab611-nt.
2019/11/27 12:17:27.59 work_queue_worker[1] wq: rx from master: put file-0-25930e3036f13852cb0b29694bbab611-nt/nt.44.nhi 338004 0644 1
2019/11/27 12:17:27.59 work_queue_worker[1] wq: Putting file file-0-25930e3036f13852cb0b29694bbab611-nt/nt.44.nhi into workspace
2019/11/27 12:17:27.59 work_queue_worker[1] wq: Dir /cache/file-0-25930e3036f13852cb0b29694bbab611-nt already exists in cache
2019/11/27 12:17:27.60 work_queue_worker[1] wq: ****BRUNO***** cp BARRA: -> cp ./cache/file-0-25930e3036f13852cb0b29694bbab611-nt/nt.44.nhi /cache/file-0-25930e3036f13852cb0b29694bbab611-nt.
2019/11/27 12:17:27.60 work_queue_worker[1] wq: rx from master: put file-0-25930e3036f13852cb0b29694bbab611-nt/nt.44.nnd 6955488 0644 1
2019/11/27 12:17:27.60 work_queue_worker[1] wq: Putting file file-0-25930e3036f13852cb0b29694bbab611-nt/nt.44.nnd into workspace
2019/11/27 12:17:27.60 work_queue_worker[1] wq: Dir /cache/file-0-25930e3036f13852cb0b29694bbab611-nt already exists in cache
2019/11/27 12:17:28.09 work_queue_worker[1] wq: ****BRUNO***** cp BARRA: -> cp ./cache/file-0-25930e3036f13852cb0b29694bbab611-nt/nt.44.nnd /cache/file-0-25930e3036f13852cb0b29694bbab611-nt.
2019/11/27 12:17:28.11 work_queue_worker[1] wq: rx from master: put file-0-25930e3036f13852cb0b29694bbab611-nt/nt.44.nhd 14869748 0644 1
2019/11/27 12:17:28.11 work_queue_worker[1] wq: Putting file file-0-25930e3036f13852cb0b29694bbab611-nt/nt.44.nhd into workspace
2019/11/27 12:17:28.11 work_queue_worker[1] wq: Dir /cache/file-0-25930e3036f13852cb0b29694bbab611-nt already exists in cache
2019/11/27 12:17:29.40 work_queue_worker[1] wq: ****BRUNO***** cp BARRA: -> cp ./cache/file-0-25930e3036f13852cb0b29694bbab611-nt/nt.44.nhd /cache/file-0-25930e3036f13852cb0b29694bbab611-nt.
2019/11/27 12:17:29.43 work_queue_worker[1] wq: rx from master: put file-0-25930e3036f13852cb0b29694bbab611-nt/nt.44.nsq 974099786 0644 1
2019/11/27 12:17:29.43 work_queue_worker[1] wq: Putting file file-0-25930e3036f13852cb0b29694bbab611-nt/nt.44.nsq into workspace
2019/11/27 12:17:29.43 work_queue_worker[1] wq: Dir /cache/file-0-25930e3036f13852cb0b29694bbab611-nt already exists in cache
2019/11/27 12:18:55.24 work_queue_worker[1] wq: ****BRUNO***** cp BARRA: -> cp ./cache/file-0-25930e3036f13852cb0b29694bbab611-nt/nt.44.nsq /cache/file-0-25930e3036f13852cb0b29694bbab611-nt.
2019/11/27 12:18:56.08 work_queue_worker[1] wq: rx from master: put file-0-25930e3036f13852cb0b29694bbab611-nt/nt.44.nin 10134740 0644 1
2019/11/27 12:18:56.08 work_queue_worker[1] wq: Putting file file-0-25930e3036f13852cb0b29694bbab611-nt/nt.44.nin into workspace
2019/11/27 12:18:56.08 work_queue_worker[1] wq: Dir /cache/file-0-25930e3036f13852cb0b29694bbab611-nt already exists in cache
2019/11/27 12:18:56.59 work_queue_worker[1] wq: ****BRUNO***** cp BARRA: -> cp ./cache/file-0-25930e3036f13852cb0b29694bbab611-nt/nt.44.nin /cache/file-0-25930e3036f13852cb0b29694bbab611-nt.
2019/11/27 12:18:56.61 work_queue_worker[1] wq: rx from master: put file-0-25930e3036f13852cb0b29694bbab611-nt/nt.44.nsi 764650 0644 1
2019/11/27 12:18:56.61 work_queue_worker[1] wq: Putting file file-0-25930e3036f13852cb0b29694bbab611-nt/nt.44.nsi into workspace
2019/11/27 12:18:56.61 work_queue_worker[1] wq: Dir /cache/file-0-25930e3036f13852cb0b29694bbab611-nt already exists in cache
2019/11/27 12:18:56.66 work_queue_worker[1] wq: ****BRUNO***** cp BARRA: -> cp ./cache/file-0-25930e3036f13852cb0b29694bbab611-nt/nt.44.nsi /cache/file-0-25930e3036f13852cb0b29694bbab611-nt.
2019/11/27 12:18:56.67 work_queue_worker[1] wq: rx from master: put file-0-25930e3036f13852cb0b29694bbab611-nt/nt.44.nsd 33299557 0644 1
2019/11/27 12:18:56.67 work_queue_worker[1] wq: Putting file file-0-25930e3036f13852cb0b29694bbab611-nt/nt.44.nsd into workspace
2019/11/27 12:18:56.67 work_queue_worker[1] wq: Dir /cache/file-0-25930e3036f13852cb0b29694bbab611-nt already exists in cache
2019/11/27 12:18:59.59 work_queue_worker[1] wq: ****BRUNO***** cp BARRA: -> cp ./cache/file-0-25930e3036f13852cb0b29694bbab611-nt/nt.44.nsd /cache/file-0-25930e3036f13852cb0b29694bbab611-nt.
2019/11/27 12:18:59.63 work_queue_worker[1] wq: rx from master: put file-0-91e2799df52756191dbca22d7b7cd23c-test.fasta.19 10120 0644 1
2019/11/27 12:18:59.63 work_queue_worker[1] wq: Putting file file-0-91e2799df52756191dbca22d7b7cd23c-test.fasta.19 into workspace
2019/11/27 12:18:59.63 work_queue_worker[1] wq: Dir /cache already exists in cache
2019/11/27 12:18:59.63 work_queue_worker[1] wq: ****BRUNO***** cp BARRA: -> cp ./cache/file-0-91e2799df52756191dbca22d7b7cd23c-test.fasta.19 /cache.
2019/11/27 12:18:59.64 work_queue_worker[1] wq: rx from master: put file-0-daa9c57850b857b80eefebbca6aa18ce-blastall 7687410 0755 1
2019/11/27 12:18:59.64 work_queue_worker[1] wq: Putting file file-0-daa9c57850b857b80eefebbca6aa18ce-blastall into workspace
2019/11/27 12:18:59.64 work_queue_worker[1] wq: Dir /cache already exists in cache
2019/11/27 12:19:00.27 work_queue_worker[1] wq: ****BRUNO***** cp BARRA: -> cp ./cache/file-0-daa9c57850b857b80eefebbca6aa18ce-blastall /cache.
2019/11/27 12:19:00.29 work_queue_worker[1] wq: rx from master: task 1
2019/11/27 12:19:00.29 work_queue_worker[1] wq: rx from master: cmd 88
2019/11/27 12:19:00.29 work_queue_worker[1] wq: rx from master: ./blastall -p blastn -d nt/nt -i test.fasta.19 -o test.fasta.19.out 2> test.fasta.19.err
2019/11/27 12:19:00.29 work_queue_worker[1] wq: rx from master: category default
2019/11/27 12:19:00.29 work_queue_worker[1] wq: rx from master: cores 1
2019/11/27 12:19:00.29 work_queue_worker[1] wq: rx from master: memory 7749
2019/11/27 12:19:00.29 work_queue_worker[1] wq: rx from master: disk 182733
2019/11/27 12:19:00.29 work_queue_worker[1] wq: rx from master: gpus 0
2019/11/27 12:19:00.29 work_queue_worker[1] wq: rx from master: end_time 18446744073709551615
2019/11/27 12:19:00.29 work_queue_worker[1] wq: rx from master: wall_time 18446744073709551615
2019/11/27 12:19:00.29 work_queue_worker[1] wq: rx from master: env 7
2019/11/27 12:19:00.29 work_queue_worker[1] wq: rx from master: env 17
2019/11/27 12:19:00.29 work_queue_worker[1] wq: rx from master: infile file-0-25930e3036f13852cb0b29694bbab611-nt nt 1
2019/11/27 12:19:00.29 work_queue_worker[1] wq: rx from master: infile file-0-91e2799df52756191dbca22d7b7cd23c-test.fasta.19 test.fasta.19 1
2019/11/27 12:19:00.29 work_queue_worker[1] wq: rx from master: infile file-0-daa9c57850b857b80eefebbca6aa18ce-blastall blastall 1
2019/11/27 12:19:00.29 work_queue_worker[1] wq: rx from master: outfile file-0-8eab36096679637a447522c8eb5ec8c1-test.fasta.19.err test.fasta.19.err 1
2019/11/27 12:19:00.29 work_queue_worker[1] wq: rx from master: outfile file-0-9883c7748ac27d46878553d23e293154-test.fasta.19.out test.fasta.19.out 1
2019/11/27 12:19:00.29 work_queue_worker[1] wq: rx from master: end
2019/11/27 12:19:00.29 work_queue_worker[1] wq: tx to master: info cached_files file-0-25930e3036f13852cb0b29694bbab611-nt
2019/11/27 12:19:00.29 work_queue_worker[1] wq: tx to master: info cached_files file-0-91e2799df52756191dbca22d7b7cd23c-test.fasta.19
2019/11/27 12:19:00.29 work_queue_worker[1] wq: tx to master: info cached_files file-0-daa9c57850b857b80eefebbca6aa18ce-blastall
2019/11/27 12:19:00.29 work_queue_worker[1] wq: linking cache/file-0-25930e3036f13852cb0b29694bbab611-nt to /tmp/worker-0-1/t.1/nt
2019/11/27 12:19:00.29 work_queue_worker[1] wq: linking cache/file-0-91e2799df52756191dbca22d7b7cd23c-test.fasta.19 to /tmp/worker-0-1/t.1/test.fasta.19
2019/11/27 12:19:00.29 work_queue_worker[1] wq: linking cache/file-0-daa9c57850b857b80eefebbca6aa18ce-blastall to /tmp/worker-0-1/t.1/blastall
2019/11/27 12:19:00.29 work_queue_worker[1] wq: Waiting task 1 has been forsaken.
2019/11/27 12:19:00.29 work_queue_worker[1] wq: tx to master: alive
2019/11/27 12:19:00.29 work_queue_worker[1] wq: Sending resource description to master:
2019/11/27 12:19:00.29 work_queue_worker[1] wq:  workers      0 inuse      1 total      1 smallest      1 largest
2019/11/27 12:19:00.29 work_queue_worker[1] wq:     disk   1245 inuse 180539 total 180539 smallest 180539 largest
2019/11/27 12:19:00.29 work_queue_worker[1] wq:   memory      0 inuse   7749 total   7749 smallest   7749 largest
2019/11/27 12:19:00.29 work_queue_worker[1] wq:     gpus      0 inuse      0 total      0 smallest      0 largest
2019/11/27 12:19:00.29 work_queue_worker[1] wq:    cores      0 inuse      1 total      1 smallest      1 largest
2019/11/27 12:19:00.29 work_queue_worker[1] wq: tx to master: info end_of_resource_update 0
2019/11/27 12:19:00.29 work_queue_worker[1] wq: tx to master: info tasks_running 0
2019/11/27 12:19:00.29 work_queue_worker[1] wq: tx to master: info tasks_running 0
2019/11/27 12:19:00.29 work_queue_worker[1] wq: tx to master: available_results
2019/11/27 12:19:25.61 work_queue_worker[1] wq: rx from master: check
2019/11/27 12:19:25.61 work_queue_worker[1] wq: tx to master: alive
2019/11/27 12:19:25.61 work_queue_worker[1] wq: tx to master: info tasks_running 0
2019/11/27 12:19:25.62 work_queue_worker[1] wq: rx from master: send_results -1
2019/11/27 12:19:25.62 work_queue_worker[1] wq: tx to master: result 40 0 0 0 1
2019/11/27 12:19:25.62 work_queue_worker[1] wq: tx to master: info tasks_running 0
2019/11/27 12:19:25.62 work_queue_worker[1] wq: tx to master: end
2019/11/27 12:19:25.65 work_queue_worker[1] wq: rx from master: put file-0-af4883bae18b8169ace09c1fbbe4e952-test.fasta.12 10120 0644 1
2019/11/27 12:19:25.66 work_queue_worker[1] wq: Putting file file-0-af4883bae18b8169ace09c1fbbe4e952-test.fasta.12 into workspace
2019/11/27 12:19:25.66 work_queue_worker[1] wq: Dir /cache already exists in cache
2019/11/27 12:19:25.66 work_queue_worker[1] wq: ****BRUNO***** cp BARRA: -> cp ./cache/file-0-af4883bae18b8169ace09c1fbbe4e952-test.fasta.12 /cache.
2019/11/27 12:19:25.66 work_queue_worker[1] wq: rx from master: task 8
2019/11/27 12:19:25.66 work_queue_worker[1] wq: rx from master: cmd 88
2019/11/27 12:19:25.66 work_queue_worker[1] wq: rx from master: ./blastall -p blastn -d nt/nt -i test.fasta.12 -o test.fasta.12.out 2> test.fasta.12.err
2019/11/27 12:19:25.66 work_queue_worker[1] wq: rx from master: category default
2019/11/27 12:19:25.66 work_queue_worker[1] wq: rx from master: cores 1
2019/11/27 12:19:25.66 work_queue_worker[1] wq: rx from master: memory 7749
2019/11/27 12:19:25.66 work_queue_worker[1] wq: rx from master: disk 180539
2019/11/27 12:19:25.66 work_queue_worker[1] wq: rx from master: gpus 0
2019/11/27 12:19:25.66 work_queue_worker[1] wq: rx from master: end_time 18446744073709551615
2019/11/27 12:19:25.66 work_queue_worker[1] wq: rx from master: wall_time 18446744073709551615
2019/11/27 12:19:25.66 work_queue_worker[1] wq: rx from master: env 7
2019/11/27 12:19:25.66 work_queue_worker[1] wq: rx from master: env 17
2019/11/27 12:19:25.66 work_queue_worker[1] wq: rx from master: infile file-0-25930e3036f13852cb0b29694bbab611-nt nt 1
2019/11/27 12:19:25.66 work_queue_worker[1] wq: rx from master: infile file-0-af4883bae18b8169ace09c1fbbe4e952-test.fasta.12 test.fasta.12 1
2019/11/27 12:19:25.66 work_queue_worker[1] wq: rx from master: infile file-0-daa9c57850b857b80eefebbca6aa18ce-blastall blastall 1
2019/11/27 12:19:25.66 work_queue_worker[1] wq: rx from master: outfile file-0-95cba511760cf5607a658110dca9e4d2-test.fasta.12.err test.fasta.12.err 1
2019/11/27 12:19:25.66 work_queue_worker[1] wq: rx from master: outfile file-0-b023ebea6f17836ab62822f542cbcf46-test.fasta.12.out test.fasta.12.out 1
2019/11/27 12:19:25.66 work_queue_worker[1] wq: rx from master: end
2019/11/27 12:19:25.66 work_queue_worker[1] wq: tx to master: info cached_files file-0-0008645a00ac79d3f3bea1ddf871bace-test.fasta.15
2019/11/27 12:19:25.66 work_queue_worker[1] wq: tx to master: info cached_files file-0-396e442289ce14a42a6f16a9e7d1098a-test.fasta.10
2019/11/27 12:19:25.66 work_queue_worker[1] wq: tx to master: info cached_files file-0-e12986ebc464dac7f0b0058f77809607-test.fasta.17
2019/11/27 12:19:25.66 work_queue_worker[1] wq: tx to master: info cached_files file-0-3410183026126208c01eade572fb5bdf-test.fasta.8
2019/11/27 12:19:25.66 work_queue_worker[1] wq: tx to master: info cached_files file-0-af4883bae18b8169ace09c1fbbe4e952-test.fasta.12
2019/11/27 12:19:25.66 work_queue_worker[1] wq: tx to master: info cached_files file-0-861f258aeedab7469eb02fd8febc6d36-test.fasta.13
2019/11/27 12:19:25.66 work_queue_worker[1] wq: linking cache/file-0-25930e3036f13852cb0b29694bbab611-nt to /tmp/worker-0-1/t.8/nt
2019/11/27 12:19:25.66 work_queue_worker[1] wq: linking cache/file-0-af4883bae18b8169ace09c1fbbe4e952-test.fasta.12 to /tmp/worker-0-1/t.8/test.fasta.12
2019/11/27 12:19:25.66 work_queue_worker[1] wq: linking cache/file-0-daa9c57850b857b80eefebbca6aa18ce-blastall to /tmp/worker-0-1/t.8/blastall
2019/11/27 12:19:25.66 work_queue_worker[1] wq: started process 48: ./blastall -p blastn -d nt/nt -i test.fasta.12 -o test.fasta.12.out 2> test.fasta.12.err
2019/11/27 12:19:25.66 work_queue_worker[1] wq: tx to master: info tasks_running 1
2019/11/27 12:19:43.86 work_queue_worker[1] wq: task 8 (pid 48) exited normally with exit code 0
2019/11/27 12:19:43.86 work_queue_worker[1] wq: moving output file from /tmp/worker-0-1/t.8/test.fasta.12.err to cache/file-0-95cba511760cf5607a658110dca9e4d2-test.fasta.12.err
2019/11/27 12:19:43.86 work_queue_worker[1] wq: moving output file from /tmp/worker-0-1/t.8/test.fasta.12.out to cache/file-0-b023ebea6f17836ab62822f542cbcf46-test.fasta.12.out
2019/11/27 12:19:43.86 work_queue_worker[1] wq: tx to master: available_results
2019/11/27 12:19:43.86 work_queue_worker[1] wq: rx from master: send_results -1
2019/11/27 12:19:43.86 work_queue_worker[1] wq: tx to master: result 0 0 0 18193312 8
2019/11/27 12:19:43.86 work_queue_worker[1] wq: tx to master: info tasks_running 0
2019/11/27 12:19:43.86 work_queue_worker[1] wq: tx to master: end
2019/11/27 12:19:43.86 work_queue_worker[1] wq: rx from master: get file-0-95cba511760cf5607a658110dca9e4d2-test.fasta.12.err 1
2019/11/27 12:19:43.86 work_queue_worker[1] wq: tx to master: file file-0-95cba511760cf5607a658110dca9e4d2-test.fasta.12.err 0
2019/11/27 12:19:43.86 work_queue_worker[1] wq: tx to master: end
2019/11/27 12:19:43.86 work_queue_worker[1] wq: rx from master: get file-0-b023ebea6f17836ab62822f542cbcf46-test.fasta.12.out 1
2019/11/27 12:19:43.86 work_queue_worker[1] wq: tx to master: file file-0-b023ebea6f17836ab62822f542cbcf46-test.fasta.12.out 34494
2019/11/27 12:19:43.86 work_queue_worker[1] wq: tx to master: end
2019/11/27 12:19:43.86 work_queue_worker[1] wq: rx from master: kill 8
2019/11/27 12:19:43.86 work_queue_worker[1] wq: ---- DELETING: /tmp/worker-0-1/t.8
2019/11/27 12:19:50.03 work_queue_worker[1] wq: rx from master: release
2019/11/27 12:19:50.03 work_queue_worker[1] wq: released by master 10.0.29.2:1026.
2019/11/27 12:19:50.03 work_queue_worker[1] wq: *********** BRUNO ******** NOT cleaning workspace /tmp/worker-0-1
2019/11/27 12:19:50.03 work_queue_worker[1] wq: disconnecting from master 10.0.29.2:1026
2019/11/27 12:19:50.03 work_queue_worker[1] tcp: disconnected from 10.0.29.2 port 1026
2019/11/27 12:19:50.03 work_queue_worker[1] wq: killing all outstanding tasks
2019/11/27 12:19:50.03 work_queue_worker[1] wq: ---- DELETING: /tmp/worker-0-1/t.1
2019/11/27 12:19:50.03 work_queue_worker[1] wq: all data structures are clean
2019/11/27 12:19:51.03 work_queue_worker[1] tcp: connecting to 10.0.29.2 port 1026
