2019/11/27 11:57:13.89 work_queue_worker[1] debug: /home/cctools_BRUNO_bin/bin/work_queue_worker version 8.0.0 DEVELOPMENT (released 2019-11-06 16:35:57 +0000)
2019/11/27 11:57:13.89 work_queue_worker[1] debug: Built by root@2546322b0463 on 2019-11-06 16:35:57 +0000
2019/11/27 11:57:13.89 work_queue_worker[1] debug: System: Linux 2546322b0463 5.0.0-32-generic #34~18.04.2-Ubuntu SMP Thu Oct 10 10:36:02 UTC 2019 x86_64 x86_64 x86_64 GNU/Linux
2019/11/27 11:57:13.89 work_queue_worker[1] debug: Configuration: --prefix /home/cctools_BRUNO_bin
2019/11/27 11:57:13.89 work_queue_worker[1] wq: WORK_QUEUE_SANDBOX set to /tmp/worker-0-1.
2019/11/27 11:57:13.89 work_queue_worker[1] debug: error reading disk usage on directory: ./cache.
2019/11/27 11:57:13.89 work_queue_worker[1] dns: looking up name master
2019/11/27 11:57:13.90 work_queue_worker[1] dns: master is 10.0.25.11
2019/11/27 11:57:13.90 work_queue_worker[1] tcp: connecting to 10.0.25.11 port 1026
2019/11/27 11:57:13.90 work_queue_worker[1] tcp: made connection to 10.0.25.11 port 1026
2019/11/27 11:57:13.90 work_queue_worker[1] wq: connected to master master:1026 via local address 10.0.25.20:40682
2019/11/27 11:57:13.90 work_queue_worker[1] wq: preparing workspace /tmp/worker-0-1
2019/11/27 11:57:13.90 work_queue_worker[1] dns: looking up name 1b771fa3c576
2019/11/27 11:57:13.90 work_queue_worker[1] dns: 1b771fa3c576 is 10.0.25.20
2019/11/27 11:57:13.90 work_queue_worker[1] dns: looking up addr 10.0.25.20
2019/11/27 11:57:13.90 work_queue_worker[1] dns: 10.0.25.20 is 1b771fa3c576
2019/11/27 11:57:13.90 work_queue_worker[1] dns: finding my hostname: uname = 1b771fa3c576, address = 10.0.25.20, hostname = 1b771fa3c576
2019/11/27 11:57:13.90 work_queue_worker[1] wq: tx to master: workqueue 8 1b771fa3c576 Linux x86_64 8.0.0
2019/11/27 11:57:13.90 work_queue_worker[1] wq: tx to master: info worker-id worker-4be482bdeda382275e8f5fbc37b2dfd4
2019/11/27 11:57:13.90 work_queue_worker[1] wq: tx to master: info cached_files file-0-e046ec692c0ced962d3265bfe7245360-test.fasta.14
2019/11/27 11:57:13.90 work_queue_worker[1] wq: tx to master: info cached_files file-0-25930e3036f13852cb0b29694bbab611-nt
2019/11/27 11:57:13.90 work_queue_worker[1] wq: tx to master: info cached_files file-0-daa9c57850b857b80eefebbca6aa18ce-blastall
2019/11/27 11:57:13.90 work_queue_worker[1] wq: tx to master: alive
2019/11/27 11:57:13.90 work_queue_worker[1] wq: Sending resource description to master:
2019/11/27 11:57:13.90 work_queue_worker[1] wq:  workers      0 inuse      1 total      1 smallest      1 largest
2019/11/27 11:57:13.90 work_queue_worker[1] wq:     disk      0 inuse 179926 total 179926 smallest 179926 largest
2019/11/27 11:57:13.90 work_queue_worker[1] wq:   memory      0 inuse   7749 total   7749 smallest   7749 largest
2019/11/27 11:57:13.90 work_queue_worker[1] wq:     gpus      0 inuse      0 total      0 smallest      0 largest
2019/11/27 11:57:13.90 work_queue_worker[1] wq:    cores      0 inuse      1 total      1 smallest      1 largest
2019/11/27 11:57:13.90 work_queue_worker[1] wq: tx to master: info end_of_resource_update 0
2019/11/27 11:57:13.90 work_queue_worker[1] wq: tx to master: info tasks_running 0
2019/11/27 11:57:13.90 work_queue_worker[1] wq: working for master at 10.0.25.11:1026.
2019/11/27 11:57:22.73 work_queue_worker[1] wq: rx from master: put file-0-91e2799df52756191dbca22d7b7cd23c-test.fasta.19 10120 0644 1
2019/11/27 11:57:22.73 work_queue_worker[1] wq: Putting file file-0-91e2799df52756191dbca22d7b7cd23c-test.fasta.19 into workspace
2019/11/27 11:57:22.73 work_queue_worker[1] wq: Dir /cache already exists in cache
2019/11/27 11:57:22.73 work_queue_worker[1] wq: ****BRUNO***** cp BARRA: -> cp ./cache/file-0-91e2799df52756191dbca22d7b7cd23c-test.fasta.19 /cache.
2019/11/27 11:57:22.74 work_queue_worker[1] wq: rx from master: task 1
2019/11/27 11:57:22.74 work_queue_worker[1] wq: rx from master: cmd 88
2019/11/27 11:57:22.74 work_queue_worker[1] wq: rx from master: ./blastall -p blastn -d nt/nt -i test.fasta.19 -o test.fasta.19.out 2> test.fasta.19.err
2019/11/27 11:57:22.74 work_queue_worker[1] wq: rx from master: category default
2019/11/27 11:57:22.74 work_queue_worker[1] wq: rx from master: cores 1
2019/11/27 11:57:22.74 work_queue_worker[1] wq: rx from master: memory 7749
2019/11/27 11:57:22.74 work_queue_worker[1] wq: rx from master: disk 179926
2019/11/27 11:57:22.74 work_queue_worker[1] wq: rx from master: gpus 0
2019/11/27 11:57:22.74 work_queue_worker[1] wq: rx from master: end_time 18446744073709551615
2019/11/27 11:57:22.74 work_queue_worker[1] wq: rx from master: wall_time 18446744073709551615
2019/11/27 11:57:22.74 work_queue_worker[1] wq: rx from master: env 7
2019/11/27 11:57:22.74 work_queue_worker[1] wq: rx from master: env 17
2019/11/27 11:57:22.74 work_queue_worker[1] wq: rx from master: infile file-0-25930e3036f13852cb0b29694bbab611-nt nt 1
2019/11/27 11:57:22.74 work_queue_worker[1] wq: rx from master: infile file-0-91e2799df52756191dbca22d7b7cd23c-test.fasta.19 test.fasta.19 1
2019/11/27 11:57:22.74 work_queue_worker[1] wq: rx from master: infile file-0-daa9c57850b857b80eefebbca6aa18ce-blastall blastall 1
2019/11/27 11:57:22.74 work_queue_worker[1] wq: rx from master: outfile file-0-8eab36096679637a447522c8eb5ec8c1-test.fasta.19.err test.fasta.19.err 1
2019/11/27 11:57:22.74 work_queue_worker[1] wq: rx from master: outfile file-0-9883c7748ac27d46878553d23e293154-test.fasta.19.out test.fasta.19.out 1
2019/11/27 11:57:22.74 work_queue_worker[1] wq: rx from master: end
2019/11/27 11:57:22.74 work_queue_worker[1] wq: tx to master: info cached_files file-0-bd98410c4ed2bfaa95819f1849189081-test.fasta.18
2019/11/27 11:57:22.74 work_queue_worker[1] wq: tx to master: info cached_files file-0-91e2799df52756191dbca22d7b7cd23c-test.fasta.19
2019/11/27 11:57:22.74 work_queue_worker[1] wq: tx to master: info cached_files file-0-396e442289ce14a42a6f16a9e7d1098a-test.fasta.10
2019/11/27 11:57:22.74 work_queue_worker[1] wq: tx to master: info cached_files file-0-40fd5f960224a9a20c2e8e46163bd3bc-test.fasta.0
2019/11/27 11:57:22.74 work_queue_worker[1] wq: linking cache/file-0-25930e3036f13852cb0b29694bbab611-nt to /tmp/worker-0-1/t.1/nt
2019/11/27 11:57:22.75 work_queue_worker[1] wq: linking cache/file-0-91e2799df52756191dbca22d7b7cd23c-test.fasta.19 to /tmp/worker-0-1/t.1/test.fasta.19
2019/11/27 11:57:22.75 work_queue_worker[1] wq: linking cache/file-0-daa9c57850b857b80eefebbca6aa18ce-blastall to /tmp/worker-0-1/t.1/blastall
2019/11/27 11:57:22.75 work_queue_worker[1] wq: started process 13: ./blastall -p blastn -d nt/nt -i test.fasta.19 -o test.fasta.19.out 2> test.fasta.19.err
2019/11/27 11:57:22.75 work_queue_worker[1] wq: tx to master: info tasks_running 1
2019/11/27 11:57:42.41 work_queue_worker[1] wq: task 1 (pid 13) exited normally with exit code 0
2019/11/27 11:57:42.41 work_queue_worker[1] wq: moving output file from /tmp/worker-0-1/t.1/test.fasta.19.err to cache/file-0-8eab36096679637a447522c8eb5ec8c1-test.fasta.19.err
2019/11/27 11:57:42.41 work_queue_worker[1] wq: moving output file from /tmp/worker-0-1/t.1/test.fasta.19.out to cache/file-0-9883c7748ac27d46878553d23e293154-test.fasta.19.out
2019/11/27 11:57:42.41 work_queue_worker[1] wq: tx to master: available_results
2019/11/27 11:57:42.41 work_queue_worker[1] wq: rx from master: send_results -1
2019/11/27 11:57:42.41 work_queue_worker[1] wq: tx to master: result 0 0 0 19661600 1
2019/11/27 11:57:42.41 work_queue_worker[1] wq: tx to master: info tasks_running 0
2019/11/27 11:57:42.41 work_queue_worker[1] wq: tx to master: end
2019/11/27 11:57:42.41 work_queue_worker[1] wq: rx from master: get file-0-8eab36096679637a447522c8eb5ec8c1-test.fasta.19.err 1
2019/11/27 11:57:42.41 work_queue_worker[1] wq: tx to master: file file-0-8eab36096679637a447522c8eb5ec8c1-test.fasta.19.err 0
2019/11/27 11:57:42.41 work_queue_worker[1] wq: tx to master: end
2019/11/27 11:57:42.41 work_queue_worker[1] wq: rx from master: get file-0-9883c7748ac27d46878553d23e293154-test.fasta.19.out 1
2019/11/27 11:57:42.41 work_queue_worker[1] wq: tx to master: file file-0-9883c7748ac27d46878553d23e293154-test.fasta.19.out 31186
2019/11/27 11:57:42.41 work_queue_worker[1] wq: tx to master: end
2019/11/27 11:57:42.41 work_queue_worker[1] wq: rx from master: kill 1
2019/11/27 11:57:42.41 work_queue_worker[1] wq: ---- DELETING: /tmp/worker-0-1/t.1
2019/11/27 11:57:42.41 work_queue_worker[1] wq: rx from master: put file-0-861f258aeedab7469eb02fd8febc6d36-test.fasta.13 10120 0644 1
2019/11/27 11:57:42.41 work_queue_worker[1] wq: Putting file file-0-861f258aeedab7469eb02fd8febc6d36-test.fasta.13 into workspace
2019/11/27 11:57:42.41 work_queue_worker[1] wq: Dir /cache already exists in cache
2019/11/27 11:57:42.42 work_queue_worker[1] wq: ****BRUNO***** cp BARRA: -> cp ./cache/file-0-861f258aeedab7469eb02fd8febc6d36-test.fasta.13 /cache.
2019/11/27 11:57:42.42 work_queue_worker[1] wq: rx from master: task 7
2019/11/27 11:57:42.42 work_queue_worker[1] wq: rx from master: cmd 88
2019/11/27 11:57:42.42 work_queue_worker[1] wq: rx from master: ./blastall -p blastn -d nt/nt -i test.fasta.13 -o test.fasta.13.out 2> test.fasta.13.err
2019/11/27 11:57:42.42 work_queue_worker[1] wq: rx from master: category default
2019/11/27 11:57:42.42 work_queue_worker[1] wq: rx from master: cores 1
2019/11/27 11:57:42.42 work_queue_worker[1] wq: rx from master: memory 7749
2019/11/27 11:57:42.42 work_queue_worker[1] wq: rx from master: disk 179926
2019/11/27 11:57:42.42 work_queue_worker[1] wq: rx from master: gpus 0
2019/11/27 11:57:42.42 work_queue_worker[1] wq: rx from master: end_time 18446744073709551615
2019/11/27 11:57:42.42 work_queue_worker[1] wq: rx from master: wall_time 18446744073709551615
2019/11/27 11:57:42.42 work_queue_worker[1] wq: rx from master: env 7
2019/11/27 11:57:42.42 work_queue_worker[1] wq: rx from master: env 17
2019/11/27 11:57:42.42 work_queue_worker[1] wq: rx from master: infile file-0-25930e3036f13852cb0b29694bbab611-nt nt 1
2019/11/27 11:57:42.42 work_queue_worker[1] wq: rx from master: infile file-0-861f258aeedab7469eb02fd8febc6d36-test.fasta.13 test.fasta.13 1
2019/11/27 11:57:42.42 work_queue_worker[1] wq: rx from master: infile file-0-daa9c57850b857b80eefebbca6aa18ce-blastall blastall 1
2019/11/27 11:57:42.42 work_queue_worker[1] wq: rx from master: outfile file-0-a1e084cfb47df79ee8a2d374c2d9abba-test.fasta.13.err test.fasta.13.err 1
2019/11/27 11:57:42.42 work_queue_worker[1] wq: rx from master: outfile file-0-dc058f4294b64abb0a149cc97b0d5b94-test.fasta.13.out test.fasta.13.out 1
2019/11/27 11:57:42.42 work_queue_worker[1] wq: rx from master: end
2019/11/27 11:57:42.42 work_queue_worker[1] wq: tx to master: info cached_files file-0-3410183026126208c01eade572fb5bdf-test.fasta.8
2019/11/27 11:57:42.42 work_queue_worker[1] wq: tx to master: info cached_files file-0-861f258aeedab7469eb02fd8febc6d36-test.fasta.13
2019/11/27 11:57:42.42 work_queue_worker[1] wq: linking cache/file-0-25930e3036f13852cb0b29694bbab611-nt to /tmp/worker-0-1/t.7/nt
2019/11/27 11:57:42.42 work_queue_worker[1] wq: linking cache/file-0-861f258aeedab7469eb02fd8febc6d36-test.fasta.13 to /tmp/worker-0-1/t.7/test.fasta.13
2019/11/27 11:57:42.42 work_queue_worker[1] wq: linking cache/file-0-daa9c57850b857b80eefebbca6aa18ce-blastall to /tmp/worker-0-1/t.7/blastall
2019/11/27 11:57:42.42 work_queue_worker[1] wq: started process 19: ./blastall -p blastn -d nt/nt -i test.fasta.13 -o test.fasta.13.out 2> test.fasta.13.err
2019/11/27 11:57:42.42 work_queue_worker[1] wq: tx to master: info tasks_running 1
2019/11/27 11:58:01.21 work_queue_worker[1] wq: task 7 (pid 19) exited normally with exit code 0
2019/11/27 11:58:01.21 work_queue_worker[1] wq: moving output file from /tmp/worker-0-1/t.7/test.fasta.13.err to cache/file-0-a1e084cfb47df79ee8a2d374c2d9abba-test.fasta.13.err
2019/11/27 11:58:01.21 work_queue_worker[1] wq: moving output file from /tmp/worker-0-1/t.7/test.fasta.13.out to cache/file-0-dc058f4294b64abb0a149cc97b0d5b94-test.fasta.13.out
2019/11/27 11:58:01.21 work_queue_worker[1] wq: tx to master: available_results
2019/11/27 11:58:01.21 work_queue_worker[1] wq: rx from master: send_results -1
2019/11/27 11:58:01.21 work_queue_worker[1] wq: tx to master: result 0 0 0 18789054 7
2019/11/27 11:58:01.21 work_queue_worker[1] wq: tx to master: info tasks_running 0
2019/11/27 11:58:01.21 work_queue_worker[1] wq: tx to master: end
2019/11/27 11:58:01.21 work_queue_worker[1] wq: rx from master: get file-0-a1e084cfb47df79ee8a2d374c2d9abba-test.fasta.13.err 1
2019/11/27 11:58:01.21 work_queue_worker[1] wq: tx to master: file file-0-a1e084cfb47df79ee8a2d374c2d9abba-test.fasta.13.err 0
2019/11/27 11:58:01.21 work_queue_worker[1] wq: tx to master: end
2019/11/27 11:58:01.21 work_queue_worker[1] wq: rx from master: get file-0-dc058f4294b64abb0a149cc97b0d5b94-test.fasta.13.out 1
2019/11/27 11:58:01.21 work_queue_worker[1] wq: tx to master: file file-0-dc058f4294b64abb0a149cc97b0d5b94-test.fasta.13.out 23659
2019/11/27 11:58:01.21 work_queue_worker[1] wq: tx to master: end
2019/11/27 11:58:01.22 work_queue_worker[1] wq: rx from master: kill 7
2019/11/27 11:58:01.22 work_queue_worker[1] wq: ---- DELETING: /tmp/worker-0-1/t.7
2019/11/27 11:58:02.72 work_queue_worker[1] wq: rx from master: release
2019/11/27 11:58:02.72 work_queue_worker[1] wq: released by master 10.0.25.11:1026.
2019/11/27 11:58:02.72 work_queue_worker[1] wq: *********** BRUNO ******** NOT cleaning workspace /tmp/worker-0-1
2019/11/27 11:58:02.72 work_queue_worker[1] wq: disconnecting from master 10.0.25.11:1026
2019/11/27 11:58:02.72 work_queue_worker[1] tcp: disconnected from 10.0.25.11 port 1026
2019/11/27 11:58:02.72 work_queue_worker[1] wq: killing all outstanding tasks
2019/11/27 11:58:02.72 work_queue_worker[1] wq: all data structures are clean
2019/11/27 11:58:03.72 work_queue_worker[1] tcp: connecting to 10.0.25.11 port 1026
