2019/11/27 11:44:30.09 work_queue_worker[1] debug: /home/cctools_BRUNO_bin/bin/work_queue_worker version 8.0.0 DEVELOPMENT (released 2019-11-06 16:35:57 +0000)
2019/11/27 11:44:30.09 work_queue_worker[1] debug: Built by root@2546322b0463 on 2019-11-06 16:35:57 +0000
2019/11/27 11:44:30.09 work_queue_worker[1] debug: System: Linux 2546322b0463 5.0.0-32-generic #34~18.04.2-Ubuntu SMP Thu Oct 10 10:36:02 UTC 2019 x86_64 x86_64 x86_64 GNU/Linux
2019/11/27 11:44:30.09 work_queue_worker[1] debug: Configuration: --prefix /home/cctools_BRUNO_bin
2019/11/27 11:44:30.09 work_queue_worker[1] wq: WORK_QUEUE_SANDBOX set to /tmp/worker-0-1.
2019/11/27 11:44:30.09 work_queue_worker[1] debug: error reading disk usage on directory: ./cache.
2019/11/27 11:44:30.09 work_queue_worker[1] dns: looking up name master
2019/11/27 11:44:30.09 work_queue_worker[1] dns: couldn't look up master: Name or service not known
2019/11/27 11:44:32.09 work_queue_worker[1] dns: looking up name master
2019/11/27 11:44:32.09 work_queue_worker[1] dns: master is 10.0.25.11
2019/11/27 11:44:32.09 work_queue_worker[1] tcp: connecting to 10.0.25.11 port 1026
2019/11/27 11:44:32.09 work_queue_worker[1] tcp: made connection to 10.0.25.11 port 1026
2019/11/27 11:44:32.09 work_queue_worker[1] wq: connected to master master:1026 via local address 10.0.25.6:44764
2019/11/27 11:44:32.09 work_queue_worker[1] wq: preparing workspace /tmp/worker-0-1
2019/11/27 11:44:32.09 work_queue_worker[1] dns: looking up name f633a5f933f0
2019/11/27 11:44:32.09 work_queue_worker[1] dns: f633a5f933f0 is 10.0.25.6
2019/11/27 11:44:32.09 work_queue_worker[1] dns: looking up addr 10.0.25.6
2019/11/27 11:44:32.09 work_queue_worker[1] dns: 10.0.25.6 is f633a5f933f0
2019/11/27 11:44:32.09 work_queue_worker[1] dns: finding my hostname: uname = f633a5f933f0, address = 10.0.25.6, hostname = f633a5f933f0
2019/11/27 11:44:32.09 work_queue_worker[1] wq: tx to master: workqueue 8 f633a5f933f0 Linux x86_64 8.0.0
2019/11/27 11:44:32.09 work_queue_worker[1] wq: tx to master: info worker-id worker-fb7af385eea7857a96220632a2e6f414
2019/11/27 11:44:32.09 work_queue_worker[1] wq: tx to master: info cached_files file-0-25930e3036f13852cb0b29694bbab611-nt
2019/11/27 11:44:32.09 work_queue_worker[1] wq: tx to master: alive
2019/11/27 11:44:32.09 work_queue_worker[1] wq: Sending resource description to master:
2019/11/27 11:44:32.09 work_queue_worker[1] wq:  workers      0 inuse      1 total      1 smallest      1 largest
2019/11/27 11:44:32.09 work_queue_worker[1] wq:     disk      0 inuse   2294 total   2294 smallest   2294 largest
2019/11/27 11:44:32.09 work_queue_worker[1] wq:   memory      0 inuse  11908 total  11908 smallest  11908 largest
2019/11/27 11:44:32.09 work_queue_worker[1] wq:     gpus      0 inuse      0 total      0 smallest      0 largest
2019/11/27 11:44:32.09 work_queue_worker[1] wq:    cores      0 inuse      1 total      1 smallest      1 largest
2019/11/27 11:44:32.09 work_queue_worker[1] wq: tx to master: info end_of_resource_update 0
2019/11/27 11:44:32.09 work_queue_worker[1] wq: tx to master: info tasks_running 0
2019/11/27 11:44:32.09 work_queue_worker[1] wq: working for master at 10.0.25.11:1026.
2019/11/27 11:44:49.10 work_queue_worker[1] wq: rx from master: put file-0-0008645a00ac79d3f3bea1ddf871bace-test.fasta.15 10120 0644 1
2019/11/27 11:44:49.10 work_queue_worker[1] wq: Putting file file-0-0008645a00ac79d3f3bea1ddf871bace-test.fasta.15 into workspace
2019/11/27 11:44:49.10 work_queue_worker[1] wq: Dir /cache already exists in cache
2019/11/27 11:44:49.11 work_queue_worker[1] wq: ****BRUNO***** cp BARRA: -> cp ./cache/file-0-0008645a00ac79d3f3bea1ddf871bace-test.fasta.15 /cache.
2019/11/27 11:44:49.11 work_queue_worker[1] wq: rx from master: put file-0-daa9c57850b857b80eefebbca6aa18ce-blastall 7687410 0755 1
2019/11/27 11:44:49.11 work_queue_worker[1] wq: Putting file file-0-daa9c57850b857b80eefebbca6aa18ce-blastall into workspace
2019/11/27 11:44:49.11 work_queue_worker[1] wq: Dir /cache already exists in cache
2019/11/27 11:44:49.12 work_queue_worker[1] wq: ****BRUNO***** cp BARRA: -> cp ./cache/file-0-daa9c57850b857b80eefebbca6aa18ce-blastall /cache.
2019/11/27 11:44:49.15 work_queue_worker[1] wq: rx from master: task 5
2019/11/27 11:44:49.15 work_queue_worker[1] wq: rx from master: cmd 88
2019/11/27 11:44:49.15 work_queue_worker[1] wq: rx from master: ./blastall -p blastn -d nt/nt -i test.fasta.15 -o test.fasta.15.out 2> test.fasta.15.err
2019/11/27 11:44:49.15 work_queue_worker[1] wq: rx from master: category default
2019/11/27 11:44:49.15 work_queue_worker[1] wq: rx from master: cores 1
2019/11/27 11:44:49.15 work_queue_worker[1] wq: rx from master: memory 11908
2019/11/27 11:44:49.15 work_queue_worker[1] wq: rx from master: disk 2294
2019/11/27 11:44:49.15 work_queue_worker[1] wq: rx from master: gpus 0
2019/11/27 11:44:49.15 work_queue_worker[1] wq: rx from master: end_time 18446744073709551615
2019/11/27 11:44:49.15 work_queue_worker[1] wq: rx from master: wall_time 18446744073709551615
2019/11/27 11:44:49.15 work_queue_worker[1] wq: rx from master: env 7
2019/11/27 11:44:49.15 work_queue_worker[1] wq: rx from master: env 17
2019/11/27 11:44:49.15 work_queue_worker[1] wq: rx from master: infile file-0-25930e3036f13852cb0b29694bbab611-nt nt 1
2019/11/27 11:44:49.15 work_queue_worker[1] wq: rx from master: infile file-0-0008645a00ac79d3f3bea1ddf871bace-test.fasta.15 test.fasta.15 1
2019/11/27 11:44:49.15 work_queue_worker[1] wq: rx from master: infile file-0-daa9c57850b857b80eefebbca6aa18ce-blastall blastall 1
2019/11/27 11:44:49.15 work_queue_worker[1] wq: rx from master: outfile file-0-018f568daaa4c9813af138b9acc80300-test.fasta.15.err test.fasta.15.err 1
2019/11/27 11:44:49.15 work_queue_worker[1] wq: rx from master: outfile file-0-b230c590bc23b5b924df9e9d98a59cf3-test.fasta.15.out test.fasta.15.out 1
2019/11/27 11:44:49.15 work_queue_worker[1] wq: rx from master: end
2019/11/27 11:44:49.15 work_queue_worker[1] wq: tx to master: info cached_files file-0-e7f309af480f7b15cfe71180f5284818-test.fasta.16
2019/11/27 11:44:49.15 work_queue_worker[1] wq: tx to master: info cached_files file-0-e12986ebc464dac7f0b0058f77809607-test.fasta.17
2019/11/27 11:44:49.15 work_queue_worker[1] wq: tx to master: info cached_files file-0-daa9c57850b857b80eefebbca6aa18ce-blastall
2019/11/27 11:44:49.15 work_queue_worker[1] wq: tx to master: info cached_files file-0-91e2799df52756191dbca22d7b7cd23c-test.fasta.19
2019/11/27 11:44:49.15 work_queue_worker[1] wq: tx to master: info cached_files file-0-0008645a00ac79d3f3bea1ddf871bace-test.fasta.15
2019/11/27 11:44:49.16 work_queue_worker[1] wq: linking cache/file-0-25930e3036f13852cb0b29694bbab611-nt to /tmp/worker-0-1/t.5/nt
2019/11/27 11:44:49.16 work_queue_worker[1] wq: linking cache/file-0-0008645a00ac79d3f3bea1ddf871bace-test.fasta.15 to /tmp/worker-0-1/t.5/test.fasta.15
2019/11/27 11:44:49.16 work_queue_worker[1] wq: linking cache/file-0-daa9c57850b857b80eefebbca6aa18ce-blastall to /tmp/worker-0-1/t.5/blastall
2019/11/27 11:44:49.16 work_queue_worker[1] wq: Waiting task 5 has been forsaken.
2019/11/27 11:44:49.16 work_queue_worker[1] wq: tx to master: alive
2019/11/27 11:44:49.16 work_queue_worker[1] wq: Sending resource description to master:
2019/11/27 11:44:49.16 work_queue_worker[1] wq:  workers      0 inuse      1 total      1 smallest      1 largest
2019/11/27 11:44:49.16 work_queue_worker[1] wq:     disk      0 inuse   1007 total   1007 smallest   1007 largest
2019/11/27 11:44:49.16 work_queue_worker[1] wq:   memory      0 inuse  11908 total  11908 smallest  11908 largest
2019/11/27 11:44:49.16 work_queue_worker[1] wq:     gpus      0 inuse      0 total      0 smallest      0 largest
2019/11/27 11:44:49.16 work_queue_worker[1] wq:    cores      0 inuse      1 total      1 smallest      1 largest
2019/11/27 11:44:49.16 work_queue_worker[1] wq: tx to master: info end_of_resource_update 0
2019/11/27 11:44:49.16 work_queue_worker[1] wq: tx to master: info tasks_running 0
2019/11/27 11:44:49.16 work_queue_worker[1] wq: tx to master: info tasks_running 0
2019/11/27 11:44:49.16 work_queue_worker[1] wq: tx to master: available_results
2019/11/27 11:46:49.17 work_queue_worker[1] wq: rx from master: check
2019/11/27 11:46:49.17 work_queue_worker[1] wq: tx to master: alive
2019/11/27 11:46:49.17 work_queue_worker[1] wq: tx to master: info tasks_running 0
2019/11/27 11:48:22.76 work_queue_worker[1] wq: rx from master: send_results -1
2019/11/27 11:48:22.76 work_queue_worker[1] wq: tx to master: result 40 0 0 0 5
2019/11/27 11:48:22.76 work_queue_worker[1] wq: tx to master: info tasks_running 0
2019/11/27 11:48:22.76 work_queue_worker[1] wq: tx to master: end
2019/11/27 11:48:22.76 work_queue_worker[1] wq: rx from master: put file-0-fc9a4f7caa888a46e12e2e1209ae754c-test.fasta.5 10110 0644 1
2019/11/27 11:48:22.76 work_queue_worker[1] wq: Putting file file-0-fc9a4f7caa888a46e12e2e1209ae754c-test.fasta.5 into workspace
2019/11/27 11:48:22.76 work_queue_worker[1] wq: Dir /cache already exists in cache
2019/11/27 11:48:22.76 work_queue_worker[1] wq: ****BRUNO***** cp BARRA: -> cp ./cache/file-0-fc9a4f7caa888a46e12e2e1209ae754c-test.fasta.5 /cache.
2019/11/27 11:48:22.77 work_queue_worker[1] wq: rx from master: task 15
2019/11/27 11:48:22.77 work_queue_worker[1] wq: rx from master: cmd 85
2019/11/27 11:48:22.77 work_queue_worker[1] wq: rx from master: ./blastall -p blastn -d nt/nt -i test.fasta.5 -o test.fasta.5.out 2> test.fasta.5.err
2019/11/27 11:48:22.77 work_queue_worker[1] wq: rx from master: category default
2019/11/27 11:48:22.77 work_queue_worker[1] wq: rx from master: cores 1
2019/11/27 11:48:22.77 work_queue_worker[1] wq: rx from master: memory 11908
2019/11/27 11:48:22.77 work_queue_worker[1] wq: rx from master: disk 1007
2019/11/27 11:48:22.77 work_queue_worker[1] wq: rx from master: gpus 0
2019/11/27 11:48:22.77 work_queue_worker[1] wq: rx from master: end_time 18446744073709551615
2019/11/27 11:48:22.77 work_queue_worker[1] wq: rx from master: wall_time 18446744073709551615
2019/11/27 11:48:22.77 work_queue_worker[1] wq: rx from master: env 7
2019/11/27 11:48:22.77 work_queue_worker[1] wq: rx from master: env 17
2019/11/27 11:48:22.77 work_queue_worker[1] wq: rx from master: infile file-0-25930e3036f13852cb0b29694bbab611-nt nt 1
2019/11/27 11:48:22.77 work_queue_worker[1] wq: rx from master: infile file-0-fc9a4f7caa888a46e12e2e1209ae754c-test.fasta.5 test.fasta.5 1
2019/11/27 11:48:22.77 work_queue_worker[1] wq: rx from master: infile file-0-daa9c57850b857b80eefebbca6aa18ce-blastall blastall 1
2019/11/27 11:48:22.77 work_queue_worker[1] wq: rx from master: outfile file-0-a828eb0064de4217d91adefe024593ea-test.fasta.5.err test.fasta.5.err 1
2019/11/27 11:48:22.77 work_queue_worker[1] wq: rx from master: outfile file-0-fbd2f53190114c61134d5302430022bd-test.fasta.5.out test.fasta.5.out 1
2019/11/27 11:48:22.77 work_queue_worker[1] wq: rx from master: end
2019/11/27 11:48:22.77 work_queue_worker[1] wq: tx to master: info cached_files file-0-3c684903ad7beb0f07c70d32ce209cf3-test.fasta.9
2019/11/27 11:48:22.77 work_queue_worker[1] wq: tx to master: info cached_files file-0-af4883bae18b8169ace09c1fbbe4e952-test.fasta.12
2019/11/27 11:48:22.77 work_queue_worker[1] wq: tx to master: info cached_files file-0-fc9a4f7caa888a46e12e2e1209ae754c-test.fasta.5
2019/11/27 11:48:22.77 work_queue_worker[1] wq: tx to master: info cached_files file-0-c6fe59e7bc34ad592758fbf1affd35b3-test.fasta.6
2019/11/27 11:48:22.77 work_queue_worker[1] wq: tx to master: info cached_files file-0-3410183026126208c01eade572fb5bdf-test.fasta.8
2019/11/27 11:48:22.77 work_queue_worker[1] wq: tx to master: info cached_files file-0-861f258aeedab7469eb02fd8febc6d36-test.fasta.13
2019/11/27 11:48:22.77 work_queue_worker[1] wq: linking cache/file-0-25930e3036f13852cb0b29694bbab611-nt to /tmp/worker-0-1/t.15/nt
2019/11/27 11:48:22.77 work_queue_worker[1] wq: linking cache/file-0-fc9a4f7caa888a46e12e2e1209ae754c-test.fasta.5 to /tmp/worker-0-1/t.15/test.fasta.5
2019/11/27 11:48:22.77 work_queue_worker[1] wq: linking cache/file-0-daa9c57850b857b80eefebbca6aa18ce-blastall to /tmp/worker-0-1/t.15/blastall
2019/11/27 11:48:22.77 work_queue_worker[1] wq: started process 20: ./blastall -p blastn -d nt/nt -i test.fasta.5 -o test.fasta.5.out 2> test.fasta.5.err
2019/11/27 11:48:22.77 work_queue_worker[1] wq: tx to master: info tasks_running 1
2019/11/27 11:48:43.60 work_queue_worker[1] wq: task 15 (pid 20) exited normally with exit code 0
2019/11/27 11:48:43.60 work_queue_worker[1] wq: moving output file from /tmp/worker-0-1/t.15/test.fasta.5.err to cache/file-0-a828eb0064de4217d91adefe024593ea-test.fasta.5.err
2019/11/27 11:48:43.60 work_queue_worker[1] wq: moving output file from /tmp/worker-0-1/t.15/test.fasta.5.out to cache/file-0-fbd2f53190114c61134d5302430022bd-test.fasta.5.out
2019/11/27 11:48:43.60 work_queue_worker[1] wq: tx to master: available_results
2019/11/27 11:48:43.60 work_queue_worker[1] wq: rx from master: send_results -1
2019/11/27 11:48:43.60 work_queue_worker[1] wq: tx to master: result 0 0 0 20825146 15
2019/11/27 11:48:43.60 work_queue_worker[1] wq: tx to master: info tasks_running 0
2019/11/27 11:48:43.60 work_queue_worker[1] wq: tx to master: end
2019/11/27 11:48:43.60 work_queue_worker[1] wq: rx from master: get file-0-a828eb0064de4217d91adefe024593ea-test.fasta.5.err 1
2019/11/27 11:48:43.60 work_queue_worker[1] wq: tx to master: file file-0-a828eb0064de4217d91adefe024593ea-test.fasta.5.err 0
2019/11/27 11:48:43.60 work_queue_worker[1] wq: tx to master: end
2019/11/27 11:48:43.60 work_queue_worker[1] wq: rx from master: get file-0-fbd2f53190114c61134d5302430022bd-test.fasta.5.out 1
2019/11/27 11:48:43.60 work_queue_worker[1] wq: tx to master: file file-0-fbd2f53190114c61134d5302430022bd-test.fasta.5.out 26060
2019/11/27 11:48:43.60 work_queue_worker[1] wq: tx to master: end
2019/11/27 11:48:43.60 work_queue_worker[1] wq: rx from master: kill 15
2019/11/27 11:48:43.60 work_queue_worker[1] wq: ---- DELETING: /tmp/worker-0-1/t.15
2019/11/27 11:48:43.60 work_queue_worker[1] wq: rx from master: task 21
2019/11/27 11:48:43.60 work_queue_worker[1] wq: rx from master: cmd 88
2019/11/27 11:48:43.60 work_queue_worker[1] wq: rx from master: ./blastall -p blastn -d nt/nt -i test.fasta.12 -o test.fasta.12.out 2> test.fasta.12.err
2019/11/27 11:48:43.60 work_queue_worker[1] wq: rx from master: category default
2019/11/27 11:48:43.60 work_queue_worker[1] wq: rx from master: cores 1
2019/11/27 11:48:43.60 work_queue_worker[1] wq: rx from master: memory 11908
2019/11/27 11:48:43.60 work_queue_worker[1] wq: rx from master: disk 1007
2019/11/27 11:48:43.60 work_queue_worker[1] wq: rx from master: gpus 0
2019/11/27 11:48:43.60 work_queue_worker[1] wq: rx from master: end_time 18446744073709551615
2019/11/27 11:48:43.60 work_queue_worker[1] wq: rx from master: wall_time 18446744073709551615
2019/11/27 11:48:43.60 work_queue_worker[1] wq: rx from master: env 7
2019/11/27 11:48:43.60 work_queue_worker[1] wq: rx from master: env 17
2019/11/27 11:48:43.60 work_queue_worker[1] wq: rx from master: infile file-0-25930e3036f13852cb0b29694bbab611-nt nt 1
2019/11/27 11:48:43.60 work_queue_worker[1] wq: rx from master: infile file-0-af4883bae18b8169ace09c1fbbe4e952-test.fasta.12 test.fasta.12 1
2019/11/27 11:48:43.60 work_queue_worker[1] wq: rx from master: infile file-0-daa9c57850b857b80eefebbca6aa18ce-blastall blastall 1
2019/11/27 11:48:43.60 work_queue_worker[1] wq: rx from master: outfile file-0-95cba511760cf5607a658110dca9e4d2-test.fasta.12.err test.fasta.12.err 1
2019/11/27 11:48:43.60 work_queue_worker[1] wq: rx from master: outfile file-0-b023ebea6f17836ab62822f542cbcf46-test.fasta.12.out test.fasta.12.out 1
2019/11/27 11:48:43.60 work_queue_worker[1] wq: rx from master: end
2019/11/27 11:48:43.60 work_queue_worker[1] wq: tx to master: info cached_files file-0-44e691287a28f8fe43f6653302546d8f-test.fasta.2
2019/11/27 11:48:43.60 work_queue_worker[1] wq: tx to master: info cached_files file-0-f7c60c99710a0f95199d7cf4150bb754-test.fasta.3
2019/11/27 11:48:43.60 work_queue_worker[1] wq: tx to master: info cached_files file-0-9f04d57561db456f4f47dcdca9feb103-test.fasta.7
2019/11/27 11:48:43.60 work_queue_worker[1] wq: tx to master: info cached_files file-0-21ce2e3623ee3a033739f28d47ebc2f3-test.fasta.1
2019/11/27 11:48:43.60 work_queue_worker[1] wq: tx to master: info cached_files file-0-c3a7eea4528f3888f4f96bb51f86b0ae-test.fasta.4
2019/11/27 11:48:43.60 work_queue_worker[1] wq: tx to master: info cached_files file-0-5d44d8f82cbb3f9ecaf466b060d01edb-test.fasta.11
2019/11/27 11:48:43.61 work_queue_worker[1] wq: linking cache/file-0-25930e3036f13852cb0b29694bbab611-nt to /tmp/worker-0-1/t.21/nt
2019/11/27 11:48:43.61 work_queue_worker[1] wq: linking cache/file-0-af4883bae18b8169ace09c1fbbe4e952-test.fasta.12 to /tmp/worker-0-1/t.21/test.fasta.12
2019/11/27 11:48:43.61 work_queue_worker[1] wq: linking cache/file-0-daa9c57850b857b80eefebbca6aa18ce-blastall to /tmp/worker-0-1/t.21/blastall
2019/11/27 11:48:43.61 work_queue_worker[1] wq: started process 24: ./blastall -p blastn -d nt/nt -i test.fasta.12 -o test.fasta.12.out 2> test.fasta.12.err
2019/11/27 11:48:43.61 work_queue_worker[1] wq: tx to master: info tasks_running 1
2019/11/27 11:48:49.47 work_queue_worker[1] wq: rx from master: check
2019/11/27 11:48:49.47 work_queue_worker[1] wq: tx to master: alive
2019/11/27 11:48:49.47 work_queue_worker[1] wq: tx to master: info tasks_running 1
2019/11/27 11:49:03.70 work_queue_worker[1] wq: task 21 (pid 24) exited normally with exit code 0
2019/11/27 11:49:03.70 work_queue_worker[1] wq: moving output file from /tmp/worker-0-1/t.21/test.fasta.12.err to cache/file-0-95cba511760cf5607a658110dca9e4d2-test.fasta.12.err
2019/11/27 11:49:03.70 work_queue_worker[1] wq: moving output file from /tmp/worker-0-1/t.21/test.fasta.12.out to cache/file-0-b023ebea6f17836ab62822f542cbcf46-test.fasta.12.out
2019/11/27 11:49:03.70 work_queue_worker[1] wq: tx to master: available_results
2019/11/27 11:49:03.70 work_queue_worker[1] wq: rx from master: send_results -1
2019/11/27 11:49:03.70 work_queue_worker[1] wq: tx to master: result 0 0 0 20093273 21
2019/11/27 11:49:03.70 work_queue_worker[1] wq: tx to master: info tasks_running 0
2019/11/27 11:49:03.70 work_queue_worker[1] wq: tx to master: end
2019/11/27 11:49:03.70 work_queue_worker[1] wq: rx from master: get file-0-95cba511760cf5607a658110dca9e4d2-test.fasta.12.err 1
2019/11/27 11:49:03.70 work_queue_worker[1] wq: tx to master: file file-0-95cba511760cf5607a658110dca9e4d2-test.fasta.12.err 0
2019/11/27 11:49:03.70 work_queue_worker[1] wq: tx to master: end
2019/11/27 11:49:03.70 work_queue_worker[1] wq: rx from master: get file-0-b023ebea6f17836ab62822f542cbcf46-test.fasta.12.out 1
2019/11/27 11:49:03.70 work_queue_worker[1] wq: tx to master: file file-0-b023ebea6f17836ab62822f542cbcf46-test.fasta.12.out 34494
2019/11/27 11:49:03.70 work_queue_worker[1] wq: tx to master: end
2019/11/27 11:49:03.70 work_queue_worker[1] wq: rx from master: kill 21
2019/11/27 11:49:03.70 work_queue_worker[1] wq: ---- DELETING: /tmp/worker-0-1/t.21
2019/11/27 11:49:07.82 work_queue_worker[1] wq: rx from master: release
2019/11/27 11:49:07.82 work_queue_worker[1] wq: released by master 10.0.25.11:1026.
2019/11/27 11:49:07.82 work_queue_worker[1] wq: *********** BRUNO ******** NOT cleaning workspace /tmp/worker-0-1
2019/11/27 11:49:07.82 work_queue_worker[1] wq: disconnecting from master 10.0.25.11:1026
2019/11/27 11:49:07.82 work_queue_worker[1] tcp: disconnected from 10.0.25.11 port 1026
2019/11/27 11:49:07.82 work_queue_worker[1] wq: killing all outstanding tasks
2019/11/27 11:49:07.82 work_queue_worker[1] wq: ---- DELETING: /tmp/worker-0-1/t.5
2019/11/27 11:49:07.82 work_queue_worker[1] wq: all data structures are clean
2019/11/27 11:49:08.82 work_queue_worker[1] tcp: connecting to 10.0.25.11 port 1026
