2019/11/22 19:07:45.56 #|1574449665.563575701|00#| work_queue_worker[1] debug: /root/cctools/bin/work_queue_worker version 8.0.0 DEVELOPMENT (released 2019-11-14 15:35:16 +0000)
2019/11/22 19:07:45.56 #|1574449665.563718219|00#| work_queue_worker[1] debug: Built by root@7e9ecba79f43 on 2019-11-14 15:35:16 +0000
2019/11/22 19:07:45.56 #|1574449665.563736561|00#| work_queue_worker[1] debug: System: Linux 7e9ecba79f43 5.0.0-32-generic #34~18.04.2-Ubuntu SMP Thu Oct 10 10:36:02 UTC 2019 x86_64 x86_64 x86_64 GNU/Linux
2019/11/22 19:07:45.56 #|1574449665.563755352|00#| work_queue_worker[1] debug: Configuration: --prefix /root/cctools
2019/11/22 19:07:45.56 #|1574449665.564086099|00#| work_queue_worker[1] wq: WORK_QUEUE_SANDBOX set to /tmp/worker-0-1.
2019/11/22 19:07:45.56 #|1574449665.567945929|00#| work_queue_worker[1] debug: error reading disk usage on directory: ./cache.
2019/11/22 19:07:45.56 #|1574449665.568002175|00#| work_queue_worker[1] dns: looking up name master
2019/11/22 19:07:45.56 #|1574449665.569293866|00#| work_queue_worker[1] dns: master is 10.0.99.2
2019/11/22 19:07:45.56 #|1574449665.569360855|00#| work_queue_worker[1] tcp: connecting to 10.0.99.2 port 1026
2019/11/22 19:07:45.57 #|1574449665.573974440|00#| work_queue_worker[1] tcp: made connection to 10.0.99.2 port 1026
2019/11/22 19:07:45.57 #|1574449665.574030934|00#| work_queue_worker[1] wq: connected to master master:1026 via local address 10.0.99.7:43424
2019/11/22 19:07:45.57 #|1574449665.574049918|00#| work_queue_worker[1] wq: preparing workspace /tmp/worker-0-1
2019/11/22 19:07:45.57 #|1574449665.574243550|00#| work_queue_worker[1] dns: looking up name 57b2b7f7136e
2019/11/22 19:07:45.57 #|1574449665.574323389|00#| work_queue_worker[1] dns: 57b2b7f7136e is 10.0.99.7
2019/11/22 19:07:45.57 #|1574449665.574342860|00#| work_queue_worker[1] dns: looking up addr 10.0.99.7
2019/11/22 19:07:45.57 #|1574449665.574387148|00#| work_queue_worker[1] dns: 10.0.99.7 is 57b2b7f7136e
2019/11/22 19:07:45.57 #|1574449665.574403206|00#| work_queue_worker[1] dns: finding my hostname: uname = 57b2b7f7136e, address = 10.0.99.7, hostname = 57b2b7f7136e
2019/11/22 19:07:45.57 #|1574449665.574423570|00#| work_queue_worker[1] wq: tx to master: workqueue 8 57b2b7f7136e Linux x86_64 8.0.0
2019/11/22 19:07:45.57 #|1574449665.574502086|00#| work_queue_worker[1] wq: tx to master: info worker-id worker-8cabdedf50a811fc8d0e36e4a7ca6e48
2019/11/22 19:07:45.57 #|1574449665.574559142|00#| work_queue_worker[1] wq: tx to master: alive
2019/11/22 19:07:45.57 #|1574449665.574608350|00#| work_queue_worker[1] wq: Sending resource description to master:
2019/11/22 19:07:45.57 #|1574449665.574625488|00#| work_queue_worker[1] wq:  workers      0 inuse      1 total      1 smallest      1 largest
2019/11/22 19:07:45.57 #|1574449665.574675521|00#| work_queue_worker[1] wq:     disk      0 inuse 183142 total 183142 smallest 183142 largest
2019/11/22 19:07:45.57 #|1574449665.574727252|00#| work_queue_worker[1] wq:   memory      0 inuse   7749 total   7749 smallest   7749 largest
2019/11/22 19:07:45.57 #|1574449665.574777896|00#| work_queue_worker[1] wq:     gpus      0 inuse      0 total      0 smallest      0 largest
2019/11/22 19:07:45.57 #|1574449665.574827219|00#| work_queue_worker[1] wq:    cores      0 inuse      1 total      1 smallest      1 largest
2019/11/22 19:07:45.57 #|1574449665.574905804|00#| work_queue_worker[1] wq: tx to master: info end_of_resource_update 0
2019/11/22 19:07:45.57 #|1574449665.574956154|00#| work_queue_worker[1] wq: tx to master: info tasks_running 0
2019/11/22 19:07:45.57 #|1574449665.574977666|00#| work_queue_worker[1] wq: working for master at 10.0.99.2:1026.
2019/11/22 19:11:48.22 #|1574449908.224712535|00#| work_queue_worker[1] wq: rx from master: put file-0-25930e3036f13852cb0b29694bbab611-nt/taxdb.bti 14920392 0644 1
2019/11/22 19:11:48.22 #|1574449908.225139784|00#| work_queue_worker[1] wq: Putting file file-0-25930e3036f13852cb0b29694bbab611-nt/taxdb.bti into workspace
2019/11/22 19:11:49.53 #|1574449909.538617307|00#| work_queue_worker[1] wq: rx from master: put file-0-25930e3036f13852cb0b29694bbab611-nt/nt.nal 752 0644 1
2019/11/22 19:11:49.53 #|1574449909.538764123|00#| work_queue_worker[1] wq: Putting file file-0-25930e3036f13852cb0b29694bbab611-nt/nt.nal into workspace
2019/11/22 19:11:49.53 #|1574449909.538980945|00#| work_queue_worker[1] wq: rx from master: put file-0-25930e3036f13852cb0b29694bbab611-nt/nt.44.nni 27220 0644 1
2019/11/22 19:11:49.53 #|1574449909.539051166|00#| work_queue_worker[1] wq: Putting file file-0-25930e3036f13852cb0b29694bbab611-nt/nt.44.nni into workspace
2019/11/22 19:11:49.54 #|1574449909.540950371|00#| work_queue_worker[1] wq: rx from master: put file-0-25930e3036f13852cb0b29694bbab611-nt/nt.44.nog 3378248 0644 1
2019/11/22 19:11:49.54 #|1574449909.541016080|00#| work_queue_worker[1] wq: Putting file file-0-25930e3036f13852cb0b29694bbab611-nt/nt.44.nog into workspace
2019/11/22 19:11:49.83 #|1574449909.838369915|00#| work_queue_worker[1] wq: rx from master: put file-0-25930e3036f13852cb0b29694bbab611-nt/taxdb.btd 141628361 0644 1
2019/11/22 19:11:49.83 #|1574449909.838501176|00#| work_queue_worker[1] wq: Putting file file-0-25930e3036f13852cb0b29694bbab611-nt/taxdb.btd into workspace
2019/11/22 19:12:02.31 #|1574449922.314536316|00#| work_queue_worker[1] wq: rx from master: put file-0-25930e3036f13852cb0b29694bbab611-nt/nt.44.nhr 148534336 0644 1
2019/11/22 19:12:02.31 #|1574449922.314649982|00#| work_queue_worker[1] wq: Putting file file-0-25930e3036f13852cb0b29694bbab611-nt/nt.44.nhr into workspace
2019/11/22 19:12:15.40 #|1574449935.403450647|00#| work_queue_worker[1] wq: rx from master: put file-0-25930e3036f13852cb0b29694bbab611-nt/nt.44.nhi 338004 0644 1
2019/11/22 19:12:15.40 #|1574449935.403543021|00#| work_queue_worker[1] wq: Putting file file-0-25930e3036f13852cb0b29694bbab611-nt/nt.44.nhi into workspace
2019/11/22 19:12:15.43 #|1574449935.432414752|00#| work_queue_worker[1] wq: rx from master: put file-0-25930e3036f13852cb0b29694bbab611-nt/nt.44.nnd 6955488 0644 1
2019/11/22 19:12:15.43 #|1574449935.432495707|00#| work_queue_worker[1] wq: Putting file file-0-25930e3036f13852cb0b29694bbab611-nt/nt.44.nnd into workspace
2019/11/22 19:12:16.04 #|1574449936.45438765|00#| work_queue_worker[1] wq: rx from master: put file-0-25930e3036f13852cb0b29694bbab611-nt/nt.44.nhd 14869748 0644 1
2019/11/22 19:12:16.04 #|1574449936.45568152|00#| work_queue_worker[1] wq: Putting file file-0-25930e3036f13852cb0b29694bbab611-nt/nt.44.nhd into workspace
2019/11/22 19:12:17.35 #|1574449937.355951928|00#| work_queue_worker[1] wq: rx from master: put file-0-25930e3036f13852cb0b29694bbab611-nt/nt.44.nsq 974099786 0644 1
2019/11/22 19:12:17.35 #|1574449937.356077685|00#| work_queue_worker[1] wq: Putting file file-0-25930e3036f13852cb0b29694bbab611-nt/nt.44.nsq into workspace
2019/11/22 19:13:43.19 #|1574450023.196539787|00#| work_queue_worker[1] wq: rx from master: put file-0-25930e3036f13852cb0b29694bbab611-nt/nt.44.nin 10134740 0644 1
2019/11/22 19:13:43.19 #|1574450023.196637010|00#| work_queue_worker[1] wq: Putting file file-0-25930e3036f13852cb0b29694bbab611-nt/nt.44.nin into workspace
2019/11/22 19:13:44.08 #|1574450024.89113916|00#| work_queue_worker[1] wq: rx from master: put file-0-25930e3036f13852cb0b29694bbab611-nt/nt.44.nsi 764650 0644 1
2019/11/22 19:13:44.08 #|1574450024.89253889|00#| work_queue_worker[1] wq: Putting file file-0-25930e3036f13852cb0b29694bbab611-nt/nt.44.nsi into workspace
2019/11/22 19:13:44.15 #|1574450024.156367746|00#| work_queue_worker[1] wq: rx from master: put file-0-25930e3036f13852cb0b29694bbab611-nt/nt.44.nsd 33299557 0644 1
2019/11/22 19:13:44.15 #|1574450024.156466211|00#| work_queue_worker[1] wq: Putting file file-0-25930e3036f13852cb0b29694bbab611-nt/nt.44.nsd into workspace
2019/11/22 19:13:47.09 #|1574450027.90594482|00#| work_queue_worker[1] wq: rx from master: put file-0-e046ec692c0ced962d3265bfe7245360-test.fasta.14 10120 0644 1
2019/11/22 19:13:47.09 #|1574450027.90713364|00#| work_queue_worker[1] wq: Putting file file-0-e046ec692c0ced962d3265bfe7245360-test.fasta.14 into workspace
2019/11/22 19:13:47.09 #|1574450027.91596911|00#| work_queue_worker[1] wq: rx from master: put file-0-daa9c57850b857b80eefebbca6aa18ce-blastall 7687410 0755 1
2019/11/22 19:13:47.09 #|1574450027.91731954|00#| work_queue_worker[1] wq: Putting file file-0-daa9c57850b857b80eefebbca6aa18ce-blastall into workspace
2019/11/22 19:13:47.76 #|1574450027.769028233|00#| work_queue_worker[1] wq: rx from master: task 6
2019/11/22 19:13:47.76 #|1574450027.769108722|00#| work_queue_worker[1] wq: rx from master: cmd 88
2019/11/22 19:13:47.76 #|1574450027.769149270|00#| work_queue_worker[1] wq: rx from master: ./blastall -p blastn -d nt/nt -i test.fasta.14 -o test.fasta.14.out 2> test.fasta.14.err
2019/11/22 19:13:47.76 #|1574450027.769173833|00#| work_queue_worker[1] wq: rx from master: category default
2019/11/22 19:13:47.76 #|1574450027.769197703|00#| work_queue_worker[1] wq: rx from master: cores 1
2019/11/22 19:13:47.76 #|1574450027.769221465|00#| work_queue_worker[1] wq: rx from master: memory 7749
2019/11/22 19:13:47.76 #|1574450027.769244493|00#| work_queue_worker[1] wq: rx from master: disk 183142
2019/11/22 19:13:47.76 #|1574450027.769267654|00#| work_queue_worker[1] wq: rx from master: gpus 0
2019/11/22 19:13:47.76 #|1574450027.769291182|00#| work_queue_worker[1] wq: rx from master: end_time 18446744073709551615
2019/11/22 19:13:47.76 #|1574450027.769315813|00#| work_queue_worker[1] wq: rx from master: wall_time 18446744073709551615
2019/11/22 19:13:47.76 #|1574450027.769339069|00#| work_queue_worker[1] wq: rx from master: env 7
2019/11/22 19:13:47.76 #|1574450027.769367510|00#| work_queue_worker[1] wq: rx from master: env 17
2019/11/22 19:13:47.76 #|1574450027.769395096|00#| work_queue_worker[1] wq: rx from master: infile file-0-25930e3036f13852cb0b29694bbab611-nt nt 1
2019/11/22 19:13:47.76 #|1574450027.769450129|00#| work_queue_worker[1] wq: rx from master: infile file-0-e046ec692c0ced962d3265bfe7245360-test.fasta.14 test.fasta.14 1
2019/11/22 19:13:47.76 #|1574450027.769490606|00#| work_queue_worker[1] wq: rx from master: infile file-0-daa9c57850b857b80eefebbca6aa18ce-blastall blastall 1
2019/11/22 19:13:47.76 #|1574450027.769527608|00#| work_queue_worker[1] wq: rx from master: outfile file-0-5904a03317e7e6566913b82983b96829-test.fasta.14.err test.fasta.14.err 1
2019/11/22 19:13:47.76 #|1574450027.769567632|00#| work_queue_worker[1] wq: rx from master: outfile file-0-6e7fd2228b2f7120a5a28bea1aa8b41f-test.fasta.14.out test.fasta.14.out 1
2019/11/22 19:13:47.76 #|1574450027.769604868|00#| work_queue_worker[1] wq: rx from master: end
2019/11/22 19:13:47.76 #|1574450027.769877120|00#| work_queue_worker[1] wq: linking cache/file-0-25930e3036f13852cb0b29694bbab611-nt to /tmp/worker-0-1/t.6/nt
2019/11/22 19:13:47.77 #|1574450027.770425080|00#| work_queue_worker[1] wq: linking cache/file-0-e046ec692c0ced962d3265bfe7245360-test.fasta.14 to /tmp/worker-0-1/t.6/test.fasta.14
2019/11/22 19:13:47.77 #|1574450027.770505633|00#| work_queue_worker[1] wq: linking cache/file-0-daa9c57850b857b80eefebbca6aa18ce-blastall to /tmp/worker-0-1/t.6/blastall
2019/11/22 19:13:47.77 #|1574450027.770568802|00#| work_queue_worker[1] wq: Waiting task 6 has been forsaken.
2019/11/22 19:13:47.77 #|1574450027.770593576|00#| work_queue_worker[1] wq: tx to master: alive
2019/11/22 19:13:47.77 #|1574450027.770684269|00#| work_queue_worker[1] wq: Sending resource description to master:
2019/11/22 19:13:47.77 #|1574450027.770709770|00#| work_queue_worker[1] wq:  workers      0 inuse      1 total      1 smallest      1 largest
2019/11/22 19:13:47.77 #|1574450027.770783372|00#| work_queue_worker[1] wq:     disk   1245 inuse 179606 total 179606 smallest 179606 largest
2019/11/22 19:13:47.77 #|1574450027.770856913|00#| work_queue_worker[1] wq:   memory      0 inuse   7749 total   7749 smallest   7749 largest
2019/11/22 19:13:47.77 #|1574450027.770929630|00#| work_queue_worker[1] wq:     gpus      0 inuse      0 total      0 smallest      0 largest
2019/11/22 19:13:47.77 #|1574450027.771001357|00#| work_queue_worker[1] wq:    cores      0 inuse      1 total      1 smallest      1 largest
2019/11/22 19:13:47.77 #|1574450027.771113308|00#| work_queue_worker[1] wq: tx to master: info end_of_resource_update 0
2019/11/22 19:13:47.77 #|1574450027.771197189|00#| work_queue_worker[1] wq: tx to master: info tasks_running 0
2019/11/22 19:13:47.77 #|1574450027.771269677|00#| work_queue_worker[1] wq: tx to master: info tasks_running 0
2019/11/22 19:13:47.77 #|1574450027.771341904|00#| work_queue_worker[1] wq: tx to master: available_results
2019/11/22 19:15:47.29 #|1574450147.299219733|00#| work_queue_worker[1] wq: rx from master: check
2019/11/22 19:15:47.29 #|1574450147.299301446|00#| work_queue_worker[1] wq: tx to master: alive
2019/11/22 19:15:47.29 #|1574450147.299478385|00#| work_queue_worker[1] wq: tx to master: info tasks_running 0
2019/11/22 19:15:47.31 #|1574450147.317489121|00#| work_queue_worker[1] wq: rx from master: send_results -1
2019/11/22 19:15:47.31 #|1574450147.317569309|00#| work_queue_worker[1] wq: tx to master: result 40 0 0 0 6
2019/11/22 19:15:47.31 #|1574450147.317618029|00#| work_queue_worker[1] wq: tx to master: info tasks_running 0
2019/11/22 19:15:47.31 #|1574450147.317658389|00#| work_queue_worker[1] wq: tx to master: end
2019/11/22 19:15:47.32 #|1574450147.324027924|00#| work_queue_worker[1] wq: rx from master: put file-0-9f04d57561db456f4f47dcdca9feb103-test.fasta.7 10110 0644 1
2019/11/22 19:15:47.32 #|1574450147.324113778|00#| work_queue_worker[1] wq: Putting file file-0-9f04d57561db456f4f47dcdca9feb103-test.fasta.7 into workspace
2019/11/22 19:15:47.32 #|1574450147.326366288|00#| work_queue_worker[1] wq: rx from master: task 13
2019/11/22 19:15:47.33 #|1574450147.330097122|00#| work_queue_worker[1] wq: rx from master: cmd 85
2019/11/22 19:15:47.33 #|1574450147.330134092|00#| work_queue_worker[1] wq: rx from master: ./blastall -p blastn -d nt/nt -i test.fasta.7 -o test.fasta.7.out 2> test.fasta.7.err
2019/11/22 19:15:47.33 #|1574450147.330157638|00#| work_queue_worker[1] wq: rx from master: category default
2019/11/22 19:15:47.33 #|1574450147.330177321|00#| work_queue_worker[1] wq: rx from master: cores 1
2019/11/22 19:15:47.33 #|1574450147.330197018|00#| work_queue_worker[1] wq: rx from master: memory 7749
2019/11/22 19:15:47.33 #|1574450147.330216355|00#| work_queue_worker[1] wq: rx from master: disk 179606
2019/11/22 19:15:47.33 #|1574450147.330235444|00#| work_queue_worker[1] wq: rx from master: gpus 0
2019/11/22 19:15:47.33 #|1574450147.330255251|00#| work_queue_worker[1] wq: rx from master: end_time 18446744073709551615
2019/11/22 19:15:47.33 #|1574450147.330276019|00#| work_queue_worker[1] wq: rx from master: wall_time 18446744073709551615
2019/11/22 19:15:47.33 #|1574450147.330295638|00#| work_queue_worker[1] wq: rx from master: env 7
2019/11/22 19:15:47.33 #|1574450147.330318500|00#| work_queue_worker[1] wq: rx from master: env 17
2019/11/22 19:15:47.33 #|1574450147.330341242|00#| work_queue_worker[1] wq: rx from master: infile file-0-25930e3036f13852cb0b29694bbab611-nt nt 1
2019/11/22 19:15:47.33 #|1574450147.330376185|00#| work_queue_worker[1] wq: rx from master: infile file-0-9f04d57561db456f4f47dcdca9feb103-test.fasta.7 test.fasta.7 1
2019/11/22 19:15:47.33 #|1574450147.330408516|00#| work_queue_worker[1] wq: rx from master: infile file-0-daa9c57850b857b80eefebbca6aa18ce-blastall blastall 1
2019/11/22 19:15:47.33 #|1574450147.330438658|00#| work_queue_worker[1] wq: rx from master: outfile file-0-d08e27aac9e49582c455b76197081fb3-test.fasta.7.err test.fasta.7.err 1
2019/11/22 19:15:47.33 #|1574450147.330480035|00#| work_queue_worker[1] wq: rx from master: outfile file-0-c17c0db997ae1cdb7af1ea386e447bb4-test.fasta.7.out test.fasta.7.out 1
2019/11/22 19:15:47.33 #|1574450147.330512426|00#| work_queue_worker[1] wq: rx from master: end
2019/11/22 19:15:47.33 #|1574450147.330724521|00#| work_queue_worker[1] wq: linking cache/file-0-25930e3036f13852cb0b29694bbab611-nt to /tmp/worker-0-1/t.13/nt
2019/11/22 19:15:47.33 #|1574450147.331182775|00#| work_queue_worker[1] wq: linking cache/file-0-9f04d57561db456f4f47dcdca9feb103-test.fasta.7 to /tmp/worker-0-1/t.13/test.fasta.7
2019/11/22 19:15:47.33 #|1574450147.331249317|00#| work_queue_worker[1] wq: linking cache/file-0-daa9c57850b857b80eefebbca6aa18ce-blastall to /tmp/worker-0-1/t.13/blastall
2019/11/22 19:15:47.33 #|1574450147.331312389|00#| work_queue_worker[1] wq: Waiting task 13 has been forsaken.
2019/11/22 19:15:47.33 #|1574450147.331336802|00#| work_queue_worker[1] wq: tx to master: alive
2019/11/22 19:15:47.33 #|1574450147.331480346|00#| work_queue_worker[1] wq: Sending resource description to master:
2019/11/22 19:15:47.33 #|1574450147.331512224|00#| work_queue_worker[1] wq:  workers      0 inuse      1 total      1 smallest      1 largest
2019/11/22 19:15:47.33 #|1574450147.331627000|00#| work_queue_worker[1] wq:     disk   1294 inuse 179299 total 179299 smallest 179299 largest
2019/11/22 19:15:47.33 #|1574450147.331711010|00#| work_queue_worker[1] wq:   memory      0 inuse   7749 total   7749 smallest   7749 largest
2019/11/22 19:15:47.33 #|1574450147.331806708|00#| work_queue_worker[1] wq:     gpus      0 inuse      0 total      0 smallest      0 largest
2019/11/22 19:15:47.33 #|1574450147.331895764|00#| work_queue_worker[1] wq:    cores      0 inuse      1 total      1 smallest      1 largest
2019/11/22 19:15:47.33 #|1574450147.332034858|00#| work_queue_worker[1] wq: tx to master: info end_of_resource_update 0
2019/11/22 19:15:47.33 #|1574450147.332114847|00#| work_queue_worker[1] wq: tx to master: info tasks_running 0
2019/11/22 19:15:47.33 #|1574450147.332206206|00#| work_queue_worker[1] wq: tx to master: info tasks_running 0
2019/11/22 19:15:47.33 #|1574450147.332287951|00#| work_queue_worker[1] wq: tx to master: available_results
2019/11/22 19:15:50.36 #|1574450150.367033962|00#| work_queue_worker[1] wq: rx from master: send_results -1
2019/11/22 19:15:50.36 #|1574450150.367111244|00#| work_queue_worker[1] wq: tx to master: result 40 0 0 0 13
2019/11/22 19:15:50.36 #|1574450150.367224948|00#| work_queue_worker[1] wq: tx to master: info tasks_running 0
2019/11/22 19:15:50.36 #|1574450150.367303788|00#| work_queue_worker[1] wq: tx to master: end
2019/11/22 19:15:50.37 #|1574450150.370050776|00#| work_queue_worker[1] wq: rx from master: put file-0-af4883bae18b8169ace09c1fbbe4e952-test.fasta.12 10120 0644 1
2019/11/22 19:15:50.37 #|1574450150.370129674|00#| work_queue_worker[1] wq: Putting file file-0-af4883bae18b8169ace09c1fbbe4e952-test.fasta.12 into workspace
2019/11/22 19:15:50.37 #|1574450150.371029285|00#| work_queue_worker[1] wq: rx from master: task 8
2019/11/22 19:15:50.37 #|1574450150.371738429|00#| work_queue_worker[1] wq: rx from master: cmd 88
2019/11/22 19:15:50.37 #|1574450150.371785936|00#| work_queue_worker[1] wq: rx from master: ./blastall -p blastn -d nt/nt -i test.fasta.12 -o test.fasta.12.out 2> test.fasta.12.err
2019/11/22 19:15:50.37 #|1574450150.371809307|00#| work_queue_worker[1] wq: rx from master: category default
2019/11/22 19:15:50.37 #|1574450150.371841224|00#| work_queue_worker[1] wq: rx from master: cores 1
2019/11/22 19:15:50.37 #|1574450150.371870824|00#| work_queue_worker[1] wq: rx from master: memory 7749
2019/11/22 19:15:50.37 #|1574450150.371889785|00#| work_queue_worker[1] wq: rx from master: disk 179299
2019/11/22 19:15:50.37 #|1574450150.371907640|00#| work_queue_worker[1] wq: rx from master: gpus 0
2019/11/22 19:15:50.37 #|1574450150.371925747|00#| work_queue_worker[1] wq: rx from master: end_time 18446744073709551615
2019/11/22 19:15:50.37 #|1574450150.371944786|00#| work_queue_worker[1] wq: rx from master: wall_time 18446744073709551615
2019/11/22 19:15:50.37 #|1574450150.371971854|00#| work_queue_worker[1] wq: rx from master: env 7
2019/11/22 19:15:50.37 #|1574450150.372006357|00#| work_queue_worker[1] wq: rx from master: env 17
2019/11/22 19:15:50.37 #|1574450150.372042086|00#| work_queue_worker[1] wq: rx from master: infile file-0-25930e3036f13852cb0b29694bbab611-nt nt 1
2019/11/22 19:15:50.37 #|1574450150.372094396|00#| work_queue_worker[1] wq: rx from master: infile file-0-af4883bae18b8169ace09c1fbbe4e952-test.fasta.12 test.fasta.12 1
2019/11/22 19:15:50.37 #|1574450150.372145611|00#| work_queue_worker[1] wq: rx from master: infile file-0-daa9c57850b857b80eefebbca6aa18ce-blastall blastall 1
2019/11/22 19:15:50.37 #|1574450150.372203801|00#| work_queue_worker[1] wq: rx from master: outfile file-0-95cba511760cf5607a658110dca9e4d2-test.fasta.12.err test.fasta.12.err 1
2019/11/22 19:15:50.37 #|1574450150.372256996|00#| work_queue_worker[1] wq: rx from master: outfile file-0-b023ebea6f17836ab62822f542cbcf46-test.fasta.12.out test.fasta.12.out 1
2019/11/22 19:15:50.37 #|1574450150.372320784|00#| work_queue_worker[1] wq: rx from master: end
2019/11/22 19:15:50.37 #|1574450150.372616655|00#| work_queue_worker[1] wq: linking cache/file-0-25930e3036f13852cb0b29694bbab611-nt to /tmp/worker-0-1/t.8/nt
2019/11/22 19:15:50.37 #|1574450150.373305586|00#| work_queue_worker[1] wq: linking cache/file-0-af4883bae18b8169ace09c1fbbe4e952-test.fasta.12 to /tmp/worker-0-1/t.8/test.fasta.12
2019/11/22 19:15:50.37 #|1574450150.373396427|00#| work_queue_worker[1] wq: linking cache/file-0-daa9c57850b857b80eefebbca6aa18ce-blastall to /tmp/worker-0-1/t.8/blastall
2019/11/22 19:15:50.37 #|1574450150.374401432|00#| work_queue_worker[1] wq: started process 9: ./blastall -p blastn -d nt/nt -i test.fasta.12 -o test.fasta.12.out 2> test.fasta.12.err
2019/11/22 19:15:50.37 #|1574450150.374495643|00#| work_queue_worker[1] wq: tx to master: info tasks_running 1
2019/11/22 19:16:09.92 #|1574450169.925650764|00#| work_queue_worker[1] wq: task 8 (pid 9) exited normally with exit code 0
2019/11/22 19:16:09.92 #|1574450169.925697219|00#| work_queue_worker[1] wq: moving output file from /tmp/worker-0-1/t.8/test.fasta.12.err to cache/file-0-95cba511760cf5607a658110dca9e4d2-test.fasta.12.err
2019/11/22 19:16:09.92 #|1574450169.925766759|00#| work_queue_worker[1] wq: moving output file from /tmp/worker-0-1/t.8/test.fasta.12.out to cache/file-0-b023ebea6f17836ab62822f542cbcf46-test.fasta.12.out
2019/11/22 19:16:09.92 #|1574450169.925810681|00#| work_queue_worker[1] wq: tx to master: available_results
2019/11/22 19:16:10.10 #|1574450170.100425913|00#| work_queue_worker[1] wq: rx from master: send_results -1
2019/11/22 19:16:10.10 #|1574450170.100474782|00#| work_queue_worker[1] wq: tx to master: result 0 0 0 19551555 8
2019/11/22 19:16:10.10 #|1574450170.100531505|00#| work_queue_worker[1] wq: tx to master: info tasks_running 0
2019/11/22 19:16:10.10 #|1574450170.100567832|00#| work_queue_worker[1] wq: tx to master: end
2019/11/22 19:16:10.10 #|1574450170.107334557|00#| work_queue_worker[1] wq: rx from master: get file-0-95cba511760cf5607a658110dca9e4d2-test.fasta.12.err 1
2019/11/22 19:16:10.10 #|1574450170.107377534|00#| work_queue_worker[1] wq: tx to master: file file-0-95cba511760cf5607a658110dca9e4d2-test.fasta.12.err 0
2019/11/22 19:16:10.10 #|1574450170.107479388|00#| work_queue_worker[1] wq: tx to master: end
2019/11/22 19:16:10.10 #|1574450170.107922694|00#| work_queue_worker[1] wq: rx from master: get file-0-b023ebea6f17836ab62822f542cbcf46-test.fasta.12.out 1
2019/11/22 19:16:10.10 #|1574450170.107958532|00#| work_queue_worker[1] wq: tx to master: file file-0-b023ebea6f17836ab62822f542cbcf46-test.fasta.12.out 34494
2019/11/22 19:16:10.10 #|1574450170.108091240|00#| work_queue_worker[1] wq: tx to master: end
2019/11/22 19:16:10.11 #|1574450170.111739607|00#| work_queue_worker[1] wq: rx from master: kill 8
2019/11/22 19:16:10.11 #|1574450170.118079019|00#| work_queue_worker[1] wq: rx from master: put file-0-3410183026126208c01eade572fb5bdf-test.fasta.8 10110 0644 1
2019/11/22 19:16:10.11 #|1574450170.118127010|00#| work_queue_worker[1] wq: Putting file file-0-3410183026126208c01eade572fb5bdf-test.fasta.8 into workspace
2019/11/22 19:16:10.11 #|1574450170.119168360|00#| work_queue_worker[1] wq: rx from master: task 12
2019/11/22 19:16:10.11 #|1574450170.119194365|00#| work_queue_worker[1] wq: rx from master: cmd 85
2019/11/22 19:16:10.11 #|1574450170.119207990|00#| work_queue_worker[1] wq: rx from master: ./blastall -p blastn -d nt/nt -i test.fasta.8 -o test.fasta.8.out 2> test.fasta.8.err
2019/11/22 19:16:10.11 #|1574450170.119218065|00#| work_queue_worker[1] wq: rx from master: category default
2019/11/22 19:16:10.11 #|1574450170.119233393|00#| work_queue_worker[1] wq: rx from master: cores 1
2019/11/22 19:16:10.11 #|1574450170.119255541|00#| work_queue_worker[1] wq: rx from master: memory 7749
2019/11/22 19:16:10.11 #|1574450170.119274589|00#| work_queue_worker[1] wq: rx from master: disk 179299
2019/11/22 19:16:10.11 #|1574450170.119292062|00#| work_queue_worker[1] wq: rx from master: gpus 0
2019/11/22 19:16:10.11 #|1574450170.119307936|00#| work_queue_worker[1] wq: rx from master: end_time 18446744073709551615
2019/11/22 19:16:10.11 #|1574450170.119324254|00#| work_queue_worker[1] wq: rx from master: wall_time 18446744073709551615
2019/11/22 19:16:10.11 #|1574450170.119368679|00#| work_queue_worker[1] wq: rx from master: env 7
2019/11/22 19:16:10.11 #|1574450170.119424588|00#| work_queue_worker[1] wq: rx from master: env 17
2019/11/22 19:16:10.11 #|1574450170.119447632|00#| work_queue_worker[1] wq: rx from master: infile file-0-25930e3036f13852cb0b29694bbab611-nt nt 1
2019/11/22 19:16:10.11 #|1574450170.119481435|00#| work_queue_worker[1] wq: rx from master: infile file-0-3410183026126208c01eade572fb5bdf-test.fasta.8 test.fasta.8 1
2019/11/22 19:16:10.11 #|1574450170.119539021|00#| work_queue_worker[1] wq: rx from master: infile file-0-daa9c57850b857b80eefebbca6aa18ce-blastall blastall 1
2019/11/22 19:16:10.11 #|1574450170.119560059|00#| work_queue_worker[1] wq: rx from master: outfile file-0-377034d337ce566c4f64a77efabc1f23-test.fasta.8.err test.fasta.8.err 1
2019/11/22 19:16:10.11 #|1574450170.119577711|00#| work_queue_worker[1] wq: rx from master: outfile file-0-599ca89112d700f3c1cc921c2abd9aaa-test.fasta.8.out test.fasta.8.out 1
2019/11/22 19:16:10.12 #|1574450170.120174279|00#| work_queue_worker[1] wq: rx from master: end
2019/11/22 19:16:10.12 #|1574450170.120300049|00#| work_queue_worker[1] wq: linking cache/file-0-25930e3036f13852cb0b29694bbab611-nt to /tmp/worker-0-1/t.12/nt
2019/11/22 19:16:10.12 #|1574450170.120555691|00#| work_queue_worker[1] wq: linking cache/file-0-3410183026126208c01eade572fb5bdf-test.fasta.8 to /tmp/worker-0-1/t.12/test.fasta.8
2019/11/22 19:16:10.12 #|1574450170.120593794|00#| work_queue_worker[1] wq: linking cache/file-0-daa9c57850b857b80eefebbca6aa18ce-blastall to /tmp/worker-0-1/t.12/blastall
2019/11/22 19:16:10.12 #|1574450170.120781201|00#| work_queue_worker[1] wq: started process 11: ./blastall -p blastn -d nt/nt -i test.fasta.8 -o test.fasta.8.out 2> test.fasta.8.err
2019/11/22 19:16:10.12 #|1574450170.120829406|00#| work_queue_worker[1] wq: tx to master: info tasks_running 1
2019/11/22 19:16:28.83 #|1574450188.837333442|00#| work_queue_worker[1] wq: task 12 (pid 11) exited normally with exit code 0
2019/11/22 19:16:28.83 #|1574450188.837506565|00#| work_queue_worker[1] wq: moving output file from /tmp/worker-0-1/t.12/test.fasta.8.err to cache/file-0-377034d337ce566c4f64a77efabc1f23-test.fasta.8.err
2019/11/22 19:16:28.83 #|1574450188.837608233|00#| work_queue_worker[1] wq: moving output file from /tmp/worker-0-1/t.12/test.fasta.8.out to cache/file-0-599ca89112d700f3c1cc921c2abd9aaa-test.fasta.8.out
2019/11/22 19:16:28.83 #|1574450188.837686253|00#| work_queue_worker[1] wq: tx to master: available_results
2019/11/22 19:16:29.13 #|1574450189.131800964|00#| work_queue_worker[1] wq: rx from master: send_results -1
2019/11/22 19:16:29.13 #|1574450189.131872491|00#| work_queue_worker[1] wq: tx to master: result 0 0 0 18716855 12
2019/11/22 19:16:29.13 #|1574450189.131952006|00#| work_queue_worker[1] wq: tx to master: info tasks_running 0
2019/11/22 19:16:29.13 #|1574450189.131996637|00#| work_queue_worker[1] wq: tx to master: end
2019/11/22 19:16:29.13 #|1574450189.133131170|00#| work_queue_worker[1] wq: rx from master: get file-0-377034d337ce566c4f64a77efabc1f23-test.fasta.8.err 1
2019/11/22 19:16:29.13 #|1574450189.133184778|00#| work_queue_worker[1] wq: tx to master: file file-0-377034d337ce566c4f64a77efabc1f23-test.fasta.8.err 0
2019/11/22 19:16:29.13 #|1574450189.133234401|00#| work_queue_worker[1] wq: tx to master: end
2019/11/22 19:16:29.13 #|1574450189.133812968|00#| work_queue_worker[1] wq: rx from master: get file-0-599ca89112d700f3c1cc921c2abd9aaa-test.fasta.8.out 1
2019/11/22 19:16:29.13 #|1574450189.133852543|00#| work_queue_worker[1] wq: tx to master: file file-0-599ca89112d700f3c1cc921c2abd9aaa-test.fasta.8.out 20887
2019/11/22 19:16:29.13 #|1574450189.133999563|00#| work_queue_worker[1] wq: tx to master: end
2019/11/22 19:16:29.13 #|1574450189.136406218|00#| work_queue_worker[1] wq: rx from master: kill 12
2019/11/22 19:16:29.14 #|1574450189.140746999|00#| work_queue_worker[1] wq: rx from master: put file-0-e7f309af480f7b15cfe71180f5284818-test.fasta.16 10120 0644 1
2019/11/22 19:16:29.14 #|1574450189.140801941|00#| work_queue_worker[1] wq: Putting file file-0-e7f309af480f7b15cfe71180f5284818-test.fasta.16 into workspace
2019/11/22 19:16:29.14 #|1574450189.141828597|00#| work_queue_worker[1] wq: rx from master: task 4
2019/11/22 19:16:29.14 #|1574450189.141856573|00#| work_queue_worker[1] wq: rx from master: cmd 88
2019/11/22 19:16:29.14 #|1574450189.141870112|00#| work_queue_worker[1] wq: rx from master: ./blastall -p blastn -d nt/nt -i test.fasta.16 -o test.fasta.16.out 2> test.fasta.16.err
2019/11/22 19:16:29.14 #|1574450189.141879831|00#| work_queue_worker[1] wq: rx from master: category default
2019/11/22 19:16:29.14 #|1574450189.141890209|00#| work_queue_worker[1] wq: rx from master: cores 1
2019/11/22 19:16:29.14 #|1574450189.141907774|00#| work_queue_worker[1] wq: rx from master: memory 7749
2019/11/22 19:16:29.14 #|1574450189.141929508|00#| work_queue_worker[1] wq: rx from master: disk 179299
2019/11/22 19:16:29.14 #|1574450189.141948893|00#| work_queue_worker[1] wq: rx from master: gpus 0
2019/11/22 19:16:29.14 #|1574450189.141966267|00#| work_queue_worker[1] wq: rx from master: end_time 18446744073709551615
2019/11/22 19:16:29.14 #|1574450189.141991116|00#| work_queue_worker[1] wq: rx from master: wall_time 18446744073709551615
2019/11/22 19:16:29.14 #|1574450189.142012170|00#| work_queue_worker[1] wq: rx from master: env 7
2019/11/22 19:16:29.14 #|1574450189.142033384|00#| work_queue_worker[1] wq: rx from master: env 17
2019/11/22 19:16:29.14 #|1574450189.142058575|00#| work_queue_worker[1] wq: rx from master: infile file-0-25930e3036f13852cb0b29694bbab611-nt nt 1
2019/11/22 19:16:29.14 #|1574450189.142098488|00#| work_queue_worker[1] wq: rx from master: infile file-0-e7f309af480f7b15cfe71180f5284818-test.fasta.16 test.fasta.16 1
2019/11/22 19:16:29.14 #|1574450189.142127741|00#| work_queue_worker[1] wq: rx from master: infile file-0-daa9c57850b857b80eefebbca6aa18ce-blastall blastall 1
2019/11/22 19:16:29.14 #|1574450189.142189623|00#| work_queue_worker[1] wq: rx from master: outfile file-0-49428ca6e9788cb4d3ba878e251f88c4-test.fasta.16.err test.fasta.16.err 1
2019/11/22 19:16:29.14 #|1574450189.142221276|00#| work_queue_worker[1] wq: rx from master: outfile file-0-6d79746b10289399b975e24593cae1b2-test.fasta.16.out test.fasta.16.out 1
2019/11/22 19:16:29.14 #|1574450189.142239655|00#| work_queue_worker[1] wq: rx from master: end
2019/11/22 19:16:29.14 #|1574450189.142360771|00#| work_queue_worker[1] wq: linking cache/file-0-25930e3036f13852cb0b29694bbab611-nt to /tmp/worker-0-1/t.4/nt
2019/11/22 19:16:29.14 #|1574450189.142654747|00#| work_queue_worker[1] wq: linking cache/file-0-e7f309af480f7b15cfe71180f5284818-test.fasta.16 to /tmp/worker-0-1/t.4/test.fasta.16
2019/11/22 19:16:29.14 #|1574450189.142697680|00#| work_queue_worker[1] wq: linking cache/file-0-daa9c57850b857b80eefebbca6aa18ce-blastall to /tmp/worker-0-1/t.4/blastall
2019/11/22 19:16:29.14 #|1574450189.142925771|00#| work_queue_worker[1] wq: started process 13: ./blastall -p blastn -d nt/nt -i test.fasta.16 -o test.fasta.16.out 2> test.fasta.16.err
2019/11/22 19:16:29.14 #|1574450189.142990513|00#| work_queue_worker[1] wq: tx to master: info tasks_running 1
2019/11/22 19:16:48.26 #|1574450208.261245652|00#| work_queue_worker[1] wq: task 4 (pid 13) exited normally with exit code 0
2019/11/22 19:16:48.26 #|1574450208.261285567|00#| work_queue_worker[1] wq: moving output file from /tmp/worker-0-1/t.4/test.fasta.16.err to cache/file-0-49428ca6e9788cb4d3ba878e251f88c4-test.fasta.16.err
2019/11/22 19:16:48.26 #|1574450208.261364864|00#| work_queue_worker[1] wq: moving output file from /tmp/worker-0-1/t.4/test.fasta.16.out to cache/file-0-6d79746b10289399b975e24593cae1b2-test.fasta.16.out
2019/11/22 19:16:48.26 #|1574450208.261445475|00#| work_queue_worker[1] wq: tx to master: available_results
2019/11/22 19:16:48.26 #|1574450208.262008400|00#| work_queue_worker[1] wq: rx from master: send_results -1
2019/11/22 19:16:48.26 #|1574450208.262044898|00#| work_queue_worker[1] wq: tx to master: result 0 0 0 19118528 4
2019/11/22 19:16:48.26 #|1574450208.262088967|00#| work_queue_worker[1] wq: tx to master: info tasks_running 0
2019/11/22 19:16:48.26 #|1574450208.262124870|00#| work_queue_worker[1] wq: tx to master: end
2019/11/22 19:16:48.26 #|1574450208.262705933|00#| work_queue_worker[1] wq: rx from master: get file-0-49428ca6e9788cb4d3ba878e251f88c4-test.fasta.16.err 1
2019/11/22 19:16:48.26 #|1574450208.262739392|00#| work_queue_worker[1] wq: tx to master: file file-0-49428ca6e9788cb4d3ba878e251f88c4-test.fasta.16.err 0
2019/11/22 19:16:48.26 #|1574450208.262781422|00#| work_queue_worker[1] wq: tx to master: end
2019/11/22 19:16:48.26 #|1574450208.263338833|00#| work_queue_worker[1] wq: rx from master: get file-0-6d79746b10289399b975e24593cae1b2-test.fasta.16.out 1
2019/11/22 19:16:48.26 #|1574450208.263371209|00#| work_queue_worker[1] wq: tx to master: file file-0-6d79746b10289399b975e24593cae1b2-test.fasta.16.out 21904
2019/11/22 19:16:48.26 #|1574450208.263556001|00#| work_queue_worker[1] wq: tx to master: end
2019/11/22 19:16:48.26 #|1574450208.266126328|00#| work_queue_worker[1] wq: rx from master: kill 4
2019/11/22 19:17:01.45 #|1574450221.452552012|00#| work_queue_worker[1] wq: rx from master: release
2019/11/22 19:17:01.45 #|1574450221.452623996|00#| work_queue_worker[1] wq: released by master 10.0.99.2:1026.
2019/11/22 19:17:01.45 #|1574450221.452677613|00#| work_queue_worker[1] wq: cleaning workspace /tmp/worker-0-1
2019/11/22 19:17:01.65 #|1574450221.651941834|00#| work_queue_worker[1] wq: disconnecting from master 10.0.99.2:1026
2019/11/22 19:17:01.65 #|1574450221.652132595|00#| work_queue_worker[1] tcp: disconnected from 10.0.99.2 port 1026
2019/11/22 19:17:01.65 #|1574450221.652192111|00#| work_queue_worker[1] wq: killing all outstanding tasks
2019/11/22 19:17:01.65 #|1574450221.652261254|00#| work_queue_worker[1] wq: all data structures are clean
2019/11/22 19:17:02.65 #|1574450222.652570894|00#| work_queue_worker[1] dns: looking up name master
2019/11/22 19:17:02.68 #|1574450222.685163509|00#| work_queue_worker[1] dns: couldn't look up master: Name or service not known
