2019/11/22 19:07:46.44 #|1574449666.443033466|00#| work_queue_worker[1] debug: /root/cctools/bin/work_queue_worker version 8.0.0 DEVELOPMENT (released 2019-11-14 15:35:16 +0000)
2019/11/22 19:07:46.44 #|1574449666.443206516|00#| work_queue_worker[1] debug: Built by root@7e9ecba79f43 on 2019-11-14 15:35:16 +0000
2019/11/22 19:07:46.44 #|1574449666.443231085|00#| work_queue_worker[1] debug: System: Linux 7e9ecba79f43 5.0.0-32-generic #34~18.04.2-Ubuntu SMP Thu Oct 10 10:36:02 UTC 2019 x86_64 x86_64 x86_64 GNU/Linux
2019/11/22 19:07:46.44 #|1574449666.443246889|00#| work_queue_worker[1] debug: Configuration: --prefix /root/cctools
2019/11/22 19:07:46.44 #|1574449666.443535662|00#| work_queue_worker[1] wq: WORK_QUEUE_SANDBOX set to /tmp/worker-0-1.
2019/11/22 19:07:46.44 #|1574449666.444186610|00#| work_queue_worker[1] debug: error reading disk usage on directory: ./cache.
2019/11/22 19:07:46.44 #|1574449666.444239116|00#| work_queue_worker[1] dns: looking up name master
2019/11/22 19:07:46.44 #|1574449666.445193900|00#| work_queue_worker[1] dns: master is 10.0.99.2
2019/11/22 19:07:46.44 #|1574449666.445357201|00#| work_queue_worker[1] tcp: connecting to 10.0.99.2 port 1026
2019/11/22 19:07:46.44 #|1574449666.449837239|00#| work_queue_worker[1] tcp: made connection to 10.0.99.2 port 1026
2019/11/22 19:07:46.44 #|1574449666.449877096|00#| work_queue_worker[1] wq: connected to master master:1026 via local address 10.0.99.9:51938
2019/11/22 19:07:46.44 #|1574449666.449900527|00#| work_queue_worker[1] wq: preparing workspace /tmp/worker-0-1
2019/11/22 19:07:46.45 #|1574449666.450058289|00#| work_queue_worker[1] dns: looking up name 2af06139786a
2019/11/22 19:07:46.45 #|1574449666.450120525|00#| work_queue_worker[1] dns: 2af06139786a is 10.0.99.9
2019/11/22 19:07:46.45 #|1574449666.450143048|00#| work_queue_worker[1] dns: looking up addr 10.0.99.9
2019/11/22 19:07:46.45 #|1574449666.450178067|00#| work_queue_worker[1] dns: 10.0.99.9 is 2af06139786a
2019/11/22 19:07:46.45 #|1574449666.450189069|00#| work_queue_worker[1] dns: finding my hostname: uname = 2af06139786a, address = 10.0.99.9, hostname = 2af06139786a
2019/11/22 19:07:46.45 #|1574449666.450202680|00#| work_queue_worker[1] wq: tx to master: workqueue 8 2af06139786a Linux x86_64 8.0.0
2019/11/22 19:07:46.45 #|1574449666.450257117|00#| work_queue_worker[1] wq: tx to master: info worker-id worker-c8d866b627eeca51f48d5242c6b19e63
2019/11/22 19:07:46.45 #|1574449666.450301717|00#| work_queue_worker[1] wq: tx to master: alive
2019/11/22 19:07:46.45 #|1574449666.450334746|00#| work_queue_worker[1] wq: Sending resource description to master:
2019/11/22 19:07:46.45 #|1574449666.450346008|00#| work_queue_worker[1] wq:  workers      0 inuse      1 total      1 smallest      1 largest
2019/11/22 19:07:46.45 #|1574449666.450378485|00#| work_queue_worker[1] wq:     disk      0 inuse 183132 total 183132 smallest 183132 largest
2019/11/22 19:07:46.45 #|1574449666.450415784|00#| work_queue_worker[1] wq:   memory      0 inuse   7749 total   7749 smallest   7749 largest
2019/11/22 19:07:46.45 #|1574449666.450448073|00#| work_queue_worker[1] wq:     gpus      0 inuse      0 total      0 smallest      0 largest
2019/11/22 19:07:46.45 #|1574449666.450479594|00#| work_queue_worker[1] wq:    cores      0 inuse      1 total      1 smallest      1 largest
2019/11/22 19:07:46.45 #|1574449666.450537517|00#| work_queue_worker[1] wq: tx to master: info end_of_resource_update 0
2019/11/22 19:07:46.45 #|1574449666.450569460|00#| work_queue_worker[1] wq: tx to master: info tasks_running 0
2019/11/22 19:07:46.45 #|1574449666.450583611|00#| work_queue_worker[1] wq: working for master at 10.0.99.2:1026.
2019/11/22 19:13:47.98 #|1574450027.987249812|00#| work_queue_worker[1] wq: rx from master: put file-0-25930e3036f13852cb0b29694bbab611-nt/taxdb.bti 14920392 0644 1
2019/11/22 19:13:47.98 #|1574450027.988613658|00#| work_queue_worker[1] wq: Putting file file-0-25930e3036f13852cb0b29694bbab611-nt/taxdb.bti into workspace
2019/11/22 19:13:49.30 #|1574450029.300568423|00#| work_queue_worker[1] wq: rx from master: put file-0-25930e3036f13852cb0b29694bbab611-nt/nt.nal 752 0644 1
2019/11/22 19:13:49.30 #|1574450029.300713487|00#| work_queue_worker[1] wq: Putting file file-0-25930e3036f13852cb0b29694bbab611-nt/nt.nal into workspace
2019/11/22 19:13:49.30 #|1574450029.300921587|00#| work_queue_worker[1] wq: rx from master: put file-0-25930e3036f13852cb0b29694bbab611-nt/nt.44.nni 27220 0644 1
2019/11/22 19:13:49.30 #|1574450029.300984331|00#| work_queue_worker[1] wq: Putting file file-0-25930e3036f13852cb0b29694bbab611-nt/nt.44.nni into workspace
2019/11/22 19:13:49.30 #|1574450029.302936375|00#| work_queue_worker[1] wq: rx from master: put file-0-25930e3036f13852cb0b29694bbab611-nt/nt.44.nog 3378248 0644 1
2019/11/22 19:13:49.30 #|1574450029.302990852|00#| work_queue_worker[1] wq: Putting file file-0-25930e3036f13852cb0b29694bbab611-nt/nt.44.nog into workspace
2019/11/22 19:13:49.60 #|1574450029.600823748|00#| work_queue_worker[1] wq: rx from master: put file-0-25930e3036f13852cb0b29694bbab611-nt/taxdb.btd 141628361 0644 1
2019/11/22 19:13:49.60 #|1574450029.600923633|00#| work_queue_worker[1] wq: Putting file file-0-25930e3036f13852cb0b29694bbab611-nt/taxdb.btd into workspace
2019/11/22 19:14:02.09 #|1574450042.96400500|00#| work_queue_worker[1] wq: rx from master: put file-0-25930e3036f13852cb0b29694bbab611-nt/nt.44.nhr 148534336 0644 1
2019/11/22 19:14:02.09 #|1574450042.96530496|00#| work_queue_worker[1] wq: Putting file file-0-25930e3036f13852cb0b29694bbab611-nt/nt.44.nhr into workspace
2019/11/22 19:14:15.16 #|1574450055.166198001|00#| work_queue_worker[1] wq: rx from master: put file-0-25930e3036f13852cb0b29694bbab611-nt/nt.44.nhi 338004 0644 1
2019/11/22 19:14:15.16 #|1574450055.166306877|00#| work_queue_worker[1] wq: Putting file file-0-25930e3036f13852cb0b29694bbab611-nt/nt.44.nhi into workspace
2019/11/22 19:14:15.19 #|1574450055.195342706|00#| work_queue_worker[1] wq: rx from master: put file-0-25930e3036f13852cb0b29694bbab611-nt/nt.44.nnd 6955488 0644 1
2019/11/22 19:14:15.19 #|1574450055.195462190|00#| work_queue_worker[1] wq: Putting file file-0-25930e3036f13852cb0b29694bbab611-nt/nt.44.nnd into workspace
2019/11/22 19:14:15.80 #|1574450055.808267724|00#| work_queue_worker[1] wq: rx from master: put file-0-25930e3036f13852cb0b29694bbab611-nt/nt.44.nhd 14869748 0644 1
2019/11/22 19:14:15.80 #|1574450055.808393473|00#| work_queue_worker[1] wq: Putting file file-0-25930e3036f13852cb0b29694bbab611-nt/nt.44.nhd into workspace
2019/11/22 19:14:17.11 #|1574450057.118599256|00#| work_queue_worker[1] wq: rx from master: put file-0-25930e3036f13852cb0b29694bbab611-nt/nt.44.nsq 974099786 0644 1
2019/11/22 19:14:17.11 #|1574450057.118723856|00#| work_queue_worker[1] wq: Putting file file-0-25930e3036f13852cb0b29694bbab611-nt/nt.44.nsq into workspace
2019/11/22 19:15:42.97 #|1574450142.979817866|00#| work_queue_worker[1] wq: rx from master: put file-0-25930e3036f13852cb0b29694bbab611-nt/nt.44.nin 10134740 0644 1
2019/11/22 19:15:42.98 #|1574450142.980613036|00#| work_queue_worker[1] wq: Putting file file-0-25930e3036f13852cb0b29694bbab611-nt/nt.44.nin into workspace
2019/11/22 19:15:43.85 #|1574450143.850847940|00#| work_queue_worker[1] wq: rx from master: put file-0-25930e3036f13852cb0b29694bbab611-nt/nt.44.nsi 764650 0644 1
2019/11/22 19:15:43.85 #|1574450143.850963500|00#| work_queue_worker[1] wq: Putting file file-0-25930e3036f13852cb0b29694bbab611-nt/nt.44.nsi into workspace
2019/11/22 19:15:43.91 #|1574450143.918153991|00#| work_queue_worker[1] wq: rx from master: put file-0-25930e3036f13852cb0b29694bbab611-nt/nt.44.nsd 33299557 0644 1
2019/11/22 19:15:43.91 #|1574450143.918243521|00#| work_queue_worker[1] wq: Putting file file-0-25930e3036f13852cb0b29694bbab611-nt/nt.44.nsd into workspace
2019/11/22 19:15:46.85 #|1574450146.852426810|00#| work_queue_worker[1] wq: rx from master: put file-0-5d44d8f82cbb3f9ecaf466b060d01edb-test.fasta.11 10120 0644 1
2019/11/22 19:15:46.85 #|1574450146.852538450|00#| work_queue_worker[1] wq: Putting file file-0-5d44d8f82cbb3f9ecaf466b060d01edb-test.fasta.11 into workspace
2019/11/22 19:15:46.85 #|1574450146.853765994|00#| work_queue_worker[1] wq: rx from master: put file-0-daa9c57850b857b80eefebbca6aa18ce-blastall 7687410 0755 1
2019/11/22 19:15:46.85 #|1574450146.853833238|00#| work_queue_worker[1] wq: Putting file file-0-daa9c57850b857b80eefebbca6aa18ce-blastall into workspace
2019/11/22 19:15:47.55 #|1574450147.552403228|00#| work_queue_worker[1] wq: rx from master: task 9
2019/11/22 19:15:47.55 #|1574450147.552529415|00#| work_queue_worker[1] wq: rx from master: cmd 88
2019/11/22 19:15:47.55 #|1574450147.552562540|00#| work_queue_worker[1] wq: rx from master: ./blastall -p blastn -d nt/nt -i test.fasta.11 -o test.fasta.11.out 2> test.fasta.11.err
2019/11/22 19:15:47.55 #|1574450147.552582062|00#| work_queue_worker[1] wq: rx from master: category default
2019/11/22 19:15:47.55 #|1574450147.552602028|00#| work_queue_worker[1] wq: rx from master: cores 1
2019/11/22 19:15:47.55 #|1574450147.552633104|00#| work_queue_worker[1] wq: rx from master: memory 7749
2019/11/22 19:15:47.55 #|1574450147.552656422|00#| work_queue_worker[1] wq: rx from master: disk 183132
2019/11/22 19:15:47.55 #|1574450147.552678645|00#| work_queue_worker[1] wq: rx from master: gpus 0
2019/11/22 19:15:47.55 #|1574450147.552701966|00#| work_queue_worker[1] wq: rx from master: end_time 18446744073709551615
2019/11/22 19:15:47.55 #|1574450147.552726388|00#| work_queue_worker[1] wq: rx from master: wall_time 18446744073709551615
2019/11/22 19:15:47.55 #|1574450147.552749203|00#| work_queue_worker[1] wq: rx from master: env 7
2019/11/22 19:15:47.55 #|1574450147.552777184|00#| work_queue_worker[1] wq: rx from master: env 17
2019/11/22 19:15:47.55 #|1574450147.552804492|00#| work_queue_worker[1] wq: rx from master: infile file-0-25930e3036f13852cb0b29694bbab611-nt nt 1
2019/11/22 19:15:47.55 #|1574450147.552861046|00#| work_queue_worker[1] wq: rx from master: infile file-0-5d44d8f82cbb3f9ecaf466b060d01edb-test.fasta.11 test.fasta.11 1
2019/11/22 19:15:47.55 #|1574450147.552901542|00#| work_queue_worker[1] wq: rx from master: infile file-0-daa9c57850b857b80eefebbca6aa18ce-blastall blastall 1
2019/11/22 19:15:47.55 #|1574450147.552938876|00#| work_queue_worker[1] wq: rx from master: outfile file-0-1ec6f60204ab1e932b38cec0b78303f1-test.fasta.11.err test.fasta.11.err 1
2019/11/22 19:15:47.55 #|1574450147.552979322|00#| work_queue_worker[1] wq: rx from master: outfile file-0-b2dcb7cd97b86e43787e05023fc40494-test.fasta.11.out test.fasta.11.out 1
2019/11/22 19:15:47.55 #|1574450147.553016768|00#| work_queue_worker[1] wq: rx from master: end
2019/11/22 19:15:47.55 #|1574450147.553438520|00#| work_queue_worker[1] wq: linking cache/file-0-25930e3036f13852cb0b29694bbab611-nt to /tmp/worker-0-1/t.9/nt
2019/11/22 19:15:47.55 #|1574450147.553834666|00#| work_queue_worker[1] wq: linking cache/file-0-5d44d8f82cbb3f9ecaf466b060d01edb-test.fasta.11 to /tmp/worker-0-1/t.9/test.fasta.11
2019/11/22 19:15:47.55 #|1574450147.553872071|00#| work_queue_worker[1] wq: linking cache/file-0-daa9c57850b857b80eefebbca6aa18ce-blastall to /tmp/worker-0-1/t.9/blastall
2019/11/22 19:15:47.55 #|1574450147.553901921|00#| work_queue_worker[1] wq: Waiting task 9 has been forsaken.
2019/11/22 19:15:47.55 #|1574450147.553913097|00#| work_queue_worker[1] wq: tx to master: alive
2019/11/22 19:15:47.55 #|1574450147.553982264|00#| work_queue_worker[1] wq: Sending resource description to master:
2019/11/22 19:15:47.55 #|1574450147.553993974|00#| work_queue_worker[1] wq:  workers      0 inuse      1 total      1 smallest      1 largest
2019/11/22 19:15:47.55 #|1574450147.554027870|00#| work_queue_worker[1] wq:     disk   1294 inuse 179212 total 179212 smallest 179212 largest
2019/11/22 19:15:47.55 #|1574450147.554060203|00#| work_queue_worker[1] wq:   memory      0 inuse   7749 total   7749 smallest   7749 largest
2019/11/22 19:15:47.55 #|1574450147.554091656|00#| work_queue_worker[1] wq:     gpus      0 inuse      0 total      0 smallest      0 largest
2019/11/22 19:15:47.55 #|1574450147.554122185|00#| work_queue_worker[1] wq:    cores      0 inuse      1 total      1 smallest      1 largest
2019/11/22 19:15:47.55 #|1574450147.554178235|00#| work_queue_worker[1] wq: tx to master: info end_of_resource_update 0
2019/11/22 19:15:47.55 #|1574450147.554209404|00#| work_queue_worker[1] wq: tx to master: info tasks_running 0
2019/11/22 19:15:47.55 #|1574450147.554240395|00#| work_queue_worker[1] wq: tx to master: info tasks_running 0
2019/11/22 19:15:47.55 #|1574450147.554271348|00#| work_queue_worker[1] wq: tx to master: available_results
2019/11/22 19:15:47.55 #|1574450147.554301911|00#| work_queue_worker[1] wq: rx from master: check
2019/11/22 19:15:47.55 #|1574450147.554314865|00#| work_queue_worker[1] wq: tx to master: alive
2019/11/22 19:15:47.55 #|1574450147.554348346|00#| work_queue_worker[1] wq: tx to master: info tasks_running 0
2019/11/22 19:15:50.36 #|1574450150.367877925|00#| work_queue_worker[1] wq: rx from master: send_results -1
2019/11/22 19:15:50.36 #|1574450150.367958678|00#| work_queue_worker[1] wq: tx to master: result 40 0 0 0 9
2019/11/22 19:15:50.36 #|1574450150.368070207|00#| work_queue_worker[1] wq: tx to master: info tasks_running 0
2019/11/22 19:15:50.36 #|1574450150.368150353|00#| work_queue_worker[1] wq: tx to master: end
2019/11/22 19:15:50.37 #|1574450150.370971567|00#| work_queue_worker[1] wq: rx from master: put file-0-bd98410c4ed2bfaa95819f1849189081-test.fasta.18 10120 0644 1
2019/11/22 19:15:50.37 #|1574450150.371058217|00#| work_queue_worker[1] wq: Putting file file-0-bd98410c4ed2bfaa95819f1849189081-test.fasta.18 into workspace
2019/11/22 19:15:50.37 #|1574450150.372109140|00#| work_queue_worker[1] wq: rx from master: task 2
2019/11/22 19:15:50.37 #|1574450150.372156892|00#| work_queue_worker[1] wq: rx from master: cmd 88
2019/11/22 19:15:50.37 #|1574450150.372187429|00#| work_queue_worker[1] wq: rx from master: ./blastall -p blastn -d nt/nt -i test.fasta.18 -o test.fasta.18.out 2> test.fasta.18.err
2019/11/22 19:15:50.37 #|1574450150.372268329|00#| work_queue_worker[1] wq: rx from master: category default
2019/11/22 19:15:50.37 #|1574450150.372297993|00#| work_queue_worker[1] wq: rx from master: cores 1
2019/11/22 19:15:50.37 #|1574450150.372326943|00#| work_queue_worker[1] wq: rx from master: memory 7749
2019/11/22 19:15:50.37 #|1574450150.372410233|00#| work_queue_worker[1] wq: rx from master: disk 179212
2019/11/22 19:15:50.37 #|1574450150.372444233|00#| work_queue_worker[1] wq: rx from master: gpus 0
2019/11/22 19:15:50.37 #|1574450150.372474495|00#| work_queue_worker[1] wq: rx from master: end_time 18446744073709551615
2019/11/22 19:15:50.37 #|1574450150.372506858|00#| work_queue_worker[1] wq: rx from master: wall_time 18446744073709551615
2019/11/22 19:15:50.37 #|1574450150.372538446|00#| work_queue_worker[1] wq: rx from master: env 7
2019/11/22 19:15:50.37 #|1574450150.372573629|00#| work_queue_worker[1] wq: rx from master: env 17
2019/11/22 19:15:50.37 #|1574450150.372608731|00#| work_queue_worker[1] wq: rx from master: infile file-0-25930e3036f13852cb0b29694bbab611-nt nt 1
2019/11/22 19:15:50.37 #|1574450150.372658916|00#| work_queue_worker[1] wq: rx from master: infile file-0-bd98410c4ed2bfaa95819f1849189081-test.fasta.18 test.fasta.18 1
2019/11/22 19:15:50.37 #|1574450150.372711339|00#| work_queue_worker[1] wq: rx from master: infile file-0-daa9c57850b857b80eefebbca6aa18ce-blastall blastall 1
2019/11/22 19:15:50.37 #|1574450150.372760680|00#| work_queue_worker[1] wq: rx from master: outfile file-0-b3ca854c26233484c838ab6d3298229c-test.fasta.18.err test.fasta.18.err 1
2019/11/22 19:15:50.37 #|1574450150.372811257|00#| work_queue_worker[1] wq: rx from master: outfile file-0-c688af492b061abef62bf46ec43b64b2-test.fasta.18.out test.fasta.18.out 1
2019/11/22 19:15:50.37 #|1574450150.372869515|00#| work_queue_worker[1] wq: rx from master: end
2019/11/22 19:15:50.37 #|1574450150.373109558|00#| work_queue_worker[1] wq: linking cache/file-0-25930e3036f13852cb0b29694bbab611-nt to /tmp/worker-0-1/t.2/nt
2019/11/22 19:15:50.37 #|1574450150.373780595|00#| work_queue_worker[1] wq: linking cache/file-0-bd98410c4ed2bfaa95819f1849189081-test.fasta.18 to /tmp/worker-0-1/t.2/test.fasta.18
2019/11/22 19:15:50.37 #|1574450150.373900505|00#| work_queue_worker[1] wq: linking cache/file-0-daa9c57850b857b80eefebbca6aa18ce-blastall to /tmp/worker-0-1/t.2/blastall
2019/11/22 19:15:50.37 #|1574450150.374329939|00#| work_queue_worker[1] wq: started process 9: ./blastall -p blastn -d nt/nt -i test.fasta.18 -o test.fasta.18.out 2> test.fasta.18.err
2019/11/22 19:15:50.37 #|1574450150.374405681|00#| work_queue_worker[1] wq: tx to master: info tasks_running 1
2019/11/22 19:16:09.98 #|1574450169.987535014|00#| work_queue_worker[1] wq: task 2 (pid 9) exited normally with exit code 0
2019/11/22 19:16:09.98 #|1574450169.987572805|00#| work_queue_worker[1] wq: moving output file from /tmp/worker-0-1/t.2/test.fasta.18.err to cache/file-0-b3ca854c26233484c838ab6d3298229c-test.fasta.18.err
2019/11/22 19:16:09.98 #|1574450169.987642535|00#| work_queue_worker[1] wq: moving output file from /tmp/worker-0-1/t.2/test.fasta.18.out to cache/file-0-c688af492b061abef62bf46ec43b64b2-test.fasta.18.out
2019/11/22 19:16:09.98 #|1574450169.987695791|00#| work_queue_worker[1] wq: tx to master: available_results
2019/11/22 19:16:10.10 #|1574450170.101100544|00#| work_queue_worker[1] wq: rx from master: send_results -1
2019/11/22 19:16:10.10 #|1574450170.101144209|00#| work_queue_worker[1] wq: tx to master: result 0 0 0 19613481 2
2019/11/22 19:16:10.10 #|1574450170.101197768|00#| work_queue_worker[1] wq: tx to master: info tasks_running 0
2019/11/22 19:16:10.10 #|1574450170.101235117|00#| work_queue_worker[1] wq: tx to master: end
2019/11/22 19:16:10.10 #|1574450170.101724660|00#| work_queue_worker[1] wq: rx from master: get file-0-b3ca854c26233484c838ab6d3298229c-test.fasta.18.err 1
2019/11/22 19:16:10.10 #|1574450170.101766190|00#| work_queue_worker[1] wq: tx to master: file file-0-b3ca854c26233484c838ab6d3298229c-test.fasta.18.err 0
2019/11/22 19:16:10.10 #|1574450170.101820233|00#| work_queue_worker[1] wq: tx to master: end
2019/11/22 19:16:10.10 #|1574450170.102257176|00#| work_queue_worker[1] wq: rx from master: get file-0-c688af492b061abef62bf46ec43b64b2-test.fasta.18.out 1
2019/11/22 19:16:10.10 #|1574450170.102292125|00#| work_queue_worker[1] wq: tx to master: file file-0-c688af492b061abef62bf46ec43b64b2-test.fasta.18.out 40977
2019/11/22 19:16:10.10 #|1574450170.103743761|00#| work_queue_worker[1] wq: tx to master: end
2019/11/22 19:16:10.10 #|1574450170.106798333|00#| work_queue_worker[1] wq: rx from master: kill 2
2019/11/22 19:16:10.11 #|1574450170.119298902|00#| work_queue_worker[1] wq: rx from master: put file-0-9f04d57561db456f4f47dcdca9feb103-test.fasta.7 10110 0644 1
2019/11/22 19:16:10.11 #|1574450170.119348649|00#| work_queue_worker[1] wq: Putting file file-0-9f04d57561db456f4f47dcdca9feb103-test.fasta.7 into workspace
2019/11/22 19:16:10.12 #|1574450170.121144501|00#| work_queue_worker[1] wq: rx from master: task 13
2019/11/22 19:16:10.12 #|1574450170.121184966|00#| work_queue_worker[1] wq: rx from master: cmd 85
2019/11/22 19:16:10.12 #|1574450170.121206830|00#| work_queue_worker[1] wq: rx from master: ./blastall -p blastn -d nt/nt -i test.fasta.7 -o test.fasta.7.out 2> test.fasta.7.err
2019/11/22 19:16:10.12 #|1574450170.121224137|00#| work_queue_worker[1] wq: rx from master: category default
2019/11/22 19:16:10.12 #|1574450170.121238802|00#| work_queue_worker[1] wq: rx from master: cores 1
2019/11/22 19:16:10.12 #|1574450170.121256906|00#| work_queue_worker[1] wq: rx from master: memory 7749
2019/11/22 19:16:10.12 #|1574450170.121275308|00#| work_queue_worker[1] wq: rx from master: disk 179212
2019/11/22 19:16:10.12 #|1574450170.121294398|00#| work_queue_worker[1] wq: rx from master: gpus 0
2019/11/22 19:16:10.12 #|1574450170.121311299|00#| work_queue_worker[1] wq: rx from master: end_time 18446744073709551615
2019/11/22 19:16:10.12 #|1574450170.121331131|00#| work_queue_worker[1] wq: rx from master: wall_time 18446744073709551615
2019/11/22 19:16:10.12 #|1574450170.121350881|00#| work_queue_worker[1] wq: rx from master: env 7
2019/11/22 19:16:10.12 #|1574450170.121373313|00#| work_queue_worker[1] wq: rx from master: env 17
2019/11/22 19:16:10.12 #|1574450170.121404995|00#| work_queue_worker[1] wq: rx from master: infile file-0-25930e3036f13852cb0b29694bbab611-nt nt 1
2019/11/22 19:16:10.12 #|1574450170.121440475|00#| work_queue_worker[1] wq: rx from master: infile file-0-9f04d57561db456f4f47dcdca9feb103-test.fasta.7 test.fasta.7 1
2019/11/22 19:16:10.12 #|1574450170.121472560|00#| work_queue_worker[1] wq: rx from master: infile file-0-daa9c57850b857b80eefebbca6aa18ce-blastall blastall 1
2019/11/22 19:16:10.12 #|1574450170.121500769|00#| work_queue_worker[1] wq: rx from master: outfile file-0-d08e27aac9e49582c455b76197081fb3-test.fasta.7.err test.fasta.7.err 1
2019/11/22 19:16:10.12 #|1574450170.121531480|00#| work_queue_worker[1] wq: rx from master: outfile file-0-c17c0db997ae1cdb7af1ea386e447bb4-test.fasta.7.out test.fasta.7.out 1
2019/11/22 19:16:10.12 #|1574450170.121560712|00#| work_queue_worker[1] wq: rx from master: end
2019/11/22 19:16:10.12 #|1574450170.121673865|00#| work_queue_worker[1] wq: linking cache/file-0-25930e3036f13852cb0b29694bbab611-nt to /tmp/worker-0-1/t.13/nt
2019/11/22 19:16:10.12 #|1574450170.121913876|00#| work_queue_worker[1] wq: linking cache/file-0-9f04d57561db456f4f47dcdca9feb103-test.fasta.7 to /tmp/worker-0-1/t.13/test.fasta.7
2019/11/22 19:16:10.12 #|1574450170.121952956|00#| work_queue_worker[1] wq: linking cache/file-0-daa9c57850b857b80eefebbca6aa18ce-blastall to /tmp/worker-0-1/t.13/blastall
2019/11/22 19:16:10.12 #|1574450170.122117348|00#| work_queue_worker[1] wq: started process 11: ./blastall -p blastn -d nt/nt -i test.fasta.7 -o test.fasta.7.out 2> test.fasta.7.err
2019/11/22 19:16:10.12 #|1574450170.122170290|00#| work_queue_worker[1] wq: tx to master: info tasks_running 1
2019/11/22 19:16:29.10 #|1574450189.105555771|00#| work_queue_worker[1] wq: task 13 (pid 11) exited normally with exit code 0
2019/11/22 19:16:29.10 #|1574450189.105595879|00#| work_queue_worker[1] wq: moving output file from /tmp/worker-0-1/t.13/test.fasta.7.err to cache/file-0-d08e27aac9e49582c455b76197081fb3-test.fasta.7.err
2019/11/22 19:16:29.10 #|1574450189.105675349|00#| work_queue_worker[1] wq: moving output file from /tmp/worker-0-1/t.13/test.fasta.7.out to cache/file-0-c17c0db997ae1cdb7af1ea386e447bb4-test.fasta.7.out
2019/11/22 19:16:29.10 #|1574450189.105778594|00#| work_queue_worker[1] wq: tx to master: available_results
2019/11/22 19:16:29.13 #|1574450189.132502723|00#| work_queue_worker[1] wq: rx from master: send_results -1
2019/11/22 19:16:29.13 #|1574450189.132556857|00#| work_queue_worker[1] wq: tx to master: result 0 0 0 18983581 13
2019/11/22 19:16:29.13 #|1574450189.132616294|00#| work_queue_worker[1] wq: tx to master: info tasks_running 0
2019/11/22 19:16:29.13 #|1574450189.132656751|00#| work_queue_worker[1] wq: tx to master: end
2019/11/22 19:16:29.13 #|1574450189.136884965|00#| work_queue_worker[1] wq: rx from master: get file-0-d08e27aac9e49582c455b76197081fb3-test.fasta.7.err 1
2019/11/22 19:16:29.13 #|1574450189.136940863|00#| work_queue_worker[1] wq: tx to master: file file-0-d08e27aac9e49582c455b76197081fb3-test.fasta.7.err 0
2019/11/22 19:16:29.13 #|1574450189.137012297|00#| work_queue_worker[1] wq: tx to master: end
2019/11/22 19:16:29.13 #|1574450189.137583578|00#| work_queue_worker[1] wq: rx from master: get file-0-c17c0db997ae1cdb7af1ea386e447bb4-test.fasta.7.out 1
2019/11/22 19:16:29.13 #|1574450189.137622248|00#| work_queue_worker[1] wq: tx to master: file file-0-c17c0db997ae1cdb7af1ea386e447bb4-test.fasta.7.out 20517
2019/11/22 19:16:29.13 #|1574450189.137769735|00#| work_queue_worker[1] wq: tx to master: end
2019/11/22 19:16:29.14 #|1574450189.140151176|00#| work_queue_worker[1] wq: rx from master: kill 13
2019/11/22 19:16:29.14 #|1574450189.141956453|00#| work_queue_worker[1] wq: rx from master: put file-0-c6fe59e7bc34ad592758fbf1affd35b3-test.fasta.6 10110 0644 1
2019/11/22 19:16:29.14 #|1574450189.142024385|00#| work_queue_worker[1] wq: Putting file file-0-c6fe59e7bc34ad592758fbf1affd35b3-test.fasta.6 into workspace
2019/11/22 19:16:29.14 #|1574450189.142849785|00#| work_queue_worker[1] wq: rx from master: task 14
2019/11/22 19:16:29.14 #|1574450189.142905305|00#| work_queue_worker[1] wq: rx from master: cmd 85
2019/11/22 19:16:29.14 #|1574450189.142927676|00#| work_queue_worker[1] wq: rx from master: ./blastall -p blastn -d nt/nt -i test.fasta.6 -o test.fasta.6.out 2> test.fasta.6.err
2019/11/22 19:16:29.14 #|1574450189.142943079|00#| work_queue_worker[1] wq: rx from master: category default
2019/11/22 19:16:29.14 #|1574450189.142990586|00#| work_queue_worker[1] wq: rx from master: cores 1
2019/11/22 19:16:29.14 #|1574450189.143023438|00#| work_queue_worker[1] wq: rx from master: memory 7749
2019/11/22 19:16:29.14 #|1574450189.143058496|00#| work_queue_worker[1] wq: rx from master: disk 179212
2019/11/22 19:16:29.14 #|1574450189.143080609|00#| work_queue_worker[1] wq: rx from master: gpus 0
2019/11/22 19:16:29.14 #|1574450189.143104500|00#| work_queue_worker[1] wq: rx from master: end_time 18446744073709551615
2019/11/22 19:16:29.14 #|1574450189.143123153|00#| work_queue_worker[1] wq: rx from master: wall_time 18446744073709551615
2019/11/22 19:16:29.14 #|1574450189.143139359|00#| work_queue_worker[1] wq: rx from master: env 7
2019/11/22 19:16:29.14 #|1574450189.143158464|00#| work_queue_worker[1] wq: rx from master: env 17
2019/11/22 19:16:29.14 #|1574450189.143177662|00#| work_queue_worker[1] wq: rx from master: infile file-0-25930e3036f13852cb0b29694bbab611-nt nt 1
2019/11/22 19:16:29.14 #|1574450189.143209902|00#| work_queue_worker[1] wq: rx from master: infile file-0-c6fe59e7bc34ad592758fbf1affd35b3-test.fasta.6 test.fasta.6 1
2019/11/22 19:16:29.14 #|1574450189.143236713|00#| work_queue_worker[1] wq: rx from master: infile file-0-daa9c57850b857b80eefebbca6aa18ce-blastall blastall 1
2019/11/22 19:16:29.14 #|1574450189.143261660|00#| work_queue_worker[1] wq: rx from master: outfile file-0-bd9fd21e69318adb97979b465eda0063-test.fasta.6.err test.fasta.6.err 1
2019/11/22 19:16:29.14 #|1574450189.143288386|00#| work_queue_worker[1] wq: rx from master: outfile file-0-a7dc44bc794b29fe719284fc40dc98e9-test.fasta.6.out test.fasta.6.out 1
2019/11/22 19:16:29.14 #|1574450189.143315084|00#| work_queue_worker[1] wq: rx from master: end
2019/11/22 19:16:29.14 #|1574450189.143503471|00#| work_queue_worker[1] wq: linking cache/file-0-25930e3036f13852cb0b29694bbab611-nt to /tmp/worker-0-1/t.14/nt
2019/11/22 19:16:29.14 #|1574450189.143883283|00#| work_queue_worker[1] wq: linking cache/file-0-c6fe59e7bc34ad592758fbf1affd35b3-test.fasta.6 to /tmp/worker-0-1/t.14/test.fasta.6
2019/11/22 19:16:29.14 #|1574450189.143936694|00#| work_queue_worker[1] wq: linking cache/file-0-daa9c57850b857b80eefebbca6aa18ce-blastall to /tmp/worker-0-1/t.14/blastall
2019/11/22 19:16:29.14 #|1574450189.147583312|00#| work_queue_worker[1] wq: started process 13: ./blastall -p blastn -d nt/nt -i test.fasta.6 -o test.fasta.6.out 2> test.fasta.6.err
2019/11/22 19:16:29.14 #|1574450189.147657667|00#| work_queue_worker[1] wq: tx to master: info tasks_running 1
2019/11/22 19:16:48.58 #|1574450208.586502065|00#| work_queue_worker[1] wq: task 14 (pid 13) exited normally with exit code 0
2019/11/22 19:16:48.58 #|1574450208.586547159|00#| work_queue_worker[1] wq: moving output file from /tmp/worker-0-1/t.14/test.fasta.6.err to cache/file-0-bd9fd21e69318adb97979b465eda0063-test.fasta.6.err
2019/11/22 19:16:48.58 #|1574450208.586613552|00#| work_queue_worker[1] wq: moving output file from /tmp/worker-0-1/t.14/test.fasta.6.out to cache/file-0-a7dc44bc794b29fe719284fc40dc98e9-test.fasta.6.out
2019/11/22 19:16:48.58 #|1574450208.586640800|00#| work_queue_worker[1] wq: tx to master: available_results
2019/11/22 19:16:48.58 #|1574450208.587139716|00#| work_queue_worker[1] wq: rx from master: send_results -1
2019/11/22 19:16:48.58 #|1574450208.587188452|00#| work_queue_worker[1] wq: tx to master: result 0 0 0 19442521 14
2019/11/22 19:16:48.58 #|1574450208.587225886|00#| work_queue_worker[1] wq: tx to master: info tasks_running 0
2019/11/22 19:16:48.58 #|1574450208.587259490|00#| work_queue_worker[1] wq: tx to master: end
2019/11/22 19:16:48.58 #|1574450208.587870680|00#| work_queue_worker[1] wq: rx from master: get file-0-bd9fd21e69318adb97979b465eda0063-test.fasta.6.err 1
2019/11/22 19:16:48.58 #|1574450208.587926912|00#| work_queue_worker[1] wq: tx to master: file file-0-bd9fd21e69318adb97979b465eda0063-test.fasta.6.err 0
2019/11/22 19:16:48.58 #|1574450208.587976481|00#| work_queue_worker[1] wq: tx to master: end
2019/11/22 19:16:48.58 #|1574450208.588629939|00#| work_queue_worker[1] wq: rx from master: get file-0-a7dc44bc794b29fe719284fc40dc98e9-test.fasta.6.out 1
2019/11/22 19:16:48.58 #|1574450208.588661893|00#| work_queue_worker[1] wq: tx to master: file file-0-a7dc44bc794b29fe719284fc40dc98e9-test.fasta.6.out 43688
2019/11/22 19:16:48.58 #|1574450208.588812934|00#| work_queue_worker[1] wq: tx to master: end
2019/11/22 19:16:48.59 #|1574450208.593534440|00#| work_queue_worker[1] wq: rx from master: kill 14
2019/11/22 19:17:01.45 #|1574450221.453037207|00#| work_queue_worker[1] wq: rx from master: release
2019/11/22 19:17:01.45 #|1574450221.453087629|00#| work_queue_worker[1] wq: released by master 10.0.99.2:1026.
2019/11/22 19:17:01.45 #|1574450221.453109200|00#| work_queue_worker[1] wq: cleaning workspace /tmp/worker-0-1
2019/11/22 19:17:01.66 #|1574450221.664173988|00#| work_queue_worker[1] wq: disconnecting from master 10.0.99.2:1026
2019/11/22 19:17:01.66 #|1574450221.664296945|00#| work_queue_worker[1] tcp: disconnected from 10.0.99.2 port 1026
2019/11/22 19:17:01.66 #|1574450221.664309368|00#| work_queue_worker[1] wq: killing all outstanding tasks
2019/11/22 19:17:01.66 #|1574450221.664341085|00#| work_queue_worker[1] wq: all data structures are clean
2019/11/22 19:17:02.66 #|1574450222.664526632|00#| work_queue_worker[1] dns: looking up name master
2019/11/22 19:17:02.68 #|1574450222.685171127|00#| work_queue_worker[1] dns: couldn't look up master: Name or service not known
