2019/11/22 19:07:45.64 #|1574449665.645898706|00#| work_queue_worker[1] debug: /root/cctools/bin/work_queue_worker version 8.0.0 DEVELOPMENT (released 2019-11-14 15:35:16 +0000)
2019/11/22 19:07:45.64 #|1574449665.646052211|00#| work_queue_worker[1] debug: Built by root@7e9ecba79f43 on 2019-11-14 15:35:16 +0000
2019/11/22 19:07:45.64 #|1574449665.646067873|00#| work_queue_worker[1] debug: System: Linux 7e9ecba79f43 5.0.0-32-generic #34~18.04.2-Ubuntu SMP Thu Oct 10 10:36:02 UTC 2019 x86_64 x86_64 x86_64 GNU/Linux
2019/11/22 19:07:45.64 #|1574449665.646083309|00#| work_queue_worker[1] debug: Configuration: --prefix /root/cctools
2019/11/22 19:07:45.64 #|1574449665.646283619|00#| work_queue_worker[1] wq: WORK_QUEUE_SANDBOX set to /tmp/worker-0-1.
2019/11/22 19:07:45.64 #|1574449665.647016060|00#| work_queue_worker[1] debug: error reading disk usage on directory: ./cache.
2019/11/22 19:07:45.64 #|1574449665.647065828|00#| work_queue_worker[1] dns: looking up name master
2019/11/22 19:07:45.64 #|1574449665.648104481|00#| work_queue_worker[1] dns: master is 10.0.99.2
2019/11/22 19:07:45.64 #|1574449665.648244083|00#| work_queue_worker[1] tcp: connecting to 10.0.99.2 port 1026
2019/11/22 19:07:45.65 #|1574449665.652691286|00#| work_queue_worker[1] tcp: made connection to 10.0.99.2 port 1026
2019/11/22 19:07:45.65 #|1574449665.652736589|00#| work_queue_worker[1] wq: connected to master master:1026 via local address 10.0.99.6:37514
2019/11/22 19:07:45.65 #|1574449665.652761028|00#| work_queue_worker[1] wq: preparing workspace /tmp/worker-0-1
2019/11/22 19:07:45.65 #|1574449665.652946772|00#| work_queue_worker[1] dns: looking up name d3defae3d817
2019/11/22 19:07:45.65 #|1574449665.653021549|00#| work_queue_worker[1] dns: d3defae3d817 is 10.0.99.6
2019/11/22 19:07:45.65 #|1574449665.653037940|00#| work_queue_worker[1] dns: looking up addr 10.0.99.6
2019/11/22 19:07:45.65 #|1574449665.653082740|00#| work_queue_worker[1] dns: 10.0.99.6 is d3defae3d817
2019/11/22 19:07:45.65 #|1574449665.653095040|00#| work_queue_worker[1] dns: finding my hostname: uname = d3defae3d817, address = 10.0.99.6, hostname = d3defae3d817
2019/11/22 19:07:45.65 #|1574449665.653109525|00#| work_queue_worker[1] wq: tx to master: workqueue 8 d3defae3d817 Linux x86_64 8.0.0
2019/11/22 19:07:45.65 #|1574449665.653184574|00#| work_queue_worker[1] wq: tx to master: info worker-id worker-8cabdedf50a811fc8d0e36e4a7ca6e48
2019/11/22 19:07:45.65 #|1574449665.653235962|00#| work_queue_worker[1] wq: tx to master: alive
2019/11/22 19:07:45.65 #|1574449665.653286722|00#| work_queue_worker[1] wq: Sending resource description to master:
2019/11/22 19:07:45.65 #|1574449665.653312426|00#| work_queue_worker[1] wq:  workers      0 inuse      1 total      1 smallest      1 largest
2019/11/22 19:07:45.65 #|1574449665.653351778|00#| work_queue_worker[1] wq:     disk      0 inuse 183141 total 183141 smallest 183141 largest
2019/11/22 19:07:45.65 #|1574449665.653402288|00#| work_queue_worker[1] wq:   memory      0 inuse   7749 total   7749 smallest   7749 largest
2019/11/22 19:07:45.65 #|1574449665.653444227|00#| work_queue_worker[1] wq:     gpus      0 inuse      0 total      0 smallest      0 largest
2019/11/22 19:07:45.65 #|1574449665.653482797|00#| work_queue_worker[1] wq:    cores      0 inuse      1 total      1 smallest      1 largest
2019/11/22 19:07:45.65 #|1574449665.653551896|00#| work_queue_worker[1] wq: tx to master: info end_of_resource_update 0
2019/11/22 19:07:45.65 #|1574449665.653599502|00#| work_queue_worker[1] wq: tx to master: info tasks_running 0
2019/11/22 19:07:45.65 #|1574449665.653618428|00#| work_queue_worker[1] wq: working for master at 10.0.99.2:1026.
2019/11/22 19:09:44.68 #|1574449784.687930811|00#| work_queue_worker[1] wq: rx from master: put file-0-25930e3036f13852cb0b29694bbab611-nt/taxdb.bti 14920392 0644 1
2019/11/22 19:09:44.68 #|1574449784.688310182|00#| work_queue_worker[1] wq: Putting file file-0-25930e3036f13852cb0b29694bbab611-nt/taxdb.bti into workspace
2019/11/22 19:09:46.33 #|1574449786.331934868|00#| work_queue_worker[1] wq: rx from master: put file-0-25930e3036f13852cb0b29694bbab611-nt/nt.nal 752 0644 1
2019/11/22 19:09:46.33 #|1574449786.331993049|00#| work_queue_worker[1] wq: Putting file file-0-25930e3036f13852cb0b29694bbab611-nt/nt.nal into workspace
2019/11/22 19:09:46.33 #|1574449786.332102258|00#| work_queue_worker[1] wq: rx from master: put file-0-25930e3036f13852cb0b29694bbab611-nt/nt.44.nni 27220 0644 1
2019/11/22 19:09:46.33 #|1574449786.332132584|00#| work_queue_worker[1] wq: Putting file file-0-25930e3036f13852cb0b29694bbab611-nt/nt.44.nni into workspace
2019/11/22 19:09:46.33 #|1574449786.334145166|00#| work_queue_worker[1] wq: rx from master: put file-0-25930e3036f13852cb0b29694bbab611-nt/nt.44.nog 3378248 0644 1
2019/11/22 19:09:46.33 #|1574449786.334171897|00#| work_queue_worker[1] wq: Putting file file-0-25930e3036f13852cb0b29694bbab611-nt/nt.44.nog into workspace
2019/11/22 19:09:46.63 #|1574449786.631618083|00#| work_queue_worker[1] wq: rx from master: put file-0-25930e3036f13852cb0b29694bbab611-nt/taxdb.btd 141628361 0644 1
2019/11/22 19:09:46.63 #|1574449786.631671766|00#| work_queue_worker[1] wq: Putting file file-0-25930e3036f13852cb0b29694bbab611-nt/taxdb.btd into workspace
2019/11/22 19:09:59.12 #|1574449799.128466964|00#| work_queue_worker[1] wq: rx from master: put file-0-25930e3036f13852cb0b29694bbab611-nt/nt.44.nhr 148534336 0644 1
2019/11/22 19:09:59.12 #|1574449799.128606328|00#| work_queue_worker[1] wq: Putting file file-0-25930e3036f13852cb0b29694bbab611-nt/nt.44.nhr into workspace
2019/11/22 19:10:12.19 #|1574449812.197200049|00#| work_queue_worker[1] wq: rx from master: put file-0-25930e3036f13852cb0b29694bbab611-nt/nt.44.nhi 338004 0644 1
2019/11/22 19:10:12.19 #|1574449812.197301939|00#| work_queue_worker[1] wq: Putting file file-0-25930e3036f13852cb0b29694bbab611-nt/nt.44.nhi into workspace
2019/11/22 19:10:12.22 #|1574449812.226567601|00#| work_queue_worker[1] wq: rx from master: put file-0-25930e3036f13852cb0b29694bbab611-nt/nt.44.nnd 6955488 0644 1
2019/11/22 19:10:12.22 #|1574449812.226686566|00#| work_queue_worker[1] wq: Putting file file-0-25930e3036f13852cb0b29694bbab611-nt/nt.44.nnd into workspace
2019/11/22 19:10:12.83 #|1574449812.839500508|00#| work_queue_worker[1] wq: rx from master: put file-0-25930e3036f13852cb0b29694bbab611-nt/nt.44.nhd 14869748 0644 1
2019/11/22 19:10:12.83 #|1574449812.839621815|00#| work_queue_worker[1] wq: Putting file file-0-25930e3036f13852cb0b29694bbab611-nt/nt.44.nhd into workspace
2019/11/22 19:10:14.14 #|1574449814.149772627|00#| work_queue_worker[1] wq: rx from master: put file-0-25930e3036f13852cb0b29694bbab611-nt/nt.44.nsq 974099786 0644 1
2019/11/22 19:10:14.14 #|1574449814.149903805|00#| work_queue_worker[1] wq: Putting file file-0-25930e3036f13852cb0b29694bbab611-nt/nt.44.nsq into workspace
2019/11/22 19:11:39.99 #|1574449899.991922869|00#| work_queue_worker[1] wq: rx from master: put file-0-25930e3036f13852cb0b29694bbab611-nt/nt.44.nin 10134740 0644 1
2019/11/22 19:11:39.99 #|1574449899.992019921|00#| work_queue_worker[1] wq: Putting file file-0-25930e3036f13852cb0b29694bbab611-nt/nt.44.nin into workspace
2019/11/22 19:11:40.88 #|1574449900.884382086|00#| work_queue_worker[1] wq: rx from master: put file-0-25930e3036f13852cb0b29694bbab611-nt/nt.44.nsi 764650 0644 1
2019/11/22 19:11:40.88 #|1574449900.884488635|00#| work_queue_worker[1] wq: Putting file file-0-25930e3036f13852cb0b29694bbab611-nt/nt.44.nsi into workspace
2019/11/22 19:11:40.95 #|1574449900.951743311|00#| work_queue_worker[1] wq: rx from master: put file-0-25930e3036f13852cb0b29694bbab611-nt/nt.44.nsd 33299557 0644 1
2019/11/22 19:11:40.95 #|1574449900.951846380|00#| work_queue_worker[1] wq: Putting file file-0-25930e3036f13852cb0b29694bbab611-nt/nt.44.nsd into workspace
2019/11/22 19:11:43.88 #|1574449903.885903869|00#| work_queue_worker[1] wq: rx from master: put file-0-bd98410c4ed2bfaa95819f1849189081-test.fasta.18 10120 0644 1
2019/11/22 19:11:43.88 #|1574449903.886024764|00#| work_queue_worker[1] wq: Putting file file-0-bd98410c4ed2bfaa95819f1849189081-test.fasta.18 into workspace
2019/11/22 19:11:43.88 #|1574449903.886840577|00#| work_queue_worker[1] wq: rx from master: put file-0-daa9c57850b857b80eefebbca6aa18ce-blastall 7687410 0755 1
2019/11/22 19:11:43.88 #|1574449903.886913902|00#| work_queue_worker[1] wq: Putting file file-0-daa9c57850b857b80eefebbca6aa18ce-blastall into workspace
2019/11/22 19:11:44.56 #|1574449904.564694143|00#| work_queue_worker[1] wq: rx from master: task 2
2019/11/22 19:11:44.56 #|1574449904.564787259|00#| work_queue_worker[1] wq: rx from master: cmd 88
2019/11/22 19:11:44.56 #|1574449904.564817946|00#| work_queue_worker[1] wq: rx from master: ./blastall -p blastn -d nt/nt -i test.fasta.18 -o test.fasta.18.out 2> test.fasta.18.err
2019/11/22 19:11:44.56 #|1574449904.564838833|00#| work_queue_worker[1] wq: rx from master: category default
2019/11/22 19:11:44.56 #|1574449904.564876379|00#| work_queue_worker[1] wq: rx from master: cores 1
2019/11/22 19:11:44.56 #|1574449904.564902194|00#| work_queue_worker[1] wq: rx from master: memory 7749
2019/11/22 19:11:44.56 #|1574449904.564927612|00#| work_queue_worker[1] wq: rx from master: disk 183141
2019/11/22 19:11:44.56 #|1574449904.564952964|00#| work_queue_worker[1] wq: rx from master: gpus 0
2019/11/22 19:11:44.56 #|1574449904.564978723|00#| work_queue_worker[1] wq: rx from master: end_time 18446744073709551615
2019/11/22 19:11:44.56 #|1574449904.565005838|00#| work_queue_worker[1] wq: rx from master: wall_time 18446744073709551615
2019/11/22 19:11:44.56 #|1574449904.565031179|00#| work_queue_worker[1] wq: rx from master: env 7
2019/11/22 19:11:44.56 #|1574449904.565060887|00#| work_queue_worker[1] wq: rx from master: env 17
2019/11/22 19:11:44.56 #|1574449904.565090371|00#| work_queue_worker[1] wq: rx from master: infile file-0-25930e3036f13852cb0b29694bbab611-nt nt 1
2019/11/22 19:11:44.56 #|1574449904.565137235|00#| work_queue_worker[1] wq: rx from master: infile file-0-bd98410c4ed2bfaa95819f1849189081-test.fasta.18 test.fasta.18 1
2019/11/22 19:11:44.56 #|1574449904.565180695|00#| work_queue_worker[1] wq: rx from master: infile file-0-daa9c57850b857b80eefebbca6aa18ce-blastall blastall 1
2019/11/22 19:11:44.56 #|1574449904.565221952|00#| work_queue_worker[1] wq: rx from master: outfile file-0-b3ca854c26233484c838ab6d3298229c-test.fasta.18.err test.fasta.18.err 1
2019/11/22 19:11:44.56 #|1574449904.565266687|00#| work_queue_worker[1] wq: rx from master: outfile file-0-c688af492b061abef62bf46ec43b64b2-test.fasta.18.out test.fasta.18.out 1
2019/11/22 19:11:44.56 #|1574449904.565308139|00#| work_queue_worker[1] wq: rx from master: end
2019/11/22 19:11:44.56 #|1574449904.565585379|00#| work_queue_worker[1] wq: linking cache/file-0-25930e3036f13852cb0b29694bbab611-nt to /tmp/worker-0-1/t.2/nt
2019/11/22 19:11:44.56 #|1574449904.566164074|00#| work_queue_worker[1] wq: linking cache/file-0-bd98410c4ed2bfaa95819f1849189081-test.fasta.18 to /tmp/worker-0-1/t.2/test.fasta.18
2019/11/22 19:11:44.56 #|1574449904.566257347|00#| work_queue_worker[1] wq: linking cache/file-0-daa9c57850b857b80eefebbca6aa18ce-blastall to /tmp/worker-0-1/t.2/blastall
2019/11/22 19:11:44.56 #|1574449904.566327197|00#| work_queue_worker[1] wq: Waiting task 2 has been forsaken.
2019/11/22 19:11:44.56 #|1574449904.566354843|00#| work_queue_worker[1] wq: tx to master: alive
2019/11/22 19:11:44.56 #|1574449904.566452574|00#| work_queue_worker[1] wq: Sending resource description to master:
2019/11/22 19:11:44.56 #|1574449904.566480788|00#| work_queue_worker[1] wq:  workers      0 inuse      1 total      1 smallest      1 largest
2019/11/22 19:11:44.56 #|1574449904.566583523|00#| work_queue_worker[1] wq:     disk   1294 inuse 181800 total 181800 smallest 181800 largest
2019/11/22 19:11:44.56 #|1574449904.566671939|00#| work_queue_worker[1] wq:   memory      0 inuse   7749 total   7749 smallest   7749 largest
2019/11/22 19:11:44.56 #|1574449904.566767246|00#| work_queue_worker[1] wq:     gpus      0 inuse      0 total      0 smallest      0 largest
2019/11/22 19:11:44.56 #|1574449904.566858577|00#| work_queue_worker[1] wq:    cores      0 inuse      1 total      1 smallest      1 largest
2019/11/22 19:11:44.56 #|1574449904.567003299|00#| work_queue_worker[1] wq: tx to master: info end_of_resource_update 0
2019/11/22 19:11:44.56 #|1574449904.567105538|00#| work_queue_worker[1] wq: tx to master: info tasks_running 0
2019/11/22 19:11:44.56 #|1574449904.567182497|00#| work_queue_worker[1] wq: tx to master: info tasks_running 0
2019/11/22 19:11:44.56 #|1574449904.567244537|00#| work_queue_worker[1] wq: tx to master: available_results
2019/11/22 19:15:47.29 #|1574450147.299564010|00#| work_queue_worker[1] wq: rx from master: check
2019/11/22 19:15:47.29 #|1574450147.299844531|00#| work_queue_worker[1] wq: tx to master: alive
2019/11/22 19:15:47.30 #|1574450147.300074284|00#| work_queue_worker[1] wq: tx to master: info tasks_running 0
2019/11/22 19:15:47.30 #|1574450147.300224983|00#| work_queue_worker[1] wq: rx from master: send_results -1
2019/11/22 19:15:47.30 #|1574450147.300490979|00#| work_queue_worker[1] wq: tx to master: result 40 0 0 0 2
2019/11/22 19:15:47.30 #|1574450147.300687419|00#| work_queue_worker[1] wq: tx to master: info tasks_running 0
2019/11/22 19:15:47.30 #|1574450147.300832184|00#| work_queue_worker[1] wq: tx to master: end
2019/11/22 19:15:47.30 #|1574450147.306967779|00#| work_queue_worker[1] wq: rx from master: put file-0-3c684903ad7beb0f07c70d32ce209cf3-test.fasta.9 10111 0644 1
2019/11/22 19:15:47.30 #|1574450147.307089348|00#| work_queue_worker[1] wq: Putting file file-0-3c684903ad7beb0f07c70d32ce209cf3-test.fasta.9 into workspace
2019/11/22 19:15:47.30 #|1574450147.309417638|00#| work_queue_worker[1] wq: rx from master: task 11
2019/11/22 19:15:47.31 #|1574450147.313271825|00#| work_queue_worker[1] wq: rx from master: cmd 85
2019/11/22 19:15:47.31 #|1574450147.313323309|00#| work_queue_worker[1] wq: rx from master: ./blastall -p blastn -d nt/nt -i test.fasta.9 -o test.fasta.9.out 2> test.fasta.9.err
2019/11/22 19:15:47.31 #|1574450147.313355156|00#| work_queue_worker[1] wq: rx from master: category default
2019/11/22 19:15:47.31 #|1574450147.313395443|00#| work_queue_worker[1] wq: rx from master: cores 1
2019/11/22 19:15:47.31 #|1574450147.313420682|00#| work_queue_worker[1] wq: rx from master: memory 7749
2019/11/22 19:15:47.31 #|1574450147.313444388|00#| work_queue_worker[1] wq: rx from master: disk 181800
2019/11/22 19:15:47.31 #|1574450147.313475688|00#| work_queue_worker[1] wq: rx from master: gpus 0
2019/11/22 19:15:47.31 #|1574450147.313524090|00#| work_queue_worker[1] wq: rx from master: end_time 18446744073709551615
2019/11/22 19:15:47.31 #|1574450147.313567867|00#| work_queue_worker[1] wq: rx from master: wall_time 18446744073709551615
2019/11/22 19:15:47.31 #|1574450147.313601329|00#| work_queue_worker[1] wq: rx from master: env 7
2019/11/22 19:15:47.31 #|1574450147.313645670|00#| work_queue_worker[1] wq: rx from master: env 17
2019/11/22 19:15:47.31 #|1574450147.313679637|00#| work_queue_worker[1] wq: rx from master: infile file-0-25930e3036f13852cb0b29694bbab611-nt nt 1
2019/11/22 19:15:47.31 #|1574450147.313729085|00#| work_queue_worker[1] wq: rx from master: infile file-0-3c684903ad7beb0f07c70d32ce209cf3-test.fasta.9 test.fasta.9 1
2019/11/22 19:15:47.31 #|1574450147.313780071|00#| work_queue_worker[1] wq: rx from master: infile file-0-daa9c57850b857b80eefebbca6aa18ce-blastall blastall 1
2019/11/22 19:15:47.31 #|1574450147.313826264|00#| work_queue_worker[1] wq: rx from master: outfile file-0-8b8651ac4a310c9b2b1cb06061c67223-test.fasta.9.err test.fasta.9.err 1
2019/11/22 19:15:47.31 #|1574450147.313870254|00#| work_queue_worker[1] wq: rx from master: outfile file-0-8c8215651ccf820f581014d2a05d1c97-test.fasta.9.out test.fasta.9.out 1
2019/11/22 19:15:47.31 #|1574450147.313941108|00#| work_queue_worker[1] wq: rx from master: end
2019/11/22 19:15:47.31 #|1574450147.314335042|00#| work_queue_worker[1] wq: linking cache/file-0-25930e3036f13852cb0b29694bbab611-nt to /tmp/worker-0-1/t.11/nt
2019/11/22 19:15:47.31 #|1574450147.314639695|00#| work_queue_worker[1] wq: linking cache/file-0-3c684903ad7beb0f07c70d32ce209cf3-test.fasta.9 to /tmp/worker-0-1/t.11/test.fasta.9
2019/11/22 19:15:47.31 #|1574450147.314695504|00#| work_queue_worker[1] wq: linking cache/file-0-daa9c57850b857b80eefebbca6aa18ce-blastall to /tmp/worker-0-1/t.11/blastall
2019/11/22 19:15:47.31 #|1574450147.314726372|00#| work_queue_worker[1] wq: Waiting task 11 has been forsaken.
2019/11/22 19:15:47.31 #|1574450147.314737256|00#| work_queue_worker[1] wq: tx to master: alive
2019/11/22 19:15:47.31 #|1574450147.314782204|00#| work_queue_worker[1] wq: Sending resource description to master:
2019/11/22 19:15:47.31 #|1574450147.314793976|00#| work_queue_worker[1] wq:  workers      0 inuse      1 total      1 smallest      1 largest
2019/11/22 19:15:47.31 #|1574450147.314827103|00#| work_queue_worker[1] wq:     disk   1294 inuse 179283 total 179283 smallest 179283 largest
2019/11/22 19:15:47.31 #|1574450147.314860587|00#| work_queue_worker[1] wq:   memory      0 inuse   7749 total   7749 smallest   7749 largest
2019/11/22 19:15:47.31 #|1574450147.314902582|00#| work_queue_worker[1] wq:     gpus      0 inuse      0 total      0 smallest      0 largest
2019/11/22 19:15:47.31 #|1574450147.314943378|00#| work_queue_worker[1] wq:    cores      0 inuse      1 total      1 smallest      1 largest
2019/11/22 19:15:47.31 #|1574450147.314993204|00#| work_queue_worker[1] wq: tx to master: info end_of_resource_update 0
2019/11/22 19:15:47.31 #|1574450147.315033145|00#| work_queue_worker[1] wq: tx to master: info tasks_running 0
2019/11/22 19:15:47.31 #|1574450147.315065620|00#| work_queue_worker[1] wq: tx to master: info tasks_running 0
2019/11/22 19:15:47.31 #|1574450147.315100561|00#| work_queue_worker[1] wq: tx to master: available_results
2019/11/22 19:15:50.36 #|1574450150.363474454|00#| work_queue_worker[1] wq: rx from master: send_results -1
2019/11/22 19:15:50.36 #|1574450150.363642152|00#| work_queue_worker[1] wq: tx to master: result 40 0 0 0 11
2019/11/22 19:15:50.36 #|1574450150.363967248|00#| work_queue_worker[1] wq: tx to master: info tasks_running 0
2019/11/22 19:15:50.36 #|1574450150.364146813|00#| work_queue_worker[1] wq: tx to master: end
2019/11/22 19:15:50.38 #|1574450150.383913145|00#| work_queue_worker[1] wq: rx from master: put file-0-40fd5f960224a9a20c2e8e46163bd3bc-test.fasta.0 10101 0644 1
2019/11/22 19:15:50.38 #|1574450150.383988578|00#| work_queue_worker[1] wq: Putting file file-0-40fd5f960224a9a20c2e8e46163bd3bc-test.fasta.0 into workspace
2019/11/22 19:15:50.38 #|1574450150.384110297|00#| work_queue_worker[1] wq: rx from master: task 20
2019/11/22 19:15:50.38 #|1574450150.384338451|00#| work_queue_worker[1] wq: rx from master: cmd 85
2019/11/22 19:15:50.38 #|1574450150.384363951|00#| work_queue_worker[1] wq: rx from master: ./blastall -p blastn -d nt/nt -i test.fasta.0 -o test.fasta.0.out 2> test.fasta.0.err
2019/11/22 19:15:50.38 #|1574450150.384379803|00#| work_queue_worker[1] wq: rx from master: category default
2019/11/22 19:15:50.38 #|1574450150.384396005|00#| work_queue_worker[1] wq: rx from master: cores 1
2019/11/22 19:15:50.38 #|1574450150.384411569|00#| work_queue_worker[1] wq: rx from master: memory 7749
2019/11/22 19:15:50.38 #|1574450150.384426723|00#| work_queue_worker[1] wq: rx from master: disk 179283
2019/11/22 19:15:50.38 #|1574450150.384441930|00#| work_queue_worker[1] wq: rx from master: gpus 0
2019/11/22 19:15:50.38 #|1574450150.384457568|00#| work_queue_worker[1] wq: rx from master: end_time 18446744073709551615
2019/11/22 19:15:50.38 #|1574450150.384473625|00#| work_queue_worker[1] wq: rx from master: wall_time 18446744073709551615
2019/11/22 19:15:50.38 #|1574450150.384489706|00#| work_queue_worker[1] wq: rx from master: env 7
2019/11/22 19:15:50.38 #|1574450150.384507862|00#| work_queue_worker[1] wq: rx from master: env 17
2019/11/22 19:15:50.38 #|1574450150.384525339|00#| work_queue_worker[1] wq: rx from master: infile file-0-25930e3036f13852cb0b29694bbab611-nt nt 1
2019/11/22 19:15:50.38 #|1574450150.384553810|00#| work_queue_worker[1] wq: rx from master: infile file-0-40fd5f960224a9a20c2e8e46163bd3bc-test.fasta.0 test.fasta.0 1
2019/11/22 19:15:50.38 #|1574450150.384581331|00#| work_queue_worker[1] wq: rx from master: infile file-0-daa9c57850b857b80eefebbca6aa18ce-blastall blastall 1
2019/11/22 19:15:50.38 #|1574450150.384616043|00#| work_queue_worker[1] wq: rx from master: outfile file-0-d3c5f1deffb290ea5b83fcdb7aa44689-test.fasta.0.err test.fasta.0.err 1
2019/11/22 19:15:50.38 #|1574450150.384642494|00#| work_queue_worker[1] wq: rx from master: outfile file-0-19aaebb99ff439298563042059681cfe-test.fasta.0.out test.fasta.0.out 1
2019/11/22 19:15:50.38 #|1574450150.384671423|00#| work_queue_worker[1] wq: rx from master: end
2019/11/22 19:15:50.38 #|1574450150.384836614|00#| work_queue_worker[1] wq: linking cache/file-0-25930e3036f13852cb0b29694bbab611-nt to /tmp/worker-0-1/t.20/nt
2019/11/22 19:15:50.38 #|1574450150.385175986|00#| work_queue_worker[1] wq: linking cache/file-0-40fd5f960224a9a20c2e8e46163bd3bc-test.fasta.0 to /tmp/worker-0-1/t.20/test.fasta.0
2019/11/22 19:15:50.38 #|1574450150.385212704|00#| work_queue_worker[1] wq: linking cache/file-0-daa9c57850b857b80eefebbca6aa18ce-blastall to /tmp/worker-0-1/t.20/blastall
2019/11/22 19:15:50.38 #|1574450150.385463366|00#| work_queue_worker[1] wq: started process 9: ./blastall -p blastn -d nt/nt -i test.fasta.0 -o test.fasta.0.out 2> test.fasta.0.err
2019/11/22 19:15:50.38 #|1574450150.385520551|00#| work_queue_worker[1] wq: tx to master: info tasks_running 1
2019/11/22 19:16:09.78 #|1574450169.784471378|00#| work_queue_worker[1] wq: task 20 (pid 9) exited normally with exit code 0
2019/11/22 19:16:09.78 #|1574450169.784680617|00#| work_queue_worker[1] wq: moving output file from /tmp/worker-0-1/t.20/test.fasta.0.err to cache/file-0-d3c5f1deffb290ea5b83fcdb7aa44689-test.fasta.0.err
2019/11/22 19:16:09.78 #|1574450169.784811979|00#| work_queue_worker[1] wq: moving output file from /tmp/worker-0-1/t.20/test.fasta.0.out to cache/file-0-19aaebb99ff439298563042059681cfe-test.fasta.0.out
2019/11/22 19:16:09.78 #|1574450169.784902614|00#| work_queue_worker[1] wq: tx to master: available_results
2019/11/22 19:16:10.09 #|1574450170.99717914|00#| work_queue_worker[1] wq: rx from master: send_results -1
2019/11/22 19:16:10.09 #|1574450170.99794519|00#| work_queue_worker[1] wq: tx to master: result 0 0 0 19399379 20
2019/11/22 19:16:10.09 #|1574450170.99874011|00#| work_queue_worker[1] wq: tx to master: info tasks_running 0
2019/11/22 19:16:10.09 #|1574450170.99922153|00#| work_queue_worker[1] wq: tx to master: end
2019/11/22 19:16:10.11 #|1574450170.112238857|00#| work_queue_worker[1] wq: rx from master: get file-0-d3c5f1deffb290ea5b83fcdb7aa44689-test.fasta.0.err 1
2019/11/22 19:16:10.11 #|1574450170.112299440|00#| work_queue_worker[1] wq: tx to master: file file-0-d3c5f1deffb290ea5b83fcdb7aa44689-test.fasta.0.err 0
2019/11/22 19:16:10.11 #|1574450170.112371837|00#| work_queue_worker[1] wq: tx to master: end
2019/11/22 19:16:10.11 #|1574450170.112905162|00#| work_queue_worker[1] wq: rx from master: get file-0-19aaebb99ff439298563042059681cfe-test.fasta.0.out 1
2019/11/22 19:16:10.11 #|1574450170.112935638|00#| work_queue_worker[1] wq: tx to master: file file-0-19aaebb99ff439298563042059681cfe-test.fasta.0.out 42704
2019/11/22 19:16:10.11 #|1574450170.115555135|00#| work_queue_worker[1] wq: tx to master: end
2019/11/22 19:16:10.11 #|1574450170.117407543|00#| work_queue_worker[1] wq: rx from master: kill 20
2019/11/22 19:16:10.12 #|1574450170.120219544|00#| work_queue_worker[1] wq: rx from master: put file-0-5d44d8f82cbb3f9ecaf466b060d01edb-test.fasta.11 10120 0644 1
2019/11/22 19:16:10.12 #|1574450170.120266156|00#| work_queue_worker[1] wq: Putting file file-0-5d44d8f82cbb3f9ecaf466b060d01edb-test.fasta.11 into workspace
2019/11/22 19:16:10.12 #|1574450170.121192780|00#| work_queue_worker[1] wq: rx from master: task 9
2019/11/22 19:16:10.12 #|1574450170.121223542|00#| work_queue_worker[1] wq: rx from master: cmd 88
2019/11/22 19:16:10.12 #|1574450170.121242208|00#| work_queue_worker[1] wq: rx from master: ./blastall -p blastn -d nt/nt -i test.fasta.11 -o test.fasta.11.out 2> test.fasta.11.err
2019/11/22 19:16:10.12 #|1574450170.121255448|00#| work_queue_worker[1] wq: rx from master: category default
2019/11/22 19:16:10.12 #|1574450170.121276038|00#| work_queue_worker[1] wq: rx from master: cores 1
2019/11/22 19:16:10.12 #|1574450170.121288309|00#| work_queue_worker[1] wq: rx from master: memory 7749
2019/11/22 19:16:10.12 #|1574450170.121304214|00#| work_queue_worker[1] wq: rx from master: disk 179283
2019/11/22 19:16:10.12 #|1574450170.121319966|00#| work_queue_worker[1] wq: rx from master: gpus 0
2019/11/22 19:16:10.12 #|1574450170.121336112|00#| work_queue_worker[1] wq: rx from master: end_time 18446744073709551615
2019/11/22 19:16:10.12 #|1574450170.121350810|00#| work_queue_worker[1] wq: rx from master: wall_time 18446744073709551615
2019/11/22 19:16:10.12 #|1574450170.121362179|00#| work_queue_worker[1] wq: rx from master: env 7
2019/11/22 19:16:10.12 #|1574450170.121380055|00#| work_queue_worker[1] wq: rx from master: env 17
2019/11/22 19:16:10.12 #|1574450170.121392796|00#| work_queue_worker[1] wq: rx from master: infile file-0-25930e3036f13852cb0b29694bbab611-nt nt 1
2019/11/22 19:16:10.12 #|1574450170.121422282|00#| work_queue_worker[1] wq: rx from master: infile file-0-5d44d8f82cbb3f9ecaf466b060d01edb-test.fasta.11 test.fasta.11 1
2019/11/22 19:16:10.12 #|1574450170.121445937|00#| work_queue_worker[1] wq: rx from master: infile file-0-daa9c57850b857b80eefebbca6aa18ce-blastall blastall 1
2019/11/22 19:16:10.12 #|1574450170.121466692|00#| work_queue_worker[1] wq: rx from master: outfile file-0-1ec6f60204ab1e932b38cec0b78303f1-test.fasta.11.err test.fasta.11.err 1
2019/11/22 19:16:10.12 #|1574450170.121486199|00#| work_queue_worker[1] wq: rx from master: outfile file-0-b2dcb7cd97b86e43787e05023fc40494-test.fasta.11.out test.fasta.11.out 1
2019/11/22 19:16:10.12 #|1574450170.121508775|00#| work_queue_worker[1] wq: rx from master: end
2019/11/22 19:16:10.12 #|1574450170.121622348|00#| work_queue_worker[1] wq: linking cache/file-0-25930e3036f13852cb0b29694bbab611-nt to /tmp/worker-0-1/t.9/nt
2019/11/22 19:16:10.12 #|1574450170.121876711|00#| work_queue_worker[1] wq: linking cache/file-0-5d44d8f82cbb3f9ecaf466b060d01edb-test.fasta.11 to /tmp/worker-0-1/t.9/test.fasta.11
2019/11/22 19:16:10.12 #|1574450170.121918103|00#| work_queue_worker[1] wq: linking cache/file-0-daa9c57850b857b80eefebbca6aa18ce-blastall to /tmp/worker-0-1/t.9/blastall
2019/11/22 19:16:10.12 #|1574450170.122094055|00#| work_queue_worker[1] wq: started process 11: ./blastall -p blastn -d nt/nt -i test.fasta.11 -o test.fasta.11.out 2> test.fasta.11.err
2019/11/22 19:16:10.12 #|1574450170.122146913|00#| work_queue_worker[1] wq: tx to master: info tasks_running 1
2019/11/22 19:16:29.34 #|1574450189.348435061|00#| work_queue_worker[1] wq: task 9 (pid 11) exited normally with exit code 0
2019/11/22 19:16:29.34 #|1574450189.348620991|00#| work_queue_worker[1] wq: moving output file from /tmp/worker-0-1/t.9/test.fasta.11.err to cache/file-0-1ec6f60204ab1e932b38cec0b78303f1-test.fasta.11.err
2019/11/22 19:16:29.34 #|1574450189.348732065|00#| work_queue_worker[1] wq: moving output file from /tmp/worker-0-1/t.9/test.fasta.11.out to cache/file-0-b2dcb7cd97b86e43787e05023fc40494-test.fasta.11.out
2019/11/22 19:16:29.34 #|1574450189.348815282|00#| work_queue_worker[1] wq: tx to master: available_results
2019/11/22 19:16:29.66 #|1574450189.664319800|00#| work_queue_worker[1] wq: rx from master: send_results -1
2019/11/22 19:16:29.66 #|1574450189.664442720|00#| work_queue_worker[1] wq: tx to master: result 0 0 0 19226631 9
2019/11/22 19:16:29.66 #|1574450189.664534299|00#| work_queue_worker[1] wq: tx to master: info tasks_running 0
2019/11/22 19:16:29.66 #|1574450189.664585206|00#| work_queue_worker[1] wq: tx to master: end
2019/11/22 19:16:29.66 #|1574450189.665071072|00#| work_queue_worker[1] wq: rx from master: get file-0-1ec6f60204ab1e932b38cec0b78303f1-test.fasta.11.err 1
2019/11/22 19:16:29.66 #|1574450189.665114284|00#| work_queue_worker[1] wq: tx to master: file file-0-1ec6f60204ab1e932b38cec0b78303f1-test.fasta.11.err 0
2019/11/22 19:16:29.66 #|1574450189.665171660|00#| work_queue_worker[1] wq: tx to master: end
2019/11/22 19:16:29.66 #|1574450189.665657809|00#| work_queue_worker[1] wq: rx from master: get file-0-b2dcb7cd97b86e43787e05023fc40494-test.fasta.11.out 1
2019/11/22 19:16:29.66 #|1574450189.665690894|00#| work_queue_worker[1] wq: tx to master: file file-0-b2dcb7cd97b86e43787e05023fc40494-test.fasta.11.out 44259
2019/11/22 19:16:29.66 #|1574450189.665889357|00#| work_queue_worker[1] wq: tx to master: end
2019/11/22 19:16:29.67 #|1574450189.670548224|00#| work_queue_worker[1] wq: rx from master: kill 9
2019/11/22 19:16:29.67 #|1574450189.671192181|00#| work_queue_worker[1] wq: rx from master: put file-0-c3a7eea4528f3888f4f96bb51f86b0ae-test.fasta.4 10110 0644 1
2019/11/22 19:16:29.67 #|1574450189.671232552|00#| work_queue_worker[1] wq: Putting file file-0-c3a7eea4528f3888f4f96bb51f86b0ae-test.fasta.4 into workspace
2019/11/22 19:16:29.67 #|1574450189.672352092|00#| work_queue_worker[1] wq: rx from master: task 16
2019/11/22 19:16:29.67 #|1574450189.672389331|00#| work_queue_worker[1] wq: rx from master: cmd 85
2019/11/22 19:16:29.67 #|1574450189.672411103|00#| work_queue_worker[1] wq: rx from master: ./blastall -p blastn -d nt/nt -i test.fasta.4 -o test.fasta.4.out 2> test.fasta.4.err
2019/11/22 19:16:29.67 #|1574450189.672427638|00#| work_queue_worker[1] wq: rx from master: category default
2019/11/22 19:16:29.67 #|1574450189.672442498|00#| work_queue_worker[1] wq: rx from master: cores 1
2019/11/22 19:16:29.67 #|1574450189.672456950|00#| work_queue_worker[1] wq: rx from master: memory 7749
2019/11/22 19:16:29.67 #|1574450189.672471015|00#| work_queue_worker[1] wq: rx from master: disk 179283
2019/11/22 19:16:29.67 #|1574450189.672485284|00#| work_queue_worker[1] wq: rx from master: gpus 0
2019/11/22 19:16:29.67 #|1574450189.672499767|00#| work_queue_worker[1] wq: rx from master: end_time 18446744073709551615
2019/11/22 19:16:29.67 #|1574450189.672515046|00#| work_queue_worker[1] wq: rx from master: wall_time 18446744073709551615
2019/11/22 19:16:29.67 #|1574450189.672529475|00#| work_queue_worker[1] wq: rx from master: env 7
2019/11/22 19:16:29.67 #|1574450189.672546633|00#| work_queue_worker[1] wq: rx from master: env 17
2019/11/22 19:16:29.67 #|1574450189.672563399|00#| work_queue_worker[1] wq: rx from master: infile file-0-25930e3036f13852cb0b29694bbab611-nt nt 1
2019/11/22 19:16:29.67 #|1574450189.672593578|00#| work_queue_worker[1] wq: rx from master: infile file-0-c3a7eea4528f3888f4f96bb51f86b0ae-test.fasta.4 test.fasta.4 1
2019/11/22 19:16:29.67 #|1574450189.672651309|00#| work_queue_worker[1] wq: rx from master: infile file-0-daa9c57850b857b80eefebbca6aa18ce-blastall blastall 1
2019/11/22 19:16:29.67 #|1574450189.672678775|00#| work_queue_worker[1] wq: rx from master: outfile file-0-18635fc52bb3486f8a2adce9d09bea64-test.fasta.4.err test.fasta.4.err 1
2019/11/22 19:16:29.67 #|1574450189.672704512|00#| work_queue_worker[1] wq: rx from master: outfile file-0-2ecda4a7153ec50ab6f3ee0f11be83e6-test.fasta.4.out test.fasta.4.out 1
2019/11/22 19:16:29.67 #|1574450189.672730429|00#| work_queue_worker[1] wq: rx from master: end
2019/11/22 19:16:29.67 #|1574450189.672869163|00#| work_queue_worker[1] wq: linking cache/file-0-25930e3036f13852cb0b29694bbab611-nt to /tmp/worker-0-1/t.16/nt
2019/11/22 19:16:29.67 #|1574450189.673200729|00#| work_queue_worker[1] wq: linking cache/file-0-c3a7eea4528f3888f4f96bb51f86b0ae-test.fasta.4 to /tmp/worker-0-1/t.16/test.fasta.4
2019/11/22 19:16:29.67 #|1574450189.673250280|00#| work_queue_worker[1] wq: linking cache/file-0-daa9c57850b857b80eefebbca6aa18ce-blastall to /tmp/worker-0-1/t.16/blastall
2019/11/22 19:16:29.67 #|1574450189.673476734|00#| work_queue_worker[1] wq: started process 13: ./blastall -p blastn -d nt/nt -i test.fasta.4 -o test.fasta.4.out 2> test.fasta.4.err
2019/11/22 19:16:29.67 #|1574450189.673517103|00#| work_queue_worker[1] wq: tx to master: info tasks_running 1
2019/11/22 19:16:48.50 #|1574450208.507344748|00#| work_queue_worker[1] wq: task 16 (pid 13) exited normally with exit code 0
2019/11/22 19:16:48.50 #|1574450208.507430601|00#| work_queue_worker[1] wq: moving output file from /tmp/worker-0-1/t.16/test.fasta.4.err to cache/file-0-18635fc52bb3486f8a2adce9d09bea64-test.fasta.4.err
2019/11/22 19:16:48.50 #|1574450208.507513614|00#| work_queue_worker[1] wq: moving output file from /tmp/worker-0-1/t.16/test.fasta.4.out to cache/file-0-2ecda4a7153ec50ab6f3ee0f11be83e6-test.fasta.4.out
2019/11/22 19:16:48.50 #|1574450208.507557816|00#| work_queue_worker[1] wq: tx to master: available_results
2019/11/22 19:16:48.50 #|1574450208.508081107|00#| work_queue_worker[1] wq: rx from master: send_results -1
2019/11/22 19:16:48.50 #|1574450208.508122793|00#| work_queue_worker[1] wq: tx to master: result 0 0 0 18834062 16
2019/11/22 19:16:48.50 #|1574450208.508168251|00#| work_queue_worker[1] wq: tx to master: info tasks_running 0
2019/11/22 19:16:48.50 #|1574450208.508204541|00#| work_queue_worker[1] wq: tx to master: end
2019/11/22 19:16:48.50 #|1574450208.508769114|00#| work_queue_worker[1] wq: rx from master: get file-0-18635fc52bb3486f8a2adce9d09bea64-test.fasta.4.err 1
2019/11/22 19:16:48.50 #|1574450208.508808610|00#| work_queue_worker[1] wq: tx to master: file file-0-18635fc52bb3486f8a2adce9d09bea64-test.fasta.4.err 0
2019/11/22 19:16:48.50 #|1574450208.508857732|00#| work_queue_worker[1] wq: tx to master: end
2019/11/22 19:16:48.50 #|1574450208.509376193|00#| work_queue_worker[1] wq: rx from master: get file-0-2ecda4a7153ec50ab6f3ee0f11be83e6-test.fasta.4.out 1
2019/11/22 19:16:48.50 #|1574450208.509407905|00#| work_queue_worker[1] wq: tx to master: file file-0-2ecda4a7153ec50ab6f3ee0f11be83e6-test.fasta.4.out 28822
2019/11/22 19:16:48.50 #|1574450208.509561546|00#| work_queue_worker[1] wq: tx to master: end
2019/11/22 19:16:48.51 #|1574450208.512746678|00#| work_queue_worker[1] wq: rx from master: kill 16
2019/11/22 19:17:01.45 #|1574450221.452229509|00#| work_queue_worker[1] wq: rx from master: release
2019/11/22 19:17:01.45 #|1574450221.452354561|00#| work_queue_worker[1] wq: released by master 10.0.99.2:1026.
2019/11/22 19:17:01.45 #|1574450221.452502947|00#| work_queue_worker[1] wq: cleaning workspace /tmp/worker-0-1
2019/11/22 19:17:01.65 #|1574450221.654721176|00#| work_queue_worker[1] wq: disconnecting from master 10.0.99.2:1026
2019/11/22 19:17:01.65 #|1574450221.654831481|00#| work_queue_worker[1] tcp: disconnected from 10.0.99.2 port 1026
2019/11/22 19:17:01.65 #|1574450221.654853353|00#| work_queue_worker[1] wq: killing all outstanding tasks
2019/11/22 19:17:01.65 #|1574450221.654901675|00#| work_queue_worker[1] wq: all data structures are clean
2019/11/22 19:17:02.65 #|1574450222.655054538|00#| work_queue_worker[1] dns: looking up name master
2019/11/22 19:17:02.68 #|1574450222.685256254|00#| work_queue_worker[1] dns: couldn't look up master: Name or service not known
