2019/11/22 20:36:02.79 #|1574454962.797402901|00#| work_queue_worker[1] debug: /root/cctools/bin/work_queue_worker version 8.0.0 DEVELOPMENT (released 2019-11-14 15:35:16 +0000)
2019/11/22 20:36:02.79 #|1574454962.797444662|00#| work_queue_worker[1] debug: Built by root@7e9ecba79f43 on 2019-11-14 15:35:16 +0000
2019/11/22 20:36:02.79 #|1574454962.797459257|00#| work_queue_worker[1] debug: System: Linux 7e9ecba79f43 5.0.0-32-generic #34~18.04.2-Ubuntu SMP Thu Oct 10 10:36:02 UTC 2019 x86_64 x86_64 x86_64 GNU/Linux
2019/11/22 20:36:02.79 #|1574454962.797468338|00#| work_queue_worker[1] debug: Configuration: --prefix /root/cctools
2019/11/22 20:36:02.79 #|1574454962.797632576|00#| work_queue_worker[1] wq: WORK_QUEUE_SANDBOX set to /tmp/worker-0-1.
2019/11/22 20:36:02.79 #|1574454962.799903895|00#| work_queue_worker[1] debug: error reading disk usage on directory: ./cache.
2019/11/22 20:36:02.79 #|1574454962.799964026|00#| work_queue_worker[1] dns: looking up name master
2019/11/22 20:36:02.80 #|1574454962.800779612|00#| work_queue_worker[1] dns: master is 10.0.108.11
2019/11/22 20:36:02.80 #|1574454962.800831080|00#| work_queue_worker[1] tcp: connecting to 10.0.108.11 port 1026
2019/11/22 20:36:03.83 #|1574454963.832265780|00#| work_queue_worker[1] tcp: made connection to 10.0.108.11 port 1026
2019/11/22 20:36:03.83 #|1574454963.832394618|00#| work_queue_worker[1] wq: connected to master master:1026 via local address 10.0.108.16:54950
2019/11/22 20:36:03.83 #|1574454963.832449787|00#| work_queue_worker[1] wq: preparing workspace /tmp/worker-0-1
2019/11/22 20:36:03.83 #|1574454963.832946135|00#| work_queue_worker[1] dns: looking up name a1ff6b6b62f3
2019/11/22 20:36:03.83 #|1574454963.833108329|00#| work_queue_worker[1] dns: a1ff6b6b62f3 is 10.0.108.16
2019/11/22 20:36:03.83 #|1574454963.833141090|00#| work_queue_worker[1] dns: looking up addr 10.0.108.16
2019/11/22 20:36:03.83 #|1574454963.833206807|00#| work_queue_worker[1] dns: 10.0.108.16 is a1ff6b6b62f3
2019/11/22 20:36:03.83 #|1574454963.833232386|00#| work_queue_worker[1] dns: finding my hostname: uname = a1ff6b6b62f3, address = 10.0.108.16, hostname = a1ff6b6b62f3
2019/11/22 20:36:03.83 #|1574454963.833265334|00#| work_queue_worker[1] wq: tx to master: workqueue 8 a1ff6b6b62f3 Linux x86_64 8.0.0
2019/11/22 20:36:03.83 #|1574454963.833448893|00#| work_queue_worker[1] wq: tx to master: info worker-id worker-2b95cfd3ea368cf36ba5bf7adacd2560
2019/11/22 20:36:03.83 #|1574454963.833539357|00#| work_queue_worker[1] wq: tx to master: alive
2019/11/22 20:36:03.83 #|1574454963.833619039|00#| work_queue_worker[1] wq: Sending resource description to master:
2019/11/22 20:36:03.83 #|1574454963.833646425|00#| work_queue_worker[1] wq:  workers      0 inuse      1 total      1 smallest      1 largest
2019/11/22 20:36:03.83 #|1574454963.833722555|00#| work_queue_worker[1] wq:     disk      0 inuse 183120 total 183120 smallest 183120 largest
2019/11/22 20:36:03.83 #|1574454963.833812408|00#| work_queue_worker[1] wq:   memory      0 inuse   7749 total   7749 smallest   7749 largest
2019/11/22 20:36:03.83 #|1574454963.833893910|00#| work_queue_worker[1] wq:     gpus      0 inuse      0 total      0 smallest      0 largest
2019/11/22 20:36:03.83 #|1574454963.833972406|00#| work_queue_worker[1] wq:    cores      0 inuse      1 total      1 smallest      1 largest
2019/11/22 20:36:03.83 #|1574454963.834101829|00#| work_queue_worker[1] wq: tx to master: info end_of_resource_update 0
2019/11/22 20:36:03.83 #|1574454963.834180148|00#| work_queue_worker[1] wq: tx to master: info tasks_running 0
2019/11/22 20:36:03.83 #|1574454963.834261059|00#| work_queue_worker[1] wq: working for master at 10.0.108.11:1026.
2019/11/22 20:38:17.92 #|1574455097.921430981|00#| work_queue_worker[1] wq: rx from master: put file-0-25930e3036f13852cb0b29694bbab611-nt/taxdb.bti 14920392 0644 1
2019/11/22 20:38:17.92 #|1574455097.921814891|00#| work_queue_worker[1] wq: Putting file file-0-25930e3036f13852cb0b29694bbab611-nt/taxdb.bti into workspace
2019/11/22 20:38:19.23 #|1574455099.235006301|00#| work_queue_worker[1] wq: rx from master: put file-0-25930e3036f13852cb0b29694bbab611-nt/nt.nal 752 0644 1
2019/11/22 20:38:19.23 #|1574455099.235070216|00#| work_queue_worker[1] wq: Putting file file-0-25930e3036f13852cb0b29694bbab611-nt/nt.nal into workspace
2019/11/22 20:38:19.23 #|1574455099.235177184|00#| work_queue_worker[1] wq: rx from master: put file-0-25930e3036f13852cb0b29694bbab611-nt/nt.44.nni 27220 0644 1
2019/11/22 20:38:19.23 #|1574455099.235217660|00#| work_queue_worker[1] wq: Putting file file-0-25930e3036f13852cb0b29694bbab611-nt/nt.44.nni into workspace
2019/11/22 20:38:19.23 #|1574455099.237105850|00#| work_queue_worker[1] wq: rx from master: put file-0-25930e3036f13852cb0b29694bbab611-nt/nt.44.nog 3378248 0644 1
2019/11/22 20:38:19.23 #|1574455099.237148192|00#| work_queue_worker[1] wq: Putting file file-0-25930e3036f13852cb0b29694bbab611-nt/nt.44.nog into workspace
2019/11/22 20:38:19.53 #|1574455099.535016330|00#| work_queue_worker[1] wq: rx from master: put file-0-25930e3036f13852cb0b29694bbab611-nt/taxdb.btd 141628361 0644 1
2019/11/22 20:38:19.53 #|1574455099.535128838|00#| work_queue_worker[1] wq: Putting file file-0-25930e3036f13852cb0b29694bbab611-nt/taxdb.btd into workspace
2019/11/22 20:38:32.02 #|1574455112.28169258|00#| work_queue_worker[1] wq: rx from master: put file-0-25930e3036f13852cb0b29694bbab611-nt/nt.44.nhr 148534336 0644 1
2019/11/22 20:38:32.02 #|1574455112.28274884|00#| work_queue_worker[1] wq: Putting file file-0-25930e3036f13852cb0b29694bbab611-nt/nt.44.nhr into workspace
2019/11/22 20:38:45.12 #|1574455125.120205163|00#| work_queue_worker[1] wq: rx from master: put file-0-25930e3036f13852cb0b29694bbab611-nt/nt.44.nhi 338004 0644 1
2019/11/22 20:38:45.12 #|1574455125.120339868|00#| work_queue_worker[1] wq: Putting file file-0-25930e3036f13852cb0b29694bbab611-nt/nt.44.nhi into workspace
2019/11/22 20:38:45.12 #|1574455125.129207858|00#| work_queue_worker[1] wq: rx from master: put file-0-25930e3036f13852cb0b29694bbab611-nt/nt.44.nnd 6955488 0644 1
2019/11/22 20:38:45.12 #|1574455125.129331026|00#| work_queue_worker[1] wq: Putting file file-0-25930e3036f13852cb0b29694bbab611-nt/nt.44.nnd into workspace
2019/11/22 20:38:45.74 #|1574455125.741982978|00#| work_queue_worker[1] wq: rx from master: put file-0-25930e3036f13852cb0b29694bbab611-nt/nt.44.nhd 14869748 0644 1
2019/11/22 20:38:45.74 #|1574455125.742077133|00#| work_queue_worker[1] wq: Putting file file-0-25930e3036f13852cb0b29694bbab611-nt/nt.44.nhd into workspace
2019/11/22 20:38:47.05 #|1574455127.52464905|00#| work_queue_worker[1] wq: rx from master: put file-0-25930e3036f13852cb0b29694bbab611-nt/nt.44.nsq 974099786 0644 1
2019/11/22 20:38:47.05 #|1574455127.52602389|00#| work_queue_worker[1] wq: Putting file file-0-25930e3036f13852cb0b29694bbab611-nt/nt.44.nsq into workspace
2019/11/22 20:40:12.89 #|1574455212.893376585|00#| work_queue_worker[1] wq: rx from master: put file-0-25930e3036f13852cb0b29694bbab611-nt/nt.44.nin 10134740 0644 1
2019/11/22 20:40:12.89 #|1574455212.893505374|00#| work_queue_worker[1] wq: Putting file file-0-25930e3036f13852cb0b29694bbab611-nt/nt.44.nin into workspace
2019/11/22 20:40:13.78 #|1574455213.785978723|00#| work_queue_worker[1] wq: rx from master: put file-0-25930e3036f13852cb0b29694bbab611-nt/nt.44.nsi 764650 0644 1
2019/11/22 20:40:13.78 #|1574455213.786099988|00#| work_queue_worker[1] wq: Putting file file-0-25930e3036f13852cb0b29694bbab611-nt/nt.44.nsi into workspace
2019/11/22 20:40:13.85 #|1574455213.853241192|00#| work_queue_worker[1] wq: rx from master: put file-0-25930e3036f13852cb0b29694bbab611-nt/nt.44.nsd 33299557 0644 1
2019/11/22 20:40:13.85 #|1574455213.853349416|00#| work_queue_worker[1] wq: Putting file file-0-25930e3036f13852cb0b29694bbab611-nt/nt.44.nsd into workspace
2019/11/22 20:40:16.78 #|1574455216.787614870|00#| work_queue_worker[1] wq: rx from master: put file-0-c6fe59e7bc34ad592758fbf1affd35b3-test.fasta.6 10110 0644 1
2019/11/22 20:40:16.78 #|1574455216.787734220|00#| work_queue_worker[1] wq: Putting file file-0-c6fe59e7bc34ad592758fbf1affd35b3-test.fasta.6 into workspace
2019/11/22 20:40:16.78 #|1574455216.788436100|00#| work_queue_worker[1] wq: rx from master: put file-0-daa9c57850b857b80eefebbca6aa18ce-blastall 7687410 0755 1
2019/11/22 20:40:16.78 #|1574455216.788544292|00#| work_queue_worker[1] wq: Putting file file-0-daa9c57850b857b80eefebbca6aa18ce-blastall into workspace
2019/11/22 20:40:17.48 #|1574455217.484389917|00#| work_queue_worker[1] wq: rx from master: task 14
2019/11/22 20:40:17.48 #|1574455217.484516298|00#| work_queue_worker[1] wq: rx from master: cmd 85
2019/11/22 20:40:17.48 #|1574455217.484561799|00#| work_queue_worker[1] wq: rx from master: ./blastall -p blastn -d nt/nt -i test.fasta.6 -o test.fasta.6.out 2> test.fasta.6.err
2019/11/22 20:40:17.48 #|1574455217.484584334|00#| work_queue_worker[1] wq: rx from master: category default
2019/11/22 20:40:17.48 #|1574455217.484607245|00#| work_queue_worker[1] wq: rx from master: cores 1
2019/11/22 20:40:17.48 #|1574455217.484630202|00#| work_queue_worker[1] wq: rx from master: memory 7749
2019/11/22 20:40:17.48 #|1574455217.484652838|00#| work_queue_worker[1] wq: rx from master: disk 183120
2019/11/22 20:40:17.48 #|1574455217.484675144|00#| work_queue_worker[1] wq: rx from master: gpus 0
2019/11/22 20:40:17.48 #|1574455217.484698160|00#| work_queue_worker[1] wq: rx from master: end_time 18446744073709551615
2019/11/22 20:40:17.48 #|1574455217.484722499|00#| work_queue_worker[1] wq: rx from master: wall_time 18446744073709551615
2019/11/22 20:40:17.48 #|1574455217.484745175|00#| work_queue_worker[1] wq: rx from master: env 7
2019/11/22 20:40:17.48 #|1574455217.484772280|00#| work_queue_worker[1] wq: rx from master: env 17
2019/11/22 20:40:17.48 #|1574455217.484799092|00#| work_queue_worker[1] wq: rx from master: infile file-0-25930e3036f13852cb0b29694bbab611-nt nt 1
2019/11/22 20:40:17.48 #|1574455217.484854702|00#| work_queue_worker[1] wq: rx from master: infile file-0-c6fe59e7bc34ad592758fbf1affd35b3-test.fasta.6 test.fasta.6 1
2019/11/22 20:40:17.48 #|1574455217.484894325|00#| work_queue_worker[1] wq: rx from master: infile file-0-daa9c57850b857b80eefebbca6aa18ce-blastall blastall 1
2019/11/22 20:40:17.48 #|1574455217.484930833|00#| work_queue_worker[1] wq: rx from master: outfile file-0-bd9fd21e69318adb97979b465eda0063-test.fasta.6.err test.fasta.6.err 1
2019/11/22 20:40:17.48 #|1574455217.484971027|00#| work_queue_worker[1] wq: rx from master: outfile file-0-a7dc44bc794b29fe719284fc40dc98e9-test.fasta.6.out test.fasta.6.out 1
2019/11/22 20:40:17.48 #|1574455217.485008521|00#| work_queue_worker[1] wq: rx from master: end
2019/11/22 20:40:17.48 #|1574455217.485285520|00#| work_queue_worker[1] wq: linking cache/file-0-25930e3036f13852cb0b29694bbab611-nt to /tmp/worker-0-1/t.14/nt
2019/11/22 20:40:17.48 #|1574455217.485819972|00#| work_queue_worker[1] wq: linking cache/file-0-c6fe59e7bc34ad592758fbf1affd35b3-test.fasta.6 to /tmp/worker-0-1/t.14/test.fasta.6
2019/11/22 20:40:17.48 #|1574455217.485899628|00#| work_queue_worker[1] wq: linking cache/file-0-daa9c57850b857b80eefebbca6aa18ce-blastall to /tmp/worker-0-1/t.14/blastall
2019/11/22 20:40:17.48 #|1574455217.485963833|00#| work_queue_worker[1] wq: Waiting task 14 has been forsaken.
2019/11/22 20:40:17.48 #|1574455217.485988434|00#| work_queue_worker[1] wq: tx to master: alive
2019/11/22 20:40:17.48 #|1574455217.486119885|00#| work_queue_worker[1] wq: Sending resource description to master:
2019/11/22 20:40:17.48 #|1574455217.486145713|00#| work_queue_worker[1] wq:  workers      0 inuse      1 total      1 smallest      1 largest
2019/11/22 20:40:17.48 #|1574455217.486223547|00#| work_queue_worker[1] wq:     disk   1294 inuse 181778 total 181778 smallest 181778 largest
2019/11/22 20:40:17.48 #|1574455217.486298172|00#| work_queue_worker[1] wq:   memory      0 inuse   7749 total   7749 smallest   7749 largest
2019/11/22 20:40:17.48 #|1574455217.486370649|00#| work_queue_worker[1] wq:     gpus      0 inuse      0 total      0 smallest      0 largest
2019/11/22 20:40:17.48 #|1574455217.486443174|00#| work_queue_worker[1] wq:    cores      0 inuse      1 total      1 smallest      1 largest
2019/11/22 20:40:17.48 #|1574455217.486571585|00#| work_queue_worker[1] wq: tx to master: info end_of_resource_update 0
2019/11/22 20:40:17.48 #|1574455217.486643222|00#| work_queue_worker[1] wq: tx to master: info tasks_running 0
2019/11/22 20:40:17.48 #|1574455217.486713330|00#| work_queue_worker[1] wq: tx to master: info tasks_running 0
2019/11/22 20:40:17.48 #|1574455217.486784545|00#| work_queue_worker[1] wq: tx to master: available_results
2019/11/22 20:42:23.92 #|1574455343.926200120|00#| work_queue_worker[1] wq: rx from master: check
2019/11/22 20:42:23.92 #|1574455343.926306061|00#| work_queue_worker[1] wq: tx to master: alive
2019/11/22 20:42:23.92 #|1574455343.926451949|00#| work_queue_worker[1] wq: tx to master: info tasks_running 0
2019/11/22 20:42:23.93 #|1574455343.935936373|00#| work_queue_worker[1] wq: rx from master: send_results -1
2019/11/22 20:42:23.93 #|1574455343.936025143|00#| work_queue_worker[1] wq: tx to master: result 40 0 0 0 14
2019/11/22 20:42:23.93 #|1574455343.936128181|00#| work_queue_worker[1] wq: tx to master: info tasks_running 0
2019/11/22 20:42:23.93 #|1574455343.936206939|00#| work_queue_worker[1] wq: tx to master: end
2019/11/22 20:42:23.94 #|1574455343.941818353|00#| work_queue_worker[1] wq: rx from master: put file-0-40fd5f960224a9a20c2e8e46163bd3bc-test.fasta.0 10101 0644 1
2019/11/22 20:42:23.94 #|1574455343.941911042|00#| work_queue_worker[1] wq: Putting file file-0-40fd5f960224a9a20c2e8e46163bd3bc-test.fasta.0 into workspace
2019/11/22 20:42:23.94 #|1574455343.944014764|00#| work_queue_worker[1] wq: rx from master: task 20
2019/11/22 20:42:23.94 #|1574455343.947323657|00#| work_queue_worker[1] wq: rx from master: cmd 85
2019/11/22 20:42:23.94 #|1574455343.947363925|00#| work_queue_worker[1] wq: rx from master: ./blastall -p blastn -d nt/nt -i test.fasta.0 -o test.fasta.0.out 2> test.fasta.0.err
2019/11/22 20:42:23.94 #|1574455343.947450474|00#| work_queue_worker[1] wq: rx from master: category default
2019/11/22 20:42:23.94 #|1574455343.947487348|00#| work_queue_worker[1] wq: rx from master: cores 1
2019/11/22 20:42:23.94 #|1574455343.947521441|00#| work_queue_worker[1] wq: rx from master: memory 7749
2019/11/22 20:42:23.94 #|1574455343.947555414|00#| work_queue_worker[1] wq: rx from master: disk 181778
2019/11/22 20:42:23.94 #|1574455343.947591669|00#| work_queue_worker[1] wq: rx from master: gpus 0
2019/11/22 20:42:23.94 #|1574455343.947623268|00#| work_queue_worker[1] wq: rx from master: end_time 18446744073709551615
2019/11/22 20:42:23.94 #|1574455343.947669617|00#| work_queue_worker[1] wq: rx from master: wall_time 18446744073709551615
2019/11/22 20:42:23.94 #|1574455343.947701830|00#| work_queue_worker[1] wq: rx from master: env 7
2019/11/22 20:42:23.94 #|1574455343.947759515|00#| work_queue_worker[1] wq: rx from master: env 17
2019/11/22 20:42:23.94 #|1574455343.947801345|00#| work_queue_worker[1] wq: rx from master: infile file-0-25930e3036f13852cb0b29694bbab611-nt nt 1
2019/11/22 20:42:23.94 #|1574455343.947863231|00#| work_queue_worker[1] wq: rx from master: infile file-0-40fd5f960224a9a20c2e8e46163bd3bc-test.fasta.0 test.fasta.0 1
2019/11/22 20:42:23.94 #|1574455343.947932066|00#| work_queue_worker[1] wq: rx from master: infile file-0-daa9c57850b857b80eefebbca6aa18ce-blastall blastall 1
2019/11/22 20:42:23.94 #|1574455343.948004728|00#| work_queue_worker[1] wq: rx from master: outfile file-0-d3c5f1deffb290ea5b83fcdb7aa44689-test.fasta.0.err test.fasta.0.err 1
2019/11/22 20:42:23.94 #|1574455343.948059026|00#| work_queue_worker[1] wq: rx from master: outfile file-0-19aaebb99ff439298563042059681cfe-test.fasta.0.out test.fasta.0.out 1
2019/11/22 20:42:23.94 #|1574455343.948143728|00#| work_queue_worker[1] wq: rx from master: end
2019/11/22 20:42:23.94 #|1574455343.948462121|00#| work_queue_worker[1] wq: linking cache/file-0-25930e3036f13852cb0b29694bbab611-nt to /tmp/worker-0-1/t.20/nt
2019/11/22 20:42:23.94 #|1574455343.949282725|00#| work_queue_worker[1] wq: linking cache/file-0-40fd5f960224a9a20c2e8e46163bd3bc-test.fasta.0 to /tmp/worker-0-1/t.20/test.fasta.0
2019/11/22 20:42:23.94 #|1574455343.949427368|00#| work_queue_worker[1] wq: linking cache/file-0-daa9c57850b857b80eefebbca6aa18ce-blastall to /tmp/worker-0-1/t.20/blastall
2019/11/22 20:42:23.94 #|1574455343.949536036|00#| work_queue_worker[1] wq: Waiting task 20 has been forsaken.
2019/11/22 20:42:23.94 #|1574455343.949575148|00#| work_queue_worker[1] wq: tx to master: alive
2019/11/22 20:42:23.94 #|1574455343.949691817|00#| work_queue_worker[1] wq: Sending resource description to master:
2019/11/22 20:42:23.94 #|1574455343.949725130|00#| work_queue_worker[1] wq:  workers      0 inuse      1 total      1 smallest      1 largest
2019/11/22 20:42:23.94 #|1574455343.949841752|00#| work_queue_worker[1] wq:     disk   1294 inuse 180547 total 180547 smallest 180547 largest
2019/11/22 20:42:23.94 #|1574455343.949953778|00#| work_queue_worker[1] wq:   memory      0 inuse   7749 total   7749 smallest   7749 largest
2019/11/22 20:42:23.95 #|1574455343.950063070|00#| work_queue_worker[1] wq:     gpus      0 inuse      0 total      0 smallest      0 largest
2019/11/22 20:42:23.95 #|1574455343.950172543|00#| work_queue_worker[1] wq:    cores      0 inuse      1 total      1 smallest      1 largest
2019/11/22 20:42:23.95 #|1574455343.950349995|00#| work_queue_worker[1] wq: tx to master: info end_of_resource_update 0
2019/11/22 20:42:23.95 #|1574455343.950450626|00#| work_queue_worker[1] wq: tx to master: info tasks_running 0
2019/11/22 20:42:23.95 #|1574455343.950559860|00#| work_queue_worker[1] wq: tx to master: info tasks_running 0
2019/11/22 20:42:23.95 #|1574455343.950669147|00#| work_queue_worker[1] wq: tx to master: available_results
2019/11/22 20:44:25.76 #|1574455465.767991639|00#| work_queue_worker[1] wq: rx from master: check
2019/11/22 20:44:25.76 #|1574455465.768123875|00#| work_queue_worker[1] wq: tx to master: alive
2019/11/22 20:44:25.76 #|1574455465.768416624|00#| work_queue_worker[1] wq: tx to master: info tasks_running 0
2019/11/22 20:44:25.76 #|1574455465.769740098|00#| work_queue_worker[1] wq: rx from master: send_results -1
2019/11/22 20:44:25.76 #|1574455465.769817761|00#| work_queue_worker[1] wq: tx to master: result 40 0 0 0 20
2019/11/22 20:44:25.76 #|1574455465.769936145|00#| work_queue_worker[1] wq: tx to master: info tasks_running 0
2019/11/22 20:44:25.77 #|1574455465.770027524|00#| work_queue_worker[1] wq: tx to master: end
2019/11/22 20:44:25.77 #|1574455465.772580991|00#| work_queue_worker[1] wq: rx from master: put file-0-3410183026126208c01eade572fb5bdf-test.fasta.8 10110 0644 1
2019/11/22 20:44:25.77 #|1574455465.772715980|00#| work_queue_worker[1] wq: Putting file file-0-3410183026126208c01eade572fb5bdf-test.fasta.8 into workspace
2019/11/22 20:44:25.77 #|1574455465.773629567|00#| work_queue_worker[1] wq: rx from master: task 12
2019/11/22 20:44:25.77 #|1574455465.774583890|00#| work_queue_worker[1] wq: rx from master: cmd 85
2019/11/22 20:44:25.77 #|1574455465.774653650|00#| work_queue_worker[1] wq: rx from master: ./blastall -p blastn -d nt/nt -i test.fasta.8 -o test.fasta.8.out 2> test.fasta.8.err
2019/11/22 20:44:25.77 #|1574455465.774702839|00#| work_queue_worker[1] wq: rx from master: category default
2019/11/22 20:44:25.77 #|1574455465.774746679|00#| work_queue_worker[1] wq: rx from master: cores 1
2019/11/22 20:44:25.77 #|1574455465.774790109|00#| work_queue_worker[1] wq: rx from master: memory 7749
2019/11/22 20:44:25.77 #|1574455465.774834390|00#| work_queue_worker[1] wq: rx from master: disk 180547
2019/11/22 20:44:25.77 #|1574455465.774879235|00#| work_queue_worker[1] wq: rx from master: gpus 0
2019/11/22 20:44:25.77 #|1574455465.774924295|00#| work_queue_worker[1] wq: rx from master: end_time 18446744073709551615
2019/11/22 20:44:25.77 #|1574455465.774985321|00#| work_queue_worker[1] wq: rx from master: wall_time 18446744073709551615
2019/11/22 20:44:25.77 #|1574455465.775032640|00#| work_queue_worker[1] wq: rx from master: env 7
2019/11/22 20:44:25.77 #|1574455465.775092051|00#| work_queue_worker[1] wq: rx from master: env 17
2019/11/22 20:44:25.77 #|1574455465.775158974|00#| work_queue_worker[1] wq: rx from master: infile file-0-25930e3036f13852cb0b29694bbab611-nt nt 1
2019/11/22 20:44:25.77 #|1574455465.775265361|00#| work_queue_worker[1] wq: rx from master: infile file-0-3410183026126208c01eade572fb5bdf-test.fasta.8 test.fasta.8 1
2019/11/22 20:44:25.77 #|1574455465.775347682|00#| work_queue_worker[1] wq: rx from master: infile file-0-daa9c57850b857b80eefebbca6aa18ce-blastall blastall 1
2019/11/22 20:44:25.77 #|1574455465.775471586|00#| work_queue_worker[1] wq: rx from master: outfile file-0-377034d337ce566c4f64a77efabc1f23-test.fasta.8.err test.fasta.8.err 1
2019/11/22 20:44:25.77 #|1574455465.775557181|00#| work_queue_worker[1] wq: rx from master: outfile file-0-599ca89112d700f3c1cc921c2abd9aaa-test.fasta.8.out test.fasta.8.out 1
2019/11/22 20:44:25.77 #|1574455465.775652692|00#| work_queue_worker[1] wq: rx from master: end
2019/11/22 20:44:25.77 #|1574455465.776067295|00#| work_queue_worker[1] wq: linking cache/file-0-25930e3036f13852cb0b29694bbab611-nt to /tmp/worker-0-1/t.12/nt
2019/11/22 20:44:25.77 #|1574455465.776399127|00#| work_queue_worker[1] wq: linking cache/file-0-3410183026126208c01eade572fb5bdf-test.fasta.8 to /tmp/worker-0-1/t.12/test.fasta.8
2019/11/22 20:44:25.77 #|1574455465.776437664|00#| work_queue_worker[1] wq: linking cache/file-0-daa9c57850b857b80eefebbca6aa18ce-blastall to /tmp/worker-0-1/t.12/blastall
2019/11/22 20:44:25.77 #|1574455465.776466619|00#| work_queue_worker[1] wq: Waiting task 12 has been forsaken.
2019/11/22 20:44:25.77 #|1574455465.776477187|00#| work_queue_worker[1] wq: tx to master: alive
2019/11/22 20:44:25.77 #|1574455465.776515563|00#| work_queue_worker[1] wq: Sending resource description to master:
2019/11/22 20:44:25.77 #|1574455465.776526396|00#| work_queue_worker[1] wq:  workers      0 inuse      1 total      1 smallest      1 largest
2019/11/22 20:44:25.77 #|1574455465.776557848|00#| work_queue_worker[1] wq:     disk   1294 inuse 179247 total 179247 smallest 179247 largest
2019/11/22 20:44:25.77 #|1574455465.776589639|00#| work_queue_worker[1] wq:   memory      0 inuse   7749 total   7749 smallest   7749 largest
2019/11/22 20:44:25.77 #|1574455465.776621138|00#| work_queue_worker[1] wq:     gpus      0 inuse      0 total      0 smallest      0 largest
2019/11/22 20:44:25.77 #|1574455465.776652537|00#| work_queue_worker[1] wq:    cores      0 inuse      1 total      1 smallest      1 largest
2019/11/22 20:44:25.77 #|1574455465.776715806|00#| work_queue_worker[1] wq: tx to master: info end_of_resource_update 0
2019/11/22 20:44:25.77 #|1574455465.776747303|00#| work_queue_worker[1] wq: tx to master: info tasks_running 0
2019/11/22 20:44:25.77 #|1574455465.776778050|00#| work_queue_worker[1] wq: tx to master: info tasks_running 0
2019/11/22 20:44:25.77 #|1574455465.776808788|00#| work_queue_worker[1] wq: tx to master: available_results
2019/11/22 20:44:27.80 #|1574455467.807590233|00#| work_queue_worker[1] wq: rx from master: send_results -1
2019/11/22 20:44:27.80 #|1574455467.807634047|00#| work_queue_worker[1] wq: tx to master: result 40 0 0 0 12
2019/11/22 20:44:27.80 #|1574455467.807689553|00#| work_queue_worker[1] wq: tx to master: info tasks_running 0
2019/11/22 20:44:27.80 #|1574455467.807726708|00#| work_queue_worker[1] wq: tx to master: end
2019/11/22 20:44:27.81 #|1574455467.810186488|00#| work_queue_worker[1] wq: rx from master: put file-0-861f258aeedab7469eb02fd8febc6d36-test.fasta.13 10120 0644 1
2019/11/22 20:44:27.81 #|1574455467.810234524|00#| work_queue_worker[1] wq: Putting file file-0-861f258aeedab7469eb02fd8febc6d36-test.fasta.13 into workspace
2019/11/22 20:44:27.81 #|1574455467.811170959|00#| work_queue_worker[1] wq: rx from master: task 7
2019/11/22 20:44:27.81 #|1574455467.812281928|00#| work_queue_worker[1] wq: rx from master: cmd 88
2019/11/22 20:44:27.81 #|1574455467.812316711|00#| work_queue_worker[1] wq: rx from master: ./blastall -p blastn -d nt/nt -i test.fasta.13 -o test.fasta.13.out 2> test.fasta.13.err
2019/11/22 20:44:27.81 #|1574455467.812331767|00#| work_queue_worker[1] wq: rx from master: category default
2019/11/22 20:44:27.81 #|1574455467.812358209|00#| work_queue_worker[1] wq: rx from master: cores 1
2019/11/22 20:44:27.81 #|1574455467.812380527|00#| work_queue_worker[1] wq: rx from master: memory 7749
2019/11/22 20:44:27.81 #|1574455467.812395607|00#| work_queue_worker[1] wq: rx from master: disk 179247
2019/11/22 20:44:27.81 #|1574455467.812410425|00#| work_queue_worker[1] wq: rx from master: gpus 0
2019/11/22 20:44:27.81 #|1574455467.812425415|00#| work_queue_worker[1] wq: rx from master: end_time 18446744073709551615
2019/11/22 20:44:27.81 #|1574455467.812440953|00#| work_queue_worker[1] wq: rx from master: wall_time 18446744073709551615
2019/11/22 20:44:27.81 #|1574455467.812456152|00#| work_queue_worker[1] wq: rx from master: env 7
2019/11/22 20:44:27.81 #|1574455467.812473722|00#| work_queue_worker[1] wq: rx from master: env 17
2019/11/22 20:44:27.81 #|1574455467.812491047|00#| work_queue_worker[1] wq: rx from master: infile file-0-25930e3036f13852cb0b29694bbab611-nt nt 1
2019/11/22 20:44:27.81 #|1574455467.812516741|00#| work_queue_worker[1] wq: rx from master: infile file-0-861f258aeedab7469eb02fd8febc6d36-test.fasta.13 test.fasta.13 1
2019/11/22 20:44:27.81 #|1574455467.812542160|00#| work_queue_worker[1] wq: rx from master: infile file-0-daa9c57850b857b80eefebbca6aa18ce-blastall blastall 1
2019/11/22 20:44:27.81 #|1574455467.812566495|00#| work_queue_worker[1] wq: rx from master: outfile file-0-a1e084cfb47df79ee8a2d374c2d9abba-test.fasta.13.err test.fasta.13.err 1
2019/11/22 20:44:27.81 #|1574455467.812591977|00#| work_queue_worker[1] wq: rx from master: outfile file-0-dc058f4294b64abb0a149cc97b0d5b94-test.fasta.13.out test.fasta.13.out 1
2019/11/22 20:44:27.81 #|1574455467.812616713|00#| work_queue_worker[1] wq: rx from master: end
2019/11/22 20:44:27.81 #|1574455467.812767474|00#| work_queue_worker[1] wq: linking cache/file-0-25930e3036f13852cb0b29694bbab611-nt to /tmp/worker-0-1/t.7/nt
2019/11/22 20:44:27.81 #|1574455467.813112591|00#| work_queue_worker[1] wq: linking cache/file-0-861f258aeedab7469eb02fd8febc6d36-test.fasta.13 to /tmp/worker-0-1/t.7/test.fasta.13
2019/11/22 20:44:27.81 #|1574455467.813165385|00#| work_queue_worker[1] wq: linking cache/file-0-daa9c57850b857b80eefebbca6aa18ce-blastall to /tmp/worker-0-1/t.7/blastall
2019/11/22 20:44:27.81 #|1574455467.813383211|00#| work_queue_worker[1] wq: started process 9: ./blastall -p blastn -d nt/nt -i test.fasta.13 -o test.fasta.13.out 2> test.fasta.13.err
2019/11/22 20:44:27.81 #|1574455467.813426858|00#| work_queue_worker[1] wq: tx to master: info tasks_running 1
2019/11/22 20:44:47.00 #|1574455487.2113650|00#| work_queue_worker[1] wq: task 7 (pid 9) exited normally with exit code 0
2019/11/22 20:44:47.00 #|1574455487.2153398|00#| work_queue_worker[1] wq: moving output file from /tmp/worker-0-1/t.7/test.fasta.13.err to cache/file-0-a1e084cfb47df79ee8a2d374c2d9abba-test.fasta.13.err
2019/11/22 20:44:47.00 #|1574455487.2221538|00#| work_queue_worker[1] wq: moving output file from /tmp/worker-0-1/t.7/test.fasta.13.out to cache/file-0-dc058f4294b64abb0a149cc97b0d5b94-test.fasta.13.out
2019/11/22 20:44:47.00 #|1574455487.2257722|00#| work_queue_worker[1] wq: tx to master: available_results
2019/11/22 20:44:47.50 #|1574455487.503497764|00#| work_queue_worker[1] wq: rx from master: send_results -1
2019/11/22 20:44:47.50 #|1574455487.503542497|00#| work_queue_worker[1] wq: tx to master: result 0 0 0 19188902 7
2019/11/22 20:44:47.50 #|1574455487.503590322|00#| work_queue_worker[1] wq: tx to master: info tasks_running 0
2019/11/22 20:44:47.50 #|1574455487.503626486|00#| work_queue_worker[1] wq: tx to master: end
2019/11/22 20:44:47.50 #|1574455487.508727595|00#| work_queue_worker[1] wq: rx from master: get file-0-a1e084cfb47df79ee8a2d374c2d9abba-test.fasta.13.err 1
2019/11/22 20:44:47.50 #|1574455487.508776586|00#| work_queue_worker[1] wq: tx to master: file file-0-a1e084cfb47df79ee8a2d374c2d9abba-test.fasta.13.err 0
2019/11/22 20:44:47.50 #|1574455487.508829222|00#| work_queue_worker[1] wq: tx to master: end
2019/11/22 20:44:47.50 #|1574455487.509393492|00#| work_queue_worker[1] wq: rx from master: get file-0-dc058f4294b64abb0a149cc97b0d5b94-test.fasta.13.out 1
2019/11/22 20:44:47.50 #|1574455487.509430301|00#| work_queue_worker[1] wq: tx to master: file file-0-dc058f4294b64abb0a149cc97b0d5b94-test.fasta.13.out 23659
2019/11/22 20:44:47.50 #|1574455487.509568432|00#| work_queue_worker[1] wq: tx to master: end
2019/11/22 20:44:47.51 #|1574455487.512156262|00#| work_queue_worker[1] wq: rx from master: kill 7
2019/11/22 20:44:47.51 #|1574455487.517964125|00#| work_queue_worker[1] wq: rx from master: put file-0-9f04d57561db456f4f47dcdca9feb103-test.fasta.7 10110 0644 1
2019/11/22 20:44:47.51 #|1574455487.518003331|00#| work_queue_worker[1] wq: Putting file file-0-9f04d57561db456f4f47dcdca9feb103-test.fasta.7 into workspace
2019/11/22 20:44:47.51 #|1574455487.519100949|00#| work_queue_worker[1] wq: rx from master: task 13
2019/11/22 20:44:47.51 #|1574455487.519133673|00#| work_queue_worker[1] wq: rx from master: cmd 85
2019/11/22 20:44:47.51 #|1574455487.519158945|00#| work_queue_worker[1] wq: rx from master: ./blastall -p blastn -d nt/nt -i test.fasta.7 -o test.fasta.7.out 2> test.fasta.7.err
2019/11/22 20:44:47.51 #|1574455487.519174531|00#| work_queue_worker[1] wq: rx from master: category default
2019/11/22 20:44:47.51 #|1574455487.519191564|00#| work_queue_worker[1] wq: rx from master: cores 1
2019/11/22 20:44:47.51 #|1574455487.519209088|00#| work_queue_worker[1] wq: rx from master: memory 7749
2019/11/22 20:44:47.51 #|1574455487.519228250|00#| work_queue_worker[1] wq: rx from master: disk 179247
2019/11/22 20:44:47.51 #|1574455487.519246122|00#| work_queue_worker[1] wq: rx from master: gpus 0
2019/11/22 20:44:47.51 #|1574455487.519263424|00#| work_queue_worker[1] wq: rx from master: end_time 18446744073709551615
2019/11/22 20:44:47.51 #|1574455487.519282177|00#| work_queue_worker[1] wq: rx from master: wall_time 18446744073709551615
2019/11/22 20:44:47.51 #|1574455487.519299337|00#| work_queue_worker[1] wq: rx from master: env 7
2019/11/22 20:44:47.51 #|1574455487.519319503|00#| work_queue_worker[1] wq: rx from master: env 17
2019/11/22 20:44:47.51 #|1574455487.519342270|00#| work_queue_worker[1] wq: rx from master: infile file-0-25930e3036f13852cb0b29694bbab611-nt nt 1
2019/11/22 20:44:47.51 #|1574455487.519451404|00#| work_queue_worker[1] wq: rx from master: infile file-0-9f04d57561db456f4f47dcdca9feb103-test.fasta.7 test.fasta.7 1
2019/11/22 20:44:47.51 #|1574455487.519490225|00#| work_queue_worker[1] wq: rx from master: infile file-0-daa9c57850b857b80eefebbca6aa18ce-blastall blastall 1
2019/11/22 20:44:47.51 #|1574455487.519520466|00#| work_queue_worker[1] wq: rx from master: outfile file-0-d08e27aac9e49582c455b76197081fb3-test.fasta.7.err test.fasta.7.err 1
2019/11/22 20:44:47.51 #|1574455487.519547079|00#| work_queue_worker[1] wq: rx from master: outfile file-0-c17c0db997ae1cdb7af1ea386e447bb4-test.fasta.7.out test.fasta.7.out 1
2019/11/22 20:44:47.51 #|1574455487.519580918|00#| work_queue_worker[1] wq: rx from master: end
2019/11/22 20:44:47.51 #|1574455487.519743083|00#| work_queue_worker[1] wq: linking cache/file-0-25930e3036f13852cb0b29694bbab611-nt to /tmp/worker-0-1/t.13/nt
2019/11/22 20:44:47.52 #|1574455487.520074358|00#| work_queue_worker[1] wq: linking cache/file-0-9f04d57561db456f4f47dcdca9feb103-test.fasta.7 to /tmp/worker-0-1/t.13/test.fasta.7
2019/11/22 20:44:47.52 #|1574455487.520119571|00#| work_queue_worker[1] wq: linking cache/file-0-daa9c57850b857b80eefebbca6aa18ce-blastall to /tmp/worker-0-1/t.13/blastall
2019/11/22 20:44:47.52 #|1574455487.520374990|00#| work_queue_worker[1] wq: started process 11: ./blastall -p blastn -d nt/nt -i test.fasta.7 -o test.fasta.7.out 2> test.fasta.7.err
2019/11/22 20:44:47.52 #|1574455487.520421217|00#| work_queue_worker[1] wq: tx to master: info tasks_running 1
2019/11/22 20:45:06.75 #|1574455506.759701736|00#| work_queue_worker[1] wq: task 13 (pid 11) exited normally with exit code 0
2019/11/22 20:45:06.75 #|1574455506.759900162|00#| work_queue_worker[1] wq: moving output file from /tmp/worker-0-1/t.13/test.fasta.7.err to cache/file-0-d08e27aac9e49582c455b76197081fb3-test.fasta.7.err
2019/11/22 20:45:06.76 #|1574455506.760064158|00#| work_queue_worker[1] wq: moving output file from /tmp/worker-0-1/t.13/test.fasta.7.out to cache/file-0-c17c0db997ae1cdb7af1ea386e447bb4-test.fasta.7.out
2019/11/22 20:45:06.76 #|1574455506.760154466|00#| work_queue_worker[1] wq: tx to master: available_results
2019/11/22 20:45:07.05 #|1574455507.52166565|00#| work_queue_worker[1] wq: rx from master: send_results -1
2019/11/22 20:45:07.05 #|1574455507.52276666|00#| work_queue_worker[1] wq: tx to master: result 0 0 0 19239690 13
2019/11/22 20:45:07.05 #|1574455507.52401347|00#| work_queue_worker[1] wq: tx to master: info tasks_running 0
2019/11/22 20:45:07.05 #|1574455507.52490150|00#| work_queue_worker[1] wq: tx to master: end
2019/11/22 20:45:07.06 #|1574455507.66875343|00#| work_queue_worker[1] wq: rx from master: get file-0-d08e27aac9e49582c455b76197081fb3-test.fasta.7.err 1
2019/11/22 20:45:07.06 #|1574455507.66997462|00#| work_queue_worker[1] wq: tx to master: file file-0-d08e27aac9e49582c455b76197081fb3-test.fasta.7.err 0
2019/11/22 20:45:07.06 #|1574455507.67173273|00#| work_queue_worker[1] wq: tx to master: end
2019/11/22 20:45:07.06 #|1574455507.67860250|00#| work_queue_worker[1] wq: rx from master: get file-0-c17c0db997ae1cdb7af1ea386e447bb4-test.fasta.7.out 1
2019/11/22 20:45:07.06 #|1574455507.67942040|00#| work_queue_worker[1] wq: tx to master: file file-0-c17c0db997ae1cdb7af1ea386e447bb4-test.fasta.7.out 20517
2019/11/22 20:45:07.06 #|1574455507.68325690|00#| work_queue_worker[1] wq: tx to master: end
2019/11/22 20:45:07.07 #|1574455507.70605358|00#| work_queue_worker[1] wq: rx from master: kill 13
2019/11/22 20:45:07.08 #|1574455507.83711080|00#| work_queue_worker[1] wq: rx from master: put file-0-bd98410c4ed2bfaa95819f1849189081-test.fasta.18 10120 0644 1
2019/11/22 20:45:07.08 #|1574455507.83828941|00#| work_queue_worker[1] wq: Putting file file-0-bd98410c4ed2bfaa95819f1849189081-test.fasta.18 into workspace
2019/11/22 20:45:07.08 #|1574455507.84931833|00#| work_queue_worker[1] wq: rx from master: task 2
2019/11/22 20:45:07.08 #|1574455507.84986913|00#| work_queue_worker[1] wq: rx from master: cmd 88
2019/11/22 20:45:07.08 #|1574455507.85029757|00#| work_queue_worker[1] wq: rx from master: ./blastall -p blastn -d nt/nt -i test.fasta.18 -o test.fasta.18.out 2> test.fasta.18.err
2019/11/22 20:45:07.08 #|1574455507.85063895|00#| work_queue_worker[1] wq: rx from master: category default
2019/11/22 20:45:07.08 #|1574455507.85091228|00#| work_queue_worker[1] wq: rx from master: cores 1
2019/11/22 20:45:07.08 #|1574455507.85115036|00#| work_queue_worker[1] wq: rx from master: memory 7749
2019/11/22 20:45:07.08 #|1574455507.85157104|00#| work_queue_worker[1] wq: rx from master: disk 179247
2019/11/22 20:45:07.08 #|1574455507.85193720|00#| work_queue_worker[1] wq: rx from master: gpus 0
2019/11/22 20:45:07.08 #|1574455507.85218256|00#| work_queue_worker[1] wq: rx from master: end_time 18446744073709551615
2019/11/22 20:45:07.08 #|1574455507.85243455|00#| work_queue_worker[1] wq: rx from master: wall_time 18446744073709551615
2019/11/22 20:45:07.08 #|1574455507.85267189|00#| work_queue_worker[1] wq: rx from master: env 7
2019/11/22 20:45:07.08 #|1574455507.85295278|00#| work_queue_worker[1] wq: rx from master: env 17
2019/11/22 20:45:07.08 #|1574455507.85323706|00#| work_queue_worker[1] wq: rx from master: infile file-0-25930e3036f13852cb0b29694bbab611-nt nt 1
2019/11/22 20:45:07.08 #|1574455507.85388296|00#| work_queue_worker[1] wq: rx from master: infile file-0-bd98410c4ed2bfaa95819f1849189081-test.fasta.18 test.fasta.18 1
2019/11/22 20:45:07.08 #|1574455507.85442307|00#| work_queue_worker[1] wq: rx from master: infile file-0-daa9c57850b857b80eefebbca6aa18ce-blastall blastall 1
2019/11/22 20:45:07.08 #|1574455507.85479808|00#| work_queue_worker[1] wq: rx from master: outfile file-0-b3ca854c26233484c838ab6d3298229c-test.fasta.18.err test.fasta.18.err 1
2019/11/22 20:45:07.08 #|1574455507.85546792|00#| work_queue_worker[1] wq: rx from master: outfile file-0-c688af492b061abef62bf46ec43b64b2-test.fasta.18.out test.fasta.18.out 1
2019/11/22 20:45:07.08 #|1574455507.85597865|00#| work_queue_worker[1] wq: rx from master: end
2019/11/22 20:45:07.08 #|1574455507.85916788|00#| work_queue_worker[1] wq: linking cache/file-0-25930e3036f13852cb0b29694bbab611-nt to /tmp/worker-0-1/t.2/nt
2019/11/22 20:45:07.08 #|1574455507.86662523|00#| work_queue_worker[1] wq: linking cache/file-0-bd98410c4ed2bfaa95819f1849189081-test.fasta.18 to /tmp/worker-0-1/t.2/test.fasta.18
2019/11/22 20:45:07.08 #|1574455507.86748073|00#| work_queue_worker[1] wq: linking cache/file-0-daa9c57850b857b80eefebbca6aa18ce-blastall to /tmp/worker-0-1/t.2/blastall
2019/11/22 20:45:07.08 #|1574455507.87068164|00#| work_queue_worker[1] wq: started process 13: ./blastall -p blastn -d nt/nt -i test.fasta.18 -o test.fasta.18.out 2> test.fasta.18.err
2019/11/22 20:45:07.08 #|1574455507.87150877|00#| work_queue_worker[1] wq: tx to master: info tasks_running 1
2019/11/22 20:45:26.42 #|1574455526.421137423|00#| work_queue_worker[1] wq: task 2 (pid 13) exited normally with exit code 0
2019/11/22 20:45:26.42 #|1574455526.421177972|00#| work_queue_worker[1] wq: moving output file from /tmp/worker-0-1/t.2/test.fasta.18.err to cache/file-0-b3ca854c26233484c838ab6d3298229c-test.fasta.18.err
2019/11/22 20:45:26.42 #|1574455526.421252177|00#| work_queue_worker[1] wq: moving output file from /tmp/worker-0-1/t.2/test.fasta.18.out to cache/file-0-c688af492b061abef62bf46ec43b64b2-test.fasta.18.out
2019/11/22 20:45:26.42 #|1574455526.421307720|00#| work_queue_worker[1] wq: tx to master: available_results
2019/11/22 20:45:26.42 #|1574455526.421846911|00#| work_queue_worker[1] wq: rx from master: send_results -1
2019/11/22 20:45:26.42 #|1574455526.421888089|00#| work_queue_worker[1] wq: tx to master: result 0 0 0 19334305 2
2019/11/22 20:45:26.42 #|1574455526.421943287|00#| work_queue_worker[1] wq: tx to master: info tasks_running 0
2019/11/22 20:45:26.42 #|1574455526.421984429|00#| work_queue_worker[1] wq: tx to master: end
2019/11/22 20:45:26.42 #|1574455526.422453151|00#| work_queue_worker[1] wq: rx from master: get file-0-b3ca854c26233484c838ab6d3298229c-test.fasta.18.err 1
2019/11/22 20:45:26.42 #|1574455526.422490097|00#| work_queue_worker[1] wq: tx to master: file file-0-b3ca854c26233484c838ab6d3298229c-test.fasta.18.err 0
2019/11/22 20:45:26.42 #|1574455526.422537864|00#| work_queue_worker[1] wq: tx to master: end
2019/11/22 20:45:26.42 #|1574455526.422951744|00#| work_queue_worker[1] wq: rx from master: get file-0-c688af492b061abef62bf46ec43b64b2-test.fasta.18.out 1
2019/11/22 20:45:26.42 #|1574455526.422978647|00#| work_queue_worker[1] wq: tx to master: file file-0-c688af492b061abef62bf46ec43b64b2-test.fasta.18.out 40977
2019/11/22 20:45:26.42 #|1574455526.423140153|00#| work_queue_worker[1] wq: tx to master: end
2019/11/22 20:45:26.42 #|1574455526.427516437|00#| work_queue_worker[1] wq: rx from master: kill 2
2019/11/22 20:45:27.74 #|1574455527.748149723|00#| work_queue_worker[1] wq: rx from master: release
2019/11/22 20:45:27.74 #|1574455527.748297190|00#| work_queue_worker[1] wq: released by master 10.0.108.11:1026.
2019/11/22 20:45:27.74 #|1574455527.749657454|00#| work_queue_worker[1] wq: cleaning workspace /tmp/worker-0-1
2019/11/22 20:45:27.96 #|1574455527.969125256|00#| work_queue_worker[1] wq: disconnecting from master 10.0.108.11:1026
2019/11/22 20:45:27.96 #|1574455527.969318362|00#| work_queue_worker[1] tcp: disconnected from 10.0.108.11 port 1026
2019/11/22 20:45:27.96 #|1574455527.969359551|00#| work_queue_worker[1] wq: killing all outstanding tasks
2019/11/22 20:45:27.96 #|1574455527.969436512|00#| work_queue_worker[1] wq: all data structures are clean
