2019/11/22 20:26:58.66 #|1574454418.665719907|00#| work_queue_worker[1] debug: /root/cctools/bin/work_queue_worker version 8.0.0 DEVELOPMENT (released 2019-11-14 15:35:16 +0000)
2019/11/22 20:26:58.66 #|1574454418.665755549|00#| work_queue_worker[1] debug: Built by root@7e9ecba79f43 on 2019-11-14 15:35:16 +0000
2019/11/22 20:26:58.66 #|1574454418.665765522|00#| work_queue_worker[1] debug: System: Linux 7e9ecba79f43 5.0.0-32-generic #34~18.04.2-Ubuntu SMP Thu Oct 10 10:36:02 UTC 2019 x86_64 x86_64 x86_64 GNU/Linux
2019/11/22 20:26:58.66 #|1574454418.665773920|00#| work_queue_worker[1] debug: Configuration: --prefix /root/cctools
2019/11/22 20:26:58.66 #|1574454418.665943953|00#| work_queue_worker[1] wq: WORK_QUEUE_SANDBOX set to /tmp/worker-0-1.
2019/11/22 20:26:58.66 #|1574454418.666462587|00#| work_queue_worker[1] debug: error reading disk usage on directory: ./cache.
2019/11/22 20:26:58.66 #|1574454418.666498817|00#| work_queue_worker[1] dns: looking up name master
2019/11/22 20:26:58.66 #|1574454418.668533596|00#| work_queue_worker[1] dns: couldn't look up master: Name or service not known
2019/11/22 20:27:00.66 #|1574454420.668689237|00#| work_queue_worker[1] dns: looking up name master
2019/11/22 20:27:00.67 #|1574454420.670422484|00#| work_queue_worker[1] dns: couldn't look up master: Name or service not known
2019/11/22 20:27:02.67 #|1574454422.670549331|00#| work_queue_worker[1] dns: looking up name master
2019/11/22 20:27:02.67 #|1574454422.670872796|00#| work_queue_worker[1] dns: master is 10.0.108.11
2019/11/22 20:27:02.67 #|1574454422.670909681|00#| work_queue_worker[1] tcp: connecting to 10.0.108.11 port 1026
2019/11/22 20:27:02.67 #|1574454422.671105419|00#| work_queue_worker[1] tcp: made connection to 10.0.108.11 port 1026
2019/11/22 20:27:02.67 #|1574454422.671124378|00#| work_queue_worker[1] wq: connected to master master:1026 via local address 10.0.108.3:56286
2019/11/22 20:27:02.67 #|1574454422.671133864|00#| work_queue_worker[1] wq: preparing workspace /tmp/worker-0-1
2019/11/22 20:27:02.67 #|1574454422.671263477|00#| work_queue_worker[1] dns: looking up name d2b576cdf3a2
2019/11/22 20:27:02.67 #|1574454422.671305272|00#| work_queue_worker[1] dns: d2b576cdf3a2 is 10.0.108.3
2019/11/22 20:27:02.67 #|1574454422.671316703|00#| work_queue_worker[1] dns: looking up addr 10.0.108.3
2019/11/22 20:27:02.67 #|1574454422.671348177|00#| work_queue_worker[1] dns: 10.0.108.3 is d2b576cdf3a2
2019/11/22 20:27:02.67 #|1574454422.671358785|00#| work_queue_worker[1] dns: finding my hostname: uname = d2b576cdf3a2, address = 10.0.108.3, hostname = d2b576cdf3a2
2019/11/22 20:27:02.67 #|1574454422.671368472|00#| work_queue_worker[1] wq: tx to master: workqueue 8 d2b576cdf3a2 Linux x86_64 8.0.0
2019/11/22 20:27:02.67 #|1574454422.671433622|00#| work_queue_worker[1] wq: tx to master: info worker-id worker-fd0ee475c2b6e599797bf74ef7fe23ca
2019/11/22 20:27:02.67 #|1574454422.671487810|00#| work_queue_worker[1] wq: tx to master: alive
2019/11/22 20:27:02.67 #|1574454422.671537857|00#| work_queue_worker[1] wq: Sending resource description to master:
2019/11/22 20:27:02.67 #|1574454422.671550447|00#| work_queue_worker[1] wq:  workers      0 inuse      1 total      1 smallest      1 largest
2019/11/22 20:27:02.67 #|1574454422.671597956|00#| work_queue_worker[1] wq:     disk      0 inuse   2398 total   2398 smallest   2398 largest
2019/11/22 20:27:02.67 #|1574454422.671647670|00#| work_queue_worker[1] wq:   memory      0 inuse  11908 total  11908 smallest  11908 largest
2019/11/22 20:27:02.67 #|1574454422.671696994|00#| work_queue_worker[1] wq:     gpus      0 inuse      0 total      0 smallest      0 largest
2019/11/22 20:27:02.67 #|1574454422.671747009|00#| work_queue_worker[1] wq:    cores      0 inuse      1 total      1 smallest      1 largest
2019/11/22 20:27:02.67 #|1574454422.671826230|00#| work_queue_worker[1] wq: tx to master: info end_of_resource_update 0
2019/11/22 20:27:02.67 #|1574454422.671879300|00#| work_queue_worker[1] wq: tx to master: info tasks_running 0
2019/11/22 20:27:02.67 #|1574454422.671930472|00#| work_queue_worker[1] wq: working for master at 10.0.108.11:1026.
2019/11/22 20:27:06.39 #|1574454426.390815054|00#| work_queue_worker[1] wq: rx from master: put file-0-25930e3036f13852cb0b29694bbab611-nt/taxdb.bti 14920392 0644 1
2019/11/22 20:27:06.39 #|1574454426.390889544|00#| work_queue_worker[1] wq: Putting file file-0-25930e3036f13852cb0b29694bbab611-nt/taxdb.bti into workspace
2019/11/22 20:27:06.41 #|1574454426.412064436|00#| work_queue_worker[1] wq: rx from master: put file-0-25930e3036f13852cb0b29694bbab611-nt/nt.nal 752 0644 1
2019/11/22 20:27:06.41 #|1574454426.412099212|00#| work_queue_worker[1] wq: Putting file file-0-25930e3036f13852cb0b29694bbab611-nt/nt.nal into workspace
2019/11/22 20:27:06.41 #|1574454426.412176876|00#| work_queue_worker[1] wq: rx from master: put file-0-25930e3036f13852cb0b29694bbab611-nt/nt.44.nni 27220 0644 1
2019/11/22 20:27:06.41 #|1574454426.412198700|00#| work_queue_worker[1] wq: Putting file file-0-25930e3036f13852cb0b29694bbab611-nt/nt.44.nni into workspace
2019/11/22 20:27:06.41 #|1574454426.412391188|00#| work_queue_worker[1] wq: rx from master: put file-0-25930e3036f13852cb0b29694bbab611-nt/nt.44.nog 3378248 0644 1
2019/11/22 20:27:06.41 #|1574454426.412418162|00#| work_queue_worker[1] wq: Putting file file-0-25930e3036f13852cb0b29694bbab611-nt/nt.44.nog into workspace
2019/11/22 20:27:06.41 #|1574454426.416995072|00#| work_queue_worker[1] wq: rx from master: put file-0-25930e3036f13852cb0b29694bbab611-nt/taxdb.btd 141628361 0644 1
2019/11/22 20:27:06.41 #|1574454426.417038311|00#| work_queue_worker[1] wq: Putting file file-0-25930e3036f13852cb0b29694bbab611-nt/taxdb.btd into workspace
2019/11/22 20:27:06.59 #|1574454426.596287199|00#| work_queue_worker[1] wq: rx from master: put file-0-25930e3036f13852cb0b29694bbab611-nt/nt.44.nhr 148534336 0644 1
2019/11/22 20:27:06.59 #|1574454426.596331108|00#| work_queue_worker[1] wq: Putting file file-0-25930e3036f13852cb0b29694bbab611-nt/nt.44.nhr into workspace
2019/11/22 20:27:06.78 #|1574454426.785385011|00#| work_queue_worker[1] wq: rx from master: put file-0-25930e3036f13852cb0b29694bbab611-nt/nt.44.nhi 338004 0644 1
2019/11/22 20:27:06.78 #|1574454426.785432816|00#| work_queue_worker[1] wq: Putting file file-0-25930e3036f13852cb0b29694bbab611-nt/nt.44.nhi into workspace
2019/11/22 20:27:06.78 #|1574454426.785940742|00#| work_queue_worker[1] wq: rx from master: put file-0-25930e3036f13852cb0b29694bbab611-nt/nt.44.nnd 6955488 0644 1
2019/11/22 20:27:06.78 #|1574454426.785964481|00#| work_queue_worker[1] wq: Putting file file-0-25930e3036f13852cb0b29694bbab611-nt/nt.44.nnd into workspace
2019/11/22 20:27:06.79 #|1574454426.794832784|00#| work_queue_worker[1] wq: rx from master: put file-0-25930e3036f13852cb0b29694bbab611-nt/nt.44.nhd 14869748 0644 1
2019/11/22 20:27:06.79 #|1574454426.794876425|00#| work_queue_worker[1] wq: Putting file file-0-25930e3036f13852cb0b29694bbab611-nt/nt.44.nhd into workspace
2019/11/22 20:27:06.81 #|1574454426.813558336|00#| work_queue_worker[1] wq: rx from master: put file-0-25930e3036f13852cb0b29694bbab611-nt/nt.44.nsq 974099786 0644 1
2019/11/22 20:27:06.81 #|1574454426.813602475|00#| work_queue_worker[1] wq: Putting file file-0-25930e3036f13852cb0b29694bbab611-nt/nt.44.nsq into workspace
2019/11/22 20:27:06.81 #|1574454426.813615910|00#| work_queue_worker[1] debug: File of size 928 MB will lower available disk space (889 MB) below threshold (0 MB).
2019/11/22 20:27:06.81 #|1574454426.813624838|00#| work_queue_worker[1] wq: Could not put file file-0-25930e3036f13852cb0b29694bbab611-nt/nt.44.nsq, not enough disk space (974099786 bytes needed)
2019/11/22 20:27:06.81 #|1574454426.813636457|00#| work_queue_worker[1] wq: cleaning workspace /tmp/worker-0-1
2019/11/22 20:27:06.86 #|1574454426.867052602|00#| work_queue_worker[1] wq: disconnecting from master 10.0.108.11:1026
2019/11/22 20:27:06.86 #|1574454426.867238226|00#| work_queue_worker[1] tcp: disconnected from 10.0.108.11 port 1026
2019/11/22 20:27:06.86 #|1574454426.867256974|00#| work_queue_worker[1] wq: killing all outstanding tasks
2019/11/22 20:27:06.86 #|1574454426.867268282|00#| work_queue_worker[1] wq: all data structures are clean
2019/11/22 20:27:12.86 #|1574454432.867731786|00#| work_queue_worker[1] debug: error reading disk usage on directory: ./cache.
2019/11/22 20:27:12.86 #|1574454432.867789784|00#| work_queue_worker[1] tcp: connecting to 10.0.108.11 port 1026
2019/11/22 20:27:13.88 #|1574454433.882769743|00#| work_queue_worker[1] tcp: made connection to 10.0.108.11 port 1026
2019/11/22 20:27:13.88 #|1574454433.882812174|00#| work_queue_worker[1] wq: connected to master master:1026 via local address 10.0.108.3:56308
2019/11/22 20:27:13.88 #|1574454433.882822857|00#| work_queue_worker[1] wq: preparing workspace /tmp/worker-0-1
2019/11/22 20:27:13.88 #|1574454433.882962272|00#| work_queue_worker[1] dns: finding my hostname: uname = d2b576cdf3a2, address = 10.0.108.3, hostname = d2b576cdf3a2
2019/11/22 20:27:13.88 #|1574454433.882976346|00#| work_queue_worker[1] wq: tx to master: workqueue 8 d2b576cdf3a2 Linux x86_64 8.0.0
2019/11/22 20:27:13.88 #|1574454433.883035627|00#| work_queue_worker[1] wq: tx to master: info worker-id worker-fd0ee475c2b6e599797bf74ef7fe23ca
2019/11/22 20:27:13.88 #|1574454433.883080799|00#| work_queue_worker[1] wq: tx to master: alive
2019/11/22 20:27:13.88 #|1574454433.883118886|00#| work_queue_worker[1] wq: Sending resource description to master:
2019/11/22 20:27:13.88 #|1574454433.883131492|00#| work_queue_worker[1] wq:  workers      0 inuse      1 total      1 smallest      1 largest
2019/11/22 20:27:13.88 #|1574454433.883168041|00#| work_queue_worker[1] wq:     disk      0 inuse   1119 total   1119 smallest   1119 largest
2019/11/22 20:27:13.88 #|1574454433.883206188|00#| work_queue_worker[1] wq:   memory      0 inuse  11908 total  11908 smallest  11908 largest
2019/11/22 20:27:13.88 #|1574454433.883244008|00#| work_queue_worker[1] wq:     gpus      0 inuse      0 total      0 smallest      0 largest
2019/11/22 20:27:13.88 #|1574454433.883282174|00#| work_queue_worker[1] wq:    cores      0 inuse      1 total      1 smallest      1 largest
2019/11/22 20:27:13.88 #|1574454433.883338105|00#| work_queue_worker[1] wq: tx to master: info end_of_resource_update 0
2019/11/22 20:27:13.88 #|1574454433.883375305|00#| work_queue_worker[1] wq: tx to master: info tasks_running 0
2019/11/22 20:27:13.88 #|1574454433.883391335|00#| work_queue_worker[1] wq: working for master at 10.0.108.11:1026.
2019/11/22 20:35:26.33 #|1574454926.331007610|00#| work_queue_worker[1] wq: rx from master: put file-0-25930e3036f13852cb0b29694bbab611-nt/taxdb.bti 14920392 0644 1
2019/11/22 20:35:26.33 #|1574454926.331056292|00#| work_queue_worker[1] wq: Putting file file-0-25930e3036f13852cb0b29694bbab611-nt/taxdb.bti into workspace
2019/11/22 20:35:26.35 #|1574454926.353215125|00#| work_queue_worker[1] wq: rx from master: put file-0-25930e3036f13852cb0b29694bbab611-nt/nt.nal 752 0644 1
2019/11/22 20:35:26.35 #|1574454926.353259639|00#| work_queue_worker[1] wq: Putting file file-0-25930e3036f13852cb0b29694bbab611-nt/nt.nal into workspace
2019/11/22 20:35:26.35 #|1574454926.353349860|00#| work_queue_worker[1] wq: rx from master: put file-0-25930e3036f13852cb0b29694bbab611-nt/nt.44.nni 27220 0644 1
2019/11/22 20:35:26.35 #|1574454926.353371786|00#| work_queue_worker[1] wq: Putting file file-0-25930e3036f13852cb0b29694bbab611-nt/nt.44.nni into workspace
2019/11/22 20:35:26.35 #|1574454926.353561642|00#| work_queue_worker[1] wq: rx from master: put file-0-25930e3036f13852cb0b29694bbab611-nt/nt.44.nog 3378248 0644 1
2019/11/22 20:35:26.35 #|1574454926.353588431|00#| work_queue_worker[1] wq: Putting file file-0-25930e3036f13852cb0b29694bbab611-nt/nt.44.nog into workspace
2019/11/22 20:35:26.35 #|1574454926.358272001|00#| work_queue_worker[1] wq: rx from master: put file-0-25930e3036f13852cb0b29694bbab611-nt/taxdb.btd 141628361 0644 1
2019/11/22 20:35:26.35 #|1574454926.358314896|00#| work_queue_worker[1] wq: Putting file file-0-25930e3036f13852cb0b29694bbab611-nt/taxdb.btd into workspace
2019/11/22 20:35:26.54 #|1574454926.540499713|00#| work_queue_worker[1] wq: rx from master: put file-0-25930e3036f13852cb0b29694bbab611-nt/nt.44.nhr 148534336 0644 1
2019/11/22 20:35:26.54 #|1574454926.540553940|00#| work_queue_worker[1] wq: Putting file file-0-25930e3036f13852cb0b29694bbab611-nt/nt.44.nhr into workspace
2019/11/22 20:35:26.73 #|1574454926.731535409|00#| work_queue_worker[1] wq: rx from master: put file-0-25930e3036f13852cb0b29694bbab611-nt/nt.44.nhi 338004 0644 1
2019/11/22 20:35:26.73 #|1574454926.731579883|00#| work_queue_worker[1] wq: Putting file file-0-25930e3036f13852cb0b29694bbab611-nt/nt.44.nhi into workspace
2019/11/22 20:35:26.73 #|1574454926.732112266|00#| work_queue_worker[1] wq: rx from master: put file-0-25930e3036f13852cb0b29694bbab611-nt/nt.44.nnd 6955488 0644 1
2019/11/22 20:35:26.73 #|1574454926.732136676|00#| work_queue_worker[1] wq: Putting file file-0-25930e3036f13852cb0b29694bbab611-nt/nt.44.nnd into workspace
2019/11/22 20:35:26.74 #|1574454926.741539888|00#| work_queue_worker[1] wq: rx from master: put file-0-25930e3036f13852cb0b29694bbab611-nt/nt.44.nhd 14869748 0644 1
2019/11/22 20:35:26.74 #|1574454926.741583327|00#| work_queue_worker[1] wq: Putting file file-0-25930e3036f13852cb0b29694bbab611-nt/nt.44.nhd into workspace
2019/11/22 20:35:26.76 #|1574454926.760766729|00#| work_queue_worker[1] wq: rx from master: put file-0-25930e3036f13852cb0b29694bbab611-nt/nt.44.nsq 974099786 0644 1
2019/11/22 20:35:26.76 #|1574454926.760811560|00#| work_queue_worker[1] wq: Putting file file-0-25930e3036f13852cb0b29694bbab611-nt/nt.44.nsq into workspace
2019/11/22 20:35:26.76 #|1574454926.760825514|00#| work_queue_worker[1] debug: File of size 928 MB will lower available disk space (888 MB) below threshold (0 MB).
2019/11/22 20:35:26.76 #|1574454926.760834477|00#| work_queue_worker[1] wq: Could not put file file-0-25930e3036f13852cb0b29694bbab611-nt/nt.44.nsq, not enough disk space (974099786 bytes needed)
2019/11/22 20:35:26.76 #|1574454926.760846367|00#| work_queue_worker[1] wq: cleaning workspace /tmp/worker-0-1
2019/11/22 20:35:26.81 #|1574454926.816518765|00#| work_queue_worker[1] wq: disconnecting from master 10.0.108.11:1026
2019/11/22 20:35:26.81 #|1574454926.816708717|00#| work_queue_worker[1] tcp: disconnected from 10.0.108.11 port 1026
2019/11/22 20:35:26.81 #|1574454926.816723177|00#| work_queue_worker[1] wq: killing all outstanding tasks
2019/11/22 20:35:26.81 #|1574454926.816734141|00#| work_queue_worker[1] wq: all data structures are clean
2019/11/22 20:35:32.81 #|1574454932.817203176|00#| work_queue_worker[1] debug: error reading disk usage on directory: ./cache.
2019/11/22 20:35:32.81 #|1574454932.817236766|00#| work_queue_worker[1] dns: looking up name master
2019/11/22 20:35:32.81 #|1574454932.817558853|00#| work_queue_worker[1] dns: master is 10.0.108.11
2019/11/22 20:35:32.81 #|1574454932.817594198|00#| work_queue_worker[1] tcp: connecting to 10.0.108.11 port 1026
2019/11/22 20:35:32.81 #|1574454932.817800831|00#| work_queue_worker[1] tcp: made connection to 10.0.108.11 port 1026
2019/11/22 20:35:32.81 #|1574454932.817826567|00#| work_queue_worker[1] wq: connected to master master:1026 via local address 10.0.108.3:56424
2019/11/22 20:35:32.81 #|1574454932.817841203|00#| work_queue_worker[1] wq: preparing workspace /tmp/worker-0-1
2019/11/22 20:35:32.81 #|1574454932.818001370|00#| work_queue_worker[1] dns: looking up name d2b576cdf3a2
2019/11/22 20:35:32.81 #|1574454932.818046686|00#| work_queue_worker[1] dns: d2b576cdf3a2 is 10.0.108.3
2019/11/22 20:35:32.81 #|1574454932.818064008|00#| work_queue_worker[1] dns: looking up addr 10.0.108.3
2019/11/22 20:35:32.81 #|1574454932.818095867|00#| work_queue_worker[1] dns: 10.0.108.3 is d2b576cdf3a2
2019/11/22 20:35:32.81 #|1574454932.818111532|00#| work_queue_worker[1] dns: finding my hostname: uname = d2b576cdf3a2, address = 10.0.108.3, hostname = d2b576cdf3a2
2019/11/22 20:35:32.81 #|1574454932.818126423|00#| work_queue_worker[1] wq: tx to master: workqueue 8 d2b576cdf3a2 Linux x86_64 8.0.0
2019/11/22 20:35:32.81 #|1574454932.818210465|00#| work_queue_worker[1] wq: tx to master: info worker-id worker-fd0ee475c2b6e599797bf74ef7fe23ca
2019/11/22 20:35:32.81 #|1574454932.818300584|00#| work_queue_worker[1] wq: tx to master: alive
2019/11/22 20:35:32.81 #|1574454932.818373891|00#| work_queue_worker[1] wq: Sending resource description to master:
2019/11/22 20:35:32.81 #|1574454932.818391656|00#| work_queue_worker[1] wq:  workers      0 inuse      1 total      1 smallest      1 largest
2019/11/22 20:35:32.81 #|1574454932.818461821|00#| work_queue_worker[1] wq:     disk      0 inuse   1088 total   1088 smallest   1088 largest
2019/11/22 20:35:32.81 #|1574454932.818570246|00#| work_queue_worker[1] wq:   memory      0 inuse  11908 total  11908 smallest  11908 largest
2019/11/22 20:35:32.81 #|1574454932.818649157|00#| work_queue_worker[1] wq:     gpus      0 inuse      0 total      0 smallest      0 largest
2019/11/22 20:35:32.81 #|1574454932.818722988|00#| work_queue_worker[1] wq:    cores      0 inuse      1 total      1 smallest      1 largest
2019/11/22 20:35:32.81 #|1574454932.818843108|00#| work_queue_worker[1] wq: tx to master: info end_of_resource_update 0
2019/11/22 20:35:32.81 #|1574454932.818915290|00#| work_queue_worker[1] wq: tx to master: info tasks_running 0
2019/11/22 20:35:32.81 #|1574454932.818987184|00#| work_queue_worker[1] wq: working for master at 10.0.108.11:1026.
2019/11/22 20:35:32.82 #|1574454932.822604902|00#| work_queue_worker[1] wq: rx from master: put file-0-25930e3036f13852cb0b29694bbab611-nt/taxdb.bti 14920392 0644 1
2019/11/22 20:35:32.82 #|1574454932.822651500|00#| work_queue_worker[1] wq: Putting file file-0-25930e3036f13852cb0b29694bbab611-nt/taxdb.bti into workspace
2019/11/22 20:35:32.85 #|1574454932.851595752|00#| work_queue_worker[1] wq: rx from master: put file-0-25930e3036f13852cb0b29694bbab611-nt/nt.nal 752 0644 1
2019/11/22 20:35:32.85 #|1574454932.851639068|00#| work_queue_worker[1] wq: Putting file file-0-25930e3036f13852cb0b29694bbab611-nt/nt.nal into workspace
2019/11/22 20:35:32.85 #|1574454932.851737192|00#| work_queue_worker[1] wq: rx from master: put file-0-25930e3036f13852cb0b29694bbab611-nt/nt.44.nni 27220 0644 1
2019/11/22 20:35:32.85 #|1574454932.851759046|00#| work_queue_worker[1] wq: Putting file file-0-25930e3036f13852cb0b29694bbab611-nt/nt.44.nni into workspace
2019/11/22 20:35:32.85 #|1574454932.851851796|00#| work_queue_worker[1] wq: rx from master: put file-0-25930e3036f13852cb0b29694bbab611-nt/nt.44.nog 3378248 0644 1
2019/11/22 20:35:32.85 #|1574454932.851874772|00#| work_queue_worker[1] wq: Putting file file-0-25930e3036f13852cb0b29694bbab611-nt/nt.44.nog into workspace
2019/11/22 20:35:32.85 #|1574454932.857068517|00#| work_queue_worker[1] wq: rx from master: put file-0-25930e3036f13852cb0b29694bbab611-nt/taxdb.btd 141628361 0644 1
2019/11/22 20:35:32.85 #|1574454932.857131771|00#| work_queue_worker[1] wq: Putting file file-0-25930e3036f13852cb0b29694bbab611-nt/taxdb.btd into workspace
2019/11/22 20:35:33.07 #|1574454933.71143975|00#| work_queue_worker[1] wq: rx from master: put file-0-25930e3036f13852cb0b29694bbab611-nt/nt.44.nhr 148534336 0644 1
2019/11/22 20:35:33.07 #|1574454933.71188387|00#| work_queue_worker[1] wq: Putting file file-0-25930e3036f13852cb0b29694bbab611-nt/nt.44.nhr into workspace
2019/11/22 20:35:33.28 #|1574454933.280019303|00#| work_queue_worker[1] wq: rx from master: put file-0-25930e3036f13852cb0b29694bbab611-nt/nt.44.nhi 338004 0644 1
2019/11/22 20:35:33.28 #|1574454933.280064336|00#| work_queue_worker[1] wq: Putting file file-0-25930e3036f13852cb0b29694bbab611-nt/nt.44.nhi into workspace
2019/11/22 20:35:33.28 #|1574454933.280620671|00#| work_queue_worker[1] wq: rx from master: put file-0-25930e3036f13852cb0b29694bbab611-nt/nt.44.nnd 6955488 0644 1
2019/11/22 20:35:33.28 #|1574454933.280644957|00#| work_queue_worker[1] wq: Putting file file-0-25930e3036f13852cb0b29694bbab611-nt/nt.44.nnd into workspace
2019/11/22 20:35:33.28 #|1574454933.289509321|00#| work_queue_worker[1] wq: rx from master: put file-0-25930e3036f13852cb0b29694bbab611-nt/nt.44.nhd 14869748 0644 1
2019/11/22 20:35:33.28 #|1574454933.289554139|00#| work_queue_worker[1] wq: Putting file file-0-25930e3036f13852cb0b29694bbab611-nt/nt.44.nhd into workspace
2019/11/22 20:35:33.30 #|1574454933.308701943|00#| work_queue_worker[1] wq: rx from master: put file-0-25930e3036f13852cb0b29694bbab611-nt/nt.44.nsq 974099786 0644 1
2019/11/22 20:35:33.30 #|1574454933.308747621|00#| work_queue_worker[1] wq: Putting file file-0-25930e3036f13852cb0b29694bbab611-nt/nt.44.nsq into workspace
2019/11/22 20:35:33.30 #|1574454933.308761657|00#| work_queue_worker[1] debug: File of size 928 MB will lower available disk space (888 MB) below threshold (0 MB).
2019/11/22 20:35:33.30 #|1574454933.308770496|00#| work_queue_worker[1] wq: Could not put file file-0-25930e3036f13852cb0b29694bbab611-nt/nt.44.nsq, not enough disk space (974099786 bytes needed)
2019/11/22 20:35:33.30 #|1574454933.308782338|00#| work_queue_worker[1] wq: cleaning workspace /tmp/worker-0-1
2019/11/22 20:35:33.36 #|1574454933.364661632|00#| work_queue_worker[1] wq: disconnecting from master 10.0.108.11:1026
2019/11/22 20:35:33.36 #|1574454933.364853055|00#| work_queue_worker[1] tcp: disconnected from 10.0.108.11 port 1026
2019/11/22 20:35:33.36 #|1574454933.364867704|00#| work_queue_worker[1] wq: killing all outstanding tasks
2019/11/22 20:35:33.36 #|1574454933.364878706|00#| work_queue_worker[1] wq: all data structures are clean
2019/11/22 20:35:39.36 #|1574454939.365346718|00#| work_queue_worker[1] debug: error reading disk usage on directory: ./cache.
2019/11/22 20:35:39.36 #|1574454939.365399150|00#| work_queue_worker[1] tcp: connecting to 10.0.108.11 port 1026
2019/11/22 20:35:39.36 #|1574454939.365587557|00#| work_queue_worker[1] tcp: made connection to 10.0.108.11 port 1026
2019/11/22 20:35:39.36 #|1574454939.365606102|00#| work_queue_worker[1] wq: connected to master master:1026 via local address 10.0.108.3:56438
2019/11/22 20:35:39.36 #|1574454939.365615495|00#| work_queue_worker[1] wq: preparing workspace /tmp/worker-0-1
2019/11/22 20:35:39.36 #|1574454939.365728570|00#| work_queue_worker[1] dns: finding my hostname: uname = d2b576cdf3a2, address = 10.0.108.3, hostname = d2b576cdf3a2
2019/11/22 20:35:39.36 #|1574454939.365741607|00#| work_queue_worker[1] wq: tx to master: workqueue 8 d2b576cdf3a2 Linux x86_64 8.0.0
2019/11/22 20:35:39.36 #|1574454939.365803665|00#| work_queue_worker[1] wq: tx to master: info worker-id worker-fd0ee475c2b6e599797bf74ef7fe23ca
2019/11/22 20:35:39.36 #|1574454939.365856323|00#| work_queue_worker[1] wq: tx to master: alive
2019/11/22 20:35:39.36 #|1574454939.365905746|00#| work_queue_worker[1] wq: Sending resource description to master:
2019/11/22 20:35:39.36 #|1574454939.365918088|00#| work_queue_worker[1] wq:  workers      0 inuse      1 total      1 smallest      1 largest
2019/11/22 20:35:39.36 #|1574454939.365965760|00#| work_queue_worker[1] wq:     disk      0 inuse   1104 total   1104 smallest   1104 largest
2019/11/22 20:35:39.36 #|1574454939.366014897|00#| work_queue_worker[1] wq:   memory      0 inuse  11908 total  11908 smallest  11908 largest
2019/11/22 20:35:39.36 #|1574454939.366064219|00#| work_queue_worker[1] wq:     gpus      0 inuse      0 total      0 smallest      0 largest
2019/11/22 20:35:39.36 #|1574454939.366113196|00#| work_queue_worker[1] wq:    cores      0 inuse      1 total      1 smallest      1 largest
2019/11/22 20:35:39.36 #|1574454939.366190965|00#| work_queue_worker[1] wq: tx to master: info end_of_resource_update 0
2019/11/22 20:35:39.36 #|1574454939.366240219|00#| work_queue_worker[1] wq: tx to master: info tasks_running 0
2019/11/22 20:35:39.36 #|1574454939.366289026|00#| work_queue_worker[1] wq: working for master at 10.0.108.11:1026.
2019/11/22 20:35:39.36 #|1574454939.368654737|00#| work_queue_worker[1] wq: rx from master: put file-0-25930e3036f13852cb0b29694bbab611-nt/taxdb.bti 14920392 0644 1
2019/11/22 20:35:39.36 #|1574454939.368697591|00#| work_queue_worker[1] wq: Putting file file-0-25930e3036f13852cb0b29694bbab611-nt/taxdb.bti into workspace
2019/11/22 20:35:39.38 #|1574454939.388640879|00#| work_queue_worker[1] wq: rx from master: put file-0-25930e3036f13852cb0b29694bbab611-nt/nt.nal 752 0644 1
2019/11/22 20:35:39.38 #|1574454939.388684875|00#| work_queue_worker[1] wq: Putting file file-0-25930e3036f13852cb0b29694bbab611-nt/nt.nal into workspace
2019/11/22 20:35:39.38 #|1574454939.388773488|00#| work_queue_worker[1] wq: rx from master: put file-0-25930e3036f13852cb0b29694bbab611-nt/nt.44.nni 27220 0644 1
2019/11/22 20:35:39.38 #|1574454939.388795091|00#| work_queue_worker[1] wq: Putting file file-0-25930e3036f13852cb0b29694bbab611-nt/nt.44.nni into workspace
2019/11/22 20:35:39.38 #|1574454939.389028439|00#| work_queue_worker[1] wq: rx from master: put file-0-25930e3036f13852cb0b29694bbab611-nt/nt.44.nog 3378248 0644 1
2019/11/22 20:35:39.38 #|1574454939.389055508|00#| work_queue_worker[1] wq: Putting file file-0-25930e3036f13852cb0b29694bbab611-nt/nt.44.nog into workspace
2019/11/22 20:35:39.39 #|1574454939.393802949|00#| work_queue_worker[1] wq: rx from master: put file-0-25930e3036f13852cb0b29694bbab611-nt/taxdb.btd 141628361 0644 1
2019/11/22 20:35:39.39 #|1574454939.393841513|00#| work_queue_worker[1] wq: Putting file file-0-25930e3036f13852cb0b29694bbab611-nt/taxdb.btd into workspace
2019/11/22 20:35:39.59 #|1574454939.597500729|00#| work_queue_worker[1] wq: rx from master: put file-0-25930e3036f13852cb0b29694bbab611-nt/nt.44.nhr 148534336 0644 1
2019/11/22 20:35:39.59 #|1574454939.597548175|00#| work_queue_worker[1] wq: Putting file file-0-25930e3036f13852cb0b29694bbab611-nt/nt.44.nhr into workspace
2019/11/22 20:35:39.79 #|1574454939.790023371|00#| work_queue_worker[1] wq: rx from master: put file-0-25930e3036f13852cb0b29694bbab611-nt/nt.44.nhi 338004 0644 1
2019/11/22 20:35:39.79 #|1574454939.790070927|00#| work_queue_worker[1] wq: Putting file file-0-25930e3036f13852cb0b29694bbab611-nt/nt.44.nhi into workspace
2019/11/22 20:35:39.79 #|1574454939.790645365|00#| work_queue_worker[1] wq: rx from master: put file-0-25930e3036f13852cb0b29694bbab611-nt/nt.44.nnd 6955488 0644 1
2019/11/22 20:35:39.79 #|1574454939.790670263|00#| work_queue_worker[1] wq: Putting file file-0-25930e3036f13852cb0b29694bbab611-nt/nt.44.nnd into workspace
2019/11/22 20:35:39.79 #|1574454939.799628879|00#| work_queue_worker[1] wq: rx from master: put file-0-25930e3036f13852cb0b29694bbab611-nt/nt.44.nhd 14869748 0644 1
2019/11/22 20:35:39.79 #|1574454939.799671331|00#| work_queue_worker[1] wq: Putting file file-0-25930e3036f13852cb0b29694bbab611-nt/nt.44.nhd into workspace
2019/11/22 20:35:39.81 #|1574454939.818890797|00#| work_queue_worker[1] wq: rx from master: put file-0-25930e3036f13852cb0b29694bbab611-nt/nt.44.nsq 974099786 0644 1
2019/11/22 20:35:39.81 #|1574454939.818934540|00#| work_queue_worker[1] wq: Putting file file-0-25930e3036f13852cb0b29694bbab611-nt/nt.44.nsq into workspace
2019/11/22 20:35:39.81 #|1574454939.818948215|00#| work_queue_worker[1] debug: File of size 928 MB will lower available disk space (888 MB) below threshold (0 MB).
2019/11/22 20:35:39.81 #|1574454939.818956734|00#| work_queue_worker[1] wq: Could not put file file-0-25930e3036f13852cb0b29694bbab611-nt/nt.44.nsq, not enough disk space (974099786 bytes needed)
2019/11/22 20:35:39.81 #|1574454939.818968289|00#| work_queue_worker[1] wq: cleaning workspace /tmp/worker-0-1
2019/11/22 20:35:39.87 #|1574454939.875204091|00#| work_queue_worker[1] wq: disconnecting from master 10.0.108.11:1026
2019/11/22 20:35:39.87 #|1574454939.875381476|00#| work_queue_worker[1] tcp: disconnected from 10.0.108.11 port 1026
2019/11/22 20:35:39.87 #|1574454939.875395865|00#| work_queue_worker[1] wq: killing all outstanding tasks
2019/11/22 20:35:39.87 #|1574454939.875406943|00#| work_queue_worker[1] wq: all data structures are clean
2019/11/22 20:35:45.87 #|1574454945.875872880|00#| work_queue_worker[1] debug: error reading disk usage on directory: ./cache.
2019/11/22 20:35:45.87 #|1574454945.875933303|00#| work_queue_worker[1] tcp: connecting to 10.0.108.11 port 1026
2019/11/22 20:35:45.87 #|1574454945.876175098|00#| work_queue_worker[1] tcp: made connection to 10.0.108.11 port 1026
2019/11/22 20:35:45.87 #|1574454945.876201660|00#| work_queue_worker[1] wq: connected to master master:1026 via local address 10.0.108.3:56452
2019/11/22 20:35:45.87 #|1574454945.876234583|00#| work_queue_worker[1] wq: preparing workspace /tmp/worker-0-1
2019/11/22 20:35:45.87 #|1574454945.876392944|00#| work_queue_worker[1] dns: finding my hostname: uname = d2b576cdf3a2, address = 10.0.108.3, hostname = d2b576cdf3a2
2019/11/22 20:35:45.87 #|1574454945.876412568|00#| work_queue_worker[1] wq: tx to master: workqueue 8 d2b576cdf3a2 Linux x86_64 8.0.0
2019/11/22 20:35:45.87 #|1574454945.876499683|00#| work_queue_worker[1] wq: tx to master: info worker-id worker-fd0ee475c2b6e599797bf74ef7fe23ca
2019/11/22 20:35:45.87 #|1574454945.876578391|00#| work_queue_worker[1] wq: tx to master: alive
2019/11/22 20:35:45.87 #|1574454945.876653260|00#| work_queue_worker[1] wq: Sending resource description to master:
2019/11/22 20:35:45.87 #|1574454945.876672253|00#| work_queue_worker[1] wq:  workers      0 inuse      1 total      1 smallest      1 largest
2019/11/22 20:35:45.87 #|1574454945.876744457|00#| work_queue_worker[1] wq:     disk      0 inuse   1104 total   1104 smallest   1104 largest
2019/11/22 20:35:45.87 #|1574454945.876819588|00#| work_queue_worker[1] wq:   memory      0 inuse  11908 total  11908 smallest  11908 largest
2019/11/22 20:35:45.87 #|1574454945.876896506|00#| work_queue_worker[1] wq:     gpus      0 inuse      0 total      0 smallest      0 largest
2019/11/22 20:35:45.87 #|1574454945.876970651|00#| work_queue_worker[1] wq:    cores      0 inuse      1 total      1 smallest      1 largest
2019/11/22 20:35:45.87 #|1574454945.877095105|00#| work_queue_worker[1] wq: tx to master: info end_of_resource_update 0
2019/11/22 20:35:45.87 #|1574454945.877169434|00#| work_queue_worker[1] wq: tx to master: info tasks_running 0
2019/11/22 20:35:45.87 #|1574454945.877242188|00#| work_queue_worker[1] wq: working for master at 10.0.108.11:1026.
2019/11/22 20:35:45.87 #|1574454945.878314733|00#| work_queue_worker[1] wq: rx from master: put file-0-25930e3036f13852cb0b29694bbab611-nt/taxdb.bti 14920392 0644 1
2019/11/22 20:35:45.87 #|1574454945.878360482|00#| work_queue_worker[1] wq: Putting file file-0-25930e3036f13852cb0b29694bbab611-nt/taxdb.bti into workspace
2019/11/22 20:35:45.90 #|1574454945.907821054|00#| work_queue_worker[1] wq: rx from master: put file-0-25930e3036f13852cb0b29694bbab611-nt/nt.nal 752 0644 1
2019/11/22 20:35:45.90 #|1574454945.907874339|00#| work_queue_worker[1] wq: Putting file file-0-25930e3036f13852cb0b29694bbab611-nt/nt.nal into workspace
2019/11/22 20:35:45.90 #|1574454945.907990725|00#| work_queue_worker[1] wq: rx from master: put file-0-25930e3036f13852cb0b29694bbab611-nt/nt.44.nni 27220 0644 1
2019/11/22 20:35:45.90 #|1574454945.908022033|00#| work_queue_worker[1] wq: Putting file file-0-25930e3036f13852cb0b29694bbab611-nt/nt.44.nni into workspace
2019/11/22 20:35:45.90 #|1574454945.908205452|00#| work_queue_worker[1] wq: rx from master: put file-0-25930e3036f13852cb0b29694bbab611-nt/nt.44.nog 3378248 0644 1
2019/11/22 20:35:45.90 #|1574454945.908240537|00#| work_queue_worker[1] wq: Putting file file-0-25930e3036f13852cb0b29694bbab611-nt/nt.44.nog into workspace
2019/11/22 20:35:45.91 #|1574454945.914491557|00#| work_queue_worker[1] wq: rx from master: put file-0-25930e3036f13852cb0b29694bbab611-nt/taxdb.btd 141628361 0644 1
2019/11/22 20:35:45.91 #|1574454945.914579150|00#| work_queue_worker[1] wq: Putting file file-0-25930e3036f13852cb0b29694bbab611-nt/taxdb.btd into workspace
2019/11/22 20:35:46.09 #|1574454946.98561210|00#| work_queue_worker[1] wq: rx from master: put file-0-25930e3036f13852cb0b29694bbab611-nt/nt.44.nhr 148534336 0644 1
2019/11/22 20:35:46.09 #|1574454946.98613946|00#| work_queue_worker[1] wq: Putting file file-0-25930e3036f13852cb0b29694bbab611-nt/nt.44.nhr into workspace
2019/11/22 20:35:46.28 #|1574454946.289747430|00#| work_queue_worker[1] wq: rx from master: put file-0-25930e3036f13852cb0b29694bbab611-nt/nt.44.nhi 338004 0644 1
2019/11/22 20:35:46.28 #|1574454946.289794340|00#| work_queue_worker[1] wq: Putting file file-0-25930e3036f13852cb0b29694bbab611-nt/nt.44.nhi into workspace
2019/11/22 20:35:46.29 #|1574454946.290342763|00#| work_queue_worker[1] wq: rx from master: put file-0-25930e3036f13852cb0b29694bbab611-nt/nt.44.nnd 6955488 0644 1
2019/11/22 20:35:46.29 #|1574454946.290366674|00#| work_queue_worker[1] wq: Putting file file-0-25930e3036f13852cb0b29694bbab611-nt/nt.44.nnd into workspace
2019/11/22 20:35:46.29 #|1574454946.299371930|00#| work_queue_worker[1] wq: rx from master: put file-0-25930e3036f13852cb0b29694bbab611-nt/nt.44.nhd 14869748 0644 1
2019/11/22 20:35:46.29 #|1574454946.299415678|00#| work_queue_worker[1] wq: Putting file file-0-25930e3036f13852cb0b29694bbab611-nt/nt.44.nhd into workspace
2019/11/22 20:35:46.31 #|1574454946.318482363|00#| work_queue_worker[1] wq: rx from master: put file-0-25930e3036f13852cb0b29694bbab611-nt/nt.44.nsq 974099786 0644 1
2019/11/22 20:35:46.31 #|1574454946.318550737|00#| work_queue_worker[1] wq: Putting file file-0-25930e3036f13852cb0b29694bbab611-nt/nt.44.nsq into workspace
2019/11/22 20:35:46.31 #|1574454946.318567031|00#| work_queue_worker[1] debug: File of size 928 MB will lower available disk space (888 MB) below threshold (0 MB).
2019/11/22 20:35:46.31 #|1574454946.318576040|00#| work_queue_worker[1] wq: Could not put file file-0-25930e3036f13852cb0b29694bbab611-nt/nt.44.nsq, not enough disk space (974099786 bytes needed)
2019/11/22 20:35:46.31 #|1574454946.318588121|00#| work_queue_worker[1] wq: cleaning workspace /tmp/worker-0-1
2019/11/22 20:35:46.37 #|1574454946.374206865|00#| work_queue_worker[1] wq: disconnecting from master 10.0.108.11:1026
2019/11/22 20:35:46.37 #|1574454946.374382596|00#| work_queue_worker[1] tcp: disconnected from 10.0.108.11 port 1026
2019/11/22 20:35:46.37 #|1574454946.374397063|00#| work_queue_worker[1] wq: killing all outstanding tasks
2019/11/22 20:35:46.37 #|1574454946.374407886|00#| work_queue_worker[1] wq: all data structures are clean
2019/11/22 20:35:52.37 #|1574454952.374851055|00#| work_queue_worker[1] debug: error reading disk usage on directory: ./cache.
2019/11/22 20:35:52.37 #|1574454952.374902565|00#| work_queue_worker[1] tcp: connecting to 10.0.108.11 port 1026
2019/11/22 20:35:52.37 #|1574454952.375108839|00#| work_queue_worker[1] tcp: made connection to 10.0.108.11 port 1026
2019/11/22 20:35:52.37 #|1574454952.375133605|00#| work_queue_worker[1] wq: connected to master master:1026 via local address 10.0.108.3:56466
2019/11/22 20:35:52.37 #|1574454952.375147997|00#| work_queue_worker[1] wq: preparing workspace /tmp/worker-0-1
2019/11/22 20:35:52.37 #|1574454952.375293753|00#| work_queue_worker[1] dns: finding my hostname: uname = d2b576cdf3a2, address = 10.0.108.3, hostname = d2b576cdf3a2
2019/11/22 20:35:52.37 #|1574454952.375312721|00#| work_queue_worker[1] wq: tx to master: workqueue 8 d2b576cdf3a2 Linux x86_64 8.0.0
2019/11/22 20:35:52.37 #|1574454952.375395795|00#| work_queue_worker[1] wq: tx to master: info worker-id worker-fd0ee475c2b6e599797bf74ef7fe23ca
2019/11/22 20:35:52.37 #|1574454952.375473414|00#| work_queue_worker[1] wq: tx to master: alive
2019/11/22 20:35:52.37 #|1574454952.375547376|00#| work_queue_worker[1] wq: Sending resource description to master:
2019/11/22 20:35:52.37 #|1574454952.375564770|00#| work_queue_worker[1] wq:  workers      0 inuse      1 total      1 smallest      1 largest
2019/11/22 20:35:52.37 #|1574454952.375637358|00#| work_queue_worker[1] wq:     disk      0 inuse   1103 total   1103 smallest   1103 largest
2019/11/22 20:35:52.37 #|1574454952.375712748|00#| work_queue_worker[1] wq:   memory      0 inuse  11908 total  11908 smallest  11908 largest
2019/11/22 20:35:52.37 #|1574454952.375786579|00#| work_queue_worker[1] wq:     gpus      0 inuse      0 total      0 smallest      0 largest
2019/11/22 20:35:52.37 #|1574454952.375861859|00#| work_queue_worker[1] wq:    cores      0 inuse      1 total      1 smallest      1 largest
2019/11/22 20:35:52.37 #|1574454952.375984849|00#| work_queue_worker[1] wq: tx to master: info end_of_resource_update 0
2019/11/22 20:35:52.37 #|1574454952.376059597|00#| work_queue_worker[1] wq: tx to master: info tasks_running 0
2019/11/22 20:35:52.37 #|1574454952.376145989|00#| work_queue_worker[1] wq: working for master at 10.0.108.11:1026.
2019/11/22 20:35:52.37 #|1574454952.377239942|00#| work_queue_worker[1] wq: rx from master: put file-0-25930e3036f13852cb0b29694bbab611-nt/taxdb.bti 14920392 0644 1
2019/11/22 20:35:52.37 #|1574454952.377281070|00#| work_queue_worker[1] wq: Putting file file-0-25930e3036f13852cb0b29694bbab611-nt/taxdb.bti into workspace
2019/11/22 20:35:52.40 #|1574454952.409322764|00#| work_queue_worker[1] wq: rx from master: put file-0-25930e3036f13852cb0b29694bbab611-nt/nt.nal 752 0644 1
2019/11/22 20:35:52.40 #|1574454952.409371621|00#| work_queue_worker[1] wq: Putting file file-0-25930e3036f13852cb0b29694bbab611-nt/nt.nal into workspace
2019/11/22 20:35:52.40 #|1574454952.409480520|00#| work_queue_worker[1] wq: rx from master: put file-0-25930e3036f13852cb0b29694bbab611-nt/nt.44.nni 27220 0644 1
2019/11/22 20:35:52.40 #|1574454952.409510104|00#| work_queue_worker[1] wq: Putting file file-0-25930e3036f13852cb0b29694bbab611-nt/nt.44.nni into workspace
2019/11/22 20:35:52.40 #|1574454952.409709712|00#| work_queue_worker[1] wq: rx from master: put file-0-25930e3036f13852cb0b29694bbab611-nt/nt.44.nog 3378248 0644 1
2019/11/22 20:35:52.40 #|1574454952.409742661|00#| work_queue_worker[1] wq: Putting file file-0-25930e3036f13852cb0b29694bbab611-nt/nt.44.nog into workspace
2019/11/22 20:35:52.41 #|1574454952.416529769|00#| work_queue_worker[1] wq: rx from master: put file-0-25930e3036f13852cb0b29694bbab611-nt/taxdb.btd 141628361 0644 1
2019/11/22 20:35:52.41 #|1574454952.416585682|00#| work_queue_worker[1] wq: Putting file file-0-25930e3036f13852cb0b29694bbab611-nt/taxdb.btd into workspace
2019/11/22 20:35:52.60 #|1574454952.604380171|00#| work_queue_worker[1] wq: rx from master: put file-0-25930e3036f13852cb0b29694bbab611-nt/nt.44.nhr 148534336 0644 1
2019/11/22 20:35:52.60 #|1574454952.604424501|00#| work_queue_worker[1] wq: Putting file file-0-25930e3036f13852cb0b29694bbab611-nt/nt.44.nhr into workspace
2019/11/22 20:35:52.79 #|1574454952.795435059|00#| work_queue_worker[1] wq: rx from master: put file-0-25930e3036f13852cb0b29694bbab611-nt/nt.44.nhi 338004 0644 1
2019/11/22 20:35:52.79 #|1574454952.795480647|00#| work_queue_worker[1] wq: Putting file file-0-25930e3036f13852cb0b29694bbab611-nt/nt.44.nhi into workspace
2019/11/22 20:35:52.79 #|1574454952.796025523|00#| work_queue_worker[1] wq: rx from master: put file-0-25930e3036f13852cb0b29694bbab611-nt/nt.44.nnd 6955488 0644 1
2019/11/22 20:35:52.79 #|1574454952.796049191|00#| work_queue_worker[1] wq: Putting file file-0-25930e3036f13852cb0b29694bbab611-nt/nt.44.nnd into workspace
2019/11/22 20:35:52.80 #|1574454952.805008004|00#| work_queue_worker[1] wq: rx from master: put file-0-25930e3036f13852cb0b29694bbab611-nt/nt.44.nhd 14869748 0644 1
2019/11/22 20:35:52.80 #|1574454952.805050982|00#| work_queue_worker[1] wq: Putting file file-0-25930e3036f13852cb0b29694bbab611-nt/nt.44.nhd into workspace
2019/11/22 20:35:52.82 #|1574454952.824236800|00#| work_queue_worker[1] wq: rx from master: put file-0-25930e3036f13852cb0b29694bbab611-nt/nt.44.nsq 974099786 0644 1
2019/11/22 20:35:52.82 #|1574454952.824280524|00#| work_queue_worker[1] wq: Putting file file-0-25930e3036f13852cb0b29694bbab611-nt/nt.44.nsq into workspace
2019/11/22 20:35:52.82 #|1574454952.824294338|00#| work_queue_worker[1] debug: File of size 928 MB will lower available disk space (888 MB) below threshold (0 MB).
2019/11/22 20:35:52.82 #|1574454952.824303248|00#| work_queue_worker[1] wq: Could not put file file-0-25930e3036f13852cb0b29694bbab611-nt/nt.44.nsq, not enough disk space (974099786 bytes needed)
2019/11/22 20:35:52.82 #|1574454952.824314917|00#| work_queue_worker[1] wq: cleaning workspace /tmp/worker-0-1
2019/11/22 20:35:52.88 #|1574454952.880336824|00#| work_queue_worker[1] wq: disconnecting from master 10.0.108.11:1026
2019/11/22 20:35:52.88 #|1574454952.880528963|00#| work_queue_worker[1] tcp: disconnected from 10.0.108.11 port 1026
2019/11/22 20:35:52.88 #|1574454952.880543683|00#| work_queue_worker[1] wq: killing all outstanding tasks
2019/11/22 20:35:52.88 #|1574454952.880567088|00#| work_queue_worker[1] wq: all data structures are clean
2019/11/22 20:35:58.88 #|1574454958.880994026|00#| work_queue_worker[1] debug: error reading disk usage on directory: ./cache.
2019/11/22 20:35:58.88 #|1574454958.881046711|00#| work_queue_worker[1] tcp: connecting to 10.0.108.11 port 1026
2019/11/22 20:35:58.88 #|1574454958.881236630|00#| work_queue_worker[1] tcp: made connection to 10.0.108.11 port 1026
2019/11/22 20:35:58.88 #|1574454958.881255562|00#| work_queue_worker[1] wq: connected to master master:1026 via local address 10.0.108.3:56478
2019/11/22 20:35:58.88 #|1574454958.881265194|00#| work_queue_worker[1] wq: preparing workspace /tmp/worker-0-1
2019/11/22 20:35:58.88 #|1574454958.881380233|00#| work_queue_worker[1] dns: finding my hostname: uname = d2b576cdf3a2, address = 10.0.108.3, hostname = d2b576cdf3a2
2019/11/22 20:35:58.88 #|1574454958.881393855|00#| work_queue_worker[1] wq: tx to master: workqueue 8 d2b576cdf3a2 Linux x86_64 8.0.0
2019/11/22 20:35:58.88 #|1574454958.881456705|00#| work_queue_worker[1] wq: tx to master: info worker-id worker-fd0ee475c2b6e599797bf74ef7fe23ca
2019/11/22 20:35:58.88 #|1574454958.881509564|00#| work_queue_worker[1] wq: tx to master: alive
2019/11/22 20:35:58.88 #|1574454958.881560664|00#| work_queue_worker[1] wq: Sending resource description to master:
2019/11/22 20:35:58.88 #|1574454958.881573048|00#| work_queue_worker[1] wq:  workers      0 inuse      1 total      1 smallest      1 largest
2019/11/22 20:35:58.88 #|1574454958.881620846|00#| work_queue_worker[1] wq:     disk      0 inuse   1103 total   1103 smallest   1103 largest
2019/11/22 20:35:58.88 #|1574454958.881671432|00#| work_queue_worker[1] wq:   memory      0 inuse  11908 total  11908 smallest  11908 largest
2019/11/22 20:35:58.88 #|1574454958.881721064|00#| work_queue_worker[1] wq:     gpus      0 inuse      0 total      0 smallest      0 largest
2019/11/22 20:35:58.88 #|1574454958.881770553|00#| work_queue_worker[1] wq:    cores      0 inuse      1 total      1 smallest      1 largest
2019/11/22 20:35:58.88 #|1574454958.881858661|00#| work_queue_worker[1] wq: tx to master: info end_of_resource_update 0
2019/11/22 20:35:58.88 #|1574454958.881913744|00#| work_queue_worker[1] wq: tx to master: info tasks_running 0
2019/11/22 20:35:58.88 #|1574454958.881963893|00#| work_queue_worker[1] wq: working for master at 10.0.108.11:1026.
2019/11/22 20:35:58.88 #|1574454958.882524190|00#| work_queue_worker[1] wq: rx from master: put file-0-25930e3036f13852cb0b29694bbab611-nt/taxdb.bti 14920392 0644 1
2019/11/22 20:35:58.88 #|1574454958.882563308|00#| work_queue_worker[1] wq: Putting file file-0-25930e3036f13852cb0b29694bbab611-nt/taxdb.bti into workspace
2019/11/22 20:35:58.90 #|1574454958.903747170|00#| work_queue_worker[1] wq: rx from master: put file-0-25930e3036f13852cb0b29694bbab611-nt/nt.nal 752 0644 1
2019/11/22 20:35:58.90 #|1574454958.903791646|00#| work_queue_worker[1] wq: Putting file file-0-25930e3036f13852cb0b29694bbab611-nt/nt.nal into workspace
2019/11/22 20:35:58.90 #|1574454958.903880659|00#| work_queue_worker[1] wq: rx from master: put file-0-25930e3036f13852cb0b29694bbab611-nt/nt.44.nni 27220 0644 1
2019/11/22 20:35:58.90 #|1574454958.903903152|00#| work_queue_worker[1] wq: Putting file file-0-25930e3036f13852cb0b29694bbab611-nt/nt.44.nni into workspace
2019/11/22 20:35:58.90 #|1574454958.903999073|00#| work_queue_worker[1] wq: rx from master: put file-0-25930e3036f13852cb0b29694bbab611-nt/nt.44.nog 3378248 0644 1
2019/11/22 20:35:58.90 #|1574454958.904023271|00#| work_queue_worker[1] wq: Putting file file-0-25930e3036f13852cb0b29694bbab611-nt/nt.44.nog into workspace
2019/11/22 20:35:58.90 #|1574454958.908697972|00#| work_queue_worker[1] wq: rx from master: put file-0-25930e3036f13852cb0b29694bbab611-nt/taxdb.btd 141628361 0644 1
2019/11/22 20:35:58.90 #|1574454958.908740148|00#| work_queue_worker[1] wq: Putting file file-0-25930e3036f13852cb0b29694bbab611-nt/taxdb.btd into workspace
2019/11/22 20:35:59.09 #|1574454959.90325615|00#| work_queue_worker[1] wq: rx from master: put file-0-25930e3036f13852cb0b29694bbab611-nt/nt.44.nhr 148534336 0644 1
2019/11/22 20:35:59.09 #|1574454959.90373162|00#| work_queue_worker[1] wq: Putting file file-0-25930e3036f13852cb0b29694bbab611-nt/nt.44.nhr into workspace
2019/11/22 20:35:59.28 #|1574454959.281803651|00#| work_queue_worker[1] wq: rx from master: put file-0-25930e3036f13852cb0b29694bbab611-nt/nt.44.nhi 338004 0644 1
2019/11/22 20:35:59.28 #|1574454959.281850908|00#| work_queue_worker[1] wq: Putting file file-0-25930e3036f13852cb0b29694bbab611-nt/nt.44.nhi into workspace
2019/11/22 20:35:59.28 #|1574454959.282393127|00#| work_queue_worker[1] wq: rx from master: put file-0-25930e3036f13852cb0b29694bbab611-nt/nt.44.nnd 6955488 0644 1
2019/11/22 20:35:59.28 #|1574454959.282417063|00#| work_queue_worker[1] wq: Putting file file-0-25930e3036f13852cb0b29694bbab611-nt/nt.44.nnd into workspace
2019/11/22 20:35:59.29 #|1574454959.291434086|00#| work_queue_worker[1] wq: rx from master: put file-0-25930e3036f13852cb0b29694bbab611-nt/nt.44.nhd 14869748 0644 1
2019/11/22 20:35:59.29 #|1574454959.291478357|00#| work_queue_worker[1] wq: Putting file file-0-25930e3036f13852cb0b29694bbab611-nt/nt.44.nhd into workspace
2019/11/22 20:35:59.31 #|1574454959.310620555|00#| work_queue_worker[1] wq: rx from master: put file-0-25930e3036f13852cb0b29694bbab611-nt/nt.44.nsq 974099786 0644 1
2019/11/22 20:35:59.31 #|1574454959.310664902|00#| work_queue_worker[1] wq: Putting file file-0-25930e3036f13852cb0b29694bbab611-nt/nt.44.nsq into workspace
2019/11/22 20:35:59.31 #|1574454959.310678423|00#| work_queue_worker[1] debug: File of size 928 MB will lower available disk space (888 MB) below threshold (0 MB).
2019/11/22 20:35:59.31 #|1574454959.310687240|00#| work_queue_worker[1] wq: Could not put file file-0-25930e3036f13852cb0b29694bbab611-nt/nt.44.nsq, not enough disk space (974099786 bytes needed)
2019/11/22 20:35:59.31 #|1574454959.310698787|00#| work_queue_worker[1] wq: cleaning workspace /tmp/worker-0-1
2019/11/22 20:35:59.36 #|1574454959.366343250|00#| work_queue_worker[1] wq: disconnecting from master 10.0.108.11:1026
2019/11/22 20:35:59.36 #|1574454959.366558037|00#| work_queue_worker[1] tcp: disconnected from 10.0.108.11 port 1026
2019/11/22 20:35:59.36 #|1574454959.366574842|00#| work_queue_worker[1] wq: killing all outstanding tasks
2019/11/22 20:35:59.36 #|1574454959.366585833|00#| work_queue_worker[1] wq: all data structures are clean
2019/11/22 20:36:05.36 #|1574454965.367059256|00#| work_queue_worker[1] debug: error reading disk usage on directory: ./cache.
2019/11/22 20:36:05.36 #|1574454965.367125526|00#| work_queue_worker[1] tcp: connecting to 10.0.108.11 port 1026
2019/11/22 20:36:05.36 #|1574454965.367359685|00#| work_queue_worker[1] tcp: made connection to 10.0.108.11 port 1026
2019/11/22 20:36:05.36 #|1574454965.367385578|00#| work_queue_worker[1] wq: connected to master master:1026 via local address 10.0.108.3:56490
2019/11/22 20:36:05.36 #|1574454965.367400160|00#| work_queue_worker[1] wq: preparing workspace /tmp/worker-0-1
2019/11/22 20:36:05.36 #|1574454965.367554750|00#| work_queue_worker[1] dns: finding my hostname: uname = d2b576cdf3a2, address = 10.0.108.3, hostname = d2b576cdf3a2
2019/11/22 20:36:05.36 #|1574454965.367573818|00#| work_queue_worker[1] wq: tx to master: workqueue 8 d2b576cdf3a2 Linux x86_64 8.0.0
2019/11/22 20:36:05.36 #|1574454965.367658626|00#| work_queue_worker[1] wq: tx to master: info worker-id worker-fd0ee475c2b6e599797bf74ef7fe23ca
2019/11/22 20:36:05.36 #|1574454965.367734420|00#| work_queue_worker[1] wq: tx to master: alive
2019/11/22 20:36:05.36 #|1574454965.367807103|00#| work_queue_worker[1] wq: Sending resource description to master:
2019/11/22 20:36:05.36 #|1574454965.367824460|00#| work_queue_worker[1] wq:  workers      0 inuse      1 total      1 smallest      1 largest
2019/11/22 20:36:05.36 #|1574454965.367893804|00#| work_queue_worker[1] wq:     disk      0 inuse    925 total    925 smallest    925 largest
2019/11/22 20:36:05.36 #|1574454965.367966283|00#| work_queue_worker[1] wq:   memory      0 inuse  11908 total  11908 smallest  11908 largest
2019/11/22 20:36:05.36 #|1574454965.368054941|00#| work_queue_worker[1] wq:     gpus      0 inuse      0 total      0 smallest      0 largest
2019/11/22 20:36:05.36 #|1574454965.368127272|00#| work_queue_worker[1] wq:    cores      0 inuse      1 total      1 smallest      1 largest
2019/11/22 20:36:05.36 #|1574454965.368245108|00#| work_queue_worker[1] wq: tx to master: info end_of_resource_update 0
2019/11/22 20:36:05.36 #|1574454965.368317206|00#| work_queue_worker[1] wq: tx to master: info tasks_running 0
2019/11/22 20:36:05.36 #|1574454965.368388408|00#| work_queue_worker[1] wq: working for master at 10.0.108.11:1026.
2019/11/22 20:36:05.40 #|1574454965.401556646|00#| work_queue_worker[1] wq: rx from master: put file-0-25930e3036f13852cb0b29694bbab611-nt/taxdb.bti 14920392 0644 1
2019/11/22 20:36:05.40 #|1574454965.401594769|00#| work_queue_worker[1] wq: Putting file file-0-25930e3036f13852cb0b29694bbab611-nt/taxdb.bti into workspace
2019/11/22 20:36:05.42 #|1574454965.423394180|00#| work_queue_worker[1] wq: rx from master: put file-0-25930e3036f13852cb0b29694bbab611-nt/nt.nal 752 0644 1
2019/11/22 20:36:05.42 #|1574454965.423434020|00#| work_queue_worker[1] wq: Putting file file-0-25930e3036f13852cb0b29694bbab611-nt/nt.nal into workspace
2019/11/22 20:36:05.42 #|1574454965.423588434|00#| work_queue_worker[1] wq: rx from master: put file-0-25930e3036f13852cb0b29694bbab611-nt/nt.44.nni 27220 0644 1
2019/11/22 20:36:05.42 #|1574454965.423614094|00#| work_queue_worker[1] wq: Putting file file-0-25930e3036f13852cb0b29694bbab611-nt/nt.44.nni into workspace
2019/11/22 20:36:05.42 #|1574454965.423723152|00#| work_queue_worker[1] wq: rx from master: put file-0-25930e3036f13852cb0b29694bbab611-nt/nt.44.nog 3378248 0644 1
2019/11/22 20:36:05.42 #|1574454965.423748530|00#| work_queue_worker[1] wq: Putting file file-0-25930e3036f13852cb0b29694bbab611-nt/nt.44.nog into workspace
2019/11/22 20:36:05.42 #|1574454965.428137754|00#| work_queue_worker[1] wq: rx from master: put file-0-25930e3036f13852cb0b29694bbab611-nt/taxdb.btd 141628361 0644 1
2019/11/22 20:36:05.42 #|1574454965.428175289|00#| work_queue_worker[1] wq: Putting file file-0-25930e3036f13852cb0b29694bbab611-nt/taxdb.btd into workspace
2019/11/22 20:36:05.64 #|1574454965.647159127|00#| work_queue_worker[1] wq: rx from master: put file-0-25930e3036f13852cb0b29694bbab611-nt/nt.44.nhr 148534336 0644 1
2019/11/22 20:36:05.64 #|1574454965.647224521|00#| work_queue_worker[1] wq: Putting file file-0-25930e3036f13852cb0b29694bbab611-nt/nt.44.nhr into workspace
2019/11/22 20:36:05.87 #|1574454965.877540417|00#| work_queue_worker[1] wq: rx from master: put file-0-25930e3036f13852cb0b29694bbab611-nt/nt.44.nhi 338004 0644 1
2019/11/22 20:36:05.87 #|1574454965.877584610|00#| work_queue_worker[1] wq: Putting file file-0-25930e3036f13852cb0b29694bbab611-nt/nt.44.nhi into workspace
2019/11/22 20:36:05.87 #|1574454965.878287901|00#| work_queue_worker[1] wq: rx from master: put file-0-25930e3036f13852cb0b29694bbab611-nt/nt.44.nnd 6955488 0644 1
2019/11/22 20:36:05.87 #|1574454965.878312167|00#| work_queue_worker[1] wq: Putting file file-0-25930e3036f13852cb0b29694bbab611-nt/nt.44.nnd into workspace
2019/11/22 20:36:05.88 #|1574454965.888884341|00#| work_queue_worker[1] wq: rx from master: put file-0-25930e3036f13852cb0b29694bbab611-nt/nt.44.nhd 14869748 0644 1
2019/11/22 20:36:05.88 #|1574454965.888928980|00#| work_queue_worker[1] wq: Putting file file-0-25930e3036f13852cb0b29694bbab611-nt/nt.44.nhd into workspace
2019/11/22 20:36:05.91 #|1574454965.911471480|00#| work_queue_worker[1] wq: rx from master: put file-0-25930e3036f13852cb0b29694bbab611-nt/nt.44.nsq 974099786 0644 1
2019/11/22 20:36:05.91 #|1574454965.911522932|00#| work_queue_worker[1] wq: Putting file file-0-25930e3036f13852cb0b29694bbab611-nt/nt.44.nsq into workspace
2019/11/22 20:36:05.91 #|1574454965.911536924|00#| work_queue_worker[1] debug: File of size 928 MB will lower available disk space (888 MB) below threshold (0 MB).
2019/11/22 20:36:05.91 #|1574454965.911553008|00#| work_queue_worker[1] wq: Could not put file file-0-25930e3036f13852cb0b29694bbab611-nt/nt.44.nsq, not enough disk space (974099786 bytes needed)
2019/11/22 20:36:05.91 #|1574454965.911565539|00#| work_queue_worker[1] wq: cleaning workspace /tmp/worker-0-1
2019/11/22 20:36:05.96 #|1574454965.967235157|00#| work_queue_worker[1] wq: disconnecting from master 10.0.108.11:1026
2019/11/22 20:36:05.96 #|1574454965.967429706|00#| work_queue_worker[1] tcp: disconnected from 10.0.108.11 port 1026
2019/11/22 20:36:05.96 #|1574454965.967447914|00#| work_queue_worker[1] wq: killing all outstanding tasks
2019/11/22 20:36:05.96 #|1574454965.967463466|00#| work_queue_worker[1] wq: all data structures are clean
2019/11/22 20:36:11.96 #|1574454971.967935323|00#| work_queue_worker[1] debug: error reading disk usage on directory: ./cache.
2019/11/22 20:36:11.96 #|1574454971.967986235|00#| work_queue_worker[1] tcp: connecting to 10.0.108.11 port 1026
2019/11/22 20:36:11.96 #|1574454971.968172551|00#| work_queue_worker[1] tcp: made connection to 10.0.108.11 port 1026
2019/11/22 20:36:11.96 #|1574454971.968191277|00#| work_queue_worker[1] wq: connected to master master:1026 via local address 10.0.108.3:56506
2019/11/22 20:36:11.96 #|1574454971.968200798|00#| work_queue_worker[1] wq: preparing workspace /tmp/worker-0-1
2019/11/22 20:36:11.96 #|1574454971.968314629|00#| work_queue_worker[1] dns: finding my hostname: uname = d2b576cdf3a2, address = 10.0.108.3, hostname = d2b576cdf3a2
2019/11/22 20:36:11.96 #|1574454971.968327631|00#| work_queue_worker[1] wq: tx to master: workqueue 8 d2b576cdf3a2 Linux x86_64 8.0.0
2019/11/22 20:36:11.96 #|1574454971.968393199|00#| work_queue_worker[1] wq: tx to master: info worker-id worker-fd0ee475c2b6e599797bf74ef7fe23ca
2019/11/22 20:36:11.96 #|1574454971.968445697|00#| work_queue_worker[1] wq: tx to master: alive
2019/11/22 20:36:11.96 #|1574454971.968496494|00#| work_queue_worker[1] wq: Sending resource description to master:
2019/11/22 20:36:11.96 #|1574454971.968508844|00#| work_queue_worker[1] wq:  workers      0 inuse      1 total      1 smallest      1 largest
2019/11/22 20:36:11.96 #|1574454971.968556706|00#| work_queue_worker[1] wq:     disk      0 inuse   1103 total   1103 smallest   1103 largest
2019/11/22 20:36:11.96 #|1574454971.968606757|00#| work_queue_worker[1] wq:   memory      0 inuse  11908 total  11908 smallest  11908 largest
2019/11/22 20:36:11.96 #|1574454971.968659796|00#| work_queue_worker[1] wq:     gpus      0 inuse      0 total      0 smallest      0 largest
2019/11/22 20:36:11.96 #|1574454971.968710554|00#| work_queue_worker[1] wq:    cores      0 inuse      1 total      1 smallest      1 largest
2019/11/22 20:36:11.96 #|1574454971.968788086|00#| work_queue_worker[1] wq: tx to master: info end_of_resource_update 0
2019/11/22 20:36:11.96 #|1574454971.968836956|00#| work_queue_worker[1] wq: tx to master: info tasks_running 0
2019/11/22 20:36:11.96 #|1574454971.968885387|00#| work_queue_worker[1] wq: working for master at 10.0.108.11:1026.
2019/11/22 20:36:28.79 #|1574454988.799123888|00#| work_queue_worker[1] wq: rx from master: release
2019/11/22 20:36:28.79 #|1574454988.799151031|00#| work_queue_worker[1] wq: released by master 10.0.108.11:1026.
2019/11/22 20:36:28.79 #|1574454988.799172334|00#| work_queue_worker[1] wq: cleaning workspace /tmp/worker-0-1
2019/11/22 20:36:28.79 #|1574454988.799327945|00#| work_queue_worker[1] wq: disconnecting from master 10.0.108.11:1026
2019/11/22 20:36:28.79 #|1574454988.799416580|00#| work_queue_worker[1] tcp: disconnected from 10.0.108.11 port 1026
2019/11/22 20:36:28.79 #|1574454988.799431482|00#| work_queue_worker[1] wq: killing all outstanding tasks
2019/11/22 20:36:28.79 #|1574454988.799443057|00#| work_queue_worker[1] wq: all data structures are clean
2019/11/22 20:36:29.79 #|1574454989.799549289|00#| work_queue_worker[1] tcp: connecting to 10.0.108.11 port 1026
