2019/11/27 11:42:23.06 work_queue_worker[1] debug: /home/cctools_BRUNO_bin/bin/work_queue_worker version 8.0.0 DEVELOPMENT (released 2019-11-06 16:35:57 +0000)
2019/11/27 11:42:23.06 work_queue_worker[1] debug: Built by root@2546322b0463 on 2019-11-06 16:35:57 +0000
2019/11/27 11:42:23.06 work_queue_worker[1] debug: System: Linux 2546322b0463 5.0.0-32-generic #34~18.04.2-Ubuntu SMP Thu Oct 10 10:36:02 UTC 2019 x86_64 x86_64 x86_64 GNU/Linux
2019/11/27 11:42:23.06 work_queue_worker[1] debug: Configuration: --prefix /home/cctools_BRUNO_bin
2019/11/27 11:42:23.06 work_queue_worker[1] wq: WORK_QUEUE_SANDBOX set to /tmp/worker-0-1.
2019/11/27 11:42:23.06 work_queue_worker[1] debug: error reading disk usage on directory: ./cache.
2019/11/27 11:42:23.06 work_queue_worker[1] dns: looking up name master
2019/11/27 11:42:23.06 work_queue_worker[1] dns: couldn't look up master: Name or service not known
2019/11/27 11:42:25.06 work_queue_worker[1] dns: looking up name master
2019/11/27 11:42:25.06 work_queue_worker[1] dns: couldn't look up master: Name or service not known
2019/11/27 11:42:27.06 work_queue_worker[1] dns: looking up name master
2019/11/27 11:42:27.07 work_queue_worker[1] dns: couldn't look up master: Name or service not known
2019/11/27 11:42:29.09 work_queue_worker[1] debug: error reading disk usage on directory: ./cache.
2019/11/27 11:42:29.09 work_queue_worker[1] dns: looking up name master
2019/11/27 11:42:29.09 work_queue_worker[1] dns: couldn't look up master: Name or service not known
2019/11/27 11:42:31.09 work_queue_worker[1] dns: looking up name master
2019/11/27 11:42:31.09 work_queue_worker[1] dns: couldn't look up master: Name or service not known
2019/11/27 11:42:33.09 work_queue_worker[1] dns: looking up name master
2019/11/27 11:42:33.09 work_queue_worker[1] dns: master is 10.0.23.17
2019/11/27 11:42:33.09 work_queue_worker[1] tcp: connecting to 10.0.23.17 port 1026
2019/11/27 11:42:34.11 work_queue_worker[1] tcp: made connection to 10.0.23.17 port 1026
2019/11/27 11:42:34.11 work_queue_worker[1] wq: connected to master master:1026 via local address 10.0.23.4:38720
2019/11/27 11:42:34.11 work_queue_worker[1] wq: preparing workspace /tmp/worker-0-1
2019/11/27 11:42:34.13 work_queue_worker[1] dns: looking up name 2be6907b71b9
2019/11/27 11:42:34.13 work_queue_worker[1] dns: 2be6907b71b9 is 10.0.23.4
2019/11/27 11:42:34.13 work_queue_worker[1] dns: looking up addr 10.0.23.4
2019/11/27 11:42:34.13 work_queue_worker[1] dns: 10.0.23.4 is 2be6907b71b9
2019/11/27 11:42:34.13 work_queue_worker[1] dns: finding my hostname: uname = 2be6907b71b9, address = 10.0.23.4, hostname = 2be6907b71b9
2019/11/27 11:42:34.13 work_queue_worker[1] wq: tx to master: workqueue 8 2be6907b71b9 Linux x86_64 8.0.0
2019/11/27 11:42:34.13 work_queue_worker[1] wq: tx to master: info worker-id worker-2658059acb4d625f49137f75dd8661c7
2019/11/27 11:42:34.13 work_queue_worker[1] wq: tx to master: alive
2019/11/27 11:42:34.13 work_queue_worker[1] wq: Sending resource description to master:
2019/11/27 11:42:34.13 work_queue_worker[1] wq:  workers      0 inuse      1 total      1 smallest      1 largest
2019/11/27 11:42:34.13 work_queue_worker[1] wq:     disk      0 inuse 182747 total 182747 smallest 182747 largest
2019/11/27 11:42:34.13 work_queue_worker[1] wq:   memory      0 inuse   7749 total   7749 smallest   7749 largest
2019/11/27 11:42:34.13 work_queue_worker[1] wq:     gpus      0 inuse      0 total      0 smallest      0 largest
2019/11/27 11:42:34.13 work_queue_worker[1] wq:    cores      0 inuse      1 total      1 smallest      1 largest
2019/11/27 11:42:34.13 work_queue_worker[1] wq: tx to master: info end_of_resource_update 0
2019/11/27 11:42:34.13 work_queue_worker[1] wq: tx to master: info tasks_running 0
2019/11/27 11:42:34.13 work_queue_worker[1] wq: working for master at 10.0.23.17:1026.
2019/11/27 11:44:49.20 work_queue_worker[1] wq: rx from master: put file-0-25930e3036f13852cb0b29694bbab611-nt/taxdb.bti 14920392 0644 1
2019/11/27 11:44:49.20 work_queue_worker[1] wq: Putting file file-0-25930e3036f13852cb0b29694bbab611-nt/taxdb.bti into workspace
2019/11/27 11:44:49.20 work_queue_worker[1] wq: Dir /cache/file-0-25930e3036f13852cb0b29694bbab611-nt already exists in cache
2019/11/27 11:44:50.75 work_queue_worker[1] wq: ****BRUNO***** cp BARRA: -> cp ./cache/file-0-25930e3036f13852cb0b29694bbab611-nt/taxdb.bti /cache/file-0-25930e3036f13852cb0b29694bbab611-nt.
2019/11/27 11:44:50.83 work_queue_worker[1] wq: rx from master: put file-0-25930e3036f13852cb0b29694bbab611-nt/nt.nal 752 0644 1
2019/11/27 11:44:50.83 work_queue_worker[1] wq: Putting file file-0-25930e3036f13852cb0b29694bbab611-nt/nt.nal into workspace
2019/11/27 11:44:50.83 work_queue_worker[1] wq: Dir /cache/file-0-25930e3036f13852cb0b29694bbab611-nt already exists in cache
2019/11/27 11:44:50.83 work_queue_worker[1] wq: ****BRUNO***** cp BARRA: -> cp ./cache/file-0-25930e3036f13852cb0b29694bbab611-nt/nt.nal /cache/file-0-25930e3036f13852cb0b29694bbab611-nt.
2019/11/27 11:44:50.83 work_queue_worker[1] wq: rx from master: put file-0-25930e3036f13852cb0b29694bbab611-nt/nt.44.nni 27220 0644 1
2019/11/27 11:44:50.83 work_queue_worker[1] wq: Putting file file-0-25930e3036f13852cb0b29694bbab611-nt/nt.44.nni into workspace
2019/11/27 11:44:50.83 work_queue_worker[1] wq: Dir /cache/file-0-25930e3036f13852cb0b29694bbab611-nt already exists in cache
2019/11/27 11:44:50.83 work_queue_worker[1] wq: ****BRUNO***** cp BARRA: -> cp ./cache/file-0-25930e3036f13852cb0b29694bbab611-nt/nt.44.nni /cache/file-0-25930e3036f13852cb0b29694bbab611-nt.
2019/11/27 11:44:50.84 work_queue_worker[1] wq: rx from master: put file-0-25930e3036f13852cb0b29694bbab611-nt/nt.44.nog 3378248 0644 1
2019/11/27 11:44:50.84 work_queue_worker[1] wq: Putting file file-0-25930e3036f13852cb0b29694bbab611-nt/nt.44.nog into workspace
2019/11/27 11:44:50.84 work_queue_worker[1] wq: Dir /cache/file-0-25930e3036f13852cb0b29694bbab611-nt already exists in cache
2019/11/27 11:44:51.05 work_queue_worker[1] wq: ****BRUNO***** cp BARRA: -> cp ./cache/file-0-25930e3036f13852cb0b29694bbab611-nt/nt.44.nog /cache/file-0-25930e3036f13852cb0b29694bbab611-nt.
2019/11/27 11:44:51.06 work_queue_worker[1] wq: rx from master: put file-0-25930e3036f13852cb0b29694bbab611-nt/taxdb.btd 141628361 0644 1
2019/11/27 11:44:51.06 work_queue_worker[1] wq: Putting file file-0-25930e3036f13852cb0b29694bbab611-nt/taxdb.btd into workspace
2019/11/27 11:44:51.06 work_queue_worker[1] wq: Dir /cache/file-0-25930e3036f13852cb0b29694bbab611-nt already exists in cache
2019/11/27 11:45:03.52 work_queue_worker[1] wq: ****BRUNO***** cp BARRA: -> cp ./cache/file-0-25930e3036f13852cb0b29694bbab611-nt/taxdb.btd /cache/file-0-25930e3036f13852cb0b29694bbab611-nt.
2019/11/27 11:45:17.29 work_queue_worker[1] wq: rx from master: put file-0-25930e3036f13852cb0b29694bbab611-nt/nt.44.nhr 148534336 0644 1
2019/11/27 11:45:17.29 work_queue_worker[1] wq: Putting file file-0-25930e3036f13852cb0b29694bbab611-nt/nt.44.nhr into workspace
2019/11/27 11:45:17.29 work_queue_worker[1] wq: Dir /cache/file-0-25930e3036f13852cb0b29694bbab611-nt already exists in cache
2019/11/27 11:45:29.99 work_queue_worker[1] wq: ****BRUNO***** cp BARRA: -> cp ./cache/file-0-25930e3036f13852cb0b29694bbab611-nt/nt.44.nhr /cache/file-0-25930e3036f13852cb0b29694bbab611-nt.
2019/11/27 11:45:30.44 work_queue_worker[1] wq: rx from master: put file-0-25930e3036f13852cb0b29694bbab611-nt/nt.44.nhi 338004 0644 1
2019/11/27 11:45:30.44 work_queue_worker[1] wq: Putting file file-0-25930e3036f13852cb0b29694bbab611-nt/nt.44.nhi into workspace
2019/11/27 11:45:30.44 work_queue_worker[1] wq: Dir /cache/file-0-25930e3036f13852cb0b29694bbab611-nt already exists in cache
2019/11/27 11:45:30.44 work_queue_worker[1] wq: ****BRUNO***** cp BARRA: -> cp ./cache/file-0-25930e3036f13852cb0b29694bbab611-nt/nt.44.nhi /cache/file-0-25930e3036f13852cb0b29694bbab611-nt.
2019/11/27 11:45:30.45 work_queue_worker[1] wq: rx from master: put file-0-25930e3036f13852cb0b29694bbab611-nt/nt.44.nnd 6955488 0644 1
2019/11/27 11:45:30.45 work_queue_worker[1] wq: Putting file file-0-25930e3036f13852cb0b29694bbab611-nt/nt.44.nnd into workspace
2019/11/27 11:45:30.45 work_queue_worker[1] wq: Dir /cache/file-0-25930e3036f13852cb0b29694bbab611-nt already exists in cache
2019/11/27 11:45:30.70 work_queue_worker[1] wq: ****BRUNO***** cp BARRA: -> cp ./cache/file-0-25930e3036f13852cb0b29694bbab611-nt/nt.44.nnd /cache/file-0-25930e3036f13852cb0b29694bbab611-nt.
2019/11/27 11:45:30.72 work_queue_worker[1] wq: rx from master: put file-0-25930e3036f13852cb0b29694bbab611-nt/nt.44.nhd 14869748 0644 1
2019/11/27 11:45:30.72 work_queue_worker[1] wq: Putting file file-0-25930e3036f13852cb0b29694bbab611-nt/nt.44.nhd into workspace
2019/11/27 11:45:30.72 work_queue_worker[1] wq: Dir /cache/file-0-25930e3036f13852cb0b29694bbab611-nt already exists in cache
2019/11/27 11:45:32.01 work_queue_worker[1] wq: ****BRUNO***** cp BARRA: -> cp ./cache/file-0-25930e3036f13852cb0b29694bbab611-nt/nt.44.nhd /cache/file-0-25930e3036f13852cb0b29694bbab611-nt.
2019/11/27 11:45:32.05 work_queue_worker[1] wq: rx from master: put file-0-25930e3036f13852cb0b29694bbab611-nt/nt.44.nsq 974099786 0644 1
2019/11/27 11:45:32.05 work_queue_worker[1] wq: Putting file file-0-25930e3036f13852cb0b29694bbab611-nt/nt.44.nsq into workspace
2019/11/27 11:45:32.05 work_queue_worker[1] wq: Dir /cache/file-0-25930e3036f13852cb0b29694bbab611-nt already exists in cache
2019/11/27 11:46:57.85 work_queue_worker[1] wq: ****BRUNO***** cp BARRA: -> cp ./cache/file-0-25930e3036f13852cb0b29694bbab611-nt/nt.44.nsq /cache/file-0-25930e3036f13852cb0b29694bbab611-nt.
2019/11/27 11:47:00.72 work_queue_worker[1] wq: rx from master: put file-0-25930e3036f13852cb0b29694bbab611-nt/nt.44.nin 10134740 0644 1
2019/11/27 11:47:00.72 work_queue_worker[1] wq: Putting file file-0-25930e3036f13852cb0b29694bbab611-nt/nt.44.nin into workspace
2019/11/27 11:47:00.72 work_queue_worker[1] wq: Dir /cache/file-0-25930e3036f13852cb0b29694bbab611-nt already exists in cache
2019/11/27 11:47:01.23 work_queue_worker[1] wq: ****BRUNO***** cp BARRA: -> cp ./cache/file-0-25930e3036f13852cb0b29694bbab611-nt/nt.44.nin /cache/file-0-25930e3036f13852cb0b29694bbab611-nt.
2019/11/27 11:47:01.25 work_queue_worker[1] wq: rx from master: put file-0-25930e3036f13852cb0b29694bbab611-nt/nt.44.nsi 764650 0644 1
2019/11/27 11:47:01.25 work_queue_worker[1] wq: Putting file file-0-25930e3036f13852cb0b29694bbab611-nt/nt.44.nsi into workspace
2019/11/27 11:47:01.25 work_queue_worker[1] wq: Dir /cache/file-0-25930e3036f13852cb0b29694bbab611-nt already exists in cache
2019/11/27 11:47:01.29 work_queue_worker[1] wq: ****BRUNO***** cp BARRA: -> cp ./cache/file-0-25930e3036f13852cb0b29694bbab611-nt/nt.44.nsi /cache/file-0-25930e3036f13852cb0b29694bbab611-nt.
2019/11/27 11:47:01.30 work_queue_worker[1] wq: rx from master: put file-0-25930e3036f13852cb0b29694bbab611-nt/nt.44.nsd 33299557 0644 1
2019/11/27 11:47:01.30 work_queue_worker[1] wq: Putting file file-0-25930e3036f13852cb0b29694bbab611-nt/nt.44.nsd into workspace
2019/11/27 11:47:01.30 work_queue_worker[1] wq: Dir /cache/file-0-25930e3036f13852cb0b29694bbab611-nt already exists in cache
2019/11/27 11:47:04.23 work_queue_worker[1] wq: ****BRUNO***** cp BARRA: -> cp ./cache/file-0-25930e3036f13852cb0b29694bbab611-nt/nt.44.nsd /cache/file-0-25930e3036f13852cb0b29694bbab611-nt.
2019/11/27 11:47:09.10 work_queue_worker[1] wq: rx from master: put file-0-5d44d8f82cbb3f9ecaf466b060d01edb-test.fasta.11 10120 0644 1
2019/11/27 11:47:09.10 work_queue_worker[1] wq: Putting file file-0-5d44d8f82cbb3f9ecaf466b060d01edb-test.fasta.11 into workspace
2019/11/27 11:47:09.10 work_queue_worker[1] wq: Dir /cache already exists in cache
2019/11/27 11:47:10.25 work_queue_worker[1] wq: ****BRUNO***** cp BARRA: -> cp ./cache/file-0-5d44d8f82cbb3f9ecaf466b060d01edb-test.fasta.11 /cache.
2019/11/27 11:47:10.25 work_queue_worker[1] wq: rx from master: put file-0-daa9c57850b857b80eefebbca6aa18ce-blastall 7687410 0755 1
2019/11/27 11:47:10.25 work_queue_worker[1] wq: Putting file file-0-daa9c57850b857b80eefebbca6aa18ce-blastall into workspace
2019/11/27 11:47:10.25 work_queue_worker[1] wq: Dir /cache already exists in cache
2019/11/27 11:47:10.74 work_queue_worker[1] wq: ****BRUNO***** cp BARRA: -> cp ./cache/file-0-daa9c57850b857b80eefebbca6aa18ce-blastall /cache.
2019/11/27 11:47:10.76 work_queue_worker[1] wq: rx from master: task 9
2019/11/27 11:47:10.76 work_queue_worker[1] wq: rx from master: cmd 88
2019/11/27 11:47:10.76 work_queue_worker[1] wq: rx from master: ./blastall -p blastn -d nt/nt -i test.fasta.11 -o test.fasta.11.out 2> test.fasta.11.err
2019/11/27 11:47:10.76 work_queue_worker[1] wq: rx from master: category default
2019/11/27 11:47:10.76 work_queue_worker[1] wq: rx from master: cores 1
2019/11/27 11:47:10.76 work_queue_worker[1] wq: rx from master: memory 7749
2019/11/27 11:47:10.76 work_queue_worker[1] wq: rx from master: disk 182747
2019/11/27 11:47:10.76 work_queue_worker[1] wq: rx from master: gpus 0
2019/11/27 11:47:10.76 work_queue_worker[1] wq: rx from master: end_time 18446744073709551615
2019/11/27 11:47:10.76 work_queue_worker[1] wq: rx from master: wall_time 18446744073709551615
2019/11/27 11:47:10.76 work_queue_worker[1] wq: rx from master: env 7
2019/11/27 11:47:10.76 work_queue_worker[1] wq: rx from master: env 17
2019/11/27 11:47:10.76 work_queue_worker[1] wq: rx from master: infile file-0-25930e3036f13852cb0b29694bbab611-nt nt 1
2019/11/27 11:47:10.76 work_queue_worker[1] wq: rx from master: infile file-0-5d44d8f82cbb3f9ecaf466b060d01edb-test.fasta.11 test.fasta.11 1
2019/11/27 11:47:10.76 work_queue_worker[1] wq: rx from master: infile file-0-daa9c57850b857b80eefebbca6aa18ce-blastall blastall 1
2019/11/27 11:47:10.76 work_queue_worker[1] wq: rx from master: outfile file-0-1ec6f60204ab1e932b38cec0b78303f1-test.fasta.11.err test.fasta.11.err 1
2019/11/27 11:47:10.76 work_queue_worker[1] wq: rx from master: outfile file-0-b2dcb7cd97b86e43787e05023fc40494-test.fasta.11.out test.fasta.11.out 1
2019/11/27 11:47:10.76 work_queue_worker[1] wq: rx from master: end
2019/11/27 11:47:10.76 work_queue_worker[1] wq: tx to master: info cached_files file-0-e046ec692c0ced962d3265bfe7245360-test.fasta.14
2019/11/27 11:47:10.76 work_queue_worker[1] wq: tx to master: info cached_files file-0-5d44d8f82cbb3f9ecaf466b060d01edb-test.fasta.11
2019/11/27 11:47:10.76 work_queue_worker[1] wq: tx to master: info cached_files file-0-25930e3036f13852cb0b29694bbab611-nt
2019/11/27 11:47:10.76 work_queue_worker[1] wq: tx to master: info cached_files file-0-daa9c57850b857b80eefebbca6aa18ce-blastall
2019/11/27 11:47:10.76 work_queue_worker[1] wq: linking cache/file-0-25930e3036f13852cb0b29694bbab611-nt to /tmp/worker-0-1/t.9/nt
2019/11/27 11:47:10.76 work_queue_worker[1] wq: linking cache/file-0-5d44d8f82cbb3f9ecaf466b060d01edb-test.fasta.11 to /tmp/worker-0-1/t.9/test.fasta.11
2019/11/27 11:47:10.76 work_queue_worker[1] wq: linking cache/file-0-daa9c57850b857b80eefebbca6aa18ce-blastall to /tmp/worker-0-1/t.9/blastall
2019/11/27 11:47:10.76 work_queue_worker[1] wq: Waiting task 9 has been forsaken.
2019/11/27 11:47:10.76 work_queue_worker[1] wq: tx to master: alive
2019/11/27 11:47:10.76 work_queue_worker[1] wq: Sending resource description to master:
2019/11/27 11:47:10.76 work_queue_worker[1] wq:  workers      0 inuse      1 total      1 smallest      1 largest
2019/11/27 11:47:10.76 work_queue_worker[1] wq:     disk   1287 inuse 180005 total 180005 smallest 180005 largest
2019/11/27 11:47:10.76 work_queue_worker[1] wq:   memory      0 inuse   7749 total   7749 smallest   7749 largest
2019/11/27 11:47:10.76 work_queue_worker[1] wq:     gpus      0 inuse      0 total      0 smallest      0 largest
2019/11/27 11:47:10.76 work_queue_worker[1] wq:    cores      0 inuse      1 total      1 smallest      1 largest
2019/11/27 11:47:10.76 work_queue_worker[1] wq: tx to master: info end_of_resource_update 0
2019/11/27 11:47:10.76 work_queue_worker[1] wq: tx to master: info tasks_running 0
2019/11/27 11:47:10.76 work_queue_worker[1] wq: tx to master: info tasks_running 0
2019/11/27 11:47:10.76 work_queue_worker[1] wq: tx to master: available_results
2019/11/27 11:49:19.30 work_queue_worker[1] wq: rx from master: check
2019/11/27 11:49:19.30 work_queue_worker[1] wq: tx to master: alive
2019/11/27 11:49:19.30 work_queue_worker[1] wq: tx to master: info tasks_running 0
2019/11/27 11:49:19.32 work_queue_worker[1] wq: rx from master: send_results -1
2019/11/27 11:49:19.32 work_queue_worker[1] wq: tx to master: result 40 0 0 0 9
2019/11/27 11:49:19.32 work_queue_worker[1] wq: tx to master: info tasks_running 0
2019/11/27 11:49:19.32 work_queue_worker[1] wq: tx to master: end
2019/11/27 11:49:19.32 work_queue_worker[1] wq: rx from master: put file-0-bd98410c4ed2bfaa95819f1849189081-test.fasta.18 10120 0644 1
2019/11/27 11:49:19.32 work_queue_worker[1] wq: Putting file file-0-bd98410c4ed2bfaa95819f1849189081-test.fasta.18 into workspace
2019/11/27 11:49:19.32 work_queue_worker[1] wq: Dir /cache already exists in cache
2019/11/27 11:49:19.32 work_queue_worker[1] wq: ****BRUNO***** cp BARRA: -> cp ./cache/file-0-bd98410c4ed2bfaa95819f1849189081-test.fasta.18 /cache.
2019/11/27 11:49:19.33 work_queue_worker[1] wq: rx from master: task 2
2019/11/27 11:49:19.33 work_queue_worker[1] wq: rx from master: cmd 88
2019/11/27 11:49:19.33 work_queue_worker[1] wq: rx from master: ./blastall -p blastn -d nt/nt -i test.fasta.18 -o test.fasta.18.out 2> test.fasta.18.err
2019/11/27 11:49:19.33 work_queue_worker[1] wq: rx from master: category default
2019/11/27 11:49:19.33 work_queue_worker[1] wq: rx from master: cores 1
2019/11/27 11:49:19.33 work_queue_worker[1] wq: rx from master: memory 7749
2019/11/27 11:49:19.33 work_queue_worker[1] wq: rx from master: disk 180005
2019/11/27 11:49:19.33 work_queue_worker[1] wq: rx from master: gpus 0
2019/11/27 11:49:19.33 work_queue_worker[1] wq: rx from master: end_time 18446744073709551615
2019/11/27 11:49:19.33 work_queue_worker[1] wq: rx from master: wall_time 18446744073709551615
2019/11/27 11:49:19.33 work_queue_worker[1] wq: rx from master: env 7
2019/11/27 11:49:19.33 work_queue_worker[1] wq: rx from master: env 17
2019/11/27 11:49:19.33 work_queue_worker[1] wq: rx from master: infile file-0-25930e3036f13852cb0b29694bbab611-nt nt 1
2019/11/27 11:49:19.33 work_queue_worker[1] wq: rx from master: infile file-0-bd98410c4ed2bfaa95819f1849189081-test.fasta.18 test.fasta.18 1
2019/11/27 11:49:19.33 work_queue_worker[1] wq: rx from master: infile file-0-daa9c57850b857b80eefebbca6aa18ce-blastall blastall 1
2019/11/27 11:49:19.33 work_queue_worker[1] wq: rx from master: outfile file-0-b3ca854c26233484c838ab6d3298229c-test.fasta.18.err test.fasta.18.err 1
2019/11/27 11:49:19.33 work_queue_worker[1] wq: rx from master: outfile file-0-c688af492b061abef62bf46ec43b64b2-test.fasta.18.out test.fasta.18.out 1
2019/11/27 11:49:19.33 work_queue_worker[1] wq: rx from master: end
2019/11/27 11:49:19.33 work_queue_worker[1] wq: tx to master: info cached_files file-0-bd98410c4ed2bfaa95819f1849189081-test.fasta.18
2019/11/27 11:49:19.33 work_queue_worker[1] wq: tx to master: info cached_files file-0-f7c60c99710a0f95199d7cf4150bb754-test.fasta.3
2019/11/27 11:49:19.33 work_queue_worker[1] wq: tx to master: info cached_files file-0-9f04d57561db456f4f47dcdca9feb103-test.fasta.7
2019/11/27 11:49:19.33 work_queue_worker[1] wq: tx to master: info cached_files file-0-21ce2e3623ee3a033739f28d47ebc2f3-test.fasta.1
2019/11/27 11:49:19.33 work_queue_worker[1] wq: linking cache/file-0-25930e3036f13852cb0b29694bbab611-nt to /tmp/worker-0-1/t.2/nt
2019/11/27 11:49:19.33 work_queue_worker[1] wq: linking cache/file-0-bd98410c4ed2bfaa95819f1849189081-test.fasta.18 to /tmp/worker-0-1/t.2/test.fasta.18
2019/11/27 11:49:19.33 work_queue_worker[1] wq: linking cache/file-0-daa9c57850b857b80eefebbca6aa18ce-blastall to /tmp/worker-0-1/t.2/blastall
2019/11/27 11:49:19.33 work_queue_worker[1] wq: Waiting task 2 has been forsaken.
2019/11/27 11:49:19.33 work_queue_worker[1] wq: tx to master: alive
2019/11/27 11:49:19.33 work_queue_worker[1] wq: Sending resource description to master:
2019/11/27 11:49:19.33 work_queue_worker[1] wq:  workers      0 inuse      1 total      1 smallest      1 largest
2019/11/27 11:49:19.33 work_queue_worker[1] wq:     disk   1287 inuse 178761 total 178761 smallest 178761 largest
2019/11/27 11:49:19.33 work_queue_worker[1] wq:   memory      0 inuse   7749 total   7749 smallest   7749 largest
2019/11/27 11:49:19.33 work_queue_worker[1] wq:     gpus      0 inuse      0 total      0 smallest      0 largest
2019/11/27 11:49:19.33 work_queue_worker[1] wq:    cores      0 inuse      1 total      1 smallest      1 largest
2019/11/27 11:49:19.33 work_queue_worker[1] wq: tx to master: info end_of_resource_update 0
2019/11/27 11:49:19.33 work_queue_worker[1] wq: tx to master: info tasks_running 0
2019/11/27 11:49:19.33 work_queue_worker[1] wq: tx to master: info tasks_running 0
2019/11/27 11:49:19.33 work_queue_worker[1] wq: tx to master: available_results
2019/11/27 11:49:19.35 work_queue_worker[1] wq: rx from master: send_results -1
2019/11/27 11:49:19.35 work_queue_worker[1] wq: tx to master: result 40 0 0 0 2
2019/11/27 11:49:19.35 work_queue_worker[1] wq: tx to master: info tasks_running 0
2019/11/27 11:49:19.35 work_queue_worker[1] wq: tx to master: end
2019/11/27 11:49:19.36 work_queue_worker[1] wq: rx from master: put file-0-af4883bae18b8169ace09c1fbbe4e952-test.fasta.12 10120 0644 1
2019/11/27 11:49:19.36 work_queue_worker[1] wq: Putting file file-0-af4883bae18b8169ace09c1fbbe4e952-test.fasta.12 into workspace
2019/11/27 11:49:19.36 work_queue_worker[1] wq: Dir /cache already exists in cache
2019/11/27 11:49:19.36 work_queue_worker[1] wq: ****BRUNO***** cp BARRA: -> cp ./cache/file-0-af4883bae18b8169ace09c1fbbe4e952-test.fasta.12 /cache.
2019/11/27 11:49:19.36 work_queue_worker[1] wq: rx from master: task 21
2019/11/27 11:49:19.36 work_queue_worker[1] wq: rx from master: cmd 88
2019/11/27 11:49:19.36 work_queue_worker[1] wq: rx from master: ./blastall -p blastn -d nt/nt -i test.fasta.12 -o test.fasta.12.out 2> test.fasta.12.err
2019/11/27 11:49:19.36 work_queue_worker[1] wq: rx from master: category default
2019/11/27 11:49:19.36 work_queue_worker[1] wq: rx from master: cores 1
2019/11/27 11:49:19.36 work_queue_worker[1] wq: rx from master: memory 7749
2019/11/27 11:49:19.36 work_queue_worker[1] wq: rx from master: disk 178761
2019/11/27 11:49:19.36 work_queue_worker[1] wq: rx from master: gpus 0
2019/11/27 11:49:19.36 work_queue_worker[1] wq: rx from master: end_time 18446744073709551615
2019/11/27 11:49:19.36 work_queue_worker[1] wq: rx from master: wall_time 18446744073709551615
2019/11/27 11:49:19.36 work_queue_worker[1] wq: rx from master: env 7
2019/11/27 11:49:19.36 work_queue_worker[1] wq: rx from master: env 17
2019/11/27 11:49:19.36 work_queue_worker[1] wq: rx from master: infile file-0-25930e3036f13852cb0b29694bbab611-nt nt 1
2019/11/27 11:49:19.36 work_queue_worker[1] wq: rx from master: infile file-0-af4883bae18b8169ace09c1fbbe4e952-test.fasta.12 test.fasta.12 1
2019/11/27 11:49:19.36 work_queue_worker[1] wq: rx from master: infile file-0-daa9c57850b857b80eefebbca6aa18ce-blastall blastall 1
2019/11/27 11:49:19.36 work_queue_worker[1] wq: rx from master: outfile file-0-95cba511760cf5607a658110dca9e4d2-test.fasta.12.err test.fasta.12.err 1
2019/11/27 11:49:19.36 work_queue_worker[1] wq: rx from master: outfile file-0-b023ebea6f17836ab62822f542cbcf46-test.fasta.12.out test.fasta.12.out 1
2019/11/27 11:49:19.36 work_queue_worker[1] wq: rx from master: end
2019/11/27 11:49:19.36 work_queue_worker[1] wq: tx to master: info cached_files file-0-e7f309af480f7b15cfe71180f5284818-test.fasta.16
2019/11/27 11:49:19.36 work_queue_worker[1] wq: tx to master: info cached_files file-0-0008645a00ac79d3f3bea1ddf871bace-test.fasta.15
2019/11/27 11:49:19.36 work_queue_worker[1] wq: tx to master: info cached_files file-0-af4883bae18b8169ace09c1fbbe4e952-test.fasta.12
2019/11/27 11:49:19.37 work_queue_worker[1] wq: linking cache/file-0-25930e3036f13852cb0b29694bbab611-nt to /tmp/worker-0-1/t.21/nt
2019/11/27 11:49:19.37 work_queue_worker[1] wq: linking cache/file-0-af4883bae18b8169ace09c1fbbe4e952-test.fasta.12 to /tmp/worker-0-1/t.21/test.fasta.12
2019/11/27 11:49:19.37 work_queue_worker[1] wq: linking cache/file-0-daa9c57850b857b80eefebbca6aa18ce-blastall to /tmp/worker-0-1/t.21/blastall
2019/11/27 11:49:19.37 work_queue_worker[1] wq: started process 49: ./blastall -p blastn -d nt/nt -i test.fasta.12 -o test.fasta.12.out 2> test.fasta.12.err
2019/11/27 11:49:19.37 work_queue_worker[1] wq: tx to master: info tasks_running 1
2019/11/27 11:49:35.93 work_queue_worker[1] wq: task 21 (pid 49) exited normally with exit code 0
2019/11/27 11:49:35.93 work_queue_worker[1] wq: moving output file from /tmp/worker-0-1/t.21/test.fasta.12.err to cache/file-0-95cba511760cf5607a658110dca9e4d2-test.fasta.12.err
2019/11/27 11:49:35.93 work_queue_worker[1] wq: moving output file from /tmp/worker-0-1/t.21/test.fasta.12.out to cache/file-0-b023ebea6f17836ab62822f542cbcf46-test.fasta.12.out
2019/11/27 11:49:35.93 work_queue_worker[1] wq: tx to master: available_results
2019/11/27 11:49:35.94 work_queue_worker[1] wq: rx from master: send_results -1
2019/11/27 11:49:35.94 work_queue_worker[1] wq: tx to master: result 0 0 0 16565455 21
2019/11/27 11:49:35.94 work_queue_worker[1] wq: tx to master: info tasks_running 0
2019/11/27 11:49:35.94 work_queue_worker[1] wq: tx to master: end
2019/11/27 11:49:35.94 work_queue_worker[1] wq: rx from master: get file-0-95cba511760cf5607a658110dca9e4d2-test.fasta.12.err 1
2019/11/27 11:49:35.94 work_queue_worker[1] wq: tx to master: file file-0-95cba511760cf5607a658110dca9e4d2-test.fasta.12.err 0
2019/11/27 11:49:35.94 work_queue_worker[1] wq: tx to master: end
2019/11/27 11:49:35.94 work_queue_worker[1] wq: rx from master: get file-0-b023ebea6f17836ab62822f542cbcf46-test.fasta.12.out 1
2019/11/27 11:49:35.94 work_queue_worker[1] wq: tx to master: file file-0-b023ebea6f17836ab62822f542cbcf46-test.fasta.12.out 34494
2019/11/27 11:49:35.94 work_queue_worker[1] wq: tx to master: end
2019/11/27 11:49:35.94 work_queue_worker[1] wq: rx from master: kill 21
2019/11/27 11:49:35.94 work_queue_worker[1] wq: ---- DELETING: /tmp/worker-0-1/t.21
2019/11/27 11:49:43.98 work_queue_worker[1] wq: rx from master: release
2019/11/27 11:49:43.98 work_queue_worker[1] wq: released by master 10.0.23.17:1026.
2019/11/27 11:49:43.98 work_queue_worker[1] wq: *********** BRUNO ******** NOT cleaning workspace /tmp/worker-0-1
2019/11/27 11:49:43.98 work_queue_worker[1] wq: disconnecting from master 10.0.23.17:1026
2019/11/27 11:49:43.98 work_queue_worker[1] tcp: disconnected from 10.0.23.17 port 1026
2019/11/27 11:49:43.98 work_queue_worker[1] wq: killing all outstanding tasks
2019/11/27 11:49:43.98 work_queue_worker[1] wq: ---- DELETING: /tmp/worker-0-1/t.2
2019/11/27 11:49:43.98 work_queue_worker[1] wq: ---- DELETING: /tmp/worker-0-1/t.9
2019/11/27 11:49:43.98 work_queue_worker[1] wq: all data structures are clean
2019/11/27 11:49:44.98 work_queue_worker[1] dns: looking up name master
2019/11/27 11:49:44.99 work_queue_worker[1] dns: couldn't look up master: Name or service not known
